

config:

HOME=/clusterFS/home/student/kopp13
PATH=/clusterFS/home/student/kopp13/miniconda3/envs/tensorflow/bin:/clusterFS/home/student/kopp13/miniconda3/bin:/clusterFS/home/student/kopp13/bin:/usr/local/bin:/usr/bin:/bin:/usr/local/games:/usr/games
LD_LIBRARY_PATH=
THEANO_FLAGS=floatX=float32,gpuarray.preallocate=0.9,dnn.library_path=/usr/lib/x86_64-linux-gnu,cxx=clang++-3.8,device=cuda,base_compiledir=/tmp/tmp.6cM34mcDzp

=============================
CONFIG FILE

RNN CONFIG
{'data_multiplier': 1000.0,
 'gradient_clip_value': 0.5,
 'layer_configs': [{'layer_type': 'input'},
                   {'bc': {'init_m': 'xavier',
                           'init_v': -4.5,
                           'prior_m': 0.0,
                           'prior_v': 0.0,
                           'type': 'continuous'},
                    'bf': {'init_m': 'xavier',
                           'init_v': -4.5,
                           'prior_m': 0.0,
                           'prior_v': 0.0,
                           'type': 'continuous'},
                    'bi': {'init_m': 'xavier',
                           'init_v': -4.5,
                           'prior_m': 0.0,
                           'prior_v': 0.0,
                           'type': 'continuous'},
                    'bo': {'init_m': 'xavier',
                           'init_v': -4.5,
                           'prior_m': 0.0,
                           'prior_v': 0.0,
                           'type': 'continuous'},
                    'discrete_act': True,
                    'init_config': {'c': {'b': 'all_zero', 'w': 'xavier'},
                                    'f': {'b': 'all_one', 'w': 'all_zero'},
                                    'i': {'b': 'all_zero', 'w': 'xavier'},
                                    'o': {'b': 'all_zero', 'w': 'xavier'}},
                    'is_output': False,
                    'is_recurrent': True,
                    'layer_type': 'lstm',
                    'tau': 0.2,
                    'var_scope': 'lstm_0',
                    'wc': {'p0max': 0.95,
                           'p0min': 0.05,
                           'pmax': 0.99,
                           'pmin': 0.01,
                           'priors': [0.2, 0.6, 0.2],
                           'type': 'ternary'},
                    'wf': {'p0max': 0.95,
                           'p0min': 0.05,
                           'pmax': 0.99,
                           'pmin': 0.01,
                           'priors': [0.2, 0.6, 0.2],
                           'type': 'ternary'},
                    'wi': {'p0max': 0.95,
                           'p0min': 0.05,
                           'pmax': 0.99,
                           'pmin': 0.01,
                           'priors': [0.2, 0.6, 0.2],
                           'type': 'ternary'},
                    'wo': {'p0max': 0.95,
                           'p0min': 0.05,
                           'pmax': 0.99,
                           'pmin': 0.01,
                           'priors': [0.2, 0.6, 0.2],
                           'type': 'ternary'}},
                   {'bc': {'init_m': 'xavier',
                           'init_v': -4.5,
                           'prior_m': 0.0,
                           'prior_v': 0.0,
                           'type': 'continuous'},
                    'bf': {'init_m': 'xavier',
                           'init_v': -4.5,
                           'prior_m': 0.0,
                           'prior_v': 0.0,
                           'type': 'continuous'},
                    'bi': {'init_m': 'xavier',
                           'init_v': -4.5,
                           'prior_m': 0.0,
                           'prior_v': 0.0,
                           'type': 'continuous'},
                    'bo': {'init_m': 'xavier',
                           'init_v': -4.5,
                           'prior_m': 0.0,
                           'prior_v': 0.0,
                           'type': 'continuous'},
                    'discrete_act': True,
                    'init_config': {'c': {'b': 'all_zero', 'w': 'xavier'},
                                    'f': {'b': 'all_one', 'w': 'all_zero'},
                                    'i': {'b': 'all_zero', 'w': 'xavier'},
                                    'o': {'b': 'all_zero', 'w': 'xavier'}},
                    'is_output': False,
                    'is_recurrent': True,
                    'layer_type': 'lstm',
                    'tau': 0.2,
                    'var_scope': 'lstm_1',
                    'wc': {'p0max': 0.95,
                           'p0min': 0.05,
                           'pmax': 0.99,
                           'pmin': 0.01,
                           'priors': [0.2, 0.6, 0.2],
                           'type': 'ternary'},
                    'wf': {'p0max': 0.95,
                           'p0min': 0.05,
                           'pmax': 0.99,
                           'pmin': 0.01,
                           'priors': [0.2, 0.6, 0.2],
                           'type': 'ternary'},
                    'wi': {'p0max': 0.95,
                           'p0min': 0.05,
                           'pmax': 0.99,
                           'pmin': 0.01,
                           'priors': [0.2, 0.6, 0.2],
                           'type': 'ternary'},
                    'wo': {'p0max': 0.95,
                           'p0min': 0.05,
                           'pmax': 0.99,
                           'pmin': 0.01,
                           'priors': [0.2, 0.6, 0.2],
                           'type': 'ternary'}},
                   {'b': {'init_m': 'xavier',
                          'init_v': -4.5,
                          'prior_m': 0.0,
                          'prior_v': 0.0,
                          'type': 'continuous'},
                    'is_output': True,
                    'is_recurrent': False,
                    'layer_type': 'fc',
                    'regularization': {'mode': None, 'strength': 0.02},
                    'tau': 0.2,
                    'var_scope': 'output_layer',
                    'w': {'p0max': 0.95,
                          'p0min': 0.05,
                          'pmax': 0.99,
                          'pmin': 0.01,
                          'priors': [0.2, 0.6, 0.2],
                          'type': 'ternary'}}],
 'layout': [4, 60, 60, 10],
 'output_type': 'classification'}

DATA CONFIG
{'dataset': 'red_penstroke',
 'tr': {'in_seq_len': 30,
        'minibatch_enabled': True,
        'minibatch_size': 200,
        'out_seq_len': 5,
        'zero_padding': 20},
 'va': {'in_seq_len': 30,
        'minibatch_enabled': True,
        'minibatch_size': 200,
        'out_seq_len': 5,
        'zero_padding': 20}}

TRAINING CONFIG
{'beta_reg': 0.0,
 'is_pretrain': False,
 'learning_rate': 0.005,
 'mode': {'max_epochs': 100, 'min_error': 0.0, 'name': 'classic'},
 'task_id': 0,
 'type': 'l_sampling',
 'var_reg': 0.01}
==============================


  0,  0 | TrAcc: 0.1000, TrLoss:  4.21301, VaAcc: 0.0969, VaLoss:  4.24285	 20 sampled NNs | VaAcc: 0.0989 +- 0.0079 | VaLoss: 4.1008 +- 0.3375
  1,  0 | TrAcc: 0.1424, TrLoss:  2.28120, VaAcc: 0.1661, VaLoss:  2.27851	 20 sampled NNs | VaAcc: 0.1640 +- 0.0110 | VaLoss: 2.3030 +- 0.0224
  2,  0 | TrAcc: 0.0972, TrLoss:  2.26421, VaAcc: 0.0804, VaLoss:  2.26505	 20 sampled NNs | VaAcc: 0.0822 +- 0.0112 | VaLoss: 2.2774 +- 0.0095
  3,  0 | TrAcc: 0.1631, TrLoss:  2.25679, VaAcc: 0.1763, VaLoss:  2.23551	 20 sampled NNs | VaAcc: 0.1738 +- 0.0051 | VaLoss: 2.2451 +- 0.0098
  4,  0 | TrAcc: 0.1483, TrLoss:  2.26397, VaAcc: 0.1763, VaLoss:  2.25948	 20 sampled NNs | VaAcc: 0.1740 +- 0.0028 | VaLoss: 2.2644 +- 0.0049
  5,  0 | TrAcc: 0.1618, TrLoss:  2.25406, VaAcc: 0.1766, VaLoss:  2.24025	 20 sampled NNs | VaAcc: 0.1758 +- 0.0037 | VaLoss: 2.2453 +- 0.0046
  6,  0 | TrAcc: 0.1012, TrLoss:  2.27086, VaAcc: 0.1030, VaLoss:  2.27630	 20 sampled NNs | VaAcc: 0.1002 +- 0.0245 | VaLoss: 2.2774 +- 0.0028
  7,  0 | TrAcc: 0.1379, TrLoss:  2.26418, VaAcc: 0.0896, VaLoss:  2.27238	 20 sampled NNs | VaAcc: 0.0905 +- 0.0018 | VaLoss: 2.2747 +- 0.0051
  8,  0 | TrAcc: 0.1310, TrLoss:  2.27024, VaAcc: 0.0895, VaLoss:  2.26187	 20 sampled NNs | VaAcc: 0.0897 +- 0.0010 | VaLoss: 2.2627 +- 0.0025
  9,  0 | TrAcc: 0.1611, TrLoss:  2.24406, VaAcc: 0.1769, VaLoss:  2.24824	 20 sampled NNs | VaAcc: 0.1768 +- 0.0019 | VaLoss: 2.2486 +- 0.0015
 10,  0 | TrAcc: 0.1038, TrLoss:  2.26523, VaAcc: 0.0895, VaLoss:  2.27636	 20 sampled NNs | VaAcc: 0.0902 +- 0.0015 | VaLoss: 2.2772 +- 0.0030
 11,  0 | TrAcc: 0.1526, TrLoss:  2.23965, VaAcc: 0.1770, VaLoss:  2.25928	 20 sampled NNs | VaAcc: 0.1763 +- 0.0015 | VaLoss: 2.2594 +- 0.0012
 12,  0 | TrAcc: 0.1692, TrLoss:  2.26661, VaAcc: 0.1770, VaLoss:  2.25553	 20 sampled NNs | VaAcc: 0.1771 +- 0.0009 | VaLoss: 2.2557 +- 0.0018
 13,  0 | TrAcc: 0.1575, TrLoss:  2.24400, VaAcc: 0.1770, VaLoss:  2.24268	 20 sampled NNs | VaAcc: 0.1769 +- 0.0016 | VaLoss: 2.2426 +- 0.0015
 14,  0 | TrAcc: 0.1402, TrLoss:  2.27187, VaAcc: 0.1769, VaLoss:  2.26144	 20 sampled NNs | VaAcc: 0.1767 +- 0.0004 | VaLoss: 2.2614 +- 0.0008
 15,  0 | TrAcc: 0.1281, TrLoss:  2.28901, VaAcc: 0.1769, VaLoss:  2.25800	 20 sampled NNs | VaAcc: 0.1770 +- 0.0006 | VaLoss: 2.2577 +- 0.0010
 16,  0 | TrAcc: 0.1342, TrLoss:  2.27607, VaAcc: 0.1770, VaLoss:  2.25291	 20 sampled NNs | VaAcc: 0.1770 +- 0.0005 | VaLoss: 2.2524 +- 0.0007
 17,  0 | TrAcc: 0.1200, TrLoss:  2.25706, VaAcc: 0.1053, VaLoss:  2.27941	 20 sampled NNs | VaAcc: 0.1017 +- 0.0198 | VaLoss: 2.2793 +- 0.0012
 18,  0 | TrAcc: 0.1180, TrLoss:  2.25324, VaAcc: 0.0990, VaLoss:  2.28671	 20 sampled NNs | VaAcc: 0.0989 +- 0.0006 | VaLoss: 2.2862 +- 0.0012
 19,  0 | TrAcc: 0.1462, TrLoss:  2.23815, VaAcc: 0.0896, VaLoss:  2.25426	 20 sampled NNs | VaAcc: 0.0900 +- 0.0013 | VaLoss: 2.2541 +- 0.0016
 20,  0 | TrAcc: 0.1669, TrLoss:  2.27647, VaAcc: 0.1768, VaLoss:  2.24776	 20 sampled NNs | VaAcc: 0.1754 +- 0.0023 | VaLoss: 2.2500 +- 0.0035
 21,  0 | TrAcc: 0.1600, TrLoss:  2.23089, VaAcc: 0.1882, VaLoss:  2.21895	 20 sampled NNs | VaAcc: 0.1627 +- 0.0269 | VaLoss: 2.2750 +- 0.0266
 22,  0 | TrAcc: 0.1388, TrLoss:  2.24045, VaAcc: 0.1467, VaLoss:  2.19909	 20 sampled NNs | VaAcc: 0.1260 +- 0.0261 | VaLoss: 2.2620 +- 0.0404
 23,  0 | TrAcc: 0.1733, TrLoss:  2.23258, VaAcc: 0.1842, VaLoss:  2.17923	 20 sampled NNs | VaAcc: 0.1585 +- 0.0261 | VaLoss: 2.2524 +- 0.0424
 24,  0 | TrAcc: 0.1971, TrLoss:  2.15854, VaAcc: 0.2288, VaLoss:  2.14638	 20 sampled NNs | VaAcc: 0.1835 +- 0.0337 | VaLoss: 2.2340 +- 0.0496
 25,  0 | TrAcc: 0.2183, TrLoss:  2.15660, VaAcc: 0.2300, VaLoss:  2.11945	 20 sampled NNs | VaAcc: 0.1802 +- 0.0333 | VaLoss: 2.3112 +- 0.0878
 26,  0 | TrAcc: 0.1932, TrLoss:  2.16499, VaAcc: 0.1887, VaLoss:  2.14046	 20 sampled NNs | VaAcc: 0.1717 +- 0.0205 | VaLoss: 2.2383 +- 0.0491
 27,  0 | TrAcc: 0.2090, TrLoss:  2.11282, VaAcc: 0.1866, VaLoss:  2.09174	 20 sampled NNs | VaAcc: 0.1782 +- 0.0286 | VaLoss: 2.2000 +- 0.0599
 28,  0 | TrAcc: 0.2691, TrLoss:  2.06774, VaAcc: 0.2609, VaLoss:  2.08565	 20 sampled NNs | VaAcc: 0.1948 +- 0.0395 | VaLoss: 2.2639 +- 0.0801
 29,  0 | TrAcc: 0.2398, TrLoss:  2.06641, VaAcc: 0.2384, VaLoss:  2.03700	 20 sampled NNs | VaAcc: 0.1820 +- 0.0240 | VaLoss: 2.1625 +- 0.0554
 30,  0 | TrAcc: 0.2950, TrLoss:  1.95808, VaAcc: 0.3078, VaLoss:  2.00069	 20 sampled NNs | VaAcc: 0.2193 +- 0.0297 | VaLoss: 2.2766 +- 0.0994
 31,  0 | TrAcc: 0.3201, TrLoss:  1.94877, VaAcc: 0.3312, VaLoss:  1.92835	 20 sampled NNs | VaAcc: 0.2493 +- 0.0266 | VaLoss: 2.1686 +- 0.1060
 32,  0 | TrAcc: 0.3356, TrLoss:  1.83918, VaAcc: 0.3365, VaLoss:  1.88166	 20 sampled NNs | VaAcc: 0.2341 +- 0.0409 | VaLoss: 2.1472 +- 0.1106
 33,  0 | TrAcc: 0.3283, TrLoss:  1.83780, VaAcc: 0.3458, VaLoss:  1.86088	 20 sampled NNs | VaAcc: 0.2550 +- 0.0344 | VaLoss: 2.1471 +- 0.1542
 34,  0 | TrAcc: 0.3400, TrLoss:  1.81490, VaAcc: 0.3460, VaLoss:  1.83644	 20 sampled NNs | VaAcc: 0.2367 +- 0.0299 | VaLoss: 2.1461 +- 0.1438
 35,  0 | TrAcc: 0.3168, TrLoss:  1.85806, VaAcc: 0.3272, VaLoss:  1.83498	 20 sampled NNs | VaAcc: 0.2284 +- 0.0286 | VaLoss: 2.2349 +- 0.1563
 36,  0 | TrAcc: 0.3210, TrLoss:  1.80210, VaAcc: 0.3529, VaLoss:  1.80981	 20 sampled NNs | VaAcc: 0.2636 +- 0.0427 | VaLoss: 2.1176 +- 0.1165
 37,  0 | TrAcc: 0.3633, TrLoss:  1.74884, VaAcc: 0.3666, VaLoss:  1.79209	 20 sampled NNs | VaAcc: 0.2700 +- 0.0491 | VaLoss: 2.1230 +- 0.1229
 38,  0 | TrAcc: 0.3401, TrLoss:  1.76268, VaAcc: 0.3468, VaLoss:  1.79525	 20 sampled NNs | VaAcc: 0.2440 +- 0.0321 | VaLoss: 2.1173 +- 0.0923
 39,  0 | TrAcc: 0.3221, TrLoss:  1.80694, VaAcc: 0.3621, VaLoss:  1.76893	 20 sampled NNs | VaAcc: 0.2246 +- 0.0387 | VaLoss: 2.2616 +- 0.1904
 40,  0 | TrAcc: 0.3526, TrLoss:  1.77319, VaAcc: 0.3784, VaLoss:  1.75241	 20 sampled NNs | VaAcc: 0.2523 +- 0.0418 | VaLoss: 2.1362 +- 0.1003
 41,  0 | TrAcc: 0.3402, TrLoss:  1.80764, VaAcc: 0.3678, VaLoss:  1.75146	 20 sampled NNs | VaAcc: 0.2582 +- 0.0312 | VaLoss: 2.1230 +- 0.1331
 42,  0 | TrAcc: 0.3725, TrLoss:  1.71202, VaAcc: 0.3829, VaLoss:  1.72113	 20 sampled NNs | VaAcc: 0.2488 +- 0.0413 | VaLoss: 2.1030 +- 0.1344
 43,  0 | TrAcc: 0.3983, TrLoss:  1.69096, VaAcc: 0.3978, VaLoss:  1.71741	 20 sampled NNs | VaAcc: 0.2654 +- 0.0402 | VaLoss: 2.0507 +- 0.1396
 44,  0 | TrAcc: 0.3609, TrLoss:  1.72292, VaAcc: 0.3881, VaLoss:  1.72626	 20 sampled NNs | VaAcc: 0.2396 +- 0.0374 | VaLoss: 2.0637 +- 0.0838
 45,  0 | TrAcc: 0.3706, TrLoss:  1.69127, VaAcc: 0.3808, VaLoss:  1.67932	 20 sampled NNs | VaAcc: 0.2518 +- 0.0437 | VaLoss: 2.1086 +- 0.1187
 46,  0 | TrAcc: 0.3575, TrLoss:  1.71462, VaAcc: 0.3825, VaLoss:  1.69925	 20 sampled NNs | VaAcc: 0.2366 +- 0.0267 | VaLoss: 2.0823 +- 0.1696
 47,  0 | TrAcc: 0.3854, TrLoss:  1.67102, VaAcc: 0.3877, VaLoss:  1.70210	 20 sampled NNs | VaAcc: 0.2613 +- 0.0526 | VaLoss: 2.1033 +- 0.1602
 48,  0 | TrAcc: 0.3489, TrLoss:  1.70054, VaAcc: 0.3805, VaLoss:  1.69935	 20 sampled NNs | VaAcc: 0.2647 +- 0.0559 | VaLoss: 2.0091 +- 0.1474
 49,  0 | TrAcc: 0.3553, TrLoss:  1.67627, VaAcc: 0.3902, VaLoss:  1.65136	 20 sampled NNs | VaAcc: 0.2563 +- 0.0443 | VaLoss: 2.0355 +- 0.1184
 50,  0 | TrAcc: 0.3792, TrLoss:  1.69432, VaAcc: 0.3792, VaLoss:  1.64148	 20 sampled NNs | VaAcc: 0.2715 +- 0.0322 | VaLoss: 2.1225 +- 0.1140
 51,  0 | TrAcc: 0.3759, TrLoss:  1.66513, VaAcc: 0.4122, VaLoss:  1.64000	 20 sampled NNs | VaAcc: 0.2775 +- 0.0547 | VaLoss: 2.1182 +- 0.1799
 52,  0 | TrAcc: 0.3934, TrLoss:  1.66710, VaAcc: 0.3993, VaLoss:  1.63765	 20 sampled NNs | VaAcc: 0.3096 +- 0.0380 | VaLoss: 2.0113 +- 0.1456
 53,  0 | TrAcc: 0.4020, TrLoss:  1.65917, VaAcc: 0.3967, VaLoss:  1.66321	 20 sampled NNs | VaAcc: 0.2498 +- 0.0419 | VaLoss: 2.1441 +- 0.1881
 54,  0 | TrAcc: 0.3940, TrLoss:  1.70834, VaAcc: 0.3894, VaLoss:  1.68299	 20 sampled NNs | VaAcc: 0.2552 +- 0.0422 | VaLoss: 2.0696 +- 0.1152
 55,  0 | TrAcc: 0.3735, TrLoss:  1.68095, VaAcc: 0.4038, VaLoss:  1.64179	 20 sampled NNs | VaAcc: 0.2747 +- 0.0305 | VaLoss: 2.1410 +- 0.1896
 56,  0 | TrAcc: 0.3739, TrLoss:  1.67977, VaAcc: 0.4025, VaLoss:  1.65453	 20 sampled NNs | VaAcc: 0.2906 +- 0.0440 | VaLoss: 2.0597 +- 0.1940
 57,  0 | TrAcc: 0.3992, TrLoss:  1.63083, VaAcc: 0.4120, VaLoss:  1.64013	 20 sampled NNs | VaAcc: 0.3092 +- 0.0415 | VaLoss: 2.0502 +- 0.1445
 58,  0 | TrAcc: 0.4168, TrLoss:  1.64619, VaAcc: 0.4175, VaLoss:  1.65632	 20 sampled NNs | VaAcc: 0.2975 +- 0.0472 | VaLoss: 2.0422 +- 0.2055
 59,  0 | TrAcc: 0.3979, TrLoss:  1.67283, VaAcc: 0.3961, VaLoss:  1.66071	 20 sampled NNs | VaAcc: 0.2652 +- 0.0448 | VaLoss: 2.1196 +- 0.1867
 60,  0 | TrAcc: 0.3751, TrLoss:  1.67018, VaAcc: 0.4025, VaLoss:  1.64538	 20 sampled NNs | VaAcc: 0.2787 +- 0.0328 | VaLoss: 2.0923 +- 0.0984
 61,  0 | TrAcc: 0.4030, TrLoss:  1.64202, VaAcc: 0.4210, VaLoss:  1.63308	 20 sampled NNs | VaAcc: 0.2873 +- 0.0412 | VaLoss: 2.0898 +- 0.1740
 62,  0 | TrAcc: 0.3949, TrLoss:  1.65727, VaAcc: 0.4125, VaLoss:  1.65399	 20 sampled NNs | VaAcc: 0.2905 +- 0.0433 | VaLoss: 2.0271 +- 0.1235
 63,  0 | TrAcc: 0.3825, TrLoss:  1.70898, VaAcc: 0.3950, VaLoss:  1.70149	 20 sampled NNs | VaAcc: 0.2772 +- 0.0361 | VaLoss: 2.0652 +- 0.1281
 64,  0 | TrAcc: 0.3917, TrLoss:  1.62592, VaAcc: 0.4194, VaLoss:  1.61365	 20 sampled NNs | VaAcc: 0.2906 +- 0.0406 | VaLoss: 2.0500 +- 0.1740
 65,  0 | TrAcc: 0.4105, TrLoss:  1.60574, VaAcc: 0.4286, VaLoss:  1.60783	 20 sampled NNs | VaAcc: 0.2978 +- 0.0306 | VaLoss: 2.1222 +- 0.1588
 66,  0 | TrAcc: 0.3805, TrLoss:  1.71272, VaAcc: 0.4040, VaLoss:  1.67172	 20 sampled NNs | VaAcc: 0.3027 +- 0.0440 | VaLoss: 2.1273 +- 0.1614
 67,  0 | TrAcc: 0.4058, TrLoss:  1.62264, VaAcc: 0.4341, VaLoss:  1.58788	 20 sampled NNs | VaAcc: 0.2948 +- 0.0560 | VaLoss: 2.0095 +- 0.1700
 68,  0 | TrAcc: 0.3961, TrLoss:  1.63127, VaAcc: 0.4300, VaLoss:  1.58146	 20 sampled NNs | VaAcc: 0.3078 +- 0.0351 | VaLoss: 1.9857 +- 0.2014
 69,  0 | TrAcc: 0.4344, TrLoss:  1.59978, VaAcc: 0.4397, VaLoss:  1.58847	 20 sampled NNs | VaAcc: 0.2658 +- 0.0314 | VaLoss: 2.0376 +- 0.0969
 70,  0 | TrAcc: 0.4093, TrLoss:  1.59842, VaAcc: 0.4013, VaLoss:  1.62418	 20 sampled NNs | VaAcc: 0.2793 +- 0.0379 | VaLoss: 2.0403 +- 0.1593
 71,  0 | TrAcc: 0.4249, TrLoss:  1.60536, VaAcc: 0.4465, VaLoss:  1.54393	 20 sampled NNs | VaAcc: 0.2815 +- 0.0445 | VaLoss: 1.9771 +- 0.1580
 72,  0 | TrAcc: 0.4239, TrLoss:  1.56107, VaAcc: 0.4391, VaLoss:  1.56196	 20 sampled NNs | VaAcc: 0.3278 +- 0.0400 | VaLoss: 1.9711 +- 0.1478
 73,  0 | TrAcc: 0.4279, TrLoss:  1.58482, VaAcc: 0.4499, VaLoss:  1.53800	 20 sampled NNs | VaAcc: 0.3055 +- 0.0439 | VaLoss: 1.9343 +- 0.1135
 74,  0 | TrAcc: 0.4648, TrLoss:  1.49199, VaAcc: 0.4414, VaLoss:  1.53942	 20 sampled NNs | VaAcc: 0.2797 +- 0.0379 | VaLoss: 2.0037 +- 0.1386
 75,  0 | TrAcc: 0.4273, TrLoss:  1.60991, VaAcc: 0.4449, VaLoss:  1.56490	 20 sampled NNs | VaAcc: 0.2977 +- 0.0431 | VaLoss: 1.9427 +- 0.1152
 76,  0 | TrAcc: 0.4391, TrLoss:  1.51803, VaAcc: 0.4467, VaLoss:  1.51060	 20 sampled NNs | VaAcc: 0.3002 +- 0.0415 | VaLoss: 1.9798 +- 0.1398
 77,  0 | TrAcc: 0.4393, TrLoss:  1.50964, VaAcc: 0.4566, VaLoss:  1.49948	 20 sampled NNs | VaAcc: 0.3099 +- 0.0396 | VaLoss: 2.0300 +- 0.2339
 78,  0 | TrAcc: 0.4342, TrLoss:  1.57803, VaAcc: 0.4311, VaLoss:  1.56952	 20 sampled NNs | VaAcc: 0.2774 +- 0.0352 | VaLoss: 2.0659 +- 0.0985
 79,  0 | TrAcc: 0.4522, TrLoss:  1.55018, VaAcc: 0.4663, VaLoss:  1.49627	 20 sampled NNs | VaAcc: 0.3136 +- 0.0601 | VaLoss: 1.9438 +- 0.1915
 80,  0 | TrAcc: 0.4590, TrLoss:  1.47743, VaAcc: 0.4612, VaLoss:  1.50694	 20 sampled NNs | VaAcc: 0.3198 +- 0.0458 | VaLoss: 1.9205 +- 0.1481
 81,  0 | TrAcc: 0.4409, TrLoss:  1.54959, VaAcc: 0.4615, VaLoss:  1.52376	 20 sampled NNs | VaAcc: 0.3076 +- 0.0363 | VaLoss: 2.0012 +- 0.1199
 82,  0 | TrAcc: 0.4448, TrLoss:  1.51729, VaAcc: 0.4762, VaLoss:  1.48856	 20 sampled NNs | VaAcc: 0.3142 +- 0.0445 | VaLoss: 1.9063 +- 0.1427
 83,  0 | TrAcc: 0.4579, TrLoss:  1.47139, VaAcc: 0.4655, VaLoss:  1.49151	 20 sampled NNs | VaAcc: 0.3257 +- 0.0417 | VaLoss: 1.9416 +- 0.1339
 84,  0 | TrAcc: 0.4559, TrLoss:  1.53771, VaAcc: 0.4548, VaLoss:  1.53242	 20 sampled NNs | VaAcc: 0.3196 +- 0.0312 | VaLoss: 1.9679 +- 0.1310
 85,  0 | TrAcc: 0.4519, TrLoss:  1.52163, VaAcc: 0.4725, VaLoss:  1.49092	 20 sampled NNs | VaAcc: 0.3040 +- 0.0411 | VaLoss: 1.9038 +- 0.0951
 86,  0 | TrAcc: 0.4478, TrLoss:  1.51593, VaAcc: 0.4671, VaLoss:  1.48408	 20 sampled NNs | VaAcc: 0.2954 +- 0.0407 | VaLoss: 2.0140 +- 0.1767
 87,  0 | TrAcc: 0.4657, TrLoss:  1.51531, VaAcc: 0.4774, VaLoss:  1.48908	 20 sampled NNs | VaAcc: 0.3058 +- 0.0404 | VaLoss: 1.9365 +- 0.1440
 88,  0 | TrAcc: 0.4601, TrLoss:  1.52870, VaAcc: 0.4795, VaLoss:  1.53255	 20 sampled NNs | VaAcc: 0.3342 +- 0.0364 | VaLoss: 1.9063 +- 0.1028
 89,  0 | TrAcc: 0.4693, TrLoss:  1.51288, VaAcc: 0.4787, VaLoss:  1.53148	 20 sampled NNs | VaAcc: 0.3315 +- 0.0347 | VaLoss: 1.8803 +- 0.0976
 90,  0 | TrAcc: 0.4614, TrLoss:  1.51954, VaAcc: 0.4741, VaLoss:  1.49389	 20 sampled NNs | VaAcc: 0.3428 +- 0.0305 | VaLoss: 1.8586 +- 0.0933
 91,  0 | TrAcc: 0.4266, TrLoss:  1.61740, VaAcc: 0.4461, VaLoss:  1.60905	 20 sampled NNs | VaAcc: 0.3339 +- 0.0284 | VaLoss: 1.9050 +- 0.0631
 92,  0 | TrAcc: 0.4754, TrLoss:  1.48991, VaAcc: 0.4823, VaLoss:  1.47918	 20 sampled NNs | VaAcc: 0.3501 +- 0.0320 | VaLoss: 1.8574 +- 0.1170
 93,  0 | TrAcc: 0.4610, TrLoss:  1.51074, VaAcc: 0.4824, VaLoss:  1.51208	 20 sampled NNs | VaAcc: 0.3291 +- 0.0299 | VaLoss: 1.9380 +- 0.1134
 94,  0 | TrAcc: 0.4840, TrLoss:  1.50096, VaAcc: 0.4846, VaLoss:  1.51400	 20 sampled NNs | VaAcc: 0.3166 +- 0.0371 | VaLoss: 1.9326 +- 0.1164
 95,  0 | TrAcc: 0.4728, TrLoss:  1.46441, VaAcc: 0.4763, VaLoss:  1.50306	 20 sampled NNs | VaAcc: 0.3506 +- 0.0333 | VaLoss: 1.8337 +- 0.1137
 96,  0 | TrAcc: 0.4742, TrLoss:  1.48904, VaAcc: 0.4704, VaLoss:  1.53493	 20 sampled NNs | VaAcc: 0.3419 +- 0.0286 | VaLoss: 1.9020 +- 0.1592
 97,  0 | TrAcc: 0.4817, TrLoss:  1.48172, VaAcc: 0.4772, VaLoss:  1.49262	 20 sampled NNs | VaAcc: 0.3342 +- 0.0525 | VaLoss: 1.8681 +- 0.1275
 98,  0 | TrAcc: 0.4758, TrLoss:  1.51659, VaAcc: 0.4889, VaLoss:  1.46331	 20 sampled NNs | VaAcc: 0.3133 +- 0.0558 | VaLoss: 2.0205 +- 0.1589
 99,  0 | TrAcc: 0.4785, TrLoss:  1.47261, VaAcc: 0.4803, VaLoss:  1.48292	 20 sampled NNs | VaAcc: 0.3304 +- 0.0359 | VaLoss: 1.9643 +- 0.1425
34614.673822000004
----------------------------
