

config:

HOME=/clusterFS/home/student/kopp13
PATH=/clusterFS/home/student/kopp13/miniconda3/envs/tensorflow/bin:/clusterFS/home/student/kopp13/miniconda3/bin:/clusterFS/home/student/kopp13/bin:/usr/local/bin:/usr/bin:/bin:/usr/local/games:/usr/games
LD_LIBRARY_PATH=
THEANO_FLAGS=floatX=float32,gpuarray.preallocate=0.9,dnn.library_path=/usr/lib/x86_64-linux-gnu,cxx=clang++-3.8,device=cuda,base_compiledir=/tmp/tmp.Pm3RFbeRHx

=============================
CONFIG FILE

RNN CONFIG
{'data_multiplier': 1000.0,
 'gradient_clip_value': 0.5,
 'layer_configs': [{'layer_type': 'input'},
                   {'bc': {'init_m': 'xavier',
                           'init_v': -4.5,
                           'prior_m': 0.0,
                           'prior_v': 0.0,
                           'type': 'continuous'},
                    'bf': {'init_m': 'xavier',
                           'init_v': -4.5,
                           'prior_m': 0.0,
                           'prior_v': 0.0,
                           'type': 'continuous'},
                    'bi': {'init_m': 'xavier',
                           'init_v': -4.5,
                           'prior_m': 0.0,
                           'prior_v': 0.0,
                           'type': 'continuous'},
                    'bo': {'init_m': 'xavier',
                           'init_v': -4.5,
                           'prior_m': 0.0,
                           'prior_v': 0.0,
                           'type': 'continuous'},
                    'discrete_act': True,
                    'init_config': {'c': {'b': 'all_zero', 'w': 'xavier'},
                                    'f': {'b': 'all_one', 'w': 'all_zero'},
                                    'i': {'b': 'all_zero', 'w': 'xavier'},
                                    'o': {'b': 'all_zero', 'w': 'xavier'}},
                    'is_output': False,
                    'is_recurrent': True,
                    'layer_type': 'lstm',
                    'tau': 0.2,
                    'var_scope': 'lstm_0',
                    'wc': {'p0max': 0.95,
                           'p0min': 0.05,
                           'pmax': 0.99,
                           'pmin': 0.01,
                           'priors': [0.2, 0.6, 0.2],
                           'type': 'ternary'},
                    'wf': {'p0max': 0.95,
                           'p0min': 0.05,
                           'pmax': 0.99,
                           'pmin': 0.01,
                           'priors': [0.2, 0.6, 0.2],
                           'type': 'ternary'},
                    'wi': {'p0max': 0.95,
                           'p0min': 0.05,
                           'pmax': 0.99,
                           'pmin': 0.01,
                           'priors': [0.2, 0.6, 0.2],
                           'type': 'ternary'},
                    'wo': {'p0max': 0.95,
                           'p0min': 0.05,
                           'pmax': 0.99,
                           'pmin': 0.01,
                           'priors': [0.2, 0.6, 0.2],
                           'type': 'ternary'}},
                   {'bc': {'init_m': 'xavier',
                           'init_v': -4.5,
                           'prior_m': 0.0,
                           'prior_v': 0.0,
                           'type': 'continuous'},
                    'bf': {'init_m': 'xavier',
                           'init_v': -4.5,
                           'prior_m': 0.0,
                           'prior_v': 0.0,
                           'type': 'continuous'},
                    'bi': {'init_m': 'xavier',
                           'init_v': -4.5,
                           'prior_m': 0.0,
                           'prior_v': 0.0,
                           'type': 'continuous'},
                    'bo': {'init_m': 'xavier',
                           'init_v': -4.5,
                           'prior_m': 0.0,
                           'prior_v': 0.0,
                           'type': 'continuous'},
                    'discrete_act': True,
                    'init_config': {'c': {'b': 'all_zero', 'w': 'xavier'},
                                    'f': {'b': 'all_one', 'w': 'all_zero'},
                                    'i': {'b': 'all_zero', 'w': 'xavier'},
                                    'o': {'b': 'all_zero', 'w': 'xavier'}},
                    'is_output': False,
                    'is_recurrent': True,
                    'layer_type': 'lstm',
                    'tau': 0.2,
                    'var_scope': 'lstm_1',
                    'wc': {'p0max': 0.95,
                           'p0min': 0.05,
                           'pmax': 0.99,
                           'pmin': 0.01,
                           'priors': [0.2, 0.6, 0.2],
                           'type': 'ternary'},
                    'wf': {'p0max': 0.95,
                           'p0min': 0.05,
                           'pmax': 0.99,
                           'pmin': 0.01,
                           'priors': [0.2, 0.6, 0.2],
                           'type': 'ternary'},
                    'wi': {'p0max': 0.95,
                           'p0min': 0.05,
                           'pmax': 0.99,
                           'pmin': 0.01,
                           'priors': [0.2, 0.6, 0.2],
                           'type': 'ternary'},
                    'wo': {'p0max': 0.95,
                           'p0min': 0.05,
                           'pmax': 0.99,
                           'pmin': 0.01,
                           'priors': [0.2, 0.6, 0.2],
                           'type': 'ternary'}},
                   {'b': {'init_m': 'xavier',
                          'init_v': -4.5,
                          'prior_m': 0.0,
                          'prior_v': 0.0,
                          'type': 'continuous'},
                    'is_output': True,
                    'is_recurrent': False,
                    'layer_type': 'fc',
                    'regularization': {'mode': None, 'strength': 0.02},
                    'tau': 0.2,
                    'var_scope': 'output_layer',
                    'w': {'p0max': 0.95,
                          'p0min': 0.05,
                          'pmax': 0.99,
                          'pmin': 0.01,
                          'priors': [0.2, 0.6, 0.2],
                          'type': 'ternary'}}],
 'layout': [4, 60, 60, 10],
 'output_type': 'classification'}

DATA CONFIG
{'dataset': 'red_penstroke',
 'tr': {'in_seq_len': 30,
        'minibatch_enabled': True,
        'minibatch_size': 200,
        'out_seq_len': 5,
        'zero_padding': 20},
 'va': {'in_seq_len': 30,
        'minibatch_enabled': True,
        'minibatch_size': 200,
        'out_seq_len': 5,
        'zero_padding': 20}}

TRAINING CONFIG
{'beta_reg': 0.0,
 'is_pretrain': False,
 'learning_rate': 0.0005,
 'mode': {'max_epochs': 100, 'min_error': 0.0, 'name': 'classic'},
 'task_id': 2,
 'type': 'l_sampling',
 'var_reg': 0.01}
==============================


  0,  0 | TrAcc: 0.0958, TrLoss:  4.28600, VaAcc: 0.1019, VaLoss:  4.19100	 20 sampled NNs | VaAcc: 0.0999 +- 0.0124 | VaLoss: 4.0316 +- 0.2213
  1,  0 | TrAcc: 0.1115, TrLoss:  2.94273, VaAcc: 0.1101, VaLoss:  2.94353	 20 sampled NNs | VaAcc: 0.1089 +- 0.0102 | VaLoss: 3.0789 +- 0.0899
  2,  0 | TrAcc: 0.1159, TrLoss:  2.60376, VaAcc: 0.1137, VaLoss:  2.61842	 20 sampled NNs | VaAcc: 0.1168 +- 0.0116 | VaLoss: 2.6887 +- 0.0943
  3,  0 | TrAcc: 0.1273, TrLoss:  2.43103, VaAcc: 0.1162, VaLoss:  2.46412	 20 sampled NNs | VaAcc: 0.1109 +- 0.0079 | VaLoss: 2.5609 +- 0.0561
  4,  0 | TrAcc: 0.1601, TrLoss:  2.33200, VaAcc: 0.1186, VaLoss:  2.38651	 20 sampled NNs | VaAcc: 0.1153 +- 0.0104 | VaLoss: 2.4675 +- 0.0494
  5,  0 | TrAcc: 0.1562, TrLoss:  2.29949, VaAcc: 0.1204, VaLoss:  2.32849	 20 sampled NNs | VaAcc: 0.1173 +- 0.0089 | VaLoss: 2.3841 +- 0.0311
  6,  0 | TrAcc: 0.1500, TrLoss:  2.27091, VaAcc: 0.1207, VaLoss:  2.30879	 20 sampled NNs | VaAcc: 0.1182 +- 0.0061 | VaLoss: 2.3566 +- 0.0259
  7,  0 | TrAcc: 0.1466, TrLoss:  2.27061, VaAcc: 0.1221, VaLoss:  2.29916	 20 sampled NNs | VaAcc: 0.1207 +- 0.0066 | VaLoss: 2.3181 +- 0.0156
  8,  0 | TrAcc: 0.1699, TrLoss:  2.23745, VaAcc: 0.1211, VaLoss:  2.30770	 20 sampled NNs | VaAcc: 0.1205 +- 0.0057 | VaLoss: 2.3267 +- 0.0138
  9,  0 | TrAcc: 0.1478, TrLoss:  2.24156, VaAcc: 0.1189, VaLoss:  2.29721	 20 sampled NNs | VaAcc: 0.1178 +- 0.0101 | VaLoss: 2.3119 +- 0.0128
 10,  0 | TrAcc: 0.1579, TrLoss:  2.26144, VaAcc: 0.1226, VaLoss:  2.29317	 20 sampled NNs | VaAcc: 0.1237 +- 0.0063 | VaLoss: 2.3037 +- 0.0103
 11,  0 | TrAcc: 0.1560, TrLoss:  2.22987, VaAcc: 0.1200, VaLoss:  2.28841	 20 sampled NNs | VaAcc: 0.1169 +- 0.0052 | VaLoss: 2.3024 +- 0.0117
 12,  0 | TrAcc: 0.1488, TrLoss:  2.26432, VaAcc: 0.1233, VaLoss:  2.27765	 20 sampled NNs | VaAcc: 0.1223 +- 0.0052 | VaLoss: 2.2860 +- 0.0103
 13,  0 | TrAcc: 0.1563, TrLoss:  2.25345, VaAcc: 0.1229, VaLoss:  2.28922	 20 sampled NNs | VaAcc: 0.1210 +- 0.0061 | VaLoss: 2.2974 +- 0.0117
 14,  0 | TrAcc: 0.1561, TrLoss:  2.23653, VaAcc: 0.1235, VaLoss:  2.29124	 20 sampled NNs | VaAcc: 0.1227 +- 0.0026 | VaLoss: 2.2961 +- 0.0059
 15,  0 | TrAcc: 0.1513, TrLoss:  2.24596, VaAcc: 0.1234, VaLoss:  2.29301	 20 sampled NNs | VaAcc: 0.1242 +- 0.0020 | VaLoss: 2.2998 +- 0.0078
 16,  0 | TrAcc: 0.1614, TrLoss:  2.25405, VaAcc: 0.1232, VaLoss:  2.29011	 20 sampled NNs | VaAcc: 0.1232 +- 0.0023 | VaLoss: 2.2939 +- 0.0060
 17,  0 | TrAcc: 0.1546, TrLoss:  2.25899, VaAcc: 0.1175, VaLoss:  2.28506	 20 sampled NNs | VaAcc: 0.1180 +- 0.0041 | VaLoss: 2.2925 +- 0.0071
 18,  0 | TrAcc: 0.1431, TrLoss:  2.25199, VaAcc: 0.1226, VaLoss:  2.28831	 20 sampled NNs | VaAcc: 0.1226 +- 0.0025 | VaLoss: 2.2918 +- 0.0045
 19,  0 | TrAcc: 0.1542, TrLoss:  2.23844, VaAcc: 0.1231, VaLoss:  2.27797	 20 sampled NNs | VaAcc: 0.1234 +- 0.0024 | VaLoss: 2.2807 +- 0.0029
 20,  0 | TrAcc: 0.1797, TrLoss:  2.23485, VaAcc: 0.1236, VaLoss:  2.29422	 20 sampled NNs | VaAcc: 0.1240 +- 0.0026 | VaLoss: 2.2975 +- 0.0044
 21,  0 | TrAcc: 0.1375, TrLoss:  2.24938, VaAcc: 0.1206, VaLoss:  2.28479	 20 sampled NNs | VaAcc: 0.1217 +- 0.0041 | VaLoss: 2.2876 +- 0.0045
 22,  0 | TrAcc: 0.1408, TrLoss:  2.25585, VaAcc: 0.1232, VaLoss:  2.27683	 20 sampled NNs | VaAcc: 0.1235 +- 0.0032 | VaLoss: 2.2785 +- 0.0033
 23,  0 | TrAcc: 0.1545, TrLoss:  2.25292, VaAcc: 0.1173, VaLoss:  2.27650	 20 sampled NNs | VaAcc: 0.1173 +- 0.0027 | VaLoss: 2.2793 +- 0.0033
 24,  0 | TrAcc: 0.1623, TrLoss:  2.25788, VaAcc: 0.1234, VaLoss:  2.28402	 20 sampled NNs | VaAcc: 0.1239 +- 0.0018 | VaLoss: 2.2851 +- 0.0017
 25,  0 | TrAcc: 0.1606, TrLoss:  2.25165, VaAcc: 0.1235, VaLoss:  2.27558	 20 sampled NNs | VaAcc: 0.1231 +- 0.0025 | VaLoss: 2.2771 +- 0.0033
 26,  0 | TrAcc: 0.1636, TrLoss:  2.24176, VaAcc: 0.1234, VaLoss:  2.29116	 20 sampled NNs | VaAcc: 0.1232 +- 0.0020 | VaLoss: 2.2931 +- 0.0035
 27,  0 | TrAcc: 0.1406, TrLoss:  2.24473, VaAcc: 0.1186, VaLoss:  2.28788	 20 sampled NNs | VaAcc: 0.1182 +- 0.0032 | VaLoss: 2.2903 +- 0.0047
 28,  0 | TrAcc: 0.1407, TrLoss:  2.25246, VaAcc: 0.1235, VaLoss:  2.27983	 20 sampled NNs | VaAcc: 0.1235 +- 0.0007 | VaLoss: 2.2798 +- 0.0013
 29,  0 | TrAcc: 0.1460, TrLoss:  2.25180, VaAcc: 0.1235, VaLoss:  2.28718	 20 sampled NNs | VaAcc: 0.1241 +- 0.0016 | VaLoss: 2.2882 +- 0.0033
 30,  0 | TrAcc: 0.1445, TrLoss:  2.26379, VaAcc: 0.1175, VaLoss:  2.28136	 20 sampled NNs | VaAcc: 0.1179 +- 0.0013 | VaLoss: 2.2817 +- 0.0030
 31,  0 | TrAcc: 0.1608, TrLoss:  2.24439, VaAcc: 0.1236, VaLoss:  2.28567	 20 sampled NNs | VaAcc: 0.1236 +- 0.0010 | VaLoss: 2.2858 +- 0.0016
 32,  0 | TrAcc: 0.1633, TrLoss:  2.24759, VaAcc: 0.1235, VaLoss:  2.28201	 20 sampled NNs | VaAcc: 0.1237 +- 0.0014 | VaLoss: 2.2825 +- 0.0020
 33,  0 | TrAcc: 0.1660, TrLoss:  2.24100, VaAcc: 0.1235, VaLoss:  2.28718	 20 sampled NNs | VaAcc: 0.1230 +- 0.0012 | VaLoss: 2.2877 +- 0.0014
 34,  0 | TrAcc: 0.1660, TrLoss:  2.25014, VaAcc: 0.1236, VaLoss:  2.28132	 20 sampled NNs | VaAcc: 0.1235 +- 0.0010 | VaLoss: 2.2817 +- 0.0013
 35,  0 | TrAcc: 0.1494, TrLoss:  2.26788, VaAcc: 0.1236, VaLoss:  2.28472	 20 sampled NNs | VaAcc: 0.1232 +- 0.0013 | VaLoss: 2.2844 +- 0.0014
 36,  0 | TrAcc: 0.1615, TrLoss:  2.24859, VaAcc: 0.1235, VaLoss:  2.29007	 20 sampled NNs | VaAcc: 0.1237 +- 0.0010 | VaLoss: 2.2895 +- 0.0016
 37,  0 | TrAcc: 0.1646, TrLoss:  2.23574, VaAcc: 0.1236, VaLoss:  2.28015	 20 sampled NNs | VaAcc: 0.1234 +- 0.0008 | VaLoss: 2.2806 +- 0.0018
 38,  0 | TrAcc: 0.1436, TrLoss:  2.24785, VaAcc: 0.1172, VaLoss:  2.29395	 20 sampled NNs | VaAcc: 0.1174 +- 0.0006 | VaLoss: 2.2929 +- 0.0011
 39,  0 | TrAcc: 0.1444, TrLoss:  2.24280, VaAcc: 0.1236, VaLoss:  2.29642	 20 sampled NNs | VaAcc: 0.1235 +- 0.0008 | VaLoss: 2.2965 +- 0.0013
 40,  0 | TrAcc: 0.1513, TrLoss:  2.24215, VaAcc: 0.1235, VaLoss:  2.29200	 20 sampled NNs | VaAcc: 0.1238 +- 0.0012 | VaLoss: 2.2917 +- 0.0014
 41,  0 | TrAcc: 0.1433, TrLoss:  2.25065, VaAcc: 0.1232, VaLoss:  2.28054	 20 sampled NNs | VaAcc: 0.1236 +- 0.0003 | VaLoss: 2.2807 +- 0.0012
 42,  0 | TrAcc: 0.1534, TrLoss:  2.24337, VaAcc: 0.1172, VaLoss:  2.27920	 20 sampled NNs | VaAcc: 0.1172 +- 0.0009 | VaLoss: 2.2792 +- 0.0011
 43,  0 | TrAcc: 0.1504, TrLoss:  2.25195, VaAcc: 0.1235, VaLoss:  2.28330	 20 sampled NNs | VaAcc: 0.1236 +- 0.0004 | VaLoss: 2.2831 +- 0.0010
 44,  0 | TrAcc: 0.1940, TrLoss:  2.23773, VaAcc: 0.1235, VaLoss:  2.29458	 20 sampled NNs | VaAcc: 0.1231 +- 0.0012 | VaLoss: 2.2956 +- 0.0027
 45,  0 | TrAcc: 0.1499, TrLoss:  2.24901, VaAcc: 0.1173, VaLoss:  2.28611	 20 sampled NNs | VaAcc: 0.1169 +- 0.0012 | VaLoss: 2.2860 +- 0.0014
 46,  0 | TrAcc: 0.1681, TrLoss:  2.24976, VaAcc: 0.1236, VaLoss:  2.28301	 20 sampled NNs | VaAcc: 0.1231 +- 0.0013 | VaLoss: 2.2833 +- 0.0021
 47,  0 | TrAcc: 0.1589, TrLoss:  2.26212, VaAcc: 0.1235, VaLoss:  2.27953	 20 sampled NNs | VaAcc: 0.1231 +- 0.0013 | VaLoss: 2.2793 +- 0.0009
 48,  0 | TrAcc: 0.1427, TrLoss:  2.26313, VaAcc: 0.1235, VaLoss:  2.28035	 20 sampled NNs | VaAcc: 0.1235 +- 0.0011 | VaLoss: 2.2802 +- 0.0016
 49,  0 | TrAcc: 0.1459, TrLoss:  2.25522, VaAcc: 0.1235, VaLoss:  2.27570	 20 sampled NNs | VaAcc: 0.1233 +- 0.0011 | VaLoss: 2.2755 +- 0.0015
 50,  0 | TrAcc: 0.1420, TrLoss:  2.25145, VaAcc: 0.1172, VaLoss:  2.28534	 20 sampled NNs | VaAcc: 0.1172 +- 0.0018 | VaLoss: 2.2847 +- 0.0015
 51,  0 | TrAcc: 0.1596, TrLoss:  2.24542, VaAcc: 0.1172, VaLoss:  2.28365	 20 sampled NNs | VaAcc: 0.1171 +- 0.0017 | VaLoss: 2.2834 +- 0.0012
 52,  0 | TrAcc: 0.1622, TrLoss:  2.23477, VaAcc: 0.1236, VaLoss:  2.28271	 20 sampled NNs | VaAcc: 0.1233 +- 0.0022 | VaLoss: 2.2834 +- 0.0033
 53,  0 | TrAcc: 0.1443, TrLoss:  2.24772, VaAcc: 0.1235, VaLoss:  2.28977	 20 sampled NNs | VaAcc: 0.1235 +- 0.0007 | VaLoss: 2.2894 +- 0.0008
 54,  0 | TrAcc: 0.1704, TrLoss:  2.24398, VaAcc: 0.1235, VaLoss:  2.29268	 20 sampled NNs | VaAcc: 0.1233 +- 0.0010 | VaLoss: 2.2927 +- 0.0016
 55,  0 | TrAcc: 0.1710, TrLoss:  2.23227, VaAcc: 0.1236, VaLoss:  2.29307	 20 sampled NNs | VaAcc: 0.1232 +- 0.0008 | VaLoss: 2.2932 +- 0.0012
 56,  0 | TrAcc: 0.1316, TrLoss:  2.26115, VaAcc: 0.1235, VaLoss:  2.27903	 20 sampled NNs | VaAcc: 0.1234 +- 0.0004 | VaLoss: 2.2792 +- 0.0018
 57,  0 | TrAcc: 0.1416, TrLoss:  2.24415, VaAcc: 0.1194, VaLoss:  2.28106	 20 sampled NNs | VaAcc: 0.1194 +- 0.0031 | VaLoss: 2.2808 +- 0.0014
 58,  0 | TrAcc: 0.1468, TrLoss:  2.25452, VaAcc: 0.1172, VaLoss:  2.28397	 20 sampled NNs | VaAcc: 0.1176 +- 0.0027 | VaLoss: 2.2837 +- 0.0013
 59,  0 | TrAcc: 0.1407, TrLoss:  2.25897, VaAcc: 0.1172, VaLoss:  2.27740	 20 sampled NNs | VaAcc: 0.1170 +- 0.0014 | VaLoss: 2.2775 +- 0.0018
 60,  0 | TrAcc: 0.1414, TrLoss:  2.26909, VaAcc: 0.1236, VaLoss:  2.27469	 20 sampled NNs | VaAcc: 0.1237 +- 0.0003 | VaLoss: 2.2741 +- 0.0009
 61,  0 | TrAcc: 0.1584, TrLoss:  2.23701, VaAcc: 0.1236, VaLoss:  2.28851	 20 sampled NNs | VaAcc: 0.1236 +- 0.0002 | VaLoss: 2.2880 +- 0.0007
 62,  0 | TrAcc: 0.1605, TrLoss:  2.25672, VaAcc: 0.1235, VaLoss:  2.28996	 20 sampled NNs | VaAcc: 0.1235 +- 0.0009 | VaLoss: 2.2896 +- 0.0013
 63,  0 | TrAcc: 0.1660, TrLoss:  2.23069, VaAcc: 0.1235, VaLoss:  2.28748	 20 sampled NNs | VaAcc: 0.1235 +- 0.0008 | VaLoss: 2.2875 +- 0.0022
 64,  0 | TrAcc: 0.1509, TrLoss:  2.25363, VaAcc: 0.1235, VaLoss:  2.28215	 20 sampled NNs | VaAcc: 0.1235 +- 0.0009 | VaLoss: 2.2815 +- 0.0010
 65,  0 | TrAcc: 0.1538, TrLoss:  2.21842, VaAcc: 0.1188, VaLoss:  2.30098	 20 sampled NNs | VaAcc: 0.1173 +- 0.0007 | VaLoss: 2.3009 +- 0.0014
 66,  0 | TrAcc: 0.1576, TrLoss:  2.25513, VaAcc: 0.1235, VaLoss:  2.27993	 20 sampled NNs | VaAcc: 0.1238 +- 0.0007 | VaLoss: 2.2796 +- 0.0013
 67,  0 | TrAcc: 0.1723, TrLoss:  2.24105, VaAcc: 0.1236, VaLoss:  2.29582	 20 sampled NNs | VaAcc: 0.1234 +- 0.0006 | VaLoss: 2.2956 +- 0.0009
 68,  0 | TrAcc: 0.1642, TrLoss:  2.24599, VaAcc: 0.1235, VaLoss:  2.28460	 20 sampled NNs | VaAcc: 0.1236 +- 0.0006 | VaLoss: 2.2841 +- 0.0010
 69,  0 | TrAcc: 0.1584, TrLoss:  2.25222, VaAcc: 0.1236, VaLoss:  2.30377	 20 sampled NNs | VaAcc: 0.1231 +- 0.0015 | VaLoss: 2.3037 +- 0.0016
 70,  0 | TrAcc: 0.1478, TrLoss:  2.25950, VaAcc: 0.1235, VaLoss:  2.28059	 20 sampled NNs | VaAcc: 0.1235 +- 0.0012 | VaLoss: 2.2804 +- 0.0017
 71,  0 | TrAcc: 0.1769, TrLoss:  2.21854, VaAcc: 0.1236, VaLoss:  2.29302	 20 sampled NNs | VaAcc: 0.1234 +- 0.0014 | VaLoss: 2.2929 +- 0.0013
 72,  0 | TrAcc: 0.1639, TrLoss:  2.24224, VaAcc: 0.1236, VaLoss:  2.29125	 20 sampled NNs | VaAcc: 0.1236 +- 0.0004 | VaLoss: 2.2908 +- 0.0008
 73,  0 | TrAcc: 0.1515, TrLoss:  2.24897, VaAcc: 0.1234, VaLoss:  2.28828	 20 sampled NNs | VaAcc: 0.1235 +- 0.0003 | VaLoss: 2.2879 +- 0.0008
 74,  0 | TrAcc: 0.1571, TrLoss:  2.25401, VaAcc: 0.1235, VaLoss:  2.28527	 20 sampled NNs | VaAcc: 0.1230 +- 0.0016 | VaLoss: 2.2851 +- 0.0011
 75,  0 | TrAcc: 0.1442, TrLoss:  2.24544, VaAcc: 0.1172, VaLoss:  2.28586	 20 sampled NNs | VaAcc: 0.1168 +- 0.0022 | VaLoss: 2.2864 +- 0.0050
 76,  0 | TrAcc: 0.1487, TrLoss:  2.25811, VaAcc: 0.1235, VaLoss:  2.27980	 20 sampled NNs | VaAcc: 0.1234 +- 0.0015 | VaLoss: 2.2795 +- 0.0009
 77,  0 | TrAcc: 0.1532, TrLoss:  2.24764, VaAcc: 0.1235, VaLoss:  2.28723	 20 sampled NNs | VaAcc: 0.1235 +- 0.0004 | VaLoss: 2.2867 +- 0.0010
 78,  0 | TrAcc: 0.1823, TrLoss:  2.24551, VaAcc: 0.1236, VaLoss:  2.28160	 20 sampled NNs | VaAcc: 0.1236 +- 0.0010 | VaLoss: 2.2814 +- 0.0012
 79,  0 | TrAcc: 0.1336, TrLoss:  2.26459, VaAcc: 0.1235, VaLoss:  2.27885	 20 sampled NNs | VaAcc: 0.1235 +- 0.0012 | VaLoss: 2.2791 +- 0.0015
 80,  0 | TrAcc: 0.1816, TrLoss:  2.23059, VaAcc: 0.1236, VaLoss:  2.29688	 20 sampled NNs | VaAcc: 0.1233 +- 0.0010 | VaLoss: 2.2968 +- 0.0011
 81,  0 | TrAcc: 0.1406, TrLoss:  2.25647, VaAcc: 0.1235, VaLoss:  2.27818	 20 sampled NNs | VaAcc: 0.1235 +- 0.0009 | VaLoss: 2.2777 +- 0.0013
 82,  0 | TrAcc: 0.1533, TrLoss:  2.25795, VaAcc: 0.1235, VaLoss:  2.28257	 20 sampled NNs | VaAcc: 0.1234 +- 0.0008 | VaLoss: 2.2824 +- 0.0014
 83,  0 | TrAcc: 0.1597, TrLoss:  2.25076, VaAcc: 0.1235, VaLoss:  2.29013	 20 sampled NNs | VaAcc: 0.1233 +- 0.0013 | VaLoss: 2.2899 +- 0.0011
 84,  0 | TrAcc: 0.1531, TrLoss:  2.24319, VaAcc: 0.1172, VaLoss:  2.28401	 20 sampled NNs | VaAcc: 0.1176 +- 0.0010 | VaLoss: 2.2832 +- 0.0015
 85,  0 | TrAcc: 0.1519, TrLoss:  2.25312, VaAcc: 0.1236, VaLoss:  2.28156	 20 sampled NNs | VaAcc: 0.1235 +- 0.0008 | VaLoss: 2.2814 +- 0.0019
 86,  0 | TrAcc: 0.1501, TrLoss:  2.23264, VaAcc: 0.1176, VaLoss:  2.29210	 20 sampled NNs | VaAcc: 0.1174 +- 0.0019 | VaLoss: 2.2923 +- 0.0022
 87,  0 | TrAcc: 0.1620, TrLoss:  2.24840, VaAcc: 0.1234, VaLoss:  2.28708	 20 sampled NNs | VaAcc: 0.1235 +- 0.0007 | VaLoss: 2.2867 +- 0.0008
 88,  0 | TrAcc: 0.1713, TrLoss:  2.25873, VaAcc: 0.1235, VaLoss:  2.28694	 20 sampled NNs | VaAcc: 0.1236 +- 0.0012 | VaLoss: 2.2863 +- 0.0009
 89,  0 | TrAcc: 0.1477, TrLoss:  2.23537, VaAcc: 0.1236, VaLoss:  2.28739	 20 sampled NNs | VaAcc: 0.1233 +- 0.0014 | VaLoss: 2.2877 +- 0.0020
 90,  0 | TrAcc: 0.1812, TrLoss:  2.21550, VaAcc: 0.1236, VaLoss:  2.29378	 20 sampled NNs | VaAcc: 0.1239 +- 0.0009 | VaLoss: 2.2932 +- 0.0009
 91,  0 | TrAcc: 0.1777, TrLoss:  2.23531, VaAcc: 0.1235, VaLoss:  2.29203	 20 sampled NNs | VaAcc: 0.1234 +- 0.0013 | VaLoss: 2.2922 +- 0.0022
 92,  0 | TrAcc: 0.1876, TrLoss:  2.22656, VaAcc: 0.1235, VaLoss:  2.29336	 20 sampled NNs | VaAcc: 0.1241 +- 0.0013 | VaLoss: 2.2951 +- 0.0066
 93,  0 | TrAcc: 0.1810, TrLoss:  2.23598, VaAcc: 0.1235, VaLoss:  2.29384	 20 sampled NNs | VaAcc: 0.1232 +- 0.0015 | VaLoss: 2.2938 +- 0.0044
 94,  0 | TrAcc: 0.1577, TrLoss:  2.24977, VaAcc: 0.1236, VaLoss:  2.29821	 20 sampled NNs | VaAcc: 0.1233 +- 0.0008 | VaLoss: 2.2989 +- 0.0045
 95,  0 | TrAcc: 0.1596, TrLoss:  2.24973, VaAcc: 0.1235, VaLoss:  2.28691	 20 sampled NNs | VaAcc: 0.1237 +- 0.0018 | VaLoss: 2.2868 +- 0.0023
 96,  0 | TrAcc: 0.1644, TrLoss:  2.25540, VaAcc: 0.1236, VaLoss:  2.27796	 20 sampled NNs | VaAcc: 0.1238 +- 0.0008 | VaLoss: 2.2790 +- 0.0037
 97,  0 | TrAcc: 0.1666, TrLoss:  2.24952, VaAcc: 0.1234, VaLoss:  2.29290	 20 sampled NNs | VaAcc: 0.1235 +- 0.0019 | VaLoss: 2.2935 +- 0.0036
 98,  0 | TrAcc: 0.1765, TrLoss:  2.23696, VaAcc: 0.1234, VaLoss:  2.28630	 20 sampled NNs | VaAcc: 0.1243 +- 0.0015 | VaLoss: 2.2861 +- 0.0022
 99,  0 | TrAcc: 0.1577, TrLoss:  2.25307, VaAcc: 0.1234, VaLoss:  2.29057	 20 sampled NNs | VaAcc: 0.1235 +- 0.0013 | VaLoss: 2.2899 +- 0.0043
37168.579342
----------------------------
