

config:

HOME=/clusterFS/home/student/kopp13
PATH=/clusterFS/home/student/kopp13/miniconda3/envs/tensorflow/bin:/clusterFS/home/student/kopp13/miniconda3/bin:/clusterFS/home/student/kopp13/bin:/usr/local/bin:/usr/bin:/bin:/usr/local/games:/usr/games
LD_LIBRARY_PATH=
THEANO_FLAGS=floatX=float32,gpuarray.preallocate=0.9,dnn.library_path=/usr/lib/x86_64-linux-gnu,cxx=clang++-3.8,device=cuda,base_compiledir=/tmp/tmp.CR0bepGaiU

=============================
CONFIG FILE

RNN CONFIG
{'data_multiplier': 1000.0,
 'gradient_clip_value': 0.5,
 'layer_configs': [{'layer_type': 'input'},
                   {'bc': {'init_m': 'xavier',
                           'init_v': -4.5,
                           'prior_m': 0.0,
                           'prior_v': 0.0,
                           'type': 'continuous'},
                    'bf': {'init_m': 'xavier',
                           'init_v': -4.5,
                           'prior_m': 0.0,
                           'prior_v': 0.0,
                           'type': 'continuous'},
                    'bi': {'init_m': 'xavier',
                           'init_v': -4.5,
                           'prior_m': 0.0,
                           'prior_v': 0.0,
                           'type': 'continuous'},
                    'bo': {'init_m': 'xavier',
                           'init_v': -4.5,
                           'prior_m': 0.0,
                           'prior_v': 0.0,
                           'type': 'continuous'},
                    'discrete_act': True,
                    'init_config': {'c': {'b': 'all_zero', 'w': 'xavier'},
                                    'f': {'b': 'all_one', 'w': 'all_zero'},
                                    'i': {'b': 'all_zero', 'w': 'xavier'},
                                    'o': {'b': 'all_zero', 'w': 'xavier'}},
                    'is_output': False,
                    'is_recurrent': True,
                    'layer_type': 'lstm',
                    'tau': 0.5,
                    'var_scope': 'lstm_0',
                    'wc': {'p0max': 0.95,
                           'p0min': 0.05,
                           'pmax': 0.99,
                           'pmin': 0.01,
                           'priors': [0.2, 0.6, 0.2],
                           'type': 'ternary'},
                    'wf': {'p0max': 0.95,
                           'p0min': 0.05,
                           'pmax': 0.99,
                           'pmin': 0.01,
                           'priors': [0.2, 0.6, 0.2],
                           'type': 'ternary'},
                    'wi': {'p0max': 0.95,
                           'p0min': 0.05,
                           'pmax': 0.99,
                           'pmin': 0.01,
                           'priors': [0.2, 0.6, 0.2],
                           'type': 'ternary'},
                    'wo': {'p0max': 0.95,
                           'p0min': 0.05,
                           'pmax': 0.99,
                           'pmin': 0.01,
                           'priors': [0.2, 0.6, 0.2],
                           'type': 'ternary'}},
                   {'bc': {'init_m': 'xavier',
                           'init_v': -4.5,
                           'prior_m': 0.0,
                           'prior_v': 0.0,
                           'type': 'continuous'},
                    'bf': {'init_m': 'xavier',
                           'init_v': -4.5,
                           'prior_m': 0.0,
                           'prior_v': 0.0,
                           'type': 'continuous'},
                    'bi': {'init_m': 'xavier',
                           'init_v': -4.5,
                           'prior_m': 0.0,
                           'prior_v': 0.0,
                           'type': 'continuous'},
                    'bo': {'init_m': 'xavier',
                           'init_v': -4.5,
                           'prior_m': 0.0,
                           'prior_v': 0.0,
                           'type': 'continuous'},
                    'discrete_act': True,
                    'init_config': {'c': {'b': 'all_zero', 'w': 'xavier'},
                                    'f': {'b': 'all_one', 'w': 'all_zero'},
                                    'i': {'b': 'all_zero', 'w': 'xavier'},
                                    'o': {'b': 'all_zero', 'w': 'xavier'}},
                    'is_output': False,
                    'is_recurrent': True,
                    'layer_type': 'lstm',
                    'tau': 0.5,
                    'var_scope': 'lstm_1',
                    'wc': {'p0max': 0.95,
                           'p0min': 0.05,
                           'pmax': 0.99,
                           'pmin': 0.01,
                           'priors': [0.2, 0.6, 0.2],
                           'type': 'ternary'},
                    'wf': {'p0max': 0.95,
                           'p0min': 0.05,
                           'pmax': 0.99,
                           'pmin': 0.01,
                           'priors': [0.2, 0.6, 0.2],
                           'type': 'ternary'},
                    'wi': {'p0max': 0.95,
                           'p0min': 0.05,
                           'pmax': 0.99,
                           'pmin': 0.01,
                           'priors': [0.2, 0.6, 0.2],
                           'type': 'ternary'},
                    'wo': {'p0max': 0.95,
                           'p0min': 0.05,
                           'pmax': 0.99,
                           'pmin': 0.01,
                           'priors': [0.2, 0.6, 0.2],
                           'type': 'ternary'}},
                   {'b': {'init_m': 'xavier',
                          'init_v': -4.5,
                          'prior_m': 0.0,
                          'prior_v': 0.0,
                          'type': 'continuous'},
                    'is_output': True,
                    'is_recurrent': False,
                    'layer_type': 'fc',
                    'regularization': {'mode': None, 'strength': 0.02},
                    'tau': 0.5,
                    'var_scope': 'output_layer',
                    'w': {'p0max': 0.95,
                          'p0min': 0.05,
                          'pmax': 0.99,
                          'pmin': 0.01,
                          'priors': [0.2, 0.6, 0.2],
                          'type': 'ternary'}}],
 'layout': [4, 60, 60, 10],
 'output_type': 'classification'}

DATA CONFIG
{'dataset': 'red_penstroke',
 'tr': {'in_seq_len': 30,
        'minibatch_enabled': True,
        'minibatch_size': 200,
        'out_seq_len': 5,
        'zero_padding': 20},
 'va': {'in_seq_len': 30,
        'minibatch_enabled': True,
        'minibatch_size': 200,
        'out_seq_len': 5,
        'zero_padding': 20}}

TRAINING CONFIG
{'beta_reg': 0.0,
 'is_pretrain': False,
 'learning_rate': 0.0005,
 'mode': {'max_epochs': 100, 'min_error': 0.0, 'name': 'classic'},
 'task_id': 3,
 'type': 'l_sampling',
 'var_reg': 0.01}
==============================


  0,  0 | TrAcc: 0.0967, TrLoss:  4.47162, VaAcc: 0.0959, VaLoss:  4.53170	 20 sampled NNs | VaAcc: 0.1074 +- 0.0158 | VaLoss: 4.0638 +- 0.3385
  1,  0 | TrAcc: 0.1174, TrLoss:  2.46015, VaAcc: 0.1174, VaLoss:  2.45440	 20 sampled NNs | VaAcc: 0.1119 +- 0.0137 | VaLoss: 2.8271 +- 0.1288
  2,  0 | TrAcc: 0.1607, TrLoss:  2.29715, VaAcc: 0.1276, VaLoss:  2.32942	 20 sampled NNs | VaAcc: 0.1187 +- 0.0092 | VaLoss: 2.5705 +- 0.0807
  3,  0 | TrAcc: 0.1565, TrLoss:  2.26749, VaAcc: 0.1285, VaLoss:  2.29054	 20 sampled NNs | VaAcc: 0.1222 +- 0.0098 | VaLoss: 2.4620 +- 0.0773
  4,  0 | TrAcc: 0.1481, TrLoss:  2.25781, VaAcc: 0.1303, VaLoss:  2.27217	 20 sampled NNs | VaAcc: 0.1234 +- 0.0062 | VaLoss: 2.3788 +- 0.0605
  5,  0 | TrAcc: 0.1536, TrLoss:  2.25786, VaAcc: 0.1284, VaLoss:  2.27024	 20 sampled NNs | VaAcc: 0.1228 +- 0.0084 | VaLoss: 2.3830 +- 0.0547
  6,  0 | TrAcc: 0.1374, TrLoss:  2.26519, VaAcc: 0.1286, VaLoss:  2.25746	 20 sampled NNs | VaAcc: 0.1238 +- 0.0099 | VaLoss: 2.3488 +- 0.0584
  7,  0 | TrAcc: 0.1607, TrLoss:  2.24688, VaAcc: 0.1285, VaLoss:  2.26871	 20 sampled NNs | VaAcc: 0.1260 +- 0.0101 | VaLoss: 2.3372 +- 0.0243
  8,  0 | TrAcc: 0.1551, TrLoss:  2.25092, VaAcc: 0.1290, VaLoss:  2.27190	 20 sampled NNs | VaAcc: 0.1246 +- 0.0108 | VaLoss: 2.3253 +- 0.0383
  9,  0 | TrAcc: 0.1762, TrLoss:  2.24637, VaAcc: 0.1279, VaLoss:  2.27233	 20 sampled NNs | VaAcc: 0.1249 +- 0.0090 | VaLoss: 2.3156 +- 0.0280
 10,  0 | TrAcc: 0.1780, TrLoss:  2.23253, VaAcc: 0.1281, VaLoss:  2.26798	 20 sampled NNs | VaAcc: 0.1239 +- 0.0085 | VaLoss: 2.2976 +- 0.0226
 11,  0 | TrAcc: 0.1631, TrLoss:  2.25170, VaAcc: 0.1281, VaLoss:  2.26239	 20 sampled NNs | VaAcc: 0.1270 +- 0.0054 | VaLoss: 2.2986 +- 0.0405
 12,  0 | TrAcc: 0.1539, TrLoss:  2.25615, VaAcc: 0.1277, VaLoss:  2.25566	 20 sampled NNs | VaAcc: 0.1257 +- 0.0109 | VaLoss: 2.2863 +- 0.0171
 13,  0 | TrAcc: 0.1437, TrLoss:  2.22899, VaAcc: 0.1332, VaLoss:  2.24085	 20 sampled NNs | VaAcc: 0.1305 +- 0.0144 | VaLoss: 2.2944 +- 0.0330
 14,  0 | TrAcc: 0.1766, TrLoss:  2.21503, VaAcc: 0.1267, VaLoss:  2.24617	 20 sampled NNs | VaAcc: 0.1224 +- 0.0110 | VaLoss: 2.3081 +- 0.0383
 15,  0 | TrAcc: 0.1616, TrLoss:  2.20801, VaAcc: 0.1480, VaLoss:  2.23568	 20 sampled NNs | VaAcc: 0.1307 +- 0.0164 | VaLoss: 2.2924 +- 0.0515
 16,  0 | TrAcc: 0.1676, TrLoss:  2.20826, VaAcc: 0.1499, VaLoss:  2.23069	 20 sampled NNs | VaAcc: 0.1327 +- 0.0127 | VaLoss: 2.3122 +- 0.0435
 17,  0 | TrAcc: 0.1541, TrLoss:  2.18519, VaAcc: 0.1281, VaLoss:  2.20291	 20 sampled NNs | VaAcc: 0.1271 +- 0.0163 | VaLoss: 2.3039 +- 0.0409
 18,  0 | TrAcc: 0.1836, TrLoss:  2.18015, VaAcc: 0.1620, VaLoss:  2.19993	 20 sampled NNs | VaAcc: 0.1294 +- 0.0171 | VaLoss: 2.2866 +- 0.0423
 19,  0 | TrAcc: 0.1724, TrLoss:  2.18183, VaAcc: 0.1689, VaLoss:  2.18458	 20 sampled NNs | VaAcc: 0.1411 +- 0.0221 | VaLoss: 2.3114 +- 0.0616
 20,  0 | TrAcc: 0.1957, TrLoss:  2.12767, VaAcc: 0.1690, VaLoss:  2.17525	 20 sampled NNs | VaAcc: 0.1310 +- 0.0170 | VaLoss: 2.3086 +- 0.0565
 21,  0 | TrAcc: 0.1862, TrLoss:  2.12925, VaAcc: 0.1651, VaLoss:  2.14972	 20 sampled NNs | VaAcc: 0.1208 +- 0.0141 | VaLoss: 2.3082 +- 0.0614
 22,  0 | TrAcc: 0.2094, TrLoss:  2.10960, VaAcc: 0.1745, VaLoss:  2.15291	 20 sampled NNs | VaAcc: 0.1385 +- 0.0176 | VaLoss: 2.2817 +- 0.0626
 23,  0 | TrAcc: 0.1981, TrLoss:  2.11322, VaAcc: 0.1776, VaLoss:  2.13410	 20 sampled NNs | VaAcc: 0.1287 +- 0.0096 | VaLoss: 2.2860 +- 0.0657
 24,  0 | TrAcc: 0.1937, TrLoss:  2.15141, VaAcc: 0.1790, VaLoss:  2.13595	 20 sampled NNs | VaAcc: 0.1352 +- 0.0208 | VaLoss: 2.2727 +- 0.0582
 25,  0 | TrAcc: 0.1913, TrLoss:  2.13646, VaAcc: 0.1785, VaLoss:  2.13638	 20 sampled NNs | VaAcc: 0.1309 +- 0.0171 | VaLoss: 2.2751 +- 0.0463
 26,  0 | TrAcc: 0.2013, TrLoss:  2.09635, VaAcc: 0.1757, VaLoss:  2.12815	 20 sampled NNs | VaAcc: 0.1200 +- 0.0204 | VaLoss: 2.3222 +- 0.1119
 27,  0 | TrAcc: 0.1966, TrLoss:  2.10515, VaAcc: 0.1697, VaLoss:  2.12383	 20 sampled NNs | VaAcc: 0.1305 +- 0.0126 | VaLoss: 2.2631 +- 0.0355
 28,  0 | TrAcc: 0.1911, TrLoss:  2.13055, VaAcc: 0.1789, VaLoss:  2.12046	 20 sampled NNs | VaAcc: 0.1303 +- 0.0185 | VaLoss: 2.2779 +- 0.0617
 29,  0 | TrAcc: 0.1915, TrLoss:  2.11651, VaAcc: 0.1664, VaLoss:  2.11686	 20 sampled NNs | VaAcc: 0.1256 +- 0.0197 | VaLoss: 2.2960 +- 0.0541
 30,  0 | TrAcc: 0.2115, TrLoss:  2.07725, VaAcc: 0.1801, VaLoss:  2.11328	 20 sampled NNs | VaAcc: 0.1291 +- 0.0161 | VaLoss: 2.3008 +- 0.0836
 31,  0 | TrAcc: 0.2044, TrLoss:  2.12751, VaAcc: 0.1898, VaLoss:  2.10152	 20 sampled NNs | VaAcc: 0.1377 +- 0.0214 | VaLoss: 2.2662 +- 0.0572
 32,  0 | TrAcc: 0.2103, TrLoss:  2.09969, VaAcc: 0.1944, VaLoss:  2.09406	 20 sampled NNs | VaAcc: 0.1331 +- 0.0218 | VaLoss: 2.2799 +- 0.0605
 33,  0 | TrAcc: 0.2305, TrLoss:  2.07920, VaAcc: 0.1946, VaLoss:  2.09746	 20 sampled NNs | VaAcc: 0.1348 +- 0.0182 | VaLoss: 2.3282 +- 0.0538
 34,  0 | TrAcc: 0.2080, TrLoss:  2.09031, VaAcc: 0.2005, VaLoss:  2.08698	 20 sampled NNs | VaAcc: 0.1254 +- 0.0212 | VaLoss: 2.3194 +- 0.0935
 35,  0 | TrAcc: 0.2332, TrLoss:  2.06456, VaAcc: 0.2167, VaLoss:  2.08033	 20 sampled NNs | VaAcc: 0.1238 +- 0.0249 | VaLoss: 2.3465 +- 0.0845
 36,  0 | TrAcc: 0.2367, TrLoss:  2.05645, VaAcc: 0.2119, VaLoss:  2.05653	 20 sampled NNs | VaAcc: 0.1305 +- 0.0215 | VaLoss: 2.2998 +- 0.1087
 37,  0 | TrAcc: 0.2480, TrLoss:  2.05153, VaAcc: 0.2089, VaLoss:  2.05158	 20 sampled NNs | VaAcc: 0.1375 +- 0.0221 | VaLoss: 2.2985 +- 0.1057
 38,  0 | TrAcc: 0.2660, TrLoss:  2.01111, VaAcc: 0.2131, VaLoss:  2.05765	 20 sampled NNs | VaAcc: 0.1317 +- 0.0231 | VaLoss: 2.3098 +- 0.0763
 39,  0 | TrAcc: 0.2420, TrLoss:  2.03420, VaAcc: 0.2145, VaLoss:  2.05769	 20 sampled NNs | VaAcc: 0.1347 +- 0.0203 | VaLoss: 2.3392 +- 0.1024
 40,  0 | TrAcc: 0.2725, TrLoss:  1.98874, VaAcc: 0.2245, VaLoss:  2.03425	 20 sampled NNs | VaAcc: 0.1357 +- 0.0218 | VaLoss: 2.3193 +- 0.0937
 41,  0 | TrAcc: 0.2443, TrLoss:  2.04302, VaAcc: 0.2237, VaLoss:  2.03619	 20 sampled NNs | VaAcc: 0.1293 +- 0.0238 | VaLoss: 2.3365 +- 0.1373
 42,  0 | TrAcc: 0.2578, TrLoss:  2.00865, VaAcc: 0.2215, VaLoss:  2.01731	 20 sampled NNs | VaAcc: 0.1521 +- 0.0235 | VaLoss: 2.2822 +- 0.0675
 43,  0 | TrAcc: 0.2591, TrLoss:  2.00676, VaAcc: 0.2321, VaLoss:  2.01252	 20 sampled NNs | VaAcc: 0.1396 +- 0.0238 | VaLoss: 2.2931 +- 0.0861
 44,  0 | TrAcc: 0.2695, TrLoss:  1.96918, VaAcc: 0.2318, VaLoss:  2.00041	 20 sampled NNs | VaAcc: 0.1501 +- 0.0281 | VaLoss: 2.3044 +- 0.1538
 45,  0 | TrAcc: 0.2891, TrLoss:  1.97093, VaAcc: 0.2431, VaLoss:  1.99942	 20 sampled NNs | VaAcc: 0.1308 +- 0.0212 | VaLoss: 2.3159 +- 0.1325
 46,  0 | TrAcc: 0.2750, TrLoss:  1.97235, VaAcc: 0.2560, VaLoss:  1.97104	 20 sampled NNs | VaAcc: 0.1423 +- 0.0221 | VaLoss: 2.2632 +- 0.0596
 47,  0 | TrAcc: 0.2851, TrLoss:  1.94237, VaAcc: 0.2703, VaLoss:  1.96306	 20 sampled NNs | VaAcc: 0.1497 +- 0.0279 | VaLoss: 2.2892 +- 0.0613
 48,  0 | TrAcc: 0.2801, TrLoss:  1.97619, VaAcc: 0.2658, VaLoss:  1.96819	 20 sampled NNs | VaAcc: 0.1504 +- 0.0283 | VaLoss: 2.3088 +- 0.0594
 49,  0 | TrAcc: 0.2794, TrLoss:  1.90077, VaAcc: 0.2513, VaLoss:  1.95529	 20 sampled NNs | VaAcc: 0.1506 +- 0.0279 | VaLoss: 2.3224 +- 0.0889
 50,  0 | TrAcc: 0.2746, TrLoss:  1.96994, VaAcc: 0.2620, VaLoss:  1.93263	 20 sampled NNs | VaAcc: 0.1638 +- 0.0194 | VaLoss: 2.2588 +- 0.0627
 51,  0 | TrAcc: 0.3181, TrLoss:  1.88507, VaAcc: 0.2900, VaLoss:  1.91113	 20 sampled NNs | VaAcc: 0.1591 +- 0.0279 | VaLoss: 2.2643 +- 0.0716
 52,  0 | TrAcc: 0.3011, TrLoss:  1.90147, VaAcc: 0.2783, VaLoss:  1.93158	 20 sampled NNs | VaAcc: 0.1594 +- 0.0344 | VaLoss: 2.3030 +- 0.0916
 53,  0 | TrAcc: 0.3152, TrLoss:  1.88184, VaAcc: 0.2864, VaLoss:  1.90927	 20 sampled NNs | VaAcc: 0.1647 +- 0.0314 | VaLoss: 2.2800 +- 0.0692
 54,  0 | TrAcc: 0.3013, TrLoss:  1.87687, VaAcc: 0.2904, VaLoss:  1.88877	 20 sampled NNs | VaAcc: 0.1758 +- 0.0379 | VaLoss: 2.2564 +- 0.0866
 55,  0 | TrAcc: 0.3136, TrLoss:  1.85038, VaAcc: 0.2786, VaLoss:  1.89509	 20 sampled NNs | VaAcc: 0.1689 +- 0.0333 | VaLoss: 2.2807 +- 0.1137
 56,  0 | TrAcc: 0.3020, TrLoss:  1.84827, VaAcc: 0.2889, VaLoss:  1.87932	 20 sampled NNs | VaAcc: 0.1792 +- 0.0291 | VaLoss: 2.2521 +- 0.0695
 57,  0 | TrAcc: 0.3333, TrLoss:  1.82984, VaAcc: 0.3021, VaLoss:  1.86626	 20 sampled NNs | VaAcc: 0.1745 +- 0.0390 | VaLoss: 2.2414 +- 0.0929
 58,  0 | TrAcc: 0.3292, TrLoss:  1.81229, VaAcc: 0.3053, VaLoss:  1.85068	 20 sampled NNs | VaAcc: 0.1663 +- 0.0293 | VaLoss: 2.2853 +- 0.0755
 59,  0 | TrAcc: 0.3054, TrLoss:  1.86344, VaAcc: 0.3019, VaLoss:  1.84384	 20 sampled NNs | VaAcc: 0.1757 +- 0.0323 | VaLoss: 2.2533 +- 0.0908
 60,  0 | TrAcc: 0.3292, TrLoss:  1.78317, VaAcc: 0.3146, VaLoss:  1.81714	 20 sampled NNs | VaAcc: 0.1764 +- 0.0300 | VaLoss: 2.2920 +- 0.0941
 61,  0 | TrAcc: 0.3241, TrLoss:  1.81488, VaAcc: 0.2969, VaLoss:  1.83233	 20 sampled NNs | VaAcc: 0.1643 +- 0.0300 | VaLoss: 2.3188 +- 0.1177
 62,  0 | TrAcc: 0.3443, TrLoss:  1.76155, VaAcc: 0.3106, VaLoss:  1.81229	 20 sampled NNs | VaAcc: 0.1910 +- 0.0283 | VaLoss: 2.2490 +- 0.0926
 63,  0 | TrAcc: 0.3312, TrLoss:  1.77328, VaAcc: 0.3214, VaLoss:  1.78950	 20 sampled NNs | VaAcc: 0.1713 +- 0.0370 | VaLoss: 2.2715 +- 0.1012
 64,  0 | TrAcc: 0.3505, TrLoss:  1.73695, VaAcc: 0.3352, VaLoss:  1.77884	 20 sampled NNs | VaAcc: 0.1843 +- 0.0319 | VaLoss: 2.2483 +- 0.1015
 65,  0 | TrAcc: 0.3431, TrLoss:  1.75190, VaAcc: 0.3273, VaLoss:  1.77286	 20 sampled NNs | VaAcc: 0.1835 +- 0.0333 | VaLoss: 2.2176 +- 0.0868
 66,  0 | TrAcc: 0.3762, TrLoss:  1.71014, VaAcc: 0.3550, VaLoss:  1.74801	 20 sampled NNs | VaAcc: 0.1857 +- 0.0243 | VaLoss: 2.2585 +- 0.1122
 67,  0 | TrAcc: 0.3727, TrLoss:  1.74396, VaAcc: 0.3612, VaLoss:  1.73781	 20 sampled NNs | VaAcc: 0.1940 +- 0.0230 | VaLoss: 2.2094 +- 0.0960
 68,  0 | TrAcc: 0.3488, TrLoss:  1.75561, VaAcc: 0.3524, VaLoss:  1.73638	 20 sampled NNs | VaAcc: 0.1857 +- 0.0268 | VaLoss: 2.2351 +- 0.1281
 69,  0 | TrAcc: 0.3595, TrLoss:  1.75227, VaAcc: 0.3685, VaLoss:  1.72469	 20 sampled NNs | VaAcc: 0.1956 +- 0.0369 | VaLoss: 2.2165 +- 0.0880
 70,  0 | TrAcc: 0.3628, TrLoss:  1.71149, VaAcc: 0.3429, VaLoss:  1.74101	 20 sampled NNs | VaAcc: 0.1935 +- 0.0428 | VaLoss: 2.1965 +- 0.1399
 71,  0 | TrAcc: 0.3801, TrLoss:  1.68798, VaAcc: 0.3780, VaLoss:  1.70788	 20 sampled NNs | VaAcc: 0.2016 +- 0.0329 | VaLoss: 2.2241 +- 0.1144
 72,  0 | TrAcc: 0.3744, TrLoss:  1.66975, VaAcc: 0.3724, VaLoss:  1.70253	 20 sampled NNs | VaAcc: 0.1871 +- 0.0346 | VaLoss: 2.2335 +- 0.0873
 73,  0 | TrAcc: 0.3741, TrLoss:  1.69581, VaAcc: 0.3636, VaLoss:  1.69971	 20 sampled NNs | VaAcc: 0.1979 +- 0.0236 | VaLoss: 2.1845 +- 0.0634
 74,  0 | TrAcc: 0.3931, TrLoss:  1.66288, VaAcc: 0.3977, VaLoss:  1.65796	 20 sampled NNs | VaAcc: 0.1987 +- 0.0331 | VaLoss: 2.2483 +- 0.1332
 75,  0 | TrAcc: 0.4022, TrLoss:  1.65929, VaAcc: 0.3877, VaLoss:  1.66662	 20 sampled NNs | VaAcc: 0.2091 +- 0.0299 | VaLoss: 2.1786 +- 0.0847
 76,  0 | TrAcc: 0.4030, TrLoss:  1.60340, VaAcc: 0.3783, VaLoss:  1.67554	 20 sampled NNs | VaAcc: 0.2018 +- 0.0353 | VaLoss: 2.2076 +- 0.1138
 77,  0 | TrAcc: 0.4061, TrLoss:  1.61885, VaAcc: 0.3918, VaLoss:  1.64784	 20 sampled NNs | VaAcc: 0.2116 +- 0.0424 | VaLoss: 2.1980 +- 0.1350
 78,  0 | TrAcc: 0.4033, TrLoss:  1.60016, VaAcc: 0.3735, VaLoss:  1.66520	 20 sampled NNs | VaAcc: 0.2024 +- 0.0302 | VaLoss: 2.2313 +- 0.0904
 79,  0 | TrAcc: 0.4002, TrLoss:  1.62398, VaAcc: 0.3789, VaLoss:  1.65285	 20 sampled NNs | VaAcc: 0.2116 +- 0.0329 | VaLoss: 2.1868 +- 0.1020
 80,  0 | TrAcc: 0.3968, TrLoss:  1.61618, VaAcc: 0.4105, VaLoss:  1.62261	 20 sampled NNs | VaAcc: 0.2219 +- 0.0235 | VaLoss: 2.1939 +- 0.1229
 81,  0 | TrAcc: 0.4290, TrLoss:  1.56419, VaAcc: 0.3982, VaLoss:  1.63361	 20 sampled NNs | VaAcc: 0.2014 +- 0.0327 | VaLoss: 2.2166 +- 0.1357
 82,  0 | TrAcc: 0.4213, TrLoss:  1.59266, VaAcc: 0.4021, VaLoss:  1.61660	 20 sampled NNs | VaAcc: 0.2088 +- 0.0341 | VaLoss: 2.2070 +- 0.1741
 83,  0 | TrAcc: 0.4072, TrLoss:  1.60131, VaAcc: 0.4068, VaLoss:  1.60085	 20 sampled NNs | VaAcc: 0.2127 +- 0.0381 | VaLoss: 2.1725 +- 0.1169
 84,  0 | TrAcc: 0.4129, TrLoss:  1.58042, VaAcc: 0.4277, VaLoss:  1.58090	 20 sampled NNs | VaAcc: 0.2286 +- 0.0349 | VaLoss: 2.1395 +- 0.1211
 85,  0 | TrAcc: 0.4273, TrLoss:  1.55146, VaAcc: 0.4170, VaLoss:  1.58543	 20 sampled NNs | VaAcc: 0.2123 +- 0.0405 | VaLoss: 2.1620 +- 0.1253
 86,  0 | TrAcc: 0.4497, TrLoss:  1.55577, VaAcc: 0.4128, VaLoss:  1.59993	 20 sampled NNs | VaAcc: 0.2004 +- 0.0315 | VaLoss: 2.2523 +- 0.1161
 87,  0 | TrAcc: 0.4178, TrLoss:  1.62085, VaAcc: 0.4204, VaLoss:  1.58234	 20 sampled NNs | VaAcc: 0.2177 +- 0.0389 | VaLoss: 2.1811 +- 0.1142
 88,  0 | TrAcc: 0.4329, TrLoss:  1.58847, VaAcc: 0.4397, VaLoss:  1.55401	 20 sampled NNs | VaAcc: 0.2368 +- 0.0298 | VaLoss: 2.1290 +- 0.1258
 89,  0 | TrAcc: 0.4703, TrLoss:  1.50226, VaAcc: 0.4175, VaLoss:  1.58226	 20 sampled NNs | VaAcc: 0.2003 +- 0.0344 | VaLoss: 2.2129 +- 0.1134
 90,  0 | TrAcc: 0.4358, TrLoss:  1.56078, VaAcc: 0.4425, VaLoss:  1.55100	 20 sampled NNs | VaAcc: 0.2139 +- 0.0356 | VaLoss: 2.1924 +- 0.1261
 91,  0 | TrAcc: 0.4202, TrLoss:  1.56248, VaAcc: 0.4365, VaLoss:  1.55108	 20 sampled NNs | VaAcc: 0.2309 +- 0.0359 | VaLoss: 2.1426 +- 0.1020
 92,  0 | TrAcc: 0.4447, TrLoss:  1.54536, VaAcc: 0.4387, VaLoss:  1.53432	 20 sampled NNs | VaAcc: 0.2394 +- 0.0419 | VaLoss: 2.1076 +- 0.1180
 93,  0 | TrAcc: 0.4606, TrLoss:  1.50332, VaAcc: 0.4418, VaLoss:  1.52285	 20 sampled NNs | VaAcc: 0.2364 +- 0.0381 | VaLoss: 2.1177 +- 0.1056
 94,  0 | TrAcc: 0.4488, TrLoss:  1.54694, VaAcc: 0.4266, VaLoss:  1.54746	 20 sampled NNs | VaAcc: 0.2187 +- 0.0320 | VaLoss: 2.1508 +- 0.1135
 95,  0 | TrAcc: 0.4527, TrLoss:  1.55181, VaAcc: 0.4472, VaLoss:  1.52343	 20 sampled NNs | VaAcc: 0.2390 +- 0.0305 | VaLoss: 2.1103 +- 0.0874
 96,  0 | TrAcc: 0.4724, TrLoss:  1.48789, VaAcc: 0.4560, VaLoss:  1.51380	 20 sampled NNs | VaAcc: 0.2319 +- 0.0434 | VaLoss: 2.1625 +- 0.1481
 97,  0 | TrAcc: 0.4558, TrLoss:  1.49197, VaAcc: 0.4397, VaLoss:  1.53023	 20 sampled NNs | VaAcc: 0.2626 +- 0.0339 | VaLoss: 2.0650 +- 0.0778
 98,  0 | TrAcc: 0.4775, TrLoss:  1.47798, VaAcc: 0.4471, VaLoss:  1.51111	 20 sampled NNs | VaAcc: 0.2324 +- 0.0408 | VaLoss: 2.1700 +- 0.1759
 99,  0 | TrAcc: 0.4783, TrLoss:  1.48283, VaAcc: 0.4469, VaLoss:  1.50660	 20 sampled NNs | VaAcc: 0.2275 +- 0.0356 | VaLoss: 2.1377 +- 0.1102
34465.243769
----------------------------
