

config:

HOME=/clusterFS/home/student/kopp13
PATH=/clusterFS/home/student/kopp13/miniconda3/envs/tensorflow/bin:/clusterFS/home/student/kopp13/miniconda3/bin:/clusterFS/home/student/kopp13/bin:/usr/local/bin:/usr/bin:/bin:/usr/local/games:/usr/games
LD_LIBRARY_PATH=
THEANO_FLAGS=floatX=float32,gpuarray.preallocate=0.9,dnn.library_path=/usr/lib/x86_64-linux-gnu,cxx=clang++-3.8,device=cuda,base_compiledir=/tmp/tmp.Xu1RxZ4p2d

=============================
CONFIG FILE

RNN CONFIG
{'data_multiplier': 1000.0,
 'gradient_clip_value': 0.5,
 'layer_configs': [{'layer_type': 'input'},
                   {'bc': {'init_m': 'xavier',
                           'init_v': -4.5,
                           'prior_m': 0.0,
                           'prior_v': 0.0,
                           'type': 'continuous'},
                    'bf': {'init_m': 'xavier',
                           'init_v': -4.5,
                           'prior_m': 0.0,
                           'prior_v': 0.0,
                           'type': 'continuous'},
                    'bi': {'init_m': 'xavier',
                           'init_v': -4.5,
                           'prior_m': 0.0,
                           'prior_v': 0.0,
                           'type': 'continuous'},
                    'bo': {'init_m': 'xavier',
                           'init_v': -4.5,
                           'prior_m': 0.0,
                           'prior_v': 0.0,
                           'type': 'continuous'},
                    'discrete_act': True,
                    'init_config': {'c': {'b': 'all_zero', 'w': 'xavier'},
                                    'f': {'b': 'all_one', 'w': 'all_zero'},
                                    'i': {'b': 'all_zero', 'w': 'xavier'},
                                    'o': {'b': 'all_zero', 'w': 'xavier'}},
                    'is_output': False,
                    'is_recurrent': True,
                    'layer_type': 'lstm',
                    'tau': 0.5,
                    'var_scope': 'lstm_0',
                    'wc': {'p0max': 0.95,
                           'p0min': 0.05,
                           'pmax': 0.99,
                           'pmin': 0.01,
                           'priors': [0.2, 0.6, 0.2],
                           'type': 'ternary'},
                    'wf': {'p0max': 0.95,
                           'p0min': 0.05,
                           'pmax': 0.99,
                           'pmin': 0.01,
                           'priors': [0.2, 0.6, 0.2],
                           'type': 'ternary'},
                    'wi': {'p0max': 0.95,
                           'p0min': 0.05,
                           'pmax': 0.99,
                           'pmin': 0.01,
                           'priors': [0.2, 0.6, 0.2],
                           'type': 'ternary'},
                    'wo': {'p0max': 0.95,
                           'p0min': 0.05,
                           'pmax': 0.99,
                           'pmin': 0.01,
                           'priors': [0.2, 0.6, 0.2],
                           'type': 'ternary'}},
                   {'bc': {'init_m': 'xavier',
                           'init_v': -4.5,
                           'prior_m': 0.0,
                           'prior_v': 0.0,
                           'type': 'continuous'},
                    'bf': {'init_m': 'xavier',
                           'init_v': -4.5,
                           'prior_m': 0.0,
                           'prior_v': 0.0,
                           'type': 'continuous'},
                    'bi': {'init_m': 'xavier',
                           'init_v': -4.5,
                           'prior_m': 0.0,
                           'prior_v': 0.0,
                           'type': 'continuous'},
                    'bo': {'init_m': 'xavier',
                           'init_v': -4.5,
                           'prior_m': 0.0,
                           'prior_v': 0.0,
                           'type': 'continuous'},
                    'discrete_act': True,
                    'init_config': {'c': {'b': 'all_zero', 'w': 'xavier'},
                                    'f': {'b': 'all_one', 'w': 'all_zero'},
                                    'i': {'b': 'all_zero', 'w': 'xavier'},
                                    'o': {'b': 'all_zero', 'w': 'xavier'}},
                    'is_output': False,
                    'is_recurrent': True,
                    'layer_type': 'lstm',
                    'tau': 0.5,
                    'var_scope': 'lstm_1',
                    'wc': {'p0max': 0.95,
                           'p0min': 0.05,
                           'pmax': 0.99,
                           'pmin': 0.01,
                           'priors': [0.2, 0.6, 0.2],
                           'type': 'ternary'},
                    'wf': {'p0max': 0.95,
                           'p0min': 0.05,
                           'pmax': 0.99,
                           'pmin': 0.01,
                           'priors': [0.2, 0.6, 0.2],
                           'type': 'ternary'},
                    'wi': {'p0max': 0.95,
                           'p0min': 0.05,
                           'pmax': 0.99,
                           'pmin': 0.01,
                           'priors': [0.2, 0.6, 0.2],
                           'type': 'ternary'},
                    'wo': {'p0max': 0.95,
                           'p0min': 0.05,
                           'pmax': 0.99,
                           'pmin': 0.01,
                           'priors': [0.2, 0.6, 0.2],
                           'type': 'ternary'}},
                   {'b': {'init_m': 'xavier',
                          'init_v': -4.5,
                          'prior_m': 0.0,
                          'prior_v': 0.0,
                          'type': 'continuous'},
                    'is_output': True,
                    'is_recurrent': False,
                    'layer_type': 'fc',
                    'regularization': {'mode': None, 'strength': 0.02},
                    'tau': 0.5,
                    'var_scope': 'output_layer',
                    'w': {'p0max': 0.95,
                          'p0min': 0.05,
                          'pmax': 0.99,
                          'pmin': 0.01,
                          'priors': [0.2, 0.6, 0.2],
                          'type': 'ternary'}}],
 'layout': [4, 60, 60, 10],
 'output_type': 'classification'}

DATA CONFIG
{'dataset': 'red_penstroke',
 'tr': {'in_seq_len': 30,
        'minibatch_enabled': True,
        'minibatch_size': 200,
        'out_seq_len': 5,
        'zero_padding': 20},
 'va': {'in_seq_len': 30,
        'minibatch_enabled': True,
        'minibatch_size': 200,
        'out_seq_len': 5,
        'zero_padding': 20}}

TRAINING CONFIG
{'beta_reg': 0.0,
 'is_pretrain': False,
 'learning_rate': 0.005,
 'mode': {'max_epochs': 100, 'min_error': 0.0, 'name': 'classic'},
 'task_id': 1,
 'type': 'l_sampling',
 'var_reg': 0.01}
==============================


  0,  0 | TrAcc: 0.0979, TrLoss:  4.47745, VaAcc: 0.0990, VaLoss:  4.44464	 20 sampled NNs | VaAcc: 0.1002 +- 0.0133 | VaLoss: 4.2389 +- 0.2291
  1,  0 | TrAcc: 0.1467, TrLoss:  2.27572, VaAcc: 0.1233, VaLoss:  2.29599	 20 sampled NNs | VaAcc: 0.1191 +- 0.0106 | VaLoss: 2.3667 +- 0.0434
  2,  0 | TrAcc: 0.1553, TrLoss:  2.22231, VaAcc: 0.1203, VaLoss:  2.27816	 20 sampled NNs | VaAcc: 0.1243 +- 0.0060 | VaLoss: 2.3465 +- 0.0478
  3,  0 | TrAcc: 0.1911, TrLoss:  2.09923, VaAcc: 0.1655, VaLoss:  2.16671	 20 sampled NNs | VaAcc: 0.1116 +- 0.0296 | VaLoss: 2.3039 +- 0.0389
  4,  0 | TrAcc: 0.2515, TrLoss:  2.04195, VaAcc: 0.2467, VaLoss:  2.09265	 20 sampled NNs | VaAcc: 0.1465 +- 0.0286 | VaLoss: 2.3008 +- 0.0657
  5,  0 | TrAcc: 0.2752, TrLoss:  1.94090, VaAcc: 0.2908, VaLoss:  2.01171	 20 sampled NNs | VaAcc: 0.1724 +- 0.0346 | VaLoss: 2.2287 +- 0.0640
  6,  0 | TrAcc: 0.3248, TrLoss:  1.82463, VaAcc: 0.3349, VaLoss:  1.90214	 20 sampled NNs | VaAcc: 0.1800 +- 0.0383 | VaLoss: 2.3085 +- 0.1029
  7,  0 | TrAcc: 0.3446, TrLoss:  1.74125, VaAcc: 0.3487, VaLoss:  1.80982	 20 sampled NNs | VaAcc: 0.1822 +- 0.0333 | VaLoss: 2.2137 +- 0.1120
  8,  0 | TrAcc: 0.3589, TrLoss:  1.72352, VaAcc: 0.3508, VaLoss:  1.79388	 20 sampled NNs | VaAcc: 0.2177 +- 0.0493 | VaLoss: 2.1599 +- 0.1243
  9,  0 | TrAcc: 0.4223, TrLoss:  1.55915, VaAcc: 0.4138, VaLoss:  1.64956	 20 sampled NNs | VaAcc: 0.2261 +- 0.0679 | VaLoss: 2.1821 +- 0.2448
 10,  0 | TrAcc: 0.4677, TrLoss:  1.45818, VaAcc: 0.4381, VaLoss:  1.58592	 20 sampled NNs | VaAcc: 0.2697 +- 0.0457 | VaLoss: 2.0578 +- 0.1591
 11,  0 | TrAcc: 0.4652, TrLoss:  1.49166, VaAcc: 0.4410, VaLoss:  1.54583	 20 sampled NNs | VaAcc: 0.2915 +- 0.0491 | VaLoss: 1.9788 +- 0.1455
 12,  0 | TrAcc: 0.4778, TrLoss:  1.42214, VaAcc: 0.4819, VaLoss:  1.50242	 20 sampled NNs | VaAcc: 0.3133 +- 0.0487 | VaLoss: 1.8828 +- 0.1184
 13,  0 | TrAcc: 0.4723, TrLoss:  1.42541, VaAcc: 0.4738, VaLoss:  1.46244	 20 sampled NNs | VaAcc: 0.3089 +- 0.0470 | VaLoss: 1.9283 +- 0.1764
 14,  0 | TrAcc: 0.5130, TrLoss:  1.35071, VaAcc: 0.4959, VaLoss:  1.45638	 20 sampled NNs | VaAcc: 0.2920 +- 0.0450 | VaLoss: 2.0100 +- 0.1839
 15,  0 | TrAcc: 0.5033, TrLoss:  1.35806, VaAcc: 0.4770, VaLoss:  1.46740	 20 sampled NNs | VaAcc: 0.3115 +- 0.0524 | VaLoss: 1.8881 +- 0.1666
 16,  0 | TrAcc: 0.5265, TrLoss:  1.29344, VaAcc: 0.4902, VaLoss:  1.42425	 20 sampled NNs | VaAcc: 0.3162 +- 0.0365 | VaLoss: 1.9491 +- 0.1512
 17,  0 | TrAcc: 0.5365, TrLoss:  1.28251, VaAcc: 0.4928, VaLoss:  1.43264	 20 sampled NNs | VaAcc: 0.3013 +- 0.0396 | VaLoss: 1.9502 +- 0.1771
 18,  0 | TrAcc: 0.5333, TrLoss:  1.30551, VaAcc: 0.5148, VaLoss:  1.40678	 20 sampled NNs | VaAcc: 0.2992 +- 0.0406 | VaLoss: 1.9352 +- 0.1365
 19,  0 | TrAcc: 0.5731, TrLoss:  1.21345, VaAcc: 0.5442, VaLoss:  1.34247	 20 sampled NNs | VaAcc: 0.3185 +- 0.0452 | VaLoss: 1.8285 +- 0.1950
 20,  0 | TrAcc: 0.5760, TrLoss:  1.20719, VaAcc: 0.5289, VaLoss:  1.38868	 20 sampled NNs | VaAcc: 0.3549 +- 0.0504 | VaLoss: 1.8503 +- 0.1728
 21,  0 | TrAcc: 0.5737, TrLoss:  1.19407, VaAcc: 0.5424, VaLoss:  1.32386	 20 sampled NNs | VaAcc: 0.3228 +- 0.0399 | VaLoss: 1.8413 +- 0.1638
 22,  0 | TrAcc: 0.5999, TrLoss:  1.13437, VaAcc: 0.5709, VaLoss:  1.24821	 20 sampled NNs | VaAcc: 0.3701 +- 0.0374 | VaLoss: 1.7444 +- 0.1355
 23,  0 | TrAcc: 0.5869, TrLoss:  1.15876, VaAcc: 0.5598, VaLoss:  1.28581	 20 sampled NNs | VaAcc: 0.3293 +- 0.0486 | VaLoss: 1.8280 +- 0.1126
 24,  0 | TrAcc: 0.5995, TrLoss:  1.12865, VaAcc: 0.5805, VaLoss:  1.27043	 20 sampled NNs | VaAcc: 0.3505 +- 0.0429 | VaLoss: 1.8094 +- 0.1189
 25,  0 | TrAcc: 0.6201, TrLoss:  1.08524, VaAcc: 0.5680, VaLoss:  1.29242	 20 sampled NNs | VaAcc: 0.3549 +- 0.0511 | VaLoss: 1.7739 +- 0.1772
 26,  0 | TrAcc: 0.6149, TrLoss:  1.12083, VaAcc: 0.5727, VaLoss:  1.27973	 20 sampled NNs | VaAcc: 0.3051 +- 0.0425 | VaLoss: 1.9089 +- 0.1222
 27,  0 | TrAcc: 0.6047, TrLoss:  1.12850, VaAcc: 0.5788, VaLoss:  1.26101	 20 sampled NNs | VaAcc: 0.3413 +- 0.0376 | VaLoss: 1.8643 +- 0.1809
 28,  0 | TrAcc: 0.6184, TrLoss:  1.09831, VaAcc: 0.5818, VaLoss:  1.26617	 20 sampled NNs | VaAcc: 0.3467 +- 0.0405 | VaLoss: 1.8020 +- 0.1056
 29,  0 | TrAcc: 0.6274, TrLoss:  1.10460, VaAcc: 0.5745, VaLoss:  1.25035	 20 sampled NNs | VaAcc: 0.3678 +- 0.0451 | VaLoss: 1.7999 +- 0.1379
 30,  0 | TrAcc: 0.6480, TrLoss:  1.03941, VaAcc: 0.6047, VaLoss:  1.19703	 20 sampled NNs | VaAcc: 0.3847 +- 0.0415 | VaLoss: 1.7641 +- 0.1512
 31,  0 | TrAcc: 0.6165, TrLoss:  1.09036, VaAcc: 0.5872, VaLoss:  1.21583	 20 sampled NNs | VaAcc: 0.3696 +- 0.0419 | VaLoss: 1.8015 +- 0.1427
 32,  0 | TrAcc: 0.6411, TrLoss:  1.02232, VaAcc: 0.6047, VaLoss:  1.22116	 20 sampled NNs | VaAcc: 0.3852 +- 0.0350 | VaLoss: 1.7147 +- 0.0967
 33,  0 | TrAcc: 0.6424, TrLoss:  1.04405, VaAcc: 0.5849, VaLoss:  1.22171	 20 sampled NNs | VaAcc: 0.3580 +- 0.0373 | VaLoss: 1.7815 +- 0.1175
 34,  0 | TrAcc: 0.6350, TrLoss:  1.05324, VaAcc: 0.5740, VaLoss:  1.28602	 20 sampled NNs | VaAcc: 0.3306 +- 0.0376 | VaLoss: 1.9310 +- 0.1653
 35,  0 | TrAcc: 0.6530, TrLoss:  1.01719, VaAcc: 0.5957, VaLoss:  1.21705	 20 sampled NNs | VaAcc: 0.3729 +- 0.0482 | VaLoss: 1.7761 +- 0.1336
 36,  0 | TrAcc: 0.6481, TrLoss:  0.99320, VaAcc: 0.5974, VaLoss:  1.20406	 20 sampled NNs | VaAcc: 0.3971 +- 0.0262 | VaLoss: 1.7681 +- 0.0704
 37,  0 | TrAcc: 0.6510, TrLoss:  1.00452, VaAcc: 0.5986, VaLoss:  1.20823	 20 sampled NNs | VaAcc: 0.3881 +- 0.0470 | VaLoss: 1.7597 +- 0.1541
 38,  0 | TrAcc: 0.6603, TrLoss:  0.98325, VaAcc: 0.6120, VaLoss:  1.16934	 20 sampled NNs | VaAcc: 0.3894 +- 0.0566 | VaLoss: 1.7152 +- 0.1369
 39,  0 | TrAcc: 0.6415, TrLoss:  1.04587, VaAcc: 0.6122, VaLoss:  1.19426	 20 sampled NNs | VaAcc: 0.3836 +- 0.0326 | VaLoss: 1.7331 +- 0.1224
 40,  0 | TrAcc: 0.6613, TrLoss:  0.99037, VaAcc: 0.6027, VaLoss:  1.19134	 20 sampled NNs | VaAcc: 0.3768 +- 0.0431 | VaLoss: 1.7869 +- 0.1387
 41,  0 | TrAcc: 0.6596, TrLoss:  0.97094, VaAcc: 0.6083, VaLoss:  1.20945	 20 sampled NNs | VaAcc: 0.4105 +- 0.0381 | VaLoss: 1.7346 +- 0.1119
 42,  0 | TrAcc: 0.6607, TrLoss:  0.97314, VaAcc: 0.5843, VaLoss:  1.23068	 20 sampled NNs | VaAcc: 0.3810 +- 0.0341 | VaLoss: 1.7748 +- 0.1163
 43,  0 | TrAcc: 0.6737, TrLoss:  0.94353, VaAcc: 0.6115, VaLoss:  1.20524	 20 sampled NNs | VaAcc: 0.4059 +- 0.0463 | VaLoss: 1.7073 +- 0.1180
 44,  0 | TrAcc: 0.6254, TrLoss:  1.03629, VaAcc: 0.5815, VaLoss:  1.25859	 20 sampled NNs | VaAcc: 0.3753 +- 0.0476 | VaLoss: 1.8017 +- 0.1475
 45,  0 | TrAcc: 0.6566, TrLoss:  0.98060, VaAcc: 0.5995, VaLoss:  1.19912	 20 sampled NNs | VaAcc: 0.4219 +- 0.0264 | VaLoss: 1.6664 +- 0.0919
 46,  0 | TrAcc: 0.6561, TrLoss:  0.98899, VaAcc: 0.6267, VaLoss:  1.14815	 20 sampled NNs | VaAcc: 0.4108 +- 0.0426 | VaLoss: 1.7042 +- 0.1323
 47,  0 | TrAcc: 0.6674, TrLoss:  0.94672, VaAcc: 0.6187, VaLoss:  1.19799	 20 sampled NNs | VaAcc: 0.3743 +- 0.0428 | VaLoss: 1.8122 +- 0.1735
 48,  0 | TrAcc: 0.6798, TrLoss:  0.93035, VaAcc: 0.6147, VaLoss:  1.18302	 20 sampled NNs | VaAcc: 0.4050 +- 0.0533 | VaLoss: 1.7789 +- 0.2518
 49,  0 | TrAcc: 0.6483, TrLoss:  1.03326, VaAcc: 0.6214, VaLoss:  1.16244	 20 sampled NNs | VaAcc: 0.4193 +- 0.0310 | VaLoss: 1.7057 +- 0.0968
 50,  0 | TrAcc: 0.6843, TrLoss:  0.93670, VaAcc: 0.6199, VaLoss:  1.17550	 20 sampled NNs | VaAcc: 0.4287 +- 0.0300 | VaLoss: 1.6338 +- 0.1012
 51,  0 | TrAcc: 0.6693, TrLoss:  0.95793, VaAcc: 0.6189, VaLoss:  1.14204	 20 sampled NNs | VaAcc: 0.4363 +- 0.0316 | VaLoss: 1.6367 +- 0.1157
 52,  0 | TrAcc: 0.6738, TrLoss:  0.95898, VaAcc: 0.6320, VaLoss:  1.12612	 20 sampled NNs | VaAcc: 0.4408 +- 0.0380 | VaLoss: 1.5834 +- 0.0920
 53,  0 | TrAcc: 0.6741, TrLoss:  0.91634, VaAcc: 0.6400, VaLoss:  1.11547	 20 sampled NNs | VaAcc: 0.4565 +- 0.0460 | VaLoss: 1.6296 +- 0.1699
 54,  0 | TrAcc: 0.6795, TrLoss:  0.91059, VaAcc: 0.6398, VaLoss:  1.15695	 20 sampled NNs | VaAcc: 0.4541 +- 0.0401 | VaLoss: 1.5991 +- 0.1143
 55,  0 | TrAcc: 0.6718, TrLoss:  0.95922, VaAcc: 0.6196, VaLoss:  1.14130	 20 sampled NNs | VaAcc: 0.4378 +- 0.0474 | VaLoss: 1.6850 +- 0.2080
 56,  0 | TrAcc: 0.6895, TrLoss:  0.90564, VaAcc: 0.6301, VaLoss:  1.12752	 20 sampled NNs | VaAcc: 0.4354 +- 0.0401 | VaLoss: 1.6391 +- 0.1439
 57,  0 | TrAcc: 0.6555, TrLoss:  1.02164, VaAcc: 0.6207, VaLoss:  1.13301	 20 sampled NNs | VaAcc: 0.4093 +- 0.0487 | VaLoss: 1.7190 +- 0.1939
 58,  0 | TrAcc: 0.6816, TrLoss:  0.94739, VaAcc: 0.6384, VaLoss:  1.10555	 20 sampled NNs | VaAcc: 0.4592 +- 0.0448 | VaLoss: 1.5659 +- 0.1483
 59,  0 | TrAcc: 0.6635, TrLoss:  0.97870, VaAcc: 0.6189, VaLoss:  1.13907	 20 sampled NNs | VaAcc: 0.4165 +- 0.0299 | VaLoss: 1.6628 +- 0.1489
 60,  0 | TrAcc: 0.6817, TrLoss:  0.93049, VaAcc: 0.6204, VaLoss:  1.14636	 20 sampled NNs | VaAcc: 0.4405 +- 0.0349 | VaLoss: 1.6110 +- 0.1310
 61,  0 | TrAcc: 0.6632, TrLoss:  0.96841, VaAcc: 0.6056, VaLoss:  1.20799	 20 sampled NNs | VaAcc: 0.4547 +- 0.0502 | VaLoss: 1.6357 +- 0.2194
 62,  0 | TrAcc: 0.6767, TrLoss:  0.96393, VaAcc: 0.6336, VaLoss:  1.12719	 20 sampled NNs | VaAcc: 0.4574 +- 0.0367 | VaLoss: 1.5955 +- 0.1161
 63,  0 | TrAcc: 0.6765, TrLoss:  0.96060, VaAcc: 0.6388, VaLoss:  1.11347	 20 sampled NNs | VaAcc: 0.4426 +- 0.0530 | VaLoss: 1.6254 +- 0.2505
 64,  0 | TrAcc: 0.6871, TrLoss:  0.92732, VaAcc: 0.6251, VaLoss:  1.14009	 20 sampled NNs | VaAcc: 0.4472 +- 0.0332 | VaLoss: 1.5980 +- 0.1115
 65,  0 | TrAcc: 0.6937, TrLoss:  0.88876, VaAcc: 0.6309, VaLoss:  1.14595	 20 sampled NNs | VaAcc: 0.4447 +- 0.0495 | VaLoss: 1.6506 +- 0.2078
 66,  0 | TrAcc: 0.6729, TrLoss:  0.94916, VaAcc: 0.6358, VaLoss:  1.12883	 20 sampled NNs | VaAcc: 0.4565 +- 0.0360 | VaLoss: 1.5641 +- 0.1433
 67,  0 | TrAcc: 0.6690, TrLoss:  0.96174, VaAcc: 0.6286, VaLoss:  1.14289	 20 sampled NNs | VaAcc: 0.4269 +- 0.0429 | VaLoss: 1.5927 +- 0.1159
 68,  0 | TrAcc: 0.6869, TrLoss:  0.89256, VaAcc: 0.6265, VaLoss:  1.14537	 20 sampled NNs | VaAcc: 0.4471 +- 0.0500 | VaLoss: 1.5811 +- 0.1471
 69,  0 | TrAcc: 0.6892, TrLoss:  0.88903, VaAcc: 0.6363, VaLoss:  1.13172	 20 sampled NNs | VaAcc: 0.4744 +- 0.0217 | VaLoss: 1.5084 +- 0.0827
 70,  0 | TrAcc: 0.6823, TrLoss:  0.92363, VaAcc: 0.6419, VaLoss:  1.10061	 20 sampled NNs | VaAcc: 0.4297 +- 0.0491 | VaLoss: 1.6241 +- 0.1917
 71,  0 | TrAcc: 0.6721, TrLoss:  0.95817, VaAcc: 0.6381, VaLoss:  1.08300	 20 sampled NNs | VaAcc: 0.4731 +- 0.0426 | VaLoss: 1.5229 +- 0.1367
 72,  0 | TrAcc: 0.6802, TrLoss:  0.91112, VaAcc: 0.6298, VaLoss:  1.11788	 20 sampled NNs | VaAcc: 0.4782 +- 0.0457 | VaLoss: 1.5242 +- 0.2070
 73,  0 | TrAcc: 0.6823, TrLoss:      nan, VaAcc: 0.6336, VaLoss:      nan	 20 sampled NNs | VaAcc: 0.4677 +- 0.0542 | VaLoss: 1.5426 +- 0.1623
 74,  0 | TrAcc: 0.6901, TrLoss:  0.91258, VaAcc: 0.6533, VaLoss:  1.08850	 20 sampled NNs | VaAcc: 0.5098 +- 0.0287 | VaLoss: 1.4416 +- 0.0875
 75,  0 | TrAcc: 0.6715, TrLoss:  0.94140, VaAcc: 0.6455, VaLoss:  1.10369	 20 sampled NNs | VaAcc: 0.4721 +- 0.0567 | VaLoss: 1.5424 +- 0.2191
 76,  0 | TrAcc: 0.6623, TrLoss:  0.96738, VaAcc: 0.6476, VaLoss:  1.09585	 20 sampled NNs | VaAcc: 0.4774 +- 0.0276 | VaLoss: 1.5428 +- 0.0738
 77,  0 | TrAcc: 0.6634, TrLoss:  0.96570, VaAcc: 0.6352, VaLoss:  1.10594	 20 sampled NNs | VaAcc: 0.4596 +- 0.0357 | VaLoss: 1.5358 +- 0.1098
 78,  0 | TrAcc: 0.6884, TrLoss:  0.90771, VaAcc: 0.6420, VaLoss:  1.09177	 20 sampled NNs | VaAcc: 0.4780 +- 0.0447 | VaLoss: 1.5228 +- 0.1664
 79,  0 | TrAcc: 0.6830, TrLoss:  0.91546, VaAcc: 0.6300, VaLoss:  1.10386	 20 sampled NNs | VaAcc: 0.4568 +- 0.0386 | VaLoss: 1.5583 +- 0.1241
 80,  0 | TrAcc: 0.6738, TrLoss:  0.91736, VaAcc: 0.6487, VaLoss:  1.09146	 20 sampled NNs | VaAcc: 0.4700 +- 0.0530 | VaLoss: 1.5390 +- 0.2104
 81,  0 | TrAcc: 0.6704, TrLoss:  0.94215, VaAcc: 0.6394, VaLoss:  1.10974	 20 sampled NNs | VaAcc: 0.4822 +- 0.0358 | VaLoss: 1.5105 +- 0.1228
 82,  0 | TrAcc: 0.6743, TrLoss:  0.95875, VaAcc: 0.6335, VaLoss:  1.09035	 20 sampled NNs | VaAcc: 0.4307 +- 0.0515 | VaLoss: 1.6701 +- 0.2566
 83,  0 | TrAcc: 0.6862, TrLoss:  0.93373, VaAcc: 0.6408, VaLoss:  1.12745	 20 sampled NNs | VaAcc: 0.4488 +- 0.0623 | VaLoss: 1.6120 +- 0.2628
 84,  0 | TrAcc: 0.6683, TrLoss:  0.95304, VaAcc: 0.6303, VaLoss:  1.16749	 20 sampled NNs | VaAcc: 0.4893 +- 0.0278 | VaLoss: 1.5382 +- 0.0895
 85,  0 | TrAcc: 0.6619, TrLoss:  0.95006, VaAcc: 0.6486, VaLoss:  1.11662	 20 sampled NNs | VaAcc: 0.4980 +- 0.0426 | VaLoss: 1.5085 +- 0.1554
 86,  0 | TrAcc: 0.6928, TrLoss:  0.89039, VaAcc: 0.6250, VaLoss:  1.12644	 20 sampled NNs | VaAcc: 0.4610 +- 0.0380 | VaLoss: 1.5576 +- 0.1194
 87,  0 | TrAcc: 0.6925, TrLoss:  0.91746, VaAcc: 0.6405, VaLoss:  1.10310	 20 sampled NNs | VaAcc: 0.4959 +- 0.0334 | VaLoss: 1.5077 +- 0.1302
 88,  0 | TrAcc: 0.6872, TrLoss:  0.89178, VaAcc: 0.6351, VaLoss:  1.15880	 20 sampled NNs | VaAcc: 0.4957 +- 0.0239 | VaLoss: 1.5262 +- 0.0627
 89,  0 | TrAcc: 0.6889, TrLoss:  0.91447, VaAcc: 0.6455, VaLoss:  1.13033	 20 sampled NNs | VaAcc: 0.4763 +- 0.0316 | VaLoss: 1.5199 +- 0.1010
 90,  0 | TrAcc: 0.6812, TrLoss:  0.91785, VaAcc: 0.6427, VaLoss:  1.09416	 20 sampled NNs | VaAcc: 0.4902 +- 0.0232 | VaLoss: 1.4753 +- 0.0795
 91,  0 | TrAcc: 0.6579, TrLoss:  0.99082, VaAcc: 0.6450, VaLoss:  1.10270	 20 sampled NNs | VaAcc: 0.4975 +- 0.0345 | VaLoss: 1.4990 +- 0.0892
 92,  0 | TrAcc: 0.7038, TrLoss:  0.86359, VaAcc: 0.6458, VaLoss:  1.07767	 20 sampled NNs | VaAcc: 0.4731 +- 0.0442 | VaLoss: 1.5277 +- 0.1360
 93,  0 | TrAcc: 0.6848, TrLoss:  0.88561, VaAcc: 0.6357, VaLoss:  1.13425	 20 sampled NNs | VaAcc: 0.4861 +- 0.0238 | VaLoss: 1.5436 +- 0.0918
 94,  0 | TrAcc: 0.7066, TrLoss:  0.85729, VaAcc: 0.6523, VaLoss:  1.09584	 20 sampled NNs | VaAcc: 0.5082 +- 0.0349 | VaLoss: 1.4399 +- 0.0980
 95,  0 | TrAcc: 0.6885, TrLoss:  0.88529, VaAcc: 0.6511, VaLoss:  1.10789	 20 sampled NNs | VaAcc: 0.5139 +- 0.0440 | VaLoss: 1.5037 +- 0.2266
 96,  0 | TrAcc: 0.6650, TrLoss:  0.96270, VaAcc: 0.6481, VaLoss:  1.10685	 20 sampled NNs | VaAcc: 0.4726 +- 0.0258 | VaLoss: 1.5457 +- 0.0956
 97,  0 | TrAcc: 0.7233, TrLoss:  0.78961, VaAcc: 0.6512, VaLoss:  1.09506	 20 sampled NNs | VaAcc: 0.4942 +- 0.0295 | VaLoss: 1.5309 +- 0.0978
 98,  0 | TrAcc: 0.6861, TrLoss:  0.91347, VaAcc: 0.6299, VaLoss:  1.12053	 20 sampled NNs | VaAcc: 0.4684 +- 0.0366 | VaLoss: 1.5701 +- 0.1092
 99,  0 | TrAcc: 0.7113, TrLoss:  0.82995, VaAcc: 0.6482, VaLoss:  1.08971	 20 sampled NNs | VaAcc: 0.5167 +- 0.0226 | VaLoss: 1.4675 +- 0.0768
34769.246931
----------------------------
