

config:

HOME=/clusterFS/home/student/kopp13
PATH=/clusterFS/home/student/kopp13/miniconda3/envs/tensorflow/bin:/clusterFS/home/student/kopp13/miniconda3/bin:/clusterFS/home/student/kopp13/bin:/usr/local/bin:/usr/bin:/bin:/usr/local/games:/usr/games
LD_LIBRARY_PATH=
THEANO_FLAGS=floatX=float32,gpuarray.preallocate=0.9,dnn.library_path=/usr/lib/x86_64-linux-gnu,cxx=clang++-3.8,device=cuda,base_compiledir=/tmp/tmp.ydCNJw0vZm

=============================
CONFIG FILE

RNN CONFIG
{'data_multiplier': 1000,
 'gradient_clip_value': 0.5,
 'layer_configs': [{'layer_type': 'input'},
                   {'bc': {'init_m': 'xavier',
                           'init_v': -4.5,
                           'prior_m': 0.0,
                           'prior_v': 0.0,
                           'type': 'continuous'},
                    'bf': {'init_m': 'xavier',
                           'init_v': -4.5,
                           'prior_m': 0.0,
                           'prior_v': 0.0,
                           'type': 'continuous'},
                    'bi': {'init_m': 'xavier',
                           'init_v': -4.5,
                           'prior_m': 0.0,
                           'prior_v': 0.0,
                           'type': 'continuous'},
                    'bo': {'init_m': 'xavier',
                           'init_v': -4.5,
                           'prior_m': 0.0,
                           'prior_v': 0.0,
                           'type': 'continuous'},
                    'discrete_act': True,
                    'init_config': {'c': {'b': 'all_zero', 'w': 'xavier'},
                                    'f': {'b': 'all_one', 'w': 'all_zero'},
                                    'i': {'b': 'all_zero', 'w': 'xavier'},
                                    'o': {'b': 'all_zero', 'w': 'xavier'}},
                    'is_output': False,
                    'is_recurrent': True,
                    'layer_type': 'lstm',
                    'tau': 0.8,
                    'var_scope': 'lstm_0',
                    'wc': {'p0max': 0.95,
                           'p0min': 0.05,
                           'pmax': 0.99,
                           'pmin': 0.01,
                           'priors': [0.1, 0.8, 0.1],
                           'type': 'ternary'},
                    'wf': {'p0max': 0.95,
                           'p0min': 0.05,
                           'pmax': 0.99,
                           'pmin': 0.01,
                           'priors': [0.1, 0.8, 0.1],
                           'type': 'ternary'},
                    'wi': {'p0max': 0.95,
                           'p0min': 0.05,
                           'pmax': 0.99,
                           'pmin': 0.01,
                           'priors': [0.1, 0.8, 0.1],
                           'type': 'ternary'},
                    'wo': {'p0max': 0.95,
                           'p0min': 0.05,
                           'pmax': 0.99,
                           'pmin': 0.01,
                           'priors': [0.1, 0.8, 0.1],
                           'type': 'ternary'}},
                   {'bc': {'init_m': 'xavier',
                           'init_v': -4.5,
                           'prior_m': 0.0,
                           'prior_v': 0.0,
                           'type': 'continuous'},
                    'bf': {'init_m': 'xavier',
                           'init_v': -4.5,
                           'prior_m': 0.0,
                           'prior_v': 0.0,
                           'type': 'continuous'},
                    'bi': {'init_m': 'xavier',
                           'init_v': -4.5,
                           'prior_m': 0.0,
                           'prior_v': 0.0,
                           'type': 'continuous'},
                    'bo': {'init_m': 'xavier',
                           'init_v': -4.5,
                           'prior_m': 0.0,
                           'prior_v': 0.0,
                           'type': 'continuous'},
                    'discrete_act': True,
                    'init_config': {'c': {'b': 'all_zero', 'w': 'xavier'},
                                    'f': {'b': 'all_one', 'w': 'all_zero'},
                                    'i': {'b': 'all_zero', 'w': 'xavier'},
                                    'o': {'b': 'all_zero', 'w': 'xavier'}},
                    'is_output': False,
                    'is_recurrent': True,
                    'layer_type': 'lstm',
                    'tau': 0.8,
                    'var_scope': 'lstm_1',
                    'wc': {'p0max': 0.95,
                           'p0min': 0.05,
                           'pmax': 0.99,
                           'pmin': 0.01,
                           'priors': [0.1, 0.8, 0.1],
                           'type': 'ternary'},
                    'wf': {'p0max': 0.95,
                           'p0min': 0.05,
                           'pmax': 0.99,
                           'pmin': 0.01,
                           'priors': [0.1, 0.8, 0.1],
                           'type': 'ternary'},
                    'wi': {'p0max': 0.95,
                           'p0min': 0.05,
                           'pmax': 0.99,
                           'pmin': 0.01,
                           'priors': [0.1, 0.8, 0.1],
                           'type': 'ternary'},
                    'wo': {'p0max': 0.95,
                           'p0min': 0.05,
                           'pmax': 0.99,
                           'pmin': 0.01,
                           'priors': [0.1, 0.8, 0.1],
                           'type': 'ternary'}},
                   {'b': {'init_m': 'xavier',
                          'init_v': -4.5,
                          'prior_m': 0.0,
                          'prior_v': 0.0,
                          'type': 'continuous'},
                    'is_output': True,
                    'is_recurrent': False,
                    'layer_type': 'fc',
                    'regularization': {'mode': None, 'strength': 0.02},
                    'tau': 0.8,
                    'var_scope': 'output_layer',
                    'w': {'p0max': 0.95,
                          'p0min': 0.05,
                          'pmax': 0.99,
                          'pmin': 0.01,
                          'priors': [0.1, 0.8, 0.1],
                          'type': 'ternary'}}],
 'layout': [4, 60, 60, 10],
 'output_type': 'classification'}

DATA CONFIG
{'dataset': 'red_penstroke',
 'tr': {'in_seq_len': 30,
        'minibatch_enabled': True,
        'minibatch_size': 200,
        'out_seq_len': 5,
        'zero_padding': 20},
 'va': {'in_seq_len': 30,
        'minibatch_enabled': True,
        'minibatch_size': 200,
        'out_seq_len': 5,
        'zero_padding': 20}}

TRAINING CONFIG
{'beta_reg': 0.0,
 'is_pretrain': False,
 'learning_rate': 0.002,
 'mode': {'max_epochs': 400, 'min_error': 0.0, 'name': 'classic'},
 'task_id': 0,
 'type': 'l_sampling',
 'var_reg': 0.0001}
==============================


  0,  0 | TrAcc: 0.1040, TrLoss:  2.66433, VaAcc: 0.1033, VaLoss:  2.66742	 20 sampled NNs | VaAcc: 0.1035 +- 0.0125 | VaLoss: 3.7453 +- 0.1429
  1,  0 | TrAcc: 0.1505, TrLoss:  2.21541, VaAcc: 0.1429, VaLoss:  2.21515	 20 sampled NNs | VaAcc: 0.1132 +- 0.0110 | VaLoss: 2.8302 +- 0.0895
  2,  0 | TrAcc: 0.2549, TrLoss:  2.01430, VaAcc: 0.2847, VaLoss:  1.93618	 20 sampled NNs | VaAcc: 0.1348 +- 0.0200 | VaLoss: 2.6515 +- 0.1030
  3,  0 | TrAcc: 0.2883, TrLoss:  1.83420, VaAcc: 0.3299, VaLoss:  1.73844	 20 sampled NNs | VaAcc: 0.1824 +- 0.0231 | VaLoss: 2.4513 +- 0.1006
  4,  0 | TrAcc: 0.3129, TrLoss:  1.72297, VaAcc: 0.3332, VaLoss:  1.67459	 20 sampled NNs | VaAcc: 0.1823 +- 0.0268 | VaLoss: 2.4171 +- 0.1264
  5,  0 | TrAcc: 0.3457, TrLoss:  1.71100, VaAcc: 0.3772, VaLoss:  1.60718	 20 sampled NNs | VaAcc: 0.1909 +- 0.0296 | VaLoss: 2.3644 +- 0.1463
  6,  0 | TrAcc: 0.4028, TrLoss:  1.56497, VaAcc: 0.4156, VaLoss:  1.54948	 20 sampled NNs | VaAcc: 0.2198 +- 0.0312 | VaLoss: 2.3698 +- 0.1323
  7,  0 | TrAcc: 0.4131, TrLoss:  1.51137, VaAcc: 0.3875, VaLoss:  1.52318	 20 sampled NNs | VaAcc: 0.1810 +- 0.0253 | VaLoss: 2.4430 +- 0.1426
  8,  0 | TrAcc: 0.4606, TrLoss:  1.46100, VaAcc: 0.4768, VaLoss:  1.41451	 20 sampled NNs | VaAcc: 0.2117 +- 0.0352 | VaLoss: 2.3306 +- 0.1400
  9,  0 | TrAcc: 0.4770, TrLoss:  1.43654, VaAcc: 0.5067, VaLoss:  1.36854	 20 sampled NNs | VaAcc: 0.2391 +- 0.0290 | VaLoss: 2.3128 +- 0.1329
 10,  0 | TrAcc: 0.5066, TrLoss:  1.34831, VaAcc: 0.5018, VaLoss:  1.35854	 20 sampled NNs | VaAcc: 0.2514 +- 0.0345 | VaLoss: 2.2827 +- 0.1197
 11,  0 | TrAcc: 0.5353, TrLoss:  1.31559, VaAcc: 0.5309, VaLoss:  1.31614	 20 sampled NNs | VaAcc: 0.2470 +- 0.0370 | VaLoss: 2.2756 +- 0.1475
 12,  0 | TrAcc: 0.5415, TrLoss:  1.27480, VaAcc: 0.5492, VaLoss:  1.28781	 20 sampled NNs | VaAcc: 0.2543 +- 0.0219 | VaLoss: 2.2223 +- 0.0959
 13,  0 | TrAcc: 0.5392, TrLoss:  1.31189, VaAcc: 0.5603, VaLoss:  1.26220	 20 sampled NNs | VaAcc: 0.2548 +- 0.0269 | VaLoss: 2.3176 +- 0.1446
 14,  0 | TrAcc: 0.5614, TrLoss:  1.24882, VaAcc: 0.5671, VaLoss:  1.21425	 20 sampled NNs | VaAcc: 0.2384 +- 0.0283 | VaLoss: 2.3262 +- 0.1447
 15,  0 | TrAcc: 0.5865, TrLoss:  1.16766, VaAcc: 0.5675, VaLoss:  1.20901	 20 sampled NNs | VaAcc: 0.2221 +- 0.0310 | VaLoss: 2.3687 +- 0.1582
 16,  0 | TrAcc: 0.5910, TrLoss:  1.11955, VaAcc: 0.5702, VaLoss:  1.19227	 20 sampled NNs | VaAcc: 0.2543 +- 0.0358 | VaLoss: 2.2790 +- 0.1537
 17,  0 | TrAcc: 0.6077, TrLoss:  1.14227, VaAcc: 0.6063, VaLoss:  1.12081	 20 sampled NNs | VaAcc: 0.2784 +- 0.0324 | VaLoss: 2.1605 +- 0.1139
 18,  0 | TrAcc: 0.5859, TrLoss:  1.18241, VaAcc: 0.5842, VaLoss:  1.16278	 20 sampled NNs | VaAcc: 0.2618 +- 0.0357 | VaLoss: 2.1539 +- 0.1010
 19,  0 | TrAcc: 0.6199, TrLoss:  1.08969, VaAcc: 0.5911, VaLoss:  1.13286	 20 sampled NNs | VaAcc: 0.2758 +- 0.0369 | VaLoss: 2.2246 +- 0.1612
 20,  0 | TrAcc: 0.6297, TrLoss:  1.07707, VaAcc: 0.6055, VaLoss:  1.13834	 20 sampled NNs | VaAcc: 0.2737 +- 0.0443 | VaLoss: 2.2047 +- 0.1421
 21,  0 | TrAcc: 0.6182, TrLoss:  1.04538, VaAcc: 0.6096, VaLoss:  1.09029	 20 sampled NNs | VaAcc: 0.2930 +- 0.0364 | VaLoss: 2.1985 +- 0.1540
 22,  0 | TrAcc: 0.6213, TrLoss:  1.08680, VaAcc: 0.6256, VaLoss:  1.07245	 20 sampled NNs | VaAcc: 0.3229 +- 0.0380 | VaLoss: 2.0355 +- 0.1374
 23,  0 | TrAcc: 0.6401, TrLoss:  1.03060, VaAcc: 0.6311, VaLoss:  1.03517	 20 sampled NNs | VaAcc: 0.2893 +- 0.0499 | VaLoss: 2.1641 +- 0.1806
 24,  0 | TrAcc: 0.6262, TrLoss:  1.04528, VaAcc: 0.6273, VaLoss:  1.05687	 20 sampled NNs | VaAcc: 0.2849 +- 0.0374 | VaLoss: 2.1944 +- 0.1279
 25,  0 | TrAcc: 0.6586, TrLoss:  0.99602, VaAcc: 0.6436, VaLoss:  1.04914	 20 sampled NNs | VaAcc: 0.3192 +- 0.0369 | VaLoss: 2.1095 +- 0.1642
 26,  0 | TrAcc: 0.6384, TrLoss:  1.04792, VaAcc: 0.6402, VaLoss:  1.03796	 20 sampled NNs | VaAcc: 0.2982 +- 0.0402 | VaLoss: 2.1979 +- 0.1572
 27,  0 | TrAcc: 0.6798, TrLoss:  0.91881, VaAcc: 0.6468, VaLoss:  1.02168	 20 sampled NNs | VaAcc: 0.2740 +- 0.0353 | VaLoss: 2.2846 +- 0.2204
 28,  0 | TrAcc: 0.6328, TrLoss:  1.02224, VaAcc: 0.6679, VaLoss:  0.98229	 20 sampled NNs | VaAcc: 0.3302 +- 0.0379 | VaLoss: 2.0580 +- 0.1341
 29,  0 | TrAcc: 0.6770, TrLoss:  0.95792, VaAcc: 0.6510, VaLoss:  1.01132	 20 sampled NNs | VaAcc: 0.3224 +- 0.0358 | VaLoss: 2.0551 +- 0.1309
 30,  0 | TrAcc: 0.6928, TrLoss:  0.91377, VaAcc: 0.6764, VaLoss:  0.96957	 20 sampled NNs | VaAcc: 0.3459 +- 0.0298 | VaLoss: 2.0310 +- 0.1169
 31,  0 | TrAcc: 0.6808, TrLoss:  0.89651, VaAcc: 0.6580, VaLoss:  1.00630	 20 sampled NNs | VaAcc: 0.3170 +- 0.0433 | VaLoss: 2.1630 +- 0.1756
 32,  0 | TrAcc: 0.6771, TrLoss:  0.94405, VaAcc: 0.6435, VaLoss:  1.03254	 20 sampled NNs | VaAcc: 0.3218 +- 0.0335 | VaLoss: 2.1707 +- 0.1491
 33,  0 | TrAcc: 0.6543, TrLoss:  0.97707, VaAcc: 0.6614, VaLoss:  0.98716	 20 sampled NNs | VaAcc: 0.3447 +- 0.0305 | VaLoss: 2.0013 +- 0.1061
 34,  0 | TrAcc: 0.6866, TrLoss:  0.90653, VaAcc: 0.6619, VaLoss:  0.98875	 20 sampled NNs | VaAcc: 0.3567 +- 0.0440 | VaLoss: 1.9815 +- 0.1823
 35,  0 | TrAcc: 0.6769, TrLoss:  0.94159, VaAcc: 0.6759, VaLoss:  0.95805	 20 sampled NNs | VaAcc: 0.3351 +- 0.0407 | VaLoss: 2.0552 +- 0.1550
 36,  0 | TrAcc: 0.6931, TrLoss:  0.92511, VaAcc: 0.6690, VaLoss:  0.96952	 20 sampled NNs | VaAcc: 0.3702 +- 0.0449 | VaLoss: 1.8998 +- 0.1538
 37,  0 | TrAcc: 0.6983, TrLoss:  0.88541, VaAcc: 0.6774, VaLoss:  0.96684	 20 sampled NNs | VaAcc: 0.3482 +- 0.0213 | VaLoss: 2.0246 +- 0.1104
 38,  0 | TrAcc: 0.6913, TrLoss:  0.87971, VaAcc: 0.6810, VaLoss:  0.92827	 20 sampled NNs | VaAcc: 0.3634 +- 0.0357 | VaLoss: 1.9886 +- 0.1365
 39,  0 | TrAcc: 0.6912, TrLoss:  0.90300, VaAcc: 0.6856, VaLoss:  0.93050	 20 sampled NNs | VaAcc: 0.3515 +- 0.0420 | VaLoss: 2.0172 +- 0.1646
 40,  0 | TrAcc: 0.6818, TrLoss:  0.90250, VaAcc: 0.6909, VaLoss:  0.92413	 20 sampled NNs | VaAcc: 0.3783 +- 0.0378 | VaLoss: 2.0037 +- 0.1583
 41,  0 | TrAcc: 0.7031, TrLoss:  0.85291, VaAcc: 0.6805, VaLoss:  0.96003	 20 sampled NNs | VaAcc: 0.3686 +- 0.0347 | VaLoss: 2.0077 +- 0.1279
 42,  0 | TrAcc: 0.6983, TrLoss:  0.87234, VaAcc: 0.6877, VaLoss:  0.91031	 20 sampled NNs | VaAcc: 0.3809 +- 0.0290 | VaLoss: 1.9144 +- 0.1079
 43,  0 | TrAcc: 0.6925, TrLoss:  0.88085, VaAcc: 0.6868, VaLoss:  0.93646	 20 sampled NNs | VaAcc: 0.3828 +- 0.0365 | VaLoss: 1.9081 +- 0.1252
 44,  0 | TrAcc: 0.6953, TrLoss:  0.85558, VaAcc: 0.6800, VaLoss:  0.93577	 20 sampled NNs | VaAcc: 0.3528 +- 0.0262 | VaLoss: 2.0563 +- 0.0994
 45,  0 | TrAcc: 0.7312, TrLoss:  0.77483, VaAcc: 0.6838, VaLoss:  0.90155	 20 sampled NNs | VaAcc: 0.3653 +- 0.0337 | VaLoss: 2.0235 +- 0.1125
 46,  0 | TrAcc: 0.6927, TrLoss:  0.89688, VaAcc: 0.6688, VaLoss:  0.97673	 20 sampled NNs | VaAcc: 0.3707 +- 0.0410 | VaLoss: 1.9681 +- 0.1369
 47,  0 | TrAcc: 0.7343, TrLoss:  0.77899, VaAcc: 0.6946, VaLoss:  0.89932	 20 sampled NNs | VaAcc: 0.3747 +- 0.0350 | VaLoss: 1.9476 +- 0.1394
 48,  0 | TrAcc: 0.7220, TrLoss:  0.81739, VaAcc: 0.6972, VaLoss:  0.89471	 20 sampled NNs | VaAcc: 0.3487 +- 0.0342 | VaLoss: 2.0292 +- 0.1208
 49,  0 | TrAcc: 0.6873, TrLoss:  0.88813, VaAcc: 0.6950, VaLoss:  0.90741	 20 sampled NNs | VaAcc: 0.3473 +- 0.0379 | VaLoss: 1.9692 +- 0.1555
 50,  0 | TrAcc: 0.7441, TrLoss:  0.74337, VaAcc: 0.6977, VaLoss:  0.91059	 20 sampled NNs | VaAcc: 0.3924 +- 0.0375 | VaLoss: 1.8675 +- 0.1031
 51,  0 | TrAcc: 0.7019, TrLoss:  0.83916, VaAcc: 0.6913, VaLoss:  0.93323	 20 sampled NNs | VaAcc: 0.3975 +- 0.0299 | VaLoss: 1.8956 +- 0.0993
 52,  0 | TrAcc: 0.6998, TrLoss:  0.89046, VaAcc: 0.6967, VaLoss:  0.90792	 20 sampled NNs | VaAcc: 0.3828 +- 0.0460 | VaLoss: 1.8874 +- 0.1657
 53,  0 | TrAcc: 0.7148, TrLoss:  0.82900, VaAcc: 0.6912, VaLoss:  0.91986	 20 sampled NNs | VaAcc: 0.3685 +- 0.0262 | VaLoss: 1.9720 +- 0.1394
 54,  0 | TrAcc: 0.7061, TrLoss:  0.83556, VaAcc: 0.6825, VaLoss:  0.91847	 20 sampled NNs | VaAcc: 0.3780 +- 0.0362 | VaLoss: 1.8952 +- 0.1638
 55,  0 | TrAcc: 0.7366, TrLoss:  0.74482, VaAcc: 0.7030, VaLoss:  0.89472	 20 sampled NNs | VaAcc: 0.3847 +- 0.0342 | VaLoss: 1.8892 +- 0.1330
 56,  0 | TrAcc: 0.7199, TrLoss:  0.79528, VaAcc: 0.6969, VaLoss:  0.90336	 20 sampled NNs | VaAcc: 0.3567 +- 0.0303 | VaLoss: 2.0104 +- 0.1064
 57,  0 | TrAcc: 0.7230, TrLoss:  0.81271, VaAcc: 0.7115, VaLoss:  0.86762	 20 sampled NNs | VaAcc: 0.4068 +- 0.0345 | VaLoss: 1.8404 +- 0.1267
 58,  0 | TrAcc: 0.7006, TrLoss:  0.85700, VaAcc: 0.6956, VaLoss:  0.89792	 20 sampled NNs | VaAcc: 0.4000 +- 0.0353 | VaLoss: 1.8242 +- 0.1364
 59,  0 | TrAcc: 0.7201, TrLoss:  0.80659, VaAcc: 0.7008, VaLoss:  0.86243	 20 sampled NNs | VaAcc: 0.3823 +- 0.0350 | VaLoss: 1.9241 +- 0.1126
 60,  0 | TrAcc: 0.7247, TrLoss:  0.79955, VaAcc: 0.6916, VaLoss:  0.89355	 20 sampled NNs | VaAcc: 0.4169 +- 0.0387 | VaLoss: 1.7691 +- 0.1424
 61,  0 | TrAcc: 0.7216, TrLoss:  0.80435, VaAcc: 0.7043, VaLoss:  0.85318	 20 sampled NNs | VaAcc: 0.4150 +- 0.0307 | VaLoss: 1.7902 +- 0.0922
 62,  0 | TrAcc: 0.7297, TrLoss:  0.76958, VaAcc: 0.7109, VaLoss:  0.84189	 20 sampled NNs | VaAcc: 0.3972 +- 0.0339 | VaLoss: 1.8011 +- 0.1029
 63,  0 | TrAcc: 0.7141, TrLoss:  0.79034, VaAcc: 0.6976, VaLoss:  0.85661	 20 sampled NNs | VaAcc: 0.4064 +- 0.0311 | VaLoss: 1.8429 +- 0.1234
 64,  0 | TrAcc: 0.7411, TrLoss:  0.74996, VaAcc: 0.6990, VaLoss:  0.86685	 20 sampled NNs | VaAcc: 0.4117 +- 0.0323 | VaLoss: 1.8440 +- 0.1496
 65,  0 | TrAcc: 0.7267, TrLoss:  0.77308, VaAcc: 0.6962, VaLoss:  0.88291	 20 sampled NNs | VaAcc: 0.4204 +- 0.0361 | VaLoss: 1.8101 +- 0.1354
 66,  0 | TrAcc: 0.7277, TrLoss:  0.77048, VaAcc: 0.6941, VaLoss:  0.88328	 20 sampled NNs | VaAcc: 0.3981 +- 0.0332 | VaLoss: 1.8168 +- 0.1060
 67,  0 | TrAcc: 0.7226, TrLoss:  0.81932, VaAcc: 0.7064, VaLoss:  0.86852	 20 sampled NNs | VaAcc: 0.4108 +- 0.0398 | VaLoss: 1.8229 +- 0.1465
 68,  0 | TrAcc: 0.7139, TrLoss:  0.82141, VaAcc: 0.7085, VaLoss:  0.86344	 20 sampled NNs | VaAcc: 0.4227 +- 0.0288 | VaLoss: 1.7473 +- 0.1220
 69,  0 | TrAcc: 0.7253, TrLoss:  0.79617, VaAcc: 0.7094, VaLoss:  0.84994	 20 sampled NNs | VaAcc: 0.4226 +- 0.0348 | VaLoss: 1.7613 +- 0.1161
 70,  0 | TrAcc: 0.7196, TrLoss:  0.80896, VaAcc: 0.6994, VaLoss:  0.89608	 20 sampled NNs | VaAcc: 0.4064 +- 0.0304 | VaLoss: 1.8103 +- 0.1089
 71,  0 | TrAcc: 0.7144, TrLoss:  0.82654, VaAcc: 0.7001, VaLoss:  0.86310	 20 sampled NNs | VaAcc: 0.3984 +- 0.0322 | VaLoss: 1.8664 +- 0.1360
 72,  0 | TrAcc: 0.7016, TrLoss:  0.86874, VaAcc: 0.7045, VaLoss:  0.87169	 20 sampled NNs | VaAcc: 0.3892 +- 0.0283 | VaLoss: 1.9075 +- 0.1424
 73,  0 | TrAcc: 0.7287, TrLoss:  0.78648, VaAcc: 0.7058, VaLoss:  0.85966	 20 sampled NNs | VaAcc: 0.4085 +- 0.0421 | VaLoss: 1.8314 +- 0.1412
 74,  0 | TrAcc: 0.7280, TrLoss:  0.76445, VaAcc: 0.7017, VaLoss:  0.85917	 20 sampled NNs | VaAcc: 0.4152 +- 0.0258 | VaLoss: 1.8316 +- 0.1165
 75,  0 | TrAcc: 0.7270, TrLoss:  0.78096, VaAcc: 0.7120, VaLoss:  0.84079	 20 sampled NNs | VaAcc: 0.4363 +- 0.0330 | VaLoss: 1.6997 +- 0.1506
 76,  0 | TrAcc: 0.7502, TrLoss:  0.74794, VaAcc: 0.6972, VaLoss:  0.89017	 20 sampled NNs | VaAcc: 0.4024 +- 0.0322 | VaLoss: 1.8148 +- 0.1151
 77,  0 | TrAcc: 0.7361, TrLoss:  0.75996, VaAcc: 0.7087, VaLoss:  0.85480	 20 sampled NNs | VaAcc: 0.4053 +- 0.0346 | VaLoss: 1.7976 +- 0.1294
 78,  0 | TrAcc: 0.7408, TrLoss:  0.74573, VaAcc: 0.7072, VaLoss:  0.86749	 20 sampled NNs | VaAcc: 0.4070 +- 0.0304 | VaLoss: 1.7733 +- 0.1138
 79,  0 | TrAcc: 0.7182, TrLoss:  0.80352, VaAcc: 0.6862, VaLoss:  0.91734	 20 sampled NNs | VaAcc: 0.4186 +- 0.0242 | VaLoss: 1.7475 +- 0.0988
 80,  0 | TrAcc: 0.7292, TrLoss:  0.75250, VaAcc: 0.7051, VaLoss:  0.86342	 20 sampled NNs | VaAcc: 0.4132 +- 0.0339 | VaLoss: 1.8004 +- 0.1408
 81,  0 | TrAcc: 0.7364, TrLoss:  0.75049, VaAcc: 0.6989, VaLoss:  0.86394	 20 sampled NNs | VaAcc: 0.4133 +- 0.0296 | VaLoss: 1.8016 +- 0.1290
 82,  0 | TrAcc: 0.7400, TrLoss:  0.75432, VaAcc: 0.7100, VaLoss:  0.82880	 20 sampled NNs | VaAcc: 0.4441 +- 0.0267 | VaLoss: 1.6644 +- 0.0801
 83,  0 | TrAcc: 0.7410, TrLoss:  0.75835, VaAcc: 0.7130, VaLoss:  0.82998	 20 sampled NNs | VaAcc: 0.4143 +- 0.0361 | VaLoss: 1.7812 +- 0.1342
 84,  0 | TrAcc: 0.7095, TrLoss:  0.82512, VaAcc: 0.7083, VaLoss:  0.83272	 20 sampled NNs | VaAcc: 0.4322 +- 0.0286 | VaLoss: 1.7489 +- 0.0896
 85,  0 | TrAcc: 0.7107, TrLoss:  0.85423, VaAcc: 0.7070, VaLoss:  0.85532	 20 sampled NNs | VaAcc: 0.4355 +- 0.0263 | VaLoss: 1.6978 +- 0.0916
 86,  0 | TrAcc: 0.7350, TrLoss:  0.74192, VaAcc: 0.7219, VaLoss:  0.82139	 20 sampled NNs | VaAcc: 0.4354 +- 0.0171 | VaLoss: 1.7128 +- 0.0998
 87,  0 | TrAcc: 0.7395, TrLoss:  0.75300, VaAcc: 0.7025, VaLoss:  0.86487	 20 sampled NNs | VaAcc: 0.3974 +- 0.0297 | VaLoss: 1.7975 +- 0.0876
 88,  0 | TrAcc: 0.7318, TrLoss:  0.75232, VaAcc: 0.7221, VaLoss:  0.83231	 20 sampled NNs | VaAcc: 0.4379 +- 0.0220 | VaLoss: 1.7286 +- 0.0929
 89,  0 | TrAcc: 0.7446, TrLoss:  0.72504, VaAcc: 0.7208, VaLoss:  0.81961	 20 sampled NNs | VaAcc: 0.4527 +- 0.0334 | VaLoss: 1.6657 +- 0.1311
 90,  0 | TrAcc: 0.7105, TrLoss:  0.82044, VaAcc: 0.7093, VaLoss:  0.84475	 20 sampled NNs | VaAcc: 0.4242 +- 0.0377 | VaLoss: 1.7455 +- 0.1177
 91,  0 | TrAcc: 0.7381, TrLoss:  0.76424, VaAcc: 0.7144, VaLoss:  0.83653	 20 sampled NNs | VaAcc: 0.4372 +- 0.0267 | VaLoss: 1.7024 +- 0.0853
 92,  0 | TrAcc: 0.7293, TrLoss:  0.76762, VaAcc: 0.7220, VaLoss:  0.80966	 20 sampled NNs | VaAcc: 0.4405 +- 0.0306 | VaLoss: 1.6746 +- 0.1082
 93,  0 | TrAcc: 0.7522, TrLoss:  0.70506, VaAcc: 0.7137, VaLoss:  0.82911	 20 sampled NNs | VaAcc: 0.4200 +- 0.0323 | VaLoss: 1.8297 +- 0.1376
 94,  0 | TrAcc: 0.7310, TrLoss:  0.75335, VaAcc: 0.7245, VaLoss:  0.81111	 20 sampled NNs | VaAcc: 0.4292 +- 0.0307 | VaLoss: 1.7379 +- 0.1115
 95,  0 | TrAcc: 0.7437, TrLoss:  0.74351, VaAcc: 0.7157, VaLoss:  0.83402	 20 sampled NNs | VaAcc: 0.4292 +- 0.0337 | VaLoss: 1.6934 +- 0.1003
 96,  0 | TrAcc: 0.7299, TrLoss:  0.76182, VaAcc: 0.6968, VaLoss:  0.87272	 20 sampled NNs | VaAcc: 0.4228 +- 0.0265 | VaLoss: 1.7355 +- 0.0961
 97,  0 | TrAcc: 0.7495, TrLoss:  0.71096, VaAcc: 0.7143, VaLoss:  0.83364	 20 sampled NNs | VaAcc: 0.4643 +- 0.0306 | VaLoss: 1.6099 +- 0.1034
 98,  0 | TrAcc: 0.7360, TrLoss:  0.74299, VaAcc: 0.7176, VaLoss:  0.83475	 20 sampled NNs | VaAcc: 0.4392 +- 0.0316 | VaLoss: 1.6551 +- 0.0846
 99,  0 | TrAcc: 0.7481, TrLoss:  0.72181, VaAcc: 0.7152, VaLoss:  0.84523	 20 sampled NNs | VaAcc: 0.4731 +- 0.0325 | VaLoss: 1.6066 +- 0.1005
100,  0 | TrAcc: 0.7332, TrLoss:  0.75680, VaAcc: 0.7128, VaLoss:  0.83947	 20 sampled NNs | VaAcc: 0.4448 +- 0.0239 | VaLoss: 1.6918 +- 0.0791
101,  0 | TrAcc: 0.7598, TrLoss:  0.68590, VaAcc: 0.7313, VaLoss:  0.77631	 20 sampled NNs | VaAcc: 0.4722 +- 0.0243 | VaLoss: 1.5588 +- 0.0936
102,  0 | TrAcc: 0.7595, TrLoss:  0.70950, VaAcc: 0.7180, VaLoss:  0.80199	 20 sampled NNs | VaAcc: 0.4616 +- 0.0354 | VaLoss: 1.6520 +- 0.1236
103,  0 | TrAcc: 0.7256, TrLoss:  0.78613, VaAcc: 0.7166, VaLoss:  0.82711	 20 sampled NNs | VaAcc: 0.4362 +- 0.0353 | VaLoss: 1.7550 +- 0.1401
104,  0 | TrAcc: 0.7525, TrLoss:  0.70002, VaAcc: 0.7219, VaLoss:  0.82533	 20 sampled NNs | VaAcc: 0.4578 +- 0.0301 | VaLoss: 1.6646 +- 0.1056
105,  0 | TrAcc: 0.7303, TrLoss:  0.75834, VaAcc: 0.7249, VaLoss:  0.80925	 20 sampled NNs | VaAcc: 0.4800 +- 0.0263 | VaLoss: 1.5597 +- 0.0918
106,  0 | TrAcc: 0.7275, TrLoss:  0.78265, VaAcc: 0.7188, VaLoss:  0.84696	 20 sampled NNs | VaAcc: 0.4588 +- 0.0398 | VaLoss: 1.6207 +- 0.1179
107,  0 | TrAcc: 0.7628, TrLoss:  0.68124, VaAcc: 0.7218, VaLoss:  0.83308	 20 sampled NNs | VaAcc: 0.4871 +- 0.0359 | VaLoss: 1.5325 +- 0.1077
108,  0 | TrAcc: 0.7624, TrLoss:  0.69030, VaAcc: 0.7288, VaLoss:  0.79782	 20 sampled NNs | VaAcc: 0.4924 +- 0.0333 | VaLoss: 1.5376 +- 0.1209
109,  0 | TrAcc: 0.7530, TrLoss:  0.70368, VaAcc: 0.7239, VaLoss:  0.82112	 20 sampled NNs | VaAcc: 0.4531 +- 0.0226 | VaLoss: 1.6516 +- 0.0722
110,  0 | TrAcc: 0.7470, TrLoss:  0.71751, VaAcc: 0.7233, VaLoss:  0.84909	 20 sampled NNs | VaAcc: 0.4541 +- 0.0243 | VaLoss: 1.6515 +- 0.1018
111,  0 | TrAcc: 0.7658, TrLoss:  0.69370, VaAcc: 0.6931, VaLoss:  0.90016	 20 sampled NNs | VaAcc: 0.4405 +- 0.0361 | VaLoss: 1.7655 +- 0.1289
112,  0 | TrAcc: 0.7460, TrLoss:  0.71336, VaAcc: 0.7235, VaLoss:  0.82012	 20 sampled NNs | VaAcc: 0.4510 +- 0.0433 | VaLoss: 1.6596 +- 0.1601
113,  0 | TrAcc: 0.7603, TrLoss:  0.70399, VaAcc: 0.7304, VaLoss:  0.79107	 20 sampled NNs | VaAcc: 0.4499 +- 0.0278 | VaLoss: 1.6747 +- 0.1026
114,  0 | TrAcc: 0.7533, TrLoss:  0.70639, VaAcc: 0.7167, VaLoss:  0.81106	 20 sampled NNs | VaAcc: 0.4597 +- 0.0305 | VaLoss: 1.6329 +- 0.1007
115,  0 | TrAcc: 0.7319, TrLoss:  0.76860, VaAcc: 0.7256, VaLoss:  0.79169	 20 sampled NNs | VaAcc: 0.4554 +- 0.0301 | VaLoss: 1.6408 +- 0.0960
116,  0 | TrAcc: 0.7633, TrLoss:  0.68857, VaAcc: 0.7160, VaLoss:  0.83116	 20 sampled NNs | VaAcc: 0.4488 +- 0.0190 | VaLoss: 1.6709 +- 0.0893
117,  0 | TrAcc: 0.7270, TrLoss:  0.77034, VaAcc: 0.7153, VaLoss:  0.83243	 20 sampled NNs | VaAcc: 0.4422 +- 0.0315 | VaLoss: 1.6253 +- 0.0939
118,  0 | TrAcc: 0.7323, TrLoss:  0.74093, VaAcc: 0.7083, VaLoss:  0.83837	 20 sampled NNs | VaAcc: 0.4596 +- 0.0265 | VaLoss: 1.6287 +- 0.0909
119,  0 | TrAcc: 0.7535, TrLoss:  0.70360, VaAcc: 0.7147, VaLoss:  0.82330	 20 sampled NNs | VaAcc: 0.4976 +- 0.0298 | VaLoss: 1.5419 +- 0.1052
120,  0 | TrAcc: 0.7503, TrLoss:  0.70423, VaAcc: 0.7285, VaLoss:  0.78617	 20 sampled NNs | VaAcc: 0.4488 +- 0.0230 | VaLoss: 1.6902 +- 0.0715
121,  0 | TrAcc: 0.7398, TrLoss:  0.73188, VaAcc: 0.7186, VaLoss:  0.82283	 20 sampled NNs | VaAcc: 0.4558 +- 0.0304 | VaLoss: 1.6097 +- 0.1174
122,  0 | TrAcc: 0.7437, TrLoss:  0.72104, VaAcc: 0.7142, VaLoss:  0.80876	 20 sampled NNs | VaAcc: 0.4369 +- 0.0328 | VaLoss: 1.7007 +- 0.0893
123,  0 | TrAcc: 0.7545, TrLoss:  0.68949, VaAcc: 0.7181, VaLoss:  0.81730	 20 sampled NNs | VaAcc: 0.4661 +- 0.0266 | VaLoss: 1.6811 +- 0.1218
124,  0 | TrAcc: 0.7454, TrLoss:  0.72387, VaAcc: 0.7197, VaLoss:  0.83645	 20 sampled NNs | VaAcc: 0.4611 +- 0.0344 | VaLoss: 1.6233 +- 0.1088
125,  0 | TrAcc: 0.7738, TrLoss:  0.66612, VaAcc: 0.7315, VaLoss:  0.79592	 20 sampled NNs | VaAcc: 0.4684 +- 0.0292 | VaLoss: 1.6149 +- 0.1063
126,  0 | TrAcc: 0.7447, TrLoss:  0.73188, VaAcc: 0.7245, VaLoss:  0.80894	 20 sampled NNs | VaAcc: 0.4640 +- 0.0258 | VaLoss: 1.6451 +- 0.0705
127,  0 | TrAcc: 0.7541, TrLoss:  0.68688, VaAcc: 0.7219, VaLoss:  0.80265	 20 sampled NNs | VaAcc: 0.4555 +- 0.0300 | VaLoss: 1.6270 +- 0.0916
128,  0 | TrAcc: 0.7423, TrLoss:  0.72103, VaAcc: 0.7134, VaLoss:  0.84060	 20 sampled NNs | VaAcc: 0.4755 +- 0.0255 | VaLoss: 1.5972 +- 0.0802
129,  0 | TrAcc: 0.7550, TrLoss:  0.68109, VaAcc: 0.7244, VaLoss:  0.80478	 20 sampled NNs | VaAcc: 0.4312 +- 0.0370 | VaLoss: 1.6724 +- 0.1014
130,  0 | TrAcc: 0.7651, TrLoss:  0.66464, VaAcc: 0.7296, VaLoss:  0.78756	 20 sampled NNs | VaAcc: 0.4686 +- 0.0268 | VaLoss: 1.6052 +- 0.0922
131,  0 | TrAcc: 0.7433, TrLoss:  0.70801, VaAcc: 0.7262, VaLoss:  0.78726	 20 sampled NNs | VaAcc: 0.4882 +- 0.0300 | VaLoss: 1.5565 +- 0.1144
132,  0 | TrAcc: 0.7587, TrLoss:  0.71299, VaAcc: 0.7243, VaLoss:  0.79848	 20 sampled NNs | VaAcc: 0.4762 +- 0.0269 | VaLoss: 1.5717 +- 0.0848
133,  0 | TrAcc: 0.7557, TrLoss:  0.72466, VaAcc: 0.7260, VaLoss:  0.78626	 20 sampled NNs | VaAcc: 0.4616 +- 0.0453 | VaLoss: 1.5900 +- 0.1383
134,  0 | TrAcc: 0.7252, TrLoss:  0.77258, VaAcc: 0.7152, VaLoss:  0.83050	 20 sampled NNs | VaAcc: 0.4830 +- 0.0384 | VaLoss: 1.5350 +- 0.1335
135,  0 | TrAcc: 0.7491, TrLoss:  0.71318, VaAcc: 0.7287, VaLoss:  0.80239	 20 sampled NNs | VaAcc: 0.4817 +- 0.0249 | VaLoss: 1.5655 +- 0.0867
136,  0 | TrAcc: 0.7505, TrLoss:  0.69085, VaAcc: 0.7218, VaLoss:  0.80829	 20 sampled NNs | VaAcc: 0.4754 +- 0.0283 | VaLoss: 1.5799 +- 0.1078
137,  0 | TrAcc: 0.7439, TrLoss:  0.73099, VaAcc: 0.7266, VaLoss:  0.78349	 20 sampled NNs | VaAcc: 0.4658 +- 0.0366 | VaLoss: 1.5966 +- 0.1331
138,  0 | TrAcc: 0.7493, TrLoss:  0.73147, VaAcc: 0.7247, VaLoss:  0.78028	 20 sampled NNs | VaAcc: 0.4968 +- 0.0289 | VaLoss: 1.5093 +- 0.0753
139,  0 | TrAcc: 0.7532, TrLoss:  0.70738, VaAcc: 0.7149, VaLoss:  0.80174	 20 sampled NNs | VaAcc: 0.4803 +- 0.0222 | VaLoss: 1.5581 +- 0.1048
140,  0 | TrAcc: 0.7580, TrLoss:  0.70482, VaAcc: 0.7244, VaLoss:  0.79601	 20 sampled NNs | VaAcc: 0.4924 +- 0.0311 | VaLoss: 1.5368 +- 0.1176
141,  0 | TrAcc: 0.7573, TrLoss:  0.71131, VaAcc: 0.7230, VaLoss:  0.80151	 20 sampled NNs | VaAcc: 0.4988 +- 0.0220 | VaLoss: 1.5671 +- 0.0882
142,  0 | TrAcc: 0.7564, TrLoss:  0.69620, VaAcc: 0.7240, VaLoss:  0.81209	 20 sampled NNs | VaAcc: 0.4849 +- 0.0263 | VaLoss: 1.5325 +- 0.0804
143,  0 | TrAcc: 0.7583, TrLoss:  0.70309, VaAcc: 0.7214, VaLoss:  0.81833	 20 sampled NNs | VaAcc: 0.4997 +- 0.0215 | VaLoss: 1.5130 +- 0.0788
144,  0 | TrAcc: 0.7608, TrLoss:  0.70142, VaAcc: 0.7264, VaLoss:  0.78576	 20 sampled NNs | VaAcc: 0.5004 +- 0.0385 | VaLoss: 1.4723 +- 0.0989
145,  0 | TrAcc: 0.7564, TrLoss:  0.68851, VaAcc: 0.7280, VaLoss:  0.78678	 20 sampled NNs | VaAcc: 0.5097 +- 0.0355 | VaLoss: 1.4775 +- 0.1057
146,  0 | TrAcc: 0.7497, TrLoss:  0.69682, VaAcc: 0.7321, VaLoss:  0.77259	 20 sampled NNs | VaAcc: 0.4990 +- 0.0404 | VaLoss: 1.5033 +- 0.1051
147,  0 | TrAcc: 0.7425, TrLoss:  0.71387, VaAcc: 0.7347, VaLoss:  0.78172	 20 sampled NNs | VaAcc: 0.4921 +- 0.0260 | VaLoss: 1.5101 +- 0.0955
148,  0 | TrAcc: 0.7522, TrLoss:  0.70640, VaAcc: 0.7304, VaLoss:  0.78681	 20 sampled NNs | VaAcc: 0.4958 +- 0.0261 | VaLoss: 1.4785 +- 0.0757
149,  0 | TrAcc: 0.7553, TrLoss:  0.69014, VaAcc: 0.7115, VaLoss:  0.81839	 20 sampled NNs | VaAcc: 0.4874 +- 0.0228 | VaLoss: 1.5510 +- 0.0752
150,  0 | TrAcc: 0.7621, TrLoss:  0.67719, VaAcc: 0.7158, VaLoss:  0.81208	 20 sampled NNs | VaAcc: 0.4902 +- 0.0276 | VaLoss: 1.5283 +- 0.0760
151,  0 | TrAcc: 0.7679, TrLoss:  0.65784, VaAcc: 0.7131, VaLoss:  0.84279	 20 sampled NNs | VaAcc: 0.4646 +- 0.0368 | VaLoss: 1.5960 +- 0.1338
152,  0 | TrAcc: 0.7589, TrLoss:  0.67687, VaAcc: 0.7219, VaLoss:  0.81145	 20 sampled NNs | VaAcc: 0.4649 +- 0.0197 | VaLoss: 1.6040 +- 0.0903
153,  0 | TrAcc: 0.7731, TrLoss:  0.65824, VaAcc: 0.7323, VaLoss:  0.77719	 20 sampled NNs | VaAcc: 0.4961 +- 0.0312 | VaLoss: 1.5165 +- 0.1051
154,  0 | TrAcc: 0.7480, TrLoss:  0.72168, VaAcc: 0.7212, VaLoss:  0.82065	 20 sampled NNs | VaAcc: 0.4854 +- 0.0286 | VaLoss: 1.5855 +- 0.0902
155,  0 | TrAcc: 0.7676, TrLoss:  0.66697, VaAcc: 0.7298, VaLoss:  0.78388	 20 sampled NNs | VaAcc: 0.4838 +- 0.0243 | VaLoss: 1.5856 +- 0.1018
156,  0 | TrAcc: 0.7577, TrLoss:  0.68032, VaAcc: 0.7292, VaLoss:  0.78731	 20 sampled NNs | VaAcc: 0.4834 +- 0.0259 | VaLoss: 1.5474 +- 0.1019
157,  0 | TrAcc: 0.7490, TrLoss:  0.71910, VaAcc: 0.7197, VaLoss:  0.82855	 20 sampled NNs | VaAcc: 0.4873 +- 0.0323 | VaLoss: 1.5486 +- 0.0943
158,  0 | TrAcc: 0.7411, TrLoss:  0.74591, VaAcc: 0.7328, VaLoss:  0.77772	 20 sampled NNs | VaAcc: 0.4892 +- 0.0250 | VaLoss: 1.5512 +- 0.1031
159,  0 | TrAcc: 0.7603, TrLoss:  0.66023, VaAcc: 0.7328, VaLoss:  0.79876	 20 sampled NNs | VaAcc: 0.5085 +- 0.0376 | VaLoss: 1.4681 +- 0.1541
160,  0 | TrAcc: 0.7492, TrLoss:  0.70071, VaAcc: 0.7267, VaLoss:  0.80549	 20 sampled NNs | VaAcc: 0.4786 +- 0.0232 | VaLoss: 1.5852 +- 0.0677
161,  0 | TrAcc: 0.7563, TrLoss:  0.70850, VaAcc: 0.7277, VaLoss:  0.79561	 20 sampled NNs | VaAcc: 0.4961 +- 0.0261 | VaLoss: 1.5308 +- 0.0929
162,  0 | TrAcc: 0.7744, TrLoss:  0.64847, VaAcc: 0.7170, VaLoss:  0.81592	 20 sampled NNs | VaAcc: 0.5149 +- 0.0235 | VaLoss: 1.4960 +- 0.0884
163,  0 | TrAcc: 0.7545, TrLoss:  0.69539, VaAcc: 0.7312, VaLoss:  0.78947	 20 sampled NNs | VaAcc: 0.5205 +- 0.0298 | VaLoss: 1.4352 +- 0.1013
164,  0 | TrAcc: 0.7463, TrLoss:  0.72774, VaAcc: 0.7275, VaLoss:  0.78814	 20 sampled NNs | VaAcc: 0.4755 +- 0.0298 | VaLoss: 1.5541 +- 0.0905
165,  0 | TrAcc: 0.7341, TrLoss:  0.74880, VaAcc: 0.7178, VaLoss:  0.84914	 20 sampled NNs | VaAcc: 0.4707 +- 0.0270 | VaLoss: 1.5932 +- 0.0704
166,  0 | TrAcc: 0.7555, TrLoss:  0.69764, VaAcc: 0.7240, VaLoss:  0.80708	 20 sampled NNs | VaAcc: 0.4878 +- 0.0297 | VaLoss: 1.5193 +- 0.1025
167,  0 | TrAcc: 0.7682, TrLoss:  0.65435, VaAcc: 0.7349, VaLoss:  0.79062	 20 sampled NNs | VaAcc: 0.5138 +- 0.0234 | VaLoss: 1.4131 +- 0.0618
168,  0 | TrAcc: 0.7558, TrLoss:  0.70985, VaAcc: 0.7219, VaLoss:  0.83459	 20 sampled NNs | VaAcc: 0.4788 +- 0.0309 | VaLoss: 1.5924 +- 0.1037
169,  0 | TrAcc: 0.7417, TrLoss:  0.72549, VaAcc: 0.7263, VaLoss:  0.80813	 20 sampled NNs | VaAcc: 0.4808 +- 0.0323 | VaLoss: 1.5543 +- 0.1282
170,  0 | TrAcc: 0.7566, TrLoss:  0.70573, VaAcc: 0.7276, VaLoss:  0.80199	 20 sampled NNs | VaAcc: 0.4926 +- 0.0287 | VaLoss: 1.4978 +- 0.1043
171,  0 | TrAcc: 0.7690, TrLoss:  0.64631, VaAcc: 0.7252, VaLoss:  0.81469	 20 sampled NNs | VaAcc: 0.4979 +- 0.0367 | VaLoss: 1.4984 +- 0.1263
172,  0 | TrAcc: 0.7590, TrLoss:  0.69611, VaAcc: 0.7207, VaLoss:  0.81281	 20 sampled NNs | VaAcc: 0.4966 +- 0.0374 | VaLoss: 1.5088 +- 0.1116
173,  0 | TrAcc: 0.7501, TrLoss:  0.71171, VaAcc: 0.7116, VaLoss:  0.84200	 20 sampled NNs | VaAcc: 0.4799 +- 0.0346 | VaLoss: 1.5173 +- 0.1069
174,  0 | TrAcc: 0.7626, TrLoss:  0.66479, VaAcc: 0.7105, VaLoss:  0.83199	 20 sampled NNs | VaAcc: 0.4536 +- 0.0213 | VaLoss: 1.5735 +- 0.0758
175,  0 | TrAcc: 0.7685, TrLoss:  0.65746, VaAcc: 0.7095, VaLoss:  0.83032	 20 sampled NNs | VaAcc: 0.4838 +- 0.0324 | VaLoss: 1.5760 +- 0.1158
176,  0 | TrAcc: 0.7385, TrLoss:  0.72596, VaAcc: 0.7239, VaLoss:  0.80612	 20 sampled NNs | VaAcc: 0.4950 +- 0.0222 | VaLoss: 1.4949 +- 0.1010
177,  0 | TrAcc: 0.7896, TrLoss:  0.62208, VaAcc: 0.7354, VaLoss:  0.77953	 20 sampled NNs | VaAcc: 0.4941 +- 0.0275 | VaLoss: 1.5403 +- 0.0924
178,  0 | TrAcc: 0.7451, TrLoss:  0.72484, VaAcc: 0.7289, VaLoss:  0.81111	 20 sampled NNs | VaAcc: 0.5066 +- 0.0240 | VaLoss: 1.5152 +- 0.0842
179,  0 | TrAcc: 0.7511, TrLoss:  0.69339, VaAcc: 0.7237, VaLoss:  0.80169	 20 sampled NNs | VaAcc: 0.5109 +- 0.0308 | VaLoss: 1.4537 +- 0.0983
180,  0 | TrAcc: 0.7516, TrLoss:  0.70022, VaAcc: 0.7188, VaLoss:  0.82984	 20 sampled NNs | VaAcc: 0.4859 +- 0.0303 | VaLoss: 1.5018 +- 0.0902
181,  0 | TrAcc: 0.7625, TrLoss:  0.65872, VaAcc: 0.7131, VaLoss:  0.84088	 20 sampled NNs | VaAcc: 0.4885 +- 0.0303 | VaLoss: 1.5258 +- 0.0926
182,  0 | TrAcc: 0.7738, TrLoss:  0.65672, VaAcc: 0.7204, VaLoss:  0.83385	 20 sampled NNs | VaAcc: 0.4969 +- 0.0256 | VaLoss: 1.5569 +- 0.1168
183,  0 | TrAcc: 0.7612, TrLoss:  0.67867, VaAcc: 0.7173, VaLoss:  0.82397	 20 sampled NNs | VaAcc: 0.4894 +- 0.0375 | VaLoss: 1.5083 +- 0.0819
184,  0 | TrAcc: 0.7459, TrLoss:  0.71309, VaAcc: 0.7343, VaLoss:  0.77961	 20 sampled NNs | VaAcc: 0.5225 +- 0.0298 | VaLoss: 1.4123 +- 0.0961
185,  0 | TrAcc: 0.7615, TrLoss:  0.66710, VaAcc: 0.7308, VaLoss:  0.79772	 20 sampled NNs | VaAcc: 0.5037 +- 0.0226 | VaLoss: 1.5204 +- 0.1052
186,  0 | TrAcc: 0.7720, TrLoss:  0.64928, VaAcc: 0.7320, VaLoss:  0.79172	 20 sampled NNs | VaAcc: 0.5224 +- 0.0297 | VaLoss: 1.4386 +- 0.1026
187,  0 | TrAcc: 0.7575, TrLoss:  0.69299, VaAcc: 0.7334, VaLoss:  0.79051	 20 sampled NNs | VaAcc: 0.5060 +- 0.0252 | VaLoss: 1.5044 +- 0.0768
188,  0 | TrAcc: 0.7396, TrLoss:  0.71652, VaAcc: 0.7287, VaLoss:  0.79348	 20 sampled NNs | VaAcc: 0.5020 +- 0.0369 | VaLoss: 1.4689 +- 0.1193
189,  0 | TrAcc: 0.7596, TrLoss:  0.68351, VaAcc: 0.7241, VaLoss:  0.79259	 20 sampled NNs | VaAcc: 0.5168 +- 0.0284 | VaLoss: 1.4086 +- 0.0991
190,  0 | TrAcc: 0.7709, TrLoss:  0.66445, VaAcc: 0.7211, VaLoss:  0.82273	 20 sampled NNs | VaAcc: 0.4845 +- 0.0324 | VaLoss: 1.5121 +- 0.1082
191,  0 | TrAcc: 0.7617, TrLoss:  0.69147, VaAcc: 0.7265, VaLoss:  0.82542	 20 sampled NNs | VaAcc: 0.5038 +- 0.0364 | VaLoss: 1.4817 +- 0.1108
192,  0 | TrAcc: 0.7515, TrLoss:  0.69000, VaAcc: 0.7264, VaLoss:  0.80162	 20 sampled NNs | VaAcc: 0.4802 +- 0.0209 | VaLoss: 1.5281 +- 0.0803
193,  0 | TrAcc: 0.7515, TrLoss:  0.68978, VaAcc: 0.7279, VaLoss:  0.84572	 20 sampled NNs | VaAcc: 0.5005 +- 0.0375 | VaLoss: 1.5071 +- 0.1182
194,  0 | TrAcc: 0.7672, TrLoss:  0.67108, VaAcc: 0.7249, VaLoss:  0.82151	 20 sampled NNs | VaAcc: 0.5037 +- 0.0298 | VaLoss: 1.5086 +- 0.0964
195,  0 | TrAcc: 0.7700, TrLoss:  0.65440, VaAcc: 0.7172, VaLoss:  0.83252	 20 sampled NNs | VaAcc: 0.4966 +- 0.0310 | VaLoss: 1.4901 +- 0.0941
196,  0 | TrAcc: 0.7658, TrLoss:  0.66316, VaAcc: 0.7244, VaLoss:  0.80275	 20 sampled NNs | VaAcc: 0.5032 +- 0.0241 | VaLoss: 1.4578 +- 0.0792
197,  0 | TrAcc: 0.7678, TrLoss:  0.66768, VaAcc: 0.7093, VaLoss:  0.84187	 20 sampled NNs | VaAcc: 0.4873 +- 0.0288 | VaLoss: 1.5833 +- 0.1064
198,  0 | TrAcc: 0.7523, TrLoss:  0.69047, VaAcc: 0.7182, VaLoss:  0.83771	 20 sampled NNs | VaAcc: 0.5107 +- 0.0256 | VaLoss: 1.4717 +- 0.0775
199,  0 | TrAcc: 0.7623, TrLoss:  0.66991, VaAcc: 0.7286, VaLoss:  0.81889	 20 sampled NNs | VaAcc: 0.4996 +- 0.0384 | VaLoss: 1.5418 +- 0.1177
200,  0 | TrAcc: 0.7670, TrLoss:  0.66850, VaAcc: 0.7259, VaLoss:  0.80594	 20 sampled NNs | VaAcc: 0.5091 +- 0.0246 | VaLoss: 1.4943 +- 0.0910
201,  0 | TrAcc: 0.7674, TrLoss:  0.65106, VaAcc: 0.7290, VaLoss:  0.80688	 20 sampled NNs | VaAcc: 0.5239 +- 0.0176 | VaLoss: 1.4340 +- 0.0761
202,  0 | TrAcc: 0.7656, TrLoss:  0.65809, VaAcc: 0.7190, VaLoss:  0.83547	 20 sampled NNs | VaAcc: 0.5120 +- 0.0299 | VaLoss: 1.4715 +- 0.0921
203,  0 | TrAcc: 0.7571, TrLoss:  0.69677, VaAcc: 0.7253, VaLoss:  0.83599	 20 sampled NNs | VaAcc: 0.4960 +- 0.0282 | VaLoss: 1.4796 +- 0.0906
204,  0 | TrAcc: 0.7516, TrLoss:  0.71118, VaAcc: 0.7251, VaLoss:  0.81712	 20 sampled NNs | VaAcc: 0.5058 +- 0.0265 | VaLoss: 1.5016 +- 0.0917
205,  0 | TrAcc: 0.7689, TrLoss:  0.66451, VaAcc: 0.7349, VaLoss:  0.80003	 20 sampled NNs | VaAcc: 0.5199 +- 0.0288 | VaLoss: 1.4277 +- 0.0844
206,  0 | TrAcc: 0.7761, TrLoss:  0.63801, VaAcc: 0.7300, VaLoss:  0.80335	 20 sampled NNs | VaAcc: 0.5144 +- 0.0250 | VaLoss: 1.4657 +- 0.0931
207,  0 | TrAcc: 0.7689, TrLoss:  0.65637, VaAcc: 0.7207, VaLoss:  0.83746	 20 sampled NNs | VaAcc: 0.5197 +- 0.0305 | VaLoss: 1.4811 +- 0.1108
208,  0 | TrAcc: 0.7782, TrLoss:  0.63875, VaAcc: 0.7299, VaLoss:  0.80761	 20 sampled NNs | VaAcc: 0.5220 +- 0.0271 | VaLoss: 1.4211 +- 0.0675
209,  0 | TrAcc: 0.7575, TrLoss:  0.69654, VaAcc: 0.7299, VaLoss:  0.80575	 20 sampled NNs | VaAcc: 0.5149 +- 0.0217 | VaLoss: 1.4661 +- 0.0704
210,  0 | TrAcc: 0.7730, TrLoss:  0.62849, VaAcc: 0.7297, VaLoss:  0.81829	 20 sampled NNs | VaAcc: 0.5068 +- 0.0306 | VaLoss: 1.4636 +- 0.1121
211,  0 | TrAcc: 0.7523, TrLoss:  0.69695, VaAcc: 0.7224, VaLoss:  0.81401	 20 sampled NNs | VaAcc: 0.5211 +- 0.0354 | VaLoss: 1.4513 +- 0.1100
212,  0 | TrAcc: 0.7721, TrLoss:  0.67794, VaAcc: 0.7283, VaLoss:  0.80656	 20 sampled NNs | VaAcc: 0.5253 +- 0.0300 | VaLoss: 1.4339 +- 0.1112
213,  0 | TrAcc: 0.7710, TrLoss:  0.65869, VaAcc: 0.7256, VaLoss:  0.81385	 20 sampled NNs | VaAcc: 0.5253 +- 0.0331 | VaLoss: 1.3962 +- 0.0829
214,  0 | TrAcc: 0.7816, TrLoss:  0.63535, VaAcc: 0.7302, VaLoss:  0.79893	 20 sampled NNs | VaAcc: 0.5325 +- 0.0273 | VaLoss: 1.3947 +- 0.1061
215,  0 | TrAcc: 0.7682, TrLoss:  0.67146, VaAcc: 0.7233, VaLoss:  0.81611	 20 sampled NNs | VaAcc: 0.5279 +- 0.0199 | VaLoss: 1.3917 +- 0.0682
216,  0 | TrAcc: 0.7568, TrLoss:  0.69640, VaAcc: 0.7215, VaLoss:  0.80576	 20 sampled NNs | VaAcc: 0.4968 +- 0.0280 | VaLoss: 1.5121 +- 0.1074
217,  0 | TrAcc: 0.7750, TrLoss:  0.65414, VaAcc: 0.7263, VaLoss:  0.81105	 20 sampled NNs | VaAcc: 0.5017 +- 0.0250 | VaLoss: 1.5365 +- 0.0668
218,  0 | TrAcc: 0.7690, TrLoss:  0.66756, VaAcc: 0.7267, VaLoss:  0.80506	 20 sampled NNs | VaAcc: 0.4937 +- 0.0197 | VaLoss: 1.5256 +- 0.0861
219,  0 | TrAcc: 0.7817, TrLoss:  0.62269, VaAcc: 0.7275, VaLoss:  0.80901	 20 sampled NNs | VaAcc: 0.5174 +- 0.0288 | VaLoss: 1.4437 +- 0.1028
220,  0 | TrAcc: 0.7752, TrLoss:  0.66688, VaAcc: 0.7153, VaLoss:  0.84393	 20 sampled NNs | VaAcc: 0.5161 +- 0.0298 | VaLoss: 1.4733 +- 0.0964
221,  0 | TrAcc: 0.7725, TrLoss:  0.63338, VaAcc: 0.7135, VaLoss:  0.84656	 20 sampled NNs | VaAcc: 0.4823 +- 0.0321 | VaLoss: 1.5219 +- 0.0915
222,  0 | TrAcc: 0.7722, TrLoss:  0.65044, VaAcc: 0.7371, VaLoss:  0.79665	 20 sampled NNs | VaAcc: 0.5366 +- 0.0299 | VaLoss: 1.3888 +- 0.1083
223,  0 | TrAcc: 0.7854, TrLoss:  0.62193, VaAcc: 0.7121, VaLoss:  0.85540	 20 sampled NNs | VaAcc: 0.5263 +- 0.0270 | VaLoss: 1.4033 +- 0.0774
224,  0 | TrAcc: 0.7586, TrLoss:  0.66860, VaAcc: 0.7140, VaLoss:  0.86387	 20 sampled NNs | VaAcc: 0.4609 +- 0.0288 | VaLoss: 1.6630 +- 0.0895
225,  0 | TrAcc: 0.7581, TrLoss:  0.68284, VaAcc: 0.7278, VaLoss:  0.81764	 20 sampled NNs | VaAcc: 0.5104 +- 0.0358 | VaLoss: 1.4941 +- 0.1271
226,  0 | TrAcc: 0.7166, TrLoss:  0.80588, VaAcc: 0.7200, VaLoss:  0.85740	 20 sampled NNs | VaAcc: 0.4682 +- 0.0325 | VaLoss: 1.5974 +- 0.1006
227,  0 | TrAcc: 0.7822, TrLoss:  0.62183, VaAcc: 0.7287, VaLoss:  0.79886	 20 sampled NNs | VaAcc: 0.5035 +- 0.0419 | VaLoss: 1.4870 +- 0.1409
228,  0 | TrAcc: 0.7684, TrLoss:  0.65468, VaAcc: 0.7249, VaLoss:  0.82479	 20 sampled NNs | VaAcc: 0.5107 +- 0.0326 | VaLoss: 1.4880 +- 0.1153
229,  0 | TrAcc: 0.7767, TrLoss:  0.62938, VaAcc: 0.7313, VaLoss:  0.78202	 20 sampled NNs | VaAcc: 0.5399 +- 0.0254 | VaLoss: 1.3952 +- 0.0824
230,  0 | TrAcc: 0.7514, TrLoss:  0.70594, VaAcc: 0.7255, VaLoss:  0.84045	 20 sampled NNs | VaAcc: 0.5057 +- 0.0251 | VaLoss: 1.4997 +- 0.1004
231,  0 | TrAcc: 0.7661, TrLoss:  0.64258, VaAcc: 0.7334, VaLoss:  0.79903	 20 sampled NNs | VaAcc: 0.5306 +- 0.0301 | VaLoss: 1.3920 +- 0.0922
232,  0 | TrAcc: 0.7664, TrLoss:  0.66667, VaAcc: 0.7316, VaLoss:  0.77255	 20 sampled NNs | VaAcc: 0.5288 +- 0.0256 | VaLoss: 1.4004 +- 0.0830
233,  0 | TrAcc: 0.7746, TrLoss:  0.64427, VaAcc: 0.7371, VaLoss:  0.79214	 20 sampled NNs | VaAcc: 0.5157 +- 0.0347 | VaLoss: 1.4188 +- 0.1186
234,  0 | TrAcc: 0.7608, TrLoss:  0.67034, VaAcc: 0.7266, VaLoss:  0.81257	 20 sampled NNs | VaAcc: 0.5095 +- 0.0395 | VaLoss: 1.4810 +- 0.0975
235,  0 | TrAcc: 0.7666, TrLoss:  0.65523, VaAcc: 0.7298, VaLoss:  0.80250	 20 sampled NNs | VaAcc: 0.5192 +- 0.0229 | VaLoss: 1.4389 +- 0.0810
236,  0 | TrAcc: 0.7738, TrLoss:  0.64401, VaAcc: 0.7276, VaLoss:  0.82411	 20 sampled NNs | VaAcc: 0.5159 +- 0.0240 | VaLoss: 1.4318 +- 0.0905
237,  0 | TrAcc: 0.7767, TrLoss:  0.64018, VaAcc: 0.7289, VaLoss:  0.79903	 20 sampled NNs | VaAcc: 0.5233 +- 0.0415 | VaLoss: 1.4287 +- 0.1428
238,  0 | TrAcc: 0.7663, TrLoss:  0.65924, VaAcc: 0.7335, VaLoss:  0.78150	 20 sampled NNs | VaAcc: 0.5157 +- 0.0182 | VaLoss: 1.4385 +- 0.0773
239,  0 | TrAcc: 0.7781, TrLoss:  0.62881, VaAcc: 0.7402, VaLoss:  0.79052	 20 sampled NNs | VaAcc: 0.5325 +- 0.0270 | VaLoss: 1.3837 +- 0.0903
240,  0 | TrAcc: 0.7608, TrLoss:  0.69709, VaAcc: 0.7382, VaLoss:  0.80626	 20 sampled NNs | VaAcc: 0.5284 +- 0.0266 | VaLoss: 1.4185 +- 0.0788
241,  0 | TrAcc: 0.7417, TrLoss:  0.73748, VaAcc: 0.7289, VaLoss:  0.77571	 20 sampled NNs | VaAcc: 0.5240 +- 0.0266 | VaLoss: 1.4256 +- 0.0867
242,  0 | TrAcc: 0.7584, TrLoss:  0.68750, VaAcc: 0.7243, VaLoss:  0.78970	 20 sampled NNs | VaAcc: 0.5433 +- 0.0219 | VaLoss: 1.3719 +- 0.0688
243,  0 | TrAcc: 0.7820, TrLoss:  0.62143, VaAcc: 0.7327, VaLoss:  0.77969	 20 sampled NNs | VaAcc: 0.5217 +- 0.0261 | VaLoss: 1.4187 +- 0.0887
244,  0 | TrAcc: 0.7694, TrLoss:  0.65023, VaAcc: 0.7385, VaLoss:  0.77712	 20 sampled NNs | VaAcc: 0.5170 +- 0.0331 | VaLoss: 1.4333 +- 0.0927
245,  0 | TrAcc: 0.7885, TrLoss:  0.61421, VaAcc: 0.7260, VaLoss:  0.79816	 20 sampled NNs | VaAcc: 0.5274 +- 0.0309 | VaLoss: 1.4170 +- 0.0797
246,  0 | TrAcc: 0.7849, TrLoss:  0.61769, VaAcc: 0.7425, VaLoss:  0.79620	 20 sampled NNs | VaAcc: 0.5291 +- 0.0247 | VaLoss: 1.4275 +- 0.0724
247,  0 | TrAcc: 0.7700, TrLoss:  0.64137, VaAcc: 0.7395, VaLoss:  0.77589	 20 sampled NNs | VaAcc: 0.5397 +- 0.0301 | VaLoss: 1.3803 +- 0.1076
248,  0 | TrAcc: 0.7697, TrLoss:  0.66646, VaAcc: 0.7325, VaLoss:  0.77631	 20 sampled NNs | VaAcc: 0.5177 +- 0.0294 | VaLoss: 1.4485 +- 0.0972
249,  0 | TrAcc: 0.7816, TrLoss:  0.62246, VaAcc: 0.7387, VaLoss:  0.77582	 20 sampled NNs | VaAcc: 0.5305 +- 0.0339 | VaLoss: 1.4050 +- 0.0928
250,  0 | TrAcc: 0.7877, TrLoss:  0.62922, VaAcc: 0.7305, VaLoss:  0.81229	 20 sampled NNs | VaAcc: 0.5204 +- 0.0261 | VaLoss: 1.4719 +- 0.1017
251,  0 | TrAcc: 0.7781, TrLoss:  0.63348, VaAcc: 0.7276, VaLoss:  0.83592	 20 sampled NNs | VaAcc: 0.5321 +- 0.0259 | VaLoss: 1.4161 +- 0.1022
252,  0 | TrAcc: 0.7727, TrLoss:  0.64861, VaAcc: 0.7267, VaLoss:  0.79539	 20 sampled NNs | VaAcc: 0.5290 +- 0.0308 | VaLoss: 1.4137 +- 0.1082
253,  0 | TrAcc: 0.7725, TrLoss:  0.65896, VaAcc: 0.7303, VaLoss:  0.79517	 20 sampled NNs | VaAcc: 0.5135 +- 0.0272 | VaLoss: 1.4494 +- 0.0821
254,  0 | TrAcc: 0.7856, TrLoss:  0.60519, VaAcc: 0.7375, VaLoss:  0.78451	 20 sampled NNs | VaAcc: 0.5358 +- 0.0276 | VaLoss: 1.3714 +- 0.1036
255,  0 | TrAcc: 0.7880, TrLoss:  0.60949, VaAcc: 0.7342, VaLoss:  0.78427	 20 sampled NNs | VaAcc: 0.5369 +- 0.0217 | VaLoss: 1.3846 +- 0.0611
256,  0 | TrAcc: 0.7659, TrLoss:  0.66323, VaAcc: 0.7300, VaLoss:  0.78532	 20 sampled NNs | VaAcc: 0.5146 +- 0.0279 | VaLoss: 1.4559 +- 0.0999
257,  0 | TrAcc: 0.7798, TrLoss:  0.62166, VaAcc: 0.7317, VaLoss:  0.78820	 20 sampled NNs | VaAcc: 0.5365 +- 0.0270 | VaLoss: 1.3935 +- 0.0826
258,  0 | TrAcc: 0.7559, TrLoss:  0.68015, VaAcc: 0.7353, VaLoss:  0.77870	 20 sampled NNs | VaAcc: 0.5628 +- 0.0295 | VaLoss: 1.3227 +- 0.0902
259,  0 | TrAcc: 0.8121, TrLoss:  0.54184, VaAcc: 0.7287, VaLoss:  0.81343	 20 sampled NNs | VaAcc: 0.5483 +- 0.0240 | VaLoss: 1.3496 +- 0.0685
260,  0 | TrAcc: 0.7537, TrLoss:  0.69778, VaAcc: 0.7264, VaLoss:  0.79475	 20 sampled NNs | VaAcc: 0.5073 +- 0.0378 | VaLoss: 1.4648 +- 0.1554
261,  0 | TrAcc: 0.7539, TrLoss:  0.67725, VaAcc: 0.7231, VaLoss:  0.80278	 20 sampled NNs | VaAcc: 0.5151 +- 0.0367 | VaLoss: 1.4239 +- 0.1052
262,  0 | TrAcc: 0.7758, TrLoss:  0.64501, VaAcc: 0.7238, VaLoss:  0.82359	 20 sampled NNs | VaAcc: 0.5252 +- 0.0277 | VaLoss: 1.4204 +- 0.0891
263,  0 | TrAcc: 0.7645, TrLoss:  0.64170, VaAcc: 0.7330, VaLoss:  0.79634	 20 sampled NNs | VaAcc: 0.5458 +- 0.0173 | VaLoss: 1.3601 +- 0.0746
264,  0 | TrAcc: 0.7597, TrLoss:  0.68988, VaAcc: 0.7269, VaLoss:  0.82200	 20 sampled NNs | VaAcc: 0.5043 +- 0.0371 | VaLoss: 1.5160 +- 0.1348
265,  0 | TrAcc: 0.7689, TrLoss:  0.67464, VaAcc: 0.7217, VaLoss:  0.83040	 20 sampled NNs | VaAcc: 0.5156 +- 0.0218 | VaLoss: 1.4467 +- 0.0940
266,  0 | TrAcc: 0.7657, TrLoss:  0.65969, VaAcc: 0.7324, VaLoss:  0.80624	 20 sampled NNs | VaAcc: 0.5369 +- 0.0178 | VaLoss: 1.3795 +- 0.0796
267,  0 | TrAcc: 0.7831, TrLoss:  0.63084, VaAcc: 0.7305, VaLoss:  0.82244	 20 sampled NNs | VaAcc: 0.5215 +- 0.0316 | VaLoss: 1.4165 +- 0.1051
268,  0 | TrAcc: 0.7434, TrLoss:  0.70611, VaAcc: 0.7312, VaLoss:  0.80499	 20 sampled NNs | VaAcc: 0.5079 +- 0.0259 | VaLoss: 1.4831 +- 0.1128
269,  0 | TrAcc: 0.7650, TrLoss:  0.66548, VaAcc: 0.7291, VaLoss:  0.81022	 20 sampled NNs | VaAcc: 0.5368 +- 0.0288 | VaLoss: 1.3881 +- 0.0922
270,  0 | TrAcc: 0.7822, TrLoss:  0.62788, VaAcc: 0.7302, VaLoss:  0.79786	 20 sampled NNs | VaAcc: 0.5338 +- 0.0355 | VaLoss: 1.3950 +- 0.1091
271,  0 | TrAcc: 0.7790, TrLoss:  0.63214, VaAcc: 0.7231, VaLoss:  0.81354	 20 sampled NNs | VaAcc: 0.5456 +- 0.0202 | VaLoss: 1.3795 +- 0.0675
272,  0 | TrAcc: 0.7519, TrLoss:  0.66031, VaAcc: 0.7319, VaLoss:  0.81103	 20 sampled NNs | VaAcc: 0.5358 +- 0.0306 | VaLoss: 1.3863 +- 0.0936
273,  0 | TrAcc: 0.7658, TrLoss:  0.67338, VaAcc: 0.7258, VaLoss:  0.82842	 20 sampled NNs | VaAcc: 0.5185 +- 0.0265 | VaLoss: 1.4390 +- 0.0964
274,  0 | TrAcc: 0.7610, TrLoss:  0.69101, VaAcc: 0.7269, VaLoss:  0.79149	 20 sampled NNs | VaAcc: 0.5277 +- 0.0252 | VaLoss: 1.4159 +- 0.0883
275,  0 | TrAcc: 0.7727, TrLoss:  0.65015, VaAcc: 0.7288, VaLoss:  0.79182	 20 sampled NNs | VaAcc: 0.5303 +- 0.0315 | VaLoss: 1.3862 +- 0.1006
276,  0 | TrAcc: 0.7927, TrLoss:  0.58261, VaAcc: 0.7293, VaLoss:  0.79640	 20 sampled NNs | VaAcc: 0.5147 +- 0.0262 | VaLoss: 1.5195 +- 0.1089
277,  0 | TrAcc: 0.7767, TrLoss:  0.64729, VaAcc: 0.7358, VaLoss:  0.80671	 20 sampled NNs | VaAcc: 0.5291 +- 0.0196 | VaLoss: 1.4192 +- 0.0713
278,  0 | TrAcc: 0.7866, TrLoss:  0.60406, VaAcc: 0.7331, VaLoss:  0.79559	 20 sampled NNs | VaAcc: 0.5108 +- 0.0382 | VaLoss: 1.4869 +- 0.1172
279,  0 | TrAcc: 0.7839, TrLoss:  0.61770, VaAcc: 0.7346, VaLoss:  0.79498	 20 sampled NNs | VaAcc: 0.5565 +- 0.0285 | VaLoss: 1.3742 +- 0.0936
280,  0 | TrAcc: 0.7742, TrLoss:  0.64369, VaAcc: 0.7342, VaLoss:  0.77889	 20 sampled NNs | VaAcc: 0.5279 +- 0.0283 | VaLoss: 1.4033 +- 0.0854
281,  0 | TrAcc: 0.7784, TrLoss:  0.64368, VaAcc: 0.7341, VaLoss:  0.79326	 20 sampled NNs | VaAcc: 0.5294 +- 0.0308 | VaLoss: 1.3964 +- 0.0913
282,  0 | TrAcc: 0.7583, TrLoss:  0.69965, VaAcc: 0.7282, VaLoss:  0.80884	 20 sampled NNs | VaAcc: 0.5417 +- 0.0201 | VaLoss: 1.3525 +- 0.0692
283,  0 | TrAcc: 0.7694, TrLoss:  0.67214, VaAcc: 0.7275, VaLoss:  0.80305	 20 sampled NNs | VaAcc: 0.5331 +- 0.0259 | VaLoss: 1.4140 +- 0.1076
284,  0 | TrAcc: 0.7781, TrLoss:  0.64685, VaAcc: 0.7322, VaLoss:  0.77862	 20 sampled NNs | VaAcc: 0.5585 +- 0.0207 | VaLoss: 1.3125 +- 0.0501
285,  0 | TrAcc: 0.7726, TrLoss:  0.64005, VaAcc: 0.7420, VaLoss:  0.76571	 20 sampled NNs | VaAcc: 0.5663 +- 0.0260 | VaLoss: 1.2945 +- 0.0642
286,  0 | TrAcc: 0.7498, TrLoss:  0.70419, VaAcc: 0.7236, VaLoss:  0.81448	 20 sampled NNs | VaAcc: 0.5219 +- 0.0295 | VaLoss: 1.4232 +- 0.0988
287,  0 | TrAcc: 0.7798, TrLoss:  0.64521, VaAcc: 0.7261, VaLoss:  0.79783	 20 sampled NNs | VaAcc: 0.5248 +- 0.0274 | VaLoss: 1.4125 +- 0.0781
288,  0 | TrAcc: 0.7858, TrLoss:  0.61650, VaAcc: 0.7421, VaLoss:  0.78983	 20 sampled NNs | VaAcc: 0.5515 +- 0.0253 | VaLoss: 1.3527 +- 0.0979
289,  0 | TrAcc: 0.7496, TrLoss:  0.68996, VaAcc: 0.7364, VaLoss:  0.77445	 20 sampled NNs | VaAcc: 0.5455 +- 0.0254 | VaLoss: 1.3747 +- 0.0796
290,  0 | TrAcc: 0.7975, TrLoss:  0.58755, VaAcc: 0.7355, VaLoss:  0.80031	 20 sampled NNs | VaAcc: 0.5554 +- 0.0257 | VaLoss: 1.3334 +- 0.0736
291,  0 | TrAcc: 0.7438, TrLoss:  0.74241, VaAcc: 0.7171, VaLoss:  0.84559	 20 sampled NNs | VaAcc: 0.4970 +- 0.0421 | VaLoss: 1.5653 +- 0.1601
292,  0 | TrAcc: 0.7632, TrLoss:  0.67702, VaAcc: 0.7283, VaLoss:  0.80972	 20 sampled NNs | VaAcc: 0.5343 +- 0.0272 | VaLoss: 1.3809 +- 0.0780
293,  0 | TrAcc: 0.7575, TrLoss:  0.68749, VaAcc: 0.7262, VaLoss:  0.82375	 20 sampled NNs | VaAcc: 0.5379 +- 0.0249 | VaLoss: 1.4164 +- 0.1267
294,  0 | TrAcc: 0.7749, TrLoss:  0.64489, VaAcc: 0.7371, VaLoss:  0.78662	 20 sampled NNs | VaAcc: 0.5374 +- 0.0235 | VaLoss: 1.3737 +- 0.1027
295,  0 | TrAcc: 0.7634, TrLoss:  0.67313, VaAcc: 0.7264, VaLoss:  0.82119	 20 sampled NNs | VaAcc: 0.5370 +- 0.0287 | VaLoss: 1.3919 +- 0.0822
296,  0 | TrAcc: 0.7770, TrLoss:  0.62687, VaAcc: 0.7203, VaLoss:  0.82817	 20 sampled NNs | VaAcc: 0.5217 +- 0.0314 | VaLoss: 1.4600 +- 0.0975
297,  0 | TrAcc: 0.7738, TrLoss:  0.64173, VaAcc: 0.7363, VaLoss:  0.79393	 20 sampled NNs | VaAcc: 0.5470 +- 0.0294 | VaLoss: 1.3697 +- 0.0916
298,  0 | TrAcc: 0.7628, TrLoss:  0.68490, VaAcc: 0.7325, VaLoss:  0.78520	 20 sampled NNs | VaAcc: 0.5386 +- 0.0317 | VaLoss: 1.3771 +- 0.0995
299,  0 | TrAcc: 0.7805, TrLoss:  0.63760, VaAcc: 0.7256, VaLoss:  0.83107	 20 sampled NNs | VaAcc: 0.5248 +- 0.0170 | VaLoss: 1.4699 +- 0.0849
300,  0 | TrAcc: 0.7635, TrLoss:  0.69596, VaAcc: 0.7298, VaLoss:  0.81525	 20 sampled NNs | VaAcc: 0.5067 +- 0.0278 | VaLoss: 1.4860 +- 0.1142
301,  0 | TrAcc: 0.7894, TrLoss:  0.58950, VaAcc: 0.7264, VaLoss:  0.80265	 20 sampled NNs | VaAcc: 0.5502 +- 0.0239 | VaLoss: 1.3350 +- 0.0796
302,  0 | TrAcc: 0.7610, TrLoss:  0.67232, VaAcc: 0.7157, VaLoss:  0.85336	 20 sampled NNs | VaAcc: 0.5219 +- 0.0308 | VaLoss: 1.4261 +- 0.0977
303,  0 | TrAcc: 0.7794, TrLoss:  0.64309, VaAcc: 0.7214, VaLoss:  0.82580	 20 sampled NNs | VaAcc: 0.5310 +- 0.0267 | VaLoss: 1.4014 +- 0.1158
304,  0 | TrAcc: 0.7982, TrLoss:  0.58685, VaAcc: 0.7384, VaLoss:  0.77734	 20 sampled NNs | VaAcc: 0.5472 +- 0.0260 | VaLoss: 1.3276 +- 0.0825
305,  0 | TrAcc: 0.7942, TrLoss:  0.59837, VaAcc: 0.7237, VaLoss:  0.81871	 20 sampled NNs | VaAcc: 0.5239 +- 0.0230 | VaLoss: 1.4087 +- 0.0786
306,  0 | TrAcc: 0.7686, TrLoss:  0.68480, VaAcc: 0.7342, VaLoss:  0.78725	 20 sampled NNs | VaAcc: 0.5257 +- 0.0248 | VaLoss: 1.3855 +- 0.0840
307,  0 | TrAcc: 0.7585, TrLoss:  0.67263, VaAcc: 0.7393, VaLoss:  0.78523	 20 sampled NNs | VaAcc: 0.5364 +- 0.0228 | VaLoss: 1.3811 +- 0.0682
308,  0 | TrAcc: 0.7698, TrLoss:  0.64649, VaAcc: 0.7395, VaLoss:  0.76748	 20 sampled NNs | VaAcc: 0.5487 +- 0.0242 | VaLoss: 1.3716 +- 0.1063
309,  0 | TrAcc: 0.7822, TrLoss:  0.61393, VaAcc: 0.7395, VaLoss:  0.75466	 20 sampled NNs | VaAcc: 0.5430 +- 0.0205 | VaLoss: 1.3236 +- 0.0751
310,  0 | TrAcc: 0.7737, TrLoss:  0.64566, VaAcc: 0.7318, VaLoss:  0.80372	 20 sampled NNs | VaAcc: 0.5503 +- 0.0227 | VaLoss: 1.3466 +- 0.0749
311,  0 | TrAcc: 0.7635, TrLoss:  0.66790, VaAcc: 0.7321, VaLoss:  0.79857	 20 sampled NNs | VaAcc: 0.5397 +- 0.0175 | VaLoss: 1.3725 +- 0.0637
312,  0 | TrAcc: 0.7895, TrLoss:  0.60317, VaAcc: 0.7362, VaLoss:  0.79671	 20 sampled NNs | VaAcc: 0.5567 +- 0.0284 | VaLoss: 1.3568 +- 0.0941
313,  0 | TrAcc: 0.7622, TrLoss:  0.67458, VaAcc: 0.7323, VaLoss:  0.77512	 20 sampled NNs | VaAcc: 0.5595 +- 0.0219 | VaLoss: 1.3018 +- 0.0722
314,  0 | TrAcc: 0.7885, TrLoss:  0.62088, VaAcc: 0.7313, VaLoss:  0.76743	 20 sampled NNs | VaAcc: 0.5491 +- 0.0243 | VaLoss: 1.3368 +- 0.1013
315,  0 | TrAcc: 0.7836, TrLoss:  0.62324, VaAcc: 0.7370, VaLoss:  0.78950	 20 sampled NNs | VaAcc: 0.5458 +- 0.0248 | VaLoss: 1.3554 +- 0.0700
316,  0 | TrAcc: 0.7652, TrLoss:  0.67736, VaAcc: 0.7234, VaLoss:  0.82147	 20 sampled NNs | VaAcc: 0.5121 +- 0.0383 | VaLoss: 1.5130 +- 0.1412
317,  0 | TrAcc: 0.7880, TrLoss:  0.61890, VaAcc: 0.7400, VaLoss:  0.78270	 20 sampled NNs | VaAcc: 0.5464 +- 0.0313 | VaLoss: 1.3558 +- 0.0823
318,  0 | TrAcc: 0.7796, TrLoss:  0.63632, VaAcc: 0.7339, VaLoss:  0.78982	 20 sampled NNs | VaAcc: 0.5533 +- 0.0221 | VaLoss: 1.3320 +- 0.0927
319,  0 | TrAcc: 0.7692, TrLoss:  0.65484, VaAcc: 0.7329, VaLoss:  0.79281	 20 sampled NNs | VaAcc: 0.5543 +- 0.0251 | VaLoss: 1.3277 +- 0.0649
320,  0 | TrAcc: 0.7761, TrLoss:  0.62577, VaAcc: 0.7294, VaLoss:  0.79900	 20 sampled NNs | VaAcc: 0.5219 +- 0.0320 | VaLoss: 1.4429 +- 0.0828
321,  0 | TrAcc: 0.7997, TrLoss:  0.57728, VaAcc: 0.7327, VaLoss:  0.79294	 20 sampled NNs | VaAcc: 0.5458 +- 0.0328 | VaLoss: 1.3573 +- 0.0918
322,  0 | TrAcc: 0.7817, TrLoss:  0.64214, VaAcc: 0.7398, VaLoss:  0.76418	 20 sampled NNs | VaAcc: 0.5463 +- 0.0312 | VaLoss: 1.3388 +- 0.0882
323,  0 | TrAcc: 0.7858, TrLoss:  0.60794, VaAcc: 0.7398, VaLoss:  0.78421	 20 sampled NNs | VaAcc: 0.5368 +- 0.0290 | VaLoss: 1.3902 +- 0.0887
324,  0 | TrAcc: 0.7725, TrLoss:  0.64194, VaAcc: 0.7446, VaLoss:  0.77362	 20 sampled NNs | VaAcc: 0.5534 +- 0.0259 | VaLoss: 1.3437 +- 0.0805
325,  0 | TrAcc: 0.7810, TrLoss:  0.60976, VaAcc: 0.7343, VaLoss:  0.79447	 20 sampled NNs | VaAcc: 0.5381 +- 0.0286 | VaLoss: 1.3914 +- 0.1048
326,  0 | TrAcc: 0.7799, TrLoss:  0.62852, VaAcc: 0.7359, VaLoss:  0.80105	 20 sampled NNs | VaAcc: 0.5387 +- 0.0353 | VaLoss: 1.3763 +- 0.0715
327,  0 | TrAcc: 0.7705, TrLoss:  0.64515, VaAcc: 0.7375, VaLoss:  0.80339	 20 sampled NNs | VaAcc: 0.5575 +- 0.0250 | VaLoss: 1.3246 +- 0.0899
328,  0 | TrAcc: 0.7682, TrLoss:  0.68064, VaAcc: 0.7325, VaLoss:  0.78771	 20 sampled NNs | VaAcc: 0.5369 +- 0.0243 | VaLoss: 1.3793 +- 0.0747
329,  0 | TrAcc: 0.7823, TrLoss:  0.63060, VaAcc: 0.7279, VaLoss:  0.81939	 20 sampled NNs | VaAcc: 0.4788 +- 0.0404 | VaLoss: 1.6652 +- 0.1622
330,  0 | TrAcc: 0.7718, TrLoss:  0.64822, VaAcc: 0.7326, VaLoss:  0.81286	 20 sampled NNs | VaAcc: 0.5348 +- 0.0212 | VaLoss: 1.3934 +- 0.0765
331,  0 | TrAcc: 0.7874, TrLoss:  0.61000, VaAcc: 0.7261, VaLoss:  0.80431	 20 sampled NNs | VaAcc: 0.5244 +- 0.0335 | VaLoss: 1.4510 +- 0.1227
332,  0 | TrAcc: 0.7712, TrLoss:  0.63902, VaAcc: 0.7332, VaLoss:  0.79130	 20 sampled NNs | VaAcc: 0.5268 +- 0.0289 | VaLoss: 1.3868 +- 0.0851
333,  0 | TrAcc: 0.7908, TrLoss:  0.58142, VaAcc: 0.7205, VaLoss:  0.84165	 20 sampled NNs | VaAcc: 0.5237 +- 0.0292 | VaLoss: 1.4110 +- 0.0977
334,  0 | TrAcc: 0.7817, TrLoss:  0.61828, VaAcc: 0.7260, VaLoss:  0.80738	 20 sampled NNs | VaAcc: 0.5326 +- 0.0360 | VaLoss: 1.3983 +- 0.1015
335,  0 | TrAcc: 0.8077, TrLoss:  0.56340, VaAcc: 0.7250, VaLoss:  0.82259	 20 sampled NNs | VaAcc: 0.5461 +- 0.0243 | VaLoss: 1.3470 +- 0.0697
336,  0 | TrAcc: 0.7725, TrLoss:  0.64576, VaAcc: 0.7336, VaLoss:  0.80662	 20 sampled NNs | VaAcc: 0.5392 +- 0.0229 | VaLoss: 1.4069 +- 0.0932
337,  0 | TrAcc: 0.7831, TrLoss:  0.61076, VaAcc: 0.7312, VaLoss:  0.81651	 20 sampled NNs | VaAcc: 0.5360 +- 0.0236 | VaLoss: 1.3846 +- 0.0721
338,  0 | TrAcc: 0.7834, TrLoss:  0.61756, VaAcc: 0.7335, VaLoss:  0.82836	 20 sampled NNs | VaAcc: 0.5093 +- 0.0304 | VaLoss: 1.4929 +- 0.1197
339,  0 | TrAcc: 0.7813, TrLoss:  0.61561, VaAcc: 0.7287, VaLoss:  0.80468	 20 sampled NNs | VaAcc: 0.5377 +- 0.0235 | VaLoss: 1.3814 +- 0.0822
340,  0 | TrAcc: 0.7924, TrLoss:  0.59625, VaAcc: 0.7378, VaLoss:  0.79330	 20 sampled NNs | VaAcc: 0.5576 +- 0.0302 | VaLoss: 1.3039 +- 0.0971
341,  0 | TrAcc: 0.7894, TrLoss:  0.60617, VaAcc: 0.7363, VaLoss:  0.79125	 20 sampled NNs | VaAcc: 0.5486 +- 0.0243 | VaLoss: 1.3220 +- 0.1002
342,  0 | TrAcc: 0.7770, TrLoss:  0.63221, VaAcc: 0.7310, VaLoss:  0.81343	 20 sampled NNs | VaAcc: 0.5454 +- 0.0299 | VaLoss: 1.3719 +- 0.0903
343,  0 | TrAcc: 0.7748, TrLoss:  0.62377, VaAcc: 0.7431, VaLoss:  0.78634	 20 sampled NNs | VaAcc: 0.5588 +- 0.0298 | VaLoss: 1.3172 +- 0.1075
344,  0 | TrAcc: 0.7701, TrLoss:  0.63459, VaAcc: 0.7387, VaLoss:  0.79421	 20 sampled NNs | VaAcc: 0.5504 +- 0.0365 | VaLoss: 1.3987 +- 0.1162
345,  0 | TrAcc: 0.7819, TrLoss:  0.60211, VaAcc: 0.7366, VaLoss:  0.80166	 20 sampled NNs | VaAcc: 0.5508 +- 0.0257 | VaLoss: 1.3555 +- 0.0951
346,  0 | TrAcc: 0.7819, TrLoss:  0.61359, VaAcc: 0.7395, VaLoss:  0.76833	 20 sampled NNs | VaAcc: 0.5398 +- 0.0324 | VaLoss: 1.3635 +- 0.0917
347,  0 | TrAcc: 0.7916, TrLoss:  0.59992, VaAcc: 0.7313, VaLoss:  0.80693	 20 sampled NNs | VaAcc: 0.5621 +- 0.0378 | VaLoss: 1.3230 +- 0.1164
348,  0 | TrAcc: 0.7719, TrLoss:  0.63974, VaAcc: 0.7188, VaLoss:  0.81028	 20 sampled NNs | VaAcc: 0.4959 +- 0.0356 | VaLoss: 1.4778 +- 0.1090
349,  0 | TrAcc: 0.7943, TrLoss:  0.56917, VaAcc: 0.7316, VaLoss:  0.79252	 20 sampled NNs | VaAcc: 0.5580 +- 0.0249 | VaLoss: 1.3220 +- 0.0854
350,  0 | TrAcc: 0.7703, TrLoss:  0.64912, VaAcc: 0.7334, VaLoss:  0.77898	 20 sampled NNs | VaAcc: 0.5478 +- 0.0224 | VaLoss: 1.3677 +- 0.0801
351,  0 | TrAcc: 0.7798, TrLoss:  0.62755, VaAcc: 0.7380, VaLoss:  0.77751	 20 sampled NNs | VaAcc: 0.5456 +- 0.0293 | VaLoss: 1.3851 +- 0.0908
352,  0 | TrAcc: 0.7818, TrLoss:  0.60100, VaAcc: 0.7431, VaLoss:  0.76339	 20 sampled NNs | VaAcc: 0.5548 +- 0.0286 | VaLoss: 1.3036 +- 0.0765
353,  0 | TrAcc: 0.7832, TrLoss:  0.62237, VaAcc: 0.7494, VaLoss:  0.74416	 20 sampled NNs | VaAcc: 0.5488 +- 0.0126 | VaLoss: 1.3530 +- 0.0479
354,  0 | TrAcc: 0.7922, TrLoss:  0.59105, VaAcc: 0.7468, VaLoss:  0.74843	 20 sampled NNs | VaAcc: 0.5629 +- 0.0205 | VaLoss: 1.2838 +- 0.0943
355,  0 | TrAcc: 0.7906, TrLoss:  0.59168, VaAcc: 0.7366, VaLoss:  0.77898	 20 sampled NNs | VaAcc: 0.5496 +- 0.0241 | VaLoss: 1.3345 +- 0.0779
356,  0 | TrAcc: 0.7918, TrLoss:  0.60493, VaAcc: 0.7275, VaLoss:  0.80723	 20 sampled NNs | VaAcc: 0.5258 +- 0.0294 | VaLoss: 1.3977 +- 0.0882
357,  0 | TrAcc: 0.7838, TrLoss:  0.62433, VaAcc: 0.7321, VaLoss:  0.79498	 20 sampled NNs | VaAcc: 0.5403 +- 0.0254 | VaLoss: 1.3856 +- 0.1016
358,  0 | TrAcc: 0.7831, TrLoss:  0.64615, VaAcc: 0.7354, VaLoss:  0.79020	 20 sampled NNs | VaAcc: 0.5298 +- 0.0266 | VaLoss: 1.4040 +- 0.0787
359,  0 | TrAcc: 0.7850, TrLoss:  0.61290, VaAcc: 0.7380, VaLoss:  0.79670	 20 sampled NNs | VaAcc: 0.5402 +- 0.0255 | VaLoss: 1.4036 +- 0.0912
360,  0 | TrAcc: 0.7811, TrLoss:  0.64051, VaAcc: 0.7420, VaLoss:  0.77194	 20 sampled NNs | VaAcc: 0.5283 +- 0.0201 | VaLoss: 1.4242 +- 0.0789
361,  0 | TrAcc: 0.7847, TrLoss:  0.59649, VaAcc: 0.7400, VaLoss:  0.79963	 20 sampled NNs | VaAcc: 0.5582 +- 0.0255 | VaLoss: 1.3540 +- 0.0901
362,  0 | TrAcc: 0.7782, TrLoss:  0.65868, VaAcc: 0.7437, VaLoss:  0.77184	 20 sampled NNs | VaAcc: 0.5431 +- 0.0249 | VaLoss: 1.3604 +- 0.0731
363,  0 | TrAcc: 0.7830, TrLoss:  0.61977, VaAcc: 0.7382, VaLoss:  0.75077	 20 sampled NNs | VaAcc: 0.5545 +- 0.0281 | VaLoss: 1.3140 +- 0.0761
364,  0 | TrAcc: 0.7742, TrLoss:  0.63144, VaAcc: 0.7408, VaLoss:  0.77408	 20 sampled NNs | VaAcc: 0.5453 +- 0.0215 | VaLoss: 1.3284 +- 0.0789
365,  0 | TrAcc: 0.7790, TrLoss:  0.61898, VaAcc: 0.7300, VaLoss:  0.78717	 20 sampled NNs | VaAcc: 0.5567 +- 0.0248 | VaLoss: 1.3257 +- 0.0872
366,  0 | TrAcc: 0.7947, TrLoss:  0.58138, VaAcc: 0.7375, VaLoss:  0.77435	 20 sampled NNs | VaAcc: 0.5563 +- 0.0294 | VaLoss: 1.3503 +- 0.0984
367,  0 | TrAcc: 0.7877, TrLoss:  0.62602, VaAcc: 0.7344, VaLoss:  0.79519	 20 sampled NNs | VaAcc: 0.5552 +- 0.0324 | VaLoss: 1.3197 +- 0.1008
368,  0 | TrAcc: 0.7785, TrLoss:  0.63182, VaAcc: 0.7304, VaLoss:  0.78635	 20 sampled NNs | VaAcc: 0.5465 +- 0.0274 | VaLoss: 1.3699 +- 0.0915
369,  0 | TrAcc: 0.7901, TrLoss:  0.60010, VaAcc: 0.7395, VaLoss:  0.78981	 20 sampled NNs | VaAcc: 0.5466 +- 0.0234 | VaLoss: 1.3600 +- 0.0794
370,  0 | TrAcc: 0.8077, TrLoss:  0.55973, VaAcc: 0.7417, VaLoss:  0.78013	 20 sampled NNs | VaAcc: 0.5588 +- 0.0337 | VaLoss: 1.2997 +- 0.1013
371,  0 | TrAcc: 0.7859, TrLoss:  0.61760, VaAcc: 0.7338, VaLoss:  0.80808	 20 sampled NNs | VaAcc: 0.5657 +- 0.0296 | VaLoss: 1.3075 +- 0.0815
372,  0 | TrAcc: 0.7843, TrLoss:  0.59342, VaAcc: 0.7390, VaLoss:  0.79564	 20 sampled NNs | VaAcc: 0.5570 +- 0.0205 | VaLoss: 1.3313 +- 0.0840
373,  0 | TrAcc: 0.7573, TrLoss:  0.69042, VaAcc: 0.7331, VaLoss:  0.79886	 20 sampled NNs | VaAcc: 0.5475 +- 0.0319 | VaLoss: 1.3536 +- 0.0866
374,  0 | TrAcc: 0.7935, TrLoss:  0.57590, VaAcc: 0.7276, VaLoss:  0.81972	 20 sampled NNs | VaAcc: 0.5542 +- 0.0298 | VaLoss: 1.3129 +- 0.0757
375,  0 | TrAcc: 0.8015, TrLoss:  0.55875, VaAcc: 0.7342, VaLoss:  0.79568	 20 sampled NNs | VaAcc: 0.5683 +- 0.0236 | VaLoss: 1.3079 +- 0.0936
376,  0 | TrAcc: 0.7829, TrLoss:  0.61608, VaAcc: 0.7379, VaLoss:  0.81186	 20 sampled NNs | VaAcc: 0.5349 +- 0.0202 | VaLoss: 1.4172 +- 0.0941
377,  0 | TrAcc: 0.7776, TrLoss:      nan, VaAcc: 0.7309, VaLoss:      nan	 20 sampled NNs | VaAcc: 0.5497 +- 0.0302 | VaLoss: 1.3985 +- 0.1121
378,  0 | TrAcc: 0.7673, TrLoss:  0.65303, VaAcc: 0.7294, VaLoss:  0.80006	 20 sampled NNs | VaAcc: 0.5267 +- 0.0202 | VaLoss: 1.4231 +- 0.0680
379,  0 | TrAcc: 0.8034, TrLoss:  0.56076, VaAcc: 0.7313, VaLoss:  0.80749	 20 sampled NNs | VaAcc: 0.5491 +- 0.0243 | VaLoss: 1.3762 +- 0.0847
380,  0 | TrAcc: 0.7944, TrLoss:  0.60377, VaAcc: 0.7450, VaLoss:  0.78792	 20 sampled NNs | VaAcc: 0.5576 +- 0.0318 | VaLoss: 1.3216 +- 0.0912
381,  0 | TrAcc: 0.7731, TrLoss:  0.64580, VaAcc: 0.7405, VaLoss:  0.78914	 20 sampled NNs | VaAcc: 0.5867 +- 0.0288 | VaLoss: 1.2392 +- 0.0804
382,  0 | TrAcc: 0.7954, TrLoss:  0.60130, VaAcc: 0.7263, VaLoss:  0.80745	 20 sampled NNs | VaAcc: 0.5323 +- 0.0260 | VaLoss: 1.4303 +- 0.1007
383,  0 | TrAcc: 0.7806, TrLoss:  0.62452, VaAcc: 0.7364, VaLoss:  0.79508	 20 sampled NNs | VaAcc: 0.5381 +- 0.0278 | VaLoss: 1.3747 +- 0.0964
384,  0 | TrAcc: 0.7758, TrLoss:  0.65170, VaAcc: 0.7304, VaLoss:  0.82511	 20 sampled NNs | VaAcc: 0.5599 +- 0.0250 | VaLoss: 1.3572 +- 0.0787
385,  0 | TrAcc: 0.7874, TrLoss:  0.61698, VaAcc: 0.7292, VaLoss:  0.83907	 20 sampled NNs | VaAcc: 0.5293 +- 0.0176 | VaLoss: 1.4091 +- 0.0733
386,  0 | TrAcc: 0.7717, TrLoss:  0.66142, VaAcc: 0.7355, VaLoss:  0.79123	 20 sampled NNs | VaAcc: 0.5575 +- 0.0269 | VaLoss: 1.2965 +- 0.0768
387,  0 | TrAcc: 0.7894, TrLoss:  0.59535, VaAcc: 0.7384, VaLoss:  0.80360	 20 sampled NNs | VaAcc: 0.5406 +- 0.0198 | VaLoss: 1.3626 +- 0.0552
388,  0 | TrAcc: 0.7898, TrLoss:  0.58227, VaAcc: 0.7364, VaLoss:  0.82018	 20 sampled NNs | VaAcc: 0.5428 +- 0.0294 | VaLoss: 1.3565 +- 0.0948
389,  0 | TrAcc: 0.7884, TrLoss:  0.61354, VaAcc: 0.7298, VaLoss:  0.79857	 20 sampled NNs | VaAcc: 0.5509 +- 0.0244 | VaLoss: 1.3495 +- 0.0846
390,  0 | TrAcc: 0.7905, TrLoss:  0.61398, VaAcc: 0.7342, VaLoss:  0.81042	 20 sampled NNs | VaAcc: 0.5703 +- 0.0189 | VaLoss: 1.2964 +- 0.0669
391,  0 | TrAcc: 0.7902, TrLoss:  0.59044, VaAcc: 0.7316, VaLoss:  0.80187	 20 sampled NNs | VaAcc: 0.5556 +- 0.0317 | VaLoss: 1.3312 +- 0.1134
392,  0 | TrAcc: 0.7741, TrLoss:  0.63562, VaAcc: 0.7322, VaLoss:  0.82115	 20 sampled NNs | VaAcc: 0.5656 +- 0.0249 | VaLoss: 1.3102 +- 0.0680
393,  0 | TrAcc: 0.7744, TrLoss:  0.64207, VaAcc: 0.7299, VaLoss:  0.81699	 20 sampled NNs | VaAcc: 0.5465 +- 0.0314 | VaLoss: 1.3635 +- 0.0755
394,  0 | TrAcc: 0.7815, TrLoss:  0.60701, VaAcc: 0.7306, VaLoss:  0.79951	 20 sampled NNs | VaAcc: 0.5488 +- 0.0223 | VaLoss: 1.3479 +- 0.0761
395,  0 | TrAcc: 0.7826, TrLoss:  0.62673, VaAcc: 0.7225, VaLoss:  0.84718	 20 sampled NNs | VaAcc: 0.5540 +- 0.0213 | VaLoss: 1.3618 +- 0.0674
396,  0 | TrAcc: 0.7794, TrLoss:  0.60912, VaAcc: 0.7288, VaLoss:  0.80684	 20 sampled NNs | VaAcc: 0.5533 +- 0.0239 | VaLoss: 1.3230 +- 0.0530
397,  0 | TrAcc: 0.7714, TrLoss:  0.65846, VaAcc: 0.7310, VaLoss:  0.82499	 20 sampled NNs | VaAcc: 0.5739 +- 0.0163 | VaLoss: 1.2771 +- 0.0441
398,  0 | TrAcc: 0.7558, TrLoss:  0.67706, VaAcc: 0.7304, VaLoss:  0.81619	 20 sampled NNs | VaAcc: 0.5379 +- 0.0252 | VaLoss: 1.4099 +- 0.0952
399,  0 | TrAcc: 0.7913, TrLoss:  0.61317, VaAcc: 0.7354, VaLoss:  0.81284	 20 sampled NNs | VaAcc: 0.5599 +- 0.0152 | VaLoss: 1.3366 +- 0.0604
118845.169253
----------------------------
