

config:

HOME=/clusterFS/home/student/kopp13
PATH=/clusterFS/home/student/kopp13/miniconda3/envs/tensorflow/bin:/clusterFS/home/student/kopp13/miniconda3/bin:/clusterFS/home/student/kopp13/bin:/usr/local/bin:/usr/bin:/bin:/usr/local/games:/usr/games
LD_LIBRARY_PATH=
THEANO_FLAGS=floatX=float32,gpuarray.preallocate=0.9,dnn.library_path=/usr/lib/x86_64-linux-gnu,cxx=clang++-3.8,device=cuda,base_compiledir=/tmp/tmp.9pgSQTfepc

=============================
CONFIG FILE

RNN CONFIG
{'data_multiplier': 1000,
 'gradient_clip_value': 0.5,
 'layer_configs': [{'layer_type': 'input'},
                   {'bc': {'init_m': 'xavier',
                           'init_v': -4.5,
                           'prior_m': 0.0,
                           'prior_v': 0.0,
                           'type': 'continuous'},
                    'bf': {'init_m': 'xavier',
                           'init_v': -4.5,
                           'prior_m': 0.0,
                           'prior_v': 0.0,
                           'type': 'continuous'},
                    'bi': {'init_m': 'xavier',
                           'init_v': -4.5,
                           'prior_m': 0.0,
                           'prior_v': 0.0,
                           'type': 'continuous'},
                    'bo': {'init_m': 'xavier',
                           'init_v': -4.5,
                           'prior_m': 0.0,
                           'prior_v': 0.0,
                           'type': 'continuous'},
                    'discrete_act': True,
                    'init_config': {'c': {'b': 'all_zero', 'w': 'xavier'},
                                    'f': {'b': 'all_one', 'w': 'all_zero'},
                                    'i': {'b': 'all_zero', 'w': 'xavier'},
                                    'o': {'b': 'all_zero', 'w': 'xavier'}},
                    'is_output': False,
                    'is_recurrent': True,
                    'layer_type': 'lstm',
                    'tau': 0.8,
                    'var_scope': 'lstm_0',
                    'wc': {'p0max': 0.95,
                           'p0min': 0.05,
                           'pmax': 0.99,
                           'pmin': 0.01,
                           'priors': [0.1, 0.8, 0.1],
                           'type': 'ternary'},
                    'wf': {'p0max': 0.95,
                           'p0min': 0.05,
                           'pmax': 0.99,
                           'pmin': 0.01,
                           'priors': [0.1, 0.8, 0.1],
                           'type': 'ternary'},
                    'wi': {'p0max': 0.95,
                           'p0min': 0.05,
                           'pmax': 0.99,
                           'pmin': 0.01,
                           'priors': [0.1, 0.8, 0.1],
                           'type': 'ternary'},
                    'wo': {'p0max': 0.95,
                           'p0min': 0.05,
                           'pmax': 0.99,
                           'pmin': 0.01,
                           'priors': [0.1, 0.8, 0.1],
                           'type': 'ternary'}},
                   {'bc': {'init_m': 'xavier',
                           'init_v': -4.5,
                           'prior_m': 0.0,
                           'prior_v': 0.0,
                           'type': 'continuous'},
                    'bf': {'init_m': 'xavier',
                           'init_v': -4.5,
                           'prior_m': 0.0,
                           'prior_v': 0.0,
                           'type': 'continuous'},
                    'bi': {'init_m': 'xavier',
                           'init_v': -4.5,
                           'prior_m': 0.0,
                           'prior_v': 0.0,
                           'type': 'continuous'},
                    'bo': {'init_m': 'xavier',
                           'init_v': -4.5,
                           'prior_m': 0.0,
                           'prior_v': 0.0,
                           'type': 'continuous'},
                    'discrete_act': True,
                    'init_config': {'c': {'b': 'all_zero', 'w': 'xavier'},
                                    'f': {'b': 'all_one', 'w': 'all_zero'},
                                    'i': {'b': 'all_zero', 'w': 'xavier'},
                                    'o': {'b': 'all_zero', 'w': 'xavier'}},
                    'is_output': False,
                    'is_recurrent': True,
                    'layer_type': 'lstm',
                    'tau': 0.8,
                    'var_scope': 'lstm_1',
                    'wc': {'p0max': 0.95,
                           'p0min': 0.05,
                           'pmax': 0.99,
                           'pmin': 0.01,
                           'priors': [0.1, 0.8, 0.1],
                           'type': 'ternary'},
                    'wf': {'p0max': 0.95,
                           'p0min': 0.05,
                           'pmax': 0.99,
                           'pmin': 0.01,
                           'priors': [0.1, 0.8, 0.1],
                           'type': 'ternary'},
                    'wi': {'p0max': 0.95,
                           'p0min': 0.05,
                           'pmax': 0.99,
                           'pmin': 0.01,
                           'priors': [0.1, 0.8, 0.1],
                           'type': 'ternary'},
                    'wo': {'p0max': 0.95,
                           'p0min': 0.05,
                           'pmax': 0.99,
                           'pmin': 0.01,
                           'priors': [0.1, 0.8, 0.1],
                           'type': 'ternary'}},
                   {'b': {'init_m': 'xavier',
                          'init_v': -4.5,
                          'prior_m': 0.0,
                          'prior_v': 0.0,
                          'type': 'continuous'},
                    'is_output': True,
                    'is_recurrent': False,
                    'layer_type': 'fc',
                    'regularization': {'mode': None, 'strength': 0.02},
                    'tau': 0.8,
                    'var_scope': 'output_layer',
                    'w': {'p0max': 0.95,
                          'p0min': 0.05,
                          'pmax': 0.99,
                          'pmin': 0.01,
                          'priors': [0.1, 0.8, 0.1],
                          'type': 'ternary'}}],
 'layout': [4, 60, 60, 10],
 'output_type': 'classification'}

DATA CONFIG
{'dataset': 'red_penstroke',
 'tr': {'in_seq_len': 30,
        'minibatch_enabled': True,
        'minibatch_size': 200,
        'out_seq_len': 5,
        'zero_padding': 20},
 'va': {'in_seq_len': 30,
        'minibatch_enabled': True,
        'minibatch_size': 200,
        'out_seq_len': 5,
        'zero_padding': 20}}

TRAINING CONFIG
{'beta_reg': 0.0,
 'is_pretrain': False,
 'learning_rate': 0.002,
 'mode': {'max_epochs': 400, 'min_error': 0.0, 'name': 'classic'},
 'task_id': 4,
 'type': 'l_sampling',
 'var_reg': 1.0}
==============================


  0,  0 | TrAcc: 0.1021, TrLoss:  2.67211, VaAcc: 0.1047, VaLoss:  2.65893	 20 sampled NNs | VaAcc: 0.0981 +- 0.0112 | VaLoss: 3.7101 +- 0.1438
  1,  0 | TrAcc: 0.1959, TrLoss:  2.15056, VaAcc: 0.1847, VaLoss:  2.16785	 20 sampled NNs | VaAcc: 0.1184 +- 0.0126 | VaLoss: 2.7392 +- 0.0714
  2,  0 | TrAcc: 0.2656, TrLoss:  1.93697, VaAcc: 0.2671, VaLoss:  1.95490	 20 sampled NNs | VaAcc: 0.1386 +- 0.0211 | VaLoss: 2.4774 +- 0.0799
  3,  0 | TrAcc: 0.2863, TrLoss:  1.85569, VaAcc: 0.3077, VaLoss:  1.84443	 20 sampled NNs | VaAcc: 0.1665 +- 0.0297 | VaLoss: 2.3924 +- 0.1254
  4,  0 | TrAcc: 0.3351, TrLoss:  1.74197, VaAcc: 0.3475, VaLoss:  1.72929	 20 sampled NNs | VaAcc: 0.1633 +- 0.0348 | VaLoss: 2.4327 +- 0.1334
  5,  0 | TrAcc: 0.3491, TrLoss:  1.68252, VaAcc: 0.3695, VaLoss:  1.66368	 20 sampled NNs | VaAcc: 0.1601 +- 0.0282 | VaLoss: 2.3964 +- 0.1154
  6,  0 | TrAcc: 0.3892, TrLoss:  1.60003, VaAcc: 0.3938, VaLoss:  1.59001	 20 sampled NNs | VaAcc: 0.1696 +- 0.0340 | VaLoss: 2.3431 +- 0.1006
  7,  0 | TrAcc: 0.4200, TrLoss:  1.56679, VaAcc: 0.4070, VaLoss:  1.59809	 20 sampled NNs | VaAcc: 0.1671 +- 0.0261 | VaLoss: 2.3865 +- 0.1078
  8,  0 | TrAcc: 0.4500, TrLoss:  1.51036, VaAcc: 0.4403, VaLoss:  1.53208	 20 sampled NNs | VaAcc: 0.1738 +- 0.0353 | VaLoss: 2.3686 +- 0.1310
  9,  0 | TrAcc: 0.4787, TrLoss:  1.42151, VaAcc: 0.4862, VaLoss:  1.47216	 20 sampled NNs | VaAcc: 0.1863 +- 0.0284 | VaLoss: 2.3261 +- 0.1017
 10,  0 | TrAcc: 0.4990, TrLoss:  1.36883, VaAcc: 0.4891, VaLoss:  1.46627	 20 sampled NNs | VaAcc: 0.1811 +- 0.0380 | VaLoss: 2.3351 +- 0.1527
 11,  0 | TrAcc: 0.5036, TrLoss:  1.36867, VaAcc: 0.5163, VaLoss:  1.38797	 20 sampled NNs | VaAcc: 0.2171 +- 0.0383 | VaLoss: 2.2356 +- 0.1139
 12,  0 | TrAcc: 0.5382, TrLoss:  1.29086, VaAcc: 0.5340, VaLoss:  1.35146	 20 sampled NNs | VaAcc: 0.2129 +- 0.0306 | VaLoss: 2.2135 +- 0.1162
 13,  0 | TrAcc: 0.5338, TrLoss:  1.30940, VaAcc: 0.5341, VaLoss:  1.34723	 20 sampled NNs | VaAcc: 0.2177 +- 0.0335 | VaLoss: 2.2397 +- 0.1132
 14,  0 | TrAcc: 0.5368, TrLoss:  1.28822, VaAcc: 0.5418, VaLoss:  1.31940	 20 sampled NNs | VaAcc: 0.2250 +- 0.0327 | VaLoss: 2.2020 +- 0.1062
 15,  0 | TrAcc: 0.5353, TrLoss:  1.30680, VaAcc: 0.5574, VaLoss:  1.33126	 20 sampled NNs | VaAcc: 0.2072 +- 0.0401 | VaLoss: 2.2053 +- 0.0661
 16,  0 | TrAcc: 0.5661, TrLoss:  1.25992, VaAcc: 0.5619, VaLoss:  1.29741	 20 sampled NNs | VaAcc: 0.2180 +- 0.0321 | VaLoss: 2.2251 +- 0.1211
 17,  0 | TrAcc: 0.5725, TrLoss:  1.22734, VaAcc: 0.5687, VaLoss:  1.29255	 20 sampled NNs | VaAcc: 0.2335 +- 0.0285 | VaLoss: 2.1533 +- 0.1034
 18,  0 | TrAcc: 0.5637, TrLoss:  1.24011, VaAcc: 0.5658, VaLoss:  1.26973	 20 sampled NNs | VaAcc: 0.2281 +- 0.0318 | VaLoss: 2.1798 +- 0.0902
 19,  0 | TrAcc: 0.5705, TrLoss:  1.20189, VaAcc: 0.5722, VaLoss:  1.24100	 20 sampled NNs | VaAcc: 0.2306 +- 0.0332 | VaLoss: 2.1725 +- 0.1212
 20,  0 | TrAcc: 0.5631, TrLoss:  1.22869, VaAcc: 0.5815, VaLoss:  1.22473	 20 sampled NNs | VaAcc: 0.2289 +- 0.0265 | VaLoss: 2.1637 +- 0.1023
 21,  0 | TrAcc: 0.5894, TrLoss:  1.21472, VaAcc: 0.5886, VaLoss:  1.20409	 20 sampled NNs | VaAcc: 0.2347 +- 0.0422 | VaLoss: 2.1337 +- 0.1173
 22,  0 | TrAcc: 0.6068, TrLoss:  1.12477, VaAcc: 0.5923, VaLoss:  1.20763	 20 sampled NNs | VaAcc: 0.2317 +- 0.0311 | VaLoss: 2.1933 +- 0.0653
 23,  0 | TrAcc: 0.6194, TrLoss:  1.10354, VaAcc: 0.5835, VaLoss:  1.21231	 20 sampled NNs | VaAcc: 0.2265 +- 0.0311 | VaLoss: 2.1702 +- 0.0929
 24,  0 | TrAcc: 0.6069, TrLoss:  1.12456, VaAcc: 0.5826, VaLoss:  1.21888	 20 sampled NNs | VaAcc: 0.2816 +- 0.0257 | VaLoss: 2.0091 +- 0.0843
 25,  0 | TrAcc: 0.5959, TrLoss:  1.14136, VaAcc: 0.5874, VaLoss:  1.20612	 20 sampled NNs | VaAcc: 0.2517 +- 0.0372 | VaLoss: 2.1187 +- 0.1186
 26,  0 | TrAcc: 0.6077, TrLoss:  1.12646, VaAcc: 0.5888, VaLoss:  1.18938	 20 sampled NNs | VaAcc: 0.2494 +- 0.0391 | VaLoss: 2.1050 +- 0.1147
 27,  0 | TrAcc: 0.6318, TrLoss:  1.08359, VaAcc: 0.5897, VaLoss:  1.18549	 20 sampled NNs | VaAcc: 0.2268 +- 0.0322 | VaLoss: 2.1275 +- 0.0931
 28,  0 | TrAcc: 0.6278, TrLoss:  1.09468, VaAcc: 0.6027, VaLoss:  1.16660	 20 sampled NNs | VaAcc: 0.2620 +- 0.0325 | VaLoss: 2.0164 +- 0.0925
 29,  0 | TrAcc: 0.6087, TrLoss:  1.16407, VaAcc: 0.5871, VaLoss:  1.18885	 20 sampled NNs | VaAcc: 0.2845 +- 0.0318 | VaLoss: 2.0004 +- 0.1005
 30,  0 | TrAcc: 0.6261, TrLoss:  1.10030, VaAcc: 0.6164, VaLoss:  1.13955	 20 sampled NNs | VaAcc: 0.2725 +- 0.0321 | VaLoss: 2.0525 +- 0.1034
 31,  0 | TrAcc: 0.6269, TrLoss:  1.09841, VaAcc: 0.5983, VaLoss:  1.17564	 20 sampled NNs | VaAcc: 0.2642 +- 0.0336 | VaLoss: 2.0581 +- 0.0921
 32,  0 | TrAcc: 0.6161, TrLoss:  1.10973, VaAcc: 0.6123, VaLoss:  1.14841	 20 sampled NNs | VaAcc: 0.2780 +- 0.0314 | VaLoss: 2.0033 +- 0.0827
 33,  0 | TrAcc: 0.6365, TrLoss:  1.08391, VaAcc: 0.6127, VaLoss:  1.16192	 20 sampled NNs | VaAcc: 0.2489 +- 0.0339 | VaLoss: 2.1023 +- 0.1091
 34,  0 | TrAcc: 0.6289, TrLoss:  1.08991, VaAcc: 0.6184, VaLoss:  1.13581	 20 sampled NNs | VaAcc: 0.2793 +- 0.0323 | VaLoss: 2.0459 +- 0.1040
 35,  0 | TrAcc: 0.6250, TrLoss:  1.09029, VaAcc: 0.6101, VaLoss:  1.11678	 20 sampled NNs | VaAcc: 0.3007 +- 0.0328 | VaLoss: 1.9835 +- 0.1013
 36,  0 | TrAcc: 0.6388, TrLoss:  1.07171, VaAcc: 0.6156, VaLoss:  1.12969	 20 sampled NNs | VaAcc: 0.3057 +- 0.0260 | VaLoss: 2.0180 +- 0.0976
 37,  0 | TrAcc: 0.6198, TrLoss:  1.11074, VaAcc: 0.6302, VaLoss:  1.11433	 20 sampled NNs | VaAcc: 0.3118 +- 0.0310 | VaLoss: 1.9718 +- 0.0737
 38,  0 | TrAcc: 0.6238, TrLoss:  1.08604, VaAcc: 0.6266, VaLoss:  1.10730	 20 sampled NNs | VaAcc: 0.3077 +- 0.0329 | VaLoss: 1.9509 +- 0.0954
 39,  0 | TrAcc: 0.6461, TrLoss:  1.06637, VaAcc: 0.6260, VaLoss:  1.09823	 20 sampled NNs | VaAcc: 0.3175 +- 0.0333 | VaLoss: 1.9277 +- 0.0988
 40,  0 | TrAcc: 0.6331, TrLoss:  1.07392, VaAcc: 0.6347, VaLoss:  1.08547	 20 sampled NNs | VaAcc: 0.2884 +- 0.0437 | VaLoss: 1.9955 +- 0.1015
 41,  0 | TrAcc: 0.6344, TrLoss:  1.05615, VaAcc: 0.6293, VaLoss:  1.08887	 20 sampled NNs | VaAcc: 0.2958 +- 0.0333 | VaLoss: 1.9896 +- 0.0867
 42,  0 | TrAcc: 0.6348, TrLoss:  1.07652, VaAcc: 0.6340, VaLoss:  1.08908	 20 sampled NNs | VaAcc: 0.2980 +- 0.0242 | VaLoss: 2.0344 +- 0.0855
 43,  0 | TrAcc: 0.6298, TrLoss:  1.08014, VaAcc: 0.6414, VaLoss:  1.08604	 20 sampled NNs | VaAcc: 0.3071 +- 0.0317 | VaLoss: 1.9478 +- 0.1121
 44,  0 | TrAcc: 0.6352, TrLoss:  1.07416, VaAcc: 0.6358, VaLoss:  1.10332	 20 sampled NNs | VaAcc: 0.3131 +- 0.0314 | VaLoss: 1.9981 +- 0.0846
 45,  0 | TrAcc: 0.6764, TrLoss:  0.98206, VaAcc: 0.6418, VaLoss:  1.07060	 20 sampled NNs | VaAcc: 0.3185 +- 0.0357 | VaLoss: 1.9252 +- 0.1027
 46,  0 | TrAcc: 0.6580, TrLoss:  1.02048, VaAcc: 0.6306, VaLoss:  1.10527	 20 sampled NNs | VaAcc: 0.2929 +- 0.0291 | VaLoss: 2.0151 +- 0.0675
 47,  0 | TrAcc: 0.6484, TrLoss:  1.00371, VaAcc: 0.6371, VaLoss:  1.09614	 20 sampled NNs | VaAcc: 0.3057 +- 0.0301 | VaLoss: 1.9689 +- 0.0846
 48,  0 | TrAcc: 0.6523, TrLoss:  1.04595, VaAcc: 0.6368, VaLoss:  1.09497	 20 sampled NNs | VaAcc: 0.2675 +- 0.0272 | VaLoss: 2.0015 +- 0.0768
 49,  0 | TrAcc: 0.6523, TrLoss:  1.03484, VaAcc: 0.6371, VaLoss:  1.08508	 20 sampled NNs | VaAcc: 0.3221 +- 0.0251 | VaLoss: 1.8706 +- 0.0657
 50,  0 | TrAcc: 0.6282, TrLoss:  1.10601, VaAcc: 0.6449, VaLoss:  1.06475	 20 sampled NNs | VaAcc: 0.3154 +- 0.0308 | VaLoss: 1.9584 +- 0.0822
 51,  0 | TrAcc: 0.6410, TrLoss:  1.03814, VaAcc: 0.6392, VaLoss:  1.08479	 20 sampled NNs | VaAcc: 0.3256 +- 0.0359 | VaLoss: 1.9136 +- 0.1030
 52,  0 | TrAcc: 0.6439, TrLoss:  1.06099, VaAcc: 0.6346, VaLoss:  1.06575	 20 sampled NNs | VaAcc: 0.3224 +- 0.0319 | VaLoss: 1.9382 +- 0.0943
 53,  0 | TrAcc: 0.6549, TrLoss:  1.00977, VaAcc: 0.6260, VaLoss:  1.09645	 20 sampled NNs | VaAcc: 0.3231 +- 0.0294 | VaLoss: 1.9536 +- 0.0889
 54,  0 | TrAcc: 0.6426, TrLoss:  1.02070, VaAcc: 0.6396, VaLoss:  1.06170	 20 sampled NNs | VaAcc: 0.3315 +- 0.0254 | VaLoss: 1.8519 +- 0.0775
 55,  0 | TrAcc: 0.6646, TrLoss:  0.98760, VaAcc: 0.6461, VaLoss:  1.05635	 20 sampled NNs | VaAcc: 0.3235 +- 0.0278 | VaLoss: 1.8921 +- 0.0844
 56,  0 | TrAcc: 0.6636, TrLoss:  0.97294, VaAcc: 0.6349, VaLoss:  1.07290	 20 sampled NNs | VaAcc: 0.3278 +- 0.0359 | VaLoss: 1.8774 +- 0.0934
 57,  0 | TrAcc: 0.6759, TrLoss:  0.96377, VaAcc: 0.6402, VaLoss:  1.07144	 20 sampled NNs | VaAcc: 0.3087 +- 0.0381 | VaLoss: 1.9636 +- 0.1385
 58,  0 | TrAcc: 0.6612, TrLoss:  1.02380, VaAcc: 0.6430, VaLoss:  1.05915	 20 sampled NNs | VaAcc: 0.3237 +- 0.0306 | VaLoss: 1.9143 +- 0.0794
 59,  0 | TrAcc: 0.6497, TrLoss:  1.04607, VaAcc: 0.6501, VaLoss:  1.03158	 20 sampled NNs | VaAcc: 0.3233 +- 0.0435 | VaLoss: 1.9430 +- 0.1168
 60,  0 | TrAcc: 0.6675, TrLoss:  1.01403, VaAcc: 0.6517, VaLoss:  1.03909	 20 sampled NNs | VaAcc: 0.3362 +- 0.0294 | VaLoss: 1.8624 +- 0.0816
 61,  0 | TrAcc: 0.6618, TrLoss:  1.01984, VaAcc: 0.6583, VaLoss:  1.02987	 20 sampled NNs | VaAcc: 0.3140 +- 0.0289 | VaLoss: 1.9050 +- 0.0823
 62,  0 | TrAcc: 0.6643, TrLoss:  0.98394, VaAcc: 0.6552, VaLoss:  1.03139	 20 sampled NNs | VaAcc: 0.3184 +- 0.0347 | VaLoss: 1.9233 +- 0.0861
 63,  0 | TrAcc: 0.6570, TrLoss:  1.04054, VaAcc: 0.6460, VaLoss:  1.06796	 20 sampled NNs | VaAcc: 0.3254 +- 0.0246 | VaLoss: 1.9071 +- 0.0873
 64,  0 | TrAcc: 0.6804, TrLoss:  0.97322, VaAcc: 0.6566, VaLoss:  1.02748	 20 sampled NNs | VaAcc: 0.2823 +- 0.0370 | VaLoss: 2.0272 +- 0.1224
 65,  0 | TrAcc: 0.6516, TrLoss:  1.03694, VaAcc: 0.6539, VaLoss:  1.04797	 20 sampled NNs | VaAcc: 0.3082 +- 0.0324 | VaLoss: 1.9714 +- 0.0820
 66,  0 | TrAcc: 0.6630, TrLoss:  1.00080, VaAcc: 0.6599, VaLoss:  1.01947	 20 sampled NNs | VaAcc: 0.3249 +- 0.0275 | VaLoss: 1.9187 +- 0.0922
 67,  0 | TrAcc: 0.6620, TrLoss:  1.00216, VaAcc: 0.6441, VaLoss:  1.05953	 20 sampled NNs | VaAcc: 0.3070 +- 0.0326 | VaLoss: 1.9744 +- 0.0983
 68,  0 | TrAcc: 0.6762, TrLoss:  0.97836, VaAcc: 0.6494, VaLoss:  1.06200	 20 sampled NNs | VaAcc: 0.2925 +- 0.0370 | VaLoss: 1.9796 +- 0.0873
 69,  0 | TrAcc: 0.6786, TrLoss:  0.97463, VaAcc: 0.6619, VaLoss:  1.04774	 20 sampled NNs | VaAcc: 0.3229 +- 0.0361 | VaLoss: 1.9481 +- 0.1012
 70,  0 | TrAcc: 0.6749, TrLoss:  1.00224, VaAcc: 0.6449, VaLoss:  1.06285	 20 sampled NNs | VaAcc: 0.3160 +- 0.0280 | VaLoss: 1.9616 +- 0.0844
 71,  0 | TrAcc: 0.6674, TrLoss:  0.98091, VaAcc: 0.6512, VaLoss:  1.04493	 20 sampled NNs | VaAcc: 0.3116 +- 0.0398 | VaLoss: 1.9234 +- 0.0991
 72,  0 | TrAcc: 0.6496, TrLoss:  1.05769, VaAcc: 0.6444, VaLoss:  1.05350	 20 sampled NNs | VaAcc: 0.3228 +- 0.0324 | VaLoss: 1.9607 +- 0.1433
 73,  0 | TrAcc: 0.6557, TrLoss:  1.02452, VaAcc: 0.6560, VaLoss:  1.01640	 20 sampled NNs | VaAcc: 0.3190 +- 0.0260 | VaLoss: 1.9512 +- 0.0849
 74,  0 | TrAcc: 0.6772, TrLoss:  0.97658, VaAcc: 0.6570, VaLoss:  1.01989	 20 sampled NNs | VaAcc: 0.3503 +- 0.0232 | VaLoss: 1.8640 +- 0.0685
 75,  0 | TrAcc: 0.6987, TrLoss:  0.92802, VaAcc: 0.6565, VaLoss:  1.04340	 20 sampled NNs | VaAcc: 0.3419 +- 0.0420 | VaLoss: 1.8739 +- 0.1109
 76,  0 | TrAcc: 0.6653, TrLoss:  0.97633, VaAcc: 0.6569, VaLoss:  1.03523	 20 sampled NNs | VaAcc: 0.3156 +- 0.0387 | VaLoss: 1.9400 +- 0.1153
 77,  0 | TrAcc: 0.6868, TrLoss:  0.94424, VaAcc: 0.6628, VaLoss:  1.01609	 20 sampled NNs | VaAcc: 0.3236 +- 0.0337 | VaLoss: 1.8742 +- 0.0802
 78,  0 | TrAcc: 0.6696, TrLoss:  0.97515, VaAcc: 0.6586, VaLoss:  1.03896	 20 sampled NNs | VaAcc: 0.3441 +- 0.0274 | VaLoss: 1.8703 +- 0.0772
 79,  0 | TrAcc: 0.6709, TrLoss:  0.95699, VaAcc: 0.6493, VaLoss:  1.03690	 20 sampled NNs | VaAcc: 0.3549 +- 0.0357 | VaLoss: 1.8385 +- 0.1093
 80,  0 | TrAcc: 0.6564, TrLoss:  1.02457, VaAcc: 0.6507, VaLoss:  1.02969	 20 sampled NNs | VaAcc: 0.3424 +- 0.0294 | VaLoss: 1.8028 +- 0.0907
 81,  0 | TrAcc: 0.6745, TrLoss:  1.00843, VaAcc: 0.6580, VaLoss:  1.02380	 20 sampled NNs | VaAcc: 0.3099 +- 0.0420 | VaLoss: 1.9821 +- 0.0996
 82,  0 | TrAcc: 0.6722, TrLoss:  0.99249, VaAcc: 0.6696, VaLoss:  0.99909	 20 sampled NNs | VaAcc: 0.3149 +- 0.0281 | VaLoss: 1.9166 +- 0.0629
 83,  0 | TrAcc: 0.6825, TrLoss:  0.97304, VaAcc: 0.6637, VaLoss:  1.00542	 20 sampled NNs | VaAcc: 0.3405 +- 0.0289 | VaLoss: 1.8868 +- 0.0767
 84,  0 | TrAcc: 0.6678, TrLoss:  0.99305, VaAcc: 0.6498, VaLoss:  1.04038	 20 sampled NNs | VaAcc: 0.3442 +- 0.0268 | VaLoss: 1.8685 +- 0.1110
 85,  0 | TrAcc: 0.6576, TrLoss:  1.03207, VaAcc: 0.6574, VaLoss:  1.02947	 20 sampled NNs | VaAcc: 0.3050 +- 0.0318 | VaLoss: 1.9247 +- 0.0951
 86,  0 | TrAcc: 0.6591, TrLoss:  1.00035, VaAcc: 0.6598, VaLoss:  1.01965	 20 sampled NNs | VaAcc: 0.3246 +- 0.0209 | VaLoss: 1.9210 +- 0.0707
 87,  0 | TrAcc: 0.6835, TrLoss:  0.94930, VaAcc: 0.6601, VaLoss:  1.03089	 20 sampled NNs | VaAcc: 0.3643 +- 0.0264 | VaLoss: 1.8092 +- 0.0817
 88,  0 | TrAcc: 0.6831, TrLoss:  0.95327, VaAcc: 0.6668, VaLoss:  1.00884	 20 sampled NNs | VaAcc: 0.3674 +- 0.0331 | VaLoss: 1.8324 +- 0.0733
 89,  0 | TrAcc: 0.6811, TrLoss:  0.96297, VaAcc: 0.6702, VaLoss:  0.99607	 20 sampled NNs | VaAcc: 0.3557 +- 0.0340 | VaLoss: 1.8358 +- 0.0941
 90,  0 | TrAcc: 0.6831, TrLoss:  0.94229, VaAcc: 0.6699, VaLoss:  0.99102	 20 sampled NNs | VaAcc: 0.3449 +- 0.0378 | VaLoss: 1.8553 +- 0.1067
 91,  0 | TrAcc: 0.7155, TrLoss:  0.85765, VaAcc: 0.6653, VaLoss:  1.01455	 20 sampled NNs | VaAcc: 0.3487 +- 0.0425 | VaLoss: 1.9229 +- 0.1506
 92,  0 | TrAcc: 0.6764, TrLoss:  0.96556, VaAcc: 0.6640, VaLoss:  1.01939	 20 sampled NNs | VaAcc: 0.3612 +- 0.0257 | VaLoss: 1.8320 +- 0.0593
 93,  0 | TrAcc: 0.6547, TrLoss:  1.01157, VaAcc: 0.6555, VaLoss:  1.02225	 20 sampled NNs | VaAcc: 0.3013 +- 0.0423 | VaLoss: 1.9628 +- 0.1049
 94,  0 | TrAcc: 0.6878, TrLoss:  0.95178, VaAcc: 0.6761, VaLoss:  0.95870	 20 sampled NNs | VaAcc: 0.3557 +- 0.0351 | VaLoss: 1.8352 +- 0.0881
 95,  0 | TrAcc: 0.6693, TrLoss:  0.97551, VaAcc: 0.6736, VaLoss:  0.97216	 20 sampled NNs | VaAcc: 0.3498 +- 0.0281 | VaLoss: 1.9122 +- 0.0942
 96,  0 | TrAcc: 0.6726, TrLoss:  0.97717, VaAcc: 0.6559, VaLoss:  1.01208	 20 sampled NNs | VaAcc: 0.3314 +- 0.0295 | VaLoss: 1.8851 +- 0.1069
 97,  0 | TrAcc: 0.7053, TrLoss:  0.89913, VaAcc: 0.6683, VaLoss:  0.98823	 20 sampled NNs | VaAcc: 0.3349 +- 0.0285 | VaLoss: 1.8949 +- 0.1011
 98,  0 | TrAcc: 0.6778, TrLoss:  0.95597, VaAcc: 0.6719, VaLoss:  0.99410	 20 sampled NNs | VaAcc: 0.3483 +- 0.0329 | VaLoss: 1.8716 +- 0.0946
 99,  0 | TrAcc: 0.6785, TrLoss:  0.94954, VaAcc: 0.6641, VaLoss:  1.01348	 20 sampled NNs | VaAcc: 0.3300 +- 0.0323 | VaLoss: 1.9506 +- 0.0973
100,  0 | TrAcc: 0.6811, TrLoss:  0.93237, VaAcc: 0.6683, VaLoss:  0.98843	 20 sampled NNs | VaAcc: 0.3350 +- 0.0272 | VaLoss: 1.9040 +- 0.0761
101,  0 | TrAcc: 0.6733, TrLoss:  0.98019, VaAcc: 0.6679, VaLoss:  0.98513	 20 sampled NNs | VaAcc: 0.3176 +- 0.0369 | VaLoss: 1.9538 +- 0.1011
102,  0 | TrAcc: 0.6928, TrLoss:  0.91838, VaAcc: 0.6773, VaLoss:  0.96605	 20 sampled NNs | VaAcc: 0.3383 +- 0.0371 | VaLoss: 1.8870 +- 0.0980
103,  0 | TrAcc: 0.6770, TrLoss:  0.97245, VaAcc: 0.6676, VaLoss:  0.99469	 20 sampled NNs | VaAcc: 0.3437 +- 0.0396 | VaLoss: 1.8512 +- 0.1009
104,  0 | TrAcc: 0.6571, TrLoss:  1.01014, VaAcc: 0.6650, VaLoss:  0.99581	 20 sampled NNs | VaAcc: 0.3719 +- 0.0279 | VaLoss: 1.7930 +- 0.0695
105,  0 | TrAcc: 0.6976, TrLoss:  0.88069, VaAcc: 0.6660, VaLoss:  0.99991	 20 sampled NNs | VaAcc: 0.3443 +- 0.0335 | VaLoss: 1.8763 +- 0.0697
106,  0 | TrAcc: 0.6695, TrLoss:  1.01285, VaAcc: 0.6684, VaLoss:  0.99270	 20 sampled NNs | VaAcc: 0.3706 +- 0.0318 | VaLoss: 1.8352 +- 0.0587
107,  0 | TrAcc: 0.6790, TrLoss:  0.97383, VaAcc: 0.6472, VaLoss:  1.04761	 20 sampled NNs | VaAcc: 0.3214 +- 0.0364 | VaLoss: 1.8594 +- 0.1069
108,  0 | TrAcc: 0.6745, TrLoss:  0.95912, VaAcc: 0.6682, VaLoss:  0.98984	 20 sampled NNs | VaAcc: 0.3518 +- 0.0415 | VaLoss: 1.8635 +- 0.1197
109,  0 | TrAcc: 0.6863, TrLoss:  0.95645, VaAcc: 0.6646, VaLoss:  1.00095	 20 sampled NNs | VaAcc: 0.3263 +- 0.0347 | VaLoss: 1.8998 +- 0.0946
110,  0 | TrAcc: 0.6978, TrLoss:  0.91693, VaAcc: 0.6711, VaLoss:  0.97618	 20 sampled NNs | VaAcc: 0.3585 +- 0.0270 | VaLoss: 1.8418 +- 0.0832
111,  0 | TrAcc: 0.6694, TrLoss:  0.98261, VaAcc: 0.6519, VaLoss:  1.01925	 20 sampled NNs | VaAcc: 0.3469 +- 0.0298 | VaLoss: 1.8851 +- 0.0789
112,  0 | TrAcc: 0.6758, TrLoss:  0.93203, VaAcc: 0.6668, VaLoss:  0.99927	 20 sampled NNs | VaAcc: 0.3437 +- 0.0280 | VaLoss: 1.8477 +- 0.0731
113,  0 | TrAcc: 0.6810, TrLoss:  0.95829, VaAcc: 0.6688, VaLoss:  0.98421	 20 sampled NNs | VaAcc: 0.3510 +- 0.0352 | VaLoss: 1.8397 +- 0.0953
114,  0 | TrAcc: 0.6647, TrLoss:  0.98571, VaAcc: 0.6539, VaLoss:  1.02115	 20 sampled NNs | VaAcc: 0.3332 +- 0.0327 | VaLoss: 1.8842 +- 0.0780
115,  0 | TrAcc: 0.6823, TrLoss:  0.91532, VaAcc: 0.6614, VaLoss:  1.00027	 20 sampled NNs | VaAcc: 0.3393 +- 0.0270 | VaLoss: 1.8984 +- 0.1003
116,  0 | TrAcc: 0.6674, TrLoss:  1.00335, VaAcc: 0.6764, VaLoss:  0.98519	 20 sampled NNs | VaAcc: 0.3761 +- 0.0350 | VaLoss: 1.8289 +- 0.1042
117,  0 | TrAcc: 0.6835, TrLoss:  0.92739, VaAcc: 0.6734, VaLoss:  0.98371	 20 sampled NNs | VaAcc: 0.3564 +- 0.0316 | VaLoss: 1.8503 +- 0.1060
118,  0 | TrAcc: 0.6952, TrLoss:  0.90873, VaAcc: 0.6662, VaLoss:  1.00079	 20 sampled NNs | VaAcc: 0.3570 +- 0.0286 | VaLoss: 1.8530 +- 0.0806
119,  0 | TrAcc: 0.6800, TrLoss:  0.94318, VaAcc: 0.6541, VaLoss:  1.01134	 20 sampled NNs | VaAcc: 0.3289 +- 0.0309 | VaLoss: 1.8500 +- 0.0571
120,  0 | TrAcc: 0.6860, TrLoss:  0.94883, VaAcc: 0.6768, VaLoss:  0.96775	 20 sampled NNs | VaAcc: 0.3652 +- 0.0244 | VaLoss: 1.8321 +- 0.0969
121,  0 | TrAcc: 0.6775, TrLoss:  0.94464, VaAcc: 0.6727, VaLoss:  0.98620	 20 sampled NNs | VaAcc: 0.3651 +- 0.0258 | VaLoss: 1.8857 +- 0.0801
122,  0 | TrAcc: 0.6869, TrLoss:  0.93968, VaAcc: 0.6805, VaLoss:  0.95743	 20 sampled NNs | VaAcc: 0.3509 +- 0.0333 | VaLoss: 1.8621 +- 0.1196
123,  0 | TrAcc: 0.6465, TrLoss:  1.04384, VaAcc: 0.6815, VaLoss:  0.96288	 20 sampled NNs | VaAcc: 0.3569 +- 0.0328 | VaLoss: 1.8066 +- 0.0867
124,  0 | TrAcc: 0.7077, TrLoss:  0.90887, VaAcc: 0.6670, VaLoss:  0.99458	 20 sampled NNs | VaAcc: 0.3723 +- 0.0280 | VaLoss: 1.8025 +- 0.0836
125,  0 | TrAcc: 0.6873, TrLoss:  0.93445, VaAcc: 0.6715, VaLoss:  0.97863	 20 sampled NNs | VaAcc: 0.3759 +- 0.0219 | VaLoss: 1.7819 +- 0.0626
126,  0 | TrAcc: 0.6781, TrLoss:  0.96628, VaAcc: 0.6743, VaLoss:  0.96571	 20 sampled NNs | VaAcc: 0.3681 +- 0.0285 | VaLoss: 1.8190 +- 0.0843
127,  0 | TrAcc: 0.7106, TrLoss:  0.88300, VaAcc: 0.6754, VaLoss:  0.97113	 20 sampled NNs | VaAcc: 0.3812 +- 0.0340 | VaLoss: 1.7701 +- 0.0978
128,  0 | TrAcc: 0.6927, TrLoss:  0.92753, VaAcc: 0.6788, VaLoss:  0.95306	 20 sampled NNs | VaAcc: 0.3579 +- 0.0402 | VaLoss: 1.8176 +- 0.0823
129,  0 | TrAcc: 0.6823, TrLoss:  0.95191, VaAcc: 0.6642, VaLoss:  0.98625	 20 sampled NNs | VaAcc: 0.3715 +- 0.0301 | VaLoss: 1.7893 +- 0.0759
130,  0 | TrAcc: 0.7063, TrLoss:  0.90255, VaAcc: 0.6744, VaLoss:  0.96468	 20 sampled NNs | VaAcc: 0.3714 +- 0.0409 | VaLoss: 1.7743 +- 0.0998
131,  0 | TrAcc: 0.6770, TrLoss:  0.95843, VaAcc: 0.6565, VaLoss:  1.01410	 20 sampled NNs | VaAcc: 0.3641 +- 0.0348 | VaLoss: 1.8208 +- 0.0961
132,  0 | TrAcc: 0.6718, TrLoss:  0.94039, VaAcc: 0.6774, VaLoss:  0.96680	 20 sampled NNs | VaAcc: 0.3833 +- 0.0342 | VaLoss: 1.7509 +- 0.1013
133,  0 | TrAcc: 0.6616, TrLoss:  0.99847, VaAcc: 0.6859, VaLoss:  0.94694	 20 sampled NNs | VaAcc: 0.3516 +- 0.0276 | VaLoss: 1.8187 +- 0.0983
134,  0 | TrAcc: 0.6816, TrLoss:  0.95464, VaAcc: 0.6860, VaLoss:  0.95150	 20 sampled NNs | VaAcc: 0.3907 +- 0.0309 | VaLoss: 1.7811 +- 0.0757
135,  0 | TrAcc: 0.6933, TrLoss:  0.91750, VaAcc: 0.6780, VaLoss:  0.96522	 20 sampled NNs | VaAcc: 0.3712 +- 0.0360 | VaLoss: 1.7831 +- 0.1086
136,  0 | TrAcc: 0.6810, TrLoss:  0.98661, VaAcc: 0.6766, VaLoss:  0.97782	 20 sampled NNs | VaAcc: 0.3731 +- 0.0289 | VaLoss: 1.7895 +- 0.0793
137,  0 | TrAcc: 0.7051, TrLoss:  0.89291, VaAcc: 0.6801, VaLoss:  0.96858	 20 sampled NNs | VaAcc: 0.3735 +- 0.0246 | VaLoss: 1.7876 +- 0.0744
138,  0 | TrAcc: 0.6762, TrLoss:  0.97928, VaAcc: 0.6826, VaLoss:  0.98298	 20 sampled NNs | VaAcc: 0.3714 +- 0.0370 | VaLoss: 1.8309 +- 0.0938
139,  0 | TrAcc: 0.7022, TrLoss:  0.90674, VaAcc: 0.6764, VaLoss:  0.99468	 20 sampled NNs | VaAcc: 0.3746 +- 0.0350 | VaLoss: 1.7915 +- 0.0970
140,  0 | TrAcc: 0.6970, TrLoss:  0.90254, VaAcc: 0.6731, VaLoss:  0.98286	 20 sampled NNs | VaAcc: 0.3704 +- 0.0269 | VaLoss: 1.8208 +- 0.0677
141,  0 | TrAcc: 0.6853, TrLoss:  0.93831, VaAcc: 0.6652, VaLoss:  1.00014	 20 sampled NNs | VaAcc: 0.3322 +- 0.0291 | VaLoss: 1.8762 +- 0.1026
142,  0 | TrAcc: 0.7079, TrLoss:  0.89013, VaAcc: 0.6731, VaLoss:  0.98649	 20 sampled NNs | VaAcc: 0.3767 +- 0.0296 | VaLoss: 1.7895 +- 0.0876
143,  0 | TrAcc: 0.7003, TrLoss:  0.92793, VaAcc: 0.6813, VaLoss:  0.97221	 20 sampled NNs | VaAcc: 0.3860 +- 0.0361 | VaLoss: 1.7912 +- 0.0943
144,  0 | TrAcc: 0.6806, TrLoss:  0.94515, VaAcc: 0.6725, VaLoss:  0.99418	 20 sampled NNs | VaAcc: 0.3615 +- 0.0356 | VaLoss: 1.8467 +- 0.0906
145,  0 | TrAcc: 0.6938, TrLoss:  0.92356, VaAcc: 0.6825, VaLoss:  0.96503	 20 sampled NNs | VaAcc: 0.3746 +- 0.0289 | VaLoss: 1.8000 +- 0.0910
146,  0 | TrAcc: 0.6782, TrLoss:  0.96075, VaAcc: 0.6765, VaLoss:  0.98126	 20 sampled NNs | VaAcc: 0.3679 +- 0.0296 | VaLoss: 1.7864 +- 0.0937
147,  0 | TrAcc: 0.7089, TrLoss:  0.87256, VaAcc: 0.6806, VaLoss:  0.96628	 20 sampled NNs | VaAcc: 0.3658 +- 0.0292 | VaLoss: 1.8161 +- 0.0940
148,  0 | TrAcc: 0.7102, TrLoss:  0.86401, VaAcc: 0.6823, VaLoss:  0.96571	 20 sampled NNs | VaAcc: 0.3819 +- 0.0265 | VaLoss: 1.7800 +- 0.0740
149,  0 | TrAcc: 0.6992, TrLoss:  0.88763, VaAcc: 0.6816, VaLoss:  0.96663	 20 sampled NNs | VaAcc: 0.3518 +- 0.0343 | VaLoss: 1.8485 +- 0.0937
150,  0 | TrAcc: 0.6616, TrLoss:  1.00104, VaAcc: 0.6798, VaLoss:  0.98056	 20 sampled NNs | VaAcc: 0.3936 +- 0.0320 | VaLoss: 1.7514 +- 0.0870
151,  0 | TrAcc: 0.7151, TrLoss:  0.84845, VaAcc: 0.6723, VaLoss:  0.99133	 20 sampled NNs | VaAcc: 0.3827 +- 0.0295 | VaLoss: 1.7953 +- 0.1036
152,  0 | TrAcc: 0.6944, TrLoss:  0.89762, VaAcc: 0.6556, VaLoss:  1.00727	 20 sampled NNs | VaAcc: 0.3787 +- 0.0322 | VaLoss: 1.7814 +- 0.0877
153,  0 | TrAcc: 0.6881, TrLoss:  0.93642, VaAcc: 0.6847, VaLoss:  0.97623	 20 sampled NNs | VaAcc: 0.3920 +- 0.0331 | VaLoss: 1.7632 +- 0.0808
154,  0 | TrAcc: 0.6998, TrLoss:  0.90695, VaAcc: 0.6755, VaLoss:  1.00592	 20 sampled NNs | VaAcc: 0.3792 +- 0.0268 | VaLoss: 1.7905 +- 0.0746
155,  0 | TrAcc: 0.7147, TrLoss:  0.85440, VaAcc: 0.6849, VaLoss:  0.96877	 20 sampled NNs | VaAcc: 0.3884 +- 0.0254 | VaLoss: 1.7548 +- 0.0721
156,  0 | TrAcc: 0.7155, TrLoss:  0.85584, VaAcc: 0.6820, VaLoss:  0.97312	 20 sampled NNs | VaAcc: 0.4028 +- 0.0269 | VaLoss: 1.7078 +- 0.0812
157,  0 | TrAcc: 0.6901, TrLoss:  0.91633, VaAcc: 0.6815, VaLoss:  0.98200	 20 sampled NNs | VaAcc: 0.3879 +- 0.0397 | VaLoss: 1.7917 +- 0.1073
158,  0 | TrAcc: 0.6860, TrLoss:  0.94995, VaAcc: 0.6747, VaLoss:  1.01083	 20 sampled NNs | VaAcc: 0.3858 +- 0.0286 | VaLoss: 1.7767 +- 0.0773
159,  0 | TrAcc: 0.6860, TrLoss:  0.94342, VaAcc: 0.6743, VaLoss:  0.98087	 20 sampled NNs | VaAcc: 0.4085 +- 0.0291 | VaLoss: 1.7288 +- 0.0639
160,  0 | TrAcc: 0.6985, TrLoss:  0.89675, VaAcc: 0.6766, VaLoss:  0.99107	 20 sampled NNs | VaAcc: 0.3661 +- 0.0347 | VaLoss: 1.8343 +- 0.0980
161,  0 | TrAcc: 0.7010, TrLoss:  0.93471, VaAcc: 0.6797, VaLoss:  0.97031	 20 sampled NNs | VaAcc: 0.3905 +- 0.0331 | VaLoss: 1.7506 +- 0.0947
162,  0 | TrAcc: 0.7141, TrLoss:  0.87993, VaAcc: 0.6708, VaLoss:  0.99107	 20 sampled NNs | VaAcc: 0.3682 +- 0.0335 | VaLoss: 1.8257 +- 0.0878
163,  0 | TrAcc: 0.7048, TrLoss:  0.89330, VaAcc: 0.6794, VaLoss:  0.95814	 20 sampled NNs | VaAcc: 0.3824 +- 0.0417 | VaLoss: 1.7854 +- 0.0895
164,  0 | TrAcc: 0.7121, TrLoss:  0.87617, VaAcc: 0.6808, VaLoss:  0.96449	 20 sampled NNs | VaAcc: 0.3879 +- 0.0347 | VaLoss: 1.7330 +- 0.1175
165,  0 | TrAcc: 0.6920, TrLoss:  0.91602, VaAcc: 0.6768, VaLoss:  0.99058	 20 sampled NNs | VaAcc: 0.3894 +- 0.0283 | VaLoss: 1.7341 +- 0.0803
166,  0 | TrAcc: 0.6984, TrLoss:  0.90190, VaAcc: 0.6714, VaLoss:  1.00327	 20 sampled NNs | VaAcc: 0.4005 +- 0.0346 | VaLoss: 1.7456 +- 0.0907
167,  0 | TrAcc: 0.6904, TrLoss:  0.92743, VaAcc: 0.6766, VaLoss:  0.97345	 20 sampled NNs | VaAcc: 0.4104 +- 0.0283 | VaLoss: 1.6940 +- 0.0642
168,  0 | TrAcc: 0.6982, TrLoss:  0.91216, VaAcc: 0.6673, VaLoss:  0.99449	 20 sampled NNs | VaAcc: 0.3793 +- 0.0283 | VaLoss: 1.8142 +- 0.0934
169,  0 | TrAcc: 0.7023, TrLoss:  0.88420, VaAcc: 0.6690, VaLoss:  0.99673	 20 sampled NNs | VaAcc: 0.3783 +- 0.0285 | VaLoss: 1.8346 +- 0.0824
170,  0 | TrAcc: 0.6786, TrLoss:  0.97394, VaAcc: 0.6882, VaLoss:  0.95433	 20 sampled NNs | VaAcc: 0.3640 +- 0.0370 | VaLoss: 1.8652 +- 0.1088
171,  0 | TrAcc: 0.7086, TrLoss:  0.89087, VaAcc: 0.6842, VaLoss:  0.96220	 20 sampled NNs | VaAcc: 0.3746 +- 0.0291 | VaLoss: 1.8368 +- 0.0900
172,  0 | TrAcc: 0.6971, TrLoss:  0.93838, VaAcc: 0.6870, VaLoss:  0.95148	 20 sampled NNs | VaAcc: 0.3946 +- 0.0252 | VaLoss: 1.7807 +- 0.0840
173,  0 | TrAcc: 0.6981, TrLoss:  0.90746, VaAcc: 0.6844, VaLoss:  0.95860	 20 sampled NNs | VaAcc: 0.3998 +- 0.0375 | VaLoss: 1.7879 +- 0.1104
174,  0 | TrAcc: 0.6827, TrLoss:  0.93182, VaAcc: 0.6946, VaLoss:  0.94152	 20 sampled NNs | VaAcc: 0.3956 +- 0.0393 | VaLoss: 1.7179 +- 0.1069
175,  0 | TrAcc: 0.7159, TrLoss:  0.87493, VaAcc: 0.6711, VaLoss:  0.98773	 20 sampled NNs | VaAcc: 0.4178 +- 0.0281 | VaLoss: 1.6805 +- 0.0867
176,  0 | TrAcc: 0.6988, TrLoss:  0.89520, VaAcc: 0.6883, VaLoss:  0.95739	 20 sampled NNs | VaAcc: 0.3774 +- 0.0378 | VaLoss: 1.7864 +- 0.1046
177,  0 | TrAcc: 0.7091, TrLoss:  0.89091, VaAcc: 0.6808, VaLoss:  0.97641	 20 sampled NNs | VaAcc: 0.3810 +- 0.0332 | VaLoss: 1.8101 +- 0.0878
178,  0 | TrAcc: 0.6817, TrLoss:  0.96508, VaAcc: 0.6748, VaLoss:  0.97134	 20 sampled NNs | VaAcc: 0.4035 +- 0.0230 | VaLoss: 1.7334 +- 0.0841
179,  0 | TrAcc: 0.6929, TrLoss:  0.90726, VaAcc: 0.6861, VaLoss:  0.95439	 20 sampled NNs | VaAcc: 0.4034 +- 0.0347 | VaLoss: 1.7060 +- 0.0948
180,  0 | TrAcc: 0.6995, TrLoss:  0.93248, VaAcc: 0.6731, VaLoss:  0.97080	 20 sampled NNs | VaAcc: 0.3758 +- 0.0278 | VaLoss: 1.8215 +- 0.0954
181,  0 | TrAcc: 0.7045, TrLoss:  0.92101, VaAcc: 0.6809, VaLoss:  0.98382	 20 sampled NNs | VaAcc: 0.3972 +- 0.0307 | VaLoss: 1.7448 +- 0.0841
182,  0 | TrAcc: 0.6972, TrLoss:  0.92449, VaAcc: 0.6832, VaLoss:  0.97254	 20 sampled NNs | VaAcc: 0.4082 +- 0.0258 | VaLoss: 1.7111 +- 0.0675
183,  0 | TrAcc: 0.6900, TrLoss:  0.92781, VaAcc: 0.6791, VaLoss:  0.97725	 20 sampled NNs | VaAcc: 0.3771 +- 0.0276 | VaLoss: 1.7827 +- 0.0866
184,  0 | TrAcc: 0.6985, TrLoss:  0.90038, VaAcc: 0.6934, VaLoss:  0.93224	 20 sampled NNs | VaAcc: 0.3846 +- 0.0314 | VaLoss: 1.7458 +- 0.0904
185,  0 | TrAcc: 0.6997, TrLoss:  0.89620, VaAcc: 0.6814, VaLoss:  0.95260	 20 sampled NNs | VaAcc: 0.3683 +- 0.0301 | VaLoss: 1.7823 +- 0.1028
186,  0 | TrAcc: 0.6965, TrLoss:  0.90760, VaAcc: 0.6900, VaLoss:  0.93155	 20 sampled NNs | VaAcc: 0.4044 +- 0.0329 | VaLoss: 1.7343 +- 0.0720
187,  0 | TrAcc: 0.6887, TrLoss:  0.93035, VaAcc: 0.6943, VaLoss:  0.94720	 20 sampled NNs | VaAcc: 0.4160 +- 0.0352 | VaLoss: 1.6594 +- 0.0787
188,  0 | TrAcc: 0.6848, TrLoss:  0.95068, VaAcc: 0.6998, VaLoss:  0.92312	 20 sampled NNs | VaAcc: 0.4142 +- 0.0252 | VaLoss: 1.7049 +- 0.0689
189,  0 | TrAcc: 0.7167, TrLoss:  0.86598, VaAcc: 0.6766, VaLoss:  0.97741	 20 sampled NNs | VaAcc: 0.4017 +- 0.0298 | VaLoss: 1.7700 +- 0.0829
190,  0 | TrAcc: 0.7145, TrLoss:  0.88762, VaAcc: 0.6880, VaLoss:  0.94003	 20 sampled NNs | VaAcc: 0.4038 +- 0.0353 | VaLoss: 1.7216 +- 0.0962
191,  0 | TrAcc: 0.6927, TrLoss:  0.89329, VaAcc: 0.6826, VaLoss:  0.94064	 20 sampled NNs | VaAcc: 0.3889 +- 0.0384 | VaLoss: 1.7634 +- 0.1100
192,  0 | TrAcc: 0.7048, TrLoss:  0.89382, VaAcc: 0.6819, VaLoss:  0.95006	 20 sampled NNs | VaAcc: 0.3928 +- 0.0279 | VaLoss: 1.7197 +- 0.0798
193,  0 | TrAcc: 0.7056, TrLoss:  0.89531, VaAcc: 0.6942, VaLoss:  0.92992	 20 sampled NNs | VaAcc: 0.3977 +- 0.0335 | VaLoss: 1.7234 +- 0.0818
194,  0 | TrAcc: 0.7232, TrLoss:  0.85461, VaAcc: 0.6941, VaLoss:  0.92948	 20 sampled NNs | VaAcc: 0.3927 +- 0.0388 | VaLoss: 1.7771 +- 0.0968
195,  0 | TrAcc: 0.7032, TrLoss:  0.88378, VaAcc: 0.6806, VaLoss:  0.95595	 20 sampled NNs | VaAcc: 0.3855 +- 0.0267 | VaLoss: 1.7911 +- 0.0715
196,  0 | TrAcc: 0.6910, TrLoss:  0.91248, VaAcc: 0.6887, VaLoss:  0.94704	 20 sampled NNs | VaAcc: 0.4049 +- 0.0341 | VaLoss: 1.7593 +- 0.0853
197,  0 | TrAcc: 0.7101, TrLoss:  0.88108, VaAcc: 0.6884, VaLoss:  0.95099	 20 sampled NNs | VaAcc: 0.3996 +- 0.0232 | VaLoss: 1.7507 +- 0.0545
198,  0 | TrAcc: 0.7053, TrLoss:  0.88053, VaAcc: 0.6884, VaLoss:  0.93603	 20 sampled NNs | VaAcc: 0.3671 +- 0.0346 | VaLoss: 1.8603 +- 0.1205
199,  0 | TrAcc: 0.6920, TrLoss:  0.93163, VaAcc: 0.6846, VaLoss:  0.95118	 20 sampled NNs | VaAcc: 0.4161 +- 0.0273 | VaLoss: 1.6905 +- 0.0734
200,  0 | TrAcc: 0.7016, TrLoss:  0.90515, VaAcc: 0.6938, VaLoss:  0.94420	 20 sampled NNs | VaAcc: 0.4244 +- 0.0424 | VaLoss: 1.6979 +- 0.1157
201,  0 | TrAcc: 0.7069, TrLoss:  0.88389, VaAcc: 0.7027, VaLoss:  0.91781	 20 sampled NNs | VaAcc: 0.4090 +- 0.0195 | VaLoss: 1.7268 +- 0.0650
202,  0 | TrAcc: 0.7207, TrLoss:  0.86546, VaAcc: 0.6949, VaLoss:  0.92482	 20 sampled NNs | VaAcc: 0.4047 +- 0.0275 | VaLoss: 1.7276 +- 0.0752
203,  0 | TrAcc: 0.6798, TrLoss:  0.96516, VaAcc: 0.6974, VaLoss:  0.94818	 20 sampled NNs | VaAcc: 0.4169 +- 0.0319 | VaLoss: 1.7013 +- 0.0810
204,  0 | TrAcc: 0.7032, TrLoss:  0.89990, VaAcc: 0.6937, VaLoss:  0.94096	 20 sampled NNs | VaAcc: 0.3981 +- 0.0392 | VaLoss: 1.7371 +- 0.0804
205,  0 | TrAcc: 0.7066, TrLoss:  0.91285, VaAcc: 0.6825, VaLoss:  0.97337	 20 sampled NNs | VaAcc: 0.4238 +- 0.0244 | VaLoss: 1.6795 +- 0.0571
206,  0 | TrAcc: 0.6989, TrLoss:  0.88487, VaAcc: 0.6828, VaLoss:  0.96386	 20 sampled NNs | VaAcc: 0.4027 +- 0.0320 | VaLoss: 1.7226 +- 0.0894
207,  0 | TrAcc: 0.7094, TrLoss:  0.90497, VaAcc: 0.6907, VaLoss:  0.93968	 20 sampled NNs | VaAcc: 0.4188 +- 0.0325 | VaLoss: 1.6861 +- 0.0795
208,  0 | TrAcc: 0.7090, TrLoss:  0.86431, VaAcc: 0.6926, VaLoss:  0.94545	 20 sampled NNs | VaAcc: 0.4181 +- 0.0320 | VaLoss: 1.6608 +- 0.1006
209,  0 | TrAcc: 0.7026, TrLoss:  0.91410, VaAcc: 0.6895, VaLoss:  0.93871	 20 sampled NNs | VaAcc: 0.4170 +- 0.0252 | VaLoss: 1.6770 +- 0.0773
210,  0 | TrAcc: 0.7153, TrLoss:  0.86032, VaAcc: 0.6878, VaLoss:  0.97047	 20 sampled NNs | VaAcc: 0.4062 +- 0.0281 | VaLoss: 1.7636 +- 0.0734
211,  0 | TrAcc: 0.7252, TrLoss:  0.84729, VaAcc: 0.6851, VaLoss:  0.95632	 20 sampled NNs | VaAcc: 0.4356 +- 0.0319 | VaLoss: 1.6580 +- 0.0848
212,  0 | TrAcc: 0.7118, TrLoss:  0.85739, VaAcc: 0.6955, VaLoss:  0.93642	 20 sampled NNs | VaAcc: 0.4289 +- 0.0236 | VaLoss: 1.6593 +- 0.0628
213,  0 | TrAcc: 0.6891, TrLoss:  0.94087, VaAcc: 0.6855, VaLoss:  0.94383	 20 sampled NNs | VaAcc: 0.4153 +- 0.0304 | VaLoss: 1.7186 +- 0.0866
214,  0 | TrAcc: 0.7139, TrLoss:  0.87350, VaAcc: 0.6947, VaLoss:  0.96138	 20 sampled NNs | VaAcc: 0.3981 +- 0.0321 | VaLoss: 1.7653 +- 0.0910
215,  0 | TrAcc: 0.6885, TrLoss:  0.93313, VaAcc: 0.6931, VaLoss:  0.95950	 20 sampled NNs | VaAcc: 0.4398 +- 0.0279 | VaLoss: 1.6314 +- 0.0703
216,  0 | TrAcc: 0.7109, TrLoss:  0.87481, VaAcc: 0.6928, VaLoss:  0.93000	 20 sampled NNs | VaAcc: 0.4095 +- 0.0227 | VaLoss: 1.7354 +- 0.0600
217,  0 | TrAcc: 0.6977, TrLoss:  0.92394, VaAcc: 0.6910, VaLoss:  0.93553	 20 sampled NNs | VaAcc: 0.4340 +- 0.0336 | VaLoss: 1.6354 +- 0.0835
218,  0 | TrAcc: 0.6632, TrLoss:  0.98582, VaAcc: 0.6908, VaLoss:  0.93000	 20 sampled NNs | VaAcc: 0.4254 +- 0.0332 | VaLoss: 1.6652 +- 0.0927
219,  0 | TrAcc: 0.6873, TrLoss:  0.93026, VaAcc: 0.6747, VaLoss:  0.97519	 20 sampled NNs | VaAcc: 0.4369 +- 0.0303 | VaLoss: 1.6119 +- 0.0699
220,  0 | TrAcc: 0.6907, TrLoss:  0.92762, VaAcc: 0.6904, VaLoss:  0.94880	 20 sampled NNs | VaAcc: 0.4411 +- 0.0204 | VaLoss: 1.6452 +- 0.0689
221,  0 | TrAcc: 0.7114, TrLoss:  0.87549, VaAcc: 0.6881, VaLoss:  0.95045	 20 sampled NNs | VaAcc: 0.4238 +- 0.0170 | VaLoss: 1.7043 +- 0.0653
222,  0 | TrAcc: 0.7179, TrLoss:  0.85033, VaAcc: 0.6996, VaLoss:  0.91877	 20 sampled NNs | VaAcc: 0.4271 +- 0.0266 | VaLoss: 1.6930 +- 0.0626
223,  0 | TrAcc: 0.7124, TrLoss:  0.87244, VaAcc: 0.7012, VaLoss:  0.91413	 20 sampled NNs | VaAcc: 0.4280 +- 0.0265 | VaLoss: 1.6670 +- 0.0766
224,  0 | TrAcc: 0.7074, TrLoss:  0.90040, VaAcc: 0.6838, VaLoss:  0.97110	 20 sampled NNs | VaAcc: 0.4297 +- 0.0279 | VaLoss: 1.6635 +- 0.0872
225,  0 | TrAcc: 0.6924, TrLoss:  0.92467, VaAcc: 0.6964, VaLoss:  0.93082	 20 sampled NNs | VaAcc: 0.4377 +- 0.0289 | VaLoss: 1.6387 +- 0.0760
226,  0 | TrAcc: 0.6862, TrLoss:  0.94297, VaAcc: 0.6940, VaLoss:  0.92775	 20 sampled NNs | VaAcc: 0.4341 +- 0.0251 | VaLoss: 1.6521 +- 0.0631
227,  0 | TrAcc: 0.6746, TrLoss:  0.96228, VaAcc: 0.6767, VaLoss:  0.94998	 20 sampled NNs | VaAcc: 0.4200 +- 0.0359 | VaLoss: 1.6937 +- 0.0926
228,  0 | TrAcc: 0.7058, TrLoss:  0.88164, VaAcc: 0.6868, VaLoss:  0.93836	 20 sampled NNs | VaAcc: 0.4139 +- 0.0315 | VaLoss: 1.7031 +- 0.0867
229,  0 | TrAcc: 0.7143, TrLoss:  0.87401, VaAcc: 0.6861, VaLoss:  0.94649	 20 sampled NNs | VaAcc: 0.4456 +- 0.0307 | VaLoss: 1.6160 +- 0.0873
230,  0 | TrAcc: 0.7216, TrLoss:  0.84523, VaAcc: 0.6878, VaLoss:  0.94045	 20 sampled NNs | VaAcc: 0.4266 +- 0.0221 | VaLoss: 1.6539 +- 0.0642
231,  0 | TrAcc: 0.7012, TrLoss:  0.89561, VaAcc: 0.6947, VaLoss:  0.92610	 20 sampled NNs | VaAcc: 0.4305 +- 0.0372 | VaLoss: 1.6441 +- 0.0871
232,  0 | TrAcc: 0.7135, TrLoss:  0.88017, VaAcc: 0.6771, VaLoss:  0.95753	 20 sampled NNs | VaAcc: 0.3874 +- 0.0291 | VaLoss: 1.7314 +- 0.0583
233,  0 | TrAcc: 0.6730, TrLoss:  0.93095, VaAcc: 0.6812, VaLoss:  0.95227	 20 sampled NNs | VaAcc: 0.3766 +- 0.0326 | VaLoss: 1.8077 +- 0.0868
234,  0 | TrAcc: 0.6942, TrLoss:  0.90559, VaAcc: 0.6910, VaLoss:  0.93645	 20 sampled NNs | VaAcc: 0.4548 +- 0.0231 | VaLoss: 1.5789 +- 0.0593
235,  0 | TrAcc: 0.6944, TrLoss:  0.90834, VaAcc: 0.6864, VaLoss:  0.94794	 20 sampled NNs | VaAcc: 0.4280 +- 0.0299 | VaLoss: 1.6545 +- 0.0866
236,  0 | TrAcc: 0.7240, TrLoss:  0.84224, VaAcc: 0.6857, VaLoss:  0.93819	 20 sampled NNs | VaAcc: 0.4196 +- 0.0332 | VaLoss: 1.6903 +- 0.0877
237,  0 | TrAcc: 0.7165, TrLoss:  0.85998, VaAcc: 0.6876, VaLoss:  0.94192	 20 sampled NNs | VaAcc: 0.4150 +- 0.0296 | VaLoss: 1.7027 +- 0.0863
238,  0 | TrAcc: 0.7147, TrLoss:  0.88173, VaAcc: 0.6924, VaLoss:  0.93171	 20 sampled NNs | VaAcc: 0.4197 +- 0.0347 | VaLoss: 1.6948 +- 0.0902
239,  0 | TrAcc: 0.7074, TrLoss:  0.90061, VaAcc: 0.6959, VaLoss:  0.92578	 20 sampled NNs | VaAcc: 0.4144 +- 0.0282 | VaLoss: 1.6881 +- 0.0830
240,  0 | TrAcc: 0.7080, TrLoss:  0.89590, VaAcc: 0.6973, VaLoss:  0.91461	 20 sampled NNs | VaAcc: 0.4221 +- 0.0317 | VaLoss: 1.6946 +- 0.0849
241,  0 | TrAcc: 0.6971, TrLoss:  0.89685, VaAcc: 0.6953, VaLoss:  0.92961	 20 sampled NNs | VaAcc: 0.4202 +- 0.0322 | VaLoss: 1.6789 +- 0.0834
242,  0 | TrAcc: 0.7214, TrLoss:  0.86049, VaAcc: 0.6902, VaLoss:  0.92543	 20 sampled NNs | VaAcc: 0.4126 +- 0.0402 | VaLoss: 1.6882 +- 0.0791
243,  0 | TrAcc: 0.7019, TrLoss:  0.90433, VaAcc: 0.6967, VaLoss:  0.94852	 20 sampled NNs | VaAcc: 0.4374 +- 0.0230 | VaLoss: 1.6372 +- 0.0594
244,  0 | TrAcc: 0.7128, TrLoss:  0.89351, VaAcc: 0.6918, VaLoss:  0.93957	 20 sampled NNs | VaAcc: 0.4187 +- 0.0353 | VaLoss: 1.6600 +- 0.0894
245,  0 | TrAcc: 0.7177, TrLoss:  0.85703, VaAcc: 0.6982, VaLoss:  0.91876	 20 sampled NNs | VaAcc: 0.4540 +- 0.0280 | VaLoss: 1.5797 +- 0.0535
246,  0 | TrAcc: 0.6865, TrLoss:  0.95151, VaAcc: 0.6862, VaLoss:  0.95359	 20 sampled NNs | VaAcc: 0.4028 +- 0.0220 | VaLoss: 1.7333 +- 0.0676
247,  0 | TrAcc: 0.7101, TrLoss:  0.88233, VaAcc: 0.6941, VaLoss:  0.92862	 20 sampled NNs | VaAcc: 0.4223 +- 0.0321 | VaLoss: 1.6437 +- 0.0830
248,  0 | TrAcc: 0.6860, TrLoss:  0.90658, VaAcc: 0.6928, VaLoss:  0.94175	 20 sampled NNs | VaAcc: 0.4480 +- 0.0340 | VaLoss: 1.6400 +- 0.0863
249,  0 | TrAcc: 0.7211, TrLoss:  0.83088, VaAcc: 0.6797, VaLoss:  0.97063	 20 sampled NNs | VaAcc: 0.4336 +- 0.0250 | VaLoss: 1.6393 +- 0.0780
250,  0 | TrAcc: 0.7107, TrLoss:  0.87379, VaAcc: 0.6856, VaLoss:  0.94003	 20 sampled NNs | VaAcc: 0.4447 +- 0.0253 | VaLoss: 1.5951 +- 0.0691
251,  0 | TrAcc: 0.7142, TrLoss:  0.86980, VaAcc: 0.6924, VaLoss:  0.92365	 20 sampled NNs | VaAcc: 0.4044 +- 0.0250 | VaLoss: 1.7001 +- 0.0884
252,  0 | TrAcc: 0.7020, TrLoss:  0.90069, VaAcc: 0.6940, VaLoss:  0.92557	 20 sampled NNs | VaAcc: 0.4251 +- 0.0300 | VaLoss: 1.6566 +- 0.1023
253,  0 | TrAcc: 0.7008, TrLoss:  0.90165, VaAcc: 0.6920, VaLoss:  0.93783	 20 sampled NNs | VaAcc: 0.4330 +- 0.0356 | VaLoss: 1.6452 +- 0.0633
254,  0 | TrAcc: 0.7069, TrLoss:  0.89443, VaAcc: 0.6901, VaLoss:  0.96486	 20 sampled NNs | VaAcc: 0.4337 +- 0.0281 | VaLoss: 1.6816 +- 0.0818
255,  0 | TrAcc: 0.7065, TrLoss:  0.86950, VaAcc: 0.6892, VaLoss:  0.94031	 20 sampled NNs | VaAcc: 0.4572 +- 0.0285 | VaLoss: 1.5736 +- 0.0697
256,  0 | TrAcc: 0.7127, TrLoss:  0.88142, VaAcc: 0.6955, VaLoss:  0.93017	 20 sampled NNs | VaAcc: 0.4353 +- 0.0285 | VaLoss: 1.6602 +- 0.0812
257,  0 | TrAcc: 0.7062, TrLoss:  0.88154, VaAcc: 0.6903, VaLoss:  0.93377	 20 sampled NNs | VaAcc: 0.4184 +- 0.0301 | VaLoss: 1.6396 +- 0.0851
258,  0 | TrAcc: 0.6995, TrLoss:  0.89467, VaAcc: 0.6904, VaLoss:  0.93440	 20 sampled NNs | VaAcc: 0.4212 +- 0.0428 | VaLoss: 1.6744 +- 0.1059
259,  0 | TrAcc: 0.7190, TrLoss:  0.86500, VaAcc: 0.6922, VaLoss:  0.92752	 20 sampled NNs | VaAcc: 0.4449 +- 0.0253 | VaLoss: 1.6302 +- 0.0820
260,  0 | TrAcc: 0.7281, TrLoss:  0.83373, VaAcc: 0.6906, VaLoss:  0.93610	 20 sampled NNs | VaAcc: 0.4357 +- 0.0309 | VaLoss: 1.6577 +- 0.0895
261,  0 | TrAcc: 0.7097, TrLoss:  0.89744, VaAcc: 0.6931, VaLoss:  0.91806	 20 sampled NNs | VaAcc: 0.4317 +- 0.0470 | VaLoss: 1.6276 +- 0.1154
262,  0 | TrAcc: 0.7130, TrLoss:  0.87040, VaAcc: 0.6903, VaLoss:  0.93715	 20 sampled NNs | VaAcc: 0.4268 +- 0.0284 | VaLoss: 1.6588 +- 0.0751
263,  0 | TrAcc: 0.7019, TrLoss:  0.89507, VaAcc: 0.6888, VaLoss:  0.94774	 20 sampled NNs | VaAcc: 0.4031 +- 0.0296 | VaLoss: 1.7372 +- 0.0817
264,  0 | TrAcc: 0.6983, TrLoss:  0.88191, VaAcc: 0.6929, VaLoss:  0.93468	 20 sampled NNs | VaAcc: 0.4224 +- 0.0289 | VaLoss: 1.6916 +- 0.0899
265,  0 | TrAcc: 0.6838, TrLoss:  0.92313, VaAcc: 0.6830, VaLoss:  0.93703	 20 sampled NNs | VaAcc: 0.4063 +- 0.0301 | VaLoss: 1.7303 +- 0.0970
266,  0 | TrAcc: 0.7134, TrLoss:  0.88010, VaAcc: 0.6995, VaLoss:  0.91141	 20 sampled NNs | VaAcc: 0.4440 +- 0.0283 | VaLoss: 1.5788 +- 0.0625
267,  0 | TrAcc: 0.7188, TrLoss:  0.87853, VaAcc: 0.7011, VaLoss:  0.91474	 20 sampled NNs | VaAcc: 0.4434 +- 0.0271 | VaLoss: 1.5874 +- 0.0895
268,  0 | TrAcc: 0.7086, TrLoss:  0.89561, VaAcc: 0.6948, VaLoss:  0.92868	 20 sampled NNs | VaAcc: 0.4335 +- 0.0246 | VaLoss: 1.6229 +- 0.0677
269,  0 | TrAcc: 0.7263, TrLoss:  0.86272, VaAcc: 0.6902, VaLoss:  0.94013	 20 sampled NNs | VaAcc: 0.4402 +- 0.0338 | VaLoss: 1.6199 +- 0.1051
270,  0 | TrAcc: 0.7174, TrLoss:  0.86185, VaAcc: 0.7006, VaLoss:  0.92516	 20 sampled NNs | VaAcc: 0.4709 +- 0.0195 | VaLoss: 1.5504 +- 0.0516
271,  0 | TrAcc: 0.7162, TrLoss:  0.86318, VaAcc: 0.6940, VaLoss:  0.92848	 20 sampled NNs | VaAcc: 0.4532 +- 0.0373 | VaLoss: 1.5947 +- 0.0921
272,  0 | TrAcc: 0.7263, TrLoss:  0.83014, VaAcc: 0.7023, VaLoss:  0.90500	 20 sampled NNs | VaAcc: 0.4529 +- 0.0291 | VaLoss: 1.5987 +- 0.0842
273,  0 | TrAcc: 0.7266, TrLoss:  0.82288, VaAcc: 0.7021, VaLoss:  0.92066	 20 sampled NNs | VaAcc: 0.4402 +- 0.0238 | VaLoss: 1.5888 +- 0.0670
274,  0 | TrAcc: 0.6937, TrLoss:  0.90919, VaAcc: 0.7047, VaLoss:  0.90617	 20 sampled NNs | VaAcc: 0.4450 +- 0.0264 | VaLoss: 1.5848 +- 0.0886
275,  0 | TrAcc: 0.7099, TrLoss:  0.88976, VaAcc: 0.6984, VaLoss:  0.93515	 20 sampled NNs | VaAcc: 0.4527 +- 0.0225 | VaLoss: 1.6047 +- 0.0718
276,  0 | TrAcc: 0.7063, TrLoss:  0.86770, VaAcc: 0.6969, VaLoss:  0.93324	 20 sampled NNs | VaAcc: 0.4576 +- 0.0281 | VaLoss: 1.5903 +- 0.0768
277,  0 | TrAcc: 0.7109, TrLoss:  0.88181, VaAcc: 0.6955, VaLoss:  0.93435	 20 sampled NNs | VaAcc: 0.4551 +- 0.0238 | VaLoss: 1.5974 +- 0.0616
278,  0 | TrAcc: 0.7115, TrLoss:  0.86977, VaAcc: 0.7021, VaLoss:  0.93368	 20 sampled NNs | VaAcc: 0.4459 +- 0.0272 | VaLoss: 1.6085 +- 0.0764
279,  0 | TrAcc: 0.7230, TrLoss:  0.85884, VaAcc: 0.6875, VaLoss:  0.95216	 20 sampled NNs | VaAcc: 0.4386 +- 0.0315 | VaLoss: 1.6306 +- 0.0956
280,  0 | TrAcc: 0.7065, TrLoss:  0.89405, VaAcc: 0.6903, VaLoss:  0.95227	 20 sampled NNs | VaAcc: 0.4307 +- 0.0317 | VaLoss: 1.6721 +- 0.0832
281,  0 | TrAcc: 0.7161, TrLoss:  0.84488, VaAcc: 0.6936, VaLoss:  0.92006	 20 sampled NNs | VaAcc: 0.4378 +- 0.0261 | VaLoss: 1.6280 +- 0.0757
282,  0 | TrAcc: 0.7231, TrLoss:  0.83346, VaAcc: 0.7045, VaLoss:  0.90764	 20 sampled NNs | VaAcc: 0.4411 +- 0.0261 | VaLoss: 1.6236 +- 0.0795
283,  0 | TrAcc: 0.6842, TrLoss:  0.93681, VaAcc: 0.7038, VaLoss:  0.91373	 20 sampled NNs | VaAcc: 0.4440 +- 0.0343 | VaLoss: 1.6415 +- 0.0823
284,  0 | TrAcc: 0.7163, TrLoss:  0.87038, VaAcc: 0.7038, VaLoss:  0.90756	 20 sampled NNs | VaAcc: 0.4441 +- 0.0268 | VaLoss: 1.6241 +- 0.0633
285,  0 | TrAcc: 0.7156, TrLoss:  0.86018, VaAcc: 0.7040, VaLoss:  0.91652	 20 sampled NNs | VaAcc: 0.4455 +- 0.0276 | VaLoss: 1.6377 +- 0.0703
286,  0 | TrAcc: 0.7163, TrLoss:  0.88790, VaAcc: 0.7003, VaLoss:  0.91806	 20 sampled NNs | VaAcc: 0.4414 +- 0.0321 | VaLoss: 1.6406 +- 0.0812
287,  0 | TrAcc: 0.7278, TrLoss:      nan, VaAcc: 0.6969, VaLoss:      nan	 20 sampled NNs | VaAcc: 0.4272 +- 0.0271 | VaLoss: 1.6392 +- 0.0885
288,  0 | TrAcc: 0.7041, TrLoss:  0.88526, VaAcc: 0.6824, VaLoss:  0.97507	 20 sampled NNs | VaAcc: 0.4230 +- 0.0204 | VaLoss: 1.6715 +- 0.0624
289,  0 | TrAcc: 0.7212, TrLoss:  0.84108, VaAcc: 0.6970, VaLoss:  0.92337	 20 sampled NNs | VaAcc: 0.4358 +- 0.0309 | VaLoss: 1.6398 +- 0.0770
290,  0 | TrAcc: 0.6899, TrLoss:  0.91127, VaAcc: 0.7032, VaLoss:  0.90503	 20 sampled NNs | VaAcc: 0.4456 +- 0.0296 | VaLoss: 1.5958 +- 0.0887
291,  0 | TrAcc: 0.7123, TrLoss:  0.87610, VaAcc: 0.6928, VaLoss:  0.93311	 20 sampled NNs | VaAcc: 0.4324 +- 0.0259 | VaLoss: 1.6536 +- 0.0766
292,  0 | TrAcc: 0.6722, TrLoss:  0.96453, VaAcc: 0.6906, VaLoss:  0.93983	 20 sampled NNs | VaAcc: 0.4115 +- 0.0232 | VaLoss: 1.6657 +- 0.0658
293,  0 | TrAcc: 0.7031, TrLoss:  0.87863, VaAcc: 0.6952, VaLoss:  0.91996	 20 sampled NNs | VaAcc: 0.4341 +- 0.0366 | VaLoss: 1.6405 +- 0.1004
294,  0 | TrAcc: 0.7061, TrLoss:  0.87754, VaAcc: 0.6976, VaLoss:  0.91316	 20 sampled NNs | VaAcc: 0.4336 +- 0.0311 | VaLoss: 1.6132 +- 0.0670
295,  0 | TrAcc: 0.7042, TrLoss:  0.87651, VaAcc: 0.6961, VaLoss:  0.93561	 20 sampled NNs | VaAcc: 0.4333 +- 0.0262 | VaLoss: 1.6673 +- 0.0781
296,  0 | TrAcc: 0.6938, TrLoss:  0.90985, VaAcc: 0.6979, VaLoss:  0.93128	 20 sampled NNs | VaAcc: 0.4518 +- 0.0320 | VaLoss: 1.5801 +- 0.0737
297,  0 | TrAcc: 0.6979, TrLoss:  0.91273, VaAcc: 0.6934, VaLoss:  0.94023	 20 sampled NNs | VaAcc: 0.4378 +- 0.0278 | VaLoss: 1.6346 +- 0.0720
298,  0 | TrAcc: 0.7147, TrLoss:  0.89875, VaAcc: 0.7008, VaLoss:  0.91987	 20 sampled NNs | VaAcc: 0.4175 +- 0.0275 | VaLoss: 1.6724 +- 0.0800
299,  0 | TrAcc: 0.7085, TrLoss:  0.90031, VaAcc: 0.6992, VaLoss:  0.92142	 20 sampled NNs | VaAcc: 0.4314 +- 0.0310 | VaLoss: 1.6518 +- 0.0691
300,  0 | TrAcc: 0.7154, TrLoss:  0.87561, VaAcc: 0.6957, VaLoss:  0.91555	 20 sampled NNs | VaAcc: 0.4237 +- 0.0348 | VaLoss: 1.6468 +- 0.0919
301,  0 | TrAcc: 0.7254, TrLoss:  0.85807, VaAcc: 0.6978, VaLoss:  0.91923	 20 sampled NNs | VaAcc: 0.4303 +- 0.0235 | VaLoss: 1.6383 +- 0.0751
302,  0 | TrAcc: 0.7309, TrLoss:  0.83716, VaAcc: 0.6929, VaLoss:  0.92264	 20 sampled NNs | VaAcc: 0.4726 +- 0.0306 | VaLoss: 1.5538 +- 0.0736
303,  0 | TrAcc: 0.7295, TrLoss:  0.81728, VaAcc: 0.6992, VaLoss:  0.91931	 20 sampled NNs | VaAcc: 0.4359 +- 0.0274 | VaLoss: 1.6411 +- 0.0725
304,  0 | TrAcc: 0.7062, TrLoss:  0.90905, VaAcc: 0.6936, VaLoss:  0.93275	 20 sampled NNs | VaAcc: 0.4123 +- 0.0341 | VaLoss: 1.7018 +- 0.1105
305,  0 | TrAcc: 0.7110, TrLoss:  0.88183, VaAcc: 0.6931, VaLoss:  0.94227	 20 sampled NNs | VaAcc: 0.4282 +- 0.0320 | VaLoss: 1.6639 +- 0.0991
306,  0 | TrAcc: 0.7235, TrLoss:  0.84831, VaAcc: 0.6823, VaLoss:  0.95966	 20 sampled NNs | VaAcc: 0.4201 +- 0.0284 | VaLoss: 1.6857 +- 0.0864
307,  0 | TrAcc: 0.6819, TrLoss:  0.94254, VaAcc: 0.6957, VaLoss:  0.95298	 20 sampled NNs | VaAcc: 0.4511 +- 0.0388 | VaLoss: 1.6130 +- 0.0977
308,  0 | TrAcc: 0.7221, TrLoss:  0.85550, VaAcc: 0.6950, VaLoss:  0.92221	 20 sampled NNs | VaAcc: 0.4083 +- 0.0242 | VaLoss: 1.6780 +- 0.0459
309,  0 | TrAcc: 0.7065, TrLoss:  0.89945, VaAcc: 0.6934, VaLoss:  0.93129	 20 sampled NNs | VaAcc: 0.4229 +- 0.0362 | VaLoss: 1.6572 +- 0.1016
310,  0 | TrAcc: 0.7229, TrLoss:  0.84735, VaAcc: 0.6919, VaLoss:  0.92816	 20 sampled NNs | VaAcc: 0.4083 +- 0.0351 | VaLoss: 1.6759 +- 0.0913
311,  0 | TrAcc: 0.7050, TrLoss:  0.88845, VaAcc: 0.7021, VaLoss:  0.91684	 20 sampled NNs | VaAcc: 0.4274 +- 0.0436 | VaLoss: 1.6056 +- 0.1022
312,  0 | TrAcc: 0.7313, TrLoss:  0.83800, VaAcc: 0.7011, VaLoss:  0.92910	 20 sampled NNs | VaAcc: 0.4284 +- 0.0272 | VaLoss: 1.6432 +- 0.0737
313,  0 | TrAcc: 0.7197, TrLoss:  0.86090, VaAcc: 0.7052, VaLoss:  0.91157	 20 sampled NNs | VaAcc: 0.4597 +- 0.0324 | VaLoss: 1.5663 +- 0.0764
314,  0 | TrAcc: 0.7019, TrLoss:  0.89483, VaAcc: 0.6951, VaLoss:  0.92690	 20 sampled NNs | VaAcc: 0.4213 +- 0.0253 | VaLoss: 1.6487 +- 0.0749
315,  0 | TrAcc: 0.7031, TrLoss:  0.89278, VaAcc: 0.6933, VaLoss:  0.92612	 20 sampled NNs | VaAcc: 0.4643 +- 0.0242 | VaLoss: 1.5761 +- 0.0633
316,  0 | TrAcc: 0.7156, TrLoss:  0.87103, VaAcc: 0.6863, VaLoss:  0.92861	 20 sampled NNs | VaAcc: 0.4230 +- 0.0345 | VaLoss: 1.6479 +- 0.0786
317,  0 | TrAcc: 0.7162, TrLoss:  0.86370, VaAcc: 0.6922, VaLoss:  0.92597	 20 sampled NNs | VaAcc: 0.4511 +- 0.0283 | VaLoss: 1.5836 +- 0.0958
318,  0 | TrAcc: 0.7067, TrLoss:  0.84869, VaAcc: 0.6839, VaLoss:  0.94486	 20 sampled NNs | VaAcc: 0.4306 +- 0.0345 | VaLoss: 1.6513 +- 0.0931
319,  0 | TrAcc: 0.7134, TrLoss:  0.87958, VaAcc: 0.6952, VaLoss:  0.92478	 20 sampled NNs | VaAcc: 0.4477 +- 0.0276 | VaLoss: 1.6046 +- 0.0649
320,  0 | TrAcc: 0.7056, TrLoss:      nan, VaAcc: 0.6886, VaLoss:      nan	 20 sampled NNs | VaAcc: 0.4478 +- 0.0351 | VaLoss: 1.6136 +- 0.0856
321,  0 | TrAcc: 0.7143, TrLoss:  0.86822, VaAcc: 0.6840, VaLoss:  0.95622	 20 sampled NNs | VaAcc: 0.4236 +- 0.0281 | VaLoss: 1.6371 +- 0.0947
322,  0 | TrAcc: 0.7156, TrLoss:  0.87091, VaAcc: 0.6889, VaLoss:  0.93845	 20 sampled NNs | VaAcc: 0.4246 +- 0.0363 | VaLoss: 1.6497 +- 0.0874
323,  0 | TrAcc: 0.7008, TrLoss:  0.88686, VaAcc: 0.7027, VaLoss:  0.91820	 20 sampled NNs | VaAcc: 0.4587 +- 0.0284 | VaLoss: 1.5930 +- 0.0701
324,  0 | TrAcc: 0.7008, TrLoss:  0.90650, VaAcc: 0.7079, VaLoss:  0.89946	 20 sampled NNs | VaAcc: 0.4404 +- 0.0248 | VaLoss: 1.6348 +- 0.0718
325,  0 | TrAcc: 0.7140, TrLoss:  0.87360, VaAcc: 0.6937, VaLoss:  0.93435	 20 sampled NNs | VaAcc: 0.4560 +- 0.0398 | VaLoss: 1.5546 +- 0.0805
326,  0 | TrAcc: 0.7196, TrLoss:  0.85337, VaAcc: 0.6893, VaLoss:  0.94919	 20 sampled NNs | VaAcc: 0.4351 +- 0.0292 | VaLoss: 1.6435 +- 0.0870
327,  0 | TrAcc: 0.7086, TrLoss:  0.87162, VaAcc: 0.6961, VaLoss:  0.93076	 20 sampled NNs | VaAcc: 0.4267 +- 0.0384 | VaLoss: 1.6606 +- 0.1085
328,  0 | TrAcc: 0.7023, TrLoss:  0.88136, VaAcc: 0.7005, VaLoss:  0.91971	 20 sampled NNs | VaAcc: 0.4361 +- 0.0304 | VaLoss: 1.6621 +- 0.0788
329,  0 | TrAcc: 0.7231, TrLoss:  0.87539, VaAcc: 0.6981, VaLoss:  0.92668	 20 sampled NNs | VaAcc: 0.4069 +- 0.0235 | VaLoss: 1.7096 +- 0.0569
330,  0 | TrAcc: 0.7072, TrLoss:  0.91633, VaAcc: 0.6886, VaLoss:  0.95175	 20 sampled NNs | VaAcc: 0.4637 +- 0.0405 | VaLoss: 1.5775 +- 0.0997
331,  0 | TrAcc: 0.6995, TrLoss:  0.89791, VaAcc: 0.6973, VaLoss:  0.93269	 20 sampled NNs | VaAcc: 0.4378 +- 0.0283 | VaLoss: 1.6391 +- 0.0736
332,  0 | TrAcc: 0.7265, TrLoss:  0.82131, VaAcc: 0.6969, VaLoss:  0.92186	 20 sampled NNs | VaAcc: 0.4406 +- 0.0332 | VaLoss: 1.6164 +- 0.0961
333,  0 | TrAcc: 0.7106, TrLoss:  0.89638, VaAcc: 0.6950, VaLoss:  0.92669	 20 sampled NNs | VaAcc: 0.4434 +- 0.0320 | VaLoss: 1.6229 +- 0.0896
334,  0 | TrAcc: 0.7088, TrLoss:  0.87798, VaAcc: 0.6965, VaLoss:  0.93259	 20 sampled NNs | VaAcc: 0.4292 +- 0.0402 | VaLoss: 1.6433 +- 0.0862
335,  0 | TrAcc: 0.7160, TrLoss:  0.87860, VaAcc: 0.6950, VaLoss:  0.94418	 20 sampled NNs | VaAcc: 0.4452 +- 0.0240 | VaLoss: 1.6220 +- 0.0671
336,  0 | TrAcc: 0.7069, TrLoss:  0.88515, VaAcc: 0.6801, VaLoss:  0.96966	 20 sampled NNs | VaAcc: 0.4263 +- 0.0273 | VaLoss: 1.6948 +- 0.0625
337,  0 | TrAcc: 0.7225, TrLoss:  0.83865, VaAcc: 0.6942, VaLoss:  0.92341	 20 sampled NNs | VaAcc: 0.4537 +- 0.0312 | VaLoss: 1.6166 +- 0.0941
338,  0 | TrAcc: 0.7128, TrLoss:  0.85723, VaAcc: 0.6940, VaLoss:  0.92463	 20 sampled NNs | VaAcc: 0.4437 +- 0.0222 | VaLoss: 1.6234 +- 0.0480
339,  0 | TrAcc: 0.7055, TrLoss:  0.87380, VaAcc: 0.6947, VaLoss:  0.92846	 20 sampled NNs | VaAcc: 0.4556 +- 0.0339 | VaLoss: 1.6210 +- 0.1018
340,  0 | TrAcc: 0.7088, TrLoss:      nan, VaAcc: 0.6993, VaLoss:      nan	 20 sampled NNs | VaAcc: 0.4701 +- 0.0202 | VaLoss: 1.5724 +- 0.0651
341,  0 | TrAcc: 0.7022, TrLoss:  0.89331, VaAcc: 0.6964, VaLoss:  0.92193	 20 sampled NNs | VaAcc: 0.4350 +- 0.0308 | VaLoss: 1.6258 +- 0.0617
342,  0 | TrAcc: 0.6944, TrLoss:  0.89872, VaAcc: 0.6978, VaLoss:  0.92259	 20 sampled NNs | VaAcc: 0.4266 +- 0.0298 | VaLoss: 1.6426 +- 0.0824
343,  0 | TrAcc: 0.7273, TrLoss:      nan, VaAcc: 0.6932, VaLoss:      nan	 20 sampled NNs | VaAcc: 0.4473 +- 0.0258 | VaLoss: 1.6260 +- 0.0668
344,  0 | TrAcc: 0.7219, TrLoss:      nan, VaAcc: 0.7005, VaLoss:      nan	 20 sampled NNs | VaAcc: 0.4273 +- 0.0337 | VaLoss: 1.6492 +- 0.0726
345,  0 | TrAcc: 0.6987, TrLoss:  0.90816, VaAcc: 0.7047, VaLoss:  0.90047	 20 sampled NNs | VaAcc: 0.4411 +- 0.0418 | VaLoss: 1.6090 +- 0.1061
346,  0 | TrAcc: 0.6960, TrLoss:  0.91333, VaAcc: 0.6974, VaLoss:  0.92529	 20 sampled NNs | VaAcc: 0.4550 +- 0.0323 | VaLoss: 1.6038 +- 0.0774
347,  0 | TrAcc: 0.7118, TrLoss:  0.87959, VaAcc: 0.6975, VaLoss:  0.93442	 20 sampled NNs | VaAcc: 0.4752 +- 0.0261 | VaLoss: 1.5516 +- 0.0642
348,  0 | TrAcc: 0.7138, TrLoss:  0.86036, VaAcc: 0.6956, VaLoss:  0.93520	 20 sampled NNs | VaAcc: 0.4553 +- 0.0336 | VaLoss: 1.5706 +- 0.0744
349,  0 | TrAcc: 0.7089, TrLoss:  0.86269, VaAcc: 0.6923, VaLoss:  0.92951	 20 sampled NNs | VaAcc: 0.4238 +- 0.0309 | VaLoss: 1.6619 +- 0.0967
350,  0 | TrAcc: 0.7016, TrLoss:  0.88458, VaAcc: 0.6880, VaLoss:  0.93679	 20 sampled NNs | VaAcc: 0.4128 +- 0.0345 | VaLoss: 1.7233 +- 0.0876
351,  0 | TrAcc: 0.6947, TrLoss:  0.93267, VaAcc: 0.6904, VaLoss:  0.95364	 20 sampled NNs | VaAcc: 0.4398 +- 0.0341 | VaLoss: 1.6222 +- 0.0843
352,  0 | TrAcc: 0.7001, TrLoss:  0.89693, VaAcc: 0.6933, VaLoss:  0.93809	 20 sampled NNs | VaAcc: 0.4653 +- 0.0293 | VaLoss: 1.5636 +- 0.0741
353,  0 | TrAcc: 0.7000, TrLoss:  0.92141, VaAcc: 0.6934, VaLoss:  0.92341	 20 sampled NNs | VaAcc: 0.4316 +- 0.0292 | VaLoss: 1.6465 +- 0.0699
354,  0 | TrAcc: 0.7155, TrLoss:  0.86649, VaAcc: 0.6902, VaLoss:  0.93893	 20 sampled NNs | VaAcc: 0.4385 +- 0.0355 | VaLoss: 1.6353 +- 0.0790
355,  0 | TrAcc: 0.7003, TrLoss:  0.88586, VaAcc: 0.6864, VaLoss:  0.95057	 20 sampled NNs | VaAcc: 0.4433 +- 0.0229 | VaLoss: 1.6202 +- 0.0624
356,  0 | TrAcc: 0.7096, TrLoss:  0.89508, VaAcc: 0.7007, VaLoss:  0.91687	 20 sampled NNs | VaAcc: 0.4735 +- 0.0266 | VaLoss: 1.5633 +- 0.0676
357,  0 | TrAcc: 0.7031, TrLoss:  0.89550, VaAcc: 0.6982, VaLoss:  0.91391	 20 sampled NNs | VaAcc: 0.4416 +- 0.0235 | VaLoss: 1.6355 +- 0.0718
358,  0 | TrAcc: 0.7178, TrLoss:  0.86745, VaAcc: 0.6914, VaLoss:  0.94372	 20 sampled NNs | VaAcc: 0.4443 +- 0.0239 | VaLoss: 1.6132 +- 0.0607
359,  0 | TrAcc: 0.6952, TrLoss:  0.92505, VaAcc: 0.6826, VaLoss:  0.94235	 20 sampled NNs | VaAcc: 0.4548 +- 0.0272 | VaLoss: 1.5977 +- 0.0727
360,  0 | TrAcc: 0.7070, TrLoss:  0.92213, VaAcc: 0.6955, VaLoss:  0.93879	 20 sampled NNs | VaAcc: 0.4390 +- 0.0262 | VaLoss: 1.6157 +- 0.0704
361,  0 | TrAcc: 0.7166, TrLoss:  0.84833, VaAcc: 0.7037, VaLoss:  0.91867	 20 sampled NNs | VaAcc: 0.4451 +- 0.0254 | VaLoss: 1.5790 +- 0.0665
362,  0 | TrAcc: 0.7186, TrLoss:  0.88213, VaAcc: 0.6901, VaLoss:  0.94005	 20 sampled NNs | VaAcc: 0.4498 +- 0.0205 | VaLoss: 1.6354 +- 0.0577
363,  0 | TrAcc: 0.7244, TrLoss:  0.83123, VaAcc: 0.6986, VaLoss:  0.92459	 20 sampled NNs | VaAcc: 0.4643 +- 0.0274 | VaLoss: 1.5902 +- 0.0699
364,  0 | TrAcc: 0.7002, TrLoss:  0.88506, VaAcc: 0.6938, VaLoss:  0.92324	 20 sampled NNs | VaAcc: 0.4573 +- 0.0313 | VaLoss: 1.5941 +- 0.0946
365,  0 | TrAcc: 0.7256, TrLoss:  0.84306, VaAcc: 0.7039, VaLoss:  0.90947	 20 sampled NNs | VaAcc: 0.4574 +- 0.0302 | VaLoss: 1.6063 +- 0.0855
366,  0 | TrAcc: 0.7105, TrLoss:  0.86229, VaAcc: 0.7003, VaLoss:  0.91542	 20 sampled NNs | VaAcc: 0.4443 +- 0.0268 | VaLoss: 1.6406 +- 0.0765
367,  0 | TrAcc: 0.6932, TrLoss:      nan, VaAcc: 0.6870, VaLoss:      nan	 20 sampled NNs | VaAcc: 0.4592 +- 0.0231 | VaLoss: 1.5548 +- 0.0594
368,  0 | TrAcc: 0.7114, TrLoss:  0.87144, VaAcc: 0.6972, VaLoss:  0.92510	 20 sampled NNs | VaAcc: 0.4325 +- 0.0334 | VaLoss: 1.6443 +- 0.0707
369,  0 | TrAcc: 0.6979, TrLoss:  0.91368, VaAcc: 0.6956, VaLoss:  0.92656	 20 sampled NNs | VaAcc: 0.4725 +- 0.0334 | VaLoss: 1.5568 +- 0.0749
370,  0 | TrAcc: 0.7127, TrLoss:  0.87218, VaAcc: 0.7056, VaLoss:  0.89352	 20 sampled NNs | VaAcc: 0.4490 +- 0.0264 | VaLoss: 1.6149 +- 0.0784
371,  0 | TrAcc: 0.7204, TrLoss:  0.87272, VaAcc: 0.6998, VaLoss:  0.91637	 20 sampled NNs | VaAcc: 0.4581 +- 0.0285 | VaLoss: 1.5980 +- 0.0870
372,  0 | TrAcc: 0.7203, TrLoss:  0.85001, VaAcc: 0.6987, VaLoss:  0.92078	 20 sampled NNs | VaAcc: 0.4358 +- 0.0256 | VaLoss: 1.6649 +- 0.0662
373,  0 | TrAcc: 0.7163, TrLoss:  0.84285, VaAcc: 0.6922, VaLoss:  0.93747	 20 sampled NNs | VaAcc: 0.4595 +- 0.0261 | VaLoss: 1.5769 +- 0.0753
374,  0 | TrAcc: 0.7090, TrLoss:  0.89941, VaAcc: 0.7054, VaLoss:  0.90037	 20 sampled NNs | VaAcc: 0.4426 +- 0.0300 | VaLoss: 1.6538 +- 0.0928
375,  0 | TrAcc: 0.7239, TrLoss:  0.86211, VaAcc: 0.7021, VaLoss:  0.92141	 20 sampled NNs | VaAcc: 0.4571 +- 0.0360 | VaLoss: 1.5826 +- 0.0850
376,  0 | TrAcc: 0.7092, TrLoss:  0.86464, VaAcc: 0.6978, VaLoss:  0.92517	 20 sampled NNs | VaAcc: 0.4482 +- 0.0235 | VaLoss: 1.6245 +- 0.0790
377,  0 | TrAcc: 0.6980, TrLoss:  0.88399, VaAcc: 0.7038, VaLoss:  0.92029	 20 sampled NNs | VaAcc: 0.4437 +- 0.0303 | VaLoss: 1.5988 +- 0.0591
378,  0 | TrAcc: 0.7005, TrLoss:  0.88680, VaAcc: 0.6900, VaLoss:  0.93655	 20 sampled NNs | VaAcc: 0.4429 +- 0.0266 | VaLoss: 1.6155 +- 0.0666
379,  0 | TrAcc: 0.7312, TrLoss:  0.82287, VaAcc: 0.7019, VaLoss:  0.90248	 20 sampled NNs | VaAcc: 0.4403 +- 0.0228 | VaLoss: 1.6341 +- 0.0558
380,  0 | TrAcc: 0.6967, TrLoss:  0.91266, VaAcc: 0.6945, VaLoss:  0.92289	 20 sampled NNs | VaAcc: 0.4603 +- 0.0364 | VaLoss: 1.5767 +- 0.0919
381,  0 | TrAcc: 0.7046, TrLoss:  0.90902, VaAcc: 0.6885, VaLoss:  0.92083	 20 sampled NNs | VaAcc: 0.4458 +- 0.0269 | VaLoss: 1.6266 +- 0.0608
382,  0 | TrAcc: 0.7177, TrLoss:  0.83820, VaAcc: 0.6888, VaLoss:  0.91669	 20 sampled NNs | VaAcc: 0.4452 +- 0.0228 | VaLoss: 1.6001 +- 0.0678
383,  0 | TrAcc: 0.6952, TrLoss:  0.89089, VaAcc: 0.6928, VaLoss:  0.92505	 20 sampled NNs | VaAcc: 0.4349 +- 0.0385 | VaLoss: 1.6429 +- 0.1002
384,  0 | TrAcc: 0.7125, TrLoss:  0.86387, VaAcc: 0.6990, VaLoss:  0.91100	 20 sampled NNs | VaAcc: 0.4671 +- 0.0293 | VaLoss: 1.5597 +- 0.0839
385,  0 | TrAcc: 0.7170, TrLoss:  0.85578, VaAcc: 0.6896, VaLoss:  0.93396	 20 sampled NNs | VaAcc: 0.4599 +- 0.0292 | VaLoss: 1.5746 +- 0.0594
386,  0 | TrAcc: 0.7019, TrLoss:  0.91833, VaAcc: 0.7042, VaLoss:  0.89946	 20 sampled NNs | VaAcc: 0.4820 +- 0.0270 | VaLoss: 1.5132 +- 0.0640
387,  0 | TrAcc: 0.7275, TrLoss:  0.82297, VaAcc: 0.7047, VaLoss:  0.90164	 20 sampled NNs | VaAcc: 0.4525 +- 0.0276 | VaLoss: 1.6075 +- 0.0603
388,  0 | TrAcc: 0.7150, TrLoss:  0.85496, VaAcc: 0.7068, VaLoss:  0.90537	 20 sampled NNs | VaAcc: 0.4685 +- 0.0175 | VaLoss: 1.5931 +- 0.0440
389,  0 | TrAcc: 0.7062, TrLoss:  0.89786, VaAcc: 0.6989, VaLoss:  0.91475	 20 sampled NNs | VaAcc: 0.4811 +- 0.0322 | VaLoss: 1.5297 +- 0.0922
390,  0 | TrAcc: 0.7077, TrLoss:  0.88314, VaAcc: 0.6956, VaLoss:  0.93401	 20 sampled NNs | VaAcc: 0.4364 +- 0.0217 | VaLoss: 1.6117 +- 0.0704
391,  0 | TrAcc: 0.7222, TrLoss:  0.84395, VaAcc: 0.7087, VaLoss:  0.90276	 20 sampled NNs | VaAcc: 0.4455 +- 0.0321 | VaLoss: 1.6033 +- 0.0802
392,  0 | TrAcc: 0.7103, TrLoss:  0.87227, VaAcc: 0.7052, VaLoss:  0.89743	 20 sampled NNs | VaAcc: 0.4573 +- 0.0316 | VaLoss: 1.5708 +- 0.0794
393,  0 | TrAcc: 0.6953, TrLoss:  0.91088, VaAcc: 0.6976, VaLoss:  0.92620	 20 sampled NNs | VaAcc: 0.4372 +- 0.0293 | VaLoss: 1.6312 +- 0.0783
394,  0 | TrAcc: 0.7208, TrLoss:  0.85329, VaAcc: 0.7063, VaLoss:  0.90106	 20 sampled NNs | VaAcc: 0.4660 +- 0.0320 | VaLoss: 1.5666 +- 0.0848
395,  0 | TrAcc: 0.6833, TrLoss:  0.94518, VaAcc: 0.7074, VaLoss:  0.88886	 20 sampled NNs | VaAcc: 0.4650 +- 0.0202 | VaLoss: 1.5380 +- 0.0523
396,  0 | TrAcc: 0.7171, TrLoss:  0.87234, VaAcc: 0.6990, VaLoss:  0.91102	 20 sampled NNs | VaAcc: 0.4507 +- 0.0194 | VaLoss: 1.6095 +- 0.0666
397,  0 | TrAcc: 0.7160, TrLoss:  0.83365, VaAcc: 0.7013, VaLoss:  0.89775	 20 sampled NNs | VaAcc: 0.4452 +- 0.0266 | VaLoss: 1.5720 +- 0.0704
398,  0 | TrAcc: 0.7090, TrLoss:  0.87132, VaAcc: 0.6966, VaLoss:  0.91516	 20 sampled NNs | VaAcc: 0.4433 +- 0.0255 | VaLoss: 1.5994 +- 0.0697
399,  0 | TrAcc: 0.7252, TrLoss:  0.82146, VaAcc: 0.7027, VaLoss:  0.89391	 20 sampled NNs | VaAcc: 0.4497 +- 0.0280 | VaLoss: 1.5598 +- 0.0781
113676.50985999999
----------------------------
