

config:

HOME=/clusterFS/home/student/kopp13
PATH=/clusterFS/home/student/kopp13/miniconda3/envs/tensorflow/bin:/clusterFS/home/student/kopp13/miniconda3/bin:/clusterFS/home/student/kopp13/bin:/usr/local/bin:/usr/bin:/bin:/usr/local/games:/usr/games
LD_LIBRARY_PATH=
THEANO_FLAGS=floatX=float32,gpuarray.preallocate=0.9,dnn.library_path=/usr/lib/x86_64-linux-gnu,cxx=clang++-3.8,device=cuda,base_compiledir=/tmp/tmp.VXDWSjiCuk

=============================
CONFIG FILE

RNN CONFIG
{'data_multiplier': 1000,
 'gradient_clip_value': 0.5,
 'layer_configs': [{'layer_type': 'input'},
                   {'bc': {'init_m': 'xavier',
                           'init_v': -4.5,
                           'prior_m': 0.0,
                           'prior_v': 0.0,
                           'type': 'continuous'},
                    'bf': {'init_m': 'xavier',
                           'init_v': -4.5,
                           'prior_m': 0.0,
                           'prior_v': 0.0,
                           'type': 'continuous'},
                    'bi': {'init_m': 'xavier',
                           'init_v': -4.5,
                           'prior_m': 0.0,
                           'prior_v': 0.0,
                           'type': 'continuous'},
                    'bo': {'init_m': 'xavier',
                           'init_v': -4.5,
                           'prior_m': 0.0,
                           'prior_v': 0.0,
                           'type': 'continuous'},
                    'discrete_act': True,
                    'init_config': {'c': {'b': 'all_zero', 'w': 'xavier'},
                                    'f': {'b': 'all_one', 'w': 'all_zero'},
                                    'i': {'b': 'all_zero', 'w': 'xavier'},
                                    'o': {'b': 'all_zero', 'w': 'xavier'}},
                    'is_output': False,
                    'is_recurrent': True,
                    'layer_type': 'lstm',
                    'tau': 0.8,
                    'var_scope': 'lstm_0',
                    'wc': {'p0max': 0.95,
                           'p0min': 0.05,
                           'pmax': 0.99,
                           'pmin': 0.01,
                           'priors': [0.1, 0.8, 0.1],
                           'type': 'ternary'},
                    'wf': {'p0max': 0.95,
                           'p0min': 0.05,
                           'pmax': 0.99,
                           'pmin': 0.01,
                           'priors': [0.1, 0.8, 0.1],
                           'type': 'ternary'},
                    'wi': {'p0max': 0.95,
                           'p0min': 0.05,
                           'pmax': 0.99,
                           'pmin': 0.01,
                           'priors': [0.1, 0.8, 0.1],
                           'type': 'ternary'},
                    'wo': {'p0max': 0.95,
                           'p0min': 0.05,
                           'pmax': 0.99,
                           'pmin': 0.01,
                           'priors': [0.1, 0.8, 0.1],
                           'type': 'ternary'}},
                   {'bc': {'init_m': 'xavier',
                           'init_v': -4.5,
                           'prior_m': 0.0,
                           'prior_v': 0.0,
                           'type': 'continuous'},
                    'bf': {'init_m': 'xavier',
                           'init_v': -4.5,
                           'prior_m': 0.0,
                           'prior_v': 0.0,
                           'type': 'continuous'},
                    'bi': {'init_m': 'xavier',
                           'init_v': -4.5,
                           'prior_m': 0.0,
                           'prior_v': 0.0,
                           'type': 'continuous'},
                    'bo': {'init_m': 'xavier',
                           'init_v': -4.5,
                           'prior_m': 0.0,
                           'prior_v': 0.0,
                           'type': 'continuous'},
                    'discrete_act': True,
                    'init_config': {'c': {'b': 'all_zero', 'w': 'xavier'},
                                    'f': {'b': 'all_one', 'w': 'all_zero'},
                                    'i': {'b': 'all_zero', 'w': 'xavier'},
                                    'o': {'b': 'all_zero', 'w': 'xavier'}},
                    'is_output': False,
                    'is_recurrent': True,
                    'layer_type': 'lstm',
                    'tau': 0.8,
                    'var_scope': 'lstm_1',
                    'wc': {'p0max': 0.95,
                           'p0min': 0.05,
                           'pmax': 0.99,
                           'pmin': 0.01,
                           'priors': [0.1, 0.8, 0.1],
                           'type': 'ternary'},
                    'wf': {'p0max': 0.95,
                           'p0min': 0.05,
                           'pmax': 0.99,
                           'pmin': 0.01,
                           'priors': [0.1, 0.8, 0.1],
                           'type': 'ternary'},
                    'wi': {'p0max': 0.95,
                           'p0min': 0.05,
                           'pmax': 0.99,
                           'pmin': 0.01,
                           'priors': [0.1, 0.8, 0.1],
                           'type': 'ternary'},
                    'wo': {'p0max': 0.95,
                           'p0min': 0.05,
                           'pmax': 0.99,
                           'pmin': 0.01,
                           'priors': [0.1, 0.8, 0.1],
                           'type': 'ternary'}},
                   {'b': {'init_m': 'xavier',
                          'init_v': -4.5,
                          'prior_m': 0.0,
                          'prior_v': 0.0,
                          'type': 'continuous'},
                    'is_output': True,
                    'is_recurrent': False,
                    'layer_type': 'fc',
                    'regularization': {'mode': None, 'strength': 0.02},
                    'tau': 0.8,
                    'var_scope': 'output_layer',
                    'w': {'p0max': 0.95,
                          'p0min': 0.05,
                          'pmax': 0.99,
                          'pmin': 0.01,
                          'priors': [0.1, 0.8, 0.1],
                          'type': 'ternary'}}],
 'layout': [4, 60, 60, 10],
 'output_type': 'classification'}

DATA CONFIG
{'dataset': 'red_penstroke',
 'tr': {'in_seq_len': 30,
        'minibatch_enabled': True,
        'minibatch_size': 200,
        'out_seq_len': 5,
        'zero_padding': 20},
 'va': {'in_seq_len': 30,
        'minibatch_enabled': True,
        'minibatch_size': 200,
        'out_seq_len': 5,
        'zero_padding': 20}}

TRAINING CONFIG
{'beta_reg': 0.0,
 'is_pretrain': False,
 'learning_rate': 0.002,
 'mode': {'max_epochs': 400, 'min_error': 0.0, 'name': 'classic'},
 'task_id': 1,
 'type': 'l_sampling',
 'var_reg': 0.001}
==============================


  0,  0 | TrAcc: 0.1024, TrLoss:  2.66911, VaAcc: 0.1042, VaLoss:  2.66482	 20 sampled NNs | VaAcc: 0.0976 +- 0.0098 | VaLoss: 3.7232 +- 0.1669
  1,  0 | TrAcc: 0.1815, TrLoss:  2.18362, VaAcc: 0.2019, VaLoss:  2.18588	 20 sampled NNs | VaAcc: 0.1202 +- 0.0147 | VaLoss: 2.8228 +- 0.0910
  2,  0 | TrAcc: 0.2145, TrLoss:  2.08111, VaAcc: 0.2122, VaLoss:  2.10211	 20 sampled NNs | VaAcc: 0.1188 +- 0.0171 | VaLoss: 2.6600 +- 0.0938
  3,  0 | TrAcc: 0.2826, TrLoss:  1.89004, VaAcc: 0.3147, VaLoss:  1.84484	 20 sampled NNs | VaAcc: 0.1492 +- 0.0170 | VaLoss: 2.6179 +- 0.1074
  4,  0 | TrAcc: 0.3104, TrLoss:  1.78052, VaAcc: 0.3535, VaLoss:  1.68166	 20 sampled NNs | VaAcc: 0.1532 +- 0.0182 | VaLoss: 2.5485 +- 0.1095
  5,  0 | TrAcc: 0.3759, TrLoss:  1.61815, VaAcc: 0.3934, VaLoss:  1.57563	 20 sampled NNs | VaAcc: 0.1635 +- 0.0338 | VaLoss: 2.5033 +- 0.1483
  6,  0 | TrAcc: 0.3894, TrLoss:  1.58942, VaAcc: 0.4225, VaLoss:  1.53163	 20 sampled NNs | VaAcc: 0.1908 +- 0.0310 | VaLoss: 2.4453 +- 0.1432
  7,  0 | TrAcc: 0.4394, TrLoss:  1.49368, VaAcc: 0.4582, VaLoss:  1.48662	 20 sampled NNs | VaAcc: 0.1936 +- 0.0389 | VaLoss: 2.5049 +- 0.2033
  8,  0 | TrAcc: 0.4434, TrLoss:  1.48996, VaAcc: 0.4485, VaLoss:  1.49449	 20 sampled NNs | VaAcc: 0.1907 +- 0.0277 | VaLoss: 2.5307 +- 0.1986
  9,  0 | TrAcc: 0.4714, TrLoss:  1.42807, VaAcc: 0.4997, VaLoss:  1.38234	 20 sampled NNs | VaAcc: 0.2032 +- 0.0375 | VaLoss: 2.4334 +- 0.1460
 10,  0 | TrAcc: 0.4952, TrLoss:  1.37662, VaAcc: 0.5138, VaLoss:  1.35093	 20 sampled NNs | VaAcc: 0.1990 +- 0.0301 | VaLoss: 2.4352 +- 0.1309
 11,  0 | TrAcc: 0.5134, TrLoss:  1.31086, VaAcc: 0.5267, VaLoss:  1.31988	 20 sampled NNs | VaAcc: 0.2333 +- 0.0409 | VaLoss: 2.3397 +- 0.1611
 12,  0 | TrAcc: 0.5381, TrLoss:  1.29153, VaAcc: 0.5398, VaLoss:  1.31979	 20 sampled NNs | VaAcc: 0.2354 +- 0.0381 | VaLoss: 2.3958 +- 0.1254
 13,  0 | TrAcc: 0.5471, TrLoss:  1.27427, VaAcc: 0.5431, VaLoss:  1.28601	 20 sampled NNs | VaAcc: 0.2300 +- 0.0360 | VaLoss: 2.3510 +- 0.1329
 14,  0 | TrAcc: 0.5353, TrLoss:  1.27935, VaAcc: 0.5562, VaLoss:  1.29181	 20 sampled NNs | VaAcc: 0.2395 +- 0.0334 | VaLoss: 2.2966 +- 0.1362
 15,  0 | TrAcc: 0.5634, TrLoss:  1.22409, VaAcc: 0.5614, VaLoss:  1.28349	 20 sampled NNs | VaAcc: 0.2419 +- 0.0257 | VaLoss: 2.2906 +- 0.1025
 16,  0 | TrAcc: 0.5709, TrLoss:  1.18211, VaAcc: 0.5636, VaLoss:  1.27489	 20 sampled NNs | VaAcc: 0.2395 +- 0.0366 | VaLoss: 2.3185 +- 0.1543
 17,  0 | TrAcc: 0.5967, TrLoss:  1.12829, VaAcc: 0.5766, VaLoss:  1.24996	 20 sampled NNs | VaAcc: 0.2768 +- 0.0422 | VaLoss: 2.2679 +- 0.1496
 18,  0 | TrAcc: 0.6093, TrLoss:  1.13059, VaAcc: 0.5709, VaLoss:  1.25442	 20 sampled NNs | VaAcc: 0.2367 +- 0.0344 | VaLoss: 2.3838 +- 0.1233
 19,  0 | TrAcc: 0.5838, TrLoss:  1.16316, VaAcc: 0.5926, VaLoss:  1.18964	 20 sampled NNs | VaAcc: 0.2831 +- 0.0289 | VaLoss: 2.2351 +- 0.1312
 20,  0 | TrAcc: 0.6153, TrLoss:  1.09885, VaAcc: 0.5865, VaLoss:  1.19905	 20 sampled NNs | VaAcc: 0.2769 +- 0.0242 | VaLoss: 2.2610 +- 0.1143
 21,  0 | TrAcc: 0.6154, TrLoss:  1.09468, VaAcc: 0.5931, VaLoss:  1.21733	 20 sampled NNs | VaAcc: 0.2444 +- 0.0283 | VaLoss: 2.2770 +- 0.1088
 22,  0 | TrAcc: 0.6140, TrLoss:  1.08469, VaAcc: 0.5879, VaLoss:  1.20485	 20 sampled NNs | VaAcc: 0.2741 +- 0.0252 | VaLoss: 2.2270 +- 0.1144
 23,  0 | TrAcc: 0.6260, TrLoss:  1.06879, VaAcc: 0.5971, VaLoss:  1.15830	 20 sampled NNs | VaAcc: 0.2727 +- 0.0381 | VaLoss: 2.1931 +- 0.1362
 24,  0 | TrAcc: 0.6501, TrLoss:  1.00594, VaAcc: 0.5983, VaLoss:  1.19574	 20 sampled NNs | VaAcc: 0.2656 +- 0.0318 | VaLoss: 2.2622 +- 0.1568
 25,  0 | TrAcc: 0.6374, TrLoss:  1.02753, VaAcc: 0.5981, VaLoss:  1.17053	 20 sampled NNs | VaAcc: 0.2776 +- 0.0321 | VaLoss: 2.2225 +- 0.1054
 26,  0 | TrAcc: 0.6498, TrLoss:  1.00728, VaAcc: 0.6043, VaLoss:  1.14428	 20 sampled NNs | VaAcc: 0.2771 +- 0.0266 | VaLoss: 2.2099 +- 0.1172
 27,  0 | TrAcc: 0.6360, TrLoss:  1.02295, VaAcc: 0.6141, VaLoss:  1.12528	 20 sampled NNs | VaAcc: 0.2635 +- 0.0277 | VaLoss: 2.2163 +- 0.1293
 28,  0 | TrAcc: 0.6715, TrLoss:  0.95796, VaAcc: 0.6211, VaLoss:  1.09956	 20 sampled NNs | VaAcc: 0.2799 +- 0.0317 | VaLoss: 2.1936 +- 0.1600
 29,  0 | TrAcc: 0.6569, TrLoss:  0.98657, VaAcc: 0.6223, VaLoss:  1.10480	 20 sampled NNs | VaAcc: 0.2936 +- 0.0380 | VaLoss: 2.0674 +- 0.0980
 30,  0 | TrAcc: 0.6579, TrLoss:  0.95662, VaAcc: 0.6232, VaLoss:  1.09182	 20 sampled NNs | VaAcc: 0.2625 +- 0.0262 | VaLoss: 2.1816 +- 0.1316
 31,  0 | TrAcc: 0.6402, TrLoss:  1.03350, VaAcc: 0.6102, VaLoss:  1.16207	 20 sampled NNs | VaAcc: 0.2624 +- 0.0330 | VaLoss: 2.2815 +- 0.1130
 32,  0 | TrAcc: 0.6525, TrLoss:  1.00527, VaAcc: 0.6183, VaLoss:  1.13895	 20 sampled NNs | VaAcc: 0.2732 +- 0.0340 | VaLoss: 2.2138 +- 0.1385
 33,  0 | TrAcc: 0.6510, TrLoss:  1.03340, VaAcc: 0.6287, VaLoss:  1.13783	 20 sampled NNs | VaAcc: 0.2810 +- 0.0368 | VaLoss: 2.2155 +- 0.1433
 34,  0 | TrAcc: 0.6545, TrLoss:  0.98286, VaAcc: 0.6273, VaLoss:  1.11932	 20 sampled NNs | VaAcc: 0.2656 +- 0.0266 | VaLoss: 2.3210 +- 0.1259
 35,  0 | TrAcc: 0.6771, TrLoss:  0.93412, VaAcc: 0.6090, VaLoss:  1.13443	 20 sampled NNs | VaAcc: 0.2872 +- 0.0388 | VaLoss: 2.1609 +- 0.1461
 36,  0 | TrAcc: 0.6793, TrLoss:  0.91967, VaAcc: 0.6273, VaLoss:  1.13480	 20 sampled NNs | VaAcc: 0.2854 +- 0.0272 | VaLoss: 2.2378 +- 0.0927
 37,  0 | TrAcc: 0.6704, TrLoss:  0.92184, VaAcc: 0.6375, VaLoss:  1.10185	 20 sampled NNs | VaAcc: 0.2922 +- 0.0308 | VaLoss: 2.1518 +- 0.1212
 38,  0 | TrAcc: 0.6856, TrLoss:  0.91133, VaAcc: 0.6232, VaLoss:  1.12836	 20 sampled NNs | VaAcc: 0.2885 +- 0.0284 | VaLoss: 2.2101 +- 0.1375
 39,  0 | TrAcc: 0.6781, TrLoss:  0.93299, VaAcc: 0.6355, VaLoss:  1.09168	 20 sampled NNs | VaAcc: 0.2918 +- 0.0363 | VaLoss: 2.2151 +- 0.1358
 40,  0 | TrAcc: 0.6833, TrLoss:  0.91916, VaAcc: 0.6350, VaLoss:  1.07684	 20 sampled NNs | VaAcc: 0.3369 +- 0.0329 | VaLoss: 2.0256 +- 0.0818
 41,  0 | TrAcc: 0.6743, TrLoss:  0.95319, VaAcc: 0.6349, VaLoss:  1.10654	 20 sampled NNs | VaAcc: 0.3158 +- 0.0308 | VaLoss: 2.1345 +- 0.1132
 42,  0 | TrAcc: 0.6668, TrLoss:  0.94924, VaAcc: 0.6381, VaLoss:  1.05860	 20 sampled NNs | VaAcc: 0.3119 +- 0.0300 | VaLoss: 2.1093 +- 0.0982
 43,  0 | TrAcc: 0.7005, TrLoss:  0.85020, VaAcc: 0.6410, VaLoss:  1.04006	 20 sampled NNs | VaAcc: 0.3166 +- 0.0305 | VaLoss: 2.0751 +- 0.1027
 44,  0 | TrAcc: 0.6981, TrLoss:  0.89341, VaAcc: 0.6434, VaLoss:  1.04375	 20 sampled NNs | VaAcc: 0.3379 +- 0.0312 | VaLoss: 2.0201 +- 0.1125
 45,  0 | TrAcc: 0.6988, TrLoss:  0.89411, VaAcc: 0.6375, VaLoss:  1.06732	 20 sampled NNs | VaAcc: 0.3146 +- 0.0365 | VaLoss: 2.0992 +- 0.1402
 46,  0 | TrAcc: 0.6775, TrLoss:  0.92448, VaAcc: 0.6587, VaLoss:  1.03878	 20 sampled NNs | VaAcc: 0.3280 +- 0.0381 | VaLoss: 2.0375 +- 0.1471
 47,  0 | TrAcc: 0.6810, TrLoss:  0.91227, VaAcc: 0.6416, VaLoss:  1.07052	 20 sampled NNs | VaAcc: 0.3042 +- 0.0431 | VaLoss: 2.1700 +- 0.1994
 48,  0 | TrAcc: 0.6998, TrLoss:  0.84490, VaAcc: 0.6353, VaLoss:  1.08416	 20 sampled NNs | VaAcc: 0.3100 +- 0.0450 | VaLoss: 2.1532 +- 0.1606
 49,  0 | TrAcc: 0.6758, TrLoss:  0.92150, VaAcc: 0.6530, VaLoss:  1.03887	 20 sampled NNs | VaAcc: 0.3315 +- 0.0337 | VaLoss: 2.0650 +- 0.1060
 50,  0 | TrAcc: 0.7126, TrLoss:  0.82876, VaAcc: 0.6556, VaLoss:  1.05791	 20 sampled NNs | VaAcc: 0.3478 +- 0.0333 | VaLoss: 2.0585 +- 0.1179
 51,  0 | TrAcc: 0.6814, TrLoss:  0.90627, VaAcc: 0.6552, VaLoss:  1.04593	 20 sampled NNs | VaAcc: 0.3332 +- 0.0230 | VaLoss: 2.0900 +- 0.1039
 52,  0 | TrAcc: 0.7205, TrLoss:  0.82330, VaAcc: 0.6544, VaLoss:  1.03270	 20 sampled NNs | VaAcc: 0.3538 +- 0.0332 | VaLoss: 2.0035 +- 0.1099
 53,  0 | TrAcc: 0.7056, TrLoss:  0.86063, VaAcc: 0.6460, VaLoss:  1.04067	 20 sampled NNs | VaAcc: 0.3501 +- 0.0254 | VaLoss: 2.0054 +- 0.0896
 54,  0 | TrAcc: 0.6801, TrLoss:  0.92489, VaAcc: 0.6680, VaLoss:  0.98962	 20 sampled NNs | VaAcc: 0.3485 +- 0.0334 | VaLoss: 1.9732 +- 0.1189
 55,  0 | TrAcc: 0.6913, TrLoss:  0.88434, VaAcc: 0.6590, VaLoss:  1.01944	 20 sampled NNs | VaAcc: 0.3336 +- 0.0337 | VaLoss: 2.0853 +- 0.1419
 56,  0 | TrAcc: 0.6907, TrLoss:  0.88587, VaAcc: 0.6359, VaLoss:  1.09836	 20 sampled NNs | VaAcc: 0.3258 +- 0.0258 | VaLoss: 2.0331 +- 0.0852
 57,  0 | TrAcc: 0.7146, TrLoss:  0.82925, VaAcc: 0.6582, VaLoss:  1.04940	 20 sampled NNs | VaAcc: 0.3404 +- 0.0391 | VaLoss: 1.9851 +- 0.1036
 58,  0 | TrAcc: 0.7287, TrLoss:  0.78514, VaAcc: 0.6469, VaLoss:  1.06908	 20 sampled NNs | VaAcc: 0.3537 +- 0.0406 | VaLoss: 1.9524 +- 0.1201
 59,  0 | TrAcc: 0.7162, TrLoss:  0.81595, VaAcc: 0.6587, VaLoss:  1.05859	 20 sampled NNs | VaAcc: 0.3402 +- 0.0307 | VaLoss: 2.0491 +- 0.1242
 60,  0 | TrAcc: 0.7104, TrLoss:  0.81800, VaAcc: 0.6690, VaLoss:  0.99834	 20 sampled NNs | VaAcc: 0.3461 +- 0.0380 | VaLoss: 1.9813 +- 0.1273
 61,  0 | TrAcc: 0.7250, TrLoss:  0.80056, VaAcc: 0.6555, VaLoss:  1.02165	 20 sampled NNs | VaAcc: 0.3543 +- 0.0426 | VaLoss: 1.9629 +- 0.1470
 62,  0 | TrAcc: 0.7037, TrLoss:  0.85085, VaAcc: 0.6507, VaLoss:  1.04043	 20 sampled NNs | VaAcc: 0.3369 +- 0.0344 | VaLoss: 1.9739 +- 0.0996
 63,  0 | TrAcc: 0.7190, TrLoss:  0.80720, VaAcc: 0.6543, VaLoss:  1.00765	 20 sampled NNs | VaAcc: 0.3318 +- 0.0367 | VaLoss: 2.0219 +- 0.1263
 64,  0 | TrAcc: 0.7284, TrLoss:  0.81142, VaAcc: 0.6600, VaLoss:  1.02158	 20 sampled NNs | VaAcc: 0.3289 +- 0.0285 | VaLoss: 2.0455 +- 0.0974
 65,  0 | TrAcc: 0.7198, TrLoss:  0.81730, VaAcc: 0.6658, VaLoss:  1.00247	 20 sampled NNs | VaAcc: 0.3423 +- 0.0371 | VaLoss: 2.0141 +- 0.1113
 66,  0 | TrAcc: 0.7291, TrLoss:  0.78971, VaAcc: 0.6637, VaLoss:  1.03568	 20 sampled NNs | VaAcc: 0.3505 +- 0.0369 | VaLoss: 2.0136 +- 0.1297
 67,  0 | TrAcc: 0.7114, TrLoss:  0.85392, VaAcc: 0.6570, VaLoss:  1.06498	 20 sampled NNs | VaAcc: 0.3517 +- 0.0302 | VaLoss: 1.9826 +- 0.1010
 68,  0 | TrAcc: 0.7151, TrLoss:  0.80679, VaAcc: 0.6625, VaLoss:  1.02087	 20 sampled NNs | VaAcc: 0.3722 +- 0.0359 | VaLoss: 1.9790 +- 0.1194
 69,  0 | TrAcc: 0.7079, TrLoss:  0.83794, VaAcc: 0.6551, VaLoss:  1.04130	 20 sampled NNs | VaAcc: 0.3199 +- 0.0327 | VaLoss: 2.0905 +- 0.1108
 70,  0 | TrAcc: 0.7222, TrLoss:  0.76730, VaAcc: 0.6514, VaLoss:  1.06120	 20 sampled NNs | VaAcc: 0.3581 +- 0.0320 | VaLoss: 2.0240 +- 0.0998
 71,  0 | TrAcc: 0.7295, TrLoss:  0.79253, VaAcc: 0.6525, VaLoss:  1.02215	 20 sampled NNs | VaAcc: 0.3661 +- 0.0393 | VaLoss: 1.9388 +- 0.1106
 72,  0 | TrAcc: 0.7232, TrLoss:  0.80039, VaAcc: 0.6612, VaLoss:  1.04212	 20 sampled NNs | VaAcc: 0.3621 +- 0.0404 | VaLoss: 1.9471 +- 0.1224
 73,  0 | TrAcc: 0.7141, TrLoss:  0.81034, VaAcc: 0.6551, VaLoss:  1.02514	 20 sampled NNs | VaAcc: 0.3584 +- 0.0254 | VaLoss: 1.9626 +- 0.1112
 74,  0 | TrAcc: 0.7250, TrLoss:  0.79657, VaAcc: 0.6580, VaLoss:  1.02859	 20 sampled NNs | VaAcc: 0.3451 +- 0.0282 | VaLoss: 2.0224 +- 0.1168
 75,  0 | TrAcc: 0.7343, TrLoss:  0.76641, VaAcc: 0.6603, VaLoss:  1.01685	 20 sampled NNs | VaAcc: 0.3636 +- 0.0247 | VaLoss: 1.9889 +- 0.0991
 76,  0 | TrAcc: 0.7347, TrLoss:  0.77355, VaAcc: 0.6662, VaLoss:  1.02467	 20 sampled NNs | VaAcc: 0.3751 +- 0.0294 | VaLoss: 1.9431 +- 0.1063
 77,  0 | TrAcc: 0.7433, TrLoss:  0.72911, VaAcc: 0.6641, VaLoss:  1.02595	 20 sampled NNs | VaAcc: 0.3482 +- 0.0210 | VaLoss: 2.0245 +- 0.0991
 78,  0 | TrAcc: 0.7440, TrLoss:  0.75711, VaAcc: 0.6800, VaLoss:  0.97949	 20 sampled NNs | VaAcc: 0.3627 +- 0.0333 | VaLoss: 1.9785 +- 0.0811
 79,  0 | TrAcc: 0.7266, TrLoss:  0.81027, VaAcc: 0.6772, VaLoss:  0.98915	 20 sampled NNs | VaAcc: 0.4021 +- 0.0363 | VaLoss: 1.8395 +- 0.0983
 80,  0 | TrAcc: 0.7310, TrLoss:  0.77571, VaAcc: 0.6588, VaLoss:  1.04967	 20 sampled NNs | VaAcc: 0.3884 +- 0.0267 | VaLoss: 1.9066 +- 0.1150
 81,  0 | TrAcc: 0.7407, TrLoss:  0.76755, VaAcc: 0.6727, VaLoss:  0.98447	 20 sampled NNs | VaAcc: 0.3913 +- 0.0242 | VaLoss: 1.9146 +- 0.1232
 82,  0 | TrAcc: 0.7315, TrLoss:  0.78421, VaAcc: 0.6691, VaLoss:  0.99110	 20 sampled NNs | VaAcc: 0.3741 +- 0.0381 | VaLoss: 1.9095 +- 0.1058
 83,  0 | TrAcc: 0.7286, TrLoss:  0.76331, VaAcc: 0.6573, VaLoss:  0.99760	 20 sampled NNs | VaAcc: 0.3688 +- 0.0269 | VaLoss: 1.8983 +- 0.1221
 84,  0 | TrAcc: 0.7228, TrLoss:  0.80846, VaAcc: 0.6749, VaLoss:  0.97944	 20 sampled NNs | VaAcc: 0.3839 +- 0.0373 | VaLoss: 1.9211 +- 0.1425
 85,  0 | TrAcc: 0.7193, TrLoss:  0.80559, VaAcc: 0.6713, VaLoss:  0.99263	 20 sampled NNs | VaAcc: 0.3912 +- 0.0307 | VaLoss: 1.8646 +- 0.0881
 86,  0 | TrAcc: 0.7302, TrLoss:  0.75334, VaAcc: 0.6755, VaLoss:  0.98354	 20 sampled NNs | VaAcc: 0.3574 +- 0.0308 | VaLoss: 1.9840 +- 0.0980
 87,  0 | TrAcc: 0.7301, TrLoss:  0.76485, VaAcc: 0.6587, VaLoss:  1.02533	 20 sampled NNs | VaAcc: 0.3533 +- 0.0264 | VaLoss: 2.0042 +- 0.0940
 88,  0 | TrAcc: 0.7432, TrLoss:  0.73676, VaAcc: 0.6755, VaLoss:  0.99084	 20 sampled NNs | VaAcc: 0.3770 +- 0.0257 | VaLoss: 1.9284 +- 0.1104
 89,  0 | TrAcc: 0.7267, TrLoss:  0.79874, VaAcc: 0.6868, VaLoss:  0.96475	 20 sampled NNs | VaAcc: 0.3627 +- 0.0338 | VaLoss: 1.9428 +- 0.1210
 90,  0 | TrAcc: 0.7240, TrLoss:  0.77484, VaAcc: 0.6718, VaLoss:  1.00017	 20 sampled NNs | VaAcc: 0.3769 +- 0.0296 | VaLoss: 1.9323 +- 0.0936
 91,  0 | TrAcc: 0.7573, TrLoss:  0.71044, VaAcc: 0.6794, VaLoss:  0.95838	 20 sampled NNs | VaAcc: 0.3894 +- 0.0254 | VaLoss: 1.8637 +- 0.0925
 92,  0 | TrAcc: 0.7562, TrLoss:  0.69752, VaAcc: 0.6679, VaLoss:  1.02094	 20 sampled NNs | VaAcc: 0.3896 +- 0.0270 | VaLoss: 1.9530 +- 0.1178
 93,  0 | TrAcc: 0.7479, TrLoss:  0.73110, VaAcc: 0.6806, VaLoss:  0.97829	 20 sampled NNs | VaAcc: 0.3919 +- 0.0382 | VaLoss: 1.8604 +- 0.1448
 94,  0 | TrAcc: 0.7422, TrLoss:  0.74010, VaAcc: 0.6775, VaLoss:  0.98126	 20 sampled NNs | VaAcc: 0.3813 +- 0.0369 | VaLoss: 1.9243 +- 0.1395
 95,  0 | TrAcc: 0.7381, TrLoss:  0.75125, VaAcc: 0.6802, VaLoss:  0.97241	 20 sampled NNs | VaAcc: 0.3835 +- 0.0326 | VaLoss: 1.8941 +- 0.1222
 96,  0 | TrAcc: 0.7257, TrLoss:  0.76512, VaAcc: 0.6756, VaLoss:  0.99494	 20 sampled NNs | VaAcc: 0.3812 +- 0.0279 | VaLoss: 1.8711 +- 0.0815
 97,  0 | TrAcc: 0.7368, TrLoss:  0.73760, VaAcc: 0.6848, VaLoss:  0.95217	 20 sampled NNs | VaAcc: 0.4060 +- 0.0259 | VaLoss: 1.7823 +- 0.0861
 98,  0 | TrAcc: 0.7577, TrLoss:  0.69125, VaAcc: 0.6791, VaLoss:  0.98410	 20 sampled NNs | VaAcc: 0.3895 +- 0.0356 | VaLoss: 1.8731 +- 0.1126
 99,  0 | TrAcc: 0.7350, TrLoss:  0.76732, VaAcc: 0.6734, VaLoss:  0.98062	 20 sampled NNs | VaAcc: 0.3962 +- 0.0331 | VaLoss: 1.8720 +- 0.1130
100,  0 | TrAcc: 0.7322, TrLoss:  0.74591, VaAcc: 0.6672, VaLoss:  0.99367	 20 sampled NNs | VaAcc: 0.3800 +- 0.0384 | VaLoss: 1.9051 +- 0.1441
101,  0 | TrAcc: 0.7745, TrLoss:  0.66704, VaAcc: 0.6806, VaLoss:  0.98524	 20 sampled NNs | VaAcc: 0.4094 +- 0.0334 | VaLoss: 1.8485 +- 0.1191
102,  0 | TrAcc: 0.7440, TrLoss:  0.73561, VaAcc: 0.6776, VaLoss:  0.97534	 20 sampled NNs | VaAcc: 0.4429 +- 0.0262 | VaLoss: 1.7279 +- 0.0999
103,  0 | TrAcc: 0.7435, TrLoss:  0.74779, VaAcc: 0.6734, VaLoss:  0.99041	 20 sampled NNs | VaAcc: 0.3860 +- 0.0307 | VaLoss: 1.8929 +- 0.1025
104,  0 | TrAcc: 0.7357, TrLoss:  0.72594, VaAcc: 0.6848, VaLoss:  0.94584	 20 sampled NNs | VaAcc: 0.4129 +- 0.0300 | VaLoss: 1.8292 +- 0.0934
105,  0 | TrAcc: 0.7390, TrLoss:  0.76498, VaAcc: 0.6873, VaLoss:  0.97892	 20 sampled NNs | VaAcc: 0.4074 +- 0.0417 | VaLoss: 1.8099 +- 0.1453
106,  0 | TrAcc: 0.7531, TrLoss:  0.71507, VaAcc: 0.6655, VaLoss:  1.01006	 20 sampled NNs | VaAcc: 0.4193 +- 0.0194 | VaLoss: 1.8143 +- 0.0855
107,  0 | TrAcc: 0.7454, TrLoss:  0.74878, VaAcc: 0.6672, VaLoss:  1.00220	 20 sampled NNs | VaAcc: 0.4121 +- 0.0314 | VaLoss: 1.8225 +- 0.1038
108,  0 | TrAcc: 0.7309, TrLoss:  0.74836, VaAcc: 0.6884, VaLoss:  0.94113	 20 sampled NNs | VaAcc: 0.4054 +- 0.0357 | VaLoss: 1.8276 +- 0.1194
109,  0 | TrAcc: 0.7448, TrLoss:  0.73347, VaAcc: 0.6862, VaLoss:  0.97454	 20 sampled NNs | VaAcc: 0.3966 +- 0.0380 | VaLoss: 1.8436 +- 0.1063
110,  0 | TrAcc: 0.7713, TrLoss:  0.64548, VaAcc: 0.6989, VaLoss:  0.96800	 20 sampled NNs | VaAcc: 0.4106 +- 0.0277 | VaLoss: 1.8364 +- 0.1094
111,  0 | TrAcc: 0.7413, TrLoss:  0.75038, VaAcc: 0.6860, VaLoss:  0.95451	 20 sampled NNs | VaAcc: 0.4197 +- 0.0427 | VaLoss: 1.7433 +- 0.1325
112,  0 | TrAcc: 0.7461, TrLoss:  0.73629, VaAcc: 0.6849, VaLoss:  0.95854	 20 sampled NNs | VaAcc: 0.4199 +- 0.0253 | VaLoss: 1.7843 +- 0.0736
113,  0 | TrAcc: 0.7498, TrLoss:  0.73990, VaAcc: 0.6897, VaLoss:  0.96200	 20 sampled NNs | VaAcc: 0.4131 +- 0.0269 | VaLoss: 1.7877 +- 0.0951
114,  0 | TrAcc: 0.7526, TrLoss:  0.70705, VaAcc: 0.6907, VaLoss:  0.95872	 20 sampled NNs | VaAcc: 0.4240 +- 0.0255 | VaLoss: 1.7930 +- 0.1152
115,  0 | TrAcc: 0.7345, TrLoss:  0.75281, VaAcc: 0.6647, VaLoss:  1.01051	 20 sampled NNs | VaAcc: 0.3872 +- 0.0365 | VaLoss: 1.8551 +- 0.1295
116,  0 | TrAcc: 0.7572, TrLoss:  0.68217, VaAcc: 0.6888, VaLoss:  0.99791	 20 sampled NNs | VaAcc: 0.4027 +- 0.0213 | VaLoss: 1.8413 +- 0.0676
117,  0 | TrAcc: 0.7458, TrLoss:  0.73195, VaAcc: 0.6714, VaLoss:  1.02473	 20 sampled NNs | VaAcc: 0.4153 +- 0.0362 | VaLoss: 1.8474 +- 0.1194
118,  0 | TrAcc: 0.7411, TrLoss:  0.72886, VaAcc: 0.6940, VaLoss:  0.97566	 20 sampled NNs | VaAcc: 0.4202 +- 0.0328 | VaLoss: 1.8083 +- 0.1258
119,  0 | TrAcc: 0.7520, TrLoss:  0.72013, VaAcc: 0.6854, VaLoss:  0.96231	 20 sampled NNs | VaAcc: 0.4306 +- 0.0244 | VaLoss: 1.7384 +- 0.0980
120,  0 | TrAcc: 0.7459, TrLoss:  0.71455, VaAcc: 0.6924, VaLoss:  0.96964	 20 sampled NNs | VaAcc: 0.4257 +- 0.0321 | VaLoss: 1.7945 +- 0.1106
121,  0 | TrAcc: 0.7514, TrLoss:  0.71183, VaAcc: 0.6951, VaLoss:  0.94278	 20 sampled NNs | VaAcc: 0.4155 +- 0.0355 | VaLoss: 1.8172 +- 0.1155
122,  0 | TrAcc: 0.7510, TrLoss:  0.73026, VaAcc: 0.6880, VaLoss:  0.96802	 20 sampled NNs | VaAcc: 0.4086 +- 0.0354 | VaLoss: 1.7837 +- 0.1150
123,  0 | TrAcc: 0.7606, TrLoss:  0.68142, VaAcc: 0.6895, VaLoss:  0.95988	 20 sampled NNs | VaAcc: 0.4271 +- 0.0328 | VaLoss: 1.8007 +- 0.1107
124,  0 | TrAcc: 0.7586, TrLoss:  0.71510, VaAcc: 0.6847, VaLoss:  0.96249	 20 sampled NNs | VaAcc: 0.4332 +- 0.0250 | VaLoss: 1.7368 +- 0.0899
125,  0 | TrAcc: 0.7540, TrLoss:  0.72919, VaAcc: 0.6890, VaLoss:  0.94956	 20 sampled NNs | VaAcc: 0.4142 +- 0.0388 | VaLoss: 1.7644 +- 0.1121
126,  0 | TrAcc: 0.7346, TrLoss:  0.75843, VaAcc: 0.6909, VaLoss:  0.95433	 20 sampled NNs | VaAcc: 0.4323 +- 0.0322 | VaLoss: 1.7339 +- 0.0805
127,  0 | TrAcc: 0.7543, TrLoss:  0.72281, VaAcc: 0.6938, VaLoss:  0.94023	 20 sampled NNs | VaAcc: 0.4124 +- 0.0240 | VaLoss: 1.8264 +- 0.0930
128,  0 | TrAcc: 0.7690, TrLoss:  0.66247, VaAcc: 0.6955, VaLoss:  0.95156	 20 sampled NNs | VaAcc: 0.4296 +- 0.0282 | VaLoss: 1.7532 +- 0.1086
129,  0 | TrAcc: 0.7691, TrLoss:  0.66875, VaAcc: 0.6914, VaLoss:  0.92951	 20 sampled NNs | VaAcc: 0.4266 +- 0.0274 | VaLoss: 1.7897 +- 0.1164
130,  0 | TrAcc: 0.7400, TrLoss:  0.72599, VaAcc: 0.6921, VaLoss:  0.93005	 20 sampled NNs | VaAcc: 0.4439 +- 0.0284 | VaLoss: 1.7171 +- 0.1100
131,  0 | TrAcc: 0.7430, TrLoss:  0.74107, VaAcc: 0.6992, VaLoss:  0.91935	 20 sampled NNs | VaAcc: 0.4294 +- 0.0283 | VaLoss: 1.7555 +- 0.0905
132,  0 | TrAcc: 0.7628, TrLoss:  0.69980, VaAcc: 0.6968, VaLoss:  0.94129	 20 sampled NNs | VaAcc: 0.4179 +- 0.0338 | VaLoss: 1.7310 +- 0.0986
133,  0 | TrAcc: 0.7408, TrLoss:  0.74955, VaAcc: 0.6976, VaLoss:  0.92799	 20 sampled NNs | VaAcc: 0.4133 +- 0.0315 | VaLoss: 1.8297 +- 0.1060
134,  0 | TrAcc: 0.7577, TrLoss:  0.70906, VaAcc: 0.7088, VaLoss:  0.90735	 20 sampled NNs | VaAcc: 0.4336 +- 0.0280 | VaLoss: 1.7587 +- 0.1053
135,  0 | TrAcc: 0.7619, TrLoss:  0.68890, VaAcc: 0.6888, VaLoss:  0.94678	 20 sampled NNs | VaAcc: 0.4097 +- 0.0251 | VaLoss: 1.7881 +- 0.0796
136,  0 | TrAcc: 0.7412, TrLoss:  0.73638, VaAcc: 0.6852, VaLoss:  0.97585	 20 sampled NNs | VaAcc: 0.4157 +- 0.0270 | VaLoss: 1.8168 +- 0.1057
137,  0 | TrAcc: 0.7548, TrLoss:  0.70180, VaAcc: 0.6955, VaLoss:  0.94057	 20 sampled NNs | VaAcc: 0.4421 +- 0.0337 | VaLoss: 1.7269 +- 0.1183
138,  0 | TrAcc: 0.7351, TrLoss:  0.73260, VaAcc: 0.6913, VaLoss:  0.93482	 20 sampled NNs | VaAcc: 0.4226 +- 0.0310 | VaLoss: 1.7361 +- 0.1066
139,  0 | TrAcc: 0.7586, TrLoss:  0.70685, VaAcc: 0.6874, VaLoss:  0.92773	 20 sampled NNs | VaAcc: 0.4303 +- 0.0257 | VaLoss: 1.7384 +- 0.0880
140,  0 | TrAcc: 0.7592, TrLoss:  0.66294, VaAcc: 0.6877, VaLoss:  0.96051	 20 sampled NNs | VaAcc: 0.4340 +- 0.0287 | VaLoss: 1.7808 +- 0.0858
141,  0 | TrAcc: 0.7410, TrLoss:  0.74616, VaAcc: 0.6944, VaLoss:  0.95436	 20 sampled NNs | VaAcc: 0.4457 +- 0.0379 | VaLoss: 1.6987 +- 0.1107
142,  0 | TrAcc: 0.7608, TrLoss:  0.68062, VaAcc: 0.6783, VaLoss:  0.99276	 20 sampled NNs | VaAcc: 0.4281 +- 0.0377 | VaLoss: 1.7960 +- 0.1416
143,  0 | TrAcc: 0.7591, TrLoss:  0.69145, VaAcc: 0.6850, VaLoss:  0.97083	 20 sampled NNs | VaAcc: 0.4488 +- 0.0263 | VaLoss: 1.6929 +- 0.0888
144,  0 | TrAcc: 0.7465, TrLoss:  0.73529, VaAcc: 0.6856, VaLoss:  0.99481	 20 sampled NNs | VaAcc: 0.4334 +- 0.0213 | VaLoss: 1.7626 +- 0.0747
145,  0 | TrAcc: 0.7595, TrLoss:  0.68476, VaAcc: 0.6925, VaLoss:  0.95687	 20 sampled NNs | VaAcc: 0.4255 +- 0.0353 | VaLoss: 1.7640 +- 0.1048
146,  0 | TrAcc: 0.7666, TrLoss:  0.67048, VaAcc: 0.6958, VaLoss:  0.94026	 20 sampled NNs | VaAcc: 0.4280 +- 0.0382 | VaLoss: 1.7602 +- 0.1306
147,  0 | TrAcc: 0.7541, TrLoss:  0.71554, VaAcc: 0.6867, VaLoss:  0.96139	 20 sampled NNs | VaAcc: 0.3988 +- 0.0293 | VaLoss: 1.7941 +- 0.0930
148,  0 | TrAcc: 0.7769, TrLoss:  0.65798, VaAcc: 0.6902, VaLoss:  0.95697	 20 sampled NNs | VaAcc: 0.4284 +- 0.0259 | VaLoss: 1.7302 +- 0.0823
149,  0 | TrAcc: 0.7596, TrLoss:  0.70007, VaAcc: 0.6915, VaLoss:  0.95689	 20 sampled NNs | VaAcc: 0.4419 +- 0.0316 | VaLoss: 1.7375 +- 0.0973
150,  0 | TrAcc: 0.7695, TrLoss:  0.66849, VaAcc: 0.6963, VaLoss:  0.93383	 20 sampled NNs | VaAcc: 0.4516 +- 0.0304 | VaLoss: 1.6986 +- 0.1028
151,  0 | TrAcc: 0.7553, TrLoss:  0.70222, VaAcc: 0.7039, VaLoss:  0.90370	 20 sampled NNs | VaAcc: 0.4449 +- 0.0303 | VaLoss: 1.6923 +- 0.1032
152,  0 | TrAcc: 0.7377, TrLoss:  0.73106, VaAcc: 0.6934, VaLoss:  0.94787	 20 sampled NNs | VaAcc: 0.4403 +- 0.0270 | VaLoss: 1.6996 +- 0.1007
153,  0 | TrAcc: 0.7516, TrLoss:  0.68246, VaAcc: 0.6861, VaLoss:  0.95019	 20 sampled NNs | VaAcc: 0.4284 +- 0.0364 | VaLoss: 1.7533 +- 0.0963
154,  0 | TrAcc: 0.7452, TrLoss:  0.69182, VaAcc: 0.6890, VaLoss:  0.93302	 20 sampled NNs | VaAcc: 0.4523 +- 0.0321 | VaLoss: 1.6724 +- 0.1106
155,  0 | TrAcc: 0.7641, TrLoss:  0.65969, VaAcc: 0.6969, VaLoss:  0.94648	 20 sampled NNs | VaAcc: 0.4561 +- 0.0305 | VaLoss: 1.6799 +- 0.1082
156,  0 | TrAcc: 0.7747, TrLoss:  0.65821, VaAcc: 0.6885, VaLoss:  0.98532	 20 sampled NNs | VaAcc: 0.4387 +- 0.0251 | VaLoss: 1.7661 +- 0.0857
157,  0 | TrAcc: 0.7500, TrLoss:  0.72978, VaAcc: 0.6889, VaLoss:  0.98154	 20 sampled NNs | VaAcc: 0.4425 +- 0.0325 | VaLoss: 1.7657 +- 0.0901
158,  0 | TrAcc: 0.7336, TrLoss:  0.76104, VaAcc: 0.7012, VaLoss:  0.94120	 20 sampled NNs | VaAcc: 0.4387 +- 0.0325 | VaLoss: 1.7210 +- 0.0958
159,  0 | TrAcc: 0.7746, TrLoss:  0.64236, VaAcc: 0.6853, VaLoss:  0.95202	 20 sampled NNs | VaAcc: 0.4465 +- 0.0266 | VaLoss: 1.7014 +- 0.0911
160,  0 | TrAcc: 0.7509, TrLoss:  0.69718, VaAcc: 0.6883, VaLoss:  0.97982	 20 sampled NNs | VaAcc: 0.4249 +- 0.0301 | VaLoss: 1.8032 +- 0.1113
161,  0 | TrAcc: 0.7481, TrLoss:  0.71325, VaAcc: 0.7011, VaLoss:  0.94261	 20 sampled NNs | VaAcc: 0.4428 +- 0.0254 | VaLoss: 1.7090 +- 0.0753
162,  0 | TrAcc: 0.7633, TrLoss:  0.68672, VaAcc: 0.6997, VaLoss:  0.94415	 20 sampled NNs | VaAcc: 0.4439 +- 0.0263 | VaLoss: 1.6882 +- 0.0816
163,  0 | TrAcc: 0.7665, TrLoss:  0.68056, VaAcc: 0.6840, VaLoss:  0.96835	 20 sampled NNs | VaAcc: 0.4350 +- 0.0328 | VaLoss: 1.7914 +- 0.1013
164,  0 | TrAcc: 0.7380, TrLoss:  0.75631, VaAcc: 0.6893, VaLoss:  0.94745	 20 sampled NNs | VaAcc: 0.4394 +- 0.0267 | VaLoss: 1.6795 +- 0.0772
165,  0 | TrAcc: 0.7580, TrLoss:  0.68870, VaAcc: 0.7044, VaLoss:  0.93492	 20 sampled NNs | VaAcc: 0.4824 +- 0.0278 | VaLoss: 1.6121 +- 0.0824
166,  0 | TrAcc: 0.7409, TrLoss:  0.72803, VaAcc: 0.6967, VaLoss:  0.91123	 20 sampled NNs | VaAcc: 0.4577 +- 0.0293 | VaLoss: 1.6756 +- 0.1063
167,  0 | TrAcc: 0.7536, TrLoss:  0.68441, VaAcc: 0.7052, VaLoss:  0.90591	 20 sampled NNs | VaAcc: 0.4641 +- 0.0203 | VaLoss: 1.6429 +- 0.0737
168,  0 | TrAcc: 0.7586, TrLoss:  0.68714, VaAcc: 0.7072, VaLoss:  0.90050	 20 sampled NNs | VaAcc: 0.4417 +- 0.0281 | VaLoss: 1.6932 +- 0.0863
169,  0 | TrAcc: 0.7620, TrLoss:  0.68341, VaAcc: 0.6917, VaLoss:  0.96015	 20 sampled NNs | VaAcc: 0.4358 +- 0.0300 | VaLoss: 1.7366 +- 0.0997
170,  0 | TrAcc: 0.7538, TrLoss:  0.68849, VaAcc: 0.7018, VaLoss:  0.93062	 20 sampled NNs | VaAcc: 0.4621 +- 0.0278 | VaLoss: 1.6882 +- 0.1112
171,  0 | TrAcc: 0.7811, TrLoss:  0.64312, VaAcc: 0.7002, VaLoss:  0.94688	 20 sampled NNs | VaAcc: 0.4818 +- 0.0202 | VaLoss: 1.6186 +- 0.0791
172,  0 | TrAcc: 0.7612, TrLoss:  0.68635, VaAcc: 0.7084, VaLoss:  0.91529	 20 sampled NNs | VaAcc: 0.4748 +- 0.0315 | VaLoss: 1.6705 +- 0.1087
173,  0 | TrAcc: 0.7601, TrLoss:  0.68557, VaAcc: 0.6928, VaLoss:  0.94365	 20 sampled NNs | VaAcc: 0.4129 +- 0.0257 | VaLoss: 1.8136 +- 0.1145
174,  0 | TrAcc: 0.7737, TrLoss:  0.65273, VaAcc: 0.7013, VaLoss:  0.92171	 20 sampled NNs | VaAcc: 0.4533 +- 0.0230 | VaLoss: 1.6992 +- 0.0963
175,  0 | TrAcc: 0.7510, TrLoss:  0.72311, VaAcc: 0.7014, VaLoss:  0.95149	 20 sampled NNs | VaAcc: 0.4468 +- 0.0264 | VaLoss: 1.6966 +- 0.0705
176,  0 | TrAcc: 0.7376, TrLoss:  0.74418, VaAcc: 0.6926, VaLoss:  0.93620	 20 sampled NNs | VaAcc: 0.4486 +- 0.0294 | VaLoss: 1.7187 +- 0.1033
177,  0 | TrAcc: 0.7710, TrLoss:  0.65814, VaAcc: 0.6982, VaLoss:  0.95935	 20 sampled NNs | VaAcc: 0.4375 +- 0.0253 | VaLoss: 1.7382 +- 0.0932
178,  0 | TrAcc: 0.7705, TrLoss:  0.65932, VaAcc: 0.7049, VaLoss:  0.92221	 20 sampled NNs | VaAcc: 0.4680 +- 0.0316 | VaLoss: 1.6701 +- 0.1069
179,  0 | TrAcc: 0.7572, TrLoss:  0.69508, VaAcc: 0.7023, VaLoss:  0.90900	 20 sampled NNs | VaAcc: 0.4646 +- 0.0356 | VaLoss: 1.6516 +- 0.1071
180,  0 | TrAcc: 0.7713, TrLoss:  0.65618, VaAcc: 0.7110, VaLoss:  0.91363	 20 sampled NNs | VaAcc: 0.4581 +- 0.0305 | VaLoss: 1.7042 +- 0.0959
181,  0 | TrAcc: 0.7769, TrLoss:  0.63434, VaAcc: 0.6962, VaLoss:  0.95308	 20 sampled NNs | VaAcc: 0.4520 +- 0.0235 | VaLoss: 1.7120 +- 0.0683
182,  0 | TrAcc: 0.7662, TrLoss:  0.68282, VaAcc: 0.7112, VaLoss:  0.87501	 20 sampled NNs | VaAcc: 0.4686 +- 0.0265 | VaLoss: 1.6033 +- 0.0716
183,  0 | TrAcc: 0.7649, TrLoss:  0.68218, VaAcc: 0.6968, VaLoss:  0.91818	 20 sampled NNs | VaAcc: 0.4394 +- 0.0237 | VaLoss: 1.7160 +- 0.0791
184,  0 | TrAcc: 0.7727, TrLoss:  0.67382, VaAcc: 0.7045, VaLoss:  0.90871	 20 sampled NNs | VaAcc: 0.4559 +- 0.0248 | VaLoss: 1.7042 +- 0.0950
185,  0 | TrAcc: 0.7550, TrLoss:  0.69514, VaAcc: 0.7000, VaLoss:  0.92123	 20 sampled NNs | VaAcc: 0.4554 +- 0.0301 | VaLoss: 1.6336 +- 0.1030
186,  0 | TrAcc: 0.7836, TrLoss:  0.63330, VaAcc: 0.7049, VaLoss:  0.91130	 20 sampled NNs | VaAcc: 0.4619 +- 0.0333 | VaLoss: 1.6395 +- 0.1128
187,  0 | TrAcc: 0.7400, TrLoss:  0.75311, VaAcc: 0.6914, VaLoss:  0.94597	 20 sampled NNs | VaAcc: 0.4498 +- 0.0260 | VaLoss: 1.7075 +- 0.1030
188,  0 | TrAcc: 0.7724, TrLoss:  0.66590, VaAcc: 0.6957, VaLoss:  0.93295	 20 sampled NNs | VaAcc: 0.4298 +- 0.0374 | VaLoss: 1.7517 +- 0.1110
189,  0 | TrAcc: 0.7601, TrLoss:  0.68904, VaAcc: 0.7046, VaLoss:  0.92973	 20 sampled NNs | VaAcc: 0.4935 +- 0.0273 | VaLoss: 1.5670 +- 0.1010
190,  0 | TrAcc: 0.7677, TrLoss:  0.66192, VaAcc: 0.7037, VaLoss:  0.92061	 20 sampled NNs | VaAcc: 0.4835 +- 0.0312 | VaLoss: 1.6183 +- 0.0964
191,  0 | TrAcc: 0.7596, TrLoss:  0.67495, VaAcc: 0.7093, VaLoss:  0.89312	 20 sampled NNs | VaAcc: 0.4582 +- 0.0264 | VaLoss: 1.6562 +- 0.0984
192,  0 | TrAcc: 0.7723, TrLoss:  0.66966, VaAcc: 0.6946, VaLoss:  0.92804	 20 sampled NNs | VaAcc: 0.4509 +- 0.0324 | VaLoss: 1.6836 +- 0.1109
193,  0 | TrAcc: 0.7731, TrLoss:  0.65919, VaAcc: 0.7032, VaLoss:  0.92308	 20 sampled NNs | VaAcc: 0.4617 +- 0.0284 | VaLoss: 1.6407 +- 0.1060
194,  0 | TrAcc: 0.7644, TrLoss:  0.67443, VaAcc: 0.6921, VaLoss:  0.95826	 20 sampled NNs | VaAcc: 0.4348 +- 0.0359 | VaLoss: 1.7406 +- 0.1136
195,  0 | TrAcc: 0.7593, TrLoss:  0.69269, VaAcc: 0.6970, VaLoss:  0.91470	 20 sampled NNs | VaAcc: 0.4790 +- 0.0331 | VaLoss: 1.6228 +- 0.1240
196,  0 | TrAcc: 0.7680, TrLoss:  0.65320, VaAcc: 0.6973, VaLoss:  0.94497	 20 sampled NNs | VaAcc: 0.4662 +- 0.0338 | VaLoss: 1.6820 +- 0.1177
197,  0 | TrAcc: 0.7762, TrLoss:  0.64286, VaAcc: 0.7000, VaLoss:  0.94136	 20 sampled NNs | VaAcc: 0.4377 +- 0.0221 | VaLoss: 1.7878 +- 0.1012
198,  0 | TrAcc: 0.7656, TrLoss:      nan, VaAcc: 0.7071, VaLoss:      nan	 20 sampled NNs | VaAcc: 0.4469 +- 0.0355 | VaLoss: 1.7173 +- 0.1287
199,  0 | TrAcc: 0.7592, TrLoss:  0.68498, VaAcc: 0.6916, VaLoss:  0.95236	 20 sampled NNs | VaAcc: 0.4349 +- 0.0226 | VaLoss: 1.7525 +- 0.0942
200,  0 | TrAcc: 0.7653, TrLoss:  0.66290, VaAcc: 0.6948, VaLoss:  0.97250	 20 sampled NNs | VaAcc: 0.4544 +- 0.0332 | VaLoss: 1.7333 +- 0.0981
201,  0 | TrAcc: 0.7816, TrLoss:  0.61759, VaAcc: 0.7064, VaLoss:  0.92579	 20 sampled NNs | VaAcc: 0.4652 +- 0.0370 | VaLoss: 1.6539 +- 0.0840
202,  0 | TrAcc: 0.7440, TrLoss:  0.71342, VaAcc: 0.6955, VaLoss:  0.95513	 20 sampled NNs | VaAcc: 0.4516 +- 0.0362 | VaLoss: 1.7043 +- 0.1174
203,  0 | TrAcc: 0.7645, TrLoss:  0.66798, VaAcc: 0.6987, VaLoss:  0.95132	 20 sampled NNs | VaAcc: 0.4672 +- 0.0306 | VaLoss: 1.6758 +- 0.1023
204,  0 | TrAcc: 0.7689, TrLoss:  0.65874, VaAcc: 0.7067, VaLoss:  0.90577	 20 sampled NNs | VaAcc: 0.4912 +- 0.0331 | VaLoss: 1.5661 +- 0.1086
205,  0 | TrAcc: 0.7539, TrLoss:  0.70908, VaAcc: 0.6898, VaLoss:  0.93393	 20 sampled NNs | VaAcc: 0.4890 +- 0.0320 | VaLoss: 1.6035 +- 0.0954
206,  0 | TrAcc: 0.7751, TrLoss:  0.65999, VaAcc: 0.6998, VaLoss:  0.95199	 20 sampled NNs | VaAcc: 0.4654 +- 0.0384 | VaLoss: 1.6634 +- 0.1208
207,  0 | TrAcc: 0.7787, TrLoss:  0.63550, VaAcc: 0.6996, VaLoss:  0.94921	 20 sampled NNs | VaAcc: 0.4707 +- 0.0269 | VaLoss: 1.6595 +- 0.1040
208,  0 | TrAcc: 0.7711, TrLoss:  0.64602, VaAcc: 0.6968, VaLoss:  0.94281	 20 sampled NNs | VaAcc: 0.4478 +- 0.0280 | VaLoss: 1.7273 +- 0.0820
209,  0 | TrAcc: 0.7667, TrLoss:      nan, VaAcc: 0.6957, VaLoss:      nan	 20 sampled NNs | VaAcc: 0.4541 +- 0.0292 | VaLoss: 1.6556 +- 0.0907
210,  0 | TrAcc: 0.7567, TrLoss:  0.68798, VaAcc: 0.6981, VaLoss:  0.90421	 20 sampled NNs | VaAcc: 0.4829 +- 0.0275 | VaLoss: 1.5895 +- 0.0934
211,  0 | TrAcc: 0.7620, TrLoss:  0.68868, VaAcc: 0.6994, VaLoss:  0.89520	 20 sampled NNs | VaAcc: 0.4648 +- 0.0213 | VaLoss: 1.6039 +- 0.0589
212,  0 | TrAcc: 0.7623, TrLoss:  0.69990, VaAcc: 0.6998, VaLoss:  0.91254	 20 sampled NNs | VaAcc: 0.4518 +- 0.0315 | VaLoss: 1.7179 +- 0.0943
213,  0 | TrAcc: 0.7829, TrLoss:  0.61880, VaAcc: 0.7030, VaLoss:  0.89967	 20 sampled NNs | VaAcc: 0.4528 +- 0.0319 | VaLoss: 1.6628 +- 0.0882
214,  0 | TrAcc: 0.7676, TrLoss:  0.65826, VaAcc: 0.6827, VaLoss:  0.93732	 20 sampled NNs | VaAcc: 0.4502 +- 0.0287 | VaLoss: 1.6875 +- 0.1214
215,  0 | TrAcc: 0.7729, TrLoss:  0.62923, VaAcc: 0.6987, VaLoss:  0.90142	 20 sampled NNs | VaAcc: 0.4574 +- 0.0259 | VaLoss: 1.6798 +- 0.0950
216,  0 | TrAcc: 0.7856, TrLoss:  0.62214, VaAcc: 0.6983, VaLoss:  0.92156	 20 sampled NNs | VaAcc: 0.4729 +- 0.0310 | VaLoss: 1.6066 +- 0.1063
217,  0 | TrAcc: 0.7683, TrLoss:  0.66188, VaAcc: 0.6959, VaLoss:  0.96108	 20 sampled NNs | VaAcc: 0.4723 +- 0.0254 | VaLoss: 1.6575 +- 0.0820
218,  0 | TrAcc: 0.7783, TrLoss:  0.65680, VaAcc: 0.6970, VaLoss:  0.92232	 20 sampled NNs | VaAcc: 0.4597 +- 0.0304 | VaLoss: 1.6665 +- 0.1069
219,  0 | TrAcc: 0.7668, TrLoss:  0.68691, VaAcc: 0.6987, VaLoss:  0.91197	 20 sampled NNs | VaAcc: 0.4724 +- 0.0302 | VaLoss: 1.6097 +- 0.1025
220,  0 | TrAcc: 0.7772, TrLoss:  0.63713, VaAcc: 0.7028, VaLoss:  0.91749	 20 sampled NNs | VaAcc: 0.4716 +- 0.0363 | VaLoss: 1.6637 +- 0.1432
221,  0 | TrAcc: 0.7549, TrLoss:  0.69909, VaAcc: 0.6942, VaLoss:  0.92833	 20 sampled NNs | VaAcc: 0.4417 +- 0.0250 | VaLoss: 1.7516 +- 0.1187
222,  0 | TrAcc: 0.7585, TrLoss:  0.66902, VaAcc: 0.7143, VaLoss:  0.88184	 20 sampled NNs | VaAcc: 0.4435 +- 0.0300 | VaLoss: 1.6587 +- 0.0918
223,  0 | TrAcc: 0.7695, TrLoss:  0.64970, VaAcc: 0.6943, VaLoss:  0.90646	 20 sampled NNs | VaAcc: 0.4737 +- 0.0215 | VaLoss: 1.6066 +- 0.0956
224,  0 | TrAcc: 0.7540, TrLoss:  0.69004, VaAcc: 0.7077, VaLoss:  0.89689	 20 sampled NNs | VaAcc: 0.4785 +- 0.0264 | VaLoss: 1.6230 +- 0.1117
225,  0 | TrAcc: 0.7773, TrLoss:  0.63387, VaAcc: 0.7140, VaLoss:  0.88142	 20 sampled NNs | VaAcc: 0.4871 +- 0.0306 | VaLoss: 1.5877 +- 0.1029
226,  0 | TrAcc: 0.7884, TrLoss:  0.59890, VaAcc: 0.7059, VaLoss:  0.88419	 20 sampled NNs | VaAcc: 0.4865 +- 0.0328 | VaLoss: 1.6190 +- 0.1037
227,  0 | TrAcc: 0.7768, TrLoss:  0.62498, VaAcc: 0.7024, VaLoss:  0.90072	 20 sampled NNs | VaAcc: 0.5067 +- 0.0308 | VaLoss: 1.5442 +- 0.0898
228,  0 | TrAcc: 0.7589, TrLoss:  0.68509, VaAcc: 0.6958, VaLoss:  0.93023	 20 sampled NNs | VaAcc: 0.4751 +- 0.0314 | VaLoss: 1.6209 +- 0.1009
229,  0 | TrAcc: 0.7719, TrLoss:  0.64318, VaAcc: 0.6976, VaLoss:  0.93338	 20 sampled NNs | VaAcc: 0.4549 +- 0.0326 | VaLoss: 1.6810 +- 0.1052
230,  0 | TrAcc: 0.7646, TrLoss:  0.64485, VaAcc: 0.7082, VaLoss:  0.91643	 20 sampled NNs | VaAcc: 0.4881 +- 0.0267 | VaLoss: 1.6142 +- 0.0882
231,  0 | TrAcc: 0.7699, TrLoss:  0.64352, VaAcc: 0.7043, VaLoss:  0.90996	 20 sampled NNs | VaAcc: 0.4924 +- 0.0338 | VaLoss: 1.5675 +- 0.1001
232,  0 | TrAcc: 0.7830, TrLoss:  0.62958, VaAcc: 0.7015, VaLoss:  0.91512	 20 sampled NNs | VaAcc: 0.4737 +- 0.0239 | VaLoss: 1.6413 +- 0.0870
233,  0 | TrAcc: 0.7849, TrLoss:  0.61493, VaAcc: 0.6997, VaLoss:  0.91118	 20 sampled NNs | VaAcc: 0.5039 +- 0.0402 | VaLoss: 1.5361 +- 0.1084
234,  0 | TrAcc: 0.7715, TrLoss:  0.63955, VaAcc: 0.6954, VaLoss:  0.93236	 20 sampled NNs | VaAcc: 0.4910 +- 0.0298 | VaLoss: 1.5604 +- 0.0731
235,  0 | TrAcc: 0.7925, TrLoss:  0.61994, VaAcc: 0.6993, VaLoss:  0.93948	 20 sampled NNs | VaAcc: 0.4593 +- 0.0374 | VaLoss: 1.6692 +- 0.1216
236,  0 | TrAcc: 0.7696, TrLoss:  0.67442, VaAcc: 0.7085, VaLoss:  0.90993	 20 sampled NNs | VaAcc: 0.4822 +- 0.0296 | VaLoss: 1.5606 +- 0.1170
237,  0 | TrAcc: 0.7775, TrLoss:  0.63669, VaAcc: 0.7010, VaLoss:  0.90622	 20 sampled NNs | VaAcc: 0.4809 +- 0.0338 | VaLoss: 1.5768 +- 0.1265
238,  0 | TrAcc: 0.7578, TrLoss:  0.67422, VaAcc: 0.6940, VaLoss:  0.92206	 20 sampled NNs | VaAcc: 0.4937 +- 0.0284 | VaLoss: 1.5665 +- 0.0835
239,  0 | TrAcc: 0.7811, TrLoss:  0.62262, VaAcc: 0.7060, VaLoss:  0.90439	 20 sampled NNs | VaAcc: 0.4987 +- 0.0218 | VaLoss: 1.5186 +- 0.0694
240,  0 | TrAcc: 0.7544, TrLoss:  0.69553, VaAcc: 0.6974, VaLoss:  0.92846	 20 sampled NNs | VaAcc: 0.4738 +- 0.0388 | VaLoss: 1.5989 +- 0.1195
241,  0 | TrAcc: 0.7599, TrLoss:  0.69334, VaAcc: 0.7013, VaLoss:  0.92907	 20 sampled NNs | VaAcc: 0.4793 +- 0.0356 | VaLoss: 1.5847 +- 0.0955
242,  0 | TrAcc: 0.7637, TrLoss:  0.68223, VaAcc: 0.7031, VaLoss:  0.94698	 20 sampled NNs | VaAcc: 0.4787 +- 0.0324 | VaLoss: 1.6592 +- 0.0861
243,  0 | TrAcc: 0.7682, TrLoss:  0.67662, VaAcc: 0.6957, VaLoss:  0.95333	 20 sampled NNs | VaAcc: 0.4746 +- 0.0278 | VaLoss: 1.6373 +- 0.0878
244,  0 | TrAcc: 0.7651, TrLoss:  0.65765, VaAcc: 0.6944, VaLoss:  0.92540	 20 sampled NNs | VaAcc: 0.4809 +- 0.0333 | VaLoss: 1.6526 +- 0.1260
245,  0 | TrAcc: 0.7602, TrLoss:  0.68877, VaAcc: 0.6936, VaLoss:  0.92661	 20 sampled NNs | VaAcc: 0.4616 +- 0.0334 | VaLoss: 1.6288 +- 0.1046
246,  0 | TrAcc: 0.7879, TrLoss:  0.61300, VaAcc: 0.7000, VaLoss:  0.91739	 20 sampled NNs | VaAcc: 0.4905 +- 0.0254 | VaLoss: 1.5406 +- 0.0551
247,  0 | TrAcc: 0.7708, TrLoss:  0.66809, VaAcc: 0.7000, VaLoss:  0.91115	 20 sampled NNs | VaAcc: 0.4768 +- 0.0305 | VaLoss: 1.5885 +- 0.0895
248,  0 | TrAcc: 0.7542, TrLoss:  0.68507, VaAcc: 0.6829, VaLoss:  0.95276	 20 sampled NNs | VaAcc: 0.4683 +- 0.0334 | VaLoss: 1.6339 +- 0.1010
249,  0 | TrAcc: 0.7576, TrLoss:  0.67789, VaAcc: 0.6971, VaLoss:  0.94797	 20 sampled NNs | VaAcc: 0.5100 +- 0.0303 | VaLoss: 1.4928 +- 0.0837
250,  0 | TrAcc: 0.7866, TrLoss:  0.61343, VaAcc: 0.7048, VaLoss:  0.90038	 20 sampled NNs | VaAcc: 0.4794 +- 0.0263 | VaLoss: 1.5874 +- 0.0889
251,  0 | TrAcc: 0.7817, TrLoss:  0.61102, VaAcc: 0.7110, VaLoss:  0.91151	 20 sampled NNs | VaAcc: 0.5317 +- 0.0308 | VaLoss: 1.4932 +- 0.1099
252,  0 | TrAcc: 0.7686, TrLoss:  0.66186, VaAcc: 0.6957, VaLoss:  0.93497	 20 sampled NNs | VaAcc: 0.4756 +- 0.0293 | VaLoss: 1.6156 +- 0.0978
253,  0 | TrAcc: 0.7925, TrLoss:  0.60691, VaAcc: 0.7095, VaLoss:  0.89967	 20 sampled NNs | VaAcc: 0.4915 +- 0.0280 | VaLoss: 1.5847 +- 0.0801
254,  0 | TrAcc: 0.7586, TrLoss:  0.66908, VaAcc: 0.7086, VaLoss:  0.90912	 20 sampled NNs | VaAcc: 0.4927 +- 0.0226 | VaLoss: 1.5767 +- 0.0926
255,  0 | TrAcc: 0.7753, TrLoss:  0.64596, VaAcc: 0.7104, VaLoss:  0.88821	 20 sampled NNs | VaAcc: 0.4824 +- 0.0325 | VaLoss: 1.5779 +- 0.1046
256,  0 | TrAcc: 0.7645, TrLoss:  0.68439, VaAcc: 0.7000, VaLoss:  0.92250	 20 sampled NNs | VaAcc: 0.4813 +- 0.0295 | VaLoss: 1.6028 +- 0.0948
257,  0 | TrAcc: 0.7781, TrLoss:  0.62215, VaAcc: 0.7110, VaLoss:  0.91051	 20 sampled NNs | VaAcc: 0.4874 +- 0.0269 | VaLoss: 1.6019 +- 0.1115
258,  0 | TrAcc: 0.7590, TrLoss:  0.68839, VaAcc: 0.7054, VaLoss:  0.90939	 20 sampled NNs | VaAcc: 0.4709 +- 0.0280 | VaLoss: 1.6496 +- 0.1022
259,  0 | TrAcc: 0.7652, TrLoss:  0.68049, VaAcc: 0.7114, VaLoss:  0.89152	 20 sampled NNs | VaAcc: 0.5153 +- 0.0318 | VaLoss: 1.4879 +- 0.1178
260,  0 | TrAcc: 0.7872, TrLoss:  0.60604, VaAcc: 0.7040, VaLoss:  0.92093	 20 sampled NNs | VaAcc: 0.4947 +- 0.0365 | VaLoss: 1.5908 +- 0.1441
261,  0 | TrAcc: 0.7749, TrLoss:  0.63638, VaAcc: 0.7027, VaLoss:  0.90437	 20 sampled NNs | VaAcc: 0.4882 +- 0.0222 | VaLoss: 1.5732 +- 0.0824
262,  0 | TrAcc: 0.7670, TrLoss:  0.68002, VaAcc: 0.7019, VaLoss:  0.91495	 20 sampled NNs | VaAcc: 0.4882 +- 0.0296 | VaLoss: 1.5375 +- 0.1009
263,  0 | TrAcc: 0.7701, TrLoss:  0.64608, VaAcc: 0.7075, VaLoss:  0.89247	 20 sampled NNs | VaAcc: 0.4898 +- 0.0267 | VaLoss: 1.5696 +- 0.0889
264,  0 | TrAcc: 0.7758, TrLoss:  0.64217, VaAcc: 0.7065, VaLoss:  0.90813	 20 sampled NNs | VaAcc: 0.4867 +- 0.0295 | VaLoss: 1.5979 +- 0.1007
265,  0 | TrAcc: 0.7680, TrLoss:  0.64284, VaAcc: 0.7030, VaLoss:  0.92458	 20 sampled NNs | VaAcc: 0.4924 +- 0.0254 | VaLoss: 1.5572 +- 0.0959
266,  0 | TrAcc: 0.7736, TrLoss:  0.63083, VaAcc: 0.6998, VaLoss:  0.91541	 20 sampled NNs | VaAcc: 0.4828 +- 0.0217 | VaLoss: 1.6176 +- 0.0934
267,  0 | TrAcc: 0.7872, TrLoss:  0.61212, VaAcc: 0.7007, VaLoss:  0.92980	 20 sampled NNs | VaAcc: 0.4972 +- 0.0220 | VaLoss: 1.5579 +- 0.0673
268,  0 | TrAcc: 0.7625, TrLoss:  0.67431, VaAcc: 0.7081, VaLoss:  0.93826	 20 sampled NNs | VaAcc: 0.4740 +- 0.0313 | VaLoss: 1.6539 +- 0.1053
269,  0 | TrAcc: 0.7865, TrLoss:  0.61863, VaAcc: 0.7031, VaLoss:  0.94640	 20 sampled NNs | VaAcc: 0.5156 +- 0.0329 | VaLoss: 1.5303 +- 0.0947
270,  0 | TrAcc: 0.7793, TrLoss:  0.63040, VaAcc: 0.7043, VaLoss:  0.90702	 20 sampled NNs | VaAcc: 0.4804 +- 0.0281 | VaLoss: 1.5904 +- 0.0906
271,  0 | TrAcc: 0.7889, TrLoss:  0.62545, VaAcc: 0.7019, VaLoss:  0.92463	 20 sampled NNs | VaAcc: 0.4710 +- 0.0252 | VaLoss: 1.6438 +- 0.0894
272,  0 | TrAcc: 0.7723, TrLoss:  0.65298, VaAcc: 0.7125, VaLoss:  0.88578	 20 sampled NNs | VaAcc: 0.4865 +- 0.0349 | VaLoss: 1.6230 +- 0.1108
273,  0 | TrAcc: 0.7954, TrLoss:  0.60450, VaAcc: 0.7104, VaLoss:  0.86741	 20 sampled NNs | VaAcc: 0.4951 +- 0.0263 | VaLoss: 1.5589 +- 0.0888
274,  0 | TrAcc: 0.7715, TrLoss:  0.64691, VaAcc: 0.7095, VaLoss:  0.87844	 20 sampled NNs | VaAcc: 0.4714 +- 0.0337 | VaLoss: 1.5965 +- 0.0851
275,  0 | TrAcc: 0.7814, TrLoss:  0.61147, VaAcc: 0.7156, VaLoss:  0.90795	 20 sampled NNs | VaAcc: 0.4975 +- 0.0261 | VaLoss: 1.5776 +- 0.1151
276,  0 | TrAcc: 0.7682, TrLoss:  0.67138, VaAcc: 0.7006, VaLoss:  0.92805	 20 sampled NNs | VaAcc: 0.4802 +- 0.0317 | VaLoss: 1.6232 +- 0.1004
277,  0 | TrAcc: 0.7798, TrLoss:  0.62201, VaAcc: 0.7095, VaLoss:  0.88959	 20 sampled NNs | VaAcc: 0.4840 +- 0.0261 | VaLoss: 1.6184 +- 0.0907
278,  0 | TrAcc: 0.7746, TrLoss:  0.63762, VaAcc: 0.7051, VaLoss:  0.92028	 20 sampled NNs | VaAcc: 0.4704 +- 0.0296 | VaLoss: 1.6825 +- 0.0989
279,  0 | TrAcc: 0.7619, TrLoss:  0.67356, VaAcc: 0.7000, VaLoss:  0.92336	 20 sampled NNs | VaAcc: 0.4568 +- 0.0322 | VaLoss: 1.7022 +- 0.1414
280,  0 | TrAcc: 0.7791, TrLoss:  0.62153, VaAcc: 0.6897, VaLoss:  0.95648	 20 sampled NNs | VaAcc: 0.4770 +- 0.0224 | VaLoss: 1.6383 +- 0.0904
281,  0 | TrAcc: 0.7741, TrLoss:  0.63244, VaAcc: 0.7167, VaLoss:  0.85310	 20 sampled NNs | VaAcc: 0.5064 +- 0.0205 | VaLoss: 1.4804 +- 0.0615
282,  0 | TrAcc: 0.7809, TrLoss:  0.64897, VaAcc: 0.7060, VaLoss:  0.89820	 20 sampled NNs | VaAcc: 0.4593 +- 0.0221 | VaLoss: 1.6714 +- 0.0872
283,  0 | TrAcc: 0.7873, TrLoss:  0.60915, VaAcc: 0.7020, VaLoss:  0.92476	 20 sampled NNs | VaAcc: 0.4882 +- 0.0218 | VaLoss: 1.6132 +- 0.0760
284,  0 | TrAcc: 0.7939, TrLoss:  0.61529, VaAcc: 0.6901, VaLoss:  0.95545	 20 sampled NNs | VaAcc: 0.4602 +- 0.0254 | VaLoss: 1.7277 +- 0.1016
285,  0 | TrAcc: 0.7827, TrLoss:  0.65177, VaAcc: 0.7019, VaLoss:  0.93316	 20 sampled NNs | VaAcc: 0.4849 +- 0.0244 | VaLoss: 1.6084 +- 0.0713
286,  0 | TrAcc: 0.7777, TrLoss:  0.62938, VaAcc: 0.7104, VaLoss:  0.89377	 20 sampled NNs | VaAcc: 0.4951 +- 0.0406 | VaLoss: 1.5896 +- 0.1293
287,  0 | TrAcc: 0.7851, TrLoss:  0.60505, VaAcc: 0.7027, VaLoss:  0.90229	 20 sampled NNs | VaAcc: 0.4673 +- 0.0245 | VaLoss: 1.6786 +- 0.0815
288,  0 | TrAcc: 0.7630, TrLoss:  0.67790, VaAcc: 0.7074, VaLoss:  0.91470	 20 sampled NNs | VaAcc: 0.4642 +- 0.0241 | VaLoss: 1.6458 +- 0.0931
289,  0 | TrAcc: 0.7674, TrLoss:  0.65320, VaAcc: 0.7037, VaLoss:  0.89927	 20 sampled NNs | VaAcc: 0.4830 +- 0.0254 | VaLoss: 1.5754 +- 0.0726
290,  0 | TrAcc: 0.7705, TrLoss:  0.65119, VaAcc: 0.7047, VaLoss:  0.89146	 20 sampled NNs | VaAcc: 0.4868 +- 0.0253 | VaLoss: 1.5634 +- 0.0908
291,  0 | TrAcc: 0.7808, TrLoss:  0.61961, VaAcc: 0.7045, VaLoss:  0.89360	 20 sampled NNs | VaAcc: 0.4966 +- 0.0188 | VaLoss: 1.5414 +- 0.0685
292,  0 | TrAcc: 0.7690, TrLoss:  0.65994, VaAcc: 0.6957, VaLoss:  0.92465	 20 sampled NNs | VaAcc: 0.5055 +- 0.0208 | VaLoss: 1.5422 +- 0.0766
293,  0 | TrAcc: 0.7611, TrLoss:  0.68059, VaAcc: 0.7053, VaLoss:  0.88872	 20 sampled NNs | VaAcc: 0.4925 +- 0.0310 | VaLoss: 1.5864 +- 0.1073
294,  0 | TrAcc: 0.7632, TrLoss:  0.68257, VaAcc: 0.7052, VaLoss:  0.89093	 20 sampled NNs | VaAcc: 0.4655 +- 0.0359 | VaLoss: 1.6475 +- 0.1144
295,  0 | TrAcc: 0.7737, TrLoss:  0.65741, VaAcc: 0.7029, VaLoss:  0.90752	 20 sampled NNs | VaAcc: 0.4652 +- 0.0203 | VaLoss: 1.6146 +- 0.0889
296,  0 | TrAcc: 0.7688, TrLoss:  0.64955, VaAcc: 0.7119, VaLoss:  0.87919	 20 sampled NNs | VaAcc: 0.4907 +- 0.0290 | VaLoss: 1.5512 +- 0.0863
297,  0 | TrAcc: 0.7591, TrLoss:  0.66326, VaAcc: 0.7086, VaLoss:  0.91612	 20 sampled NNs | VaAcc: 0.4682 +- 0.0308 | VaLoss: 1.6638 +- 0.1188
298,  0 | TrAcc: 0.7711, TrLoss:  0.63755, VaAcc: 0.7089, VaLoss:  0.92278	 20 sampled NNs | VaAcc: 0.4819 +- 0.0255 | VaLoss: 1.6517 +- 0.0840
299,  0 | TrAcc: 0.7633, TrLoss:  0.67134, VaAcc: 0.7040, VaLoss:  0.91821	 20 sampled NNs | VaAcc: 0.4782 +- 0.0319 | VaLoss: 1.5833 +- 0.1046
300,  0 | TrAcc: 0.7710, TrLoss:  0.64875, VaAcc: 0.7067, VaLoss:  0.90125	 20 sampled NNs | VaAcc: 0.4699 +- 0.0222 | VaLoss: 1.6037 +- 0.0728
301,  0 | TrAcc: 0.7663, TrLoss:  0.67949, VaAcc: 0.6841, VaLoss:  0.94888	 20 sampled NNs | VaAcc: 0.4784 +- 0.0226 | VaLoss: 1.5978 +- 0.0728
302,  0 | TrAcc: 0.7632, TrLoss:  0.67146, VaAcc: 0.7085, VaLoss:  0.89067	 20 sampled NNs | VaAcc: 0.4879 +- 0.0299 | VaLoss: 1.5762 +- 0.1058
303,  0 | TrAcc: 0.7754, TrLoss:  0.63111, VaAcc: 0.6988, VaLoss:  0.92042	 20 sampled NNs | VaAcc: 0.4796 +- 0.0253 | VaLoss: 1.6044 +- 0.1037
304,  0 | TrAcc: 0.7800, TrLoss:  0.62148, VaAcc: 0.6908, VaLoss:  0.94842	 20 sampled NNs | VaAcc: 0.4814 +- 0.0265 | VaLoss: 1.6408 +- 0.1232
305,  0 | TrAcc: 0.7769, TrLoss:  0.62328, VaAcc: 0.7060, VaLoss:  0.91909	 20 sampled NNs | VaAcc: 0.5229 +- 0.0298 | VaLoss: 1.5080 +- 0.0846
306,  0 | TrAcc: 0.7661, TrLoss:  0.68124, VaAcc: 0.7109, VaLoss:  0.88242	 20 sampled NNs | VaAcc: 0.4926 +- 0.0263 | VaLoss: 1.5715 +- 0.0830
307,  0 | TrAcc: 0.7773, TrLoss:  0.64693, VaAcc: 0.7071, VaLoss:  0.90007	 20 sampled NNs | VaAcc: 0.4800 +- 0.0213 | VaLoss: 1.6028 +- 0.0896
308,  0 | TrAcc: 0.7930, TrLoss:  0.60453, VaAcc: 0.7095, VaLoss:  0.87527	 20 sampled NNs | VaAcc: 0.5043 +- 0.0211 | VaLoss: 1.5459 +- 0.0735
309,  0 | TrAcc: 0.7875, TrLoss:  0.61329, VaAcc: 0.6964, VaLoss:  0.92084	 20 sampled NNs | VaAcc: 0.5008 +- 0.0269 | VaLoss: 1.5662 +- 0.1088
310,  0 | TrAcc: 0.7806, TrLoss:  0.60480, VaAcc: 0.7065, VaLoss:  0.88467	 20 sampled NNs | VaAcc: 0.4962 +- 0.0293 | VaLoss: 1.5539 +- 0.0956
311,  0 | TrAcc: 0.7820, TrLoss:  0.64094, VaAcc: 0.6953, VaLoss:  0.91377	 20 sampled NNs | VaAcc: 0.5032 +- 0.0243 | VaLoss: 1.5749 +- 0.0788
312,  0 | TrAcc: 0.7782, TrLoss:  0.64263, VaAcc: 0.6985, VaLoss:  0.91168	 20 sampled NNs | VaAcc: 0.4898 +- 0.0298 | VaLoss: 1.6408 +- 0.1127
313,  0 | TrAcc: 0.7819, TrLoss:  0.63271, VaAcc: 0.7041, VaLoss:  0.89070	 20 sampled NNs | VaAcc: 0.4974 +- 0.0240 | VaLoss: 1.5798 +- 0.0848
314,  0 | TrAcc: 0.7944, TrLoss:  0.61668, VaAcc: 0.7006, VaLoss:  0.90107	 20 sampled NNs | VaAcc: 0.4955 +- 0.0256 | VaLoss: 1.5442 +- 0.0858
315,  0 | TrAcc: 0.7670, TrLoss:  0.65782, VaAcc: 0.7055, VaLoss:  0.88658	 20 sampled NNs | VaAcc: 0.4988 +- 0.0342 | VaLoss: 1.5406 +- 0.1310
316,  0 | TrAcc: 0.7634, TrLoss:  0.69051, VaAcc: 0.7170, VaLoss:  0.88100	 20 sampled NNs | VaAcc: 0.4882 +- 0.0337 | VaLoss: 1.5764 +- 0.1060
317,  0 | TrAcc: 0.7765, TrLoss:  0.65328, VaAcc: 0.7074, VaLoss:  0.90928	 20 sampled NNs | VaAcc: 0.4929 +- 0.0298 | VaLoss: 1.5998 +- 0.1090
318,  0 | TrAcc: 0.7707, TrLoss:  0.63867, VaAcc: 0.7133, VaLoss:  0.88960	 20 sampled NNs | VaAcc: 0.5064 +- 0.0253 | VaLoss: 1.5474 +- 0.0891
319,  0 | TrAcc: 0.7602, TrLoss:  0.68033, VaAcc: 0.6961, VaLoss:  0.91578	 20 sampled NNs | VaAcc: 0.4712 +- 0.0348 | VaLoss: 1.6436 +- 0.1193
320,  0 | TrAcc: 0.7852, TrLoss:  0.60907, VaAcc: 0.7125, VaLoss:  0.86613	 20 sampled NNs | VaAcc: 0.5045 +- 0.0295 | VaLoss: 1.5059 +- 0.0925
321,  0 | TrAcc: 0.7810, TrLoss:  0.62534, VaAcc: 0.7073, VaLoss:  0.91184	 20 sampled NNs | VaAcc: 0.5034 +- 0.0278 | VaLoss: 1.5555 +- 0.1026
322,  0 | TrAcc: 0.7809, TrLoss:  0.61944, VaAcc: 0.7168, VaLoss:  0.87992	 20 sampled NNs | VaAcc: 0.4859 +- 0.0285 | VaLoss: 1.5550 +- 0.0690
323,  0 | TrAcc: 0.7850, TrLoss:      nan, VaAcc: 0.7064, VaLoss:      nan	 20 sampled NNs | VaAcc: 0.4832 +- 0.0322 | VaLoss: 1.6382 +- 0.0926
324,  0 | TrAcc: 0.7845, TrLoss:  0.60685, VaAcc: 0.7107, VaLoss:  0.90133	 20 sampled NNs | VaAcc: 0.5083 +- 0.0252 | VaLoss: 1.5635 +- 0.0747
325,  0 | TrAcc: 0.7828, TrLoss:  0.61239, VaAcc: 0.7061, VaLoss:  0.90159	 20 sampled NNs | VaAcc: 0.4871 +- 0.0302 | VaLoss: 1.5783 +- 0.0957
326,  0 | TrAcc: 0.7763, TrLoss:  0.62859, VaAcc: 0.7083, VaLoss:  0.89427	 20 sampled NNs | VaAcc: 0.4892 +- 0.0190 | VaLoss: 1.6131 +- 0.0811
327,  0 | TrAcc: 0.7603, TrLoss:  0.66991, VaAcc: 0.6973, VaLoss:  0.92657	 20 sampled NNs | VaAcc: 0.4806 +- 0.0279 | VaLoss: 1.6075 +- 0.0647
328,  0 | TrAcc: 0.7989, TrLoss:  0.59352, VaAcc: 0.7158, VaLoss:  0.87519	 20 sampled NNs | VaAcc: 0.5337 +- 0.0227 | VaLoss: 1.4810 +- 0.0832
329,  0 | TrAcc: 0.7743, TrLoss:  0.66149, VaAcc: 0.7110, VaLoss:  0.88815	 20 sampled NNs | VaAcc: 0.4990 +- 0.0298 | VaLoss: 1.5799 +- 0.0885
330,  0 | TrAcc: 0.7729, TrLoss:  0.63733, VaAcc: 0.7014, VaLoss:  0.93480	 20 sampled NNs | VaAcc: 0.4973 +- 0.0297 | VaLoss: 1.5811 +- 0.1021
331,  0 | TrAcc: 0.7687, TrLoss:  0.65074, VaAcc: 0.7179, VaLoss:  0.87773	 20 sampled NNs | VaAcc: 0.5101 +- 0.0306 | VaLoss: 1.5682 +- 0.1237
332,  0 | TrAcc: 0.7713, TrLoss:  0.65302, VaAcc: 0.7179, VaLoss:  0.86161	 20 sampled NNs | VaAcc: 0.5145 +- 0.0233 | VaLoss: 1.4893 +- 0.0839
333,  0 | TrAcc: 0.7628, TrLoss:  0.65220, VaAcc: 0.7172, VaLoss:  0.86076	 20 sampled NNs | VaAcc: 0.4962 +- 0.0283 | VaLoss: 1.4969 +- 0.0917
334,  0 | TrAcc: 0.7967, TrLoss:  0.58453, VaAcc: 0.7154, VaLoss:  0.89483	 20 sampled NNs | VaAcc: 0.5177 +- 0.0269 | VaLoss: 1.5114 +- 0.0907
335,  0 | TrAcc: 0.7649, TrLoss:  0.67570, VaAcc: 0.7169, VaLoss:  0.85441	 20 sampled NNs | VaAcc: 0.5177 +- 0.0221 | VaLoss: 1.5224 +- 0.0879
336,  0 | TrAcc: 0.8020, TrLoss:  0.56399, VaAcc: 0.7010, VaLoss:  0.89442	 20 sampled NNs | VaAcc: 0.4960 +- 0.0339 | VaLoss: 1.5815 +- 0.1262
337,  0 | TrAcc: 0.7661, TrLoss:  0.66456, VaAcc: 0.7080, VaLoss:  0.88789	 20 sampled NNs | VaAcc: 0.4585 +- 0.0281 | VaLoss: 1.6750 +- 0.1078
338,  0 | TrAcc: 0.7726, TrLoss:  0.66699, VaAcc: 0.7107, VaLoss:  0.87377	 20 sampled NNs | VaAcc: 0.4844 +- 0.0335 | VaLoss: 1.5527 +- 0.0982
339,  0 | TrAcc: 0.7964, TrLoss:  0.57972, VaAcc: 0.7086, VaLoss:  0.86901	 20 sampled NNs | VaAcc: 0.5163 +- 0.0318 | VaLoss: 1.4952 +- 0.1018
340,  0 | TrAcc: 0.7727, TrLoss:  0.63733, VaAcc: 0.7164, VaLoss:  0.87404	 20 sampled NNs | VaAcc: 0.5089 +- 0.0315 | VaLoss: 1.5154 +- 0.0858
341,  0 | TrAcc: 0.7684, TrLoss:  0.63419, VaAcc: 0.7069, VaLoss:  0.91962	 20 sampled NNs | VaAcc: 0.4969 +- 0.0204 | VaLoss: 1.6167 +- 0.0722
342,  0 | TrAcc: 0.7834, TrLoss:  0.62416, VaAcc: 0.7177, VaLoss:  0.84638	 20 sampled NNs | VaAcc: 0.5103 +- 0.0316 | VaLoss: 1.5260 +- 0.1043
343,  0 | TrAcc: 0.7889, TrLoss:  0.61189, VaAcc: 0.7101, VaLoss:  0.88509	 20 sampled NNs | VaAcc: 0.5065 +- 0.0309 | VaLoss: 1.5281 +- 0.1035
344,  0 | TrAcc: 0.7821, TrLoss:  0.62925, VaAcc: 0.7043, VaLoss:  0.90871	 20 sampled NNs | VaAcc: 0.4899 +- 0.0306 | VaLoss: 1.5838 +- 0.0974
345,  0 | TrAcc: 0.7841, TrLoss:  0.62885, VaAcc: 0.7057, VaLoss:  0.94631	 20 sampled NNs | VaAcc: 0.5015 +- 0.0267 | VaLoss: 1.5987 +- 0.0912
346,  0 | TrAcc: 0.7666, TrLoss:  0.66313, VaAcc: 0.7160, VaLoss:  0.88371	 20 sampled NNs | VaAcc: 0.5092 +- 0.0263 | VaLoss: 1.4860 +- 0.0716
347,  0 | TrAcc: 0.7888, TrLoss:  0.60301, VaAcc: 0.7063, VaLoss:  0.91075	 20 sampled NNs | VaAcc: 0.4911 +- 0.0294 | VaLoss: 1.6043 +- 0.0890
348,  0 | TrAcc: 0.7961, TrLoss:  0.58037, VaAcc: 0.7100, VaLoss:  0.89891	 20 sampled NNs | VaAcc: 0.5089 +- 0.0263 | VaLoss: 1.5138 +- 0.0855
349,  0 | TrAcc: 0.7841, TrLoss:  0.60527, VaAcc: 0.7065, VaLoss:  0.91165	 20 sampled NNs | VaAcc: 0.4969 +- 0.0255 | VaLoss: 1.5523 +- 0.1055
350,  0 | TrAcc: 0.7596, TrLoss:  0.65931, VaAcc: 0.7084, VaLoss:  0.88636	 20 sampled NNs | VaAcc: 0.4745 +- 0.0282 | VaLoss: 1.5965 +- 0.0770
351,  0 | TrAcc: 0.7787, TrLoss:  0.63300, VaAcc: 0.7114, VaLoss:  0.89796	 20 sampled NNs | VaAcc: 0.4917 +- 0.0257 | VaLoss: 1.5417 +- 0.0846
352,  0 | TrAcc: 0.7730, TrLoss:  0.63545, VaAcc: 0.7019, VaLoss:  0.91794	 20 sampled NNs | VaAcc: 0.5234 +- 0.0280 | VaLoss: 1.4655 +- 0.0813
353,  0 | TrAcc: 0.7908, TrLoss:  0.60080, VaAcc: 0.7112, VaLoss:  0.87947	 20 sampled NNs | VaAcc: 0.5018 +- 0.0347 | VaLoss: 1.5489 +- 0.1324
354,  0 | TrAcc: 0.7936, TrLoss:  0.60470, VaAcc: 0.7112, VaLoss:  0.88330	 20 sampled NNs | VaAcc: 0.5110 +- 0.0261 | VaLoss: 1.5149 +- 0.0997
355,  0 | TrAcc: 0.7746, TrLoss:      nan, VaAcc: 0.7043, VaLoss:      nan	 20 sampled NNs | VaAcc: 0.4851 +- 0.0295 | VaLoss: 1.6114 +- 0.0886
356,  0 | TrAcc: 0.7686, TrLoss:  0.66292, VaAcc: 0.7183, VaLoss:  0.86416	 20 sampled NNs | VaAcc: 0.5058 +- 0.0343 | VaLoss: 1.5202 +- 0.0855
357,  0 | TrAcc: 0.7807, TrLoss:  0.63981, VaAcc: 0.7159, VaLoss:  0.87281	 20 sampled NNs | VaAcc: 0.5042 +- 0.0334 | VaLoss: 1.5378 +- 0.1085
358,  0 | TrAcc: 0.7868, TrLoss:  0.62459, VaAcc: 0.7076, VaLoss:  0.89133	 20 sampled NNs | VaAcc: 0.5072 +- 0.0263 | VaLoss: 1.5491 +- 0.0851
359,  0 | TrAcc: 0.7817, TrLoss:  0.62232, VaAcc: 0.7008, VaLoss:  0.92884	 20 sampled NNs | VaAcc: 0.4974 +- 0.0260 | VaLoss: 1.5952 +- 0.1090
360,  0 | TrAcc: 0.7903, TrLoss:  0.61650, VaAcc: 0.7136, VaLoss:  0.88425	 20 sampled NNs | VaAcc: 0.5178 +- 0.0317 | VaLoss: 1.4925 +- 0.0993
361,  0 | TrAcc: 0.7859, TrLoss:  0.63338, VaAcc: 0.7107, VaLoss:  0.88007	 20 sampled NNs | VaAcc: 0.5169 +- 0.0297 | VaLoss: 1.5055 +- 0.0962
362,  0 | TrAcc: 0.7707, TrLoss:  0.65315, VaAcc: 0.7043, VaLoss:  0.90214	 20 sampled NNs | VaAcc: 0.4857 +- 0.0264 | VaLoss: 1.5877 +- 0.0828
363,  0 | TrAcc: 0.7890, TrLoss:  0.60474, VaAcc: 0.7056, VaLoss:  0.88888	 20 sampled NNs | VaAcc: 0.5010 +- 0.0318 | VaLoss: 1.5312 +- 0.0898
364,  0 | TrAcc: 0.7872, TrLoss:  0.60002, VaAcc: 0.7080, VaLoss:  0.90704	 20 sampled NNs | VaAcc: 0.5221 +- 0.0289 | VaLoss: 1.4963 +- 0.0742
365,  0 | TrAcc: 0.7663, TrLoss:  0.65591, VaAcc: 0.7055, VaLoss:  0.91778	 20 sampled NNs | VaAcc: 0.5078 +- 0.0236 | VaLoss: 1.4764 +- 0.0929
366,  0 | TrAcc: 0.7822, TrLoss:  0.60386, VaAcc: 0.7119, VaLoss:  0.90237	 20 sampled NNs | VaAcc: 0.5278 +- 0.0184 | VaLoss: 1.4997 +- 0.0662
367,  0 | TrAcc: 0.7580, TrLoss:  0.66680, VaAcc: 0.7022, VaLoss:  0.91784	 20 sampled NNs | VaAcc: 0.4955 +- 0.0250 | VaLoss: 1.5719 +- 0.0913
368,  0 | TrAcc: 0.7866, TrLoss:  0.62127, VaAcc: 0.7197, VaLoss:  0.86899	 20 sampled NNs | VaAcc: 0.5254 +- 0.0266 | VaLoss: 1.4591 +- 0.0817
369,  0 | TrAcc: 0.7901, TrLoss:  0.59212, VaAcc: 0.7209, VaLoss:  0.88187	 20 sampled NNs | VaAcc: 0.5226 +- 0.0249 | VaLoss: 1.4688 +- 0.0505
370,  0 | TrAcc: 0.7688, TrLoss:  0.66136, VaAcc: 0.7096, VaLoss:  0.88091	 20 sampled NNs | VaAcc: 0.5147 +- 0.0237 | VaLoss: 1.4901 +- 0.0737
371,  0 | TrAcc: 0.7866, TrLoss:  0.60211, VaAcc: 0.7153, VaLoss:  0.87440	 20 sampled NNs | VaAcc: 0.5022 +- 0.0246 | VaLoss: 1.5278 +- 0.0892
372,  0 | TrAcc: 0.7688, TrLoss:  0.65583, VaAcc: 0.7086, VaLoss:  0.89427	 20 sampled NNs | VaAcc: 0.4958 +- 0.0270 | VaLoss: 1.5646 +- 0.0849
373,  0 | TrAcc: 0.7796, TrLoss:  0.63079, VaAcc: 0.7116, VaLoss:  0.88640	 20 sampled NNs | VaAcc: 0.5169 +- 0.0201 | VaLoss: 1.5619 +- 0.0767
374,  0 | TrAcc: 0.7752, TrLoss:  0.64323, VaAcc: 0.6938, VaLoss:  0.92307	 20 sampled NNs | VaAcc: 0.4938 +- 0.0257 | VaLoss: 1.5700 +- 0.0956
375,  0 | TrAcc: 0.7844, TrLoss:  0.61752, VaAcc: 0.7110, VaLoss:  0.89986	 20 sampled NNs | VaAcc: 0.4782 +- 0.0314 | VaLoss: 1.5842 +- 0.1035
376,  0 | TrAcc: 0.7796, TrLoss:  0.62767, VaAcc: 0.7053, VaLoss:  0.87422	 20 sampled NNs | VaAcc: 0.5043 +- 0.0225 | VaLoss: 1.4932 +- 0.0838
377,  0 | TrAcc: 0.7766, TrLoss:  0.62876, VaAcc: 0.7062, VaLoss:  0.89560	 20 sampled NNs | VaAcc: 0.5083 +- 0.0286 | VaLoss: 1.5422 +- 0.1013
378,  0 | TrAcc: 0.8012, TrLoss:  0.57901, VaAcc: 0.7182, VaLoss:  0.86888	 20 sampled NNs | VaAcc: 0.5211 +- 0.0329 | VaLoss: 1.4942 +- 0.1146
379,  0 | TrAcc: 0.8032, TrLoss:  0.56812, VaAcc: 0.7162, VaLoss:  0.86894	 20 sampled NNs | VaAcc: 0.5327 +- 0.0316 | VaLoss: 1.4517 +- 0.0986
380,  0 | TrAcc: 0.7789, TrLoss:  0.64812, VaAcc: 0.7124, VaLoss:  0.89482	 20 sampled NNs | VaAcc: 0.5070 +- 0.0194 | VaLoss: 1.5567 +- 0.0938
381,  0 | TrAcc: 0.7891, TrLoss:  0.59055, VaAcc: 0.7122, VaLoss:  0.87174	 20 sampled NNs | VaAcc: 0.5009 +- 0.0327 | VaLoss: 1.5356 +- 0.0999
382,  0 | TrAcc: 0.7626, TrLoss:  0.67746, VaAcc: 0.7048, VaLoss:  0.90818	 20 sampled NNs | VaAcc: 0.5175 +- 0.0372 | VaLoss: 1.5035 +- 0.0928
383,  0 | TrAcc: 0.7890, TrLoss:  0.59528, VaAcc: 0.7122, VaLoss:  0.87679	 20 sampled NNs | VaAcc: 0.5148 +- 0.0190 | VaLoss: 1.4714 +- 0.0643
384,  0 | TrAcc: 0.8015, TrLoss:  0.55969, VaAcc: 0.7076, VaLoss:  0.89675	 20 sampled NNs | VaAcc: 0.5147 +- 0.0277 | VaLoss: 1.5010 +- 0.1216
385,  0 | TrAcc: 0.7974, TrLoss:  0.58528, VaAcc: 0.7130, VaLoss:  0.87486	 20 sampled NNs | VaAcc: 0.4941 +- 0.0318 | VaLoss: 1.5646 +- 0.1125
386,  0 | TrAcc: 0.7980, TrLoss:      nan, VaAcc: 0.7042, VaLoss:      nan	 20 sampled NNs | VaAcc: 0.5176 +- 0.0197 | VaLoss: 1.5394 +- 0.0855
387,  0 | TrAcc: 0.7991, TrLoss:  0.59642, VaAcc: 0.7038, VaLoss:  0.89264	 20 sampled NNs | VaAcc: 0.5070 +- 0.0291 | VaLoss: 1.5391 +- 0.0828
388,  0 | TrAcc: 0.7753, TrLoss:  0.63351, VaAcc: 0.7149, VaLoss:  0.88043	 20 sampled NNs | VaAcc: 0.5068 +- 0.0237 | VaLoss: 1.5224 +- 0.0876
389,  0 | TrAcc: 0.7767, TrLoss:  0.62198, VaAcc: 0.7161, VaLoss:  0.86363	 20 sampled NNs | VaAcc: 0.5252 +- 0.0235 | VaLoss: 1.4633 +- 0.0824
390,  0 | TrAcc: 0.8000, TrLoss:  0.57600, VaAcc: 0.7103, VaLoss:  0.87853	 20 sampled NNs | VaAcc: 0.5203 +- 0.0242 | VaLoss: 1.4716 +- 0.0783
391,  0 | TrAcc: 0.7762, TrLoss:  0.64110, VaAcc: 0.7047, VaLoss:  0.87149	 20 sampled NNs | VaAcc: 0.5052 +- 0.0225 | VaLoss: 1.5052 +- 0.0810
392,  0 | TrAcc: 0.7643, TrLoss:  0.67459, VaAcc: 0.7196, VaLoss:  0.85640	 20 sampled NNs | VaAcc: 0.5125 +- 0.0213 | VaLoss: 1.5360 +- 0.0665
393,  0 | TrAcc: 0.7693, TrLoss:  0.63994, VaAcc: 0.7024, VaLoss:  0.91846	 20 sampled NNs | VaAcc: 0.5306 +- 0.0273 | VaLoss: 1.4925 +- 0.0997
394,  0 | TrAcc: 0.8019, TrLoss:  0.56560, VaAcc: 0.7133, VaLoss:  0.86416	 20 sampled NNs | VaAcc: 0.5370 +- 0.0214 | VaLoss: 1.4574 +- 0.0659
395,  0 | TrAcc: 0.7808, TrLoss:  0.61367, VaAcc: 0.7108, VaLoss:  0.86838	 20 sampled NNs | VaAcc: 0.5227 +- 0.0302 | VaLoss: 1.4686 +- 0.1013
396,  0 | TrAcc: 0.7826, TrLoss:  0.61210, VaAcc: 0.7132, VaLoss:  0.88077	 20 sampled NNs | VaAcc: 0.5432 +- 0.0250 | VaLoss: 1.4231 +- 0.0891
397,  0 | TrAcc: 0.7613, TrLoss:  0.65499, VaAcc: 0.7160, VaLoss:  0.87275	 20 sampled NNs | VaAcc: 0.5125 +- 0.0250 | VaLoss: 1.5249 +- 0.0666
398,  0 | TrAcc: 0.7799, TrLoss:  0.62693, VaAcc: 0.7159, VaLoss:  0.89019	 20 sampled NNs | VaAcc: 0.5131 +- 0.0323 | VaLoss: 1.4937 +- 0.0833
399,  0 | TrAcc: 0.7861, TrLoss:  0.62919, VaAcc: 0.7156, VaLoss:  0.88442	 20 sampled NNs | VaAcc: 0.5202 +- 0.0214 | VaLoss: 1.4947 +- 0.0780
115732.31993
----------------------------
