

config:

HOME=/clusterFS/home/student/kopp13
PATH=/clusterFS/home/student/kopp13/miniconda3/envs/tensorflow/bin:/clusterFS/home/student/kopp13/miniconda3/bin:/clusterFS/home/student/kopp13/bin:/usr/local/bin:/usr/bin:/bin:/usr/local/games:/usr/games
LD_LIBRARY_PATH=
THEANO_FLAGS=floatX=float32,gpuarray.preallocate=0.9,dnn.library_path=/usr/lib/x86_64-linux-gnu,cxx=clang++-3.8,device=cuda,base_compiledir=/tmp/tmp.pUlGV2welv

=============================
CONFIG FILE

RNN CONFIG
{'data_multiplier': 1000,
 'gradient_clip_value': 0.5,
 'layer_configs': [{'layer_type': 'input'},
                   {'bc': {'init_m': 'xavier',
                           'init_v': -4.5,
                           'prior_m': 0.0,
                           'prior_v': 0.0,
                           'type': 'continuous'},
                    'bf': {'init_m': 'xavier',
                           'init_v': -4.5,
                           'prior_m': 0.0,
                           'prior_v': 0.0,
                           'type': 'continuous'},
                    'bi': {'init_m': 'xavier',
                           'init_v': -4.5,
                           'prior_m': 0.0,
                           'prior_v': 0.0,
                           'type': 'continuous'},
                    'bo': {'init_m': 'xavier',
                           'init_v': -4.5,
                           'prior_m': 0.0,
                           'prior_v': 0.0,
                           'type': 'continuous'},
                    'discrete_act': True,
                    'init_config': {'c': {'b': 'all_zero', 'w': 'xavier'},
                                    'f': {'b': 'all_one', 'w': 'all_zero'},
                                    'i': {'b': 'all_zero', 'w': 'xavier'},
                                    'o': {'b': 'all_zero', 'w': 'xavier'}},
                    'is_output': False,
                    'is_recurrent': True,
                    'layer_type': 'lstm',
                    'tau': 0.8,
                    'var_scope': 'lstm_0',
                    'wc': {'p0max': 0.95,
                           'p0min': 0.05,
                           'pmax': 0.99,
                           'pmin': 0.01,
                           'priors': [0.1, 0.8, 0.1],
                           'type': 'ternary'},
                    'wf': {'p0max': 0.95,
                           'p0min': 0.05,
                           'pmax': 0.99,
                           'pmin': 0.01,
                           'priors': [0.1, 0.8, 0.1],
                           'type': 'ternary'},
                    'wi': {'p0max': 0.95,
                           'p0min': 0.05,
                           'pmax': 0.99,
                           'pmin': 0.01,
                           'priors': [0.1, 0.8, 0.1],
                           'type': 'ternary'},
                    'wo': {'p0max': 0.95,
                           'p0min': 0.05,
                           'pmax': 0.99,
                           'pmin': 0.01,
                           'priors': [0.1, 0.8, 0.1],
                           'type': 'ternary'}},
                   {'bc': {'init_m': 'xavier',
                           'init_v': -4.5,
                           'prior_m': 0.0,
                           'prior_v': 0.0,
                           'type': 'continuous'},
                    'bf': {'init_m': 'xavier',
                           'init_v': -4.5,
                           'prior_m': 0.0,
                           'prior_v': 0.0,
                           'type': 'continuous'},
                    'bi': {'init_m': 'xavier',
                           'init_v': -4.5,
                           'prior_m': 0.0,
                           'prior_v': 0.0,
                           'type': 'continuous'},
                    'bo': {'init_m': 'xavier',
                           'init_v': -4.5,
                           'prior_m': 0.0,
                           'prior_v': 0.0,
                           'type': 'continuous'},
                    'discrete_act': True,
                    'init_config': {'c': {'b': 'all_zero', 'w': 'xavier'},
                                    'f': {'b': 'all_one', 'w': 'all_zero'},
                                    'i': {'b': 'all_zero', 'w': 'xavier'},
                                    'o': {'b': 'all_zero', 'w': 'xavier'}},
                    'is_output': False,
                    'is_recurrent': True,
                    'layer_type': 'lstm',
                    'tau': 0.8,
                    'var_scope': 'lstm_1',
                    'wc': {'p0max': 0.95,
                           'p0min': 0.05,
                           'pmax': 0.99,
                           'pmin': 0.01,
                           'priors': [0.1, 0.8, 0.1],
                           'type': 'ternary'},
                    'wf': {'p0max': 0.95,
                           'p0min': 0.05,
                           'pmax': 0.99,
                           'pmin': 0.01,
                           'priors': [0.1, 0.8, 0.1],
                           'type': 'ternary'},
                    'wi': {'p0max': 0.95,
                           'p0min': 0.05,
                           'pmax': 0.99,
                           'pmin': 0.01,
                           'priors': [0.1, 0.8, 0.1],
                           'type': 'ternary'},
                    'wo': {'p0max': 0.95,
                           'p0min': 0.05,
                           'pmax': 0.99,
                           'pmin': 0.01,
                           'priors': [0.1, 0.8, 0.1],
                           'type': 'ternary'}},
                   {'b': {'init_m': 'xavier',
                          'init_v': -4.5,
                          'prior_m': 0.0,
                          'prior_v': 0.0,
                          'type': 'continuous'},
                    'is_output': True,
                    'is_recurrent': False,
                    'layer_type': 'fc',
                    'regularization': {'mode': None, 'strength': 0.02},
                    'tau': 0.8,
                    'var_scope': 'output_layer',
                    'w': {'p0max': 0.95,
                          'p0min': 0.05,
                          'pmax': 0.99,
                          'pmin': 0.01,
                          'priors': [0.1, 0.8, 0.1],
                          'type': 'ternary'}}],
 'layout': [4, 60, 60, 10],
 'output_type': 'classification'}

DATA CONFIG
{'dataset': 'red_penstroke',
 'tr': {'in_seq_len': 30,
        'minibatch_enabled': True,
        'minibatch_size': 200,
        'out_seq_len': 5,
        'zero_padding': 20},
 'va': {'in_seq_len': 30,
        'minibatch_enabled': True,
        'minibatch_size': 200,
        'out_seq_len': 5,
        'zero_padding': 20}}

TRAINING CONFIG
{'beta_reg': 0.0,
 'is_pretrain': False,
 'learning_rate': 0.002,
 'mode': {'max_epochs': 400, 'min_error': 0.0, 'name': 'classic'},
 'task_id': 3,
 'type': 'l_sampling',
 'var_reg': 0.1}
==============================


  0,  0 | TrAcc: 0.1027, TrLoss:  2.67116, VaAcc: 0.1050, VaLoss:  2.65916	 20 sampled NNs | VaAcc: 0.1050 +- 0.0129 | VaLoss: 3.7299 +- 0.1358
  1,  0 | TrAcc: 0.1412, TrLoss:  2.25285, VaAcc: 0.1097, VaLoss:  2.33171	 20 sampled NNs | VaAcc: 0.1074 +- 0.0099 | VaLoss: 2.8254 +- 0.1093
  2,  0 | TrAcc: 0.2384, TrLoss:  2.07830, VaAcc: 0.2350, VaLoss:  2.09467	 20 sampled NNs | VaAcc: 0.1225 +- 0.0115 | VaLoss: 2.7001 +- 0.1001
  3,  0 | TrAcc: 0.2994, TrLoss:  1.82221, VaAcc: 0.3000, VaLoss:  1.84664	 20 sampled NNs | VaAcc: 0.1527 +- 0.0140 | VaLoss: 2.6039 +- 0.0976
  4,  0 | TrAcc: 0.3288, TrLoss:  1.75958, VaAcc: 0.3560, VaLoss:  1.71199	 20 sampled NNs | VaAcc: 0.1548 +- 0.0237 | VaLoss: 2.5939 +- 0.1174
  5,  0 | TrAcc: 0.3712, TrLoss:  1.65009, VaAcc: 0.3901, VaLoss:  1.65038	 20 sampled NNs | VaAcc: 0.1536 +- 0.0304 | VaLoss: 2.5463 +- 0.1902
  6,  0 | TrAcc: 0.4162, TrLoss:  1.56728, VaAcc: 0.4284, VaLoss:  1.56919	 20 sampled NNs | VaAcc: 0.1691 +- 0.0250 | VaLoss: 2.5416 +- 0.1340
  7,  0 | TrAcc: 0.4540, TrLoss:  1.49222, VaAcc: 0.4651, VaLoss:  1.49111	 20 sampled NNs | VaAcc: 0.1904 +- 0.0267 | VaLoss: 2.4467 +- 0.1365
  8,  0 | TrAcc: 0.5046, TrLoss:  1.37565, VaAcc: 0.4880, VaLoss:  1.44511	 20 sampled NNs | VaAcc: 0.1992 +- 0.0264 | VaLoss: 2.5087 +- 0.1198
  9,  0 | TrAcc: 0.4986, TrLoss:  1.39125, VaAcc: 0.5015, VaLoss:  1.40694	 20 sampled NNs | VaAcc: 0.1932 +- 0.0301 | VaLoss: 2.5065 +- 0.1137
 10,  0 | TrAcc: 0.5026, TrLoss:  1.34711, VaAcc: 0.4867, VaLoss:  1.42167	 20 sampled NNs | VaAcc: 0.2055 +- 0.0311 | VaLoss: 2.4655 +- 0.1557
 11,  0 | TrAcc: 0.5285, TrLoss:  1.26950, VaAcc: 0.5176, VaLoss:  1.36508	 20 sampled NNs | VaAcc: 0.2116 +- 0.0377 | VaLoss: 2.4175 +- 0.1646
 12,  0 | TrAcc: 0.5661, TrLoss:  1.19968, VaAcc: 0.5112, VaLoss:  1.41034	 20 sampled NNs | VaAcc: 0.2378 +- 0.0380 | VaLoss: 2.4103 +- 0.1234
 13,  0 | TrAcc: 0.5417, TrLoss:  1.29117, VaAcc: 0.5336, VaLoss:  1.33492	 20 sampled NNs | VaAcc: 0.1909 +- 0.0336 | VaLoss: 2.4861 +- 0.1487
 14,  0 | TrAcc: 0.5623, TrLoss:  1.23985, VaAcc: 0.5598, VaLoss:  1.27727	 20 sampled NNs | VaAcc: 0.2375 +- 0.0448 | VaLoss: 2.2786 +- 0.1730
 15,  0 | TrAcc: 0.5523, TrLoss:  1.24421, VaAcc: 0.5489, VaLoss:  1.30325	 20 sampled NNs | VaAcc: 0.2161 +- 0.0269 | VaLoss: 2.3882 +- 0.1320
 16,  0 | TrAcc: 0.5701, TrLoss:  1.23075, VaAcc: 0.5613, VaLoss:  1.27943	 20 sampled NNs | VaAcc: 0.2170 +- 0.0246 | VaLoss: 2.3970 +- 0.1407
 17,  0 | TrAcc: 0.5848, TrLoss:  1.19468, VaAcc: 0.5764, VaLoss:  1.25858	 20 sampled NNs | VaAcc: 0.2306 +- 0.0310 | VaLoss: 2.3862 +- 0.1427
 18,  0 | TrAcc: 0.5943, TrLoss:  1.16548, VaAcc: 0.5720, VaLoss:  1.22959	 20 sampled NNs | VaAcc: 0.2469 +- 0.0435 | VaLoss: 2.3130 +- 0.1554
 19,  0 | TrAcc: 0.6192, TrLoss:  1.09342, VaAcc: 0.5791, VaLoss:  1.25843	 20 sampled NNs | VaAcc: 0.2283 +- 0.0364 | VaLoss: 2.3629 +- 0.1635
 20,  0 | TrAcc: 0.6013, TrLoss:  1.15694, VaAcc: 0.5996, VaLoss:  1.20744	 20 sampled NNs | VaAcc: 0.2462 +- 0.0294 | VaLoss: 2.2839 +- 0.1374
 21,  0 | TrAcc: 0.6026, TrLoss:  1.11263, VaAcc: 0.5978, VaLoss:  1.19637	 20 sampled NNs | VaAcc: 0.2384 +- 0.0318 | VaLoss: 2.3914 +- 0.1724
 22,  0 | TrAcc: 0.6276, TrLoss:  1.02688, VaAcc: 0.6092, VaLoss:  1.19106	 20 sampled NNs | VaAcc: 0.2182 +- 0.0365 | VaLoss: 2.4962 +- 0.1974
 23,  0 | TrAcc: 0.5977, TrLoss:  1.13156, VaAcc: 0.6005, VaLoss:  1.20519	 20 sampled NNs | VaAcc: 0.2710 +- 0.0353 | VaLoss: 2.2530 +- 0.1678
 24,  0 | TrAcc: 0.6106, TrLoss:  1.13734, VaAcc: 0.6071, VaLoss:  1.20207	 20 sampled NNs | VaAcc: 0.2354 +- 0.0317 | VaLoss: 2.3382 +- 0.1209
 25,  0 | TrAcc: 0.6252, TrLoss:  1.06132, VaAcc: 0.5944, VaLoss:  1.19247	 20 sampled NNs | VaAcc: 0.2622 +- 0.0344 | VaLoss: 2.2303 +- 0.1116
 26,  0 | TrAcc: 0.6358, TrLoss:  1.04536, VaAcc: 0.6263, VaLoss:  1.13979	 20 sampled NNs | VaAcc: 0.2578 +- 0.0373 | VaLoss: 2.2706 +- 0.1487
 27,  0 | TrAcc: 0.6640, TrLoss:  0.97399, VaAcc: 0.6311, VaLoss:  1.14209	 20 sampled NNs | VaAcc: 0.2689 +- 0.0260 | VaLoss: 2.2998 +- 0.1394
 28,  0 | TrAcc: 0.6413, TrLoss:  1.03422, VaAcc: 0.6389, VaLoss:  1.12643	 20 sampled NNs | VaAcc: 0.2541 +- 0.0360 | VaLoss: 2.2809 +- 0.1542
 29,  0 | TrAcc: 0.6571, TrLoss:  0.97153, VaAcc: 0.6273, VaLoss:  1.12892	 20 sampled NNs | VaAcc: 0.2645 +- 0.0335 | VaLoss: 2.2629 +- 0.1656
 30,  0 | TrAcc: 0.6718, TrLoss:  0.91695, VaAcc: 0.6269, VaLoss:  1.13251	 20 sampled NNs | VaAcc: 0.2815 +- 0.0506 | VaLoss: 2.1796 +- 0.1677
 31,  0 | TrAcc: 0.6719, TrLoss:  0.96294, VaAcc: 0.6362, VaLoss:  1.08459	 20 sampled NNs | VaAcc: 0.2847 +- 0.0410 | VaLoss: 2.1963 +- 0.1640
 32,  0 | TrAcc: 0.6699, TrLoss:  0.95212, VaAcc: 0.6231, VaLoss:  1.11684	 20 sampled NNs | VaAcc: 0.2813 +- 0.0303 | VaLoss: 2.1449 +- 0.1415
 33,  0 | TrAcc: 0.6573, TrLoss:  0.99471, VaAcc: 0.6501, VaLoss:  1.06961	 20 sampled NNs | VaAcc: 0.2818 +- 0.0428 | VaLoss: 2.1474 +- 0.1327
 34,  0 | TrAcc: 0.6799, TrLoss:  0.94838, VaAcc: 0.6562, VaLoss:  1.05067	 20 sampled NNs | VaAcc: 0.2976 +- 0.0420 | VaLoss: 2.1584 +- 0.1685
 35,  0 | TrAcc: 0.6637, TrLoss:  0.98459, VaAcc: 0.6422, VaLoss:  1.06213	 20 sampled NNs | VaAcc: 0.3052 +- 0.0504 | VaLoss: 2.1487 +- 0.1875
 36,  0 | TrAcc: 0.6874, TrLoss:  0.89649, VaAcc: 0.6352, VaLoss:  1.10155	 20 sampled NNs | VaAcc: 0.3076 +- 0.0388 | VaLoss: 2.0711 +- 0.1336
 37,  0 | TrAcc: 0.6665, TrLoss:  0.98786, VaAcc: 0.6410, VaLoss:  1.08406	 20 sampled NNs | VaAcc: 0.3274 +- 0.0342 | VaLoss: 1.9754 +- 0.1453
 38,  0 | TrAcc: 0.6655, TrLoss:  0.95928, VaAcc: 0.6295, VaLoss:  1.10595	 20 sampled NNs | VaAcc: 0.3217 +- 0.0365 | VaLoss: 2.0747 +- 0.1354
 39,  0 | TrAcc: 0.6775, TrLoss:  0.93995, VaAcc: 0.6436, VaLoss:  1.07900	 20 sampled NNs | VaAcc: 0.3202 +- 0.0418 | VaLoss: 2.0807 +- 0.1575
 40,  0 | TrAcc: 0.6897, TrLoss:  0.87319, VaAcc: 0.6525, VaLoss:  1.05732	 20 sampled NNs | VaAcc: 0.3205 +- 0.0408 | VaLoss: 2.0875 +- 0.1717
 41,  0 | TrAcc: 0.6876, TrLoss:  0.92533, VaAcc: 0.6489, VaLoss:  1.06177	 20 sampled NNs | VaAcc: 0.3150 +- 0.0367 | VaLoss: 2.0761 +- 0.1154
 42,  0 | TrAcc: 0.6599, TrLoss:  0.97841, VaAcc: 0.6602, VaLoss:  1.02527	 20 sampled NNs | VaAcc: 0.3081 +- 0.0425 | VaLoss: 2.0639 +- 0.1474
 43,  0 | TrAcc: 0.6809, TrLoss:  0.90330, VaAcc: 0.6581, VaLoss:  1.03055	 20 sampled NNs | VaAcc: 0.3472 +- 0.0353 | VaLoss: 1.9593 +- 0.1078
 44,  0 | TrAcc: 0.6759, TrLoss:  0.94183, VaAcc: 0.6604, VaLoss:  1.04582	 20 sampled NNs | VaAcc: 0.3483 +- 0.0309 | VaLoss: 1.9166 +- 0.0886
 45,  0 | TrAcc: 0.6667, TrLoss:  0.96560, VaAcc: 0.6427, VaLoss:  1.03724	 20 sampled NNs | VaAcc: 0.3456 +- 0.0359 | VaLoss: 1.9421 +- 0.1120
 46,  0 | TrAcc: 0.6845, TrLoss:  0.92931, VaAcc: 0.6534, VaLoss:  1.00820	 20 sampled NNs | VaAcc: 0.3010 +- 0.0388 | VaLoss: 2.0392 +- 0.1456
 47,  0 | TrAcc: 0.6744, TrLoss:  0.94062, VaAcc: 0.6710, VaLoss:  0.99180	 20 sampled NNs | VaAcc: 0.3425 +- 0.0243 | VaLoss: 1.9849 +- 0.0876
 48,  0 | TrAcc: 0.6973, TrLoss:  0.88037, VaAcc: 0.6571, VaLoss:  1.03503	 20 sampled NNs | VaAcc: 0.3291 +- 0.0284 | VaLoss: 2.0158 +- 0.1047
 49,  0 | TrAcc: 0.7066, TrLoss:  0.84885, VaAcc: 0.6550, VaLoss:  1.03432	 20 sampled NNs | VaAcc: 0.3373 +- 0.0296 | VaLoss: 1.9442 +- 0.1176
 50,  0 | TrAcc: 0.7163, TrLoss:  0.84004, VaAcc: 0.6572, VaLoss:  1.00261	 20 sampled NNs | VaAcc: 0.3518 +- 0.0319 | VaLoss: 1.9328 +- 0.1439
 51,  0 | TrAcc: 0.6955, TrLoss:  0.88184, VaAcc: 0.6591, VaLoss:  1.03783	 20 sampled NNs | VaAcc: 0.3388 +- 0.0440 | VaLoss: 1.9887 +- 0.1737
 52,  0 | TrAcc: 0.6865, TrLoss:  0.91920, VaAcc: 0.6538, VaLoss:  1.03650	 20 sampled NNs | VaAcc: 0.3232 +- 0.0455 | VaLoss: 2.0403 +- 0.1549
 53,  0 | TrAcc: 0.6948, TrLoss:  0.86311, VaAcc: 0.6588, VaLoss:  1.01258	 20 sampled NNs | VaAcc: 0.3588 +- 0.0392 | VaLoss: 1.8765 +- 0.1168
 54,  0 | TrAcc: 0.6942, TrLoss:  0.86884, VaAcc: 0.6600, VaLoss:  1.01025	 20 sampled NNs | VaAcc: 0.3378 +- 0.0354 | VaLoss: 1.9608 +- 0.1685
 55,  0 | TrAcc: 0.7022, TrLoss:  0.85571, VaAcc: 0.6703, VaLoss:  0.99869	 20 sampled NNs | VaAcc: 0.3642 +- 0.0294 | VaLoss: 1.9024 +- 0.0859
 56,  0 | TrAcc: 0.7131, TrLoss:  0.81975, VaAcc: 0.6647, VaLoss:  1.00702	 20 sampled NNs | VaAcc: 0.3480 +- 0.0363 | VaLoss: 1.9673 +- 0.1255
 57,  0 | TrAcc: 0.6997, TrLoss:  0.87812, VaAcc: 0.6815, VaLoss:  0.98769	 20 sampled NNs | VaAcc: 0.3682 +- 0.0319 | VaLoss: 1.8504 +- 0.1024
 58,  0 | TrAcc: 0.6962, TrLoss:  0.89002, VaAcc: 0.6609, VaLoss:  1.00914	 20 sampled NNs | VaAcc: 0.3567 +- 0.0335 | VaLoss: 1.9014 +- 0.1089
 59,  0 | TrAcc: 0.7199, TrLoss:  0.81108, VaAcc: 0.6718, VaLoss:  1.00688	 20 sampled NNs | VaAcc: 0.3782 +- 0.0309 | VaLoss: 1.8867 +- 0.1222
 60,  0 | TrAcc: 0.7080, TrLoss:  0.84301, VaAcc: 0.6591, VaLoss:  1.01846	 20 sampled NNs | VaAcc: 0.3708 +- 0.0397 | VaLoss: 1.9245 +- 0.1375
 61,  0 | TrAcc: 0.7073, TrLoss:  0.83358, VaAcc: 0.6609, VaLoss:  1.04144	 20 sampled NNs | VaAcc: 0.3702 +- 0.0378 | VaLoss: 1.8580 +- 0.1170
 62,  0 | TrAcc: 0.7191, TrLoss:  0.82775, VaAcc: 0.6662, VaLoss:  1.00801	 20 sampled NNs | VaAcc: 0.3529 +- 0.0367 | VaLoss: 1.8631 +- 0.1312
 63,  0 | TrAcc: 0.7031, TrLoss:  0.87238, VaAcc: 0.6627, VaLoss:  0.99635	 20 sampled NNs | VaAcc: 0.3700 +- 0.0333 | VaLoss: 1.8415 +- 0.1234
 64,  0 | TrAcc: 0.7231, TrLoss:  0.80731, VaAcc: 0.6569, VaLoss:  1.02115	 20 sampled NNs | VaAcc: 0.3741 +- 0.0345 | VaLoss: 1.8522 +- 0.1401
 65,  0 | TrAcc: 0.7052, TrLoss:  0.84195, VaAcc: 0.6665, VaLoss:  0.97759	 20 sampled NNs | VaAcc: 0.3691 +- 0.0401 | VaLoss: 1.8585 +- 0.1258
 66,  0 | TrAcc: 0.6842, TrLoss:  0.91256, VaAcc: 0.6795, VaLoss:  0.97165	 20 sampled NNs | VaAcc: 0.3917 +- 0.0439 | VaLoss: 1.8136 +- 0.1442
 67,  0 | TrAcc: 0.7274, TrLoss:  0.80080, VaAcc: 0.6700, VaLoss:  1.01889	 20 sampled NNs | VaAcc: 0.3936 +- 0.0374 | VaLoss: 1.8222 +- 0.1232
 68,  0 | TrAcc: 0.7328, TrLoss:  0.77458, VaAcc: 0.6626, VaLoss:  1.01770	 20 sampled NNs | VaAcc: 0.3636 +- 0.0293 | VaLoss: 1.9096 +- 0.1000
 69,  0 | TrAcc: 0.7229, TrLoss:  0.82521, VaAcc: 0.6547, VaLoss:  1.04147	 20 sampled NNs | VaAcc: 0.3949 +- 0.0254 | VaLoss: 1.8232 +- 0.0999
 70,  0 | TrAcc: 0.7086, TrLoss:  0.84661, VaAcc: 0.6786, VaLoss:  0.99242	 20 sampled NNs | VaAcc: 0.3848 +- 0.0406 | VaLoss: 1.8645 +- 0.1551
 71,  0 | TrAcc: 0.7083, TrLoss:  0.84363, VaAcc: 0.6619, VaLoss:  0.98879	 20 sampled NNs | VaAcc: 0.3843 +- 0.0325 | VaLoss: 1.8137 +- 0.0901
 72,  0 | TrAcc: 0.7124, TrLoss:  0.81113, VaAcc: 0.6706, VaLoss:  0.98625	 20 sampled NNs | VaAcc: 0.3877 +- 0.0347 | VaLoss: 1.8191 +- 0.1116
 73,  0 | TrAcc: 0.7295, TrLoss:  0.76480, VaAcc: 0.6709, VaLoss:  0.99205	 20 sampled NNs | VaAcc: 0.3648 +- 0.0403 | VaLoss: 1.9130 +- 0.1550
 74,  0 | TrAcc: 0.7153, TrLoss:  0.82758, VaAcc: 0.6748, VaLoss:  1.01359	 20 sampled NNs | VaAcc: 0.3960 +- 0.0349 | VaLoss: 1.7850 +- 0.1002
 75,  0 | TrAcc: 0.7097, TrLoss:  0.83877, VaAcc: 0.6640, VaLoss:  1.01122	 20 sampled NNs | VaAcc: 0.3818 +- 0.0289 | VaLoss: 1.8546 +- 0.1214
 76,  0 | TrAcc: 0.7202, TrLoss:  0.82803, VaAcc: 0.6739, VaLoss:  0.99067	 20 sampled NNs | VaAcc: 0.3939 +- 0.0475 | VaLoss: 1.7987 +- 0.1166
 77,  0 | TrAcc: 0.7172, TrLoss:  0.80899, VaAcc: 0.6683, VaLoss:  1.00489	 20 sampled NNs | VaAcc: 0.3777 +- 0.0326 | VaLoss: 1.8526 +- 0.0782
 78,  0 | TrAcc: 0.6962, TrLoss:  0.85901, VaAcc: 0.6512, VaLoss:  1.02089	 20 sampled NNs | VaAcc: 0.3666 +- 0.0279 | VaLoss: 1.9080 +- 0.1187
 79,  0 | TrAcc: 0.7168, TrLoss:  0.83516, VaAcc: 0.6625, VaLoss:  1.00457	 20 sampled NNs | VaAcc: 0.3938 +- 0.0277 | VaLoss: 1.7842 +- 0.1033
 80,  0 | TrAcc: 0.7312, TrLoss:  0.77792, VaAcc: 0.6817, VaLoss:  0.96843	 20 sampled NNs | VaAcc: 0.4129 +- 0.0403 | VaLoss: 1.7455 +- 0.1227
 81,  0 | TrAcc: 0.7186, TrLoss:  0.80100, VaAcc: 0.6917, VaLoss:  0.96239	 20 sampled NNs | VaAcc: 0.4004 +- 0.0266 | VaLoss: 1.7658 +- 0.0904
 82,  0 | TrAcc: 0.7362, TrLoss:  0.74768, VaAcc: 0.6778, VaLoss:  0.98960	 20 sampled NNs | VaAcc: 0.4157 +- 0.0299 | VaLoss: 1.7456 +- 0.0898
 83,  0 | TrAcc: 0.7045, TrLoss:  0.82885, VaAcc: 0.6748, VaLoss:  0.98164	 20 sampled NNs | VaAcc: 0.4135 +- 0.0375 | VaLoss: 1.7463 +- 0.0900
 84,  0 | TrAcc: 0.7248, TrLoss:  0.79805, VaAcc: 0.6677, VaLoss:  1.00780	 20 sampled NNs | VaAcc: 0.4132 +- 0.0256 | VaLoss: 1.7481 +- 0.0761
 85,  0 | TrAcc: 0.7199, TrLoss:  0.81463, VaAcc: 0.6563, VaLoss:  1.03317	 20 sampled NNs | VaAcc: 0.3917 +- 0.0320 | VaLoss: 1.7674 +- 0.1113
 86,  0 | TrAcc: 0.7242, TrLoss:  0.77912, VaAcc: 0.6722, VaLoss:  1.00324	 20 sampled NNs | VaAcc: 0.3807 +- 0.0308 | VaLoss: 1.8813 +- 0.0946
 87,  0 | TrAcc: 0.7271, TrLoss:  0.79487, VaAcc: 0.6851, VaLoss:  0.96391	 20 sampled NNs | VaAcc: 0.4234 +- 0.0294 | VaLoss: 1.7006 +- 0.0757
 88,  0 | TrAcc: 0.7346, TrLoss:  0.78334, VaAcc: 0.6847, VaLoss:  0.96787	 20 sampled NNs | VaAcc: 0.3996 +- 0.0307 | VaLoss: 1.7512 +- 0.1179
 89,  0 | TrAcc: 0.7358, TrLoss:  0.75763, VaAcc: 0.6807, VaLoss:  0.97455	 20 sampled NNs | VaAcc: 0.4118 +- 0.0338 | VaLoss: 1.7527 +- 0.1016
 90,  0 | TrAcc: 0.7185, TrLoss:  0.81620, VaAcc: 0.6914, VaLoss:  0.94139	 20 sampled NNs | VaAcc: 0.4099 +- 0.0294 | VaLoss: 1.7655 +- 0.0876
 91,  0 | TrAcc: 0.7270, TrLoss:  0.77317, VaAcc: 0.6828, VaLoss:  0.95918	 20 sampled NNs | VaAcc: 0.4126 +- 0.0253 | VaLoss: 1.7448 +- 0.0923
 92,  0 | TrAcc: 0.7206, TrLoss:  0.80456, VaAcc: 0.6820, VaLoss:  0.95390	 20 sampled NNs | VaAcc: 0.3837 +- 0.0335 | VaLoss: 1.8121 +- 0.1001
 93,  0 | TrAcc: 0.7403, TrLoss:  0.75371, VaAcc: 0.6845, VaLoss:  0.97809	 20 sampled NNs | VaAcc: 0.4161 +- 0.0207 | VaLoss: 1.7005 +- 0.0776
 94,  0 | TrAcc: 0.7337, TrLoss:  0.77048, VaAcc: 0.6837, VaLoss:  0.96387	 20 sampled NNs | VaAcc: 0.4341 +- 0.0286 | VaLoss: 1.6940 +- 0.0782
 95,  0 | TrAcc: 0.7358, TrLoss:  0.74696, VaAcc: 0.6886, VaLoss:  0.94203	 20 sampled NNs | VaAcc: 0.4340 +- 0.0353 | VaLoss: 1.6934 +- 0.0956
 96,  0 | TrAcc: 0.7299, TrLoss:  0.78376, VaAcc: 0.6889, VaLoss:  0.93719	 20 sampled NNs | VaAcc: 0.4207 +- 0.0263 | VaLoss: 1.7194 +- 0.0874
 97,  0 | TrAcc: 0.7299, TrLoss:  0.77467, VaAcc: 0.6803, VaLoss:  0.95820	 20 sampled NNs | VaAcc: 0.4219 +- 0.0281 | VaLoss: 1.7106 +- 0.0925
 98,  0 | TrAcc: 0.7320, TrLoss:  0.78463, VaAcc: 0.6919, VaLoss:  0.93532	 20 sampled NNs | VaAcc: 0.4249 +- 0.0198 | VaLoss: 1.6928 +- 0.0758
 99,  0 | TrAcc: 0.7318, TrLoss:  0.77262, VaAcc: 0.6904, VaLoss:  0.92419	 20 sampled NNs | VaAcc: 0.4197 +- 0.0333 | VaLoss: 1.7055 +- 0.0924
100,  0 | TrAcc: 0.7197, TrLoss:  0.78882, VaAcc: 0.6916, VaLoss:  0.94516	 20 sampled NNs | VaAcc: 0.4353 +- 0.0306 | VaLoss: 1.6592 +- 0.0843
101,  0 | TrAcc: 0.7454, TrLoss:  0.73933, VaAcc: 0.6903, VaLoss:  0.95163	 20 sampled NNs | VaAcc: 0.4299 +- 0.0264 | VaLoss: 1.6645 +- 0.0827
102,  0 | TrAcc: 0.7367, TrLoss:  0.78600, VaAcc: 0.6911, VaLoss:  0.95003	 20 sampled NNs | VaAcc: 0.4327 +- 0.0283 | VaLoss: 1.6839 +- 0.1101
103,  0 | TrAcc: 0.7388, TrLoss:  0.75151, VaAcc: 0.6854, VaLoss:  0.93802	 20 sampled NNs | VaAcc: 0.4100 +- 0.0324 | VaLoss: 1.7426 +- 0.1223
104,  0 | TrAcc: 0.7438, TrLoss:  0.74110, VaAcc: 0.6885, VaLoss:  0.93963	 20 sampled NNs | VaAcc: 0.4402 +- 0.0287 | VaLoss: 1.6510 +- 0.0703
105,  0 | TrAcc: 0.7350, TrLoss:  0.78222, VaAcc: 0.6848, VaLoss:  0.95682	 20 sampled NNs | VaAcc: 0.4457 +- 0.0340 | VaLoss: 1.6798 +- 0.0942
106,  0 | TrAcc: 0.7367, TrLoss:  0.77717, VaAcc: 0.7066, VaLoss:  0.91849	 20 sampled NNs | VaAcc: 0.4114 +- 0.0328 | VaLoss: 1.7334 +- 0.1178
107,  0 | TrAcc: 0.7237, TrLoss:  0.78971, VaAcc: 0.6980, VaLoss:  0.91885	 20 sampled NNs | VaAcc: 0.4147 +- 0.0348 | VaLoss: 1.7402 +- 0.1189
108,  0 | TrAcc: 0.7205, TrLoss:  0.79167, VaAcc: 0.6891, VaLoss:  0.93411	 20 sampled NNs | VaAcc: 0.4467 +- 0.0328 | VaLoss: 1.6263 +- 0.0918
109,  0 | TrAcc: 0.7398, TrLoss:  0.75085, VaAcc: 0.6772, VaLoss:  0.95424	 20 sampled NNs | VaAcc: 0.4263 +- 0.0199 | VaLoss: 1.6713 +- 0.0720
110,  0 | TrAcc: 0.7325, TrLoss:  0.77098, VaAcc: 0.6931, VaLoss:  0.92603	 20 sampled NNs | VaAcc: 0.4347 +- 0.0304 | VaLoss: 1.6775 +- 0.0995
111,  0 | TrAcc: 0.7394, TrLoss:  0.74789, VaAcc: 0.7008, VaLoss:  0.90952	 20 sampled NNs | VaAcc: 0.4286 +- 0.0252 | VaLoss: 1.6575 +- 0.0709
112,  0 | TrAcc: 0.7534, TrLoss:  0.72524, VaAcc: 0.6918, VaLoss:  0.94153	 20 sampled NNs | VaAcc: 0.4558 +- 0.0305 | VaLoss: 1.6376 +- 0.0716
113,  0 | TrAcc: 0.7240, TrLoss:  0.78966, VaAcc: 0.6741, VaLoss:  0.97734	 20 sampled NNs | VaAcc: 0.4263 +- 0.0219 | VaLoss: 1.7117 +- 0.0549
114,  0 | TrAcc: 0.7379, TrLoss:  0.75977, VaAcc: 0.6770, VaLoss:  0.97467	 20 sampled NNs | VaAcc: 0.4418 +- 0.0322 | VaLoss: 1.6536 +- 0.0722
115,  0 | TrAcc: 0.7382, TrLoss:  0.75071, VaAcc: 0.6865, VaLoss:  0.95951	 20 sampled NNs | VaAcc: 0.4342 +- 0.0258 | VaLoss: 1.7192 +- 0.0682
116,  0 | TrAcc: 0.7275, TrLoss:  0.78070, VaAcc: 0.6912, VaLoss:  0.94440	 20 sampled NNs | VaAcc: 0.4428 +- 0.0273 | VaLoss: 1.6192 +- 0.0796
117,  0 | TrAcc: 0.7447, TrLoss:  0.73987, VaAcc: 0.6925, VaLoss:  0.91753	 20 sampled NNs | VaAcc: 0.4382 +- 0.0405 | VaLoss: 1.6347 +- 0.1020
118,  0 | TrAcc: 0.7228, TrLoss:  0.78154, VaAcc: 0.6790, VaLoss:  0.95172	 20 sampled NNs | VaAcc: 0.4443 +- 0.0337 | VaLoss: 1.6283 +- 0.1028
119,  0 | TrAcc: 0.7294, TrLoss:  0.75238, VaAcc: 0.6868, VaLoss:  0.93331	 20 sampled NNs | VaAcc: 0.4380 +- 0.0354 | VaLoss: 1.6542 +- 0.1002
120,  0 | TrAcc: 0.7454, TrLoss:  0.75147, VaAcc: 0.6940, VaLoss:  0.93421	 20 sampled NNs | VaAcc: 0.4516 +- 0.0294 | VaLoss: 1.6046 +- 0.0835
121,  0 | TrAcc: 0.7234, TrLoss:  0.78318, VaAcc: 0.6857, VaLoss:  0.93809	 20 sampled NNs | VaAcc: 0.4339 +- 0.0331 | VaLoss: 1.6583 +- 0.1004
122,  0 | TrAcc: 0.7416, TrLoss:  0.76341, VaAcc: 0.6951, VaLoss:  0.94590	 20 sampled NNs | VaAcc: 0.4325 +- 0.0338 | VaLoss: 1.7145 +- 0.1046
123,  0 | TrAcc: 0.7548, TrLoss:  0.70621, VaAcc: 0.6985, VaLoss:  0.91197	 20 sampled NNs | VaAcc: 0.4426 +- 0.0282 | VaLoss: 1.6354 +- 0.0825
124,  0 | TrAcc: 0.7375, TrLoss:  0.75668, VaAcc: 0.6956, VaLoss:  0.93913	 20 sampled NNs | VaAcc: 0.4385 +- 0.0378 | VaLoss: 1.6345 +- 0.1142
125,  0 | TrAcc: 0.7383, TrLoss:  0.73235, VaAcc: 0.6742, VaLoss:  0.98630	 20 sampled NNs | VaAcc: 0.4264 +- 0.0355 | VaLoss: 1.7047 +- 0.1038
126,  0 | TrAcc: 0.7284, TrLoss:  0.78004, VaAcc: 0.6848, VaLoss:  0.94331	 20 sampled NNs | VaAcc: 0.4524 +- 0.0357 | VaLoss: 1.6255 +- 0.1169
127,  0 | TrAcc: 0.7348, TrLoss:  0.75363, VaAcc: 0.6845, VaLoss:  0.96378	 20 sampled NNs | VaAcc: 0.4307 +- 0.0258 | VaLoss: 1.6953 +- 0.0844
128,  0 | TrAcc: 0.7462, TrLoss:  0.74173, VaAcc: 0.6762, VaLoss:  0.96644	 20 sampled NNs | VaAcc: 0.4276 +- 0.0384 | VaLoss: 1.6776 +- 0.1074
129,  0 | TrAcc: 0.7363, TrLoss:  0.74123, VaAcc: 0.6857, VaLoss:  0.94078	 20 sampled NNs | VaAcc: 0.4666 +- 0.0366 | VaLoss: 1.5903 +- 0.1056
130,  0 | TrAcc: 0.7483, TrLoss:  0.72786, VaAcc: 0.6872, VaLoss:  0.92955	 20 sampled NNs | VaAcc: 0.4539 +- 0.0212 | VaLoss: 1.6224 +- 0.0819
131,  0 | TrAcc: 0.7333, TrLoss:  0.76481, VaAcc: 0.6799, VaLoss:  0.95489	 20 sampled NNs | VaAcc: 0.4334 +- 0.0255 | VaLoss: 1.6919 +- 0.0758
132,  0 | TrAcc: 0.7425, TrLoss:  0.72141, VaAcc: 0.6917, VaLoss:  0.92759	 20 sampled NNs | VaAcc: 0.4282 +- 0.0275 | VaLoss: 1.7159 +- 0.0903
133,  0 | TrAcc: 0.7356, TrLoss:  0.76324, VaAcc: 0.6931, VaLoss:  0.93395	 20 sampled NNs | VaAcc: 0.4637 +- 0.0296 | VaLoss: 1.5697 +- 0.1024
134,  0 | TrAcc: 0.7461, TrLoss:  0.73693, VaAcc: 0.7020, VaLoss:  0.91708	 20 sampled NNs | VaAcc: 0.4486 +- 0.0230 | VaLoss: 1.6343 +- 0.0666
135,  0 | TrAcc: 0.7405, TrLoss:  0.74789, VaAcc: 0.6891, VaLoss:  0.93891	 20 sampled NNs | VaAcc: 0.4163 +- 0.0325 | VaLoss: 1.7160 +- 0.1002
136,  0 | TrAcc: 0.7373, TrLoss:  0.77582, VaAcc: 0.7047, VaLoss:  0.90303	 20 sampled NNs | VaAcc: 0.4393 +- 0.0289 | VaLoss: 1.6696 +- 0.1151
137,  0 | TrAcc: 0.7152, TrLoss:  0.79184, VaAcc: 0.6849, VaLoss:  0.95966	 20 sampled NNs | VaAcc: 0.4533 +- 0.0295 | VaLoss: 1.6160 +- 0.0927
138,  0 | TrAcc: 0.7369, TrLoss:  0.77566, VaAcc: 0.6794, VaLoss:  0.97234	 20 sampled NNs | VaAcc: 0.4464 +- 0.0272 | VaLoss: 1.6941 +- 0.0933
139,  0 | TrAcc: 0.7428, TrLoss:  0.74846, VaAcc: 0.6883, VaLoss:  0.92949	 20 sampled NNs | VaAcc: 0.4453 +- 0.0251 | VaLoss: 1.6623 +- 0.0816
140,  0 | TrAcc: 0.7504, TrLoss:  0.73237, VaAcc: 0.6984, VaLoss:  0.91850	 20 sampled NNs | VaAcc: 0.4611 +- 0.0279 | VaLoss: 1.6179 +- 0.0899
141,  0 | TrAcc: 0.7483, TrLoss:  0.73571, VaAcc: 0.6909, VaLoss:  0.92916	 20 sampled NNs | VaAcc: 0.4516 +- 0.0273 | VaLoss: 1.6508 +- 0.0766
142,  0 | TrAcc: 0.7445, TrLoss:  0.72719, VaAcc: 0.7116, VaLoss:  0.87074	 20 sampled NNs | VaAcc: 0.4552 +- 0.0254 | VaLoss: 1.5903 +- 0.0725
143,  0 | TrAcc: 0.7339, TrLoss:  0.75130, VaAcc: 0.6959, VaLoss:  0.90942	 20 sampled NNs | VaAcc: 0.4672 +- 0.0316 | VaLoss: 1.5844 +- 0.1072
144,  0 | TrAcc: 0.7463, TrLoss:  0.71329, VaAcc: 0.7013, VaLoss:  0.90396	 20 sampled NNs | VaAcc: 0.4648 +- 0.0376 | VaLoss: 1.5815 +- 0.1083
145,  0 | TrAcc: 0.7635, TrLoss:  0.69178, VaAcc: 0.6981, VaLoss:  0.90110	 20 sampled NNs | VaAcc: 0.4641 +- 0.0237 | VaLoss: 1.5654 +- 0.0844
146,  0 | TrAcc: 0.7672, TrLoss:  0.66113, VaAcc: 0.7026, VaLoss:  0.90898	 20 sampled NNs | VaAcc: 0.4815 +- 0.0271 | VaLoss: 1.5600 +- 0.0774
147,  0 | TrAcc: 0.7521, TrLoss:  0.70062, VaAcc: 0.7040, VaLoss:  0.90562	 20 sampled NNs | VaAcc: 0.4664 +- 0.0260 | VaLoss: 1.5754 +- 0.0811
148,  0 | TrAcc: 0.7304, TrLoss:  0.75535, VaAcc: 0.7072, VaLoss:  0.89356	 20 sampled NNs | VaAcc: 0.4604 +- 0.0298 | VaLoss: 1.6283 +- 0.0874
149,  0 | TrAcc: 0.7352, TrLoss:  0.76601, VaAcc: 0.7022, VaLoss:  0.92206	 20 sampled NNs | VaAcc: 0.4529 +- 0.0287 | VaLoss: 1.6195 +- 0.0818
150,  0 | TrAcc: 0.7411, TrLoss:  0.74586, VaAcc: 0.6994, VaLoss:  0.93324	 20 sampled NNs | VaAcc: 0.4526 +- 0.0260 | VaLoss: 1.6509 +- 0.0729
151,  0 | TrAcc: 0.7425, TrLoss:  0.77046, VaAcc: 0.6981, VaLoss:  0.90328	 20 sampled NNs | VaAcc: 0.4332 +- 0.0304 | VaLoss: 1.6636 +- 0.1017
152,  0 | TrAcc: 0.7562, TrLoss:  0.68458, VaAcc: 0.6878, VaLoss:  0.93264	 20 sampled NNs | VaAcc: 0.4767 +- 0.0389 | VaLoss: 1.5533 +- 0.0855
153,  0 | TrAcc: 0.7510, TrLoss:  0.71165, VaAcc: 0.7029, VaLoss:  0.90141	 20 sampled NNs | VaAcc: 0.4693 +- 0.0271 | VaLoss: 1.6240 +- 0.0841
154,  0 | TrAcc: 0.7530, TrLoss:  0.70282, VaAcc: 0.6899, VaLoss:  0.93268	 20 sampled NNs | VaAcc: 0.4525 +- 0.0274 | VaLoss: 1.6335 +- 0.0722
155,  0 | TrAcc: 0.7635, TrLoss:  0.67706, VaAcc: 0.6710, VaLoss:  0.95922	 20 sampled NNs | VaAcc: 0.4342 +- 0.0180 | VaLoss: 1.6550 +- 0.0795
156,  0 | TrAcc: 0.7525, TrLoss:  0.71522, VaAcc: 0.6973, VaLoss:  0.89633	 20 sampled NNs | VaAcc: 0.4737 +- 0.0294 | VaLoss: 1.5821 +- 0.0876
157,  0 | TrAcc: 0.7705, TrLoss:  0.66996, VaAcc: 0.6961, VaLoss:  0.90628	 20 sampled NNs | VaAcc: 0.4593 +- 0.0381 | VaLoss: 1.6445 +- 0.1192
158,  0 | TrAcc: 0.7516, TrLoss:  0.70977, VaAcc: 0.7002, VaLoss:  0.90309	 20 sampled NNs | VaAcc: 0.4816 +- 0.0314 | VaLoss: 1.5478 +- 0.0866
159,  0 | TrAcc: 0.7496, TrLoss:  0.73936, VaAcc: 0.6994, VaLoss:  0.90308	 20 sampled NNs | VaAcc: 0.4525 +- 0.0278 | VaLoss: 1.6437 +- 0.0973
160,  0 | TrAcc: 0.7569, TrLoss:  0.69566, VaAcc: 0.7032, VaLoss:  0.88532	 20 sampled NNs | VaAcc: 0.4698 +- 0.0349 | VaLoss: 1.5653 +- 0.1203
161,  0 | TrAcc: 0.7488, TrLoss:  0.73690, VaAcc: 0.6804, VaLoss:  0.91873	 20 sampled NNs | VaAcc: 0.4544 +- 0.0255 | VaLoss: 1.5895 +- 0.0934
162,  0 | TrAcc: 0.7432, TrLoss:  0.72425, VaAcc: 0.6991, VaLoss:  0.88157	 20 sampled NNs | VaAcc: 0.4540 +- 0.0256 | VaLoss: 1.6010 +- 0.0714
163,  0 | TrAcc: 0.7461, TrLoss:  0.72147, VaAcc: 0.6952, VaLoss:  0.90123	 20 sampled NNs | VaAcc: 0.4683 +- 0.0329 | VaLoss: 1.6035 +- 0.0886
164,  0 | TrAcc: 0.7595, TrLoss:  0.68814, VaAcc: 0.6874, VaLoss:  0.93085	 20 sampled NNs | VaAcc: 0.4609 +- 0.0323 | VaLoss: 1.5591 +- 0.0982
165,  0 | TrAcc: 0.7550, TrLoss:  0.70478, VaAcc: 0.6963, VaLoss:  0.89626	 20 sampled NNs | VaAcc: 0.4839 +- 0.0214 | VaLoss: 1.5339 +- 0.0806
166,  0 | TrAcc: 0.7557, TrLoss:  0.73361, VaAcc: 0.7111, VaLoss:  0.87435	 20 sampled NNs | VaAcc: 0.4754 +- 0.0238 | VaLoss: 1.5304 +- 0.0755
167,  0 | TrAcc: 0.7363, TrLoss:  0.74829, VaAcc: 0.6910, VaLoss:  0.91640	 20 sampled NNs | VaAcc: 0.4653 +- 0.0367 | VaLoss: 1.5732 +- 0.0982
168,  0 | TrAcc: 0.7531, TrLoss:  0.72179, VaAcc: 0.6993, VaLoss:  0.90680	 20 sampled NNs | VaAcc: 0.4700 +- 0.0193 | VaLoss: 1.5873 +- 0.0606
169,  0 | TrAcc: 0.7582, TrLoss:  0.71497, VaAcc: 0.6969, VaLoss:  0.91337	 20 sampled NNs | VaAcc: 0.4562 +- 0.0241 | VaLoss: 1.6001 +- 0.0836
170,  0 | TrAcc: 0.7489, TrLoss:  0.72309, VaAcc: 0.6986, VaLoss:  0.89156	 20 sampled NNs | VaAcc: 0.4612 +- 0.0334 | VaLoss: 1.5775 +- 0.0913
171,  0 | TrAcc: 0.7457, TrLoss:  0.72270, VaAcc: 0.7119, VaLoss:  0.88263	 20 sampled NNs | VaAcc: 0.4699 +- 0.0281 | VaLoss: 1.5766 +- 0.0962
172,  0 | TrAcc: 0.7486, TrLoss:  0.72805, VaAcc: 0.7032, VaLoss:  0.90017	 20 sampled NNs | VaAcc: 0.4789 +- 0.0244 | VaLoss: 1.5511 +- 0.0891
173,  0 | TrAcc: 0.7525, TrLoss:  0.70216, VaAcc: 0.7029, VaLoss:  0.88822	 20 sampled NNs | VaAcc: 0.4688 +- 0.0221 | VaLoss: 1.5942 +- 0.0691
174,  0 | TrAcc: 0.7748, TrLoss:  0.65967, VaAcc: 0.7088, VaLoss:  0.88673	 20 sampled NNs | VaAcc: 0.4535 +- 0.0323 | VaLoss: 1.6169 +- 0.0876
175,  0 | TrAcc: 0.7526, TrLoss:  0.69115, VaAcc: 0.6980, VaLoss:  0.89540	 20 sampled NNs | VaAcc: 0.4816 +- 0.0261 | VaLoss: 1.5731 +- 0.0775
176,  0 | TrAcc: 0.7675, TrLoss:  0.68087, VaAcc: 0.7087, VaLoss:  0.88322	 20 sampled NNs | VaAcc: 0.4731 +- 0.0250 | VaLoss: 1.5726 +- 0.0671
177,  0 | TrAcc: 0.7675, TrLoss:  0.66750, VaAcc: 0.7051, VaLoss:  0.88439	 20 sampled NNs | VaAcc: 0.4939 +- 0.0280 | VaLoss: 1.5125 +- 0.0834
178,  0 | TrAcc: 0.7578, TrLoss:  0.70889, VaAcc: 0.7072, VaLoss:  0.88202	 20 sampled NNs | VaAcc: 0.4786 +- 0.0403 | VaLoss: 1.5252 +- 0.1216
179,  0 | TrAcc: 0.7588, TrLoss:  0.67765, VaAcc: 0.7031, VaLoss:  0.89242	 20 sampled NNs | VaAcc: 0.4434 +- 0.0346 | VaLoss: 1.6403 +- 0.1373
180,  0 | TrAcc: 0.7493, TrLoss:  0.72038, VaAcc: 0.7009, VaLoss:  0.89409	 20 sampled NNs | VaAcc: 0.4495 +- 0.0210 | VaLoss: 1.6549 +- 0.0744
181,  0 | TrAcc: 0.7625, TrLoss:  0.70211, VaAcc: 0.6936, VaLoss:  0.91590	 20 sampled NNs | VaAcc: 0.4639 +- 0.0240 | VaLoss: 1.6319 +- 0.0808
182,  0 | TrAcc: 0.7428, TrLoss:  0.72144, VaAcc: 0.6884, VaLoss:  0.93124	 20 sampled NNs | VaAcc: 0.4550 +- 0.0219 | VaLoss: 1.5899 +- 0.0873
183,  0 | TrAcc: 0.7616, TrLoss:  0.68626, VaAcc: 0.6980, VaLoss:  0.90253	 20 sampled NNs | VaAcc: 0.4792 +- 0.0320 | VaLoss: 1.6021 +- 0.0948
184,  0 | TrAcc: 0.7569, TrLoss:  0.70125, VaAcc: 0.6934, VaLoss:  0.91496	 20 sampled NNs | VaAcc: 0.4683 +- 0.0242 | VaLoss: 1.5794 +- 0.0864
185,  0 | TrAcc: 0.7531, TrLoss:  0.71721, VaAcc: 0.6985, VaLoss:  0.90564	 20 sampled NNs | VaAcc: 0.4584 +- 0.0238 | VaLoss: 1.5680 +- 0.0650
186,  0 | TrAcc: 0.7578, TrLoss:  0.70543, VaAcc: 0.7013, VaLoss:  0.89420	 20 sampled NNs | VaAcc: 0.4621 +- 0.0302 | VaLoss: 1.5607 +- 0.0883
187,  0 | TrAcc: 0.7452, TrLoss:  0.74463, VaAcc: 0.6875, VaLoss:  0.91933	 20 sampled NNs | VaAcc: 0.4449 +- 0.0321 | VaLoss: 1.6060 +- 0.1041
188,  0 | TrAcc: 0.7367, TrLoss:  0.75017, VaAcc: 0.6812, VaLoss:  0.93761	 20 sampled NNs | VaAcc: 0.4755 +- 0.0239 | VaLoss: 1.5982 +- 0.0732
189,  0 | TrAcc: 0.7415, TrLoss:  0.76046, VaAcc: 0.6984, VaLoss:  0.90058	 20 sampled NNs | VaAcc: 0.4561 +- 0.0244 | VaLoss: 1.6321 +- 0.1017
190,  0 | TrAcc: 0.7565, TrLoss:  0.70465, VaAcc: 0.7037, VaLoss:  0.87509	 20 sampled NNs | VaAcc: 0.4490 +- 0.0262 | VaLoss: 1.5877 +- 0.0702
191,  0 | TrAcc: 0.7571, TrLoss:  0.70746, VaAcc: 0.6939, VaLoss:  0.89764	 20 sampled NNs | VaAcc: 0.4696 +- 0.0258 | VaLoss: 1.5419 +- 0.0812
192,  0 | TrAcc: 0.7580, TrLoss:  0.71713, VaAcc: 0.7015, VaLoss:  0.88087	 20 sampled NNs | VaAcc: 0.4883 +- 0.0334 | VaLoss: 1.5409 +- 0.0812
193,  0 | TrAcc: 0.7562, TrLoss:  0.71732, VaAcc: 0.6977, VaLoss:  0.88953	 20 sampled NNs | VaAcc: 0.4802 +- 0.0240 | VaLoss: 1.5498 +- 0.0852
194,  0 | TrAcc: 0.7458, TrLoss:  0.73493, VaAcc: 0.6987, VaLoss:  0.90771	 20 sampled NNs | VaAcc: 0.4633 +- 0.0253 | VaLoss: 1.5902 +- 0.0578
195,  0 | TrAcc: 0.7692, TrLoss:  0.68132, VaAcc: 0.7101, VaLoss:  0.87980	 20 sampled NNs | VaAcc: 0.4973 +- 0.0256 | VaLoss: 1.5016 +- 0.0787
196,  0 | TrAcc: 0.7708, TrLoss:  0.67965, VaAcc: 0.7024, VaLoss:  0.88775	 20 sampled NNs | VaAcc: 0.4791 +- 0.0252 | VaLoss: 1.5754 +- 0.0783
197,  0 | TrAcc: 0.7529, TrLoss:  0.71334, VaAcc: 0.6932, VaLoss:  0.91648	 20 sampled NNs | VaAcc: 0.4406 +- 0.0321 | VaLoss: 1.6855 +- 0.0824
198,  0 | TrAcc: 0.7620, TrLoss:  0.67680, VaAcc: 0.7013, VaLoss:  0.90240	 20 sampled NNs | VaAcc: 0.4680 +- 0.0292 | VaLoss: 1.5827 +- 0.0990
199,  0 | TrAcc: 0.7567, TrLoss:  0.70675, VaAcc: 0.7022, VaLoss:  0.89286	 20 sampled NNs | VaAcc: 0.4904 +- 0.0249 | VaLoss: 1.5006 +- 0.0732
200,  0 | TrAcc: 0.7628, TrLoss:  0.66350, VaAcc: 0.7000, VaLoss:  0.89978	 20 sampled NNs | VaAcc: 0.4765 +- 0.0355 | VaLoss: 1.5616 +- 0.1073
201,  0 | TrAcc: 0.7565, TrLoss:  0.70771, VaAcc: 0.6846, VaLoss:  0.93764	 20 sampled NNs | VaAcc: 0.4870 +- 0.0263 | VaLoss: 1.5486 +- 0.0898
202,  0 | TrAcc: 0.7727, TrLoss:  0.64532, VaAcc: 0.7116, VaLoss:  0.88423	 20 sampled NNs | VaAcc: 0.4791 +- 0.0296 | VaLoss: 1.5574 +- 0.0820
203,  0 | TrAcc: 0.7635, TrLoss:  0.69303, VaAcc: 0.7059, VaLoss:  0.90768	 20 sampled NNs | VaAcc: 0.4703 +- 0.0282 | VaLoss: 1.5874 +- 0.0958
204,  0 | TrAcc: 0.7584, TrLoss:  0.72000, VaAcc: 0.7111, VaLoss:  0.87522	 20 sampled NNs | VaAcc: 0.4930 +- 0.0324 | VaLoss: 1.4920 +- 0.0865
205,  0 | TrAcc: 0.7368, TrLoss:  0.72876, VaAcc: 0.7008, VaLoss:  0.88391	 20 sampled NNs | VaAcc: 0.4909 +- 0.0185 | VaLoss: 1.5379 +- 0.0603
206,  0 | TrAcc: 0.7420, TrLoss:  0.71239, VaAcc: 0.6908, VaLoss:  0.90679	 20 sampled NNs | VaAcc: 0.4382 +- 0.0504 | VaLoss: 1.6627 +- 0.1612
207,  0 | TrAcc: 0.7607, TrLoss:  0.70361, VaAcc: 0.7009, VaLoss:  0.89683	 20 sampled NNs | VaAcc: 0.5030 +- 0.0263 | VaLoss: 1.4879 +- 0.0689
208,  0 | TrAcc: 0.7631, TrLoss:  0.67054, VaAcc: 0.6887, VaLoss:  0.91097	 20 sampled NNs | VaAcc: 0.4729 +- 0.0372 | VaLoss: 1.5212 +- 0.1074
209,  0 | TrAcc: 0.7449, TrLoss:  0.72991, VaAcc: 0.6925, VaLoss:  0.90497	 20 sampled NNs | VaAcc: 0.4814 +- 0.0263 | VaLoss: 1.5346 +- 0.0755
210,  0 | TrAcc: 0.7899, TrLoss:  0.60645, VaAcc: 0.6985, VaLoss:  0.87208	 20 sampled NNs | VaAcc: 0.5067 +- 0.0277 | VaLoss: 1.4434 +- 0.0888
211,  0 | TrAcc: 0.7580, TrLoss:  0.69972, VaAcc: 0.7115, VaLoss:  0.86974	 20 sampled NNs | VaAcc: 0.4826 +- 0.0291 | VaLoss: 1.5024 +- 0.0866
212,  0 | TrAcc: 0.7521, TrLoss:  0.70616, VaAcc: 0.7044, VaLoss:  0.88830	 20 sampled NNs | VaAcc: 0.4924 +- 0.0344 | VaLoss: 1.4660 +- 0.0924
213,  0 | TrAcc: 0.7556, TrLoss:  0.69172, VaAcc: 0.6969, VaLoss:  0.91333	 20 sampled NNs | VaAcc: 0.4960 +- 0.0300 | VaLoss: 1.4880 +- 0.0884
214,  0 | TrAcc: 0.7287, TrLoss:  0.78347, VaAcc: 0.7005, VaLoss:  0.88926	 20 sampled NNs | VaAcc: 0.4669 +- 0.0229 | VaLoss: 1.5364 +- 0.0817
215,  0 | TrAcc: 0.7483, TrLoss:  0.75375, VaAcc: 0.6958, VaLoss:  0.91502	 20 sampled NNs | VaAcc: 0.4840 +- 0.0281 | VaLoss: 1.5324 +- 0.0820
216,  0 | TrAcc: 0.7569, TrLoss:  0.70088, VaAcc: 0.6961, VaLoss:  0.89551	 20 sampled NNs | VaAcc: 0.4977 +- 0.0236 | VaLoss: 1.5074 +- 0.0952
217,  0 | TrAcc: 0.7706, TrLoss:  0.65375, VaAcc: 0.6830, VaLoss:  0.92092	 20 sampled NNs | VaAcc: 0.4970 +- 0.0301 | VaLoss: 1.4691 +- 0.0843
218,  0 | TrAcc: 0.7382, TrLoss:  0.73765, VaAcc: 0.6885, VaLoss:  0.91679	 20 sampled NNs | VaAcc: 0.4902 +- 0.0375 | VaLoss: 1.4796 +- 0.1017
219,  0 | TrAcc: 0.7586, TrLoss:  0.71042, VaAcc: 0.6972, VaLoss:  0.89719	 20 sampled NNs | VaAcc: 0.4966 +- 0.0249 | VaLoss: 1.4721 +- 0.0601
220,  0 | TrAcc: 0.7492, TrLoss:  0.70838, VaAcc: 0.7023, VaLoss:  0.88494	 20 sampled NNs | VaAcc: 0.4725 +- 0.0339 | VaLoss: 1.5353 +- 0.0817
221,  0 | TrAcc: 0.7540, TrLoss:  0.71734, VaAcc: 0.6979, VaLoss:  0.89910	 20 sampled NNs | VaAcc: 0.4718 +- 0.0262 | VaLoss: 1.5664 +- 0.0883
222,  0 | TrAcc: 0.7560, TrLoss:  0.70542, VaAcc: 0.6970, VaLoss:  0.88396	 20 sampled NNs | VaAcc: 0.4863 +- 0.0333 | VaLoss: 1.5199 +- 0.0865
223,  0 | TrAcc: 0.7449, TrLoss:  0.72033, VaAcc: 0.6983, VaLoss:  0.89053	 20 sampled NNs | VaAcc: 0.4780 +- 0.0269 | VaLoss: 1.5808 +- 0.0879
224,  0 | TrAcc: 0.7594, TrLoss:  0.67348, VaAcc: 0.6997, VaLoss:  0.88499	 20 sampled NNs | VaAcc: 0.4957 +- 0.0239 | VaLoss: 1.5003 +- 0.0601
225,  0 | TrAcc: 0.7737, TrLoss:  0.64418, VaAcc: 0.7116, VaLoss:  0.86593	 20 sampled NNs | VaAcc: 0.5245 +- 0.0329 | VaLoss: 1.4404 +- 0.0859
226,  0 | TrAcc: 0.7772, TrLoss:  0.65017, VaAcc: 0.7121, VaLoss:  0.86816	 20 sampled NNs | VaAcc: 0.5005 +- 0.0296 | VaLoss: 1.5356 +- 0.0814
227,  0 | TrAcc: 0.7703, TrLoss:  0.66924, VaAcc: 0.7151, VaLoss:  0.87106	 20 sampled NNs | VaAcc: 0.4859 +- 0.0307 | VaLoss: 1.5177 +- 0.0822
228,  0 | TrAcc: 0.7543, TrLoss:  0.69081, VaAcc: 0.7084, VaLoss:  0.87196	 20 sampled NNs | VaAcc: 0.4903 +- 0.0250 | VaLoss: 1.4934 +- 0.0745
229,  0 | TrAcc: 0.7765, TrLoss:  0.64690, VaAcc: 0.6917, VaLoss:  0.92532	 20 sampled NNs | VaAcc: 0.4800 +- 0.0279 | VaLoss: 1.5838 +- 0.0963
230,  0 | TrAcc: 0.7580, TrLoss:  0.71797, VaAcc: 0.7075, VaLoss:  0.87966	 20 sampled NNs | VaAcc: 0.4834 +- 0.0323 | VaLoss: 1.5358 +- 0.1004
231,  0 | TrAcc: 0.7687, TrLoss:  0.68585, VaAcc: 0.7144, VaLoss:  0.85951	 20 sampled NNs | VaAcc: 0.4657 +- 0.0275 | VaLoss: 1.5572 +- 0.0638
232,  0 | TrAcc: 0.7626, TrLoss:  0.67428, VaAcc: 0.6993, VaLoss:  0.89969	 20 sampled NNs | VaAcc: 0.5028 +- 0.0284 | VaLoss: 1.5079 +- 0.0805
233,  0 | TrAcc: 0.7733, TrLoss:  0.65868, VaAcc: 0.7049, VaLoss:  0.87234	 20 sampled NNs | VaAcc: 0.4834 +- 0.0311 | VaLoss: 1.5239 +- 0.0683
234,  0 | TrAcc: 0.7425, TrLoss:  0.73936, VaAcc: 0.7139, VaLoss:  0.85398	 20 sampled NNs | VaAcc: 0.4968 +- 0.0206 | VaLoss: 1.4835 +- 0.0728
235,  0 | TrAcc: 0.7802, TrLoss:  0.63307, VaAcc: 0.7107, VaLoss:  0.86205	 20 sampled NNs | VaAcc: 0.5091 +- 0.0246 | VaLoss: 1.4704 +- 0.0881
236,  0 | TrAcc: 0.7708, TrLoss:  0.67696, VaAcc: 0.7110, VaLoss:  0.85108	 20 sampled NNs | VaAcc: 0.5011 +- 0.0312 | VaLoss: 1.4693 +- 0.0770
237,  0 | TrAcc: 0.7668, TrLoss:  0.68221, VaAcc: 0.7036, VaLoss:  0.88102	 20 sampled NNs | VaAcc: 0.4933 +- 0.0333 | VaLoss: 1.5111 +- 0.0815
238,  0 | TrAcc: 0.7415, TrLoss:  0.74161, VaAcc: 0.7073, VaLoss:  0.88014	 20 sampled NNs | VaAcc: 0.5120 +- 0.0279 | VaLoss: 1.4893 +- 0.0687
239,  0 | TrAcc: 0.7460, TrLoss:  0.74352, VaAcc: 0.7097, VaLoss:  0.86292	 20 sampled NNs | VaAcc: 0.4987 +- 0.0304 | VaLoss: 1.4877 +- 0.1044
240,  0 | TrAcc: 0.7651, TrLoss:  0.67685, VaAcc: 0.7087, VaLoss:  0.86603	 20 sampled NNs | VaAcc: 0.4890 +- 0.0211 | VaLoss: 1.4764 +- 0.0644
241,  0 | TrAcc: 0.7537, TrLoss:  0.71881, VaAcc: 0.6997, VaLoss:  0.88782	 20 sampled NNs | VaAcc: 0.4940 +- 0.0257 | VaLoss: 1.4684 +- 0.0872
242,  0 | TrAcc: 0.7522, TrLoss:  0.70208, VaAcc: 0.7008, VaLoss:  0.88550	 20 sampled NNs | VaAcc: 0.5082 +- 0.0211 | VaLoss: 1.4796 +- 0.0794
243,  0 | TrAcc: 0.7707, TrLoss:  0.66758, VaAcc: 0.7052, VaLoss:  0.86465	 20 sampled NNs | VaAcc: 0.5062 +- 0.0230 | VaLoss: 1.4666 +- 0.0618
244,  0 | TrAcc: 0.7456, TrLoss:  0.73750, VaAcc: 0.7164, VaLoss:  0.85075	 20 sampled NNs | VaAcc: 0.4762 +- 0.0185 | VaLoss: 1.5230 +- 0.0614
245,  0 | TrAcc: 0.7396, TrLoss:  0.73314, VaAcc: 0.7041, VaLoss:  0.87387	 20 sampled NNs | VaAcc: 0.4806 +- 0.0258 | VaLoss: 1.5112 +- 0.0729
246,  0 | TrAcc: 0.7674, TrLoss:  0.68170, VaAcc: 0.7036, VaLoss:  0.87000	 20 sampled NNs | VaAcc: 0.4873 +- 0.0329 | VaLoss: 1.5236 +- 0.0872
247,  0 | TrAcc: 0.7541, TrLoss:  0.68748, VaAcc: 0.7117, VaLoss:  0.85322	 20 sampled NNs | VaAcc: 0.5027 +- 0.0273 | VaLoss: 1.4395 +- 0.0778
248,  0 | TrAcc: 0.7826, TrLoss:  0.65785, VaAcc: 0.6940, VaLoss:  0.91143	 20 sampled NNs | VaAcc: 0.4904 +- 0.0247 | VaLoss: 1.4965 +- 0.0754
249,  0 | TrAcc: 0.7791, TrLoss:  0.64048, VaAcc: 0.7036, VaLoss:  0.89747	 20 sampled NNs | VaAcc: 0.4691 +- 0.0231 | VaLoss: 1.5929 +- 0.0590
250,  0 | TrAcc: 0.7526, TrLoss:  0.71733, VaAcc: 0.7116, VaLoss:  0.84886	 20 sampled NNs | VaAcc: 0.4977 +- 0.0254 | VaLoss: 1.4708 +- 0.0790
251,  0 | TrAcc: 0.7702, TrLoss:  0.66944, VaAcc: 0.7186, VaLoss:  0.84762	 20 sampled NNs | VaAcc: 0.4880 +- 0.0230 | VaLoss: 1.4851 +- 0.0725
252,  0 | TrAcc: 0.7443, TrLoss:  0.74080, VaAcc: 0.7148, VaLoss:  0.86628	 20 sampled NNs | VaAcc: 0.4739 +- 0.0169 | VaLoss: 1.5300 +- 0.0623
253,  0 | TrAcc: 0.7658, TrLoss:  0.67933, VaAcc: 0.7040, VaLoss:  0.88737	 20 sampled NNs | VaAcc: 0.4767 +- 0.0217 | VaLoss: 1.5209 +- 0.0616
254,  0 | TrAcc: 0.7622, TrLoss:  0.69916, VaAcc: 0.7033, VaLoss:  0.88647	 20 sampled NNs | VaAcc: 0.4895 +- 0.0304 | VaLoss: 1.5224 +- 0.1111
255,  0 | TrAcc: 0.7386, TrLoss:  0.77048, VaAcc: 0.7080, VaLoss:  0.88827	 20 sampled NNs | VaAcc: 0.5002 +- 0.0180 | VaLoss: 1.5144 +- 0.0742
256,  0 | TrAcc: 0.7534, TrLoss:  0.71784, VaAcc: 0.7076, VaLoss:  0.87396	 20 sampled NNs | VaAcc: 0.4997 +- 0.0288 | VaLoss: 1.4682 +- 0.0853
257,  0 | TrAcc: 0.7493, TrLoss:  0.72665, VaAcc: 0.7135, VaLoss:  0.86255	 20 sampled NNs | VaAcc: 0.5011 +- 0.0343 | VaLoss: 1.4872 +- 0.1022
258,  0 | TrAcc: 0.7704, TrLoss:  0.66363, VaAcc: 0.7040, VaLoss:  0.87208	 20 sampled NNs | VaAcc: 0.4955 +- 0.0348 | VaLoss: 1.4762 +- 0.0880
259,  0 | TrAcc: 0.7563, TrLoss:  0.71572, VaAcc: 0.7055, VaLoss:  0.88975	 20 sampled NNs | VaAcc: 0.4747 +- 0.0333 | VaLoss: 1.5901 +- 0.0880
260,  0 | TrAcc: 0.7431, TrLoss:  0.71707, VaAcc: 0.7099, VaLoss:  0.88094	 20 sampled NNs | VaAcc: 0.4834 +- 0.0289 | VaLoss: 1.5237 +- 0.0703
261,  0 | TrAcc: 0.7768, TrLoss:  0.66666, VaAcc: 0.7080, VaLoss:  0.88257	 20 sampled NNs | VaAcc: 0.5223 +- 0.0231 | VaLoss: 1.4153 +- 0.0640
262,  0 | TrAcc: 0.7749, TrLoss:  0.65599, VaAcc: 0.7075, VaLoss:  0.87529	 20 sampled NNs | VaAcc: 0.5027 +- 0.0261 | VaLoss: 1.5111 +- 0.0769
263,  0 | TrAcc: 0.7759, TrLoss:  0.66463, VaAcc: 0.6974, VaLoss:  0.92580	 20 sampled NNs | VaAcc: 0.5075 +- 0.0266 | VaLoss: 1.5031 +- 0.0778
264,  0 | TrAcc: 0.7679, TrLoss:  0.65866, VaAcc: 0.7087, VaLoss:  0.89500	 20 sampled NNs | VaAcc: 0.5084 +- 0.0310 | VaLoss: 1.4694 +- 0.0944
265,  0 | TrAcc: 0.7715, TrLoss:  0.67128, VaAcc: 0.6983, VaLoss:  0.88887	 20 sampled NNs | VaAcc: 0.5083 +- 0.0229 | VaLoss: 1.4804 +- 0.0911
266,  0 | TrAcc: 0.7693, TrLoss:  0.67623, VaAcc: 0.7132, VaLoss:  0.85963	 20 sampled NNs | VaAcc: 0.4947 +- 0.0357 | VaLoss: 1.4916 +- 0.1077
267,  0 | TrAcc: 0.7508, TrLoss:  0.70974, VaAcc: 0.7050, VaLoss:  0.88037	 20 sampled NNs | VaAcc: 0.5116 +- 0.0337 | VaLoss: 1.4806 +- 0.0816
268,  0 | TrAcc: 0.7692, TrLoss:  0.68424, VaAcc: 0.7107, VaLoss:  0.87879	 20 sampled NNs | VaAcc: 0.4778 +- 0.0254 | VaLoss: 1.5591 +- 0.0589
269,  0 | TrAcc: 0.7575, TrLoss:  0.69750, VaAcc: 0.7069, VaLoss:  0.87552	 20 sampled NNs | VaAcc: 0.4905 +- 0.0289 | VaLoss: 1.5141 +- 0.0832
270,  0 | TrAcc: 0.7650, TrLoss:  0.68080, VaAcc: 0.7050, VaLoss:  0.88334	 20 sampled NNs | VaAcc: 0.5148 +- 0.0232 | VaLoss: 1.4731 +- 0.0656
271,  0 | TrAcc: 0.7605, TrLoss:  0.67416, VaAcc: 0.7018, VaLoss:  0.89802	 20 sampled NNs | VaAcc: 0.5082 +- 0.0386 | VaLoss: 1.4633 +- 0.1041
272,  0 | TrAcc: 0.7654, TrLoss:  0.67735, VaAcc: 0.7077, VaLoss:  0.87340	 20 sampled NNs | VaAcc: 0.5096 +- 0.0315 | VaLoss: 1.4489 +- 0.0746
273,  0 | TrAcc: 0.7572, TrLoss:  0.70479, VaAcc: 0.7001, VaLoss:  0.91470	 20 sampled NNs | VaAcc: 0.4780 +- 0.0285 | VaLoss: 1.5754 +- 0.1220
274,  0 | TrAcc: 0.7624, TrLoss:  0.67668, VaAcc: 0.7176, VaLoss:  0.85928	 20 sampled NNs | VaAcc: 0.4818 +- 0.0234 | VaLoss: 1.5249 +- 0.0579
275,  0 | TrAcc: 0.7633, TrLoss:  0.67459, VaAcc: 0.7138, VaLoss:  0.86788	 20 sampled NNs | VaAcc: 0.5026 +- 0.0229 | VaLoss: 1.4793 +- 0.0609
276,  0 | TrAcc: 0.7624, TrLoss:  0.68768, VaAcc: 0.7049, VaLoss:  0.88588	 20 sampled NNs | VaAcc: 0.4977 +- 0.0323 | VaLoss: 1.4927 +- 0.0772
277,  0 | TrAcc: 0.7572, TrLoss:  0.72454, VaAcc: 0.7199, VaLoss:  0.85559	 20 sampled NNs | VaAcc: 0.4972 +- 0.0283 | VaLoss: 1.4949 +- 0.0903
278,  0 | TrAcc: 0.7574, TrLoss:  0.69802, VaAcc: 0.7038, VaLoss:  0.88792	 20 sampled NNs | VaAcc: 0.5063 +- 0.0282 | VaLoss: 1.4435 +- 0.0762
279,  0 | TrAcc: 0.7570, TrLoss:  0.71776, VaAcc: 0.6951, VaLoss:  0.91226	 20 sampled NNs | VaAcc: 0.4987 +- 0.0198 | VaLoss: 1.4757 +- 0.0526
280,  0 | TrAcc: 0.7709, TrLoss:  0.67101, VaAcc: 0.7037, VaLoss:  0.88506	 20 sampled NNs | VaAcc: 0.5026 +- 0.0277 | VaLoss: 1.4990 +- 0.0802
281,  0 | TrAcc: 0.7698, TrLoss:  0.66535, VaAcc: 0.7030, VaLoss:  0.87957	 20 sampled NNs | VaAcc: 0.5116 +- 0.0320 | VaLoss: 1.4705 +- 0.0740
282,  0 | TrAcc: 0.7686, TrLoss:  0.65364, VaAcc: 0.6978, VaLoss:  0.88200	 20 sampled NNs | VaAcc: 0.5311 +- 0.0274 | VaLoss: 1.3978 +- 0.0763
283,  0 | TrAcc: 0.7579, TrLoss:  0.73203, VaAcc: 0.7058, VaLoss:  0.88168	 20 sampled NNs | VaAcc: 0.5039 +- 0.0315 | VaLoss: 1.4865 +- 0.0820
284,  0 | TrAcc: 0.7534, TrLoss:  0.68511, VaAcc: 0.7037, VaLoss:  0.88404	 20 sampled NNs | VaAcc: 0.4955 +- 0.0369 | VaLoss: 1.5115 +- 0.1100
285,  0 | TrAcc: 0.7445, TrLoss:  0.74182, VaAcc: 0.7097, VaLoss:  0.87267	 20 sampled NNs | VaAcc: 0.4997 +- 0.0267 | VaLoss: 1.5118 +- 0.0849
286,  0 | TrAcc: 0.7746, TrLoss:  0.64648, VaAcc: 0.7125, VaLoss:  0.86876	 20 sampled NNs | VaAcc: 0.4922 +- 0.0258 | VaLoss: 1.5019 +- 0.0873
287,  0 | TrAcc: 0.7630, TrLoss:  0.68196, VaAcc: 0.7037, VaLoss:  0.89911	 20 sampled NNs | VaAcc: 0.5105 +- 0.0263 | VaLoss: 1.4670 +- 0.0578
288,  0 | TrAcc: 0.7772, TrLoss:  0.65855, VaAcc: 0.7126, VaLoss:  0.87516	 20 sampled NNs | VaAcc: 0.5041 +- 0.0241 | VaLoss: 1.4724 +- 0.0881
289,  0 | TrAcc: 0.7936, TrLoss:  0.60322, VaAcc: 0.7223, VaLoss:  0.84551	 20 sampled NNs | VaAcc: 0.5062 +- 0.0371 | VaLoss: 1.4526 +- 0.0765
290,  0 | TrAcc: 0.7619, TrLoss:  0.67357, VaAcc: 0.7146, VaLoss:  0.85871	 20 sampled NNs | VaAcc: 0.5138 +- 0.0224 | VaLoss: 1.4561 +- 0.0652
291,  0 | TrAcc: 0.7613, TrLoss:  0.69683, VaAcc: 0.7111, VaLoss:  0.85815	 20 sampled NNs | VaAcc: 0.4885 +- 0.0275 | VaLoss: 1.4782 +- 0.0678
292,  0 | TrAcc: 0.7601, TrLoss:  0.69828, VaAcc: 0.7154, VaLoss:  0.85065	 20 sampled NNs | VaAcc: 0.5076 +- 0.0207 | VaLoss: 1.4608 +- 0.0494
293,  0 | TrAcc: 0.7660, TrLoss:  0.67363, VaAcc: 0.7080, VaLoss:  0.88711	 20 sampled NNs | VaAcc: 0.4914 +- 0.0348 | VaLoss: 1.5164 +- 0.1235
294,  0 | TrAcc: 0.7637, TrLoss:  0.68197, VaAcc: 0.7120, VaLoss:  0.86907	 20 sampled NNs | VaAcc: 0.5142 +- 0.0252 | VaLoss: 1.4275 +- 0.0834
295,  0 | TrAcc: 0.7710, TrLoss:  0.68761, VaAcc: 0.7090, VaLoss:  0.88036	 20 sampled NNs | VaAcc: 0.5151 +- 0.0273 | VaLoss: 1.4355 +- 0.0932
296,  0 | TrAcc: 0.7659, TrLoss:  0.67508, VaAcc: 0.6966, VaLoss:  0.88553	 20 sampled NNs | VaAcc: 0.5049 +- 0.0276 | VaLoss: 1.4425 +- 0.0784
297,  0 | TrAcc: 0.7676, TrLoss:  0.65966, VaAcc: 0.6981, VaLoss:  0.89392	 20 sampled NNs | VaAcc: 0.4795 +- 0.0366 | VaLoss: 1.5449 +- 0.0947
298,  0 | TrAcc: 0.7564, TrLoss:  0.69659, VaAcc: 0.7056, VaLoss:  0.88053	 20 sampled NNs | VaAcc: 0.4989 +- 0.0247 | VaLoss: 1.5014 +- 0.0614
299,  0 | TrAcc: 0.7627, TrLoss:  0.68621, VaAcc: 0.7014, VaLoss:  0.88990	 20 sampled NNs | VaAcc: 0.4810 +- 0.0267 | VaLoss: 1.5131 +- 0.0843
300,  0 | TrAcc: 0.7789, TrLoss:  0.65743, VaAcc: 0.7143, VaLoss:  0.85278	 20 sampled NNs | VaAcc: 0.5237 +- 0.0282 | VaLoss: 1.4287 +- 0.1035
301,  0 | TrAcc: 0.7687, TrLoss:  0.66872, VaAcc: 0.7191, VaLoss:  0.84763	 20 sampled NNs | VaAcc: 0.5038 +- 0.0343 | VaLoss: 1.4664 +- 0.1030
302,  0 | TrAcc: 0.7451, TrLoss:  0.72477, VaAcc: 0.7066, VaLoss:  0.86595	 20 sampled NNs | VaAcc: 0.5269 +- 0.0211 | VaLoss: 1.4212 +- 0.0735
303,  0 | TrAcc: 0.7666, TrLoss:  0.68047, VaAcc: 0.7066, VaLoss:  0.87435	 20 sampled NNs | VaAcc: 0.5228 +- 0.0208 | VaLoss: 1.4251 +- 0.0733
304,  0 | TrAcc: 0.7664, TrLoss:  0.64876, VaAcc: 0.7084, VaLoss:  0.87069	 20 sampled NNs | VaAcc: 0.5223 +- 0.0363 | VaLoss: 1.4276 +- 0.0839
305,  0 | TrAcc: 0.7487, TrLoss:  0.71335, VaAcc: 0.7152, VaLoss:  0.86009	 20 sampled NNs | VaAcc: 0.5077 +- 0.0290 | VaLoss: 1.4542 +- 0.0925
306,  0 | TrAcc: 0.7649, TrLoss:  0.66058, VaAcc: 0.7188, VaLoss:  0.84919	 20 sampled NNs | VaAcc: 0.5361 +- 0.0226 | VaLoss: 1.3763 +- 0.0864
307,  0 | TrAcc: 0.7756, TrLoss:  0.66066, VaAcc: 0.7100, VaLoss:  0.85606	 20 sampled NNs | VaAcc: 0.5033 +- 0.0208 | VaLoss: 1.4565 +- 0.0736
308,  0 | TrAcc: 0.7592, TrLoss:  0.67085, VaAcc: 0.7050, VaLoss:  0.87806	 20 sampled NNs | VaAcc: 0.4890 +- 0.0264 | VaLoss: 1.5047 +- 0.0802
309,  0 | TrAcc: 0.7665, TrLoss:  0.67118, VaAcc: 0.7009, VaLoss:  0.87371	 20 sampled NNs | VaAcc: 0.5111 +- 0.0260 | VaLoss: 1.4228 +- 0.0671
310,  0 | TrAcc: 0.7710, TrLoss:  0.65985, VaAcc: 0.7154, VaLoss:  0.84920	 20 sampled NNs | VaAcc: 0.4842 +- 0.0267 | VaLoss: 1.4946 +- 0.0783
311,  0 | TrAcc: 0.7714, TrLoss:  0.65461, VaAcc: 0.7057, VaLoss:  0.86504	 20 sampled NNs | VaAcc: 0.5080 +- 0.0372 | VaLoss: 1.4654 +- 0.0910
312,  0 | TrAcc: 0.7549, TrLoss:      nan, VaAcc: 0.7038, VaLoss:      nan	 20 sampled NNs | VaAcc: 0.5133 +- 0.0207 | VaLoss: 1.4495 +- 0.0778
313,  0 | TrAcc: 0.7510, TrLoss:  0.73713, VaAcc: 0.6989, VaLoss:  0.86733	 20 sampled NNs | VaAcc: 0.5046 +- 0.0240 | VaLoss: 1.4429 +- 0.0674
314,  0 | TrAcc: 0.7557, TrLoss:  0.69685, VaAcc: 0.7116, VaLoss:  0.86695	 20 sampled NNs | VaAcc: 0.4993 +- 0.0249 | VaLoss: 1.4852 +- 0.0833
315,  0 | TrAcc: 0.7685, TrLoss:  0.67725, VaAcc: 0.6897, VaLoss:  0.90468	 20 sampled NNs | VaAcc: 0.5182 +- 0.0249 | VaLoss: 1.4431 +- 0.0928
316,  0 | TrAcc: 0.7830, TrLoss:  0.65479, VaAcc: 0.6981, VaLoss:  0.88423	 20 sampled NNs | VaAcc: 0.5037 +- 0.0251 | VaLoss: 1.4511 +- 0.0680
317,  0 | TrAcc: 0.7684, TrLoss:  0.67360, VaAcc: 0.7082, VaLoss:  0.86838	 20 sampled NNs | VaAcc: 0.5392 +- 0.0172 | VaLoss: 1.3919 +- 0.0538
318,  0 | TrAcc: 0.7561, TrLoss:  0.69770, VaAcc: 0.7064, VaLoss:  0.86348	 20 sampled NNs | VaAcc: 0.5025 +- 0.0252 | VaLoss: 1.4608 +- 0.0633
319,  0 | TrAcc: 0.7598, TrLoss:  0.68337, VaAcc: 0.7027, VaLoss:  0.86475	 20 sampled NNs | VaAcc: 0.4889 +- 0.0228 | VaLoss: 1.4906 +- 0.0695
320,  0 | TrAcc: 0.7703, TrLoss:  0.65565, VaAcc: 0.6999, VaLoss:  0.90195	 20 sampled NNs | VaAcc: 0.4852 +- 0.0225 | VaLoss: 1.5195 +- 0.0776
321,  0 | TrAcc: 0.7667, TrLoss:  0.66678, VaAcc: 0.7095, VaLoss:  0.86937	 20 sampled NNs | VaAcc: 0.5026 +- 0.0332 | VaLoss: 1.4581 +- 0.0879
322,  0 | TrAcc: 0.7781, TrLoss:  0.63663, VaAcc: 0.7031, VaLoss:  0.88252	 20 sampled NNs | VaAcc: 0.5142 +- 0.0249 | VaLoss: 1.4423 +- 0.0678
323,  0 | TrAcc: 0.7748, TrLoss:  0.65039, VaAcc: 0.6973, VaLoss:  0.89315	 20 sampled NNs | VaAcc: 0.4878 +- 0.0309 | VaLoss: 1.5191 +- 0.0955
324,  0 | TrAcc: 0.7623, TrLoss:  0.69071, VaAcc: 0.6976, VaLoss:  0.91787	 20 sampled NNs | VaAcc: 0.5184 +- 0.0236 | VaLoss: 1.4343 +- 0.0658
325,  0 | TrAcc: 0.7479, TrLoss:  0.69776, VaAcc: 0.6988, VaLoss:  0.88864	 20 sampled NNs | VaAcc: 0.5109 +- 0.0251 | VaLoss: 1.4628 +- 0.0737
326,  0 | TrAcc: 0.7432, TrLoss:  0.74448, VaAcc: 0.6957, VaLoss:  0.88091	 20 sampled NNs | VaAcc: 0.5255 +- 0.0237 | VaLoss: 1.4433 +- 0.0712
327,  0 | TrAcc: 0.7405, TrLoss:  0.72862, VaAcc: 0.6852, VaLoss:  0.91338	 20 sampled NNs | VaAcc: 0.5067 +- 0.0211 | VaLoss: 1.4784 +- 0.0599
328,  0 | TrAcc: 0.7751, TrLoss:  0.66128, VaAcc: 0.7123, VaLoss:  0.85653	 20 sampled NNs | VaAcc: 0.5275 +- 0.0305 | VaLoss: 1.3742 +- 0.0722
329,  0 | TrAcc: 0.7675, TrLoss:  0.66290, VaAcc: 0.7171, VaLoss:  0.85319	 20 sampled NNs | VaAcc: 0.5289 +- 0.0316 | VaLoss: 1.3875 +- 0.0770
330,  0 | TrAcc: 0.7723, TrLoss:  0.64805, VaAcc: 0.6990, VaLoss:  0.87607	 20 sampled NNs | VaAcc: 0.5228 +- 0.0248 | VaLoss: 1.4121 +- 0.0871
331,  0 | TrAcc: 0.7779, TrLoss:  0.64319, VaAcc: 0.7017, VaLoss:  0.88800	 20 sampled NNs | VaAcc: 0.5188 +- 0.0254 | VaLoss: 1.4463 +- 0.0629
332,  0 | TrAcc: 0.7673, TrLoss:  0.67908, VaAcc: 0.7103, VaLoss:  0.86220	 20 sampled NNs | VaAcc: 0.5292 +- 0.0251 | VaLoss: 1.4013 +- 0.0668
333,  0 | TrAcc: 0.7700, TrLoss:  0.67955, VaAcc: 0.7162, VaLoss:  0.83914	 20 sampled NNs | VaAcc: 0.5356 +- 0.0280 | VaLoss: 1.3943 +- 0.0712
334,  0 | TrAcc: 0.7739, TrLoss:  0.67923, VaAcc: 0.7118, VaLoss:  0.84778	 20 sampled NNs | VaAcc: 0.5151 +- 0.0332 | VaLoss: 1.4052 +- 0.0915
335,  0 | TrAcc: 0.7560, TrLoss:  0.69368, VaAcc: 0.7108, VaLoss:  0.85051	 20 sampled NNs | VaAcc: 0.5226 +- 0.0261 | VaLoss: 1.4349 +- 0.0699
336,  0 | TrAcc: 0.7679, TrLoss:  0.68628, VaAcc: 0.7149, VaLoss:  0.85145	 20 sampled NNs | VaAcc: 0.5211 +- 0.0323 | VaLoss: 1.4239 +- 0.0819
337,  0 | TrAcc: 0.7535, TrLoss:  0.70552, VaAcc: 0.7172, VaLoss:  0.85847	 20 sampled NNs | VaAcc: 0.5244 +- 0.0223 | VaLoss: 1.4269 +- 0.0588
338,  0 | TrAcc: 0.7472, TrLoss:  0.72426, VaAcc: 0.7069, VaLoss:  0.87531	 20 sampled NNs | VaAcc: 0.5303 +- 0.0259 | VaLoss: 1.4120 +- 0.0758
339,  0 | TrAcc: 0.7419, TrLoss:  0.75432, VaAcc: 0.7118, VaLoss:  0.85615	 20 sampled NNs | VaAcc: 0.5162 +- 0.0245 | VaLoss: 1.4277 +- 0.0893
340,  0 | TrAcc: 0.7676, TrLoss:  0.67477, VaAcc: 0.7197, VaLoss:  0.83715	 20 sampled NNs | VaAcc: 0.5172 +- 0.0279 | VaLoss: 1.4361 +- 0.0908
341,  0 | TrAcc: 0.7547, TrLoss:  0.70551, VaAcc: 0.7123, VaLoss:  0.85789	 20 sampled NNs | VaAcc: 0.5074 +- 0.0272 | VaLoss: 1.4612 +- 0.0722
342,  0 | TrAcc: 0.7796, TrLoss:      nan, VaAcc: 0.7122, VaLoss:      nan	 20 sampled NNs | VaAcc: 0.5130 +- 0.0323 | VaLoss: 1.4426 +- 0.0864
343,  0 | TrAcc: 0.7677, TrLoss:  0.67611, VaAcc: 0.7028, VaLoss:  0.86477	 20 sampled NNs | VaAcc: 0.5269 +- 0.0285 | VaLoss: 1.4222 +- 0.0743
344,  0 | TrAcc: 0.7621, TrLoss:  0.70571, VaAcc: 0.7056, VaLoss:  0.86449	 20 sampled NNs | VaAcc: 0.5142 +- 0.0276 | VaLoss: 1.4303 +- 0.0932
345,  0 | TrAcc: 0.7296, TrLoss:  0.75749, VaAcc: 0.7115, VaLoss:  0.87786	 20 sampled NNs | VaAcc: 0.5032 +- 0.0270 | VaLoss: 1.4835 +- 0.0913
346,  0 | TrAcc: 0.7657, TrLoss:  0.67050, VaAcc: 0.7087, VaLoss:  0.85714	 20 sampled NNs | VaAcc: 0.5042 +- 0.0232 | VaLoss: 1.4136 +- 0.0665
347,  0 | TrAcc: 0.7776, TrLoss:  0.65336, VaAcc: 0.7128, VaLoss:  0.85641	 20 sampled NNs | VaAcc: 0.5460 +- 0.0221 | VaLoss: 1.3897 +- 0.0643
348,  0 | TrAcc: 0.7788, TrLoss:  0.64356, VaAcc: 0.7161, VaLoss:  0.83539	 20 sampled NNs | VaAcc: 0.5086 +- 0.0489 | VaLoss: 1.4931 +- 0.1473
349,  0 | TrAcc: 0.7520, TrLoss:  0.70847, VaAcc: 0.7063, VaLoss:  0.86284	 20 sampled NNs | VaAcc: 0.4752 +- 0.0460 | VaLoss: 1.5155 +- 0.1437
350,  0 | TrAcc: 0.7695, TrLoss:  0.66282, VaAcc: 0.7129, VaLoss:  0.86119	 20 sampled NNs | VaAcc: 0.4809 +- 0.0329 | VaLoss: 1.5606 +- 0.1196
351,  0 | TrAcc: 0.7686, TrLoss:  0.65746, VaAcc: 0.7074, VaLoss:  0.85648	 20 sampled NNs | VaAcc: 0.5088 +- 0.0288 | VaLoss: 1.4714 +- 0.0793
352,  0 | TrAcc: 0.7646, TrLoss:  0.66263, VaAcc: 0.7211, VaLoss:  0.82873	 20 sampled NNs | VaAcc: 0.5135 +- 0.0222 | VaLoss: 1.4465 +- 0.0797
353,  0 | TrAcc: 0.7753, TrLoss:  0.64598, VaAcc: 0.7186, VaLoss:  0.84866	 20 sampled NNs | VaAcc: 0.4984 +- 0.0297 | VaLoss: 1.4652 +- 0.1056
354,  0 | TrAcc: 0.7433, TrLoss:  0.71832, VaAcc: 0.7069, VaLoss:  0.86517	 20 sampled NNs | VaAcc: 0.5081 +- 0.0297 | VaLoss: 1.4772 +- 0.0845
355,  0 | TrAcc: 0.7619, TrLoss:  0.69505, VaAcc: 0.7174, VaLoss:  0.85289	 20 sampled NNs | VaAcc: 0.5056 +- 0.0201 | VaLoss: 1.4809 +- 0.0821
356,  0 | TrAcc: 0.7588, TrLoss:  0.69471, VaAcc: 0.7133, VaLoss:  0.86210	 20 sampled NNs | VaAcc: 0.5181 +- 0.0260 | VaLoss: 1.4652 +- 0.0622
357,  0 | TrAcc: 0.7510, TrLoss:  0.72281, VaAcc: 0.6968, VaLoss:  0.89409	 20 sampled NNs | VaAcc: 0.5242 +- 0.0323 | VaLoss: 1.4364 +- 0.0965
358,  0 | TrAcc: 0.7618, TrLoss:  0.68324, VaAcc: 0.7068, VaLoss:  0.87038	 20 sampled NNs | VaAcc: 0.5340 +- 0.0215 | VaLoss: 1.3962 +- 0.0572
359,  0 | TrAcc: 0.7498, TrLoss:  0.70723, VaAcc: 0.7117, VaLoss:  0.85737	 20 sampled NNs | VaAcc: 0.4990 +- 0.0349 | VaLoss: 1.4735 +- 0.0819
360,  0 | TrAcc: 0.7745, TrLoss:  0.65691, VaAcc: 0.7104, VaLoss:  0.86914	 20 sampled NNs | VaAcc: 0.5241 +- 0.0203 | VaLoss: 1.4340 +- 0.0601
361,  0 | TrAcc: 0.7643, TrLoss:  0.68301, VaAcc: 0.7162, VaLoss:  0.85791	 20 sampled NNs | VaAcc: 0.5182 +- 0.0245 | VaLoss: 1.4214 +- 0.0622
362,  0 | TrAcc: 0.7646, TrLoss:  0.67614, VaAcc: 0.7163, VaLoss:  0.85737	 20 sampled NNs | VaAcc: 0.5326 +- 0.0224 | VaLoss: 1.3857 +- 0.0716
363,  0 | TrAcc: 0.7638, TrLoss:  0.67848, VaAcc: 0.7087, VaLoss:  0.85345	 20 sampled NNs | VaAcc: 0.5305 +- 0.0284 | VaLoss: 1.3926 +- 0.0770
364,  0 | TrAcc: 0.7729, TrLoss:  0.64677, VaAcc: 0.7101, VaLoss:  0.85641	 20 sampled NNs | VaAcc: 0.5232 +- 0.0328 | VaLoss: 1.4119 +- 0.0874
365,  0 | TrAcc: 0.7705, TrLoss:  0.68537, VaAcc: 0.7003, VaLoss:  0.88168	 20 sampled NNs | VaAcc: 0.5180 +- 0.0185 | VaLoss: 1.4529 +- 0.0580
366,  0 | TrAcc: 0.7651, TrLoss:  0.67008, VaAcc: 0.7069, VaLoss:  0.86950	 20 sampled NNs | VaAcc: 0.4999 +- 0.0195 | VaLoss: 1.4600 +- 0.0747
367,  0 | TrAcc: 0.7599, TrLoss:  0.69947, VaAcc: 0.7134, VaLoss:  0.85017	 20 sampled NNs | VaAcc: 0.5324 +- 0.0272 | VaLoss: 1.3942 +- 0.0673
368,  0 | TrAcc: 0.7568, TrLoss:  0.70595, VaAcc: 0.7131, VaLoss:  0.85359	 20 sampled NNs | VaAcc: 0.5155 +- 0.0289 | VaLoss: 1.3913 +- 0.0882
369,  0 | TrAcc: 0.7604, TrLoss:  0.68155, VaAcc: 0.7048, VaLoss:  0.86750	 20 sampled NNs | VaAcc: 0.5065 +- 0.0255 | VaLoss: 1.4369 +- 0.0682
370,  0 | TrAcc: 0.7581, TrLoss:  0.69594, VaAcc: 0.7240, VaLoss:  0.83284	 20 sampled NNs | VaAcc: 0.5099 +- 0.0284 | VaLoss: 1.4352 +- 0.0646
371,  0 | TrAcc: 0.7657, TrLoss:  0.68430, VaAcc: 0.7160, VaLoss:  0.84816	 20 sampled NNs | VaAcc: 0.5130 +- 0.0315 | VaLoss: 1.4343 +- 0.0909
372,  0 | TrAcc: 0.7811, TrLoss:  0.62036, VaAcc: 0.7180, VaLoss:  0.84112	 20 sampled NNs | VaAcc: 0.5206 +- 0.0306 | VaLoss: 1.4034 +- 0.0679
373,  0 | TrAcc: 0.7613, TrLoss:  0.66671, VaAcc: 0.7114, VaLoss:  0.86257	 20 sampled NNs | VaAcc: 0.5100 +- 0.0288 | VaLoss: 1.4155 +- 0.0705
374,  0 | TrAcc: 0.7845, TrLoss:  0.63526, VaAcc: 0.7058, VaLoss:  0.87481	 20 sampled NNs | VaAcc: 0.5298 +- 0.0298 | VaLoss: 1.4309 +- 0.0742
375,  0 | TrAcc: 0.7835, TrLoss:  0.63702, VaAcc: 0.7151, VaLoss:  0.86166	 20 sampled NNs | VaAcc: 0.5279 +- 0.0303 | VaLoss: 1.4072 +- 0.0794
376,  0 | TrAcc: 0.7556, TrLoss:  0.71358, VaAcc: 0.7212, VaLoss:  0.84420	 20 sampled NNs | VaAcc: 0.5013 +- 0.0341 | VaLoss: 1.4923 +- 0.0914
377,  0 | TrAcc: 0.7692, TrLoss:  0.67428, VaAcc: 0.7010, VaLoss:  0.87505	 20 sampled NNs | VaAcc: 0.5118 +- 0.0314 | VaLoss: 1.4636 +- 0.0823
378,  0 | TrAcc: 0.7849, TrLoss:  0.64036, VaAcc: 0.7230, VaLoss:  0.83851	 20 sampled NNs | VaAcc: 0.5147 +- 0.0242 | VaLoss: 1.4709 +- 0.0685
379,  0 | TrAcc: 0.7498, TrLoss:  0.70090, VaAcc: 0.7145, VaLoss:  0.84687	 20 sampled NNs | VaAcc: 0.5285 +- 0.0307 | VaLoss: 1.4090 +- 0.0988
380,  0 | TrAcc: 0.7468, TrLoss:  0.71966, VaAcc: 0.7043, VaLoss:  0.87540	 20 sampled NNs | VaAcc: 0.5147 +- 0.0322 | VaLoss: 1.4656 +- 0.1118
381,  0 | TrAcc: 0.7656, TrLoss:  0.68582, VaAcc: 0.7259, VaLoss:  0.84386	 20 sampled NNs | VaAcc: 0.5271 +- 0.0192 | VaLoss: 1.4344 +- 0.0482
382,  0 | TrAcc: 0.7739, TrLoss:  0.64743, VaAcc: 0.7182, VaLoss:  0.85958	 20 sampled NNs | VaAcc: 0.5134 +- 0.0300 | VaLoss: 1.4687 +- 0.0965
383,  0 | TrAcc: 0.7631, TrLoss:  0.67634, VaAcc: 0.7194, VaLoss:  0.84703	 20 sampled NNs | VaAcc: 0.5113 +- 0.0225 | VaLoss: 1.4672 +- 0.0746
384,  0 | TrAcc: 0.7746, TrLoss:  0.64205, VaAcc: 0.7279, VaLoss:  0.82223	 20 sampled NNs | VaAcc: 0.5474 +- 0.0329 | VaLoss: 1.3779 +- 0.0930
385,  0 | TrAcc: 0.7666, TrLoss:  0.65681, VaAcc: 0.7154, VaLoss:  0.85406	 20 sampled NNs | VaAcc: 0.5109 +- 0.0275 | VaLoss: 1.4591 +- 0.0767
386,  0 | TrAcc: 0.7613, TrLoss:  0.67375, VaAcc: 0.7116, VaLoss:  0.85831	 20 sampled NNs | VaAcc: 0.5362 +- 0.0270 | VaLoss: 1.4063 +- 0.0829
387,  0 | TrAcc: 0.7863, TrLoss:  0.61801, VaAcc: 0.7187, VaLoss:  0.84783	 20 sampled NNs | VaAcc: 0.5217 +- 0.0396 | VaLoss: 1.4268 +- 0.1313
388,  0 | TrAcc: 0.7503, TrLoss:  0.72088, VaAcc: 0.7040, VaLoss:  0.85804	 20 sampled NNs | VaAcc: 0.5048 +- 0.0320 | VaLoss: 1.4515 +- 0.0905
389,  0 | TrAcc: 0.7577, TrLoss:  0.66921, VaAcc: 0.7074, VaLoss:  0.87254	 20 sampled NNs | VaAcc: 0.5311 +- 0.0326 | VaLoss: 1.4086 +- 0.0944
390,  0 | TrAcc: 0.7671, TrLoss:  0.67506, VaAcc: 0.7123, VaLoss:  0.85028	 20 sampled NNs | VaAcc: 0.5448 +- 0.0363 | VaLoss: 1.3423 +- 0.1060
391,  0 | TrAcc: 0.7801, TrLoss:  0.63125, VaAcc: 0.7107, VaLoss:  0.84982	 20 sampled NNs | VaAcc: 0.5440 +- 0.0237 | VaLoss: 1.3325 +- 0.0559
392,  0 | TrAcc: 0.7555, TrLoss:  0.70388, VaAcc: 0.7158, VaLoss:  0.84777	 20 sampled NNs | VaAcc: 0.5505 +- 0.0278 | VaLoss: 1.3438 +- 0.0829
393,  0 | TrAcc: 0.7462, TrLoss:  0.70877, VaAcc: 0.7031, VaLoss:  0.87108	 20 sampled NNs | VaAcc: 0.5204 +- 0.0229 | VaLoss: 1.4255 +- 0.0587
394,  0 | TrAcc: 0.7742, TrLoss:  0.65999, VaAcc: 0.7156, VaLoss:  0.83910	 20 sampled NNs | VaAcc: 0.5513 +- 0.0261 | VaLoss: 1.3629 +- 0.0622
395,  0 | TrAcc: 0.7555, TrLoss:  0.68973, VaAcc: 0.7061, VaLoss:  0.85353	 20 sampled NNs | VaAcc: 0.4895 +- 0.0191 | VaLoss: 1.4560 +- 0.0668
396,  0 | TrAcc: 0.7708, TrLoss:  0.64557, VaAcc: 0.7055, VaLoss:  0.86948	 20 sampled NNs | VaAcc: 0.5409 +- 0.0269 | VaLoss: 1.3866 +- 0.0782
397,  0 | TrAcc: 0.7640, TrLoss:  0.68463, VaAcc: 0.7118, VaLoss:  0.84376	 20 sampled NNs | VaAcc: 0.5324 +- 0.0372 | VaLoss: 1.3826 +- 0.0931
398,  0 | TrAcc: 0.7770, TrLoss:  0.64714, VaAcc: 0.6993, VaLoss:  0.87977	 20 sampled NNs | VaAcc: 0.5484 +- 0.0279 | VaLoss: 1.3526 +- 0.0694
399,  0 | TrAcc: 0.7575, TrLoss:  0.70894, VaAcc: 0.7163, VaLoss:  0.84101	 20 sampled NNs | VaAcc: 0.5329 +- 0.0281 | VaLoss: 1.3923 +- 0.0798
112063.82812399999
----------------------------
