

config:

HOME=/clusterFS/home/student/kopp13
PATH=/clusterFS/home/student/kopp13/miniconda3/envs/tensorflow/bin:/clusterFS/home/student/kopp13/miniconda3/bin:/clusterFS/home/student/kopp13/bin:/usr/local/bin:/usr/bin:/bin:/usr/local/games:/usr/games
LD_LIBRARY_PATH=
THEANO_FLAGS=floatX=float32,gpuarray.preallocate=0.9,dnn.library_path=/usr/lib/x86_64-linux-gnu,cxx=clang++-3.8,device=cuda,base_compiledir=/tmp/tmp.KLmxTMS8TS

=============================
CONFIG FILE

RNN CONFIG
{'data_multiplier': 1000,
 'gradient_clip_value': 0.5,
 'layer_configs': [{'layer_type': 'input'},
                   {'bc': {'init_m': 'xavier',
                           'init_v': -4.5,
                           'prior_m': 0.0,
                           'prior_v': 0.0,
                           'type': 'continuous'},
                    'bf': {'init_m': 'xavier',
                           'init_v': -4.5,
                           'prior_m': 0.0,
                           'prior_v': 0.0,
                           'type': 'continuous'},
                    'bi': {'init_m': 'xavier',
                           'init_v': -4.5,
                           'prior_m': 0.0,
                           'prior_v': 0.0,
                           'type': 'continuous'},
                    'bo': {'init_m': 'xavier',
                           'init_v': -4.5,
                           'prior_m': 0.0,
                           'prior_v': 0.0,
                           'type': 'continuous'},
                    'discrete_act': True,
                    'init_config': {'c': {'b': 'all_zero', 'w': 'xavier'},
                                    'f': {'b': 'all_one', 'w': 'all_zero'},
                                    'i': {'b': 'all_zero', 'w': 'xavier'},
                                    'o': {'b': 'all_zero', 'w': 'xavier'}},
                    'is_output': False,
                    'is_recurrent': True,
                    'layer_type': 'lstm',
                    'tau': 0.8,
                    'var_scope': 'lstm_0',
                    'wc': {'p0max': 0.95,
                           'p0min': 0.05,
                           'pmax': 0.99,
                           'pmin': 0.01,
                           'priors': [0.1, 0.8, 0.1],
                           'type': 'ternary'},
                    'wf': {'p0max': 0.95,
                           'p0min': 0.05,
                           'pmax': 0.99,
                           'pmin': 0.01,
                           'priors': [0.1, 0.8, 0.1],
                           'type': 'ternary'},
                    'wi': {'p0max': 0.95,
                           'p0min': 0.05,
                           'pmax': 0.99,
                           'pmin': 0.01,
                           'priors': [0.1, 0.8, 0.1],
                           'type': 'ternary'},
                    'wo': {'p0max': 0.95,
                           'p0min': 0.05,
                           'pmax': 0.99,
                           'pmin': 0.01,
                           'priors': [0.1, 0.8, 0.1],
                           'type': 'ternary'}},
                   {'bc': {'init_m': 'xavier',
                           'init_v': -4.5,
                           'prior_m': 0.0,
                           'prior_v': 0.0,
                           'type': 'continuous'},
                    'bf': {'init_m': 'xavier',
                           'init_v': -4.5,
                           'prior_m': 0.0,
                           'prior_v': 0.0,
                           'type': 'continuous'},
                    'bi': {'init_m': 'xavier',
                           'init_v': -4.5,
                           'prior_m': 0.0,
                           'prior_v': 0.0,
                           'type': 'continuous'},
                    'bo': {'init_m': 'xavier',
                           'init_v': -4.5,
                           'prior_m': 0.0,
                           'prior_v': 0.0,
                           'type': 'continuous'},
                    'discrete_act': True,
                    'init_config': {'c': {'b': 'all_zero', 'w': 'xavier'},
                                    'f': {'b': 'all_one', 'w': 'all_zero'},
                                    'i': {'b': 'all_zero', 'w': 'xavier'},
                                    'o': {'b': 'all_zero', 'w': 'xavier'}},
                    'is_output': False,
                    'is_recurrent': True,
                    'layer_type': 'lstm',
                    'tau': 0.8,
                    'var_scope': 'lstm_1',
                    'wc': {'p0max': 0.95,
                           'p0min': 0.05,
                           'pmax': 0.99,
                           'pmin': 0.01,
                           'priors': [0.1, 0.8, 0.1],
                           'type': 'ternary'},
                    'wf': {'p0max': 0.95,
                           'p0min': 0.05,
                           'pmax': 0.99,
                           'pmin': 0.01,
                           'priors': [0.1, 0.8, 0.1],
                           'type': 'ternary'},
                    'wi': {'p0max': 0.95,
                           'p0min': 0.05,
                           'pmax': 0.99,
                           'pmin': 0.01,
                           'priors': [0.1, 0.8, 0.1],
                           'type': 'ternary'},
                    'wo': {'p0max': 0.95,
                           'p0min': 0.05,
                           'pmax': 0.99,
                           'pmin': 0.01,
                           'priors': [0.1, 0.8, 0.1],
                           'type': 'ternary'}},
                   {'b': {'init_m': 'xavier',
                          'init_v': -4.5,
                          'prior_m': 0.0,
                          'prior_v': 0.0,
                          'type': 'continuous'},
                    'is_output': True,
                    'is_recurrent': False,
                    'layer_type': 'fc',
                    'regularization': {'mode': None, 'strength': 0.02},
                    'tau': 0.8,
                    'var_scope': 'output_layer',
                    'w': {'p0max': 0.95,
                          'p0min': 0.05,
                          'pmax': 0.99,
                          'pmin': 0.01,
                          'priors': [0.1, 0.8, 0.1],
                          'type': 'ternary'}}],
 'layout': [4, 60, 60, 10],
 'output_type': 'classification'}

DATA CONFIG
{'dataset': 'red_penstroke',
 'tr': {'in_seq_len': 30,
        'minibatch_enabled': True,
        'minibatch_size': 200,
        'out_seq_len': 5,
        'zero_padding': 20},
 'va': {'in_seq_len': 30,
        'minibatch_enabled': True,
        'minibatch_size': 200,
        'out_seq_len': 5,
        'zero_padding': 20}}

TRAINING CONFIG
{'beta_reg': 0.0,
 'is_pretrain': False,
 'learning_rate': 0.002,
 'mode': {'max_epochs': 400, 'min_error': 0.0, 'name': 'classic'},
 'task_id': 2,
 'type': 'l_sampling',
 'var_reg': 0.01}
==============================


  0,  0 | TrAcc: 0.1029, TrLoss:  2.66600, VaAcc: 0.1036, VaLoss:  2.66112	 20 sampled NNs | VaAcc: 0.0940 +- 0.0118 | VaLoss: 3.7148 +- 0.1365
  1,  0 | TrAcc: 0.1559, TrLoss:  2.25976, VaAcc: 0.1452, VaLoss:  2.24723	 20 sampled NNs | VaAcc: 0.1138 +- 0.0132 | VaLoss: 2.8617 +- 0.1005
  2,  0 | TrAcc: 0.2115, TrLoss:  2.13567, VaAcc: 0.2203, VaLoss:  2.10370	 20 sampled NNs | VaAcc: 0.1333 +- 0.0173 | VaLoss: 2.5424 +- 0.0747
  3,  0 | TrAcc: 0.2778, TrLoss:  1.87342, VaAcc: 0.2943, VaLoss:  1.85987	 20 sampled NNs | VaAcc: 0.1349 +- 0.0220 | VaLoss: 2.5920 +- 0.1025
  4,  0 | TrAcc: 0.3364, TrLoss:  1.76435, VaAcc: 0.3509, VaLoss:  1.69871	 20 sampled NNs | VaAcc: 0.1664 +- 0.0246 | VaLoss: 2.4636 +- 0.1404
  5,  0 | TrAcc: 0.3773, TrLoss:  1.63335, VaAcc: 0.3842, VaLoss:  1.63497	 20 sampled NNs | VaAcc: 0.1782 +- 0.0257 | VaLoss: 2.4623 +- 0.1111
  6,  0 | TrAcc: 0.3993, TrLoss:  1.62840, VaAcc: 0.4380, VaLoss:  1.51832	 20 sampled NNs | VaAcc: 0.1836 +- 0.0333 | VaLoss: 2.4201 +- 0.1249
  7,  0 | TrAcc: 0.4287, TrLoss:  1.53621, VaAcc: 0.4456, VaLoss:  1.51278	 20 sampled NNs | VaAcc: 0.1706 +- 0.0288 | VaLoss: 2.4875 +- 0.1247
  8,  0 | TrAcc: 0.4520, TrLoss:  1.46517, VaAcc: 0.4756, VaLoss:  1.43797	 20 sampled NNs | VaAcc: 0.1770 +- 0.0248 | VaLoss: 2.5076 +- 0.1342
  9,  0 | TrAcc: 0.4939, TrLoss:  1.38095, VaAcc: 0.4959, VaLoss:  1.36994	 20 sampled NNs | VaAcc: 0.1893 +- 0.0281 | VaLoss: 2.4127 +- 0.1497
 10,  0 | TrAcc: 0.4934, TrLoss:  1.42734, VaAcc: 0.5203, VaLoss:  1.35719	 20 sampled NNs | VaAcc: 0.2000 +- 0.0382 | VaLoss: 2.4277 +- 0.1558
 11,  0 | TrAcc: 0.5317, TrLoss:  1.29647, VaAcc: 0.5408, VaLoss:  1.31115	 20 sampled NNs | VaAcc: 0.2365 +- 0.0290 | VaLoss: 2.3687 +- 0.1306
 12,  0 | TrAcc: 0.5404, TrLoss:  1.27921, VaAcc: 0.5281, VaLoss:  1.33036	 20 sampled NNs | VaAcc: 0.2063 +- 0.0231 | VaLoss: 2.4955 +- 0.1524
 13,  0 | TrAcc: 0.5630, TrLoss:  1.22271, VaAcc: 0.5500, VaLoss:  1.26688	 20 sampled NNs | VaAcc: 0.1860 +- 0.0312 | VaLoss: 2.5251 +- 0.1163
 14,  0 | TrAcc: 0.5949, TrLoss:  1.13565, VaAcc: 0.5653, VaLoss:  1.23482	 20 sampled NNs | VaAcc: 0.2300 +- 0.0278 | VaLoss: 2.3920 +- 0.1269
 15,  0 | TrAcc: 0.5928, TrLoss:  1.15272, VaAcc: 0.5803, VaLoss:  1.21427	 20 sampled NNs | VaAcc: 0.2251 +- 0.0296 | VaLoss: 2.3943 +- 0.0953
 16,  0 | TrAcc: 0.5634, TrLoss:  1.22628, VaAcc: 0.5853, VaLoss:  1.20164	 20 sampled NNs | VaAcc: 0.2355 +- 0.0393 | VaLoss: 2.2805 +- 0.1648
 17,  0 | TrAcc: 0.5880, TrLoss:  1.16292, VaAcc: 0.5983, VaLoss:  1.15648	 20 sampled NNs | VaAcc: 0.2473 +- 0.0350 | VaLoss: 2.3006 +- 0.1617
 18,  0 | TrAcc: 0.6051, TrLoss:  1.11569, VaAcc: 0.5849, VaLoss:  1.20293	 20 sampled NNs | VaAcc: 0.2259 +- 0.0259 | VaLoss: 2.4206 +- 0.1325
 19,  0 | TrAcc: 0.6116, TrLoss:  1.10672, VaAcc: 0.5998, VaLoss:  1.14831	 20 sampled NNs | VaAcc: 0.2399 +- 0.0215 | VaLoss: 2.3594 +- 0.1286
 20,  0 | TrAcc: 0.6224, TrLoss:  1.10747, VaAcc: 0.6236, VaLoss:  1.08546	 20 sampled NNs | VaAcc: 0.2328 +- 0.0347 | VaLoss: 2.3025 +- 0.1234
 21,  0 | TrAcc: 0.6142, TrLoss:  1.10805, VaAcc: 0.6059, VaLoss:  1.13990	 20 sampled NNs | VaAcc: 0.2545 +- 0.0329 | VaLoss: 2.2799 +- 0.1492
 22,  0 | TrAcc: 0.6427, TrLoss:  1.03475, VaAcc: 0.6190, VaLoss:  1.09802	 20 sampled NNs | VaAcc: 0.2782 +- 0.0363 | VaLoss: 2.1947 +- 0.1209
 23,  0 | TrAcc: 0.6454, TrLoss:  0.99048, VaAcc: 0.6288, VaLoss:  1.08845	 20 sampled NNs | VaAcc: 0.2630 +- 0.0242 | VaLoss: 2.2553 +- 0.0868
 24,  0 | TrAcc: 0.6509, TrLoss:  1.00340, VaAcc: 0.6367, VaLoss:  1.05796	 20 sampled NNs | VaAcc: 0.2751 +- 0.0345 | VaLoss: 2.1711 +- 0.1252
 25,  0 | TrAcc: 0.6303, TrLoss:  1.02953, VaAcc: 0.6414, VaLoss:  1.04939	 20 sampled NNs | VaAcc: 0.2594 +- 0.0329 | VaLoss: 2.2230 +- 0.0993
 26,  0 | TrAcc: 0.6497, TrLoss:  1.01080, VaAcc: 0.6303, VaLoss:  1.07705	 20 sampled NNs | VaAcc: 0.2565 +- 0.0373 | VaLoss: 2.2784 +- 0.1295
 27,  0 | TrAcc: 0.6474, TrLoss:  1.01759, VaAcc: 0.6356, VaLoss:  1.06092	 20 sampled NNs | VaAcc: 0.2775 +- 0.0347 | VaLoss: 2.2175 +- 0.1525
 28,  0 | TrAcc: 0.6492, TrLoss:  0.98892, VaAcc: 0.6610, VaLoss:  1.00468	 20 sampled NNs | VaAcc: 0.2858 +- 0.0419 | VaLoss: 2.1579 +- 0.1427
 29,  0 | TrAcc: 0.6771, TrLoss:  0.94760, VaAcc: 0.6592, VaLoss:  1.01507	 20 sampled NNs | VaAcc: 0.3027 +- 0.0275 | VaLoss: 2.0833 +- 0.1025
 30,  0 | TrAcc: 0.6799, TrLoss:  0.92446, VaAcc: 0.6460, VaLoss:  1.02183	 20 sampled NNs | VaAcc: 0.2689 +- 0.0370 | VaLoss: 2.1860 +- 0.1382
 31,  0 | TrAcc: 0.6888, TrLoss:  0.91313, VaAcc: 0.6604, VaLoss:  0.98294	 20 sampled NNs | VaAcc: 0.3177 +- 0.0320 | VaLoss: 2.0372 +- 0.0784
 32,  0 | TrAcc: 0.6637, TrLoss:  0.98329, VaAcc: 0.6533, VaLoss:  1.00926	 20 sampled NNs | VaAcc: 0.2814 +- 0.0304 | VaLoss: 2.1826 +- 0.1148
 33,  0 | TrAcc: 0.6767, TrLoss:  0.95969, VaAcc: 0.6542, VaLoss:  1.02980	 20 sampled NNs | VaAcc: 0.2904 +- 0.0270 | VaLoss: 2.1482 +- 0.1207
 34,  0 | TrAcc: 0.6743, TrLoss:  0.95578, VaAcc: 0.6584, VaLoss:  1.00583	 20 sampled NNs | VaAcc: 0.2980 +- 0.0279 | VaLoss: 2.1152 +- 0.1159
 35,  0 | TrAcc: 0.6825, TrLoss:  0.92996, VaAcc: 0.6538, VaLoss:  1.00256	 20 sampled NNs | VaAcc: 0.3233 +- 0.0307 | VaLoss: 2.0658 +- 0.0936
 36,  0 | TrAcc: 0.7039, TrLoss:  0.86401, VaAcc: 0.6679, VaLoss:  0.97579	 20 sampled NNs | VaAcc: 0.3155 +- 0.0395 | VaLoss: 2.0910 +- 0.1385
 37,  0 | TrAcc: 0.6841, TrLoss:  0.92696, VaAcc: 0.6563, VaLoss:  0.99470	 20 sampled NNs | VaAcc: 0.3128 +- 0.0425 | VaLoss: 2.0715 +- 0.1522
 38,  0 | TrAcc: 0.6842, TrLoss:  0.90918, VaAcc: 0.6544, VaLoss:  0.98998	 20 sampled NNs | VaAcc: 0.3130 +- 0.0432 | VaLoss: 2.0284 +- 0.1381
 39,  0 | TrAcc: 0.6915, TrLoss:  0.92656, VaAcc: 0.6629, VaLoss:  0.98639	 20 sampled NNs | VaAcc: 0.3129 +- 0.0405 | VaLoss: 2.0810 +- 0.1313
 40,  0 | TrAcc: 0.6882, TrLoss:  0.90275, VaAcc: 0.6494, VaLoss:  1.01655	 20 sampled NNs | VaAcc: 0.3107 +- 0.0279 | VaLoss: 2.1133 +- 0.0683
 41,  0 | TrAcc: 0.6817, TrLoss:  0.92980, VaAcc: 0.6527, VaLoss:  0.99594	 20 sampled NNs | VaAcc: 0.3044 +- 0.0253 | VaLoss: 2.1184 +- 0.1126
 42,  0 | TrAcc: 0.7154, TrLoss:  0.85686, VaAcc: 0.6725, VaLoss:  0.95749	 20 sampled NNs | VaAcc: 0.3323 +- 0.0437 | VaLoss: 2.0927 +- 0.1689
 43,  0 | TrAcc: 0.7022, TrLoss:  0.87394, VaAcc: 0.6688, VaLoss:  0.96430	 20 sampled NNs | VaAcc: 0.3343 +- 0.0385 | VaLoss: 2.0201 +- 0.1269
 44,  0 | TrAcc: 0.7114, TrLoss:  0.81133, VaAcc: 0.6808, VaLoss:  0.95886	 20 sampled NNs | VaAcc: 0.3453 +- 0.0337 | VaLoss: 2.0222 +- 0.1081
 45,  0 | TrAcc: 0.6886, TrLoss:  0.88933, VaAcc: 0.6706, VaLoss:  0.97539	 20 sampled NNs | VaAcc: 0.3509 +- 0.0343 | VaLoss: 1.9763 +- 0.1148
 46,  0 | TrAcc: 0.6976, TrLoss:  0.88335, VaAcc: 0.6853, VaLoss:  0.95662	 20 sampled NNs | VaAcc: 0.3459 +- 0.0401 | VaLoss: 2.0716 +- 0.1355
 47,  0 | TrAcc: 0.7144, TrLoss:  0.81323, VaAcc: 0.6795, VaLoss:  0.94289	 20 sampled NNs | VaAcc: 0.3347 +- 0.0295 | VaLoss: 2.0345 +- 0.1028
 48,  0 | TrAcc: 0.7062, TrLoss:  0.84224, VaAcc: 0.6903, VaLoss:  0.92239	 20 sampled NNs | VaAcc: 0.3610 +- 0.0277 | VaLoss: 1.9689 +- 0.1184
 49,  0 | TrAcc: 0.7256, TrLoss:  0.82868, VaAcc: 0.6710, VaLoss:  0.96492	 20 sampled NNs | VaAcc: 0.3506 +- 0.0414 | VaLoss: 1.9951 +- 0.1611
 50,  0 | TrAcc: 0.7424, TrLoss:  0.76574, VaAcc: 0.6856, VaLoss:  0.92033	 20 sampled NNs | VaAcc: 0.3732 +- 0.0428 | VaLoss: 1.9567 +- 0.1204
 51,  0 | TrAcc: 0.7013, TrLoss:  0.88262, VaAcc: 0.6773, VaLoss:  0.93396	 20 sampled NNs | VaAcc: 0.3500 +- 0.0341 | VaLoss: 1.9553 +- 0.1113
 52,  0 | TrAcc: 0.7037, TrLoss:  0.86155, VaAcc: 0.6882, VaLoss:  0.92280	 20 sampled NNs | VaAcc: 0.3649 +- 0.0266 | VaLoss: 1.9110 +- 0.1039
 53,  0 | TrAcc: 0.7205, TrLoss:  0.82380, VaAcc: 0.6791, VaLoss:  0.94514	 20 sampled NNs | VaAcc: 0.3262 +- 0.0364 | VaLoss: 2.0361 +- 0.1263
 54,  0 | TrAcc: 0.7120, TrLoss:  0.80520, VaAcc: 0.6650, VaLoss:  0.95681	 20 sampled NNs | VaAcc: 0.3812 +- 0.0315 | VaLoss: 1.9126 +- 0.1265
 55,  0 | TrAcc: 0.7218, TrLoss:  0.78353, VaAcc: 0.6798, VaLoss:  0.94883	 20 sampled NNs | VaAcc: 0.3404 +- 0.0338 | VaLoss: 2.0320 +- 0.1094
 56,  0 | TrAcc: 0.7162, TrLoss:  0.81948, VaAcc: 0.6743, VaLoss:  0.94715	 20 sampled NNs | VaAcc: 0.3567 +- 0.0281 | VaLoss: 1.9745 +- 0.1094
 57,  0 | TrAcc: 0.7091, TrLoss:  0.83308, VaAcc: 0.6860, VaLoss:  0.92004	 20 sampled NNs | VaAcc: 0.3775 +- 0.0302 | VaLoss: 1.8729 +- 0.1094
 58,  0 | TrAcc: 0.7239, TrLoss:  0.79924, VaAcc: 0.6852, VaLoss:  0.93817	 20 sampled NNs | VaAcc: 0.3863 +- 0.0213 | VaLoss: 1.8999 +- 0.0848
 59,  0 | TrAcc: 0.7227, TrLoss:  0.80793, VaAcc: 0.6875, VaLoss:  0.91634	 20 sampled NNs | VaAcc: 0.3640 +- 0.0308 | VaLoss: 1.9896 +- 0.1206
 60,  0 | TrAcc: 0.7358, TrLoss:  0.76664, VaAcc: 0.6750, VaLoss:  0.95420	 20 sampled NNs | VaAcc: 0.3534 +- 0.0289 | VaLoss: 1.9600 +- 0.0744
 61,  0 | TrAcc: 0.7132, TrLoss:  0.82144, VaAcc: 0.6791, VaLoss:  0.93693	 20 sampled NNs | VaAcc: 0.3682 +- 0.0301 | VaLoss: 1.8903 +- 0.1001
 62,  0 | TrAcc: 0.7421, TrLoss:  0.71121, VaAcc: 0.6912, VaLoss:  0.91650	 20 sampled NNs | VaAcc: 0.3793 +- 0.0376 | VaLoss: 1.8952 +- 0.1402
 63,  0 | TrAcc: 0.7158, TrLoss:  0.81002, VaAcc: 0.6836, VaLoss:  0.90128	 20 sampled NNs | VaAcc: 0.3676 +- 0.0289 | VaLoss: 1.8816 +- 0.1150
 64,  0 | TrAcc: 0.7260, TrLoss:  0.77301, VaAcc: 0.6691, VaLoss:  0.94769	 20 sampled NNs | VaAcc: 0.3358 +- 0.0392 | VaLoss: 1.9675 +- 0.1116
 65,  0 | TrAcc: 0.7421, TrLoss:  0.75840, VaAcc: 0.6804, VaLoss:  0.92910	 20 sampled NNs | VaAcc: 0.3477 +- 0.0386 | VaLoss: 1.9826 +- 0.1303
 66,  0 | TrAcc: 0.7275, TrLoss:  0.77772, VaAcc: 0.6812, VaLoss:  0.95414	 20 sampled NNs | VaAcc: 0.3448 +- 0.0319 | VaLoss: 1.9938 +- 0.1088
 67,  0 | TrAcc: 0.7163, TrLoss:  0.83146, VaAcc: 0.6776, VaLoss:  0.94535	 20 sampled NNs | VaAcc: 0.3846 +- 0.0393 | VaLoss: 1.8558 +- 0.1237
 68,  0 | TrAcc: 0.7383, TrLoss:  0.76839, VaAcc: 0.6696, VaLoss:  0.94210	 20 sampled NNs | VaAcc: 0.3453 +- 0.0275 | VaLoss: 1.9434 +- 0.0954
 69,  0 | TrAcc: 0.7308, TrLoss:  0.78771, VaAcc: 0.6869, VaLoss:  0.91287	 20 sampled NNs | VaAcc: 0.3448 +- 0.0340 | VaLoss: 1.9948 +- 0.1059
 70,  0 | TrAcc: 0.7241, TrLoss:  0.77985, VaAcc: 0.6920, VaLoss:  0.90520	 20 sampled NNs | VaAcc: 0.3855 +- 0.0337 | VaLoss: 1.8521 +- 0.1075
 71,  0 | TrAcc: 0.7160, TrLoss:  0.80981, VaAcc: 0.6915, VaLoss:  0.91764	 20 sampled NNs | VaAcc: 0.3797 +- 0.0331 | VaLoss: 1.8878 +- 0.0948
 72,  0 | TrAcc: 0.7379, TrLoss:  0.75844, VaAcc: 0.6899, VaLoss:  0.91586	 20 sampled NNs | VaAcc: 0.3753 +- 0.0366 | VaLoss: 1.9395 +- 0.1305
 73,  0 | TrAcc: 0.7350, TrLoss:  0.76392, VaAcc: 0.6923, VaLoss:  0.90815	 20 sampled NNs | VaAcc: 0.3889 +- 0.0301 | VaLoss: 1.8289 +- 0.0931
 74,  0 | TrAcc: 0.7190, TrLoss:  0.80474, VaAcc: 0.6852, VaLoss:  0.90553	 20 sampled NNs | VaAcc: 0.3698 +- 0.0353 | VaLoss: 1.8963 +- 0.1141
 75,  0 | TrAcc: 0.7202, TrLoss:  0.79179, VaAcc: 0.6899, VaLoss:  0.90127	 20 sampled NNs | VaAcc: 0.3713 +- 0.0391 | VaLoss: 1.9433 +- 0.1321
 76,  0 | TrAcc: 0.7275, TrLoss:  0.77960, VaAcc: 0.6943, VaLoss:  0.89689	 20 sampled NNs | VaAcc: 0.3738 +- 0.0244 | VaLoss: 1.9061 +- 0.0993
 77,  0 | TrAcc: 0.7242, TrLoss:  0.81313, VaAcc: 0.6876, VaLoss:  0.92857	 20 sampled NNs | VaAcc: 0.3730 +- 0.0288 | VaLoss: 1.9649 +- 0.0948
 78,  0 | TrAcc: 0.7303, TrLoss:  0.76788, VaAcc: 0.6732, VaLoss:  0.94428	 20 sampled NNs | VaAcc: 0.3715 +- 0.0290 | VaLoss: 1.9224 +- 0.1173
 79,  0 | TrAcc: 0.7311, TrLoss:  0.78060, VaAcc: 0.6943, VaLoss:  0.88050	 20 sampled NNs | VaAcc: 0.3640 +- 0.0275 | VaLoss: 1.9233 +- 0.0947
 80,  0 | TrAcc: 0.7471, TrLoss:  0.72804, VaAcc: 0.6911, VaLoss:  0.91126	 20 sampled NNs | VaAcc: 0.3807 +- 0.0361 | VaLoss: 1.9128 +- 0.1439
 81,  0 | TrAcc: 0.7493, TrLoss:  0.72062, VaAcc: 0.6818, VaLoss:  0.93545	 20 sampled NNs | VaAcc: 0.3908 +- 0.0307 | VaLoss: 1.9166 +- 0.0983
 82,  0 | TrAcc: 0.7239, TrLoss:  0.78001, VaAcc: 0.6875, VaLoss:  0.92984	 20 sampled NNs | VaAcc: 0.3797 +- 0.0332 | VaLoss: 1.9348 +- 0.1226
 83,  0 | TrAcc: 0.7402, TrLoss:  0.73223, VaAcc: 0.6827, VaLoss:  0.92095	 20 sampled NNs | VaAcc: 0.4235 +- 0.0331 | VaLoss: 1.7330 +- 0.0922
 84,  0 | TrAcc: 0.7364, TrLoss:  0.76341, VaAcc: 0.6881, VaLoss:  0.91157	 20 sampled NNs | VaAcc: 0.3835 +- 0.0369 | VaLoss: 1.9169 +- 0.1272
 85,  0 | TrAcc: 0.7543, TrLoss:  0.71079, VaAcc: 0.6884, VaLoss:  0.91928	 20 sampled NNs | VaAcc: 0.4090 +- 0.0402 | VaLoss: 1.8144 +- 0.1286
 86,  0 | TrAcc: 0.7316, TrLoss:  0.75252, VaAcc: 0.6894, VaLoss:  0.92217	 20 sampled NNs | VaAcc: 0.4249 +- 0.0334 | VaLoss: 1.7139 +- 0.0881
 87,  0 | TrAcc: 0.7576, TrLoss:  0.69725, VaAcc: 0.6987, VaLoss:  0.88355	 20 sampled NNs | VaAcc: 0.3866 +- 0.0322 | VaLoss: 1.8797 +- 0.1107
 88,  0 | TrAcc: 0.7291, TrLoss:  0.78258, VaAcc: 0.6880, VaLoss:  0.92674	 20 sampled NNs | VaAcc: 0.3616 +- 0.0341 | VaLoss: 1.9551 +- 0.1111
 89,  0 | TrAcc: 0.7192, TrLoss:  0.79674, VaAcc: 0.6894, VaLoss:  0.91609	 20 sampled NNs | VaAcc: 0.4133 +- 0.0340 | VaLoss: 1.7818 +- 0.1105
 90,  0 | TrAcc: 0.7395, TrLoss:  0.75344, VaAcc: 0.6963, VaLoss:  0.89670	 20 sampled NNs | VaAcc: 0.3783 +- 0.0246 | VaLoss: 1.9135 +- 0.0994
 91,  0 | TrAcc: 0.7555, TrLoss:  0.71877, VaAcc: 0.6990, VaLoss:  0.91039	 20 sampled NNs | VaAcc: 0.3714 +- 0.0338 | VaLoss: 1.9039 +- 0.1181
 92,  0 | TrAcc: 0.7525, TrLoss:  0.70763, VaAcc: 0.6877, VaLoss:  0.92265	 20 sampled NNs | VaAcc: 0.4139 +- 0.0384 | VaLoss: 1.8466 +- 0.1308
 93,  0 | TrAcc: 0.7449, TrLoss:  0.72955, VaAcc: 0.6942, VaLoss:  0.89933	 20 sampled NNs | VaAcc: 0.3990 +- 0.0289 | VaLoss: 1.8475 +- 0.1278
 94,  0 | TrAcc: 0.7190, TrLoss:  0.81587, VaAcc: 0.7064, VaLoss:  0.84745	 20 sampled NNs | VaAcc: 0.4147 +- 0.0293 | VaLoss: 1.7426 +- 0.0761
 95,  0 | TrAcc: 0.7311, TrLoss:  0.77850, VaAcc: 0.7095, VaLoss:  0.85859	 20 sampled NNs | VaAcc: 0.3902 +- 0.0334 | VaLoss: 1.8195 +- 0.1005
 96,  0 | TrAcc: 0.7425, TrLoss:  0.74759, VaAcc: 0.6922, VaLoss:  0.88452	 20 sampled NNs | VaAcc: 0.3687 +- 0.0256 | VaLoss: 1.9266 +- 0.1060
 97,  0 | TrAcc: 0.7645, TrLoss:  0.67217, VaAcc: 0.6940, VaLoss:  0.89128	 20 sampled NNs | VaAcc: 0.4115 +- 0.0312 | VaLoss: 1.8238 +- 0.1096
 98,  0 | TrAcc: 0.7458, TrLoss:  0.72848, VaAcc: 0.6872, VaLoss:  0.88931	 20 sampled NNs | VaAcc: 0.3994 +- 0.0389 | VaLoss: 1.8416 +- 0.1190
 99,  0 | TrAcc: 0.7799, TrLoss:  0.64459, VaAcc: 0.6785, VaLoss:  0.92105	 20 sampled NNs | VaAcc: 0.3809 +- 0.0333 | VaLoss: 1.8935 +- 0.1252
100,  0 | TrAcc: 0.7348, TrLoss:  0.75117, VaAcc: 0.6963, VaLoss:  0.87152	 20 sampled NNs | VaAcc: 0.3814 +- 0.0265 | VaLoss: 1.8323 +- 0.0910
101,  0 | TrAcc: 0.7515, TrLoss:  0.73796, VaAcc: 0.6892, VaLoss:  0.89657	 20 sampled NNs | VaAcc: 0.3938 +- 0.0408 | VaLoss: 1.8134 +- 0.1087
102,  0 | TrAcc: 0.7364, TrLoss:  0.75891, VaAcc: 0.6914, VaLoss:  0.89663	 20 sampled NNs | VaAcc: 0.3989 +- 0.0211 | VaLoss: 1.8215 +- 0.0884
103,  0 | TrAcc: 0.7325, TrLoss:  0.77945, VaAcc: 0.6983, VaLoss:  0.86898	 20 sampled NNs | VaAcc: 0.3811 +- 0.0252 | VaLoss: 1.8352 +- 0.0979
104,  0 | TrAcc: 0.7539, TrLoss:  0.70585, VaAcc: 0.7045, VaLoss:  0.88085	 20 sampled NNs | VaAcc: 0.3848 +- 0.0275 | VaLoss: 1.8738 +- 0.1070
105,  0 | TrAcc: 0.7325, TrLoss:  0.77271, VaAcc: 0.6944, VaLoss:  0.90060	 20 sampled NNs | VaAcc: 0.3969 +- 0.0288 | VaLoss: 1.8342 +- 0.0959
106,  0 | TrAcc: 0.7584, TrLoss:  0.71373, VaAcc: 0.6979, VaLoss:  0.87962	 20 sampled NNs | VaAcc: 0.3943 +- 0.0250 | VaLoss: 1.8667 +- 0.1089
107,  0 | TrAcc: 0.7825, TrLoss:  0.64063, VaAcc: 0.7086, VaLoss:  0.86064	 20 sampled NNs | VaAcc: 0.4210 +- 0.0292 | VaLoss: 1.7629 +- 0.1059
108,  0 | TrAcc: 0.7414, TrLoss:  0.73999, VaAcc: 0.7019, VaLoss:  0.85680	 20 sampled NNs | VaAcc: 0.4151 +- 0.0298 | VaLoss: 1.7583 +- 0.0770
109,  0 | TrAcc: 0.7437, TrLoss:  0.71942, VaAcc: 0.7049, VaLoss:  0.85107	 20 sampled NNs | VaAcc: 0.4213 +- 0.0343 | VaLoss: 1.6847 +- 0.0872
110,  0 | TrAcc: 0.7533, TrLoss:  0.71059, VaAcc: 0.6994, VaLoss:  0.89248	 20 sampled NNs | VaAcc: 0.4202 +- 0.0262 | VaLoss: 1.7771 +- 0.0870
111,  0 | TrAcc: 0.7534, TrLoss:  0.72767, VaAcc: 0.7132, VaLoss:  0.85491	 20 sampled NNs | VaAcc: 0.4079 +- 0.0284 | VaLoss: 1.8007 +- 0.1046
112,  0 | TrAcc: 0.7543, TrLoss:  0.69468, VaAcc: 0.7057, VaLoss:  0.87754	 20 sampled NNs | VaAcc: 0.4211 +- 0.0348 | VaLoss: 1.7185 +- 0.0914
113,  0 | TrAcc: 0.7481, TrLoss:  0.72947, VaAcc: 0.7148, VaLoss:  0.83706	 20 sampled NNs | VaAcc: 0.4273 +- 0.0271 | VaLoss: 1.7373 +- 0.0890
114,  0 | TrAcc: 0.7838, TrLoss:  0.62134, VaAcc: 0.7118, VaLoss:  0.82876	 20 sampled NNs | VaAcc: 0.4331 +- 0.0284 | VaLoss: 1.7119 +- 0.0974
115,  0 | TrAcc: 0.7468, TrLoss:  0.73485, VaAcc: 0.6913, VaLoss:  0.87748	 20 sampled NNs | VaAcc: 0.3929 +- 0.0263 | VaLoss: 1.8241 +- 0.0892
116,  0 | TrAcc: 0.7669, TrLoss:  0.68090, VaAcc: 0.7061, VaLoss:  0.84834	 20 sampled NNs | VaAcc: 0.4204 +- 0.0231 | VaLoss: 1.7287 +- 0.0699
117,  0 | TrAcc: 0.7558, TrLoss:  0.70109, VaAcc: 0.7137, VaLoss:  0.83753	 20 sampled NNs | VaAcc: 0.4162 +- 0.0301 | VaLoss: 1.7595 +- 0.1041
118,  0 | TrAcc: 0.7558, TrLoss:  0.68471, VaAcc: 0.7177, VaLoss:  0.84406	 20 sampled NNs | VaAcc: 0.4477 +- 0.0278 | VaLoss: 1.6864 +- 0.0945
119,  0 | TrAcc: 0.7552, TrLoss:  0.70342, VaAcc: 0.7078, VaLoss:  0.85863	 20 sampled NNs | VaAcc: 0.4375 +- 0.0332 | VaLoss: 1.7138 +- 0.1026
120,  0 | TrAcc: 0.7647, TrLoss:  0.67624, VaAcc: 0.7042, VaLoss:  0.84298	 20 sampled NNs | VaAcc: 0.4202 +- 0.0253 | VaLoss: 1.7921 +- 0.0884
121,  0 | TrAcc: 0.7524, TrLoss:  0.69420, VaAcc: 0.7108, VaLoss:  0.85402	 20 sampled NNs | VaAcc: 0.4417 +- 0.0343 | VaLoss: 1.7071 +- 0.0809
122,  0 | TrAcc: 0.7548, TrLoss:  0.69187, VaAcc: 0.7074, VaLoss:  0.84524	 20 sampled NNs | VaAcc: 0.4420 +- 0.0241 | VaLoss: 1.6853 +- 0.0958
123,  0 | TrAcc: 0.7567, TrLoss:  0.70820, VaAcc: 0.7157, VaLoss:  0.82951	 20 sampled NNs | VaAcc: 0.4285 +- 0.0340 | VaLoss: 1.7078 +- 0.1234
124,  0 | TrAcc: 0.7504, TrLoss:  0.73131, VaAcc: 0.7123, VaLoss:  0.86032	 20 sampled NNs | VaAcc: 0.4253 +- 0.0391 | VaLoss: 1.7409 +- 0.1237
125,  0 | TrAcc: 0.7756, TrLoss:  0.65090, VaAcc: 0.7144, VaLoss:  0.84499	 20 sampled NNs | VaAcc: 0.4482 +- 0.0289 | VaLoss: 1.6809 +- 0.1173
126,  0 | TrAcc: 0.7589, TrLoss:  0.70492, VaAcc: 0.7067, VaLoss:  0.85791	 20 sampled NNs | VaAcc: 0.4273 +- 0.0225 | VaLoss: 1.7448 +- 0.0873
127,  0 | TrAcc: 0.7582, TrLoss:      nan, VaAcc: 0.7031, VaLoss:      nan	 20 sampled NNs | VaAcc: 0.4374 +- 0.0318 | VaLoss: 1.7188 +- 0.1013
128,  0 | TrAcc: 0.7486, TrLoss:  0.70458, VaAcc: 0.7017, VaLoss:  0.86901	 20 sampled NNs | VaAcc: 0.4178 +- 0.0276 | VaLoss: 1.7595 +- 0.1035
129,  0 | TrAcc: 0.7701, TrLoss:  0.68323, VaAcc: 0.7087, VaLoss:  0.84443	 20 sampled NNs | VaAcc: 0.4632 +- 0.0404 | VaLoss: 1.6178 +- 0.1117
130,  0 | TrAcc: 0.7447, TrLoss:  0.72519, VaAcc: 0.7004, VaLoss:  0.88207	 20 sampled NNs | VaAcc: 0.4319 +- 0.0308 | VaLoss: 1.7245 +- 0.1242
131,  0 | TrAcc: 0.7550, TrLoss:  0.70628, VaAcc: 0.7085, VaLoss:  0.84496	 20 sampled NNs | VaAcc: 0.4081 +- 0.0213 | VaLoss: 1.7705 +- 0.0959
132,  0 | TrAcc: 0.7491, TrLoss:  0.73881, VaAcc: 0.6989, VaLoss:  0.88325	 20 sampled NNs | VaAcc: 0.4223 +- 0.0308 | VaLoss: 1.7160 +- 0.0967
133,  0 | TrAcc: 0.7482, TrLoss:  0.70566, VaAcc: 0.6919, VaLoss:  0.88800	 20 sampled NNs | VaAcc: 0.4259 +- 0.0208 | VaLoss: 1.7526 +- 0.0869
134,  0 | TrAcc: 0.7700, TrLoss:  0.66436, VaAcc: 0.7059, VaLoss:  0.87948	 20 sampled NNs | VaAcc: 0.4352 +- 0.0290 | VaLoss: 1.7707 +- 0.1031
135,  0 | TrAcc: 0.7695, TrLoss:  0.67903, VaAcc: 0.7011, VaLoss:  0.86665	 20 sampled NNs | VaAcc: 0.4309 +- 0.0282 | VaLoss: 1.7251 +- 0.1069
136,  0 | TrAcc: 0.7531, TrLoss:  0.72243, VaAcc: 0.7006, VaLoss:  0.86619	 20 sampled NNs | VaAcc: 0.4368 +- 0.0292 | VaLoss: 1.7247 +- 0.1106
137,  0 | TrAcc: 0.7617, TrLoss:  0.67209, VaAcc: 0.7053, VaLoss:  0.86456	 20 sampled NNs | VaAcc: 0.4387 +- 0.0217 | VaLoss: 1.7062 +- 0.0823
138,  0 | TrAcc: 0.7663, TrLoss:  0.65412, VaAcc: 0.7106, VaLoss:  0.86188	 20 sampled NNs | VaAcc: 0.4512 +- 0.0269 | VaLoss: 1.6718 +- 0.0913
139,  0 | TrAcc: 0.7570, TrLoss:  0.66791, VaAcc: 0.7023, VaLoss:  0.86430	 20 sampled NNs | VaAcc: 0.4135 +- 0.0314 | VaLoss: 1.7909 +- 0.0981
140,  0 | TrAcc: 0.7519, TrLoss:  0.70845, VaAcc: 0.6950, VaLoss:  0.88153	 20 sampled NNs | VaAcc: 0.4345 +- 0.0252 | VaLoss: 1.7418 +- 0.1137
141,  0 | TrAcc: 0.7637, TrLoss:  0.68879, VaAcc: 0.7102, VaLoss:  0.85117	 20 sampled NNs | VaAcc: 0.4537 +- 0.0202 | VaLoss: 1.6824 +- 0.0645
142,  0 | TrAcc: 0.7714, TrLoss:  0.64904, VaAcc: 0.7086, VaLoss:  0.86333	 20 sampled NNs | VaAcc: 0.4188 +- 0.0354 | VaLoss: 1.7663 +- 0.1041
143,  0 | TrAcc: 0.7712, TrLoss:  0.66727, VaAcc: 0.7110, VaLoss:  0.84458	 20 sampled NNs | VaAcc: 0.4585 +- 0.0239 | VaLoss: 1.6520 +- 0.0902
144,  0 | TrAcc: 0.7681, TrLoss:  0.67673, VaAcc: 0.7144, VaLoss:  0.86681	 20 sampled NNs | VaAcc: 0.4640 +- 0.0322 | VaLoss: 1.6331 +- 0.1021
145,  0 | TrAcc: 0.7759, TrLoss:  0.66421, VaAcc: 0.7165, VaLoss:  0.84672	 20 sampled NNs | VaAcc: 0.4501 +- 0.0349 | VaLoss: 1.7028 +- 0.0960
146,  0 | TrAcc: 0.7759, TrLoss:  0.68072, VaAcc: 0.7073, VaLoss:  0.85415	 20 sampled NNs | VaAcc: 0.4386 +- 0.0308 | VaLoss: 1.6851 +- 0.0891
147,  0 | TrAcc: 0.7598, TrLoss:  0.66885, VaAcc: 0.7054, VaLoss:  0.85571	 20 sampled NNs | VaAcc: 0.4408 +- 0.0312 | VaLoss: 1.6601 +- 0.1065
148,  0 | TrAcc: 0.7415, TrLoss:  0.73142, VaAcc: 0.7029, VaLoss:  0.87566	 20 sampled NNs | VaAcc: 0.4447 +- 0.0262 | VaLoss: 1.6677 +- 0.0858
149,  0 | TrAcc: 0.7745, TrLoss:  0.63525, VaAcc: 0.7041, VaLoss:  0.85827	 20 sampled NNs | VaAcc: 0.4439 +- 0.0302 | VaLoss: 1.7112 +- 0.1076
150,  0 | TrAcc: 0.7562, TrLoss:  0.69059, VaAcc: 0.6939, VaLoss:  0.89438	 20 sampled NNs | VaAcc: 0.4321 +- 0.0289 | VaLoss: 1.7447 +- 0.1232
151,  0 | TrAcc: 0.7625, TrLoss:  0.67620, VaAcc: 0.7049, VaLoss:  0.84473	 20 sampled NNs | VaAcc: 0.4298 +- 0.0330 | VaLoss: 1.6947 +- 0.1004
152,  0 | TrAcc: 0.7638, TrLoss:  0.68029, VaAcc: 0.6998, VaLoss:  0.87577	 20 sampled NNs | VaAcc: 0.4563 +- 0.0189 | VaLoss: 1.6568 +- 0.0754
153,  0 | TrAcc: 0.7752, TrLoss:  0.65549, VaAcc: 0.7043, VaLoss:  0.87423	 20 sampled NNs | VaAcc: 0.4269 +- 0.0316 | VaLoss: 1.7334 +- 0.0821
154,  0 | TrAcc: 0.7607, TrLoss:  0.69008, VaAcc: 0.7118, VaLoss:  0.85021	 20 sampled NNs | VaAcc: 0.4349 +- 0.0347 | VaLoss: 1.7137 +- 0.1096
155,  0 | TrAcc: 0.7512, TrLoss:  0.70086, VaAcc: 0.7046, VaLoss:  0.87169	 20 sampled NNs | VaAcc: 0.4098 +- 0.0288 | VaLoss: 1.7820 +- 0.0979
156,  0 | TrAcc: 0.7637, TrLoss:  0.67885, VaAcc: 0.7114, VaLoss:  0.86318	 20 sampled NNs | VaAcc: 0.4581 +- 0.0224 | VaLoss: 1.6647 +- 0.0975
157,  0 | TrAcc: 0.7882, TrLoss:  0.61023, VaAcc: 0.7070, VaLoss:  0.84792	 20 sampled NNs | VaAcc: 0.4270 +- 0.0299 | VaLoss: 1.7486 +- 0.0912
158,  0 | TrAcc: 0.7633, TrLoss:  0.68501, VaAcc: 0.7062, VaLoss:  0.87785	 20 sampled NNs | VaAcc: 0.4370 +- 0.0308 | VaLoss: 1.7024 +- 0.0749
159,  0 | TrAcc: 0.7536, TrLoss:  0.70172, VaAcc: 0.7108, VaLoss:  0.87967	 20 sampled NNs | VaAcc: 0.4476 +- 0.0285 | VaLoss: 1.6677 +- 0.1172
160,  0 | TrAcc: 0.7936, TrLoss:  0.60199, VaAcc: 0.7017, VaLoss:  0.88549	 20 sampled NNs | VaAcc: 0.3998 +- 0.0360 | VaLoss: 1.8468 +- 0.0982
161,  0 | TrAcc: 0.7525, TrLoss:  0.71660, VaAcc: 0.6989, VaLoss:  0.87685	 20 sampled NNs | VaAcc: 0.4436 +- 0.0295 | VaLoss: 1.6487 +- 0.1008
162,  0 | TrAcc: 0.7527, TrLoss:  0.70753, VaAcc: 0.6997, VaLoss:  0.88276	 20 sampled NNs | VaAcc: 0.4361 +- 0.0311 | VaLoss: 1.7506 +- 0.1188
163,  0 | TrAcc: 0.7586, TrLoss:  0.72137, VaAcc: 0.7092, VaLoss:  0.87462	 20 sampled NNs | VaAcc: 0.4578 +- 0.0298 | VaLoss: 1.7031 +- 0.1186
164,  0 | TrAcc: 0.7553, TrLoss:  0.67748, VaAcc: 0.7102, VaLoss:  0.86301	 20 sampled NNs | VaAcc: 0.4563 +- 0.0215 | VaLoss: 1.6659 +- 0.0800
165,  0 | TrAcc: 0.7525, TrLoss:  0.70550, VaAcc: 0.6984, VaLoss:  0.88621	 20 sampled NNs | VaAcc: 0.4207 +- 0.0238 | VaLoss: 1.7282 +- 0.1024
166,  0 | TrAcc: 0.7622, TrLoss:  0.67509, VaAcc: 0.6978, VaLoss:  0.87597	 20 sampled NNs | VaAcc: 0.4199 +- 0.0272 | VaLoss: 1.7815 +- 0.0914
167,  0 | TrAcc: 0.7486, TrLoss:  0.71443, VaAcc: 0.7105, VaLoss:  0.87902	 20 sampled NNs | VaAcc: 0.4307 +- 0.0279 | VaLoss: 1.7137 +- 0.0812
168,  0 | TrAcc: 0.7507, TrLoss:  0.71075, VaAcc: 0.7064, VaLoss:  0.85699	 20 sampled NNs | VaAcc: 0.4612 +- 0.0276 | VaLoss: 1.6765 +- 0.1049
169,  0 | TrAcc: 0.7725, TrLoss:  0.63661, VaAcc: 0.7083, VaLoss:  0.85644	 20 sampled NNs | VaAcc: 0.4547 +- 0.0288 | VaLoss: 1.6098 +- 0.0844
170,  0 | TrAcc: 0.7824, TrLoss:  0.61862, VaAcc: 0.7164, VaLoss:  0.83503	 20 sampled NNs | VaAcc: 0.4726 +- 0.0322 | VaLoss: 1.5824 +- 0.1069
171,  0 | TrAcc: 0.7599, TrLoss:  0.67409, VaAcc: 0.7186, VaLoss:  0.84629	 20 sampled NNs | VaAcc: 0.4594 +- 0.0241 | VaLoss: 1.6553 +- 0.0663
172,  0 | TrAcc: 0.7658, TrLoss:  0.66355, VaAcc: 0.7042, VaLoss:  0.87791	 20 sampled NNs | VaAcc: 0.4530 +- 0.0298 | VaLoss: 1.6914 +- 0.0996
173,  0 | TrAcc: 0.7386, TrLoss:  0.73380, VaAcc: 0.7154, VaLoss:  0.84732	 20 sampled NNs | VaAcc: 0.4548 +- 0.0304 | VaLoss: 1.6558 +- 0.0871
174,  0 | TrAcc: 0.7655, TrLoss:  0.66918, VaAcc: 0.6991, VaLoss:  0.88668	 20 sampled NNs | VaAcc: 0.4180 +- 0.0360 | VaLoss: 1.7956 +- 0.1348
175,  0 | TrAcc: 0.7873, TrLoss:  0.62572, VaAcc: 0.7047, VaLoss:  0.87633	 20 sampled NNs | VaAcc: 0.4507 +- 0.0293 | VaLoss: 1.6708 +- 0.0886
176,  0 | TrAcc: 0.7692, TrLoss:  0.64755, VaAcc: 0.6996, VaLoss:  0.88518	 20 sampled NNs | VaAcc: 0.4030 +- 0.0269 | VaLoss: 1.8598 +- 0.1067
177,  0 | TrAcc: 0.7801, TrLoss:  0.65054, VaAcc: 0.7116, VaLoss:  0.86831	 20 sampled NNs | VaAcc: 0.4558 +- 0.0331 | VaLoss: 1.6573 +- 0.1187
178,  0 | TrAcc: 0.7787, TrLoss:  0.61921, VaAcc: 0.7062, VaLoss:  0.87228	 20 sampled NNs | VaAcc: 0.4465 +- 0.0253 | VaLoss: 1.7059 +- 0.0995
179,  0 | TrAcc: 0.7940, TrLoss:  0.60603, VaAcc: 0.7017, VaLoss:  0.87968	 20 sampled NNs | VaAcc: 0.4552 +- 0.0204 | VaLoss: 1.6898 +- 0.0647
180,  0 | TrAcc: 0.7689, TrLoss:  0.65354, VaAcc: 0.7103, VaLoss:  0.84822	 20 sampled NNs | VaAcc: 0.4655 +- 0.0289 | VaLoss: 1.6076 +- 0.0870
181,  0 | TrAcc: 0.7838, TrLoss:  0.63270, VaAcc: 0.7246, VaLoss:  0.83181	 20 sampled NNs | VaAcc: 0.4562 +- 0.0339 | VaLoss: 1.6998 +- 0.0812
182,  0 | TrAcc: 0.7549, TrLoss:  0.70494, VaAcc: 0.7141, VaLoss:  0.84051	 20 sampled NNs | VaAcc: 0.4294 +- 0.0280 | VaLoss: 1.7313 +- 0.0982
183,  0 | TrAcc: 0.7604, TrLoss:  0.67060, VaAcc: 0.7086, VaLoss:  0.84651	 20 sampled NNs | VaAcc: 0.4755 +- 0.0227 | VaLoss: 1.6247 +- 0.0800
184,  0 | TrAcc: 0.7942, TrLoss:  0.60724, VaAcc: 0.7214, VaLoss:  0.84156	 20 sampled NNs | VaAcc: 0.4427 +- 0.0179 | VaLoss: 1.7377 +- 0.0562
185,  0 | TrAcc: 0.7497, TrLoss:  0.72256, VaAcc: 0.7130, VaLoss:  0.82504	 20 sampled NNs | VaAcc: 0.4351 +- 0.0343 | VaLoss: 1.6576 +- 0.0672
186,  0 | TrAcc: 0.7712, TrLoss:  0.66774, VaAcc: 0.7032, VaLoss:  0.84254	 20 sampled NNs | VaAcc: 0.4533 +- 0.0296 | VaLoss: 1.6349 +- 0.0976
187,  0 | TrAcc: 0.7690, TrLoss:  0.68450, VaAcc: 0.7013, VaLoss:  0.87567	 20 sampled NNs | VaAcc: 0.4607 +- 0.0266 | VaLoss: 1.6718 +- 0.0714
188,  0 | TrAcc: 0.7652, TrLoss:  0.68000, VaAcc: 0.7137, VaLoss:  0.83322	 20 sampled NNs | VaAcc: 0.4624 +- 0.0295 | VaLoss: 1.6033 +- 0.0947
189,  0 | TrAcc: 0.7790, TrLoss:  0.63725, VaAcc: 0.7082, VaLoss:  0.85203	 20 sampled NNs | VaAcc: 0.4726 +- 0.0262 | VaLoss: 1.6131 +- 0.1051
190,  0 | TrAcc: 0.7676, TrLoss:  0.64672, VaAcc: 0.7045, VaLoss:  0.86282	 20 sampled NNs | VaAcc: 0.4596 +- 0.0284 | VaLoss: 1.6419 +- 0.0842
191,  0 | TrAcc: 0.7738, TrLoss:  0.62242, VaAcc: 0.7029, VaLoss:  0.84921	 20 sampled NNs | VaAcc: 0.4784 +- 0.0333 | VaLoss: 1.5531 +- 0.0852
192,  0 | TrAcc: 0.7623, TrLoss:  0.68111, VaAcc: 0.7057, VaLoss:  0.84042	 20 sampled NNs | VaAcc: 0.4267 +- 0.0254 | VaLoss: 1.6738 +- 0.0878
193,  0 | TrAcc: 0.7754, TrLoss:  0.66976, VaAcc: 0.7145, VaLoss:  0.85991	 20 sampled NNs | VaAcc: 0.4776 +- 0.0230 | VaLoss: 1.6060 +- 0.0845
194,  0 | TrAcc: 0.7745, TrLoss:  0.65427, VaAcc: 0.7130, VaLoss:  0.85345	 20 sampled NNs | VaAcc: 0.4598 +- 0.0235 | VaLoss: 1.6572 +- 0.0807
195,  0 | TrAcc: 0.7625, TrLoss:  0.66919, VaAcc: 0.7229, VaLoss:  0.81567	 20 sampled NNs | VaAcc: 0.4867 +- 0.0262 | VaLoss: 1.5653 +- 0.0939
196,  0 | TrAcc: 0.7777, TrLoss:  0.63549, VaAcc: 0.7215, VaLoss:  0.81845	 20 sampled NNs | VaAcc: 0.4882 +- 0.0220 | VaLoss: 1.5736 +- 0.0810
197,  0 | TrAcc: 0.7350, TrLoss:  0.74226, VaAcc: 0.7170, VaLoss:  0.84094	 20 sampled NNs | VaAcc: 0.4545 +- 0.0344 | VaLoss: 1.6634 +- 0.0997
198,  0 | TrAcc: 0.7763, TrLoss:  0.64686, VaAcc: 0.7119, VaLoss:  0.84312	 20 sampled NNs | VaAcc: 0.4787 +- 0.0222 | VaLoss: 1.5831 +- 0.0792
199,  0 | TrAcc: 0.7634, TrLoss:  0.67425, VaAcc: 0.7147, VaLoss:  0.84732	 20 sampled NNs | VaAcc: 0.4721 +- 0.0316 | VaLoss: 1.6223 +- 0.1067
200,  0 | TrAcc: 0.7860, TrLoss:  0.63003, VaAcc: 0.7109, VaLoss:  0.86352	 20 sampled NNs | VaAcc: 0.4387 +- 0.0333 | VaLoss: 1.6815 +- 0.0957
201,  0 | TrAcc: 0.7699, TrLoss:  0.66910, VaAcc: 0.7116, VaLoss:  0.84253	 20 sampled NNs | VaAcc: 0.4490 +- 0.0243 | VaLoss: 1.6470 +- 0.0840
202,  0 | TrAcc: 0.7740, TrLoss:  0.66850, VaAcc: 0.7081, VaLoss:  0.85038	 20 sampled NNs | VaAcc: 0.4648 +- 0.0252 | VaLoss: 1.6195 +- 0.0850
203,  0 | TrAcc: 0.7763, TrLoss:  0.64277, VaAcc: 0.7132, VaLoss:  0.84470	 20 sampled NNs | VaAcc: 0.4667 +- 0.0317 | VaLoss: 1.5726 +- 0.0977
204,  0 | TrAcc: 0.7537, TrLoss:  0.69724, VaAcc: 0.7131, VaLoss:  0.84594	 20 sampled NNs | VaAcc: 0.4498 +- 0.0273 | VaLoss: 1.6433 +- 0.0855
205,  0 | TrAcc: 0.7678, TrLoss:  0.66410, VaAcc: 0.7130, VaLoss:  0.83455	 20 sampled NNs | VaAcc: 0.4648 +- 0.0285 | VaLoss: 1.5845 +- 0.0829
206,  0 | TrAcc: 0.7573, TrLoss:  0.68997, VaAcc: 0.7169, VaLoss:  0.83461	 20 sampled NNs | VaAcc: 0.4524 +- 0.0254 | VaLoss: 1.6329 +- 0.0761
207,  0 | TrAcc: 0.7814, TrLoss:  0.63760, VaAcc: 0.7045, VaLoss:  0.88170	 20 sampled NNs | VaAcc: 0.4805 +- 0.0249 | VaLoss: 1.5901 +- 0.0769
208,  0 | TrAcc: 0.7750, TrLoss:  0.63387, VaAcc: 0.7234, VaLoss:  0.83768	 20 sampled NNs | VaAcc: 0.4837 +- 0.0335 | VaLoss: 1.5731 +- 0.1373
209,  0 | TrAcc: 0.7740, TrLoss:  0.64907, VaAcc: 0.7107, VaLoss:  0.85568	 20 sampled NNs | VaAcc: 0.4861 +- 0.0227 | VaLoss: 1.5738 +- 0.0638
210,  0 | TrAcc: 0.7822, TrLoss:  0.63502, VaAcc: 0.7133, VaLoss:  0.84205	 20 sampled NNs | VaAcc: 0.4443 +- 0.0236 | VaLoss: 1.6589 +- 0.1145
211,  0 | TrAcc: 0.7540, TrLoss:  0.70712, VaAcc: 0.7146, VaLoss:  0.84872	 20 sampled NNs | VaAcc: 0.4774 +- 0.0227 | VaLoss: 1.5770 +- 0.0783
212,  0 | TrAcc: 0.7800, TrLoss:  0.63456, VaAcc: 0.7181, VaLoss:  0.84018	 20 sampled NNs | VaAcc: 0.4688 +- 0.0328 | VaLoss: 1.6191 +- 0.0933
213,  0 | TrAcc: 0.7699, TrLoss:  0.65349, VaAcc: 0.7163, VaLoss:  0.84245	 20 sampled NNs | VaAcc: 0.4647 +- 0.0275 | VaLoss: 1.6640 +- 0.0690
214,  0 | TrAcc: 0.7680, TrLoss:  0.64653, VaAcc: 0.7159, VaLoss:  0.84557	 20 sampled NNs | VaAcc: 0.4546 +- 0.0311 | VaLoss: 1.6630 +- 0.0937
215,  0 | TrAcc: 0.7918, TrLoss:  0.60847, VaAcc: 0.7058, VaLoss:  0.84687	 20 sampled NNs | VaAcc: 0.4733 +- 0.0325 | VaLoss: 1.6020 +- 0.0911
216,  0 | TrAcc: 0.7882, TrLoss:  0.61391, VaAcc: 0.7252, VaLoss:  0.81398	 20 sampled NNs | VaAcc: 0.4813 +- 0.0229 | VaLoss: 1.6111 +- 0.0829
217,  0 | TrAcc: 0.7735, TrLoss:  0.62060, VaAcc: 0.7186, VaLoss:  0.82387	 20 sampled NNs | VaAcc: 0.4463 +- 0.0195 | VaLoss: 1.6871 +- 0.0638
218,  0 | TrAcc: 0.7678, TrLoss:  0.68054, VaAcc: 0.7206, VaLoss:  0.82711	 20 sampled NNs | VaAcc: 0.4569 +- 0.0292 | VaLoss: 1.6981 +- 0.0744
219,  0 | TrAcc: 0.7730, TrLoss:  0.64600, VaAcc: 0.7129, VaLoss:  0.82740	 20 sampled NNs | VaAcc: 0.4533 +- 0.0298 | VaLoss: 1.6329 +- 0.0985
220,  0 | TrAcc: 0.7727, TrLoss:  0.64778, VaAcc: 0.7224, VaLoss:  0.83226	 20 sampled NNs | VaAcc: 0.4665 +- 0.0265 | VaLoss: 1.5861 +- 0.1007
221,  0 | TrAcc: 0.7672, TrLoss:  0.67163, VaAcc: 0.7132, VaLoss:  0.83307	 20 sampled NNs | VaAcc: 0.4688 +- 0.0333 | VaLoss: 1.6442 +- 0.1168
222,  0 | TrAcc: 0.7800, TrLoss:  0.62808, VaAcc: 0.7100, VaLoss:  0.84775	 20 sampled NNs | VaAcc: 0.4663 +- 0.0317 | VaLoss: 1.6377 +- 0.0889
223,  0 | TrAcc: 0.7874, TrLoss:  0.62368, VaAcc: 0.7217, VaLoss:  0.82709	 20 sampled NNs | VaAcc: 0.4891 +- 0.0219 | VaLoss: 1.5509 +- 0.0669
224,  0 | TrAcc: 0.7656, TrLoss:  0.69135, VaAcc: 0.7125, VaLoss:  0.84970	 20 sampled NNs | VaAcc: 0.4652 +- 0.0261 | VaLoss: 1.5940 +- 0.0928
225,  0 | TrAcc: 0.7690, TrLoss:  0.66442, VaAcc: 0.7197, VaLoss:  0.84453	 20 sampled NNs | VaAcc: 0.4712 +- 0.0253 | VaLoss: 1.5797 +- 0.0885
226,  0 | TrAcc: 0.7730, TrLoss:  0.63642, VaAcc: 0.7219, VaLoss:  0.82660	 20 sampled NNs | VaAcc: 0.4767 +- 0.0318 | VaLoss: 1.5656 +- 0.0979
227,  0 | TrAcc: 0.7702, TrLoss:  0.66876, VaAcc: 0.7158, VaLoss:  0.82355	 20 sampled NNs | VaAcc: 0.4209 +- 0.0359 | VaLoss: 1.7464 +- 0.1151
228,  0 | TrAcc: 0.7867, TrLoss:  0.59595, VaAcc: 0.7149, VaLoss:  0.84838	 20 sampled NNs | VaAcc: 0.4762 +- 0.0244 | VaLoss: 1.5873 +- 0.0901
229,  0 | TrAcc: 0.7805, TrLoss:  0.62768, VaAcc: 0.7123, VaLoss:  0.85886	 20 sampled NNs | VaAcc: 0.4536 +- 0.0265 | VaLoss: 1.6553 +- 0.0798
230,  0 | TrAcc: 0.7655, TrLoss:  0.65344, VaAcc: 0.7122, VaLoss:  0.82925	 20 sampled NNs | VaAcc: 0.4709 +- 0.0285 | VaLoss: 1.5662 +- 0.0990
231,  0 | TrAcc: 0.7872, TrLoss:  0.61149, VaAcc: 0.7143, VaLoss:  0.84937	 20 sampled NNs | VaAcc: 0.4699 +- 0.0228 | VaLoss: 1.5809 +- 0.0885
232,  0 | TrAcc: 0.7673, TrLoss:  0.68165, VaAcc: 0.7110, VaLoss:  0.85013	 20 sampled NNs | VaAcc: 0.4767 +- 0.0305 | VaLoss: 1.5989 +- 0.0919
233,  0 | TrAcc: 0.7608, TrLoss:  0.69489, VaAcc: 0.7132, VaLoss:  0.82840	 20 sampled NNs | VaAcc: 0.4911 +- 0.0272 | VaLoss: 1.5470 +- 0.0977
234,  0 | TrAcc: 0.7864, TrLoss:  0.61537, VaAcc: 0.7079, VaLoss:  0.81921	 20 sampled NNs | VaAcc: 0.4779 +- 0.0233 | VaLoss: 1.6012 +- 0.0814
235,  0 | TrAcc: 0.7814, TrLoss:  0.62983, VaAcc: 0.7155, VaLoss:  0.82509	 20 sampled NNs | VaAcc: 0.4695 +- 0.0268 | VaLoss: 1.6001 +- 0.0871
236,  0 | TrAcc: 0.7775, TrLoss:  0.64495, VaAcc: 0.7149, VaLoss:  0.83300	 20 sampled NNs | VaAcc: 0.4923 +- 0.0245 | VaLoss: 1.5414 +- 0.0835
237,  0 | TrAcc: 0.7691, TrLoss:  0.65357, VaAcc: 0.7127, VaLoss:  0.86842	 20 sampled NNs | VaAcc: 0.4597 +- 0.0315 | VaLoss: 1.7020 +- 0.1099
238,  0 | TrAcc: 0.7635, TrLoss:  0.65631, VaAcc: 0.7183, VaLoss:  0.81261	 20 sampled NNs | VaAcc: 0.4744 +- 0.0251 | VaLoss: 1.5613 +- 0.0947
239,  0 | TrAcc: 0.7949, TrLoss:  0.62550, VaAcc: 0.7132, VaLoss:  0.82980	 20 sampled NNs | VaAcc: 0.4702 +- 0.0195 | VaLoss: 1.5609 +- 0.0858
240,  0 | TrAcc: 0.7451, TrLoss:  0.72669, VaAcc: 0.7052, VaLoss:  0.86164	 20 sampled NNs | VaAcc: 0.4497 +- 0.0254 | VaLoss: 1.6617 +- 0.0922
241,  0 | TrAcc: 0.7715, TrLoss:  0.65542, VaAcc: 0.7145, VaLoss:  0.83331	 20 sampled NNs | VaAcc: 0.4860 +- 0.0325 | VaLoss: 1.5523 +- 0.1150
242,  0 | TrAcc: 0.7692, TrLoss:  0.65182, VaAcc: 0.7141, VaLoss:  0.82002	 20 sampled NNs | VaAcc: 0.4686 +- 0.0314 | VaLoss: 1.5856 +- 0.1150
243,  0 | TrAcc: 0.7689, TrLoss:  0.64761, VaAcc: 0.7209, VaLoss:  0.81984	 20 sampled NNs | VaAcc: 0.4613 +- 0.0223 | VaLoss: 1.5931 +- 0.0725
244,  0 | TrAcc: 0.8175, TrLoss:  0.54940, VaAcc: 0.7146, VaLoss:  0.83234	 20 sampled NNs | VaAcc: 0.4858 +- 0.0325 | VaLoss: 1.5823 +- 0.1156
245,  0 | TrAcc: 0.7687, TrLoss:  0.67877, VaAcc: 0.7150, VaLoss:  0.82477	 20 sampled NNs | VaAcc: 0.4875 +- 0.0267 | VaLoss: 1.5218 +- 0.0807
246,  0 | TrAcc: 0.7752, TrLoss:  0.65989, VaAcc: 0.7180, VaLoss:  0.82254	 20 sampled NNs | VaAcc: 0.4948 +- 0.0287 | VaLoss: 1.5461 +- 0.0873
247,  0 | TrAcc: 0.7713, TrLoss:  0.64283, VaAcc: 0.7168, VaLoss:  0.81873	 20 sampled NNs | VaAcc: 0.4623 +- 0.0284 | VaLoss: 1.5728 +- 0.1098
248,  0 | TrAcc: 0.7566, TrLoss:  0.71359, VaAcc: 0.7196, VaLoss:  0.82969	 20 sampled NNs | VaAcc: 0.4859 +- 0.0297 | VaLoss: 1.5794 +- 0.1051
249,  0 | TrAcc: 0.7733, TrLoss:  0.64084, VaAcc: 0.7147, VaLoss:  0.81525	 20 sampled NNs | VaAcc: 0.4901 +- 0.0264 | VaLoss: 1.5222 +- 0.1016
250,  0 | TrAcc: 0.7774, TrLoss:  0.66154, VaAcc: 0.7140, VaLoss:  0.83316	 20 sampled NNs | VaAcc: 0.4956 +- 0.0230 | VaLoss: 1.4745 +- 0.0681
251,  0 | TrAcc: 0.7785, TrLoss:  0.64311, VaAcc: 0.7173, VaLoss:  0.82775	 20 sampled NNs | VaAcc: 0.4797 +- 0.0294 | VaLoss: 1.5284 +- 0.1011
252,  0 | TrAcc: 0.7629, TrLoss:  0.65613, VaAcc: 0.7090, VaLoss:  0.83717	 20 sampled NNs | VaAcc: 0.4742 +- 0.0297 | VaLoss: 1.5339 +- 0.0677
253,  0 | TrAcc: 0.7882, TrLoss:  0.61418, VaAcc: 0.7202, VaLoss:  0.82458	 20 sampled NNs | VaAcc: 0.4854 +- 0.0203 | VaLoss: 1.5817 +- 0.0712
254,  0 | TrAcc: 0.7662, TrLoss:  0.66506, VaAcc: 0.7117, VaLoss:  0.82281	 20 sampled NNs | VaAcc: 0.4979 +- 0.0233 | VaLoss: 1.4791 +- 0.0680
255,  0 | TrAcc: 0.7772, TrLoss:  0.63385, VaAcc: 0.7061, VaLoss:  0.85629	 20 sampled NNs | VaAcc: 0.4885 +- 0.0185 | VaLoss: 1.5944 +- 0.0591
256,  0 | TrAcc: 0.7990, TrLoss:  0.56039, VaAcc: 0.7141, VaLoss:  0.82785	 20 sampled NNs | VaAcc: 0.4976 +- 0.0285 | VaLoss: 1.5158 +- 0.0713
257,  0 | TrAcc: 0.7467, TrLoss:  0.71667, VaAcc: 0.7131, VaLoss:  0.83775	 20 sampled NNs | VaAcc: 0.4809 +- 0.0293 | VaLoss: 1.5443 +- 0.0869
258,  0 | TrAcc: 0.7883, TrLoss:  0.58852, VaAcc: 0.7070, VaLoss:  0.83611	 20 sampled NNs | VaAcc: 0.4912 +- 0.0300 | VaLoss: 1.5467 +- 0.0997
259,  0 | TrAcc: 0.7870, TrLoss:  0.61493, VaAcc: 0.7141, VaLoss:  0.83588	 20 sampled NNs | VaAcc: 0.4694 +- 0.0266 | VaLoss: 1.5815 +- 0.0931
260,  0 | TrAcc: 0.7639, TrLoss:  0.66528, VaAcc: 0.7134, VaLoss:  0.84205	 20 sampled NNs | VaAcc: 0.4704 +- 0.0255 | VaLoss: 1.5607 +- 0.0889
261,  0 | TrAcc: 0.7766, TrLoss:  0.62402, VaAcc: 0.7114, VaLoss:  0.82761	 20 sampled NNs | VaAcc: 0.5017 +- 0.0284 | VaLoss: 1.5269 +- 0.0735
262,  0 | TrAcc: 0.7621, TrLoss:  0.65736, VaAcc: 0.7170, VaLoss:  0.81798	 20 sampled NNs | VaAcc: 0.4876 +- 0.0248 | VaLoss: 1.5498 +- 0.0711
263,  0 | TrAcc: 0.7860, TrLoss:  0.61028, VaAcc: 0.7074, VaLoss:  0.85016	 20 sampled NNs | VaAcc: 0.4988 +- 0.0261 | VaLoss: 1.5141 +- 0.0858
264,  0 | TrAcc: 0.7718, TrLoss:  0.64839, VaAcc: 0.7106, VaLoss:  0.82732	 20 sampled NNs | VaAcc: 0.4856 +- 0.0255 | VaLoss: 1.5709 +- 0.0898
265,  0 | TrAcc: 0.7803, TrLoss:  0.61159, VaAcc: 0.7136, VaLoss:  0.85495	 20 sampled NNs | VaAcc: 0.5048 +- 0.0283 | VaLoss: 1.5122 +- 0.0913
266,  0 | TrAcc: 0.7888, TrLoss:  0.61780, VaAcc: 0.7150, VaLoss:  0.83225	 20 sampled NNs | VaAcc: 0.4929 +- 0.0240 | VaLoss: 1.5030 +- 0.1014
267,  0 | TrAcc: 0.7787, TrLoss:  0.62685, VaAcc: 0.7115, VaLoss:  0.85405	 20 sampled NNs | VaAcc: 0.4919 +- 0.0222 | VaLoss: 1.5491 +- 0.0779
268,  0 | TrAcc: 0.7651, TrLoss:  0.65881, VaAcc: 0.7125, VaLoss:  0.85160	 20 sampled NNs | VaAcc: 0.4790 +- 0.0271 | VaLoss: 1.5641 +- 0.0734
269,  0 | TrAcc: 0.7746, TrLoss:  0.63305, VaAcc: 0.7123, VaLoss:  0.83518	 20 sampled NNs | VaAcc: 0.4822 +- 0.0281 | VaLoss: 1.5468 +- 0.1099
270,  0 | TrAcc: 0.7726, TrLoss:  0.62069, VaAcc: 0.7073, VaLoss:  0.87410	 20 sampled NNs | VaAcc: 0.4943 +- 0.0352 | VaLoss: 1.5027 +- 0.1103
271,  0 | TrAcc: 0.7937, TrLoss:  0.59283, VaAcc: 0.7151, VaLoss:  0.84618	 20 sampled NNs | VaAcc: 0.4840 +- 0.0257 | VaLoss: 1.6032 +- 0.0713
272,  0 | TrAcc: 0.7670, TrLoss:  0.66660, VaAcc: 0.7190, VaLoss:  0.83957	 20 sampled NNs | VaAcc: 0.4768 +- 0.0305 | VaLoss: 1.5414 +- 0.0978
273,  0 | TrAcc: 0.7932, TrLoss:  0.60170, VaAcc: 0.7169, VaLoss:  0.84148	 20 sampled NNs | VaAcc: 0.4753 +- 0.0199 | VaLoss: 1.5855 +- 0.0856
274,  0 | TrAcc: 0.7423, TrLoss:  0.72397, VaAcc: 0.7164, VaLoss:  0.85475	 20 sampled NNs | VaAcc: 0.4889 +- 0.0227 | VaLoss: 1.5535 +- 0.0702
275,  0 | TrAcc: 0.7767, TrLoss:  0.62961, VaAcc: 0.7229, VaLoss:  0.82367	 20 sampled NNs | VaAcc: 0.5011 +- 0.0253 | VaLoss: 1.5404 +- 0.1027
276,  0 | TrAcc: 0.7930, TrLoss:  0.59458, VaAcc: 0.7258, VaLoss:  0.81477	 20 sampled NNs | VaAcc: 0.5110 +- 0.0267 | VaLoss: 1.4690 +- 0.0824
277,  0 | TrAcc: 0.7742, TrLoss:  0.64865, VaAcc: 0.7165, VaLoss:  0.84265	 20 sampled NNs | VaAcc: 0.4955 +- 0.0216 | VaLoss: 1.5389 +- 0.0718
278,  0 | TrAcc: 0.7714, TrLoss:      nan, VaAcc: 0.7135, VaLoss:      nan	 20 sampled NNs | VaAcc: 0.4575 +- 0.0232 | VaLoss: 1.6583 +- 0.0800
279,  0 | TrAcc: 0.7905, TrLoss:  0.59723, VaAcc: 0.7175, VaLoss:  0.83158	 20 sampled NNs | VaAcc: 0.4909 +- 0.0280 | VaLoss: 1.5097 +- 0.0962
280,  0 | TrAcc: 0.7579, TrLoss:  0.68976, VaAcc: 0.7192, VaLoss:  0.81632	 20 sampled NNs | VaAcc: 0.4841 +- 0.0248 | VaLoss: 1.5504 +- 0.0834
281,  0 | TrAcc: 0.7796, TrLoss:  0.62953, VaAcc: 0.7184, VaLoss:  0.83707	 20 sampled NNs | VaAcc: 0.4926 +- 0.0267 | VaLoss: 1.5476 +- 0.0722
282,  0 | TrAcc: 0.7972, TrLoss:  0.58783, VaAcc: 0.7327, VaLoss:  0.80183	 20 sampled NNs | VaAcc: 0.5032 +- 0.0272 | VaLoss: 1.5162 +- 0.0830
283,  0 | TrAcc: 0.7984, TrLoss:  0.57963, VaAcc: 0.7251, VaLoss:  0.82077	 20 sampled NNs | VaAcc: 0.4924 +- 0.0269 | VaLoss: 1.5591 +- 0.0773
284,  0 | TrAcc: 0.7961, TrLoss:  0.60381, VaAcc: 0.7149, VaLoss:  0.80852	 20 sampled NNs | VaAcc: 0.4959 +- 0.0272 | VaLoss: 1.5247 +- 0.0965
285,  0 | TrAcc: 0.7826, TrLoss:  0.62516, VaAcc: 0.7208, VaLoss:  0.81153	 20 sampled NNs | VaAcc: 0.5019 +- 0.0253 | VaLoss: 1.5023 +- 0.0631
286,  0 | TrAcc: 0.7776, TrLoss:  0.64666, VaAcc: 0.7148, VaLoss:  0.83486	 20 sampled NNs | VaAcc: 0.4730 +- 0.0389 | VaLoss: 1.5804 +- 0.1215
287,  0 | TrAcc: 0.7693, TrLoss:  0.65008, VaAcc: 0.7226, VaLoss:  0.81911	 20 sampled NNs | VaAcc: 0.4996 +- 0.0236 | VaLoss: 1.5027 +- 0.0870
288,  0 | TrAcc: 0.7950, TrLoss:  0.58287, VaAcc: 0.7215, VaLoss:  0.81263	 20 sampled NNs | VaAcc: 0.5029 +- 0.0248 | VaLoss: 1.5109 +- 0.0816
289,  0 | TrAcc: 0.8036, TrLoss:  0.54498, VaAcc: 0.7262, VaLoss:  0.80569	 20 sampled NNs | VaAcc: 0.4963 +- 0.0299 | VaLoss: 1.4880 +- 0.0887
290,  0 | TrAcc: 0.7866, TrLoss:  0.62740, VaAcc: 0.7175, VaLoss:  0.82955	 20 sampled NNs | VaAcc: 0.4962 +- 0.0231 | VaLoss: 1.5061 +- 0.0703
291,  0 | TrAcc: 0.8042, TrLoss:  0.58490, VaAcc: 0.7243, VaLoss:  0.81078	 20 sampled NNs | VaAcc: 0.4870 +- 0.0272 | VaLoss: 1.5961 +- 0.0905
292,  0 | TrAcc: 0.7839, TrLoss:      nan, VaAcc: 0.7186, VaLoss:      nan	 20 sampled NNs | VaAcc: 0.4470 +- 0.0242 | VaLoss: 1.6652 +- 0.0859
293,  0 | TrAcc: 0.7887, TrLoss:  0.59787, VaAcc: 0.7123, VaLoss:  0.85779	 20 sampled NNs | VaAcc: 0.4576 +- 0.0161 | VaLoss: 1.6775 +- 0.0563
294,  0 | TrAcc: 0.7890, TrLoss:  0.60262, VaAcc: 0.7170, VaLoss:  0.81976	 20 sampled NNs | VaAcc: 0.4856 +- 0.0282 | VaLoss: 1.5626 +- 0.0940
295,  0 | TrAcc: 0.7808, TrLoss:  0.62348, VaAcc: 0.7102, VaLoss:  0.84817	 20 sampled NNs | VaAcc: 0.4759 +- 0.0232 | VaLoss: 1.6145 +- 0.0758
296,  0 | TrAcc: 0.7854, TrLoss:  0.60928, VaAcc: 0.7179, VaLoss:  0.84262	 20 sampled NNs | VaAcc: 0.4661 +- 0.0306 | VaLoss: 1.6306 +- 0.0951
297,  0 | TrAcc: 0.7895, TrLoss:  0.61289, VaAcc: 0.7143, VaLoss:  0.84449	 20 sampled NNs | VaAcc: 0.4708 +- 0.0295 | VaLoss: 1.5961 +- 0.0999
298,  0 | TrAcc: 0.7718, TrLoss:  0.63790, VaAcc: 0.7166, VaLoss:  0.83602	 20 sampled NNs | VaAcc: 0.4775 +- 0.0386 | VaLoss: 1.5886 +- 0.1154
299,  0 | TrAcc: 0.7773, TrLoss:  0.61063, VaAcc: 0.7128, VaLoss:  0.83472	 20 sampled NNs | VaAcc: 0.4990 +- 0.0309 | VaLoss: 1.5131 +- 0.0927
300,  0 | TrAcc: 0.7632, TrLoss:  0.67734, VaAcc: 0.7112, VaLoss:  0.83147	 20 sampled NNs | VaAcc: 0.4832 +- 0.0308 | VaLoss: 1.5496 +- 0.0802
301,  0 | TrAcc: 0.7914, TrLoss:  0.58665, VaAcc: 0.7103, VaLoss:  0.86323	 20 sampled NNs | VaAcc: 0.4644 +- 0.0227 | VaLoss: 1.6228 +- 0.0766
302,  0 | TrAcc: 0.7813, TrLoss:  0.63327, VaAcc: 0.7235, VaLoss:  0.81613	 20 sampled NNs | VaAcc: 0.5021 +- 0.0256 | VaLoss: 1.5151 +- 0.0697
303,  0 | TrAcc: 0.7813, TrLoss:  0.62353, VaAcc: 0.7193, VaLoss:  0.82773	 20 sampled NNs | VaAcc: 0.5008 +- 0.0277 | VaLoss: 1.5405 +- 0.0815
304,  0 | TrAcc: 0.7758, TrLoss:  0.63599, VaAcc: 0.7091, VaLoss:  0.85497	 20 sampled NNs | VaAcc: 0.4707 +- 0.0268 | VaLoss: 1.6303 +- 0.0832
305,  0 | TrAcc: 0.7676, TrLoss:  0.64719, VaAcc: 0.7114, VaLoss:  0.83358	 20 sampled NNs | VaAcc: 0.4968 +- 0.0311 | VaLoss: 1.5267 +- 0.0989
306,  0 | TrAcc: 0.7819, TrLoss:  0.61704, VaAcc: 0.7091, VaLoss:  0.84816	 20 sampled NNs | VaAcc: 0.4866 +- 0.0195 | VaLoss: 1.5414 +- 0.0640
307,  0 | TrAcc: 0.7660, TrLoss:  0.65959, VaAcc: 0.7153, VaLoss:  0.82767	 20 sampled NNs | VaAcc: 0.4963 +- 0.0310 | VaLoss: 1.5275 +- 0.1207
308,  0 | TrAcc: 0.7784, TrLoss:  0.62441, VaAcc: 0.7168, VaLoss:  0.82553	 20 sampled NNs | VaAcc: 0.5019 +- 0.0239 | VaLoss: 1.4980 +- 0.0642
309,  0 | TrAcc: 0.7707, TrLoss:  0.64793, VaAcc: 0.7069, VaLoss:  0.85776	 20 sampled NNs | VaAcc: 0.4971 +- 0.0287 | VaLoss: 1.5320 +- 0.0908
310,  0 | TrAcc: 0.7687, TrLoss:  0.68541, VaAcc: 0.7167, VaLoss:  0.85039	 20 sampled NNs | VaAcc: 0.4900 +- 0.0212 | VaLoss: 1.5442 +- 0.0652
311,  0 | TrAcc: 0.7696, TrLoss:  0.65903, VaAcc: 0.7213, VaLoss:  0.83905	 20 sampled NNs | VaAcc: 0.4929 +- 0.0297 | VaLoss: 1.5330 +- 0.0814
312,  0 | TrAcc: 0.7839, TrLoss:  0.61576, VaAcc: 0.7277, VaLoss:  0.81860	 20 sampled NNs | VaAcc: 0.4929 +- 0.0271 | VaLoss: 1.5138 +- 0.0913
313,  0 | TrAcc: 0.7823, TrLoss:  0.60510, VaAcc: 0.7221, VaLoss:  0.82961	 20 sampled NNs | VaAcc: 0.4890 +- 0.0252 | VaLoss: 1.5379 +- 0.0790
314,  0 | TrAcc: 0.7936, TrLoss:  0.58107, VaAcc: 0.7089, VaLoss:  0.87152	 20 sampled NNs | VaAcc: 0.5116 +- 0.0200 | VaLoss: 1.5214 +- 0.0711
315,  0 | TrAcc: 0.7637, TrLoss:  0.67479, VaAcc: 0.7183, VaLoss:  0.82799	 20 sampled NNs | VaAcc: 0.5101 +- 0.0226 | VaLoss: 1.4826 +- 0.0661
316,  0 | TrAcc: 0.7848, TrLoss:  0.62115, VaAcc: 0.7220, VaLoss:  0.80847	 20 sampled NNs | VaAcc: 0.4931 +- 0.0203 | VaLoss: 1.5535 +- 0.0718
317,  0 | TrAcc: 0.7817, TrLoss:  0.63012, VaAcc: 0.7214, VaLoss:  0.82427	 20 sampled NNs | VaAcc: 0.4772 +- 0.0376 | VaLoss: 1.5631 +- 0.1250
318,  0 | TrAcc: 0.7735, TrLoss:  0.68584, VaAcc: 0.7199, VaLoss:  0.80904	 20 sampled NNs | VaAcc: 0.4837 +- 0.0214 | VaLoss: 1.5157 +- 0.0737
319,  0 | TrAcc: 0.7878, TrLoss:  0.60002, VaAcc: 0.7159, VaLoss:  0.81708	 20 sampled NNs | VaAcc: 0.4932 +- 0.0235 | VaLoss: 1.5284 +- 0.0701
320,  0 | TrAcc: 0.7670, TrLoss:  0.65292, VaAcc: 0.7090, VaLoss:  0.86265	 20 sampled NNs | VaAcc: 0.4885 +- 0.0273 | VaLoss: 1.5766 +- 0.0808
321,  0 | TrAcc: 0.7823, TrLoss:  0.62094, VaAcc: 0.7186, VaLoss:  0.83640	 20 sampled NNs | VaAcc: 0.4971 +- 0.0276 | VaLoss: 1.5308 +- 0.1016
322,  0 | TrAcc: 0.7776, TrLoss:  0.64268, VaAcc: 0.7244, VaLoss:  0.81735	 20 sampled NNs | VaAcc: 0.5076 +- 0.0213 | VaLoss: 1.4832 +- 0.0709
323,  0 | TrAcc: 0.7770, TrLoss:  0.60176, VaAcc: 0.7195, VaLoss:  0.81772	 20 sampled NNs | VaAcc: 0.5096 +- 0.0232 | VaLoss: 1.5050 +- 0.0791
324,  0 | TrAcc: 0.8022, TrLoss:  0.57575, VaAcc: 0.7273, VaLoss:  0.81973	 20 sampled NNs | VaAcc: 0.5208 +- 0.0214 | VaLoss: 1.4643 +- 0.0755
325,  0 | TrAcc: 0.7679, TrLoss:  0.65315, VaAcc: 0.7253, VaLoss:  0.82445	 20 sampled NNs | VaAcc: 0.5025 +- 0.0309 | VaLoss: 1.4961 +- 0.0825
326,  0 | TrAcc: 0.7634, TrLoss:  0.65072, VaAcc: 0.7202, VaLoss:  0.82817	 20 sampled NNs | VaAcc: 0.5141 +- 0.0222 | VaLoss: 1.4475 +- 0.0812
327,  0 | TrAcc: 0.7897, TrLoss:  0.61325, VaAcc: 0.7295, VaLoss:  0.80871	 20 sampled NNs | VaAcc: 0.5003 +- 0.0283 | VaLoss: 1.4827 +- 0.0965
328,  0 | TrAcc: 0.8090, TrLoss:  0.54521, VaAcc: 0.7219, VaLoss:  0.83449	 20 sampled NNs | VaAcc: 0.5082 +- 0.0190 | VaLoss: 1.5206 +- 0.0637
329,  0 | TrAcc: 0.7930, TrLoss:  0.59122, VaAcc: 0.7196, VaLoss:  0.81812	 20 sampled NNs | VaAcc: 0.5077 +- 0.0266 | VaLoss: 1.4948 +- 0.0941
330,  0 | TrAcc: 0.7876, TrLoss:  0.58002, VaAcc: 0.7267, VaLoss:  0.80594	 20 sampled NNs | VaAcc: 0.5215 +- 0.0244 | VaLoss: 1.5056 +- 0.0786
331,  0 | TrAcc: 0.7861, TrLoss:  0.59999, VaAcc: 0.7221, VaLoss:  0.81007	 20 sampled NNs | VaAcc: 0.5079 +- 0.0220 | VaLoss: 1.4574 +- 0.0778
332,  0 | TrAcc: 0.7882, TrLoss:  0.59950, VaAcc: 0.7300, VaLoss:  0.81259	 20 sampled NNs | VaAcc: 0.5161 +- 0.0287 | VaLoss: 1.4820 +- 0.0907
333,  0 | TrAcc: 0.8032, TrLoss:  0.54811, VaAcc: 0.7245, VaLoss:  0.82190	 20 sampled NNs | VaAcc: 0.5178 +- 0.0217 | VaLoss: 1.4700 +- 0.0837
334,  0 | TrAcc: 0.7821, TrLoss:  0.60251, VaAcc: 0.7263, VaLoss:  0.81629	 20 sampled NNs | VaAcc: 0.5086 +- 0.0305 | VaLoss: 1.4987 +- 0.0791
335,  0 | TrAcc: 0.7775, TrLoss:  0.63104, VaAcc: 0.7128, VaLoss:  0.84947	 20 sampled NNs | VaAcc: 0.4790 +- 0.0258 | VaLoss: 1.5347 +- 0.0974
336,  0 | TrAcc: 0.7691, TrLoss:  0.66115, VaAcc: 0.7151, VaLoss:  0.86687	 20 sampled NNs | VaAcc: 0.4948 +- 0.0240 | VaLoss: 1.5604 +- 0.1064
337,  0 | TrAcc: 0.8046, TrLoss:  0.57250, VaAcc: 0.7196, VaLoss:  0.82816	 20 sampled NNs | VaAcc: 0.4989 +- 0.0220 | VaLoss: 1.5147 +- 0.0875
338,  0 | TrAcc: 0.7761, TrLoss:  0.63098, VaAcc: 0.7173, VaLoss:  0.85315	 20 sampled NNs | VaAcc: 0.5022 +- 0.0269 | VaLoss: 1.4776 +- 0.0742
339,  0 | TrAcc: 0.7830, TrLoss:  0.61230, VaAcc: 0.7072, VaLoss:  0.87335	 20 sampled NNs | VaAcc: 0.5083 +- 0.0310 | VaLoss: 1.5031 +- 0.1092
340,  0 | TrAcc: 0.7843, TrLoss:  0.60869, VaAcc: 0.7146, VaLoss:  0.84040	 20 sampled NNs | VaAcc: 0.5093 +- 0.0282 | VaLoss: 1.5078 +- 0.0903
341,  0 | TrAcc: 0.7837, TrLoss:  0.62483, VaAcc: 0.7274, VaLoss:  0.81873	 20 sampled NNs | VaAcc: 0.4725 +- 0.0245 | VaLoss: 1.5749 +- 0.0689
342,  0 | TrAcc: 0.7881, TrLoss:  0.60904, VaAcc: 0.7062, VaLoss:  0.84532	 20 sampled NNs | VaAcc: 0.4995 +- 0.0237 | VaLoss: 1.5269 +- 0.0936
343,  0 | TrAcc: 0.7890, TrLoss:  0.60375, VaAcc: 0.7269, VaLoss:  0.81225	 20 sampled NNs | VaAcc: 0.5107 +- 0.0281 | VaLoss: 1.4411 +- 0.0952
344,  0 | TrAcc: 0.8025, TrLoss:  0.58091, VaAcc: 0.7217, VaLoss:  0.82244	 20 sampled NNs | VaAcc: 0.5262 +- 0.0170 | VaLoss: 1.4564 +- 0.0690
345,  0 | TrAcc: 0.8065, TrLoss:  0.55219, VaAcc: 0.7269, VaLoss:  0.82319	 20 sampled NNs | VaAcc: 0.5086 +- 0.0341 | VaLoss: 1.5061 +- 0.1255
346,  0 | TrAcc: 0.7942, TrLoss:  0.59536, VaAcc: 0.7268, VaLoss:  0.81188	 20 sampled NNs | VaAcc: 0.5076 +- 0.0259 | VaLoss: 1.4526 +- 0.0813
347,  0 | TrAcc: 0.7735, TrLoss:  0.65368, VaAcc: 0.7155, VaLoss:  0.83290	 20 sampled NNs | VaAcc: 0.5100 +- 0.0282 | VaLoss: 1.4717 +- 0.0933
348,  0 | TrAcc: 0.7811, TrLoss:  0.60828, VaAcc: 0.7179, VaLoss:  0.82227	 20 sampled NNs | VaAcc: 0.5193 +- 0.0310 | VaLoss: 1.4479 +- 0.0757
349,  0 | TrAcc: 0.8019, TrLoss:  0.56240, VaAcc: 0.7212, VaLoss:  0.83018	 20 sampled NNs | VaAcc: 0.5142 +- 0.0236 | VaLoss: 1.4757 +- 0.0843
350,  0 | TrAcc: 0.8023, TrLoss:  0.56177, VaAcc: 0.7277, VaLoss:  0.82887	 20 sampled NNs | VaAcc: 0.5269 +- 0.0256 | VaLoss: 1.4303 +- 0.0780
351,  0 | TrAcc: 0.7897, TrLoss:  0.58965, VaAcc: 0.7167, VaLoss:  0.84628	 20 sampled NNs | VaAcc: 0.5136 +- 0.0238 | VaLoss: 1.5269 +- 0.0781
352,  0 | TrAcc: 0.7944, TrLoss:  0.60192, VaAcc: 0.7207, VaLoss:  0.82829	 20 sampled NNs | VaAcc: 0.5194 +- 0.0251 | VaLoss: 1.4536 +- 0.0765
353,  0 | TrAcc: 0.7958, TrLoss:  0.57085, VaAcc: 0.7192, VaLoss:  0.84854	 20 sampled NNs | VaAcc: 0.5241 +- 0.0216 | VaLoss: 1.4463 +- 0.0757
354,  0 | TrAcc: 0.7785, TrLoss:  0.62039, VaAcc: 0.7098, VaLoss:  0.85233	 20 sampled NNs | VaAcc: 0.4888 +- 0.0244 | VaLoss: 1.5315 +- 0.0779
355,  0 | TrAcc: 0.7633, TrLoss:  0.67119, VaAcc: 0.7153, VaLoss:  0.84588	 20 sampled NNs | VaAcc: 0.4994 +- 0.0357 | VaLoss: 1.5500 +- 0.1222
356,  0 | TrAcc: 0.7790, TrLoss:  0.62741, VaAcc: 0.7118, VaLoss:  0.83956	 20 sampled NNs | VaAcc: 0.5059 +- 0.0174 | VaLoss: 1.4940 +- 0.0643
357,  0 | TrAcc: 0.7947, TrLoss:  0.57614, VaAcc: 0.7139, VaLoss:  0.85151	 20 sampled NNs | VaAcc: 0.5170 +- 0.0221 | VaLoss: 1.4805 +- 0.0686
358,  0 | TrAcc: 0.7822, TrLoss:  0.63405, VaAcc: 0.7146, VaLoss:  0.84716	 20 sampled NNs | VaAcc: 0.4981 +- 0.0278 | VaLoss: 1.5427 +- 0.1060
359,  0 | TrAcc: 0.7711, TrLoss:  0.62996, VaAcc: 0.7220, VaLoss:  0.83243	 20 sampled NNs | VaAcc: 0.4920 +- 0.0187 | VaLoss: 1.5680 +- 0.0647
360,  0 | TrAcc: 0.7706, TrLoss:  0.64877, VaAcc: 0.7265, VaLoss:  0.80588	 20 sampled NNs | VaAcc: 0.5239 +- 0.0253 | VaLoss: 1.4448 +- 0.0888
361,  0 | TrAcc: 0.7902, TrLoss:  0.60818, VaAcc: 0.7265, VaLoss:  0.82333	 20 sampled NNs | VaAcc: 0.4763 +- 0.0264 | VaLoss: 1.6103 +- 0.0981
362,  0 | TrAcc: 0.7959, TrLoss:  0.58982, VaAcc: 0.7176, VaLoss:  0.83353	 20 sampled NNs | VaAcc: 0.4885 +- 0.0266 | VaLoss: 1.5484 +- 0.0851
363,  0 | TrAcc: 0.7929, TrLoss:  0.59668, VaAcc: 0.7233, VaLoss:  0.81813	 20 sampled NNs | VaAcc: 0.5051 +- 0.0344 | VaLoss: 1.4658 +- 0.0894
364,  0 | TrAcc: 0.7766, TrLoss:  0.63123, VaAcc: 0.7256, VaLoss:  0.80923	 20 sampled NNs | VaAcc: 0.5376 +- 0.0249 | VaLoss: 1.3972 +- 0.0972
365,  0 | TrAcc: 0.7888, TrLoss:  0.60470, VaAcc: 0.7329, VaLoss:  0.79740	 20 sampled NNs | VaAcc: 0.5186 +- 0.0183 | VaLoss: 1.4844 +- 0.0752
366,  0 | TrAcc: 0.7772, TrLoss:  0.63348, VaAcc: 0.7190, VaLoss:  0.81466	 20 sampled NNs | VaAcc: 0.4895 +- 0.0284 | VaLoss: 1.5425 +- 0.0971
367,  0 | TrAcc: 0.7952, TrLoss:  0.59363, VaAcc: 0.7204, VaLoss:  0.80921	 20 sampled NNs | VaAcc: 0.5014 +- 0.0274 | VaLoss: 1.5370 +- 0.0850
368,  0 | TrAcc: 0.7715, TrLoss:  0.64876, VaAcc: 0.7280, VaLoss:  0.80967	 20 sampled NNs | VaAcc: 0.5039 +- 0.0252 | VaLoss: 1.4914 +- 0.0805
369,  0 | TrAcc: 0.7823, TrLoss:  0.59971, VaAcc: 0.7195, VaLoss:  0.82061	 20 sampled NNs | VaAcc: 0.4791 +- 0.0307 | VaLoss: 1.5289 +- 0.0912
370,  0 | TrAcc: 0.7886, TrLoss:  0.58400, VaAcc: 0.7250, VaLoss:  0.81314	 20 sampled NNs | VaAcc: 0.5329 +- 0.0245 | VaLoss: 1.4055 +- 0.0735
371,  0 | TrAcc: 0.7797, TrLoss:  0.63051, VaAcc: 0.7196, VaLoss:  0.80798	 20 sampled NNs | VaAcc: 0.5182 +- 0.0223 | VaLoss: 1.4278 +- 0.0734
372,  0 | TrAcc: 0.7871, TrLoss:  0.59294, VaAcc: 0.7136, VaLoss:  0.80994	 20 sampled NNs | VaAcc: 0.4991 +- 0.0270 | VaLoss: 1.5148 +- 0.1023
373,  0 | TrAcc: 0.7846, TrLoss:  0.61679, VaAcc: 0.7157, VaLoss:  0.81723	 20 sampled NNs | VaAcc: 0.5219 +- 0.0215 | VaLoss: 1.4594 +- 0.0631
374,  0 | TrAcc: 0.7832, TrLoss:  0.60746, VaAcc: 0.7063, VaLoss:  0.84924	 20 sampled NNs | VaAcc: 0.5055 +- 0.0204 | VaLoss: 1.4698 +- 0.0517
375,  0 | TrAcc: 0.7875, TrLoss:  0.60436, VaAcc: 0.7179, VaLoss:  0.83154	 20 sampled NNs | VaAcc: 0.5230 +- 0.0195 | VaLoss: 1.4499 +- 0.0860
376,  0 | TrAcc: 0.7852, TrLoss:  0.60366, VaAcc: 0.7213, VaLoss:  0.82593	 20 sampled NNs | VaAcc: 0.5067 +- 0.0251 | VaLoss: 1.4952 +- 0.1029
377,  0 | TrAcc: 0.7344, TrLoss:  0.75918, VaAcc: 0.6880, VaLoss:  0.93006	 20 sampled NNs | VaAcc: 0.4272 +- 0.0335 | VaLoss: 1.8007 +- 0.1570
378,  0 | TrAcc: 0.7862, TrLoss:  0.60962, VaAcc: 0.7140, VaLoss:  0.83163	 20 sampled NNs | VaAcc: 0.5038 +- 0.0275 | VaLoss: 1.5067 +- 0.0961
379,  0 | TrAcc: 0.7929, TrLoss:  0.58496, VaAcc: 0.7231, VaLoss:  0.81942	 20 sampled NNs | VaAcc: 0.5210 +- 0.0314 | VaLoss: 1.4840 +- 0.1087
380,  0 | TrAcc: 0.7914, TrLoss:  0.60344, VaAcc: 0.7183, VaLoss:  0.81233	 20 sampled NNs | VaAcc: 0.5284 +- 0.0243 | VaLoss: 1.4236 +- 0.0774
381,  0 | TrAcc: 0.7753, TrLoss:  0.64800, VaAcc: 0.7207, VaLoss:  0.80652	 20 sampled NNs | VaAcc: 0.4968 +- 0.0219 | VaLoss: 1.4733 +- 0.0641
382,  0 | TrAcc: 0.7816, TrLoss:  0.61115, VaAcc: 0.7304, VaLoss:  0.79175	 20 sampled NNs | VaAcc: 0.5322 +- 0.0208 | VaLoss: 1.4176 +- 0.0627
383,  0 | TrAcc: 0.7831, TrLoss:  0.59955, VaAcc: 0.7185, VaLoss:  0.82595	 20 sampled NNs | VaAcc: 0.5277 +- 0.0211 | VaLoss: 1.4503 +- 0.0674
384,  0 | TrAcc: 0.7824, TrLoss:  0.62346, VaAcc: 0.7147, VaLoss:  0.84501	 20 sampled NNs | VaAcc: 0.5251 +- 0.0253 | VaLoss: 1.4813 +- 0.0686
385,  0 | TrAcc: 0.8001, TrLoss:  0.58766, VaAcc: 0.7246, VaLoss:  0.81277	 20 sampled NNs | VaAcc: 0.5121 +- 0.0262 | VaLoss: 1.4609 +- 0.0746
386,  0 | TrAcc: 0.8049, TrLoss:  0.56990, VaAcc: 0.7152, VaLoss:  0.82169	 20 sampled NNs | VaAcc: 0.5152 +- 0.0242 | VaLoss: 1.4324 +- 0.0771
387,  0 | TrAcc: 0.8106, TrLoss:  0.54905, VaAcc: 0.7194, VaLoss:  0.83313	 20 sampled NNs | VaAcc: 0.5119 +- 0.0231 | VaLoss: 1.4662 +- 0.0811
388,  0 | TrAcc: 0.7945, TrLoss:  0.59990, VaAcc: 0.7113, VaLoss:  0.82810	 20 sampled NNs | VaAcc: 0.5024 +- 0.0220 | VaLoss: 1.5249 +- 0.0651
389,  0 | TrAcc: 0.8028, TrLoss:  0.56041, VaAcc: 0.7237, VaLoss:  0.82078	 20 sampled NNs | VaAcc: 0.5186 +- 0.0253 | VaLoss: 1.4538 +- 0.0885
390,  0 | TrAcc: 0.8029, TrLoss:  0.56896, VaAcc: 0.7177, VaLoss:  0.82577	 20 sampled NNs | VaAcc: 0.5098 +- 0.0274 | VaLoss: 1.5217 +- 0.0898
391,  0 | TrAcc: 0.7813, TrLoss:  0.64188, VaAcc: 0.7209, VaLoss:  0.81926	 20 sampled NNs | VaAcc: 0.5251 +- 0.0337 | VaLoss: 1.4149 +- 0.0959
392,  0 | TrAcc: 0.7916, TrLoss:  0.60211, VaAcc: 0.7314, VaLoss:  0.81376	 20 sampled NNs | VaAcc: 0.5309 +- 0.0238 | VaLoss: 1.4478 +- 0.0846
393,  0 | TrAcc: 0.7901, TrLoss:  0.59918, VaAcc: 0.7305, VaLoss:  0.80326	 20 sampled NNs | VaAcc: 0.5538 +- 0.0318 | VaLoss: 1.3855 +- 0.0961
394,  0 | TrAcc: 0.7948, TrLoss:  0.59247, VaAcc: 0.7325, VaLoss:  0.78950	 20 sampled NNs | VaAcc: 0.5248 +- 0.0286 | VaLoss: 1.4567 +- 0.0909
395,  0 | TrAcc: 0.7960, TrLoss:  0.57224, VaAcc: 0.7267, VaLoss:  0.80250	 20 sampled NNs | VaAcc: 0.5155 +- 0.0352 | VaLoss: 1.4768 +- 0.1018
396,  0 | TrAcc: 0.7861, TrLoss:  0.61398, VaAcc: 0.7282, VaLoss:  0.79176	 20 sampled NNs | VaAcc: 0.5303 +- 0.0243 | VaLoss: 1.4239 +- 0.0870
397,  0 | TrAcc: 0.7897, TrLoss:  0.62170, VaAcc: 0.7222, VaLoss:  0.80171	 20 sampled NNs | VaAcc: 0.5212 +- 0.0287 | VaLoss: 1.4185 +- 0.1045
398,  0 | TrAcc: 0.7919, TrLoss:  0.61357, VaAcc: 0.7161, VaLoss:  0.83159	 20 sampled NNs | VaAcc: 0.5035 +- 0.0310 | VaLoss: 1.4831 +- 0.1012
399,  0 | TrAcc: 0.7929, TrLoss:  0.58950, VaAcc: 0.7170, VaLoss:  0.82958	 20 sampled NNs | VaAcc: 0.4958 +- 0.0269 | VaLoss: 1.5273 +- 0.0898
109917.594933
----------------------------
