
=============================
CONFIG FILE

RNN CONFIG
{'data_multiplier': 0.4,
 'gradient_clip_value': 0.5,
 'layer_configs': [{'layer_type': 'input'},
                   {'bc': {'init_m': 'xavier',
                           'init_v': -4.5,
                           'prior_m': 0.0,
                           'prior_v': 0.0,
                           'type': 'continuous'},
                    'bf': {'init_m': 'xavier',
                           'init_v': -4.5,
                           'prior_m': 0.0,
                           'prior_v': 0.0,
                           'type': 'continuous'},
                    'bi': {'init_m': 'xavier',
                           'init_v': -4.5,
                           'prior_m': 0.0,
                           'prior_v': 0.0,
                           'type': 'continuous'},
                    'bo': {'init_m': 'xavier',
                           'init_v': -4.5,
                           'prior_m': 0.0,
                           'prior_v': 0.0,
                           'type': 'continuous'},
                    'init_config': {'c': {'b': 'all_zero', 'w': 'xavier'},
                                    'f': {'b': 'all_one', 'w': 'all_zero'},
                                    'i': {'b': 'all_zero', 'w': 'xavier'},
                                    'o': {'b': 'all_zero', 'w': 'xavier'}},
                    'is_output': False,
                    'is_recurrent': True,
                    'layer_type': 'lstm',
                    'var_scope': 'lstm_0',
                    'wc': {'init_m': 'xavier',
                           'init_v': -4.5,
                           'prior_m': 0.0,
                           'prior_v': 0.0,
                           'type': 'continuous'},
                    'wf': {'init_m': 'xavier',
                           'init_v': -4.5,
                           'prior_m': 0.0,
                           'prior_v': 0.0,
                           'type': 'continuous'},
                    'wi': {'init_m': 'xavier',
                           'init_v': -4.5,
                           'prior_m': 0.0,
                           'prior_v': 0.0,
                           'type': 'continuous'},
                    'wo': {'init_m': 'xavier',
                           'init_v': -4.5,
                           'prior_m': 0.0,
                           'prior_v': 0.0,
                           'type': 'continuous'}},
                   {'bc': {'init_m': 'xavier',
                           'init_v': -4.5,
                           'prior_m': 0.0,
                           'prior_v': 0.0,
                           'type': 'continuous'},
                    'bf': {'init_m': 'xavier',
                           'init_v': -4.5,
                           'prior_m': 0.0,
                           'prior_v': 0.0,
                           'type': 'continuous'},
                    'bi': {'init_m': 'xavier',
                           'init_v': -4.5,
                           'prior_m': 0.0,
                           'prior_v': 0.0,
                           'type': 'continuous'},
                    'bo': {'init_m': 'xavier',
                           'init_v': -4.5,
                           'prior_m': 0.0,
                           'prior_v': 0.0,
                           'type': 'continuous'},
                    'init_config': {'c': {'b': 'all_zero', 'w': 'xavier'},
                                    'f': {'b': 'all_one', 'w': 'all_zero'},
                                    'i': {'b': 'all_zero', 'w': 'xavier'},
                                    'o': {'b': 'all_zero', 'w': 'xavier'}},
                    'is_output': False,
                    'is_recurrent': True,
                    'layer_type': 'lstm',
                    'var_scope': 'lstm_1',
                    'wc': {'init_m': 'xavier',
                           'init_v': -4.5,
                           'prior_m': 0.0,
                           'prior_v': 0.0,
                           'type': 'continuous'},
                    'wf': {'init_m': 'xavier',
                           'init_v': -4.5,
                           'prior_m': 0.0,
                           'prior_v': 0.0,
                           'type': 'continuous'},
                    'wi': {'init_m': 'xavier',
                           'init_v': -4.5,
                           'prior_m': 0.0,
                           'prior_v': 0.0,
                           'type': 'continuous'},
                    'wo': {'init_m': 'xavier',
                           'init_v': -4.5,
                           'prior_m': 0.0,
                           'prior_v': 0.0,
                           'type': 'continuous'}},
                   {'b': {'init_m': 'xavier',
                          'init_v': -4.5,
                          'prior_m': 0.0,
                          'prior_v': 0.0,
                          'type': 'continuous'},
                    'is_output': True,
                    'is_recurrent': False,
                    'layer_type': 'fc',
                    'regularization': {'mode': None, 'strength': 0.02},
                    'var_scope': 'output_layer',
                    'w': {'init_m': 'xavier',
                          'init_v': -4.5,
                          'prior_m': 0.0,
                          'prior_v': 0.0,
                          'type': 'continuous'}}],
 'layout': [4, 60, 60, 10],
 'output_type': 'classification'}

DATA CONFIG
{'dataset': 'red_penstroke',
 'tr': {'in_seq_len': 30,
        'minibatch_enabled': True,
        'minibatch_size': 1000,
        'out_seq_len': 5,
        'zero_padding': 20},
 'va': {'in_seq_len': 30,
        'minibatch_enabled': True,
        'minibatch_size': 1000,
        'out_seq_len': 5,
        'zero_padding': 20}}

TRAINING CONFIG
{'learning_rate': 0.002,
 'max_epochs': 200,
 'mode': {'max_epochs': 100, 'min_error': 0.0, 'name': 'classic'},
 'task_id': 1,
 'type': 'l_sampling',
 'v_loss': 30.0}
==============================


  0,  0 | TrAcc: 0.1007, TrLoss: 87.52816, VaAcc: 0.1047, VaLoss: 93.02888	 10 sampled NNs | VaAcc: 0.1060 +- 0.0014 | VaLoss: 2.3801 +- 0.0014
  1,  0 | TrAcc: 0.5151, TrLoss: 52.19341, VaAcc: 0.5272, VaLoss: 58.09741	 10 sampled NNs | VaAcc: 0.5691 +- 0.0020 | VaLoss: 1.2167 +- 0.0062
  2,  0 | TrAcc: 0.6493, TrLoss: 35.22482, VaAcc: 0.6582, VaLoss: 41.46528	 10 sampled NNs | VaAcc: 0.6867 +- 0.0015 | VaLoss: 0.9167 +- 0.0048
  3,  0 | TrAcc: 0.7002, TrLoss: 25.77050, VaAcc: 0.7011, VaLoss: 32.30559	 10 sampled NNs | VaAcc: 0.7273 +- 0.0019 | VaLoss: 0.8077 +- 0.0056
  4,  0 | TrAcc: 0.7280, TrLoss: 19.93676, VaAcc: 0.7275, VaLoss: 26.70997	 10 sampled NNs | VaAcc: 0.7455 +- 0.0016 | VaLoss: 0.7474 +- 0.0059
  5,  0 | TrAcc: 0.7461, TrLoss: 16.06899, VaAcc: 0.7446, VaLoss: 23.05430	 10 sampled NNs | VaAcc: 0.7571 +- 0.0026 | VaLoss: 0.7238 +- 0.0051
  6,  0 | TrAcc: 0.7590, TrLoss: 13.36883, VaAcc: 0.7503, VaLoss: 20.55335	 10 sampled NNs | VaAcc: 0.7632 +- 0.0025 | VaLoss: 0.7051 +- 0.0060
  7,  0 | TrAcc: 0.7689, TrLoss: 11.40479, VaAcc: 0.7538, VaLoss: 18.77110	 10 sampled NNs | VaAcc: 0.7666 +- 0.0023 | VaLoss: 0.6944 +- 0.0078
  8,  0 | TrAcc: 0.7833, TrLoss:  9.90910, VaAcc: 0.7589, VaLoss: 17.45138	 10 sampled NNs | VaAcc: 0.7694 +- 0.0017 | VaLoss: 0.6866 +- 0.0073
  9,  0 | TrAcc: 0.7926, TrLoss:  8.76400, VaAcc: 0.7628, VaLoss: 16.45923	 10 sampled NNs | VaAcc: 0.7733 +- 0.0013 | VaLoss: 0.6799 +- 0.0045
 10,  0 | TrAcc: 0.7994, TrLoss:  7.86272, VaAcc: 0.7550, VaLoss: 15.71247	 10 sampled NNs | VaAcc: 0.7687 +- 0.0028 | VaLoss: 0.6933 +- 0.0081
 11,  0 | TrAcc: 0.8041, TrLoss:  7.14247, VaAcc: 0.7664, VaLoss: 15.10679	 10 sampled NNs | VaAcc: 0.7729 +- 0.0027 | VaLoss: 0.6754 +- 0.0092
 12,  0 | TrAcc: 0.8120, TrLoss:  6.54724, VaAcc: 0.7630, VaLoss: 14.65780	 10 sampled NNs | VaAcc: 0.7709 +- 0.0018 | VaLoss: 0.6912 +- 0.0071
 13,  0 | TrAcc: 0.8180, TrLoss:  6.06007, VaAcc: 0.7669, VaLoss: 14.29093	 10 sampled NNs | VaAcc: 0.7705 +- 0.0023 | VaLoss: 0.6948 +- 0.0064
 14,  0 | TrAcc: 0.8234, TrLoss:  5.65370, VaAcc: 0.7675, VaLoss: 14.00390	 10 sampled NNs | VaAcc: 0.7749 +- 0.0016 | VaLoss: 0.6921 +- 0.0038
 15,  0 | TrAcc: 0.8274, TrLoss:  5.31147, VaAcc: 0.7670, VaLoss: 13.78404	 10 sampled NNs | VaAcc: 0.7741 +- 0.0016 | VaLoss: 0.7011 +- 0.0022
 16,  0 | TrAcc: 0.8334, TrLoss:  5.01729, VaAcc: 0.7642, VaLoss: 13.59981	 10 sampled NNs | VaAcc: 0.7704 +- 0.0017 | VaLoss: 0.7120 +- 0.0069
 17,  0 | TrAcc: 0.8388, TrLoss:  4.76697, VaAcc: 0.7629, VaLoss: 13.46424	 10 sampled NNs | VaAcc: 0.7703 +- 0.0026 | VaLoss: 0.7185 +- 0.0091
 18,  0 | TrAcc: 0.8452, TrLoss:  4.54518, VaAcc: 0.7650, VaLoss: 13.35479	 10 sampled NNs | VaAcc: 0.7679 +- 0.0024 | VaLoss: 0.7443 +- 0.0089
 19,  0 | TrAcc: 0.8469, TrLoss:  4.36432, VaAcc: 0.7643, VaLoss: 13.27752	 10 sampled NNs | VaAcc: 0.7664 +- 0.0016 | VaLoss: 0.7530 +- 0.0059
 20,  0 | TrAcc: 0.8519, TrLoss:  4.19883, VaAcc: 0.7561, VaLoss: 13.22804	 10 sampled NNs | VaAcc: 0.7641 +- 0.0020 | VaLoss: 0.7619 +- 0.0091
 21,  0 | TrAcc: 0.8556, TrLoss:  4.05583, VaAcc: 0.7577, VaLoss: 13.17093	 10 sampled NNs | VaAcc: 0.7634 +- 0.0020 | VaLoss: 0.7808 +- 0.0071
 22,  0 | TrAcc: 0.8593, TrLoss:  3.92964, VaAcc: 0.7602, VaLoss: 13.15287	 10 sampled NNs | VaAcc: 0.7665 +- 0.0018 | VaLoss: 0.7943 +- 0.0075
 23,  0 | TrAcc: 0.8653, TrLoss:  3.81475, VaAcc: 0.7602, VaLoss: 13.13174	 10 sampled NNs | VaAcc: 0.7635 +- 0.0026 | VaLoss: 0.8039 +- 0.0093
 24,  0 | TrAcc: 0.8648, TrLoss:  3.72611, VaAcc: 0.7505, VaLoss: 13.13760	 10 sampled NNs | VaAcc: 0.7587 +- 0.0023 | VaLoss: 0.8240 +- 0.0115
 25,  0 | TrAcc: 0.8701, TrLoss:  3.63475, VaAcc: 0.7545, VaLoss: 13.14581	 10 sampled NNs | VaAcc: 0.7573 +- 0.0026 | VaLoss: 0.8501 +- 0.0090
 26,  0 | TrAcc: 0.8753, TrLoss:  3.55404, VaAcc: 0.7546, VaLoss: 13.14430	 10 sampled NNs | VaAcc: 0.7628 +- 0.0021 | VaLoss: 0.8279 +- 0.0094
 27,  0 | TrAcc: 0.8783, TrLoss:  3.48632, VaAcc: 0.7508, VaLoss: 13.16842	 10 sampled NNs | VaAcc: 0.7553 +- 0.0022 | VaLoss: 0.8614 +- 0.0121
 28,  0 | TrAcc: 0.8823, TrLoss:  3.41983, VaAcc: 0.7551, VaLoss: 13.17878	 10 sampled NNs | VaAcc: 0.7597 +- 0.0015 | VaLoss: 0.8623 +- 0.0070
 29,  0 | TrAcc: 0.8857, TrLoss:  3.36402, VaAcc: 0.7565, VaLoss: 13.19626	 10 sampled NNs | VaAcc: 0.7601 +- 0.0024 | VaLoss: 0.8729 +- 0.0074
 30,  0 | TrAcc: 0.8886, TrLoss:  3.31463, VaAcc: 0.7599, VaLoss: 13.20263	 10 sampled NNs | VaAcc: 0.7608 +- 0.0027 | VaLoss: 0.8789 +- 0.0100
 31,  0 | TrAcc: 0.8911, TrLoss:  3.27297, VaAcc: 0.7537, VaLoss: 13.28264	 10 sampled NNs | VaAcc: 0.7563 +- 0.0018 | VaLoss: 0.9109 +- 0.0085
 32,  0 | TrAcc: 0.8918, TrLoss:  3.24026, VaAcc: 0.7525, VaLoss: 13.29833	 10 sampled NNs | VaAcc: 0.7552 +- 0.0014 | VaLoss: 0.9053 +- 0.0085
 33,  0 | TrAcc: 0.8961, TrLoss:  3.19801, VaAcc: 0.7529, VaLoss: 13.34342	 10 sampled NNs | VaAcc: 0.7558 +- 0.0021 | VaLoss: 0.9166 +- 0.0076
 34,  0 | TrAcc: 0.8966, TrLoss:  3.17170, VaAcc: 0.7524, VaLoss: 13.39965	 10 sampled NNs | VaAcc: 0.7561 +- 0.0017 | VaLoss: 0.9513 +- 0.0095
 35,  0 | TrAcc: 0.9018, TrLoss:  3.13754, VaAcc: 0.7500, VaLoss: 13.44097	 10 sampled NNs | VaAcc: 0.7544 +- 0.0020 | VaLoss: 0.9512 +- 0.0066
 36,  0 | TrAcc: 0.9032, TrLoss:  3.11527, VaAcc: 0.7448, VaLoss: 13.51053	 10 sampled NNs | VaAcc: 0.7467 +- 0.0021 | VaLoss: 0.9957 +- 0.0102
 37,  0 | TrAcc: 0.9049, TrLoss:  3.09313, VaAcc: 0.7482, VaLoss: 13.54625	 10 sampled NNs | VaAcc: 0.7510 +- 0.0017 | VaLoss: 0.9913 +- 0.0100
 38,  0 | TrAcc: 0.9090, TrLoss:  3.07049, VaAcc: 0.7440, VaLoss: 13.61207	 10 sampled NNs | VaAcc: 0.7457 +- 0.0023 | VaLoss: 1.0156 +- 0.0084
 39,  0 | TrAcc: 0.9092, TrLoss:  3.05540, VaAcc: 0.7451, VaLoss: 13.65775	 10 sampled NNs | VaAcc: 0.7490 +- 0.0023 | VaLoss: 1.0382 +- 0.0167
 40,  0 | TrAcc: 0.9124, TrLoss:  3.03516, VaAcc: 0.7450, VaLoss: 13.69980	 10 sampled NNs | VaAcc: 0.7509 +- 0.0021 | VaLoss: 1.0412 +- 0.0083
 41,  0 | TrAcc: 0.9150, TrLoss:  3.01934, VaAcc: 0.7506, VaLoss: 13.73006	 10 sampled NNs | VaAcc: 0.7491 +- 0.0023 | VaLoss: 1.0640 +- 0.0124
 42,  0 | TrAcc: 0.9177, TrLoss:  3.00383, VaAcc: 0.7482, VaLoss: 13.77256	 10 sampled NNs | VaAcc: 0.7481 +- 0.0021 | VaLoss: 1.0750 +- 0.0068
 43,  0 | TrAcc: 0.9180, TrLoss:  2.99541, VaAcc: 0.7462, VaLoss: 13.84368	 10 sampled NNs | VaAcc: 0.7440 +- 0.0027 | VaLoss: 1.0983 +- 0.0212
 44,  0 | TrAcc: 0.9150, TrLoss:  2.99807, VaAcc: 0.7471, VaLoss: 13.86578	 10 sampled NNs | VaAcc: 0.7445 +- 0.0015 | VaLoss: 1.0875 +- 0.0065
 45,  0 | TrAcc: 0.9224, TrLoss:  2.97491, VaAcc: 0.7428, VaLoss: 13.96917	 10 sampled NNs | VaAcc: 0.7448 +- 0.0026 | VaLoss: 1.1386 +- 0.0142
 46,  0 | TrAcc: 0.9225, TrLoss:  2.97063, VaAcc: 0.7417, VaLoss: 13.99788	 10 sampled NNs | VaAcc: 0.7428 +- 0.0022 | VaLoss: 1.1564 +- 0.0125
 47,  0 | TrAcc: 0.9236, TrLoss:  2.96427, VaAcc: 0.7384, VaLoss: 14.08491	 10 sampled NNs | VaAcc: 0.7388 +- 0.0023 | VaLoss: 1.1955 +- 0.0143
 48,  0 | TrAcc: 0.9254, TrLoss:  2.95600, VaAcc: 0.7320, VaLoss: 14.13369	 10 sampled NNs | VaAcc: 0.7387 +- 0.0029 | VaLoss: 1.1876 +- 0.0155
 49,  0 | TrAcc: 0.9270, TrLoss:  2.95030, VaAcc: 0.7324, VaLoss: 14.18076	 10 sampled NNs | VaAcc: 0.7383 +- 0.0025 | VaLoss: 1.2033 +- 0.0146
 50,  0 | TrAcc: 0.9278, TrLoss:  2.94588, VaAcc: 0.7406, VaLoss: 14.17178	 10 sampled NNs | VaAcc: 0.7422 +- 0.0027 | VaLoss: 1.1970 +- 0.0189
 51,  0 | TrAcc: 0.9291, TrLoss:  2.94097, VaAcc: 0.7309, VaLoss: 14.25015	 10 sampled NNs | VaAcc: 0.7375 +- 0.0023 | VaLoss: 1.2391 +- 0.0142
 52,  0 | TrAcc: 0.9305, TrLoss:  2.93644, VaAcc: 0.7383, VaLoss: 14.24669	 10 sampled NNs | VaAcc: 0.7313 +- 0.0016 | VaLoss: 1.2725 +- 0.0133
 53,  0 | TrAcc: 0.9315, TrLoss:  2.93522, VaAcc: 0.7324, VaLoss: 14.31688	 10 sampled NNs | VaAcc: 0.7331 +- 0.0018 | VaLoss: 1.2549 +- 0.0130
 54,  0 | TrAcc: 0.9327, TrLoss:  2.92915, VaAcc: 0.7404, VaLoss: 14.30015	 10 sampled NNs | VaAcc: 0.7381 +- 0.0018 | VaLoss: 1.2608 +- 0.0139
 55,  0 | TrAcc: 0.9356, TrLoss:  2.92250, VaAcc: 0.7323, VaLoss: 14.37295	 10 sampled NNs | VaAcc: 0.7347 +- 0.0019 | VaLoss: 1.2845 +- 0.0131
 56,  0 | TrAcc: 0.9353, TrLoss:  2.92325, VaAcc: 0.7314, VaLoss: 14.41647	 10 sampled NNs | VaAcc: 0.7347 +- 0.0024 | VaLoss: 1.3108 +- 0.0108
 57,  0 | TrAcc: 0.9357, TrLoss:  2.92232, VaAcc: 0.7323, VaLoss: 14.45610	 10 sampled NNs | VaAcc: 0.7292 +- 0.0022 | VaLoss: 1.3508 +- 0.0153
 58,  0 | TrAcc: 0.9360, TrLoss:  2.92065, VaAcc: 0.7338, VaLoss: 14.45591	 10 sampled NNs | VaAcc: 0.7332 +- 0.0027 | VaLoss: 1.3272 +- 0.0196
 59,  0 | TrAcc: 0.9391, TrLoss:  2.91439, VaAcc: 0.7304, VaLoss: 14.51227	 10 sampled NNs | VaAcc: 0.7297 +- 0.0027 | VaLoss: 1.3729 +- 0.0143
 60,  0 | TrAcc: 0.9388, TrLoss:  2.91388, VaAcc: 0.7262, VaLoss: 14.55537	 10 sampled NNs | VaAcc: 0.7263 +- 0.0019 | VaLoss: 1.3860 +- 0.0142
 61,  0 | TrAcc: 0.9393, TrLoss:  2.91263, VaAcc: 0.7270, VaLoss: 14.59648	 10 sampled NNs | VaAcc: 0.7288 +- 0.0017 | VaLoss: 1.4191 +- 0.0170
 62,  0 | TrAcc: 0.9379, TrLoss:  2.91764, VaAcc: 0.7240, VaLoss: 14.55907	 10 sampled NNs | VaAcc: 0.7263 +- 0.0013 | VaLoss: 1.4063 +- 0.0101
 63,  0 | TrAcc: 0.9408, TrLoss:  2.91117, VaAcc: 0.7317, VaLoss: 14.58016	 10 sampled NNs | VaAcc: 0.7287 +- 0.0023 | VaLoss: 1.4145 +- 0.0164
 64,  0 | TrAcc: 0.9409, TrLoss:  2.90958, VaAcc: 0.7234, VaLoss: 14.63718	 10 sampled NNs | VaAcc: 0.7249 +- 0.0013 | VaLoss: 1.4564 +- 0.0101
 65,  0 | TrAcc: 0.9411, TrLoss:  2.90848, VaAcc: 0.7238, VaLoss: 14.63185	 10 sampled NNs | VaAcc: 0.7259 +- 0.0027 | VaLoss: 1.4473 +- 0.0203
 66,  0 | TrAcc: 0.9423, TrLoss:  2.90705, VaAcc: 0.7213, VaLoss: 14.64476	 10 sampled NNs | VaAcc: 0.7228 +- 0.0024 | VaLoss: 1.4696 +- 0.0176
 67,  0 | TrAcc: 0.9422, TrLoss:  2.90610, VaAcc: 0.7255, VaLoss: 14.64111	 10 sampled NNs | VaAcc: 0.7240 +- 0.0014 | VaLoss: 1.4784 +- 0.0099
 68,  0 | TrAcc: 0.9432, TrLoss:  2.90378, VaAcc: 0.7228, VaLoss: 14.70979	 10 sampled NNs | VaAcc: 0.7239 +- 0.0024 | VaLoss: 1.5046 +- 0.0179
 69,  0 | TrAcc: 0.9434, TrLoss:  2.90483, VaAcc: 0.7212, VaLoss: 14.73439	 10 sampled NNs | VaAcc: 0.7246 +- 0.0018 | VaLoss: 1.5047 +- 0.0137
 70,  0 | TrAcc: 0.9440, TrLoss:  2.90356, VaAcc: 0.7238, VaLoss: 14.71410	 10 sampled NNs | VaAcc: 0.7243 +- 0.0022 | VaLoss: 1.4942 +- 0.0201
 71,  0 | TrAcc: 0.9481, TrLoss:  2.89422, VaAcc: 0.7246, VaLoss: 14.75902	 10 sampled NNs | VaAcc: 0.7250 +- 0.0024 | VaLoss: 1.5409 +- 0.0215
 72,  0 | TrAcc: 0.9457, TrLoss:  2.89741, VaAcc: 0.7244, VaLoss: 14.74984	 10 sampled NNs | VaAcc: 0.7270 +- 0.0024 | VaLoss: 1.5368 +- 0.0217
 73,  0 | TrAcc: 0.9452, TrLoss:  2.89965, VaAcc: 0.7258, VaLoss: 14.78179	 10 sampled NNs | VaAcc: 0.7231 +- 0.0022 | VaLoss: 1.5860 +- 0.0182
 74,  0 | TrAcc: 0.9449, TrLoss:  2.90107, VaAcc: 0.7183, VaLoss: 14.81187	 10 sampled NNs | VaAcc: 0.7189 +- 0.0016 | VaLoss: 1.5923 +- 0.0186
 75,  0 | TrAcc: 0.9474, TrLoss:  2.89438, VaAcc: 0.7236, VaLoss: 14.76758	 10 sampled NNs | VaAcc: 0.7243 +- 0.0021 | VaLoss: 1.5784 +- 0.0203
 76,  0 | TrAcc: 0.9484, TrLoss:  2.89228, VaAcc: 0.7231, VaLoss: 14.75770	 10 sampled NNs | VaAcc: 0.7239 +- 0.0020 | VaLoss: 1.5566 +- 0.0153
 77,  0 | TrAcc: 0.9498, TrLoss:  2.88824, VaAcc: 0.7179, VaLoss: 14.83548	 10 sampled NNs | VaAcc: 0.7202 +- 0.0025 | VaLoss: 1.6322 +- 0.0178
 78,  0 | TrAcc: 0.9497, TrLoss:  2.88832, VaAcc: 0.7186, VaLoss: 14.85114	 10 sampled NNs | VaAcc: 0.7202 +- 0.0022 | VaLoss: 1.6199 +- 0.0207
 79,  0 | TrAcc: 0.9502, TrLoss:  2.88812, VaAcc: 0.7171, VaLoss: 14.80243	 10 sampled NNs | VaAcc: 0.7226 +- 0.0029 | VaLoss: 1.5831 +- 0.0246
 80,  0 | TrAcc: 0.9485, TrLoss:  2.89297, VaAcc: 0.7148, VaLoss: 14.89189	 10 sampled NNs | VaAcc: 0.7179 +- 0.0018 | VaLoss: 1.6662 +- 0.0166
 81,  0 | TrAcc: 0.9523, TrLoss:  2.88369, VaAcc: 0.7235, VaLoss: 14.83650	 10 sampled NNs | VaAcc: 0.7218 +- 0.0021 | VaLoss: 1.6447 +- 0.0216
 82,  0 | TrAcc: 0.9497, TrLoss:  2.88805, VaAcc: 0.7206, VaLoss: 14.86818	 10 sampled NNs | VaAcc: 0.7256 +- 0.0029 | VaLoss: 1.6326 +- 0.0261
 83,  0 | TrAcc: 0.9513, TrLoss:  2.88657, VaAcc: 0.7169, VaLoss: 14.87936	 10 sampled NNs | VaAcc: 0.7160 +- 0.0024 | VaLoss: 1.6807 +- 0.0204
 84,  0 | TrAcc: 0.9518, TrLoss:  2.88532, VaAcc: 0.7102, VaLoss: 14.94950	 10 sampled NNs | VaAcc: 0.7160 +- 0.0016 | VaLoss: 1.6987 +- 0.0117
 85,  0 | TrAcc: 0.9533, TrLoss:  2.88186, VaAcc: 0.7144, VaLoss: 14.91287	 10 sampled NNs | VaAcc: 0.7148 +- 0.0019 | VaLoss: 1.6950 +- 0.0207
 86,  0 | TrAcc: 0.9499, TrLoss:  2.88923, VaAcc: 0.7166, VaLoss: 14.89758	 10 sampled NNs | VaAcc: 0.7148 +- 0.0025 | VaLoss: 1.7208 +- 0.0203
 87,  0 | TrAcc: 0.9532, TrLoss:  2.88230, VaAcc: 0.7149, VaLoss: 14.94774	 10 sampled NNs | VaAcc: 0.7166 +- 0.0020 | VaLoss: 1.7281 +- 0.0193
 88,  0 | TrAcc: 0.9493, TrLoss:  2.89347, VaAcc: 0.7089, VaLoss: 14.94899	 10 sampled NNs | VaAcc: 0.7149 +- 0.0026 | VaLoss: 1.7028 +- 0.0183
 89,  0 | TrAcc: 0.9533, TrLoss:  2.88152, VaAcc: 0.7229, VaLoss: 14.85533	 10 sampled NNs | VaAcc: 0.7212 +- 0.0017 | VaLoss: 1.6835 +- 0.0094
 90,  0 | TrAcc: 0.9529, TrLoss:  2.88238, VaAcc: 0.7115, VaLoss: 14.96151	 10 sampled NNs | VaAcc: 0.7146 +- 0.0021 | VaLoss: 1.7326 +- 0.0210
 91,  0 | TrAcc: 0.9532, TrLoss:  2.88140, VaAcc: 0.7188, VaLoss: 14.92292	 10 sampled NNs | VaAcc: 0.7179 +- 0.0030 | VaLoss: 1.7107 +- 0.0285
 92,  0 | TrAcc: 0.9524, TrLoss:  2.88474, VaAcc: 0.7140, VaLoss: 14.96134	 10 sampled NNs | VaAcc: 0.7144 +- 0.0027 | VaLoss: 1.7443 +- 0.0164
 93,  0 | TrAcc: 0.9549, TrLoss:  2.87718, VaAcc: 0.7145, VaLoss: 14.97808	 10 sampled NNs | VaAcc: 0.7154 +- 0.0021 | VaLoss: 1.7745 +- 0.0182
 94,  0 | TrAcc: 0.9533, TrLoss:  2.88153, VaAcc: 0.7160, VaLoss: 14.96705	 10 sampled NNs | VaAcc: 0.7195 +- 0.0021 | VaLoss: 1.7364 +- 0.0151
 95,  0 | TrAcc: 0.9564, TrLoss:  2.87342, VaAcc: 0.7114, VaLoss: 14.97534	 10 sampled NNs | VaAcc: 0.7107 +- 0.0024 | VaLoss: 1.8086 +- 0.0235
 96,  0 | TrAcc: 0.9571, TrLoss:  2.87233, VaAcc: 0.7091, VaLoss: 15.06501	 10 sampled NNs | VaAcc: 0.7107 +- 0.0029 | VaLoss: 1.8169 +- 0.0206
 97,  0 | TrAcc: 0.9556, TrLoss:  2.87621, VaAcc: 0.7142, VaLoss: 15.00703	 10 sampled NNs | VaAcc: 0.7133 +- 0.0010 | VaLoss: 1.7811 +- 0.0117
 98,  0 | TrAcc: 0.9570, TrLoss:  2.87163, VaAcc: 0.7117, VaLoss: 15.03504	 10 sampled NNs | VaAcc: 0.7166 +- 0.0021 | VaLoss: 1.7734 +- 0.0145
 99,  0 | TrAcc: 0.9551, TrLoss:  2.87743, VaAcc: 0.7220, VaLoss: 14.97469	 10 sampled NNs | VaAcc: 0.7195 +- 0.0025 | VaLoss: 1.7583 +- 0.0229
----------------------------
