
=============================
CONFIG FILE

RNN CONFIG
{'data_multiplier': 0.4,
 'gradient_clip_value': 0.5,
 'layer_configs': [{'layer_type': 'input'},
                   {'bc': {'init_m': 'xavier',
                           'init_v': -4.5,
                           'prior_m': 0.0,
                           'prior_v': 0.0,
                           'type': 'continuous'},
                    'bf': {'init_m': 'xavier',
                           'init_v': -4.5,
                           'prior_m': 0.0,
                           'prior_v': 0.0,
                           'type': 'continuous'},
                    'bi': {'init_m': 'xavier',
                           'init_v': -4.5,
                           'prior_m': 0.0,
                           'prior_v': 0.0,
                           'type': 'continuous'},
                    'bo': {'init_m': 'xavier',
                           'init_v': -4.5,
                           'prior_m': 0.0,
                           'prior_v': 0.0,
                           'type': 'continuous'},
                    'init_config': {'c': {'b': 'all_zero', 'w': 'xavier'},
                                    'f': {'b': 'all_one', 'w': 'all_zero'},
                                    'i': {'b': 'all_zero', 'w': 'xavier'},
                                    'o': {'b': 'all_zero', 'w': 'xavier'}},
                    'is_output': False,
                    'is_recurrent': True,
                    'layer_type': 'lstm',
                    'var_scope': 'lstm_0',
                    'wc': {'init_m': 'xavier',
                           'init_v': -4.5,
                           'prior_m': 0.0,
                           'prior_v': 0.0,
                           'type': 'continuous'},
                    'wf': {'init_m': 'xavier',
                           'init_v': -4.5,
                           'prior_m': 0.0,
                           'prior_v': 0.0,
                           'type': 'continuous'},
                    'wi': {'init_m': 'xavier',
                           'init_v': -4.5,
                           'prior_m': 0.0,
                           'prior_v': 0.0,
                           'type': 'continuous'},
                    'wo': {'init_m': 'xavier',
                           'init_v': -4.5,
                           'prior_m': 0.0,
                           'prior_v': 0.0,
                           'type': 'continuous'}},
                   {'bc': {'init_m': 'xavier',
                           'init_v': -4.5,
                           'prior_m': 0.0,
                           'prior_v': 0.0,
                           'type': 'continuous'},
                    'bf': {'init_m': 'xavier',
                           'init_v': -4.5,
                           'prior_m': 0.0,
                           'prior_v': 0.0,
                           'type': 'continuous'},
                    'bi': {'init_m': 'xavier',
                           'init_v': -4.5,
                           'prior_m': 0.0,
                           'prior_v': 0.0,
                           'type': 'continuous'},
                    'bo': {'init_m': 'xavier',
                           'init_v': -4.5,
                           'prior_m': 0.0,
                           'prior_v': 0.0,
                           'type': 'continuous'},
                    'init_config': {'c': {'b': 'all_zero', 'w': 'xavier'},
                                    'f': {'b': 'all_one', 'w': 'all_zero'},
                                    'i': {'b': 'all_zero', 'w': 'xavier'},
                                    'o': {'b': 'all_zero', 'w': 'xavier'}},
                    'is_output': False,
                    'is_recurrent': True,
                    'layer_type': 'lstm',
                    'var_scope': 'lstm_1',
                    'wc': {'init_m': 'xavier',
                           'init_v': -4.5,
                           'prior_m': 0.0,
                           'prior_v': 0.0,
                           'type': 'continuous'},
                    'wf': {'init_m': 'xavier',
                           'init_v': -4.5,
                           'prior_m': 0.0,
                           'prior_v': 0.0,
                           'type': 'continuous'},
                    'wi': {'init_m': 'xavier',
                           'init_v': -4.5,
                           'prior_m': 0.0,
                           'prior_v': 0.0,
                           'type': 'continuous'},
                    'wo': {'init_m': 'xavier',
                           'init_v': -4.5,
                           'prior_m': 0.0,
                           'prior_v': 0.0,
                           'type': 'continuous'}},
                   {'b': {'init_m': 'xavier',
                          'init_v': -4.5,
                          'prior_m': 0.0,
                          'prior_v': 0.0,
                          'type': 'continuous'},
                    'is_output': True,
                    'is_recurrent': False,
                    'layer_type': 'fc',
                    'regularization': {'mode': None, 'strength': 0.02},
                    'var_scope': 'output_layer',
                    'w': {'init_m': 'xavier',
                          'init_v': -4.5,
                          'prior_m': 0.0,
                          'prior_v': 0.0,
                          'type': 'continuous'}}],
 'layout': [4, 60, 60, 10],
 'output_type': 'classification'}

DATA CONFIG
{'dataset': 'red_penstroke',
 'tr': {'in_seq_len': 30,
        'minibatch_enabled': True,
        'minibatch_size': 1000,
        'out_seq_len': 5,
        'zero_padding': 20},
 'va': {'in_seq_len': 30,
        'minibatch_enabled': True,
        'minibatch_size': 1000,
        'out_seq_len': 5,
        'zero_padding': 20}}

TRAINING CONFIG
{'learning_rate': 0.002,
 'max_epochs': 200,
 'mode': {'max_epochs': 100, 'min_error': 0.0, 'name': 'classic'},
 'task_id': 0,
 'type': 'pfp',
 'v_loss': 0.0}
==============================


  0,  0 | TrAcc: 0.1039, TrLoss:  3.82650, VaAcc: 0.1198, VaLoss:  9.35354	 10 sampled NNs | VaAcc: 0.1180 +- 0.0016 | VaLoss: 2.4728 +- 0.0023
  1,  0 | TrAcc: 0.5437, TrLoss:  2.58321, VaAcc: 0.5600, VaLoss:  7.62894	 10 sampled NNs | VaAcc: 0.5580 +- 0.0025 | VaLoss: 1.2549 +- 0.0062
  2,  0 | TrAcc: 0.6611, TrLoss:  2.16342, VaAcc: 0.6671, VaLoss:  6.82258	 10 sampled NNs | VaAcc: 0.6707 +- 0.0016 | VaLoss: 0.9818 +- 0.0055
  3,  0 | TrAcc: 0.7084, TrLoss:  1.91329, VaAcc: 0.7112, VaLoss:  6.17892	 10 sampled NNs | VaAcc: 0.7041 +- 0.0020 | VaLoss: 0.8808 +- 0.0081
  4,  0 | TrAcc: 0.7340, TrLoss:  1.73329, VaAcc: 0.7237, VaLoss:  5.62378	 10 sampled NNs | VaAcc: 0.7140 +- 0.0029 | VaLoss: 0.8509 +- 0.0076
  5,  0 | TrAcc: 0.7474, TrLoss:  1.59564, VaAcc: 0.7430, VaLoss:  5.09269	 10 sampled NNs | VaAcc: 0.7280 +- 0.0017 | VaLoss: 0.8309 +- 0.0065
  6,  0 | TrAcc: 0.7572, TrLoss:  1.47527, VaAcc: 0.7462, VaLoss:  4.62180	 10 sampled NNs | VaAcc: 0.7235 +- 0.0016 | VaLoss: 0.8417 +- 0.0065
  7,  0 | TrAcc: 0.7733, TrLoss:  1.34075, VaAcc: 0.7643, VaLoss:  4.14803	 10 sampled NNs | VaAcc: 0.7313 +- 0.0025 | VaLoss: 0.8686 +- 0.0089
  8,  0 | TrAcc: 0.7752, TrLoss:  1.25452, VaAcc: 0.7654, VaLoss:  3.73911	 10 sampled NNs | VaAcc: 0.7166 +- 0.0033 | VaLoss: 0.9303 +- 0.0119
  9,  0 | TrAcc: 0.7823, TrLoss:  1.16662, VaAcc: 0.7618, VaLoss:  3.37095	 10 sampled NNs | VaAcc: 0.7015 +- 0.0037 | VaLoss: 1.0325 +- 0.0198
 10,  0 | TrAcc: 0.7880, TrLoss:  1.08121, VaAcc: 0.7622, VaLoss:  3.04407	 10 sampled NNs | VaAcc: 0.6813 +- 0.0060 | VaLoss: 1.1506 +- 0.0254
 11,  0 | TrAcc: 0.7947, TrLoss:  1.00901, VaAcc: 0.7711, VaLoss:  2.72545	 10 sampled NNs | VaAcc: 0.6629 +- 0.0057 | VaLoss: 1.2770 +- 0.0346
 12,  0 | TrAcc: 0.7953, TrLoss:  0.95785, VaAcc: 0.7712, VaLoss:  2.46801	 10 sampled NNs | VaAcc: 0.6394 +- 0.0101 | VaLoss: 1.4538 +- 0.0492
 13,  0 | TrAcc: 0.8019, TrLoss:  0.89457, VaAcc: 0.7666, VaLoss:  2.26543	 10 sampled NNs | VaAcc: 0.6206 +- 0.0155 | VaLoss: 1.6005 +- 0.0903
 14,  0 | TrAcc: 0.8038, TrLoss:  0.85393, VaAcc: 0.7664, VaLoss:  2.09176	 10 sampled NNs | VaAcc: 0.5828 +- 0.0212 | VaLoss: 1.8616 +- 0.1272
 15,  0 | TrAcc: 0.8082, TrLoss:  0.81661, VaAcc: 0.7663, VaLoss:  1.93640	 10 sampled NNs | VaAcc: 0.5256 +- 0.0361 | VaLoss: 2.1947 +- 0.2476
 16,  0 | TrAcc: 0.8101, TrLoss:  0.78860, VaAcc: 0.7682, VaLoss:  1.82220	 10 sampled NNs | VaAcc: 0.4903 +- 0.0375 | VaLoss: 2.3656 +- 0.2560
 17,  0 | TrAcc: 0.8145, TrLoss:  0.75932, VaAcc: 0.7717, VaLoss:  1.72274	 10 sampled NNs | VaAcc: 0.4432 +- 0.0475 | VaLoss: 2.7304 +- 0.5010
 18,  0 | TrAcc: 0.8145, TrLoss:  0.74237, VaAcc: 0.7692, VaLoss:  1.66988	 10 sampled NNs | VaAcc: 0.3627 +- 0.0600 | VaLoss: 3.3187 +- 0.4996
 19,  0 | TrAcc: 0.8179, TrLoss:  0.72174, VaAcc: 0.7794, VaLoss:  1.57170	 10 sampled NNs | VaAcc: 0.3000 +- 0.0396 | VaLoss: 3.6520 +- 0.3111
 20,  0 | TrAcc: 0.8173, TrLoss:  0.71284, VaAcc: 0.7714, VaLoss:  1.55715	 10 sampled NNs | VaAcc: 0.2600 +- 0.0475 | VaLoss: 4.0497 +- 0.4362
 21,  0 | TrAcc: 0.8211, TrLoss:  0.69669, VaAcc: 0.7613, VaLoss:  1.54911	 10 sampled NNs | VaAcc: 0.2319 +- 0.0298 | VaLoss: 4.3501 +- 0.4317
 22,  0 | TrAcc: 0.8194, TrLoss:  0.69061, VaAcc: 0.7681, VaLoss:  1.51479	 10 sampled NNs | VaAcc: 0.1860 +- 0.0241 | VaLoss: 4.6650 +- 0.3967
 23,  0 | TrAcc: 0.8252, TrLoss:  0.66952, VaAcc: 0.7681, VaLoss:  1.48382	 10 sampled NNs | VaAcc: 0.1945 +- 0.0173 | VaLoss: 4.7419 +- 0.2654
 24,  0 | TrAcc: 0.8295, TrLoss:  0.65476, VaAcc: 0.7681, VaLoss:  1.46207	 10 sampled NNs | VaAcc: 0.1678 +- 0.0280 | VaLoss: 5.0012 +- 0.6826
 25,  0 | TrAcc: 0.8322, TrLoss:  0.64380, VaAcc: 0.7714, VaLoss:  1.45068	 10 sampled NNs | VaAcc: 0.1721 +- 0.0237 | VaLoss: 5.0030 +- 0.4504
 26,  0 | TrAcc: 0.8349, TrLoss:  0.63424, VaAcc: 0.7684, VaLoss:  1.44192	 10 sampled NNs | VaAcc: 0.1585 +- 0.0164 | VaLoss: 5.1712 +- 0.4469
 27,  0 | TrAcc: 0.8326, TrLoss:  0.63485, VaAcc: 0.7658, VaLoss:  1.43648	 10 sampled NNs | VaAcc: 0.1623 +- 0.0189 | VaLoss: 5.0213 +- 0.4951
 28,  0 | TrAcc: 0.8369, TrLoss:  0.61895, VaAcc: 0.7667, VaLoss:  1.42506	 10 sampled NNs | VaAcc: 0.1454 +- 0.0132 | VaLoss: 5.1601 +- 0.3601
 29,  0 | TrAcc: 0.8418, TrLoss:  0.60517, VaAcc: 0.7611, VaLoss:  1.43424	 10 sampled NNs | VaAcc: 0.1399 +- 0.0136 | VaLoss: 5.2212 +- 0.5672
 30,  0 | TrAcc: 0.8378, TrLoss:  0.61207, VaAcc: 0.7586, VaLoss:  1.43747	 10 sampled NNs | VaAcc: 0.1396 +- 0.0126 | VaLoss: 5.1724 +- 0.4310
 31,  0 | TrAcc: 0.8456, TrLoss:  0.59160, VaAcc: 0.7626, VaLoss:  1.42467	 10 sampled NNs | VaAcc: 0.1359 +- 0.0075 | VaLoss: 5.4023 +- 0.5919
 32,  0 | TrAcc: 0.8469, TrLoss:  0.58786, VaAcc: 0.7654, VaLoss:  1.40681	 10 sampled NNs | VaAcc: 0.1327 +- 0.0095 | VaLoss: 5.4108 +- 0.6273
 33,  0 | TrAcc: 0.8504, TrLoss:  0.57489, VaAcc: 0.7658, VaLoss:  1.40435	 10 sampled NNs | VaAcc: 0.1342 +- 0.0146 | VaLoss: 5.3461 +- 0.6173
 34,  0 | TrAcc: 0.8527, TrLoss:  0.56891, VaAcc: 0.7572, VaLoss:  1.43014	 10 sampled NNs | VaAcc: 0.1275 +- 0.0108 | VaLoss: 5.5643 +- 0.4494
 35,  0 | TrAcc: 0.8525, TrLoss:  0.56724, VaAcc: 0.7633, VaLoss:  1.41418	 10 sampled NNs | VaAcc: 0.1344 +- 0.0122 | VaLoss: 5.4788 +- 0.2711
 36,  0 | TrAcc: 0.8566, TrLoss:  0.55430, VaAcc: 0.7602, VaLoss:  1.42636	 10 sampled NNs | VaAcc: 0.1362 +- 0.0197 | VaLoss: 5.2990 +- 0.4486
 37,  0 | TrAcc: 0.8561, TrLoss:  0.55233, VaAcc: 0.7615, VaLoss:  1.42339	 10 sampled NNs | VaAcc: 0.1241 +- 0.0134 | VaLoss: 5.3284 +- 0.4352
 38,  0 | TrAcc: 0.8558, TrLoss:  0.55120, VaAcc: 0.7589, VaLoss:  1.43350	 10 sampled NNs | VaAcc: 0.1379 +- 0.0136 | VaLoss: 5.2052 +- 0.3447
 39,  0 | TrAcc: 0.8586, TrLoss:  0.54509, VaAcc: 0.7535, VaLoss:  1.46039	 10 sampled NNs | VaAcc: 0.1266 +- 0.0115 | VaLoss: 5.5643 +- 0.5862
 40,  0 | TrAcc: 0.8617, TrLoss:  0.53560, VaAcc: 0.7603, VaLoss:  1.43742	 10 sampled NNs | VaAcc: 0.1203 +- 0.0110 | VaLoss: 6.1778 +- 1.0316
 41,  0 | TrAcc: 0.8636, TrLoss:  0.53041, VaAcc: 0.7574, VaLoss:  1.45994	 10 sampled NNs | VaAcc: 0.1230 +- 0.0147 | VaLoss: 5.8051 +- 0.6222
 42,  0 | TrAcc: 0.8678, TrLoss:  0.51758, VaAcc: 0.7592, VaLoss:  1.45561	 10 sampled NNs | VaAcc: 0.1222 +- 0.0150 | VaLoss: 5.6589 +- 0.3460
 43,  0 | TrAcc: 0.8691, TrLoss:  0.51350, VaAcc: 0.7601, VaLoss:  1.46149	 10 sampled NNs | VaAcc: 0.1243 +- 0.0142 | VaLoss: 5.6860 +- 0.5301
 44,  0 | TrAcc: 0.8674, TrLoss:  0.51661, VaAcc: 0.7504, VaLoss:  1.50278	 10 sampled NNs | VaAcc: 0.1251 +- 0.0142 | VaLoss: 5.6503 +- 0.2999
 45,  0 | TrAcc: 0.8678, TrLoss:  0.51575, VaAcc: 0.7547, VaLoss:  1.48680	 10 sampled NNs | VaAcc: 0.1181 +- 0.0119 | VaLoss: 5.9191 +- 0.3449
 46,  0 | TrAcc: 0.8710, TrLoss:  0.50473, VaAcc: 0.7584, VaLoss:  1.49070	 10 sampled NNs | VaAcc: 0.1205 +- 0.0159 | VaLoss: 5.6164 +- 0.2989
 47,  0 | TrAcc: 0.8728, TrLoss:  0.50140, VaAcc: 0.7515, VaLoss:  1.52522	 10 sampled NNs | VaAcc: 0.1232 +- 0.0098 | VaLoss: 5.8685 +- 0.5560
 48,  0 | TrAcc: 0.8751, TrLoss:  0.49579, VaAcc: 0.7478, VaLoss:  1.52930	 10 sampled NNs | VaAcc: 0.1140 +- 0.0115 | VaLoss: 5.9821 +- 0.5246
 49,  0 | TrAcc: 0.8757, TrLoss:  0.49373, VaAcc: 0.7516, VaLoss:  1.51643	 10 sampled NNs | VaAcc: 0.1154 +- 0.0072 | VaLoss: 6.1922 +- 0.6241
 50,  0 | TrAcc: 0.8786, TrLoss:  0.48581, VaAcc: 0.7560, VaLoss:  1.50654	 10 sampled NNs | VaAcc: 0.1137 +- 0.0128 | VaLoss: 5.8106 +- 0.2259
 51,  0 | TrAcc: 0.8805, TrLoss:  0.48287, VaAcc: 0.7459, VaLoss:  1.55857	 10 sampled NNs | VaAcc: 0.1143 +- 0.0109 | VaLoss: 6.1337 +- 0.5187
 52,  0 | TrAcc: 0.8811, TrLoss:  0.47681, VaAcc: 0.7408, VaLoss:  1.56763	 10 sampled NNs | VaAcc: 0.1168 +- 0.0138 | VaLoss: 6.1045 +- 0.4081
 53,  0 | TrAcc: 0.8817, TrLoss:  0.47707, VaAcc: 0.7499, VaLoss:  1.56694	 10 sampled NNs | VaAcc: 0.1153 +- 0.0092 | VaLoss: 5.8922 +- 0.5984
 54,  0 | TrAcc: 0.8846, TrLoss:  0.46912, VaAcc: 0.7417, VaLoss:  1.58892	 10 sampled NNs | VaAcc: 0.1145 +- 0.0066 | VaLoss: 6.2396 +- 0.4340
 55,  0 | TrAcc: 0.8841, TrLoss:  0.46907, VaAcc: 0.7440, VaLoss:  1.57543	 10 sampled NNs | VaAcc: 0.1150 +- 0.0071 | VaLoss: 5.8656 +- 0.4036
 56,  0 | TrAcc: 0.8861, TrLoss:  0.46127, VaAcc: 0.7460, VaLoss:  1.58350	 10 sampled NNs | VaAcc: 0.1158 +- 0.0094 | VaLoss: 6.0500 +- 0.3298
 57,  0 | TrAcc: 0.8892, TrLoss:  0.45282, VaAcc: 0.7410, VaLoss:  1.61412	 10 sampled NNs | VaAcc: 0.1200 +- 0.0155 | VaLoss: 6.4388 +- 0.8180
 58,  0 | TrAcc: 0.8891, TrLoss:  0.45602, VaAcc: 0.7456, VaLoss:  1.59651	 10 sampled NNs | VaAcc: 0.1147 +- 0.0098 | VaLoss: 6.3221 +- 0.7194
 59,  0 | TrAcc: 0.8908, TrLoss:  0.44957, VaAcc: 0.7408, VaLoss:  1.61765	 10 sampled NNs | VaAcc: 0.1148 +- 0.0079 | VaLoss: 6.2343 +- 0.4378
 60,  0 | TrAcc: 0.8910, TrLoss:  0.44996, VaAcc: 0.7397, VaLoss:  1.63681	 10 sampled NNs | VaAcc: 0.1142 +- 0.0115 | VaLoss: 6.2973 +- 0.3249
 61,  0 | TrAcc: 0.8956, TrLoss:  0.43924, VaAcc: 0.7331, VaLoss:  1.66393	 10 sampled NNs | VaAcc: 0.1252 +- 0.0108 | VaLoss: 6.2320 +- 0.3808
 62,  0 | TrAcc: 0.8907, TrLoss:  0.44962, VaAcc: 0.7457, VaLoss:  1.60385	 10 sampled NNs | VaAcc: 0.1156 +- 0.0089 | VaLoss: 6.4220 +- 0.4502
 63,  0 | TrAcc: 0.8930, TrLoss:  0.44310, VaAcc: 0.7433, VaLoss:  1.64039	 10 sampled NNs | VaAcc: 0.1173 +- 0.0090 | VaLoss: 6.2956 +- 0.3312
 64,  0 | TrAcc: 0.8946, TrLoss:  0.43820, VaAcc: 0.7393, VaLoss:  1.65860	 10 sampled NNs | VaAcc: 0.1155 +- 0.0067 | VaLoss: 6.5644 +- 0.4060
 65,  0 | TrAcc: 0.8931, TrLoss:  0.44134, VaAcc: 0.7262, VaLoss:  1.71092	 10 sampled NNs | VaAcc: 0.1216 +- 0.0083 | VaLoss: 6.3322 +- 0.6276
 66,  0 | TrAcc: 0.8973, TrLoss:  0.43035, VaAcc: 0.7349, VaLoss:  1.69237	 10 sampled NNs | VaAcc: 0.1169 +- 0.0064 | VaLoss: 6.5123 +- 0.5328
 67,  0 | TrAcc: 0.8989, TrLoss:  0.42584, VaAcc: 0.7358, VaLoss:  1.67788	 10 sampled NNs | VaAcc: 0.1179 +- 0.0083 | VaLoss: 6.5578 +- 0.6514
 68,  0 | TrAcc: 0.8994, TrLoss:  0.42492, VaAcc: 0.7291, VaLoss:  1.72685	 10 sampled NNs | VaAcc: 0.1096 +- 0.0190 | VaLoss: 6.4547 +- 0.4279
 69,  0 | TrAcc: 0.9016, TrLoss:  0.41803, VaAcc: 0.7299, VaLoss:  1.73394	 10 sampled NNs | VaAcc: 0.1184 +- 0.0072 | VaLoss: 6.6078 +- 0.2169
 70,  0 | TrAcc: 0.9039, TrLoss:  0.41233, VaAcc: 0.7332, VaLoss:  1.72163	 10 sampled NNs | VaAcc: 0.1126 +- 0.0073 | VaLoss: 6.4866 +- 0.5471
 71,  0 | TrAcc: 0.9030, TrLoss:  0.41346, VaAcc: 0.7373, VaLoss:  1.70534	 10 sampled NNs | VaAcc: 0.1130 +- 0.0120 | VaLoss: 6.7207 +- 0.2438
 72,  0 | TrAcc: 0.9028, TrLoss:  0.41537, VaAcc: 0.7379, VaLoss:  1.71550	 10 sampled NNs | VaAcc: 0.1143 +- 0.0116 | VaLoss: 6.7823 +- 0.5088
 73,  0 | TrAcc: 0.9038, TrLoss:  0.41115, VaAcc: 0.7341, VaLoss:  1.74630	 10 sampled NNs | VaAcc: 0.1130 +- 0.0085 | VaLoss: 6.8617 +- 0.3591
 74,  0 | TrAcc: 0.9031, TrLoss:  0.41521, VaAcc: 0.7288, VaLoss:  1.79303	 10 sampled NNs | VaAcc: 0.1164 +- 0.0103 | VaLoss: 6.8061 +- 0.2677
 75,  0 | TrAcc: 0.9036, TrLoss:  0.41478, VaAcc: 0.7327, VaLoss:  1.74940	 10 sampled NNs | VaAcc: 0.1116 +- 0.0073 | VaLoss: 6.6295 +- 0.5737
 76,  0 | TrAcc: 0.9051, TrLoss:  0.41023, VaAcc: 0.7296, VaLoss:  1.76640	 10 sampled NNs | VaAcc: 0.1191 +- 0.0076 | VaLoss: 6.5828 +- 0.3470
 77,  0 | TrAcc: 0.9092, TrLoss:  0.39713, VaAcc: 0.7314, VaLoss:  1.80437	 10 sampled NNs | VaAcc: 0.1104 +- 0.0076 | VaLoss: 6.8938 +- 0.2691
 78,  0 | TrAcc: 0.9098, TrLoss:  0.39598, VaAcc: 0.7326, VaLoss:  1.76667	 10 sampled NNs | VaAcc: 0.1126 +- 0.0107 | VaLoss: 6.8151 +- 0.3176
 79,  0 | TrAcc: 0.9049, TrLoss:  0.40926, VaAcc: 0.7240, VaLoss:  1.82461	 10 sampled NNs | VaAcc: 0.1152 +- 0.0142 | VaLoss: 6.9296 +- 0.4921
 80,  0 | TrAcc: 0.9112, TrLoss:  0.39180, VaAcc: 0.7250, VaLoss:  1.81802	 10 sampled NNs | VaAcc: 0.1197 +- 0.0103 | VaLoss: 6.7444 +- 0.4626
 81,  0 | TrAcc: 0.9077, TrLoss:  0.40329, VaAcc: 0.7284, VaLoss:  1.82485	 10 sampled NNs | VaAcc: 0.1109 +- 0.0065 | VaLoss: 6.9132 +- 0.4329
 82,  0 | TrAcc: 0.9135, TrLoss:  0.38265, VaAcc: 0.7300, VaLoss:  1.82992	 10 sampled NNs | VaAcc: 0.1221 +- 0.0156 | VaLoss: 6.7637 +- 0.3233
 83,  0 | TrAcc: 0.9123, TrLoss:  0.38832, VaAcc: 0.7246, VaLoss:  1.84490	 10 sampled NNs | VaAcc: 0.1115 +- 0.0077 | VaLoss: 6.7947 +- 0.4072
 84,  0 | TrAcc: 0.9082, TrLoss:  0.40022, VaAcc: 0.7282, VaLoss:  1.86146	 10 sampled NNs | VaAcc: 0.1119 +- 0.0132 | VaLoss: 6.8149 +- 0.6033
 85,  0 | TrAcc: 0.9140, TrLoss:  0.38571, VaAcc: 0.7249, VaLoss:  1.86637	 10 sampled NNs | VaAcc: 0.1207 +- 0.0114 | VaLoss: 7.0550 +- 0.4924
 86,  0 | TrAcc: 0.9162, TrLoss:  0.37811, VaAcc: 0.7274, VaLoss:  1.87342	 10 sampled NNs | VaAcc: 0.1164 +- 0.0115 | VaLoss: 6.9084 +- 0.3544
 87,  0 | TrAcc: 0.9140, TrLoss:  0.38359, VaAcc: 0.7276, VaLoss:  1.88666	 10 sampled NNs | VaAcc: 0.1130 +- 0.0100 | VaLoss: 6.9920 +- 0.4043
 88,  0 | TrAcc: 0.9138, TrLoss:  0.38219, VaAcc: 0.7329, VaLoss:  1.86692	 10 sampled NNs | VaAcc: 0.1130 +- 0.0064 | VaLoss: 6.9228 +- 0.4278
 89,  0 | TrAcc: 0.9157, TrLoss:  0.37831, VaAcc: 0.7245, VaLoss:  1.91916	 10 sampled NNs | VaAcc: 0.1176 +- 0.0086 | VaLoss: 6.8925 +- 0.9266
 90,  0 | TrAcc: 0.9102, TrLoss:  0.39717, VaAcc: 0.7309, VaLoss:  1.88789	 10 sampled NNs | VaAcc: 0.1095 +- 0.0084 | VaLoss: 6.9527 +- 0.7911
 91,  0 | TrAcc: 0.9184, TrLoss:  0.36896, VaAcc: 0.7274, VaLoss:  1.92704	 10 sampled NNs | VaAcc: 0.1174 +- 0.0066 | VaLoss: 6.8979 +- 0.4472
 92,  0 | TrAcc: 0.9158, TrLoss:  0.37713, VaAcc: 0.7131, VaLoss:  1.99373	 10 sampled NNs | VaAcc: 0.1122 +- 0.0111 | VaLoss: 7.0924 +- 0.4655
 93,  0 | TrAcc: 0.9169, TrLoss:  0.37489, VaAcc: 0.7274, VaLoss:  1.90237	 10 sampled NNs | VaAcc: 0.1103 +- 0.0092 | VaLoss: 6.8539 +- 0.5599
 94,  0 | TrAcc: 0.9177, TrLoss:  0.37188, VaAcc: 0.7224, VaLoss:  1.93588	 10 sampled NNs | VaAcc: 0.1135 +- 0.0063 | VaLoss: 7.2441 +- 0.5413
 95,  0 | TrAcc: 0.9158, TrLoss:  0.38064, VaAcc: 0.7234, VaLoss:  1.92499	 10 sampled NNs | VaAcc: 0.1156 +- 0.0114 | VaLoss: 7.5339 +- 0.8659
 96,  0 | TrAcc: 0.9183, TrLoss:  0.37082, VaAcc: 0.7155, VaLoss:  1.98838	 10 sampled NNs | VaAcc: 0.1111 +- 0.0102 | VaLoss: 7.0644 +- 0.2464
 97,  0 | TrAcc: 0.9215, TrLoss:  0.36277, VaAcc: 0.7226, VaLoss:  1.95925	 10 sampled NNs | VaAcc: 0.1129 +- 0.0126 | VaLoss: 7.0706 +- 0.5450
 98,  0 | TrAcc: 0.9206, TrLoss:  0.36369, VaAcc: 0.7149, VaLoss:  2.02188	 10 sampled NNs | VaAcc: 0.1120 +- 0.0087 | VaLoss: 6.9842 +- 0.2961
 99,  0 | TrAcc: 0.9196, TrLoss:  0.36469, VaAcc: 0.7287, VaLoss:  1.93172	 10 sampled NNs | VaAcc: 0.1147 +- 0.0094 | VaLoss: 7.3924 +- 0.3933
----------------------------
