
=============================
CONFIG FILE

RNN CONFIG
{'data_multiplier': 100.0,
 'gradient_clip_value': 0.5,
 'layer_configs': [{'layer_type': 'input'},
                   {'bc': {'init_m': 'xavier',
                           'init_v': -4.5,
                           'prior_m': 0.0,
                           'prior_v': 0.0,
                           'type': 'continuous'},
                    'bf': {'init_m': 'xavier',
                           'init_v': -4.5,
                           'prior_m': 0.0,
                           'prior_v': 0.0,
                           'type': 'continuous'},
                    'bi': {'init_m': 'xavier',
                           'init_v': -4.5,
                           'prior_m': 0.0,
                           'prior_v': 0.0,
                           'type': 'continuous'},
                    'bo': {'init_m': 'xavier',
                           'init_v': -4.5,
                           'prior_m': 0.0,
                           'prior_v': 0.0,
                           'type': 'continuous'},
                    'init_config': {'c': {'b': 'all_zero', 'w': 'xavier'},
                                    'f': {'b': 'all_one', 'w': 'all_zero'},
                                    'i': {'b': 'all_zero', 'w': 'xavier'},
                                    'o': {'b': 'all_zero', 'w': 'xavier'}},
                    'is_output': False,
                    'is_recurrent': True,
                    'layer_type': 'lstm',
                    'var_scope': 'lstm_0',
                    'wc': {'init_m': 'xavier',
                           'init_v': -4.5,
                           'prior_m': 0.0,
                           'prior_v': 0.0,
                           'type': 'continuous'},
                    'wf': {'init_m': 'xavier',
                           'init_v': -4.5,
                           'prior_m': 0.0,
                           'prior_v': 0.0,
                           'type': 'continuous'},
                    'wi': {'init_m': 'xavier',
                           'init_v': -4.5,
                           'prior_m': 0.0,
                           'prior_v': 0.0,
                           'type': 'continuous'},
                    'wo': {'init_m': 'xavier',
                           'init_v': -4.5,
                           'prior_m': 0.0,
                           'prior_v': 0.0,
                           'type': 'continuous'}},
                   {'bc': {'init_m': 'xavier',
                           'init_v': -4.5,
                           'prior_m': 0.0,
                           'prior_v': 0.0,
                           'type': 'continuous'},
                    'bf': {'init_m': 'xavier',
                           'init_v': -4.5,
                           'prior_m': 0.0,
                           'prior_v': 0.0,
                           'type': 'continuous'},
                    'bi': {'init_m': 'xavier',
                           'init_v': -4.5,
                           'prior_m': 0.0,
                           'prior_v': 0.0,
                           'type': 'continuous'},
                    'bo': {'init_m': 'xavier',
                           'init_v': -4.5,
                           'prior_m': 0.0,
                           'prior_v': 0.0,
                           'type': 'continuous'},
                    'init_config': {'c': {'b': 'all_zero', 'w': 'xavier'},
                                    'f': {'b': 'all_one', 'w': 'all_zero'},
                                    'i': {'b': 'all_zero', 'w': 'xavier'},
                                    'o': {'b': 'all_zero', 'w': 'xavier'}},
                    'is_output': False,
                    'is_recurrent': True,
                    'layer_type': 'lstm',
                    'var_scope': 'lstm_1',
                    'wc': {'init_m': 'xavier',
                           'init_v': -4.5,
                           'prior_m': 0.0,
                           'prior_v': 0.0,
                           'type': 'continuous'},
                    'wf': {'init_m': 'xavier',
                           'init_v': -4.5,
                           'prior_m': 0.0,
                           'prior_v': 0.0,
                           'type': 'continuous'},
                    'wi': {'init_m': 'xavier',
                           'init_v': -4.5,
                           'prior_m': 0.0,
                           'prior_v': 0.0,
                           'type': 'continuous'},
                    'wo': {'init_m': 'xavier',
                           'init_v': -4.5,
                           'prior_m': 0.0,
                           'prior_v': 0.0,
                           'type': 'continuous'}},
                   {'b': {'init_m': 'xavier',
                          'init_v': -4.5,
                          'prior_m': 0.0,
                          'prior_v': 0.0,
                          'type': 'continuous'},
                    'is_output': True,
                    'is_recurrent': False,
                    'layer_type': 'fc',
                    'regularization': {'mode': None, 'strength': 0.02},
                    'var_scope': 'output_layer',
                    'w': {'init_m': 'xavier',
                          'init_v': -4.5,
                          'prior_m': 0.0,
                          'prior_v': 0.0,
                          'type': 'continuous'}}],
 'layout': [4, 60, 60, 10],
 'output_type': 'classification'}

DATA CONFIG
{'dataset': 'red_penstroke',
 'tr': {'in_seq_len': 30,
        'minibatch_enabled': True,
        'minibatch_size': 1000,
        'out_seq_len': 5,
        'zero_padding': 20},
 'va': {'in_seq_len': 30,
        'minibatch_enabled': True,
        'minibatch_size': 1000,
        'out_seq_len': 5,
        'zero_padding': 20}}

TRAINING CONFIG
{'learning_rate': 0.002,
 'max_epochs': 200,
 'mode': {'max_epochs': 100, 'min_error': 0.0, 'name': 'classic'},
 'task_id': 7,
 'type': 'g_sampling',
 'v_loss': 0.0}
==============================


  0,  0 | TrAcc: 0.0885, TrLoss:  2.46309, VaAcc: 0.0900, VaLoss:  2.45981	 10 sampled NNs | VaAcc: 0.0893 +- 0.0005 | VaLoss: 2.4359 +- 0.0015
  1,  0 | TrAcc: 0.5762, TrLoss:  1.23513, VaAcc: 0.5873, VaLoss:  1.23708	 10 sampled NNs | VaAcc: 0.5898 +- 0.0022 | VaLoss: 1.2024 +- 0.0067
  2,  0 | TrAcc: 0.6856, TrLoss:  0.92618, VaAcc: 0.6898, VaLoss:  0.95414	 10 sampled NNs | VaAcc: 0.6929 +- 0.0022 | VaLoss: 0.9183 +- 0.0035
  3,  0 | TrAcc: 0.7185, TrLoss:  0.81739, VaAcc: 0.7208, VaLoss:  0.85041	 10 sampled NNs | VaAcc: 0.7176 +- 0.0037 | VaLoss: 0.8330 +- 0.0094
  4,  0 | TrAcc: 0.7409, TrLoss:  0.75362, VaAcc: 0.7298, VaLoss:  0.81988	 10 sampled NNs | VaAcc: 0.7285 +- 0.0018 | VaLoss: 0.7954 +- 0.0061
  5,  0 | TrAcc: 0.7548, TrLoss:  0.70883, VaAcc: 0.7385, VaLoss:  0.78946	 10 sampled NNs | VaAcc: 0.7342 +- 0.0026 | VaLoss: 0.7743 +- 0.0070
  6,  0 | TrAcc: 0.7691, TrLoss:  0.66493, VaAcc: 0.7541, VaLoss:  0.76545	 10 sampled NNs | VaAcc: 0.7528 +- 0.0021 | VaLoss: 0.7388 +- 0.0068
  7,  0 | TrAcc: 0.7783, TrLoss:  0.63568, VaAcc: 0.7577, VaLoss:  0.74433	 10 sampled NNs | VaAcc: 0.7538 +- 0.0023 | VaLoss: 0.7241 +- 0.0058
  8,  0 | TrAcc: 0.7883, TrLoss:  0.60892, VaAcc: 0.7535, VaLoss:  0.75483	 10 sampled NNs | VaAcc: 0.7549 +- 0.0022 | VaLoss: 0.7245 +- 0.0051
  9,  0 | TrAcc: 0.7961, TrLoss:  0.58462, VaAcc: 0.7593, VaLoss:  0.73625	 10 sampled NNs | VaAcc: 0.7583 +- 0.0019 | VaLoss: 0.7175 +- 0.0037
 10,  0 | TrAcc: 0.7975, TrLoss:  0.57219, VaAcc: 0.7521, VaLoss:  0.75631	 10 sampled NNs | VaAcc: 0.7538 +- 0.0016 | VaLoss: 0.7246 +- 0.0053
 11,  0 | TrAcc: 0.8069, TrLoss:  0.54336, VaAcc: 0.7652, VaLoss:  0.73397	 10 sampled NNs | VaAcc: 0.7639 +- 0.0027 | VaLoss: 0.7124 +- 0.0093
 12,  0 | TrAcc: 0.8121, TrLoss:  0.52655, VaAcc: 0.7537, VaLoss:  0.75987	 10 sampled NNs | VaAcc: 0.7586 +- 0.0031 | VaLoss: 0.7250 +- 0.0084
 13,  0 | TrAcc: 0.8172, TrLoss:  0.51183, VaAcc: 0.7623, VaLoss:  0.76038	 10 sampled NNs | VaAcc: 0.7621 +- 0.0023 | VaLoss: 0.7334 +- 0.0094
 14,  0 | TrAcc: 0.8246, TrLoss:  0.49533, VaAcc: 0.7633, VaLoss:  0.75329	 10 sampled NNs | VaAcc: 0.7683 +- 0.0026 | VaLoss: 0.7154 +- 0.0081
 15,  0 | TrAcc: 0.8292, TrLoss:  0.47786, VaAcc: 0.7639, VaLoss:  0.75257	 10 sampled NNs | VaAcc: 0.7623 +- 0.0022 | VaLoss: 0.7391 +- 0.0063
 16,  0 | TrAcc: 0.8314, TrLoss:  0.46972, VaAcc: 0.7608, VaLoss:  0.75489	 10 sampled NNs | VaAcc: 0.7602 +- 0.0013 | VaLoss: 0.7363 +- 0.0057
 17,  0 | TrAcc: 0.8370, TrLoss:  0.45534, VaAcc: 0.7698, VaLoss:  0.77681	 10 sampled NNs | VaAcc: 0.7668 +- 0.0012 | VaLoss: 0.7519 +- 0.0062
 18,  0 | TrAcc: 0.8456, TrLoss:  0.43263, VaAcc: 0.7641, VaLoss:  0.77380	 10 sampled NNs | VaAcc: 0.7602 +- 0.0019 | VaLoss: 0.7684 +- 0.0078
 19,  0 | TrAcc: 0.8457, TrLoss:  0.42513, VaAcc: 0.7600, VaLoss:  0.79110	 10 sampled NNs | VaAcc: 0.7577 +- 0.0031 | VaLoss: 0.7698 +- 0.0109
 20,  0 | TrAcc: 0.8435, TrLoss:  0.43302, VaAcc: 0.7597, VaLoss:  0.80160	 10 sampled NNs | VaAcc: 0.7600 +- 0.0028 | VaLoss: 0.7811 +- 0.0092
 21,  0 | TrAcc: 0.8536, TrLoss:  0.40779, VaAcc: 0.7551, VaLoss:  0.83511	 10 sampled NNs | VaAcc: 0.7570 +- 0.0016 | VaLoss: 0.8006 +- 0.0052
 22,  0 | TrAcc: 0.8558, TrLoss:  0.40087, VaAcc: 0.7570, VaLoss:  0.83225	 10 sampled NNs | VaAcc: 0.7573 +- 0.0016 | VaLoss: 0.8130 +- 0.0057
 23,  0 | TrAcc: 0.8592, TrLoss:  0.38953, VaAcc: 0.7633, VaLoss:  0.84743	 10 sampled NNs | VaAcc: 0.7605 +- 0.0018 | VaLoss: 0.8250 +- 0.0085
 24,  0 | TrAcc: 0.8617, TrLoss:  0.38482, VaAcc: 0.7544, VaLoss:  0.85941	 10 sampled NNs | VaAcc: 0.7562 +- 0.0029 | VaLoss: 0.8291 +- 0.0108
 25,  0 | TrAcc: 0.8670, TrLoss:  0.36898, VaAcc: 0.7528, VaLoss:  0.87708	 10 sampled NNs | VaAcc: 0.7519 +- 0.0027 | VaLoss: 0.8653 +- 0.0097
 26,  0 | TrAcc: 0.8706, TrLoss:  0.35733, VaAcc: 0.7545, VaLoss:  0.87918	 10 sampled NNs | VaAcc: 0.7553 +- 0.0035 | VaLoss: 0.8500 +- 0.0127
 27,  0 | TrAcc: 0.8687, TrLoss:  0.36030, VaAcc: 0.7551, VaLoss:  0.88433	 10 sampled NNs | VaAcc: 0.7556 +- 0.0030 | VaLoss: 0.8594 +- 0.0121
 28,  0 | TrAcc: 0.8758, TrLoss:  0.34519, VaAcc: 0.7540, VaLoss:  0.89420	 10 sampled NNs | VaAcc: 0.7541 +- 0.0028 | VaLoss: 0.8692 +- 0.0139
 29,  0 | TrAcc: 0.8727, TrLoss:  0.35041, VaAcc: 0.7495, VaLoss:  0.93787	 10 sampled NNs | VaAcc: 0.7471 +- 0.0022 | VaLoss: 0.9249 +- 0.0130
 30,  0 | TrAcc: 0.8822, TrLoss:  0.32689, VaAcc: 0.7510, VaLoss:  0.91990	 10 sampled NNs | VaAcc: 0.7485 +- 0.0020 | VaLoss: 0.9092 +- 0.0122
 31,  0 | TrAcc: 0.8866, TrLoss:  0.31414, VaAcc: 0.7527, VaLoss:  0.92724	 10 sampled NNs | VaAcc: 0.7500 +- 0.0017 | VaLoss: 0.9150 +- 0.0054
 32,  0 | TrAcc: 0.8873, TrLoss:  0.31421, VaAcc: 0.7495, VaLoss:  0.95164	 10 sampled NNs | VaAcc: 0.7485 +- 0.0023 | VaLoss: 0.9354 +- 0.0106
 33,  0 | TrAcc: 0.8881, TrLoss:  0.30747, VaAcc: 0.7502, VaLoss:  0.99066	 10 sampled NNs | VaAcc: 0.7471 +- 0.0020 | VaLoss: 0.9660 +- 0.0095
 34,  0 | TrAcc: 0.8910, TrLoss:  0.30050, VaAcc: 0.7435, VaLoss:  1.02056	 10 sampled NNs | VaAcc: 0.7443 +- 0.0026 | VaLoss: 0.9917 +- 0.0143
 35,  0 | TrAcc: 0.8937, TrLoss:  0.29380, VaAcc: 0.7425, VaLoss:  1.01286	 10 sampled NNs | VaAcc: 0.7420 +- 0.0021 | VaLoss: 0.9972 +- 0.0102
 36,  0 | TrAcc: 0.8933, TrLoss:  0.29364, VaAcc: 0.7304, VaLoss:  1.05961	 10 sampled NNs | VaAcc: 0.7344 +- 0.0023 | VaLoss: 1.0241 +- 0.0119
 37,  0 | TrAcc: 0.8987, TrLoss:  0.28217, VaAcc: 0.7344, VaLoss:  1.08845	 10 sampled NNs | VaAcc: 0.7358 +- 0.0023 | VaLoss: 1.0508 +- 0.0122
 38,  0 | TrAcc: 0.8987, TrLoss:  0.27967, VaAcc: 0.7410, VaLoss:  1.10007	 10 sampled NNs | VaAcc: 0.7388 +- 0.0020 | VaLoss: 1.0805 +- 0.0111
 39,  0 | TrAcc: 0.8993, TrLoss:  0.27696, VaAcc: 0.7362, VaLoss:  1.08403	 10 sampled NNs | VaAcc: 0.7357 +- 0.0024 | VaLoss: 1.0745 +- 0.0151
 40,  0 | TrAcc: 0.8961, TrLoss:  0.28538, VaAcc: 0.7406, VaLoss:  1.09900	 10 sampled NNs | VaAcc: 0.7410 +- 0.0019 | VaLoss: 1.0820 +- 0.0119
 41,  0 | TrAcc: 0.9034, TrLoss:  0.26412, VaAcc: 0.7347, VaLoss:  1.13729	 10 sampled NNs | VaAcc: 0.7345 +- 0.0032 | VaLoss: 1.1159 +- 0.0169
 42,  0 | TrAcc: 0.9071, TrLoss:  0.25592, VaAcc: 0.7463, VaLoss:  1.10390	 10 sampled NNs | VaAcc: 0.7419 +- 0.0028 | VaLoss: 1.0974 +- 0.0093
 43,  0 | TrAcc: 0.9069, TrLoss:  0.25813, VaAcc: 0.7357, VaLoss:  1.12609	 10 sampled NNs | VaAcc: 0.7350 +- 0.0023 | VaLoss: 1.1186 +- 0.0145
 44,  0 | TrAcc: 0.9060, TrLoss:  0.25756, VaAcc: 0.7280, VaLoss:  1.19997	 10 sampled NNs | VaAcc: 0.7266 +- 0.0028 | VaLoss: 1.1689 +- 0.0163
 45,  0 | TrAcc: 0.9089, TrLoss:  0.25124, VaAcc: 0.7286, VaLoss:  1.17330	 10 sampled NNs | VaAcc: 0.7258 +- 0.0015 | VaLoss: 1.1576 +- 0.0094
 46,  0 | TrAcc: 0.9060, TrLoss:  0.25713, VaAcc: 0.7236, VaLoss:  1.24243	 10 sampled NNs | VaAcc: 0.7224 +- 0.0032 | VaLoss: 1.2362 +- 0.0143
 47,  0 | TrAcc: 0.9153, TrLoss:  0.23438, VaAcc: 0.7316, VaLoss:  1.20368	 10 sampled NNs | VaAcc: 0.7282 +- 0.0030 | VaLoss: 1.1836 +- 0.0143
 48,  0 | TrAcc: 0.9153, TrLoss:  0.23508, VaAcc: 0.7263, VaLoss:  1.24392	 10 sampled NNs | VaAcc: 0.7241 +- 0.0023 | VaLoss: 1.2188 +- 0.0092
 49,  0 | TrAcc: 0.9101, TrLoss:  0.25154, VaAcc: 0.7274, VaLoss:  1.24120	 10 sampled NNs | VaAcc: 0.7286 +- 0.0014 | VaLoss: 1.2303 +- 0.0109
 50,  0 | TrAcc: 0.9177, TrLoss:  0.22840, VaAcc: 0.7252, VaLoss:  1.25866	 10 sampled NNs | VaAcc: 0.7258 +- 0.0015 | VaLoss: 1.2317 +- 0.0109
 51,  0 | TrAcc: 0.9200, TrLoss:  0.22142, VaAcc: 0.7258, VaLoss:  1.27902	 10 sampled NNs | VaAcc: 0.7234 +- 0.0020 | VaLoss: 1.2568 +- 0.0144
 52,  0 | TrAcc: 0.9224, TrLoss:  0.21642, VaAcc: 0.7251, VaLoss:  1.29133	 10 sampled NNs | VaAcc: 0.7228 +- 0.0015 | VaLoss: 1.2747 +- 0.0117
 53,  0 | TrAcc: 0.9250, TrLoss:  0.21055, VaAcc: 0.7179, VaLoss:  1.34050	 10 sampled NNs | VaAcc: 0.7228 +- 0.0025 | VaLoss: 1.2941 +- 0.0174
 54,  0 | TrAcc: 0.9233, TrLoss:  0.21428, VaAcc: 0.7198, VaLoss:  1.32940	 10 sampled NNs | VaAcc: 0.7191 +- 0.0023 | VaLoss: 1.3054 +- 0.0180
 55,  0 | TrAcc: 0.9246, TrLoss:  0.20928, VaAcc: 0.7210, VaLoss:  1.35702	 10 sampled NNs | VaAcc: 0.7238 +- 0.0026 | VaLoss: 1.3299 +- 0.0154
 56,  0 | TrAcc: 0.9264, TrLoss:  0.20367, VaAcc: 0.7231, VaLoss:  1.33182	 10 sampled NNs | VaAcc: 0.7215 +- 0.0017 | VaLoss: 1.3074 +- 0.0130
 57,  0 | TrAcc: 0.9216, TrLoss:  0.21961, VaAcc: 0.7288, VaLoss:  1.26848	 10 sampled NNs | VaAcc: 0.7286 +- 0.0021 | VaLoss: 1.2484 +- 0.0206
 58,  0 | TrAcc: 0.9268, TrLoss:  0.20381, VaAcc: 0.7249, VaLoss:  1.30774	 10 sampled NNs | VaAcc: 0.7259 +- 0.0014 | VaLoss: 1.3006 +- 0.0087
 59,  0 | TrAcc: 0.9305, TrLoss:  0.19357, VaAcc: 0.7264, VaLoss:  1.34388	 10 sampled NNs | VaAcc: 0.7238 +- 0.0020 | VaLoss: 1.3526 +- 0.0181
 60,  0 | TrAcc: 0.9307, TrLoss:  0.19270, VaAcc: 0.7216, VaLoss:  1.39534	 10 sampled NNs | VaAcc: 0.7247 +- 0.0033 | VaLoss: 1.3630 +- 0.0191
 61,  0 | TrAcc: 0.9349, TrLoss:  0.18262, VaAcc: 0.7208, VaLoss:  1.41848	 10 sampled NNs | VaAcc: 0.7208 +- 0.0015 | VaLoss: 1.3999 +- 0.0111
 62,  0 | TrAcc: 0.9333, TrLoss:  0.18591, VaAcc: 0.7195, VaLoss:  1.46711	 10 sampled NNs | VaAcc: 0.7173 +- 0.0018 | VaLoss: 1.4688 +- 0.0138
 63,  0 | TrAcc: 0.9321, TrLoss:  0.19142, VaAcc: 0.7223, VaLoss:  1.44809	 10 sampled NNs | VaAcc: 0.7183 +- 0.0023 | VaLoss: 1.4156 +- 0.0171
 64,  0 | TrAcc: 0.9325, TrLoss:  0.18721, VaAcc: 0.7186, VaLoss:  1.47176	 10 sampled NNs | VaAcc: 0.7204 +- 0.0023 | VaLoss: 1.4307 +- 0.0172
 65,  0 | TrAcc: 0.9364, TrLoss:  0.17908, VaAcc: 0.7216, VaLoss:  1.45272	 10 sampled NNs | VaAcc: 0.7226 +- 0.0025 | VaLoss: 1.4335 +- 0.0205
 66,  0 | TrAcc: 0.9384, TrLoss:  0.17308, VaAcc: 0.7214, VaLoss:  1.46611	 10 sampled NNs | VaAcc: 0.7220 +- 0.0025 | VaLoss: 1.4296 +- 0.0156
 67,  0 | TrAcc: 0.9345, TrLoss:  0.18255, VaAcc: 0.7198, VaLoss:  1.45480	 10 sampled NNs | VaAcc: 0.7218 +- 0.0025 | VaLoss: 1.4484 +- 0.0156
 68,  0 | TrAcc: 0.9374, TrLoss:  0.17478, VaAcc: 0.7188, VaLoss:  1.48630	 10 sampled NNs | VaAcc: 0.7194 +- 0.0021 | VaLoss: 1.4592 +- 0.0146
 69,  0 | TrAcc: 0.9401, TrLoss:  0.16820, VaAcc: 0.7201, VaLoss:  1.49020	 10 sampled NNs | VaAcc: 0.7198 +- 0.0023 | VaLoss: 1.4926 +- 0.0131
 70,  0 | TrAcc: 0.9323, TrLoss:  0.18732, VaAcc: 0.7122, VaLoss:  1.54501	 10 sampled NNs | VaAcc: 0.7171 +- 0.0019 | VaLoss: 1.5081 +- 0.0131
 71,  0 | TrAcc: 0.9417, TrLoss:  0.16399, VaAcc: 0.7178, VaLoss:  1.53919	 10 sampled NNs | VaAcc: 0.7184 +- 0.0017 | VaLoss: 1.5155 +- 0.0187
 72,  0 | TrAcc: 0.9364, TrLoss:  0.17710, VaAcc: 0.7146, VaLoss:  1.55215	 10 sampled NNs | VaAcc: 0.7162 +- 0.0015 | VaLoss: 1.5103 +- 0.0129
 73,  0 | TrAcc: 0.9363, TrLoss:  0.17925, VaAcc: 0.7127, VaLoss:  1.57048	 10 sampled NNs | VaAcc: 0.7167 +- 0.0027 | VaLoss: 1.5316 +- 0.0161
 74,  0 | TrAcc: 0.9403, TrLoss:  0.16602, VaAcc: 0.7193, VaLoss:  1.57320	 10 sampled NNs | VaAcc: 0.7167 +- 0.0018 | VaLoss: 1.5769 +- 0.0150
 75,  0 | TrAcc: 0.9401, TrLoss:  0.16797, VaAcc: 0.7168, VaLoss:  1.58697	 10 sampled NNs | VaAcc: 0.7163 +- 0.0031 | VaLoss: 1.5704 +- 0.0199
 76,  0 | TrAcc: 0.9405, TrLoss:  0.16648, VaAcc: 0.7193, VaLoss:  1.59243	 10 sampled NNs | VaAcc: 0.7181 +- 0.0015 | VaLoss: 1.5626 +- 0.0115
 77,  0 | TrAcc: 0.9415, TrLoss:  0.16406, VaAcc: 0.7138, VaLoss:  1.63321	 10 sampled NNs | VaAcc: 0.7135 +- 0.0032 | VaLoss: 1.6059 +- 0.0269
 78,  0 | TrAcc: 0.9327, TrLoss:  0.18658, VaAcc: 0.7078, VaLoss:  1.63216	 10 sampled NNs | VaAcc: 0.7120 +- 0.0033 | VaLoss: 1.5957 +- 0.0240
 79,  0 | TrAcc: 0.9367, TrLoss:  0.18126, VaAcc: 0.7231, VaLoss:  1.61482	 10 sampled NNs | VaAcc: 0.7208 +- 0.0024 | VaLoss: 1.6014 +- 0.0203
 80,  0 | TrAcc: 0.9430, TrLoss:  0.15725, VaAcc: 0.7117, VaLoss:  1.65251	 10 sampled NNs | VaAcc: 0.7098 +- 0.0024 | VaLoss: 1.6365 +- 0.0186
 81,  0 | TrAcc: 0.9441, TrLoss:  0.15880, VaAcc: 0.7104, VaLoss:  1.67164	 10 sampled NNs | VaAcc: 0.7122 +- 0.0025 | VaLoss: 1.6508 +- 0.0156
 82,  0 | TrAcc: 0.9482, TrLoss:  0.14502, VaAcc: 0.7145, VaLoss:  1.67418	 10 sampled NNs | VaAcc: 0.7128 +- 0.0017 | VaLoss: 1.6519 +- 0.0161
 83,  0 | TrAcc: 0.9486, TrLoss:  0.14587, VaAcc: 0.7160, VaLoss:  1.66480	 10 sampled NNs | VaAcc: 0.7195 +- 0.0029 | VaLoss: 1.6237 +- 0.0182
 84,  0 | TrAcc: 0.9478, TrLoss:  0.14614, VaAcc: 0.7146, VaLoss:  1.70255	 10 sampled NNs | VaAcc: 0.7121 +- 0.0020 | VaLoss: 1.6916 +- 0.0194
 85,  0 | TrAcc: 0.9408, TrLoss:  0.16322, VaAcc: 0.7137, VaLoss:  1.71536	 10 sampled NNs | VaAcc: 0.7130 +- 0.0026 | VaLoss: 1.6898 +- 0.0259
 86,  0 | TrAcc: 0.9473, TrLoss:  0.14734, VaAcc: 0.7165, VaLoss:  1.68196	 10 sampled NNs | VaAcc: 0.7149 +- 0.0021 | VaLoss: 1.6883 +- 0.0175
 87,  0 | TrAcc: 0.9468, TrLoss:  0.15014, VaAcc: 0.7085, VaLoss:  1.75947	 10 sampled NNs | VaAcc: 0.7050 +- 0.0025 | VaLoss: 1.7654 +- 0.0197
 88,  0 | TrAcc: 0.9406, TrLoss:  0.16677, VaAcc: 0.7080, VaLoss:  1.73669	 10 sampled NNs | VaAcc: 0.7042 +- 0.0025 | VaLoss: 1.7557 +- 0.0189
 89,  0 | TrAcc: 0.9451, TrLoss:  0.15383, VaAcc: 0.7108, VaLoss:  1.67423	 10 sampled NNs | VaAcc: 0.7104 +- 0.0029 | VaLoss: 1.6590 +- 0.0229
 90,  0 | TrAcc: 0.9509, TrLoss:  0.13760, VaAcc: 0.7164, VaLoss:  1.70586	 10 sampled NNs | VaAcc: 0.7147 +- 0.0022 | VaLoss: 1.6863 +- 0.0172
 91,  0 | TrAcc: 0.9475, TrLoss:  0.14853, VaAcc: 0.7162, VaLoss:  1.74393	 10 sampled NNs | VaAcc: 0.7148 +- 0.0017 | VaLoss: 1.7253 +- 0.0156
 92,  0 | TrAcc: 0.9490, TrLoss:  0.14289, VaAcc: 0.7120, VaLoss:  1.78908	 10 sampled NNs | VaAcc: 0.7146 +- 0.0031 | VaLoss: 1.7408 +- 0.0212
 93,  0 | TrAcc: 0.9435, TrLoss:  0.15519, VaAcc: 0.7062, VaLoss:  1.82999	 10 sampled NNs | VaAcc: 0.7117 +- 0.0024 | VaLoss: 1.7704 +- 0.0237
 94,  0 | TrAcc: 0.9520, TrLoss:  0.13315, VaAcc: 0.7173, VaLoss:  1.77810	 10 sampled NNs | VaAcc: 0.7173 +- 0.0029 | VaLoss: 1.7421 +- 0.0212
 95,  0 | TrAcc: 0.9523, TrLoss:  0.13293, VaAcc: 0.7106, VaLoss:  1.83904	 10 sampled NNs | VaAcc: 0.7117 +- 0.0038 | VaLoss: 1.8232 +- 0.0333
 96,  0 | TrAcc: 0.9443, TrLoss:  0.15529, VaAcc: 0.7158, VaLoss:  1.80089	 10 sampled NNs | VaAcc: 0.7158 +- 0.0019 | VaLoss: 1.7925 +- 0.0169
 97,  0 | TrAcc: 0.9435, TrLoss:  0.15721, VaAcc: 0.7099, VaLoss:  1.83779	 10 sampled NNs | VaAcc: 0.7073 +- 0.0032 | VaLoss: 1.8193 +- 0.0231
 98,  0 | TrAcc: 0.9520, TrLoss:  0.13606, VaAcc: 0.7190, VaLoss:  1.74366	 10 sampled NNs | VaAcc: 0.7148 +- 0.0013 | VaLoss: 1.7724 +- 0.0172
 99,  0 | TrAcc: 0.9492, TrLoss:  0.14193, VaAcc: 0.7083, VaLoss:  1.86674	 10 sampled NNs | VaAcc: 0.7105 +- 0.0028 | VaLoss: 1.8198 +- 0.0184
----------------------------
