
=============================
CONFIG FILE

RNN CONFIG
{'data_multiplier': 0.4,
 'gradient_clip_value': 0.5,
 'layer_configs': [{'layer_type': 'input'},
                   {'bc': {'init_m': 'xavier',
                           'init_v': -4.5,
                           'prior_m': 0.0,
                           'prior_v': 0.0,
                           'type': 'continuous'},
                    'bf': {'init_m': 'xavier',
                           'init_v': -4.5,
                           'prior_m': 0.0,
                           'prior_v': 0.0,
                           'type': 'continuous'},
                    'bi': {'init_m': 'xavier',
                           'init_v': -4.5,
                           'prior_m': 0.0,
                           'prior_v': 0.0,
                           'type': 'continuous'},
                    'bo': {'init_m': 'xavier',
                           'init_v': -4.5,
                           'prior_m': 0.0,
                           'prior_v': 0.0,
                           'type': 'continuous'},
                    'init_config': {'c': {'b': 'all_zero', 'w': 'xavier'},
                                    'f': {'b': 'all_one', 'w': 'all_zero'},
                                    'i': {'b': 'all_zero', 'w': 'xavier'},
                                    'o': {'b': 'all_zero', 'w': 'xavier'}},
                    'is_output': False,
                    'is_recurrent': True,
                    'layer_type': 'lstm',
                    'var_scope': 'lstm_0',
                    'wc': {'init_m': 'xavier',
                           'init_v': -4.5,
                           'prior_m': 0.0,
                           'prior_v': 0.0,
                           'type': 'continuous'},
                    'wf': {'init_m': 'xavier',
                           'init_v': -4.5,
                           'prior_m': 0.0,
                           'prior_v': 0.0,
                           'type': 'continuous'},
                    'wi': {'init_m': 'xavier',
                           'init_v': -4.5,
                           'prior_m': 0.0,
                           'prior_v': 0.0,
                           'type': 'continuous'},
                    'wo': {'init_m': 'xavier',
                           'init_v': -4.5,
                           'prior_m': 0.0,
                           'prior_v': 0.0,
                           'type': 'continuous'}},
                   {'bc': {'init_m': 'xavier',
                           'init_v': -4.5,
                           'prior_m': 0.0,
                           'prior_v': 0.0,
                           'type': 'continuous'},
                    'bf': {'init_m': 'xavier',
                           'init_v': -4.5,
                           'prior_m': 0.0,
                           'prior_v': 0.0,
                           'type': 'continuous'},
                    'bi': {'init_m': 'xavier',
                           'init_v': -4.5,
                           'prior_m': 0.0,
                           'prior_v': 0.0,
                           'type': 'continuous'},
                    'bo': {'init_m': 'xavier',
                           'init_v': -4.5,
                           'prior_m': 0.0,
                           'prior_v': 0.0,
                           'type': 'continuous'},
                    'init_config': {'c': {'b': 'all_zero', 'w': 'xavier'},
                                    'f': {'b': 'all_one', 'w': 'all_zero'},
                                    'i': {'b': 'all_zero', 'w': 'xavier'},
                                    'o': {'b': 'all_zero', 'w': 'xavier'}},
                    'is_output': False,
                    'is_recurrent': True,
                    'layer_type': 'lstm',
                    'var_scope': 'lstm_1',
                    'wc': {'init_m': 'xavier',
                           'init_v': -4.5,
                           'prior_m': 0.0,
                           'prior_v': 0.0,
                           'type': 'continuous'},
                    'wf': {'init_m': 'xavier',
                           'init_v': -4.5,
                           'prior_m': 0.0,
                           'prior_v': 0.0,
                           'type': 'continuous'},
                    'wi': {'init_m': 'xavier',
                           'init_v': -4.5,
                           'prior_m': 0.0,
                           'prior_v': 0.0,
                           'type': 'continuous'},
                    'wo': {'init_m': 'xavier',
                           'init_v': -4.5,
                           'prior_m': 0.0,
                           'prior_v': 0.0,
                           'type': 'continuous'}},
                   {'b': {'init_m': 'xavier',
                          'init_v': -4.5,
                          'prior_m': 0.0,
                          'prior_v': 0.0,
                          'type': 'continuous'},
                    'is_output': True,
                    'is_recurrent': False,
                    'layer_type': 'fc',
                    'regularization': {'mode': None, 'strength': 0.02},
                    'var_scope': 'output_layer',
                    'w': {'init_m': 'xavier',
                          'init_v': -4.5,
                          'prior_m': 0.0,
                          'prior_v': 0.0,
                          'type': 'continuous'}}],
 'layout': [4, 60, 60, 10],
 'output_type': 'classification'}

DATA CONFIG
{'dataset': 'red_penstroke',
 'tr': {'in_seq_len': 30,
        'minibatch_enabled': True,
        'minibatch_size': 1000,
        'out_seq_len': 5,
        'zero_padding': 20},
 'va': {'in_seq_len': 30,
        'minibatch_enabled': True,
        'minibatch_size': 1000,
        'out_seq_len': 5,
        'zero_padding': 20}}

TRAINING CONFIG
{'learning_rate': 0.002,
 'max_epochs': 200,
 'mode': {'max_epochs': 100, 'min_error': 0.0, 'name': 'classic'},
 'task_id': 0,
 'type': 'pfp',
 'v_loss': 30.0}
==============================


  0,  0 | TrAcc: 0.0957, TrLoss: 87.51024, VaAcc: 0.0907, VaLoss: 93.00334	 10 sampled NNs | VaAcc: 0.0943 +- 0.0014 | VaLoss: 2.3573 +- 0.0019
  1,  0 | TrAcc: 0.5724, TrLoss: 52.10699, VaAcc: 0.5902, VaLoss: 58.00888	 10 sampled NNs | VaAcc: 0.5877 +- 0.0028 | VaLoss: 1.1883 +- 0.0044
  2,  0 | TrAcc: 0.6643, TrLoss: 35.21798, VaAcc: 0.6703, VaLoss: 41.46659	 10 sampled NNs | VaAcc: 0.6733 +- 0.0032 | VaLoss: 0.9563 +- 0.0071
  3,  0 | TrAcc: 0.7073, TrLoss: 25.77393, VaAcc: 0.7095, VaLoss: 32.31618	 10 sampled NNs | VaAcc: 0.7061 +- 0.0025 | VaLoss: 0.8696 +- 0.0058
  4,  0 | TrAcc: 0.7283, TrLoss: 19.95071, VaAcc: 0.7282, VaLoss: 26.73319	 10 sampled NNs | VaAcc: 0.7294 +- 0.0021 | VaLoss: 0.8086 +- 0.0062
  5,  0 | TrAcc: 0.7509, TrLoss: 16.07506, VaAcc: 0.7397, VaLoss: 23.08215	 10 sampled NNs | VaAcc: 0.7383 +- 0.0032 | VaLoss: 0.7750 +- 0.0077
  6,  0 | TrAcc: 0.7633, TrLoss: 13.37397, VaAcc: 0.7461, VaLoss: 20.56984	 10 sampled NNs | VaAcc: 0.7435 +- 0.0018 | VaLoss: 0.7602 +- 0.0054
  7,  0 | TrAcc: 0.7727, TrLoss: 11.40314, VaAcc: 0.7482, VaLoss: 18.78248	 10 sampled NNs | VaAcc: 0.7504 +- 0.0026 | VaLoss: 0.7448 +- 0.0060
  8,  0 | TrAcc: 0.7829, TrLoss:  9.92323, VaAcc: 0.7526, VaLoss: 17.47554	 10 sampled NNs | VaAcc: 0.7510 +- 0.0020 | VaLoss: 0.7482 +- 0.0066
  9,  0 | TrAcc: 0.7937, TrLoss:  8.77100, VaAcc: 0.7551, VaLoss: 16.47788	 10 sampled NNs | VaAcc: 0.7586 +- 0.0021 | VaLoss: 0.7312 +- 0.0092
 10,  0 | TrAcc: 0.8020, TrLoss:  7.86619, VaAcc: 0.7605, VaLoss: 15.71285	 10 sampled NNs | VaAcc: 0.7589 +- 0.0026 | VaLoss: 0.7338 +- 0.0072
 11,  0 | TrAcc: 0.8072, TrLoss:  7.14392, VaAcc: 0.7643, VaLoss: 15.12256	 10 sampled NNs | VaAcc: 0.7610 +- 0.0030 | VaLoss: 0.7302 +- 0.0107
 12,  0 | TrAcc: 0.8107, TrLoss:  6.56409, VaAcc: 0.7599, VaLoss: 14.66800	 10 sampled NNs | VaAcc: 0.7593 +- 0.0018 | VaLoss: 0.7336 +- 0.0060
 13,  0 | TrAcc: 0.8216, TrLoss:  6.06282, VaAcc: 0.7676, VaLoss: 14.29871	 10 sampled NNs | VaAcc: 0.7680 +- 0.0022 | VaLoss: 0.7179 +- 0.0073
 14,  0 | TrAcc: 0.8248, TrLoss:  5.65965, VaAcc: 0.7686, VaLoss: 14.00630	 10 sampled NNs | VaAcc: 0.7627 +- 0.0015 | VaLoss: 0.7446 +- 0.0069
 15,  0 | TrAcc: 0.8273, TrLoss:  5.32233, VaAcc: 0.7612, VaLoss: 13.78405	 10 sampled NNs | VaAcc: 0.7620 +- 0.0020 | VaLoss: 0.7429 +- 0.0073
 16,  0 | TrAcc: 0.8341, TrLoss:  5.02629, VaAcc: 0.7605, VaLoss: 13.61636	 10 sampled NNs | VaAcc: 0.7591 +- 0.0020 | VaLoss: 0.7661 +- 0.0069
 17,  0 | TrAcc: 0.8352, TrLoss:  4.78654, VaAcc: 0.7657, VaLoss: 13.44689	 10 sampled NNs | VaAcc: 0.7618 +- 0.0018 | VaLoss: 0.7654 +- 0.0064
 18,  0 | TrAcc: 0.8382, TrLoss:  4.57085, VaAcc: 0.7555, VaLoss: 13.35951	 10 sampled NNs | VaAcc: 0.7545 +- 0.0017 | VaLoss: 0.7802 +- 0.0081
 19,  0 | TrAcc: 0.8476, TrLoss:  4.37197, VaAcc: 0.7605, VaLoss: 13.26796	 10 sampled NNs | VaAcc: 0.7635 +- 0.0023 | VaLoss: 0.7753 +- 0.0086
 20,  0 | TrAcc: 0.8501, TrLoss:  4.21303, VaAcc: 0.7593, VaLoss: 13.20997	 10 sampled NNs | VaAcc: 0.7592 +- 0.0024 | VaLoss: 0.7988 +- 0.0085
 21,  0 | TrAcc: 0.8523, TrLoss:  4.07398, VaAcc: 0.7565, VaLoss: 13.16609	 10 sampled NNs | VaAcc: 0.7552 +- 0.0013 | VaLoss: 0.8134 +- 0.0059
 22,  0 | TrAcc: 0.8554, TrLoss:  3.94893, VaAcc: 0.7600, VaLoss: 13.12294	 10 sampled NNs | VaAcc: 0.7605 +- 0.0026 | VaLoss: 0.8090 +- 0.0113
 23,  0 | TrAcc: 0.8659, TrLoss:  3.82026, VaAcc: 0.7597, VaLoss: 13.11478	 10 sampled NNs | VaAcc: 0.7581 +- 0.0012 | VaLoss: 0.8315 +- 0.0081
 24,  0 | TrAcc: 0.8620, TrLoss:  3.73905, VaAcc: 0.7563, VaLoss: 13.10129	 10 sampled NNs | VaAcc: 0.7569 +- 0.0017 | VaLoss: 0.8361 +- 0.0078
 25,  0 | TrAcc: 0.8677, TrLoss:  3.64558, VaAcc: 0.7527, VaLoss: 13.11851	 10 sampled NNs | VaAcc: 0.7520 +- 0.0021 | VaLoss: 0.8614 +- 0.0102
 26,  0 | TrAcc: 0.8703, TrLoss:  3.57062, VaAcc: 0.7555, VaLoss: 13.10182	 10 sampled NNs | VaAcc: 0.7537 +- 0.0012 | VaLoss: 0.8671 +- 0.0096
 27,  0 | TrAcc: 0.8757, TrLoss:  3.50095, VaAcc: 0.7600, VaLoss: 13.10995	 10 sampled NNs | VaAcc: 0.7569 +- 0.0013 | VaLoss: 0.8606 +- 0.0083
 28,  0 | TrAcc: 0.8767, TrLoss:  3.44073, VaAcc: 0.7524, VaLoss: 13.17314	 10 sampled NNs | VaAcc: 0.7535 +- 0.0017 | VaLoss: 0.9044 +- 0.0096
 29,  0 | TrAcc: 0.8766, TrLoss:  3.39291, VaAcc: 0.7530, VaLoss: 13.18509	 10 sampled NNs | VaAcc: 0.7526 +- 0.0016 | VaLoss: 0.9071 +- 0.0063
 30,  0 | TrAcc: 0.8797, TrLoss:  3.34183, VaAcc: 0.7492, VaLoss: 13.22317	 10 sampled NNs | VaAcc: 0.7531 +- 0.0027 | VaLoss: 0.9232 +- 0.0116
 31,  0 | TrAcc: 0.8842, TrLoss:  3.29559, VaAcc: 0.7508, VaLoss: 13.26177	 10 sampled NNs | VaAcc: 0.7487 +- 0.0029 | VaLoss: 0.9576 +- 0.0083
 32,  0 | TrAcc: 0.8871, TrLoss:  3.25442, VaAcc: 0.7477, VaLoss: 13.30825	 10 sampled NNs | VaAcc: 0.7474 +- 0.0019 | VaLoss: 0.9624 +- 0.0095
 33,  0 | TrAcc: 0.8912, TrLoss:  3.21706, VaAcc: 0.7440, VaLoss: 13.35078	 10 sampled NNs | VaAcc: 0.7448 +- 0.0019 | VaLoss: 0.9812 +- 0.0075
 34,  0 | TrAcc: 0.8865, TrLoss:  3.19985, VaAcc: 0.7342, VaLoss: 13.42689	 10 sampled NNs | VaAcc: 0.7392 +- 0.0020 | VaLoss: 1.0203 +- 0.0110
 35,  0 | TrAcc: 0.8949, TrLoss:  3.15831, VaAcc: 0.7478, VaLoss: 13.40676	 10 sampled NNs | VaAcc: 0.7457 +- 0.0020 | VaLoss: 0.9922 +- 0.0114
 36,  0 | TrAcc: 0.8887, TrLoss:  3.15000, VaAcc: 0.7363, VaLoss: 13.51171	 10 sampled NNs | VaAcc: 0.7374 +- 0.0025 | VaLoss: 1.0444 +- 0.0136
 37,  0 | TrAcc: 0.8968, TrLoss:  3.11599, VaAcc: 0.7381, VaLoss: 13.58061	 10 sampled NNs | VaAcc: 0.7406 +- 0.0022 | VaLoss: 1.0706 +- 0.0119
 38,  0 | TrAcc: 0.9006, TrLoss:  3.09055, VaAcc: 0.7344, VaLoss: 13.61546	 10 sampled NNs | VaAcc: 0.7379 +- 0.0028 | VaLoss: 1.0673 +- 0.0160
 39,  0 | TrAcc: 0.9018, TrLoss:  3.07253, VaAcc: 0.7402, VaLoss: 13.62937	 10 sampled NNs | VaAcc: 0.7419 +- 0.0026 | VaLoss: 1.0722 +- 0.0147
 40,  0 | TrAcc: 0.9067, TrLoss:  3.05258, VaAcc: 0.7339, VaLoss: 13.70314	 10 sampled NNs | VaAcc: 0.7333 +- 0.0025 | VaLoss: 1.1129 +- 0.0142
 41,  0 | TrAcc: 0.9062, TrLoss:  3.04027, VaAcc: 0.7353, VaLoss: 13.76414	 10 sampled NNs | VaAcc: 0.7370 +- 0.0018 | VaLoss: 1.1270 +- 0.0091
 42,  0 | TrAcc: 0.8985, TrLoss:  3.05089, VaAcc: 0.7287, VaLoss: 13.82978	 10 sampled NNs | VaAcc: 0.7298 +- 0.0011 | VaLoss: 1.1661 +- 0.0090
 43,  0 | TrAcc: 0.9051, TrLoss:  3.02636, VaAcc: 0.7367, VaLoss: 13.83002	 10 sampled NNs | VaAcc: 0.7362 +- 0.0019 | VaLoss: 1.1299 +- 0.0130
 44,  0 | TrAcc: 0.9116, TrLoss:  3.00551, VaAcc: 0.7355, VaLoss: 13.88954	 10 sampled NNs | VaAcc: 0.7322 +- 0.0029 | VaLoss: 1.1747 +- 0.0093
 45,  0 | TrAcc: 0.9104, TrLoss:  3.00466, VaAcc: 0.7238, VaLoss: 13.96146	 10 sampled NNs | VaAcc: 0.7252 +- 0.0014 | VaLoss: 1.2100 +- 0.0094
 46,  0 | TrAcc: 0.9168, TrLoss:  2.98316, VaAcc: 0.7290, VaLoss: 14.01111	 10 sampled NNs | VaAcc: 0.7316 +- 0.0022 | VaLoss: 1.1939 +- 0.0140
 47,  0 | TrAcc: 0.9198, TrLoss:  2.97302, VaAcc: 0.7217, VaLoss: 14.08136	 10 sampled NNs | VaAcc: 0.7263 +- 0.0026 | VaLoss: 1.2337 +- 0.0128
 48,  0 | TrAcc: 0.9177, TrLoss:  2.97171, VaAcc: 0.7309, VaLoss: 14.08045	 10 sampled NNs | VaAcc: 0.7291 +- 0.0018 | VaLoss: 1.2362 +- 0.0124
 49,  0 | TrAcc: 0.9228, TrLoss:  2.95702, VaAcc: 0.7272, VaLoss: 14.12476	 10 sampled NNs | VaAcc: 0.7290 +- 0.0018 | VaLoss: 1.2458 +- 0.0144
 50,  0 | TrAcc: 0.9246, TrLoss:  2.95168, VaAcc: 0.7258, VaLoss: 14.18577	 10 sampled NNs | VaAcc: 0.7265 +- 0.0023 | VaLoss: 1.2782 +- 0.0137
 51,  0 | TrAcc: 0.9233, TrLoss:  2.95089, VaAcc: 0.7241, VaLoss: 14.21797	 10 sampled NNs | VaAcc: 0.7254 +- 0.0017 | VaLoss: 1.2828 +- 0.0168
 52,  0 | TrAcc: 0.9226, TrLoss:  2.95576, VaAcc: 0.7254, VaLoss: 14.26214	 10 sampled NNs | VaAcc: 0.7249 +- 0.0014 | VaLoss: 1.3161 +- 0.0126
 53,  0 | TrAcc: 0.9253, TrLoss:  2.94857, VaAcc: 0.7186, VaLoss: 14.32536	 10 sampled NNs | VaAcc: 0.7187 +- 0.0026 | VaLoss: 1.3526 +- 0.0205
 54,  0 | TrAcc: 0.9257, TrLoss:  2.94279, VaAcc: 0.7163, VaLoss: 14.35302	 10 sampled NNs | VaAcc: 0.7203 +- 0.0014 | VaLoss: 1.3412 +- 0.0137
 55,  0 | TrAcc: 0.9252, TrLoss:  2.94312, VaAcc: 0.7200, VaLoss: 14.38215	 10 sampled NNs | VaAcc: 0.7199 +- 0.0023 | VaLoss: 1.3601 +- 0.0176
 56,  0 | TrAcc: 0.9321, TrLoss:  2.92922, VaAcc: 0.7273, VaLoss: 14.36850	 10 sampled NNs | VaAcc: 0.7221 +- 0.0018 | VaLoss: 1.3794 +- 0.0172
 57,  0 | TrAcc: 0.9342, TrLoss:  2.92244, VaAcc: 0.7158, VaLoss: 14.46216	 10 sampled NNs | VaAcc: 0.7174 +- 0.0029 | VaLoss: 1.4027 +- 0.0100
 58,  0 | TrAcc: 0.9296, TrLoss:  2.93334, VaAcc: 0.7156, VaLoss: 14.47073	 10 sampled NNs | VaAcc: 0.7161 +- 0.0025 | VaLoss: 1.4125 +- 0.0173
 59,  0 | TrAcc: 0.9366, TrLoss:  2.91558, VaAcc: 0.7216, VaLoss: 14.47899	 10 sampled NNs | VaAcc: 0.7168 +- 0.0026 | VaLoss: 1.4405 +- 0.0169
 60,  0 | TrAcc: 0.9265, TrLoss:  2.94229, VaAcc: 0.7183, VaLoss: 14.51256	 10 sampled NNs | VaAcc: 0.7204 +- 0.0019 | VaLoss: 1.4154 +- 0.0119
 61,  0 | TrAcc: 0.9328, TrLoss:  2.92564, VaAcc: 0.7218, VaLoss: 14.52508	 10 sampled NNs | VaAcc: 0.7207 +- 0.0028 | VaLoss: 1.4434 +- 0.0205
 62,  0 | TrAcc: 0.9371, TrLoss:  2.91491, VaAcc: 0.7164, VaLoss: 14.54765	 10 sampled NNs | VaAcc: 0.7176 +- 0.0025 | VaLoss: 1.4434 +- 0.0140
 63,  0 | TrAcc: 0.9373, TrLoss:  2.91406, VaAcc: 0.7178, VaLoss: 14.60782	 10 sampled NNs | VaAcc: 0.7192 +- 0.0027 | VaLoss: 1.4864 +- 0.0199
 64,  0 | TrAcc: 0.9375, TrLoss:  2.91524, VaAcc: 0.7136, VaLoss: 14.62112	 10 sampled NNs | VaAcc: 0.7150 +- 0.0023 | VaLoss: 1.5012 +- 0.0168
 65,  0 | TrAcc: 0.9391, TrLoss:  2.90909, VaAcc: 0.7195, VaLoss: 14.60243	 10 sampled NNs | VaAcc: 0.7164 +- 0.0033 | VaLoss: 1.5120 +- 0.0208
 66,  0 | TrAcc: 0.9375, TrLoss:  2.91471, VaAcc: 0.7216, VaLoss: 14.58970	 10 sampled NNs | VaAcc: 0.7191 +- 0.0029 | VaLoss: 1.4924 +- 0.0230
 67,  0 | TrAcc: 0.9387, TrLoss:  2.90836, VaAcc: 0.7141, VaLoss: 14.66046	 10 sampled NNs | VaAcc: 0.7156 +- 0.0022 | VaLoss: 1.5200 +- 0.0184
 68,  0 | TrAcc: 0.9398, TrLoss:  2.90716, VaAcc: 0.7098, VaLoss: 14.73619	 10 sampled NNs | VaAcc: 0.7139 +- 0.0014 | VaLoss: 1.5949 +- 0.0153
 69,  0 | TrAcc: 0.9407, TrLoss:  2.90482, VaAcc: 0.7164, VaLoss: 14.72734	 10 sampled NNs | VaAcc: 0.7140 +- 0.0023 | VaLoss: 1.5976 +- 0.0177
 70,  0 | TrAcc: 0.9391, TrLoss:  2.90931, VaAcc: 0.7165, VaLoss: 14.64161	 10 sampled NNs | VaAcc: 0.7162 +- 0.0022 | VaLoss: 1.5225 +- 0.0180
 71,  0 | TrAcc: 0.9333, TrLoss:  2.92655, VaAcc: 0.7070, VaLoss: 14.76304	 10 sampled NNs | VaAcc: 0.7086 +- 0.0018 | VaLoss: 1.6073 +- 0.0190
 72,  0 | TrAcc: 0.9429, TrLoss:  2.89801, VaAcc: 0.7201, VaLoss: 14.68333	 10 sampled NNs | VaAcc: 0.7152 +- 0.0025 | VaLoss: 1.5610 +- 0.0191
 73,  0 | TrAcc: 0.9438, TrLoss:  2.89958, VaAcc: 0.7148, VaLoss: 14.68581	 10 sampled NNs | VaAcc: 0.7120 +- 0.0023 | VaLoss: 1.5864 +- 0.0169
 74,  0 | TrAcc: 0.9449, TrLoss:  2.89474, VaAcc: 0.7182, VaLoss: 14.73909	 10 sampled NNs | VaAcc: 0.7193 +- 0.0028 | VaLoss: 1.5911 +- 0.0159
 75,  0 | TrAcc: 0.9438, TrLoss:  2.89883, VaAcc: 0.7197, VaLoss: 14.73488	 10 sampled NNs | VaAcc: 0.7149 +- 0.0016 | VaLoss: 1.6233 +- 0.0146
 76,  0 | TrAcc: 0.9467, TrLoss:  2.89195, VaAcc: 0.7161, VaLoss: 14.72699	 10 sampled NNs | VaAcc: 0.7125 +- 0.0012 | VaLoss: 1.6416 +- 0.0160
 77,  0 | TrAcc: 0.9494, TrLoss:  2.88500, VaAcc: 0.7157, VaLoss: 14.80337	 10 sampled NNs | VaAcc: 0.7155 +- 0.0036 | VaLoss: 1.6526 +- 0.0166
 78,  0 | TrAcc: 0.9461, TrLoss:  2.89252, VaAcc: 0.7152, VaLoss: 14.75283	 10 sampled NNs | VaAcc: 0.7139 +- 0.0022 | VaLoss: 1.6378 +- 0.0169
 79,  0 | TrAcc: 0.9392, TrLoss:  2.91445, VaAcc: 0.7101, VaLoss: 14.84194	 10 sampled NNs | VaAcc: 0.7104 +- 0.0024 | VaLoss: 1.6967 +- 0.0233
 80,  0 | TrAcc: 0.9465, TrLoss:  2.89219, VaAcc: 0.7163, VaLoss: 14.74588	 10 sampled NNs | VaAcc: 0.7167 +- 0.0025 | VaLoss: 1.6054 +- 0.0230
 81,  0 | TrAcc: 0.9436, TrLoss:  2.89890, VaAcc: 0.7162, VaLoss: 14.79385	 10 sampled NNs | VaAcc: 0.7150 +- 0.0020 | VaLoss: 1.6741 +- 0.0142
 82,  0 | TrAcc: 0.9485, TrLoss:  2.88738, VaAcc: 0.7069, VaLoss: 14.82797	 10 sampled NNs | VaAcc: 0.7111 +- 0.0023 | VaLoss: 1.6678 +- 0.0176
 83,  0 | TrAcc: 0.9518, TrLoss:  2.87991, VaAcc: 0.7082, VaLoss: 14.85911	 10 sampled NNs | VaAcc: 0.7110 +- 0.0026 | VaLoss: 1.7011 +- 0.0253
 84,  0 | TrAcc: 0.9464, TrLoss:  2.89241, VaAcc: 0.7055, VaLoss: 14.89003	 10 sampled NNs | VaAcc: 0.7087 +- 0.0019 | VaLoss: 1.7246 +- 0.0222
 85,  0 | TrAcc: 0.9505, TrLoss:  2.88265, VaAcc: 0.7010, VaLoss: 14.92696	 10 sampled NNs | VaAcc: 0.7060 +- 0.0025 | VaLoss: 1.7476 +- 0.0243
 86,  0 | TrAcc: 0.9474, TrLoss:  2.89187, VaAcc: 0.7100, VaLoss: 14.87996	 10 sampled NNs | VaAcc: 0.7097 +- 0.0022 | VaLoss: 1.7388 +- 0.0216
 87,  0 | TrAcc: 0.9533, TrLoss:  2.87604, VaAcc: 0.7153, VaLoss: 14.81695	 10 sampled NNs | VaAcc: 0.7142 +- 0.0033 | VaLoss: 1.6725 +- 0.0261
 88,  0 | TrAcc: 0.9510, TrLoss:  2.88218, VaAcc: 0.7083, VaLoss: 14.92125	 10 sampled NNs | VaAcc: 0.7065 +- 0.0023 | VaLoss: 1.7801 +- 0.0255
 89,  0 | TrAcc: 0.9476, TrLoss:  2.89142, VaAcc: 0.7113, VaLoss: 14.90812	 10 sampled NNs | VaAcc: 0.7133 +- 0.0025 | VaLoss: 1.7455 +- 0.0268
 90,  0 | TrAcc: 0.9512, TrLoss:  2.88072, VaAcc: 0.7112, VaLoss: 14.88572	 10 sampled NNs | VaAcc: 0.7123 +- 0.0026 | VaLoss: 1.7463 +- 0.0235
 91,  0 | TrAcc: 0.9536, TrLoss:  2.87614, VaAcc: 0.7072, VaLoss: 14.96772	 10 sampled NNs | VaAcc: 0.7074 +- 0.0025 | VaLoss: 1.7930 +- 0.0232
 92,  0 | TrAcc: 0.9517, TrLoss:  2.88167, VaAcc: 0.7114, VaLoss: 14.93435	 10 sampled NNs | VaAcc: 0.7107 +- 0.0018 | VaLoss: 1.7651 +- 0.0262
 93,  0 | TrAcc: 0.9513, TrLoss:  2.88169, VaAcc: 0.7132, VaLoss: 14.87306	 10 sampled NNs | VaAcc: 0.7131 +- 0.0024 | VaLoss: 1.7128 +- 0.0150
 94,  0 | TrAcc: 0.9533, TrLoss:  2.87686, VaAcc: 0.7076, VaLoss: 14.94953	 10 sampled NNs | VaAcc: 0.7106 +- 0.0024 | VaLoss: 1.7632 +- 0.0132
 95,  0 | TrAcc: 0.9528, TrLoss:  2.87848, VaAcc: 0.7111, VaLoss: 14.94042	 10 sampled NNs | VaAcc: 0.7106 +- 0.0024 | VaLoss: 1.7859 +- 0.0216
 96,  0 | TrAcc: 0.9519, TrLoss:  2.87845, VaAcc: 0.7111, VaLoss: 14.97734	 10 sampled NNs | VaAcc: 0.7120 +- 0.0024 | VaLoss: 1.8206 +- 0.0210
 97,  0 | TrAcc: 0.9563, TrLoss:  2.86665, VaAcc: 0.7147, VaLoss: 14.98259	 10 sampled NNs | VaAcc: 0.7144 +- 0.0028 | VaLoss: 1.8190 +- 0.0235
 98,  0 | TrAcc: 0.9521, TrLoss:  2.87899, VaAcc: 0.7114, VaLoss: 14.93769	 10 sampled NNs | VaAcc: 0.7136 +- 0.0025 | VaLoss: 1.7887 +- 0.0162
 99,  0 | TrAcc: 0.9545, TrLoss:  2.87328, VaAcc: 0.7063, VaLoss: 15.01499	 10 sampled NNs | VaAcc: 0.7083 +- 0.0028 | VaLoss: 1.8336 +- 0.0163
----------------------------
