
=============================
CONFIG FILE

RNN CONFIG
{'data_multiplier': 0.4,
 'gradient_clip_value': 0.5,
 'layer_configs': [{'layer_type': 'input'},
                   {'bc': {'init_m': 'xavier',
                           'init_v': -4.5,
                           'prior_m': 0.0,
                           'prior_v': 0.0,
                           'type': 'continuous'},
                    'bf': {'init_m': 'xavier',
                           'init_v': -4.5,
                           'prior_m': 0.0,
                           'prior_v': 0.0,
                           'type': 'continuous'},
                    'bi': {'init_m': 'xavier',
                           'init_v': -4.5,
                           'prior_m': 0.0,
                           'prior_v': 0.0,
                           'type': 'continuous'},
                    'bo': {'init_m': 'xavier',
                           'init_v': -4.5,
                           'prior_m': 0.0,
                           'prior_v': 0.0,
                           'type': 'continuous'},
                    'init_config': {'c': {'b': 'all_zero', 'w': 'xavier'},
                                    'f': {'b': 'all_one', 'w': 'all_zero'},
                                    'i': {'b': 'all_zero', 'w': 'xavier'},
                                    'o': {'b': 'all_zero', 'w': 'xavier'}},
                    'is_output': False,
                    'is_recurrent': True,
                    'layer_type': 'lstm',
                    'var_scope': 'lstm_0',
                    'wc': {'init_m': 'xavier',
                           'init_v': -4.5,
                           'prior_m': 0.0,
                           'prior_v': 0.0,
                           'type': 'continuous'},
                    'wf': {'init_m': 'xavier',
                           'init_v': -4.5,
                           'prior_m': 0.0,
                           'prior_v': 0.0,
                           'type': 'continuous'},
                    'wi': {'init_m': 'xavier',
                           'init_v': -4.5,
                           'prior_m': 0.0,
                           'prior_v': 0.0,
                           'type': 'continuous'},
                    'wo': {'init_m': 'xavier',
                           'init_v': -4.5,
                           'prior_m': 0.0,
                           'prior_v': 0.0,
                           'type': 'continuous'}},
                   {'bc': {'init_m': 'xavier',
                           'init_v': -4.5,
                           'prior_m': 0.0,
                           'prior_v': 0.0,
                           'type': 'continuous'},
                    'bf': {'init_m': 'xavier',
                           'init_v': -4.5,
                           'prior_m': 0.0,
                           'prior_v': 0.0,
                           'type': 'continuous'},
                    'bi': {'init_m': 'xavier',
                           'init_v': -4.5,
                           'prior_m': 0.0,
                           'prior_v': 0.0,
                           'type': 'continuous'},
                    'bo': {'init_m': 'xavier',
                           'init_v': -4.5,
                           'prior_m': 0.0,
                           'prior_v': 0.0,
                           'type': 'continuous'},
                    'init_config': {'c': {'b': 'all_zero', 'w': 'xavier'},
                                    'f': {'b': 'all_one', 'w': 'all_zero'},
                                    'i': {'b': 'all_zero', 'w': 'xavier'},
                                    'o': {'b': 'all_zero', 'w': 'xavier'}},
                    'is_output': False,
                    'is_recurrent': True,
                    'layer_type': 'lstm',
                    'var_scope': 'lstm_1',
                    'wc': {'init_m': 'xavier',
                           'init_v': -4.5,
                           'prior_m': 0.0,
                           'prior_v': 0.0,
                           'type': 'continuous'},
                    'wf': {'init_m': 'xavier',
                           'init_v': -4.5,
                           'prior_m': 0.0,
                           'prior_v': 0.0,
                           'type': 'continuous'},
                    'wi': {'init_m': 'xavier',
                           'init_v': -4.5,
                           'prior_m': 0.0,
                           'prior_v': 0.0,
                           'type': 'continuous'},
                    'wo': {'init_m': 'xavier',
                           'init_v': -4.5,
                           'prior_m': 0.0,
                           'prior_v': 0.0,
                           'type': 'continuous'}},
                   {'b': {'init_m': 'xavier',
                          'init_v': -4.5,
                          'prior_m': 0.0,
                          'prior_v': 0.0,
                          'type': 'continuous'},
                    'is_output': True,
                    'is_recurrent': False,
                    'layer_type': 'fc',
                    'regularization': {'mode': None, 'strength': 0.02},
                    'var_scope': 'output_layer',
                    'w': {'init_m': 'xavier',
                          'init_v': -4.5,
                          'prior_m': 0.0,
                          'prior_v': 0.0,
                          'type': 'continuous'}}],
 'layout': [4, 60, 60, 10],
 'output_type': 'classification'}

DATA CONFIG
{'dataset': 'red_penstroke',
 'tr': {'in_seq_len': 30,
        'minibatch_enabled': True,
        'minibatch_size': 1000,
        'out_seq_len': 5,
        'zero_padding': 20},
 'va': {'in_seq_len': 30,
        'minibatch_enabled': True,
        'minibatch_size': 1000,
        'out_seq_len': 5,
        'zero_padding': 20}}

TRAINING CONFIG
{'learning_rate': 0.002,
 'max_epochs': 200,
 'mode': {'max_epochs': 100, 'min_error': 0.0, 'name': 'classic'},
 'task_id': 6,
 'type': 'g_sampling',
 'v_loss': 0.0}
==============================


  0,  0 | TrAcc: 0.0357, TrLoss:  3.79333, VaAcc: 0.0356, VaLoss:  9.29428	 10 sampled NNs | VaAcc: 0.0343 +- 0.0010 | VaLoss: 2.4201 +- 0.0014
  1,  0 | TrAcc: 0.5808, TrLoss:  2.46174, VaAcc: 0.5954, VaLoss:  7.50814	 10 sampled NNs | VaAcc: 0.5934 +- 0.0028 | VaLoss: 1.1925 +- 0.0053
  2,  0 | TrAcc: 0.6673, TrLoss:  2.10331, VaAcc: 0.6624, VaLoss:  6.74709	 10 sampled NNs | VaAcc: 0.6627 +- 0.0024 | VaLoss: 0.9697 +- 0.0048
  3,  0 | TrAcc: 0.7181, TrLoss:  1.85442, VaAcc: 0.7181, VaLoss:  6.08549	 10 sampled NNs | VaAcc: 0.7207 +- 0.0030 | VaLoss: 0.8284 +- 0.0073
  4,  0 | TrAcc: 0.7401, TrLoss:  1.68899, VaAcc: 0.7366, VaLoss:  5.53340	 10 sampled NNs | VaAcc: 0.7377 +- 0.0019 | VaLoss: 0.7923 +- 0.0028
  5,  0 | TrAcc: 0.7545, TrLoss:  1.54425, VaAcc: 0.7408, VaLoss:  5.02610	 10 sampled NNs | VaAcc: 0.7390 +- 0.0022 | VaLoss: 0.7720 +- 0.0066
  6,  0 | TrAcc: 0.7681, TrLoss:  1.41465, VaAcc: 0.7509, VaLoss:  4.55391	 10 sampled NNs | VaAcc: 0.7494 +- 0.0017 | VaLoss: 0.7469 +- 0.0039
  7,  0 | TrAcc: 0.7822, TrLoss:  1.29773, VaAcc: 0.7534, VaLoss:  4.15177	 10 sampled NNs | VaAcc: 0.7605 +- 0.0021 | VaLoss: 0.7214 +- 0.0046
  8,  0 | TrAcc: 0.7892, TrLoss:  1.20790, VaAcc: 0.7580, VaLoss:  3.80419	 10 sampled NNs | VaAcc: 0.7599 +- 0.0029 | VaLoss: 0.7173 +- 0.0064
  9,  0 | TrAcc: 0.7930, TrLoss:  1.13644, VaAcc: 0.7584, VaLoss:  3.54237	 10 sampled NNs | VaAcc: 0.7581 +- 0.0027 | VaLoss: 0.7263 +- 0.0051
 10,  0 | TrAcc: 0.7999, TrLoss:  1.07996, VaAcc: 0.7680, VaLoss:  3.33156	 10 sampled NNs | VaAcc: 0.7664 +- 0.0027 | VaLoss: 0.7153 +- 0.0083
 11,  0 | TrAcc: 0.8040, TrLoss:  1.03329, VaAcc: 0.7711, VaLoss:  3.16030	 10 sampled NNs | VaAcc: 0.7661 +- 0.0042 | VaLoss: 0.7097 +- 0.0108
 12,  0 | TrAcc: 0.8116, TrLoss:  0.98960, VaAcc: 0.7683, VaLoss:  3.06062	 10 sampled NNs | VaAcc: 0.7652 +- 0.0039 | VaLoss: 0.7221 +- 0.0089
 13,  0 | TrAcc: 0.8133, TrLoss:  0.96606, VaAcc: 0.7647, VaLoss:  2.97174	 10 sampled NNs | VaAcc: 0.7646 +- 0.0025 | VaLoss: 0.7269 +- 0.0078
 14,  0 | TrAcc: 0.8167, TrLoss:  0.94156, VaAcc: 0.7647, VaLoss:  2.90416	 10 sampled NNs | VaAcc: 0.7619 +- 0.0024 | VaLoss: 0.7356 +- 0.0062
 15,  0 | TrAcc: 0.8209, TrLoss:  0.91007, VaAcc: 0.7620, VaLoss:  2.86769	 10 sampled NNs | VaAcc: 0.7621 +- 0.0038 | VaLoss: 0.7458 +- 0.0118
 16,  0 | TrAcc: 0.8241, TrLoss:  0.89757, VaAcc: 0.7619, VaLoss:  2.80116	 10 sampled NNs | VaAcc: 0.7637 +- 0.0039 | VaLoss: 0.7300 +- 0.0110
 17,  0 | TrAcc: 0.8279, TrLoss:  0.87357, VaAcc: 0.7618, VaLoss:  2.76484	 10 sampled NNs | VaAcc: 0.7626 +- 0.0032 | VaLoss: 0.7386 +- 0.0108
 18,  0 | TrAcc: 0.8274, TrLoss:  0.86536, VaAcc: 0.7541, VaLoss:  2.75371	 10 sampled NNs | VaAcc: 0.7516 +- 0.0037 | VaLoss: 0.7789 +- 0.0111
 19,  0 | TrAcc: 0.8311, TrLoss:  0.84863, VaAcc: 0.7573, VaLoss:  2.71967	 10 sampled NNs | VaAcc: 0.7549 +- 0.0028 | VaLoss: 0.7754 +- 0.0075
 20,  0 | TrAcc: 0.8342, TrLoss:  0.83619, VaAcc: 0.7532, VaLoss:  2.69753	 10 sampled NNs | VaAcc: 0.7570 +- 0.0021 | VaLoss: 0.7674 +- 0.0108
 21,  0 | TrAcc: 0.8376, TrLoss:  0.81757, VaAcc: 0.7586, VaLoss:  2.66433	 10 sampled NNs | VaAcc: 0.7556 +- 0.0031 | VaLoss: 0.7779 +- 0.0103
 22,  0 | TrAcc: 0.8330, TrLoss:  0.82614, VaAcc: 0.7567, VaLoss:  2.64210	 10 sampled NNs | VaAcc: 0.7552 +- 0.0031 | VaLoss: 0.7756 +- 0.0144
 23,  0 | TrAcc: 0.8358, TrLoss:  0.80920, VaAcc: 0.7516, VaLoss:  2.64855	 10 sampled NNs | VaAcc: 0.7540 +- 0.0032 | VaLoss: 0.7918 +- 0.0104
 24,  0 | TrAcc: 0.8431, TrLoss:  0.79122, VaAcc: 0.7569, VaLoss:  2.64600	 10 sampled NNs | VaAcc: 0.7606 +- 0.0026 | VaLoss: 0.7983 +- 0.0135
 25,  0 | TrAcc: 0.8435, TrLoss:  0.78689, VaAcc: 0.7589, VaLoss:  2.59726	 10 sampled NNs | VaAcc: 0.7501 +- 0.0043 | VaLoss: 0.8011 +- 0.0103
 26,  0 | TrAcc: 0.8451, TrLoss:  0.77997, VaAcc: 0.7484, VaLoss:  2.62018	 10 sampled NNs | VaAcc: 0.7527 +- 0.0040 | VaLoss: 0.8152 +- 0.0145
 27,  0 | TrAcc: 0.8480, TrLoss:  0.76284, VaAcc: 0.7598, VaLoss:  2.58742	 10 sampled NNs | VaAcc: 0.7593 +- 0.0053 | VaLoss: 0.8005 +- 0.0132
 28,  0 | TrAcc: 0.8526, TrLoss:  0.74901, VaAcc: 0.7537, VaLoss:  2.57344	 10 sampled NNs | VaAcc: 0.7523 +- 0.0032 | VaLoss: 0.8150 +- 0.0166
 29,  0 | TrAcc: 0.8518, TrLoss:  0.74855, VaAcc: 0.7539, VaLoss:  2.58063	 10 sampled NNs | VaAcc: 0.7521 +- 0.0046 | VaLoss: 0.8232 +- 0.0200
 30,  0 | TrAcc: 0.8484, TrLoss:  0.75312, VaAcc: 0.7436, VaLoss:  2.58281	 10 sampled NNs | VaAcc: 0.7417 +- 0.0047 | VaLoss: 0.8397 +- 0.0188
 31,  0 | TrAcc: 0.8532, TrLoss:  0.74151, VaAcc: 0.7522, VaLoss:  2.57658	 10 sampled NNs | VaAcc: 0.7549 +- 0.0039 | VaLoss: 0.8372 +- 0.0173
 32,  0 | TrAcc: 0.8561, TrLoss:  0.72793, VaAcc: 0.7512, VaLoss:  2.57163	 10 sampled NNs | VaAcc: 0.7540 +- 0.0063 | VaLoss: 0.8345 +- 0.0187
 33,  0 | TrAcc: 0.8599, TrLoss:  0.71624, VaAcc: 0.7448, VaLoss:  2.57227	 10 sampled NNs | VaAcc: 0.7506 +- 0.0034 | VaLoss: 0.8467 +- 0.0126
 34,  0 | TrAcc: 0.8575, TrLoss:  0.72000, VaAcc: 0.7520, VaLoss:  2.55423	 10 sampled NNs | VaAcc: 0.7505 +- 0.0031 | VaLoss: 0.8523 +- 0.0094
 35,  0 | TrAcc: 0.8617, TrLoss:  0.70949, VaAcc: 0.7521, VaLoss:  2.55517	 10 sampled NNs | VaAcc: 0.7484 +- 0.0039 | VaLoss: 0.8660 +- 0.0182
 36,  0 | TrAcc: 0.8612, TrLoss:  0.70755, VaAcc: 0.7493, VaLoss:  2.57167	 10 sampled NNs | VaAcc: 0.7512 +- 0.0038 | VaLoss: 0.8592 +- 0.0177
 37,  0 | TrAcc: 0.8648, TrLoss:  0.69480, VaAcc: 0.7456, VaLoss:  2.56526	 10 sampled NNs | VaAcc: 0.7476 +- 0.0032 | VaLoss: 0.8785 +- 0.0164
 38,  0 | TrAcc: 0.8684, TrLoss:  0.68583, VaAcc: 0.7482, VaLoss:  2.58300	 10 sampled NNs | VaAcc: 0.7508 +- 0.0038 | VaLoss: 0.8915 +- 0.0205
 39,  0 | TrAcc: 0.8690, TrLoss:  0.68065, VaAcc: 0.7456, VaLoss:  2.59228	 10 sampled NNs | VaAcc: 0.7467 +- 0.0043 | VaLoss: 0.8982 +- 0.0195
 40,  0 | TrAcc: 0.8709, TrLoss:  0.67655, VaAcc: 0.7403, VaLoss:  2.57874	 10 sampled NNs | VaAcc: 0.7454 +- 0.0020 | VaLoss: 0.8915 +- 0.0090
 41,  0 | TrAcc: 0.8729, TrLoss:  0.67079, VaAcc: 0.7509, VaLoss:  2.54632	 10 sampled NNs | VaAcc: 0.7471 +- 0.0041 | VaLoss: 0.8973 +- 0.0164
 42,  0 | TrAcc: 0.8709, TrLoss:  0.67427, VaAcc: 0.7413, VaLoss:  2.57158	 10 sampled NNs | VaAcc: 0.7440 +- 0.0037 | VaLoss: 0.9002 +- 0.0215
 43,  0 | TrAcc: 0.8740, TrLoss:  0.66427, VaAcc: 0.7477, VaLoss:  2.54078	 10 sampled NNs | VaAcc: 0.7459 +- 0.0041 | VaLoss: 0.8954 +- 0.0209
 44,  0 | TrAcc: 0.8732, TrLoss:  0.66636, VaAcc: 0.7437, VaLoss:  2.56743	 10 sampled NNs | VaAcc: 0.7423 +- 0.0050 | VaLoss: 0.9276 +- 0.0184
 45,  0 | TrAcc: 0.8738, TrLoss:  0.66103, VaAcc: 0.7426, VaLoss:  2.58178	 10 sampled NNs | VaAcc: 0.7447 +- 0.0038 | VaLoss: 0.9164 +- 0.0226
 46,  0 | TrAcc: 0.8782, TrLoss:  0.65336, VaAcc: 0.7384, VaLoss:  2.57338	 10 sampled NNs | VaAcc: 0.7394 +- 0.0050 | VaLoss: 0.9339 +- 0.0176
 47,  0 | TrAcc: 0.8813, TrLoss:  0.64215, VaAcc: 0.7373, VaLoss:  2.59247	 10 sampled NNs | VaAcc: 0.7360 +- 0.0042 | VaLoss: 0.9558 +- 0.0217
 48,  0 | TrAcc: 0.8787, TrLoss:  0.64896, VaAcc: 0.7415, VaLoss:  2.58840	 10 sampled NNs | VaAcc: 0.7437 +- 0.0019 | VaLoss: 0.9433 +- 0.0151
 49,  0 | TrAcc: 0.8816, TrLoss:  0.63947, VaAcc: 0.7434, VaLoss:  2.61082	 10 sampled NNs | VaAcc: 0.7444 +- 0.0040 | VaLoss: 0.9598 +- 0.0126
 50,  0 | TrAcc: 0.8815, TrLoss:  0.64022, VaAcc: 0.7347, VaLoss:  2.63576	 10 sampled NNs | VaAcc: 0.7356 +- 0.0044 | VaLoss: 0.9862 +- 0.0204
 51,  0 | TrAcc: 0.8828, TrLoss:  0.63557, VaAcc: 0.7457, VaLoss:  2.56383	 10 sampled NNs | VaAcc: 0.7420 +- 0.0038 | VaLoss: 0.9538 +- 0.0132
 52,  0 | TrAcc: 0.8842, TrLoss:  0.63207, VaAcc: 0.7426, VaLoss:  2.57803	 10 sampled NNs | VaAcc: 0.7399 +- 0.0051 | VaLoss: 0.9658 +- 0.0172
 53,  0 | TrAcc: 0.8871, TrLoss:  0.62302, VaAcc: 0.7450, VaLoss:  2.58956	 10 sampled NNs | VaAcc: 0.7438 +- 0.0046 | VaLoss: 0.9545 +- 0.0146
 54,  0 | TrAcc: 0.8887, TrLoss:  0.61805, VaAcc: 0.7426, VaLoss:  2.62436	 10 sampled NNs | VaAcc: 0.7388 +- 0.0051 | VaLoss: 1.0065 +- 0.0192
 55,  0 | TrAcc: 0.8874, TrLoss:  0.62293, VaAcc: 0.7398, VaLoss:  2.63438	 10 sampled NNs | VaAcc: 0.7395 +- 0.0036 | VaLoss: 1.0114 +- 0.0284
 56,  0 | TrAcc: 0.8898, TrLoss:  0.61545, VaAcc: 0.7416, VaLoss:  2.60669	 10 sampled NNs | VaAcc: 0.7412 +- 0.0050 | VaLoss: 0.9797 +- 0.0227
 57,  0 | TrAcc: 0.8919, TrLoss:  0.61139, VaAcc: 0.7355, VaLoss:  2.63860	 10 sampled NNs | VaAcc: 0.7364 +- 0.0040 | VaLoss: 1.0135 +- 0.0248
 58,  0 | TrAcc: 0.8919, TrLoss:  0.60900, VaAcc: 0.7402, VaLoss:  2.61608	 10 sampled NNs | VaAcc: 0.7422 +- 0.0046 | VaLoss: 0.9816 +- 0.0316
 59,  0 | TrAcc: 0.8937, TrLoss:  0.60462, VaAcc: 0.7370, VaLoss:  2.63461	 10 sampled NNs | VaAcc: 0.7385 +- 0.0043 | VaLoss: 1.0109 +- 0.0183
 60,  0 | TrAcc: 0.8965, TrLoss:  0.59634, VaAcc: 0.7403, VaLoss:  2.63391	 10 sampled NNs | VaAcc: 0.7385 +- 0.0041 | VaLoss: 1.0230 +- 0.0204
 61,  0 | TrAcc: 0.8962, TrLoss:  0.59763, VaAcc: 0.7366, VaLoss:  2.64131	 10 sampled NNs | VaAcc: 0.7380 +- 0.0035 | VaLoss: 1.0201 +- 0.0193
 62,  0 | TrAcc: 0.8951, TrLoss:  0.59973, VaAcc: 0.7374, VaLoss:  2.65048	 10 sampled NNs | VaAcc: 0.7387 +- 0.0037 | VaLoss: 1.0311 +- 0.0195
 63,  0 | TrAcc: 0.8980, TrLoss:  0.59356, VaAcc: 0.7409, VaLoss:  2.65532	 10 sampled NNs | VaAcc: 0.7373 +- 0.0031 | VaLoss: 1.0408 +- 0.0240
 64,  0 | TrAcc: 0.8982, TrLoss:  0.59165, VaAcc: 0.7390, VaLoss:  2.64190	 10 sampled NNs | VaAcc: 0.7392 +- 0.0042 | VaLoss: 1.0376 +- 0.0263
 65,  0 | TrAcc: 0.9009, TrLoss:  0.58528, VaAcc: 0.7385, VaLoss:  2.65801	 10 sampled NNs | VaAcc: 0.7385 +- 0.0028 | VaLoss: 1.0464 +- 0.0236
 66,  0 | TrAcc: 0.9019, TrLoss:  0.58543, VaAcc: 0.7417, VaLoss:  2.63594	 10 sampled NNs | VaAcc: 0.7401 +- 0.0042 | VaLoss: 1.0356 +- 0.0255
 67,  0 | TrAcc: 0.9031, TrLoss:  0.57849, VaAcc: 0.7385, VaLoss:  2.67542	 10 sampled NNs | VaAcc: 0.7379 +- 0.0033 | VaLoss: 1.0692 +- 0.0270
 68,  0 | TrAcc: 0.9005, TrLoss:  0.58395, VaAcc: 0.7418, VaLoss:  2.65486	 10 sampled NNs | VaAcc: 0.7392 +- 0.0041 | VaLoss: 1.0751 +- 0.0172
 69,  0 | TrAcc: 0.9040, TrLoss:  0.57539, VaAcc: 0.7383, VaLoss:  2.67354	 10 sampled NNs | VaAcc: 0.7365 +- 0.0048 | VaLoss: 1.0731 +- 0.0323
 70,  0 | TrAcc: 0.9035, TrLoss:  0.57704, VaAcc: 0.7398, VaLoss:  2.66985	 10 sampled NNs | VaAcc: 0.7368 +- 0.0037 | VaLoss: 1.0736 +- 0.0240
 71,  0 | TrAcc: 0.9059, TrLoss:  0.57023, VaAcc: 0.7353, VaLoss:  2.67410	 10 sampled NNs | VaAcc: 0.7367 +- 0.0036 | VaLoss: 1.0647 +- 0.0195
 72,  0 | TrAcc: 0.9072, TrLoss:  0.56819, VaAcc: 0.7389, VaLoss:  2.67469	 10 sampled NNs | VaAcc: 0.7375 +- 0.0017 | VaLoss: 1.0670 +- 0.0177
 73,  0 | TrAcc: 0.9055, TrLoss:  0.57195, VaAcc: 0.7394, VaLoss:  2.69250	 10 sampled NNs | VaAcc: 0.7373 +- 0.0047 | VaLoss: 1.0981 +- 0.0218
 74,  0 | TrAcc: 0.9052, TrLoss:  0.57131, VaAcc: 0.7337, VaLoss:  2.70565	 10 sampled NNs | VaAcc: 0.7323 +- 0.0035 | VaLoss: 1.1020 +- 0.0237
 75,  0 | TrAcc: 0.9083, TrLoss:  0.56433, VaAcc: 0.7400, VaLoss:  2.68171	 10 sampled NNs | VaAcc: 0.7397 +- 0.0049 | VaLoss: 1.0701 +- 0.0184
 76,  0 | TrAcc: 0.9059, TrLoss:  0.56886, VaAcc: 0.7393, VaLoss:  2.67434	 10 sampled NNs | VaAcc: 0.7378 +- 0.0030 | VaLoss: 1.0675 +- 0.0177
 77,  0 | TrAcc: 0.9087, TrLoss:  0.56277, VaAcc: 0.7332, VaLoss:  2.72816	 10 sampled NNs | VaAcc: 0.7336 +- 0.0037 | VaLoss: 1.1129 +- 0.0278
 78,  0 | TrAcc: 0.9087, TrLoss:  0.56233, VaAcc: 0.7358, VaLoss:  2.70407	 10 sampled NNs | VaAcc: 0.7358 +- 0.0063 | VaLoss: 1.1193 +- 0.0346
 79,  0 | TrAcc: 0.9113, TrLoss:  0.55477, VaAcc: 0.7341, VaLoss:  2.73855	 10 sampled NNs | VaAcc: 0.7348 +- 0.0048 | VaLoss: 1.1323 +- 0.0189
 80,  0 | TrAcc: 0.9097, TrLoss:  0.55978, VaAcc: 0.7334, VaLoss:  2.72431	 10 sampled NNs | VaAcc: 0.7378 +- 0.0033 | VaLoss: 1.1010 +- 0.0167
 81,  0 | TrAcc: 0.9123, TrLoss:  0.55302, VaAcc: 0.7384, VaLoss:  2.72999	 10 sampled NNs | VaAcc: 0.7370 +- 0.0043 | VaLoss: 1.1255 +- 0.0162
 82,  0 | TrAcc: 0.9127, TrLoss:  0.55041, VaAcc: 0.7356, VaLoss:  2.75194	 10 sampled NNs | VaAcc: 0.7345 +- 0.0044 | VaLoss: 1.1435 +- 0.0337
 83,  0 | TrAcc: 0.9110, TrLoss:  0.55524, VaAcc: 0.7377, VaLoss:  2.72840	 10 sampled NNs | VaAcc: 0.7375 +- 0.0044 | VaLoss: 1.1135 +- 0.0158
 84,  0 | TrAcc: 0.9156, TrLoss:  0.54202, VaAcc: 0.7374, VaLoss:  2.74321	 10 sampled NNs | VaAcc: 0.7364 +- 0.0038 | VaLoss: 1.1285 +- 0.0207
 85,  0 | TrAcc: 0.9144, TrLoss:  0.54640, VaAcc: 0.7350, VaLoss:  2.73689	 10 sampled NNs | VaAcc: 0.7367 +- 0.0049 | VaLoss: 1.1609 +- 0.0216
 86,  0 | TrAcc: 0.9152, TrLoss:  0.54399, VaAcc: 0.7338, VaLoss:  2.78760	 10 sampled NNs | VaAcc: 0.7332 +- 0.0049 | VaLoss: 1.1758 +- 0.0199
 87,  0 | TrAcc: 0.9150, TrLoss:  0.54439, VaAcc: 0.7309, VaLoss:  2.77468	 10 sampled NNs | VaAcc: 0.7363 +- 0.0036 | VaLoss: 1.1500 +- 0.0279
 88,  0 | TrAcc: 0.9169, TrLoss:  0.53872, VaAcc: 0.7369, VaLoss:  2.76618	 10 sampled NNs | VaAcc: 0.7375 +- 0.0034 | VaLoss: 1.1758 +- 0.0212
 89,  0 | TrAcc: 0.9174, TrLoss:  0.53864, VaAcc: 0.7277, VaLoss:  2.78482	 10 sampled NNs | VaAcc: 0.7290 +- 0.0049 | VaLoss: 1.1893 +- 0.0251
 90,  0 | TrAcc: 0.9162, TrLoss:  0.54242, VaAcc: 0.7338, VaLoss:  2.76893	 10 sampled NNs | VaAcc: 0.7343 +- 0.0038 | VaLoss: 1.1532 +- 0.0272
 91,  0 | TrAcc: 0.9181, TrLoss:  0.53730, VaAcc: 0.7436, VaLoss:  2.73363	 10 sampled NNs | VaAcc: 0.7393 +- 0.0029 | VaLoss: 1.1530 +- 0.0339
 92,  0 | TrAcc: 0.9191, TrLoss:  0.53342, VaAcc: 0.7363, VaLoss:  2.78653	 10 sampled NNs | VaAcc: 0.7349 +- 0.0039 | VaLoss: 1.1829 +- 0.0191
 93,  0 | TrAcc: 0.9182, TrLoss:  0.53584, VaAcc: 0.7322, VaLoss:  2.79139	 10 sampled NNs | VaAcc: 0.7322 +- 0.0043 | VaLoss: 1.1875 +- 0.0187
 94,  0 | TrAcc: 0.9206, TrLoss:  0.53002, VaAcc: 0.7324, VaLoss:  2.83484	 10 sampled NNs | VaAcc: 0.7360 +- 0.0037 | VaLoss: 1.2006 +- 0.0188
 95,  0 | TrAcc: 0.9202, TrLoss:  0.53152, VaAcc: 0.7271, VaLoss:  2.81770	 10 sampled NNs | VaAcc: 0.7296 +- 0.0030 | VaLoss: 1.1873 +- 0.0215
 96,  0 | TrAcc: 0.9212, TrLoss:  0.52930, VaAcc: 0.7308, VaLoss:  2.79454	 10 sampled NNs | VaAcc: 0.7314 +- 0.0047 | VaLoss: 1.1900 +- 0.0195
 97,  0 | TrAcc: 0.9216, TrLoss:  0.52684, VaAcc: 0.7321, VaLoss:  2.82275	 10 sampled NNs | VaAcc: 0.7316 +- 0.0057 | VaLoss: 1.2053 +- 0.0318
 98,  0 | TrAcc: 0.9216, TrLoss:  0.52820, VaAcc: 0.7297, VaLoss:  2.82517	 10 sampled NNs | VaAcc: 0.7318 +- 0.0045 | VaLoss: 1.2251 +- 0.0193
 99,  0 | TrAcc: 0.9217, TrLoss:  0.52823, VaAcc: 0.7313, VaLoss:  2.81867	 10 sampled NNs | VaAcc: 0.7301 +- 0.0042 | VaLoss: 1.2170 +- 0.0227
----------------------------
