
=============================
CONFIG FILE

RNN CONFIG
{'data_multiplier': 100.0,
 'gradient_clip_value': 0.5,
 'layer_configs': [{'layer_type': 'input'},
                   {'bc': {'init_m': 'xavier',
                           'init_v': -4.5,
                           'prior_m': 0.0,
                           'prior_v': 0.0,
                           'type': 'continuous'},
                    'bf': {'init_m': 'xavier',
                           'init_v': -4.5,
                           'prior_m': 0.0,
                           'prior_v': 0.0,
                           'type': 'continuous'},
                    'bi': {'init_m': 'xavier',
                           'init_v': -4.5,
                           'prior_m': 0.0,
                           'prior_v': 0.0,
                           'type': 'continuous'},
                    'bo': {'init_m': 'xavier',
                           'init_v': -4.5,
                           'prior_m': 0.0,
                           'prior_v': 0.0,
                           'type': 'continuous'},
                    'init_config': {'c': {'b': 'all_zero', 'w': 'xavier'},
                                    'f': {'b': 'all_one', 'w': 'all_zero'},
                                    'i': {'b': 'all_zero', 'w': 'xavier'},
                                    'o': {'b': 'all_zero', 'w': 'xavier'}},
                    'is_output': False,
                    'is_recurrent': True,
                    'layer_type': 'lstm',
                    'var_scope': 'lstm_0',
                    'wc': {'init_m': 'xavier',
                           'init_v': -4.5,
                           'prior_m': 0.0,
                           'prior_v': 0.0,
                           'type': 'continuous'},
                    'wf': {'init_m': 'xavier',
                           'init_v': -4.5,
                           'prior_m': 0.0,
                           'prior_v': 0.0,
                           'type': 'continuous'},
                    'wi': {'init_m': 'xavier',
                           'init_v': -4.5,
                           'prior_m': 0.0,
                           'prior_v': 0.0,
                           'type': 'continuous'},
                    'wo': {'init_m': 'xavier',
                           'init_v': -4.5,
                           'prior_m': 0.0,
                           'prior_v': 0.0,
                           'type': 'continuous'}},
                   {'bc': {'init_m': 'xavier',
                           'init_v': -4.5,
                           'prior_m': 0.0,
                           'prior_v': 0.0,
                           'type': 'continuous'},
                    'bf': {'init_m': 'xavier',
                           'init_v': -4.5,
                           'prior_m': 0.0,
                           'prior_v': 0.0,
                           'type': 'continuous'},
                    'bi': {'init_m': 'xavier',
                           'init_v': -4.5,
                           'prior_m': 0.0,
                           'prior_v': 0.0,
                           'type': 'continuous'},
                    'bo': {'init_m': 'xavier',
                           'init_v': -4.5,
                           'prior_m': 0.0,
                           'prior_v': 0.0,
                           'type': 'continuous'},
                    'init_config': {'c': {'b': 'all_zero', 'w': 'xavier'},
                                    'f': {'b': 'all_one', 'w': 'all_zero'},
                                    'i': {'b': 'all_zero', 'w': 'xavier'},
                                    'o': {'b': 'all_zero', 'w': 'xavier'}},
                    'is_output': False,
                    'is_recurrent': True,
                    'layer_type': 'lstm',
                    'var_scope': 'lstm_1',
                    'wc': {'init_m': 'xavier',
                           'init_v': -4.5,
                           'prior_m': 0.0,
                           'prior_v': 0.0,
                           'type': 'continuous'},
                    'wf': {'init_m': 'xavier',
                           'init_v': -4.5,
                           'prior_m': 0.0,
                           'prior_v': 0.0,
                           'type': 'continuous'},
                    'wi': {'init_m': 'xavier',
                           'init_v': -4.5,
                           'prior_m': 0.0,
                           'prior_v': 0.0,
                           'type': 'continuous'},
                    'wo': {'init_m': 'xavier',
                           'init_v': -4.5,
                           'prior_m': 0.0,
                           'prior_v': 0.0,
                           'type': 'continuous'}},
                   {'b': {'init_m': 'xavier',
                          'init_v': -4.5,
                          'prior_m': 0.0,
                          'prior_v': 0.0,
                          'type': 'continuous'},
                    'is_output': True,
                    'is_recurrent': False,
                    'layer_type': 'fc',
                    'regularization': {'mode': None, 'strength': 0.02},
                    'var_scope': 'output_layer',
                    'w': {'init_m': 'xavier',
                          'init_v': -4.5,
                          'prior_m': 0.0,
                          'prior_v': 0.0,
                          'type': 'continuous'}}],
 'layout': [4, 60, 60, 10],
 'output_type': 'classification'}

DATA CONFIG
{'dataset': 'red_penstroke',
 'tr': {'in_seq_len': 30,
        'minibatch_enabled': True,
        'minibatch_size': 1000,
        'out_seq_len': 5,
        'zero_padding': 20},
 'va': {'in_seq_len': 30,
        'minibatch_enabled': True,
        'minibatch_size': 1000,
        'out_seq_len': 5,
        'zero_padding': 20}}

TRAINING CONFIG
{'learning_rate': 0.002,
 'max_epochs': 200,
 'mode': {'max_epochs': 100, 'min_error': 0.0, 'name': 'classic'},
 'task_id': 2,
 'type': 'pfp',
 'v_loss': 0.0}
==============================


  0,  0 | TrAcc: 0.0890, TrLoss:  2.45968, VaAcc: 0.1084, VaLoss:  2.45227	 10 sampled NNs | VaAcc: 0.1088 +- 0.0022 | VaLoss: 2.4149 +- 0.0034
  1,  0 | TrAcc: 0.5712, TrLoss:  1.27102, VaAcc: 0.5846, VaLoss:  1.27046	 10 sampled NNs | VaAcc: 0.5837 +- 0.0027 | VaLoss: 1.2095 +- 0.0066
  2,  0 | TrAcc: 0.6808, TrLoss:  0.95735, VaAcc: 0.6822, VaLoss:  0.98022	 10 sampled NNs | VaAcc: 0.6813 +- 0.0030 | VaLoss: 0.9317 +- 0.0065
  3,  0 | TrAcc: 0.7144, TrLoss:  0.85088, VaAcc: 0.7140, VaLoss:  0.89048	 10 sampled NNs | VaAcc: 0.7134 +- 0.0028 | VaLoss: 0.8458 +- 0.0080
  4,  0 | TrAcc: 0.7429, TrLoss:  0.76501, VaAcc: 0.7282, VaLoss:  0.84647	 10 sampled NNs | VaAcc: 0.7300 +- 0.0030 | VaLoss: 0.7990 +- 0.0076
  5,  0 | TrAcc: 0.7549, TrLoss:  0.73059, VaAcc: 0.7367, VaLoss:  0.80512	 10 sampled NNs | VaAcc: 0.7391 +- 0.0024 | VaLoss: 0.7645 +- 0.0066
  6,  0 | TrAcc: 0.7647, TrLoss:  0.69019, VaAcc: 0.7498, VaLoss:  0.78452	 10 sampled NNs | VaAcc: 0.7512 +- 0.0018 | VaLoss: 0.7509 +- 0.0056
  7,  0 | TrAcc: 0.7779, TrLoss:  0.64971, VaAcc: 0.7524, VaLoss:  0.77842	 10 sampled NNs | VaAcc: 0.7528 +- 0.0021 | VaLoss: 0.7412 +- 0.0070
  8,  0 | TrAcc: 0.7790, TrLoss:  0.63381, VaAcc: 0.7473, VaLoss:  0.79526	 10 sampled NNs | VaAcc: 0.7474 +- 0.0020 | VaLoss: 0.7623 +- 0.0057
  9,  0 | TrAcc: 0.7871, TrLoss:  0.61258, VaAcc: 0.7637, VaLoss:  0.75354	 10 sampled NNs | VaAcc: 0.7596 +- 0.0022 | VaLoss: 0.7383 +- 0.0080
 10,  0 | TrAcc: 0.8007, TrLoss:  0.56986, VaAcc: 0.7598, VaLoss:  0.76827	 10 sampled NNs | VaAcc: 0.7598 +- 0.0021 | VaLoss: 0.7373 +- 0.0073
 11,  0 | TrAcc: 0.8095, TrLoss:  0.54853, VaAcc: 0.7572, VaLoss:  0.76150	 10 sampled NNs | VaAcc: 0.7571 +- 0.0031 | VaLoss: 0.7358 +- 0.0113
 12,  0 | TrAcc: 0.8149, TrLoss:  0.52979, VaAcc: 0.7664, VaLoss:  0.76617	 10 sampled NNs | VaAcc: 0.7637 +- 0.0016 | VaLoss: 0.7420 +- 0.0093
 13,  0 | TrAcc: 0.8182, TrLoss:  0.51868, VaAcc: 0.7588, VaLoss:  0.77972	 10 sampled NNs | VaAcc: 0.7570 +- 0.0018 | VaLoss: 0.7566 +- 0.0070
 14,  0 | TrAcc: 0.8272, TrLoss:  0.49443, VaAcc: 0.7623, VaLoss:  0.77582	 10 sampled NNs | VaAcc: 0.7620 +- 0.0020 | VaLoss: 0.7511 +- 0.0064
 15,  0 | TrAcc: 0.8294, TrLoss:  0.48857, VaAcc: 0.7543, VaLoss:  0.79959	 10 sampled NNs | VaAcc: 0.7516 +- 0.0021 | VaLoss: 0.7915 +- 0.0112
 16,  0 | TrAcc: 0.8375, TrLoss:  0.46567, VaAcc: 0.7619, VaLoss:  0.78758	 10 sampled NNs | VaAcc: 0.7615 +- 0.0016 | VaLoss: 0.7688 +- 0.0059
 17,  0 | TrAcc: 0.8429, TrLoss:  0.44309, VaAcc: 0.7556, VaLoss:  0.81141	 10 sampled NNs | VaAcc: 0.7529 +- 0.0016 | VaLoss: 0.8030 +- 0.0058
 18,  0 | TrAcc: 0.8447, TrLoss:  0.44405, VaAcc: 0.7503, VaLoss:  0.81891	 10 sampled NNs | VaAcc: 0.7491 +- 0.0023 | VaLoss: 0.8013 +- 0.0078
 19,  0 | TrAcc: 0.8509, TrLoss:  0.42262, VaAcc: 0.7497, VaLoss:  0.84325	 10 sampled NNs | VaAcc: 0.7454 +- 0.0023 | VaLoss: 0.8282 +- 0.0065
 20,  0 | TrAcc: 0.8534, TrLoss:  0.41006, VaAcc: 0.7483, VaLoss:  0.87335	 10 sampled NNs | VaAcc: 0.7476 +- 0.0027 | VaLoss: 0.8428 +- 0.0108
 21,  0 | TrAcc: 0.8564, TrLoss:  0.40334, VaAcc: 0.7470, VaLoss:  0.88488	 10 sampled NNs | VaAcc: 0.7479 +- 0.0024 | VaLoss: 0.8544 +- 0.0111
 22,  0 | TrAcc: 0.8603, TrLoss:  0.39195, VaAcc: 0.7466, VaLoss:  0.89065	 10 sampled NNs | VaAcc: 0.7461 +- 0.0032 | VaLoss: 0.8721 +- 0.0119
 23,  0 | TrAcc: 0.8648, TrLoss:  0.37957, VaAcc: 0.7514, VaLoss:  0.87770	 10 sampled NNs | VaAcc: 0.7448 +- 0.0013 | VaLoss: 0.8888 +- 0.0067
 24,  0 | TrAcc: 0.8662, TrLoss:  0.37568, VaAcc: 0.7474, VaLoss:  0.91934	 10 sampled NNs | VaAcc: 0.7439 +- 0.0021 | VaLoss: 0.9060 +- 0.0120
 25,  0 | TrAcc: 0.8709, TrLoss:  0.36167, VaAcc: 0.7449, VaLoss:  0.91814	 10 sampled NNs | VaAcc: 0.7389 +- 0.0012 | VaLoss: 0.9182 +- 0.0042
 26,  0 | TrAcc: 0.8799, TrLoss:  0.34030, VaAcc: 0.7457, VaLoss:  0.92272	 10 sampled NNs | VaAcc: 0.7440 +- 0.0024 | VaLoss: 0.9220 +- 0.0120
 27,  0 | TrAcc: 0.8807, TrLoss:  0.33670, VaAcc: 0.7433, VaLoss:  0.95199	 10 sampled NNs | VaAcc: 0.7402 +- 0.0032 | VaLoss: 0.9400 +- 0.0109
 28,  0 | TrAcc: 0.8814, TrLoss:  0.33184, VaAcc: 0.7482, VaLoss:  0.95209	 10 sampled NNs | VaAcc: 0.7430 +- 0.0026 | VaLoss: 0.9351 +- 0.0095
 29,  0 | TrAcc: 0.8855, TrLoss:  0.32301, VaAcc: 0.7403, VaLoss:  0.99690	 10 sampled NNs | VaAcc: 0.7388 +- 0.0019 | VaLoss: 0.9765 +- 0.0119
 30,  0 | TrAcc: 0.8888, TrLoss:  0.31291, VaAcc: 0.7444, VaLoss:  0.98376	 10 sampled NNs | VaAcc: 0.7395 +- 0.0020 | VaLoss: 0.9800 +- 0.0103
 31,  0 | TrAcc: 0.8896, TrLoss:  0.30995, VaAcc: 0.7418, VaLoss:  1.03259	 10 sampled NNs | VaAcc: 0.7381 +- 0.0024 | VaLoss: 1.0081 +- 0.0144
 32,  0 | TrAcc: 0.8919, TrLoss:  0.30429, VaAcc: 0.7440, VaLoss:  1.01543	 10 sampled NNs | VaAcc: 0.7369 +- 0.0024 | VaLoss: 1.0221 +- 0.0122
 33,  0 | TrAcc: 0.8939, TrLoss:  0.29650, VaAcc: 0.7453, VaLoss:  1.01395	 10 sampled NNs | VaAcc: 0.7348 +- 0.0020 | VaLoss: 1.0339 +- 0.0090
 34,  0 | TrAcc: 0.8972, TrLoss:  0.28905, VaAcc: 0.7373, VaLoss:  1.07705	 10 sampled NNs | VaAcc: 0.7334 +- 0.0021 | VaLoss: 1.0716 +- 0.0129
 35,  0 | TrAcc: 0.9000, TrLoss:  0.28083, VaAcc: 0.7461, VaLoss:  1.06105	 10 sampled NNs | VaAcc: 0.7410 +- 0.0031 | VaLoss: 1.0497 +- 0.0190
 36,  0 | TrAcc: 0.8986, TrLoss:  0.28463, VaAcc: 0.7366, VaLoss:  1.12085	 10 sampled NNs | VaAcc: 0.7328 +- 0.0017 | VaLoss: 1.1143 +- 0.0092
 37,  0 | TrAcc: 0.9023, TrLoss:  0.27439, VaAcc: 0.7361, VaLoss:  1.12541	 10 sampled NNs | VaAcc: 0.7320 +- 0.0020 | VaLoss: 1.1191 +- 0.0105
 38,  0 | TrAcc: 0.9086, TrLoss:  0.25813, VaAcc: 0.7399, VaLoss:  1.12353	 10 sampled NNs | VaAcc: 0.7362 +- 0.0015 | VaLoss: 1.1190 +- 0.0090
 39,  0 | TrAcc: 0.9063, TrLoss:  0.26337, VaAcc: 0.7344, VaLoss:  1.18404	 10 sampled NNs | VaAcc: 0.7344 +- 0.0026 | VaLoss: 1.1549 +- 0.0113
 40,  0 | TrAcc: 0.9115, TrLoss:  0.25081, VaAcc: 0.7409, VaLoss:  1.13607	 10 sampled NNs | VaAcc: 0.7358 +- 0.0017 | VaLoss: 1.1379 +- 0.0104
 41,  0 | TrAcc: 0.9103, TrLoss:  0.24916, VaAcc: 0.7425, VaLoss:  1.16889	 10 sampled NNs | VaAcc: 0.7371 +- 0.0024 | VaLoss: 1.1692 +- 0.0127
 42,  0 | TrAcc: 0.9140, TrLoss:  0.24504, VaAcc: 0.7409, VaLoss:  1.17854	 10 sampled NNs | VaAcc: 0.7355 +- 0.0019 | VaLoss: 1.1853 +- 0.0178
 43,  0 | TrAcc: 0.9174, TrLoss:  0.23236, VaAcc: 0.7388, VaLoss:  1.21303	 10 sampled NNs | VaAcc: 0.7354 +- 0.0031 | VaLoss: 1.2044 +- 0.0181
 44,  0 | TrAcc: 0.9179, TrLoss:  0.23084, VaAcc: 0.7394, VaLoss:  1.24564	 10 sampled NNs | VaAcc: 0.7349 +- 0.0025 | VaLoss: 1.2229 +- 0.0154
 45,  0 | TrAcc: 0.9224, TrLoss:  0.22037, VaAcc: 0.7425, VaLoss:  1.24620	 10 sampled NNs | VaAcc: 0.7380 +- 0.0018 | VaLoss: 1.2276 +- 0.0107
 46,  0 | TrAcc: 0.9201, TrLoss:  0.22652, VaAcc: 0.7310, VaLoss:  1.31014	 10 sampled NNs | VaAcc: 0.7296 +- 0.0034 | VaLoss: 1.2980 +- 0.0244
 47,  0 | TrAcc: 0.9233, TrLoss:  0.21769, VaAcc: 0.7365, VaLoss:  1.28145	 10 sampled NNs | VaAcc: 0.7326 +- 0.0019 | VaLoss: 1.2817 +- 0.0195
 48,  0 | TrAcc: 0.9262, TrLoss:  0.20822, VaAcc: 0.7276, VaLoss:  1.35442	 10 sampled NNs | VaAcc: 0.7243 +- 0.0023 | VaLoss: 1.3384 +- 0.0152
 49,  0 | TrAcc: 0.9253, TrLoss:  0.21130, VaAcc: 0.7336, VaLoss:  1.29929	 10 sampled NNs | VaAcc: 0.7253 +- 0.0023 | VaLoss: 1.3249 +- 0.0123
 50,  0 | TrAcc: 0.9268, TrLoss:  0.20908, VaAcc: 0.7365, VaLoss:  1.30437	 10 sampled NNs | VaAcc: 0.7316 +- 0.0024 | VaLoss: 1.3104 +- 0.0190
 51,  0 | TrAcc: 0.9246, TrLoss:  0.20989, VaAcc: 0.7304, VaLoss:  1.38567	 10 sampled NNs | VaAcc: 0.7264 +- 0.0024 | VaLoss: 1.3628 +- 0.0220
 52,  0 | TrAcc: 0.9245, TrLoss:  0.21243, VaAcc: 0.7275, VaLoss:  1.39622	 10 sampled NNs | VaAcc: 0.7225 +- 0.0015 | VaLoss: 1.3845 +- 0.0152
 53,  0 | TrAcc: 0.9295, TrLoss:  0.19788, VaAcc: 0.7340, VaLoss:  1.37691	 10 sampled NNs | VaAcc: 0.7309 +- 0.0017 | VaLoss: 1.3606 +- 0.0097
 54,  0 | TrAcc: 0.9285, TrLoss:  0.20245, VaAcc: 0.7315, VaLoss:  1.38124	 10 sampled NNs | VaAcc: 0.7299 +- 0.0020 | VaLoss: 1.3665 +- 0.0096
 55,  0 | TrAcc: 0.9321, TrLoss:  0.19590, VaAcc: 0.7287, VaLoss:  1.37723	 10 sampled NNs | VaAcc: 0.7265 +- 0.0017 | VaLoss: 1.3771 +- 0.0110
 56,  0 | TrAcc: 0.9342, TrLoss:  0.18749, VaAcc: 0.7325, VaLoss:  1.37442	 10 sampled NNs | VaAcc: 0.7241 +- 0.0026 | VaLoss: 1.4010 +- 0.0201
 57,  0 | TrAcc: 0.9303, TrLoss:  0.19751, VaAcc: 0.7335, VaLoss:  1.35777	 10 sampled NNs | VaAcc: 0.7239 +- 0.0018 | VaLoss: 1.4031 +- 0.0128
 58,  0 | TrAcc: 0.9372, TrLoss:  0.18099, VaAcc: 0.7318, VaLoss:  1.42210	 10 sampled NNs | VaAcc: 0.7256 +- 0.0023 | VaLoss: 1.4271 +- 0.0160
 59,  0 | TrAcc: 0.9385, TrLoss:  0.17666, VaAcc: 0.7233, VaLoss:  1.52756	 10 sampled NNs | VaAcc: 0.7178 +- 0.0012 | VaLoss: 1.5163 +- 0.0144
 60,  0 | TrAcc: 0.9393, TrLoss:  0.17463, VaAcc: 0.7287, VaLoss:  1.50578	 10 sampled NNs | VaAcc: 0.7225 +- 0.0024 | VaLoss: 1.5170 +- 0.0193
 61,  0 | TrAcc: 0.9346, TrLoss:  0.18411, VaAcc: 0.7286, VaLoss:  1.49104	 10 sampled NNs | VaAcc: 0.7237 +- 0.0015 | VaLoss: 1.5013 +- 0.0132
 62,  0 | TrAcc: 0.9322, TrLoss:  0.19553, VaAcc: 0.7246, VaLoss:  1.52723	 10 sampled NNs | VaAcc: 0.7178 +- 0.0036 | VaLoss: 1.5445 +- 0.0235
 63,  0 | TrAcc: 0.9385, TrLoss:  0.17545, VaAcc: 0.7233, VaLoss:  1.50271	 10 sampled NNs | VaAcc: 0.7178 +- 0.0017 | VaLoss: 1.5268 +- 0.0156
 64,  0 | TrAcc: 0.9407, TrLoss:  0.17014, VaAcc: 0.7281, VaLoss:  1.51432	 10 sampled NNs | VaAcc: 0.7207 +- 0.0026 | VaLoss: 1.5472 +- 0.0204
 65,  0 | TrAcc: 0.9421, TrLoss:  0.16590, VaAcc: 0.7281, VaLoss:  1.54613	 10 sampled NNs | VaAcc: 0.7213 +- 0.0030 | VaLoss: 1.5503 +- 0.0246
 66,  0 | TrAcc: 0.9436, TrLoss:  0.16288, VaAcc: 0.7246, VaLoss:  1.57732	 10 sampled NNs | VaAcc: 0.7197 +- 0.0019 | VaLoss: 1.5865 +- 0.0129
 67,  0 | TrAcc: 0.9407, TrLoss:  0.17058, VaAcc: 0.7256, VaLoss:  1.59415	 10 sampled NNs | VaAcc: 0.7164 +- 0.0022 | VaLoss: 1.6126 +- 0.0173
 68,  0 | TrAcc: 0.9471, TrLoss:  0.15353, VaAcc: 0.7212, VaLoss:  1.61961	 10 sampled NNs | VaAcc: 0.7182 +- 0.0014 | VaLoss: 1.6014 +- 0.0142
 69,  0 | TrAcc: 0.9464, TrLoss:  0.15397, VaAcc: 0.7210, VaLoss:  1.63400	 10 sampled NNs | VaAcc: 0.7149 +- 0.0021 | VaLoss: 1.6504 +- 0.0126
 70,  0 | TrAcc: 0.9462, TrLoss:  0.15708, VaAcc: 0.7149, VaLoss:  1.67716	 10 sampled NNs | VaAcc: 0.7127 +- 0.0020 | VaLoss: 1.6531 +- 0.0154
 71,  0 | TrAcc: 0.9442, TrLoss:  0.16162, VaAcc: 0.7252, VaLoss:  1.60341	 10 sampled NNs | VaAcc: 0.7197 +- 0.0026 | VaLoss: 1.6275 +- 0.0260
 72,  0 | TrAcc: 0.9431, TrLoss:  0.16373, VaAcc: 0.7241, VaLoss:  1.62512	 10 sampled NNs | VaAcc: 0.7151 +- 0.0014 | VaLoss: 1.6382 +- 0.0135
 73,  0 | TrAcc: 0.9494, TrLoss:  0.14645, VaAcc: 0.7160, VaLoss:  1.75853	 10 sampled NNs | VaAcc: 0.7157 +- 0.0019 | VaLoss: 1.7336 +- 0.0221
 74,  0 | TrAcc: 0.9469, TrLoss:  0.15432, VaAcc: 0.7186, VaLoss:  1.73805	 10 sampled NNs | VaAcc: 0.7128 +- 0.0018 | VaLoss: 1.7642 +- 0.0198
 75,  0 | TrAcc: 0.9495, TrLoss:  0.14642, VaAcc: 0.7173, VaLoss:  1.76425	 10 sampled NNs | VaAcc: 0.7157 +- 0.0032 | VaLoss: 1.7469 +- 0.0282
 76,  0 | TrAcc: 0.9497, TrLoss:  0.14531, VaAcc: 0.7122, VaLoss:  1.78148	 10 sampled NNs | VaAcc: 0.7140 +- 0.0032 | VaLoss: 1.7556 +- 0.0178
 77,  0 | TrAcc: 0.9514, TrLoss:  0.14110, VaAcc: 0.7156, VaLoss:  1.82927	 10 sampled NNs | VaAcc: 0.7132 +- 0.0020 | VaLoss: 1.7740 +- 0.0175
 78,  0 | TrAcc: 0.9523, TrLoss:  0.13715, VaAcc: 0.7281, VaLoss:  1.72814	 10 sampled NNs | VaAcc: 0.7181 +- 0.0012 | VaLoss: 1.7881 +- 0.0162
 79,  0 | TrAcc: 0.9453, TrLoss:  0.15811, VaAcc: 0.7168, VaLoss:  1.74663	 10 sampled NNs | VaAcc: 0.7088 +- 0.0023 | VaLoss: 1.7835 +- 0.0097
 80,  0 | TrAcc: 0.9511, TrLoss:  0.14128, VaAcc: 0.7178, VaLoss:  1.81650	 10 sampled NNs | VaAcc: 0.7124 +- 0.0017 | VaLoss: 1.8161 +- 0.0179
 81,  0 | TrAcc: 0.9482, TrLoss:  0.14944, VaAcc: 0.7183, VaLoss:  1.78829	 10 sampled NNs | VaAcc: 0.7099 +- 0.0027 | VaLoss: 1.8301 +- 0.0192
 82,  0 | TrAcc: 0.9511, TrLoss:  0.14178, VaAcc: 0.7138, VaLoss:  1.76776	 10 sampled NNs | VaAcc: 0.7119 +- 0.0025 | VaLoss: 1.7853 +- 0.0241
 83,  0 | TrAcc: 0.9535, TrLoss:  0.13595, VaAcc: 0.7211, VaLoss:  1.75933	 10 sampled NNs | VaAcc: 0.7194 +- 0.0017 | VaLoss: 1.7374 +- 0.0144
 84,  0 | TrAcc: 0.9560, TrLoss:  0.12865, VaAcc: 0.7231, VaLoss:  1.81408	 10 sampled NNs | VaAcc: 0.7143 +- 0.0017 | VaLoss: 1.8631 +- 0.0238
 85,  0 | TrAcc: 0.9564, TrLoss:  0.12768, VaAcc: 0.7162, VaLoss:  1.85826	 10 sampled NNs | VaAcc: 0.7115 +- 0.0025 | VaLoss: 1.8737 +- 0.0216
 86,  0 | TrAcc: 0.9461, TrLoss:  0.15696, VaAcc: 0.7143, VaLoss:  1.91324	 10 sampled NNs | VaAcc: 0.7114 +- 0.0026 | VaLoss: 1.9004 +- 0.0194
 87,  0 | TrAcc: 0.9507, TrLoss:  0.14139, VaAcc: 0.7149, VaLoss:  1.84363	 10 sampled NNs | VaAcc: 0.7092 +- 0.0028 | VaLoss: 1.8579 +- 0.0262
 88,  0 | TrAcc: 0.9552, TrLoss:  0.13071, VaAcc: 0.7189, VaLoss:  1.82499	 10 sampled NNs | VaAcc: 0.7130 +- 0.0025 | VaLoss: 1.8304 +- 0.0230
 89,  0 | TrAcc: 0.9536, TrLoss:  0.13558, VaAcc: 0.7165, VaLoss:  1.82902	 10 sampled NNs | VaAcc: 0.7100 +- 0.0021 | VaLoss: 1.8719 +- 0.0244
 90,  0 | TrAcc: 0.9560, TrLoss:  0.12851, VaAcc: 0.7125, VaLoss:  1.89409	 10 sampled NNs | VaAcc: 0.7028 +- 0.0017 | VaLoss: 1.9365 +- 0.0193
 91,  0 | TrAcc: 0.9548, TrLoss:  0.13045, VaAcc: 0.7080, VaLoss:  1.96216	 10 sampled NNs | VaAcc: 0.7038 +- 0.0020 | VaLoss: 1.9712 +- 0.0232
 92,  0 | TrAcc: 0.9548, TrLoss:  0.13317, VaAcc: 0.7112, VaLoss:  1.90075	 10 sampled NNs | VaAcc: 0.7114 +- 0.0017 | VaLoss: 1.8696 +- 0.0174
 93,  0 | TrAcc: 0.9578, TrLoss:  0.12368, VaAcc: 0.7085, VaLoss:  1.97508	 10 sampled NNs | VaAcc: 0.7093 +- 0.0030 | VaLoss: 1.9490 +- 0.0288
 94,  0 | TrAcc: 0.9552, TrLoss:  0.13039, VaAcc: 0.7185, VaLoss:  1.86594	 10 sampled NNs | VaAcc: 0.7082 +- 0.0020 | VaLoss: 1.8945 +- 0.0195
 95,  0 | TrAcc: 0.9552, TrLoss:  0.12882, VaAcc: 0.7112, VaLoss:  1.97835	 10 sampled NNs | VaAcc: 0.7069 +- 0.0022 | VaLoss: 1.9635 +- 0.0188
 96,  0 | TrAcc: 0.9586, TrLoss:  0.12121, VaAcc: 0.7043, VaLoss:  2.01081	 10 sampled NNs | VaAcc: 0.7009 +- 0.0028 | VaLoss: 2.0252 +- 0.0373
 97,  0 | TrAcc: 0.9520, TrLoss:  0.13825, VaAcc: 0.7183, VaLoss:  1.87623	 10 sampled NNs | VaAcc: 0.7133 +- 0.0020 | VaLoss: 1.8775 +- 0.0196
 98,  0 | TrAcc: 0.9595, TrLoss:  0.11789, VaAcc: 0.7158, VaLoss:  1.92981	 10 sampled NNs | VaAcc: 0.7084 +- 0.0023 | VaLoss: 1.9512 +- 0.0243
 99,  0 | TrAcc: 0.9553, TrLoss:  0.13158, VaAcc: 0.7150, VaLoss:  1.99320	 10 sampled NNs | VaAcc: 0.7083 +- 0.0019 | VaLoss: 2.0029 +- 0.0265
----------------------------
