
=============================
CONFIG FILE

RNN CONFIG
{'data_multiplier': 0.4,
 'gradient_clip_value': 0.5,
 'layer_configs': [{'layer_type': 'input'},
                   {'bc': {'init_m': 'xavier',
                           'init_v': -4.5,
                           'prior_m': 0.0,
                           'prior_v': 0.0,
                           'type': 'continuous'},
                    'bf': {'init_m': 'xavier',
                           'init_v': -4.5,
                           'prior_m': 0.0,
                           'prior_v': 0.0,
                           'type': 'continuous'},
                    'bi': {'init_m': 'xavier',
                           'init_v': -4.5,
                           'prior_m': 0.0,
                           'prior_v': 0.0,
                           'type': 'continuous'},
                    'bo': {'init_m': 'xavier',
                           'init_v': -4.5,
                           'prior_m': 0.0,
                           'prior_v': 0.0,
                           'type': 'continuous'},
                    'discrete_act': False,
                    'init_config': {'c': {'b': 'all_zero', 'w': 'xavier'},
                                    'f': {'b': 'all_one', 'w': 'all_zero'},
                                    'i': {'b': 'all_zero', 'w': 'xavier'},
                                    'o': {'b': 'all_zero', 'w': 'xavier'}},
                    'is_output': False,
                    'is_recurrent': True,
                    'layer_type': 'lstm',
                    'var_scope': 'lstm_0',
                    'wc': {'init_m': 'xavier',
                           'init_v': -4.5,
                           'prior_m': 0.0,
                           'prior_v': 0.0,
                           'type': 'continuous'},
                    'wf': {'init_m': 'xavier',
                           'init_v': -4.5,
                           'prior_m': 0.0,
                           'prior_v': 0.0,
                           'type': 'continuous'},
                    'wi': {'init_m': 'xavier',
                           'init_v': -4.5,
                           'prior_m': 0.0,
                           'prior_v': 0.0,
                           'type': 'continuous'},
                    'wo': {'init_m': 'xavier',
                           'init_v': -4.5,
                           'prior_m': 0.0,
                           'prior_v': 0.0,
                           'type': 'continuous'}},
                   {'bc': {'init_m': 'xavier',
                           'init_v': -4.5,
                           'prior_m': 0.0,
                           'prior_v': 0.0,
                           'type': 'continuous'},
                    'bf': {'init_m': 'xavier',
                           'init_v': -4.5,
                           'prior_m': 0.0,
                           'prior_v': 0.0,
                           'type': 'continuous'},
                    'bi': {'init_m': 'xavier',
                           'init_v': -4.5,
                           'prior_m': 0.0,
                           'prior_v': 0.0,
                           'type': 'continuous'},
                    'bo': {'init_m': 'xavier',
                           'init_v': -4.5,
                           'prior_m': 0.0,
                           'prior_v': 0.0,
                           'type': 'continuous'},
                    'discrete_act': False,
                    'init_config': {'c': {'b': 'all_zero', 'w': 'xavier'},
                                    'f': {'b': 'all_one', 'w': 'all_zero'},
                                    'i': {'b': 'all_zero', 'w': 'xavier'},
                                    'o': {'b': 'all_zero', 'w': 'xavier'}},
                    'is_output': False,
                    'is_recurrent': True,
                    'layer_type': 'lstm',
                    'var_scope': 'lstm_1',
                    'wc': {'init_m': 'xavier',
                           'init_v': -4.5,
                           'prior_m': 0.0,
                           'prior_v': 0.0,
                           'type': 'continuous'},
                    'wf': {'init_m': 'xavier',
                           'init_v': -4.5,
                           'prior_m': 0.0,
                           'prior_v': 0.0,
                           'type': 'continuous'},
                    'wi': {'init_m': 'xavier',
                           'init_v': -4.5,
                           'prior_m': 0.0,
                           'prior_v': 0.0,
                           'type': 'continuous'},
                    'wo': {'init_m': 'xavier',
                           'init_v': -4.5,
                           'prior_m': 0.0,
                           'prior_v': 0.0,
                           'type': 'continuous'}},
                   {'b': {'init_m': 'xavier',
                          'init_v': -4.5,
                          'prior_m': 0.0,
                          'prior_v': 0.0,
                          'type': 'continuous'},
                    'is_output': True,
                    'is_recurrent': False,
                    'layer_type': 'fc',
                    'regularization': {'mode': None, 'strength': 0.02},
                    'var_scope': 'output_layer',
                    'w': {'init_m': 'xavier',
                          'init_v': -4.5,
                          'prior_m': 0.0,
                          'prior_v': 0.0,
                          'type': 'continuous'}}],
 'layout': [4, 60, 60, 10],
 'output_type': 'classification'}

DATA CONFIG
{'dataset': 'red_penstroke',
 'tr': {'in_seq_len': 30,
        'minibatch_enabled': True,
        'minibatch_size': 1000,
        'out_seq_len': 5,
        'zero_padding': 20},
 'va': {'in_seq_len': 30,
        'minibatch_enabled': True,
        'minibatch_size': 1000,
        'out_seq_len': 5,
        'zero_padding': 20}}

TRAINING CONFIG
{'beta_reg': 0.0,
 'ent_reg': 0.0,
 'is_pretrain': False,
 'learning_rate': 0.002,
 'mode': {'max_epochs': 100, 'min_error': 0.0, 'name': 'classic'},
 'normalize_mean': False,
 'task_id': 3,
 'type': 'l_sampling',
 'var_reg': 0.0}
==============================


  0,  0 | TrAcc: 0.1094, TrLoss:  3.73833, VaAcc: 0.0999, VaLoss:  9.25087	 10 sampled NNs | VaAcc: 0.1026 +- 0.0135 | VaLoss: 2.3927 +- 0.0220
  1,  0 | TrAcc: 0.5630, TrLoss:  2.43510, VaAcc: 0.5187, VaLoss:  7.75917	 10 sampled NNs | VaAcc: 0.3530 +- 0.0476 | VaLoss: 1.8680 +- 0.1316
  2,  0 | TrAcc: 0.7313, TrLoss:  1.90341, VaAcc: 0.6016, VaLoss:  7.23127	 10 sampled NNs | VaAcc: 0.4465 +- 0.0351 | VaLoss: 1.7880 +- 0.2015
  3,  0 | TrAcc: 0.8066, TrLoss:  1.65913, VaAcc: 0.6285, VaLoss:  6.79940	 10 sampled NNs | VaAcc: 0.5121 +- 0.0405 | VaLoss: 1.5766 +- 0.1962
  4,  0 | TrAcc: 0.8187, TrLoss:  1.54081, VaAcc: 0.6687, VaLoss:  6.31275	 10 sampled NNs | VaAcc: 0.5348 +- 0.0350 | VaLoss: 1.5188 +- 0.1336
  5,  0 | TrAcc: 0.8428, TrLoss:  1.41572, VaAcc: 0.6626, VaLoss:  6.03185	 10 sampled NNs | VaAcc: 0.5501 +- 0.0376 | VaLoss: 1.5472 +- 0.1407
  6,  0 | TrAcc: 0.8426, TrLoss:  1.34298, VaAcc: 0.6896, VaLoss:  5.64212	 10 sampled NNs | VaAcc: 0.5767 +- 0.0244 | VaLoss: 1.4612 +- 0.1093
  7,  0 | TrAcc: 0.8567, TrLoss:  1.24546, VaAcc: 0.6912, VaLoss:  5.30549	 10 sampled NNs | VaAcc: 0.5944 +- 0.0290 | VaLoss: 1.3711 +- 0.1413
  8,  0 | TrAcc: 0.8506, TrLoss:  1.19145, VaAcc: 0.6981, VaLoss:  4.97821	 10 sampled NNs | VaAcc: 0.5967 +- 0.0303 | VaLoss: 1.3797 +- 0.1183
  9,  0 | TrAcc: 0.8352, TrLoss:  1.18738, VaAcc: 0.7046, VaLoss:  4.65900	 10 sampled NNs | VaAcc: 0.5766 +- 0.0246 | VaLoss: 1.4089 +- 0.1041
 10,  0 | TrAcc: 0.8402, TrLoss:  1.12899, VaAcc: 0.6997, VaLoss:  4.46000	 10 sampled NNs | VaAcc: 0.5748 +- 0.0320 | VaLoss: 1.4473 +- 0.1485
 11,  0 | TrAcc: 0.8465, TrLoss:  1.05428, VaAcc: 0.7109, VaLoss:  4.19712	 10 sampled NNs | VaAcc: 0.6078 +- 0.0192 | VaLoss: 1.3221 +- 0.1075
 12,  0 | TrAcc: 0.8197, TrLoss:  1.08315, VaAcc: 0.7019, VaLoss:  3.99434	 10 sampled NNs | VaAcc: 0.5804 +- 0.0256 | VaLoss: 1.3824 +- 0.1059
 13,  0 | TrAcc: 0.8319, TrLoss:  1.03108, VaAcc: 0.7090, VaLoss:  3.79566	 10 sampled NNs | VaAcc: 0.5936 +- 0.0336 | VaLoss: 1.3458 +- 0.1384
 14,  0 | TrAcc: 0.8386, TrLoss:  0.98103, VaAcc: 0.7073, VaLoss:  3.63968	 10 sampled NNs | VaAcc: 0.5856 +- 0.0382 | VaLoss: 1.4022 +- 0.2336
 15,  0 | TrAcc: 0.8370, TrLoss:  0.95656, VaAcc: 0.7104, VaLoss:  3.50966	 10 sampled NNs | VaAcc: 0.5730 +- 0.0364 | VaLoss: 1.4719 +- 0.1669
 16,  0 | TrAcc: 0.8365, TrLoss:  0.93708, VaAcc: 0.7148, VaLoss:  3.39330	 10 sampled NNs | VaAcc: 0.6037 +- 0.0323 | VaLoss: 1.3286 +- 0.1266
 17,  0 | TrAcc: 0.8542, TrLoss:  0.86549, VaAcc: 0.7066, VaLoss:  3.30260	 10 sampled NNs | VaAcc: 0.5865 +- 0.0180 | VaLoss: 1.3523 +- 0.0953
 18,  0 | TrAcc: 0.8478, TrLoss:  0.85949, VaAcc: 0.7159, VaLoss:  3.18961	 10 sampled NNs | VaAcc: 0.6061 +- 0.0253 | VaLoss: 1.2964 +- 0.0772
 19,  0 | TrAcc: 0.8529, TrLoss:  0.82849, VaAcc: 0.7157, VaLoss:  3.12493	 10 sampled NNs | VaAcc: 0.5984 +- 0.0272 | VaLoss: 1.3356 +- 0.0925
 20,  0 | TrAcc: 0.8437, TrLoss:  0.84614, VaAcc: 0.7162, VaLoss:  3.07608	 10 sampled NNs | VaAcc: 0.5978 +- 0.0193 | VaLoss: 1.3842 +- 0.0873
 21,  0 | TrAcc: 0.8434, TrLoss:  0.83750, VaAcc: 0.7197, VaLoss:  2.97511	 10 sampled NNs | VaAcc: 0.5964 +- 0.0289 | VaLoss: 1.3427 +- 0.0961
 22,  0 | TrAcc: 0.8289, TrLoss:  0.86010, VaAcc: 0.7330, VaLoss:  2.84801	 10 sampled NNs | VaAcc: 0.6327 +- 0.0243 | VaLoss: 1.1888 +- 0.0941
 23,  0 | TrAcc: 0.8461, TrLoss:  0.81029, VaAcc: 0.7246, VaLoss:  2.84902	 10 sampled NNs | VaAcc: 0.6152 +- 0.0196 | VaLoss: 1.2793 +- 0.1113
 24,  0 | TrAcc: 0.8376, TrLoss:  0.80161, VaAcc: 0.7265, VaLoss:  2.76923	 10 sampled NNs | VaAcc: 0.6301 +- 0.0304 | VaLoss: 1.2159 +- 0.0947
 25,  0 | TrAcc: 0.8599, TrLoss:  0.75608, VaAcc: 0.7205, VaLoss:  2.76126	 10 sampled NNs | VaAcc: 0.6248 +- 0.0194 | VaLoss: 1.2747 +- 0.0656
 26,  0 | TrAcc: 0.8462, TrLoss:  0.78207, VaAcc: 0.7191, VaLoss:  2.72648	 10 sampled NNs | VaAcc: 0.6112 +- 0.0150 | VaLoss: 1.3032 +- 0.0803
 27,  0 | TrAcc: 0.8535, TrLoss:  0.75990, VaAcc: 0.7290, VaLoss:  2.63092	 10 sampled NNs | VaAcc: 0.6340 +- 0.0219 | VaLoss: 1.2180 +- 0.0912
 28,  0 | TrAcc: 0.8633, TrLoss:  0.72118, VaAcc: 0.7311, VaLoss:  2.64312	 10 sampled NNs | VaAcc: 0.6255 +- 0.0225 | VaLoss: 1.2229 +- 0.0784
 29,  0 | TrAcc: 0.8622, TrLoss:  0.70941, VaAcc: 0.7381, VaLoss:  2.57091	 10 sampled NNs | VaAcc: 0.6305 +- 0.0230 | VaLoss: 1.2445 +- 0.1024
 30,  0 | TrAcc: 0.8388, TrLoss:  0.77516, VaAcc: 0.7100, VaLoss:  2.66191	 10 sampled NNs | VaAcc: 0.6162 +- 0.0232 | VaLoss: 1.3199 +- 0.1111
 31,  0 | TrAcc: 0.8609, TrLoss:  0.71590, VaAcc: 0.7231, VaLoss:  2.53697	 10 sampled NNs | VaAcc: 0.6299 +- 0.0184 | VaLoss: 1.2292 +- 0.0880
 32,  0 | TrAcc: 0.8562, TrLoss:  0.71775, VaAcc: 0.7303, VaLoss:  2.53648	 10 sampled NNs | VaAcc: 0.6567 +- 0.0180 | VaLoss: 1.1602 +- 0.0844
 33,  0 | TrAcc: 0.8661, TrLoss:  0.69632, VaAcc: 0.7407, VaLoss:  2.49056	 10 sampled NNs | VaAcc: 0.6517 +- 0.0169 | VaLoss: 1.1954 +- 0.0658
 34,  0 | TrAcc: 0.8749, TrLoss:  0.66037, VaAcc: 0.7342, VaLoss:  2.51563	 10 sampled NNs | VaAcc: 0.6498 +- 0.0218 | VaLoss: 1.2605 +- 0.1068
 35,  0 | TrAcc: 0.8506, TrLoss:  0.71392, VaAcc: 0.7289, VaLoss:  2.50542	 10 sampled NNs | VaAcc: 0.6505 +- 0.0153 | VaLoss: 1.1906 +- 0.0897
 36,  0 | TrAcc: 0.8501, TrLoss:  0.71555, VaAcc: 0.7322, VaLoss:  2.44959	 10 sampled NNs | VaAcc: 0.6478 +- 0.0295 | VaLoss: 1.2081 +- 0.1207
 37,  0 | TrAcc: 0.8573, TrLoss:  0.70557, VaAcc: 0.7315, VaLoss:  2.42702	 10 sampled NNs | VaAcc: 0.6396 +- 0.0219 | VaLoss: 1.2130 +- 0.0869
 38,  0 | TrAcc: 0.8644, TrLoss:  0.66860, VaAcc: 0.7221, VaLoss:  2.41860	 10 sampled NNs | VaAcc: 0.6387 +- 0.0375 | VaLoss: 1.2383 +- 0.1325
 39,  0 | TrAcc: 0.8681, TrLoss:  0.65640, VaAcc: 0.7284, VaLoss:  2.39579	 10 sampled NNs | VaAcc: 0.6399 +- 0.0195 | VaLoss: 1.2333 +- 0.0956
 40,  0 | TrAcc: 0.8650, TrLoss:  0.66321, VaAcc: 0.7399, VaLoss:  2.36964	 10 sampled NNs | VaAcc: 0.6518 +- 0.0229 | VaLoss: 1.2045 +- 0.0980
 41,  0 | TrAcc: 0.8745, TrLoss:  0.63528, VaAcc: 0.7451, VaLoss:  2.34279	 10 sampled NNs | VaAcc: 0.6658 +- 0.0133 | VaLoss: 1.1534 +- 0.0503
 42,  0 | TrAcc: 0.8615, TrLoss:  0.67516, VaAcc: 0.7459, VaLoss:  2.31479	 10 sampled NNs | VaAcc: 0.6587 +- 0.0182 | VaLoss: 1.2045 +- 0.0635
 43,  0 | TrAcc: 0.8745, TrLoss:  0.63652, VaAcc: 0.7259, VaLoss:  2.38614	 10 sampled NNs | VaAcc: 0.6460 +- 0.0225 | VaLoss: 1.2627 +- 0.0964
 44,  0 | TrAcc: 0.8709, TrLoss:  0.64741, VaAcc: 0.7379, VaLoss:  2.36065	 10 sampled NNs | VaAcc: 0.6564 +- 0.0129 | VaLoss: 1.2419 +- 0.0853
 45,  0 | TrAcc: 0.8673, TrLoss:  0.65459, VaAcc: 0.7304, VaLoss:  2.34985	 10 sampled NNs | VaAcc: 0.6510 +- 0.0258 | VaLoss: 1.2383 +- 0.0935
 46,  0 | TrAcc: 0.8583, TrLoss:  0.65680, VaAcc: 0.7366, VaLoss:  2.29793	 10 sampled NNs | VaAcc: 0.6668 +- 0.0145 | VaLoss: 1.1758 +- 0.0556
 47,  0 | TrAcc: 0.8853, TrLoss:  0.59728, VaAcc: 0.7317, VaLoss:  2.35945	 10 sampled NNs | VaAcc: 0.6556 +- 0.0204 | VaLoss: 1.2480 +- 0.0832
 48,  0 | TrAcc: 0.8818, TrLoss:  0.60532, VaAcc: 0.7412, VaLoss:  2.31671	 10 sampled NNs | VaAcc: 0.6533 +- 0.0388 | VaLoss: 1.2917 +- 0.2029
 49,  0 | TrAcc: 0.8631, TrLoss:  0.64898, VaAcc: 0.7474, VaLoss:  2.24019	 10 sampled NNs | VaAcc: 0.6757 +- 0.0082 | VaLoss: 1.1299 +- 0.0707
 50,  0 | TrAcc: 0.8731, TrLoss:  0.61507, VaAcc: 0.7440, VaLoss:  2.24687	 10 sampled NNs | VaAcc: 0.6653 +- 0.0188 | VaLoss: 1.1759 +- 0.0776
 51,  0 | TrAcc: 0.8739, TrLoss:  0.61947, VaAcc: 0.7408, VaLoss:  2.28108	 10 sampled NNs | VaAcc: 0.6706 +- 0.0135 | VaLoss: 1.2038 +- 0.0753
 52,  0 | TrAcc: 0.8792, TrLoss:  0.60245, VaAcc: 0.7377, VaLoss:  2.31060	 10 sampled NNs | VaAcc: 0.6542 +- 0.0148 | VaLoss: 1.2689 +- 0.0856
 53,  0 | TrAcc: 0.8603, TrLoss:  0.65169, VaAcc: 0.7386, VaLoss:  2.27602	 10 sampled NNs | VaAcc: 0.6529 +- 0.0195 | VaLoss: 1.2664 +- 0.0855
 54,  0 | TrAcc: 0.8561, TrLoss:  0.64661, VaAcc: 0.7248, VaLoss:  2.27053	 10 sampled NNs | VaAcc: 0.6441 +- 0.0196 | VaLoss: 1.2484 +- 0.0805
 55,  0 | TrAcc: 0.8833, TrLoss:  0.58627, VaAcc: 0.7339, VaLoss:  2.29381	 10 sampled NNs | VaAcc: 0.6647 +- 0.0185 | VaLoss: 1.2077 +- 0.0695
 56,  0 | TrAcc: 0.8851, TrLoss:  0.57847, VaAcc: 0.7282, VaLoss:  2.26997	 10 sampled NNs | VaAcc: 0.6640 +- 0.0172 | VaLoss: 1.1895 +- 0.0625
 57,  0 | TrAcc: 0.8838, TrLoss:  0.59260, VaAcc: 0.7341, VaLoss:  2.22572	 10 sampled NNs | VaAcc: 0.6776 +- 0.0101 | VaLoss: 1.1662 +- 0.0762
 58,  0 | TrAcc: 0.8717, TrLoss:  0.61959, VaAcc: 0.7390, VaLoss:  2.22617	 10 sampled NNs | VaAcc: 0.6777 +- 0.0234 | VaLoss: 1.1468 +- 0.0798
 59,  0 | TrAcc: 0.8869, TrLoss:  0.56990, VaAcc: 0.7370, VaLoss:  2.25352	 10 sampled NNs | VaAcc: 0.6716 +- 0.0203 | VaLoss: 1.2251 +- 0.0952
 60,  0 | TrAcc: 0.8816, TrLoss:  0.58874, VaAcc: 0.7248, VaLoss:  2.27140	 10 sampled NNs | VaAcc: 0.6513 +- 0.0155 | VaLoss: 1.2318 +- 0.0799
 61,  0 | TrAcc: 0.8714, TrLoss:  0.61391, VaAcc: 0.7315, VaLoss:  2.21314	 10 sampled NNs | VaAcc: 0.6482 +- 0.0228 | VaLoss: 1.2703 +- 0.1285
 62,  0 | TrAcc: 0.8789, TrLoss:  0.59570, VaAcc: 0.7321, VaLoss:  2.25807	 10 sampled NNs | VaAcc: 0.6693 +- 0.0183 | VaLoss: 1.2101 +- 0.0784
 63,  0 | TrAcc: 0.8733, TrLoss:  0.60772, VaAcc: 0.7393, VaLoss:  2.20722	 10 sampled NNs | VaAcc: 0.6598 +- 0.0103 | VaLoss: 1.2344 +- 0.0768
 64,  0 | TrAcc: 0.8857, TrLoss:  0.56978, VaAcc: 0.7343, VaLoss:  2.26959	 10 sampled NNs | VaAcc: 0.6752 +- 0.0097 | VaLoss: 1.2195 +- 0.0517
 65,  0 | TrAcc: 0.8776, TrLoss:  0.58229, VaAcc: 0.7347, VaLoss:  2.23441	 10 sampled NNs | VaAcc: 0.6706 +- 0.0147 | VaLoss: 1.2222 +- 0.0791
 66,  0 | TrAcc: 0.8895, TrLoss:  0.55397, VaAcc: 0.7380, VaLoss:  2.22295	 10 sampled NNs | VaAcc: 0.6660 +- 0.0206 | VaLoss: 1.2762 +- 0.0901
 67,  0 | TrAcc: 0.8794, TrLoss:  0.58759, VaAcc: 0.7375, VaLoss:  2.17610	 10 sampled NNs | VaAcc: 0.6653 +- 0.0248 | VaLoss: 1.1631 +- 0.1000
 68,  0 | TrAcc: 0.8900, TrLoss:  0.54861, VaAcc: 0.7354, VaLoss:  2.22688	 10 sampled NNs | VaAcc: 0.6752 +- 0.0156 | VaLoss: 1.2148 +- 0.0692
 69,  0 | TrAcc: 0.8900, TrLoss:  0.56382, VaAcc: 0.7471, VaLoss:  2.18050	 10 sampled NNs | VaAcc: 0.6804 +- 0.0238 | VaLoss: 1.2070 +- 0.1210
 70,  0 | TrAcc: 0.8871, TrLoss:  0.56994, VaAcc: 0.7272, VaLoss:  2.24428	 10 sampled NNs | VaAcc: 0.6392 +- 0.0317 | VaLoss: 1.3634 +- 0.1545
 71,  0 | TrAcc: 0.8925, TrLoss:  0.55105, VaAcc: 0.7287, VaLoss:  2.23009	 10 sampled NNs | VaAcc: 0.6650 +- 0.0199 | VaLoss: 1.2338 +- 0.0836
 72,  0 | TrAcc: 0.8813, TrLoss:  0.57314, VaAcc: 0.7318, VaLoss:  2.17650	 10 sampled NNs | VaAcc: 0.6596 +- 0.0223 | VaLoss: 1.2186 +- 0.1071
 73,  0 | TrAcc: 0.8733, TrLoss:  0.59319, VaAcc: 0.7164, VaLoss:  2.22384	 10 sampled NNs | VaAcc: 0.6632 +- 0.0191 | VaLoss: 1.1999 +- 0.0663
 74,  0 | TrAcc: 0.8855, TrLoss:  0.56428, VaAcc: 0.7342, VaLoss:  2.19518	 10 sampled NNs | VaAcc: 0.6717 +- 0.0164 | VaLoss: 1.1994 +- 0.0787
 75,  0 | TrAcc: 0.9011, TrLoss:  0.52188, VaAcc: 0.7248, VaLoss:  2.25984	 10 sampled NNs | VaAcc: 0.6529 +- 0.0216 | VaLoss: 1.3397 +- 0.0771
 76,  0 | TrAcc: 0.8940, TrLoss:  0.55153, VaAcc: 0.7394, VaLoss:  2.23311	 10 sampled NNs | VaAcc: 0.6812 +- 0.0208 | VaLoss: 1.2111 +- 0.1126
 77,  0 | TrAcc: 0.9007, TrLoss:  0.52197, VaAcc: 0.7213, VaLoss:  2.22600	 10 sampled NNs | VaAcc: 0.6650 +- 0.0159 | VaLoss: 1.2305 +- 0.0819
 78,  0 | TrAcc: 0.8790, TrLoss:  0.58424, VaAcc: 0.7386, VaLoss:  2.16865	 10 sampled NNs | VaAcc: 0.6838 +- 0.0179 | VaLoss: 1.1637 +- 0.0896
 79,  0 | TrAcc: 0.8935, TrLoss:  0.53286, VaAcc: 0.7352, VaLoss:  2.19164	 10 sampled NNs | VaAcc: 0.6831 +- 0.0103 | VaLoss: 1.1658 +- 0.0643
 80,  0 | TrAcc: 0.8960, TrLoss:  0.53542, VaAcc: 0.7445, VaLoss:  2.14702	 10 sampled NNs | VaAcc: 0.6811 +- 0.0248 | VaLoss: 1.1640 +- 0.0879
 81,  0 | TrAcc: 0.8827, TrLoss:  0.56458, VaAcc: 0.7423, VaLoss:  2.18065	 10 sampled NNs | VaAcc: 0.6805 +- 0.0258 | VaLoss: 1.1716 +- 0.0826
 82,  0 | TrAcc: 0.8768, TrLoss:  0.57130, VaAcc: 0.7378, VaLoss:  2.18901	 10 sampled NNs | VaAcc: 0.6765 +- 0.0132 | VaLoss: 1.2130 +- 0.0979
 83,  0 | TrAcc: 0.9050, TrLoss:  0.50836, VaAcc: 0.7439, VaLoss:  2.19151	 10 sampled NNs | VaAcc: 0.6724 +- 0.0207 | VaLoss: 1.2671 +- 0.1376
 84,  0 | TrAcc: 0.8836, TrLoss:  0.56265, VaAcc: 0.7394, VaLoss:  2.12182	 10 sampled NNs | VaAcc: 0.6812 +- 0.0126 | VaLoss: 1.1496 +- 0.0628
 85,  0 | TrAcc: 0.8814, TrLoss:  0.55244, VaAcc: 0.7287, VaLoss:  2.19134	 10 sampled NNs | VaAcc: 0.6783 +- 0.0157 | VaLoss: 1.2325 +- 0.0544
 86,  0 | TrAcc: 0.8828, TrLoss:  0.56366, VaAcc: 0.7229, VaLoss:  2.25375	 10 sampled NNs | VaAcc: 0.6708 +- 0.0109 | VaLoss: 1.2699 +- 0.0656
 87,  0 | TrAcc: 0.8891, TrLoss:  0.55553, VaAcc: 0.7313, VaLoss:  2.23217	 10 sampled NNs | VaAcc: 0.6887 +- 0.0148 | VaLoss: 1.1681 +- 0.0720
 88,  0 | TrAcc: 0.8961, TrLoss:  0.52435, VaAcc: 0.7368, VaLoss:  2.21954	 10 sampled NNs | VaAcc: 0.6738 +- 0.0184 | VaLoss: 1.2769 +- 0.1033
 89,  0 | TrAcc: 0.8827, TrLoss:  0.55712, VaAcc: 0.7307, VaLoss:  2.17702	 10 sampled NNs | VaAcc: 0.6649 +- 0.0157 | VaLoss: 1.2437 +- 0.1091
 90,  0 | TrAcc: 0.8929, TrLoss:  0.54249, VaAcc: 0.7286, VaLoss:  2.15201	 10 sampled NNs | VaAcc: 0.6722 +- 0.0180 | VaLoss: 1.2171 +- 0.0909
 91,  0 | TrAcc: 0.8857, TrLoss:  0.55256, VaAcc: 0.7320, VaLoss:  2.19253	 10 sampled NNs | VaAcc: 0.6846 +- 0.0100 | VaLoss: 1.1827 +- 0.0638
 92,  0 | TrAcc: 0.8945, TrLoss:  0.52431, VaAcc: 0.7407, VaLoss:  2.13450	 10 sampled NNs | VaAcc: 0.6838 +- 0.0186 | VaLoss: 1.1147 +- 0.0709
 93,  0 | TrAcc: 0.8993, TrLoss:  0.52453, VaAcc: 0.7531, VaLoss:  2.06236	 10 sampled NNs | VaAcc: 0.6912 +- 0.0140 | VaLoss: 1.0745 +- 0.0675
 94,  0 | TrAcc: 0.8963, TrLoss:  0.54171, VaAcc: 0.7409, VaLoss:  2.19304	 10 sampled NNs | VaAcc: 0.6642 +- 0.0191 | VaLoss: 1.2923 +- 0.1010
 95,  0 | TrAcc: 0.8974, TrLoss:  0.53260, VaAcc: 0.7282, VaLoss:  2.18262	 10 sampled NNs | VaAcc: 0.6788 +- 0.0155 | VaLoss: 1.2095 +- 0.0865
 96,  0 | TrAcc: 0.8915, TrLoss:  0.53806, VaAcc: 0.7343, VaLoss:  2.22407	 10 sampled NNs | VaAcc: 0.6692 +- 0.0183 | VaLoss: 1.2904 +- 0.0842
 97,  0 | TrAcc: 0.9064, TrLoss:  0.50236, VaAcc: 0.7497, VaLoss:  2.21769	 10 sampled NNs | VaAcc: 0.6956 +- 0.0116 | VaLoss: 1.2555 +- 0.0838
 98,  0 | TrAcc: 0.8981, TrLoss:  0.52274, VaAcc: 0.7410, VaLoss:  2.15871	 10 sampled NNs | VaAcc: 0.6820 +- 0.0139 | VaLoss: 1.2218 +- 0.1035
 99,  0 | TrAcc: 0.9055, TrLoss:  0.51255, VaAcc: 0.7405, VaLoss:  2.14135	 10 sampled NNs | VaAcc: 0.6745 +- 0.0245 | VaLoss: 1.2422 +- 0.0820
3804.5740299999998
----------------------------
