
=============================
CONFIG FILE

RNN CONFIG
{'data_multiplier': 100.0,
 'gradient_clip_value': 0.5,
 'layer_configs': [{'layer_type': 'input'},
                   {'bc': {'init_m': 'xavier',
                           'init_v': -4.5,
                           'prior_m': 0.0,
                           'prior_v': 0.0,
                           'type': 'continuous'},
                    'bf': {'init_m': 'xavier',
                           'init_v': -4.5,
                           'prior_m': 0.0,
                           'prior_v': 0.0,
                           'type': 'continuous'},
                    'bi': {'init_m': 'xavier',
                           'init_v': -4.5,
                           'prior_m': 0.0,
                           'prior_v': 0.0,
                           'type': 'continuous'},
                    'bo': {'init_m': 'xavier',
                           'init_v': -4.5,
                           'prior_m': 0.0,
                           'prior_v': 0.0,
                           'type': 'continuous'},
                    'init_config': {'c': {'b': 'all_zero', 'w': 'xavier'},
                                    'f': {'b': 'all_one', 'w': 'all_zero'},
                                    'i': {'b': 'all_zero', 'w': 'xavier'},
                                    'o': {'b': 'all_zero', 'w': 'xavier'}},
                    'is_output': False,
                    'is_recurrent': True,
                    'layer_type': 'lstm',
                    'var_scope': 'lstm_0',
                    'wc': {'init_m': 'xavier',
                           'init_v': -4.5,
                           'prior_m': 0.0,
                           'prior_v': 0.0,
                           'type': 'continuous'},
                    'wf': {'init_m': 'xavier',
                           'init_v': -4.5,
                           'prior_m': 0.0,
                           'prior_v': 0.0,
                           'type': 'continuous'},
                    'wi': {'init_m': 'xavier',
                           'init_v': -4.5,
                           'prior_m': 0.0,
                           'prior_v': 0.0,
                           'type': 'continuous'},
                    'wo': {'init_m': 'xavier',
                           'init_v': -4.5,
                           'prior_m': 0.0,
                           'prior_v': 0.0,
                           'type': 'continuous'}},
                   {'bc': {'init_m': 'xavier',
                           'init_v': -4.5,
                           'prior_m': 0.0,
                           'prior_v': 0.0,
                           'type': 'continuous'},
                    'bf': {'init_m': 'xavier',
                           'init_v': -4.5,
                           'prior_m': 0.0,
                           'prior_v': 0.0,
                           'type': 'continuous'},
                    'bi': {'init_m': 'xavier',
                           'init_v': -4.5,
                           'prior_m': 0.0,
                           'prior_v': 0.0,
                           'type': 'continuous'},
                    'bo': {'init_m': 'xavier',
                           'init_v': -4.5,
                           'prior_m': 0.0,
                           'prior_v': 0.0,
                           'type': 'continuous'},
                    'init_config': {'c': {'b': 'all_zero', 'w': 'xavier'},
                                    'f': {'b': 'all_one', 'w': 'all_zero'},
                                    'i': {'b': 'all_zero', 'w': 'xavier'},
                                    'o': {'b': 'all_zero', 'w': 'xavier'}},
                    'is_output': False,
                    'is_recurrent': True,
                    'layer_type': 'lstm',
                    'var_scope': 'lstm_1',
                    'wc': {'init_m': 'xavier',
                           'init_v': -4.5,
                           'prior_m': 0.0,
                           'prior_v': 0.0,
                           'type': 'continuous'},
                    'wf': {'init_m': 'xavier',
                           'init_v': -4.5,
                           'prior_m': 0.0,
                           'prior_v': 0.0,
                           'type': 'continuous'},
                    'wi': {'init_m': 'xavier',
                           'init_v': -4.5,
                           'prior_m': 0.0,
                           'prior_v': 0.0,
                           'type': 'continuous'},
                    'wo': {'init_m': 'xavier',
                           'init_v': -4.5,
                           'prior_m': 0.0,
                           'prior_v': 0.0,
                           'type': 'continuous'}},
                   {'b': {'init_m': 'xavier',
                          'init_v': -4.5,
                          'prior_m': 0.0,
                          'prior_v': 0.0,
                          'type': 'continuous'},
                    'is_output': True,
                    'is_recurrent': False,
                    'layer_type': 'fc',
                    'regularization': {'mode': None, 'strength': 0.02},
                    'var_scope': 'output_layer',
                    'w': {'init_m': 'xavier',
                          'init_v': -4.5,
                          'prior_m': 0.0,
                          'prior_v': 0.0,
                          'type': 'continuous'}}],
 'layout': [4, 60, 60, 10],
 'output_type': 'classification'}

DATA CONFIG
{'dataset': 'red_penstroke',
 'tr': {'in_seq_len': 30,
        'minibatch_enabled': True,
        'minibatch_size': 1000,
        'out_seq_len': 5,
        'zero_padding': 20},
 'va': {'in_seq_len': 30,
        'minibatch_enabled': True,
        'minibatch_size': 1000,
        'out_seq_len': 5,
        'zero_padding': 20}}

TRAINING CONFIG
{'learning_rate': 0.002,
 'max_epochs': 200,
 'mode': {'max_epochs': 100, 'min_error': 0.0, 'name': 'classic'},
 'task_id': 5,
 'type': 'l_sampling',
 'v_loss': 0.0}
==============================


  0,  0 | TrAcc: 0.1554, TrLoss:  2.41663, VaAcc: 0.1237, VaLoss:  2.47976	 10 sampled NNs | VaAcc: 0.1238 +- 0.0023 | VaLoss: 2.4428 +- 0.0029
  1,  0 | TrAcc: 0.5097, TrLoss:  1.34916, VaAcc: 0.5183, VaLoss:  1.34076	 10 sampled NNs | VaAcc: 0.5618 +- 0.0029 | VaLoss: 1.2320 +- 0.0058
  2,  0 | TrAcc: 0.6564, TrLoss:  0.99662, VaAcc: 0.6574, VaLoss:  1.01362	 10 sampled NNs | VaAcc: 0.6894 +- 0.0014 | VaLoss: 0.9102 +- 0.0043
  3,  0 | TrAcc: 0.7005, TrLoss:  0.87532, VaAcc: 0.6965, VaLoss:  0.91494	 10 sampled NNs | VaAcc: 0.7265 +- 0.0022 | VaLoss: 0.8149 +- 0.0062
  4,  0 | TrAcc: 0.7222, TrLoss:  0.80250, VaAcc: 0.7222, VaLoss:  0.83972	 10 sampled NNs | VaAcc: 0.7377 +- 0.0030 | VaLoss: 0.7682 +- 0.0082
  5,  0 | TrAcc: 0.7431, TrLoss:  0.74024, VaAcc: 0.7387, VaLoss:  0.79259	 10 sampled NNs | VaAcc: 0.7550 +- 0.0025 | VaLoss: 0.7232 +- 0.0091
  6,  0 | TrAcc: 0.7570, TrLoss:  0.69381, VaAcc: 0.7449, VaLoss:  0.77662	 10 sampled NNs | VaAcc: 0.7592 +- 0.0024 | VaLoss: 0.7061 +- 0.0059
  7,  0 | TrAcc: 0.7679, TrLoss:  0.66105, VaAcc: 0.7490, VaLoss:  0.76144	 10 sampled NNs | VaAcc: 0.7651 +- 0.0015 | VaLoss: 0.6887 +- 0.0057
  8,  0 | TrAcc: 0.7803, TrLoss:  0.62451, VaAcc: 0.7559, VaLoss:  0.74638	 10 sampled NNs | VaAcc: 0.7686 +- 0.0020 | VaLoss: 0.6818 +- 0.0054
  9,  0 | TrAcc: 0.7900, TrLoss:  0.58894, VaAcc: 0.7603, VaLoss:  0.74064	 10 sampled NNs | VaAcc: 0.7677 +- 0.0017 | VaLoss: 0.6922 +- 0.0072
 10,  0 | TrAcc: 0.7985, TrLoss:  0.56944, VaAcc: 0.7658, VaLoss:  0.71975	 10 sampled NNs | VaAcc: 0.7730 +- 0.0015 | VaLoss: 0.6703 +- 0.0050
 11,  0 | TrAcc: 0.8067, TrLoss:  0.54282, VaAcc: 0.7658, VaLoss:  0.73426	 10 sampled NNs | VaAcc: 0.7729 +- 0.0028 | VaLoss: 0.6870 +- 0.0102
 12,  0 | TrAcc: 0.8124, TrLoss:  0.52799, VaAcc: 0.7741, VaLoss:  0.72494	 10 sampled NNs | VaAcc: 0.7778 +- 0.0025 | VaLoss: 0.6921 +- 0.0078
 13,  0 | TrAcc: 0.8188, TrLoss:  0.50377, VaAcc: 0.7671, VaLoss:  0.73492	 10 sampled NNs | VaAcc: 0.7716 +- 0.0021 | VaLoss: 0.6981 +- 0.0064
 14,  0 | TrAcc: 0.8262, TrLoss:  0.48448, VaAcc: 0.7615, VaLoss:  0.76091	 10 sampled NNs | VaAcc: 0.7700 +- 0.0017 | VaLoss: 0.7173 +- 0.0056
 15,  0 | TrAcc: 0.8330, TrLoss:  0.46590, VaAcc: 0.7626, VaLoss:  0.76157	 10 sampled NNs | VaAcc: 0.7725 +- 0.0015 | VaLoss: 0.7127 +- 0.0060
 16,  0 | TrAcc: 0.8367, TrLoss:  0.45206, VaAcc: 0.7613, VaLoss:  0.77589	 10 sampled NNs | VaAcc: 0.7676 +- 0.0029 | VaLoss: 0.7410 +- 0.0073
 17,  0 | TrAcc: 0.8426, TrLoss:  0.43579, VaAcc: 0.7644, VaLoss:  0.77244	 10 sampled NNs | VaAcc: 0.7632 +- 0.0050 | VaLoss: 0.7578 +- 0.0116
 18,  0 | TrAcc: 0.8464, TrLoss:  0.42316, VaAcc: 0.7650, VaLoss:  0.78601	 10 sampled NNs | VaAcc: 0.7593 +- 0.0048 | VaLoss: 0.7808 +- 0.0141
 19,  0 | TrAcc: 0.8525, TrLoss:  0.40744, VaAcc: 0.7610, VaLoss:  0.82166	 10 sampled NNs | VaAcc: 0.7476 +- 0.0071 | VaLoss: 0.8201 +- 0.0217
 20,  0 | TrAcc: 0.8573, TrLoss:  0.39357, VaAcc: 0.7567, VaLoss:  0.84187	 10 sampled NNs | VaAcc: 0.7296 +- 0.0067 | VaLoss: 0.8850 +- 0.0244
 21,  0 | TrAcc: 0.8646, TrLoss:  0.37276, VaAcc: 0.7652, VaLoss:  0.83663	 10 sampled NNs | VaAcc: 0.7030 +- 0.0186 | VaLoss: 0.9853 +- 0.0667
 22,  0 | TrAcc: 0.8680, TrLoss:  0.36316, VaAcc: 0.7586, VaLoss:  0.84112	 10 sampled NNs | VaAcc: 0.6466 +- 0.0220 | VaLoss: 1.1635 +- 0.0756
 23,  0 | TrAcc: 0.8718, TrLoss:  0.35130, VaAcc: 0.7560, VaLoss:  0.86577	 10 sampled NNs | VaAcc: 0.6230 +- 0.0209 | VaLoss: 1.2779 +- 0.1075
 24,  0 | TrAcc: 0.8755, TrLoss:  0.34035, VaAcc: 0.7575, VaLoss:  0.88823	 10 sampled NNs | VaAcc: 0.5845 +- 0.0154 | VaLoss: 1.4572 +- 0.0932
 25,  0 | TrAcc: 0.8809, TrLoss:  0.32603, VaAcc: 0.7556, VaLoss:  0.90980	 10 sampled NNs | VaAcc: 0.5369 +- 0.0424 | VaLoss: 1.6757 +- 0.2014
 26,  0 | TrAcc: 0.8851, TrLoss:  0.31478, VaAcc: 0.7526, VaLoss:  0.93659	 10 sampled NNs | VaAcc: 0.5094 +- 0.0356 | VaLoss: 1.7997 +- 0.1580
 27,  0 | TrAcc: 0.8855, TrLoss:  0.31032, VaAcc: 0.7598, VaLoss:  0.92477	 10 sampled NNs | VaAcc: 0.4824 +- 0.0401 | VaLoss: 1.9482 +- 0.2589
 28,  0 | TrAcc: 0.8900, TrLoss:  0.29967, VaAcc: 0.7538, VaLoss:  0.96578	 10 sampled NNs | VaAcc: 0.4569 +- 0.0222 | VaLoss: 2.1273 +- 0.1996
 29,  0 | TrAcc: 0.8947, TrLoss:  0.28764, VaAcc: 0.7551, VaLoss:  0.99081	 10 sampled NNs | VaAcc: 0.4642 +- 0.0224 | VaLoss: 2.1409 +- 0.1394
 30,  0 | TrAcc: 0.8986, TrLoss:  0.27915, VaAcc: 0.7493, VaLoss:  1.01363	 10 sampled NNs | VaAcc: 0.4145 +- 0.0316 | VaLoss: 2.3868 +- 0.2505
 31,  0 | TrAcc: 0.9012, TrLoss:  0.26836, VaAcc: 0.7498, VaLoss:  1.03345	 10 sampled NNs | VaAcc: 0.4479 +- 0.0343 | VaLoss: 2.1927 +- 0.2442
 32,  0 | TrAcc: 0.9069, TrLoss:  0.25698, VaAcc: 0.7463, VaLoss:  1.06260	 10 sampled NNs | VaAcc: 0.4074 +- 0.0463 | VaLoss: 2.5491 +- 0.3110
 33,  0 | TrAcc: 0.9073, TrLoss:  0.25589, VaAcc: 0.7448, VaLoss:  1.07444	 10 sampled NNs | VaAcc: 0.4431 +- 0.0348 | VaLoss: 2.3574 +- 0.3390
 34,  0 | TrAcc: 0.9111, TrLoss:  0.24445, VaAcc: 0.7390, VaLoss:  1.10786	 10 sampled NNs | VaAcc: 0.4247 +- 0.0448 | VaLoss: 2.4392 +- 0.2893
 35,  0 | TrAcc: 0.9133, TrLoss:  0.23830, VaAcc: 0.7444, VaLoss:  1.12337	 10 sampled NNs | VaAcc: 0.4209 +- 0.0306 | VaLoss: 2.4981 +- 0.1693
 36,  0 | TrAcc: 0.9172, TrLoss:  0.22864, VaAcc: 0.7405, VaLoss:  1.16076	 10 sampled NNs | VaAcc: 0.4156 +- 0.0191 | VaLoss: 2.5621 +- 0.1637
 37,  0 | TrAcc: 0.9183, TrLoss:  0.22621, VaAcc: 0.7385, VaLoss:  1.17070	 10 sampled NNs | VaAcc: 0.4243 +- 0.0334 | VaLoss: 2.6034 +- 0.2650
 38,  0 | TrAcc: 0.9205, TrLoss:  0.22188, VaAcc: 0.7408, VaLoss:  1.19367	 10 sampled NNs | VaAcc: 0.4410 +- 0.0373 | VaLoss: 2.4745 +- 0.2331
 39,  0 | TrAcc: 0.9245, TrLoss:  0.21087, VaAcc: 0.7397, VaLoss:  1.18296	 10 sampled NNs | VaAcc: 0.4292 +- 0.0327 | VaLoss: 2.5977 +- 0.1716
 40,  0 | TrAcc: 0.9243, TrLoss:  0.21003, VaAcc: 0.7409, VaLoss:  1.22091	 10 sampled NNs | VaAcc: 0.4151 +- 0.0430 | VaLoss: 2.7327 +- 0.4011
 41,  0 | TrAcc: 0.9287, TrLoss:  0.19962, VaAcc: 0.7454, VaLoss:  1.24275	 10 sampled NNs | VaAcc: 0.4250 +- 0.0227 | VaLoss: 2.6762 +- 0.2464
 42,  0 | TrAcc: 0.9290, TrLoss:  0.19883, VaAcc: 0.7384, VaLoss:  1.28545	 10 sampled NNs | VaAcc: 0.4123 +- 0.0358 | VaLoss: 2.8871 +- 0.3775
 43,  0 | TrAcc: 0.9300, TrLoss:  0.19628, VaAcc: 0.7352, VaLoss:  1.32584	 10 sampled NNs | VaAcc: 0.4174 +- 0.0489 | VaLoss: 2.7937 +- 0.3048
 44,  0 | TrAcc: 0.9333, TrLoss:  0.18692, VaAcc: 0.7332, VaLoss:  1.34383	 10 sampled NNs | VaAcc: 0.4199 +- 0.0412 | VaLoss: 2.8815 +- 0.2804
 45,  0 | TrAcc: 0.9307, TrLoss:  0.19357, VaAcc: 0.7261, VaLoss:  1.39875	 10 sampled NNs | VaAcc: 0.4194 +- 0.0223 | VaLoss: 2.9726 +- 0.2324
 46,  0 | TrAcc: 0.9338, TrLoss:  0.18587, VaAcc: 0.7346, VaLoss:  1.35834	 10 sampled NNs | VaAcc: 0.4264 +- 0.0240 | VaLoss: 2.9336 +- 0.1934
 47,  0 | TrAcc: 0.9357, TrLoss:  0.17883, VaAcc: 0.7282, VaLoss:  1.40831	 10 sampled NNs | VaAcc: 0.4373 +- 0.0376 | VaLoss: 2.8364 +- 0.2937
 48,  0 | TrAcc: 0.9326, TrLoss:  0.18878, VaAcc: 0.7343, VaLoss:  1.43218	 10 sampled NNs | VaAcc: 0.4124 +- 0.0284 | VaLoss: 3.1220 +- 0.3346
 49,  0 | TrAcc: 0.9382, TrLoss:  0.17238, VaAcc: 0.7279, VaLoss:  1.45792	 10 sampled NNs | VaAcc: 0.4222 +- 0.0278 | VaLoss: 2.9976 +- 0.2548
 50,  0 | TrAcc: 0.9401, TrLoss:  0.16874, VaAcc: 0.7289, VaLoss:  1.46994	 10 sampled NNs | VaAcc: 0.4172 +- 0.0238 | VaLoss: 2.9973 +- 0.2322
 51,  0 | TrAcc: 0.9416, TrLoss:  0.16434, VaAcc: 0.7281, VaLoss:  1.46895	 10 sampled NNs | VaAcc: 0.4257 +- 0.0258 | VaLoss: 3.1846 +- 0.1164
 52,  0 | TrAcc: 0.9444, TrLoss:  0.15668, VaAcc: 0.7287, VaLoss:  1.50670	 10 sampled NNs | VaAcc: 0.4378 +- 0.0200 | VaLoss: 3.0521 +- 0.2230
 53,  0 | TrAcc: 0.9395, TrLoss:  0.17065, VaAcc: 0.7284, VaLoss:  1.53258	 10 sampled NNs | VaAcc: 0.4171 +- 0.0343 | VaLoss: 3.1414 +- 0.2737
 54,  0 | TrAcc: 0.9459, TrLoss:  0.15375, VaAcc: 0.7257, VaLoss:  1.57258	 10 sampled NNs | VaAcc: 0.4209 +- 0.0240 | VaLoss: 3.1397 +- 0.1520
 55,  0 | TrAcc: 0.9433, TrLoss:  0.16118, VaAcc: 0.7225, VaLoss:  1.57347	 10 sampled NNs | VaAcc: 0.4202 +- 0.0364 | VaLoss: 3.0936 +- 0.2951
 56,  0 | TrAcc: 0.9455, TrLoss:  0.15311, VaAcc: 0.7265, VaLoss:  1.55922	 10 sampled NNs | VaAcc: 0.4061 +- 0.0254 | VaLoss: 3.2336 +- 0.2858
 57,  0 | TrAcc: 0.9495, TrLoss:  0.14427, VaAcc: 0.7200, VaLoss:  1.65121	 10 sampled NNs | VaAcc: 0.4139 +- 0.0270 | VaLoss: 3.2941 +- 0.2624
 58,  0 | TrAcc: 0.9488, TrLoss:  0.14516, VaAcc: 0.7207, VaLoss:  1.66849	 10 sampled NNs | VaAcc: 0.4298 +- 0.0122 | VaLoss: 3.2315 +- 0.1152
 59,  0 | TrAcc: 0.9492, TrLoss:  0.14538, VaAcc: 0.7232, VaLoss:  1.62464	 10 sampled NNs | VaAcc: 0.4269 +- 0.0229 | VaLoss: 3.3555 +- 0.2587
 60,  0 | TrAcc: 0.9503, TrLoss:  0.14044, VaAcc: 0.7271, VaLoss:  1.64711	 10 sampled NNs | VaAcc: 0.4407 +- 0.0321 | VaLoss: 3.1972 +- 0.2754
 61,  0 | TrAcc: 0.9504, TrLoss:  0.14025, VaAcc: 0.7167, VaLoss:  1.73276	 10 sampled NNs | VaAcc: 0.4218 +- 0.0400 | VaLoss: 3.4886 +- 0.4558
 62,  0 | TrAcc: 0.9477, TrLoss:  0.14738, VaAcc: 0.7198, VaLoss:  1.70049	 10 sampled NNs | VaAcc: 0.4231 +- 0.0285 | VaLoss: 3.3919 +- 0.2649
 63,  0 | TrAcc: 0.9524, TrLoss:  0.13571, VaAcc: 0.7232, VaLoss:  1.75211	 10 sampled NNs | VaAcc: 0.4412 +- 0.0243 | VaLoss: 3.2240 +- 0.1657
 64,  0 | TrAcc: 0.9532, TrLoss:  0.13206, VaAcc: 0.7232, VaLoss:  1.72091	 10 sampled NNs | VaAcc: 0.4274 +- 0.0257 | VaLoss: 3.3689 +- 0.2754
 65,  0 | TrAcc: 0.9519, TrLoss:  0.13711, VaAcc: 0.7183, VaLoss:  1.79121	 10 sampled NNs | VaAcc: 0.4219 +- 0.0185 | VaLoss: 3.6035 +- 0.2198
 66,  0 | TrAcc: 0.9560, TrLoss:  0.12559, VaAcc: 0.7226, VaLoss:  1.78475	 10 sampled NNs | VaAcc: 0.4294 +- 0.0255 | VaLoss: 3.5215 +- 0.3807
 67,  0 | TrAcc: 0.9551, TrLoss:  0.12828, VaAcc: 0.7164, VaLoss:  1.75870	 10 sampled NNs | VaAcc: 0.4373 +- 0.0164 | VaLoss: 3.4887 +- 0.2764
 68,  0 | TrAcc: 0.9557, TrLoss:  0.12738, VaAcc: 0.7175, VaLoss:  1.86331	 10 sampled NNs | VaAcc: 0.4386 +- 0.0243 | VaLoss: 3.4045 +- 0.2300
 69,  0 | TrAcc: 0.9512, TrLoss:  0.14172, VaAcc: 0.7163, VaLoss:  1.79938	 10 sampled NNs | VaAcc: 0.4224 +- 0.0425 | VaLoss: 3.5593 +- 0.3473
 70,  0 | TrAcc: 0.9548, TrLoss:  0.12945, VaAcc: 0.7174, VaLoss:  1.80064	 10 sampled NNs | VaAcc: 0.4421 +- 0.0134 | VaLoss: 3.3539 +- 0.1882
 71,  0 | TrAcc: 0.9580, TrLoss:  0.12108, VaAcc: 0.7253, VaLoss:  1.81381	 10 sampled NNs | VaAcc: 0.4161 +- 0.0400 | VaLoss: 3.7078 +- 0.4233
 72,  0 | TrAcc: 0.9590, TrLoss:  0.11844, VaAcc: 0.7165, VaLoss:  1.87028	 10 sampled NNs | VaAcc: 0.4283 +- 0.0182 | VaLoss: 3.6654 +- 0.3072
 73,  0 | TrAcc: 0.9586, TrLoss:  0.11949, VaAcc: 0.7197, VaLoss:  1.90424	 10 sampled NNs | VaAcc: 0.4209 +- 0.0405 | VaLoss: 3.7014 +- 0.5531
 74,  0 | TrAcc: 0.9584, TrLoss:  0.11945, VaAcc: 0.7190, VaLoss:  1.92435	 10 sampled NNs | VaAcc: 0.4200 +- 0.0290 | VaLoss: 3.7679 +- 0.3475
 75,  0 | TrAcc: 0.9600, TrLoss:  0.11509, VaAcc: 0.7146, VaLoss:  1.94260	 10 sampled NNs | VaAcc: 0.4278 +- 0.0322 | VaLoss: 3.7690 +- 0.3561
 76,  0 | TrAcc: 0.9600, TrLoss:  0.11495, VaAcc: 0.7142, VaLoss:  1.95678	 10 sampled NNs | VaAcc: 0.4305 +- 0.0358 | VaLoss: 3.6361 +- 0.4002
 77,  0 | TrAcc: 0.9509, TrLoss:  0.13924, VaAcc: 0.7119, VaLoss:  1.92314	 10 sampled NNs | VaAcc: 0.4236 +- 0.0280 | VaLoss: 3.5950 +- 0.2908
 78,  0 | TrAcc: 0.9599, TrLoss:  0.11608, VaAcc: 0.7141, VaLoss:  1.93645	 10 sampled NNs | VaAcc: 0.4237 +- 0.0235 | VaLoss: 3.8339 +- 0.3290
 79,  0 | TrAcc: 0.9611, TrLoss:  0.11135, VaAcc: 0.7114, VaLoss:  2.01233	 10 sampled NNs | VaAcc: 0.4437 +- 0.0258 | VaLoss: 3.6392 +- 0.2992
 80,  0 | TrAcc: 0.9615, TrLoss:  0.11067, VaAcc: 0.7194, VaLoss:  1.97995	 10 sampled NNs | VaAcc: 0.4239 +- 0.0183 | VaLoss: 3.7155 +- 0.2542
 81,  0 | TrAcc: 0.9611, TrLoss:  0.11161, VaAcc: 0.7105, VaLoss:  2.10869	 10 sampled NNs | VaAcc: 0.4104 +- 0.0317 | VaLoss: 4.0691 +- 0.4835
 82,  0 | TrAcc: 0.9604, TrLoss:  0.11336, VaAcc: 0.7165, VaLoss:  2.01099	 10 sampled NNs | VaAcc: 0.4312 +- 0.0362 | VaLoss: 3.6432 +- 0.3220
 83,  0 | TrAcc: 0.9600, TrLoss:  0.11458, VaAcc: 0.7131, VaLoss:  2.03164	 10 sampled NNs | VaAcc: 0.4222 +- 0.0232 | VaLoss: 3.8883 +- 0.2961
 84,  0 | TrAcc: 0.9597, TrLoss:  0.11593, VaAcc: 0.7102, VaLoss:  2.09524	 10 sampled NNs | VaAcc: 0.4432 +- 0.0285 | VaLoss: 3.6216 +- 0.3132
 85,  0 | TrAcc: 0.9631, TrLoss:  0.10607, VaAcc: 0.7160, VaLoss:  2.04399	 10 sampled NNs | VaAcc: 0.4277 +- 0.0338 | VaLoss: 3.8498 +- 0.4405
 86,  0 | TrAcc: 0.9627, TrLoss:  0.10745, VaAcc: 0.7133, VaLoss:  2.10572	 10 sampled NNs | VaAcc: 0.4306 +- 0.0314 | VaLoss: 3.8609 +- 0.3503
 87,  0 | TrAcc: 0.9636, TrLoss:  0.10578, VaAcc: 0.7060, VaLoss:  2.12134	 10 sampled NNs | VaAcc: 0.4247 +- 0.0293 | VaLoss: 3.8191 +- 0.3398
 88,  0 | TrAcc: 0.9626, TrLoss:  0.10823, VaAcc: 0.7109, VaLoss:  2.08849	 10 sampled NNs | VaAcc: 0.4290 +- 0.0208 | VaLoss: 3.8830 +- 0.3094
 89,  0 | TrAcc: 0.9627, TrLoss:  0.10747, VaAcc: 0.7067, VaLoss:  2.15224	 10 sampled NNs | VaAcc: 0.4143 +- 0.0420 | VaLoss: 3.9705 +- 0.4968
 90,  0 | TrAcc: 0.9532, TrLoss:  0.13655, VaAcc: 0.7194, VaLoss:  1.98499	 10 sampled NNs | VaAcc: 0.4093 +- 0.0373 | VaLoss: 4.0513 +- 0.3702
 91,  0 | TrAcc: 0.9569, TrLoss:  0.12505, VaAcc: 0.7130, VaLoss:  2.09040	 10 sampled NNs | VaAcc: 0.4283 +- 0.0364 | VaLoss: 3.8597 +- 0.3672
 92,  0 | TrAcc: 0.9638, TrLoss:  0.10470, VaAcc: 0.7119, VaLoss:  2.10877	 10 sampled NNs | VaAcc: 0.4302 +- 0.0205 | VaLoss: 3.8735 +- 0.3671
 93,  0 | TrAcc: 0.9655, TrLoss:  0.09907, VaAcc: 0.7128, VaLoss:  2.14372	 10 sampled NNs | VaAcc: 0.4228 +- 0.0204 | VaLoss: 3.9865 +- 0.2910
 94,  0 | TrAcc: 0.9661, TrLoss:  0.09784, VaAcc: 0.7104, VaLoss:  2.18338	 10 sampled NNs | VaAcc: 0.4250 +- 0.0214 | VaLoss: 4.0252 +- 0.2745
 95,  0 | TrAcc: 0.9657, TrLoss:  0.09946, VaAcc: 0.7119, VaLoss:  2.20739	 10 sampled NNs | VaAcc: 0.4370 +- 0.0304 | VaLoss: 4.0829 +- 0.4209
 96,  0 | TrAcc: 0.9643, TrLoss:  0.10424, VaAcc: 0.7138, VaLoss:  2.18715	 10 sampled NNs | VaAcc: 0.4244 +- 0.0147 | VaLoss: 3.9959 +- 0.2174
 97,  0 | TrAcc: 0.9645, TrLoss:  0.10179, VaAcc: 0.7051, VaLoss:  2.27931	 10 sampled NNs | VaAcc: 0.4285 +- 0.0302 | VaLoss: 4.1746 +- 0.4112
 98,  0 | TrAcc: 0.9650, TrLoss:  0.10116, VaAcc: 0.7088, VaLoss:  2.21722	 10 sampled NNs | VaAcc: 0.4371 +- 0.0387 | VaLoss: 4.0257 +- 0.2844
 99,  0 | TrAcc: 0.9598, TrLoss:  0.11307, VaAcc: 0.7050, VaLoss:  2.24995	 10 sampled NNs | VaAcc: 0.4355 +- 0.0174 | VaLoss: 3.9624 +- 0.1799
----------------------------
