

config:

HOME=/clusterFS/home/student/kopp13
PATH=/clusterFS/home/student/kopp13/miniconda3/envs/tensorflow/bin:/clusterFS/home/student/kopp13/miniconda3/bin:/clusterFS/home/student/kopp13/bin:/usr/local/bin:/usr/bin:/bin:/usr/local/games:/usr/games
LD_LIBRARY_PATH=
THEANO_FLAGS=floatX=float32,gpuarray.preallocate=0.9,dnn.library_path=/usr/lib/x86_64-linux-gnu,cxx=clang++-3.8,device=cuda,base_compiledir=/tmp/tmp.BGtI6I3STB

=============================
CONFIG FILE

RNN CONFIG
{'data_multiplier': 1000.0,
 'gradient_clip_value': 0.5,
 'layer_configs': [{'layer_type': 'input'},
                   {'bc': {'init_m': 'xavier',
                           'init_v': -4.5,
                           'prior_m': 0.0,
                           'prior_v': 0.0,
                           'type': 'continuous'},
                    'bf': {'init_m': 'xavier',
                           'init_v': -4.5,
                           'prior_m': 0.0,
                           'prior_v': 0.0,
                           'type': 'continuous'},
                    'bi': {'init_m': 'xavier',
                           'init_v': -4.5,
                           'prior_m': 0.0,
                           'prior_v': 0.0,
                           'type': 'continuous'},
                    'bo': {'init_m': 'xavier',
                           'init_v': -4.5,
                           'prior_m': 0.0,
                           'prior_v': 0.0,
                           'type': 'continuous'},
                    'init_config': {'c': {'b': 'all_zero', 'w': 'xavier'},
                                    'f': {'b': 'all_one', 'w': 'all_zero'},
                                    'i': {'b': 'all_zero', 'w': 'xavier'},
                                    'o': {'b': 'all_zero', 'w': 'xavier'}},
                    'is_output': False,
                    'is_recurrent': True,
                    'layer_type': 'lstm',
                    'tau': 0.2,
                    'var_scope': 'lstm_0',
                    'wc': {'p0max': 0.95,
                           'p0min': 0.05,
                           'pmax': 0.99,
                           'pmin': 0.01,
                           'priors': [0.2, 0.6, 0.2],
                           'type': 'ternary'},
                    'wf': {'p0max': 0.95,
                           'p0min': 0.05,
                           'pmax': 0.99,
                           'pmin': 0.01,
                           'priors': [0.2, 0.6, 0.2],
                           'type': 'ternary'},
                    'wi': {'p0max': 0.95,
                           'p0min': 0.05,
                           'pmax': 0.99,
                           'pmin': 0.01,
                           'priors': [0.2, 0.6, 0.2],
                           'type': 'ternary'},
                    'wo': {'p0max': 0.95,
                           'p0min': 0.05,
                           'pmax': 0.99,
                           'pmin': 0.01,
                           'priors': [0.2, 0.6, 0.2],
                           'type': 'ternary'}},
                   {'bc': {'init_m': 'xavier',
                           'init_v': -4.5,
                           'prior_m': 0.0,
                           'prior_v': 0.0,
                           'type': 'continuous'},
                    'bf': {'init_m': 'xavier',
                           'init_v': -4.5,
                           'prior_m': 0.0,
                           'prior_v': 0.0,
                           'type': 'continuous'},
                    'bi': {'init_m': 'xavier',
                           'init_v': -4.5,
                           'prior_m': 0.0,
                           'prior_v': 0.0,
                           'type': 'continuous'},
                    'bo': {'init_m': 'xavier',
                           'init_v': -4.5,
                           'prior_m': 0.0,
                           'prior_v': 0.0,
                           'type': 'continuous'},
                    'init_config': {'c': {'b': 'all_zero', 'w': 'xavier'},
                                    'f': {'b': 'all_one', 'w': 'all_zero'},
                                    'i': {'b': 'all_zero', 'w': 'xavier'},
                                    'o': {'b': 'all_zero', 'w': 'xavier'}},
                    'is_output': False,
                    'is_recurrent': True,
                    'layer_type': 'lstm',
                    'tau': 0.2,
                    'var_scope': 'lstm_1',
                    'wc': {'p0max': 0.95,
                           'p0min': 0.05,
                           'pmax': 0.99,
                           'pmin': 0.01,
                           'priors': [0.2, 0.6, 0.2],
                           'type': 'ternary'},
                    'wf': {'p0max': 0.95,
                           'p0min': 0.05,
                           'pmax': 0.99,
                           'pmin': 0.01,
                           'priors': [0.2, 0.6, 0.2],
                           'type': 'ternary'},
                    'wi': {'p0max': 0.95,
                           'p0min': 0.05,
                           'pmax': 0.99,
                           'pmin': 0.01,
                           'priors': [0.2, 0.6, 0.2],
                           'type': 'ternary'},
                    'wo': {'p0max': 0.95,
                           'p0min': 0.05,
                           'pmax': 0.99,
                           'pmin': 0.01,
                           'priors': [0.2, 0.6, 0.2],
                           'type': 'ternary'}},
                   {'b': {'init_m': 'xavier',
                          'init_v': -4.5,
                          'prior_m': 0.0,
                          'prior_v': 0.0,
                          'type': 'continuous'},
                    'is_output': True,
                    'is_recurrent': False,
                    'layer_type': 'fc',
                    'regularization': {'mode': None, 'strength': 0.02},
                    'tau': 0.2,
                    'var_scope': 'output_layer',
                    'w': {'p0max': 0.95,
                          'p0min': 0.05,
                          'pmax': 0.99,
                          'pmin': 0.01,
                          'priors': [0.2, 0.6, 0.2],
                          'type': 'ternary'}}],
 'layout': [4, 60, 60, 10],
 'output_type': 'classification'}

DATA CONFIG
{'dataset': 'red_penstroke',
 'tr': {'in_seq_len': 30,
        'minibatch_enabled': True,
        'minibatch_size': 200,
        'out_seq_len': 5,
        'zero_padding': 20},
 'va': {'in_seq_len': 30,
        'minibatch_enabled': True,
        'minibatch_size': 200,
        'out_seq_len': 5,
        'zero_padding': 20}}

TRAINING CONFIG
{'beta_reg': 0.0,
 'is_pretrain': False,
 'learning_rate': 0.002,
 'mode': {'max_epochs': 300, 'min_error': 0.0, 'name': 'classic'},
 'task_id': 0,
 'type': 'g_sampling',
 'var_reg': 0.01}
==============================


  0,  0 | TrAcc: 0.0985, TrLoss:  3.91954, VaAcc: 0.0957, VaLoss:  3.97818	 20 sampled NNs | VaAcc: 0.1036 +- 0.0291 | VaLoss: 3.9194 +- 0.5470
  1,  0 | TrAcc: 0.1515, TrLoss:  2.31203, VaAcc: 0.1239, VaLoss:  2.34114	 20 sampled NNs | VaAcc: 0.1265 +- 0.0243 | VaLoss: 2.3886 +- 0.0895
  2,  0 | TrAcc: 0.1411, TrLoss:  2.29701, VaAcc: 0.1268, VaLoss:  2.30087	 20 sampled NNs | VaAcc: 0.1222 +- 0.0142 | VaLoss: 2.3306 +- 0.0374
  3,  0 | TrAcc: 0.1463, TrLoss:  2.27249, VaAcc: 0.1222, VaLoss:  2.31558	 20 sampled NNs | VaAcc: 0.1256 +- 0.0205 | VaLoss: 2.3398 +- 0.0450
  4,  0 | TrAcc: 0.1406, TrLoss:  2.27381, VaAcc: 0.1160, VaLoss:  2.28574	 20 sampled NNs | VaAcc: 0.1180 +- 0.0184 | VaLoss: 2.2868 +- 0.0190
  5,  0 | TrAcc: 0.1254, TrLoss:  2.26732, VaAcc: 0.1131, VaLoss:  2.26788	 20 sampled NNs | VaAcc: 0.1102 +- 0.0283 | VaLoss: 2.2801 +- 0.0305
  6,  0 | TrAcc: 0.1389, TrLoss:  2.26179, VaAcc: 0.1228, VaLoss:  2.29050	 20 sampled NNs | VaAcc: 0.1190 +- 0.0193 | VaLoss: 2.2998 +- 0.0178
  7,  0 | TrAcc: 0.1529, TrLoss:  2.24961, VaAcc: 0.1222, VaLoss:  2.26751	 20 sampled NNs | VaAcc: 0.1238 +- 0.0131 | VaLoss: 2.2751 +- 0.0141
  8,  0 | TrAcc: 0.1416, TrLoss:  2.26969, VaAcc: 0.1227, VaLoss:  2.28078	 20 sampled NNs | VaAcc: 0.1267 +- 0.0184 | VaLoss: 2.2745 +- 0.0162
  9,  0 | TrAcc: 0.1764, TrLoss:  2.23524, VaAcc: 0.1229, VaLoss:  2.29943	 20 sampled NNs | VaAcc: 0.1232 +- 0.0010 | VaLoss: 2.3055 +- 0.0213
 10,  0 | TrAcc: 0.1653, TrLoss:  2.21943, VaAcc: 0.1248, VaLoss:  2.24039	 20 sampled NNs | VaAcc: 0.1337 +- 0.0160 | VaLoss: 2.2461 +- 0.0221
 11,  0 | TrAcc: 0.1557, TrLoss:  2.20358, VaAcc: 0.1456, VaLoss:  2.19798	 20 sampled NNs | VaAcc: 0.1482 +- 0.0215 | VaLoss: 2.2102 +- 0.0256
 12,  0 | TrAcc: 0.1649, TrLoss:  2.20742, VaAcc: 0.1224, VaLoss:  2.22858	 20 sampled NNs | VaAcc: 0.1218 +- 0.0123 | VaLoss: 2.2301 +- 0.0262
 13,  0 | TrAcc: 0.1744, TrLoss:  2.16882, VaAcc: 0.1413, VaLoss:  2.19020	 20 sampled NNs | VaAcc: 0.1343 +- 0.0167 | VaLoss: 2.2158 +- 0.0542
 14,  0 | TrAcc: 0.1703, TrLoss:  2.14724, VaAcc: 0.1501, VaLoss:  2.17043	 20 sampled NNs | VaAcc: 0.1487 +- 0.0202 | VaLoss: 2.1913 +- 0.0255
 15,  0 | TrAcc: 0.1943, TrLoss:  2.09845, VaAcc: 0.1648, VaLoss:  2.14849	 20 sampled NNs | VaAcc: 0.1618 +- 0.0333 | VaLoss: 2.1663 +- 0.0418
 16,  0 | TrAcc: 0.1920, TrLoss:  2.12731, VaAcc: 0.1772, VaLoss:  2.13220	 20 sampled NNs | VaAcc: 0.1618 +- 0.0262 | VaLoss: 2.1706 +- 0.0629
 17,  0 | TrAcc: 0.2444, TrLoss:  2.06135, VaAcc: 0.2174, VaLoss:  2.08550	 20 sampled NNs | VaAcc: 0.2063 +- 0.0305 | VaLoss: 2.1013 +- 0.0485
 18,  0 | TrAcc: 0.2418, TrLoss:  2.02441, VaAcc: 0.2324, VaLoss:  2.03378	 20 sampled NNs | VaAcc: 0.2089 +- 0.0403 | VaLoss: 2.0626 +- 0.0525
 19,  0 | TrAcc: 0.2686, TrLoss:  1.94934, VaAcc: 0.2585, VaLoss:  2.00996	 20 sampled NNs | VaAcc: 0.2420 +- 0.0343 | VaLoss: 2.0326 +- 0.0593
 20,  0 | TrAcc: 0.2642, TrLoss:  1.92929, VaAcc: 0.2683, VaLoss:  1.94608	 20 sampled NNs | VaAcc: 0.2457 +- 0.0393 | VaLoss: 1.9815 +- 0.0629
 21,  0 | TrAcc: 0.2785, TrLoss:  1.86044, VaAcc: 0.2554, VaLoss:  1.93891	 20 sampled NNs | VaAcc: 0.2534 +- 0.0259 | VaLoss: 1.9614 +- 0.0500
 22,  0 | TrAcc: 0.2897, TrLoss:  1.87297, VaAcc: 0.2926, VaLoss:  1.89065	 20 sampled NNs | VaAcc: 0.2643 +- 0.0394 | VaLoss: 1.9329 +- 0.0536
 23,  0 | TrAcc: 0.3127, TrLoss:  1.81128, VaAcc: 0.3093, VaLoss:  1.87047	 20 sampled NNs | VaAcc: 0.2948 +- 0.0344 | VaLoss: 1.9102 +- 0.0726
 24,  0 | TrAcc: 0.3110, TrLoss:  1.81890, VaAcc: 0.3257, VaLoss:  1.85400	 20 sampled NNs | VaAcc: 0.2993 +- 0.0315 | VaLoss: 1.8959 +- 0.0654
 25,  0 | TrAcc: 0.3134, TrLoss:  1.80365, VaAcc: 0.3324, VaLoss:  1.82186	 20 sampled NNs | VaAcc: 0.3016 +- 0.0380 | VaLoss: 1.8574 +- 0.0701
 26,  0 | TrAcc: 0.3298, TrLoss:  1.76218, VaAcc: 0.3535, VaLoss:  1.79694	 20 sampled NNs | VaAcc: 0.3349 +- 0.0349 | VaLoss: 1.8218 +- 0.0433
 27,  0 | TrAcc: 0.3402, TrLoss:  1.73043, VaAcc: 0.3584, VaLoss:  1.78099	 20 sampled NNs | VaAcc: 0.3441 +- 0.0409 | VaLoss: 1.7980 +- 0.0676
 28,  0 | TrAcc: 0.3736, TrLoss:  1.66961, VaAcc: 0.3832, VaLoss:  1.73625	 20 sampled NNs | VaAcc: 0.3639 +- 0.0314 | VaLoss: 1.7799 +- 0.0755
 29,  0 | TrAcc: 0.3759, TrLoss:  1.67458, VaAcc: 0.3643, VaLoss:  1.72793	 20 sampled NNs | VaAcc: 0.3492 +- 0.0372 | VaLoss: 1.7711 +- 0.0649
 30,  0 | TrAcc: 0.3861, TrLoss:  1.63468, VaAcc: 0.3568, VaLoss:  1.73795	 20 sampled NNs | VaAcc: 0.3319 +- 0.0305 | VaLoss: 1.7785 +- 0.0524
 31,  0 | TrAcc: 0.3956, TrLoss:  1.62661, VaAcc: 0.4041, VaLoss:  1.67240	 20 sampled NNs | VaAcc: 0.3846 +- 0.0319 | VaLoss: 1.6946 +- 0.0494
 32,  0 | TrAcc: 0.3932, TrLoss:  1.61207, VaAcc: 0.4167, VaLoss:  1.64960	 20 sampled NNs | VaAcc: 0.3949 +- 0.0373 | VaLoss: 1.6871 +- 0.0766
 33,  0 | TrAcc: 0.4108, TrLoss:  1.60317, VaAcc: 0.4247, VaLoss:  1.62646	 20 sampled NNs | VaAcc: 0.4300 +- 0.0231 | VaLoss: 1.6471 +- 0.0373
 34,  0 | TrAcc: 0.4086, TrLoss:  1.58974, VaAcc: 0.4142, VaLoss:  1.61233	 20 sampled NNs | VaAcc: 0.4049 +- 0.0384 | VaLoss: 1.6366 +- 0.0614
 35,  0 | TrAcc: 0.4331, TrLoss:  1.51110, VaAcc: 0.4137, VaLoss:  1.62367	 20 sampled NNs | VaAcc: 0.3977 +- 0.0289 | VaLoss: 1.6559 +- 0.0697
 36,  0 | TrAcc: 0.4403, TrLoss:  1.50429, VaAcc: 0.4418, VaLoss:  1.55908	 20 sampled NNs | VaAcc: 0.4212 +- 0.0438 | VaLoss: 1.5759 +- 0.0543
 37,  0 | TrAcc: 0.4314, TrLoss:  1.50164, VaAcc: 0.4357, VaLoss:  1.55453	 20 sampled NNs | VaAcc: 0.4063 +- 0.0311 | VaLoss: 1.6127 +- 0.0486
 38,  0 | TrAcc: 0.4440, TrLoss:  1.47859, VaAcc: 0.4399, VaLoss:  1.54153	 20 sampled NNs | VaAcc: 0.4365 +- 0.0320 | VaLoss: 1.5581 +- 0.0459
 39,  0 | TrAcc: 0.4453, TrLoss:  1.47398, VaAcc: 0.4410, VaLoss:  1.53140	 20 sampled NNs | VaAcc: 0.4260 +- 0.0295 | VaLoss: 1.5620 +- 0.0498
 40,  0 | TrAcc: 0.4488, TrLoss:  1.49628, VaAcc: 0.4578, VaLoss:  1.51590	 20 sampled NNs | VaAcc: 0.4583 +- 0.0353 | VaLoss: 1.5256 +- 0.0673
 41,  0 | TrAcc: 0.4855, TrLoss:  1.38833, VaAcc: 0.4422, VaLoss:  1.53312	 20 sampled NNs | VaAcc: 0.4293 +- 0.0360 | VaLoss: 1.5490 +- 0.0523
 42,  0 | TrAcc: 0.4729, TrLoss:  1.43132, VaAcc: 0.4719, VaLoss:  1.47806	 20 sampled NNs | VaAcc: 0.4731 +- 0.0207 | VaLoss: 1.4909 +- 0.0317
 43,  0 | TrAcc: 0.4889, TrLoss:  1.38922, VaAcc: 0.4817, VaLoss:  1.45167	 20 sampled NNs | VaAcc: 0.4619 +- 0.0216 | VaLoss: 1.4872 +- 0.0592
 44,  0 | TrAcc: 0.4921, TrLoss:  1.39578, VaAcc: 0.4611, VaLoss:  1.47733	 20 sampled NNs | VaAcc: 0.4485 +- 0.0211 | VaLoss: 1.5201 +- 0.0417
 45,  0 | TrAcc: 0.4991, TrLoss:  1.37856, VaAcc: 0.4821, VaLoss:  1.47509	 20 sampled NNs | VaAcc: 0.4644 +- 0.0228 | VaLoss: 1.4924 +- 0.0396
 46,  0 | TrAcc: 0.4812, TrLoss:  1.41480, VaAcc: 0.4764, VaLoss:  1.43837	 20 sampled NNs | VaAcc: 0.4550 +- 0.0360 | VaLoss: 1.4699 +- 0.0575
 47,  0 | TrAcc: 0.5046, TrLoss:  1.35535, VaAcc: 0.4981, VaLoss:  1.40928	 20 sampled NNs | VaAcc: 0.4791 +- 0.0503 | VaLoss: 1.4531 +- 0.0768
 48,  0 | TrAcc: 0.4889, TrLoss:  1.39605, VaAcc: 0.4752, VaLoss:  1.41548	 20 sampled NNs | VaAcc: 0.4480 +- 0.0364 | VaLoss: 1.4728 +- 0.0788
 49,  0 | TrAcc: 0.4911, TrLoss:  1.34117, VaAcc: 0.5076, VaLoss:  1.37570	 20 sampled NNs | VaAcc: 0.4939 +- 0.0257 | VaLoss: 1.3996 +- 0.0368
 50,  0 | TrAcc: 0.5099, TrLoss:  1.35659, VaAcc: 0.5118, VaLoss:  1.36464	 20 sampled NNs | VaAcc: 0.5050 +- 0.0175 | VaLoss: 1.3921 +- 0.0502
 51,  0 | TrAcc: 0.5293, TrLoss:  1.27287, VaAcc: 0.5034, VaLoss:  1.37699	 20 sampled NNs | VaAcc: 0.4885 +- 0.0284 | VaLoss: 1.3960 +- 0.0515
 52,  0 | TrAcc: 0.5188, TrLoss:  1.31740, VaAcc: 0.4925, VaLoss:  1.36691	 20 sampled NNs | VaAcc: 0.4728 +- 0.0391 | VaLoss: 1.3974 +- 0.0784
 53,  0 | TrAcc: 0.5334, TrLoss:  1.30241, VaAcc: 0.5132, VaLoss:  1.37860	 20 sampled NNs | VaAcc: 0.4936 +- 0.0409 | VaLoss: 1.4225 +- 0.1041
 54,  0 | TrAcc: 0.5271, TrLoss:  1.31643, VaAcc: 0.5062, VaLoss:  1.35585	 20 sampled NNs | VaAcc: 0.4835 +- 0.0267 | VaLoss: 1.3990 +- 0.0461
 55,  0 | TrAcc: 0.5489, TrLoss:  1.27990, VaAcc: 0.5143, VaLoss:  1.33763	 20 sampled NNs | VaAcc: 0.4934 +- 0.0181 | VaLoss: 1.3815 +- 0.0396
 56,  0 | TrAcc: 0.5472, TrLoss:  1.25108, VaAcc: 0.5236, VaLoss:  1.33626	 20 sampled NNs | VaAcc: 0.5059 +- 0.0241 | VaLoss: 1.3867 +- 0.0547
 57,  0 | TrAcc: 0.5296, TrLoss:  1.29121, VaAcc: 0.5304, VaLoss:  1.33365	 20 sampled NNs | VaAcc: 0.5279 +- 0.0310 | VaLoss: 1.3437 +- 0.0442
 58,  0 | TrAcc: 0.5479, TrLoss:  1.24668, VaAcc: 0.5241, VaLoss:  1.34106	 20 sampled NNs | VaAcc: 0.5128 +- 0.0207 | VaLoss: 1.3613 +- 0.0467
 59,  0 | TrAcc: 0.5439, TrLoss:  1.26527, VaAcc: 0.5349, VaLoss:  1.31030	 20 sampled NNs | VaAcc: 0.5226 +- 0.0245 | VaLoss: 1.3362 +- 0.0652
 60,  0 | TrAcc: 0.5630, TrLoss:  1.20229, VaAcc: 0.5372, VaLoss:  1.32094	 20 sampled NNs | VaAcc: 0.5161 +- 0.0243 | VaLoss: 1.3646 +- 0.0514
 61,  0 | TrAcc: 0.5583, TrLoss:  1.20617, VaAcc: 0.5441, VaLoss:  1.29603	 20 sampled NNs | VaAcc: 0.5290 +- 0.0346 | VaLoss: 1.3385 +- 0.0715
 62,  0 | TrAcc: 0.5736, TrLoss:  1.20436, VaAcc: 0.5492, VaLoss:  1.30160	 20 sampled NNs | VaAcc: 0.5312 +- 0.0309 | VaLoss: 1.3299 +- 0.0476
 63,  0 | TrAcc: 0.5772, TrLoss:  1.17567, VaAcc: 0.5411, VaLoss:  1.29132	 20 sampled NNs | VaAcc: 0.5243 +- 0.0250 | VaLoss: 1.3592 +- 0.0660
 64,  0 | TrAcc: 0.5680, TrLoss:  1.21886, VaAcc: 0.5490, VaLoss:  1.27945	 20 sampled NNs | VaAcc: 0.5244 +- 0.0333 | VaLoss: 1.3396 +- 0.0828
 65,  0 | TrAcc: 0.5933, TrLoss:  1.12586, VaAcc: 0.5707, VaLoss:  1.25340	 20 sampled NNs | VaAcc: 0.5581 +- 0.0204 | VaLoss: 1.2828 +- 0.0629
 66,  0 | TrAcc: 0.5927, TrLoss:  1.15086, VaAcc: 0.5622, VaLoss:  1.29676	 20 sampled NNs | VaAcc: 0.5481 +- 0.0252 | VaLoss: 1.3258 +- 0.0466
 67,  0 | TrAcc: 0.5984, TrLoss:  1.14698, VaAcc: 0.5612, VaLoss:  1.24488	 20 sampled NNs | VaAcc: 0.5525 +- 0.0258 | VaLoss: 1.2652 +- 0.0370
 68,  0 | TrAcc: 0.5897, TrLoss:  1.17976, VaAcc: 0.5589, VaLoss:  1.24873	 20 sampled NNs | VaAcc: 0.5326 +- 0.0270 | VaLoss: 1.3231 +- 0.0667
 69,  0 | TrAcc: 0.5934, TrLoss:  1.14599, VaAcc: 0.5689, VaLoss:  1.24135	 20 sampled NNs | VaAcc: 0.5575 +- 0.0238 | VaLoss: 1.2541 +- 0.0563
 70,  0 | TrAcc: 0.5925, TrLoss:  1.13968, VaAcc: 0.5724, VaLoss:  1.22391	 20 sampled NNs | VaAcc: 0.5554 +- 0.0213 | VaLoss: 1.2624 +- 0.0455
 71,  0 | TrAcc: 0.6024, TrLoss:  1.15739, VaAcc: 0.5806, VaLoss:  1.23342	 20 sampled NNs | VaAcc: 0.5661 +- 0.0230 | VaLoss: 1.2559 +- 0.0437
 72,  0 | TrAcc: 0.6005, TrLoss:  1.15138, VaAcc: 0.5648, VaLoss:  1.22641	 20 sampled NNs | VaAcc: 0.5516 +- 0.0277 | VaLoss: 1.2657 +- 0.0553
 73,  0 | TrAcc: 0.6098, TrLoss:  1.08633, VaAcc: 0.5714, VaLoss:  1.23731	 20 sampled NNs | VaAcc: 0.5554 +- 0.0206 | VaLoss: 1.2667 +- 0.0505
 74,  0 | TrAcc: 0.6216, TrLoss:  1.06517, VaAcc: 0.5863, VaLoss:  1.21130	 20 sampled NNs | VaAcc: 0.5784 +- 0.0250 | VaLoss: 1.2389 +- 0.0564
 75,  0 | TrAcc: 0.6247, TrLoss:  1.05534, VaAcc: 0.5829, VaLoss:  1.25924	 20 sampled NNs | VaAcc: 0.5690 +- 0.0209 | VaLoss: 1.2892 +- 0.0510
 76,  0 | TrAcc: 0.5998, TrLoss:  1.14310, VaAcc: 0.5894, VaLoss:  1.19773	 20 sampled NNs | VaAcc: 0.5759 +- 0.0195 | VaLoss: 1.2204 +- 0.0444
 77,  0 | TrAcc: 0.6442, TrLoss:  1.01120, VaAcc: 0.5820, VaLoss:  1.23252	 20 sampled NNs | VaAcc: 0.5762 +- 0.0263 | VaLoss: 1.2346 +- 0.0519
 78,  0 | TrAcc: 0.6228, TrLoss:  1.03177, VaAcc: 0.5912, VaLoss:  1.19274	 20 sampled NNs | VaAcc: 0.5742 +- 0.0224 | VaLoss: 1.2218 +- 0.0469
 79,  0 | TrAcc: 0.6266, TrLoss:  1.07116, VaAcc: 0.5939, VaLoss:  1.19688	 20 sampled NNs | VaAcc: 0.5775 +- 0.0268 | VaLoss: 1.2387 +- 0.0488
 80,  0 | TrAcc: 0.6042, TrLoss:  1.14801, VaAcc: 0.6079, VaLoss:  1.18354	 20 sampled NNs | VaAcc: 0.5838 +- 0.0172 | VaLoss: 1.2182 +- 0.0494
 81,  0 | TrAcc: 0.6380, TrLoss:  1.02215, VaAcc: 0.6052, VaLoss:  1.16545	 20 sampled NNs | VaAcc: 0.5968 +- 0.0182 | VaLoss: 1.1783 +- 0.0417
 82,  0 | TrAcc: 0.6382, TrLoss:  1.02375, VaAcc: 0.6006, VaLoss:  1.19215	 20 sampled NNs | VaAcc: 0.5885 +- 0.0264 | VaLoss: 1.2283 +- 0.0469
 83,  0 | TrAcc: 0.6405, TrLoss:  1.03227, VaAcc: 0.6041, VaLoss:  1.15847	 20 sampled NNs | VaAcc: 0.5960 +- 0.0170 | VaLoss: 1.1766 +- 0.0399
 84,  0 | TrAcc: 0.6241, TrLoss:  1.04312, VaAcc: 0.6103, VaLoss:  1.17413	 20 sampled NNs | VaAcc: 0.5996 +- 0.0213 | VaLoss: 1.1888 +- 0.0414
 85,  0 | TrAcc: 0.6586, TrLoss:  0.99245, VaAcc: 0.5899, VaLoss:  1.15560	 20 sampled NNs | VaAcc: 0.5812 +- 0.0166 | VaLoss: 1.1885 +- 0.0512
 86,  0 | TrAcc: 0.6610, TrLoss:  0.97489, VaAcc: 0.6096, VaLoss:  1.15006	 20 sampled NNs | VaAcc: 0.5977 +- 0.0254 | VaLoss: 1.1739 +- 0.0576
 87,  0 | TrAcc: 0.6234, TrLoss:  1.07461, VaAcc: 0.6196, VaLoss:  1.13546	 20 sampled NNs | VaAcc: 0.6022 +- 0.0255 | VaLoss: 1.1718 +- 0.0490
 88,  0 | TrAcc: 0.6523, TrLoss:  0.99917, VaAcc: 0.6264, VaLoss:  1.11257	 20 sampled NNs | VaAcc: 0.6093 +- 0.0160 | VaLoss: 1.1514 +- 0.0485
 89,  0 | TrAcc: 0.6280, TrLoss:  1.03049, VaAcc: 0.6089, VaLoss:  1.13426	 20 sampled NNs | VaAcc: 0.5951 +- 0.0244 | VaLoss: 1.1609 +- 0.0476
 90,  0 | TrAcc: 0.6597, TrLoss:  0.98682, VaAcc: 0.6200, VaLoss:  1.15790	 20 sampled NNs | VaAcc: 0.6031 +- 0.0201 | VaLoss: 1.1928 +- 0.0439
 91,  0 | TrAcc: 0.6622, TrLoss:  0.96635, VaAcc: 0.6280, VaLoss:  1.11256	 20 sampled NNs | VaAcc: 0.6154 +- 0.0200 | VaLoss: 1.1376 +- 0.0361
 92,  0 | TrAcc: 0.6573, TrLoss:  0.99698, VaAcc: 0.6301, VaLoss:  1.08582	 20 sampled NNs | VaAcc: 0.6223 +- 0.0181 | VaLoss: 1.1178 +- 0.0596
 93,  0 | TrAcc: 0.6732, TrLoss:  0.94666, VaAcc: 0.6072, VaLoss:  1.13443	 20 sampled NNs | VaAcc: 0.6008 +- 0.0198 | VaLoss: 1.1455 +- 0.0439
 94,  0 | TrAcc: 0.6492, TrLoss:  1.00606, VaAcc: 0.6294, VaLoss:  1.08786	 20 sampled NNs | VaAcc: 0.6168 +- 0.0186 | VaLoss: 1.1180 +- 0.0282
 95,  0 | TrAcc: 0.6389, TrLoss:  1.00630, VaAcc: 0.6104, VaLoss:  1.11539	 20 sampled NNs | VaAcc: 0.6022 +- 0.0245 | VaLoss: 1.1455 +- 0.0443
 96,  0 | TrAcc: 0.6357, TrLoss:  1.02396, VaAcc: 0.6211, VaLoss:  1.08997	 20 sampled NNs | VaAcc: 0.6122 +- 0.0276 | VaLoss: 1.1077 +- 0.0636
 97,  0 | TrAcc: 0.6697, TrLoss:  0.95355, VaAcc: 0.6102, VaLoss:  1.10552	 20 sampled NNs | VaAcc: 0.5868 +- 0.0256 | VaLoss: 1.1612 +- 0.0541
 98,  0 | TrAcc: 0.6734, TrLoss:  0.93321, VaAcc: 0.6411, VaLoss:  1.04012	 20 sampled NNs | VaAcc: 0.6325 +- 0.0169 | VaLoss: 1.0701 +- 0.0595
 99,  0 | TrAcc: 0.6784, TrLoss:  0.94954, VaAcc: 0.6309, VaLoss:  1.06649	 20 sampled NNs | VaAcc: 0.6192 +- 0.0167 | VaLoss: 1.0966 +- 0.0419
100,  0 | TrAcc: 0.6766, TrLoss:  0.93045, VaAcc: 0.6436, VaLoss:  1.05580	 20 sampled NNs | VaAcc: 0.6381 +- 0.0155 | VaLoss: 1.0695 +- 0.0340
101,  0 | TrAcc: 0.6654, TrLoss:  0.95025, VaAcc: 0.6318, VaLoss:  1.08814	 20 sampled NNs | VaAcc: 0.6263 +- 0.0138 | VaLoss: 1.0923 +- 0.0417
102,  0 | TrAcc: 0.6851, TrLoss:  0.89752, VaAcc: 0.6437, VaLoss:  1.08744	 20 sampled NNs | VaAcc: 0.6284 +- 0.0174 | VaLoss: 1.1260 +- 0.0498
103,  0 | TrAcc: 0.6697, TrLoss:  0.94281, VaAcc: 0.6326, VaLoss:  1.08153	 20 sampled NNs | VaAcc: 0.6229 +- 0.0178 | VaLoss: 1.0994 +- 0.0484
104,  0 | TrAcc: 0.6798, TrLoss:  0.92548, VaAcc: 0.6427, VaLoss:  1.04570	 20 sampled NNs | VaAcc: 0.6324 +- 0.0229 | VaLoss: 1.0774 +- 0.0424
105,  0 | TrAcc: 0.6905, TrLoss:  0.90544, VaAcc: 0.6411, VaLoss:  1.07211	 20 sampled NNs | VaAcc: 0.6341 +- 0.0207 | VaLoss: 1.0892 +- 0.0475
106,  0 | TrAcc: 0.6637, TrLoss:  0.96988, VaAcc: 0.6501, VaLoss:  1.03667	 20 sampled NNs | VaAcc: 0.6333 +- 0.0206 | VaLoss: 1.0638 +- 0.0535
107,  0 | TrAcc: 0.6716, TrLoss:  0.95249, VaAcc: 0.6588, VaLoss:  1.03933	 20 sampled NNs | VaAcc: 0.6486 +- 0.0165 | VaLoss: 1.0637 +- 0.0372
108,  0 | TrAcc: 0.7019, TrLoss:  0.86477, VaAcc: 0.6701, VaLoss:  1.01297	 20 sampled NNs | VaAcc: 0.6576 +- 0.0378 | VaLoss: 1.0430 +- 0.0931
109,  0 | TrAcc: 0.6834, TrLoss:  0.92141, VaAcc: 0.6530, VaLoss:  1.03109	 20 sampled NNs | VaAcc: 0.6491 +- 0.0170 | VaLoss: 1.0428 +- 0.0448
110,  0 | TrAcc: 0.6752, TrLoss:  0.91894, VaAcc: 0.6504, VaLoss:  1.06059	 20 sampled NNs | VaAcc: 0.6418 +- 0.0241 | VaLoss: 1.0814 +- 0.0459
111,  0 | TrAcc: 0.6780, TrLoss:  0.91665, VaAcc: 0.6631, VaLoss:  0.98410	 20 sampled NNs | VaAcc: 0.6529 +- 0.0217 | VaLoss: 1.0103 +- 0.0473
112,  0 | TrAcc: 0.6977, TrLoss:  0.86611, VaAcc: 0.6469, VaLoss:  1.01598	 20 sampled NNs | VaAcc: 0.6363 +- 0.0191 | VaLoss: 1.0280 +- 0.0418
113,  0 | TrAcc: 0.6472, TrLoss:  1.00256, VaAcc: 0.6462, VaLoss:  1.01799	 20 sampled NNs | VaAcc: 0.6455 +- 0.0186 | VaLoss: 1.0217 +- 0.0332
114,  0 | TrAcc: 0.6868, TrLoss:  0.88946, VaAcc: 0.6677, VaLoss:  1.00957	 20 sampled NNs | VaAcc: 0.6538 +- 0.0177 | VaLoss: 1.0351 +- 0.0389
115,  0 | TrAcc: 0.6797, TrLoss:  0.94437, VaAcc: 0.6553, VaLoss:  1.02001	 20 sampled NNs | VaAcc: 0.6520 +- 0.0209 | VaLoss: 1.0374 +- 0.0551
116,  0 | TrAcc: 0.6940, TrLoss:  0.88961, VaAcc: 0.6562, VaLoss:  0.99426	 20 sampled NNs | VaAcc: 0.6499 +- 0.0192 | VaLoss: 1.0217 +- 0.0403
117,  0 | TrAcc: 0.6874, TrLoss:  0.88768, VaAcc: 0.6661, VaLoss:  1.03619	 20 sampled NNs | VaAcc: 0.6635 +- 0.0138 | VaLoss: 1.0446 +- 0.0404
118,  0 | TrAcc: 0.6843, TrLoss:  0.91483, VaAcc: 0.6750, VaLoss:  0.98458	 20 sampled NNs | VaAcc: 0.6580 +- 0.0268 | VaLoss: 1.0273 +- 0.0633
119,  0 | TrAcc: 0.6828, TrLoss:  0.89982, VaAcc: 0.6536, VaLoss:  0.98948	 20 sampled NNs | VaAcc: 0.6559 +- 0.0229 | VaLoss: 0.9957 +- 0.0379
120,  0 | TrAcc: 0.7183, TrLoss:  0.83165, VaAcc: 0.6643, VaLoss:  0.98159	 20 sampled NNs | VaAcc: 0.6503 +- 0.0180 | VaLoss: 1.0165 +- 0.0394
121,  0 | TrAcc: 0.6630, TrLoss:  0.96409, VaAcc: 0.6610, VaLoss:  0.97776	 20 sampled NNs | VaAcc: 0.6528 +- 0.0135 | VaLoss: 0.9913 +- 0.0365
122,  0 | TrAcc: 0.6857, TrLoss:  0.91613, VaAcc: 0.6719, VaLoss:  0.95224	 20 sampled NNs | VaAcc: 0.6649 +- 0.0195 | VaLoss: 0.9677 +- 0.0382
123,  0 | TrAcc: 0.7239, TrLoss:  0.81143, VaAcc: 0.6726, VaLoss:  1.03405	 20 sampled NNs | VaAcc: 0.6637 +- 0.0171 | VaLoss: 1.0463 +- 0.0402
124,  0 | TrAcc: 0.6846, TrLoss:  0.90216, VaAcc: 0.6704, VaLoss:  0.99595	 20 sampled NNs | VaAcc: 0.6687 +- 0.0183 | VaLoss: 0.9960 +- 0.0347
125,  0 | TrAcc: 0.6796, TrLoss:  0.89757, VaAcc: 0.6876, VaLoss:  0.96701	 20 sampled NNs | VaAcc: 0.6707 +- 0.0211 | VaLoss: 0.9929 +- 0.0403
126,  0 | TrAcc: 0.7145, TrLoss:  0.83856, VaAcc: 0.6739, VaLoss:  1.00275	 20 sampled NNs | VaAcc: 0.6657 +- 0.0185 | VaLoss: 1.0261 +- 0.0461
127,  0 | TrAcc: 0.7137, TrLoss:  0.82482, VaAcc: 0.6818, VaLoss:  0.98482	 20 sampled NNs | VaAcc: 0.6784 +- 0.0179 | VaLoss: 0.9951 +- 0.0326
128,  0 | TrAcc: 0.6991, TrLoss:  0.87530, VaAcc: 0.6874, VaLoss:  0.96261	 20 sampled NNs | VaAcc: 0.6815 +- 0.0140 | VaLoss: 0.9718 +- 0.0302
129,  0 | TrAcc: 0.7209, TrLoss:  0.79884, VaAcc: 0.6673, VaLoss:  0.97444	 20 sampled NNs | VaAcc: 0.6546 +- 0.0161 | VaLoss: 1.0058 +- 0.0473
130,  0 | TrAcc: 0.7194, TrLoss:  0.81185, VaAcc: 0.6821, VaLoss:  0.97683	 20 sampled NNs | VaAcc: 0.6739 +- 0.0178 | VaLoss: 0.9958 +- 0.0351
131,  0 | TrAcc: 0.7247, TrLoss:  0.79318, VaAcc: 0.6801, VaLoss:  0.98091	 20 sampled NNs | VaAcc: 0.6722 +- 0.0151 | VaLoss: 0.9941 +- 0.0356
132,  0 | TrAcc: 0.7268, TrLoss:  0.78275, VaAcc: 0.6786, VaLoss:  0.96998	 20 sampled NNs | VaAcc: 0.6619 +- 0.0205 | VaLoss: 1.0026 +- 0.0367
133,  0 | TrAcc: 0.7091, TrLoss:  0.85099, VaAcc: 0.6729, VaLoss:  0.97743	 20 sampled NNs | VaAcc: 0.6664 +- 0.0173 | VaLoss: 0.9978 +- 0.0370
134,  0 | TrAcc: 0.7105, TrLoss:  0.82001, VaAcc: 0.6632, VaLoss:  0.99171	 20 sampled NNs | VaAcc: 0.6607 +- 0.0137 | VaLoss: 1.0080 +- 0.0300
135,  0 | TrAcc: 0.7187, TrLoss:  0.81065, VaAcc: 0.6583, VaLoss:  0.96199	 20 sampled NNs | VaAcc: 0.6543 +- 0.0160 | VaLoss: 0.9723 +- 0.0326
136,  0 | TrAcc: 0.6988, TrLoss:  0.82973, VaAcc: 0.6905, VaLoss:  0.95377	 20 sampled NNs | VaAcc: 0.6754 +- 0.0203 | VaLoss: 0.9819 +- 0.0424
137,  0 | TrAcc: 0.7036, TrLoss:  0.84739, VaAcc: 0.6825, VaLoss:  0.99791	 20 sampled NNs | VaAcc: 0.6790 +- 0.0158 | VaLoss: 1.0077 +- 0.0369
138,  0 | TrAcc: 0.7107, TrLoss:  0.81961, VaAcc: 0.6672, VaLoss:  0.99281	 20 sampled NNs | VaAcc: 0.6552 +- 0.0184 | VaLoss: 1.0159 +- 0.0386
139,  0 | TrAcc: 0.7195, TrLoss:  0.82638, VaAcc: 0.6828, VaLoss:  0.96854	 20 sampled NNs | VaAcc: 0.6765 +- 0.0158 | VaLoss: 0.9867 +- 0.0345
140,  0 | TrAcc: 0.7093, TrLoss:  0.82609, VaAcc: 0.6654, VaLoss:  0.98696	 20 sampled NNs | VaAcc: 0.6617 +- 0.0167 | VaLoss: 1.0055 +- 0.0392
141,  0 | TrAcc: 0.7072, TrLoss:  0.85828, VaAcc: 0.6776, VaLoss:  0.94729	 20 sampled NNs | VaAcc: 0.6748 +- 0.0213 | VaLoss: 0.9583 +- 0.0481
142,  0 | TrAcc: 0.7441, TrLoss:  0.71889, VaAcc: 0.7021, VaLoss:  0.93961	 20 sampled NNs | VaAcc: 0.6891 +- 0.0172 | VaLoss: 0.9628 +- 0.0421
143,  0 | TrAcc: 0.6945, TrLoss:  0.86975, VaAcc: 0.6771, VaLoss:  0.93414	 20 sampled NNs | VaAcc: 0.6706 +- 0.0168 | VaLoss: 0.9486 +- 0.0286
144,  0 | TrAcc: 0.7158, TrLoss:  0.80552, VaAcc: 0.6823, VaLoss:  0.97069	 20 sampled NNs | VaAcc: 0.6771 +- 0.0181 | VaLoss: 0.9943 +- 0.0473
145,  0 | TrAcc: 0.7210, TrLoss:  0.82320, VaAcc: 0.6677, VaLoss:  0.99517	 20 sampled NNs | VaAcc: 0.6565 +- 0.0158 | VaLoss: 1.0048 +- 0.0443
146,  0 | TrAcc: 0.7154, TrLoss:  0.78791, VaAcc: 0.6776, VaLoss:  0.99389	 20 sampled NNs | VaAcc: 0.6750 +- 0.0211 | VaLoss: 0.9979 +- 0.0375
147,  0 | TrAcc: 0.7310, TrLoss:  0.80915, VaAcc: 0.6959, VaLoss:  0.92772	 20 sampled NNs | VaAcc: 0.6843 +- 0.0163 | VaLoss: 0.9535 +- 0.0423
148,  0 | TrAcc: 0.7324, TrLoss:  0.79854, VaAcc: 0.7006, VaLoss:  0.94230	 20 sampled NNs | VaAcc: 0.6950 +- 0.0123 | VaLoss: 0.9599 +- 0.0316
149,  0 | TrAcc: 0.7144, TrLoss:  0.81208, VaAcc: 0.6901, VaLoss:  0.92455	 20 sampled NNs | VaAcc: 0.6799 +- 0.0213 | VaLoss: 0.9446 +- 0.0388
150,  0 | TrAcc: 0.7184, TrLoss:  0.80411, VaAcc: 0.6851, VaLoss:  0.96834	 20 sampled NNs | VaAcc: 0.6786 +- 0.0161 | VaLoss: 0.9882 +- 0.0362
151,  0 | TrAcc: 0.7058, TrLoss:  0.81932, VaAcc: 0.6747, VaLoss:  0.98940	 20 sampled NNs | VaAcc: 0.6679 +- 0.0129 | VaLoss: 1.0088 +- 0.0300
152,  0 | TrAcc: 0.7278, TrLoss:  0.79426, VaAcc: 0.7119, VaLoss:  0.91545	 20 sampled NNs | VaAcc: 0.7034 +- 0.0131 | VaLoss: 0.9331 +- 0.0406
153,  0 | TrAcc: 0.7383, TrLoss:  0.75011, VaAcc: 0.6995, VaLoss:  0.94783	 20 sampled NNs | VaAcc: 0.6970 +- 0.0125 | VaLoss: 0.9441 +- 0.0304
154,  0 | TrAcc: 0.7276, TrLoss:  0.81144, VaAcc: 0.6876, VaLoss:  0.95504	 20 sampled NNs | VaAcc: 0.6843 +- 0.0140 | VaLoss: 0.9685 +- 0.0339
155,  0 | TrAcc: 0.7330, TrLoss:  0.76267, VaAcc: 0.6930, VaLoss:  0.94983	 20 sampled NNs | VaAcc: 0.6853 +- 0.0159 | VaLoss: 0.9656 +- 0.0407
156,  0 | TrAcc: 0.7305, TrLoss:  0.77304, VaAcc: 0.6860, VaLoss:  0.95056	 20 sampled NNs | VaAcc: 0.6876 +- 0.0160 | VaLoss: 0.9640 +- 0.0447
157,  0 | TrAcc: 0.7277, TrLoss:  0.77342, VaAcc: 0.6747, VaLoss:  0.99610	 20 sampled NNs | VaAcc: 0.6711 +- 0.0203 | VaLoss: 1.0032 +- 0.0371
158,  0 | TrAcc: 0.7299, TrLoss:  0.81000, VaAcc: 0.7010, VaLoss:  0.90721	 20 sampled NNs | VaAcc: 0.6948 +- 0.0118 | VaLoss: 0.9205 +- 0.0221
159,  0 | TrAcc: 0.7258, TrLoss:  0.79782, VaAcc: 0.7051, VaLoss:  0.89830	 20 sampled NNs | VaAcc: 0.6984 +- 0.0262 | VaLoss: 0.9180 +- 0.0622
160,  0 | TrAcc: 0.7254, TrLoss:  0.78349, VaAcc: 0.6852, VaLoss:  0.93873	 20 sampled NNs | VaAcc: 0.6774 +- 0.0151 | VaLoss: 0.9588 +- 0.0302
161,  0 | TrAcc: 0.7309, TrLoss:  0.78235, VaAcc: 0.7111, VaLoss:  0.90548	 20 sampled NNs | VaAcc: 0.7068 +- 0.0123 | VaLoss: 0.9178 +- 0.0305
162,  0 | TrAcc: 0.7339, TrLoss:  0.75579, VaAcc: 0.7073, VaLoss:  0.90715	 20 sampled NNs | VaAcc: 0.7013 +- 0.0157 | VaLoss: 0.9211 +- 0.0318
163,  0 | TrAcc: 0.7223, TrLoss:  0.82651, VaAcc: 0.6934, VaLoss:  0.92598	 20 sampled NNs | VaAcc: 0.6916 +- 0.0138 | VaLoss: 0.9248 +- 0.0255
164,  0 | TrAcc: 0.7308, TrLoss:  0.76801, VaAcc: 0.6915, VaLoss:  0.93285	 20 sampled NNs | VaAcc: 0.6887 +- 0.0138 | VaLoss: 0.9337 +- 0.0296
165,  0 | TrAcc: 0.7055, TrLoss:  0.81553, VaAcc: 0.6910, VaLoss:  0.94282	 20 sampled NNs | VaAcc: 0.6861 +- 0.0134 | VaLoss: 0.9566 +- 0.0396
166,  0 | TrAcc: 0.7399, TrLoss:  0.77577, VaAcc: 0.7013, VaLoss:  0.92129	 20 sampled NNs | VaAcc: 0.6915 +- 0.0191 | VaLoss: 0.9527 +- 0.0360
167,  0 | TrAcc: 0.7383, TrLoss:  0.78568, VaAcc: 0.6885, VaLoss:  0.94155	 20 sampled NNs | VaAcc: 0.6747 +- 0.0209 | VaLoss: 0.9656 +- 0.0436
168,  0 | TrAcc: 0.7348, TrLoss:  0.78299, VaAcc: 0.7108, VaLoss:  0.89828	 20 sampled NNs | VaAcc: 0.7076 +- 0.0166 | VaLoss: 0.9179 +- 0.0400
169,  0 | TrAcc: 0.7330, TrLoss:  0.79024, VaAcc: 0.7003, VaLoss:  0.90807	 20 sampled NNs | VaAcc: 0.6943 +- 0.0144 | VaLoss: 0.9247 +- 0.0254
170,  0 | TrAcc: 0.7521, TrLoss:  0.69941, VaAcc: 0.6902, VaLoss:  0.91781	 20 sampled NNs | VaAcc: 0.6748 +- 0.0183 | VaLoss: 0.9506 +- 0.0478
171,  0 | TrAcc: 0.7529, TrLoss:  0.71017, VaAcc: 0.7147, VaLoss:  0.91226	 20 sampled NNs | VaAcc: 0.7054 +- 0.0124 | VaLoss: 0.9316 +- 0.0307
172,  0 | TrAcc: 0.7223, TrLoss:  0.76983, VaAcc: 0.6917, VaLoss:  0.94621	 20 sampled NNs | VaAcc: 0.6825 +- 0.0153 | VaLoss: 0.9675 +- 0.0381
173,  0 | TrAcc: 0.7444, TrLoss:  0.74333, VaAcc: 0.7056, VaLoss:  0.88142	 20 sampled NNs | VaAcc: 0.7026 +- 0.0170 | VaLoss: 0.8889 +- 0.0310
174,  0 | TrAcc: 0.7452, TrLoss:  0.72159, VaAcc: 0.7075, VaLoss:  0.88592	 20 sampled NNs | VaAcc: 0.7011 +- 0.0124 | VaLoss: 0.9037 +- 0.0341
175,  0 | TrAcc: 0.7495, TrLoss:  0.74360, VaAcc: 0.6849, VaLoss:  0.97257	 20 sampled NNs | VaAcc: 0.6760 +- 0.0251 | VaLoss: 0.9948 +- 0.0583
176,  0 | TrAcc: 0.7443, TrLoss:  0.71565, VaAcc: 0.6996, VaLoss:  0.91624	 20 sampled NNs | VaAcc: 0.6976 +- 0.0129 | VaLoss: 0.9139 +- 0.0276
177,  0 | TrAcc: 0.7297, TrLoss:  0.76110, VaAcc: 0.7007, VaLoss:  0.91144	 20 sampled NNs | VaAcc: 0.6892 +- 0.0389 | VaLoss: 0.9407 +- 0.1004
178,  0 | TrAcc: 0.7446, TrLoss:  0.76174, VaAcc: 0.6955, VaLoss:  0.96774	 20 sampled NNs | VaAcc: 0.6899 +- 0.0148 | VaLoss: 0.9845 +- 0.0333
179,  0 | TrAcc: 0.7426, TrLoss:  0.76023, VaAcc: 0.7152, VaLoss:  0.89941	 20 sampled NNs | VaAcc: 0.7060 +- 0.0143 | VaLoss: 0.9182 +- 0.0389
180,  0 | TrAcc: 0.7371, TrLoss:  0.75711, VaAcc: 0.7077, VaLoss:  0.88745	 20 sampled NNs | VaAcc: 0.7062 +- 0.0167 | VaLoss: 0.8990 +- 0.0387
181,  0 | TrAcc: 0.7262, TrLoss:  0.77733, VaAcc: 0.7216, VaLoss:  0.90870	 20 sampled NNs | VaAcc: 0.7182 +- 0.0156 | VaLoss: 0.9186 +- 0.0402
182,  0 | TrAcc: 0.7434, TrLoss:  0.74985, VaAcc: 0.7123, VaLoss:  0.88534	 20 sampled NNs | VaAcc: 0.7085 +- 0.0123 | VaLoss: 0.8901 +- 0.0348
183,  0 | TrAcc: 0.7482, TrLoss:  0.71448, VaAcc: 0.7257, VaLoss:  0.86994	 20 sampled NNs | VaAcc: 0.7194 +- 0.0108 | VaLoss: 0.8720 +- 0.0206
184,  0 | TrAcc: 0.7601, TrLoss:  0.69264, VaAcc: 0.7302, VaLoss:  0.89626	 20 sampled NNs | VaAcc: 0.7232 +- 0.0163 | VaLoss: 0.9067 +- 0.0365
185,  0 | TrAcc: 0.7431, TrLoss:  0.72098, VaAcc: 0.6913, VaLoss:  0.92566	 20 sampled NNs | VaAcc: 0.6820 +- 0.0167 | VaLoss: 0.9413 +- 0.0371
186,  0 | TrAcc: 0.7481, TrLoss:  0.72924, VaAcc: 0.7210, VaLoss:  0.88224	 20 sampled NNs | VaAcc: 0.7135 +- 0.0131 | VaLoss: 0.8978 +- 0.0378
187,  0 | TrAcc: 0.7368, TrLoss:  0.77156, VaAcc: 0.7049, VaLoss:  0.90596	 20 sampled NNs | VaAcc: 0.6985 +- 0.0177 | VaLoss: 0.9205 +- 0.0354
188,  0 | TrAcc: 0.7413, TrLoss:  0.75158, VaAcc: 0.7262, VaLoss:  0.86398	 20 sampled NNs | VaAcc: 0.7224 +- 0.0098 | VaLoss: 0.8698 +- 0.0203
189,  0 | TrAcc: 0.7648, TrLoss:  0.68238, VaAcc: 0.7024, VaLoss:  0.88635	 20 sampled NNs | VaAcc: 0.7018 +- 0.0137 | VaLoss: 0.8899 +- 0.0360
190,  0 | TrAcc: 0.7544, TrLoss:  0.71735, VaAcc: 0.7044, VaLoss:  0.90700	 20 sampled NNs | VaAcc: 0.6996 +- 0.0091 | VaLoss: 0.9177 +- 0.0253
191,  0 | TrAcc: 0.7534, TrLoss:  0.71405, VaAcc: 0.7098, VaLoss:  0.90285	 20 sampled NNs | VaAcc: 0.7075 +- 0.0136 | VaLoss: 0.9092 +- 0.0368
192,  0 | TrAcc: 0.7601, TrLoss:  0.70754, VaAcc: 0.7173, VaLoss:  0.88109	 20 sampled NNs | VaAcc: 0.7156 +- 0.0115 | VaLoss: 0.8839 +- 0.0246
193,  0 | TrAcc: 0.7415, TrLoss:  0.73884, VaAcc: 0.7059, VaLoss:  0.88643	 20 sampled NNs | VaAcc: 0.7039 +- 0.0120 | VaLoss: 0.8942 +- 0.0328
194,  0 | TrAcc: 0.7566, TrLoss:  0.69987, VaAcc: 0.7043, VaLoss:  0.91019	 20 sampled NNs | VaAcc: 0.6998 +- 0.0123 | VaLoss: 0.9185 +- 0.0285
195,  0 | TrAcc: 0.7396, TrLoss:  0.73886, VaAcc: 0.7106, VaLoss:  0.87286	 20 sampled NNs | VaAcc: 0.6979 +- 0.0159 | VaLoss: 0.8940 +- 0.0265
196,  0 | TrAcc: 0.7508, TrLoss:  0.70657, VaAcc: 0.7069, VaLoss:  0.89819	 20 sampled NNs | VaAcc: 0.6973 +- 0.0141 | VaLoss: 0.9188 +- 0.0326
197,  0 | TrAcc: 0.7348, TrLoss:  0.74329, VaAcc: 0.7169, VaLoss:  0.89266	 20 sampled NNs | VaAcc: 0.7166 +- 0.0124 | VaLoss: 0.9019 +- 0.0354
198,  0 | TrAcc: 0.7564, TrLoss:  0.69888, VaAcc: 0.7137, VaLoss:  0.88781	 20 sampled NNs | VaAcc: 0.7124 +- 0.0126 | VaLoss: 0.8892 +- 0.0247
199,  0 | TrAcc: 0.7476, TrLoss:  0.70792, VaAcc: 0.7160, VaLoss:  0.87195	 20 sampled NNs | VaAcc: 0.7115 +- 0.0144 | VaLoss: 0.8927 +- 0.0341
200,  0 | TrAcc: 0.7444, TrLoss:  0.71844, VaAcc: 0.7198, VaLoss:  0.91287	 20 sampled NNs | VaAcc: 0.7096 +- 0.0107 | VaLoss: 0.9189 +- 0.0234
201,  0 | TrAcc: 0.7577, TrLoss:  0.72103, VaAcc: 0.7087, VaLoss:  0.90563	 20 sampled NNs | VaAcc: 0.7096 +- 0.0133 | VaLoss: 0.9038 +- 0.0281
202,  0 | TrAcc: 0.7510, TrLoss:  0.71115, VaAcc: 0.7099, VaLoss:  0.89481	 20 sampled NNs | VaAcc: 0.7057 +- 0.0145 | VaLoss: 0.8944 +- 0.0375
203,  0 | TrAcc: 0.7643, TrLoss:  0.70537, VaAcc: 0.7203, VaLoss:  0.84838	 20 sampled NNs | VaAcc: 0.7125 +- 0.0106 | VaLoss: 0.8699 +- 0.0225
204,  0 | TrAcc: 0.7544, TrLoss:  0.70215, VaAcc: 0.7313, VaLoss:  0.86068	 20 sampled NNs | VaAcc: 0.7283 +- 0.0141 | VaLoss: 0.8670 +- 0.0365
205,  0 | TrAcc: 0.7554, TrLoss:  0.69868, VaAcc: 0.7143, VaLoss:  0.89244	 20 sampled NNs | VaAcc: 0.7115 +- 0.0142 | VaLoss: 0.9032 +- 0.0288
206,  0 | TrAcc: 0.7693, TrLoss:  0.65802, VaAcc: 0.7219, VaLoss:  0.86024	 20 sampled NNs | VaAcc: 0.7202 +- 0.0150 | VaLoss: 0.8700 +- 0.0374
207,  0 | TrAcc: 0.7570, TrLoss:  0.69513, VaAcc: 0.7150, VaLoss:  0.89029	 20 sampled NNs | VaAcc: 0.7094 +- 0.0145 | VaLoss: 0.8983 +- 0.0295
208,  0 | TrAcc: 0.7347, TrLoss:  0.77561, VaAcc: 0.7127, VaLoss:  0.88564	 20 sampled NNs | VaAcc: 0.7070 +- 0.0121 | VaLoss: 0.9014 +- 0.0363
209,  0 | TrAcc: 0.7365, TrLoss:  0.75887, VaAcc: 0.6992, VaLoss:  0.90546	 20 sampled NNs | VaAcc: 0.6911 +- 0.0124 | VaLoss: 0.9232 +- 0.0266
210,  0 | TrAcc: 0.7434, TrLoss:  0.72760, VaAcc: 0.7180, VaLoss:  0.87837	 20 sampled NNs | VaAcc: 0.7140 +- 0.0167 | VaLoss: 0.8837 +- 0.0317
211,  0 | TrAcc: 0.7403, TrLoss:  0.73759, VaAcc: 0.7105, VaLoss:  0.89191	 20 sampled NNs | VaAcc: 0.7081 +- 0.0122 | VaLoss: 0.8867 +- 0.0238
212,  0 | TrAcc: 0.7398, TrLoss:  0.72834, VaAcc: 0.7206, VaLoss:  0.86205	 20 sampled NNs | VaAcc: 0.7161 +- 0.0115 | VaLoss: 0.8672 +- 0.0286
213,  0 | TrAcc: 0.7483, TrLoss:  0.69519, VaAcc: 0.7142, VaLoss:  0.93668	 20 sampled NNs | VaAcc: 0.7075 +- 0.0111 | VaLoss: 0.9480 +- 0.0258
214,  0 | TrAcc: 0.7629, TrLoss:  0.68635, VaAcc: 0.6952, VaLoss:  0.95679	 20 sampled NNs | VaAcc: 0.6908 +- 0.0157 | VaLoss: 0.9617 +- 0.0457
215,  0 | TrAcc: 0.7485, TrLoss:  0.71351, VaAcc: 0.7106, VaLoss:  0.91748	 20 sampled NNs | VaAcc: 0.7024 +- 0.0153 | VaLoss: 0.9308 +- 0.0280
216,  0 | TrAcc: 0.7708, TrLoss:  0.66566, VaAcc: 0.7286, VaLoss:  0.84283	 20 sampled NNs | VaAcc: 0.7240 +- 0.0105 | VaLoss: 0.8449 +- 0.0368
217,  0 | TrAcc: 0.7181, TrLoss:  0.79832, VaAcc: 0.7048, VaLoss:  0.94733	 20 sampled NNs | VaAcc: 0.7041 +- 0.0119 | VaLoss: 0.9468 +- 0.0302
218,  0 | TrAcc: 0.7693, TrLoss:  0.65715, VaAcc: 0.7374, VaLoss:  0.86931	 20 sampled NNs | VaAcc: 0.7351 +- 0.0121 | VaLoss: 0.8727 +- 0.0273
219,  0 | TrAcc: 0.7871, TrLoss:  0.63316, VaAcc: 0.7104, VaLoss:  0.88648	 20 sampled NNs | VaAcc: 0.7098 +- 0.0122 | VaLoss: 0.8959 +- 0.0344
220,  0 | TrAcc: 0.7647, TrLoss:  0.66922, VaAcc: 0.7118, VaLoss:  0.92327	 20 sampled NNs | VaAcc: 0.7090 +- 0.0142 | VaLoss: 0.9260 +- 0.0370
221,  0 | TrAcc: 0.7591, TrLoss:  0.66026, VaAcc: 0.7128, VaLoss:  0.88645	 20 sampled NNs | VaAcc: 0.7055 +- 0.0136 | VaLoss: 0.9065 +- 0.0333
222,  0 | TrAcc: 0.7613, TrLoss:  0.65987, VaAcc: 0.6995, VaLoss:  0.92004	 20 sampled NNs | VaAcc: 0.6961 +- 0.0088 | VaLoss: 0.9331 +- 0.0319
223,  0 | TrAcc: 0.7591, TrLoss:  0.69789, VaAcc: 0.7149, VaLoss:  0.85094	 20 sampled NNs | VaAcc: 0.7118 +- 0.0127 | VaLoss: 0.8627 +- 0.0280
224,  0 | TrAcc: 0.7433, TrLoss:  0.72344, VaAcc: 0.7074, VaLoss:  0.89313	 20 sampled NNs | VaAcc: 0.7028 +- 0.0127 | VaLoss: 0.9040 +- 0.0335
225,  0 | TrAcc: 0.7670, TrLoss:  0.69221, VaAcc: 0.7257, VaLoss:  0.86772	 20 sampled NNs | VaAcc: 0.7173 +- 0.0156 | VaLoss: 0.8936 +- 0.0342
226,  0 | TrAcc: 0.7588, TrLoss:  0.67567, VaAcc: 0.7181, VaLoss:  0.86523	 20 sampled NNs | VaAcc: 0.7131 +- 0.0115 | VaLoss: 0.8725 +- 0.0247
227,  0 | TrAcc: 0.7466, TrLoss:  0.72917, VaAcc: 0.7127, VaLoss:  0.86606	 20 sampled NNs | VaAcc: 0.7063 +- 0.0080 | VaLoss: 0.8777 +- 0.0245
228,  0 | TrAcc: 0.7655, TrLoss:  0.69822, VaAcc: 0.7039, VaLoss:  0.92117	 20 sampled NNs | VaAcc: 0.7053 +- 0.0117 | VaLoss: 0.9217 +- 0.0296
229,  0 | TrAcc: 0.7645, TrLoss:  0.67158, VaAcc: 0.7178, VaLoss:  0.86132	 20 sampled NNs | VaAcc: 0.7160 +- 0.0128 | VaLoss: 0.8675 +- 0.0319
230,  0 | TrAcc: 0.7543, TrLoss:  0.68872, VaAcc: 0.7206, VaLoss:  0.87873	 20 sampled NNs | VaAcc: 0.7231 +- 0.0146 | VaLoss: 0.8698 +- 0.0332
231,  0 | TrAcc: 0.7449, TrLoss:  0.72487, VaAcc: 0.7042, VaLoss:  0.94807	 20 sampled NNs | VaAcc: 0.7059 +- 0.0108 | VaLoss: 0.9453 +- 0.0280
232,  0 | TrAcc: 0.7543, TrLoss:  0.70009, VaAcc: 0.7093, VaLoss:  0.90985	 20 sampled NNs | VaAcc: 0.7065 +- 0.0141 | VaLoss: 0.9140 +- 0.0329
233,  0 | TrAcc: 0.7560, TrLoss:  0.69351, VaAcc: 0.7178, VaLoss:  0.91035	 20 sampled NNs | VaAcc: 0.7169 +- 0.0122 | VaLoss: 0.9064 +- 0.0340
234,  0 | TrAcc: 0.7699, TrLoss:  0.64517, VaAcc: 0.7003, VaLoss:  0.91139	 20 sampled NNs | VaAcc: 0.7020 +- 0.0116 | VaLoss: 0.9115 +- 0.0390
235,  0 | TrAcc: 0.7675, TrLoss:  0.64681, VaAcc: 0.7214, VaLoss:  0.87735	 20 sampled NNs | VaAcc: 0.7150 +- 0.0124 | VaLoss: 0.8874 +- 0.0378
236,  0 | TrAcc: 0.7678, TrLoss:  0.66086, VaAcc: 0.7063, VaLoss:  0.93465	 20 sampled NNs | VaAcc: 0.7023 +- 0.0090 | VaLoss: 0.9389 +- 0.0297
237,  0 | TrAcc: 0.7435, TrLoss:  0.72537, VaAcc: 0.7200, VaLoss:  0.85078	 20 sampled NNs | VaAcc: 0.7164 +- 0.0158 | VaLoss: 0.8500 +- 0.0310
238,  0 | TrAcc: 0.7662, TrLoss:  0.67375, VaAcc: 0.7333, VaLoss:  0.84396	 20 sampled NNs | VaAcc: 0.7263 +- 0.0099 | VaLoss: 0.8557 +- 0.0284
239,  0 | TrAcc: 0.7467, TrLoss:  0.72022, VaAcc: 0.7013, VaLoss:  0.91294	 20 sampled NNs | VaAcc: 0.6947 +- 0.0204 | VaLoss: 0.9244 +- 0.0549
240,  0 | TrAcc: 0.7898, TrLoss:  0.63076, VaAcc: 0.7151, VaLoss:  0.85070	 20 sampled NNs | VaAcc: 0.7075 +- 0.0131 | VaLoss: 0.8611 +- 0.0264
241,  0 | TrAcc: 0.7716, TrLoss:  0.67102, VaAcc: 0.7183, VaLoss:  0.88656	 20 sampled NNs | VaAcc: 0.7122 +- 0.0108 | VaLoss: 0.9000 +- 0.0230
242,  0 | TrAcc: 0.7407, TrLoss:  0.71152, VaAcc: 0.7233, VaLoss:  0.86408	 20 sampled NNs | VaAcc: 0.7146 +- 0.0127 | VaLoss: 0.8747 +- 0.0337
243,  0 | TrAcc: 0.7663, TrLoss:  0.68047, VaAcc: 0.7352, VaLoss:  0.82467	 20 sampled NNs | VaAcc: 0.7338 +- 0.0117 | VaLoss: 0.8284 +- 0.0292
244,  0 | TrAcc: 0.7581, TrLoss:  0.68955, VaAcc: 0.7279, VaLoss:  0.87625	 20 sampled NNs | VaAcc: 0.7261 +- 0.0096 | VaLoss: 0.8840 +- 0.0251
245,  0 | TrAcc: 0.7684, TrLoss:  0.66610, VaAcc: 0.7261, VaLoss:  0.88871	 20 sampled NNs | VaAcc: 0.7221 +- 0.0122 | VaLoss: 0.8930 +- 0.0190
246,  0 | TrAcc: 0.7867, TrLoss:  0.60950, VaAcc: 0.7233, VaLoss:  0.90854	 20 sampled NNs | VaAcc: 0.7179 +- 0.0130 | VaLoss: 0.9117 +- 0.0292
247,  0 | TrAcc: 0.7524, TrLoss:  0.69197, VaAcc: 0.7016, VaLoss:  0.93037	 20 sampled NNs | VaAcc: 0.7019 +- 0.0105 | VaLoss: 0.9329 +- 0.0303
248,  0 | TrAcc: 0.7509, TrLoss:  0.72449, VaAcc: 0.6877, VaLoss:  0.97101	 20 sampled NNs | VaAcc: 0.6839 +- 0.0171 | VaLoss: 0.9778 +- 0.0393
249,  0 | TrAcc: 0.7783, TrLoss:  0.64887, VaAcc: 0.7196, VaLoss:  0.88051	 20 sampled NNs | VaAcc: 0.7152 +- 0.0130 | VaLoss: 0.8949 +- 0.0327
250,  0 | TrAcc: 0.7759, TrLoss:  0.61884, VaAcc: 0.6933, VaLoss:  0.91340	 20 sampled NNs | VaAcc: 0.6928 +- 0.0142 | VaLoss: 0.9128 +- 0.0333
251,  0 | TrAcc: 0.7342, TrLoss:  0.77832, VaAcc: 0.7248, VaLoss:  0.91623	 20 sampled NNs | VaAcc: 0.7221 +- 0.0128 | VaLoss: 0.9121 +- 0.0250
252,  0 | TrAcc: 0.7655, TrLoss:  0.65624, VaAcc: 0.7260, VaLoss:  0.87756	 20 sampled NNs | VaAcc: 0.7242 +- 0.0136 | VaLoss: 0.8831 +- 0.0301
253,  0 | TrAcc: 0.7357, TrLoss:  0.76040, VaAcc: 0.7107, VaLoss:  0.90994	 20 sampled NNs | VaAcc: 0.7089 +- 0.0102 | VaLoss: 0.9094 +- 0.0357
254,  0 | TrAcc: 0.7712, TrLoss:  0.67016, VaAcc: 0.7376, VaLoss:  0.85427	 20 sampled NNs | VaAcc: 0.7304 +- 0.0120 | VaLoss: 0.8597 +- 0.0303
255,  0 | TrAcc: 0.7442, TrLoss:  0.73066, VaAcc: 0.7259, VaLoss:  0.88757	 20 sampled NNs | VaAcc: 0.7233 +- 0.0120 | VaLoss: 0.9028 +- 0.0317
256,  0 | TrAcc: 0.7705, TrLoss:  0.64564, VaAcc: 0.7202, VaLoss:  0.85591	 20 sampled NNs | VaAcc: 0.7196 +- 0.0111 | VaLoss: 0.8584 +- 0.0159
257,  0 | TrAcc: 0.7589, TrLoss:  0.67626, VaAcc: 0.7117, VaLoss:  0.90593	 20 sampled NNs | VaAcc: 0.7084 +- 0.0110 | VaLoss: 0.9078 +- 0.0353
258,  0 | TrAcc: 0.7731, TrLoss:  0.65080, VaAcc: 0.7039, VaLoss:  0.92178	 20 sampled NNs | VaAcc: 0.7034 +- 0.0106 | VaLoss: 0.9297 +- 0.0236
259,  0 | TrAcc: 0.7523, TrLoss:  0.72526, VaAcc: 0.7007, VaLoss:  0.91284	 20 sampled NNs | VaAcc: 0.7014 +- 0.0145 | VaLoss: 0.9023 +- 0.0336
260,  0 | TrAcc: 0.7650, TrLoss:  0.67535, VaAcc: 0.7151, VaLoss:  0.91261	 20 sampled NNs | VaAcc: 0.7092 +- 0.0119 | VaLoss: 0.9164 +- 0.0286
261,  0 | TrAcc: 0.7925, TrLoss:  0.62076, VaAcc: 0.7210, VaLoss:  0.86720	 20 sampled NNs | VaAcc: 0.7222 +- 0.0118 | VaLoss: 0.8667 +- 0.0278
262,  0 | TrAcc: 0.7703, TrLoss:  0.65407, VaAcc: 0.7206, VaLoss:  0.86575	 20 sampled NNs | VaAcc: 0.7096 +- 0.0488 | VaLoss: 0.8985 +- 0.1507
263,  0 | TrAcc: 0.7678, TrLoss:  0.67835, VaAcc: 0.7324, VaLoss:  0.84090	 20 sampled NNs | VaAcc: 0.7295 +- 0.0115 | VaLoss: 0.8419 +- 0.0263
264,  0 | TrAcc: 0.7820, TrLoss:  0.62582, VaAcc: 0.7008, VaLoss:  0.91226	 20 sampled NNs | VaAcc: 0.6973 +- 0.0120 | VaLoss: 0.9193 +- 0.0298
265,  0 | TrAcc: 0.7443, TrLoss:  0.72387, VaAcc: 0.7209, VaLoss:  0.90315	 20 sampled NNs | VaAcc: 0.7204 +- 0.0105 | VaLoss: 0.9023 +- 0.0300
266,  0 | TrAcc: 0.7614, TrLoss:  0.70365, VaAcc: 0.7285, VaLoss:  0.86002	 20 sampled NNs | VaAcc: 0.7252 +- 0.0132 | VaLoss: 0.8686 +- 0.0385
267,  0 | TrAcc: 0.7652, TrLoss:  0.66226, VaAcc: 0.7132, VaLoss:  0.89867	 20 sampled NNs | VaAcc: 0.7076 +- 0.0131 | VaLoss: 0.9104 +- 0.0326
268,  0 | TrAcc: 0.7621, TrLoss:  0.68560, VaAcc: 0.7215, VaLoss:  0.90989	 20 sampled NNs | VaAcc: 0.7181 +- 0.0120 | VaLoss: 0.9021 +- 0.0302
269,  0 | TrAcc: 0.7681, TrLoss:  0.69607, VaAcc: 0.7297, VaLoss:  0.85677	 20 sampled NNs | VaAcc: 0.7255 +- 0.0115 | VaLoss: 0.8588 +- 0.0269
270,  0 | TrAcc: 0.7758, TrLoss:  0.64727, VaAcc: 0.7206, VaLoss:  0.85704	 20 sampled NNs | VaAcc: 0.7168 +- 0.0091 | VaLoss: 0.8699 +- 0.0275
271,  0 | TrAcc: 0.7560, TrLoss:  0.69456, VaAcc: 0.7084, VaLoss:  0.91437	 20 sampled NNs | VaAcc: 0.7063 +- 0.0111 | VaLoss: 0.9162 +- 0.0367
272,  0 | TrAcc: 0.7616, TrLoss:  0.69286, VaAcc: 0.7158, VaLoss:  0.87282	 20 sampled NNs | VaAcc: 0.7137 +- 0.0147 | VaLoss: 0.8792 +- 0.0278
273,  0 | TrAcc: 0.7524, TrLoss:  0.69912, VaAcc: 0.7140, VaLoss:  0.90207	 20 sampled NNs | VaAcc: 0.7111 +- 0.0122 | VaLoss: 0.9043 +- 0.0288
274,  0 | TrAcc: 0.7641, TrLoss:  0.67617, VaAcc: 0.7155, VaLoss:  0.87437	 20 sampled NNs | VaAcc: 0.7144 +- 0.0128 | VaLoss: 0.8710 +- 0.0257
275,  0 | TrAcc: 0.7607, TrLoss:  0.68992, VaAcc: 0.7006, VaLoss:  0.92431	 20 sampled NNs | VaAcc: 0.6980 +- 0.0139 | VaLoss: 0.9331 +- 0.0328
276,  0 | TrAcc: 0.7771, TrLoss:  0.65631, VaAcc: 0.7110, VaLoss:  0.89962	 20 sampled NNs | VaAcc: 0.7094 +- 0.0104 | VaLoss: 0.8994 +- 0.0231
277,  0 | TrAcc: 0.7465, TrLoss:  0.72553, VaAcc: 0.7288, VaLoss:  0.83424	 20 sampled NNs | VaAcc: 0.7238 +- 0.0119 | VaLoss: 0.8490 +- 0.0199
278,  0 | TrAcc: 0.7778, TrLoss:  0.64083, VaAcc: 0.7223, VaLoss:  0.84108	 20 sampled NNs | VaAcc: 0.7188 +- 0.0113 | VaLoss: 0.8408 +- 0.0221
279,  0 | TrAcc: 0.7744, TrLoss:  0.66077, VaAcc: 0.7244, VaLoss:  0.83042	 20 sampled NNs | VaAcc: 0.7229 +- 0.0103 | VaLoss: 0.8383 +- 0.0303
280,  0 | TrAcc: 0.7887, TrLoss:  0.59755, VaAcc: 0.7292, VaLoss:  0.88085	 20 sampled NNs | VaAcc: 0.7253 +- 0.0097 | VaLoss: 0.8883 +- 0.0242
281,  0 | TrAcc: 0.7925, TrLoss:  0.59307, VaAcc: 0.7196, VaLoss:  0.90176	 20 sampled NNs | VaAcc: 0.7181 +- 0.0084 | VaLoss: 0.9106 +- 0.0290
282,  0 | TrAcc: 0.7854, TrLoss:  0.58937, VaAcc: 0.7274, VaLoss:  0.88101	 20 sampled NNs | VaAcc: 0.7241 +- 0.0097 | VaLoss: 0.8849 +- 0.0225
283,  0 | TrAcc: 0.7737, TrLoss:  0.62739, VaAcc: 0.7056, VaLoss:  0.90383	 20 sampled NNs | VaAcc: 0.7032 +- 0.0091 | VaLoss: 0.9131 +- 0.0224
284,  0 | TrAcc: 0.7754, TrLoss:  0.65655, VaAcc: 0.6861, VaLoss:  0.91679	 20 sampled NNs | VaAcc: 0.6818 +- 0.0133 | VaLoss: 0.9272 +- 0.0319
285,  0 | TrAcc: 0.8079, TrLoss:  0.55050, VaAcc: 0.7363, VaLoss:  0.88426	 20 sampled NNs | VaAcc: 0.7406 +- 0.0088 | VaLoss: 0.8743 +- 0.0264
286,  0 | TrAcc: 0.7594, TrLoss:  0.68529, VaAcc: 0.7314, VaLoss:  0.88258	 20 sampled NNs | VaAcc: 0.7274 +- 0.0057 | VaLoss: 0.8838 +- 0.0254
287,  0 | TrAcc: 0.7850, TrLoss:  0.62865, VaAcc: 0.7303, VaLoss:  0.90070	 20 sampled NNs | VaAcc: 0.7269 +- 0.0116 | VaLoss: 0.9034 +- 0.0163
288,  0 | TrAcc: 0.7677, TrLoss:  0.67642, VaAcc: 0.7278, VaLoss:  0.88593	 20 sampled NNs | VaAcc: 0.7232 +- 0.0086 | VaLoss: 0.8926 +- 0.0248
289,  0 | TrAcc: 0.7796, TrLoss:  0.64068, VaAcc: 0.7336, VaLoss:  0.85241	 20 sampled NNs | VaAcc: 0.7285 +- 0.0111 | VaLoss: 0.8660 +- 0.0234
290,  0 | TrAcc: 0.7843, TrLoss:  0.60149, VaAcc: 0.7325, VaLoss:  0.86344	 20 sampled NNs | VaAcc: 0.7317 +- 0.0102 | VaLoss: 0.8716 +- 0.0319
291,  0 | TrAcc: 0.7610, TrLoss:  0.69081, VaAcc: 0.7067, VaLoss:  0.93462	 20 sampled NNs | VaAcc: 0.6975 +- 0.0095 | VaLoss: 0.9498 +- 0.0225
292,  0 | TrAcc: 0.7515, TrLoss:  0.68362, VaAcc: 0.7163, VaLoss:  0.87848	 20 sampled NNs | VaAcc: 0.7089 +- 0.0098 | VaLoss: 0.8967 +- 0.0202
293,  0 | TrAcc: 0.7675, TrLoss:  0.66392, VaAcc: 0.7216, VaLoss:  0.86916	 20 sampled NNs | VaAcc: 0.7183 +- 0.0098 | VaLoss: 0.8740 +- 0.0201
294,  0 | TrAcc: 0.7651, TrLoss:  0.66280, VaAcc: 0.6936, VaLoss:  0.94518	 20 sampled NNs | VaAcc: 0.6915 +- 0.0100 | VaLoss: 0.9513 +- 0.0371
295,  0 | TrAcc: 0.7507, TrLoss:  0.69401, VaAcc: 0.7084, VaLoss:  0.90099	 20 sampled NNs | VaAcc: 0.7111 +- 0.0086 | VaLoss: 0.8985 +- 0.0261
296,  0 | TrAcc: 0.7988, TrLoss:  0.59185, VaAcc: 0.7297, VaLoss:  0.88887	 20 sampled NNs | VaAcc: 0.7241 +- 0.0134 | VaLoss: 0.8947 +- 0.0329
297,  0 | TrAcc: 0.7893, TrLoss:  0.60096, VaAcc: 0.7151, VaLoss:  0.91092	 20 sampled NNs | VaAcc: 0.7093 +- 0.0127 | VaLoss: 0.9188 +- 0.0256
298,  0 | TrAcc: 0.7684, TrLoss:  0.67753, VaAcc: 0.7069, VaLoss:  0.89351	 20 sampled NNs | VaAcc: 0.7085 +- 0.0136 | VaLoss: 0.8934 +- 0.0317
299,  0 | TrAcc: 0.7924, TrLoss:  0.59463, VaAcc: 0.7053, VaLoss:  0.88589	 20 sampled NNs | VaAcc: 0.7000 +- 0.0111 | VaLoss: 0.8956 +- 0.0292
36237.80858
----------------------------
