

config:

HOME=/clusterFS/home/student/kopp13
PATH=/clusterFS/home/student/kopp13/miniconda3/envs/tensorflow/bin:/clusterFS/home/student/kopp13/miniconda3/bin:/clusterFS/home/student/kopp13/bin:/usr/local/bin:/usr/bin:/bin:/usr/local/games:/usr/games
LD_LIBRARY_PATH=
THEANO_FLAGS=floatX=float32,gpuarray.preallocate=0.9,dnn.library_path=/usr/lib/x86_64-linux-gnu,cxx=clang++-3.8,device=cuda,base_compiledir=/tmp/tmp.3tO7XKwbqX

=============================
CONFIG FILE

RNN CONFIG
{'data_multiplier': 1000.0,
 'gradient_clip_value': 0.5,
 'layer_configs': [{'layer_type': 'input'},
                   {'bc': {'init_m': 'xavier',
                           'init_v': -4.5,
                           'prior_m': 0.0,
                           'prior_v': 0.0,
                           'type': 'continuous'},
                    'bf': {'init_m': 'xavier',
                           'init_v': -4.5,
                           'prior_m': 0.0,
                           'prior_v': 0.0,
                           'type': 'continuous'},
                    'bi': {'init_m': 'xavier',
                           'init_v': -4.5,
                           'prior_m': 0.0,
                           'prior_v': 0.0,
                           'type': 'continuous'},
                    'bo': {'init_m': 'xavier',
                           'init_v': -4.5,
                           'prior_m': 0.0,
                           'prior_v': 0.0,
                           'type': 'continuous'},
                    'init_config': {'c': {'b': 'all_zero', 'w': 'xavier'},
                                    'f': {'b': 'all_one', 'w': 'all_zero'},
                                    'i': {'b': 'all_zero', 'w': 'xavier'},
                                    'o': {'b': 'all_zero', 'w': 'xavier'}},
                    'is_output': False,
                    'is_recurrent': True,
                    'layer_type': 'lstm',
                    'tau': 0.5,
                    'var_scope': 'lstm_0',
                    'wc': {'p0max': 0.95,
                           'p0min': 0.05,
                           'pmax': 0.99,
                           'pmin': 0.01,
                           'priors': [0.2, 0.6, 0.2],
                           'type': 'ternary'},
                    'wf': {'p0max': 0.95,
                           'p0min': 0.05,
                           'pmax': 0.99,
                           'pmin': 0.01,
                           'priors': [0.2, 0.6, 0.2],
                           'type': 'ternary'},
                    'wi': {'p0max': 0.95,
                           'p0min': 0.05,
                           'pmax': 0.99,
                           'pmin': 0.01,
                           'priors': [0.2, 0.6, 0.2],
                           'type': 'ternary'},
                    'wo': {'p0max': 0.95,
                           'p0min': 0.05,
                           'pmax': 0.99,
                           'pmin': 0.01,
                           'priors': [0.2, 0.6, 0.2],
                           'type': 'ternary'}},
                   {'bc': {'init_m': 'xavier',
                           'init_v': -4.5,
                           'prior_m': 0.0,
                           'prior_v': 0.0,
                           'type': 'continuous'},
                    'bf': {'init_m': 'xavier',
                           'init_v': -4.5,
                           'prior_m': 0.0,
                           'prior_v': 0.0,
                           'type': 'continuous'},
                    'bi': {'init_m': 'xavier',
                           'init_v': -4.5,
                           'prior_m': 0.0,
                           'prior_v': 0.0,
                           'type': 'continuous'},
                    'bo': {'init_m': 'xavier',
                           'init_v': -4.5,
                           'prior_m': 0.0,
                           'prior_v': 0.0,
                           'type': 'continuous'},
                    'init_config': {'c': {'b': 'all_zero', 'w': 'xavier'},
                                    'f': {'b': 'all_one', 'w': 'all_zero'},
                                    'i': {'b': 'all_zero', 'w': 'xavier'},
                                    'o': {'b': 'all_zero', 'w': 'xavier'}},
                    'is_output': False,
                    'is_recurrent': True,
                    'layer_type': 'lstm',
                    'tau': 0.5,
                    'var_scope': 'lstm_1',
                    'wc': {'p0max': 0.95,
                           'p0min': 0.05,
                           'pmax': 0.99,
                           'pmin': 0.01,
                           'priors': [0.2, 0.6, 0.2],
                           'type': 'ternary'},
                    'wf': {'p0max': 0.95,
                           'p0min': 0.05,
                           'pmax': 0.99,
                           'pmin': 0.01,
                           'priors': [0.2, 0.6, 0.2],
                           'type': 'ternary'},
                    'wi': {'p0max': 0.95,
                           'p0min': 0.05,
                           'pmax': 0.99,
                           'pmin': 0.01,
                           'priors': [0.2, 0.6, 0.2],
                           'type': 'ternary'},
                    'wo': {'p0max': 0.95,
                           'p0min': 0.05,
                           'pmax': 0.99,
                           'pmin': 0.01,
                           'priors': [0.2, 0.6, 0.2],
                           'type': 'ternary'}},
                   {'b': {'init_m': 'xavier',
                          'init_v': -4.5,
                          'prior_m': 0.0,
                          'prior_v': 0.0,
                          'type': 'continuous'},
                    'is_output': True,
                    'is_recurrent': False,
                    'layer_type': 'fc',
                    'regularization': {'mode': None, 'strength': 0.02},
                    'tau': 0.5,
                    'var_scope': 'output_layer',
                    'w': {'p0max': 0.95,
                          'p0min': 0.05,
                          'pmax': 0.99,
                          'pmin': 0.01,
                          'priors': [0.2, 0.6, 0.2],
                          'type': 'ternary'}}],
 'layout': [4, 60, 60, 10],
 'output_type': 'classification'}

DATA CONFIG
{'dataset': 'red_penstroke',
 'tr': {'in_seq_len': 30,
        'minibatch_enabled': True,
        'minibatch_size': 200,
        'out_seq_len': 5,
        'zero_padding': 20},
 'va': {'in_seq_len': 30,
        'minibatch_enabled': True,
        'minibatch_size': 200,
        'out_seq_len': 5,
        'zero_padding': 20}}

TRAINING CONFIG
{'beta_reg': 0.0,
 'is_pretrain': False,
 'learning_rate': 0.002,
 'mode': {'max_epochs': 300, 'min_error': 0.0, 'name': 'classic'},
 'task_id': 1,
 'type': 'g_sampling',
 'var_reg': 0.01}
==============================


  0,  0 | TrAcc: 0.0987, TrLoss:  3.98536, VaAcc: 0.1040, VaLoss:  3.86648	 20 sampled NNs | VaAcc: 0.0898 +- 0.0223 | VaLoss: 3.9593 +- 0.5516
  1,  0 | TrAcc: 0.1389, TrLoss:  2.29028, VaAcc: 0.1231, VaLoss:  2.32189	 20 sampled NNs | VaAcc: 0.1286 +- 0.0195 | VaLoss: 2.3962 +- 0.0745
  2,  0 | TrAcc: 0.1404, TrLoss:  2.26830, VaAcc: 0.1257, VaLoss:  2.29214	 20 sampled NNs | VaAcc: 0.1187 +- 0.0207 | VaLoss: 2.3253 +- 0.0477
  3,  0 | TrAcc: 0.1464, TrLoss:  2.27290, VaAcc: 0.1276, VaLoss:  2.28664	 20 sampled NNs | VaAcc: 0.1248 +- 0.0128 | VaLoss: 2.3164 +- 0.0591
  4,  0 | TrAcc: 0.1253, TrLoss:  2.26019, VaAcc: 0.1195, VaLoss:  2.28985	 20 sampled NNs | VaAcc: 0.1127 +- 0.0210 | VaLoss: 2.3141 +- 0.0359
  5,  0 | TrAcc: 0.1670, TrLoss:  2.24038, VaAcc: 0.1266, VaLoss:  2.30560	 20 sampled NNs | VaAcc: 0.1251 +- 0.0119 | VaLoss: 2.3301 +- 0.0396
  6,  0 | TrAcc: 0.1488, TrLoss:  2.21930, VaAcc: 0.1377, VaLoss:  2.24267	 20 sampled NNs | VaAcc: 0.1266 +- 0.0193 | VaLoss: 2.2901 +- 0.0554
  7,  0 | TrAcc: 0.1600, TrLoss:  2.17290, VaAcc: 0.1341, VaLoss:  2.23475	 20 sampled NNs | VaAcc: 0.1284 +- 0.0222 | VaLoss: 2.2656 +- 0.0531
  8,  0 | TrAcc: 0.1645, TrLoss:  2.16713, VaAcc: 0.1431, VaLoss:  2.20208	 20 sampled NNs | VaAcc: 0.1407 +- 0.0265 | VaLoss: 2.2490 +- 0.0438
  9,  0 | TrAcc: 0.1925, TrLoss:  2.14099, VaAcc: 0.1809, VaLoss:  2.14823	 20 sampled NNs | VaAcc: 0.1598 +- 0.0180 | VaLoss: 2.2141 +- 0.0514
 10,  0 | TrAcc: 0.2044, TrLoss:  2.09482, VaAcc: 0.1953, VaLoss:  2.09885	 20 sampled NNs | VaAcc: 0.1731 +- 0.0365 | VaLoss: 2.1446 +- 0.0427
 11,  0 | TrAcc: 0.2387, TrLoss:  2.00943, VaAcc: 0.2576, VaLoss:  2.00048	 20 sampled NNs | VaAcc: 0.2025 +- 0.0351 | VaLoss: 2.1360 +- 0.0915
 12,  0 | TrAcc: 0.2301, TrLoss:  1.99221, VaAcc: 0.2569, VaLoss:  1.94614	 20 sampled NNs | VaAcc: 0.2170 +- 0.0388 | VaLoss: 2.0529 +- 0.0843
 13,  0 | TrAcc: 0.2602, TrLoss:  1.92806, VaAcc: 0.2765, VaLoss:  1.87420	 20 sampled NNs | VaAcc: 0.2312 +- 0.0556 | VaLoss: 2.0204 +- 0.1006
 14,  0 | TrAcc: 0.3022, TrLoss:  1.83966, VaAcc: 0.3106, VaLoss:  1.80737	 20 sampled NNs | VaAcc: 0.2814 +- 0.0318 | VaLoss: 1.9030 +- 0.0529
 15,  0 | TrAcc: 0.2953, TrLoss:  1.82141, VaAcc: 0.3298, VaLoss:  1.75449	 20 sampled NNs | VaAcc: 0.2766 +- 0.0507 | VaLoss: 1.8919 +- 0.0943
 16,  0 | TrAcc: 0.3167, TrLoss:  1.78179, VaAcc: 0.3343, VaLoss:  1.74982	 20 sampled NNs | VaAcc: 0.2924 +- 0.0427 | VaLoss: 1.8594 +- 0.0960
 17,  0 | TrAcc: 0.3531, TrLoss:  1.73967, VaAcc: 0.3450, VaLoss:  1.69411	 20 sampled NNs | VaAcc: 0.3117 +- 0.0318 | VaLoss: 1.7978 +- 0.0520
 18,  0 | TrAcc: 0.3423, TrLoss:  1.69520, VaAcc: 0.3643, VaLoss:  1.64563	 20 sampled NNs | VaAcc: 0.2959 +- 0.0423 | VaLoss: 1.8348 +- 0.0964
 19,  0 | TrAcc: 0.3791, TrLoss:  1.65766, VaAcc: 0.3941, VaLoss:  1.58623	 20 sampled NNs | VaAcc: 0.3455 +- 0.0379 | VaLoss: 1.7439 +- 0.1045
 20,  0 | TrAcc: 0.3742, TrLoss:  1.64732, VaAcc: 0.4035, VaLoss:  1.54540	 20 sampled NNs | VaAcc: 0.3448 +- 0.0360 | VaLoss: 1.7342 +- 0.0845
 21,  0 | TrAcc: 0.4127, TrLoss:  1.55050, VaAcc: 0.4230, VaLoss:  1.52109	 20 sampled NNs | VaAcc: 0.3763 +- 0.0279 | VaLoss: 1.6286 +- 0.0476
 22,  0 | TrAcc: 0.4402, TrLoss:  1.51902, VaAcc: 0.4357, VaLoss:  1.47518	 20 sampled NNs | VaAcc: 0.3930 +- 0.0359 | VaLoss: 1.5904 +- 0.0911
 23,  0 | TrAcc: 0.4432, TrLoss:  1.48497, VaAcc: 0.4422, VaLoss:  1.48540	 20 sampled NNs | VaAcc: 0.3939 +- 0.0285 | VaLoss: 1.6044 +- 0.0891
 24,  0 | TrAcc: 0.4425, TrLoss:  1.48887, VaAcc: 0.4646, VaLoss:  1.40281	 20 sampled NNs | VaAcc: 0.4086 +- 0.0363 | VaLoss: 1.5294 +- 0.0518
 25,  0 | TrAcc: 0.4842, TrLoss:  1.39398, VaAcc: 0.4666, VaLoss:  1.41955	 20 sampled NNs | VaAcc: 0.4253 +- 0.0495 | VaLoss: 1.5385 +- 0.1107
 26,  0 | TrAcc: 0.5004, TrLoss:  1.35935, VaAcc: 0.5007, VaLoss:  1.36857	 20 sampled NNs | VaAcc: 0.4490 +- 0.0390 | VaLoss: 1.4788 +- 0.0900
 27,  0 | TrAcc: 0.5160, TrLoss:  1.32490, VaAcc: 0.4820, VaLoss:  1.38854	 20 sampled NNs | VaAcc: 0.4390 +- 0.0383 | VaLoss: 1.5106 +- 0.0862
 28,  0 | TrAcc: 0.5073, TrLoss:  1.35916, VaAcc: 0.5089, VaLoss:  1.32557	 20 sampled NNs | VaAcc: 0.4786 +- 0.0365 | VaLoss: 1.4105 +- 0.0788
 29,  0 | TrAcc: 0.5059, TrLoss:  1.35989, VaAcc: 0.5027, VaLoss:  1.29594	 20 sampled NNs | VaAcc: 0.4538 +- 0.0240 | VaLoss: 1.4251 +- 0.0611
 30,  0 | TrAcc: 0.5228, TrLoss:  1.29127, VaAcc: 0.5114, VaLoss:  1.28513	 20 sampled NNs | VaAcc: 0.4728 +- 0.0277 | VaLoss: 1.4016 +- 0.0786
 31,  0 | TrAcc: 0.5183, TrLoss:  1.30522, VaAcc: 0.5472, VaLoss:  1.24799	 20 sampled NNs | VaAcc: 0.4896 +- 0.0327 | VaLoss: 1.3839 +- 0.0604
 32,  0 | TrAcc: 0.5203, TrLoss:  1.30446, VaAcc: 0.5423, VaLoss:  1.23218	 20 sampled NNs | VaAcc: 0.4867 +- 0.0266 | VaLoss: 1.3680 +- 0.0611
 33,  0 | TrAcc: 0.5451, TrLoss:  1.25567, VaAcc: 0.5433, VaLoss:  1.25050	 20 sampled NNs | VaAcc: 0.5042 +- 0.0321 | VaLoss: 1.3436 +- 0.0666
 34,  0 | TrAcc: 0.5916, TrLoss:  1.17436, VaAcc: 0.5469, VaLoss:  1.24794	 20 sampled NNs | VaAcc: 0.5001 +- 0.0403 | VaLoss: 1.3535 +- 0.0939
 35,  0 | TrAcc: 0.5526, TrLoss:  1.21378, VaAcc: 0.5559, VaLoss:  1.21650	 20 sampled NNs | VaAcc: 0.5170 +- 0.0243 | VaLoss: 1.3220 +- 0.0554
 36,  0 | TrAcc: 0.5518, TrLoss:  1.25093, VaAcc: 0.5669, VaLoss:  1.21468	 20 sampled NNs | VaAcc: 0.5275 +- 0.0329 | VaLoss: 1.3157 +- 0.0807
 37,  0 | TrAcc: 0.5730, TrLoss:  1.18611, VaAcc: 0.5742, VaLoss:  1.16116	 20 sampled NNs | VaAcc: 0.5312 +- 0.0425 | VaLoss: 1.2804 +- 0.1302
 38,  0 | TrAcc: 0.5984, TrLoss:  1.13628, VaAcc: 0.5858, VaLoss:  1.16130	 20 sampled NNs | VaAcc: 0.5371 +- 0.0350 | VaLoss: 1.2678 +- 0.0720
 39,  0 | TrAcc: 0.5973, TrLoss:  1.12109, VaAcc: 0.6060, VaLoss:  1.10817	 20 sampled NNs | VaAcc: 0.5704 +- 0.0293 | VaLoss: 1.1983 +- 0.0628
 40,  0 | TrAcc: 0.6137, TrLoss:  1.09042, VaAcc: 0.6122, VaLoss:  1.10859	 20 sampled NNs | VaAcc: 0.5727 +- 0.0293 | VaLoss: 1.1962 +- 0.0704
 41,  0 | TrAcc: 0.6150, TrLoss:  1.09776, VaAcc: 0.6152, VaLoss:  1.11901	 20 sampled NNs | VaAcc: 0.5785 +- 0.0282 | VaLoss: 1.2044 +- 0.0754
 42,  0 | TrAcc: 0.6143, TrLoss:  1.08966, VaAcc: 0.6307, VaLoss:  1.05681	 20 sampled NNs | VaAcc: 0.5807 +- 0.0460 | VaLoss: 1.1884 +- 0.0946
 43,  0 | TrAcc: 0.6109, TrLoss:  1.09589, VaAcc: 0.6446, VaLoss:  1.05437	 20 sampled NNs | VaAcc: 0.5842 +- 0.0352 | VaLoss: 1.1748 +- 0.0727
 44,  0 | TrAcc: 0.6247, TrLoss:  1.07962, VaAcc: 0.6329, VaLoss:  1.05725	 20 sampled NNs | VaAcc: 0.6060 +- 0.0226 | VaLoss: 1.1277 +- 0.0602
 45,  0 | TrAcc: 0.6449, TrLoss:  1.02635, VaAcc: 0.6410, VaLoss:  1.01955	 20 sampled NNs | VaAcc: 0.6035 +- 0.0351 | VaLoss: 1.1291 +- 0.0817
 46,  0 | TrAcc: 0.6114, TrLoss:  1.08960, VaAcc: 0.6316, VaLoss:  1.02671	 20 sampled NNs | VaAcc: 0.5851 +- 0.0436 | VaLoss: 1.1557 +- 0.1204
 47,  0 | TrAcc: 0.6406, TrLoss:  1.01441, VaAcc: 0.6241, VaLoss:  1.06017	 20 sampled NNs | VaAcc: 0.5994 +- 0.0328 | VaLoss: 1.1258 +- 0.0714
 48,  0 | TrAcc: 0.6324, TrLoss:  1.03027, VaAcc: 0.6552, VaLoss:  0.99806	 20 sampled NNs | VaAcc: 0.6256 +- 0.0308 | VaLoss: 1.0815 +- 0.0668
 49,  0 | TrAcc: 0.6299, TrLoss:  1.03746, VaAcc: 0.6525, VaLoss:  1.00171	 20 sampled NNs | VaAcc: 0.6195 +- 0.0277 | VaLoss: 1.0905 +- 0.0518
 50,  0 | TrAcc: 0.6646, TrLoss:  0.98337, VaAcc: 0.6714, VaLoss:  0.96255	 20 sampled NNs | VaAcc: 0.6328 +- 0.0240 | VaLoss: 1.0654 +- 0.0514
 51,  0 | TrAcc: 0.6624, TrLoss:  0.95194, VaAcc: 0.6666, VaLoss:  0.96335	 20 sampled NNs | VaAcc: 0.6309 +- 0.0242 | VaLoss: 1.0462 +- 0.0536
 52,  0 | TrAcc: 0.6507, TrLoss:  0.98757, VaAcc: 0.6804, VaLoss:  0.93142	 20 sampled NNs | VaAcc: 0.6487 +- 0.0255 | VaLoss: 1.0090 +- 0.0560
 53,  0 | TrAcc: 0.6723, TrLoss:  0.94339, VaAcc: 0.6736, VaLoss:  0.95692	 20 sampled NNs | VaAcc: 0.6380 +- 0.0239 | VaLoss: 1.0383 +- 0.0472
 54,  0 | TrAcc: 0.6612, TrLoss:  0.96704, VaAcc: 0.6818, VaLoss:  0.94749	 20 sampled NNs | VaAcc: 0.6458 +- 0.0267 | VaLoss: 1.0416 +- 0.0682
 55,  0 | TrAcc: 0.6692, TrLoss:  0.96238, VaAcc: 0.6815, VaLoss:  0.95398	 20 sampled NNs | VaAcc: 0.6445 +- 0.0191 | VaLoss: 1.0474 +- 0.0466
 56,  0 | TrAcc: 0.6669, TrLoss:  0.96312, VaAcc: 0.6648, VaLoss:  0.95773	 20 sampled NNs | VaAcc: 0.6321 +- 0.0262 | VaLoss: 1.0519 +- 0.0770
 57,  0 | TrAcc: 0.6677, TrLoss:  0.94232, VaAcc: 0.6868, VaLoss:  0.89484	 20 sampled NNs | VaAcc: 0.6507 +- 0.0289 | VaLoss: 0.9933 +- 0.0718
 58,  0 | TrAcc: 0.6923, TrLoss:  0.89132, VaAcc: 0.7005, VaLoss:  0.88810	 20 sampled NNs | VaAcc: 0.6695 +- 0.0261 | VaLoss: 0.9672 +- 0.0573
 59,  0 | TrAcc: 0.6702, TrLoss:  0.97156, VaAcc: 0.6749, VaLoss:  0.94336	 20 sampled NNs | VaAcc: 0.6505 +- 0.0356 | VaLoss: 1.0153 +- 0.0811
 60,  0 | TrAcc: 0.6914, TrLoss:  0.88463, VaAcc: 0.6941, VaLoss:  0.88145	 20 sampled NNs | VaAcc: 0.6787 +- 0.0230 | VaLoss: 0.9275 +- 0.0491
 61,  0 | TrAcc: 0.7032, TrLoss:  0.85089, VaAcc: 0.7041, VaLoss:  0.90099	 20 sampled NNs | VaAcc: 0.6693 +- 0.0248 | VaLoss: 0.9772 +- 0.0650
 62,  0 | TrAcc: 0.6541, TrLoss:  0.97673, VaAcc: 0.6878, VaLoss:  0.88865	 20 sampled NNs | VaAcc: 0.6637 +- 0.0233 | VaLoss: 0.9645 +- 0.0652
 63,  0 | TrAcc: 0.7002, TrLoss:  0.86145, VaAcc: 0.6930, VaLoss:  0.87681	 20 sampled NNs | VaAcc: 0.6634 +- 0.0293 | VaLoss: 0.9501 +- 0.0477
 64,  0 | TrAcc: 0.7011, TrLoss:  0.85059, VaAcc: 0.6951, VaLoss:  0.89814	 20 sampled NNs | VaAcc: 0.6633 +- 0.0229 | VaLoss: 0.9819 +- 0.0593
 65,  0 | TrAcc: 0.6948, TrLoss:  0.84011, VaAcc: 0.6940, VaLoss:  0.88965	 20 sampled NNs | VaAcc: 0.6722 +- 0.0257 | VaLoss: 0.9465 +- 0.0546
 66,  0 | TrAcc: 0.6934, TrLoss:  0.87759, VaAcc: 0.7072, VaLoss:  0.84608	 20 sampled NNs | VaAcc: 0.6849 +- 0.0190 | VaLoss: 0.9159 +- 0.0502
 67,  0 | TrAcc: 0.7051, TrLoss:  0.83065, VaAcc: 0.7047, VaLoss:  0.86841	 20 sampled NNs | VaAcc: 0.6756 +- 0.0334 | VaLoss: 0.9376 +- 0.0677
 68,  0 | TrAcc: 0.6959, TrLoss:  0.86769, VaAcc: 0.6855, VaLoss:  0.91994	 20 sampled NNs | VaAcc: 0.6518 +- 0.0278 | VaLoss: 1.0017 +- 0.0760
 69,  0 | TrAcc: 0.7050, TrLoss:  0.85136, VaAcc: 0.6962, VaLoss:  0.87226	 20 sampled NNs | VaAcc: 0.6746 +- 0.0195 | VaLoss: 0.9411 +- 0.0540
 70,  0 | TrAcc: 0.7179, TrLoss:  0.81258, VaAcc: 0.6937, VaLoss:  0.87581	 20 sampled NNs | VaAcc: 0.6714 +- 0.0239 | VaLoss: 0.9304 +- 0.0566
 71,  0 | TrAcc: 0.6833, TrLoss:  0.89218, VaAcc: 0.7096, VaLoss:  0.88761	 20 sampled NNs | VaAcc: 0.6781 +- 0.0257 | VaLoss: 0.9689 +- 0.0583
 72,  0 | TrAcc: 0.7122, TrLoss:  0.82250, VaAcc: 0.7082, VaLoss:  0.85979	 20 sampled NNs | VaAcc: 0.6768 +- 0.0270 | VaLoss: 0.9335 +- 0.0576
 73,  0 | TrAcc: 0.7027, TrLoss:  0.85519, VaAcc: 0.7097, VaLoss:  0.85966	 20 sampled NNs | VaAcc: 0.6920 +- 0.0220 | VaLoss: 0.9097 +- 0.0696
 74,  0 | TrAcc: 0.7417, TrLoss:  0.73302, VaAcc: 0.7269, VaLoss:  0.81268	 20 sampled NNs | VaAcc: 0.7070 +- 0.0123 | VaLoss: 0.8675 +- 0.0353
 75,  0 | TrAcc: 0.7054, TrLoss:  0.83872, VaAcc: 0.7070, VaLoss:  0.84700	 20 sampled NNs | VaAcc: 0.6849 +- 0.0209 | VaLoss: 0.9069 +- 0.0580
 76,  0 | TrAcc: 0.6783, TrLoss:  0.87853, VaAcc: 0.7071, VaLoss:  0.85843	 20 sampled NNs | VaAcc: 0.6900 +- 0.0154 | VaLoss: 0.9207 +- 0.0443
 77,  0 | TrAcc: 0.7226, TrLoss:  0.78939, VaAcc: 0.7287, VaLoss:  0.80004	 20 sampled NNs | VaAcc: 0.6994 +- 0.0239 | VaLoss: 0.8707 +- 0.0588
 78,  0 | TrAcc: 0.6913, TrLoss:  0.85946, VaAcc: 0.7227, VaLoss:  0.81438	 20 sampled NNs | VaAcc: 0.7020 +- 0.0182 | VaLoss: 0.8670 +- 0.0443
 79,  0 | TrAcc: 0.7311, TrLoss:  0.78249, VaAcc: 0.7228, VaLoss:  0.81147	 20 sampled NNs | VaAcc: 0.6974 +- 0.0241 | VaLoss: 0.8746 +- 0.0690
 80,  0 | TrAcc: 0.7227, TrLoss:  0.78826, VaAcc: 0.7210, VaLoss:  0.79678	 20 sampled NNs | VaAcc: 0.6918 +- 0.0233 | VaLoss: 0.8684 +- 0.0508
 81,  0 | TrAcc: 0.7196, TrLoss:  0.77193, VaAcc: 0.7100, VaLoss:  0.84328	 20 sampled NNs | VaAcc: 0.6971 +- 0.0198 | VaLoss: 0.8890 +- 0.0545
 82,  0 | TrAcc: 0.7380, TrLoss:  0.77608, VaAcc: 0.7324, VaLoss:  0.82614	 20 sampled NNs | VaAcc: 0.7070 +- 0.0143 | VaLoss: 0.9022 +- 0.0347
 83,  0 | TrAcc: 0.6955, TrLoss:  0.86490, VaAcc: 0.7088, VaLoss:  0.85232	 20 sampled NNs | VaAcc: 0.6876 +- 0.0226 | VaLoss: 0.9074 +- 0.0546
 84,  0 | TrAcc: 0.7476, TrLoss:  0.73285, VaAcc: 0.7195, VaLoss:  0.81028	 20 sampled NNs | VaAcc: 0.7043 +- 0.0183 | VaLoss: 0.8390 +- 0.0445
 85,  0 | TrAcc: 0.7239, TrLoss:  0.79131, VaAcc: 0.7297, VaLoss:  0.80472	 20 sampled NNs | VaAcc: 0.7095 +- 0.0159 | VaLoss: 0.8497 +- 0.0468
 86,  0 | TrAcc: 0.7332, TrLoss:  0.75068, VaAcc: 0.7314, VaLoss:  0.80734	 20 sampled NNs | VaAcc: 0.7046 +- 0.0159 | VaLoss: 0.8497 +- 0.0404
 87,  0 | TrAcc: 0.7242, TrLoss:  0.79661, VaAcc: 0.7355, VaLoss:  0.81439	 20 sampled NNs | VaAcc: 0.7119 +- 0.0174 | VaLoss: 0.8601 +- 0.0317
 88,  0 | TrAcc: 0.7303, TrLoss:  0.77064, VaAcc: 0.7264, VaLoss:  0.81748	 20 sampled NNs | VaAcc: 0.7060 +- 0.0246 | VaLoss: 0.8709 +- 0.0508
 89,  0 | TrAcc: 0.7373, TrLoss:  0.73308, VaAcc: 0.7337, VaLoss:  0.79405	 20 sampled NNs | VaAcc: 0.7185 +- 0.0184 | VaLoss: 0.8232 +- 0.0336
 90,  0 | TrAcc: 0.7378, TrLoss:  0.74945, VaAcc: 0.7283, VaLoss:  0.82132	 20 sampled NNs | VaAcc: 0.7121 +- 0.0179 | VaLoss: 0.8589 +- 0.0391
 91,  0 | TrAcc: 0.7504, TrLoss:  0.72010, VaAcc: 0.7315, VaLoss:  0.78116	 20 sampled NNs | VaAcc: 0.7104 +- 0.0212 | VaLoss: 0.8428 +- 0.0538
 92,  0 | TrAcc: 0.7322, TrLoss:  0.76566, VaAcc: 0.7193, VaLoss:  0.80784	 20 sampled NNs | VaAcc: 0.7025 +- 0.0200 | VaLoss: 0.8460 +- 0.0356
 93,  0 | TrAcc: 0.7303, TrLoss:  0.77778, VaAcc: 0.7257, VaLoss:  0.81759	 20 sampled NNs | VaAcc: 0.7068 +- 0.0156 | VaLoss: 0.8626 +- 0.0379
 94,  0 | TrAcc: 0.7414, TrLoss:  0.73191, VaAcc: 0.7035, VaLoss:  0.85978	 20 sampled NNs | VaAcc: 0.6775 +- 0.0206 | VaLoss: 0.9223 +- 0.0358
 95,  0 | TrAcc: 0.7426, TrLoss:  0.73016, VaAcc: 0.7195, VaLoss:  0.82823	 20 sampled NNs | VaAcc: 0.6995 +- 0.0167 | VaLoss: 0.8755 +- 0.0431
 96,  0 | TrAcc: 0.7369, TrLoss:  0.77257, VaAcc: 0.7299, VaLoss:  0.78321	 20 sampled NNs | VaAcc: 0.7092 +- 0.0217 | VaLoss: 0.8311 +- 0.0433
 97,  0 | TrAcc: 0.7380, TrLoss:  0.75514, VaAcc: 0.7125, VaLoss:  0.84086	 20 sampled NNs | VaAcc: 0.6949 +- 0.0184 | VaLoss: 0.8893 +- 0.0360
 98,  0 | TrAcc: 0.7733, TrLoss:  0.64292, VaAcc: 0.7256, VaLoss:  0.82518	 20 sampled NNs | VaAcc: 0.7165 +- 0.0188 | VaLoss: 0.8500 +- 0.0426
 99,  0 | TrAcc: 0.7285, TrLoss:  0.78136, VaAcc: 0.7341, VaLoss:  0.79531	 20 sampled NNs | VaAcc: 0.7180 +- 0.0195 | VaLoss: 0.8264 +- 0.0360
100,  0 | TrAcc: 0.7375, TrLoss:  0.75642, VaAcc: 0.7303, VaLoss:  0.78698	 20 sampled NNs | VaAcc: 0.7136 +- 0.0188 | VaLoss: 0.8344 +- 0.0442
101,  0 | TrAcc: 0.7411, TrLoss:  0.74845, VaAcc: 0.7373, VaLoss:  0.79370	 20 sampled NNs | VaAcc: 0.7211 +- 0.0144 | VaLoss: 0.8229 +- 0.0391
102,  0 | TrAcc: 0.7571, TrLoss:  0.68494, VaAcc: 0.7336, VaLoss:  0.81434	 20 sampled NNs | VaAcc: 0.7182 +- 0.0189 | VaLoss: 0.8451 +- 0.0441
103,  0 | TrAcc: 0.7527, TrLoss:  0.72688, VaAcc: 0.7196, VaLoss:  0.83828	 20 sampled NNs | VaAcc: 0.7074 +- 0.0199 | VaLoss: 0.8759 +- 0.0441
104,  0 | TrAcc: 0.7371, TrLoss:  0.75908, VaAcc: 0.7655, VaLoss:  0.71796	 20 sampled NNs | VaAcc: 0.7477 +- 0.0183 | VaLoss: 0.7668 +- 0.0413
105,  0 | TrAcc: 0.7592, TrLoss:  0.69194, VaAcc: 0.7460, VaLoss:  0.76305	 20 sampled NNs | VaAcc: 0.7357 +- 0.0142 | VaLoss: 0.7943 +- 0.0318
106,  0 | TrAcc: 0.7509, TrLoss:  0.70817, VaAcc: 0.7472, VaLoss:  0.77918	 20 sampled NNs | VaAcc: 0.7337 +- 0.0174 | VaLoss: 0.8059 +- 0.0368
107,  0 | TrAcc: 0.7273, TrLoss:  0.79166, VaAcc: 0.7257, VaLoss:  0.79922	 20 sampled NNs | VaAcc: 0.7071 +- 0.0249 | VaLoss: 0.8397 +- 0.0471
108,  0 | TrAcc: 0.7528, TrLoss:  0.70590, VaAcc: 0.7551, VaLoss:  0.75540	 20 sampled NNs | VaAcc: 0.7324 +- 0.0161 | VaLoss: 0.8026 +- 0.0373
109,  0 | TrAcc: 0.7502, TrLoss:  0.71594, VaAcc: 0.7407, VaLoss:  0.77201	 20 sampled NNs | VaAcc: 0.7321 +- 0.0171 | VaLoss: 0.7998 +- 0.0378
110,  0 | TrAcc: 0.7704, TrLoss:  0.67058, VaAcc: 0.7336, VaLoss:  0.79474	 20 sampled NNs | VaAcc: 0.7242 +- 0.0196 | VaLoss: 0.8185 +- 0.0405
111,  0 | TrAcc: 0.7706, TrLoss:  0.66186, VaAcc: 0.7467, VaLoss:  0.79713	 20 sampled NNs | VaAcc: 0.7389 +- 0.0188 | VaLoss: 0.8227 +- 0.0411
112,  0 | TrAcc: 0.7687, TrLoss:  0.64204, VaAcc: 0.7400, VaLoss:  0.75929	 20 sampled NNs | VaAcc: 0.7298 +- 0.0187 | VaLoss: 0.7899 +- 0.0490
113,  0 | TrAcc: 0.7694, TrLoss:  0.65153, VaAcc: 0.7485, VaLoss:  0.74395	 20 sampled NNs | VaAcc: 0.7305 +- 0.0151 | VaLoss: 0.7763 +- 0.0274
114,  0 | TrAcc: 0.7526, TrLoss:  0.71288, VaAcc: 0.7337, VaLoss:  0.79653	 20 sampled NNs | VaAcc: 0.7200 +- 0.0153 | VaLoss: 0.8273 +- 0.0395
115,  0 | TrAcc: 0.7762, TrLoss:  0.66237, VaAcc: 0.7494, VaLoss:  0.75365	 20 sampled NNs | VaAcc: 0.7357 +- 0.0171 | VaLoss: 0.7892 +- 0.0323
116,  0 | TrAcc: 0.7557, TrLoss:  0.72270, VaAcc: 0.7393, VaLoss:  0.76659	 20 sampled NNs | VaAcc: 0.7258 +- 0.0224 | VaLoss: 0.8110 +- 0.0792
117,  0 | TrAcc: 0.7698, TrLoss:  0.66455, VaAcc: 0.7432, VaLoss:  0.76950	 20 sampled NNs | VaAcc: 0.7279 +- 0.0173 | VaLoss: 0.8080 +- 0.0427
118,  0 | TrAcc: 0.7412, TrLoss:  0.71659, VaAcc: 0.7441, VaLoss:  0.77445	 20 sampled NNs | VaAcc: 0.7233 +- 0.0144 | VaLoss: 0.8227 +- 0.0411
119,  0 | TrAcc: 0.7567, TrLoss:  0.68140, VaAcc: 0.7362, VaLoss:  0.78035	 20 sampled NNs | VaAcc: 0.7201 +- 0.0214 | VaLoss: 0.8278 +- 0.0466
120,  0 | TrAcc: 0.7621, TrLoss:  0.66677, VaAcc: 0.7392, VaLoss:  0.73926	 20 sampled NNs | VaAcc: 0.7275 +- 0.0170 | VaLoss: 0.7748 +- 0.0428
121,  0 | TrAcc: 0.7733, TrLoss:  0.65286, VaAcc: 0.7483, VaLoss:  0.74753	 20 sampled NNs | VaAcc: 0.7408 +- 0.0145 | VaLoss: 0.7730 +- 0.0452
122,  0 | TrAcc: 0.7619, TrLoss:  0.68336, VaAcc: 0.7490, VaLoss:  0.76531	 20 sampled NNs | VaAcc: 0.7435 +- 0.0157 | VaLoss: 0.7798 +- 0.0483
123,  0 | TrAcc: 0.7522, TrLoss:  0.70060, VaAcc: 0.7454, VaLoss:  0.77171	 20 sampled NNs | VaAcc: 0.7316 +- 0.0147 | VaLoss: 0.7983 +- 0.0384
124,  0 | TrAcc: 0.7634, TrLoss:  0.67868, VaAcc: 0.7519, VaLoss:  0.75394	 20 sampled NNs | VaAcc: 0.7349 +- 0.0098 | VaLoss: 0.7793 +- 0.0369
125,  0 | TrAcc: 0.7783, TrLoss:  0.64478, VaAcc: 0.7542, VaLoss:  0.76484	 20 sampled NNs | VaAcc: 0.7485 +- 0.0138 | VaLoss: 0.7782 +- 0.0264
126,  0 | TrAcc: 0.7933, TrLoss:  0.60022, VaAcc: 0.7565, VaLoss:  0.77261	 20 sampled NNs | VaAcc: 0.7436 +- 0.0103 | VaLoss: 0.7990 +- 0.0321
127,  0 | TrAcc: 0.7627, TrLoss:  0.67870, VaAcc: 0.7472, VaLoss:  0.77616	 20 sampled NNs | VaAcc: 0.7366 +- 0.0149 | VaLoss: 0.7904 +- 0.0268
128,  0 | TrAcc: 0.7744, TrLoss:  0.65436, VaAcc: 0.7621, VaLoss:  0.72768	 20 sampled NNs | VaAcc: 0.7509 +- 0.0122 | VaLoss: 0.7525 +- 0.0284
129,  0 | TrAcc: 0.7697, TrLoss:  0.68454, VaAcc: 0.7627, VaLoss:  0.73197	 20 sampled NNs | VaAcc: 0.7493 +- 0.0143 | VaLoss: 0.7717 +- 0.0338
130,  0 | TrAcc: 0.7638, TrLoss:  0.67148, VaAcc: 0.7528, VaLoss:  0.73542	 20 sampled NNs | VaAcc: 0.7392 +- 0.0149 | VaLoss: 0.7697 +- 0.0369
131,  0 | TrAcc: 0.7802, TrLoss:  0.63353, VaAcc: 0.7434, VaLoss:  0.77306	 20 sampled NNs | VaAcc: 0.7360 +- 0.0126 | VaLoss: 0.7876 +- 0.0284
132,  0 | TrAcc: 0.7572, TrLoss:  0.67946, VaAcc: 0.7443, VaLoss:  0.74854	 20 sampled NNs | VaAcc: 0.7305 +- 0.0155 | VaLoss: 0.7804 +- 0.0243
133,  0 | TrAcc: 0.7736, TrLoss:  0.64643, VaAcc: 0.7545, VaLoss:  0.75986	 20 sampled NNs | VaAcc: 0.7406 +- 0.0157 | VaLoss: 0.7915 +- 0.0311
134,  0 | TrAcc: 0.7826, TrLoss:  0.62710, VaAcc: 0.7371, VaLoss:  0.78064	 20 sampled NNs | VaAcc: 0.7305 +- 0.0145 | VaLoss: 0.8115 +- 0.0270
135,  0 | TrAcc: 0.7498, TrLoss:  0.69100, VaAcc: 0.7517, VaLoss:  0.77919	 20 sampled NNs | VaAcc: 0.7419 +- 0.0138 | VaLoss: 0.8018 +- 0.0379
136,  0 | TrAcc: 0.7537, TrLoss:  0.70579, VaAcc: 0.7457, VaLoss:  0.73159	 20 sampled NNs | VaAcc: 0.7375 +- 0.0125 | VaLoss: 0.7709 +- 0.0613
137,  0 | TrAcc: 0.7657, TrLoss:  0.65953, VaAcc: 0.7300, VaLoss:  0.79217	 20 sampled NNs | VaAcc: 0.7170 +- 0.0158 | VaLoss: 0.8362 +- 0.0408
138,  0 | TrAcc: 0.7653, TrLoss:  0.65758, VaAcc: 0.7630, VaLoss:  0.74197	 20 sampled NNs | VaAcc: 0.7542 +- 0.0115 | VaLoss: 0.7597 +- 0.0281
139,  0 | TrAcc: 0.7807, TrLoss:  0.62047, VaAcc: 0.7604, VaLoss:  0.70194	 20 sampled NNs | VaAcc: 0.7492 +- 0.0145 | VaLoss: 0.7334 +- 0.0322
140,  0 | TrAcc: 0.7975, TrLoss:  0.57332, VaAcc: 0.7668, VaLoss:  0.71780	 20 sampled NNs | VaAcc: 0.7583 +- 0.0138 | VaLoss: 0.7450 +- 0.0378
141,  0 | TrAcc: 0.7666, TrLoss:  0.66649, VaAcc: 0.7638, VaLoss:  0.71359	 20 sampled NNs | VaAcc: 0.7563 +- 0.0103 | VaLoss: 0.7414 +- 0.0259
142,  0 | TrAcc: 0.7611, TrLoss:  0.67558, VaAcc: 0.7570, VaLoss:  0.75177	 20 sampled NNs | VaAcc: 0.7448 +- 0.0144 | VaLoss: 0.7735 +- 0.0320
143,  0 | TrAcc: 0.7618, TrLoss:  0.66385, VaAcc: 0.7581, VaLoss:  0.72534	 20 sampled NNs | VaAcc: 0.7481 +- 0.0150 | VaLoss: 0.7571 +- 0.0365
144,  0 | TrAcc: 0.7824, TrLoss:  0.65447, VaAcc: 0.7798, VaLoss:  0.69147	 20 sampled NNs | VaAcc: 0.7691 +- 0.0142 | VaLoss: 0.7186 +- 0.0386
145,  0 | TrAcc: 0.7633, TrLoss:  0.65194, VaAcc: 0.7636, VaLoss:  0.71943	 20 sampled NNs | VaAcc: 0.7580 +- 0.0118 | VaLoss: 0.7367 +- 0.0384
146,  0 | TrAcc: 0.7701, TrLoss:  0.68260, VaAcc: 0.7432, VaLoss:  0.78917	 20 sampled NNs | VaAcc: 0.7319 +- 0.0092 | VaLoss: 0.8201 +- 0.0426
147,  0 | TrAcc: 0.7983, TrLoss:  0.57717, VaAcc: 0.7551, VaLoss:  0.75270	 20 sampled NNs | VaAcc: 0.7475 +- 0.0127 | VaLoss: 0.7820 +- 0.0334
148,  0 | TrAcc: 0.7839, TrLoss:  0.62897, VaAcc: 0.7636, VaLoss:  0.72435	 20 sampled NNs | VaAcc: 0.7492 +- 0.0146 | VaLoss: 0.7613 +- 0.0458
149,  0 | TrAcc: 0.7752, TrLoss:  0.63700, VaAcc: 0.7620, VaLoss:  0.73153	 20 sampled NNs | VaAcc: 0.7494 +- 0.0134 | VaLoss: 0.7584 +- 0.0311
150,  0 | TrAcc: 0.7813, TrLoss:  0.62561, VaAcc: 0.7635, VaLoss:  0.75499	 20 sampled NNs | VaAcc: 0.7488 +- 0.0146 | VaLoss: 0.7875 +- 0.0222
151,  0 | TrAcc: 0.7970, TrLoss:  0.58904, VaAcc: 0.7726, VaLoss:  0.72482	 20 sampled NNs | VaAcc: 0.7629 +- 0.0091 | VaLoss: 0.7362 +- 0.0244
152,  0 | TrAcc: 0.7778, TrLoss:  0.65083, VaAcc: 0.7731, VaLoss:  0.70769	 20 sampled NNs | VaAcc: 0.7650 +- 0.0142 | VaLoss: 0.7322 +- 0.0347
153,  0 | TrAcc: 0.7876, TrLoss:  0.59166, VaAcc: 0.7543, VaLoss:  0.77692	 20 sampled NNs | VaAcc: 0.7421 +- 0.0147 | VaLoss: 0.7995 +- 0.0365
154,  0 | TrAcc: 0.7632, TrLoss:  0.64788, VaAcc: 0.7381, VaLoss:  0.77741	 20 sampled NNs | VaAcc: 0.7308 +- 0.0164 | VaLoss: 0.7910 +- 0.0333
155,  0 | TrAcc: 0.7598, TrLoss:  0.67679, VaAcc: 0.7466, VaLoss:  0.74844	 20 sampled NNs | VaAcc: 0.7386 +- 0.0096 | VaLoss: 0.7677 +- 0.0304
156,  0 | TrAcc: 0.7644, TrLoss:  0.66690, VaAcc: 0.7607, VaLoss:  0.73628	 20 sampled NNs | VaAcc: 0.7555 +- 0.0144 | VaLoss: 0.7539 +- 0.0327
157,  0 | TrAcc: 0.8083, TrLoss:  0.55409, VaAcc: 0.7654, VaLoss:  0.75359	 20 sampled NNs | VaAcc: 0.7610 +- 0.0082 | VaLoss: 0.7638 +- 0.0208
158,  0 | TrAcc: 0.7802, TrLoss:  0.63163, VaAcc: 0.7616, VaLoss:  0.72063	 20 sampled NNs | VaAcc: 0.7562 +- 0.0113 | VaLoss: 0.7337 +- 0.0219
159,  0 | TrAcc: 0.8043, TrLoss:  0.56520, VaAcc: 0.7707, VaLoss:  0.73778	 20 sampled NNs | VaAcc: 0.7607 +- 0.0124 | VaLoss: 0.7580 +- 0.0353
160,  0 | TrAcc: 0.7717, TrLoss:  0.65917, VaAcc: 0.7701, VaLoss:  0.69090	 20 sampled NNs | VaAcc: 0.7590 +- 0.0111 | VaLoss: 0.7147 +- 0.0261
161,  0 | TrAcc: 0.7786, TrLoss:  0.66170, VaAcc: 0.7596, VaLoss:  0.71620	 20 sampled NNs | VaAcc: 0.7554 +- 0.0127 | VaLoss: 0.7402 +- 0.0285
162,  0 | TrAcc: 0.7703, TrLoss:  0.63103, VaAcc: 0.7590, VaLoss:  0.71047	 20 sampled NNs | VaAcc: 0.7493 +- 0.0138 | VaLoss: 0.7318 +- 0.0297
163,  0 | TrAcc: 0.7876, TrLoss:  0.59870, VaAcc: 0.7664, VaLoss:  0.74160	 20 sampled NNs | VaAcc: 0.7490 +- 0.0125 | VaLoss: 0.7758 +- 0.0317
164,  0 | TrAcc: 0.7988, TrLoss:  0.56639, VaAcc: 0.7666, VaLoss:  0.71842	 20 sampled NNs | VaAcc: 0.7552 +- 0.0107 | VaLoss: 0.7475 +- 0.0235
165,  0 | TrAcc: 0.7963, TrLoss:  0.59983, VaAcc: 0.7516, VaLoss:  0.74500	 20 sampled NNs | VaAcc: 0.7448 +- 0.0108 | VaLoss: 0.7659 +- 0.0372
166,  0 | TrAcc: 0.7866, TrLoss:  0.59283, VaAcc: 0.7651, VaLoss:  0.72925	 20 sampled NNs | VaAcc: 0.7534 +- 0.0142 | VaLoss: 0.7517 +- 0.0321
167,  0 | TrAcc: 0.7926, TrLoss:  0.58275, VaAcc: 0.7458, VaLoss:  0.76108	 20 sampled NNs | VaAcc: 0.7411 +- 0.0158 | VaLoss: 0.7715 +- 0.0325
168,  0 | TrAcc: 0.7821, TrLoss:  0.59903, VaAcc: 0.7467, VaLoss:  0.73200	 20 sampled NNs | VaAcc: 0.7404 +- 0.0125 | VaLoss: 0.7584 +- 0.0324
169,  0 | TrAcc: 0.7903, TrLoss:  0.59606, VaAcc: 0.7460, VaLoss:  0.73174	 20 sampled NNs | VaAcc: 0.7373 +- 0.0154 | VaLoss: 0.7574 +- 0.0356
170,  0 | TrAcc: 0.7859, TrLoss:  0.63120, VaAcc: 0.7717, VaLoss:  0.70298	 20 sampled NNs | VaAcc: 0.7636 +- 0.0113 | VaLoss: 0.7196 +- 0.0376
171,  0 | TrAcc: 0.7997, TrLoss:  0.58221, VaAcc: 0.7554, VaLoss:  0.74765	 20 sampled NNs | VaAcc: 0.7492 +- 0.0135 | VaLoss: 0.7626 +- 0.0336
172,  0 | TrAcc: 0.7911, TrLoss:  0.58542, VaAcc: 0.7717, VaLoss:  0.68598	 20 sampled NNs | VaAcc: 0.7693 +- 0.0115 | VaLoss: 0.6993 +- 0.0315
173,  0 | TrAcc: 0.7835, TrLoss:  0.63628, VaAcc: 0.7512, VaLoss:  0.74772	 20 sampled NNs | VaAcc: 0.7417 +- 0.0130 | VaLoss: 0.7812 +- 0.0348
174,  0 | TrAcc: 0.7818, TrLoss:  0.62075, VaAcc: 0.7584, VaLoss:  0.71495	 20 sampled NNs | VaAcc: 0.7510 +- 0.0113 | VaLoss: 0.7464 +- 0.0328
175,  0 | TrAcc: 0.7897, TrLoss:  0.58812, VaAcc: 0.7565, VaLoss:  0.76346	 20 sampled NNs | VaAcc: 0.7497 +- 0.0073 | VaLoss: 0.7772 +- 0.0253
176,  0 | TrAcc: 0.8136, TrLoss:  0.54610, VaAcc: 0.7702, VaLoss:  0.69333	 20 sampled NNs | VaAcc: 0.7691 +- 0.0129 | VaLoss: 0.7010 +- 0.0339
177,  0 | TrAcc: 0.7951, TrLoss:  0.55068, VaAcc: 0.7564, VaLoss:  0.74744	 20 sampled NNs | VaAcc: 0.7507 +- 0.0148 | VaLoss: 0.7640 +- 0.0405
178,  0 | TrAcc: 0.7734, TrLoss:  0.65513, VaAcc: 0.7459, VaLoss:  0.78194	 20 sampled NNs | VaAcc: 0.7371 +- 0.0141 | VaLoss: 0.8134 +- 0.0427
179,  0 | TrAcc: 0.7719, TrLoss:  0.65386, VaAcc: 0.7399, VaLoss:  0.81175	 20 sampled NNs | VaAcc: 0.7323 +- 0.0144 | VaLoss: 0.8239 +- 0.0321
180,  0 | TrAcc: 0.7975, TrLoss:  0.57323, VaAcc: 0.7670, VaLoss:  0.71848	 20 sampled NNs | VaAcc: 0.7618 +- 0.0092 | VaLoss: 0.7315 +- 0.0246
181,  0 | TrAcc: 0.7730, TrLoss:  0.63035, VaAcc: 0.7576, VaLoss:  0.72774	 20 sampled NNs | VaAcc: 0.7499 +- 0.0150 | VaLoss: 0.7409 +- 0.0317
182,  0 | TrAcc: 0.7749, TrLoss:  0.65956, VaAcc: 0.7458, VaLoss:  0.75141	 20 sampled NNs | VaAcc: 0.7365 +- 0.0109 | VaLoss: 0.7813 +- 0.0304
183,  0 | TrAcc: 0.7917, TrLoss:  0.59700, VaAcc: 0.7613, VaLoss:  0.72856	 20 sampled NNs | VaAcc: 0.7541 +- 0.0097 | VaLoss: 0.7422 +- 0.0229
184,  0 | TrAcc: 0.7874, TrLoss:  0.62060, VaAcc: 0.7503, VaLoss:  0.78644	 20 sampled NNs | VaAcc: 0.7439 +- 0.0134 | VaLoss: 0.8027 +- 0.0250
185,  0 | TrAcc: 0.7912, TrLoss:  0.62171, VaAcc: 0.7572, VaLoss:  0.72597	 20 sampled NNs | VaAcc: 0.7538 +- 0.0095 | VaLoss: 0.7334 +- 0.0287
186,  0 | TrAcc: 0.8150, TrLoss:  0.51711, VaAcc: 0.7440, VaLoss:  0.79886	 20 sampled NNs | VaAcc: 0.7431 +- 0.0131 | VaLoss: 0.8030 +- 0.0420
187,  0 | TrAcc: 0.7885, TrLoss:  0.59828, VaAcc: 0.7347, VaLoss:  0.84044	 20 sampled NNs | VaAcc: 0.7290 +- 0.0143 | VaLoss: 0.8484 +- 0.0342
188,  0 | TrAcc: 0.7837, TrLoss:  0.62600, VaAcc: 0.7530, VaLoss:  0.75838	 20 sampled NNs | VaAcc: 0.7490 +- 0.0142 | VaLoss: 0.7761 +- 0.0385
189,  0 | TrAcc: 0.7868, TrLoss:  0.61168, VaAcc: 0.7396, VaLoss:  0.76081	 20 sampled NNs | VaAcc: 0.7352 +- 0.0143 | VaLoss: 0.7734 +- 0.0355
190,  0 | TrAcc: 0.7878, TrLoss:  0.62297, VaAcc: 0.7766, VaLoss:  0.72494	 20 sampled NNs | VaAcc: 0.7714 +- 0.0089 | VaLoss: 0.7461 +- 0.0276
191,  0 | TrAcc: 0.7962, TrLoss:  0.58172, VaAcc: 0.7593, VaLoss:  0.73162	 20 sampled NNs | VaAcc: 0.7546 +- 0.0111 | VaLoss: 0.7469 +- 0.0372
192,  0 | TrAcc: 0.7916, TrLoss:  0.61314, VaAcc: 0.7532, VaLoss:  0.74922	 20 sampled NNs | VaAcc: 0.7445 +- 0.0122 | VaLoss: 0.7702 +- 0.0291
193,  0 | TrAcc: 0.7949, TrLoss:  0.59705, VaAcc: 0.7570, VaLoss:  0.74758	 20 sampled NNs | VaAcc: 0.7550 +- 0.0095 | VaLoss: 0.7513 +- 0.0242
194,  0 | TrAcc: 0.7735, TrLoss:  0.66627, VaAcc: 0.7403, VaLoss:  0.75508	 20 sampled NNs | VaAcc: 0.7319 +- 0.0090 | VaLoss: 0.7782 +- 0.0276
195,  0 | TrAcc: 0.7826, TrLoss:  0.62447, VaAcc: 0.7562, VaLoss:  0.74432	 20 sampled NNs | VaAcc: 0.7465 +- 0.0154 | VaLoss: 0.7626 +- 0.0329
196,  0 | TrAcc: 0.7803, TrLoss:  0.61118, VaAcc: 0.7410, VaLoss:  0.78949	 20 sampled NNs | VaAcc: 0.7328 +- 0.0109 | VaLoss: 0.8013 +- 0.0387
197,  0 | TrAcc: 0.8016, TrLoss:  0.54213, VaAcc: 0.7450, VaLoss:  0.79073	 20 sampled NNs | VaAcc: 0.7377 +- 0.0143 | VaLoss: 0.8106 +- 0.0211
198,  0 | TrAcc: 0.7792, TrLoss:  0.63645, VaAcc: 0.7742, VaLoss:  0.66771	 20 sampled NNs | VaAcc: 0.7694 +- 0.0120 | VaLoss: 0.6797 +- 0.0305
199,  0 | TrAcc: 0.7952, TrLoss:  0.58787, VaAcc: 0.7403, VaLoss:  0.76853	 20 sampled NNs | VaAcc: 0.7304 +- 0.0135 | VaLoss: 0.7868 +- 0.0268
200,  0 | TrAcc: 0.7820, TrLoss:  0.62279, VaAcc: 0.7626, VaLoss:  0.71215	 20 sampled NNs | VaAcc: 0.7641 +- 0.0089 | VaLoss: 0.7161 +- 0.0307
201,  0 | TrAcc: 0.7875, TrLoss:  0.62074, VaAcc: 0.7696, VaLoss:  0.70012	 20 sampled NNs | VaAcc: 0.7581 +- 0.0101 | VaLoss: 0.7206 +- 0.0229
202,  0 | TrAcc: 0.7669, TrLoss:  0.64102, VaAcc: 0.7435, VaLoss:  0.77554	 20 sampled NNs | VaAcc: 0.7318 +- 0.0432 | VaLoss: 0.8149 +- 0.1649
203,  0 | TrAcc: 0.7970, TrLoss:  0.59705, VaAcc: 0.7791, VaLoss:  0.70373	 20 sampled NNs | VaAcc: 0.7732 +- 0.0127 | VaLoss: 0.7162 +- 0.0246
204,  0 | TrAcc: 0.8012, TrLoss:  0.58816, VaAcc: 0.7635, VaLoss:  0.70842	 20 sampled NNs | VaAcc: 0.7587 +- 0.0087 | VaLoss: 0.7235 +- 0.0250
205,  0 | TrAcc: 0.7768, TrLoss:  0.60712, VaAcc: 0.7582, VaLoss:  0.75612	 20 sampled NNs | VaAcc: 0.7529 +- 0.0104 | VaLoss: 0.7684 +- 0.0214
206,  0 | TrAcc: 0.7882, TrLoss:  0.62753, VaAcc: 0.7623, VaLoss:  0.69872	 20 sampled NNs | VaAcc: 0.7562 +- 0.0111 | VaLoss: 0.7178 +- 0.0272
207,  0 | TrAcc: 0.7860, TrLoss:  0.59501, VaAcc: 0.7624, VaLoss:  0.70825	 20 sampled NNs | VaAcc: 0.7565 +- 0.0109 | VaLoss: 0.7146 +- 0.0179
208,  0 | TrAcc: 0.7838, TrLoss:  0.59604, VaAcc: 0.7423, VaLoss:  0.75082	 20 sampled NNs | VaAcc: 0.7389 +- 0.0123 | VaLoss: 0.7664 +- 0.0208
209,  0 | TrAcc: 0.7867, TrLoss:  0.58074, VaAcc: 0.7490, VaLoss:  0.73400	 20 sampled NNs | VaAcc: 0.7401 +- 0.0122 | VaLoss: 0.7439 +- 0.0290
210,  0 | TrAcc: 0.7990, TrLoss:  0.60025, VaAcc: 0.7803, VaLoss:  0.67905	 20 sampled NNs | VaAcc: 0.7766 +- 0.0093 | VaLoss: 0.6861 +- 0.0205
211,  0 | TrAcc: 0.7703, TrLoss:  0.62671, VaAcc: 0.7592, VaLoss:  0.73990	 20 sampled NNs | VaAcc: 0.7502 +- 0.0135 | VaLoss: 0.7557 +- 0.0241
212,  0 | TrAcc: 0.7896, TrLoss:  0.58598, VaAcc: 0.7785, VaLoss:  0.68191	 20 sampled NNs | VaAcc: 0.7675 +- 0.0128 | VaLoss: 0.6960 +- 0.0276
213,  0 | TrAcc: 0.7863, TrLoss:  0.64052, VaAcc: 0.7697, VaLoss:  0.73003	 20 sampled NNs | VaAcc: 0.7589 +- 0.0103 | VaLoss: 0.7508 +- 0.0309
214,  0 | TrAcc: 0.7875, TrLoss:  0.59640, VaAcc: 0.7357, VaLoss:  0.78310	 20 sampled NNs | VaAcc: 0.7269 +- 0.0114 | VaLoss: 0.8052 +- 0.0266
215,  0 | TrAcc: 0.8101, TrLoss:  0.54935, VaAcc: 0.7668, VaLoss:  0.70981	 20 sampled NNs | VaAcc: 0.7657 +- 0.0094 | VaLoss: 0.7154 +- 0.0229
216,  0 | TrAcc: 0.8065, TrLoss:  0.55121, VaAcc: 0.7488, VaLoss:  0.76093	 20 sampled NNs | VaAcc: 0.7492 +- 0.0086 | VaLoss: 0.7623 +- 0.0279
217,  0 | TrAcc: 0.8042, TrLoss:  0.54970, VaAcc: 0.7490, VaLoss:  0.77647	 20 sampled NNs | VaAcc: 0.7480 +- 0.0138 | VaLoss: 0.7709 +- 0.0323
218,  0 | TrAcc: 0.7955, TrLoss:  0.60227, VaAcc: 0.7778, VaLoss:  0.71611	 20 sampled NNs | VaAcc: 0.7699 +- 0.0100 | VaLoss: 0.7308 +- 0.0225
219,  0 | TrAcc: 0.8016, TrLoss:  0.56961, VaAcc: 0.7405, VaLoss:  0.77026	 20 sampled NNs | VaAcc: 0.7375 +- 0.0118 | VaLoss: 0.7657 +- 0.0253
220,  0 | TrAcc: 0.7973, TrLoss:  0.54938, VaAcc: 0.7471, VaLoss:  0.78144	 20 sampled NNs | VaAcc: 0.7476 +- 0.0141 | VaLoss: 0.7820 +- 0.0286
221,  0 | TrAcc: 0.7826, TrLoss:  0.61734, VaAcc: 0.7523, VaLoss:  0.75035	 20 sampled NNs | VaAcc: 0.7469 +- 0.0070 | VaLoss: 0.7564 +- 0.0242
222,  0 | TrAcc: 0.8035, TrLoss:  0.54906, VaAcc: 0.7517, VaLoss:  0.75312	 20 sampled NNs | VaAcc: 0.7498 +- 0.0114 | VaLoss: 0.7580 +- 0.0300
223,  0 | TrAcc: 0.7965, TrLoss:  0.59228, VaAcc: 0.7651, VaLoss:  0.74499	 20 sampled NNs | VaAcc: 0.7588 +- 0.0119 | VaLoss: 0.7523 +- 0.0211
224,  0 | TrAcc: 0.8030, TrLoss:  0.55692, VaAcc: 0.7720, VaLoss:  0.67704	 20 sampled NNs | VaAcc: 0.7674 +- 0.0090 | VaLoss: 0.6852 +- 0.0230
225,  0 | TrAcc: 0.7905, TrLoss:  0.60762, VaAcc: 0.7620, VaLoss:  0.70835	 20 sampled NNs | VaAcc: 0.7562 +- 0.0098 | VaLoss: 0.7169 +- 0.0291
226,  0 | TrAcc: 0.7868, TrLoss:  0.60794, VaAcc: 0.7553, VaLoss:  0.74816	 20 sampled NNs | VaAcc: 0.7461 +- 0.0104 | VaLoss: 0.7802 +- 0.0390
227,  0 | TrAcc: 0.7968, TrLoss:  0.59226, VaAcc: 0.7502, VaLoss:  0.76277	 20 sampled NNs | VaAcc: 0.7410 +- 0.0081 | VaLoss: 0.7769 +- 0.0181
228,  0 | TrAcc: 0.8032, TrLoss:  0.57374, VaAcc: 0.7564, VaLoss:  0.75638	 20 sampled NNs | VaAcc: 0.7463 +- 0.0143 | VaLoss: 0.7797 +- 0.0284
229,  0 | TrAcc: 0.7950, TrLoss:  0.57899, VaAcc: 0.7490, VaLoss:  0.76466	 20 sampled NNs | VaAcc: 0.7405 +- 0.0132 | VaLoss: 0.7836 +- 0.0303
230,  0 | TrAcc: 0.8084, TrLoss:  0.53191, VaAcc: 0.7751, VaLoss:  0.72383	 20 sampled NNs | VaAcc: 0.7719 +- 0.0087 | VaLoss: 0.7382 +- 0.0321
231,  0 | TrAcc: 0.7710, TrLoss:  0.63578, VaAcc: 0.7533, VaLoss:  0.77679	 20 sampled NNs | VaAcc: 0.7509 +- 0.0102 | VaLoss: 0.7785 +- 0.0290
232,  0 | TrAcc: 0.8029, TrLoss:  0.58043, VaAcc: 0.7593, VaLoss:  0.73183	 20 sampled NNs | VaAcc: 0.7509 +- 0.0112 | VaLoss: 0.7479 +- 0.0239
233,  0 | TrAcc: 0.7973, TrLoss:  0.58234, VaAcc: 0.7691, VaLoss:  0.68840	 20 sampled NNs | VaAcc: 0.7568 +- 0.0080 | VaLoss: 0.7087 +- 0.0245
234,  0 | TrAcc: 0.7893, TrLoss:  0.60197, VaAcc: 0.7577, VaLoss:  0.72641	 20 sampled NNs | VaAcc: 0.7547 +- 0.0091 | VaLoss: 0.7375 +- 0.0280
235,  0 | TrAcc: 0.7960, TrLoss:  0.57494, VaAcc: 0.7629, VaLoss:  0.72729	 20 sampled NNs | VaAcc: 0.7570 +- 0.0151 | VaLoss: 0.7348 +- 0.0294
236,  0 | TrAcc: 0.8013, TrLoss:  0.56625, VaAcc: 0.7600, VaLoss:  0.76880	 20 sampled NNs | VaAcc: 0.7545 +- 0.0089 | VaLoss: 0.7875 +- 0.0220
237,  0 | TrAcc: 0.7807, TrLoss:  0.61435, VaAcc: 0.7375, VaLoss:  0.78602	 20 sampled NNs | VaAcc: 0.7314 +- 0.0098 | VaLoss: 0.7939 +- 0.0287
238,  0 | TrAcc: 0.8254, TrLoss:  0.49568, VaAcc: 0.7610, VaLoss:  0.74825	 20 sampled NNs | VaAcc: 0.7579 +- 0.0090 | VaLoss: 0.7547 +- 0.0313
239,  0 | TrAcc: 0.7889, TrLoss:  0.59264, VaAcc: 0.7709, VaLoss:  0.75240	 20 sampled NNs | VaAcc: 0.7677 +- 0.0074 | VaLoss: 0.7525 +- 0.0307
240,  0 | TrAcc: 0.8119, TrLoss:  0.53943, VaAcc: 0.7675, VaLoss:  0.71375	 20 sampled NNs | VaAcc: 0.7664 +- 0.0098 | VaLoss: 0.7208 +- 0.0205
241,  0 | TrAcc: 0.8209, TrLoss:  0.51480, VaAcc: 0.7538, VaLoss:  0.77175	 20 sampled NNs | VaAcc: 0.7473 +- 0.0081 | VaLoss: 0.7835 +- 0.0376
242,  0 | TrAcc: 0.8052, TrLoss:  0.56128, VaAcc: 0.7786, VaLoss:  0.71823	 20 sampled NNs | VaAcc: 0.7713 +- 0.0109 | VaLoss: 0.7314 +- 0.0226
243,  0 | TrAcc: 0.7945, TrLoss:  0.57674, VaAcc: 0.7414, VaLoss:  0.80330	 20 sampled NNs | VaAcc: 0.7389 +- 0.0127 | VaLoss: 0.8096 +- 0.0287
244,  0 | TrAcc: 0.8187, TrLoss:  0.52614, VaAcc: 0.7616, VaLoss:  0.72498	 20 sampled NNs | VaAcc: 0.7576 +- 0.0054 | VaLoss: 0.7225 +- 0.0177
245,  0 | TrAcc: 0.8160, TrLoss:  0.52507, VaAcc: 0.7476, VaLoss:  0.77538	 20 sampled NNs | VaAcc: 0.7452 +- 0.0129 | VaLoss: 0.7784 +- 0.0231
246,  0 | TrAcc: 0.8235, TrLoss:  0.51673, VaAcc: 0.7618, VaLoss:  0.73265	 20 sampled NNs | VaAcc: 0.7594 +- 0.0124 | VaLoss: 0.7282 +- 0.0266
247,  0 | TrAcc: 0.8253, TrLoss:  0.50882, VaAcc: 0.7657, VaLoss:  0.73499	 20 sampled NNs | VaAcc: 0.7630 +- 0.0104 | VaLoss: 0.7445 +- 0.0261
248,  0 | TrAcc: 0.7738, TrLoss:  0.65458, VaAcc: 0.7597, VaLoss:  0.75846	 20 sampled NNs | VaAcc: 0.7563 +- 0.0137 | VaLoss: 0.7637 +- 0.0321
249,  0 | TrAcc: 0.7997, TrLoss:  0.54160, VaAcc: 0.7447, VaLoss:  0.78069	 20 sampled NNs | VaAcc: 0.7414 +- 0.0120 | VaLoss: 0.7982 +- 0.0389
250,  0 | TrAcc: 0.7960, TrLoss:  0.56746, VaAcc: 0.7696, VaLoss:  0.69438	 20 sampled NNs | VaAcc: 0.7663 +- 0.0105 | VaLoss: 0.7088 +- 0.0261
251,  0 | TrAcc: 0.7967, TrLoss:  0.58085, VaAcc: 0.7667, VaLoss:  0.77987	 20 sampled NNs | VaAcc: 0.7651 +- 0.0111 | VaLoss: 0.7834 +- 0.0258
252,  0 | TrAcc: 0.8063, TrLoss:  0.56281, VaAcc: 0.7683, VaLoss:  0.75353	 20 sampled NNs | VaAcc: 0.7624 +- 0.0081 | VaLoss: 0.7675 +- 0.0256
253,  0 | TrAcc: 0.8082, TrLoss:  0.54613, VaAcc: 0.7577, VaLoss:  0.74929	 20 sampled NNs | VaAcc: 0.7524 +- 0.0091 | VaLoss: 0.7645 +- 0.0286
254,  0 | TrAcc: 0.7937, TrLoss:  0.56709, VaAcc: 0.7719, VaLoss:  0.73682	 20 sampled NNs | VaAcc: 0.7685 +- 0.0122 | VaLoss: 0.7394 +- 0.0256
255,  0 | TrAcc: 0.7965, TrLoss:  0.56677, VaAcc: 0.7873, VaLoss:  0.63570	 20 sampled NNs | VaAcc: 0.7860 +- 0.0083 | VaLoss: 0.6506 +- 0.0245
256,  0 | TrAcc: 0.7971, TrLoss:  0.56368, VaAcc: 0.7670, VaLoss:  0.69984	 20 sampled NNs | VaAcc: 0.7649 +- 0.0065 | VaLoss: 0.7008 +- 0.0194
257,  0 | TrAcc: 0.8066, TrLoss:  0.54398, VaAcc: 0.7724, VaLoss:  0.71911	 20 sampled NNs | VaAcc: 0.7642 +- 0.0120 | VaLoss: 0.7284 +- 0.0318
258,  0 | TrAcc: 0.8224, TrLoss:  0.52116, VaAcc: 0.7713, VaLoss:  0.70730	 20 sampled NNs | VaAcc: 0.7639 +- 0.0107 | VaLoss: 0.7229 +- 0.0267
259,  0 | TrAcc: 0.8013, TrLoss:  0.56909, VaAcc: 0.7771, VaLoss:  0.70975	 20 sampled NNs | VaAcc: 0.7762 +- 0.0094 | VaLoss: 0.7215 +- 0.0244
260,  0 | TrAcc: 0.8017, TrLoss:  0.57881, VaAcc: 0.7364, VaLoss:  0.78600	 20 sampled NNs | VaAcc: 0.7281 +- 0.0106 | VaLoss: 0.8054 +- 0.0270
261,  0 | TrAcc: 0.8091, TrLoss:  0.53933, VaAcc: 0.7526, VaLoss:  0.71477	 20 sampled NNs | VaAcc: 0.7503 +- 0.0082 | VaLoss: 0.7194 +- 0.0202
262,  0 | TrAcc: 0.8183, TrLoss:  0.51753, VaAcc: 0.7654, VaLoss:  0.73598	 20 sampled NNs | VaAcc: 0.7648 +- 0.0092 | VaLoss: 0.7354 +- 0.0254
263,  0 | TrAcc: 0.8116, TrLoss:  0.54350, VaAcc: 0.7568, VaLoss:  0.75755	 20 sampled NNs | VaAcc: 0.7578 +- 0.0089 | VaLoss: 0.7533 +- 0.0185
264,  0 | TrAcc: 0.7909, TrLoss:  0.60354, VaAcc: 0.7628, VaLoss:  0.71495	 20 sampled NNs | VaAcc: 0.7621 +- 0.0129 | VaLoss: 0.7072 +- 0.0253
265,  0 | TrAcc: 0.8165, TrLoss:  0.51153, VaAcc: 0.7778, VaLoss:  0.71271	 20 sampled NNs | VaAcc: 0.7734 +- 0.0109 | VaLoss: 0.7231 +- 0.0266
266,  0 | TrAcc: 0.8152, TrLoss:  0.52611, VaAcc: 0.7645, VaLoss:  0.71888	 20 sampled NNs | VaAcc: 0.7580 +- 0.0104 | VaLoss: 0.7329 +- 0.0217
267,  0 | TrAcc: 0.8081, TrLoss:  0.54491, VaAcc: 0.7552, VaLoss:  0.75914	 20 sampled NNs | VaAcc: 0.7502 +- 0.0101 | VaLoss: 0.7719 +- 0.0281
268,  0 | TrAcc: 0.8301, TrLoss:  0.48081, VaAcc: 0.7759, VaLoss:  0.69681	 20 sampled NNs | VaAcc: 0.7712 +- 0.0118 | VaLoss: 0.6980 +- 0.0226
269,  0 | TrAcc: 0.8009, TrLoss:  0.57629, VaAcc: 0.7719, VaLoss:  0.72569	 20 sampled NNs | VaAcc: 0.7653 +- 0.0077 | VaLoss: 0.7327 +- 0.0143
270,  0 | TrAcc: 0.8123, TrLoss:  0.53226, VaAcc: 0.7817, VaLoss:  0.68459	 20 sampled NNs | VaAcc: 0.7741 +- 0.0102 | VaLoss: 0.6879 +- 0.0172
271,  0 | TrAcc: 0.7958, TrLoss:  0.56762, VaAcc: 0.7582, VaLoss:  0.72270	 20 sampled NNs | VaAcc: 0.7581 +- 0.0101 | VaLoss: 0.7250 +- 0.0219
272,  0 | TrAcc: 0.8018, TrLoss:  0.55549, VaAcc: 0.7687, VaLoss:  0.72822	 20 sampled NNs | VaAcc: 0.7645 +- 0.0114 | VaLoss: 0.7428 +- 0.0267
273,  0 | TrAcc: 0.7965, TrLoss:  0.59254, VaAcc: 0.7690, VaLoss:  0.72852	 20 sampled NNs | VaAcc: 0.7653 +- 0.0091 | VaLoss: 0.7333 +- 0.0282
274,  0 | TrAcc: 0.8063, TrLoss:  0.53651, VaAcc: 0.7530, VaLoss:  0.76998	 20 sampled NNs | VaAcc: 0.7466 +- 0.0145 | VaLoss: 0.7757 +- 0.0227
275,  0 | TrAcc: 0.8145, TrLoss:  0.52230, VaAcc: 0.7583, VaLoss:  0.79189	 20 sampled NNs | VaAcc: 0.7531 +- 0.0089 | VaLoss: 0.7937 +- 0.0271
276,  0 | TrAcc: 0.7702, TrLoss:  0.62891, VaAcc: 0.7452, VaLoss:  0.76745	 20 sampled NNs | VaAcc: 0.7422 +- 0.0081 | VaLoss: 0.7764 +- 0.0227
277,  0 | TrAcc: 0.7939, TrLoss:  0.56702, VaAcc: 0.7650, VaLoss:  0.75456	 20 sampled NNs | VaAcc: 0.7605 +- 0.0117 | VaLoss: 0.7665 +- 0.0250
278,  0 | TrAcc: 0.7986, TrLoss:  0.56780, VaAcc: 0.7682, VaLoss:  0.73440	 20 sampled NNs | VaAcc: 0.7629 +- 0.0124 | VaLoss: 0.7376 +- 0.0332
279,  0 | TrAcc: 0.8150, TrLoss:  0.53485, VaAcc: 0.7735, VaLoss:  0.69805	 20 sampled NNs | VaAcc: 0.7689 +- 0.0087 | VaLoss: 0.7068 +- 0.0275
280,  0 | TrAcc: 0.7903, TrLoss:  0.59701, VaAcc: 0.7643, VaLoss:  0.75133	 20 sampled NNs | VaAcc: 0.7595 +- 0.0122 | VaLoss: 0.7588 +- 0.0239
281,  0 | TrAcc: 0.8088, TrLoss:  0.51312, VaAcc: 0.7684, VaLoss:  0.70500	 20 sampled NNs | VaAcc: 0.7581 +- 0.0097 | VaLoss: 0.7233 +- 0.0372
282,  0 | TrAcc: 0.8090, TrLoss:  0.53969, VaAcc: 0.7504, VaLoss:  0.76459	 20 sampled NNs | VaAcc: 0.7481 +- 0.0091 | VaLoss: 0.7676 +- 0.0223
283,  0 | TrAcc: 0.8131, TrLoss:  0.54040, VaAcc: 0.7784, VaLoss:  0.73459	 20 sampled NNs | VaAcc: 0.7728 +- 0.0076 | VaLoss: 0.7469 +- 0.0234
284,  0 | TrAcc: 0.8001, TrLoss:  0.57349, VaAcc: 0.7442, VaLoss:  0.81011	 20 sampled NNs | VaAcc: 0.7417 +- 0.0133 | VaLoss: 0.8141 +- 0.0269
285,  0 | TrAcc: 0.8148, TrLoss:  0.52408, VaAcc: 0.7578, VaLoss:  0.75293	 20 sampled NNs | VaAcc: 0.7549 +- 0.0086 | VaLoss: 0.7585 +- 0.0290
286,  0 | TrAcc: 0.8161, TrLoss:  0.52495, VaAcc: 0.7608, VaLoss:  0.75026	 20 sampled NNs | VaAcc: 0.7571 +- 0.0092 | VaLoss: 0.7628 +- 0.0245
287,  0 | TrAcc: 0.8079, TrLoss:  0.54368, VaAcc: 0.7667, VaLoss:  0.72768	 20 sampled NNs | VaAcc: 0.7637 +- 0.0076 | VaLoss: 0.7351 +- 0.0203
288,  0 | TrAcc: 0.7940, TrLoss:  0.59584, VaAcc: 0.7538, VaLoss:  0.73096	 20 sampled NNs | VaAcc: 0.7527 +- 0.0103 | VaLoss: 0.7462 +- 0.0283
289,  0 | TrAcc: 0.8189, TrLoss:  0.51247, VaAcc: 0.7746, VaLoss:  0.71224	 20 sampled NNs | VaAcc: 0.7713 +- 0.0071 | VaLoss: 0.7160 +- 0.0196
290,  0 | TrAcc: 0.8130, TrLoss:  0.53621, VaAcc: 0.7580, VaLoss:  0.72276	 20 sampled NNs | VaAcc: 0.7513 +- 0.0093 | VaLoss: 0.7345 +- 0.0227
291,  0 | TrAcc: 0.7909, TrLoss:  0.64022, VaAcc: 0.7589, VaLoss:  0.74672	 20 sampled NNs | VaAcc: 0.7543 +- 0.0090 | VaLoss: 0.7565 +- 0.0222
292,  0 | TrAcc: 0.8284, TrLoss:  0.51313, VaAcc: 0.7687, VaLoss:  0.71833	 20 sampled NNs | VaAcc: 0.7646 +- 0.0086 | VaLoss: 0.7274 +- 0.0226
293,  0 | TrAcc: 0.7977, TrLoss:  0.56985, VaAcc: 0.7397, VaLoss:  0.79309	 20 sampled NNs | VaAcc: 0.7341 +- 0.0095 | VaLoss: 0.8010 +- 0.0265
294,  0 | TrAcc: 0.8265, TrLoss:  0.49422, VaAcc: 0.7678, VaLoss:  0.70632	 20 sampled NNs | VaAcc: 0.7655 +- 0.0111 | VaLoss: 0.7135 +- 0.0211
295,  0 | TrAcc: 0.7922, TrLoss:  0.58970, VaAcc: 0.7645, VaLoss:  0.73060	 20 sampled NNs | VaAcc: 0.7616 +- 0.0092 | VaLoss: 0.7299 +- 0.0238
296,  0 | TrAcc: 0.8179, TrLoss:  0.52544, VaAcc: 0.7682, VaLoss:  0.73692	 20 sampled NNs | VaAcc: 0.7637 +- 0.0125 | VaLoss: 0.7544 +- 0.0204
297,  0 | TrAcc: 0.7986, TrLoss:  0.58116, VaAcc: 0.7693, VaLoss:  0.70345	 20 sampled NNs | VaAcc: 0.7673 +- 0.0062 | VaLoss: 0.7104 +- 0.0196
298,  0 | TrAcc: 0.8002, TrLoss:  0.54612, VaAcc: 0.7504, VaLoss:  0.73523	 20 sampled NNs | VaAcc: 0.7474 +- 0.0121 | VaLoss: 0.7469 +- 0.0308
299,  0 | TrAcc: 0.8248, TrLoss:  0.50779, VaAcc: 0.7695, VaLoss:  0.69124	 20 sampled NNs | VaAcc: 0.7667 +- 0.0102 | VaLoss: 0.6994 +- 0.0284
18340.461698
----------------------------
