

config:

HOME=/clusterFS/home/student/kopp13
PATH=/clusterFS/home/student/kopp13/miniconda3/envs/tensorflow/bin:/clusterFS/home/student/kopp13/miniconda3/bin:/clusterFS/home/student/kopp13/bin:/usr/local/bin:/usr/bin:/bin:/usr/local/games:/usr/games
LD_LIBRARY_PATH=
THEANO_FLAGS=floatX=float32,gpuarray.preallocate=0.9,dnn.library_path=/usr/lib/x86_64-linux-gnu,cxx=clang++-3.8,device=cuda,base_compiledir=/tmp/tmp.vmORGRecK1

=============================
CONFIG FILE

RNN CONFIG
{'data_multiplier': 1000.0,
 'gradient_clip_value': 0.5,
 'layer_configs': [{'layer_type': 'input'},
                   {'bc': {'init_m': 'xavier',
                           'init_v': -4.5,
                           'prior_m': 0.0,
                           'prior_v': 0.0,
                           'type': 'continuous'},
                    'bf': {'init_m': 'xavier',
                           'init_v': -4.5,
                           'prior_m': 0.0,
                           'prior_v': 0.0,
                           'type': 'continuous'},
                    'bi': {'init_m': 'xavier',
                           'init_v': -4.5,
                           'prior_m': 0.0,
                           'prior_v': 0.0,
                           'type': 'continuous'},
                    'bo': {'init_m': 'xavier',
                           'init_v': -4.5,
                           'prior_m': 0.0,
                           'prior_v': 0.0,
                           'type': 'continuous'},
                    'init_config': {'c': {'b': 'all_zero', 'w': 'xavier'},
                                    'f': {'b': 'all_one', 'w': 'all_zero'},
                                    'i': {'b': 'all_zero', 'w': 'xavier'},
                                    'o': {'b': 'all_zero', 'w': 'xavier'}},
                    'is_output': False,
                    'is_recurrent': True,
                    'layer_type': 'lstm',
                    'tau': 1.0,
                    'var_scope': 'lstm_0',
                    'wc': {'p0max': 0.95,
                           'p0min': 0.05,
                           'pmax': 0.99,
                           'pmin': 0.01,
                           'priors': [0.2, 0.6, 0.2],
                           'type': 'ternary'},
                    'wf': {'p0max': 0.95,
                           'p0min': 0.05,
                           'pmax': 0.99,
                           'pmin': 0.01,
                           'priors': [0.2, 0.6, 0.2],
                           'type': 'ternary'},
                    'wi': {'p0max': 0.95,
                           'p0min': 0.05,
                           'pmax': 0.99,
                           'pmin': 0.01,
                           'priors': [0.2, 0.6, 0.2],
                           'type': 'ternary'},
                    'wo': {'p0max': 0.95,
                           'p0min': 0.05,
                           'pmax': 0.99,
                           'pmin': 0.01,
                           'priors': [0.2, 0.6, 0.2],
                           'type': 'ternary'}},
                   {'bc': {'init_m': 'xavier',
                           'init_v': -4.5,
                           'prior_m': 0.0,
                           'prior_v': 0.0,
                           'type': 'continuous'},
                    'bf': {'init_m': 'xavier',
                           'init_v': -4.5,
                           'prior_m': 0.0,
                           'prior_v': 0.0,
                           'type': 'continuous'},
                    'bi': {'init_m': 'xavier',
                           'init_v': -4.5,
                           'prior_m': 0.0,
                           'prior_v': 0.0,
                           'type': 'continuous'},
                    'bo': {'init_m': 'xavier',
                           'init_v': -4.5,
                           'prior_m': 0.0,
                           'prior_v': 0.0,
                           'type': 'continuous'},
                    'init_config': {'c': {'b': 'all_zero', 'w': 'xavier'},
                                    'f': {'b': 'all_one', 'w': 'all_zero'},
                                    'i': {'b': 'all_zero', 'w': 'xavier'},
                                    'o': {'b': 'all_zero', 'w': 'xavier'}},
                    'is_output': False,
                    'is_recurrent': True,
                    'layer_type': 'lstm',
                    'tau': 1.0,
                    'var_scope': 'lstm_1',
                    'wc': {'p0max': 0.95,
                           'p0min': 0.05,
                           'pmax': 0.99,
                           'pmin': 0.01,
                           'priors': [0.2, 0.6, 0.2],
                           'type': 'ternary'},
                    'wf': {'p0max': 0.95,
                           'p0min': 0.05,
                           'pmax': 0.99,
                           'pmin': 0.01,
                           'priors': [0.2, 0.6, 0.2],
                           'type': 'ternary'},
                    'wi': {'p0max': 0.95,
                           'p0min': 0.05,
                           'pmax': 0.99,
                           'pmin': 0.01,
                           'priors': [0.2, 0.6, 0.2],
                           'type': 'ternary'},
                    'wo': {'p0max': 0.95,
                           'p0min': 0.05,
                           'pmax': 0.99,
                           'pmin': 0.01,
                           'priors': [0.2, 0.6, 0.2],
                           'type': 'ternary'}},
                   {'b': {'init_m': 'xavier',
                          'init_v': -4.5,
                          'prior_m': 0.0,
                          'prior_v': 0.0,
                          'type': 'continuous'},
                    'is_output': True,
                    'is_recurrent': False,
                    'layer_type': 'fc',
                    'regularization': {'mode': None, 'strength': 0.02},
                    'tau': 1.0,
                    'var_scope': 'output_layer',
                    'w': {'p0max': 0.95,
                          'p0min': 0.05,
                          'pmax': 0.99,
                          'pmin': 0.01,
                          'priors': [0.2, 0.6, 0.2],
                          'type': 'ternary'}}],
 'layout': [4, 60, 60, 10],
 'output_type': 'classification'}

DATA CONFIG
{'dataset': 'red_penstroke',
 'tr': {'in_seq_len': 30,
        'minibatch_enabled': True,
        'minibatch_size': 200,
        'out_seq_len': 5,
        'zero_padding': 20},
 'va': {'in_seq_len': 30,
        'minibatch_enabled': True,
        'minibatch_size': 200,
        'out_seq_len': 5,
        'zero_padding': 20}}

TRAINING CONFIG
{'beta_reg': 0.0,
 'is_pretrain': False,
 'learning_rate': 0.002,
 'mode': {'max_epochs': 300, 'min_error': 0.0, 'name': 'classic'},
 'task_id': 3,
 'type': 'g_sampling',
 'var_reg': 0.01}
==============================


  0,  0 | TrAcc: 0.1190, TrLoss:  3.44502, VaAcc: 0.1190, VaLoss:  3.36852	 20 sampled NNs | VaAcc: 0.1060 +- 0.0257 | VaLoss: 3.8103 +- 0.6656
  1,  0 | TrAcc: 0.1405, TrLoss:  2.26786, VaAcc: 0.1371, VaLoss:  2.26187	 20 sampled NNs | VaAcc: 0.1223 +- 0.0321 | VaLoss: 2.3887 +- 0.1131
  2,  0 | TrAcc: 0.1493, TrLoss:  2.22686, VaAcc: 0.1476, VaLoss:  2.23535	 20 sampled NNs | VaAcc: 0.1261 +- 0.0297 | VaLoss: 2.3043 +- 0.0440
  3,  0 | TrAcc: 0.1675, TrLoss:  2.21444, VaAcc: 0.1741, VaLoss:  2.19367	 20 sampled NNs | VaAcc: 0.1376 +- 0.0311 | VaLoss: 2.2868 +- 0.0561
  4,  0 | TrAcc: 0.1731, TrLoss:  2.17367, VaAcc: 0.1845, VaLoss:  2.13659	 20 sampled NNs | VaAcc: 0.1402 +- 0.0308 | VaLoss: 2.3338 +- 0.1358
  5,  0 | TrAcc: 0.1896, TrLoss:  2.13738, VaAcc: 0.2264, VaLoss:  2.06335	 20 sampled NNs | VaAcc: 0.1518 +- 0.0400 | VaLoss: 2.3536 +- 0.1753
  6,  0 | TrAcc: 0.2317, TrLoss:  2.04444, VaAcc: 0.2348, VaLoss:  2.00763	 20 sampled NNs | VaAcc: 0.1721 +- 0.0477 | VaLoss: 2.3248 +- 0.1952
  7,  0 | TrAcc: 0.2663, TrLoss:  1.95982, VaAcc: 0.2850, VaLoss:  1.88933	 20 sampled NNs | VaAcc: 0.1796 +- 0.0410 | VaLoss: 2.3524 +- 0.2544
  8,  0 | TrAcc: 0.3150, TrLoss:  1.84057, VaAcc: 0.3196, VaLoss:  1.78707	 20 sampled NNs | VaAcc: 0.2226 +- 0.0438 | VaLoss: 2.1760 +- 0.1757
  9,  0 | TrAcc: 0.3113, TrLoss:  1.81023, VaAcc: 0.3344, VaLoss:  1.71478	 20 sampled NNs | VaAcc: 0.2199 +- 0.0373 | VaLoss: 2.1660 +- 0.1586
 10,  0 | TrAcc: 0.3716, TrLoss:  1.67102, VaAcc: 0.3802, VaLoss:  1.63164	 20 sampled NNs | VaAcc: 0.2432 +- 0.0358 | VaLoss: 2.1534 +- 0.1882
 11,  0 | TrAcc: 0.3977, TrLoss:  1.61885, VaAcc: 0.3992, VaLoss:  1.60008	 20 sampled NNs | VaAcc: 0.2548 +- 0.0360 | VaLoss: 2.0985 +- 0.1604
 12,  0 | TrAcc: 0.4058, TrLoss:  1.59422, VaAcc: 0.4117, VaLoss:  1.53185	 20 sampled NNs | VaAcc: 0.2813 +- 0.0349 | VaLoss: 1.9938 +- 0.1493
 13,  0 | TrAcc: 0.4312, TrLoss:  1.50359, VaAcc: 0.4389, VaLoss:  1.49087	 20 sampled NNs | VaAcc: 0.2834 +- 0.0526 | VaLoss: 2.0398 +- 0.2676
 14,  0 | TrAcc: 0.4526, TrLoss:  1.43400, VaAcc: 0.4560, VaLoss:  1.45153	 20 sampled NNs | VaAcc: 0.3122 +- 0.0397 | VaLoss: 1.9049 +- 0.2051
 15,  0 | TrAcc: 0.4375, TrLoss:  1.48271, VaAcc: 0.4390, VaLoss:  1.48652	 20 sampled NNs | VaAcc: 0.3126 +- 0.0537 | VaLoss: 1.9039 +- 0.2032
 16,  0 | TrAcc: 0.4773, TrLoss:  1.37057, VaAcc: 0.4640, VaLoss:  1.42901	 20 sampled NNs | VaAcc: 0.3542 +- 0.0426 | VaLoss: 1.7988 +- 0.1448
 17,  0 | TrAcc: 0.4841, TrLoss:  1.41471, VaAcc: 0.4955, VaLoss:  1.39201	 20 sampled NNs | VaAcc: 0.3760 +- 0.0417 | VaLoss: 1.7420 +- 0.1129
 18,  0 | TrAcc: 0.5467, TrLoss:  1.23148, VaAcc: 0.5274, VaLoss:  1.32323	 20 sampled NNs | VaAcc: 0.3941 +- 0.0421 | VaLoss: 1.6994 +- 0.1104
 19,  0 | TrAcc: 0.5466, TrLoss:  1.27115, VaAcc: 0.5239, VaLoss:  1.32247	 20 sampled NNs | VaAcc: 0.4060 +- 0.0346 | VaLoss: 1.6440 +- 0.0674
 20,  0 | TrAcc: 0.5514, TrLoss:  1.27468, VaAcc: 0.5533, VaLoss:  1.26298	 20 sampled NNs | VaAcc: 0.4467 +- 0.0313 | VaLoss: 1.5475 +- 0.1030
 21,  0 | TrAcc: 0.5622, TrLoss:  1.20941, VaAcc: 0.5492, VaLoss:  1.24222	 20 sampled NNs | VaAcc: 0.4324 +- 0.0459 | VaLoss: 1.5622 +- 0.0991
 22,  0 | TrAcc: 0.5941, TrLoss:  1.17655, VaAcc: 0.5663, VaLoss:  1.22849	 20 sampled NNs | VaAcc: 0.4613 +- 0.0319 | VaLoss: 1.5481 +- 0.1496
 23,  0 | TrAcc: 0.5832, TrLoss:  1.21600, VaAcc: 0.5728, VaLoss:  1.22555	 20 sampled NNs | VaAcc: 0.4752 +- 0.0378 | VaLoss: 1.4969 +- 0.0988
 24,  0 | TrAcc: 0.5981, TrLoss:  1.10264, VaAcc: 0.5782, VaLoss:  1.17855	 20 sampled NNs | VaAcc: 0.4589 +- 0.0532 | VaLoss: 1.5218 +- 0.1544
 25,  0 | TrAcc: 0.6110, TrLoss:  1.06957, VaAcc: 0.5781, VaLoss:  1.18330	 20 sampled NNs | VaAcc: 0.4882 +- 0.0314 | VaLoss: 1.4471 +- 0.0739
 26,  0 | TrAcc: 0.5926, TrLoss:  1.12122, VaAcc: 0.5628, VaLoss:  1.18840	 20 sampled NNs | VaAcc: 0.4735 +- 0.0319 | VaLoss: 1.4658 +- 0.1117
 27,  0 | TrAcc: 0.6427, TrLoss:  1.00671, VaAcc: 0.6082, VaLoss:  1.11831	 20 sampled NNs | VaAcc: 0.5028 +- 0.0517 | VaLoss: 1.4099 +- 0.1374
 28,  0 | TrAcc: 0.6223, TrLoss:  1.06511, VaAcc: 0.5982, VaLoss:  1.13793	 20 sampled NNs | VaAcc: 0.4960 +- 0.0384 | VaLoss: 1.4330 +- 0.0895
 29,  0 | TrAcc: 0.6153, TrLoss:  1.07197, VaAcc: 0.6185, VaLoss:  1.07233	 20 sampled NNs | VaAcc: 0.5242 +- 0.0362 | VaLoss: 1.3282 +- 0.0837
 30,  0 | TrAcc: 0.6425, TrLoss:  1.00459, VaAcc: 0.6194, VaLoss:  1.07365	 20 sampled NNs | VaAcc: 0.5319 +- 0.0323 | VaLoss: 1.3521 +- 0.1448
 31,  0 | TrAcc: 0.6571, TrLoss:  0.99658, VaAcc: 0.6149, VaLoss:  1.10215	 20 sampled NNs | VaAcc: 0.5392 +- 0.0337 | VaLoss: 1.3185 +- 0.1010
 32,  0 | TrAcc: 0.6606, TrLoss:  0.94757, VaAcc: 0.6322, VaLoss:  1.04123	 20 sampled NNs | VaAcc: 0.5465 +- 0.0373 | VaLoss: 1.2901 +- 0.1032
 33,  0 | TrAcc: 0.6528, TrLoss:  0.99115, VaAcc: 0.6288, VaLoss:  1.04357	 20 sampled NNs | VaAcc: 0.5406 +- 0.0274 | VaLoss: 1.2934 +- 0.0721
 34,  0 | TrAcc: 0.6984, TrLoss:  0.88285, VaAcc: 0.6339, VaLoss:  1.04924	 20 sampled NNs | VaAcc: 0.5698 +- 0.0301 | VaLoss: 1.2357 +- 0.0890
 35,  0 | TrAcc: 0.6855, TrLoss:  0.89861, VaAcc: 0.6267, VaLoss:  1.05190	 20 sampled NNs | VaAcc: 0.5572 +- 0.0337 | VaLoss: 1.2424 +- 0.0678
 36,  0 | TrAcc: 0.6800, TrLoss:  0.89526, VaAcc: 0.6322, VaLoss:  1.06525	 20 sampled NNs | VaAcc: 0.5565 +- 0.0228 | VaLoss: 1.2561 +- 0.0717
 37,  0 | TrAcc: 0.7180, TrLoss:  0.81231, VaAcc: 0.6479, VaLoss:  1.01109	 20 sampled NNs | VaAcc: 0.5905 +- 0.0265 | VaLoss: 1.1711 +- 0.0800
 38,  0 | TrAcc: 0.6832, TrLoss:  0.89893, VaAcc: 0.6407, VaLoss:  1.01498	 20 sampled NNs | VaAcc: 0.5814 +- 0.0233 | VaLoss: 1.1998 +- 0.0772
 39,  0 | TrAcc: 0.7079, TrLoss:  0.83989, VaAcc: 0.6265, VaLoss:  1.05656	 20 sampled NNs | VaAcc: 0.5638 +- 0.0240 | VaLoss: 1.2308 +- 0.0646
 40,  0 | TrAcc: 0.6910, TrLoss:  0.87600, VaAcc: 0.6532, VaLoss:  1.00432	 20 sampled NNs | VaAcc: 0.5761 +- 0.0260 | VaLoss: 1.2263 +- 0.0617
 41,  0 | TrAcc: 0.7356, TrLoss:  0.77111, VaAcc: 0.6590, VaLoss:  0.97051	 20 sampled NNs | VaAcc: 0.6048 +- 0.0242 | VaLoss: 1.1305 +- 0.0626
 42,  0 | TrAcc: 0.7045, TrLoss:  0.82094, VaAcc: 0.6519, VaLoss:  0.99449	 20 sampled NNs | VaAcc: 0.5950 +- 0.0258 | VaLoss: 1.1404 +- 0.0724
 43,  0 | TrAcc: 0.6938, TrLoss:  0.86539, VaAcc: 0.6663, VaLoss:  0.95207	 20 sampled NNs | VaAcc: 0.6030 +- 0.0209 | VaLoss: 1.1117 +- 0.0464
 44,  0 | TrAcc: 0.7028, TrLoss:  0.85845, VaAcc: 0.6463, VaLoss:  1.02043	 20 sampled NNs | VaAcc: 0.5968 +- 0.0334 | VaLoss: 1.1613 +- 0.0897
 45,  0 | TrAcc: 0.7133, TrLoss:  0.79935, VaAcc: 0.6715, VaLoss:  0.93314	 20 sampled NNs | VaAcc: 0.6189 +- 0.0337 | VaLoss: 1.0774 +- 0.0836
 46,  0 | TrAcc: 0.7145, TrLoss:  0.80827, VaAcc: 0.6740, VaLoss:  0.94960	 20 sampled NNs | VaAcc: 0.6215 +- 0.0290 | VaLoss: 1.0882 +- 0.0812
 47,  0 | TrAcc: 0.7133, TrLoss:  0.80155, VaAcc: 0.6619, VaLoss:  0.98100	 20 sampled NNs | VaAcc: 0.6151 +- 0.0256 | VaLoss: 1.0983 +- 0.0596
 48,  0 | TrAcc: 0.7175, TrLoss:  0.83065, VaAcc: 0.6414, VaLoss:  1.01462	 20 sampled NNs | VaAcc: 0.6013 +- 0.0236 | VaLoss: 1.1446 +- 0.0584
 49,  0 | TrAcc: 0.7077, TrLoss:  0.83731, VaAcc: 0.6822, VaLoss:  0.94816	 20 sampled NNs | VaAcc: 0.6238 +- 0.0272 | VaLoss: 1.1039 +- 0.0632
 50,  0 | TrAcc: 0.7038, TrLoss:  0.83737, VaAcc: 0.6780, VaLoss:  0.93057	 20 sampled NNs | VaAcc: 0.6087 +- 0.0253 | VaLoss: 1.1128 +- 0.0910
 51,  0 | TrAcc: 0.7335, TrLoss:  0.74098, VaAcc: 0.6773, VaLoss:  0.93507	 20 sampled NNs | VaAcc: 0.6173 +- 0.0193 | VaLoss: 1.0774 +- 0.0481
 52,  0 | TrAcc: 0.7262, TrLoss:  0.78661, VaAcc: 0.6705, VaLoss:  0.91460	 20 sampled NNs | VaAcc: 0.6358 +- 0.0244 | VaLoss: 1.0154 +- 0.0508
 53,  0 | TrAcc: 0.7328, TrLoss:  0.76929, VaAcc: 0.6715, VaLoss:  0.92932	 20 sampled NNs | VaAcc: 0.6139 +- 0.0258 | VaLoss: 1.1158 +- 0.0712
 54,  0 | TrAcc: 0.7297, TrLoss:  0.76272, VaAcc: 0.6788, VaLoss:  0.93785	 20 sampled NNs | VaAcc: 0.6268 +- 0.0313 | VaLoss: 1.0903 +- 0.0814
 55,  0 | TrAcc: 0.7153, TrLoss:  0.79452, VaAcc: 0.6645, VaLoss:  0.97635	 20 sampled NNs | VaAcc: 0.6289 +- 0.0178 | VaLoss: 1.0788 +- 0.0395
 56,  0 | TrAcc: 0.7222, TrLoss:  0.78464, VaAcc: 0.6759, VaLoss:  0.96289	 20 sampled NNs | VaAcc: 0.6361 +- 0.0172 | VaLoss: 1.0516 +- 0.0613
 57,  0 | TrAcc: 0.7327, TrLoss:  0.75266, VaAcc: 0.6926, VaLoss:  0.89595	 20 sampled NNs | VaAcc: 0.6486 +- 0.0209 | VaLoss: 1.0294 +- 0.0583
 58,  0 | TrAcc: 0.7369, TrLoss:  0.75167, VaAcc: 0.6660, VaLoss:  0.94766	 20 sampled NNs | VaAcc: 0.6350 +- 0.0257 | VaLoss: 1.0518 +- 0.0711
 59,  0 | TrAcc: 0.7462, TrLoss:  0.71054, VaAcc: 0.6742, VaLoss:  0.96889	 20 sampled NNs | VaAcc: 0.6413 +- 0.0288 | VaLoss: 1.0419 +- 0.0757
 60,  0 | TrAcc: 0.7472, TrLoss:  0.71209, VaAcc: 0.6966, VaLoss:  0.88933	 20 sampled NNs | VaAcc: 0.6562 +- 0.0197 | VaLoss: 0.9895 +- 0.0603
 61,  0 | TrAcc: 0.7432, TrLoss:  0.72185, VaAcc: 0.6943, VaLoss:  0.91384	 20 sampled NNs | VaAcc: 0.6489 +- 0.0185 | VaLoss: 1.0251 +- 0.0571
 62,  0 | TrAcc: 0.7431, TrLoss:  0.73441, VaAcc: 0.6663, VaLoss:  0.95352	 20 sampled NNs | VaAcc: 0.6209 +- 0.0232 | VaLoss: 1.0910 +- 0.0673
 63,  0 | TrAcc: 0.7405, TrLoss:  0.72145, VaAcc: 0.6675, VaLoss:  0.96514	 20 sampled NNs | VaAcc: 0.6292 +- 0.0233 | VaLoss: 1.0723 +- 0.0540
 64,  0 | TrAcc: 0.7219, TrLoss:  0.75955, VaAcc: 0.7142, VaLoss:  0.86402	 20 sampled NNs | VaAcc: 0.6651 +- 0.0187 | VaLoss: 0.9954 +- 0.0549
 65,  0 | TrAcc: 0.7538, TrLoss:  0.68962, VaAcc: 0.6967, VaLoss:  0.90494	 20 sampled NNs | VaAcc: 0.6531 +- 0.0209 | VaLoss: 1.0157 +- 0.0710
 66,  0 | TrAcc: 0.7625, TrLoss:  0.68664, VaAcc: 0.6833, VaLoss:  0.92379	 20 sampled NNs | VaAcc: 0.6477 +- 0.0184 | VaLoss: 1.0174 +- 0.0468
 67,  0 | TrAcc: 0.7533, TrLoss:  0.67624, VaAcc: 0.6805, VaLoss:  0.91442	 20 sampled NNs | VaAcc: 0.6386 +- 0.0213 | VaLoss: 1.0562 +- 0.0533
 68,  0 | TrAcc: 0.7710, TrLoss:  0.66942, VaAcc: 0.6784, VaLoss:  0.94089	 20 sampled NNs | VaAcc: 0.6487 +- 0.0161 | VaLoss: 1.0306 +- 0.0605
 69,  0 | TrAcc: 0.7934, TrLoss:  0.60013, VaAcc: 0.7032, VaLoss:  0.89004	 20 sampled NNs | VaAcc: 0.6605 +- 0.0185 | VaLoss: 1.0001 +- 0.0545
 70,  0 | TrAcc: 0.7770, TrLoss:  0.62289, VaAcc: 0.7057, VaLoss:  0.89241	 20 sampled NNs | VaAcc: 0.6618 +- 0.0272 | VaLoss: 0.9845 +- 0.0623
 71,  0 | TrAcc: 0.7382, TrLoss:  0.70908, VaAcc: 0.6866, VaLoss:  0.91153	 20 sampled NNs | VaAcc: 0.6536 +- 0.0227 | VaLoss: 0.9991 +- 0.0615
 72,  0 | TrAcc: 0.7324, TrLoss:  0.75111, VaAcc: 0.6929, VaLoss:  0.89045	 20 sampled NNs | VaAcc: 0.6542 +- 0.0187 | VaLoss: 1.0151 +- 0.0493
 73,  0 | TrAcc: 0.7488, TrLoss:  0.70363, VaAcc: 0.7001, VaLoss:  0.87931	 20 sampled NNs | VaAcc: 0.6747 +- 0.0113 | VaLoss: 0.9628 +- 0.0408
 74,  0 | TrAcc: 0.7368, TrLoss:  0.76249, VaAcc: 0.6946, VaLoss:  0.88205	 20 sampled NNs | VaAcc: 0.6677 +- 0.0211 | VaLoss: 0.9706 +- 0.0558
 75,  0 | TrAcc: 0.7562, TrLoss:  0.67903, VaAcc: 0.7013, VaLoss:  0.89867	 20 sampled NNs | VaAcc: 0.6633 +- 0.0243 | VaLoss: 0.9680 +- 0.0488
 76,  0 | TrAcc: 0.7935, TrLoss:  0.58414, VaAcc: 0.6984, VaLoss:  0.89763	 20 sampled NNs | VaAcc: 0.6598 +- 0.0225 | VaLoss: 1.0098 +- 0.0625
 77,  0 | TrAcc: 0.7583, TrLoss:  0.66527, VaAcc: 0.6826, VaLoss:  0.93045	 20 sampled NNs | VaAcc: 0.6467 +- 0.0201 | VaLoss: 1.0276 +- 0.0470
 78,  0 | TrAcc: 0.7704, TrLoss:  0.65733, VaAcc: 0.7023, VaLoss:  0.90500	 20 sampled NNs | VaAcc: 0.6610 +- 0.0209 | VaLoss: 1.0104 +- 0.0765
 79,  0 | TrAcc: 0.7678, TrLoss:  0.65585, VaAcc: 0.6978, VaLoss:  0.89939	 20 sampled NNs | VaAcc: 0.6600 +- 0.0262 | VaLoss: 1.0154 +- 0.0726
 80,  0 | TrAcc: 0.7737, TrLoss:  0.64203, VaAcc: 0.6865, VaLoss:  0.90562	 20 sampled NNs | VaAcc: 0.6602 +- 0.0175 | VaLoss: 0.9737 +- 0.0441
 81,  0 | TrAcc: 0.7643, TrLoss:  0.66161, VaAcc: 0.6894, VaLoss:  0.90273	 20 sampled NNs | VaAcc: 0.6644 +- 0.0128 | VaLoss: 0.9673 +- 0.0607
 82,  0 | TrAcc: 0.7649, TrLoss:  0.66545, VaAcc: 0.6947, VaLoss:  0.91486	 20 sampled NNs | VaAcc: 0.6593 +- 0.0221 | VaLoss: 1.0097 +- 0.0511
 83,  0 | TrAcc: 0.7921, TrLoss:  0.59466, VaAcc: 0.7144, VaLoss:  0.84603	 20 sampled NNs | VaAcc: 0.6874 +- 0.0198 | VaLoss: 0.9208 +- 0.0448
 84,  0 | TrAcc: 0.7573, TrLoss:  0.67651, VaAcc: 0.7167, VaLoss:  0.84422	 20 sampled NNs | VaAcc: 0.6894 +- 0.0140 | VaLoss: 0.9126 +- 0.0383
 85,  0 | TrAcc: 0.7774, TrLoss:  0.61295, VaAcc: 0.7041, VaLoss:  0.88081	 20 sampled NNs | VaAcc: 0.6785 +- 0.0218 | VaLoss: 0.9682 +- 0.0665
 86,  0 | TrAcc: 0.7808, TrLoss:  0.61704, VaAcc: 0.7040, VaLoss:  0.91392	 20 sampled NNs | VaAcc: 0.6794 +- 0.0162 | VaLoss: 0.9861 +- 0.0395
 87,  0 | TrAcc: 0.7741, TrLoss:  0.63757, VaAcc: 0.6878, VaLoss:  0.94558	 20 sampled NNs | VaAcc: 0.6646 +- 0.0133 | VaLoss: 1.0006 +- 0.0415
 88,  0 | TrAcc: 0.7891, TrLoss:  0.60432, VaAcc: 0.6963, VaLoss:  0.90265	 20 sampled NNs | VaAcc: 0.6686 +- 0.0221 | VaLoss: 0.9795 +- 0.0583
 89,  0 | TrAcc: 0.7660, TrLoss:  0.66785, VaAcc: 0.6885, VaLoss:  0.91579	 20 sampled NNs | VaAcc: 0.6702 +- 0.0201 | VaLoss: 0.9715 +- 0.0588
 90,  0 | TrAcc: 0.7934, TrLoss:  0.57430, VaAcc: 0.7049, VaLoss:  0.89947	 20 sampled NNs | VaAcc: 0.6790 +- 0.0165 | VaLoss: 0.9608 +- 0.0508
 91,  0 | TrAcc: 0.7816, TrLoss:  0.62814, VaAcc: 0.7082, VaLoss:  0.85641	 20 sampled NNs | VaAcc: 0.6761 +- 0.0165 | VaLoss: 0.9418 +- 0.0340
 92,  0 | TrAcc: 0.7756, TrLoss:  0.64130, VaAcc: 0.6917, VaLoss:  0.88808	 20 sampled NNs | VaAcc: 0.6695 +- 0.0172 | VaLoss: 0.9523 +- 0.0512
 93,  0 | TrAcc: 0.7601, TrLoss:  0.67374, VaAcc: 0.6877, VaLoss:  0.93749	 20 sampled NNs | VaAcc: 0.6718 +- 0.0152 | VaLoss: 0.9705 +- 0.0368
 94,  0 | TrAcc: 0.7903, TrLoss:  0.59302, VaAcc: 0.7096, VaLoss:  0.90109	 20 sampled NNs | VaAcc: 0.6877 +- 0.0138 | VaLoss: 0.9554 +- 0.0481
 95,  0 | TrAcc: 0.8093, TrLoss:  0.53990, VaAcc: 0.7004, VaLoss:  0.87145	 20 sampled NNs | VaAcc: 0.6770 +- 0.0161 | VaLoss: 0.9287 +- 0.0452
 96,  0 | TrAcc: 0.7715, TrLoss:  0.62592, VaAcc: 0.7051, VaLoss:  0.89015	 20 sampled NNs | VaAcc: 0.6824 +- 0.0169 | VaLoss: 0.9386 +- 0.0512
 97,  0 | TrAcc: 0.7835, TrLoss:  0.59832, VaAcc: 0.6812, VaLoss:  0.94431	 20 sampled NNs | VaAcc: 0.6645 +- 0.0211 | VaLoss: 1.0092 +- 0.0511
 98,  0 | TrAcc: 0.8005, TrLoss:  0.56241, VaAcc: 0.6847, VaLoss:  0.91689	 20 sampled NNs | VaAcc: 0.6652 +- 0.0174 | VaLoss: 0.9738 +- 0.0370
 99,  0 | TrAcc: 0.8109, TrLoss:  0.54839, VaAcc: 0.7038, VaLoss:  0.88231	 20 sampled NNs | VaAcc: 0.6765 +- 0.0154 | VaLoss: 0.9464 +- 0.0352
100,  0 | TrAcc: 0.7897, TrLoss:  0.58606, VaAcc: 0.7226, VaLoss:  0.88666	 20 sampled NNs | VaAcc: 0.6970 +- 0.0199 | VaLoss: 0.9416 +- 0.0476
101,  0 | TrAcc: 0.7977, TrLoss:  0.56250, VaAcc: 0.6901, VaLoss:  0.93995	 20 sampled NNs | VaAcc: 0.6723 +- 0.0154 | VaLoss: 0.9693 +- 0.0531
102,  0 | TrAcc: 0.7982, TrLoss:  0.54945, VaAcc: 0.6991, VaLoss:  0.87363	 20 sampled NNs | VaAcc: 0.6709 +- 0.0178 | VaLoss: 0.9571 +- 0.0335
103,  0 | TrAcc: 0.7827, TrLoss:  0.58692, VaAcc: 0.6993, VaLoss:  0.93168	 20 sampled NNs | VaAcc: 0.6790 +- 0.0201 | VaLoss: 0.9919 +- 0.0483
104,  0 | TrAcc: 0.7794, TrLoss:  0.60553, VaAcc: 0.6981, VaLoss:  0.89772	 20 sampled NNs | VaAcc: 0.6790 +- 0.0148 | VaLoss: 0.9518 +- 0.0422
105,  0 | TrAcc: 0.7976, TrLoss:  0.57506, VaAcc: 0.7004, VaLoss:  0.94211	 20 sampled NNs | VaAcc: 0.6743 +- 0.0186 | VaLoss: 1.0160 +- 0.0540
106,  0 | TrAcc: 0.8149, TrLoss:  0.51755, VaAcc: 0.6977, VaLoss:  0.91416	 20 sampled NNs | VaAcc: 0.6857 +- 0.0159 | VaLoss: 0.9524 +- 0.0425
107,  0 | TrAcc: 0.7857, TrLoss:  0.58390, VaAcc: 0.6884, VaLoss:  0.91982	 20 sampled NNs | VaAcc: 0.6614 +- 0.0206 | VaLoss: 0.9928 +- 0.0555
108,  0 | TrAcc: 0.7953, TrLoss:  0.57990, VaAcc: 0.7045, VaLoss:  0.88592	 20 sampled NNs | VaAcc: 0.6872 +- 0.0148 | VaLoss: 0.9234 +- 0.0408
109,  0 | TrAcc: 0.7919, TrLoss:  0.58644, VaAcc: 0.6950, VaLoss:  0.90860	 20 sampled NNs | VaAcc: 0.6735 +- 0.0137 | VaLoss: 0.9632 +- 0.0328
110,  0 | TrAcc: 0.7993, TrLoss:  0.56488, VaAcc: 0.6939, VaLoss:  0.91865	 20 sampled NNs | VaAcc: 0.6828 +- 0.0138 | VaLoss: 0.9551 +- 0.0404
111,  0 | TrAcc: 0.7927, TrLoss:  0.59776, VaAcc: 0.7006, VaLoss:  0.90799	 20 sampled NNs | VaAcc: 0.6812 +- 0.0133 | VaLoss: 0.9548 +- 0.0473
112,  0 | TrAcc: 0.8094, TrLoss:  0.52286, VaAcc: 0.7208, VaLoss:  0.90552	 20 sampled NNs | VaAcc: 0.6969 +- 0.0198 | VaLoss: 0.9584 +- 0.0551
113,  0 | TrAcc: 0.7992, TrLoss:  0.59211, VaAcc: 0.6934, VaLoss:  0.89014	 20 sampled NNs | VaAcc: 0.6730 +- 0.0172 | VaLoss: 0.9518 +- 0.0389
114,  0 | TrAcc: 0.8032, TrLoss:  0.54204, VaAcc: 0.6851, VaLoss:  0.91471	 20 sampled NNs | VaAcc: 0.6633 +- 0.0148 | VaLoss: 0.9805 +- 0.0459
115,  0 | TrAcc: 0.8163, TrLoss:  0.51529, VaAcc: 0.7200, VaLoss:  0.86775	 20 sampled NNs | VaAcc: 0.6990 +- 0.0142 | VaLoss: 0.9255 +- 0.0455
116,  0 | TrAcc: 0.7847, TrLoss:  0.60986, VaAcc: 0.7096, VaLoss:  0.87130	 20 sampled NNs | VaAcc: 0.6921 +- 0.0131 | VaLoss: 0.9198 +- 0.0401
117,  0 | TrAcc: 0.7624, TrLoss:  0.63778, VaAcc: 0.7079, VaLoss:  0.90171	 20 sampled NNs | VaAcc: 0.6905 +- 0.0122 | VaLoss: 0.9602 +- 0.0517
118,  0 | TrAcc: 0.8089, TrLoss:  0.52540, VaAcc: 0.7171, VaLoss:  0.88313	 20 sampled NNs | VaAcc: 0.6915 +- 0.0142 | VaLoss: 0.9393 +- 0.0428
119,  0 | TrAcc: 0.7931, TrLoss:  0.56542, VaAcc: 0.7041, VaLoss:  0.94473	 20 sampled NNs | VaAcc: 0.6745 +- 0.0179 | VaLoss: 1.0043 +- 0.0572
120,  0 | TrAcc: 0.7875, TrLoss:  0.58650, VaAcc: 0.7108, VaLoss:  0.94629	 20 sampled NNs | VaAcc: 0.6881 +- 0.0175 | VaLoss: 0.9950 +- 0.0561
121,  0 | TrAcc: 0.8154, TrLoss:  0.50707, VaAcc: 0.7110, VaLoss:  0.91348	 20 sampled NNs | VaAcc: 0.6824 +- 0.0175 | VaLoss: 0.9735 +- 0.0489
122,  0 | TrAcc: 0.8031, TrLoss:  0.52848, VaAcc: 0.7128, VaLoss:  0.84760	 20 sampled NNs | VaAcc: 0.6869 +- 0.0129 | VaLoss: 0.9120 +- 0.0400
123,  0 | TrAcc: 0.8037, TrLoss:  0.55258, VaAcc: 0.7121, VaLoss:  0.93241	 20 sampled NNs | VaAcc: 0.6893 +- 0.0187 | VaLoss: 0.9911 +- 0.0602
124,  0 | TrAcc: 0.8103, TrLoss:  0.54181, VaAcc: 0.6863, VaLoss:  0.97361	 20 sampled NNs | VaAcc: 0.6687 +- 0.0179 | VaLoss: 1.0224 +- 0.0558
125,  0 | TrAcc: 0.7990, TrLoss:  0.55656, VaAcc: 0.7115, VaLoss:  0.92768	 20 sampled NNs | VaAcc: 0.6917 +- 0.0146 | VaLoss: 0.9716 +- 0.0341
126,  0 | TrAcc: 0.8093, TrLoss:  0.53554, VaAcc: 0.7171, VaLoss:  0.90333	 20 sampled NNs | VaAcc: 0.6900 +- 0.0185 | VaLoss: 0.9682 +- 0.0432
127,  0 | TrAcc: 0.8011, TrLoss:  0.55462, VaAcc: 0.7105, VaLoss:  0.90287	 20 sampled NNs | VaAcc: 0.6898 +- 0.0148 | VaLoss: 0.9771 +- 0.0423
128,  0 | TrAcc: 0.8112, TrLoss:  0.51142, VaAcc: 0.7043, VaLoss:  0.97712	 20 sampled NNs | VaAcc: 0.6767 +- 0.0171 | VaLoss: 1.0464 +- 0.0542
129,  0 | TrAcc: 0.8086, TrLoss:  0.52424, VaAcc: 0.6963, VaLoss:  0.94198	 20 sampled NNs | VaAcc: 0.6809 +- 0.0163 | VaLoss: 0.9789 +- 0.0441
130,  0 | TrAcc: 0.8017, TrLoss:  0.55902, VaAcc: 0.7081, VaLoss:  0.90886	 20 sampled NNs | VaAcc: 0.6933 +- 0.0176 | VaLoss: 0.9457 +- 0.0459
131,  0 | TrAcc: 0.8023, TrLoss:  0.57178, VaAcc: 0.6950, VaLoss:  0.98749	 20 sampled NNs | VaAcc: 0.6750 +- 0.0127 | VaLoss: 1.0202 +- 0.0421
132,  0 | TrAcc: 0.8026, TrLoss:  0.54618, VaAcc: 0.6908, VaLoss:  0.90560	 20 sampled NNs | VaAcc: 0.6604 +- 0.0148 | VaLoss: 0.9839 +- 0.0438
133,  0 | TrAcc: 0.8185, TrLoss:  0.51010, VaAcc: 0.7119, VaLoss:  0.94059	 20 sampled NNs | VaAcc: 0.6928 +- 0.0138 | VaLoss: 0.9608 +- 0.0463
134,  0 | TrAcc: 0.8173, TrLoss:  0.52922, VaAcc: 0.6956, VaLoss:  0.92780	 20 sampled NNs | VaAcc: 0.6809 +- 0.0161 | VaLoss: 0.9709 +- 0.0456
135,  0 | TrAcc: 0.8093, TrLoss:  0.54256, VaAcc: 0.6930, VaLoss:  0.96078	 20 sampled NNs | VaAcc: 0.6774 +- 0.0134 | VaLoss: 1.0015 +- 0.0459
136,  0 | TrAcc: 0.8151, TrLoss:  0.52774, VaAcc: 0.7029, VaLoss:  0.96405	 20 sampled NNs | VaAcc: 0.6861 +- 0.0110 | VaLoss: 0.9894 +- 0.0415
137,  0 | TrAcc: 0.8051, TrLoss:  0.53963, VaAcc: 0.7076, VaLoss:  0.86414	 20 sampled NNs | VaAcc: 0.6844 +- 0.0176 | VaLoss: 0.9273 +- 0.0466
138,  0 | TrAcc: 0.8137, TrLoss:  0.51287, VaAcc: 0.7181, VaLoss:  0.86599	 20 sampled NNs | VaAcc: 0.6942 +- 0.0187 | VaLoss: 0.9256 +- 0.0399
139,  0 | TrAcc: 0.7859, TrLoss:  0.58824, VaAcc: 0.7212, VaLoss:  0.88500	 20 sampled NNs | VaAcc: 0.6935 +- 0.0178 | VaLoss: 0.9500 +- 0.0554
140,  0 | TrAcc: 0.8010, TrLoss:  0.55848, VaAcc: 0.7117, VaLoss:  0.87303	 20 sampled NNs | VaAcc: 0.7007 +- 0.0126 | VaLoss: 0.9176 +- 0.0488
141,  0 | TrAcc: 0.8243, TrLoss:  0.49512, VaAcc: 0.6986, VaLoss:  0.91331	 20 sampled NNs | VaAcc: 0.6840 +- 0.0139 | VaLoss: 0.9475 +- 0.0404
142,  0 | TrAcc: 0.8287, TrLoss:  0.50001, VaAcc: 0.6927, VaLoss:  0.90507	 20 sampled NNs | VaAcc: 0.6845 +- 0.0136 | VaLoss: 0.9310 +- 0.0400
143,  0 | TrAcc: 0.7879, TrLoss:  0.59369, VaAcc: 0.6773, VaLoss:  0.91754	 20 sampled NNs | VaAcc: 0.6669 +- 0.0136 | VaLoss: 0.9474 +- 0.0461
144,  0 | TrAcc: 0.8050, TrLoss:  0.56405, VaAcc: 0.6645, VaLoss:  0.99107	 20 sampled NNs | VaAcc: 0.6548 +- 0.0146 | VaLoss: 1.0217 +- 0.0364
145,  0 | TrAcc: 0.7980, TrLoss:  0.58064, VaAcc: 0.6754, VaLoss:  0.99447	 20 sampled NNs | VaAcc: 0.6539 +- 0.0188 | VaLoss: 1.0347 +- 0.0492
146,  0 | TrAcc: 0.8093, TrLoss:  0.53667, VaAcc: 0.7022, VaLoss:  0.93752	 20 sampled NNs | VaAcc: 0.6880 +- 0.0147 | VaLoss: 0.9658 +- 0.0431
147,  0 | TrAcc: 0.8049, TrLoss:  0.54621, VaAcc: 0.6931, VaLoss:  0.95503	 20 sampled NNs | VaAcc: 0.6797 +- 0.0131 | VaLoss: 0.9883 +- 0.0350
148,  0 | TrAcc: 0.8388, TrLoss:  0.47104, VaAcc: 0.6880, VaLoss:  0.93653	 20 sampled NNs | VaAcc: 0.6696 +- 0.0176 | VaLoss: 0.9856 +- 0.0627
149,  0 | TrAcc: 0.8079, TrLoss:  0.54879, VaAcc: 0.7076, VaLoss:  0.89288	 20 sampled NNs | VaAcc: 0.6899 +- 0.0143 | VaLoss: 0.9378 +- 0.0382
150,  0 | TrAcc: 0.8120, TrLoss:  0.52988, VaAcc: 0.6912, VaLoss:  0.98287	 20 sampled NNs | VaAcc: 0.6749 +- 0.0161 | VaLoss: 1.0319 +- 0.0496
151,  0 | TrAcc: 0.8105, TrLoss:  0.51969, VaAcc: 0.6961, VaLoss:  0.95547	 20 sampled NNs | VaAcc: 0.6874 +- 0.0091 | VaLoss: 0.9647 +- 0.0402
152,  0 | TrAcc: 0.8221, TrLoss:  0.48508, VaAcc: 0.7009, VaLoss:  0.91940	 20 sampled NNs | VaAcc: 0.6833 +- 0.0162 | VaLoss: 0.9623 +- 0.0363
153,  0 | TrAcc: 0.8239, TrLoss:  0.51635, VaAcc: 0.7171, VaLoss:  0.86834	 20 sampled NNs | VaAcc: 0.7023 +- 0.0155 | VaLoss: 0.9029 +- 0.0515
154,  0 | TrAcc: 0.8019, TrLoss:  0.54818, VaAcc: 0.6675, VaLoss:  0.95352	 20 sampled NNs | VaAcc: 0.6564 +- 0.0164 | VaLoss: 1.0060 +- 0.0535
155,  0 | TrAcc: 0.8199, TrLoss:  0.50833, VaAcc: 0.6916, VaLoss:  0.96789	 20 sampled NNs | VaAcc: 0.6731 +- 0.0160 | VaLoss: 1.0197 +- 0.0612
156,  0 | TrAcc: 0.8131, TrLoss:  0.53529, VaAcc: 0.6930, VaLoss:  0.93048	 20 sampled NNs | VaAcc: 0.6703 +- 0.0146 | VaLoss: 0.9877 +- 0.0491
157,  0 | TrAcc: 0.8002, TrLoss:  0.57110, VaAcc: 0.7017, VaLoss:  0.97043	 20 sampled NNs | VaAcc: 0.6815 +- 0.0137 | VaLoss: 1.0361 +- 0.0481
158,  0 | TrAcc: 0.7974, TrLoss:  0.55497, VaAcc: 0.6807, VaLoss:  1.01884	 20 sampled NNs | VaAcc: 0.6732 +- 0.0124 | VaLoss: 1.0419 +- 0.0459
159,  0 | TrAcc: 0.8231, TrLoss:  0.49868, VaAcc: 0.6930, VaLoss:  0.91830	 20 sampled NNs | VaAcc: 0.6740 +- 0.0155 | VaLoss: 0.9653 +- 0.0383
160,  0 | TrAcc: 0.8216, TrLoss:  0.49940, VaAcc: 0.7274, VaLoss:  0.87757	 20 sampled NNs | VaAcc: 0.7062 +- 0.0154 | VaLoss: 0.9063 +- 0.0459
161,  0 | TrAcc: 0.8257, TrLoss:  0.48651, VaAcc: 0.7187, VaLoss:  0.87392	 20 sampled NNs | VaAcc: 0.6908 +- 0.0139 | VaLoss: 0.9323 +- 0.0364
162,  0 | TrAcc: 0.8123, TrLoss:  0.52714, VaAcc: 0.6925, VaLoss:  0.96343	 20 sampled NNs | VaAcc: 0.6803 +- 0.0154 | VaLoss: 0.9935 +- 0.0567
163,  0 | TrAcc: 0.7954, TrLoss:  0.55449, VaAcc: 0.6957, VaLoss:  0.92058	 20 sampled NNs | VaAcc: 0.6856 +- 0.0161 | VaLoss: 0.9538 +- 0.0399
164,  0 | TrAcc: 0.7858, TrLoss:  0.61025, VaAcc: 0.6637, VaLoss:  1.00546	 20 sampled NNs | VaAcc: 0.6573 +- 0.0191 | VaLoss: 1.0304 +- 0.0464
165,  0 | TrAcc: 0.8249, TrLoss:  0.49425, VaAcc: 0.6738, VaLoss:  0.99403	 20 sampled NNs | VaAcc: 0.6626 +- 0.0150 | VaLoss: 1.0077 +- 0.0472
166,  0 | TrAcc: 0.8036, TrLoss:  0.53358, VaAcc: 0.7116, VaLoss:  0.89471	 20 sampled NNs | VaAcc: 0.6905 +- 0.0155 | VaLoss: 0.9339 +- 0.0473
167,  0 | TrAcc: 0.8076, TrLoss:  0.53010, VaAcc: 0.6963, VaLoss:  0.92839	 20 sampled NNs | VaAcc: 0.6798 +- 0.0163 | VaLoss: 0.9722 +- 0.0446
168,  0 | TrAcc: 0.7859, TrLoss:  0.60214, VaAcc: 0.6957, VaLoss:  0.90485	 20 sampled NNs | VaAcc: 0.6810 +- 0.0152 | VaLoss: 0.9521 +- 0.0461
169,  0 | TrAcc: 0.7926, TrLoss:  0.58757, VaAcc: 0.6982, VaLoss:  0.94078	 20 sampled NNs | VaAcc: 0.6809 +- 0.0145 | VaLoss: 0.9756 +- 0.0371
170,  0 | TrAcc: 0.8209, TrLoss:  0.49013, VaAcc: 0.6659, VaLoss:  0.95828	 20 sampled NNs | VaAcc: 0.6662 +- 0.0161 | VaLoss: 0.9777 +- 0.0474
171,  0 | TrAcc: 0.8233, TrLoss:  0.50864, VaAcc: 0.6926, VaLoss:  0.96454	 20 sampled NNs | VaAcc: 0.6794 +- 0.0141 | VaLoss: 0.9900 +- 0.0373
172,  0 | TrAcc: 0.8039, TrLoss:  0.56463, VaAcc: 0.6753, VaLoss:  0.92080	 20 sampled NNs | VaAcc: 0.6605 +- 0.0168 | VaLoss: 0.9686 +- 0.0379
173,  0 | TrAcc: 0.8378, TrLoss:  0.46581, VaAcc: 0.6891, VaLoss:  0.93185	 20 sampled NNs | VaAcc: 0.6765 +- 0.0124 | VaLoss: 0.9745 +- 0.0342
174,  0 | TrAcc: 0.8236, TrLoss:  0.50929, VaAcc: 0.7130, VaLoss:  0.92555	 20 sampled NNs | VaAcc: 0.7012 +- 0.0121 | VaLoss: 0.9580 +- 0.0340
175,  0 | TrAcc: 0.8251, TrLoss:  0.49285, VaAcc: 0.7086, VaLoss:  0.89068	 20 sampled NNs | VaAcc: 0.6977 +- 0.0151 | VaLoss: 0.9161 +- 0.0361
176,  0 | TrAcc: 0.8166, TrLoss:  0.49114, VaAcc: 0.7097, VaLoss:  0.90832	 20 sampled NNs | VaAcc: 0.6992 +- 0.0120 | VaLoss: 0.9443 +- 0.0297
177,  0 | TrAcc: 0.7997, TrLoss:  0.55753, VaAcc: 0.7044, VaLoss:  0.94319	 20 sampled NNs | VaAcc: 0.6968 +- 0.0122 | VaLoss: 0.9500 +- 0.0370
178,  0 | TrAcc: 0.8202, TrLoss:  0.50652, VaAcc: 0.7098, VaLoss:  0.90059	 20 sampled NNs | VaAcc: 0.6875 +- 0.0113 | VaLoss: 0.9540 +- 0.0425
179,  0 | TrAcc: 0.8395, TrLoss:  0.44029, VaAcc: 0.7000, VaLoss:  0.96312	 20 sampled NNs | VaAcc: 0.6864 +- 0.0082 | VaLoss: 0.9967 +- 0.0457
180,  0 | TrAcc: 0.8182, TrLoss:  0.50698, VaAcc: 0.6911, VaLoss:  0.97140	 20 sampled NNs | VaAcc: 0.6744 +- 0.0164 | VaLoss: 1.0071 +- 0.0371
181,  0 | TrAcc: 0.8248, TrLoss:  0.47064, VaAcc: 0.6867, VaLoss:  0.99046	 20 sampled NNs | VaAcc: 0.6679 +- 0.0136 | VaLoss: 1.0297 +- 0.0444
182,  0 | TrAcc: 0.8337, TrLoss:  0.46782, VaAcc: 0.6825, VaLoss:  0.89184	 20 sampled NNs | VaAcc: 0.6700 +- 0.0117 | VaLoss: 0.9232 +- 0.0248
183,  0 | TrAcc: 0.8421, TrLoss:  0.43905, VaAcc: 0.7134, VaLoss:  0.83089	 20 sampled NNs | VaAcc: 0.7009 +- 0.0169 | VaLoss: 0.8594 +- 0.0418
184,  0 | TrAcc: 0.8430, TrLoss:  0.44719, VaAcc: 0.7046, VaLoss:  0.89607	 20 sampled NNs | VaAcc: 0.6900 +- 0.0133 | VaLoss: 0.9312 +- 0.0406
185,  0 | TrAcc: 0.8396, TrLoss:  0.49527, VaAcc: 0.6983, VaLoss:  0.90742	 20 sampled NNs | VaAcc: 0.6874 +- 0.0098 | VaLoss: 0.9407 +- 0.0355
186,  0 | TrAcc: 0.8333, TrLoss:  0.46501, VaAcc: 0.7091, VaLoss:  0.89348	 20 sampled NNs | VaAcc: 0.6938 +- 0.0135 | VaLoss: 0.9301 +- 0.0395
187,  0 | TrAcc: 0.8296, TrLoss:  0.49365, VaAcc: 0.7039, VaLoss:  0.87043	 20 sampled NNs | VaAcc: 0.6878 +- 0.0128 | VaLoss: 0.9180 +- 0.0362
188,  0 | TrAcc: 0.8405, TrLoss:  0.45554, VaAcc: 0.7002, VaLoss:  0.91563	 20 sampled NNs | VaAcc: 0.6862 +- 0.0115 | VaLoss: 0.9451 +- 0.0389
189,  0 | TrAcc: 0.8286, TrLoss:  0.49390, VaAcc: 0.6970, VaLoss:  0.90672	 20 sampled NNs | VaAcc: 0.6924 +- 0.0178 | VaLoss: 0.9168 +- 0.0469
190,  0 | TrAcc: 0.8231, TrLoss:  0.49010, VaAcc: 0.6913, VaLoss:  0.93408	 20 sampled NNs | VaAcc: 0.6805 +- 0.0176 | VaLoss: 0.9532 +- 0.0404
191,  0 | TrAcc: 0.8279, TrLoss:  0.50834, VaAcc: 0.6839, VaLoss:  0.99785	 20 sampled NNs | VaAcc: 0.6747 +- 0.0140 | VaLoss: 1.0164 +- 0.0609
192,  0 | TrAcc: 0.8254, TrLoss:  0.49244, VaAcc: 0.6887, VaLoss:  0.96180	 20 sampled NNs | VaAcc: 0.6696 +- 0.0144 | VaLoss: 1.0039 +- 0.0511
193,  0 | TrAcc: 0.8275, TrLoss:  0.49534, VaAcc: 0.6998, VaLoss:  0.90765	 20 sampled NNs | VaAcc: 0.6886 +- 0.0134 | VaLoss: 0.9338 +- 0.0327
194,  0 | TrAcc: 0.8478, TrLoss:  0.43472, VaAcc: 0.7016, VaLoss:  0.90134	 20 sampled NNs | VaAcc: 0.6927 +- 0.0133 | VaLoss: 0.9270 +- 0.0306
195,  0 | TrAcc: 0.8113, TrLoss:  0.52546, VaAcc: 0.6804, VaLoss:  0.98025	 20 sampled NNs | VaAcc: 0.6657 +- 0.0113 | VaLoss: 1.0007 +- 0.0375
196,  0 | TrAcc: 0.8347, TrLoss:  0.46007, VaAcc: 0.6757, VaLoss:  1.00116	 20 sampled NNs | VaAcc: 0.6699 +- 0.0127 | VaLoss: 1.0108 +- 0.0453
197,  0 | TrAcc: 0.8298, TrLoss:  0.48359, VaAcc: 0.6923, VaLoss:  0.95118	 20 sampled NNs | VaAcc: 0.6793 +- 0.0141 | VaLoss: 0.9832 +- 0.0478
198,  0 | TrAcc: 0.8199, TrLoss:  0.50664, VaAcc: 0.6974, VaLoss:  0.98520	 20 sampled NNs | VaAcc: 0.6896 +- 0.0169 | VaLoss: 0.9986 +- 0.0466
199,  0 | TrAcc: 0.8432, TrLoss:  0.45855, VaAcc: 0.6953, VaLoss:  0.94487	 20 sampled NNs | VaAcc: 0.6857 +- 0.0130 | VaLoss: 0.9788 +- 0.0377
200,  0 | TrAcc: 0.8325, TrLoss:  0.48423, VaAcc: 0.7177, VaLoss:  0.90600	 20 sampled NNs | VaAcc: 0.7054 +- 0.0096 | VaLoss: 0.9304 +- 0.0369
201,  0 | TrAcc: 0.8290, TrLoss:  0.47438, VaAcc: 0.6881, VaLoss:  0.96461	 20 sampled NNs | VaAcc: 0.6779 +- 0.0134 | VaLoss: 0.9819 +- 0.0409
202,  0 | TrAcc: 0.8430, TrLoss:  0.43545, VaAcc: 0.7142, VaLoss:  0.90094	 20 sampled NNs | VaAcc: 0.7067 +- 0.0150 | VaLoss: 0.9236 +- 0.0388
203,  0 | TrAcc: 0.8425, TrLoss:  0.44722, VaAcc: 0.7140, VaLoss:  0.92503	 20 sampled NNs | VaAcc: 0.6974 +- 0.0134 | VaLoss: 0.9564 +- 0.0466
204,  0 | TrAcc: 0.8423, TrLoss:  0.43547, VaAcc: 0.6987, VaLoss:  0.92288	 20 sampled NNs | VaAcc: 0.6937 +- 0.0108 | VaLoss: 0.9312 +- 0.0313
205,  0 | TrAcc: 0.8361, TrLoss:  0.45063, VaAcc: 0.7120, VaLoss:  0.95239	 20 sampled NNs | VaAcc: 0.6975 +- 0.0143 | VaLoss: 0.9765 +- 0.0368
206,  0 | TrAcc: 0.8300, TrLoss:  0.48801, VaAcc: 0.6710, VaLoss:  1.03548	 20 sampled NNs | VaAcc: 0.6619 +- 0.0110 | VaLoss: 1.0698 +- 0.0404
207,  0 | TrAcc: 0.8127, TrLoss:  0.50331, VaAcc: 0.6794, VaLoss:  0.97382	 20 sampled NNs | VaAcc: 0.6674 +- 0.0201 | VaLoss: 1.0028 +- 0.0516
208,  0 | TrAcc: 0.8225, TrLoss:  0.50165, VaAcc: 0.7115, VaLoss:  0.92662	 20 sampled NNs | VaAcc: 0.6954 +- 0.0148 | VaLoss: 0.9454 +- 0.0403
209,  0 | TrAcc: 0.8274, TrLoss:  0.48372, VaAcc: 0.6966, VaLoss:  0.95569	 20 sampled NNs | VaAcc: 0.6905 +- 0.0124 | VaLoss: 0.9708 +- 0.0381
210,  0 | TrAcc: 0.8295, TrLoss:  0.50254, VaAcc: 0.6872, VaLoss:  0.97648	 20 sampled NNs | VaAcc: 0.6758 +- 0.0110 | VaLoss: 1.0015 +- 0.0389
211,  0 | TrAcc: 0.8271, TrLoss:  0.47161, VaAcc: 0.7017, VaLoss:  0.94862	 20 sampled NNs | VaAcc: 0.6916 +- 0.0137 | VaLoss: 0.9747 +- 0.0459
212,  0 | TrAcc: 0.8219, TrLoss:  0.49213, VaAcc: 0.6855, VaLoss:  0.96006	 20 sampled NNs | VaAcc: 0.6755 +- 0.0128 | VaLoss: 0.9745 +- 0.0460
213,  0 | TrAcc: 0.8363, TrLoss:  0.46917, VaAcc: 0.6819, VaLoss:  1.05554	 20 sampled NNs | VaAcc: 0.6775 +- 0.0141 | VaLoss: 1.0350 +- 0.0476
214,  0 | TrAcc: 0.8233, TrLoss:  0.51659, VaAcc: 0.7061, VaLoss:  0.91254	 20 sampled NNs | VaAcc: 0.6913 +- 0.0110 | VaLoss: 0.9336 +- 0.0328
215,  0 | TrAcc: 0.8391, TrLoss:  0.46865, VaAcc: 0.6853, VaLoss:  0.93428	 20 sampled NNs | VaAcc: 0.6792 +- 0.0129 | VaLoss: 0.9594 +- 0.0467
216,  0 | TrAcc: 0.8155, TrLoss:  0.51110, VaAcc: 0.6797, VaLoss:  0.98068	 20 sampled NNs | VaAcc: 0.6631 +- 0.0119 | VaLoss: 1.0255 +- 0.0459
217,  0 | TrAcc: 0.8444, TrLoss:  0.43577, VaAcc: 0.6962, VaLoss:  0.98887	 20 sampled NNs | VaAcc: 0.6818 +- 0.0158 | VaLoss: 1.0221 +- 0.0515
218,  0 | TrAcc: 0.8382, TrLoss:  0.46063, VaAcc: 0.6944, VaLoss:  0.92289	 20 sampled NNs | VaAcc: 0.6858 +- 0.0107 | VaLoss: 0.9505 +- 0.0316
219,  0 | TrAcc: 0.8021, TrLoss:  0.54737, VaAcc: 0.6949, VaLoss:  0.94928	 20 sampled NNs | VaAcc: 0.6854 +- 0.0146 | VaLoss: 0.9645 +- 0.0323
220,  0 | TrAcc: 0.8513, TrLoss:  0.42653, VaAcc: 0.7084, VaLoss:  0.91038	 20 sampled NNs | VaAcc: 0.6927 +- 0.0114 | VaLoss: 0.9514 +- 0.0284
221,  0 | TrAcc: 0.8246, TrLoss:  0.50479, VaAcc: 0.7156, VaLoss:  0.90453	 20 sampled NNs | VaAcc: 0.6998 +- 0.0138 | VaLoss: 0.9386 +- 0.0447
222,  0 | TrAcc: 0.8158, TrLoss:  0.50198, VaAcc: 0.6863, VaLoss:  0.97160	 20 sampled NNs | VaAcc: 0.6787 +- 0.0113 | VaLoss: 0.9793 +- 0.0387
223,  0 | TrAcc: 0.8306, TrLoss:  0.48012, VaAcc: 0.7091, VaLoss:  0.88268	 20 sampled NNs | VaAcc: 0.7023 +- 0.0111 | VaLoss: 0.8861 +- 0.0327
224,  0 | TrAcc: 0.8388, TrLoss:  0.44427, VaAcc: 0.6839, VaLoss:  0.97777	 20 sampled NNs | VaAcc: 0.6715 +- 0.0123 | VaLoss: 0.9937 +- 0.0363
225,  0 | TrAcc: 0.8315, TrLoss:  0.48282, VaAcc: 0.6998, VaLoss:  0.95430	 20 sampled NNs | VaAcc: 0.6834 +- 0.0140 | VaLoss: 0.9845 +- 0.0305
226,  0 | TrAcc: 0.8271, TrLoss:  0.50666, VaAcc: 0.6958, VaLoss:  0.92470	 20 sampled NNs | VaAcc: 0.6881 +- 0.0138 | VaLoss: 0.9483 +- 0.0316
227,  0 | TrAcc: 0.8197, TrLoss:  0.48883, VaAcc: 0.6997, VaLoss:  0.95677	 20 sampled NNs | VaAcc: 0.6867 +- 0.0088 | VaLoss: 0.9901 +- 0.0320
228,  0 | TrAcc: 0.8444, TrLoss:  0.44506, VaAcc: 0.6907, VaLoss:  0.94152	 20 sampled NNs | VaAcc: 0.6818 +- 0.0161 | VaLoss: 0.9802 +- 0.0388
229,  0 | TrAcc: 0.8151, TrLoss:  0.52680, VaAcc: 0.7031, VaLoss:  0.93811	 20 sampled NNs | VaAcc: 0.6945 +- 0.0164 | VaLoss: 0.9637 +- 0.0337
230,  0 | TrAcc: 0.8528, TrLoss:  0.41535, VaAcc: 0.6859, VaLoss:  1.02068	 20 sampled NNs | VaAcc: 0.6776 +- 0.0118 | VaLoss: 1.0384 +- 0.0369
231,  0 | TrAcc: 0.8413, TrLoss:  0.46207, VaAcc: 0.7100, VaLoss:  0.92465	 20 sampled NNs | VaAcc: 0.7015 +- 0.0086 | VaLoss: 0.9429 +- 0.0320
232,  0 | TrAcc: 0.8327, TrLoss:  0.48108, VaAcc: 0.6820, VaLoss:  0.99943	 20 sampled NNs | VaAcc: 0.6737 +- 0.0107 | VaLoss: 1.0177 +- 0.0370
233,  0 | TrAcc: 0.8187, TrLoss:  0.49753, VaAcc: 0.6980, VaLoss:  0.97484	 20 sampled NNs | VaAcc: 0.6902 +- 0.0118 | VaLoss: 0.9775 +- 0.0484
234,  0 | TrAcc: 0.8455, TrLoss:  0.42626, VaAcc: 0.7241, VaLoss:  0.93083	 20 sampled NNs | VaAcc: 0.7073 +- 0.0138 | VaLoss: 0.9465 +- 0.0398
235,  0 | TrAcc: 0.8251, TrLoss:  0.47206, VaAcc: 0.7151, VaLoss:  0.87468	 20 sampled NNs | VaAcc: 0.7030 +- 0.0097 | VaLoss: 0.8930 +- 0.0363
236,  0 | TrAcc: 0.8437, TrLoss:  0.44136, VaAcc: 0.7050, VaLoss:  0.96830	 20 sampled NNs | VaAcc: 0.6988 +- 0.0110 | VaLoss: 0.9795 +- 0.0411
237,  0 | TrAcc: 0.8301, TrLoss:  0.45592, VaAcc: 0.7170, VaLoss:  0.86507	 20 sampled NNs | VaAcc: 0.7102 +- 0.0121 | VaLoss: 0.8912 +- 0.0348
238,  0 | TrAcc: 0.8159, TrLoss:  0.52677, VaAcc: 0.7348, VaLoss:  0.88668	 20 sampled NNs | VaAcc: 0.7225 +- 0.0105 | VaLoss: 0.9027 +- 0.0346
239,  0 | TrAcc: 0.8433, TrLoss:  0.44351, VaAcc: 0.7040, VaLoss:  0.94031	 20 sampled NNs | VaAcc: 0.6933 +- 0.0108 | VaLoss: 0.9659 +- 0.0277
240,  0 | TrAcc: 0.8387, TrLoss:  0.45333, VaAcc: 0.6973, VaLoss:  0.97129	 20 sampled NNs | VaAcc: 0.6917 +- 0.0125 | VaLoss: 0.9868 +- 0.0397
241,  0 | TrAcc: 0.8368, TrLoss:  0.47948, VaAcc: 0.6996, VaLoss:  0.96085	 20 sampled NNs | VaAcc: 0.6860 +- 0.0110 | VaLoss: 0.9982 +- 0.0416
242,  0 | TrAcc: 0.8307, TrLoss:  0.47919, VaAcc: 0.7158, VaLoss:  0.89420	 20 sampled NNs | VaAcc: 0.7074 +- 0.0151 | VaLoss: 0.9187 +- 0.0389
243,  0 | TrAcc: 0.8061, TrLoss:  0.51515, VaAcc: 0.7044, VaLoss:  0.94568	 20 sampled NNs | VaAcc: 0.6911 +- 0.0159 | VaLoss: 0.9825 +- 0.0458
244,  0 | TrAcc: 0.8426, TrLoss:  0.46411, VaAcc: 0.6848, VaLoss:  0.97416	 20 sampled NNs | VaAcc: 0.6774 +- 0.0118 | VaLoss: 1.0052 +- 0.0331
245,  0 | TrAcc: 0.8309, TrLoss:  0.47548, VaAcc: 0.7058, VaLoss:  0.94236	 20 sampled NNs | VaAcc: 0.6934 +- 0.0116 | VaLoss: 0.9701 +- 0.0435
246,  0 | TrAcc: 0.8454, TrLoss:  0.44744, VaAcc: 0.6973, VaLoss:  0.90757	 20 sampled NNs | VaAcc: 0.6951 +- 0.0128 | VaLoss: 0.9102 +- 0.0348
247,  0 | TrAcc: 0.8457, TrLoss:  0.43495, VaAcc: 0.7061, VaLoss:  0.98451	 20 sampled NNs | VaAcc: 0.6969 +- 0.0100 | VaLoss: 1.0010 +- 0.0368
248,  0 | TrAcc: 0.8270, TrLoss:  0.49719, VaAcc: 0.6869, VaLoss:  0.97232	 20 sampled NNs | VaAcc: 0.6739 +- 0.0142 | VaLoss: 0.9956 +- 0.0412
249,  0 | TrAcc: 0.8315, TrLoss:  0.46784, VaAcc: 0.7171, VaLoss:  0.84580	 20 sampled NNs | VaAcc: 0.7045 +- 0.0114 | VaLoss: 0.8860 +- 0.0371
250,  0 | TrAcc: 0.8276, TrLoss:  0.48637, VaAcc: 0.6957, VaLoss:  0.92315	 20 sampled NNs | VaAcc: 0.6874 +- 0.0153 | VaLoss: 0.9637 +- 0.0362
251,  0 | TrAcc: 0.8527, TrLoss:  0.41841, VaAcc: 0.6995, VaLoss:  0.90333	 20 sampled NNs | VaAcc: 0.6963 +- 0.0133 | VaLoss: 0.9126 +- 0.0360
252,  0 | TrAcc: 0.8411, TrLoss:  0.44732, VaAcc: 0.7207, VaLoss:  0.86104	 20 sampled NNs | VaAcc: 0.7015 +- 0.0144 | VaLoss: 0.8929 +- 0.0359
253,  0 | TrAcc: 0.8269, TrLoss:  0.48853, VaAcc: 0.7030, VaLoss:  1.01632	 20 sampled NNs | VaAcc: 0.6908 +- 0.0097 | VaLoss: 1.0423 +- 0.0395
254,  0 | TrAcc: 0.8223, TrLoss:  0.49572, VaAcc: 0.6938, VaLoss:  0.97392	 20 sampled NNs | VaAcc: 0.6854 +- 0.0107 | VaLoss: 0.9805 +- 0.0392
255,  0 | TrAcc: 0.8490, TrLoss:  0.42411, VaAcc: 0.6960, VaLoss:  0.96301	 20 sampled NNs | VaAcc: 0.6890 +- 0.0140 | VaLoss: 0.9841 +- 0.0344
256,  0 | TrAcc: 0.8557, TrLoss:  0.39144, VaAcc: 0.6989, VaLoss:  0.97533	 20 sampled NNs | VaAcc: 0.6871 +- 0.0151 | VaLoss: 1.0083 +- 0.0388
257,  0 | TrAcc: 0.8417, TrLoss:  0.45476, VaAcc: 0.7187, VaLoss:  0.91060	 20 sampled NNs | VaAcc: 0.7100 +- 0.0144 | VaLoss: 0.9225 +- 0.0369
258,  0 | TrAcc: 0.8211, TrLoss:  0.48878, VaAcc: 0.6923, VaLoss:  1.03590	 20 sampled NNs | VaAcc: 0.6843 +- 0.0118 | VaLoss: 1.0312 +- 0.0471
259,  0 | TrAcc: 0.8282, TrLoss:  0.47494, VaAcc: 0.7141, VaLoss:  0.91352	 20 sampled NNs | VaAcc: 0.7010 +- 0.0166 | VaLoss: 0.9414 +- 0.0383
260,  0 | TrAcc: 0.8084, TrLoss:  0.53852, VaAcc: 0.7087, VaLoss:  0.92355	 20 sampled NNs | VaAcc: 0.6961 +- 0.0130 | VaLoss: 0.9437 +- 0.0329
261,  0 | TrAcc: 0.8346, TrLoss:  0.46597, VaAcc: 0.7143, VaLoss:  0.95984	 20 sampled NNs | VaAcc: 0.7103 +- 0.0126 | VaLoss: 0.9543 +- 0.0382
262,  0 | TrAcc: 0.8136, TrLoss:  0.51807, VaAcc: 0.6873, VaLoss:  0.96173	 20 sampled NNs | VaAcc: 0.6756 +- 0.0150 | VaLoss: 1.0020 +- 0.0328
263,  0 | TrAcc: 0.8265, TrLoss:  0.48732, VaAcc: 0.7072, VaLoss:  0.94790	 20 sampled NNs | VaAcc: 0.6999 +- 0.0103 | VaLoss: 0.9643 +- 0.0309
264,  0 | TrAcc: 0.8393, TrLoss:  0.44966, VaAcc: 0.6904, VaLoss:  0.99681	 20 sampled NNs | VaAcc: 0.6781 +- 0.0149 | VaLoss: 1.0097 +- 0.0490
265,  0 | TrAcc: 0.8092, TrLoss:  0.54704, VaAcc: 0.6970, VaLoss:  0.99253	 20 sampled NNs | VaAcc: 0.6917 +- 0.0099 | VaLoss: 0.9887 +- 0.0263
266,  0 | TrAcc: 0.8409, TrLoss:  0.44521, VaAcc: 0.7053, VaLoss:  1.00215	 20 sampled NNs | VaAcc: 0.6947 +- 0.0125 | VaLoss: 1.0205 +- 0.0330
267,  0 | TrAcc: 0.8570, TrLoss:  0.38679, VaAcc: 0.7121, VaLoss:  0.95910	 20 sampled NNs | VaAcc: 0.7070 +- 0.0123 | VaLoss: 0.9845 +- 0.0428
268,  0 | TrAcc: 0.8313, TrLoss:  0.47740, VaAcc: 0.7015, VaLoss:  0.98175	 20 sampled NNs | VaAcc: 0.6900 +- 0.0172 | VaLoss: 0.9954 +- 0.0515
269,  0 | TrAcc: 0.8303, TrLoss:  0.45710, VaAcc: 0.6992, VaLoss:  0.94974	 20 sampled NNs | VaAcc: 0.6919 +- 0.0128 | VaLoss: 0.9627 +- 0.0391
270,  0 | TrAcc: 0.8390, TrLoss:  0.46785, VaAcc: 0.7014, VaLoss:  1.00002	 20 sampled NNs | VaAcc: 0.6901 +- 0.0113 | VaLoss: 1.0210 +- 0.0388
271,  0 | TrAcc: 0.8496, TrLoss:  0.44695, VaAcc: 0.7220, VaLoss:  0.88684	 20 sampled NNs | VaAcc: 0.7110 +- 0.0128 | VaLoss: 0.9126 +- 0.0421
272,  0 | TrAcc: 0.8380, TrLoss:  0.45177, VaAcc: 0.7134, VaLoss:  0.90832	 20 sampled NNs | VaAcc: 0.7030 +- 0.0080 | VaLoss: 0.9251 +- 0.0291
273,  0 | TrAcc: 0.8501, TrLoss:  0.42108, VaAcc: 0.7055, VaLoss:  0.91505	 20 sampled NNs | VaAcc: 0.6989 +- 0.0159 | VaLoss: 0.9310 +- 0.0369
274,  0 | TrAcc: 0.8273, TrLoss:  0.48577, VaAcc: 0.6741, VaLoss:  1.04143	 20 sampled NNs | VaAcc: 0.6632 +- 0.0119 | VaLoss: 1.0939 +- 0.0448
275,  0 | TrAcc: 0.8425, TrLoss:  0.41912, VaAcc: 0.7285, VaLoss:  0.90422	 20 sampled NNs | VaAcc: 0.7131 +- 0.0115 | VaLoss: 0.9432 +- 0.0290
276,  0 | TrAcc: 0.8283, TrLoss:  0.48235, VaAcc: 0.7023, VaLoss:  0.93084	 20 sampled NNs | VaAcc: 0.6932 +- 0.0147 | VaLoss: 0.9679 +- 0.0398
277,  0 | TrAcc: 0.8324, TrLoss:  0.47317, VaAcc: 0.6851, VaLoss:  0.97746	 20 sampled NNs | VaAcc: 0.6771 +- 0.0108 | VaLoss: 1.0190 +- 0.0364
278,  0 | TrAcc: 0.8325, TrLoss:  0.46966, VaAcc: 0.6948, VaLoss:  0.98553	 20 sampled NNs | VaAcc: 0.6842 +- 0.0110 | VaLoss: 1.0039 +- 0.0414
279,  0 | TrAcc: 0.8354, TrLoss:  0.50414, VaAcc: 0.6565, VaLoss:  1.07231	 20 sampled NNs | VaAcc: 0.6510 +- 0.0156 | VaLoss: 1.0971 +- 0.0469
280,  0 | TrAcc: 0.8552, TrLoss:  0.41748, VaAcc: 0.6964, VaLoss:  0.95430	 20 sampled NNs | VaAcc: 0.6860 +- 0.0125 | VaLoss: 0.9787 +- 0.0359
281,  0 | TrAcc: 0.8488, TrLoss:  0.43727, VaAcc: 0.7032, VaLoss:  0.96904	 20 sampled NNs | VaAcc: 0.6909 +- 0.0139 | VaLoss: 0.9979 +- 0.0451
282,  0 | TrAcc: 0.8161, TrLoss:  0.51249, VaAcc: 0.6967, VaLoss:  0.95854	 20 sampled NNs | VaAcc: 0.6808 +- 0.0127 | VaLoss: 0.9846 +- 0.0417
283,  0 | TrAcc: 0.8286, TrLoss:  0.46819, VaAcc: 0.6838, VaLoss:  1.01159	 20 sampled NNs | VaAcc: 0.6717 +- 0.0159 | VaLoss: 1.0323 +- 0.0424
284,  0 | TrAcc: 0.8161, TrLoss:  0.51990, VaAcc: 0.6747, VaLoss:  1.00234	 20 sampled NNs | VaAcc: 0.6625 +- 0.0102 | VaLoss: 1.0411 +- 0.0511
285,  0 | TrAcc: 0.8277, TrLoss:  0.47743, VaAcc: 0.7114, VaLoss:  0.96039	 20 sampled NNs | VaAcc: 0.7019 +- 0.0103 | VaLoss: 0.9831 +- 0.0401
286,  0 | TrAcc: 0.8530, TrLoss:  0.39171, VaAcc: 0.6911, VaLoss:  0.97991	 20 sampled NNs | VaAcc: 0.6809 +- 0.0082 | VaLoss: 1.0000 +- 0.0251
287,  0 | TrAcc: 0.8577, TrLoss:  0.40542, VaAcc: 0.6857, VaLoss:  0.97932	 20 sampled NNs | VaAcc: 0.6750 +- 0.0161 | VaLoss: 1.0019 +- 0.0476
288,  0 | TrAcc: 0.8356, TrLoss:  0.46856, VaAcc: 0.6830, VaLoss:  1.03789	 20 sampled NNs | VaAcc: 0.6668 +- 0.0114 | VaLoss: 1.0762 +- 0.0399
289,  0 | TrAcc: 0.8543, TrLoss:  0.41464, VaAcc: 0.6842, VaLoss:  0.99848	 20 sampled NNs | VaAcc: 0.6788 +- 0.0124 | VaLoss: 1.0112 +- 0.0373
290,  0 | TrAcc: 0.8399, TrLoss:  0.44737, VaAcc: 0.7070, VaLoss:  0.93265	 20 sampled NNs | VaAcc: 0.6967 +- 0.0152 | VaLoss: 0.9463 +- 0.0375
291,  0 | TrAcc: 0.8478, TrLoss:  0.43111, VaAcc: 0.6815, VaLoss:  1.03179	 20 sampled NNs | VaAcc: 0.6737 +- 0.0075 | VaLoss: 1.0523 +- 0.0325
292,  0 | TrAcc: 0.8506, TrLoss:  0.43221, VaAcc: 0.6839, VaLoss:  0.97843	 20 sampled NNs | VaAcc: 0.6772 +- 0.0114 | VaLoss: 1.0011 +- 0.0262
293,  0 | TrAcc: 0.8485, TrLoss:  0.42022, VaAcc: 0.6794, VaLoss:  1.03728	 20 sampled NNs | VaAcc: 0.6688 +- 0.0167 | VaLoss: 1.0625 +- 0.0455
294,  0 | TrAcc: 0.8409, TrLoss:  0.46304, VaAcc: 0.6917, VaLoss:  1.03245	 20 sampled NNs | VaAcc: 0.6760 +- 0.0144 | VaLoss: 1.0684 +- 0.0329
295,  0 | TrAcc: 0.8261, TrLoss:  0.48351, VaAcc: 0.7021, VaLoss:  0.88596	 20 sampled NNs | VaAcc: 0.6927 +- 0.0129 | VaLoss: 0.9104 +- 0.0363
296,  0 | TrAcc: 0.8520, TrLoss:  0.41691, VaAcc: 0.6981, VaLoss:  0.94493	 20 sampled NNs | VaAcc: 0.6881 +- 0.0138 | VaLoss: 0.9616 +- 0.0367
297,  0 | TrAcc: 0.8363, TrLoss:  0.45539, VaAcc: 0.6903, VaLoss:  0.97544	 20 sampled NNs | VaAcc: 0.6798 +- 0.0138 | VaLoss: 1.0125 +- 0.0363
298,  0 | TrAcc: 0.8610, TrLoss:  0.40395, VaAcc: 0.7032, VaLoss:  0.97565	 20 sampled NNs | VaAcc: 0.6926 +- 0.0163 | VaLoss: 1.0054 +- 0.0371
299,  0 | TrAcc: 0.8443, TrLoss:  0.43725, VaAcc: 0.6750, VaLoss:  1.02279	 20 sampled NNs | VaAcc: 0.6739 +- 0.0136 | VaLoss: 1.0135 +- 0.0356
19681.636788
----------------------------
