

config:

HOME=/clusterFS/home/student/kopp13
PATH=/clusterFS/home/student/kopp13/miniconda3/envs/tensorflow/bin:/clusterFS/home/student/kopp13/miniconda3/bin:/clusterFS/home/student/kopp13/bin:/usr/local/bin:/usr/bin:/bin:/usr/local/games:/usr/games
LD_LIBRARY_PATH=
THEANO_FLAGS=floatX=float32,gpuarray.preallocate=0.9,dnn.library_path=/usr/lib/x86_64-linux-gnu,cxx=clang++-3.8,device=cuda,base_compiledir=/tmp/tmp.Mp5me6isIV

=============================
CONFIG FILE

RNN CONFIG
{'data_multiplier': 1000.0,
 'gradient_clip_value': 0.5,
 'layer_configs': [{'layer_type': 'input'},
                   {'bc': {'init_m': 'xavier',
                           'init_v': -4.5,
                           'prior_m': 0.0,
                           'prior_v': 0.0,
                           'type': 'continuous'},
                    'bf': {'init_m': 'xavier',
                           'init_v': -4.5,
                           'prior_m': 0.0,
                           'prior_v': 0.0,
                           'type': 'continuous'},
                    'bi': {'init_m': 'xavier',
                           'init_v': -4.5,
                           'prior_m': 0.0,
                           'prior_v': 0.0,
                           'type': 'continuous'},
                    'bo': {'init_m': 'xavier',
                           'init_v': -4.5,
                           'prior_m': 0.0,
                           'prior_v': 0.0,
                           'type': 'continuous'},
                    'init_config': {'c': {'b': 'all_zero', 'w': 'xavier'},
                                    'f': {'b': 'all_one', 'w': 'all_zero'},
                                    'i': {'b': 'all_zero', 'w': 'xavier'},
                                    'o': {'b': 'all_zero', 'w': 'xavier'}},
                    'is_output': False,
                    'is_recurrent': True,
                    'layer_type': 'lstm',
                    'tau': 0.7,
                    'var_scope': 'lstm_0',
                    'wc': {'p0max': 0.95,
                           'p0min': 0.05,
                           'pmax': 0.99,
                           'pmin': 0.01,
                           'priors': [0.2, 0.6, 0.2],
                           'type': 'ternary'},
                    'wf': {'p0max': 0.95,
                           'p0min': 0.05,
                           'pmax': 0.99,
                           'pmin': 0.01,
                           'priors': [0.2, 0.6, 0.2],
                           'type': 'ternary'},
                    'wi': {'p0max': 0.95,
                           'p0min': 0.05,
                           'pmax': 0.99,
                           'pmin': 0.01,
                           'priors': [0.2, 0.6, 0.2],
                           'type': 'ternary'},
                    'wo': {'p0max': 0.95,
                           'p0min': 0.05,
                           'pmax': 0.99,
                           'pmin': 0.01,
                           'priors': [0.2, 0.6, 0.2],
                           'type': 'ternary'}},
                   {'bc': {'init_m': 'xavier',
                           'init_v': -4.5,
                           'prior_m': 0.0,
                           'prior_v': 0.0,
                           'type': 'continuous'},
                    'bf': {'init_m': 'xavier',
                           'init_v': -4.5,
                           'prior_m': 0.0,
                           'prior_v': 0.0,
                           'type': 'continuous'},
                    'bi': {'init_m': 'xavier',
                           'init_v': -4.5,
                           'prior_m': 0.0,
                           'prior_v': 0.0,
                           'type': 'continuous'},
                    'bo': {'init_m': 'xavier',
                           'init_v': -4.5,
                           'prior_m': 0.0,
                           'prior_v': 0.0,
                           'type': 'continuous'},
                    'init_config': {'c': {'b': 'all_zero', 'w': 'xavier'},
                                    'f': {'b': 'all_one', 'w': 'all_zero'},
                                    'i': {'b': 'all_zero', 'w': 'xavier'},
                                    'o': {'b': 'all_zero', 'w': 'xavier'}},
                    'is_output': False,
                    'is_recurrent': True,
                    'layer_type': 'lstm',
                    'tau': 0.7,
                    'var_scope': 'lstm_1',
                    'wc': {'p0max': 0.95,
                           'p0min': 0.05,
                           'pmax': 0.99,
                           'pmin': 0.01,
                           'priors': [0.2, 0.6, 0.2],
                           'type': 'ternary'},
                    'wf': {'p0max': 0.95,
                           'p0min': 0.05,
                           'pmax': 0.99,
                           'pmin': 0.01,
                           'priors': [0.2, 0.6, 0.2],
                           'type': 'ternary'},
                    'wi': {'p0max': 0.95,
                           'p0min': 0.05,
                           'pmax': 0.99,
                           'pmin': 0.01,
                           'priors': [0.2, 0.6, 0.2],
                           'type': 'ternary'},
                    'wo': {'p0max': 0.95,
                           'p0min': 0.05,
                           'pmax': 0.99,
                           'pmin': 0.01,
                           'priors': [0.2, 0.6, 0.2],
                           'type': 'ternary'}},
                   {'b': {'init_m': 'xavier',
                          'init_v': -4.5,
                          'prior_m': 0.0,
                          'prior_v': 0.0,
                          'type': 'continuous'},
                    'is_output': True,
                    'is_recurrent': False,
                    'layer_type': 'fc',
                    'regularization': {'mode': None, 'strength': 0.02},
                    'tau': 0.7,
                    'var_scope': 'output_layer',
                    'w': {'p0max': 0.95,
                          'p0min': 0.05,
                          'pmax': 0.99,
                          'pmin': 0.01,
                          'priors': [0.2, 0.6, 0.2],
                          'type': 'ternary'}}],
 'layout': [4, 60, 60, 10],
 'output_type': 'classification'}

DATA CONFIG
{'dataset': 'red_penstroke',
 'tr': {'in_seq_len': 30,
        'minibatch_enabled': True,
        'minibatch_size': 200,
        'out_seq_len': 5,
        'zero_padding': 20},
 'va': {'in_seq_len': 30,
        'minibatch_enabled': True,
        'minibatch_size': 200,
        'out_seq_len': 5,
        'zero_padding': 20}}

TRAINING CONFIG
{'beta_reg': 0.0,
 'is_pretrain': False,
 'learning_rate': 0.002,
 'mode': {'max_epochs': 300, 'min_error': 0.0, 'name': 'classic'},
 'task_id': 2,
 'type': 'g_sampling',
 'var_reg': 0.01}
==============================


  0,  0 | TrAcc: 0.1059, TrLoss:  3.78481, VaAcc: 0.1095, VaLoss:  3.73285	 20 sampled NNs | VaAcc: 0.1038 +- 0.0222 | VaLoss: 3.8399 +- 0.7084
  1,  0 | TrAcc: 0.1414, TrLoss:  2.28884, VaAcc: 0.1118, VaLoss:  2.32715	 20 sampled NNs | VaAcc: 0.1137 +- 0.0278 | VaLoss: 2.3777 +- 0.0735
  2,  0 | TrAcc: 0.1333, TrLoss:  2.27094, VaAcc: 0.1228, VaLoss:  2.30683	 20 sampled NNs | VaAcc: 0.1068 +- 0.0190 | VaLoss: 2.4127 +- 0.1361
  3,  0 | TrAcc: 0.1508, TrLoss:  2.26384, VaAcc: 0.1029, VaLoss:  2.30164	 20 sampled NNs | VaAcc: 0.1048 +- 0.0158 | VaLoss: 2.3516 +- 0.0506
  4,  0 | TrAcc: 0.1587, TrLoss:  2.23934, VaAcc: 0.1179, VaLoss:  2.29234	 20 sampled NNs | VaAcc: 0.1214 +- 0.0221 | VaLoss: 2.3760 +- 0.1222
  5,  0 | TrAcc: 0.1594, TrLoss:  2.23326, VaAcc: 0.1338, VaLoss:  2.26865	 20 sampled NNs | VaAcc: 0.1225 +- 0.0270 | VaLoss: 2.3393 +- 0.0668
  6,  0 | TrAcc: 0.1573, TrLoss:  2.21431, VaAcc: 0.1320, VaLoss:  2.23266	 20 sampled NNs | VaAcc: 0.1281 +- 0.0274 | VaLoss: 2.2941 +- 0.0442
  7,  0 | TrAcc: 0.1822, TrLoss:  2.16022, VaAcc: 0.1500, VaLoss:  2.21043	 20 sampled NNs | VaAcc: 0.1339 +- 0.0281 | VaLoss: 2.3461 +- 0.1361
  8,  0 | TrAcc: 0.1779, TrLoss:  2.15329, VaAcc: 0.1841, VaLoss:  2.14131	 20 sampled NNs | VaAcc: 0.1524 +- 0.0305 | VaLoss: 2.2572 +- 0.1234
  9,  0 | TrAcc: 0.2250, TrLoss:  2.07698, VaAcc: 0.2302, VaLoss:  2.11417	 20 sampled NNs | VaAcc: 0.1736 +- 0.0312 | VaLoss: 2.2228 +- 0.0518
 10,  0 | TrAcc: 0.2484, TrLoss:  1.99048, VaAcc: 0.2479, VaLoss:  2.03550	 20 sampled NNs | VaAcc: 0.1804 +- 0.0477 | VaLoss: 2.1674 +- 0.0698
 11,  0 | TrAcc: 0.2707, TrLoss:  1.92319, VaAcc: 0.2776, VaLoss:  1.97273	 20 sampled NNs | VaAcc: 0.2083 +- 0.0280 | VaLoss: 2.1713 +- 0.0842
 12,  0 | TrAcc: 0.2862, TrLoss:  1.84818, VaAcc: 0.2780, VaLoss:  1.91666	 20 sampled NNs | VaAcc: 0.2210 +- 0.0334 | VaLoss: 2.0671 +- 0.0761
 13,  0 | TrAcc: 0.3119, TrLoss:  1.83688, VaAcc: 0.3292, VaLoss:  1.82089	 20 sampled NNs | VaAcc: 0.2404 +- 0.0462 | VaLoss: 2.0502 +- 0.1285
 14,  0 | TrAcc: 0.3248, TrLoss:  1.77769, VaAcc: 0.3279, VaLoss:  1.79139	 20 sampled NNs | VaAcc: 0.2484 +- 0.0360 | VaLoss: 2.0459 +- 0.1250
 15,  0 | TrAcc: 0.3621, TrLoss:  1.68876, VaAcc: 0.3689, VaLoss:  1.69664	 20 sampled NNs | VaAcc: 0.2741 +- 0.0441 | VaLoss: 1.9573 +- 0.1296
 16,  0 | TrAcc: 0.3765, TrLoss:  1.66773, VaAcc: 0.3832, VaLoss:  1.63778	 20 sampled NNs | VaAcc: 0.3291 +- 0.0514 | VaLoss: 1.8791 +- 0.1457
 17,  0 | TrAcc: 0.4041, TrLoss:  1.55951, VaAcc: 0.3935, VaLoss:  1.60032	 20 sampled NNs | VaAcc: 0.3106 +- 0.0406 | VaLoss: 1.8566 +- 0.0939
 18,  0 | TrAcc: 0.4120, TrLoss:  1.55492, VaAcc: 0.4156, VaLoss:  1.55316	 20 sampled NNs | VaAcc: 0.3295 +- 0.0385 | VaLoss: 1.7947 +- 0.1224
 19,  0 | TrAcc: 0.4571, TrLoss:  1.46909, VaAcc: 0.4406, VaLoss:  1.51461	 20 sampled NNs | VaAcc: 0.3631 +- 0.0429 | VaLoss: 1.7483 +- 0.1322
 20,  0 | TrAcc: 0.4520, TrLoss:  1.48799, VaAcc: 0.4360, VaLoss:  1.51481	 20 sampled NNs | VaAcc: 0.3705 +- 0.0377 | VaLoss: 1.7398 +- 0.1312
 21,  0 | TrAcc: 0.4825, TrLoss:  1.42741, VaAcc: 0.4621, VaLoss:  1.45490	 20 sampled NNs | VaAcc: 0.3829 +- 0.0297 | VaLoss: 1.6796 +- 0.0892
 22,  0 | TrAcc: 0.4894, TrLoss:  1.38910, VaAcc: 0.4687, VaLoss:  1.41726	 20 sampled NNs | VaAcc: 0.4062 +- 0.0422 | VaLoss: 1.6362 +- 0.1196
 23,  0 | TrAcc: 0.5125, TrLoss:  1.32918, VaAcc: 0.4804, VaLoss:  1.40633	 20 sampled NNs | VaAcc: 0.4065 +- 0.0306 | VaLoss: 1.6314 +- 0.0927
 24,  0 | TrAcc: 0.5402, TrLoss:  1.28310, VaAcc: 0.4983, VaLoss:  1.37455	 20 sampled NNs | VaAcc: 0.4327 +- 0.0234 | VaLoss: 1.5843 +- 0.0693
 25,  0 | TrAcc: 0.5383, TrLoss:  1.29966, VaAcc: 0.4983, VaLoss:  1.35338	 20 sampled NNs | VaAcc: 0.4166 +- 0.0415 | VaLoss: 1.6071 +- 0.1407
 26,  0 | TrAcc: 0.5186, TrLoss:  1.31161, VaAcc: 0.5129, VaLoss:  1.32794	 20 sampled NNs | VaAcc: 0.4379 +- 0.0392 | VaLoss: 1.5554 +- 0.1184
 27,  0 | TrAcc: 0.5703, TrLoss:  1.16971, VaAcc: 0.5230, VaLoss:  1.29145	 20 sampled NNs | VaAcc: 0.4537 +- 0.0392 | VaLoss: 1.4898 +- 0.0781
 28,  0 | TrAcc: 0.5623, TrLoss:  1.18409, VaAcc: 0.5211, VaLoss:  1.28816	 20 sampled NNs | VaAcc: 0.4351 +- 0.0411 | VaLoss: 1.5204 +- 0.1195
 29,  0 | TrAcc: 0.5856, TrLoss:  1.14018, VaAcc: 0.5564, VaLoss:  1.20249	 20 sampled NNs | VaAcc: 0.4959 +- 0.0257 | VaLoss: 1.3847 +- 0.0850
 30,  0 | TrAcc: 0.5873, TrLoss:  1.16770, VaAcc: 0.5536, VaLoss:  1.22667	 20 sampled NNs | VaAcc: 0.4805 +- 0.0391 | VaLoss: 1.4455 +- 0.1199
 31,  0 | TrAcc: 0.6016, TrLoss:  1.14037, VaAcc: 0.5616, VaLoss:  1.20742	 20 sampled NNs | VaAcc: 0.4856 +- 0.0349 | VaLoss: 1.4377 +- 0.1026
 32,  0 | TrAcc: 0.5930, TrLoss:  1.12939, VaAcc: 0.5663, VaLoss:  1.18021	 20 sampled NNs | VaAcc: 0.4769 +- 0.0345 | VaLoss: 1.4359 +- 0.0977
 33,  0 | TrAcc: 0.5911, TrLoss:  1.15830, VaAcc: 0.5885, VaLoss:  1.14897	 20 sampled NNs | VaAcc: 0.5240 +- 0.0329 | VaLoss: 1.3485 +- 0.0921
 34,  0 | TrAcc: 0.6242, TrLoss:  1.07268, VaAcc: 0.6036, VaLoss:  1.11195	 20 sampled NNs | VaAcc: 0.5307 +- 0.0282 | VaLoss: 1.3202 +- 0.0786
 35,  0 | TrAcc: 0.6132, TrLoss:  1.09030, VaAcc: 0.5929, VaLoss:  1.11931	 20 sampled NNs | VaAcc: 0.5332 +- 0.0309 | VaLoss: 1.2907 +- 0.0834
 36,  0 | TrAcc: 0.6228, TrLoss:  1.06952, VaAcc: 0.5974, VaLoss:  1.11648	 20 sampled NNs | VaAcc: 0.5503 +- 0.0389 | VaLoss: 1.2640 +- 0.0746
 37,  0 | TrAcc: 0.6439, TrLoss:  1.00603, VaAcc: 0.5940, VaLoss:  1.11747	 20 sampled NNs | VaAcc: 0.5299 +- 0.0460 | VaLoss: 1.2916 +- 0.1071
 38,  0 | TrAcc: 0.6427, TrLoss:  1.01194, VaAcc: 0.6049, VaLoss:  1.08619	 20 sampled NNs | VaAcc: 0.5542 +- 0.0378 | VaLoss: 1.2425 +- 0.0997
 39,  0 | TrAcc: 0.6587, TrLoss:  0.97082, VaAcc: 0.6163, VaLoss:  1.06878	 20 sampled NNs | VaAcc: 0.5486 +- 0.0398 | VaLoss: 1.2630 +- 0.1052
 40,  0 | TrAcc: 0.6488, TrLoss:  0.99341, VaAcc: 0.6167, VaLoss:  1.08666	 20 sampled NNs | VaAcc: 0.5529 +- 0.0392 | VaLoss: 1.2506 +- 0.0962
 41,  0 | TrAcc: 0.6777, TrLoss:  0.91032, VaAcc: 0.6331, VaLoss:  1.03494	 20 sampled NNs | VaAcc: 0.5791 +- 0.0274 | VaLoss: 1.1836 +- 0.0624
 42,  0 | TrAcc: 0.6645, TrLoss:  0.94098, VaAcc: 0.6300, VaLoss:  1.04487	 20 sampled NNs | VaAcc: 0.5728 +- 0.0217 | VaLoss: 1.1961 +- 0.0803
 43,  0 | TrAcc: 0.6581, TrLoss:  0.95045, VaAcc: 0.6296, VaLoss:  1.05585	 20 sampled NNs | VaAcc: 0.5893 +- 0.0183 | VaLoss: 1.1689 +- 0.0510
 44,  0 | TrAcc: 0.6753, TrLoss:  0.93229, VaAcc: 0.6424, VaLoss:  1.01048	 20 sampled NNs | VaAcc: 0.5927 +- 0.0257 | VaLoss: 1.1349 +- 0.0479
 45,  0 | TrAcc: 0.6910, TrLoss:  0.88174, VaAcc: 0.6402, VaLoss:  1.02286	 20 sampled NNs | VaAcc: 0.6029 +- 0.0219 | VaLoss: 1.1147 +- 0.0480
 46,  0 | TrAcc: 0.6977, TrLoss:  0.87072, VaAcc: 0.6619, VaLoss:  0.97946	 20 sampled NNs | VaAcc: 0.6093 +- 0.0230 | VaLoss: 1.1126 +- 0.0520
 47,  0 | TrAcc: 0.6990, TrLoss:  0.87997, VaAcc: 0.6590, VaLoss:  0.99500	 20 sampled NNs | VaAcc: 0.6076 +- 0.0184 | VaLoss: 1.1162 +- 0.0332
 48,  0 | TrAcc: 0.6898, TrLoss:  0.89721, VaAcc: 0.6353, VaLoss:  1.02346	 20 sampled NNs | VaAcc: 0.5915 +- 0.0259 | VaLoss: 1.1366 +- 0.0633
 49,  0 | TrAcc: 0.6849, TrLoss:  0.88708, VaAcc: 0.6522, VaLoss:  1.00753	 20 sampled NNs | VaAcc: 0.6109 +- 0.0227 | VaLoss: 1.1020 +- 0.0491
 50,  0 | TrAcc: 0.6750, TrLoss:  0.91025, VaAcc: 0.6375, VaLoss:  1.00520	 20 sampled NNs | VaAcc: 0.5990 +- 0.0213 | VaLoss: 1.1129 +- 0.0533
 51,  0 | TrAcc: 0.6868, TrLoss:  0.88876, VaAcc: 0.6463, VaLoss:  0.98012	 20 sampled NNs | VaAcc: 0.6027 +- 0.0257 | VaLoss: 1.1018 +- 0.0564
 52,  0 | TrAcc: 0.6989, TrLoss:  0.86854, VaAcc: 0.6829, VaLoss:  0.93520	 20 sampled NNs | VaAcc: 0.6420 +- 0.0229 | VaLoss: 1.0465 +- 0.0582
 53,  0 | TrAcc: 0.6976, TrLoss:  0.87468, VaAcc: 0.6695, VaLoss:  0.95216	 20 sampled NNs | VaAcc: 0.6331 +- 0.0278 | VaLoss: 1.0503 +- 0.0720
 54,  0 | TrAcc: 0.7159, TrLoss:  0.81908, VaAcc: 0.6383, VaLoss:  1.02865	 20 sampled NNs | VaAcc: 0.5786 +- 0.0330 | VaLoss: 1.1928 +- 0.0949
 55,  0 | TrAcc: 0.7248, TrLoss:  0.77849, VaAcc: 0.6709, VaLoss:  0.97128	 20 sampled NNs | VaAcc: 0.6311 +- 0.0248 | VaLoss: 1.0617 +- 0.0631
 56,  0 | TrAcc: 0.6994, TrLoss:  0.89022, VaAcc: 0.6932, VaLoss:  0.90859	 20 sampled NNs | VaAcc: 0.6595 +- 0.0167 | VaLoss: 0.9851 +- 0.0461
 57,  0 | TrAcc: 0.6970, TrLoss:  0.84481, VaAcc: 0.6659, VaLoss:  0.94253	 20 sampled NNs | VaAcc: 0.6210 +- 0.0214 | VaLoss: 1.0523 +- 0.0369
 58,  0 | TrAcc: 0.7101, TrLoss:  0.81765, VaAcc: 0.6611, VaLoss:  0.96287	 20 sampled NNs | VaAcc: 0.6252 +- 0.0203 | VaLoss: 1.0568 +- 0.0454
 59,  0 | TrAcc: 0.7215, TrLoss:  0.77739, VaAcc: 0.6770, VaLoss:  0.95737	 20 sampled NNs | VaAcc: 0.6394 +- 0.0227 | VaLoss: 1.0440 +- 0.0497
 60,  0 | TrAcc: 0.7135, TrLoss:  0.80677, VaAcc: 0.6992, VaLoss:  0.91026	 20 sampled NNs | VaAcc: 0.6634 +- 0.0243 | VaLoss: 0.9980 +- 0.0486
 61,  0 | TrAcc: 0.7127, TrLoss:  0.83669, VaAcc: 0.6719, VaLoss:  0.97886	 20 sampled NNs | VaAcc: 0.6354 +- 0.0290 | VaLoss: 1.0553 +- 0.0598
 62,  0 | TrAcc: 0.7387, TrLoss:  0.73742, VaAcc: 0.6933, VaLoss:  0.90052	 20 sampled NNs | VaAcc: 0.6490 +- 0.0254 | VaLoss: 1.0033 +- 0.0532
 63,  0 | TrAcc: 0.7156, TrLoss:  0.82631, VaAcc: 0.6726, VaLoss:  0.94092	 20 sampled NNs | VaAcc: 0.6375 +- 0.0267 | VaLoss: 1.0330 +- 0.0502
 64,  0 | TrAcc: 0.7331, TrLoss:  0.76028, VaAcc: 0.7003, VaLoss:  0.89282	 20 sampled NNs | VaAcc: 0.6540 +- 0.0235 | VaLoss: 0.9906 +- 0.0429
 65,  0 | TrAcc: 0.7331, TrLoss:  0.74269, VaAcc: 0.6793, VaLoss:  0.95451	 20 sampled NNs | VaAcc: 0.6530 +- 0.0172 | VaLoss: 1.0270 +- 0.0505
 66,  0 | TrAcc: 0.7222, TrLoss:  0.80249, VaAcc: 0.6924, VaLoss:  0.94398	 20 sampled NNs | VaAcc: 0.6620 +- 0.0215 | VaLoss: 1.0054 +- 0.0474
 67,  0 | TrAcc: 0.7287, TrLoss:  0.78648, VaAcc: 0.6945, VaLoss:  0.86914	 20 sampled NNs | VaAcc: 0.6658 +- 0.0235 | VaLoss: 0.9478 +- 0.0543
 68,  0 | TrAcc: 0.7392, TrLoss:  0.73776, VaAcc: 0.6859, VaLoss:  0.88409	 20 sampled NNs | VaAcc: 0.6601 +- 0.0283 | VaLoss: 0.9679 +- 0.0624
 69,  0 | TrAcc: 0.7489, TrLoss:  0.72031, VaAcc: 0.6942, VaLoss:  0.88966	 20 sampled NNs | VaAcc: 0.6522 +- 0.0188 | VaLoss: 0.9917 +- 0.0447
 70,  0 | TrAcc: 0.7248, TrLoss:  0.76946, VaAcc: 0.6863, VaLoss:  0.90859	 20 sampled NNs | VaAcc: 0.6537 +- 0.0255 | VaLoss: 0.9862 +- 0.0483
 71,  0 | TrAcc: 0.7480, TrLoss:  0.71079, VaAcc: 0.6941, VaLoss:  0.92917	 20 sampled NNs | VaAcc: 0.6600 +- 0.0247 | VaLoss: 0.9983 +- 0.0659
 72,  0 | TrAcc: 0.7493, TrLoss:  0.71043, VaAcc: 0.7028, VaLoss:  0.88962	 20 sampled NNs | VaAcc: 0.6715 +- 0.0143 | VaLoss: 0.9684 +- 0.0374
 73,  0 | TrAcc: 0.7125, TrLoss:  0.80429, VaAcc: 0.6892, VaLoss:  0.92177	 20 sampled NNs | VaAcc: 0.6581 +- 0.0224 | VaLoss: 1.0083 +- 0.0572
 74,  0 | TrAcc: 0.7364, TrLoss:  0.73910, VaAcc: 0.7046, VaLoss:  0.88489	 20 sampled NNs | VaAcc: 0.6773 +- 0.0171 | VaLoss: 0.9504 +- 0.0347
 75,  0 | TrAcc: 0.7352, TrLoss:  0.73925, VaAcc: 0.6889, VaLoss:  0.91120	 20 sampled NNs | VaAcc: 0.6613 +- 0.0226 | VaLoss: 0.9833 +- 0.0573
 76,  0 | TrAcc: 0.7553, TrLoss:  0.68992, VaAcc: 0.6920, VaLoss:  0.88888	 20 sampled NNs | VaAcc: 0.6646 +- 0.0181 | VaLoss: 0.9585 +- 0.0357
 77,  0 | TrAcc: 0.7190, TrLoss:  0.78634, VaAcc: 0.6848, VaLoss:  0.92843	 20 sampled NNs | VaAcc: 0.6559 +- 0.0196 | VaLoss: 0.9959 +- 0.0386
 78,  0 | TrAcc: 0.7529, TrLoss:  0.72349, VaAcc: 0.6873, VaLoss:  0.90337	 20 sampled NNs | VaAcc: 0.6605 +- 0.0184 | VaLoss: 0.9769 +- 0.0434
 79,  0 | TrAcc: 0.7443, TrLoss:  0.74220, VaAcc: 0.6982, VaLoss:  0.88367	 20 sampled NNs | VaAcc: 0.6630 +- 0.0171 | VaLoss: 0.9579 +- 0.0442
 80,  0 | TrAcc: 0.7372, TrLoss:  0.74511, VaAcc: 0.7006, VaLoss:  0.86998	 20 sampled NNs | VaAcc: 0.6703 +- 0.0183 | VaLoss: 0.9564 +- 0.0528
 81,  0 | TrAcc: 0.7523, TrLoss:  0.70103, VaAcc: 0.7001, VaLoss:  0.89820	 20 sampled NNs | VaAcc: 0.6756 +- 0.0188 | VaLoss: 0.9621 +- 0.0457
 82,  0 | TrAcc: 0.7555, TrLoss:  0.70465, VaAcc: 0.7062, VaLoss:  0.88939	 20 sampled NNs | VaAcc: 0.6883 +- 0.0184 | VaLoss: 0.9307 +- 0.0521
 83,  0 | TrAcc: 0.7391, TrLoss:  0.73110, VaAcc: 0.7039, VaLoss:  0.88039	 20 sampled NNs | VaAcc: 0.6693 +- 0.0201 | VaLoss: 0.9506 +- 0.0428
 84,  0 | TrAcc: 0.7424, TrLoss:  0.73749, VaAcc: 0.6918, VaLoss:  0.90517	 20 sampled NNs | VaAcc: 0.6624 +- 0.0197 | VaLoss: 0.9804 +- 0.0500
 85,  0 | TrAcc: 0.7545, TrLoss:  0.66963, VaAcc: 0.7217, VaLoss:  0.84990	 20 sampled NNs | VaAcc: 0.6933 +- 0.0187 | VaLoss: 0.9090 +- 0.0400
 86,  0 | TrAcc: 0.7568, TrLoss:  0.70666, VaAcc: 0.7177, VaLoss:  0.83122	 20 sampled NNs | VaAcc: 0.6873 +- 0.0205 | VaLoss: 0.8941 +- 0.0488
 87,  0 | TrAcc: 0.7562, TrLoss:  0.70216, VaAcc: 0.6991, VaLoss:  0.85987	 20 sampled NNs | VaAcc: 0.6688 +- 0.0195 | VaLoss: 0.9216 +- 0.0482
 88,  0 | TrAcc: 0.7478, TrLoss:  0.70234, VaAcc: 0.7009, VaLoss:  0.85976	 20 sampled NNs | VaAcc: 0.6673 +- 0.0195 | VaLoss: 0.9323 +- 0.0577
 89,  0 | TrAcc: 0.7521, TrLoss:  0.69891, VaAcc: 0.6987, VaLoss:  0.86021	 20 sampled NNs | VaAcc: 0.6828 +- 0.0170 | VaLoss: 0.9047 +- 0.0323
 90,  0 | TrAcc: 0.7447, TrLoss:  0.73357, VaAcc: 0.7011, VaLoss:  0.87495	 20 sampled NNs | VaAcc: 0.6774 +- 0.0255 | VaLoss: 0.9306 +- 0.0480
 91,  0 | TrAcc: 0.7493, TrLoss:  0.71555, VaAcc: 0.7011, VaLoss:  0.89557	 20 sampled NNs | VaAcc: 0.6700 +- 0.0162 | VaLoss: 0.9581 +- 0.0385
 92,  0 | TrAcc: 0.7729, TrLoss:  0.62878, VaAcc: 0.7171, VaLoss:  0.84144	 20 sampled NNs | VaAcc: 0.6934 +- 0.0167 | VaLoss: 0.8923 +- 0.0442
 93,  0 | TrAcc: 0.7411, TrLoss:  0.73864, VaAcc: 0.6986, VaLoss:  0.87736	 20 sampled NNs | VaAcc: 0.6865 +- 0.0228 | VaLoss: 0.9087 +- 0.0421
 94,  0 | TrAcc: 0.7721, TrLoss:  0.63668, VaAcc: 0.7237, VaLoss:  0.84561	 20 sampled NNs | VaAcc: 0.6922 +- 0.0150 | VaLoss: 0.9086 +- 0.0435
 95,  0 | TrAcc: 0.7562, TrLoss:  0.69938, VaAcc: 0.6925, VaLoss:  0.87045	 20 sampled NNs | VaAcc: 0.6734 +- 0.0207 | VaLoss: 0.9226 +- 0.0442
 96,  0 | TrAcc: 0.7743, TrLoss:  0.63010, VaAcc: 0.7263, VaLoss:  0.83187	 20 sampled NNs | VaAcc: 0.7015 +- 0.0186 | VaLoss: 0.8758 +- 0.0332
 97,  0 | TrAcc: 0.7653, TrLoss:  0.66152, VaAcc: 0.7308, VaLoss:  0.81955	 20 sampled NNs | VaAcc: 0.7112 +- 0.0128 | VaLoss: 0.8641 +- 0.0287
 98,  0 | TrAcc: 0.7774, TrLoss:  0.64117, VaAcc: 0.7390, VaLoss:  0.79250	 20 sampled NNs | VaAcc: 0.7129 +- 0.0123 | VaLoss: 0.8532 +- 0.0442
 99,  0 | TrAcc: 0.7800, TrLoss:  0.63462, VaAcc: 0.6952, VaLoss:  0.88130	 20 sampled NNs | VaAcc: 0.6795 +- 0.0228 | VaLoss: 0.9238 +- 0.0549
100,  0 | TrAcc: 0.7664, TrLoss:  0.65874, VaAcc: 0.6997, VaLoss:  0.88139	 20 sampled NNs | VaAcc: 0.6809 +- 0.0192 | VaLoss: 0.9333 +- 0.0571
101,  0 | TrAcc: 0.7771, TrLoss:  0.62773, VaAcc: 0.6929, VaLoss:  0.92662	 20 sampled NNs | VaAcc: 0.6730 +- 0.0178 | VaLoss: 0.9735 +- 0.0576
102,  0 | TrAcc: 0.7800, TrLoss:  0.63512, VaAcc: 0.7023, VaLoss:  0.87772	 20 sampled NNs | VaAcc: 0.6801 +- 0.0180 | VaLoss: 0.9158 +- 0.0424
103,  0 | TrAcc: 0.7553, TrLoss:  0.70497, VaAcc: 0.7156, VaLoss:  0.84198	 20 sampled NNs | VaAcc: 0.7020 +- 0.0149 | VaLoss: 0.8754 +- 0.0349
104,  0 | TrAcc: 0.7563, TrLoss:  0.68493, VaAcc: 0.7167, VaLoss:  0.82866	 20 sampled NNs | VaAcc: 0.6951 +- 0.0261 | VaLoss: 0.8824 +- 0.0532
105,  0 | TrAcc: 0.7863, TrLoss:  0.58221, VaAcc: 0.7050, VaLoss:  0.84912	 20 sampled NNs | VaAcc: 0.6847 +- 0.0169 | VaLoss: 0.8930 +- 0.0365
106,  0 | TrAcc: 0.7803, TrLoss:  0.60987, VaAcc: 0.6891, VaLoss:  0.86791	 20 sampled NNs | VaAcc: 0.6745 +- 0.0136 | VaLoss: 0.9052 +- 0.0397
107,  0 | TrAcc: 0.7535, TrLoss:  0.67925, VaAcc: 0.7067, VaLoss:  0.88135	 20 sampled NNs | VaAcc: 0.6761 +- 0.0178 | VaLoss: 0.9621 +- 0.0602
108,  0 | TrAcc: 0.7740, TrLoss:  0.65152, VaAcc: 0.7069, VaLoss:  0.84106	 20 sampled NNs | VaAcc: 0.6869 +- 0.0142 | VaLoss: 0.9060 +- 0.0482
109,  0 | TrAcc: 0.7867, TrLoss:  0.60188, VaAcc: 0.7278, VaLoss:  0.80082	 20 sampled NNs | VaAcc: 0.6982 +- 0.0157 | VaLoss: 0.8613 +- 0.0331
110,  0 | TrAcc: 0.7732, TrLoss:  0.66458, VaAcc: 0.7174, VaLoss:  0.83200	 20 sampled NNs | VaAcc: 0.7018 +- 0.0178 | VaLoss: 0.8786 +- 0.0374
111,  0 | TrAcc: 0.7844, TrLoss:  0.61910, VaAcc: 0.7240, VaLoss:  0.82177	 20 sampled NNs | VaAcc: 0.7068 +- 0.0129 | VaLoss: 0.8463 +- 0.0388
112,  0 | TrAcc: 0.7718, TrLoss:  0.63555, VaAcc: 0.7125, VaLoss:  0.86223	 20 sampled NNs | VaAcc: 0.6885 +- 0.0179 | VaLoss: 0.9210 +- 0.0448
113,  0 | TrAcc: 0.7791, TrLoss:  0.61221, VaAcc: 0.7189, VaLoss:  0.82103	 20 sampled NNs | VaAcc: 0.7041 +- 0.0194 | VaLoss: 0.8697 +- 0.0411
114,  0 | TrAcc: 0.7733, TrLoss:  0.65416, VaAcc: 0.7142, VaLoss:  0.84072	 20 sampled NNs | VaAcc: 0.6917 +- 0.0203 | VaLoss: 0.8932 +- 0.0474
115,  0 | TrAcc: 0.7871, TrLoss:  0.61480, VaAcc: 0.7154, VaLoss:  0.86695	 20 sampled NNs | VaAcc: 0.7010 +- 0.0161 | VaLoss: 0.9096 +- 0.0471
116,  0 | TrAcc: 0.7714, TrLoss:  0.65884, VaAcc: 0.7243, VaLoss:  0.82740	 20 sampled NNs | VaAcc: 0.7102 +- 0.0124 | VaLoss: 0.8539 +- 0.0258
117,  0 | TrAcc: 0.7883, TrLoss:  0.59899, VaAcc: 0.7230, VaLoss:  0.81378	 20 sampled NNs | VaAcc: 0.7031 +- 0.0173 | VaLoss: 0.8643 +- 0.0308
118,  0 | TrAcc: 0.7646, TrLoss:  0.66387, VaAcc: 0.7142, VaLoss:  0.83434	 20 sampled NNs | VaAcc: 0.6992 +- 0.0153 | VaLoss: 0.8777 +- 0.0531
119,  0 | TrAcc: 0.7496, TrLoss:  0.71167, VaAcc: 0.7267, VaLoss:  0.82104	 20 sampled NNs | VaAcc: 0.7072 +- 0.0147 | VaLoss: 0.8693 +- 0.0384
120,  0 | TrAcc: 0.7945, TrLoss:  0.58162, VaAcc: 0.7264, VaLoss:  0.83874	 20 sampled NNs | VaAcc: 0.7065 +- 0.0203 | VaLoss: 0.8785 +- 0.0465
121,  0 | TrAcc: 0.7745, TrLoss:  0.64021, VaAcc: 0.6992, VaLoss:  0.88697	 20 sampled NNs | VaAcc: 0.6847 +- 0.0193 | VaLoss: 0.9264 +- 0.0458
122,  0 | TrAcc: 0.7732, TrLoss:  0.63252, VaAcc: 0.7191, VaLoss:  0.80655	 20 sampled NNs | VaAcc: 0.7058 +- 0.0130 | VaLoss: 0.8334 +- 0.0315
123,  0 | TrAcc: 0.7869, TrLoss:  0.60395, VaAcc: 0.7244, VaLoss:  0.83017	 20 sampled NNs | VaAcc: 0.7122 +- 0.0140 | VaLoss: 0.8571 +- 0.0313
124,  0 | TrAcc: 0.7680, TrLoss:  0.65595, VaAcc: 0.7239, VaLoss:  0.86423	 20 sampled NNs | VaAcc: 0.7029 +- 0.0127 | VaLoss: 0.8994 +- 0.0355
125,  0 | TrAcc: 0.7943, TrLoss:  0.58411, VaAcc: 0.7386, VaLoss:  0.79858	 20 sampled NNs | VaAcc: 0.7091 +- 0.0195 | VaLoss: 0.8564 +- 0.0406
126,  0 | TrAcc: 0.7816, TrLoss:  0.61258, VaAcc: 0.7088, VaLoss:  0.85860	 20 sampled NNs | VaAcc: 0.6848 +- 0.0161 | VaLoss: 0.9111 +- 0.0425
127,  0 | TrAcc: 0.7545, TrLoss:  0.67098, VaAcc: 0.7239, VaLoss:  0.81376	 20 sampled NNs | VaAcc: 0.7118 +- 0.0160 | VaLoss: 0.8476 +- 0.0413
128,  0 | TrAcc: 0.7777, TrLoss:  0.64478, VaAcc: 0.7228, VaLoss:  0.85141	 20 sampled NNs | VaAcc: 0.7034 +- 0.0157 | VaLoss: 0.8930 +- 0.0383
129,  0 | TrAcc: 0.7606, TrLoss:  0.66111, VaAcc: 0.7209, VaLoss:  0.85698	 20 sampled NNs | VaAcc: 0.7004 +- 0.0161 | VaLoss: 0.9039 +- 0.0439
130,  0 | TrAcc: 0.7730, TrLoss:  0.65148, VaAcc: 0.7189, VaLoss:  0.87005	 20 sampled NNs | VaAcc: 0.7062 +- 0.0155 | VaLoss: 0.8990 +- 0.0382
131,  0 | TrAcc: 0.7927, TrLoss:  0.57715, VaAcc: 0.7336, VaLoss:  0.79950	 20 sampled NNs | VaAcc: 0.7198 +- 0.0173 | VaLoss: 0.8352 +- 0.0456
132,  0 | TrAcc: 0.8213, TrLoss:  0.51177, VaAcc: 0.7259, VaLoss:  0.83656	 20 sampled NNs | VaAcc: 0.7158 +- 0.0150 | VaLoss: 0.8587 +- 0.0351
133,  0 | TrAcc: 0.7940, TrLoss:  0.58402, VaAcc: 0.7115, VaLoss:  0.88391	 20 sampled NNs | VaAcc: 0.6961 +- 0.0128 | VaLoss: 0.9285 +- 0.0311
134,  0 | TrAcc: 0.7708, TrLoss:  0.63776, VaAcc: 0.7009, VaLoss:  0.85663	 20 sampled NNs | VaAcc: 0.6804 +- 0.0195 | VaLoss: 0.9077 +- 0.0427
135,  0 | TrAcc: 0.7627, TrLoss:  0.63877, VaAcc: 0.7234, VaLoss:  0.80810	 20 sampled NNs | VaAcc: 0.7038 +- 0.0123 | VaLoss: 0.8495 +- 0.0299
136,  0 | TrAcc: 0.7991, TrLoss:  0.57652, VaAcc: 0.7320, VaLoss:  0.84844	 20 sampled NNs | VaAcc: 0.7083 +- 0.0201 | VaLoss: 0.9155 +- 0.0531
137,  0 | TrAcc: 0.7962, TrLoss:  0.58652, VaAcc: 0.7305, VaLoss:  0.81730	 20 sampled NNs | VaAcc: 0.7095 +- 0.0156 | VaLoss: 0.8663 +- 0.0325
138,  0 | TrAcc: 0.7955, TrLoss:  0.57666, VaAcc: 0.7338, VaLoss:  0.81099	 20 sampled NNs | VaAcc: 0.7156 +- 0.0160 | VaLoss: 0.8625 +- 0.0267
139,  0 | TrAcc: 0.7934, TrLoss:  0.57376, VaAcc: 0.7352, VaLoss:  0.80028	 20 sampled NNs | VaAcc: 0.7203 +- 0.0124 | VaLoss: 0.8336 +- 0.0381
140,  0 | TrAcc: 0.7932, TrLoss:  0.57150, VaAcc: 0.7210, VaLoss:  0.82382	 20 sampled NNs | VaAcc: 0.7015 +- 0.0178 | VaLoss: 0.8728 +- 0.0315
141,  0 | TrAcc: 0.7820, TrLoss:  0.62441, VaAcc: 0.7413, VaLoss:  0.80208	 20 sampled NNs | VaAcc: 0.7202 +- 0.0147 | VaLoss: 0.8415 +- 0.0383
142,  0 | TrAcc: 0.8025, TrLoss:  0.57497, VaAcc: 0.7425, VaLoss:  0.78557	 20 sampled NNs | VaAcc: 0.7284 +- 0.0165 | VaLoss: 0.8215 +- 0.0367
143,  0 | TrAcc: 0.7752, TrLoss:  0.65653, VaAcc: 0.7146, VaLoss:  0.87129	 20 sampled NNs | VaAcc: 0.6943 +- 0.0154 | VaLoss: 0.9170 +- 0.0466
144,  0 | TrAcc: 0.7815, TrLoss:  0.61400, VaAcc: 0.7381, VaLoss:  0.80333	 20 sampled NNs | VaAcc: 0.7227 +- 0.0177 | VaLoss: 0.8480 +- 0.0425
145,  0 | TrAcc: 0.8160, TrLoss:  0.54649, VaAcc: 0.7370, VaLoss:  0.80252	 20 sampled NNs | VaAcc: 0.7195 +- 0.0125 | VaLoss: 0.8427 +- 0.0297
146,  0 | TrAcc: 0.7888, TrLoss:  0.61062, VaAcc: 0.7310, VaLoss:  0.84084	 20 sampled NNs | VaAcc: 0.7092 +- 0.0188 | VaLoss: 0.8759 +- 0.0399
147,  0 | TrAcc: 0.7985, TrLoss:  0.56794, VaAcc: 0.7425, VaLoss:  0.79507	 20 sampled NNs | VaAcc: 0.7279 +- 0.0151 | VaLoss: 0.8261 +- 0.0329
148,  0 | TrAcc: 0.7681, TrLoss:  0.66529, VaAcc: 0.7170, VaLoss:  0.85097	 20 sampled NNs | VaAcc: 0.7077 +- 0.0144 | VaLoss: 0.8843 +- 0.0338
149,  0 | TrAcc: 0.7983, TrLoss:  0.57366, VaAcc: 0.7118, VaLoss:  0.85052	 20 sampled NNs | VaAcc: 0.6964 +- 0.0127 | VaLoss: 0.8805 +- 0.0396
150,  0 | TrAcc: 0.7947, TrLoss:  0.58832, VaAcc: 0.7135, VaLoss:  0.83432	 20 sampled NNs | VaAcc: 0.7039 +- 0.0142 | VaLoss: 0.8580 +- 0.0291
151,  0 | TrAcc: 0.7897, TrLoss:  0.59569, VaAcc: 0.7119, VaLoss:  0.83952	 20 sampled NNs | VaAcc: 0.6956 +- 0.0165 | VaLoss: 0.8742 +- 0.0439
152,  0 | TrAcc: 0.8152, TrLoss:  0.52413, VaAcc: 0.7294, VaLoss:  0.82318	 20 sampled NNs | VaAcc: 0.7111 +- 0.0132 | VaLoss: 0.8647 +- 0.0462
153,  0 | TrAcc: 0.7922, TrLoss:  0.56955, VaAcc: 0.7399, VaLoss:  0.78061	 20 sampled NNs | VaAcc: 0.7287 +- 0.0182 | VaLoss: 0.8084 +- 0.0480
154,  0 | TrAcc: 0.8012, TrLoss:  0.58586, VaAcc: 0.7254, VaLoss:  0.84430	 20 sampled NNs | VaAcc: 0.7115 +- 0.0127 | VaLoss: 0.8717 +- 0.0316
155,  0 | TrAcc: 0.8050, TrLoss:  0.56660, VaAcc: 0.7374, VaLoss:  0.82546	 20 sampled NNs | VaAcc: 0.7222 +- 0.0151 | VaLoss: 0.8524 +- 0.0363
156,  0 | TrAcc: 0.7985, TrLoss:  0.56648, VaAcc: 0.7455, VaLoss:  0.77791	 20 sampled NNs | VaAcc: 0.7362 +- 0.0158 | VaLoss: 0.7921 +- 0.0274
157,  0 | TrAcc: 0.7774, TrLoss:  0.61532, VaAcc: 0.7167, VaLoss:  0.84105	 20 sampled NNs | VaAcc: 0.7029 +- 0.0111 | VaLoss: 0.8778 +- 0.0400
158,  0 | TrAcc: 0.8047, TrLoss:  0.54204, VaAcc: 0.7357, VaLoss:  0.77692	 20 sampled NNs | VaAcc: 0.7219 +- 0.0117 | VaLoss: 0.8071 +- 0.0244
159,  0 | TrAcc: 0.7990, TrLoss:  0.55826, VaAcc: 0.7198, VaLoss:  0.79516	 20 sampled NNs | VaAcc: 0.7006 +- 0.0108 | VaLoss: 0.8328 +- 0.0239
160,  0 | TrAcc: 0.7933, TrLoss:  0.59141, VaAcc: 0.7265, VaLoss:  0.82458	 20 sampled NNs | VaAcc: 0.7111 +- 0.0113 | VaLoss: 0.8652 +- 0.0246
161,  0 | TrAcc: 0.7926, TrLoss:  0.56137, VaAcc: 0.7163, VaLoss:  0.85498	 20 sampled NNs | VaAcc: 0.7044 +- 0.0154 | VaLoss: 0.8812 +- 0.0470
162,  0 | TrAcc: 0.7877, TrLoss:  0.60036, VaAcc: 0.7347, VaLoss:  0.79230	 20 sampled NNs | VaAcc: 0.7237 +- 0.0134 | VaLoss: 0.8140 +- 0.0333
163,  0 | TrAcc: 0.8003, TrLoss:  0.56145, VaAcc: 0.7379, VaLoss:  0.81270	 20 sampled NNs | VaAcc: 0.7241 +- 0.0160 | VaLoss: 0.8303 +- 0.0284
164,  0 | TrAcc: 0.8072, TrLoss:  0.56561, VaAcc: 0.7315, VaLoss:  0.78043	 20 sampled NNs | VaAcc: 0.7156 +- 0.0142 | VaLoss: 0.8187 +- 0.0402
165,  0 | TrAcc: 0.7779, TrLoss:  0.62910, VaAcc: 0.7289, VaLoss:  0.81010	 20 sampled NNs | VaAcc: 0.7155 +- 0.0132 | VaLoss: 0.8427 +- 0.0293
166,  0 | TrAcc: 0.8139, TrLoss:  0.52531, VaAcc: 0.7192, VaLoss:  0.84198	 20 sampled NNs | VaAcc: 0.7055 +- 0.0167 | VaLoss: 0.8605 +- 0.0365
167,  0 | TrAcc: 0.7983, TrLoss:  0.57350, VaAcc: 0.7208, VaLoss:  0.87664	 20 sampled NNs | VaAcc: 0.7107 +- 0.0174 | VaLoss: 0.9095 +- 0.0586
168,  0 | TrAcc: 0.8208, TrLoss:  0.51574, VaAcc: 0.7447, VaLoss:  0.81773	 20 sampled NNs | VaAcc: 0.7348 +- 0.0099 | VaLoss: 0.8344 +- 0.0302
169,  0 | TrAcc: 0.8040, TrLoss:  0.55978, VaAcc: 0.7424, VaLoss:  0.80541	 20 sampled NNs | VaAcc: 0.7303 +- 0.0131 | VaLoss: 0.8268 +- 0.0223
170,  0 | TrAcc: 0.8335, TrLoss:  0.50966, VaAcc: 0.7389, VaLoss:  0.82328	 20 sampled NNs | VaAcc: 0.7251 +- 0.0122 | VaLoss: 0.8568 +- 0.0331
171,  0 | TrAcc: 0.8016, TrLoss:  0.55448, VaAcc: 0.7421, VaLoss:  0.80220	 20 sampled NNs | VaAcc: 0.7233 +- 0.0123 | VaLoss: 0.8398 +- 0.0326
172,  0 | TrAcc: 0.7929, TrLoss:  0.56768, VaAcc: 0.7238, VaLoss:  0.82040	 20 sampled NNs | VaAcc: 0.7129 +- 0.0133 | VaLoss: 0.8441 +- 0.0365
173,  0 | TrAcc: 0.8290, TrLoss:  0.51137, VaAcc: 0.7296, VaLoss:  0.85056	 20 sampled NNs | VaAcc: 0.7221 +- 0.0110 | VaLoss: 0.8691 +- 0.0329
174,  0 | TrAcc: 0.8064, TrLoss:  0.54347, VaAcc: 0.7306, VaLoss:  0.80153	 20 sampled NNs | VaAcc: 0.7249 +- 0.0134 | VaLoss: 0.8158 +- 0.0234
175,  0 | TrAcc: 0.7992, TrLoss:  0.56925, VaAcc: 0.7396, VaLoss:  0.82210	 20 sampled NNs | VaAcc: 0.7290 +- 0.0109 | VaLoss: 0.8399 +- 0.0290
176,  0 | TrAcc: 0.8134, TrLoss:  0.55410, VaAcc: 0.7291, VaLoss:  0.80572	 20 sampled NNs | VaAcc: 0.7189 +- 0.0116 | VaLoss: 0.8308 +- 0.0244
177,  0 | TrAcc: 0.8131, TrLoss:  0.56202, VaAcc: 0.7379, VaLoss:  0.80002	 20 sampled NNs | VaAcc: 0.7297 +- 0.0119 | VaLoss: 0.8238 +- 0.0253
178,  0 | TrAcc: 0.8056, TrLoss:  0.55705, VaAcc: 0.6994, VaLoss:  0.88034	 20 sampled NNs | VaAcc: 0.6886 +- 0.0180 | VaLoss: 0.9081 +- 0.0380
179,  0 | TrAcc: 0.8159, TrLoss:  0.51530, VaAcc: 0.7154, VaLoss:  0.84226	 20 sampled NNs | VaAcc: 0.7004 +- 0.0127 | VaLoss: 0.8791 +- 0.0353
180,  0 | TrAcc: 0.8048, TrLoss:  0.55813, VaAcc: 0.7081, VaLoss:  0.86542	 20 sampled NNs | VaAcc: 0.6972 +- 0.0140 | VaLoss: 0.8969 +- 0.0385
181,  0 | TrAcc: 0.7929, TrLoss:  0.61613, VaAcc: 0.7157, VaLoss:  0.84416	 20 sampled NNs | VaAcc: 0.7038 +- 0.0097 | VaLoss: 0.8772 +- 0.0271
182,  0 | TrAcc: 0.8076, TrLoss:  0.54574, VaAcc: 0.7293, VaLoss:  0.80642	 20 sampled NNs | VaAcc: 0.7222 +- 0.0138 | VaLoss: 0.8265 +- 0.0244
183,  0 | TrAcc: 0.7992, TrLoss:  0.54740, VaAcc: 0.7129, VaLoss:  0.85109	 20 sampled NNs | VaAcc: 0.6970 +- 0.0142 | VaLoss: 0.8945 +- 0.0420
184,  0 | TrAcc: 0.7961, TrLoss:  0.58444, VaAcc: 0.7140, VaLoss:  0.84864	 20 sampled NNs | VaAcc: 0.7046 +- 0.0102 | VaLoss: 0.8778 +- 0.0258
185,  0 | TrAcc: 0.8114, TrLoss:  0.53696, VaAcc: 0.7057, VaLoss:  0.92066	 20 sampled NNs | VaAcc: 0.6835 +- 0.0162 | VaLoss: 0.9713 +- 0.0438
186,  0 | TrAcc: 0.7922, TrLoss:  0.60618, VaAcc: 0.7069, VaLoss:  0.85423	 20 sampled NNs | VaAcc: 0.7015 +- 0.0117 | VaLoss: 0.8805 +- 0.0450
187,  0 | TrAcc: 0.8051, TrLoss:  0.55231, VaAcc: 0.7090, VaLoss:  0.85551	 20 sampled NNs | VaAcc: 0.6973 +- 0.0132 | VaLoss: 0.8860 +- 0.0293
188,  0 | TrAcc: 0.8161, TrLoss:  0.53334, VaAcc: 0.7164, VaLoss:  0.82599	 20 sampled NNs | VaAcc: 0.7076 +- 0.0131 | VaLoss: 0.8565 +- 0.0305
189,  0 | TrAcc: 0.8252, TrLoss:  0.50753, VaAcc: 0.7267, VaLoss:  0.82979	 20 sampled NNs | VaAcc: 0.7135 +- 0.0124 | VaLoss: 0.8600 +- 0.0261
190,  0 | TrAcc: 0.8116, TrLoss:  0.53623, VaAcc: 0.7316, VaLoss:  0.84156	 20 sampled NNs | VaAcc: 0.7265 +- 0.0171 | VaLoss: 0.8558 +- 0.0440
191,  0 | TrAcc: 0.8034, TrLoss:  0.57496, VaAcc: 0.7219, VaLoss:  0.80094	 20 sampled NNs | VaAcc: 0.7133 +- 0.0116 | VaLoss: 0.8275 +- 0.0351
192,  0 | TrAcc: 0.8213, TrLoss:  0.51332, VaAcc: 0.7344, VaLoss:  0.81984	 20 sampled NNs | VaAcc: 0.7230 +- 0.0108 | VaLoss: 0.8334 +- 0.0304
193,  0 | TrAcc: 0.7952, TrLoss:  0.58039, VaAcc: 0.7319, VaLoss:  0.88120	 20 sampled NNs | VaAcc: 0.7158 +- 0.0131 | VaLoss: 0.9131 +- 0.0440
194,  0 | TrAcc: 0.8089, TrLoss:  0.57607, VaAcc: 0.7316, VaLoss:  0.85700	 20 sampled NNs | VaAcc: 0.7246 +- 0.0133 | VaLoss: 0.8783 +- 0.0411
195,  0 | TrAcc: 0.8257, TrLoss:  0.48477, VaAcc: 0.7222, VaLoss:  0.83661	 20 sampled NNs | VaAcc: 0.7127 +- 0.0103 | VaLoss: 0.8647 +- 0.0301
196,  0 | TrAcc: 0.8059, TrLoss:  0.56074, VaAcc: 0.7303, VaLoss:  0.83145	 20 sampled NNs | VaAcc: 0.7187 +- 0.0080 | VaLoss: 0.8456 +- 0.0229
197,  0 | TrAcc: 0.8099, TrLoss:  0.54360, VaAcc: 0.7225, VaLoss:  0.82659	 20 sampled NNs | VaAcc: 0.7075 +- 0.0127 | VaLoss: 0.8715 +- 0.0390
198,  0 | TrAcc: 0.8074, TrLoss:  0.54981, VaAcc: 0.7197, VaLoss:  0.86217	 20 sampled NNs | VaAcc: 0.7086 +- 0.0128 | VaLoss: 0.8907 +- 0.0420
199,  0 | TrAcc: 0.7739, TrLoss:  0.66334, VaAcc: 0.7235, VaLoss:  0.79644	 20 sampled NNs | VaAcc: 0.7117 +- 0.0135 | VaLoss: 0.8178 +- 0.0238
200,  0 | TrAcc: 0.8151, TrLoss:  0.52795, VaAcc: 0.7324, VaLoss:  0.82889	 20 sampled NNs | VaAcc: 0.7206 +- 0.0152 | VaLoss: 0.8504 +- 0.0407
201,  0 | TrAcc: 0.8097, TrLoss:  0.53804, VaAcc: 0.7299, VaLoss:  0.78657	 20 sampled NNs | VaAcc: 0.7224 +- 0.0109 | VaLoss: 0.8045 +- 0.0250
202,  0 | TrAcc: 0.7988, TrLoss:  0.57573, VaAcc: 0.7219, VaLoss:  0.85891	 20 sampled NNs | VaAcc: 0.7103 +- 0.0104 | VaLoss: 0.8908 +- 0.0203
203,  0 | TrAcc: 0.7958, TrLoss:  0.56727, VaAcc: 0.7283, VaLoss:  0.84104	 20 sampled NNs | VaAcc: 0.7124 +- 0.0219 | VaLoss: 0.8777 +- 0.0623
204,  0 | TrAcc: 0.8186, TrLoss:  0.51914, VaAcc: 0.7349, VaLoss:  0.84228	 20 sampled NNs | VaAcc: 0.7190 +- 0.0091 | VaLoss: 0.8685 +- 0.0328
205,  0 | TrAcc: 0.8041, TrLoss:  0.55872, VaAcc: 0.7398, VaLoss:  0.80586	 20 sampled NNs | VaAcc: 0.7304 +- 0.0140 | VaLoss: 0.8208 +- 0.0267
206,  0 | TrAcc: 0.8286, TrLoss:  0.51008, VaAcc: 0.7408, VaLoss:  0.81331	 20 sampled NNs | VaAcc: 0.7340 +- 0.0120 | VaLoss: 0.8117 +- 0.0374
207,  0 | TrAcc: 0.8103, TrLoss:  0.53982, VaAcc: 0.7248, VaLoss:  0.80226	 20 sampled NNs | VaAcc: 0.7182 +- 0.0110 | VaLoss: 0.8226 +- 0.0318
208,  0 | TrAcc: 0.8126, TrLoss:  0.52437, VaAcc: 0.7375, VaLoss:  0.81298	 20 sampled NNs | VaAcc: 0.7243 +- 0.0129 | VaLoss: 0.8411 +- 0.0223
209,  0 | TrAcc: 0.7978, TrLoss:  0.54290, VaAcc: 0.7162, VaLoss:  0.84526	 20 sampled NNs | VaAcc: 0.7042 +- 0.0136 | VaLoss: 0.8744 +- 0.0302
210,  0 | TrAcc: 0.8027, TrLoss:  0.57193, VaAcc: 0.7443, VaLoss:  0.83003	 20 sampled NNs | VaAcc: 0.7339 +- 0.0090 | VaLoss: 0.8499 +- 0.0216
211,  0 | TrAcc: 0.8000, TrLoss:  0.58058, VaAcc: 0.7335, VaLoss:  0.90634	 20 sampled NNs | VaAcc: 0.7145 +- 0.0145 | VaLoss: 0.9300 +- 0.0371
212,  0 | TrAcc: 0.8070, TrLoss:  0.56389, VaAcc: 0.7194, VaLoss:  0.89563	 20 sampled NNs | VaAcc: 0.7093 +- 0.0087 | VaLoss: 0.9145 +- 0.0364
213,  0 | TrAcc: 0.7985, TrLoss:  0.55213, VaAcc: 0.7260, VaLoss:  0.82994	 20 sampled NNs | VaAcc: 0.7173 +- 0.0152 | VaLoss: 0.8452 +- 0.0378
214,  0 | TrAcc: 0.8169, TrLoss:  0.53971, VaAcc: 0.7270, VaLoss:  0.84788	 20 sampled NNs | VaAcc: 0.7229 +- 0.0100 | VaLoss: 0.8692 +- 0.0334
215,  0 | TrAcc: 0.8132, TrLoss:  0.53352, VaAcc: 0.7187, VaLoss:  0.87828	 20 sampled NNs | VaAcc: 0.7074 +- 0.0092 | VaLoss: 0.9027 +- 0.0361
216,  0 | TrAcc: 0.7829, TrLoss:  0.63103, VaAcc: 0.7119, VaLoss:  0.88772	 20 sampled NNs | VaAcc: 0.6962 +- 0.0141 | VaLoss: 0.9310 +- 0.0428
217,  0 | TrAcc: 0.8111, TrLoss:  0.54249, VaAcc: 0.7060, VaLoss:  0.87289	 20 sampled NNs | VaAcc: 0.6910 +- 0.0109 | VaLoss: 0.9129 +- 0.0376
218,  0 | TrAcc: 0.8140, TrLoss:  0.51819, VaAcc: 0.7282, VaLoss:  0.83582	 20 sampled NNs | VaAcc: 0.7196 +- 0.0128 | VaLoss: 0.8602 +- 0.0329
219,  0 | TrAcc: 0.8097, TrLoss:  0.51753, VaAcc: 0.7060, VaLoss:  0.88515	 20 sampled NNs | VaAcc: 0.6956 +- 0.0094 | VaLoss: 0.9110 +- 0.0330
220,  0 | TrAcc: 0.8069, TrLoss:  0.53201, VaAcc: 0.7475, VaLoss:  0.78521	 20 sampled NNs | VaAcc: 0.7376 +- 0.0142 | VaLoss: 0.8146 +- 0.0272
221,  0 | TrAcc: 0.8273, TrLoss:  0.48599, VaAcc: 0.7412, VaLoss:  0.80938	 20 sampled NNs | VaAcc: 0.7281 +- 0.0148 | VaLoss: 0.8412 +- 0.0338
222,  0 | TrAcc: 0.8046, TrLoss:  0.55551, VaAcc: 0.7225, VaLoss:  0.86763	 20 sampled NNs | VaAcc: 0.7155 +- 0.0145 | VaLoss: 0.8822 +- 0.0448
223,  0 | TrAcc: 0.8124, TrLoss:  0.55149, VaAcc: 0.7190, VaLoss:  0.85460	 20 sampled NNs | VaAcc: 0.7065 +- 0.0138 | VaLoss: 0.8828 +- 0.0282
224,  0 | TrAcc: 0.8062, TrLoss:  0.53913, VaAcc: 0.7297, VaLoss:  0.80968	 20 sampled NNs | VaAcc: 0.7166 +- 0.0132 | VaLoss: 0.8481 +- 0.0419
225,  0 | TrAcc: 0.8192, TrLoss:  0.48650, VaAcc: 0.7282, VaLoss:  0.83846	 20 sampled NNs | VaAcc: 0.7222 +- 0.0124 | VaLoss: 0.8657 +- 0.0382
226,  0 | TrAcc: 0.8045, TrLoss:  0.57234, VaAcc: 0.7009, VaLoss:  0.93745	 20 sampled NNs | VaAcc: 0.6923 +- 0.0130 | VaLoss: 0.9515 +- 0.0415
227,  0 | TrAcc: 0.8213, TrLoss:  0.51741, VaAcc: 0.7416, VaLoss:  0.79730	 20 sampled NNs | VaAcc: 0.7380 +- 0.0108 | VaLoss: 0.8149 +- 0.0285
228,  0 | TrAcc: 0.8111, TrLoss:  0.55952, VaAcc: 0.7349, VaLoss:  0.80754	 20 sampled NNs | VaAcc: 0.7222 +- 0.0122 | VaLoss: 0.8262 +- 0.0275
229,  0 | TrAcc: 0.8147, TrLoss:  0.51801, VaAcc: 0.7091, VaLoss:  0.86578	 20 sampled NNs | VaAcc: 0.7002 +- 0.0109 | VaLoss: 0.8988 +- 0.0392
230,  0 | TrAcc: 0.8121, TrLoss:  0.53269, VaAcc: 0.7250, VaLoss:  0.82090	 20 sampled NNs | VaAcc: 0.7150 +- 0.0105 | VaLoss: 0.8485 +- 0.0261
231,  0 | TrAcc: 0.8398, TrLoss:  0.44574, VaAcc: 0.7260, VaLoss:  0.83911	 20 sampled NNs | VaAcc: 0.7157 +- 0.0088 | VaLoss: 0.8600 +- 0.0259
232,  0 | TrAcc: 0.8118, TrLoss:  0.51591, VaAcc: 0.7336, VaLoss:  0.78268	 20 sampled NNs | VaAcc: 0.7205 +- 0.0129 | VaLoss: 0.8058 +- 0.0308
233,  0 | TrAcc: 0.8132, TrLoss:  0.53028, VaAcc: 0.7334, VaLoss:  0.82601	 20 sampled NNs | VaAcc: 0.7243 +- 0.0163 | VaLoss: 0.8322 +- 0.0410
234,  0 | TrAcc: 0.8142, TrLoss:  0.51226, VaAcc: 0.7142, VaLoss:  0.85860	 20 sampled NNs | VaAcc: 0.7051 +- 0.0115 | VaLoss: 0.8826 +- 0.0402
235,  0 | TrAcc: 0.8051, TrLoss:  0.53141, VaAcc: 0.7276, VaLoss:  0.87393	 20 sampled NNs | VaAcc: 0.7179 +- 0.0111 | VaLoss: 0.8966 +- 0.0340
236,  0 | TrAcc: 0.8233, TrLoss:  0.49072, VaAcc: 0.7346, VaLoss:  0.87044	 20 sampled NNs | VaAcc: 0.7251 +- 0.0105 | VaLoss: 0.8806 +- 0.0343
237,  0 | TrAcc: 0.8152, TrLoss:  0.52856, VaAcc: 0.7075, VaLoss:  0.87240	 20 sampled NNs | VaAcc: 0.7007 +- 0.0092 | VaLoss: 0.8780 +- 0.0310
238,  0 | TrAcc: 0.8130, TrLoss:  0.53652, VaAcc: 0.7184, VaLoss:  0.83893	 20 sampled NNs | VaAcc: 0.7098 +- 0.0115 | VaLoss: 0.8659 +- 0.0367
239,  0 | TrAcc: 0.8121, TrLoss:  0.51411, VaAcc: 0.7161, VaLoss:  0.83423	 20 sampled NNs | VaAcc: 0.7111 +- 0.0134 | VaLoss: 0.8582 +- 0.0302
240,  0 | TrAcc: 0.8191, TrLoss:  0.52407, VaAcc: 0.7283, VaLoss:  0.84634	 20 sampled NNs | VaAcc: 0.7178 +- 0.0115 | VaLoss: 0.8781 +- 0.0312
241,  0 | TrAcc: 0.8008, TrLoss:  0.55187, VaAcc: 0.7169, VaLoss:  0.85553	 20 sampled NNs | VaAcc: 0.7071 +- 0.0140 | VaLoss: 0.8795 +- 0.0451
242,  0 | TrAcc: 0.8243, TrLoss:  0.48257, VaAcc: 0.7246, VaLoss:  0.83820	 20 sampled NNs | VaAcc: 0.7082 +- 0.0127 | VaLoss: 0.8787 +- 0.0306
243,  0 | TrAcc: 0.8140, TrLoss:  0.50991, VaAcc: 0.7341, VaLoss:  0.84970	 20 sampled NNs | VaAcc: 0.7267 +- 0.0121 | VaLoss: 0.8652 +- 0.0339
244,  0 | TrAcc: 0.8147, TrLoss:  0.52476, VaAcc: 0.7264, VaLoss:  0.89755	 20 sampled NNs | VaAcc: 0.7155 +- 0.0162 | VaLoss: 0.9215 +- 0.0318
245,  0 | TrAcc: 0.8136, TrLoss:  0.51201, VaAcc: 0.7274, VaLoss:  0.81301	 20 sampled NNs | VaAcc: 0.7178 +- 0.0140 | VaLoss: 0.8349 +- 0.0325
246,  0 | TrAcc: 0.8065, TrLoss:  0.54779, VaAcc: 0.7264, VaLoss:  0.82877	 20 sampled NNs | VaAcc: 0.7148 +- 0.0129 | VaLoss: 0.8633 +- 0.0407
247,  0 | TrAcc: 0.8106, TrLoss:  0.53354, VaAcc: 0.7130, VaLoss:  0.87936	 20 sampled NNs | VaAcc: 0.7061 +- 0.0158 | VaLoss: 0.8992 +- 0.0411
248,  0 | TrAcc: 0.8242, TrLoss:  0.49107, VaAcc: 0.7328, VaLoss:  0.79740	 20 sampled NNs | VaAcc: 0.7271 +- 0.0142 | VaLoss: 0.8086 +- 0.0279
249,  0 | TrAcc: 0.8145, TrLoss:  0.51704, VaAcc: 0.7414, VaLoss:  0.79294	 20 sampled NNs | VaAcc: 0.7308 +- 0.0108 | VaLoss: 0.8072 +- 0.0200
250,  0 | TrAcc: 0.8191, TrLoss:  0.50906, VaAcc: 0.7303, VaLoss:  0.85370	 20 sampled NNs | VaAcc: 0.7195 +- 0.0111 | VaLoss: 0.8649 +- 0.0237
251,  0 | TrAcc: 0.8021, TrLoss:  0.55602, VaAcc: 0.7356, VaLoss:  0.84949	 20 sampled NNs | VaAcc: 0.7313 +- 0.0146 | VaLoss: 0.8595 +- 0.0273
252,  0 | TrAcc: 0.8320, TrLoss:  0.45401, VaAcc: 0.7486, VaLoss:  0.78788	 20 sampled NNs | VaAcc: 0.7424 +- 0.0105 | VaLoss: 0.8044 +- 0.0276
253,  0 | TrAcc: 0.8173, TrLoss:  0.54366, VaAcc: 0.7282, VaLoss:  0.83594	 20 sampled NNs | VaAcc: 0.7173 +- 0.0168 | VaLoss: 0.8701 +- 0.0352
254,  0 | TrAcc: 0.8140, TrLoss:  0.52085, VaAcc: 0.7505, VaLoss:  0.79216	 20 sampled NNs | VaAcc: 0.7426 +- 0.0101 | VaLoss: 0.8124 +- 0.0224
255,  0 | TrAcc: 0.8275, TrLoss:  0.47220, VaAcc: 0.7198, VaLoss:  0.82896	 20 sampled NNs | VaAcc: 0.7136 +- 0.0118 | VaLoss: 0.8447 +- 0.0306
256,  0 | TrAcc: 0.8352, TrLoss:  0.49176, VaAcc: 0.7126, VaLoss:  0.86593	 20 sampled NNs | VaAcc: 0.7016 +- 0.0129 | VaLoss: 0.8879 +- 0.0359
257,  0 | TrAcc: 0.8004, TrLoss:  0.57074, VaAcc: 0.6876, VaLoss:  0.92598	 20 sampled NNs | VaAcc: 0.6801 +- 0.0090 | VaLoss: 0.9597 +- 0.0409
258,  0 | TrAcc: 0.7955, TrLoss:  0.57772, VaAcc: 0.7479, VaLoss:  0.80937	 20 sampled NNs | VaAcc: 0.7338 +- 0.0110 | VaLoss: 0.8333 +- 0.0227
259,  0 | TrAcc: 0.8326, TrLoss:  0.48268, VaAcc: 0.7345, VaLoss:  0.83728	 20 sampled NNs | VaAcc: 0.7300 +- 0.0102 | VaLoss: 0.8477 +- 0.0276
260,  0 | TrAcc: 0.8098, TrLoss:  0.54835, VaAcc: 0.7271, VaLoss:  0.80446	 20 sampled NNs | VaAcc: 0.7223 +- 0.0141 | VaLoss: 0.8229 +- 0.0297
261,  0 | TrAcc: 0.8370, TrLoss:  0.47976, VaAcc: 0.7234, VaLoss:  0.87762	 20 sampled NNs | VaAcc: 0.7136 +- 0.0108 | VaLoss: 0.8876 +- 0.0245
262,  0 | TrAcc: 0.8343, TrLoss:  0.45743, VaAcc: 0.7311, VaLoss:  0.87611	 20 sampled NNs | VaAcc: 0.7230 +- 0.0133 | VaLoss: 0.8985 +- 0.0418
263,  0 | TrAcc: 0.8144, TrLoss:  0.53695, VaAcc: 0.7138, VaLoss:  0.87198	 20 sampled NNs | VaAcc: 0.7039 +- 0.0124 | VaLoss: 0.8953 +- 0.0368
264,  0 | TrAcc: 0.8195, TrLoss:  0.50250, VaAcc: 0.7418, VaLoss:  0.79659	 20 sampled NNs | VaAcc: 0.7359 +- 0.0094 | VaLoss: 0.8119 +- 0.0262
265,  0 | TrAcc: 0.8320, TrLoss:  0.48057, VaAcc: 0.7379, VaLoss:  0.84664	 20 sampled NNs | VaAcc: 0.7288 +- 0.0112 | VaLoss: 0.8725 +- 0.0353
266,  0 | TrAcc: 0.8135, TrLoss:  0.50691, VaAcc: 0.7230, VaLoss:  0.85876	 20 sampled NNs | VaAcc: 0.7212 +- 0.0091 | VaLoss: 0.8759 +- 0.0282
267,  0 | TrAcc: 0.8419, TrLoss:  0.43314, VaAcc: 0.7348, VaLoss:  0.80919	 20 sampled NNs | VaAcc: 0.7281 +- 0.0102 | VaLoss: 0.8293 +- 0.0255
268,  0 | TrAcc: 0.8202, TrLoss:  0.50721, VaAcc: 0.7437, VaLoss:  0.80456	 20 sampled NNs | VaAcc: 0.7350 +- 0.0101 | VaLoss: 0.8178 +- 0.0286
269,  0 | TrAcc: 0.8328, TrLoss:  0.47612, VaAcc: 0.7462, VaLoss:  0.80332	 20 sampled NNs | VaAcc: 0.7399 +- 0.0112 | VaLoss: 0.8189 +- 0.0240
270,  0 | TrAcc: 0.8099, TrLoss:  0.52037, VaAcc: 0.7351, VaLoss:  0.82695	 20 sampled NNs | VaAcc: 0.7217 +- 0.0104 | VaLoss: 0.8490 +- 0.0225
271,  0 | TrAcc: 0.7943, TrLoss:  0.58548, VaAcc: 0.7232, VaLoss:  0.86812	 20 sampled NNs | VaAcc: 0.7189 +- 0.0127 | VaLoss: 0.8915 +- 0.0327
272,  0 | TrAcc: 0.8205, TrLoss:  0.48783, VaAcc: 0.7413, VaLoss:  0.82525	 20 sampled NNs | VaAcc: 0.7313 +- 0.0133 | VaLoss: 0.8356 +- 0.0314
273,  0 | TrAcc: 0.8140, TrLoss:  0.53499, VaAcc: 0.7336, VaLoss:  0.81561	 20 sampled NNs | VaAcc: 0.7314 +- 0.0154 | VaLoss: 0.8318 +- 0.0399
274,  0 | TrAcc: 0.8194, TrLoss:  0.51464, VaAcc: 0.7369, VaLoss:  0.79576	 20 sampled NNs | VaAcc: 0.7287 +- 0.0113 | VaLoss: 0.8129 +- 0.0321
275,  0 | TrAcc: 0.8197, TrLoss:  0.50858, VaAcc: 0.7344, VaLoss:  0.84367	 20 sampled NNs | VaAcc: 0.7240 +- 0.0088 | VaLoss: 0.8779 +- 0.0304
276,  0 | TrAcc: 0.8420, TrLoss:  0.43669, VaAcc: 0.7246, VaLoss:  0.86970	 20 sampled NNs | VaAcc: 0.7183 +- 0.0120 | VaLoss: 0.8838 +- 0.0353
277,  0 | TrAcc: 0.8155, TrLoss:  0.50375, VaAcc: 0.7447, VaLoss:  0.82263	 20 sampled NNs | VaAcc: 0.7333 +- 0.0130 | VaLoss: 0.8351 +- 0.0228
278,  0 | TrAcc: 0.8322, TrLoss:  0.48053, VaAcc: 0.7487, VaLoss:  0.81890	 20 sampled NNs | VaAcc: 0.7392 +- 0.0188 | VaLoss: 0.8388 +- 0.0651
279,  0 | TrAcc: 0.8187, TrLoss:  0.52628, VaAcc: 0.7221, VaLoss:  0.88423	 20 sampled NNs | VaAcc: 0.7194 +- 0.0086 | VaLoss: 0.8911 +- 0.0313
280,  0 | TrAcc: 0.8034, TrLoss:  0.53986, VaAcc: 0.7282, VaLoss:  0.86290	 20 sampled NNs | VaAcc: 0.7194 +- 0.0150 | VaLoss: 0.8864 +- 0.0429
281,  0 | TrAcc: 0.8073, TrLoss:  0.55085, VaAcc: 0.7265, VaLoss:  0.90256	 20 sampled NNs | VaAcc: 0.7195 +- 0.0082 | VaLoss: 0.9179 +- 0.0308
282,  0 | TrAcc: 0.8457, TrLoss:  0.44141, VaAcc: 0.7392, VaLoss:  0.85304	 20 sampled NNs | VaAcc: 0.7318 +- 0.0118 | VaLoss: 0.8748 +- 0.0326
283,  0 | TrAcc: 0.8080, TrLoss:  0.53924, VaAcc: 0.7257, VaLoss:  0.80709	 20 sampled NNs | VaAcc: 0.7238 +- 0.0109 | VaLoss: 0.8140 +- 0.0240
284,  0 | TrAcc: 0.8132, TrLoss:  0.51753, VaAcc: 0.7167, VaLoss:  0.86895	 20 sampled NNs | VaAcc: 0.7137 +- 0.0069 | VaLoss: 0.8760 +- 0.0201
285,  0 | TrAcc: 0.8116, TrLoss:  0.51091, VaAcc: 0.7428, VaLoss:  0.84192	 20 sampled NNs | VaAcc: 0.7385 +- 0.0074 | VaLoss: 0.8480 +- 0.0245
286,  0 | TrAcc: 0.8230, TrLoss:  0.49647, VaAcc: 0.7201, VaLoss:  0.86461	 20 sampled NNs | VaAcc: 0.7114 +- 0.0093 | VaLoss: 0.8777 +- 0.0332
287,  0 | TrAcc: 0.8418, TrLoss:  0.45095, VaAcc: 0.7231, VaLoss:  0.85563	 20 sampled NNs | VaAcc: 0.7201 +- 0.0109 | VaLoss: 0.8565 +- 0.0303
288,  0 | TrAcc: 0.8280, TrLoss:  0.48506, VaAcc: 0.7346, VaLoss:  0.84467	 20 sampled NNs | VaAcc: 0.7250 +- 0.0084 | VaLoss: 0.8623 +- 0.0258
289,  0 | TrAcc: 0.8112, TrLoss:  0.53022, VaAcc: 0.7250, VaLoss:  0.86964	 20 sampled NNs | VaAcc: 0.7168 +- 0.0103 | VaLoss: 0.8815 +- 0.0340
290,  0 | TrAcc: 0.8279, TrLoss:  0.49742, VaAcc: 0.7196, VaLoss:  0.88027	 20 sampled NNs | VaAcc: 0.7104 +- 0.0101 | VaLoss: 0.9063 +- 0.0415
291,  0 | TrAcc: 0.8097, TrLoss:  0.56820, VaAcc: 0.7253, VaLoss:  0.88915	 20 sampled NNs | VaAcc: 0.7232 +- 0.0107 | VaLoss: 0.8983 +- 0.0355
292,  0 | TrAcc: 0.8236, TrLoss:  0.51746, VaAcc: 0.7164, VaLoss:  0.87864	 20 sampled NNs | VaAcc: 0.7110 +- 0.0145 | VaLoss: 0.8936 +- 0.0316
293,  0 | TrAcc: 0.8176, TrLoss:  0.52555, VaAcc: 0.7236, VaLoss:  0.77545	 20 sampled NNs | VaAcc: 0.7211 +- 0.0101 | VaLoss: 0.7863 +- 0.0287
294,  0 | TrAcc: 0.8339, TrLoss:  0.47712, VaAcc: 0.7318, VaLoss:  0.78430	 20 sampled NNs | VaAcc: 0.7235 +- 0.0127 | VaLoss: 0.7971 +- 0.0348
295,  0 | TrAcc: 0.8330, TrLoss:  0.46368, VaAcc: 0.7307, VaLoss:  0.89728	 20 sampled NNs | VaAcc: 0.7276 +- 0.0084 | VaLoss: 0.9041 +- 0.0439
296,  0 | TrAcc: 0.8063, TrLoss:  0.54068, VaAcc: 0.7119, VaLoss:  0.88478	 20 sampled NNs | VaAcc: 0.7098 +- 0.0161 | VaLoss: 0.8906 +- 0.0425
297,  0 | TrAcc: 0.8017, TrLoss:  0.55713, VaAcc: 0.6942, VaLoss:  0.88578	 20 sampled NNs | VaAcc: 0.6882 +- 0.0138 | VaLoss: 0.8987 +- 0.0316
298,  0 | TrAcc: 0.8243, TrLoss:  0.49376, VaAcc: 0.6765, VaLoss:  0.97759	 20 sampled NNs | VaAcc: 0.6745 +- 0.0109 | VaLoss: 1.0051 +- 0.0378
299,  0 | TrAcc: 0.8343, TrLoss:  0.50749, VaAcc: 0.7343, VaLoss:  0.85367	 20 sampled NNs | VaAcc: 0.7235 +- 0.0107 | VaLoss: 0.8716 +- 0.0245
18209.285314
----------------------------
