

config:

HOME=/clusterFS/home/student/kopp13
PATH=/clusterFS/home/student/kopp13/miniconda3/envs/tensorflow/bin:/clusterFS/home/student/kopp13/miniconda3/bin:/clusterFS/home/student/kopp13/bin:/usr/local/bin:/usr/bin:/bin:/usr/local/games:/usr/games
LD_LIBRARY_PATH=
THEANO_FLAGS=floatX=float32,gpuarray.preallocate=0.9,dnn.library_path=/usr/lib/x86_64-linux-gnu,cxx=clang++-3.8,device=cuda,base_compiledir=/tmp/tmp.FvHuMgfaKV

=============================
CONFIG FILE

RNN CONFIG
{'data_multiplier': 1000.0,
 'gradient_clip_value': 0.5,
 'layer_configs': [{'layer_type': 'input'},
                   {'bc': {'init_m': 'xavier',
                           'init_v': -4.5,
                           'prior_m': 0.0,
                           'prior_v': 0.0,
                           'type': 'continuous'},
                    'bf': {'init_m': 'xavier',
                           'init_v': -4.5,
                           'prior_m': 0.0,
                           'prior_v': 0.0,
                           'type': 'continuous'},
                    'bi': {'init_m': 'xavier',
                           'init_v': -4.5,
                           'prior_m': 0.0,
                           'prior_v': 0.0,
                           'type': 'continuous'},
                    'bo': {'init_m': 'xavier',
                           'init_v': -4.5,
                           'prior_m': 0.0,
                           'prior_v': 0.0,
                           'type': 'continuous'},
                    'init_config': {'c': {'b': 'all_zero', 'w': 'xavier'},
                                    'f': {'b': 'all_one', 'w': 'all_zero'},
                                    'i': {'b': 'all_zero', 'w': 'xavier'},
                                    'o': {'b': 'all_zero', 'w': 'xavier'}},
                    'is_output': False,
                    'is_recurrent': True,
                    'layer_type': 'lstm',
                    'tau': 0.2,
                    'var_scope': 'lstm_0',
                    'wc': {'p0max': 0.95,
                           'p0min': 0.05,
                           'pmax': 0.99,
                           'pmin': 0.01,
                           'priors': [0.2, 0.6, 0.2],
                           'type': 'ternary'},
                    'wf': {'p0max': 0.95,
                           'p0min': 0.05,
                           'pmax': 0.99,
                           'pmin': 0.01,
                           'priors': [0.2, 0.6, 0.2],
                           'type': 'ternary'},
                    'wi': {'p0max': 0.95,
                           'p0min': 0.05,
                           'pmax': 0.99,
                           'pmin': 0.01,
                           'priors': [0.2, 0.6, 0.2],
                           'type': 'ternary'},
                    'wo': {'p0max': 0.95,
                           'p0min': 0.05,
                           'pmax': 0.99,
                           'pmin': 0.01,
                           'priors': [0.2, 0.6, 0.2],
                           'type': 'ternary'}},
                   {'bc': {'init_m': 'xavier',
                           'init_v': -4.5,
                           'prior_m': 0.0,
                           'prior_v': 0.0,
                           'type': 'continuous'},
                    'bf': {'init_m': 'xavier',
                           'init_v': -4.5,
                           'prior_m': 0.0,
                           'prior_v': 0.0,
                           'type': 'continuous'},
                    'bi': {'init_m': 'xavier',
                           'init_v': -4.5,
                           'prior_m': 0.0,
                           'prior_v': 0.0,
                           'type': 'continuous'},
                    'bo': {'init_m': 'xavier',
                           'init_v': -4.5,
                           'prior_m': 0.0,
                           'prior_v': 0.0,
                           'type': 'continuous'},
                    'init_config': {'c': {'b': 'all_zero', 'w': 'xavier'},
                                    'f': {'b': 'all_one', 'w': 'all_zero'},
                                    'i': {'b': 'all_zero', 'w': 'xavier'},
                                    'o': {'b': 'all_zero', 'w': 'xavier'}},
                    'is_output': False,
                    'is_recurrent': True,
                    'layer_type': 'lstm',
                    'tau': 0.2,
                    'var_scope': 'lstm_1',
                    'wc': {'p0max': 0.95,
                           'p0min': 0.05,
                           'pmax': 0.99,
                           'pmin': 0.01,
                           'priors': [0.2, 0.6, 0.2],
                           'type': 'ternary'},
                    'wf': {'p0max': 0.95,
                           'p0min': 0.05,
                           'pmax': 0.99,
                           'pmin': 0.01,
                           'priors': [0.2, 0.6, 0.2],
                           'type': 'ternary'},
                    'wi': {'p0max': 0.95,
                           'p0min': 0.05,
                           'pmax': 0.99,
                           'pmin': 0.01,
                           'priors': [0.2, 0.6, 0.2],
                           'type': 'ternary'},
                    'wo': {'p0max': 0.95,
                           'p0min': 0.05,
                           'pmax': 0.99,
                           'pmin': 0.01,
                           'priors': [0.2, 0.6, 0.2],
                           'type': 'ternary'}},
                   {'b': {'init_m': 'xavier',
                          'init_v': -4.5,
                          'prior_m': 0.0,
                          'prior_v': 0.0,
                          'type': 'continuous'},
                    'is_output': True,
                    'is_recurrent': False,
                    'layer_type': 'fc',
                    'regularization': {'mode': None, 'strength': 0.02},
                    'tau': 0.2,
                    'var_scope': 'output_layer',
                    'w': {'p0max': 0.95,
                          'p0min': 0.05,
                          'pmax': 0.99,
                          'pmin': 0.01,
                          'priors': [0.2, 0.6, 0.2],
                          'type': 'ternary'}}],
 'layout': [4, 60, 60, 10],
 'output_type': 'classification'}

DATA CONFIG
{'dataset': 'red_penstroke',
 'tr': {'in_seq_len': 30,
        'minibatch_enabled': True,
        'minibatch_size': 200,
        'out_seq_len': 5,
        'zero_padding': 20},
 'va': {'in_seq_len': 30,
        'minibatch_enabled': True,
        'minibatch_size': 200,
        'out_seq_len': 5,
        'zero_padding': 20}}

TRAINING CONFIG
{'beta_reg': 0.0,
 'is_pretrain': False,
 'learning_rate': 0.003,
 'mode': {'max_epochs': 100, 'min_error': 0.0, 'name': 'classic'},
 'task_id': 2,
 'type': 'g_sampling',
 'var_reg': 0.01}
==============================


  0,  0 | TrAcc: 0.1006, TrLoss:  3.89886, VaAcc: 0.1041, VaLoss:  3.87098	 20 sampled NNs | VaAcc: 0.0917 +- 0.0215 | VaLoss: 3.7841 +- 0.5269
  1,  0 | TrAcc: 0.1242, TrLoss:  2.29083, VaAcc: 0.1129, VaLoss:  2.33233	 20 sampled NNs | VaAcc: 0.1112 +- 0.0198 | VaLoss: 2.3686 +- 0.0473
  2,  0 | TrAcc: 0.1487, TrLoss:  2.26935, VaAcc: 0.0988, VaLoss:  2.33062	 20 sampled NNs | VaAcc: 0.1080 +- 0.0182 | VaLoss: 2.3516 +- 0.0586
  3,  0 | TrAcc: 0.1329, TrLoss:  2.26593, VaAcc: 0.1151, VaLoss:  2.29366	 20 sampled NNs | VaAcc: 0.1022 +- 0.0138 | VaLoss: 2.3081 +- 0.0190
  4,  0 | TrAcc: 0.1246, TrLoss:  2.30153, VaAcc: 0.1131, VaLoss:  2.31094	 20 sampled NNs | VaAcc: 0.1130 +- 0.0151 | VaLoss: 2.3162 +- 0.0148
  5,  0 | TrAcc: 0.1546, TrLoss:  2.25972, VaAcc: 0.0984, VaLoss:  2.29115	 20 sampled NNs | VaAcc: 0.1075 +- 0.0243 | VaLoss: 2.2977 +- 0.0214
  6,  0 | TrAcc: 0.1377, TrLoss:  2.25875, VaAcc: 0.1206, VaLoss:  2.27411	 20 sampled NNs | VaAcc: 0.1145 +- 0.0220 | VaLoss: 2.2786 +- 0.0165
  7,  0 | TrAcc: 0.1502, TrLoss:  2.25021, VaAcc: 0.1124, VaLoss:  2.29918	 20 sampled NNs | VaAcc: 0.1172 +- 0.0135 | VaLoss: 2.3079 +- 0.0260
  8,  0 | TrAcc: 0.1542, TrLoss:  2.21658, VaAcc: 0.1293, VaLoss:  2.24224	 20 sampled NNs | VaAcc: 0.1249 +- 0.0264 | VaLoss: 2.2777 +- 0.0585
  9,  0 | TrAcc: 0.1854, TrLoss:  2.17796, VaAcc: 0.1758, VaLoss:  2.18516	 20 sampled NNs | VaAcc: 0.1553 +- 0.0239 | VaLoss: 2.2171 +- 0.0326
 10,  0 | TrAcc: 0.1678, TrLoss:  2.16380, VaAcc: 0.1685, VaLoss:  2.15496	 20 sampled NNs | VaAcc: 0.1562 +- 0.0242 | VaLoss: 2.2048 +- 0.0652
 11,  0 | TrAcc: 0.1905, TrLoss:  2.11157, VaAcc: 0.1769, VaLoss:  2.13438	 20 sampled NNs | VaAcc: 0.1698 +- 0.0291 | VaLoss: 2.1557 +- 0.0489
 12,  0 | TrAcc: 0.2151, TrLoss:  2.06568, VaAcc: 0.1966, VaLoss:  2.10106	 20 sampled NNs | VaAcc: 0.1866 +- 0.0317 | VaLoss: 2.1148 +- 0.0553
 13,  0 | TrAcc: 0.2436, TrLoss:  2.01335, VaAcc: 0.2396, VaLoss:  1.99335	 20 sampled NNs | VaAcc: 0.2206 +- 0.0500 | VaLoss: 2.0465 +- 0.0809
 14,  0 | TrAcc: 0.2720, TrLoss:  1.93742, VaAcc: 0.2892, VaLoss:  1.90708	 20 sampled NNs | VaAcc: 0.2649 +- 0.0344 | VaLoss: 1.9351 +- 0.0492
 15,  0 | TrAcc: 0.3134, TrLoss:  1.86392, VaAcc: 0.2860, VaLoss:  1.89082	 20 sampled NNs | VaAcc: 0.2785 +- 0.0255 | VaLoss: 1.9181 +- 0.0592
 16,  0 | TrAcc: 0.3055, TrLoss:  1.83631, VaAcc: 0.2887, VaLoss:  1.85196	 20 sampled NNs | VaAcc: 0.2917 +- 0.0310 | VaLoss: 1.8917 +- 0.0978
 17,  0 | TrAcc: 0.2958, TrLoss:  1.82732, VaAcc: 0.3288, VaLoss:  1.79604	 20 sampled NNs | VaAcc: 0.3160 +- 0.0291 | VaLoss: 1.8363 +- 0.0822
 18,  0 | TrAcc: 0.3324, TrLoss:  1.79391, VaAcc: 0.3332, VaLoss:  1.76419	 20 sampled NNs | VaAcc: 0.2973 +- 0.0307 | VaLoss: 1.8204 +- 0.0693
 19,  0 | TrAcc: 0.3658, TrLoss:  1.72957, VaAcc: 0.3530, VaLoss:  1.72068	 20 sampled NNs | VaAcc: 0.3409 +- 0.0375 | VaLoss: 1.7668 +- 0.0610
 20,  0 | TrAcc: 0.3762, TrLoss:  1.66189, VaAcc: 0.3641, VaLoss:  1.70608	 20 sampled NNs | VaAcc: 0.3554 +- 0.0334 | VaLoss: 1.7442 +- 0.1079
 21,  0 | TrAcc: 0.3738, TrLoss:  1.61998, VaAcc: 0.3844, VaLoss:  1.61016	 20 sampled NNs | VaAcc: 0.3773 +- 0.0265 | VaLoss: 1.6430 +- 0.0498
 22,  0 | TrAcc: 0.3900, TrLoss:  1.60591, VaAcc: 0.3937, VaLoss:  1.60554	 20 sampled NNs | VaAcc: 0.3808 +- 0.0281 | VaLoss: 1.6363 +- 0.0521
 23,  0 | TrAcc: 0.4199, TrLoss:  1.57082, VaAcc: 0.3983, VaLoss:  1.60415	 20 sampled NNs | VaAcc: 0.3851 +- 0.0265 | VaLoss: 1.6304 +- 0.0653
 24,  0 | TrAcc: 0.4375, TrLoss:  1.52293, VaAcc: 0.4179, VaLoss:  1.54776	 20 sampled NNs | VaAcc: 0.4079 +- 0.0206 | VaLoss: 1.5802 +- 0.0501
 25,  0 | TrAcc: 0.4330, TrLoss:  1.52245, VaAcc: 0.4072, VaLoss:  1.56857	 20 sampled NNs | VaAcc: 0.3934 +- 0.0299 | VaLoss: 1.5986 +- 0.0792
 26,  0 | TrAcc: 0.4328, TrLoss:  1.49917, VaAcc: 0.3961, VaLoss:  1.57025	 20 sampled NNs | VaAcc: 0.3810 +- 0.0528 | VaLoss: 1.6051 +- 0.0982
 27,  0 | TrAcc: 0.4356, TrLoss:  1.50344, VaAcc: 0.4285, VaLoss:  1.48683	 20 sampled NNs | VaAcc: 0.4229 +- 0.0303 | VaLoss: 1.5014 +- 0.0653
 28,  0 | TrAcc: 0.4750, TrLoss:  1.43309, VaAcc: 0.4520, VaLoss:  1.46873	 20 sampled NNs | VaAcc: 0.4347 +- 0.0303 | VaLoss: 1.5020 +- 0.0546
 29,  0 | TrAcc: 0.4515, TrLoss:  1.47227, VaAcc: 0.4456, VaLoss:  1.47056	 20 sampled NNs | VaAcc: 0.4189 +- 0.0305 | VaLoss: 1.5212 +- 0.0498
 30,  0 | TrAcc: 0.4717, TrLoss:  1.44873, VaAcc: 0.4706, VaLoss:  1.42149	 20 sampled NNs | VaAcc: 0.4612 +- 0.0313 | VaLoss: 1.4567 +- 0.0662
 31,  0 | TrAcc: 0.4930, TrLoss:  1.38663, VaAcc: 0.4615, VaLoss:  1.43562	 20 sampled NNs | VaAcc: 0.4346 +- 0.0399 | VaLoss: 1.4913 +- 0.0978
 32,  0 | TrAcc: 0.4772, TrLoss:  1.39882, VaAcc: 0.4600, VaLoss:  1.40710	 20 sampled NNs | VaAcc: 0.4394 +- 0.0333 | VaLoss: 1.4475 +- 0.0560
 33,  0 | TrAcc: 0.5199, TrLoss:  1.34675, VaAcc: 0.4705, VaLoss:  1.38984	 20 sampled NNs | VaAcc: 0.4631 +- 0.0297 | VaLoss: 1.4332 +- 0.0649
 34,  0 | TrAcc: 0.4888, TrLoss:  1.35026, VaAcc: 0.4838, VaLoss:  1.39010	 20 sampled NNs | VaAcc: 0.4680 +- 0.0314 | VaLoss: 1.4132 +- 0.0672
 35,  0 | TrAcc: 0.5495, TrLoss:  1.23611, VaAcc: 0.4960, VaLoss:  1.36277	 20 sampled NNs | VaAcc: 0.4916 +- 0.0222 | VaLoss: 1.3864 +- 0.0671
 36,  0 | TrAcc: 0.5127, TrLoss:  1.29749, VaAcc: 0.4813, VaLoss:  1.35266	 20 sampled NNs | VaAcc: 0.4735 +- 0.0210 | VaLoss: 1.3702 +- 0.0457
 37,  0 | TrAcc: 0.5345, TrLoss:  1.29075, VaAcc: 0.5049, VaLoss:  1.34832	 20 sampled NNs | VaAcc: 0.4821 +- 0.0286 | VaLoss: 1.4039 +- 0.0825
 38,  0 | TrAcc: 0.5696, TrLoss:  1.19884, VaAcc: 0.5215, VaLoss:  1.31764	 20 sampled NNs | VaAcc: 0.4966 +- 0.0272 | VaLoss: 1.3877 +- 0.0613
 39,  0 | TrAcc: 0.5417, TrLoss:  1.27964, VaAcc: 0.5256, VaLoss:  1.28286	 20 sampled NNs | VaAcc: 0.5080 +- 0.0273 | VaLoss: 1.3305 +- 0.0490
 40,  0 | TrAcc: 0.5777, TrLoss:  1.18772, VaAcc: 0.5368, VaLoss:  1.27115	 20 sampled NNs | VaAcc: 0.5336 +- 0.0225 | VaLoss: 1.2898 +- 0.0480
 41,  0 | TrAcc: 0.5761, TrLoss:  1.17904, VaAcc: 0.5431, VaLoss:  1.25729	 20 sampled NNs | VaAcc: 0.5341 +- 0.0187 | VaLoss: 1.2902 +- 0.0478
 42,  0 | TrAcc: 0.5762, TrLoss:  1.20167, VaAcc: 0.5467, VaLoss:  1.25627	 20 sampled NNs | VaAcc: 0.5273 +- 0.0235 | VaLoss: 1.3041 +- 0.0582
 43,  0 | TrAcc: 0.6012, TrLoss:  1.15264, VaAcc: 0.5444, VaLoss:  1.26593	 20 sampled NNs | VaAcc: 0.5331 +- 0.0231 | VaLoss: 1.3013 +- 0.0511
 44,  0 | TrAcc: 0.5647, TrLoss:  1.20447, VaAcc: 0.5445, VaLoss:  1.24927	 20 sampled NNs | VaAcc: 0.5199 +- 0.0291 | VaLoss: 1.2932 +- 0.0662
 45,  0 | TrAcc: 0.5789, TrLoss:  1.15481, VaAcc: 0.5776, VaLoss:  1.16820	 20 sampled NNs | VaAcc: 0.5581 +- 0.0197 | VaLoss: 1.2030 +- 0.0371
 46,  0 | TrAcc: 0.5799, TrLoss:  1.16474, VaAcc: 0.5671, VaLoss:  1.19887	 20 sampled NNs | VaAcc: 0.5540 +- 0.0239 | VaLoss: 1.2296 +- 0.0590
 47,  0 | TrAcc: 0.6172, TrLoss:  1.08053, VaAcc: 0.5729, VaLoss:  1.19767	 20 sampled NNs | VaAcc: 0.5627 +- 0.0160 | VaLoss: 1.2264 +- 0.0383
 48,  0 | TrAcc: 0.5746, TrLoss:  1.19374, VaAcc: 0.5725, VaLoss:  1.19850	 20 sampled NNs | VaAcc: 0.5520 +- 0.0287 | VaLoss: 1.2273 +- 0.0497
 49,  0 | TrAcc: 0.6143, TrLoss:  1.07494, VaAcc: 0.5611, VaLoss:  1.22147	 20 sampled NNs | VaAcc: 0.5472 +- 0.0233 | VaLoss: 1.2471 +- 0.0479
 50,  0 | TrAcc: 0.5995, TrLoss:  1.13205, VaAcc: 0.5907, VaLoss:  1.17576	 20 sampled NNs | VaAcc: 0.5810 +- 0.0180 | VaLoss: 1.1885 +- 0.0394
 51,  0 | TrAcc: 0.5808, TrLoss:  1.14343, VaAcc: 0.5926, VaLoss:  1.13267	 20 sampled NNs | VaAcc: 0.5796 +- 0.0132 | VaLoss: 1.1669 +- 0.0343
 52,  0 | TrAcc: 0.6201, TrLoss:  1.08497, VaAcc: 0.5946, VaLoss:  1.15251	 20 sampled NNs | VaAcc: 0.5791 +- 0.0251 | VaLoss: 1.1847 +- 0.0521
 53,  0 | TrAcc: 0.6187, TrLoss:  1.08767, VaAcc: 0.5988, VaLoss:  1.12610	 20 sampled NNs | VaAcc: 0.5906 +- 0.0230 | VaLoss: 1.1600 +- 0.0511
 54,  0 | TrAcc: 0.6397, TrLoss:  0.98992, VaAcc: 0.6121, VaLoss:  1.10151	 20 sampled NNs | VaAcc: 0.5965 +- 0.0160 | VaLoss: 1.1262 +- 0.0385
 55,  0 | TrAcc: 0.6108, TrLoss:  1.11828, VaAcc: 0.6126, VaLoss:  1.09895	 20 sampled NNs | VaAcc: 0.6038 +- 0.0227 | VaLoss: 1.1127 +- 0.0484
 56,  0 | TrAcc: 0.6317, TrLoss:  1.07433, VaAcc: 0.5956, VaLoss:  1.13496	 20 sampled NNs | VaAcc: 0.5860 +- 0.0208 | VaLoss: 1.1612 +- 0.0529
 57,  0 | TrAcc: 0.6390, TrLoss:  0.99936, VaAcc: 0.6159, VaLoss:  1.07783	 20 sampled NNs | VaAcc: 0.6047 +- 0.0196 | VaLoss: 1.0958 +- 0.0425
 58,  0 | TrAcc: 0.6582, TrLoss:  0.98952, VaAcc: 0.6311, VaLoss:  1.07885	 20 sampled NNs | VaAcc: 0.6119 +- 0.0217 | VaLoss: 1.1191 +- 0.0472
 59,  0 | TrAcc: 0.6499, TrLoss:  0.97881, VaAcc: 0.6037, VaLoss:  1.11408	 20 sampled NNs | VaAcc: 0.5846 +- 0.0214 | VaLoss: 1.1564 +- 0.0634
 60,  0 | TrAcc: 0.6324, TrLoss:  1.03993, VaAcc: 0.6101, VaLoss:  1.11020	 20 sampled NNs | VaAcc: 0.5927 +- 0.0257 | VaLoss: 1.1447 +- 0.0700
 61,  0 | TrAcc: 0.6606, TrLoss:  0.98814, VaAcc: 0.6277, VaLoss:  1.05762	 20 sampled NNs | VaAcc: 0.6240 +- 0.0182 | VaLoss: 1.0734 +- 0.0429
 62,  0 | TrAcc: 0.6730, TrLoss:  0.94892, VaAcc: 0.6377, VaLoss:  1.03772	 20 sampled NNs | VaAcc: 0.6288 +- 0.0153 | VaLoss: 1.0658 +- 0.0339
 63,  0 | TrAcc: 0.6685, TrLoss:  0.96624, VaAcc: 0.6326, VaLoss:  1.04248	 20 sampled NNs | VaAcc: 0.6260 +- 0.0244 | VaLoss: 1.0862 +- 0.0570
 64,  0 | TrAcc: 0.6680, TrLoss:  0.93501, VaAcc: 0.6173, VaLoss:  1.06009	 20 sampled NNs | VaAcc: 0.6109 +- 0.0225 | VaLoss: 1.0829 +- 0.0474
 65,  0 | TrAcc: 0.6467, TrLoss:  1.03264, VaAcc: 0.6401, VaLoss:  1.02894	 20 sampled NNs | VaAcc: 0.6319 +- 0.0141 | VaLoss: 1.0407 +- 0.0368
 66,  0 | TrAcc: 0.6718, TrLoss:  0.92403, VaAcc: 0.6302, VaLoss:  1.05690	 20 sampled NNs | VaAcc: 0.6146 +- 0.0136 | VaLoss: 1.0919 +- 0.0392
 67,  0 | TrAcc: 0.6548, TrLoss:  1.00743, VaAcc: 0.6529, VaLoss:  1.02995	 20 sampled NNs | VaAcc: 0.6498 +- 0.0170 | VaLoss: 1.0427 +- 0.0373
 68,  0 | TrAcc: 0.7145, TrLoss:  0.84752, VaAcc: 0.6425, VaLoss:  1.00266	 20 sampled NNs | VaAcc: 0.6411 +- 0.0147 | VaLoss: 1.0227 +- 0.0305
 69,  0 | TrAcc: 0.6524, TrLoss:  0.99513, VaAcc: 0.6395, VaLoss:  1.03222	 20 sampled NNs | VaAcc: 0.6213 +- 0.0152 | VaLoss: 1.0609 +- 0.0368
 70,  0 | TrAcc: 0.6641, TrLoss:  0.94059, VaAcc: 0.6488, VaLoss:  1.03205	 20 sampled NNs | VaAcc: 0.6342 +- 0.0239 | VaLoss: 1.0488 +- 0.0563
 71,  0 | TrAcc: 0.6976, TrLoss:  0.88808, VaAcc: 0.6594, VaLoss:  0.98848	 20 sampled NNs | VaAcc: 0.6513 +- 0.0244 | VaLoss: 1.0146 +- 0.0517
 72,  0 | TrAcc: 0.6608, TrLoss:  0.94563, VaAcc: 0.6414, VaLoss:  1.01549	 20 sampled NNs | VaAcc: 0.6308 +- 0.0183 | VaLoss: 1.0422 +- 0.0441
 73,  0 | TrAcc: 0.7033, TrLoss:  0.84336, VaAcc: 0.6640, VaLoss:  0.96702	 20 sampled NNs | VaAcc: 0.6556 +- 0.0166 | VaLoss: 0.9977 +- 0.0408
 74,  0 | TrAcc: 0.6756, TrLoss:  0.90699, VaAcc: 0.6333, VaLoss:  1.03972	 20 sampled NNs | VaAcc: 0.6194 +- 0.0293 | VaLoss: 1.0688 +- 0.0788
 75,  0 | TrAcc: 0.6826, TrLoss:  0.91544, VaAcc: 0.6548, VaLoss:  0.99316	 20 sampled NNs | VaAcc: 0.6457 +- 0.0193 | VaLoss: 1.0095 +- 0.0417
 76,  0 | TrAcc: 0.6804, TrLoss:  0.91143, VaAcc: 0.6498, VaLoss:  1.00008	 20 sampled NNs | VaAcc: 0.6380 +- 0.0167 | VaLoss: 1.0252 +- 0.0435
 77,  0 | TrAcc: 0.6733, TrLoss:  0.91599, VaAcc: 0.6669, VaLoss:  0.97914	 20 sampled NNs | VaAcc: 0.6650 +- 0.0125 | VaLoss: 0.9948 +- 0.0298
 78,  0 | TrAcc: 0.6926, TrLoss:  0.88860, VaAcc: 0.6723, VaLoss:  0.95688	 20 sampled NNs | VaAcc: 0.6735 +- 0.0147 | VaLoss: 0.9551 +- 0.0317
 79,  0 | TrAcc: 0.6996, TrLoss:  0.84990, VaAcc: 0.6460, VaLoss:  0.99434	 20 sampled NNs | VaAcc: 0.6355 +- 0.0205 | VaLoss: 1.0196 +- 0.0419
 80,  0 | TrAcc: 0.6913, TrLoss:  0.86428, VaAcc: 0.6384, VaLoss:  1.01508	 20 sampled NNs | VaAcc: 0.6313 +- 0.0190 | VaLoss: 1.0373 +- 0.0482
 81,  0 | TrAcc: 0.6923, TrLoss:  0.85981, VaAcc: 0.6604, VaLoss:  0.96611	 20 sampled NNs | VaAcc: 0.6520 +- 0.0157 | VaLoss: 0.9898 +- 0.0205
 82,  0 | TrAcc: 0.6909, TrLoss:  0.91499, VaAcc: 0.6696, VaLoss:  0.96042	 20 sampled NNs | VaAcc: 0.6600 +- 0.0165 | VaLoss: 0.9671 +- 0.0348
 83,  0 | TrAcc: 0.7123, TrLoss:  0.82667, VaAcc: 0.6817, VaLoss:  0.93053	 20 sampled NNs | VaAcc: 0.6778 +- 0.0200 | VaLoss: 0.9386 +- 0.0393
 84,  0 | TrAcc: 0.6988, TrLoss:  0.86290, VaAcc: 0.6697, VaLoss:  0.93802	 20 sampled NNs | VaAcc: 0.6630 +- 0.0159 | VaLoss: 0.9562 +- 0.0353
 85,  0 | TrAcc: 0.6993, TrLoss:  0.88311, VaAcc: 0.6841, VaLoss:  0.91012	 20 sampled NNs | VaAcc: 0.6776 +- 0.0161 | VaLoss: 0.9179 +- 0.0222
 86,  0 | TrAcc: 0.7146, TrLoss:  0.85691, VaAcc: 0.6820, VaLoss:  0.95373	 20 sampled NNs | VaAcc: 0.6787 +- 0.0211 | VaLoss: 0.9613 +- 0.0518
 87,  0 | TrAcc: 0.7112, TrLoss:  0.83038, VaAcc: 0.6782, VaLoss:  0.94436	 20 sampled NNs | VaAcc: 0.6701 +- 0.0158 | VaLoss: 0.9498 +- 0.0311
 88,  0 | TrAcc: 0.7143, TrLoss:  0.82522, VaAcc: 0.6472, VaLoss:  0.95857	 20 sampled NNs | VaAcc: 0.6432 +- 0.0155 | VaLoss: 0.9650 +- 0.0334
 89,  0 | TrAcc: 0.7102, TrLoss:  0.84253, VaAcc: 0.6391, VaLoss:  1.02470	 20 sampled NNs | VaAcc: 0.6314 +- 0.0225 | VaLoss: 1.0446 +- 0.0671
 90,  0 | TrAcc: 0.7078, TrLoss:  0.85407, VaAcc: 0.6687, VaLoss:  0.97060	 20 sampled NNs | VaAcc: 0.6638 +- 0.0190 | VaLoss: 0.9855 +- 0.0375
 91,  0 | TrAcc: 0.6976, TrLoss:  0.84115, VaAcc: 0.6465, VaLoss:  0.99451	 20 sampled NNs | VaAcc: 0.6440 +- 0.0192 | VaLoss: 1.0023 +- 0.0339
 92,  0 | TrAcc: 0.6881, TrLoss:  0.90605, VaAcc: 0.6578, VaLoss:  0.98756	 20 sampled NNs | VaAcc: 0.6460 +- 0.0160 | VaLoss: 1.0132 +- 0.0464
 93,  0 | TrAcc: 0.7196, TrLoss:  0.79811, VaAcc: 0.6525, VaLoss:  0.99704	 20 sampled NNs | VaAcc: 0.6496 +- 0.0166 | VaLoss: 0.9937 +- 0.0427
 94,  0 | TrAcc: 0.7012, TrLoss:  0.85996, VaAcc: 0.6684, VaLoss:  0.95767	 20 sampled NNs | VaAcc: 0.6654 +- 0.0193 | VaLoss: 0.9609 +- 0.0460
 95,  0 | TrAcc: 0.7048, TrLoss:  0.82662, VaAcc: 0.6616, VaLoss:  0.96795	 20 sampled NNs | VaAcc: 0.6539 +- 0.0146 | VaLoss: 0.9862 +- 0.0330
 96,  0 | TrAcc: 0.7231, TrLoss:  0.81491, VaAcc: 0.6741, VaLoss:  0.97312	 20 sampled NNs | VaAcc: 0.6759 +- 0.0156 | VaLoss: 0.9734 +- 0.0385
 97,  0 | TrAcc: 0.6948, TrLoss:  0.84584, VaAcc: 0.6705, VaLoss:  0.95621	 20 sampled NNs | VaAcc: 0.6715 +- 0.0197 | VaLoss: 0.9547 +- 0.0449
 98,  0 | TrAcc: 0.7413, TrLoss:  0.73350, VaAcc: 0.6676, VaLoss:  1.00231	 20 sampled NNs | VaAcc: 0.6681 +- 0.0150 | VaLoss: 1.0039 +- 0.0368
 99,  0 | TrAcc: 0.7059, TrLoss:  0.85393, VaAcc: 0.6749, VaLoss:  0.93408	 20 sampled NNs | VaAcc: 0.6711 +- 0.0136 | VaLoss: 0.9455 +- 0.0281
11905.451463
----------------------------
