

config:

HOME=/clusterFS/home/student/kopp13
PATH=/clusterFS/home/student/kopp13/miniconda3/envs/tensorflow/bin:/clusterFS/home/student/kopp13/miniconda3/bin:/clusterFS/home/student/kopp13/bin:/usr/local/bin:/usr/bin:/bin:/usr/local/games:/usr/games
LD_LIBRARY_PATH=
THEANO_FLAGS=floatX=float32,gpuarray.preallocate=0.9,dnn.library_path=/usr/lib/x86_64-linux-gnu,cxx=clang++-3.8,device=cuda,base_compiledir=/tmp/tmp.VuRCsblzDg

=============================
CONFIG FILE

RNN CONFIG
{'data_multiplier': 1000.0,
 'gradient_clip_value': 0.5,
 'layer_configs': [{'layer_type': 'input'},
                   {'bc': {'init_m': 'xavier',
                           'init_v': -4.5,
                           'prior_m': 0.0,
                           'prior_v': 0.0,
                           'type': 'continuous'},
                    'bf': {'init_m': 'xavier',
                           'init_v': -4.5,
                           'prior_m': 0.0,
                           'prior_v': 0.0,
                           'type': 'continuous'},
                    'bi': {'init_m': 'xavier',
                           'init_v': -4.5,
                           'prior_m': 0.0,
                           'prior_v': 0.0,
                           'type': 'continuous'},
                    'bo': {'init_m': 'xavier',
                           'init_v': -4.5,
                           'prior_m': 0.0,
                           'prior_v': 0.0,
                           'type': 'continuous'},
                    'init_config': {'c': {'b': 'all_zero', 'w': 'xavier'},
                                    'f': {'b': 'all_one', 'w': 'all_zero'},
                                    'i': {'b': 'all_zero', 'w': 'xavier'},
                                    'o': {'b': 'all_zero', 'w': 'xavier'}},
                    'is_output': False,
                    'is_recurrent': True,
                    'layer_type': 'lstm',
                    'tau': 0.5,
                    'var_scope': 'lstm_0',
                    'wc': {'p0max': 0.95,
                           'p0min': 0.05,
                           'pmax': 0.99,
                           'pmin': 0.01,
                           'priors': [0.2, 0.6, 0.2],
                           'type': 'ternary'},
                    'wf': {'p0max': 0.95,
                           'p0min': 0.05,
                           'pmax': 0.99,
                           'pmin': 0.01,
                           'priors': [0.2, 0.6, 0.2],
                           'type': 'ternary'},
                    'wi': {'p0max': 0.95,
                           'p0min': 0.05,
                           'pmax': 0.99,
                           'pmin': 0.01,
                           'priors': [0.2, 0.6, 0.2],
                           'type': 'ternary'},
                    'wo': {'p0max': 0.95,
                           'p0min': 0.05,
                           'pmax': 0.99,
                           'pmin': 0.01,
                           'priors': [0.2, 0.6, 0.2],
                           'type': 'ternary'}},
                   {'bc': {'init_m': 'xavier',
                           'init_v': -4.5,
                           'prior_m': 0.0,
                           'prior_v': 0.0,
                           'type': 'continuous'},
                    'bf': {'init_m': 'xavier',
                           'init_v': -4.5,
                           'prior_m': 0.0,
                           'prior_v': 0.0,
                           'type': 'continuous'},
                    'bi': {'init_m': 'xavier',
                           'init_v': -4.5,
                           'prior_m': 0.0,
                           'prior_v': 0.0,
                           'type': 'continuous'},
                    'bo': {'init_m': 'xavier',
                           'init_v': -4.5,
                           'prior_m': 0.0,
                           'prior_v': 0.0,
                           'type': 'continuous'},
                    'init_config': {'c': {'b': 'all_zero', 'w': 'xavier'},
                                    'f': {'b': 'all_one', 'w': 'all_zero'},
                                    'i': {'b': 'all_zero', 'w': 'xavier'},
                                    'o': {'b': 'all_zero', 'w': 'xavier'}},
                    'is_output': False,
                    'is_recurrent': True,
                    'layer_type': 'lstm',
                    'tau': 0.5,
                    'var_scope': 'lstm_1',
                    'wc': {'p0max': 0.95,
                           'p0min': 0.05,
                           'pmax': 0.99,
                           'pmin': 0.01,
                           'priors': [0.2, 0.6, 0.2],
                           'type': 'ternary'},
                    'wf': {'p0max': 0.95,
                           'p0min': 0.05,
                           'pmax': 0.99,
                           'pmin': 0.01,
                           'priors': [0.2, 0.6, 0.2],
                           'type': 'ternary'},
                    'wi': {'p0max': 0.95,
                           'p0min': 0.05,
                           'pmax': 0.99,
                           'pmin': 0.01,
                           'priors': [0.2, 0.6, 0.2],
                           'type': 'ternary'},
                    'wo': {'p0max': 0.95,
                           'p0min': 0.05,
                           'pmax': 0.99,
                           'pmin': 0.01,
                           'priors': [0.2, 0.6, 0.2],
                           'type': 'ternary'}},
                   {'b': {'init_m': 'xavier',
                          'init_v': -4.5,
                          'prior_m': 0.0,
                          'prior_v': 0.0,
                          'type': 'continuous'},
                    'is_output': True,
                    'is_recurrent': False,
                    'layer_type': 'fc',
                    'regularization': {'mode': None, 'strength': 0.02},
                    'tau': 0.5,
                    'var_scope': 'output_layer',
                    'w': {'p0max': 0.95,
                          'p0min': 0.05,
                          'pmax': 0.99,
                          'pmin': 0.01,
                          'priors': [0.2, 0.6, 0.2],
                          'type': 'ternary'}}],
 'layout': [4, 60, 60, 10],
 'output_type': 'classification'}

DATA CONFIG
{'dataset': 'red_penstroke',
 'tr': {'in_seq_len': 30,
        'minibatch_enabled': True,
        'minibatch_size': 200,
        'out_seq_len': 5,
        'zero_padding': 20},
 'va': {'in_seq_len': 30,
        'minibatch_enabled': True,
        'minibatch_size': 200,
        'out_seq_len': 5,
        'zero_padding': 20}}

TRAINING CONFIG
{'beta_reg': 0.0,
 'is_pretrain': False,
 'learning_rate': 0.003,
 'mode': {'max_epochs': 100, 'min_error': 0.0, 'name': 'classic'},
 'task_id': 3,
 'type': 'g_sampling',
 'var_reg': 0.01}
==============================


  0,  0 | TrAcc: 0.1050, TrLoss:  3.88094, VaAcc: 0.1011, VaLoss:  3.85166	 20 sampled NNs | VaAcc: 0.0945 +- 0.0251 | VaLoss: 3.7846 +- 0.5849
  1,  0 | TrAcc: 0.1368, TrLoss:  2.30819, VaAcc: 0.1269, VaLoss:  2.33135	 20 sampled NNs | VaAcc: 0.1116 +- 0.0245 | VaLoss: 2.4006 +- 0.0786
  2,  0 | TrAcc: 0.1453, TrLoss:  2.26945, VaAcc: 0.1254, VaLoss:  2.29996	 20 sampled NNs | VaAcc: 0.1218 +- 0.0291 | VaLoss: 2.3437 +- 0.0634
  3,  0 | TrAcc: 0.1678, TrLoss:  2.26486, VaAcc: 0.1492, VaLoss:  2.28942	 20 sampled NNs | VaAcc: 0.1414 +- 0.0194 | VaLoss: 2.3258 +- 0.0497
  4,  0 | TrAcc: 0.1456, TrLoss:  2.24768, VaAcc: 0.1390, VaLoss:  2.25344	 20 sampled NNs | VaAcc: 0.1313 +- 0.0266 | VaLoss: 2.2797 +- 0.0256
  5,  0 | TrAcc: 0.1728, TrLoss:  2.23423, VaAcc: 0.1571, VaLoss:  2.24426	 20 sampled NNs | VaAcc: 0.1495 +- 0.0111 | VaLoss: 2.2791 +- 0.0383
  6,  0 | TrAcc: 0.1570, TrLoss:  2.23265, VaAcc: 0.1326, VaLoss:  2.26080	 20 sampled NNs | VaAcc: 0.1274 +- 0.0221 | VaLoss: 2.3066 +- 0.0397
  7,  0 | TrAcc: 0.1606, TrLoss:  2.21040, VaAcc: 0.1500, VaLoss:  2.21044	 20 sampled NNs | VaAcc: 0.1418 +- 0.0218 | VaLoss: 2.2422 +- 0.0214
  8,  0 | TrAcc: 0.1743, TrLoss:  2.18083, VaAcc: 0.1731, VaLoss:  2.16463	 20 sampled NNs | VaAcc: 0.1591 +- 0.0270 | VaLoss: 2.2009 +- 0.0399
  9,  0 | TrAcc: 0.2079, TrLoss:  2.06619, VaAcc: 0.2080, VaLoss:  2.10625	 20 sampled NNs | VaAcc: 0.1867 +- 0.0287 | VaLoss: 2.1560 +- 0.0465
 10,  0 | TrAcc: 0.2425, TrLoss:  2.03698, VaAcc: 0.2470, VaLoss:  2.03496	 20 sampled NNs | VaAcc: 0.2022 +- 0.0298 | VaLoss: 2.1335 +- 0.0713
 11,  0 | TrAcc: 0.2651, TrLoss:  1.95508, VaAcc: 0.2698, VaLoss:  1.97376	 20 sampled NNs | VaAcc: 0.2267 +- 0.0295 | VaLoss: 2.0762 +- 0.0596
 12,  0 | TrAcc: 0.2995, TrLoss:  1.87028, VaAcc: 0.2972, VaLoss:  1.89350	 20 sampled NNs | VaAcc: 0.2549 +- 0.0335 | VaLoss: 2.0492 +- 0.1155
 13,  0 | TrAcc: 0.3376, TrLoss:  1.73402, VaAcc: 0.3202, VaLoss:  1.79658	 20 sampled NNs | VaAcc: 0.2879 +- 0.0425 | VaLoss: 1.9352 +- 0.1010
 14,  0 | TrAcc: 0.3545, TrLoss:  1.70102, VaAcc: 0.3537, VaLoss:  1.73020	 20 sampled NNs | VaAcc: 0.3198 +- 0.0303 | VaLoss: 1.8233 +- 0.0668
 15,  0 | TrAcc: 0.3650, TrLoss:  1.71568, VaAcc: 0.3847, VaLoss:  1.66793	 20 sampled NNs | VaAcc: 0.3479 +- 0.0378 | VaLoss: 1.7694 +- 0.0752
 16,  0 | TrAcc: 0.3899, TrLoss:  1.62903, VaAcc: 0.3808, VaLoss:  1.65990	 20 sampled NNs | VaAcc: 0.3616 +- 0.0233 | VaLoss: 1.7347 +- 0.0739
 17,  0 | TrAcc: 0.4232, TrLoss:  1.52812, VaAcc: 0.4400, VaLoss:  1.54251	 20 sampled NNs | VaAcc: 0.4080 +- 0.0232 | VaLoss: 1.6179 +- 0.0500
 18,  0 | TrAcc: 0.4579, TrLoss:  1.51053, VaAcc: 0.4456, VaLoss:  1.54134	 20 sampled NNs | VaAcc: 0.4200 +- 0.0262 | VaLoss: 1.6158 +- 0.0759
 19,  0 | TrAcc: 0.4566, TrLoss:  1.46119, VaAcc: 0.4741, VaLoss:  1.47897	 20 sampled NNs | VaAcc: 0.4294 +- 0.0367 | VaLoss: 1.5929 +- 0.0751
 20,  0 | TrAcc: 0.4523, TrLoss:  1.45977, VaAcc: 0.4752, VaLoss:  1.47438	 20 sampled NNs | VaAcc: 0.4296 +- 0.0295 | VaLoss: 1.5659 +- 0.0552
 21,  0 | TrAcc: 0.4951, TrLoss:  1.38742, VaAcc: 0.4829, VaLoss:  1.43545	 20 sampled NNs | VaAcc: 0.4546 +- 0.0267 | VaLoss: 1.4991 +- 0.0553
 22,  0 | TrAcc: 0.4804, TrLoss:  1.40992, VaAcc: 0.5037, VaLoss:  1.40659	 20 sampled NNs | VaAcc: 0.4600 +- 0.0392 | VaLoss: 1.5077 +- 0.0576
 23,  0 | TrAcc: 0.5140, TrLoss:  1.31580, VaAcc: 0.5063, VaLoss:  1.38322	 20 sampled NNs | VaAcc: 0.4627 +- 0.0300 | VaLoss: 1.5025 +- 0.0745
 24,  0 | TrAcc: 0.5158, TrLoss:  1.30105, VaAcc: 0.5067, VaLoss:  1.38121	 20 sampled NNs | VaAcc: 0.4795 +- 0.0244 | VaLoss: 1.4572 +- 0.0773
 25,  0 | TrAcc: 0.5377, TrLoss:  1.26684, VaAcc: 0.5249, VaLoss:  1.32741	 20 sampled NNs | VaAcc: 0.4875 +- 0.0305 | VaLoss: 1.4149 +- 0.0636
 26,  0 | TrAcc: 0.5561, TrLoss:  1.23198, VaAcc: 0.5277, VaLoss:  1.32776	 20 sampled NNs | VaAcc: 0.4995 +- 0.0244 | VaLoss: 1.3984 +- 0.0518
 27,  0 | TrAcc: 0.5755, TrLoss:  1.18567, VaAcc: 0.5535, VaLoss:  1.29615	 20 sampled NNs | VaAcc: 0.5213 +- 0.0301 | VaLoss: 1.3725 +- 0.0664
 28,  0 | TrAcc: 0.5475, TrLoss:  1.25479, VaAcc: 0.5381, VaLoss:  1.30093	 20 sampled NNs | VaAcc: 0.4923 +- 0.0264 | VaLoss: 1.3981 +- 0.0582
 29,  0 | TrAcc: 0.5829, TrLoss:  1.12142, VaAcc: 0.5635, VaLoss:  1.24112	 20 sampled NNs | VaAcc: 0.5157 +- 0.0206 | VaLoss: 1.3504 +- 0.0412
 30,  0 | TrAcc: 0.6019, TrLoss:  1.12163, VaAcc: 0.5923, VaLoss:  1.17782	 20 sampled NNs | VaAcc: 0.5429 +- 0.0222 | VaLoss: 1.3003 +- 0.0575
 31,  0 | TrAcc: 0.5902, TrLoss:  1.18044, VaAcc: 0.5941, VaLoss:  1.18470	 20 sampled NNs | VaAcc: 0.5503 +- 0.0293 | VaLoss: 1.2766 +- 0.0675
 32,  0 | TrAcc: 0.5866, TrLoss:  1.18383, VaAcc: 0.6072, VaLoss:  1.14221	 20 sampled NNs | VaAcc: 0.5628 +- 0.0245 | VaLoss: 1.2423 +- 0.0587
 33,  0 | TrAcc: 0.6301, TrLoss:  1.04711, VaAcc: 0.6179, VaLoss:  1.11972	 20 sampled NNs | VaAcc: 0.5713 +- 0.0269 | VaLoss: 1.2293 +- 0.0695
 34,  0 | TrAcc: 0.6296, TrLoss:  1.04641, VaAcc: 0.6138, VaLoss:  1.12453	 20 sampled NNs | VaAcc: 0.5753 +- 0.0249 | VaLoss: 1.2246 +- 0.0708
 35,  0 | TrAcc: 0.6439, TrLoss:  1.02194, VaAcc: 0.6189, VaLoss:  1.09880	 20 sampled NNs | VaAcc: 0.5796 +- 0.0278 | VaLoss: 1.2079 +- 0.0718
 36,  0 | TrAcc: 0.6471, TrLoss:  1.01633, VaAcc: 0.6192, VaLoss:  1.10157	 20 sampled NNs | VaAcc: 0.5877 +- 0.0164 | VaLoss: 1.1723 +- 0.0482
 37,  0 | TrAcc: 0.6289, TrLoss:  1.04253, VaAcc: 0.6341, VaLoss:  1.09312	 20 sampled NNs | VaAcc: 0.6034 +- 0.0204 | VaLoss: 1.1724 +- 0.0523
 38,  0 | TrAcc: 0.6788, TrLoss:  0.95072, VaAcc: 0.6239, VaLoss:  1.09430	 20 sampled NNs | VaAcc: 0.5929 +- 0.0219 | VaLoss: 1.1861 +- 0.0506
 39,  0 | TrAcc: 0.6801, TrLoss:  0.89326, VaAcc: 0.6415, VaLoss:  1.02831	 20 sampled NNs | VaAcc: 0.6084 +- 0.0251 | VaLoss: 1.0987 +- 0.0490
 40,  0 | TrAcc: 0.6624, TrLoss:  0.96057, VaAcc: 0.6465, VaLoss:  1.02050	 20 sampled NNs | VaAcc: 0.6212 +- 0.0208 | VaLoss: 1.0977 +- 0.0358
 41,  0 | TrAcc: 0.6895, TrLoss:  0.88279, VaAcc: 0.6543, VaLoss:  1.00698	 20 sampled NNs | VaAcc: 0.6329 +- 0.0290 | VaLoss: 1.0641 +- 0.0720
 42,  0 | TrAcc: 0.6561, TrLoss:  0.94993, VaAcc: 0.6637, VaLoss:  0.99206	 20 sampled NNs | VaAcc: 0.6494 +- 0.0164 | VaLoss: 1.0356 +- 0.0354
 43,  0 | TrAcc: 0.6477, TrLoss:  0.99252, VaAcc: 0.6449, VaLoss:  1.01441	 20 sampled NNs | VaAcc: 0.6146 +- 0.0275 | VaLoss: 1.0809 +- 0.0597
 44,  0 | TrAcc: 0.6870, TrLoss:  0.90654, VaAcc: 0.6731, VaLoss:  0.96493	 20 sampled NNs | VaAcc: 0.6475 +- 0.0186 | VaLoss: 1.0340 +- 0.0435
 45,  0 | TrAcc: 0.7104, TrLoss:  0.82190, VaAcc: 0.6634, VaLoss:  0.99126	 20 sampled NNs | VaAcc: 0.6275 +- 0.0299 | VaLoss: 1.0883 +- 0.0751
 46,  0 | TrAcc: 0.6931, TrLoss:  0.85552, VaAcc: 0.6642, VaLoss:  0.96773	 20 sampled NNs | VaAcc: 0.6358 +- 0.0273 | VaLoss: 1.0540 +- 0.0567
 47,  0 | TrAcc: 0.6946, TrLoss:  0.86696, VaAcc: 0.6788, VaLoss:  0.94276	 20 sampled NNs | VaAcc: 0.6504 +- 0.0217 | VaLoss: 1.0198 +- 0.0555
 48,  0 | TrAcc: 0.6974, TrLoss:  0.87297, VaAcc: 0.6915, VaLoss:  0.92305	 20 sampled NNs | VaAcc: 0.6725 +- 0.0177 | VaLoss: 0.9664 +- 0.0480
 49,  0 | TrAcc: 0.7146, TrLoss:  0.81205, VaAcc: 0.6726, VaLoss:  0.96693	 20 sampled NNs | VaAcc: 0.6516 +- 0.0179 | VaLoss: 1.0197 +- 0.0387
 50,  0 | TrAcc: 0.6918, TrLoss:  0.89258, VaAcc: 0.6983, VaLoss:  0.89982	 20 sampled NNs | VaAcc: 0.6761 +- 0.0137 | VaLoss: 0.9530 +- 0.0326
 51,  0 | TrAcc: 0.6912, TrLoss:  0.86814, VaAcc: 0.6874, VaLoss:  0.92808	 20 sampled NNs | VaAcc: 0.6677 +- 0.0138 | VaLoss: 0.9733 +- 0.0398
 52,  0 | TrAcc: 0.6929, TrLoss:  0.85793, VaAcc: 0.6882, VaLoss:  0.94923	 20 sampled NNs | VaAcc: 0.6618 +- 0.0163 | VaLoss: 1.0205 +- 0.0345
 53,  0 | TrAcc: 0.7031, TrLoss:  0.83747, VaAcc: 0.6899, VaLoss:  0.90130	 20 sampled NNs | VaAcc: 0.6780 +- 0.0168 | VaLoss: 0.9430 +- 0.0447
 54,  0 | TrAcc: 0.7223, TrLoss:  0.79590, VaAcc: 0.6982, VaLoss:  0.93296	 20 sampled NNs | VaAcc: 0.6784 +- 0.0161 | VaLoss: 0.9924 +- 0.0460
 55,  0 | TrAcc: 0.7047, TrLoss:  0.82101, VaAcc: 0.7080, VaLoss:  0.87706	 20 sampled NNs | VaAcc: 0.6975 +- 0.0259 | VaLoss: 0.9062 +- 0.0522
 56,  0 | TrAcc: 0.7119, TrLoss:  0.82593, VaAcc: 0.6999, VaLoss:  0.90216	 20 sampled NNs | VaAcc: 0.6867 +- 0.0142 | VaLoss: 0.9365 +- 0.0376
 57,  0 | TrAcc: 0.7074, TrLoss:  0.82245, VaAcc: 0.6937, VaLoss:  0.88262	 20 sampled NNs | VaAcc: 0.6750 +- 0.0185 | VaLoss: 0.9357 +- 0.0452
 58,  0 | TrAcc: 0.7162, TrLoss:  0.78570, VaAcc: 0.6888, VaLoss:  0.92158	 20 sampled NNs | VaAcc: 0.6659 +- 0.0130 | VaLoss: 0.9798 +- 0.0487
 59,  0 | TrAcc: 0.7022, TrLoss:  0.81374, VaAcc: 0.7035, VaLoss:  0.87524	 20 sampled NNs | VaAcc: 0.6785 +- 0.0207 | VaLoss: 0.9259 +- 0.0419
 60,  0 | TrAcc: 0.7435, TrLoss:  0.72253, VaAcc: 0.7113, VaLoss:  0.88384	 20 sampled NNs | VaAcc: 0.6964 +- 0.0194 | VaLoss: 0.9164 +- 0.0486
 61,  0 | TrAcc: 0.7410, TrLoss:  0.75020, VaAcc: 0.7098, VaLoss:  0.91716	 20 sampled NNs | VaAcc: 0.6898 +- 0.0171 | VaLoss: 0.9471 +- 0.0418
 62,  0 | TrAcc: 0.7424, TrLoss:  0.72282, VaAcc: 0.7136, VaLoss:  0.88041	 20 sampled NNs | VaAcc: 0.7012 +- 0.0121 | VaLoss: 0.9083 +- 0.0430
 63,  0 | TrAcc: 0.7352, TrLoss:  0.73965, VaAcc: 0.7245, VaLoss:  0.83813	 20 sampled NNs | VaAcc: 0.7048 +- 0.0136 | VaLoss: 0.8753 +- 0.0299
 64,  0 | TrAcc: 0.7168, TrLoss:  0.78709, VaAcc: 0.7084, VaLoss:  0.88184	 20 sampled NNs | VaAcc: 0.6949 +- 0.0213 | VaLoss: 0.9093 +- 0.0450
 65,  0 | TrAcc: 0.7320, TrLoss:  0.75310, VaAcc: 0.7265, VaLoss:  0.85100	 20 sampled NNs | VaAcc: 0.7077 +- 0.0124 | VaLoss: 0.8930 +- 0.0318
 66,  0 | TrAcc: 0.7353, TrLoss:  0.72514, VaAcc: 0.7170, VaLoss:  0.86121	 20 sampled NNs | VaAcc: 0.7002 +- 0.0125 | VaLoss: 0.8915 +- 0.0314
 67,  0 | TrAcc: 0.7496, TrLoss:  0.72234, VaAcc: 0.7193, VaLoss:  0.88554	 20 sampled NNs | VaAcc: 0.7009 +- 0.0252 | VaLoss: 0.9246 +- 0.0518
 68,  0 | TrAcc: 0.7624, TrLoss:  0.67057, VaAcc: 0.7158, VaLoss:  0.87192	 20 sampled NNs | VaAcc: 0.6948 +- 0.0194 | VaLoss: 0.9089 +- 0.0472
 69,  0 | TrAcc: 0.7322, TrLoss:  0.76432, VaAcc: 0.7269, VaLoss:  0.86469	 20 sampled NNs | VaAcc: 0.7095 +- 0.0198 | VaLoss: 0.9027 +- 0.0435
 70,  0 | TrAcc: 0.7509, TrLoss:  0.70043, VaAcc: 0.7077, VaLoss:  0.87642	 20 sampled NNs | VaAcc: 0.6898 +- 0.0170 | VaLoss: 0.9254 +- 0.0468
 71,  0 | TrAcc: 0.7453, TrLoss:  0.70853, VaAcc: 0.7215, VaLoss:  0.88343	 20 sampled NNs | VaAcc: 0.7059 +- 0.0220 | VaLoss: 0.9289 +- 0.0739
 72,  0 | TrAcc: 0.7505, TrLoss:  0.69876, VaAcc: 0.7186, VaLoss:  0.88099	 20 sampled NNs | VaAcc: 0.7005 +- 0.0122 | VaLoss: 0.9129 +- 0.0386
 73,  0 | TrAcc: 0.7504, TrLoss:  0.71727, VaAcc: 0.7161, VaLoss:  0.85116	 20 sampled NNs | VaAcc: 0.7028 +- 0.0133 | VaLoss: 0.8813 +- 0.0306
 74,  0 | TrAcc: 0.7492, TrLoss:  0.72099, VaAcc: 0.7004, VaLoss:  0.90933	 20 sampled NNs | VaAcc: 0.6870 +- 0.0133 | VaLoss: 0.9451 +- 0.0393
 75,  0 | TrAcc: 0.7310, TrLoss:  0.73382, VaAcc: 0.7271, VaLoss:  0.82602	 20 sampled NNs | VaAcc: 0.7148 +- 0.0153 | VaLoss: 0.8604 +- 0.0373
 76,  0 | TrAcc: 0.7588, TrLoss:  0.67859, VaAcc: 0.7285, VaLoss:  0.86331	 20 sampled NNs | VaAcc: 0.7103 +- 0.0174 | VaLoss: 0.8852 +- 0.0356
 77,  0 | TrAcc: 0.7624, TrLoss:  0.68222, VaAcc: 0.7220, VaLoss:  0.85571	 20 sampled NNs | VaAcc: 0.7129 +- 0.0149 | VaLoss: 0.8776 +- 0.0243
 78,  0 | TrAcc: 0.7669, TrLoss:  0.64963, VaAcc: 0.7251, VaLoss:  0.88608	 20 sampled NNs | VaAcc: 0.7065 +- 0.0136 | VaLoss: 0.9219 +- 0.0370
 79,  0 | TrAcc: 0.7607, TrLoss:  0.67477, VaAcc: 0.7346, VaLoss:  0.86855	 20 sampled NNs | VaAcc: 0.7236 +- 0.0172 | VaLoss: 0.8824 +- 0.0403
 80,  0 | TrAcc: 0.7378, TrLoss:  0.74535, VaAcc: 0.7270, VaLoss:  0.84793	 20 sampled NNs | VaAcc: 0.7089 +- 0.0110 | VaLoss: 0.8758 +- 0.0238
 81,  0 | TrAcc: 0.7619, TrLoss:  0.68959, VaAcc: 0.7239, VaLoss:  0.86440	 20 sampled NNs | VaAcc: 0.7155 +- 0.0148 | VaLoss: 0.8739 +- 0.0292
 82,  0 | TrAcc: 0.7744, TrLoss:  0.64922, VaAcc: 0.7458, VaLoss:  0.82281	 20 sampled NNs | VaAcc: 0.7297 +- 0.0205 | VaLoss: 0.8497 +- 0.0506
 83,  0 | TrAcc: 0.7488, TrLoss:  0.70047, VaAcc: 0.7293, VaLoss:  0.87751	 20 sampled NNs | VaAcc: 0.7175 +- 0.0170 | VaLoss: 0.9056 +- 0.0369
 84,  0 | TrAcc: 0.7703, TrLoss:  0.63988, VaAcc: 0.7186, VaLoss:  0.88075	 20 sampled NNs | VaAcc: 0.7075 +- 0.0169 | VaLoss: 0.9067 +- 0.0370
 85,  0 | TrAcc: 0.7648, TrLoss:  0.67054, VaAcc: 0.7315, VaLoss:  0.83135	 20 sampled NNs | VaAcc: 0.7230 +- 0.0138 | VaLoss: 0.8489 +- 0.0301
 86,  0 | TrAcc: 0.7420, TrLoss:  0.71054, VaAcc: 0.7067, VaLoss:  0.92331	 20 sampled NNs | VaAcc: 0.6953 +- 0.0137 | VaLoss: 0.9376 +- 0.0370
 87,  0 | TrAcc: 0.7547, TrLoss:  0.65574, VaAcc: 0.7199, VaLoss:  0.89769	 20 sampled NNs | VaAcc: 0.7070 +- 0.0151 | VaLoss: 0.9184 +- 0.0397
 88,  0 | TrAcc: 0.7657, TrLoss:  0.67318, VaAcc: 0.7307, VaLoss:  0.84943	 20 sampled NNs | VaAcc: 0.7210 +- 0.0140 | VaLoss: 0.8616 +- 0.0372
 89,  0 | TrAcc: 0.7516, TrLoss:  0.72073, VaAcc: 0.7169, VaLoss:  0.89230	 20 sampled NNs | VaAcc: 0.7057 +- 0.0123 | VaLoss: 0.9078 +- 0.0392
 90,  0 | TrAcc: 0.7841, TrLoss:  0.62863, VaAcc: 0.7316, VaLoss:  0.86800	 20 sampled NNs | VaAcc: 0.7160 +- 0.0168 | VaLoss: 0.9092 +- 0.0405
 91,  0 | TrAcc: 0.7546, TrLoss:  0.68606, VaAcc: 0.7414, VaLoss:  0.83321	 20 sampled NNs | VaAcc: 0.7286 +- 0.0165 | VaLoss: 0.8528 +- 0.0395
 92,  0 | TrAcc: 0.7564, TrLoss:  0.67821, VaAcc: 0.7341, VaLoss:  0.85759	 20 sampled NNs | VaAcc: 0.7194 +- 0.0152 | VaLoss: 0.8902 +- 0.0366
 93,  0 | TrAcc: 0.7594, TrLoss:  0.68361, VaAcc: 0.7195, VaLoss:  0.91650	 20 sampled NNs | VaAcc: 0.7125 +- 0.0152 | VaLoss: 0.9326 +- 0.0460
 94,  0 | TrAcc: 0.7624, TrLoss:  0.69127, VaAcc: 0.7309, VaLoss:  0.83628	 20 sampled NNs | VaAcc: 0.7219 +- 0.0124 | VaLoss: 0.8618 +- 0.0340
 95,  0 | TrAcc: 0.7509, TrLoss:  0.70406, VaAcc: 0.7312, VaLoss:  0.81586	 20 sampled NNs | VaAcc: 0.7193 +- 0.0108 | VaLoss: 0.8391 +- 0.0256
 96,  0 | TrAcc: 0.7872, TrLoss:  0.61778, VaAcc: 0.7123, VaLoss:  0.84111	 20 sampled NNs | VaAcc: 0.6994 +- 0.0124 | VaLoss: 0.8761 +- 0.0356
 97,  0 | TrAcc: 0.7694, TrLoss:  0.64338, VaAcc: 0.7126, VaLoss:  0.92705	 20 sampled NNs | VaAcc: 0.6999 +- 0.0152 | VaLoss: 0.9695 +- 0.0445
 98,  0 | TrAcc: 0.7800, TrLoss:  0.63057, VaAcc: 0.7393, VaLoss:  0.81468	 20 sampled NNs | VaAcc: 0.7291 +- 0.0114 | VaLoss: 0.8416 +- 0.0225
 99,  0 | TrAcc: 0.7604, TrLoss:  0.68456, VaAcc: 0.7223, VaLoss:  0.88209	 20 sampled NNs | VaAcc: 0.7185 +- 0.0169 | VaLoss: 0.9051 +- 0.0342
11364.989679
----------------------------
