

config:

HOME=/clusterFS/home/student/kopp13
PATH=/clusterFS/home/student/kopp13/miniconda3/envs/tensorflow/bin:/clusterFS/home/student/kopp13/miniconda3/bin:/clusterFS/home/student/kopp13/bin:/usr/local/bin:/usr/bin:/bin:/usr/local/games:/usr/games
LD_LIBRARY_PATH=
THEANO_FLAGS=floatX=float32,gpuarray.preallocate=0.9,dnn.library_path=/usr/lib/x86_64-linux-gnu,cxx=clang++-3.8,device=cuda,base_compiledir=/tmp/tmp.2v6zGTxj82

=============================
CONFIG FILE

RNN CONFIG
{'data_multiplier': 1000.0,
 'gradient_clip_value': 0.5,
 'layer_configs': [{'layer_type': 'input'},
                   {'bc': {'init_m': 'xavier',
                           'init_v': -4.5,
                           'prior_m': 0.0,
                           'prior_v': 0.0,
                           'type': 'continuous'},
                    'bf': {'init_m': 'xavier',
                           'init_v': -4.5,
                           'prior_m': 0.0,
                           'prior_v': 0.0,
                           'type': 'continuous'},
                    'bi': {'init_m': 'xavier',
                           'init_v': -4.5,
                           'prior_m': 0.0,
                           'prior_v': 0.0,
                           'type': 'continuous'},
                    'bo': {'init_m': 'xavier',
                           'init_v': -4.5,
                           'prior_m': 0.0,
                           'prior_v': 0.0,
                           'type': 'continuous'},
                    'init_config': {'c': {'b': 'all_zero', 'w': 'xavier'},
                                    'f': {'b': 'all_one', 'w': 'all_zero'},
                                    'i': {'b': 'all_zero', 'w': 'xavier'},
                                    'o': {'b': 'all_zero', 'w': 'xavier'}},
                    'is_output': False,
                    'is_recurrent': True,
                    'layer_type': 'lstm',
                    'tau': 0.5,
                    'var_scope': 'lstm_0',
                    'wc': {'p0max': 0.95,
                           'p0min': 0.05,
                           'pmax': 0.99,
                           'pmin': 0.01,
                           'priors': [0.2, 0.6, 0.2],
                           'type': 'ternary'},
                    'wf': {'p0max': 0.95,
                           'p0min': 0.05,
                           'pmax': 0.99,
                           'pmin': 0.01,
                           'priors': [0.2, 0.6, 0.2],
                           'type': 'ternary'},
                    'wi': {'p0max': 0.95,
                           'p0min': 0.05,
                           'pmax': 0.99,
                           'pmin': 0.01,
                           'priors': [0.2, 0.6, 0.2],
                           'type': 'ternary'},
                    'wo': {'p0max': 0.95,
                           'p0min': 0.05,
                           'pmax': 0.99,
                           'pmin': 0.01,
                           'priors': [0.2, 0.6, 0.2],
                           'type': 'ternary'}},
                   {'bc': {'init_m': 'xavier',
                           'init_v': -4.5,
                           'prior_m': 0.0,
                           'prior_v': 0.0,
                           'type': 'continuous'},
                    'bf': {'init_m': 'xavier',
                           'init_v': -4.5,
                           'prior_m': 0.0,
                           'prior_v': 0.0,
                           'type': 'continuous'},
                    'bi': {'init_m': 'xavier',
                           'init_v': -4.5,
                           'prior_m': 0.0,
                           'prior_v': 0.0,
                           'type': 'continuous'},
                    'bo': {'init_m': 'xavier',
                           'init_v': -4.5,
                           'prior_m': 0.0,
                           'prior_v': 0.0,
                           'type': 'continuous'},
                    'init_config': {'c': {'b': 'all_zero', 'w': 'xavier'},
                                    'f': {'b': 'all_one', 'w': 'all_zero'},
                                    'i': {'b': 'all_zero', 'w': 'xavier'},
                                    'o': {'b': 'all_zero', 'w': 'xavier'}},
                    'is_output': False,
                    'is_recurrent': True,
                    'layer_type': 'lstm',
                    'tau': 0.5,
                    'var_scope': 'lstm_1',
                    'wc': {'p0max': 0.95,
                           'p0min': 0.05,
                           'pmax': 0.99,
                           'pmin': 0.01,
                           'priors': [0.2, 0.6, 0.2],
                           'type': 'ternary'},
                    'wf': {'p0max': 0.95,
                           'p0min': 0.05,
                           'pmax': 0.99,
                           'pmin': 0.01,
                           'priors': [0.2, 0.6, 0.2],
                           'type': 'ternary'},
                    'wi': {'p0max': 0.95,
                           'p0min': 0.05,
                           'pmax': 0.99,
                           'pmin': 0.01,
                           'priors': [0.2, 0.6, 0.2],
                           'type': 'ternary'},
                    'wo': {'p0max': 0.95,
                           'p0min': 0.05,
                           'pmax': 0.99,
                           'pmin': 0.01,
                           'priors': [0.2, 0.6, 0.2],
                           'type': 'ternary'}},
                   {'b': {'init_m': 'xavier',
                          'init_v': -4.5,
                          'prior_m': 0.0,
                          'prior_v': 0.0,
                          'type': 'continuous'},
                    'is_output': True,
                    'is_recurrent': False,
                    'layer_type': 'fc',
                    'regularization': {'mode': None, 'strength': 0.02},
                    'tau': 0.5,
                    'var_scope': 'output_layer',
                    'w': {'p0max': 0.95,
                          'p0min': 0.05,
                          'pmax': 0.99,
                          'pmin': 0.01,
                          'priors': [0.2, 0.6, 0.2],
                          'type': 'ternary'}}],
 'layout': [4, 60, 60, 10],
 'output_type': 'classification'}

DATA CONFIG
{'dataset': 'red_penstroke',
 'tr': {'in_seq_len': 30,
        'minibatch_enabled': True,
        'minibatch_size': 200,
        'out_seq_len': 5,
        'zero_padding': 20},
 'va': {'in_seq_len': 30,
        'minibatch_enabled': True,
        'minibatch_size': 200,
        'out_seq_len': 5,
        'zero_padding': 20}}

TRAINING CONFIG
{'beta_reg': 0.0,
 'is_pretrain': False,
 'learning_rate': 0.03,
 'mode': {'max_epochs': 100, 'min_error': 0.0, 'name': 'classic'},
 'task_id': 1,
 'type': 'g_sampling',
 'var_reg': 0.01}
==============================


  0,  0 | TrAcc: 0.1047, TrLoss:  3.88164, VaAcc: 0.1044, VaLoss:  3.89805	 20 sampled NNs | VaAcc: 0.0954 +- 0.0222 | VaLoss: 4.0602 +- 0.6470
  1,  0 | TrAcc: 0.1514, TrLoss:  2.22889, VaAcc: 0.1487, VaLoss:  2.20449	 20 sampled NNs | VaAcc: 0.1412 +- 0.0321 | VaLoss: 2.2461 +- 0.0541
  2,  0 | TrAcc: 0.2823, TrLoss:  1.90368, VaAcc: 0.2908, VaLoss:  1.95817	 20 sampled NNs | VaAcc: 0.2707 +- 0.0367 | VaLoss: 1.9939 +- 0.0653
  3,  0 | TrAcc: 0.4523, TrLoss:  1.45306, VaAcc: 0.4475, VaLoss:  1.57597	 20 sampled NNs | VaAcc: 0.4113 +- 0.0346 | VaLoss: 1.6529 +- 0.0630
  4,  0 | TrAcc: 0.5554, TrLoss:  1.26305, VaAcc: 0.5090, VaLoss:  1.50070	 20 sampled NNs | VaAcc: 0.4857 +- 0.0283 | VaLoss: 1.5538 +- 0.0985
  5,  0 | TrAcc: 0.6396, TrLoss:  1.01361, VaAcc: 0.5686, VaLoss:  1.33897	 20 sampled NNs | VaAcc: 0.5420 +- 0.0381 | VaLoss: 1.3928 +- 0.0815
  6,  0 | TrAcc: 0.6646, TrLoss:  0.96545, VaAcc: 0.6087, VaLoss:  1.26319	 20 sampled NNs | VaAcc: 0.5859 +- 0.0252 | VaLoss: 1.3009 +- 0.0679
  7,  0 | TrAcc: 0.6623, TrLoss:  0.98839, VaAcc: 0.6129, VaLoss:  1.21501	 20 sampled NNs | VaAcc: 0.6020 +- 0.0244 | VaLoss: 1.2477 +- 0.0535
  8,  0 | TrAcc: 0.6991, TrLoss:  0.93344, VaAcc: 0.5955, VaLoss:  1.38543	 20 sampled NNs | VaAcc: 0.5907 +- 0.0209 | VaLoss: 1.3990 +- 0.0719
  9,  0 | TrAcc: 0.7200, TrLoss:  0.84774, VaAcc: 0.6084, VaLoss:  1.30755	 20 sampled NNs | VaAcc: 0.5975 +- 0.0162 | VaLoss: 1.3411 +- 0.0749
 10,  0 | TrAcc: 0.7378, TrLoss:  0.80165, VaAcc: 0.6021, VaLoss:  1.34669	 20 sampled NNs | VaAcc: 0.5970 +- 0.0125 | VaLoss: 1.3729 +- 0.0492
 11,  0 | TrAcc: 0.7014, TrLoss:  0.90903, VaAcc: 0.6469, VaLoss:  1.20955	 20 sampled NNs | VaAcc: 0.6394 +- 0.0128 | VaLoss: 1.2263 +- 0.0547
 12,  0 | TrAcc: 0.7137, TrLoss:  0.85479, VaAcc: 0.6083, VaLoss:  1.35177	 20 sampled NNs | VaAcc: 0.6040 +- 0.0138 | VaLoss: 1.3621 +- 0.0617
 13,  0 | TrAcc: 0.7231, TrLoss:  0.87773, VaAcc: 0.6267, VaLoss:  1.36485	 20 sampled NNs | VaAcc: 0.6145 +- 0.0198 | VaLoss: 1.3971 +- 0.0732
 14,  0 | TrAcc: 0.7108, TrLoss:  0.86233, VaAcc: 0.6231, VaLoss:  1.32303	 20 sampled NNs | VaAcc: 0.6145 +- 0.0144 | VaLoss: 1.3218 +- 0.0436
 15,  0 | TrAcc: 0.7384, TrLoss:  0.80771, VaAcc: 0.6426, VaLoss:  1.18570	 20 sampled NNs | VaAcc: 0.6285 +- 0.0178 | VaLoss: 1.2345 +- 0.0848
 16,  0 | TrAcc: 0.7391, TrLoss:  0.79543, VaAcc: 0.6354, VaLoss:  1.32356	 20 sampled NNs | VaAcc: 0.6286 +- 0.0146 | VaLoss: 1.3212 +- 0.0636
 17,  0 | TrAcc: 0.7190, TrLoss:  0.91984, VaAcc: 0.6399, VaLoss:  1.29774	 20 sampled NNs | VaAcc: 0.6389 +- 0.0128 | VaLoss: 1.3115 +- 0.0387
 18,  0 | TrAcc: 0.7320, TrLoss:  0.86067, VaAcc: 0.6735, VaLoss:  1.23355	 20 sampled NNs | VaAcc: 0.6688 +- 0.0163 | VaLoss: 1.2485 +- 0.0518
 19,  0 | TrAcc: 0.7304, TrLoss:  0.90802, VaAcc: 0.6500, VaLoss:  1.36595	 20 sampled NNs | VaAcc: 0.6505 +- 0.0123 | VaLoss: 1.3698 +- 0.0445
 20,  0 | TrAcc: 0.7403, TrLoss:  0.88142, VaAcc: 0.6294, VaLoss:  1.37398	 20 sampled NNs | VaAcc: 0.6246 +- 0.0183 | VaLoss: 1.3734 +- 0.0596
 21,  0 | TrAcc: 0.7049, TrLoss:  0.94143, VaAcc: 0.6518, VaLoss:  1.28611	 20 sampled NNs | VaAcc: 0.6467 +- 0.0132 | VaLoss: 1.2927 +- 0.0349
 22,  0 | TrAcc: 0.7195, TrLoss:  0.86996, VaAcc: 0.6280, VaLoss:  1.35182	 20 sampled NNs | VaAcc: 0.6244 +- 0.0124 | VaLoss: 1.3604 +- 0.0491
 23,  0 | TrAcc: 0.7044, TrLoss:  1.05099, VaAcc: 0.6446, VaLoss:  1.28959	 20 sampled NNs | VaAcc: 0.6389 +- 0.0111 | VaLoss: 1.3016 +- 0.0480
 24,  0 | TrAcc: 0.7173, TrLoss:  0.93612, VaAcc: 0.6601, VaLoss:  1.38400	 20 sampled NNs | VaAcc: 0.6579 +- 0.0090 | VaLoss: 1.3997 +- 0.0452
 25,  0 | TrAcc: 0.7220, TrLoss:  0.84846, VaAcc: 0.6839, VaLoss:  1.15016	 20 sampled NNs | VaAcc: 0.6843 +- 0.0083 | VaLoss: 1.1509 +- 0.0311
 26,  0 | TrAcc: 0.7035, TrLoss:  0.99286, VaAcc: 0.6004, VaLoss:  1.40844	 20 sampled NNs | VaAcc: 0.5985 +- 0.0077 | VaLoss: 1.4200 +- 0.0448
 27,  0 | TrAcc: 0.7044, TrLoss:  0.95172, VaAcc: 0.6266, VaLoss:  1.31153	 20 sampled NNs | VaAcc: 0.6206 +- 0.0112 | VaLoss: 1.3330 +- 0.0361
 28,  0 | TrAcc: 0.7033, TrLoss:  0.96417, VaAcc: 0.6216, VaLoss:  1.46778	 20 sampled NNs | VaAcc: 0.6222 +- 0.0103 | VaLoss: 1.4649 +- 0.0523
 29,  0 | TrAcc: 0.7024, TrLoss:  0.98531, VaAcc: 0.5993, VaLoss:  1.49118	 20 sampled NNs | VaAcc: 0.5904 +- 0.0118 | VaLoss: 1.5110 +- 0.0429
 30,  0 | TrAcc: 0.7234, TrLoss:  0.94912, VaAcc: 0.6584, VaLoss:  1.30269	 20 sampled NNs | VaAcc: 0.6561 +- 0.0087 | VaLoss: 1.3083 +- 0.0356
 31,  0 | TrAcc: 0.7313, TrLoss:  0.89429, VaAcc: 0.6321, VaLoss:  1.37200	 20 sampled NNs | VaAcc: 0.6281 +- 0.0109 | VaLoss: 1.3881 +- 0.0394
 32,  0 | TrAcc: 0.7353, TrLoss:  0.90357, VaAcc: 0.6470, VaLoss:  1.40986	 20 sampled NNs | VaAcc: 0.6485 +- 0.0086 | VaLoss: 1.4010 +- 0.0382
 33,  0 | TrAcc: 0.7057, TrLoss:  0.98028, VaAcc: 0.6364, VaLoss:  1.29602	 20 sampled NNs | VaAcc: 0.6359 +- 0.0095 | VaLoss: 1.3042 +- 0.0290
 34,  0 | TrAcc: 0.7203, TrLoss:  0.89677, VaAcc: 0.5922, VaLoss:  1.54225	 20 sampled NNs | VaAcc: 0.5914 +- 0.0078 | VaLoss: 1.5389 +- 0.0313
 35,  0 | TrAcc: 0.7126, TrLoss:  1.01117, VaAcc: 0.6087, VaLoss:  1.54575	 20 sampled NNs | VaAcc: 0.6091 +- 0.0107 | VaLoss: 1.5445 +- 0.0609
 36,  0 | TrAcc: 0.6908, TrLoss:  1.09995, VaAcc: 0.6013, VaLoss:  1.49125	 20 sampled NNs | VaAcc: 0.6051 +- 0.0113 | VaLoss: 1.4849 +- 0.0337
 37,  0 | TrAcc: 0.6923, TrLoss:  1.08028, VaAcc: 0.6084, VaLoss:  1.46436	 20 sampled NNs | VaAcc: 0.6028 +- 0.0124 | VaLoss: 1.4884 +- 0.0590
 38,  0 | TrAcc: 0.6687, TrLoss:  1.16444, VaAcc: 0.6108, VaLoss:  1.48284	 20 sampled NNs | VaAcc: 0.6080 +- 0.0118 | VaLoss: 1.4983 +- 0.0594
 39,  0 | TrAcc: 0.7243, TrLoss:  0.96835, VaAcc: 0.6170, VaLoss:  1.57086	 20 sampled NNs | VaAcc: 0.6122 +- 0.0179 | VaLoss: 1.5981 +- 0.1029
 40,  0 | TrAcc: 0.7035, TrLoss:  1.10647, VaAcc: 0.5898, VaLoss:  1.63910	 20 sampled NNs | VaAcc: 0.5880 +- 0.0106 | VaLoss: 1.6404 +- 0.0353
 41,  0 | TrAcc: 0.7260, TrLoss:  0.92559, VaAcc: 0.6006, VaLoss:  1.65014	 20 sampled NNs | VaAcc: 0.6007 +- 0.0098 | VaLoss: 1.6466 +- 0.0331
 42,  0 | TrAcc: 0.7034, TrLoss:  1.00929, VaAcc: 0.5972, VaLoss:  1.53999	 20 sampled NNs | VaAcc: 0.5975 +- 0.0096 | VaLoss: 1.5455 +- 0.0331
 43,  0 | TrAcc: 0.6947, TrLoss:  1.01051, VaAcc: 0.6326, VaLoss:  1.46126	 20 sampled NNs | VaAcc: 0.6326 +- 0.0073 | VaLoss: 1.4503 +- 0.0257
 44,  0 | TrAcc: 0.6861, TrLoss:  1.06930, VaAcc: 0.6133, VaLoss:  1.51946	 20 sampled NNs | VaAcc: 0.6117 +- 0.0094 | VaLoss: 1.5208 +- 0.0326
 45,  0 | TrAcc: 0.6654, TrLoss:  1.16795, VaAcc: 0.5342, VaLoss:  1.82114	 20 sampled NNs | VaAcc: 0.5343 +- 0.0106 | VaLoss: 1.8151 +- 0.0410
 46,  0 | TrAcc: 0.6450, TrLoss:  1.19562, VaAcc: 0.5732, VaLoss:  1.69516	 20 sampled NNs | VaAcc: 0.5746 +- 0.0100 | VaLoss: 1.6872 +- 0.0332
 47,  0 | TrAcc: 0.6919, TrLoss:  1.03475, VaAcc: 0.5784, VaLoss:  1.63810	 20 sampled NNs | VaAcc: 0.5772 +- 0.0115 | VaLoss: 1.6355 +- 0.0216
 48,  0 | TrAcc: 0.6999, TrLoss:  0.96563, VaAcc: 0.5882, VaLoss:  1.49800	 20 sampled NNs | VaAcc: 0.5865 +- 0.0117 | VaLoss: 1.5050 +- 0.0359
 49,  0 | TrAcc: 0.6872, TrLoss:  1.13143, VaAcc: 0.5936, VaLoss:  1.65175	 20 sampled NNs | VaAcc: 0.5926 +- 0.0084 | VaLoss: 1.6650 +- 0.0277
 50,  0 | TrAcc: 0.6940, TrLoss:  1.12035, VaAcc: 0.6236, VaLoss:  1.40124	 20 sampled NNs | VaAcc: 0.6218 +- 0.0099 | VaLoss: 1.4012 +- 0.0350
 51,  0 | TrAcc: 0.6482, TrLoss:  1.26590, VaAcc: 0.5597, VaLoss:  1.61326	 20 sampled NNs | VaAcc: 0.5593 +- 0.0075 | VaLoss: 1.6112 +- 0.0245
 52,  0 | TrAcc: 0.7203, TrLoss:  0.92943, VaAcc: 0.6452, VaLoss:  1.39272	 20 sampled NNs | VaAcc: 0.6449 +- 0.0057 | VaLoss: 1.3881 +- 0.0205
 53,  0 | TrAcc: 0.6983, TrLoss:  0.99737, VaAcc: 0.6283, VaLoss:  1.46995	 20 sampled NNs | VaAcc: 0.6286 +- 0.0068 | VaLoss: 1.4633 +- 0.0194
 54,  0 | TrAcc: 0.6508, TrLoss:  1.28769, VaAcc: 0.5989, VaLoss:  1.64837	 20 sampled NNs | VaAcc: 0.6012 +- 0.0070 | VaLoss: 1.6551 +- 0.0298
 55,  0 | TrAcc: 0.6470, TrLoss:  1.28883, VaAcc: 0.5906, VaLoss:  1.56505	 20 sampled NNs | VaAcc: 0.5881 +- 0.0084 | VaLoss: 1.5682 +- 0.0208
 56,  0 | TrAcc: 0.6978, TrLoss:  1.08537, VaAcc: 0.5676, VaLoss:  1.66318	 20 sampled NNs | VaAcc: 0.5677 +- 0.0066 | VaLoss: 1.6694 +- 0.0297
 57,  0 | TrAcc: 0.6399, TrLoss:  1.26875, VaAcc: 0.5758, VaLoss:  1.69610	 20 sampled NNs | VaAcc: 0.5792 +- 0.0075 | VaLoss: 1.6881 +- 0.0276
 58,  0 | TrAcc: 0.6988, TrLoss:  1.13604, VaAcc: 0.5700, VaLoss:  1.65570	 20 sampled NNs | VaAcc: 0.5688 +- 0.0089 | VaLoss: 1.6627 +- 0.0277
 59,  0 | TrAcc: 0.6644, TrLoss:  1.22681, VaAcc: 0.6012, VaLoss:  1.61857	 20 sampled NNs | VaAcc: 0.6013 +- 0.0070 | VaLoss: 1.6240 +- 0.0301
 60,  0 | TrAcc: 0.6621, TrLoss:  1.14111, VaAcc: 0.5819, VaLoss:  1.68367	 20 sampled NNs | VaAcc: 0.5844 +- 0.0063 | VaLoss: 1.6718 +- 0.0235
 61,  0 | TrAcc: 0.7032, TrLoss:  0.96737, VaAcc: 0.6000, VaLoss:  1.53466	 20 sampled NNs | VaAcc: 0.6043 +- 0.0089 | VaLoss: 1.5255 +- 0.0246
 62,  0 | TrAcc: 0.6648, TrLoss:  1.19342, VaAcc: 0.5995, VaLoss:  1.57743	 20 sampled NNs | VaAcc: 0.5978 +- 0.0067 | VaLoss: 1.5867 +- 0.0291
 63,  0 | TrAcc: 0.6781, TrLoss:  1.19578, VaAcc: 0.5490, VaLoss:  1.85834	 20 sampled NNs | VaAcc: 0.5496 +- 0.0049 | VaLoss: 1.8554 +- 0.0208
 64,  0 | TrAcc: 0.6697, TrLoss:  1.13844, VaAcc: 0.5549, VaLoss:  1.76665	 20 sampled NNs | VaAcc: 0.5548 +- 0.0065 | VaLoss: 1.7698 +- 0.0327
 65,  0 | TrAcc: 0.6749, TrLoss:  1.08493, VaAcc: 0.5649, VaLoss:  1.58353	 20 sampled NNs | VaAcc: 0.5668 +- 0.0035 | VaLoss: 1.5821 +- 0.0130
 66,  0 | TrAcc: 0.6611, TrLoss:  1.11301, VaAcc: 0.6047, VaLoss:  1.50079	 20 sampled NNs | VaAcc: 0.6014 +- 0.0069 | VaLoss: 1.4967 +- 0.0240
 67,  0 | TrAcc: 0.6816, TrLoss:  1.06409, VaAcc: 0.6031, VaLoss:  1.46557	 20 sampled NNs | VaAcc: 0.6042 +- 0.0079 | VaLoss: 1.4617 +- 0.0180
 68,  0 | TrAcc: 0.6772, TrLoss:  1.15556, VaAcc: 0.6011, VaLoss:  1.57459	 20 sampled NNs | VaAcc: 0.6043 +- 0.0081 | VaLoss: 1.5657 +- 0.0235
 69,  0 | TrAcc: 0.6602, TrLoss:  1.11889, VaAcc: 0.6091, VaLoss:  1.47340	 20 sampled NNs | VaAcc: 0.6114 +- 0.0061 | VaLoss: 1.4706 +- 0.0170
 70,  0 | TrAcc: 0.6580, TrLoss:  1.16157, VaAcc: 0.5826, VaLoss:  1.58498	 20 sampled NNs | VaAcc: 0.5828 +- 0.0058 | VaLoss: 1.5916 +- 0.0191
 71,  0 | TrAcc: 0.6777, TrLoss:  1.05706, VaAcc: 0.5667, VaLoss:  1.72313	 20 sampled NNs | VaAcc: 0.5656 +- 0.0065 | VaLoss: 1.7219 +- 0.0299
 72,  0 | TrAcc: 0.6617, TrLoss:  1.12998, VaAcc: 0.6056, VaLoss:  1.54896	 20 sampled NNs | VaAcc: 0.6060 +- 0.0059 | VaLoss: 1.5441 +- 0.0178
 73,  0 | TrAcc: 0.6602, TrLoss:  1.21869, VaAcc: 0.5700, VaLoss:  1.58730	 20 sampled NNs | VaAcc: 0.5712 +- 0.0056 | VaLoss: 1.5867 +- 0.0182
 74,  0 | TrAcc: 0.6469, TrLoss:  1.25918, VaAcc: 0.5572, VaLoss:  1.77623	 20 sampled NNs | VaAcc: 0.5573 +- 0.0066 | VaLoss: 1.7853 +- 0.0369
 75,  0 | TrAcc: 0.6639, TrLoss:  1.19644, VaAcc: 0.5554, VaLoss:  1.72260	 20 sampled NNs | VaAcc: 0.5592 +- 0.0053 | VaLoss: 1.7185 +- 0.0229
 76,  0 | TrAcc: 0.6452, TrLoss:  1.31837, VaAcc: 0.5478, VaLoss:  1.76240	 20 sampled NNs | VaAcc: 0.5489 +- 0.0074 | VaLoss: 1.7618 +- 0.0277
 77,  0 | TrAcc: 0.6436, TrLoss:  1.21634, VaAcc: 0.5584, VaLoss:  1.59576	 20 sampled NNs | VaAcc: 0.5616 +- 0.0074 | VaLoss: 1.5861 +- 0.0148
 78,  0 | TrAcc: 0.6550, TrLoss:  1.15351, VaAcc: 0.5627, VaLoss:  1.76817	 20 sampled NNs | VaAcc: 0.5621 +- 0.0037 | VaLoss: 1.7592 +- 0.0175
 79,  0 | TrAcc: 0.6671, TrLoss:  1.19960, VaAcc: 0.5718, VaLoss:  1.64096	 20 sampled NNs | VaAcc: 0.5733 +- 0.0076 | VaLoss: 1.6425 +- 0.0262
 80,  0 | TrAcc: 0.6264, TrLoss:  1.30356, VaAcc: 0.5711, VaLoss:  1.61418	 20 sampled NNs | VaAcc: 0.5715 +- 0.0071 | VaLoss: 1.6134 +- 0.0197
 81,  0 | TrAcc: 0.6628, TrLoss:  1.18072, VaAcc: 0.5780, VaLoss:  1.64320	 20 sampled NNs | VaAcc: 0.5750 +- 0.0045 | VaLoss: 1.6518 +- 0.0168
 82,  0 | TrAcc: 0.6606, TrLoss:  1.22717, VaAcc: 0.5672, VaLoss:  1.71616	 20 sampled NNs | VaAcc: 0.5675 +- 0.0052 | VaLoss: 1.7173 +- 0.0259
 83,  0 | TrAcc: 0.6771, TrLoss:  1.07539, VaAcc: 0.5913, VaLoss:  1.55957	 20 sampled NNs | VaAcc: 0.5889 +- 0.0070 | VaLoss: 1.5582 +- 0.0172
 84,  0 | TrAcc: 0.6403, TrLoss:  1.37278, VaAcc: 0.5855, VaLoss:  1.67269	 20 sampled NNs | VaAcc: 0.5854 +- 0.0063 | VaLoss: 1.6707 +- 0.0221
 85,  0 | TrAcc: 0.6677, TrLoss:  1.10543, VaAcc: 0.5928, VaLoss:  1.51978	 20 sampled NNs | VaAcc: 0.5923 +- 0.0062 | VaLoss: 1.5190 +- 0.0191
 86,  0 | TrAcc: 0.7010, TrLoss:  1.05325, VaAcc: 0.5983, VaLoss:  1.62897	 20 sampled NNs | VaAcc: 0.5993 +- 0.0075 | VaLoss: 1.6290 +- 0.0143
 87,  0 | TrAcc: 0.6535, TrLoss:  1.15632, VaAcc: 0.5075, VaLoss:  1.82540	 20 sampled NNs | VaAcc: 0.5036 +- 0.0052 | VaLoss: 1.8299 +- 0.0287
 88,  0 | TrAcc: 0.6787, TrLoss:  1.10875, VaAcc: 0.5476, VaLoss:  1.63655	 20 sampled NNs | VaAcc: 0.5463 +- 0.0044 | VaLoss: 1.6413 +- 0.0127
 89,  0 | TrAcc: 0.6706, TrLoss:  1.16882, VaAcc: 0.5897, VaLoss:  1.60598	 20 sampled NNs | VaAcc: 0.5891 +- 0.0061 | VaLoss: 1.6121 +- 0.0166
 90,  0 | TrAcc: 0.6241, TrLoss:  1.37194, VaAcc: 0.5337, VaLoss:  1.83727	 20 sampled NNs | VaAcc: 0.5327 +- 0.0078 | VaLoss: 1.8395 +- 0.0446
 91,  0 | TrAcc: 0.6550, TrLoss:  1.21774, VaAcc: 0.5927, VaLoss:  1.66531	 20 sampled NNs | VaAcc: 0.5935 +- 0.0050 | VaLoss: 1.6622 +- 0.0154
 92,  0 | TrAcc: 0.6287, TrLoss:  1.31495, VaAcc: 0.5339, VaLoss:  1.89987	 20 sampled NNs | VaAcc: 0.5337 +- 0.0039 | VaLoss: 1.8989 +- 0.0124
 93,  0 | TrAcc: 0.6449, TrLoss:  1.29554, VaAcc: 0.5940, VaLoss:  1.66489	 20 sampled NNs | VaAcc: 0.5945 +- 0.0040 | VaLoss: 1.6637 +- 0.0095
 94,  0 | TrAcc: 0.6520, TrLoss:  1.14306, VaAcc: 0.5883, VaLoss:  1.53273	 20 sampled NNs | VaAcc: 0.5876 +- 0.0051 | VaLoss: 1.5294 +- 0.0246
 95,  0 | TrAcc: 0.6921, TrLoss:  1.10647, VaAcc: 0.5686, VaLoss:  1.64634	 20 sampled NNs | VaAcc: 0.5678 +- 0.0051 | VaLoss: 1.6489 +- 0.0154
 96,  0 | TrAcc: 0.6241, TrLoss:  1.27486, VaAcc: 0.5772, VaLoss:  1.72405	 20 sampled NNs | VaAcc: 0.5776 +- 0.0034 | VaLoss: 1.7242 +- 0.0111
 97,  0 | TrAcc: 0.6635, TrLoss:  1.17639, VaAcc: 0.5762, VaLoss:  1.60806	 20 sampled NNs | VaAcc: 0.5763 +- 0.0050 | VaLoss: 1.5977 +- 0.0149
 98,  0 | TrAcc: 0.6316, TrLoss:  1.40355, VaAcc: 0.5752, VaLoss:  1.79025	 20 sampled NNs | VaAcc: 0.5738 +- 0.0051 | VaLoss: 1.7925 +- 0.0172
 99,  0 | TrAcc: 0.6395, TrLoss:  1.31941, VaAcc: 0.4977, VaLoss:  2.08191	 20 sampled NNs | VaAcc: 0.4967 +- 0.0054 | VaLoss: 2.0816 +- 0.0193
11559.591951
----------------------------
