

config:

HOME=/clusterFS/home/student/kopp13
PATH=/clusterFS/home/student/kopp13/miniconda3/envs/tensorflow/bin:/clusterFS/home/student/kopp13/miniconda3/bin:/clusterFS/home/student/kopp13/bin:/usr/local/bin:/usr/bin:/bin:/usr/local/games:/usr/games
LD_LIBRARY_PATH=
THEANO_FLAGS=floatX=float32,gpuarray.preallocate=0.9,dnn.library_path=/usr/lib/x86_64-linux-gnu,cxx=clang++-3.8,device=cuda,base_compiledir=/tmp/tmp.1RjMMwncmZ

=============================
CONFIG FILE

RNN CONFIG
{'data_multiplier': 1000.0,
 'gradient_clip_value': 0.5,
 'layer_configs': [{'layer_type': 'input'},
                   {'bc': {'init_m': 'xavier',
                           'init_v': -4.5,
                           'prior_m': 0.0,
                           'prior_v': 0.0,
                           'type': 'continuous'},
                    'bf': {'init_m': 'xavier',
                           'init_v': -4.5,
                           'prior_m': 0.0,
                           'prior_v': 0.0,
                           'type': 'continuous'},
                    'bi': {'init_m': 'xavier',
                           'init_v': -4.5,
                           'prior_m': 0.0,
                           'prior_v': 0.0,
                           'type': 'continuous'},
                    'bo': {'init_m': 'xavier',
                           'init_v': -4.5,
                           'prior_m': 0.0,
                           'prior_v': 0.0,
                           'type': 'continuous'},
                    'init_config': {'c': {'b': 'all_zero', 'w': 'xavier'},
                                    'f': {'b': 'all_one', 'w': 'all_zero'},
                                    'i': {'b': 'all_zero', 'w': 'xavier'},
                                    'o': {'b': 'all_zero', 'w': 'xavier'}},
                    'is_output': False,
                    'is_recurrent': True,
                    'layer_type': 'lstm',
                    'tau': 0.2,
                    'var_scope': 'lstm_0',
                    'wc': {'p0max': 0.95,
                           'p0min': 0.05,
                           'pmax': 0.99,
                           'pmin': 0.01,
                           'priors': [0.2, 0.6, 0.2],
                           'type': 'ternary'},
                    'wf': {'p0max': 0.95,
                           'p0min': 0.05,
                           'pmax': 0.99,
                           'pmin': 0.01,
                           'priors': [0.2, 0.6, 0.2],
                           'type': 'ternary'},
                    'wi': {'p0max': 0.95,
                           'p0min': 0.05,
                           'pmax': 0.99,
                           'pmin': 0.01,
                           'priors': [0.2, 0.6, 0.2],
                           'type': 'ternary'},
                    'wo': {'p0max': 0.95,
                           'p0min': 0.05,
                           'pmax': 0.99,
                           'pmin': 0.01,
                           'priors': [0.2, 0.6, 0.2],
                           'type': 'ternary'}},
                   {'bc': {'init_m': 'xavier',
                           'init_v': -4.5,
                           'prior_m': 0.0,
                           'prior_v': 0.0,
                           'type': 'continuous'},
                    'bf': {'init_m': 'xavier',
                           'init_v': -4.5,
                           'prior_m': 0.0,
                           'prior_v': 0.0,
                           'type': 'continuous'},
                    'bi': {'init_m': 'xavier',
                           'init_v': -4.5,
                           'prior_m': 0.0,
                           'prior_v': 0.0,
                           'type': 'continuous'},
                    'bo': {'init_m': 'xavier',
                           'init_v': -4.5,
                           'prior_m': 0.0,
                           'prior_v': 0.0,
                           'type': 'continuous'},
                    'init_config': {'c': {'b': 'all_zero', 'w': 'xavier'},
                                    'f': {'b': 'all_one', 'w': 'all_zero'},
                                    'i': {'b': 'all_zero', 'w': 'xavier'},
                                    'o': {'b': 'all_zero', 'w': 'xavier'}},
                    'is_output': False,
                    'is_recurrent': True,
                    'layer_type': 'lstm',
                    'tau': 0.2,
                    'var_scope': 'lstm_1',
                    'wc': {'p0max': 0.95,
                           'p0min': 0.05,
                           'pmax': 0.99,
                           'pmin': 0.01,
                           'priors': [0.2, 0.6, 0.2],
                           'type': 'ternary'},
                    'wf': {'p0max': 0.95,
                           'p0min': 0.05,
                           'pmax': 0.99,
                           'pmin': 0.01,
                           'priors': [0.2, 0.6, 0.2],
                           'type': 'ternary'},
                    'wi': {'p0max': 0.95,
                           'p0min': 0.05,
                           'pmax': 0.99,
                           'pmin': 0.01,
                           'priors': [0.2, 0.6, 0.2],
                           'type': 'ternary'},
                    'wo': {'p0max': 0.95,
                           'p0min': 0.05,
                           'pmax': 0.99,
                           'pmin': 0.01,
                           'priors': [0.2, 0.6, 0.2],
                           'type': 'ternary'}},
                   {'b': {'init_m': 'xavier',
                          'init_v': -4.5,
                          'prior_m': 0.0,
                          'prior_v': 0.0,
                          'type': 'continuous'},
                    'is_output': True,
                    'is_recurrent': False,
                    'layer_type': 'fc',
                    'regularization': {'mode': None, 'strength': 0.02},
                    'tau': 0.2,
                    'var_scope': 'output_layer',
                    'w': {'p0max': 0.95,
                          'p0min': 0.05,
                          'pmax': 0.99,
                          'pmin': 0.01,
                          'priors': [0.2, 0.6, 0.2],
                          'type': 'ternary'}}],
 'layout': [4, 60, 60, 10],
 'output_type': 'classification'}

DATA CONFIG
{'dataset': 'red_penstroke',
 'tr': {'in_seq_len': 30,
        'minibatch_enabled': True,
        'minibatch_size': 200,
        'out_seq_len': 5,
        'zero_padding': 20},
 'va': {'in_seq_len': 30,
        'minibatch_enabled': True,
        'minibatch_size': 200,
        'out_seq_len': 5,
        'zero_padding': 20}}

TRAINING CONFIG
{'beta_reg': 0.0,
 'is_pretrain': False,
 'learning_rate': 0.03,
 'mode': {'max_epochs': 100, 'min_error': 0.0, 'name': 'classic'},
 'task_id': 0,
 'type': 'g_sampling',
 'var_reg': 0.01}
==============================


  0,  0 | TrAcc: 0.1013, TrLoss:  3.96272, VaAcc: 0.1026, VaLoss:  3.83064	 20 sampled NNs | VaAcc: 0.0995 +- 0.0228 | VaLoss: 3.8228 +- 0.4466
  1,  0 | TrAcc: 0.1691, TrLoss:  2.18377, VaAcc: 0.1516, VaLoss:  2.24410	 20 sampled NNs | VaAcc: 0.1431 +- 0.0190 | VaLoss: 2.2812 +- 0.0773
  2,  0 | TrAcc: 0.3457, TrLoss:  1.81709, VaAcc: 0.3003, VaLoss:  1.87669	 20 sampled NNs | VaAcc: 0.2936 +- 0.0357 | VaLoss: 1.8992 +- 0.0853
  3,  0 | TrAcc: 0.4333, TrLoss:  1.54637, VaAcc: 0.4141, VaLoss:  1.57575	 20 sampled NNs | VaAcc: 0.3995 +- 0.0345 | VaLoss: 1.6288 +- 0.0918
  4,  0 | TrAcc: 0.5204, TrLoss:  1.32613, VaAcc: 0.4776, VaLoss:  1.50183	 20 sampled NNs | VaAcc: 0.4716 +- 0.0191 | VaLoss: 1.5166 +- 0.0410
  5,  0 | TrAcc: 0.5730, TrLoss:  1.19779, VaAcc: 0.4948, VaLoss:  1.44381	 20 sampled NNs | VaAcc: 0.4824 +- 0.0224 | VaLoss: 1.4685 +- 0.0628
  6,  0 | TrAcc: 0.6108, TrLoss:  1.08052, VaAcc: 0.5626, VaLoss:  1.31421	 20 sampled NNs | VaAcc: 0.5492 +- 0.0200 | VaLoss: 1.3483 +- 0.0522
  7,  0 | TrAcc: 0.6331, TrLoss:  1.03451, VaAcc: 0.5760, VaLoss:  1.33279	 20 sampled NNs | VaAcc: 0.5696 +- 0.0200 | VaLoss: 1.3298 +- 0.0553
  8,  0 | TrAcc: 0.6294, TrLoss:  1.02300, VaAcc: 0.5650, VaLoss:  1.30764	 20 sampled NNs | VaAcc: 0.5534 +- 0.0224 | VaLoss: 1.3368 +- 0.0639
  9,  0 | TrAcc: 0.6556, TrLoss:  0.98712, VaAcc: 0.5912, VaLoss:  1.19996	 20 sampled NNs | VaAcc: 0.5850 +- 0.0182 | VaLoss: 1.2124 +- 0.0548
 10,  0 | TrAcc: 0.6751, TrLoss:  0.98030, VaAcc: 0.6100, VaLoss:  1.26934	 20 sampled NNs | VaAcc: 0.6005 +- 0.0169 | VaLoss: 1.2858 +- 0.0412
 11,  0 | TrAcc: 0.6893, TrLoss:  0.90420, VaAcc: 0.6295, VaLoss:  1.14527	 20 sampled NNs | VaAcc: 0.6200 +- 0.0179 | VaLoss: 1.1651 +- 0.0425
 12,  0 | TrAcc: 0.7019, TrLoss:  0.88623, VaAcc: 0.6488, VaLoss:  1.13105	 20 sampled NNs | VaAcc: 0.6414 +- 0.0166 | VaLoss: 1.1499 +- 0.0240
 13,  0 | TrAcc: 0.6986, TrLoss:  0.92022, VaAcc: 0.6136, VaLoss:  1.28710	 20 sampled NNs | VaAcc: 0.6102 +- 0.0136 | VaLoss: 1.3051 +- 0.0552
 14,  0 | TrAcc: 0.7106, TrLoss:  0.88197, VaAcc: 0.6327, VaLoss:  1.23601	 20 sampled NNs | VaAcc: 0.6294 +- 0.0132 | VaLoss: 1.2318 +- 0.0310
 15,  0 | TrAcc: 0.7227, TrLoss:  0.81048, VaAcc: 0.6612, VaLoss:  1.04178	 20 sampled NNs | VaAcc: 0.6618 +- 0.0139 | VaLoss: 1.0486 +- 0.0307
 16,  0 | TrAcc: 0.7181, TrLoss:  0.89820, VaAcc: 0.6259, VaLoss:  1.22057	 20 sampled NNs | VaAcc: 0.6289 +- 0.0111 | VaLoss: 1.2244 +- 0.0368
 17,  0 | TrAcc: 0.6986, TrLoss:  0.89989, VaAcc: 0.6449, VaLoss:  1.15462	 20 sampled NNs | VaAcc: 0.6472 +- 0.0092 | VaLoss: 1.1576 +- 0.0373
 18,  0 | TrAcc: 0.6779, TrLoss:  0.96397, VaAcc: 0.6444, VaLoss:  1.15728	 20 sampled NNs | VaAcc: 0.6412 +- 0.0121 | VaLoss: 1.1587 +- 0.0347
 19,  0 | TrAcc: 0.7214, TrLoss:  0.86759, VaAcc: 0.6305, VaLoss:  1.18936	 20 sampled NNs | VaAcc: 0.6280 +- 0.0147 | VaLoss: 1.1895 +- 0.0480
 20,  0 | TrAcc: 0.7023, TrLoss:  0.88545, VaAcc: 0.6450, VaLoss:  1.13924	 20 sampled NNs | VaAcc: 0.6480 +- 0.0147 | VaLoss: 1.1339 +- 0.0342
 21,  0 | TrAcc: 0.7313, TrLoss:  0.83895, VaAcc: 0.6413, VaLoss:  1.18479	 20 sampled NNs | VaAcc: 0.6405 +- 0.0140 | VaLoss: 1.1875 +- 0.0355
 22,  0 | TrAcc: 0.6990, TrLoss:  0.89801, VaAcc: 0.6456, VaLoss:  1.14973	 20 sampled NNs | VaAcc: 0.6393 +- 0.0120 | VaLoss: 1.1601 +- 0.0336
 23,  0 | TrAcc: 0.7239, TrLoss:  0.87299, VaAcc: 0.6624, VaLoss:  1.16275	 20 sampled NNs | VaAcc: 0.6594 +- 0.0117 | VaLoss: 1.1709 +- 0.0426
 24,  0 | TrAcc: 0.7151, TrLoss:  0.86925, VaAcc: 0.6530, VaLoss:  1.14618	 20 sampled NNs | VaAcc: 0.6532 +- 0.0096 | VaLoss: 1.1522 +- 0.0335
 25,  0 | TrAcc: 0.7316, TrLoss:  0.88110, VaAcc: 0.6178, VaLoss:  1.25614	 20 sampled NNs | VaAcc: 0.6181 +- 0.0123 | VaLoss: 1.2587 +- 0.0402
 26,  0 | TrAcc: 0.7352, TrLoss:  0.85213, VaAcc: 0.6550, VaLoss:  1.15839	 20 sampled NNs | VaAcc: 0.6536 +- 0.0127 | VaLoss: 1.1772 +- 0.0440
 27,  0 | TrAcc: 0.7256, TrLoss:  0.84931, VaAcc: 0.6479, VaLoss:  1.21247	 20 sampled NNs | VaAcc: 0.6493 +- 0.0163 | VaLoss: 1.2086 +- 0.0443
 28,  0 | TrAcc: 0.6949, TrLoss:  0.94769, VaAcc: 0.6279, VaLoss:  1.29370	 20 sampled NNs | VaAcc: 0.6278 +- 0.0088 | VaLoss: 1.2919 +- 0.0258
 29,  0 | TrAcc: 0.7233, TrLoss:  0.91247, VaAcc: 0.6801, VaLoss:  1.13238	 20 sampled NNs | VaAcc: 0.6760 +- 0.0119 | VaLoss: 1.1419 +- 0.0438
 30,  0 | TrAcc: 0.7015, TrLoss:  0.90851, VaAcc: 0.6430, VaLoss:  1.17808	 20 sampled NNs | VaAcc: 0.6428 +- 0.0103 | VaLoss: 1.1816 +- 0.0298
 31,  0 | TrAcc: 0.7076, TrLoss:  0.96113, VaAcc: 0.6400, VaLoss:  1.26060	 20 sampled NNs | VaAcc: 0.6375 +- 0.0080 | VaLoss: 1.2647 +- 0.0272
 32,  0 | TrAcc: 0.6838, TrLoss:  0.96806, VaAcc: 0.6125, VaLoss:  1.26559	 20 sampled NNs | VaAcc: 0.6045 +- 0.0067 | VaLoss: 1.2739 +- 0.0208
 33,  0 | TrAcc: 0.7012, TrLoss:  0.93556, VaAcc: 0.6353, VaLoss:  1.15851	 20 sampled NNs | VaAcc: 0.6350 +- 0.0085 | VaLoss: 1.1632 +- 0.0215
 34,  0 | TrAcc: 0.7114, TrLoss:  0.94849, VaAcc: 0.6271, VaLoss:  1.33297	 20 sampled NNs | VaAcc: 0.6261 +- 0.0115 | VaLoss: 1.3328 +- 0.0391
 35,  0 | TrAcc: 0.7234, TrLoss:  0.91470, VaAcc: 0.6449, VaLoss:  1.27066	 20 sampled NNs | VaAcc: 0.6421 +- 0.0112 | VaLoss: 1.2716 +- 0.0254
 36,  0 | TrAcc: 0.6634, TrLoss:  1.12964, VaAcc: 0.5999, VaLoss:  1.42638	 20 sampled NNs | VaAcc: 0.6018 +- 0.0123 | VaLoss: 1.4195 +- 0.0316
 37,  0 | TrAcc: 0.7010, TrLoss:  0.94229, VaAcc: 0.6230, VaLoss:  1.29117	 20 sampled NNs | VaAcc: 0.6244 +- 0.0095 | VaLoss: 1.2852 +- 0.0233
 38,  0 | TrAcc: 0.6883, TrLoss:  0.97191, VaAcc: 0.6374, VaLoss:  1.21045	 20 sampled NNs | VaAcc: 0.6388 +- 0.0107 | VaLoss: 1.2081 +- 0.0281
 39,  0 | TrAcc: 0.7275, TrLoss:  0.85611, VaAcc: 0.6208, VaLoss:  1.31065	 20 sampled NNs | VaAcc: 0.6221 +- 0.0089 | VaLoss: 1.3072 +- 0.0342
 40,  0 | TrAcc: 0.7198, TrLoss:  0.96277, VaAcc: 0.6430, VaLoss:  1.27958	 20 sampled NNs | VaAcc: 0.6446 +- 0.0097 | VaLoss: 1.2751 +- 0.0318
 41,  0 | TrAcc: 0.6966, TrLoss:  0.97860, VaAcc: 0.6151, VaLoss:  1.26145	 20 sampled NNs | VaAcc: 0.6120 +- 0.0114 | VaLoss: 1.2655 +- 0.0297
 42,  0 | TrAcc: 0.6925, TrLoss:  1.01793, VaAcc: 0.6427, VaLoss:  1.18222	 20 sampled NNs | VaAcc: 0.6393 +- 0.0102 | VaLoss: 1.1926 +- 0.0247
 43,  0 | TrAcc: 0.7152, TrLoss:  0.89294, VaAcc: 0.6326, VaLoss:  1.24794	 20 sampled NNs | VaAcc: 0.6346 +- 0.0078 | VaLoss: 1.2440 +- 0.0273
 44,  0 | TrAcc: 0.6610, TrLoss:  1.13376, VaAcc: 0.5825, VaLoss:  1.50339	 20 sampled NNs | VaAcc: 0.5806 +- 0.0067 | VaLoss: 1.5122 +- 0.0267
 45,  0 | TrAcc: 0.6639, TrLoss:  1.09900, VaAcc: 0.6154, VaLoss:  1.31118	 20 sampled NNs | VaAcc: 0.6122 +- 0.0114 | VaLoss: 1.3115 +- 0.0290
 46,  0 | TrAcc: 0.7177, TrLoss:  0.93786, VaAcc: 0.6199, VaLoss:  1.28972	 20 sampled NNs | VaAcc: 0.6183 +- 0.0088 | VaLoss: 1.2967 +- 0.0166
 47,  0 | TrAcc: 0.6631, TrLoss:  1.08488, VaAcc: 0.6587, VaLoss:  1.26190	 20 sampled NNs | VaAcc: 0.6588 +- 0.0091 | VaLoss: 1.2600 +- 0.0268
 48,  0 | TrAcc: 0.6957, TrLoss:  1.03490, VaAcc: 0.6570, VaLoss:  1.20035	 20 sampled NNs | VaAcc: 0.6550 +- 0.0101 | VaLoss: 1.2063 +- 0.0411
 49,  0 | TrAcc: 0.7290, TrLoss:  0.89751, VaAcc: 0.6416, VaLoss:  1.18604	 20 sampled NNs | VaAcc: 0.6398 +- 0.0097 | VaLoss: 1.1910 +- 0.0402
 50,  0 | TrAcc: 0.6969, TrLoss:  1.03462, VaAcc: 0.6418, VaLoss:  1.26377	 20 sampled NNs | VaAcc: 0.6445 +- 0.0088 | VaLoss: 1.2531 +- 0.0151
 51,  0 | TrAcc: 0.7218, TrLoss:  0.92101, VaAcc: 0.6361, VaLoss:  1.25902	 20 sampled NNs | VaAcc: 0.6355 +- 0.0069 | VaLoss: 1.2588 +- 0.0270
 52,  0 | TrAcc: 0.6814, TrLoss:  1.08006, VaAcc: 0.6192, VaLoss:  1.34956	 20 sampled NNs | VaAcc: 0.6201 +- 0.0068 | VaLoss: 1.3474 +- 0.0170
 53,  0 | TrAcc: 0.6865, TrLoss:  1.03663, VaAcc: 0.6059, VaLoss:  1.36346	 20 sampled NNs | VaAcc: 0.6073 +- 0.0064 | VaLoss: 1.3621 +- 0.0217
 54,  0 | TrAcc: 0.6773, TrLoss:  1.08772, VaAcc: 0.6260, VaLoss:  1.42233	 20 sampled NNs | VaAcc: 0.6251 +- 0.0083 | VaLoss: 1.4182 +- 0.0187
 55,  0 | TrAcc: 0.7205, TrLoss:  0.88232, VaAcc: 0.6349, VaLoss:  1.28613	 20 sampled NNs | VaAcc: 0.6355 +- 0.0076 | VaLoss: 1.2806 +- 0.0216
 56,  0 | TrAcc: 0.7085, TrLoss:  1.03052, VaAcc: 0.6056, VaLoss:  1.38877	 20 sampled NNs | VaAcc: 0.6066 +- 0.0078 | VaLoss: 1.3774 +- 0.0170
 57,  0 | TrAcc: 0.6775, TrLoss:  1.05534, VaAcc: 0.5961, VaLoss:  1.39412	 20 sampled NNs | VaAcc: 0.5965 +- 0.0093 | VaLoss: 1.3902 +- 0.0188
 58,  0 | TrAcc: 0.6666, TrLoss:  1.15499, VaAcc: 0.6239, VaLoss:  1.45092	 20 sampled NNs | VaAcc: 0.6207 +- 0.0090 | VaLoss: 1.4616 +- 0.0386
 59,  0 | TrAcc: 0.6550, TrLoss:  1.12214, VaAcc: 0.5913, VaLoss:  1.47107	 20 sampled NNs | VaAcc: 0.5914 +- 0.0060 | VaLoss: 1.4629 +- 0.0286
 60,  0 | TrAcc: 0.6372, TrLoss:  1.27486, VaAcc: 0.5646, VaLoss:  1.61464	 20 sampled NNs | VaAcc: 0.5666 +- 0.0073 | VaLoss: 1.6098 +- 0.0228
 61,  0 | TrAcc: 0.6858, TrLoss:  1.06476, VaAcc: 0.6103, VaLoss:  1.41818	 20 sampled NNs | VaAcc: 0.6096 +- 0.0066 | VaLoss: 1.4195 +- 0.0212
 62,  0 | TrAcc: 0.6946, TrLoss:  1.07631, VaAcc: 0.6322, VaLoss:  1.31858	 20 sampled NNs | VaAcc: 0.6317 +- 0.0105 | VaLoss: 1.3158 +- 0.0193
 63,  0 | TrAcc: 0.6948, TrLoss:  1.02728, VaAcc: 0.5987, VaLoss:  1.41954	 20 sampled NNs | VaAcc: 0.6000 +- 0.0088 | VaLoss: 1.4198 +- 0.0241
 64,  0 | TrAcc: 0.6858, TrLoss:  0.97885, VaAcc: 0.5814, VaLoss:  1.41486	 20 sampled NNs | VaAcc: 0.5816 +- 0.0073 | VaLoss: 1.4187 +- 0.0172
 65,  0 | TrAcc: 0.6725, TrLoss:  1.05837, VaAcc: 0.6257, VaLoss:  1.31352	 20 sampled NNs | VaAcc: 0.6226 +- 0.0070 | VaLoss: 1.3178 +- 0.0199
 66,  0 | TrAcc: 0.6867, TrLoss:  1.12345, VaAcc: 0.5951, VaLoss:  1.48471	 20 sampled NNs | VaAcc: 0.5939 +- 0.0058 | VaLoss: 1.4807 +- 0.0146
 67,  0 | TrAcc: 0.7000, TrLoss:  0.95606, VaAcc: 0.5907, VaLoss:  1.49263	 20 sampled NNs | VaAcc: 0.5901 +- 0.0072 | VaLoss: 1.4814 +- 0.0157
 68,  0 | TrAcc: 0.6751, TrLoss:  1.12938, VaAcc: 0.6008, VaLoss:  1.56703	 20 sampled NNs | VaAcc: 0.5983 +- 0.0065 | VaLoss: 1.5720 +- 0.0212
 69,  0 | TrAcc: 0.6558, TrLoss:  1.12839, VaAcc: 0.5917, VaLoss:  1.34387	 20 sampled NNs | VaAcc: 0.5911 +- 0.0065 | VaLoss: 1.3418 +- 0.0172
 70,  0 | TrAcc: 0.6776, TrLoss:  1.05976, VaAcc: 0.6336, VaLoss:  1.32414	 20 sampled NNs | VaAcc: 0.6336 +- 0.0075 | VaLoss: 1.3192 +- 0.0134
 71,  0 | TrAcc: 0.6785, TrLoss:  1.01581, VaAcc: 0.5626, VaLoss:  1.47652	 20 sampled NNs | VaAcc: 0.5640 +- 0.0044 | VaLoss: 1.4702 +- 0.0173
 72,  0 | TrAcc: 0.6635, TrLoss:  1.11982, VaAcc: 0.5906, VaLoss:  1.60024	 20 sampled NNs | VaAcc: 0.5933 +- 0.0071 | VaLoss: 1.6056 +- 0.0178
 73,  0 | TrAcc: 0.6546, TrLoss:  1.13753, VaAcc: 0.5669, VaLoss:  1.51625	 20 sampled NNs | VaAcc: 0.5667 +- 0.0056 | VaLoss: 1.5135 +- 0.0196
 74,  0 | TrAcc: 0.6685, TrLoss:  1.12066, VaAcc: 0.6077, VaLoss:  1.39712	 20 sampled NNs | VaAcc: 0.6107 +- 0.0075 | VaLoss: 1.3953 +- 0.0182
 75,  0 | TrAcc: 0.6651, TrLoss:  1.13035, VaAcc: 0.6206, VaLoss:  1.38563	 20 sampled NNs | VaAcc: 0.6233 +- 0.0058 | VaLoss: 1.3758 +- 0.0196
 76,  0 | TrAcc: 0.6391, TrLoss:  1.15414, VaAcc: 0.5082, VaLoss:  1.62789	 20 sampled NNs | VaAcc: 0.5120 +- 0.0070 | VaLoss: 1.6188 +- 0.0152
 77,  0 | TrAcc: 0.6474, TrLoss:  1.11898, VaAcc: 0.5831, VaLoss:  1.43868	 20 sampled NNs | VaAcc: 0.5825 +- 0.0062 | VaLoss: 1.4371 +- 0.0262
 78,  0 | TrAcc: 0.6613, TrLoss:  1.06120, VaAcc: 0.5966, VaLoss:  1.42844	 20 sampled NNs | VaAcc: 0.5954 +- 0.0065 | VaLoss: 1.4294 +- 0.0207
 79,  0 | TrAcc: 0.6682, TrLoss:  1.06207, VaAcc: 0.5885, VaLoss:  1.50405	 20 sampled NNs | VaAcc: 0.5887 +- 0.0059 | VaLoss: 1.5031 +- 0.0092
 80,  0 | TrAcc: 0.6627, TrLoss:  1.05277, VaAcc: 0.5732, VaLoss:  1.40337	 20 sampled NNs | VaAcc: 0.5717 +- 0.0081 | VaLoss: 1.4115 +- 0.0236
 81,  0 | TrAcc: 0.7125, TrLoss:  0.96402, VaAcc: 0.6182, VaLoss:  1.30656	 20 sampled NNs | VaAcc: 0.6171 +- 0.0052 | VaLoss: 1.3075 +- 0.0181
 82,  0 | TrAcc: 0.6505, TrLoss:  1.10360, VaAcc: 0.5978, VaLoss:  1.31801	 20 sampled NNs | VaAcc: 0.5955 +- 0.0073 | VaLoss: 1.3179 +- 0.0138
 83,  0 | TrAcc: 0.7039, TrLoss:  1.02015, VaAcc: 0.6227, VaLoss:  1.33281	 20 sampled NNs | VaAcc: 0.6220 +- 0.0063 | VaLoss: 1.3352 +- 0.0156
 84,  0 | TrAcc: 0.6941, TrLoss:  0.99953, VaAcc: 0.6065, VaLoss:  1.40043	 20 sampled NNs | VaAcc: 0.6084 +- 0.0046 | VaLoss: 1.3931 +- 0.0113
 85,  0 | TrAcc: 0.6849, TrLoss:  0.99180, VaAcc: 0.5891, VaLoss:  1.38732	 20 sampled NNs | VaAcc: 0.5895 +- 0.0057 | VaLoss: 1.3892 +- 0.0193
 86,  0 | TrAcc: 0.6997, TrLoss:  1.02873, VaAcc: 0.6093, VaLoss:  1.38908	 20 sampled NNs | VaAcc: 0.6093 +- 0.0033 | VaLoss: 1.3858 +- 0.0101
 87,  0 | TrAcc: 0.6472, TrLoss:  1.15667, VaAcc: 0.5936, VaLoss:  1.44024	 20 sampled NNs | VaAcc: 0.5945 +- 0.0047 | VaLoss: 1.4372 +- 0.0123
 88,  0 | TrAcc: 0.7066, TrLoss:  0.95000, VaAcc: 0.6161, VaLoss:  1.27141	 20 sampled NNs | VaAcc: 0.6181 +- 0.0042 | VaLoss: 1.2649 +- 0.0108
 89,  0 | TrAcc: 0.6626, TrLoss:  1.14717, VaAcc: 0.5575, VaLoss:  1.40693	 20 sampled NNs | VaAcc: 0.5571 +- 0.0073 | VaLoss: 1.4070 +- 0.0145
 90,  0 | TrAcc: 0.6475, TrLoss:  1.22236, VaAcc: 0.5548, VaLoss:  1.55114	 20 sampled NNs | VaAcc: 0.5559 +- 0.0069 | VaLoss: 1.5434 +- 0.0136
 91,  0 | TrAcc: 0.6427, TrLoss:  1.10586, VaAcc: 0.5509, VaLoss:  1.42821	 20 sampled NNs | VaAcc: 0.5494 +- 0.0064 | VaLoss: 1.4257 +- 0.0156
 92,  0 | TrAcc: 0.6537, TrLoss:  1.19292, VaAcc: 0.5796, VaLoss:  1.59437	 20 sampled NNs | VaAcc: 0.5784 +- 0.0053 | VaLoss: 1.5880 +- 0.0178
 93,  0 | TrAcc: 0.6533, TrLoss:  1.08232, VaAcc: 0.5300, VaLoss:  1.68125	 20 sampled NNs | VaAcc: 0.5298 +- 0.0099 | VaLoss: 1.6901 +- 0.0415
 94,  0 | TrAcc: 0.6797, TrLoss:  1.09316, VaAcc: 0.5860, VaLoss:  1.50372	 20 sampled NNs | VaAcc: 0.5863 +- 0.0041 | VaLoss: 1.5043 +- 0.0106
 95,  0 | TrAcc: 0.6505, TrLoss:  1.15348, VaAcc: 0.5580, VaLoss:  1.46786	 20 sampled NNs | VaAcc: 0.5585 +- 0.0047 | VaLoss: 1.4654 +- 0.0131
 96,  0 | TrAcc: 0.6664, TrLoss:  1.01965, VaAcc: 0.5522, VaLoss:  1.57603	 20 sampled NNs | VaAcc: 0.5534 +- 0.0041 | VaLoss: 1.5754 +- 0.0085
 97,  0 | TrAcc: 0.6696, TrLoss:  1.01987, VaAcc: 0.5788, VaLoss:  1.38779	 20 sampled NNs | VaAcc: 0.5783 +- 0.0037 | VaLoss: 1.3831 +- 0.0073
 98,  0 | TrAcc: 0.6596, TrLoss:  1.10039, VaAcc: 0.5520, VaLoss:  1.49356	 20 sampled NNs | VaAcc: 0.5518 +- 0.0063 | VaLoss: 1.4935 +- 0.0156
 99,  0 | TrAcc: 0.6820, TrLoss:  1.08307, VaAcc: 0.5756, VaLoss:  1.30753	 20 sampled NNs | VaAcc: 0.5739 +- 0.0087 | VaLoss: 1.3105 +- 0.0324
11566.884154
----------------------------
