

config:

HOME=/clusterFS/home/student/kopp13
PATH=/clusterFS/home/student/kopp13/miniconda3/envs/tensorflow/bin:/clusterFS/home/student/kopp13/miniconda3/bin:/clusterFS/home/student/kopp13/bin:/usr/local/bin:/usr/bin:/bin:/usr/local/games:/usr/games
LD_LIBRARY_PATH=
THEANO_FLAGS=floatX=float32,gpuarray.preallocate=0.9,dnn.library_path=/usr/lib/x86_64-linux-gnu,cxx=clang++-3.8,device=cuda,base_compiledir=/tmp/tmp.FUEQvU01bq

=============================
CONFIG FILE

RNN CONFIG
{'data_multiplier': 2.0,
 'gradient_clip_value': 0.5,
 'layer_configs': [{'layer_type': 'input'},
                   {'bc': {'init_m': 'xavier',
                           'init_v': -4.5,
                           'prior_m': 0.0,
                           'prior_v': 0.0,
                           'type': 'continuous'},
                    'bf': {'init_m': 'xavier',
                           'init_v': -4.5,
                           'prior_m': 0.0,
                           'prior_v': 0.0,
                           'type': 'continuous'},
                    'bi': {'init_m': 'xavier',
                           'init_v': -4.5,
                           'prior_m': 0.0,
                           'prior_v': 0.0,
                           'type': 'continuous'},
                    'bo': {'init_m': 'xavier',
                           'init_v': -4.5,
                           'prior_m': 0.0,
                           'prior_v': 0.0,
                           'type': 'continuous'},
                    'init_config': {'c': {'b': 'all_zero', 'w': 'xavier'},
                                    'f': {'b': 'all_one', 'w': 'all_zero'},
                                    'i': {'b': 'all_zero', 'w': 'xavier'},
                                    'o': {'b': 'all_zero', 'w': 'xavier'}},
                    'is_output': False,
                    'is_recurrent': True,
                    'layer_type': 'lstm',
                    'tau': 0.2,
                    'var_scope': 'lstm_0',
                    'wc': {'p0max': 0.95,
                           'p0min': 0.05,
                           'pmax': 0.99,
                           'pmin': 0.01,
                           'priors': [0.1, 0.8, 0.1],
                           'type': 'ternary'},
                    'wf': {'p0max': 0.95,
                           'p0min': 0.05,
                           'pmax': 0.99,
                           'pmin': 0.01,
                           'priors': [0.1, 0.8, 0.1],
                           'type': 'ternary'},
                    'wi': {'p0max': 0.95,
                           'p0min': 0.05,
                           'pmax': 0.99,
                           'pmin': 0.01,
                           'priors': [0.1, 0.8, 0.1],
                           'type': 'ternary'},
                    'wo': {'p0max': 0.95,
                           'p0min': 0.05,
                           'pmax': 0.99,
                           'pmin': 0.01,
                           'priors': [0.1, 0.8, 0.1],
                           'type': 'ternary'}},
                   {'bc': {'init_m': 'xavier',
                           'init_v': -4.5,
                           'prior_m': 0.0,
                           'prior_v': 0.0,
                           'type': 'continuous'},
                    'bf': {'init_m': 'xavier',
                           'init_v': -4.5,
                           'prior_m': 0.0,
                           'prior_v': 0.0,
                           'type': 'continuous'},
                    'bi': {'init_m': 'xavier',
                           'init_v': -4.5,
                           'prior_m': 0.0,
                           'prior_v': 0.0,
                           'type': 'continuous'},
                    'bo': {'init_m': 'xavier',
                           'init_v': -4.5,
                           'prior_m': 0.0,
                           'prior_v': 0.0,
                           'type': 'continuous'},
                    'init_config': {'c': {'b': 'all_zero', 'w': 'xavier'},
                                    'f': {'b': 'all_one', 'w': 'all_zero'},
                                    'i': {'b': 'all_zero', 'w': 'xavier'},
                                    'o': {'b': 'all_zero', 'w': 'xavier'}},
                    'is_output': False,
                    'is_recurrent': True,
                    'layer_type': 'lstm',
                    'tau': 0.2,
                    'var_scope': 'lstm_1',
                    'wc': {'p0max': 0.95,
                           'p0min': 0.05,
                           'pmax': 0.99,
                           'pmin': 0.01,
                           'priors': [0.1, 0.8, 0.1],
                           'type': 'ternary'},
                    'wf': {'p0max': 0.95,
                           'p0min': 0.05,
                           'pmax': 0.99,
                           'pmin': 0.01,
                           'priors': [0.1, 0.8, 0.1],
                           'type': 'ternary'},
                    'wi': {'p0max': 0.95,
                           'p0min': 0.05,
                           'pmax': 0.99,
                           'pmin': 0.01,
                           'priors': [0.1, 0.8, 0.1],
                           'type': 'ternary'},
                    'wo': {'p0max': 0.95,
                           'p0min': 0.05,
                           'pmax': 0.99,
                           'pmin': 0.01,
                           'priors': [0.1, 0.8, 0.1],
                           'type': 'ternary'}},
                   {'b': {'init_m': 'xavier',
                          'init_v': -4.5,
                          'prior_m': 0.0,
                          'prior_v': 0.0,
                          'type': 'continuous'},
                    'is_output': True,
                    'is_recurrent': False,
                    'layer_type': 'fc',
                    'regularization': {'mode': None, 'strength': 0.02},
                    'tau': 0.2,
                    'var_scope': 'output_layer',
                    'w': {'p0max': 0.95,
                          'p0min': 0.05,
                          'pmax': 0.99,
                          'pmin': 0.01,
                          'priors': [0.1, 0.8, 0.1],
                          'type': 'ternary'}}],
 'layout': [4, 60, 60, 10],
 'output_type': 'classification'}

DATA CONFIG
{'dataset': 'red_penstroke',
 'tr': {'in_seq_len': 30,
        'minibatch_enabled': True,
        'minibatch_size': 200,
        'out_seq_len': 5,
        'zero_padding': 20},
 'va': {'in_seq_len': 30,
        'minibatch_enabled': True,
        'minibatch_size': 200,
        'out_seq_len': 5,
        'zero_padding': 20}}

TRAINING CONFIG
{'beta_reg': 0.0,
 'is_pretrain': False,
 'learning_rate': 0.001,
 'max_epochs': 200,
 'mode': {'max_epochs': 400, 'min_error': 0.0, 'name': 'classic'},
 'task_id': 0,
 'type': 'l_sampling',
 'var_reg': 0.0001}
==============================


pretraning is over
  0,  0 | TrAcc: 0.0589, TrLoss:  6.92343, VaAcc: 0.0594, VaLoss:  6.95296	 10 sampled NNs | VaAcc: 0.0736 +- 0.0398 | VaLoss: 6.4665 +- 1.4593
  1,  0 | TrAcc: 0.1230, TrLoss:  2.81226, VaAcc: 0.1149, VaLoss:  2.83135	 10 sampled NNs | VaAcc: 0.1081 +- 0.0227 | VaLoss: 2.7847 +- 0.2587
  2,  0 | TrAcc: 0.1444, TrLoss:  2.57216, VaAcc: 0.1396, VaLoss:  2.57381	 10 sampled NNs | VaAcc: 0.1353 +- 0.0242 | VaLoss: 2.6686 +- 0.1790
  3,  0 | TrAcc: 0.1733, TrLoss:  2.44300, VaAcc: 0.1712, VaLoss:  2.42690	 10 sampled NNs | VaAcc: 0.1684 +- 0.0195 | VaLoss: 2.4411 +- 0.1151
  4,  0 | TrAcc: 0.1976, TrLoss:  2.36177, VaAcc: 0.2011, VaLoss:  2.31884	 10 sampled NNs | VaAcc: 0.1731 +- 0.0289 | VaLoss: 2.4768 +- 0.2323
  5,  0 | TrAcc: 0.2018, TrLoss:  2.30887, VaAcc: 0.2073, VaLoss:  2.26335	 10 sampled NNs | VaAcc: 0.1768 +- 0.0230 | VaLoss: 2.3395 +- 0.0838
  6,  0 | TrAcc: 0.2063, TrLoss:  2.25984, VaAcc: 0.2108, VaLoss:  2.21042	 10 sampled NNs | VaAcc: 0.1816 +- 0.0177 | VaLoss: 2.2898 +- 0.1100
  7,  0 | TrAcc: 0.2106, TrLoss:  2.23391, VaAcc: 0.2192, VaLoss:  2.16403	 10 sampled NNs | VaAcc: 0.1953 +- 0.0180 | VaLoss: 2.4030 +- 0.1869
  8,  0 | TrAcc: 0.2153, TrLoss:  2.18123, VaAcc: 0.2189, VaLoss:  2.10898	 10 sampled NNs | VaAcc: 0.1805 +- 0.0319 | VaLoss: 2.3555 +- 0.1644
  9,  0 | TrAcc: 0.2313, TrLoss:  2.10413, VaAcc: 0.2400, VaLoss:  2.01927	 10 sampled NNs | VaAcc: 0.1822 +- 0.0284 | VaLoss: 2.2689 +- 0.1243
 10,  0 | TrAcc: 0.2508, TrLoss:  2.01304, VaAcc: 0.2596, VaLoss:  1.93252	 10 sampled NNs | VaAcc: 0.1959 +- 0.0267 | VaLoss: 2.2094 +- 0.0855
 11,  0 | TrAcc: 0.2658, TrLoss:  1.95054, VaAcc: 0.2784, VaLoss:  1.85398	 10 sampled NNs | VaAcc: 0.2084 +- 0.0407 | VaLoss: 2.1794 +- 0.1469
 12,  0 | TrAcc: 0.2796, TrLoss:  1.90961, VaAcc: 0.2915, VaLoss:  1.80807	 10 sampled NNs | VaAcc: 0.2158 +- 0.0406 | VaLoss: 2.1687 +- 0.2092
 13,  0 | TrAcc: 0.2927, TrLoss:  1.88398, VaAcc: 0.3010, VaLoss:  1.78041	 10 sampled NNs | VaAcc: 0.2154 +- 0.0439 | VaLoss: 2.1453 +- 0.1633
 14,  0 | TrAcc: 0.3029, TrLoss:  1.86039, VaAcc: 0.3198, VaLoss:  1.75229	 10 sampled NNs | VaAcc: 0.1985 +- 0.0377 | VaLoss: 2.3149 +- 0.3116
 15,  0 | TrAcc: 0.3099, TrLoss:  1.83934, VaAcc: 0.3219, VaLoss:  1.73526	 10 sampled NNs | VaAcc: 0.2212 +- 0.0302 | VaLoss: 2.2271 +- 0.2221
 16,  0 | TrAcc: 0.3121, TrLoss:  1.82953, VaAcc: 0.3271, VaLoss:  1.72009	 10 sampled NNs | VaAcc: 0.2373 +- 0.0424 | VaLoss: 2.1460 +- 0.3100
 17,  0 | TrAcc: 0.3197, TrLoss:  1.80546, VaAcc: 0.3332, VaLoss:  1.70227	 10 sampled NNs | VaAcc: 0.2557 +- 0.0365 | VaLoss: 2.0735 +- 0.1178
 18,  0 | TrAcc: 0.3281, TrLoss:  1.78011, VaAcc: 0.3446, VaLoss:  1.67234	 10 sampled NNs | VaAcc: 0.2476 +- 0.0181 | VaLoss: 2.0129 +- 0.1148
 19,  0 | TrAcc: 0.3279, TrLoss:  1.77308, VaAcc: 0.3438, VaLoss:  1.65754	 10 sampled NNs | VaAcc: 0.2785 +- 0.0336 | VaLoss: 1.9376 +- 0.1128
 20,  0 | TrAcc: 0.3299, TrLoss:  1.77073, VaAcc: 0.3435, VaLoss:  1.65757	 10 sampled NNs | VaAcc: 0.2548 +- 0.0334 | VaLoss: 2.0312 +- 0.1279
 21,  0 | TrAcc: 0.3250, TrLoss:  1.78759, VaAcc: 0.3404, VaLoss:  1.67257	 10 sampled NNs | VaAcc: 0.2436 +- 0.0365 | VaLoss: 2.0866 +- 0.2247
 22,  0 | TrAcc: 0.3316, TrLoss:  1.76076, VaAcc: 0.3472, VaLoss:  1.64671	 10 sampled NNs | VaAcc: 0.2304 +- 0.0465 | VaLoss: 2.1910 +- 0.2724
 23,  0 | TrAcc: 0.3336, TrLoss:  1.75772, VaAcc: 0.3484, VaLoss:  1.64544	 10 sampled NNs | VaAcc: 0.2608 +- 0.0434 | VaLoss: 2.0671 +- 0.2414
 24,  0 | TrAcc: 0.3386, TrLoss:  1.74263, VaAcc: 0.3562, VaLoss:  1.62812	 10 sampled NNs | VaAcc: 0.2609 +- 0.0311 | VaLoss: 2.0255 +- 0.1642
 25,  0 | TrAcc: 0.3464, TrLoss:  1.72090, VaAcc: 0.3586, VaLoss:  1.62193	 10 sampled NNs | VaAcc: 0.2799 +- 0.0323 | VaLoss: 2.0057 +- 0.2843
 26,  0 | TrAcc: 0.3498, TrLoss:  1.71568, VaAcc: 0.3674, VaLoss:  1.60180	 10 sampled NNs | VaAcc: 0.2567 +- 0.0398 | VaLoss: 2.0616 +- 0.2057
 27,  0 | TrAcc: 0.3555, TrLoss:  1.70756, VaAcc: 0.3683, VaLoss:  1.59131	 10 sampled NNs | VaAcc: 0.2771 +- 0.0553 | VaLoss: 1.9804 +- 0.2034
 28,  0 | TrAcc: 0.3544, TrLoss:  1.71136, VaAcc: 0.3713, VaLoss:  1.59429	 10 sampled NNs | VaAcc: 0.2677 +- 0.0589 | VaLoss: 2.0980 +- 0.2963
 29,  0 | TrAcc: 0.3665, TrLoss:  1.68255, VaAcc: 0.3765, VaLoss:  1.57277	 10 sampled NNs | VaAcc: 0.2534 +- 0.0541 | VaLoss: 2.1084 +- 0.2438
 30,  0 | TrAcc: 0.3734, TrLoss:  1.66835, VaAcc: 0.3911, VaLoss:  1.55610	 10 sampled NNs | VaAcc: 0.2703 +- 0.0376 | VaLoss: 2.0111 +- 0.1738
 31,  0 | TrAcc: 0.3772, TrLoss:  1.65313, VaAcc: 0.3945, VaLoss:  1.54320	 10 sampled NNs | VaAcc: 0.2795 +- 0.0335 | VaLoss: 1.9925 +- 0.1757
 32,  0 | TrAcc: 0.3849, TrLoss:  1.64114, VaAcc: 0.4042, VaLoss:  1.52403	 10 sampled NNs | VaAcc: 0.2730 +- 0.0261 | VaLoss: 1.9697 +- 0.1229
 33,  0 | TrAcc: 0.3919, TrLoss:  1.62739, VaAcc: 0.4082, VaLoss:  1.51867	 10 sampled NNs | VaAcc: 0.2614 +- 0.0446 | VaLoss: 2.0915 +- 0.2280
 34,  0 | TrAcc: 0.3949, TrLoss:  1.62833, VaAcc: 0.4184, VaLoss:  1.50616	 10 sampled NNs | VaAcc: 0.2871 +- 0.0463 | VaLoss: 2.0242 +- 0.2403
 35,  0 | TrAcc: 0.3978, TrLoss:  1.61903, VaAcc: 0.4192, VaLoss:  1.49550	 10 sampled NNs | VaAcc: 0.2597 +- 0.0526 | VaLoss: 2.1703 +- 0.3780
 36,  0 | TrAcc: 0.4044, TrLoss:  1.60428, VaAcc: 0.4227, VaLoss:  1.49177	 10 sampled NNs | VaAcc: 0.2761 +- 0.0290 | VaLoss: 2.0092 +- 0.1511
 37,  0 | TrAcc: 0.4057, TrLoss:  1.60013, VaAcc: 0.4278, VaLoss:  1.48436	 10 sampled NNs | VaAcc: 0.2772 +- 0.0597 | VaLoss: 2.0226 +- 0.2618
 38,  0 | TrAcc: 0.4157, TrLoss:  1.58734, VaAcc: 0.4363, VaLoss:  1.46807	 10 sampled NNs | VaAcc: 0.3169 +- 0.0471 | VaLoss: 1.9165 +- 0.2422
 39,  0 | TrAcc: 0.4204, TrLoss:  1.57271, VaAcc: 0.4426, VaLoss:  1.45828	 10 sampled NNs | VaAcc: 0.2971 +- 0.0320 | VaLoss: 1.9147 +- 0.1127
 40,  0 | TrAcc: 0.4198, TrLoss:  1.57658, VaAcc: 0.4369, VaLoss:  1.46566	 10 sampled NNs | VaAcc: 0.2832 +- 0.0386 | VaLoss: 2.0503 +- 0.1722
 41,  0 | TrAcc: 0.4244, TrLoss:  1.56629, VaAcc: 0.4503, VaLoss:  1.44751	 10 sampled NNs | VaAcc: 0.2931 +- 0.0385 | VaLoss: 1.9513 +- 0.1460
 42,  0 | TrAcc: 0.4258, TrLoss:  1.56455, VaAcc: 0.4467, VaLoss:  1.44721	 10 sampled NNs | VaAcc: 0.3050 +- 0.0485 | VaLoss: 1.8976 +- 0.1742
 43,  0 | TrAcc: 0.4288, TrLoss:  1.55635, VaAcc: 0.4511, VaLoss:  1.43203	 10 sampled NNs | VaAcc: 0.3026 +- 0.0456 | VaLoss: 1.9429 +- 0.1722
 44,  0 | TrAcc: 0.4325, TrLoss:  1.54861, VaAcc: 0.4564, VaLoss:  1.42909	 10 sampled NNs | VaAcc: 0.3115 +- 0.0506 | VaLoss: 1.9119 +- 0.1639
 45,  0 | TrAcc: 0.4359, TrLoss:  1.54494, VaAcc: 0.4561, VaLoss:  1.43493	 10 sampled NNs | VaAcc: 0.3020 +- 0.0504 | VaLoss: 1.9515 +- 0.1925
 46,  0 | TrAcc: 0.4387, TrLoss:  1.53446, VaAcc: 0.4621, VaLoss:  1.42046	 10 sampled NNs | VaAcc: 0.2906 +- 0.0570 | VaLoss: 2.0540 +- 0.2621
 47,  0 | TrAcc: 0.4440, TrLoss:  1.52548, VaAcc: 0.4653, VaLoss:  1.41389	 10 sampled NNs | VaAcc: 0.2985 +- 0.0609 | VaLoss: 1.9617 +- 0.3017
 48,  0 | TrAcc: 0.4523, TrLoss:  1.50793, VaAcc: 0.4708, VaLoss:  1.40087	 10 sampled NNs | VaAcc: 0.2958 +- 0.0471 | VaLoss: 1.9886 +- 0.2148
 49,  0 | TrAcc: 0.4582, TrLoss:  1.49813, VaAcc: 0.4749, VaLoss:  1.38054	 10 sampled NNs | VaAcc: 0.2728 +- 0.0598 | VaLoss: 2.0887 +- 0.2660
 50,  0 | TrAcc: 0.4628, TrLoss:  1.48715, VaAcc: 0.4855, VaLoss:  1.37064	 10 sampled NNs | VaAcc: 0.2877 +- 0.0466 | VaLoss: 2.0194 +- 0.1936
 51,  0 | TrAcc: 0.4687, TrLoss:  1.47557, VaAcc: 0.4910, VaLoss:  1.35452	 10 sampled NNs | VaAcc: 0.3329 +- 0.0419 | VaLoss: 1.8812 +- 0.1433
 52,  0 | TrAcc: 0.4759, TrLoss:  1.45796, VaAcc: 0.4936, VaLoss:  1.34141	 10 sampled NNs | VaAcc: 0.3403 +- 0.0505 | VaLoss: 1.8419 +- 0.1854
 53,  0 | TrAcc: 0.4813, TrLoss:  1.44938, VaAcc: 0.5005, VaLoss:  1.33104	 10 sampled NNs | VaAcc: 0.3173 +- 0.0538 | VaLoss: 1.9318 +- 0.2204
 54,  0 | TrAcc: 0.4877, TrLoss:  1.43625, VaAcc: 0.5060, VaLoss:  1.32153	 10 sampled NNs | VaAcc: 0.3265 +- 0.0597 | VaLoss: 1.8859 +- 0.2321
 55,  0 | TrAcc: 0.4953, TrLoss:  1.41873, VaAcc: 0.5134, VaLoss:  1.30085	 10 sampled NNs | VaAcc: 0.3196 +- 0.0446 | VaLoss: 1.8827 +- 0.1556
 56,  0 | TrAcc: 0.4997, TrLoss:  1.41107, VaAcc: 0.5152, VaLoss:  1.30134	 10 sampled NNs | VaAcc: 0.3401 +- 0.0494 | VaLoss: 1.9088 +- 0.2743
 57,  0 | TrAcc: 0.5074, TrLoss:  1.39203, VaAcc: 0.5259, VaLoss:  1.27973	 10 sampled NNs | VaAcc: 0.3453 +- 0.0588 | VaLoss: 1.8471 +- 0.2337
 58,  0 | TrAcc: 0.5120, TrLoss:  1.37711, VaAcc: 0.5311, VaLoss:  1.25864	 10 sampled NNs | VaAcc: 0.3293 +- 0.0415 | VaLoss: 1.9018 +- 0.2345
 59,  0 | TrAcc: 0.5188, TrLoss:  1.36150, VaAcc: 0.5389, VaLoss:  1.24477	 10 sampled NNs | VaAcc: 0.3277 +- 0.0548 | VaLoss: 1.9458 +- 0.2963
 60,  0 | TrAcc: 0.5261, TrLoss:  1.34226, VaAcc: 0.5378, VaLoss:  1.24281	 10 sampled NNs | VaAcc: 0.3747 +- 0.0689 | VaLoss: 1.7620 +- 0.2532
 61,  0 | TrAcc: 0.5316, TrLoss:  1.33380, VaAcc: 0.5546, VaLoss:  1.21546	 10 sampled NNs | VaAcc: 0.3665 +- 0.0368 | VaLoss: 1.7895 +- 0.1383
 62,  0 | TrAcc: 0.5389, TrLoss:  1.31009, VaAcc: 0.5541, VaLoss:  1.20802	 10 sampled NNs | VaAcc: 0.3590 +- 0.0426 | VaLoss: 1.8217 +- 0.1490
 63,  0 | TrAcc: 0.5435, TrLoss:  1.29953, VaAcc: 0.5610, VaLoss:  1.18564	 10 sampled NNs | VaAcc: 0.3779 +- 0.0545 | VaLoss: 1.7943 +- 0.2769
 64,  0 | TrAcc: 0.5511, TrLoss:  1.28021, VaAcc: 0.5709, VaLoss:  1.16508	 10 sampled NNs | VaAcc: 0.3606 +- 0.0532 | VaLoss: 1.9054 +- 0.2405
 65,  0 | TrAcc: 0.5556, TrLoss:  1.26762, VaAcc: 0.5763, VaLoss:  1.15363	 10 sampled NNs | VaAcc: 0.3673 +- 0.0411 | VaLoss: 1.8509 +- 0.1987
 66,  0 | TrAcc: 0.5624, TrLoss:  1.24883, VaAcc: 0.5808, VaLoss:  1.13095	 10 sampled NNs | VaAcc: 0.3823 +- 0.0520 | VaLoss: 1.7394 +- 0.1391
 67,  0 | TrAcc: 0.5673, TrLoss:  1.23583, VaAcc: 0.5867, VaLoss:  1.11596	 10 sampled NNs | VaAcc: 0.4167 +- 0.0429 | VaLoss: 1.6650 +- 0.1356
 68,  0 | TrAcc: 0.5691, TrLoss:  1.22941, VaAcc: 0.5829, VaLoss:  1.12932	 10 sampled NNs | VaAcc: 0.3974 +- 0.0568 | VaLoss: 1.7083 +- 0.1651
 69,  0 | TrAcc: 0.5733, TrLoss:  1.21759, VaAcc: 0.5860, VaLoss:  1.11496	 10 sampled NNs | VaAcc: 0.4167 +- 0.0528 | VaLoss: 1.6832 +- 0.1758
 70,  0 | TrAcc: 0.5768, TrLoss:  1.20891, VaAcc: 0.5972, VaLoss:  1.09728	 10 sampled NNs | VaAcc: 0.4019 +- 0.0631 | VaLoss: 1.7417 +- 0.2031
 71,  0 | TrAcc: 0.5798, TrLoss:  1.19610, VaAcc: 0.5977, VaLoss:  1.07832	 10 sampled NNs | VaAcc: 0.4330 +- 0.0442 | VaLoss: 1.6419 +- 0.1897
 72,  0 | TrAcc: 0.5851, TrLoss:  1.18650, VaAcc: 0.5989, VaLoss:  1.07911	 10 sampled NNs | VaAcc: 0.4103 +- 0.0292 | VaLoss: 1.7223 +- 0.1734
 73,  0 | TrAcc: 0.5903, TrLoss:  1.17213, VaAcc: 0.6097, VaLoss:  1.05500	 10 sampled NNs | VaAcc: 0.3998 +- 0.0586 | VaLoss: 1.8009 +- 0.3097
 74,  0 | TrAcc: 0.5944, TrLoss:  1.16016, VaAcc: 0.6090, VaLoss:  1.04890	 10 sampled NNs | VaAcc: 0.3768 +- 0.0463 | VaLoss: 1.8310 +- 0.2295
 75,  0 | TrAcc: 0.6006, TrLoss:  1.14333, VaAcc: 0.6168, VaLoss:  1.02893	 10 sampled NNs | VaAcc: 0.4322 +- 0.0520 | VaLoss: 1.6761 +- 0.2003
 76,  0 | TrAcc: 0.6052, TrLoss:  1.12942, VaAcc: 0.6179, VaLoss:  1.02640	 10 sampled NNs | VaAcc: 0.4445 +- 0.0623 | VaLoss: 1.5905 +- 0.1828
 77,  0 | TrAcc: 0.6123, TrLoss:  1.11276, VaAcc: 0.6252, VaLoss:  1.00275	 10 sampled NNs | VaAcc: 0.4285 +- 0.0621 | VaLoss: 1.6660 +- 0.3326
 78,  0 | TrAcc: 0.6158, TrLoss:  1.10154, VaAcc: 0.6330, VaLoss:  0.98684	 10 sampled NNs | VaAcc: 0.4393 +- 0.0900 | VaLoss: 1.6369 +- 0.3918
 79,  0 | TrAcc: 0.6197, TrLoss:  1.08901, VaAcc: 0.6276, VaLoss:  0.99319	 10 sampled NNs | VaAcc: 0.4791 +- 0.0601 | VaLoss: 1.5154 +- 0.2270
 80,  0 | TrAcc: 0.6272, TrLoss:  1.07238, VaAcc: 0.6415, VaLoss:  0.95905	 10 sampled NNs | VaAcc: 0.4321 +- 0.0899 | VaLoss: 1.6836 +- 0.3832
 81,  0 | TrAcc: 0.6288, TrLoss:  1.06207, VaAcc: 0.6407, VaLoss:  0.95065	 10 sampled NNs | VaAcc: 0.4366 +- 0.0609 | VaLoss: 1.6655 +- 0.2333
 82,  0 | TrAcc: 0.6366, TrLoss:  1.04420, VaAcc: 0.6483, VaLoss:  0.93378	 10 sampled NNs | VaAcc: 0.4360 +- 0.0505 | VaLoss: 1.6092 +- 0.1409
 83,  0 | TrAcc: 0.6409, TrLoss:  1.03143, VaAcc: 0.6514, VaLoss:  0.92444	 10 sampled NNs | VaAcc: 0.4988 +- 0.0387 | VaLoss: 1.4187 +- 0.1193
 84,  0 | TrAcc: 0.6442, TrLoss:  1.02032, VaAcc: 0.6556, VaLoss:  0.91438	 10 sampled NNs | VaAcc: 0.4820 +- 0.0468 | VaLoss: 1.4921 +- 0.1428
 85,  0 | TrAcc: 0.6480, TrLoss:  1.01106, VaAcc: 0.6614, VaLoss:  0.89403	 10 sampled NNs | VaAcc: 0.4798 +- 0.0463 | VaLoss: 1.5234 +- 0.1617
 86,  0 | TrAcc: 0.6492, TrLoss:  1.00467, VaAcc: 0.6663, VaLoss:  0.87965	 10 sampled NNs | VaAcc: 0.4938 +- 0.0445 | VaLoss: 1.4114 +- 0.1021
 87,  0 | TrAcc: 0.6546, TrLoss:  0.98975, VaAcc: 0.6643, VaLoss:  0.88529	 10 sampled NNs | VaAcc: 0.4917 +- 0.0225 | VaLoss: 1.4485 +- 0.0683
 88,  0 | TrAcc: 0.6581, TrLoss:  0.98085, VaAcc: 0.6676, VaLoss:  0.86931	 10 sampled NNs | VaAcc: 0.5166 +- 0.0405 | VaLoss: 1.4040 +- 0.1366
 89,  0 | TrAcc: 0.6581, TrLoss:  0.97718, VaAcc: 0.6733, VaLoss:  0.85472	 10 sampled NNs | VaAcc: 0.5149 +- 0.0374 | VaLoss: 1.4096 +- 0.1083
 90,  0 | TrAcc: 0.6636, TrLoss:  0.96017, VaAcc: 0.6730, VaLoss:  0.85470	 10 sampled NNs | VaAcc: 0.5208 +- 0.0528 | VaLoss: 1.3893 +- 0.1763
 91,  0 | TrAcc: 0.6657, TrLoss:  0.95474, VaAcc: 0.6773, VaLoss:  0.84187	 10 sampled NNs | VaAcc: 0.5260 +- 0.0700 | VaLoss: 1.3966 +- 0.2619
 92,  0 | TrAcc: 0.6683, TrLoss:  0.94880, VaAcc: 0.6753, VaLoss:  0.84769	 10 sampled NNs | VaAcc: 0.5123 +- 0.0538 | VaLoss: 1.4082 +- 0.1916
 93,  0 | TrAcc: 0.6710, TrLoss:  0.94026, VaAcc: 0.6824, VaLoss:  0.82211	 10 sampled NNs | VaAcc: 0.5217 +- 0.0537 | VaLoss: 1.3995 +- 0.2085
 94,  0 | TrAcc: 0.6756, TrLoss:  0.92679, VaAcc: 0.6807, VaLoss:  0.82744	 10 sampled NNs | VaAcc: 0.5437 +- 0.0402 | VaLoss: 1.3048 +- 0.1155
 95,  0 | TrAcc: 0.6754, TrLoss:  0.92719, VaAcc: 0.6872, VaLoss:  0.81864	 10 sampled NNs | VaAcc: 0.5418 +- 0.0407 | VaLoss: 1.3318 +- 0.1639
 96,  0 | TrAcc: 0.6754, TrLoss:  0.92094, VaAcc: 0.6854, VaLoss:  0.80848	 10 sampled NNs | VaAcc: 0.5358 +- 0.0348 | VaLoss: 1.3465 +- 0.1153
 97,  0 | TrAcc: 0.6805, TrLoss:  0.90937, VaAcc: 0.6878, VaLoss:  0.80557	 10 sampled NNs | VaAcc: 0.5524 +- 0.0364 | VaLoss: 1.3036 +- 0.1198
 98,  0 | TrAcc: 0.6841, TrLoss:  0.90363, VaAcc: 0.6885, VaLoss:  0.80547	 10 sampled NNs | VaAcc: 0.5397 +- 0.0344 | VaLoss: 1.3228 +- 0.1148
 99,  0 | TrAcc: 0.6841, TrLoss:  0.89928, VaAcc: 0.6918, VaLoss:  0.79261	 10 sampled NNs | VaAcc: 0.5503 +- 0.0396 | VaLoss: 1.2859 +- 0.1138
100,  0 | TrAcc: 0.6864, TrLoss:  0.89283, VaAcc: 0.6940, VaLoss:  0.78571	 10 sampled NNs | VaAcc: 0.5293 +- 0.0622 | VaLoss: 1.3456 +- 0.1490
101,  0 | TrAcc: 0.6897, TrLoss:  0.88386, VaAcc: 0.6984, VaLoss:  0.78096	 10 sampled NNs | VaAcc: 0.5578 +- 0.0417 | VaLoss: 1.2633 +- 0.1206
102,  0 | TrAcc: 0.6901, TrLoss:  0.88174, VaAcc: 0.7019, VaLoss:  0.77044	 10 sampled NNs | VaAcc: 0.5621 +- 0.0373 | VaLoss: 1.2746 +- 0.1255
103,  0 | TrAcc: 0.6920, TrLoss:  0.87711, VaAcc: 0.6978, VaLoss:  0.77228	 10 sampled NNs | VaAcc: 0.5661 +- 0.0354 | VaLoss: 1.2573 +- 0.1156
104,  0 | TrAcc: 0.6938, TrLoss:  0.86822, VaAcc: 0.6971, VaLoss:  0.77366	 10 sampled NNs | VaAcc: 0.5629 +- 0.0305 | VaLoss: 1.2415 +- 0.0790
105,  0 | TrAcc: 0.6968, TrLoss:  0.86141, VaAcc: 0.7016, VaLoss:  0.76759	 10 sampled NNs | VaAcc: 0.5514 +- 0.0403 | VaLoss: 1.2868 +- 0.1275
106,  0 | TrAcc: 0.6965, TrLoss:  0.86183, VaAcc: 0.7049, VaLoss:  0.75156	 10 sampled NNs | VaAcc: 0.5848 +- 0.0272 | VaLoss: 1.2093 +- 0.1045
107,  0 | TrAcc: 0.7001, TrLoss:  0.85473, VaAcc: 0.7021, VaLoss:  0.76165	 10 sampled NNs | VaAcc: 0.5737 +- 0.0336 | VaLoss: 1.2184 +- 0.0926
108,  0 | TrAcc: 0.7010, TrLoss:  0.85145, VaAcc: 0.7082, VaLoss:  0.74014	 10 sampled NNs | VaAcc: 0.5864 +- 0.0350 | VaLoss: 1.2044 +- 0.0978
109,  0 | TrAcc: 0.7008, TrLoss:  0.84796, VaAcc: 0.7028, VaLoss:  0.75503	 10 sampled NNs | VaAcc: 0.5863 +- 0.0258 | VaLoss: 1.1822 +- 0.0646
110,  0 | TrAcc: 0.7037, TrLoss:  0.83992, VaAcc: 0.7063, VaLoss:  0.74579	 10 sampled NNs | VaAcc: 0.5897 +- 0.0261 | VaLoss: 1.1789 +- 0.0631
111,  0 | TrAcc: 0.7044, TrLoss:  0.84150, VaAcc: 0.7069, VaLoss:  0.73685	 10 sampled NNs | VaAcc: 0.5948 +- 0.0312 | VaLoss: 1.1907 +- 0.0761
112,  0 | TrAcc: 0.7056, TrLoss:  0.83460, VaAcc: 0.7116, VaLoss:  0.72895	 10 sampled NNs | VaAcc: 0.5906 +- 0.0216 | VaLoss: 1.1846 +- 0.0629
113,  0 | TrAcc: 0.7083, TrLoss:  0.82694, VaAcc: 0.7087, VaLoss:  0.72815	 10 sampled NNs | VaAcc: 0.5929 +- 0.0417 | VaLoss: 1.1841 +- 0.1336
114,  0 | TrAcc: 0.7102, TrLoss:  0.82122, VaAcc: 0.7114, VaLoss:  0.73608	 10 sampled NNs | VaAcc: 0.5946 +- 0.0319 | VaLoss: 1.1730 +- 0.0704
115,  0 | TrAcc: 0.7105, TrLoss:  0.82169, VaAcc: 0.7143, VaLoss:  0.72464	 10 sampled NNs | VaAcc: 0.5986 +- 0.0348 | VaLoss: 1.1665 +- 0.1025
116,  0 | TrAcc: 0.7110, TrLoss:  0.81443, VaAcc: 0.7110, VaLoss:  0.72360	 10 sampled NNs | VaAcc: 0.5928 +- 0.0312 | VaLoss: 1.1775 +- 0.0961
117,  0 | TrAcc: 0.7112, TrLoss:  0.81554, VaAcc: 0.7201, VaLoss:  0.70718	 10 sampled NNs | VaAcc: 0.5917 +- 0.0275 | VaLoss: 1.1752 +- 0.0672
118,  0 | TrAcc: 0.7124, TrLoss:  0.81305, VaAcc: 0.7153, VaLoss:  0.71906	 10 sampled NNs | VaAcc: 0.6073 +- 0.0380 | VaLoss: 1.1211 +- 0.1082
119,  0 | TrAcc: 0.7144, TrLoss:  0.80778, VaAcc: 0.7182, VaLoss:  0.71646	 10 sampled NNs | VaAcc: 0.6131 +- 0.0230 | VaLoss: 1.1249 +- 0.0738
120,  0 | TrAcc: 0.7138, TrLoss:  0.80665, VaAcc: 0.7152, VaLoss:  0.71168	 10 sampled NNs | VaAcc: 0.6144 +- 0.0202 | VaLoss: 1.1272 +- 0.0614
121,  0 | TrAcc: 0.7161, TrLoss:  0.80430, VaAcc: 0.7226, VaLoss:  0.69986	 10 sampled NNs | VaAcc: 0.5998 +- 0.0240 | VaLoss: 1.1553 +- 0.0601
122,  0 | TrAcc: 0.7187, TrLoss:  0.79662, VaAcc: 0.7177, VaLoss:  0.71133	 10 sampled NNs | VaAcc: 0.6314 +- 0.0123 | VaLoss: 1.0677 +- 0.0409
123,  0 | TrAcc: 0.7190, TrLoss:  0.79496, VaAcc: 0.7211, VaLoss:  0.69484	 10 sampled NNs | VaAcc: 0.6030 +- 0.0404 | VaLoss: 1.1631 +- 0.1388
124,  0 | TrAcc: 0.7184, TrLoss:  0.79875, VaAcc: 0.7221, VaLoss:  0.69431	 10 sampled NNs | VaAcc: 0.6086 +- 0.0329 | VaLoss: 1.1296 +- 0.0939
125,  0 | TrAcc: 0.7219, TrLoss:  0.78580, VaAcc: 0.7205, VaLoss:  0.69868	 10 sampled NNs | VaAcc: 0.6215 +- 0.0334 | VaLoss: 1.1048 +- 0.0912
126,  0 | TrAcc: 0.7212, TrLoss:  0.78545, VaAcc: 0.7248, VaLoss:  0.68648	 10 sampled NNs | VaAcc: 0.6180 +- 0.0228 | VaLoss: 1.1096 +- 0.0623
127,  0 | TrAcc: 0.7238, TrLoss:  0.78212, VaAcc: 0.7239, VaLoss:  0.68802	 10 sampled NNs | VaAcc: 0.6139 +- 0.0248 | VaLoss: 1.1058 +- 0.0549
128,  0 | TrAcc: 0.7241, TrLoss:  0.78266, VaAcc: 0.7284, VaLoss:  0.67897	 10 sampled NNs | VaAcc: 0.6139 +- 0.0393 | VaLoss: 1.1128 +- 0.1170
129,  0 | TrAcc: 0.7232, TrLoss:  0.78043, VaAcc: 0.7265, VaLoss:  0.67919	 10 sampled NNs | VaAcc: 0.6130 +- 0.0413 | VaLoss: 1.1153 +- 0.1136
130,  0 | TrAcc: 0.7247, TrLoss:  0.77451, VaAcc: 0.7285, VaLoss:  0.67651	 10 sampled NNs | VaAcc: 0.6328 +- 0.0250 | VaLoss: 1.0728 +- 0.0634
131,  0 | TrAcc: 0.7263, TrLoss:  0.77393, VaAcc: 0.7252, VaLoss:  0.68496	 10 sampled NNs | VaAcc: 0.6266 +- 0.0241 | VaLoss: 1.0861 +- 0.0602
132,  0 | TrAcc: 0.7286, TrLoss:  0.76455, VaAcc: 0.7281, VaLoss:  0.67496	 10 sampled NNs | VaAcc: 0.6222 +- 0.0287 | VaLoss: 1.0998 +- 0.0813
133,  0 | TrAcc: 0.7267, TrLoss:  0.77179, VaAcc: 0.7269, VaLoss:  0.67436	 10 sampled NNs | VaAcc: 0.6387 +- 0.0271 | VaLoss: 1.0533 +- 0.0632
134,  0 | TrAcc: 0.7282, TrLoss:  0.76639, VaAcc: 0.7288, VaLoss:  0.67185	 10 sampled NNs | VaAcc: 0.6402 +- 0.0184 | VaLoss: 1.0554 +- 0.0390
135,  0 | TrAcc: 0.7300, TrLoss:  0.76091, VaAcc: 0.7318, VaLoss:  0.66954	 10 sampled NNs | VaAcc: 0.6352 +- 0.0164 | VaLoss: 1.0574 +- 0.0374
136,  0 | TrAcc: 0.7303, TrLoss:  0.76134, VaAcc: 0.7344, VaLoss:  0.65807	 10 sampled NNs | VaAcc: 0.6168 +- 0.0432 | VaLoss: 1.1354 +- 0.1262
137,  0 | TrAcc: 0.7325, TrLoss:  0.75462, VaAcc: 0.7299, VaLoss:  0.67027	 10 sampled NNs | VaAcc: 0.6447 +- 0.0185 | VaLoss: 1.0417 +- 0.0535
138,  0 | TrAcc: 0.7311, TrLoss:  0.75290, VaAcc: 0.7349, VaLoss:  0.65965	 10 sampled NNs | VaAcc: 0.6225 +- 0.0411 | VaLoss: 1.1081 +- 0.1207
139,  0 | TrAcc: 0.7313, TrLoss:  0.75380, VaAcc: 0.7299, VaLoss:  0.66240	 10 sampled NNs | VaAcc: 0.6411 +- 0.0254 | VaLoss: 1.0379 +- 0.0582
140,  0 | TrAcc: 0.7354, TrLoss:  0.74618, VaAcc: 0.7358, VaLoss:  0.64621	 10 sampled NNs | VaAcc: 0.6441 +- 0.0273 | VaLoss: 1.0419 +- 0.0733
141,  0 | TrAcc: 0.7344, TrLoss:  0.74637, VaAcc: 0.7333, VaLoss:  0.65532	 10 sampled NNs | VaAcc: 0.6355 +- 0.0253 | VaLoss: 1.0559 +- 0.0643
142,  0 | TrAcc: 0.7359, TrLoss:  0.74284, VaAcc: 0.7356, VaLoss:  0.65058	 10 sampled NNs | VaAcc: 0.6487 +- 0.0219 | VaLoss: 1.0082 +- 0.0496
143,  0 | TrAcc: 0.7360, TrLoss:  0.74172, VaAcc: 0.7343, VaLoss:  0.65173	 10 sampled NNs | VaAcc: 0.6539 +- 0.0304 | VaLoss: 1.0125 +- 0.0777
144,  0 | TrAcc: 0.7367, TrLoss:  0.74054, VaAcc: 0.7380, VaLoss:  0.64871	 10 sampled NNs | VaAcc: 0.6491 +- 0.0201 | VaLoss: 1.0194 +- 0.0592
145,  0 | TrAcc: 0.7356, TrLoss:  0.74002, VaAcc: 0.7338, VaLoss:  0.65480	 10 sampled NNs | VaAcc: 0.6504 +- 0.0291 | VaLoss: 1.0248 +- 0.0856
146,  0 | TrAcc: 0.7405, TrLoss:  0.73169, VaAcc: 0.7348, VaLoss:  0.65706	 10 sampled NNs | VaAcc: 0.6558 +- 0.0148 | VaLoss: 1.0101 +- 0.0309
147,  0 | TrAcc: 0.7378, TrLoss:  0.73541, VaAcc: 0.7368, VaLoss:  0.64996	 10 sampled NNs | VaAcc: 0.6510 +- 0.0168 | VaLoss: 1.0222 +- 0.0466
148,  0 | TrAcc: 0.7393, TrLoss:  0.73105, VaAcc: 0.7361, VaLoss:  0.65325	 10 sampled NNs | VaAcc: 0.6535 +- 0.0235 | VaLoss: 1.0176 +- 0.0585
149,  0 | TrAcc: 0.7399, TrLoss:  0.73151, VaAcc: 0.7302, VaLoss:  0.66205	 10 sampled NNs | VaAcc: 0.6541 +- 0.0193 | VaLoss: 1.0074 +- 0.0505
150,  0 | TrAcc: 0.7409, TrLoss:  0.72828, VaAcc: 0.7408, VaLoss:  0.64028	 10 sampled NNs | VaAcc: 0.6602 +- 0.0282 | VaLoss: 0.9932 +- 0.0729
151,  0 | TrAcc: 0.7417, TrLoss:  0.72607, VaAcc: 0.7382, VaLoss:  0.63760	 10 sampled NNs | VaAcc: 0.6501 +- 0.0126 | VaLoss: 1.0104 +- 0.0312
152,  0 | TrAcc: 0.7404, TrLoss:  0.72667, VaAcc: 0.7356, VaLoss:  0.65140	 10 sampled NNs | VaAcc: 0.6669 +- 0.0189 | VaLoss: 0.9780 +- 0.0548
153,  0 | TrAcc: 0.7405, TrLoss:  0.72579, VaAcc: 0.7393, VaLoss:  0.64044	 10 sampled NNs | VaAcc: 0.6768 +- 0.0129 | VaLoss: 0.9503 +- 0.0369
154,  0 | TrAcc: 0.7417, TrLoss:  0.72210, VaAcc: 0.7377, VaLoss:  0.63750	 10 sampled NNs | VaAcc: 0.6447 +- 0.0282 | VaLoss: 1.0375 +- 0.0907
155,  0 | TrAcc: 0.7444, TrLoss:  0.71622, VaAcc: 0.7431, VaLoss:  0.62798	 10 sampled NNs | VaAcc: 0.6693 +- 0.0222 | VaLoss: 0.9663 +- 0.0533
156,  0 | TrAcc: 0.7435, TrLoss:  0.71740, VaAcc: 0.7399, VaLoss:  0.63532	 10 sampled NNs | VaAcc: 0.6553 +- 0.0344 | VaLoss: 1.0103 +- 0.1049
157,  0 | TrAcc: 0.7451, TrLoss:  0.71257, VaAcc: 0.7449, VaLoss:  0.62515	 10 sampled NNs | VaAcc: 0.6544 +- 0.0101 | VaLoss: 1.0042 +- 0.0294
158,  0 | TrAcc: 0.7459, TrLoss:  0.71069, VaAcc: 0.7387, VaLoss:  0.63555	 10 sampled NNs | VaAcc: 0.6682 +- 0.0182 | VaLoss: 0.9683 +- 0.0459
159,  0 | TrAcc: 0.7444, TrLoss:  0.71717, VaAcc: 0.7395, VaLoss:  0.63350	 10 sampled NNs | VaAcc: 0.6619 +- 0.0110 | VaLoss: 0.9876 +- 0.0340
160,  0 | TrAcc: 0.7473, TrLoss:  0.70813, VaAcc: 0.7411, VaLoss:  0.62872	 10 sampled NNs | VaAcc: 0.6559 +- 0.0199 | VaLoss: 1.0077 +- 0.0625
161,  0 | TrAcc: 0.7473, TrLoss:  0.70547, VaAcc: 0.7419, VaLoss:  0.63319	 10 sampled NNs | VaAcc: 0.6703 +- 0.0194 | VaLoss: 0.9696 +- 0.0594
162,  0 | TrAcc: 0.7481, TrLoss:  0.70422, VaAcc: 0.7387, VaLoss:  0.63188	 10 sampled NNs | VaAcc: 0.6678 +- 0.0174 | VaLoss: 0.9719 +- 0.0449
163,  0 | TrAcc: 0.7495, TrLoss:  0.70254, VaAcc: 0.7449, VaLoss:  0.62404	 10 sampled NNs | VaAcc: 0.6705 +- 0.0235 | VaLoss: 0.9592 +- 0.0546
164,  0 | TrAcc: 0.7487, TrLoss:  0.70246, VaAcc: 0.7438, VaLoss:  0.62315	 10 sampled NNs | VaAcc: 0.6767 +- 0.0151 | VaLoss: 0.9483 +- 0.0293
165,  0 | TrAcc: 0.7504, TrLoss:  0.69692, VaAcc: 0.7437, VaLoss:  0.62197	 10 sampled NNs | VaAcc: 0.6645 +- 0.0180 | VaLoss: 0.9827 +- 0.0480
166,  0 | TrAcc: 0.7497, TrLoss:  0.69930, VaAcc: 0.7395, VaLoss:  0.63330	 10 sampled NNs | VaAcc: 0.6651 +- 0.0200 | VaLoss: 0.9788 +- 0.0482
167,  0 | TrAcc: 0.7501, TrLoss:  0.69689, VaAcc: 0.7448, VaLoss:  0.61878	 10 sampled NNs | VaAcc: 0.6801 +- 0.0212 | VaLoss: 0.9384 +- 0.0626
168,  0 | TrAcc: 0.7532, TrLoss:  0.69035, VaAcc: 0.7442, VaLoss:  0.62215	 10 sampled NNs | VaAcc: 0.6667 +- 0.0208 | VaLoss: 0.9809 +- 0.0677
169,  0 | TrAcc: 0.7525, TrLoss:  0.68936, VaAcc: 0.7463, VaLoss:  0.61698	 10 sampled NNs | VaAcc: 0.6765 +- 0.0199 | VaLoss: 0.9487 +- 0.0561
170,  0 | TrAcc: 0.7530, TrLoss:  0.69025, VaAcc: 0.7466, VaLoss:  0.61571	 10 sampled NNs | VaAcc: 0.6799 +- 0.0110 | VaLoss: 0.9366 +- 0.0343
171,  0 | TrAcc: 0.7525, TrLoss:  0.68993, VaAcc: 0.7459, VaLoss:  0.61653	 10 sampled NNs | VaAcc: 0.6858 +- 0.0223 | VaLoss: 0.9216 +- 0.0460
172,  0 | TrAcc: 0.7548, TrLoss:  0.68506, VaAcc: 0.7432, VaLoss:  0.62317	 10 sampled NNs | VaAcc: 0.6846 +- 0.0115 | VaLoss: 0.9294 +- 0.0381
173,  0 | TrAcc: 0.7544, TrLoss:  0.68520, VaAcc: 0.7421, VaLoss:  0.62617	 10 sampled NNs | VaAcc: 0.6734 +- 0.0200 | VaLoss: 0.9655 +- 0.0603
174,  0 | TrAcc: 0.7527, TrLoss:  0.68783, VaAcc: 0.7448, VaLoss:  0.61922	 10 sampled NNs | VaAcc: 0.6810 +- 0.0117 | VaLoss: 0.9385 +- 0.0271
175,  0 | TrAcc: 0.7555, TrLoss:  0.68234, VaAcc: 0.7456, VaLoss:  0.61724	 10 sampled NNs | VaAcc: 0.6752 +- 0.0181 | VaLoss: 0.9510 +- 0.0558
176,  0 | TrAcc: 0.7579, TrLoss:  0.67301, VaAcc: 0.7462, VaLoss:  0.61457	 10 sampled NNs | VaAcc: 0.6843 +- 0.0141 | VaLoss: 0.9342 +- 0.0299
177,  0 | TrAcc: 0.7567, TrLoss:  0.67799, VaAcc: 0.7464, VaLoss:  0.61592	 10 sampled NNs | VaAcc: 0.6860 +- 0.0167 | VaLoss: 0.9232 +- 0.0435
178,  0 | TrAcc: 0.7575, TrLoss:  0.67292, VaAcc: 0.7470, VaLoss:  0.61325	 10 sampled NNs | VaAcc: 0.6845 +- 0.0120 | VaLoss: 0.9212 +- 0.0245
179,  0 | TrAcc: 0.7568, TrLoss:  0.67667, VaAcc: 0.7486, VaLoss:  0.60397	 10 sampled NNs | VaAcc: 0.6852 +- 0.0194 | VaLoss: 0.9189 +- 0.0451
180,  0 | TrAcc: 0.7560, TrLoss:  0.67791, VaAcc: 0.7509, VaLoss:  0.60600	 10 sampled NNs | VaAcc: 0.6826 +- 0.0137 | VaLoss: 0.9288 +- 0.0376
181,  0 | TrAcc: 0.7562, TrLoss:  0.67527, VaAcc: 0.7515, VaLoss:  0.60530	 10 sampled NNs | VaAcc: 0.6834 +- 0.0200 | VaLoss: 0.9339 +- 0.0532
182,  0 | TrAcc: 0.7572, TrLoss:  0.67403, VaAcc: 0.7486, VaLoss:  0.59574	 10 sampled NNs | VaAcc: 0.6797 +- 0.0132 | VaLoss: 0.9410 +- 0.0381
183,  0 | TrAcc: 0.7590, TrLoss:  0.67079, VaAcc: 0.7447, VaLoss:  0.61594	 10 sampled NNs | VaAcc: 0.6831 +- 0.0205 | VaLoss: 0.9335 +- 0.0583
184,  0 | TrAcc: 0.7595, TrLoss:  0.66676, VaAcc: 0.7469, VaLoss:  0.61236	 10 sampled NNs | VaAcc: 0.6862 +- 0.0318 | VaLoss: 0.9321 +- 0.0877
185,  0 | TrAcc: 0.7577, TrLoss:  0.67291, VaAcc: 0.7472, VaLoss:  0.60497	 10 sampled NNs | VaAcc: 0.6934 +- 0.0142 | VaLoss: 0.9096 +- 0.0346
186,  0 | TrAcc: 0.7597, TrLoss:  0.66771, VaAcc: 0.7491, VaLoss:  0.60701	 10 sampled NNs | VaAcc: 0.6849 +- 0.0126 | VaLoss: 0.9299 +- 0.0355
187,  0 | TrAcc: 0.7584, TrLoss:  0.66854, VaAcc: 0.7485, VaLoss:  0.60850	 10 sampled NNs | VaAcc: 0.6914 +- 0.0181 | VaLoss: 0.9091 +- 0.0477
188,  0 | TrAcc: 0.7602, TrLoss:  0.66655, VaAcc: 0.7455, VaLoss:  0.61722	 10 sampled NNs | VaAcc: 0.6936 +- 0.0172 | VaLoss: 0.9037 +- 0.0404
189,  0 | TrAcc: 0.7620, TrLoss:  0.66123, VaAcc: 0.7510, VaLoss:  0.59949	 10 sampled NNs | VaAcc: 0.6865 +- 0.0190 | VaLoss: 0.9175 +- 0.0491
190,  0 | TrAcc: 0.7608, TrLoss:  0.66528, VaAcc: 0.7513, VaLoss:  0.60451	 10 sampled NNs | VaAcc: 0.6797 +- 0.0261 | VaLoss: 0.9517 +- 0.0987
191,  0 | TrAcc: 0.7616, TrLoss:  0.66099, VaAcc: 0.7495, VaLoss:  0.60720	 10 sampled NNs | VaAcc: 0.6833 +- 0.0126 | VaLoss: 0.9250 +- 0.0303
192,  0 | TrAcc: 0.7616, TrLoss:  0.65813, VaAcc: 0.7500, VaLoss:  0.60031	 10 sampled NNs | VaAcc: 0.6973 +- 0.0126 | VaLoss: 0.8964 +- 0.0315
193,  0 | TrAcc: 0.7615, TrLoss:  0.66033, VaAcc: 0.7531, VaLoss:  0.59734	 10 sampled NNs | VaAcc: 0.6973 +- 0.0138 | VaLoss: 0.8898 +- 0.0450
194,  0 | TrAcc: 0.7624, TrLoss:  0.65782, VaAcc: 0.7484, VaLoss:  0.60567	 10 sampled NNs | VaAcc: 0.6962 +- 0.0145 | VaLoss: 0.8932 +- 0.0405
195,  0 | TrAcc: 0.7639, TrLoss:  0.65397, VaAcc: 0.7497, VaLoss:  0.60754	 10 sampled NNs | VaAcc: 0.6990 +- 0.0097 | VaLoss: 0.8777 +- 0.0294
196,  0 | TrAcc: 0.7646, TrLoss:  0.65199, VaAcc: 0.7523, VaLoss:  0.60269	 10 sampled NNs | VaAcc: 0.6934 +- 0.0112 | VaLoss: 0.8940 +- 0.0302
197,  0 | TrAcc: 0.7646, TrLoss:  0.65183, VaAcc: 0.7466, VaLoss:  0.60975	 10 sampled NNs | VaAcc: 0.6984 +- 0.0083 | VaLoss: 0.8940 +- 0.0262
198,  0 | TrAcc: 0.7654, TrLoss:  0.64876, VaAcc: 0.7560, VaLoss:  0.58479	 10 sampled NNs | VaAcc: 0.6862 +- 0.0151 | VaLoss: 0.9266 +- 0.0465
199,  0 | TrAcc: 0.7640, TrLoss:  0.65096, VaAcc: 0.7471, VaLoss:  0.61354	 10 sampled NNs | VaAcc: 0.6952 +- 0.0134 | VaLoss: 0.9023 +- 0.0274
200,  0 | TrAcc: 0.7668, TrLoss:  0.64552, VaAcc: 0.7539, VaLoss:  0.60081	 10 sampled NNs | VaAcc: 0.6907 +- 0.0205 | VaLoss: 0.9124 +- 0.0534
201,  0 | TrAcc: 0.7654, TrLoss:  0.64901, VaAcc: 0.7508, VaLoss:  0.59915	 10 sampled NNs | VaAcc: 0.6941 +- 0.0173 | VaLoss: 0.9016 +- 0.0450
202,  0 | TrAcc: 0.7647, TrLoss:  0.64874, VaAcc: 0.7539, VaLoss:  0.59543	 10 sampled NNs | VaAcc: 0.7005 +- 0.0129 | VaLoss: 0.8846 +- 0.0325
203,  0 | TrAcc: 0.7653, TrLoss:  0.65048, VaAcc: 0.7506, VaLoss:  0.60176	 10 sampled NNs | VaAcc: 0.6927 +- 0.0170 | VaLoss: 0.9047 +- 0.0336
204,  0 | TrAcc: 0.7676, TrLoss:  0.64409, VaAcc: 0.7513, VaLoss:  0.59754	 10 sampled NNs | VaAcc: 0.7008 +- 0.0109 | VaLoss: 0.8837 +- 0.0255
205,  0 | TrAcc: 0.7671, TrLoss:  0.64588, VaAcc: 0.7491, VaLoss:  0.60294	 10 sampled NNs | VaAcc: 0.7013 +- 0.0142 | VaLoss: 0.8804 +- 0.0311
206,  0 | TrAcc: 0.7654, TrLoss:  0.64778, VaAcc: 0.7479, VaLoss:  0.60685	 10 sampled NNs | VaAcc: 0.6986 +- 0.0095 | VaLoss: 0.8846 +- 0.0228
207,  0 | TrAcc: 0.7664, TrLoss:  0.64438, VaAcc: 0.7547, VaLoss:  0.59356	 10 sampled NNs | VaAcc: 0.7035 +- 0.0157 | VaLoss: 0.8693 +- 0.0388
208,  0 | TrAcc: 0.7678, TrLoss:  0.64210, VaAcc: 0.7569, VaLoss:  0.58826	 10 sampled NNs | VaAcc: 0.6989 +- 0.0156 | VaLoss: 0.8911 +- 0.0378
209,  0 | TrAcc: 0.7684, TrLoss:  0.63937, VaAcc: 0.7517, VaLoss:  0.60351	 10 sampled NNs | VaAcc: 0.6954 +- 0.0208 | VaLoss: 0.9004 +- 0.0446
210,  0 | TrAcc: 0.7685, TrLoss:  0.63959, VaAcc: 0.7551, VaLoss:  0.59040	 10 sampled NNs | VaAcc: 0.7013 +- 0.0112 | VaLoss: 0.8767 +- 0.0290
211,  0 | TrAcc: 0.7673, TrLoss:  0.64300, VaAcc: 0.7523, VaLoss:  0.60011	 10 sampled NNs | VaAcc: 0.7009 +- 0.0217 | VaLoss: 0.8887 +- 0.0660
212,  0 | TrAcc: 0.7701, TrLoss:  0.63520, VaAcc: 0.7551, VaLoss:  0.59087	 10 sampled NNs | VaAcc: 0.7039 +- 0.0159 | VaLoss: 0.8707 +- 0.0420
213,  0 | TrAcc: 0.7700, TrLoss:  0.63390, VaAcc: 0.7551, VaLoss:  0.57993	 10 sampled NNs | VaAcc: 0.7052 +- 0.0115 | VaLoss: 0.8699 +- 0.0278
214,  0 | TrAcc: 0.7693, TrLoss:  0.63687, VaAcc: 0.7556, VaLoss:  0.58993	 10 sampled NNs | VaAcc: 0.7059 +- 0.0139 | VaLoss: 0.8697 +- 0.0341
215,  0 | TrAcc: 0.7692, TrLoss:  0.63580, VaAcc: 0.7508, VaLoss:  0.59927	 10 sampled NNs | VaAcc: 0.7049 +- 0.0161 | VaLoss: 0.8786 +- 0.0498
216,  0 | TrAcc: 0.7699, TrLoss:  0.63330, VaAcc: 0.7570, VaLoss:  0.59304	 10 sampled NNs | VaAcc: 0.7080 +- 0.0219 | VaLoss: 0.8692 +- 0.0657
217,  0 | TrAcc: 0.7711, TrLoss:  0.63001, VaAcc: 0.7554, VaLoss:  0.59294	 10 sampled NNs | VaAcc: 0.7020 +- 0.0125 | VaLoss: 0.8822 +- 0.0341
218,  0 | TrAcc: 0.7701, TrLoss:  0.63164, VaAcc: 0.7522, VaLoss:  0.59780	 10 sampled NNs | VaAcc: 0.7109 +- 0.0057 | VaLoss: 0.8553 +- 0.0208
219,  0 | TrAcc: 0.7712, TrLoss:  0.63111, VaAcc: 0.7517, VaLoss:  0.59786	 10 sampled NNs | VaAcc: 0.7092 +- 0.0101 | VaLoss: 0.8622 +- 0.0280
220,  0 | TrAcc: 0.7704, TrLoss:  0.63114, VaAcc: 0.7588, VaLoss:  0.57713	 10 sampled NNs | VaAcc: 0.7100 +- 0.0121 | VaLoss: 0.8601 +- 0.0318
221,  0 | TrAcc: 0.7714, TrLoss:  0.62852, VaAcc: 0.7560, VaLoss:  0.58611	 10 sampled NNs | VaAcc: 0.7064 +- 0.0147 | VaLoss: 0.8667 +- 0.0411
222,  0 | TrAcc: 0.7713, TrLoss:  0.62953, VaAcc: 0.7513, VaLoss:  0.59850	 10 sampled NNs | VaAcc: 0.7100 +- 0.0107 | VaLoss: 0.8604 +- 0.0225
223,  0 | TrAcc: 0.7724, TrLoss:  0.62701, VaAcc: 0.7537, VaLoss:  0.58829	 10 sampled NNs | VaAcc: 0.7087 +- 0.0090 | VaLoss: 0.8669 +- 0.0258
224,  0 | TrAcc: 0.7716, TrLoss:  0.63081, VaAcc: 0.7609, VaLoss:  0.57938	 10 sampled NNs | VaAcc: 0.7041 +- 0.0137 | VaLoss: 0.8767 +- 0.0367
225,  0 | TrAcc: 0.7722, TrLoss:  0.62851, VaAcc: 0.7561, VaLoss:  0.58460	 10 sampled NNs | VaAcc: 0.7032 +- 0.0092 | VaLoss: 0.8678 +- 0.0224
226,  0 | TrAcc: 0.7742, TrLoss:  0.62247, VaAcc: 0.7558, VaLoss:  0.58400	 10 sampled NNs | VaAcc: 0.7130 +- 0.0056 | VaLoss: 0.8566 +- 0.0122
227,  0 | TrAcc: 0.7737, TrLoss:  0.62231, VaAcc: 0.7539, VaLoss:  0.59403	 10 sampled NNs | VaAcc: 0.7189 +- 0.0100 | VaLoss: 0.8379 +- 0.0210
228,  0 | TrAcc: 0.7730, TrLoss:  0.62406, VaAcc: 0.7568, VaLoss:  0.58833	 10 sampled NNs | VaAcc: 0.7088 +- 0.0129 | VaLoss: 0.8629 +- 0.0364
229,  0 | TrAcc: 0.7719, TrLoss:  0.62815, VaAcc: 0.7535, VaLoss:  0.59731	 10 sampled NNs | VaAcc: 0.7102 +- 0.0101 | VaLoss: 0.8568 +- 0.0335
230,  0 | TrAcc: 0.7747, TrLoss:  0.62021, VaAcc: 0.7532, VaLoss:  0.59400	 10 sampled NNs | VaAcc: 0.7080 +- 0.0179 | VaLoss: 0.8623 +- 0.0413
231,  0 | TrAcc: 0.7739, TrLoss:  0.62254, VaAcc: 0.7532, VaLoss:  0.59857	 10 sampled NNs | VaAcc: 0.7143 +- 0.0128 | VaLoss: 0.8498 +- 0.0331
232,  0 | TrAcc: 0.7740, TrLoss:  0.61845, VaAcc: 0.7532, VaLoss:  0.59389	 10 sampled NNs | VaAcc: 0.7149 +- 0.0078 | VaLoss: 0.8448 +- 0.0122
233,  0 | TrAcc: 0.7751, TrLoss:  0.61938, VaAcc: 0.7541, VaLoss:  0.58832	 10 sampled NNs | VaAcc: 0.7116 +- 0.0128 | VaLoss: 0.8548 +- 0.0322
234,  0 | TrAcc: 0.7749, TrLoss:  0.62147, VaAcc: 0.7559, VaLoss:  0.58336	 10 sampled NNs | VaAcc: 0.7135 +- 0.0158 | VaLoss: 0.8482 +- 0.0416
235,  0 | TrAcc: 0.7761, TrLoss:  0.61560, VaAcc: 0.7529, VaLoss:  0.59887	 10 sampled NNs | VaAcc: 0.7145 +- 0.0097 | VaLoss: 0.8373 +- 0.0237
236,  0 | TrAcc: 0.7757, TrLoss:  0.61604, VaAcc: 0.7553, VaLoss:  0.58543	 10 sampled NNs | VaAcc: 0.7153 +- 0.0101 | VaLoss: 0.8399 +- 0.0328
237,  0 | TrAcc: 0.7755, TrLoss:  0.61650, VaAcc: 0.7540, VaLoss:  0.59111	 10 sampled NNs | VaAcc: 0.7141 +- 0.0103 | VaLoss: 0.8526 +- 0.0270
238,  0 | TrAcc: 0.7753, TrLoss:  0.61467, VaAcc: 0.7550, VaLoss:  0.59096	 10 sampled NNs | VaAcc: 0.7144 +- 0.0118 | VaLoss: 0.8532 +- 0.0427
239,  0 | TrAcc: 0.7761, TrLoss:  0.61414, VaAcc: 0.7561, VaLoss:  0.58771	 10 sampled NNs | VaAcc: 0.7136 +- 0.0072 | VaLoss: 0.8514 +- 0.0193
240,  0 | TrAcc: 0.7781, TrLoss:  0.61023, VaAcc: 0.7536, VaLoss:  0.59651	 10 sampled NNs | VaAcc: 0.7147 +- 0.0077 | VaLoss: 0.8473 +- 0.0278
241,  0 | TrAcc: 0.7775, TrLoss:  0.61083, VaAcc: 0.7605, VaLoss:  0.57294	 10 sampled NNs | VaAcc: 0.7111 +- 0.0089 | VaLoss: 0.8513 +- 0.0230
242,  0 | TrAcc: 0.7758, TrLoss:  0.61348, VaAcc: 0.7525, VaLoss:  0.59581	 10 sampled NNs | VaAcc: 0.7118 +- 0.0144 | VaLoss: 0.8592 +- 0.0510
243,  0 | TrAcc: 0.7800, TrLoss:  0.60598, VaAcc: 0.7573, VaLoss:  0.58449	 10 sampled NNs | VaAcc: 0.7090 +- 0.0179 | VaLoss: 0.8601 +- 0.0389
244,  0 | TrAcc: 0.7770, TrLoss:  0.61212, VaAcc: 0.7546, VaLoss:  0.58838	 10 sampled NNs | VaAcc: 0.7153 +- 0.0174 | VaLoss: 0.8479 +- 0.0585
245,  0 | TrAcc: 0.7775, TrLoss:  0.61321, VaAcc: 0.7558, VaLoss:  0.59209	 10 sampled NNs | VaAcc: 0.7139 +- 0.0154 | VaLoss: 0.8494 +- 0.0378
246,  0 | TrAcc: 0.7804, TrLoss:  0.60513, VaAcc: 0.7548, VaLoss:  0.58649	 10 sampled NNs | VaAcc: 0.7136 +- 0.0092 | VaLoss: 0.8522 +- 0.0307
247,  0 | TrAcc: 0.7779, TrLoss:  0.61011, VaAcc: 0.7503, VaLoss:  0.59974	 10 sampled NNs | VaAcc: 0.7148 +- 0.0092 | VaLoss: 0.8406 +- 0.0269
248,  0 | TrAcc: 0.7767, TrLoss:  0.61036, VaAcc: 0.7582, VaLoss:  0.57959	 10 sampled NNs | VaAcc: 0.7204 +- 0.0106 | VaLoss: 0.8325 +- 0.0260
249,  0 | TrAcc: 0.7779, TrLoss:  0.61027, VaAcc: 0.7575, VaLoss:  0.57858	 10 sampled NNs | VaAcc: 0.7214 +- 0.0127 | VaLoss: 0.8298 +- 0.0293
250,  0 | TrAcc: 0.7782, TrLoss:  0.60896, VaAcc: 0.7606, VaLoss:  0.57189	 10 sampled NNs | VaAcc: 0.7183 +- 0.0092 | VaLoss: 0.8351 +- 0.0310
251,  0 | TrAcc: 0.7769, TrLoss:  0.60980, VaAcc: 0.7565, VaLoss:  0.58997	 10 sampled NNs | VaAcc: 0.7199 +- 0.0129 | VaLoss: 0.8374 +- 0.0353
252,  0 | TrAcc: 0.7816, TrLoss:  0.60042, VaAcc: 0.7553, VaLoss:  0.58836	 10 sampled NNs | VaAcc: 0.7198 +- 0.0124 | VaLoss: 0.8377 +- 0.0259
253,  0 | TrAcc: 0.7794, TrLoss:  0.60638, VaAcc: 0.7584, VaLoss:  0.58165	 10 sampled NNs | VaAcc: 0.7147 +- 0.0092 | VaLoss: 0.8473 +- 0.0251
254,  0 | TrAcc: 0.7808, TrLoss:  0.60191, VaAcc: 0.7594, VaLoss:  0.58174	 10 sampled NNs | VaAcc: 0.7207 +- 0.0124 | VaLoss: 0.8309 +- 0.0347
255,  0 | TrAcc: 0.7802, TrLoss:  0.60308, VaAcc: 0.7548, VaLoss:  0.58871	 10 sampled NNs | VaAcc: 0.7246 +- 0.0066 | VaLoss: 0.8237 +- 0.0188
256,  0 | TrAcc: 0.7802, TrLoss:  0.59980, VaAcc: 0.7549, VaLoss:  0.58767	 10 sampled NNs | VaAcc: 0.7202 +- 0.0092 | VaLoss: 0.8338 +- 0.0253
257,  0 | TrAcc: 0.7802, TrLoss:  0.60160, VaAcc: 0.7566, VaLoss:  0.58499	 10 sampled NNs | VaAcc: 0.7220 +- 0.0065 | VaLoss: 0.8283 +- 0.0193
258,  0 | TrAcc: 0.7795, TrLoss:  0.60312, VaAcc: 0.7593, VaLoss:  0.57966	 10 sampled NNs | VaAcc: 0.7251 +- 0.0108 | VaLoss: 0.8187 +- 0.0281
259,  0 | TrAcc: 0.7819, TrLoss:  0.59661, VaAcc: 0.7553, VaLoss:  0.59119	 10 sampled NNs | VaAcc: 0.7237 +- 0.0118 | VaLoss: 0.8183 +- 0.0316
260,  0 | TrAcc: 0.7817, TrLoss:  0.59859, VaAcc: 0.7557, VaLoss:  0.59171	 10 sampled NNs | VaAcc: 0.7231 +- 0.0156 | VaLoss: 0.8169 +- 0.0327
261,  0 | TrAcc: 0.7808, TrLoss:  0.60034, VaAcc: 0.7532, VaLoss:  0.59275	 10 sampled NNs | VaAcc: 0.7184 +- 0.0107 | VaLoss: 0.8361 +- 0.0250
262,  0 | TrAcc: 0.7817, TrLoss:  0.59941, VaAcc: 0.7591, VaLoss:  0.58078	 10 sampled NNs | VaAcc: 0.7253 +- 0.0102 | VaLoss: 0.8197 +- 0.0252
263,  0 | TrAcc: 0.7804, TrLoss:  0.60017, VaAcc: 0.7554, VaLoss:  0.59085	 10 sampled NNs | VaAcc: 0.7257 +- 0.0087 | VaLoss: 0.8230 +- 0.0256
264,  0 | TrAcc: 0.7819, TrLoss:  0.59862, VaAcc: 0.7541, VaLoss:  0.59288	 10 sampled NNs | VaAcc: 0.7213 +- 0.0105 | VaLoss: 0.8306 +- 0.0308
265,  0 | TrAcc: 0.7817, TrLoss:  0.59851, VaAcc: 0.7580, VaLoss:  0.57882	 10 sampled NNs | VaAcc: 0.7255 +- 0.0082 | VaLoss: 0.8183 +- 0.0222
266,  0 | TrAcc: 0.7825, TrLoss:  0.59636, VaAcc: 0.7583, VaLoss:  0.58876	 10 sampled NNs | VaAcc: 0.7167 +- 0.0122 | VaLoss: 0.8411 +- 0.0307
267,  0 | TrAcc: 0.7834, TrLoss:  0.59416, VaAcc: 0.7565, VaLoss:  0.58311	 10 sampled NNs | VaAcc: 0.7263 +- 0.0081 | VaLoss: 0.8150 +- 0.0215
268,  0 | TrAcc: 0.7823, TrLoss:  0.59591, VaAcc: 0.7593, VaLoss:  0.58018	 10 sampled NNs | VaAcc: 0.7260 +- 0.0082 | VaLoss: 0.8119 +- 0.0214
269,  0 | TrAcc: 0.7830, TrLoss:  0.59502, VaAcc: 0.7592, VaLoss:  0.58877	 10 sampled NNs | VaAcc: 0.7232 +- 0.0091 | VaLoss: 0.8244 +- 0.0240
270,  0 | TrAcc: 0.7830, TrLoss:  0.59341, VaAcc: 0.7593, VaLoss:  0.58048	 10 sampled NNs | VaAcc: 0.7196 +- 0.0106 | VaLoss: 0.8337 +- 0.0317
271,  0 | TrAcc: 0.7849, TrLoss:  0.58921, VaAcc: 0.7538, VaLoss:  0.59260	 10 sampled NNs | VaAcc: 0.7177 +- 0.0124 | VaLoss: 0.8367 +- 0.0300
272,  0 | TrAcc: 0.7844, TrLoss:  0.58875, VaAcc: 0.7574, VaLoss:  0.58053	 10 sampled NNs | VaAcc: 0.7295 +- 0.0053 | VaLoss: 0.8053 +- 0.0156
273,  0 | TrAcc: 0.7845, TrLoss:  0.58947, VaAcc: 0.7584, VaLoss:  0.58340	 10 sampled NNs | VaAcc: 0.7218 +- 0.0102 | VaLoss: 0.8268 +- 0.0252
274,  0 | TrAcc: 0.7832, TrLoss:  0.59488, VaAcc: 0.7536, VaLoss:  0.59419	 10 sampled NNs | VaAcc: 0.7166 +- 0.0113 | VaLoss: 0.8449 +- 0.0250
275,  0 | TrAcc: 0.7825, TrLoss:  0.59495, VaAcc: 0.7585, VaLoss:  0.58540	 10 sampled NNs | VaAcc: 0.7241 +- 0.0074 | VaLoss: 0.8179 +- 0.0162
276,  0 | TrAcc: 0.7845, TrLoss:  0.58827, VaAcc: 0.7536, VaLoss:  0.59333	 10 sampled NNs | VaAcc: 0.7205 +- 0.0141 | VaLoss: 0.8289 +- 0.0354
277,  0 | TrAcc: 0.7852, TrLoss:  0.58635, VaAcc: 0.7532, VaLoss:  0.59664	 10 sampled NNs | VaAcc: 0.7163 +- 0.0112 | VaLoss: 0.8364 +- 0.0263
278,  0 | TrAcc: 0.7846, TrLoss:  0.59000, VaAcc: 0.7548, VaLoss:  0.59050	 10 sampled NNs | VaAcc: 0.7186 +- 0.0112 | VaLoss: 0.8367 +- 0.0196
279,  0 | TrAcc: 0.7862, TrLoss:  0.58734, VaAcc: 0.7538, VaLoss:  0.59559	 10 sampled NNs | VaAcc: 0.7251 +- 0.0072 | VaLoss: 0.8172 +- 0.0191
280,  0 | TrAcc: 0.7842, TrLoss:  0.59138, VaAcc: 0.7565, VaLoss:  0.58783	 10 sampled NNs | VaAcc: 0.7283 +- 0.0079 | VaLoss: 0.8096 +- 0.0223
281,  0 | TrAcc: 0.7848, TrLoss:  0.58977, VaAcc: 0.7579, VaLoss:  0.58475	 10 sampled NNs | VaAcc: 0.7230 +- 0.0077 | VaLoss: 0.8241 +- 0.0210
282,  0 | TrAcc: 0.7857, TrLoss:  0.58607, VaAcc: 0.7574, VaLoss:  0.58517	 10 sampled NNs | VaAcc: 0.7252 +- 0.0109 | VaLoss: 0.8189 +- 0.0280
283,  0 | TrAcc: 0.7872, TrLoss:  0.58226, VaAcc: 0.7583, VaLoss:  0.58869	 10 sampled NNs | VaAcc: 0.7261 +- 0.0113 | VaLoss: 0.8187 +- 0.0270
284,  0 | TrAcc: 0.7868, TrLoss:  0.58337, VaAcc: 0.7589, VaLoss:  0.57843	 10 sampled NNs | VaAcc: 0.7243 +- 0.0103 | VaLoss: 0.8187 +- 0.0308
285,  0 | TrAcc: 0.7855, TrLoss:  0.58619, VaAcc: 0.7563, VaLoss:  0.58847	 10 sampled NNs | VaAcc: 0.7251 +- 0.0123 | VaLoss: 0.8170 +- 0.0189
286,  0 | TrAcc: 0.7874, TrLoss:  0.58262, VaAcc: 0.7584, VaLoss:  0.58564	 10 sampled NNs | VaAcc: 0.7298 +- 0.0095 | VaLoss: 0.8086 +- 0.0280
287,  0 | TrAcc: 0.7857, TrLoss:  0.58518, VaAcc: 0.7600, VaLoss:  0.58524	 10 sampled NNs | VaAcc: 0.7301 +- 0.0105 | VaLoss: 0.8015 +- 0.0274
288,  0 | TrAcc: 0.7879, TrLoss:  0.57906, VaAcc: 0.7519, VaLoss:  0.59801	 10 sampled NNs | VaAcc: 0.7234 +- 0.0097 | VaLoss: 0.8240 +- 0.0191
289,  0 | TrAcc: 0.7858, TrLoss:  0.58567, VaAcc: 0.7540, VaLoss:  0.58985	 10 sampled NNs | VaAcc: 0.7227 +- 0.0061 | VaLoss: 0.8261 +- 0.0165
290,  0 | TrAcc: 0.7863, TrLoss:  0.58427, VaAcc: 0.7564, VaLoss:  0.58740	 10 sampled NNs | VaAcc: 0.7222 +- 0.0084 | VaLoss: 0.8266 +- 0.0202
291,  0 | TrAcc: 0.7880, TrLoss:  0.57776, VaAcc: 0.7561, VaLoss:  0.59319	 10 sampled NNs | VaAcc: 0.7279 +- 0.0074 | VaLoss: 0.8122 +- 0.0270
292,  0 | TrAcc: 0.7884, TrLoss:  0.57756, VaAcc: 0.7594, VaLoss:  0.58279	 10 sampled NNs | VaAcc: 0.7265 +- 0.0094 | VaLoss: 0.8142 +- 0.0260
293,  0 | TrAcc: 0.7885, TrLoss:  0.57962, VaAcc: 0.7589, VaLoss:  0.58532	 10 sampled NNs | VaAcc: 0.7291 +- 0.0040 | VaLoss: 0.8100 +- 0.0139
294,  0 | TrAcc: 0.7870, TrLoss:  0.58004, VaAcc: 0.7549, VaLoss:  0.59798	 10 sampled NNs | VaAcc: 0.7211 +- 0.0082 | VaLoss: 0.8216 +- 0.0248
295,  0 | TrAcc: 0.7867, TrLoss:  0.57969, VaAcc: 0.7554, VaLoss:  0.58923	 10 sampled NNs | VaAcc: 0.7286 +- 0.0067 | VaLoss: 0.8152 +- 0.0174
296,  0 | TrAcc: 0.7876, TrLoss:  0.57925, VaAcc: 0.7607, VaLoss:  0.57973	 10 sampled NNs | VaAcc: 0.7239 +- 0.0102 | VaLoss: 0.8173 +- 0.0237
297,  0 | TrAcc: 0.7889, TrLoss:  0.57909, VaAcc: 0.7564, VaLoss:  0.58722	 10 sampled NNs | VaAcc: 0.7263 +- 0.0105 | VaLoss: 0.8138 +- 0.0252
298,  0 | TrAcc: 0.7882, TrLoss:  0.57729, VaAcc: 0.7561, VaLoss:  0.59185	 10 sampled NNs | VaAcc: 0.7277 +- 0.0073 | VaLoss: 0.8113 +- 0.0130
299,  0 | TrAcc: 0.7875, TrLoss:  0.57979, VaAcc: 0.7585, VaLoss:  0.58859	 10 sampled NNs | VaAcc: 0.7258 +- 0.0068 | VaLoss: 0.8189 +- 0.0177
300,  0 | TrAcc: 0.7896, TrLoss:  0.57472, VaAcc: 0.7576, VaLoss:  0.58787	 10 sampled NNs | VaAcc: 0.7282 +- 0.0067 | VaLoss: 0.8145 +- 0.0191
301,  0 | TrAcc: 0.7889, TrLoss:  0.57713, VaAcc: 0.7582, VaLoss:  0.58954	 10 sampled NNs | VaAcc: 0.7292 +- 0.0085 | VaLoss: 0.8090 +- 0.0215
302,  0 | TrAcc: 0.7883, TrLoss:  0.57656, VaAcc: 0.7585, VaLoss:  0.58380	 10 sampled NNs | VaAcc: 0.7271 +- 0.0065 | VaLoss: 0.8156 +- 0.0196
303,  0 | TrAcc: 0.7888, TrLoss:  0.57794, VaAcc: 0.7561, VaLoss:  0.59148	 10 sampled NNs | VaAcc: 0.7306 +- 0.0057 | VaLoss: 0.8085 +- 0.0182
304,  0 | TrAcc: 0.7880, TrLoss:  0.57943, VaAcc: 0.7583, VaLoss:  0.58616	 10 sampled NNs | VaAcc: 0.7265 +- 0.0040 | VaLoss: 0.8110 +- 0.0160
305,  0 | TrAcc: 0.7902, TrLoss:      nan, VaAcc: 0.7533, VaLoss:      nan	 10 sampled NNs | VaAcc: 0.7295 +- 0.0083 | VaLoss: 0.8100 +- 0.0252
306,  0 | TrAcc: 0.7900, TrLoss:  0.57301, VaAcc: 0.7571, VaLoss:  0.58689	 10 sampled NNs | VaAcc: 0.7299 +- 0.0082 | VaLoss: 0.8052 +- 0.0233
307,  0 | TrAcc: 0.7903, TrLoss:  0.57121, VaAcc: 0.7599, VaLoss:  0.58078	 10 sampled NNs | VaAcc: 0.7331 +- 0.0070 | VaLoss: 0.8033 +- 0.0214
308,  0 | TrAcc: 0.7885, TrLoss:  0.57576, VaAcc: 0.7598, VaLoss:  0.58302	 10 sampled NNs | VaAcc: 0.7300 +- 0.0092 | VaLoss: 0.8045 +- 0.0192
309,  0 | TrAcc: 0.7895, TrLoss:  0.57294, VaAcc: 0.7618, VaLoss:  0.58093	 10 sampled NNs | VaAcc: 0.7316 +- 0.0093 | VaLoss: 0.7974 +- 0.0218
310,  0 | TrAcc: 0.7910, TrLoss:  0.56881, VaAcc: 0.7608, VaLoss:  0.58000	 10 sampled NNs | VaAcc: 0.7268 +- 0.0077 | VaLoss: 0.8170 +- 0.0170
311,  0 | TrAcc: 0.7896, TrLoss:  0.57333, VaAcc: 0.7592, VaLoss:  0.57856	 10 sampled NNs | VaAcc: 0.7305 +- 0.0039 | VaLoss: 0.8078 +- 0.0143
312,  0 | TrAcc: 0.7913, TrLoss:  0.56902, VaAcc: 0.7540, VaLoss:  0.59563	 10 sampled NNs | VaAcc: 0.7259 +- 0.0131 | VaLoss: 0.8149 +- 0.0309
313,  0 | TrAcc: 0.7919, TrLoss:  0.56780, VaAcc: 0.7599, VaLoss:  0.58942	 10 sampled NNs | VaAcc: 0.7279 +- 0.0096 | VaLoss: 0.8096 +- 0.0236
314,  0 | TrAcc: 0.7900, TrLoss:  0.57351, VaAcc: 0.7600, VaLoss:  0.58046	 10 sampled NNs | VaAcc: 0.7266 +- 0.0075 | VaLoss: 0.8172 +- 0.0248
315,  0 | TrAcc: 0.7914, TrLoss:  0.56915, VaAcc: 0.7603, VaLoss:  0.58479	 10 sampled NNs | VaAcc: 0.7221 +- 0.0046 | VaLoss: 0.8227 +- 0.0137
316,  0 | TrAcc: 0.7896, TrLoss:  0.57383, VaAcc: 0.7575, VaLoss:  0.59240	 10 sampled NNs | VaAcc: 0.7293 +- 0.0092 | VaLoss: 0.8030 +- 0.0225
317,  0 | TrAcc: 0.7908, TrLoss:  0.56663, VaAcc: 0.7567, VaLoss:  0.59090	 10 sampled NNs | VaAcc: 0.7301 +- 0.0056 | VaLoss: 0.8031 +- 0.0134
318,  0 | TrAcc: 0.7929, TrLoss:  0.56581, VaAcc: 0.7536, VaLoss:  0.59275	 10 sampled NNs | VaAcc: 0.7302 +- 0.0066 | VaLoss: 0.8106 +- 0.0262
319,  0 | TrAcc: 0.7903, TrLoss:  0.57135, VaAcc: 0.7600, VaLoss:  0.58743	 10 sampled NNs | VaAcc: 0.7327 +- 0.0082 | VaLoss: 0.7997 +- 0.0207
320,  0 | TrAcc: 0.7930, TrLoss:  0.56485, VaAcc: 0.7597, VaLoss:  0.58544	 10 sampled NNs | VaAcc: 0.7334 +- 0.0112 | VaLoss: 0.8013 +- 0.0349
321,  0 | TrAcc: 0.7921, TrLoss:  0.56847, VaAcc: 0.7586, VaLoss:  0.57876	 10 sampled NNs | VaAcc: 0.7324 +- 0.0141 | VaLoss: 0.8010 +- 0.0385
322,  0 | TrAcc: 0.7921, TrLoss:  0.56957, VaAcc: 0.7556, VaLoss:  0.59004	 10 sampled NNs | VaAcc: 0.7278 +- 0.0055 | VaLoss: 0.8097 +- 0.0134
323,  0 | TrAcc: 0.7914, TrLoss:  0.56949, VaAcc: 0.7600, VaLoss:  0.57915	 10 sampled NNs | VaAcc: 0.7276 +- 0.0100 | VaLoss: 0.8097 +- 0.0258
324,  0 | TrAcc: 0.7926, TrLoss:  0.56462, VaAcc: 0.7596, VaLoss:  0.58680	 10 sampled NNs | VaAcc: 0.7356 +- 0.0079 | VaLoss: 0.7904 +- 0.0179
325,  0 | TrAcc: 0.7925, TrLoss:  0.56514, VaAcc: 0.7556, VaLoss:  0.59167	 10 sampled NNs | VaAcc: 0.7326 +- 0.0043 | VaLoss: 0.8013 +- 0.0167
326,  0 | TrAcc: 0.7926, TrLoss:  0.56589, VaAcc: 0.7572, VaLoss:  0.59366	 10 sampled NNs | VaAcc: 0.7317 +- 0.0100 | VaLoss: 0.8048 +- 0.0251
327,  0 | TrAcc: 0.7922, TrLoss:  0.56424, VaAcc: 0.7607, VaLoss:  0.58023	 10 sampled NNs | VaAcc: 0.7274 +- 0.0086 | VaLoss: 0.8141 +- 0.0262
328,  0 | TrAcc: 0.7937, TrLoss:  0.56282, VaAcc: 0.7593, VaLoss:  0.58624	 10 sampled NNs | VaAcc: 0.7307 +- 0.0081 | VaLoss: 0.8009 +- 0.0237
329,  0 | TrAcc: 0.7929, TrLoss:  0.56277, VaAcc: 0.7575, VaLoss:  0.59246	 10 sampled NNs | VaAcc: 0.7297 +- 0.0076 | VaLoss: 0.8094 +- 0.0214
330,  0 | TrAcc: 0.7933, TrLoss:  0.56077, VaAcc: 0.7602, VaLoss:  0.58336	 10 sampled NNs | VaAcc: 0.7304 +- 0.0079 | VaLoss: 0.8082 +- 0.0228
331,  0 | TrAcc: 0.7927, TrLoss:  0.56282, VaAcc: 0.7602, VaLoss:  0.58577	 10 sampled NNs | VaAcc: 0.7326 +- 0.0057 | VaLoss: 0.7953 +- 0.0125
332,  0 | TrAcc: 0.7940, TrLoss:  0.56195, VaAcc: 0.7577, VaLoss:  0.58971	 10 sampled NNs | VaAcc: 0.7312 +- 0.0051 | VaLoss: 0.8034 +- 0.0101
333,  0 | TrAcc: 0.7938, TrLoss:  0.56134, VaAcc: 0.7618, VaLoss:  0.58119	 10 sampled NNs | VaAcc: 0.7352 +- 0.0034 | VaLoss: 0.7947 +- 0.0109
334,  0 | TrAcc: 0.7930, TrLoss:  0.56218, VaAcc: 0.7605, VaLoss:  0.59108	 10 sampled NNs | VaAcc: 0.7330 +- 0.0106 | VaLoss: 0.7995 +- 0.0218
335,  0 | TrAcc: 0.7953, TrLoss:  0.55839, VaAcc: 0.7563, VaLoss:  0.59373	 10 sampled NNs | VaAcc: 0.7345 +- 0.0080 | VaLoss: 0.7953 +- 0.0181
336,  0 | TrAcc: 0.7932, TrLoss:  0.56320, VaAcc: 0.7580, VaLoss:  0.59400	 10 sampled NNs | VaAcc: 0.7393 +- 0.0072 | VaLoss: 0.7822 +- 0.0190
337,  0 | TrAcc: 0.7934, TrLoss:  0.56062, VaAcc: 0.7577, VaLoss:  0.59452	 10 sampled NNs | VaAcc: 0.7343 +- 0.0080 | VaLoss: 0.7927 +- 0.0226
338,  0 | TrAcc: 0.7945, TrLoss:  0.56031, VaAcc: 0.7616, VaLoss:  0.58443	 10 sampled NNs | VaAcc: 0.7369 +- 0.0112 | VaLoss: 0.7925 +- 0.0312
339,  0 | TrAcc: 0.7952, TrLoss:  0.55894, VaAcc: 0.7607, VaLoss:  0.58008	 10 sampled NNs | VaAcc: 0.7285 +- 0.0068 | VaLoss: 0.8066 +- 0.0184
340,  0 | TrAcc: 0.7956, TrLoss:  0.55783, VaAcc: 0.7593, VaLoss:  0.58922	 10 sampled NNs | VaAcc: 0.7324 +- 0.0090 | VaLoss: 0.7980 +- 0.0218
341,  0 | TrAcc: 0.7946, TrLoss:  0.55936, VaAcc: 0.7575, VaLoss:  0.58723	 10 sampled NNs | VaAcc: 0.7370 +- 0.0060 | VaLoss: 0.7910 +- 0.0188
342,  0 | TrAcc: 0.7952, TrLoss:  0.55889, VaAcc: 0.7567, VaLoss:  0.59047	 10 sampled NNs | VaAcc: 0.7350 +- 0.0056 | VaLoss: 0.7910 +- 0.0195
343,  0 | TrAcc: 0.7950, TrLoss:  0.55814, VaAcc: 0.7594, VaLoss:  0.58929	 10 sampled NNs | VaAcc: 0.7373 +- 0.0078 | VaLoss: 0.7928 +- 0.0221
344,  0 | TrAcc: 0.7958, TrLoss:  0.55671, VaAcc: 0.7601, VaLoss:  0.58530	 10 sampled NNs | VaAcc: 0.7330 +- 0.0051 | VaLoss: 0.7954 +- 0.0144
345,  0 | TrAcc: 0.7954, TrLoss:  0.55764, VaAcc: 0.7612, VaLoss:  0.58068	 10 sampled NNs | VaAcc: 0.7361 +- 0.0073 | VaLoss: 0.7913 +- 0.0192
346,  0 | TrAcc: 0.7942, TrLoss:  0.55922, VaAcc: 0.7582, VaLoss:  0.59584	 10 sampled NNs | VaAcc: 0.7330 +- 0.0051 | VaLoss: 0.7996 +- 0.0190
347,  0 | TrAcc: 0.7950, TrLoss:      nan, VaAcc: 0.7562, VaLoss:      nan	 10 sampled NNs | VaAcc: 0.7338 +- 0.0065 | VaLoss: 0.7994 +- 0.0175
348,  0 | TrAcc: 0.7953, TrLoss:  0.55673, VaAcc: 0.7580, VaLoss:  0.59172	 10 sampled NNs | VaAcc: 0.7312 +- 0.0069 | VaLoss: 0.8050 +- 0.0196
349,  0 | TrAcc: 0.7954, TrLoss:  0.55848, VaAcc: 0.7594, VaLoss:  0.59177	 10 sampled NNs | VaAcc: 0.7311 +- 0.0114 | VaLoss: 0.8040 +- 0.0346
350,  0 | TrAcc: 0.7952, TrLoss:  0.55768, VaAcc: 0.7565, VaLoss:  0.59522	 10 sampled NNs | VaAcc: 0.7326 +- 0.0080 | VaLoss: 0.8000 +- 0.0209
351,  0 | TrAcc: 0.7964, TrLoss:  0.55619, VaAcc: 0.7617, VaLoss:  0.58305	 10 sampled NNs | VaAcc: 0.7300 +- 0.0071 | VaLoss: 0.8010 +- 0.0194
352,  0 | TrAcc: 0.7948, TrLoss:  0.55838, VaAcc: 0.7600, VaLoss:  0.58658	 10 sampled NNs | VaAcc: 0.7363 +- 0.0072 | VaLoss: 0.7919 +- 0.0225
353,  0 | TrAcc: 0.7952, TrLoss:  0.55760, VaAcc: 0.7564, VaLoss:  0.60251	 10 sampled NNs | VaAcc: 0.7336 +- 0.0060 | VaLoss: 0.7984 +- 0.0243
354,  0 | TrAcc: 0.7956, TrLoss:  0.55614, VaAcc: 0.7596, VaLoss:  0.58921	 10 sampled NNs | VaAcc: 0.7370 +- 0.0069 | VaLoss: 0.7896 +- 0.0207
355,  0 | TrAcc: 0.7955, TrLoss:  0.55622, VaAcc: 0.7559, VaLoss:  0.60020	 10 sampled NNs | VaAcc: 0.7384 +- 0.0040 | VaLoss: 0.7861 +- 0.0137
356,  0 | TrAcc: 0.7952, TrLoss:  0.55622, VaAcc: 0.7603, VaLoss:  0.58929	 10 sampled NNs | VaAcc: 0.7372 +- 0.0046 | VaLoss: 0.7910 +- 0.0140
357,  0 | TrAcc: 0.7989, TrLoss:  0.54788, VaAcc: 0.7599, VaLoss:  0.58388	 10 sampled NNs | VaAcc: 0.7325 +- 0.0035 | VaLoss: 0.8013 +- 0.0119
358,  0 | TrAcc: 0.7985, TrLoss:  0.55013, VaAcc: 0.7561, VaLoss:  0.60466	 10 sampled NNs | VaAcc: 0.7328 +- 0.0069 | VaLoss: 0.7989 +- 0.0117
359,  0 | TrAcc: 0.7960, TrLoss:  0.55378, VaAcc: 0.7579, VaLoss:  0.58717	 10 sampled NNs | VaAcc: 0.7367 +- 0.0073 | VaLoss: 0.7889 +- 0.0226
360,  0 | TrAcc: 0.7970, TrLoss:  0.55289, VaAcc: 0.7612, VaLoss:  0.59152	 10 sampled NNs | VaAcc: 0.7331 +- 0.0057 | VaLoss: 0.8018 +- 0.0142
361,  0 | TrAcc: 0.7972, TrLoss:  0.55300, VaAcc: 0.7574, VaLoss:  0.59028	 10 sampled NNs | VaAcc: 0.7341 +- 0.0063 | VaLoss: 0.8003 +- 0.0191
362,  0 | TrAcc: 0.7965, TrLoss:  0.55436, VaAcc: 0.7593, VaLoss:  0.58491	 10 sampled NNs | VaAcc: 0.7385 +- 0.0064 | VaLoss: 0.7830 +- 0.0189
363,  0 | TrAcc: 0.7963, TrLoss:  0.55633, VaAcc: 0.7560, VaLoss:  0.60214	 10 sampled NNs | VaAcc: 0.7370 +- 0.0091 | VaLoss: 0.7913 +- 0.0232
364,  0 | TrAcc: 0.7973, TrLoss:  0.55154, VaAcc: 0.7556, VaLoss:  0.60182	 10 sampled NNs | VaAcc: 0.7327 +- 0.0123 | VaLoss: 0.8040 +- 0.0293
365,  0 | TrAcc: 0.7969, TrLoss:  0.55202, VaAcc: 0.7532, VaLoss:  0.60957	 10 sampled NNs | VaAcc: 0.7379 +- 0.0062 | VaLoss: 0.7885 +- 0.0174
366,  0 | TrAcc: 0.7971, TrLoss:  0.55280, VaAcc: 0.7572, VaLoss:  0.59748	 10 sampled NNs | VaAcc: 0.7347 +- 0.0067 | VaLoss: 0.8001 +- 0.0254
367,  0 | TrAcc: 0.7974, TrLoss:      nan, VaAcc: 0.7602, VaLoss:      nan	 10 sampled NNs | VaAcc: 0.7351 +- 0.0082 | VaLoss: 0.7982 +- 0.0246
368,  0 | TrAcc: 0.7977, TrLoss:  0.54835, VaAcc: 0.7616, VaLoss:  0.58465	 10 sampled NNs | VaAcc: 0.7370 +- 0.0070 | VaLoss: 0.7881 +- 0.0191
369,  0 | TrAcc: 0.7969, TrLoss:  0.55386, VaAcc: 0.7584, VaLoss:  0.59011	 10 sampled NNs | VaAcc: 0.7384 +- 0.0050 | VaLoss: 0.7887 +- 0.0140
370,  0 | TrAcc: 0.7984, TrLoss:  0.54719, VaAcc: 0.7582, VaLoss:  0.59760	 10 sampled NNs | VaAcc: 0.7373 +- 0.0091 | VaLoss: 0.7867 +- 0.0243
371,  0 | TrAcc: 0.7988, TrLoss:  0.54894, VaAcc: 0.7638, VaLoss:  0.58425	 10 sampled NNs | VaAcc: 0.7385 +- 0.0068 | VaLoss: 0.7882 +- 0.0167
372,  0 | TrAcc: 0.8001, TrLoss:  0.54350, VaAcc: 0.7588, VaLoss:  0.58963	 10 sampled NNs | VaAcc: 0.7339 +- 0.0079 | VaLoss: 0.7946 +- 0.0209
373,  0 | TrAcc: 0.7984, TrLoss:  0.54843, VaAcc: 0.7596, VaLoss:  0.58861	 10 sampled NNs | VaAcc: 0.7365 +- 0.0076 | VaLoss: 0.7905 +- 0.0185
374,  0 | TrAcc: 0.7980, TrLoss:  0.55014, VaAcc: 0.7547, VaLoss:  0.60506	 10 sampled NNs | VaAcc: 0.7372 +- 0.0100 | VaLoss: 0.7939 +- 0.0280
375,  0 | TrAcc: 0.8000, TrLoss:      nan, VaAcc: 0.7553, VaLoss:      nan	 10 sampled NNs | VaAcc: 0.7378 +- 0.0105 | VaLoss: 0.7912 +- 0.0320
376,  0 | TrAcc: 0.7986, TrLoss:  0.54803, VaAcc: 0.7607, VaLoss:  0.58875	 10 sampled NNs | VaAcc: 0.7412 +- 0.0059 | VaLoss: 0.7790 +- 0.0138
377,  0 | TrAcc: 0.8001, TrLoss:  0.54732, VaAcc: 0.7510, VaLoss:  0.61776	 10 sampled NNs | VaAcc: 0.7391 +- 0.0088 | VaLoss: 0.7867 +- 0.0233
378,  0 | TrAcc: 0.7980, TrLoss:  0.54875, VaAcc: 0.7585, VaLoss:  0.59236	 10 sampled NNs | VaAcc: 0.7359 +- 0.0107 | VaLoss: 0.7934 +- 0.0280
379,  0 | TrAcc: 0.7995, TrLoss:  0.54736, VaAcc: 0.7551, VaLoss:  0.60284	 10 sampled NNs | VaAcc: 0.7403 +- 0.0035 | VaLoss: 0.7816 +- 0.0168
380,  0 | TrAcc: 0.7996, TrLoss:  0.54556, VaAcc: 0.7578, VaLoss:  0.59835	 10 sampled NNs | VaAcc: 0.7376 +- 0.0057 | VaLoss: 0.7873 +- 0.0181
381,  0 | TrAcc: 0.7985, TrLoss:  0.54698, VaAcc: 0.7572, VaLoss:  0.59564	 10 sampled NNs | VaAcc: 0.7381 +- 0.0092 | VaLoss: 0.7846 +- 0.0213
382,  0 | TrAcc: 0.8004, TrLoss:  0.54374, VaAcc: 0.7516, VaLoss:  0.60804	 10 sampled NNs | VaAcc: 0.7335 +- 0.0077 | VaLoss: 0.7980 +- 0.0262
383,  0 | TrAcc: 0.7990, TrLoss:  0.54613, VaAcc: 0.7543, VaLoss:  0.60675	 10 sampled NNs | VaAcc: 0.7374 +- 0.0045 | VaLoss: 0.7914 +- 0.0177
384,  0 | TrAcc: 0.8005, TrLoss:  0.54519, VaAcc: 0.7561, VaLoss:  0.59880	 10 sampled NNs | VaAcc: 0.7394 +- 0.0060 | VaLoss: 0.7849 +- 0.0139
385,  0 | TrAcc: 0.8002, TrLoss:  0.54353, VaAcc: 0.7587, VaLoss:  0.60044	 10 sampled NNs | VaAcc: 0.7363 +- 0.0094 | VaLoss: 0.7974 +- 0.0318
386,  0 | TrAcc: 0.8014, TrLoss:  0.54118, VaAcc: 0.7620, VaLoss:  0.58382	 10 sampled NNs | VaAcc: 0.7390 +- 0.0057 | VaLoss: 0.7878 +- 0.0176
387,  0 | TrAcc: 0.8005, TrLoss:  0.54338, VaAcc: 0.7620, VaLoss:  0.58698	 10 sampled NNs | VaAcc: 0.7362 +- 0.0114 | VaLoss: 0.7977 +- 0.0299
388,  0 | TrAcc: 0.8005, TrLoss:  0.54348, VaAcc: 0.7628, VaLoss:  0.58299	 10 sampled NNs | VaAcc: 0.7413 +- 0.0077 | VaLoss: 0.7846 +- 0.0174
389,  0 | TrAcc: 0.8001, TrLoss:  0.54379, VaAcc: 0.7611, VaLoss:  0.59279	 10 sampled NNs | VaAcc: 0.7393 +- 0.0057 | VaLoss: 0.7882 +- 0.0161
390,  0 | TrAcc: 0.8025, TrLoss:      nan, VaAcc: 0.7556, VaLoss:      nan	 10 sampled NNs | VaAcc: 0.7387 +- 0.0051 | VaLoss: 0.7887 +- 0.0100
391,  0 | TrAcc: 0.7998, TrLoss:  0.54554, VaAcc: 0.7589, VaLoss:  0.59799	 10 sampled NNs | VaAcc: 0.7355 +- 0.0064 | VaLoss: 0.7957 +- 0.0173
392,  0 | TrAcc: 0.8019, TrLoss:  0.54121, VaAcc: 0.7620, VaLoss:  0.58893	 10 sampled NNs | VaAcc: 0.7412 +- 0.0059 | VaLoss: 0.7829 +- 0.0190
393,  0 | TrAcc: 0.8024, TrLoss:  0.53950, VaAcc: 0.7594, VaLoss:  0.59828	 10 sampled NNs | VaAcc: 0.7411 +- 0.0060 | VaLoss: 0.7851 +- 0.0207
394,  0 | TrAcc: 0.8010, TrLoss:  0.54037, VaAcc: 0.7588, VaLoss:  0.59569	 10 sampled NNs | VaAcc: 0.7426 +- 0.0057 | VaLoss: 0.7813 +- 0.0192
395,  0 | TrAcc: 0.7994, TrLoss:  0.54516, VaAcc: 0.7573, VaLoss:  0.59814	 10 sampled NNs | VaAcc: 0.7382 +- 0.0043 | VaLoss: 0.7831 +- 0.0144
396,  0 | TrAcc: 0.8001, TrLoss:  0.54514, VaAcc: 0.7579, VaLoss:  0.59599	 10 sampled NNs | VaAcc: 0.7384 +- 0.0061 | VaLoss: 0.7830 +- 0.0189
397,  0 | TrAcc: 0.8023, TrLoss:  0.54046, VaAcc: 0.7590, VaLoss:  0.59863	 10 sampled NNs | VaAcc: 0.7388 +- 0.0117 | VaLoss: 0.7928 +- 0.0331
398,  0 | TrAcc: 0.8025, TrLoss:  0.53982, VaAcc: 0.7590, VaLoss:  0.59728	 10 sampled NNs | VaAcc: 0.7404 +- 0.0102 | VaLoss: 0.7809 +- 0.0249
399,  0 | TrAcc: 0.8019, TrLoss:  0.54111, VaAcc: 0.7635, VaLoss:  0.58711	 10 sampled NNs | VaAcc: 0.7376 +- 0.0065 | VaLoss: 0.7887 +- 0.0200
72242.157257
----------------------------
