

config:

HOME=/clusterFS/home/student/kopp13
PATH=/clusterFS/home/student/kopp13/miniconda3/envs/tensorflow/bin:/clusterFS/home/student/kopp13/miniconda3/bin:/clusterFS/home/student/kopp13/bin:/usr/local/bin:/usr/bin:/bin:/usr/local/games:/usr/games
LD_LIBRARY_PATH=
THEANO_FLAGS=floatX=float32,gpuarray.preallocate=0.9,dnn.library_path=/usr/lib/x86_64-linux-gnu,cxx=clang++-3.8,device=cuda,base_compiledir=/tmp/tmp.ca1Wgsul9a

=============================
CONFIG FILE

RNN CONFIG
{'data_multiplier': 2.0,
 'gradient_clip_value': 0.5,
 'layer_configs': [{'layer_type': 'input'},
                   {'bc': {'init_m': 'xavier',
                           'init_v': -4.5,
                           'prior_m': 0.0,
                           'prior_v': 0.0,
                           'type': 'continuous'},
                    'bf': {'init_m': 'xavier',
                           'init_v': -4.5,
                           'prior_m': 0.0,
                           'prior_v': 0.0,
                           'type': 'continuous'},
                    'bi': {'init_m': 'xavier',
                           'init_v': -4.5,
                           'prior_m': 0.0,
                           'prior_v': 0.0,
                           'type': 'continuous'},
                    'bo': {'init_m': 'xavier',
                           'init_v': -4.5,
                           'prior_m': 0.0,
                           'prior_v': 0.0,
                           'type': 'continuous'},
                    'init_config': {'c': {'b': 'all_zero', 'w': 'xavier'},
                                    'f': {'b': 'all_one', 'w': 'all_zero'},
                                    'i': {'b': 'all_zero', 'w': 'xavier'},
                                    'o': {'b': 'all_zero', 'w': 'xavier'}},
                    'is_output': False,
                    'is_recurrent': True,
                    'layer_type': 'lstm',
                    'tau': 0.2,
                    'var_scope': 'lstm_0',
                    'wc': {'p0max': 0.95,
                           'p0min': 0.05,
                           'pmax': 0.99,
                           'pmin': 0.01,
                           'priors': [0.1, 0.8, 0.1],
                           'type': 'ternary'},
                    'wf': {'p0max': 0.95,
                           'p0min': 0.05,
                           'pmax': 0.99,
                           'pmin': 0.01,
                           'priors': [0.1, 0.8, 0.1],
                           'type': 'ternary'},
                    'wi': {'p0max': 0.95,
                           'p0min': 0.05,
                           'pmax': 0.99,
                           'pmin': 0.01,
                           'priors': [0.1, 0.8, 0.1],
                           'type': 'ternary'},
                    'wo': {'p0max': 0.95,
                           'p0min': 0.05,
                           'pmax': 0.99,
                           'pmin': 0.01,
                           'priors': [0.1, 0.8, 0.1],
                           'type': 'ternary'}},
                   {'bc': {'init_m': 'xavier',
                           'init_v': -4.5,
                           'prior_m': 0.0,
                           'prior_v': 0.0,
                           'type': 'continuous'},
                    'bf': {'init_m': 'xavier',
                           'init_v': -4.5,
                           'prior_m': 0.0,
                           'prior_v': 0.0,
                           'type': 'continuous'},
                    'bi': {'init_m': 'xavier',
                           'init_v': -4.5,
                           'prior_m': 0.0,
                           'prior_v': 0.0,
                           'type': 'continuous'},
                    'bo': {'init_m': 'xavier',
                           'init_v': -4.5,
                           'prior_m': 0.0,
                           'prior_v': 0.0,
                           'type': 'continuous'},
                    'init_config': {'c': {'b': 'all_zero', 'w': 'xavier'},
                                    'f': {'b': 'all_one', 'w': 'all_zero'},
                                    'i': {'b': 'all_zero', 'w': 'xavier'},
                                    'o': {'b': 'all_zero', 'w': 'xavier'}},
                    'is_output': False,
                    'is_recurrent': True,
                    'layer_type': 'lstm',
                    'tau': 0.2,
                    'var_scope': 'lstm_1',
                    'wc': {'p0max': 0.95,
                           'p0min': 0.05,
                           'pmax': 0.99,
                           'pmin': 0.01,
                           'priors': [0.1, 0.8, 0.1],
                           'type': 'ternary'},
                    'wf': {'p0max': 0.95,
                           'p0min': 0.05,
                           'pmax': 0.99,
                           'pmin': 0.01,
                           'priors': [0.1, 0.8, 0.1],
                           'type': 'ternary'},
                    'wi': {'p0max': 0.95,
                           'p0min': 0.05,
                           'pmax': 0.99,
                           'pmin': 0.01,
                           'priors': [0.1, 0.8, 0.1],
                           'type': 'ternary'},
                    'wo': {'p0max': 0.95,
                           'p0min': 0.05,
                           'pmax': 0.99,
                           'pmin': 0.01,
                           'priors': [0.1, 0.8, 0.1],
                           'type': 'ternary'}},
                   {'b': {'init_m': 'xavier',
                          'init_v': -4.5,
                          'prior_m': 0.0,
                          'prior_v': 0.0,
                          'type': 'continuous'},
                    'is_output': True,
                    'is_recurrent': False,
                    'layer_type': 'fc',
                    'regularization': {'mode': None, 'strength': 0.02},
                    'tau': 0.2,
                    'var_scope': 'output_layer',
                    'w': {'p0max': 0.95,
                          'p0min': 0.05,
                          'pmax': 0.99,
                          'pmin': 0.01,
                          'priors': [0.1, 0.8, 0.1],
                          'type': 'ternary'}}],
 'layout': [4, 60, 60, 10],
 'output_type': 'classification'}

DATA CONFIG
{'dataset': 'red_penstroke',
 'tr': {'in_seq_len': 30,
        'minibatch_enabled': True,
        'minibatch_size': 200,
        'out_seq_len': 5,
        'zero_padding': 20},
 'va': {'in_seq_len': 30,
        'minibatch_enabled': True,
        'minibatch_size': 200,
        'out_seq_len': 5,
        'zero_padding': 20}}

TRAINING CONFIG
{'beta_reg': 0.0,
 'is_pretrain': False,
 'learning_rate': 0.001,
 'max_epochs': 200,
 'mode': {'max_epochs': 400, 'min_error': 0.0, 'name': 'classic'},
 'task_id': 1,
 'type': 'l_sampling',
 'var_reg': 0.001}
==============================


pretraning is over
  0,  0 | TrAcc: 0.1002, TrLoss:  4.98739, VaAcc: 0.1043, VaLoss:  4.92523	 10 sampled NNs | VaAcc: 0.1042 +- 0.0296 | VaLoss: 4.3164 +- 0.9865
  1,  0 | TrAcc: 0.1305, TrLoss:  2.62785, VaAcc: 0.1293, VaLoss:  2.66641	 10 sampled NNs | VaAcc: 0.1258 +- 0.0184 | VaLoss: 2.7444 +- 0.2590
  2,  0 | TrAcc: 0.1421, TrLoss:  2.47011, VaAcc: 0.1282, VaLoss:  2.51240	 10 sampled NNs | VaAcc: 0.1276 +- 0.0143 | VaLoss: 2.4826 +- 0.1517
  3,  0 | TrAcc: 0.1478, TrLoss:  2.36881, VaAcc: 0.1290, VaLoss:  2.38053	 10 sampled NNs | VaAcc: 0.1308 +- 0.0099 | VaLoss: 2.3488 +- 0.0776
  4,  0 | TrAcc: 0.1511, TrLoss:  2.34809, VaAcc: 0.1370, VaLoss:  2.31907	 10 sampled NNs | VaAcc: 0.1434 +- 0.0120 | VaLoss: 2.3938 +- 0.1186
  5,  0 | TrAcc: 0.1792, TrLoss:  2.27224, VaAcc: 0.1805, VaLoss:  2.21336	 10 sampled NNs | VaAcc: 0.1520 +- 0.0256 | VaLoss: 2.3285 +- 0.0858
  6,  0 | TrAcc: 0.2179, TrLoss:  2.17439, VaAcc: 0.2220, VaLoss:  2.11074	 10 sampled NNs | VaAcc: 0.1853 +- 0.0218 | VaLoss: 2.3018 +- 0.0859
  7,  0 | TrAcc: 0.2347, TrLoss:  2.11109, VaAcc: 0.2389, VaLoss:  2.02898	 10 sampled NNs | VaAcc: 0.1781 +- 0.0312 | VaLoss: 2.3194 +- 0.2177
  8,  0 | TrAcc: 0.2560, TrLoss:  2.08167, VaAcc: 0.2654, VaLoss:  1.99150	 10 sampled NNs | VaAcc: 0.1869 +- 0.0346 | VaLoss: 2.3379 +- 0.1721
  9,  0 | TrAcc: 0.2888, TrLoss:  1.93773, VaAcc: 0.3015, VaLoss:  1.84478	 10 sampled NNs | VaAcc: 0.2122 +- 0.0292 | VaLoss: 2.2556 +- 0.2153
 10,  0 | TrAcc: 0.3063, TrLoss:  1.86412, VaAcc: 0.3197, VaLoss:  1.77144	 10 sampled NNs | VaAcc: 0.2155 +- 0.0512 | VaLoss: 2.1715 +- 0.1798
 11,  0 | TrAcc: 0.3209, TrLoss:  1.80466, VaAcc: 0.3326, VaLoss:  1.71716	 10 sampled NNs | VaAcc: 0.2165 +- 0.0558 | VaLoss: 2.2446 +- 0.2778
 12,  0 | TrAcc: 0.3330, TrLoss:  1.74635, VaAcc: 0.3500, VaLoss:  1.65039	 10 sampled NNs | VaAcc: 0.2422 +- 0.0405 | VaLoss: 2.1483 +- 0.1902
 13,  0 | TrAcc: 0.3456, TrLoss:  1.71869, VaAcc: 0.3566, VaLoss:  1.62714	 10 sampled NNs | VaAcc: 0.2367 +- 0.0310 | VaLoss: 2.1040 +- 0.1642
 14,  0 | TrAcc: 0.3608, TrLoss:  1.67674, VaAcc: 0.3760, VaLoss:  1.57257	 10 sampled NNs | VaAcc: 0.2425 +- 0.0255 | VaLoss: 2.1794 +- 0.1690
 15,  0 | TrAcc: 0.3808, TrLoss:  1.63449, VaAcc: 0.4031, VaLoss:  1.52161	 10 sampled NNs | VaAcc: 0.2428 +- 0.0551 | VaLoss: 2.1675 +- 0.2826
 16,  0 | TrAcc: 0.3982, TrLoss:  1.60177, VaAcc: 0.4161, VaLoss:  1.49534	 10 sampled NNs | VaAcc: 0.2809 +- 0.0418 | VaLoss: 1.9998 +- 0.1715
 17,  0 | TrAcc: 0.4115, TrLoss:  1.56728, VaAcc: 0.4257, VaLoss:  1.47163	 10 sampled NNs | VaAcc: 0.2664 +- 0.0483 | VaLoss: 2.0859 +- 0.2227
 18,  0 | TrAcc: 0.4289, TrLoss:  1.53009, VaAcc: 0.4457, VaLoss:  1.42924	 10 sampled NNs | VaAcc: 0.2948 +- 0.0430 | VaLoss: 2.0119 +- 0.1544
 19,  0 | TrAcc: 0.4413, TrLoss:  1.50019, VaAcc: 0.4619, VaLoss:  1.39406	 10 sampled NNs | VaAcc: 0.2576 +- 0.0507 | VaLoss: 2.2482 +- 0.3612
 20,  0 | TrAcc: 0.4535, TrLoss:  1.47340, VaAcc: 0.4743, VaLoss:  1.37064	 10 sampled NNs | VaAcc: 0.2734 +- 0.0588 | VaLoss: 2.0989 +- 0.2973
 21,  0 | TrAcc: 0.4667, TrLoss:  1.44641, VaAcc: 0.4837, VaLoss:  1.33802	 10 sampled NNs | VaAcc: 0.3139 +- 0.0373 | VaLoss: 1.9560 +- 0.1751
 22,  0 | TrAcc: 0.4783, TrLoss:  1.41847, VaAcc: 0.4888, VaLoss:  1.32681	 10 sampled NNs | VaAcc: 0.3120 +- 0.0572 | VaLoss: 1.9626 +- 0.2250
 23,  0 | TrAcc: 0.4840, TrLoss:  1.40833, VaAcc: 0.4973, VaLoss:  1.31837	 10 sampled NNs | VaAcc: 0.3179 +- 0.0422 | VaLoss: 1.9599 +- 0.1943
 24,  0 | TrAcc: 0.4905, TrLoss:  1.39498, VaAcc: 0.5059, VaLoss:  1.29725	 10 sampled NNs | VaAcc: 0.3168 +- 0.0591 | VaLoss: 1.9243 +- 0.2153
 25,  0 | TrAcc: 0.4939, TrLoss:  1.38523, VaAcc: 0.5094, VaLoss:  1.28329	 10 sampled NNs | VaAcc: 0.2961 +- 0.0717 | VaLoss: 2.0572 +- 0.3281
 26,  0 | TrAcc: 0.4996, TrLoss:  1.37425, VaAcc: 0.5089, VaLoss:  1.28378	 10 sampled NNs | VaAcc: 0.3087 +- 0.0532 | VaLoss: 1.9511 +- 0.2010
 27,  0 | TrAcc: 0.5056, TrLoss:  1.36061, VaAcc: 0.5179, VaLoss:  1.27130	 10 sampled NNs | VaAcc: 0.3089 +- 0.0457 | VaLoss: 2.0067 +- 0.1987
 28,  0 | TrAcc: 0.5093, TrLoss:  1.35040, VaAcc: 0.5236, VaLoss:  1.25300	 10 sampled NNs | VaAcc: 0.3671 +- 0.0503 | VaLoss: 1.8428 +- 0.2335
 29,  0 | TrAcc: 0.5155, TrLoss:  1.33551, VaAcc: 0.5347, VaLoss:  1.23448	 10 sampled NNs | VaAcc: 0.3450 +- 0.0658 | VaLoss: 1.8800 +- 0.3131
 30,  0 | TrAcc: 0.5234, TrLoss:  1.31955, VaAcc: 0.5333, VaLoss:  1.23467	 10 sampled NNs | VaAcc: 0.3670 +- 0.0553 | VaLoss: 1.8308 +- 0.2111
 31,  0 | TrAcc: 0.5314, TrLoss:  1.30246, VaAcc: 0.5445, VaLoss:  1.20643	 10 sampled NNs | VaAcc: 0.3393 +- 0.0551 | VaLoss: 1.9268 +- 0.3030
 32,  0 | TrAcc: 0.5391, TrLoss:  1.28685, VaAcc: 0.5514, VaLoss:  1.19817	 10 sampled NNs | VaAcc: 0.3617 +- 0.0457 | VaLoss: 1.8461 +- 0.1544
 33,  0 | TrAcc: 0.5483, TrLoss:  1.26250, VaAcc: 0.5597, VaLoss:  1.16890	 10 sampled NNs | VaAcc: 0.3740 +- 0.0594 | VaLoss: 1.8247 +- 0.2368
 34,  0 | TrAcc: 0.5582, TrLoss:  1.24336, VaAcc: 0.5654, VaLoss:  1.16033	 10 sampled NNs | VaAcc: 0.3817 +- 0.0475 | VaLoss: 1.7921 +- 0.1823
 35,  0 | TrAcc: 0.5634, TrLoss:  1.22770, VaAcc: 0.5667, VaLoss:  1.14143	 10 sampled NNs | VaAcc: 0.3897 +- 0.0351 | VaLoss: 1.7341 +- 0.1390
 36,  0 | TrAcc: 0.5722, TrLoss:  1.20976, VaAcc: 0.5813, VaLoss:  1.11071	 10 sampled NNs | VaAcc: 0.3549 +- 0.0575 | VaLoss: 1.8773 +- 0.2242
 37,  0 | TrAcc: 0.5810, TrLoss:  1.18299, VaAcc: 0.5862, VaLoss:  1.09934	 10 sampled NNs | VaAcc: 0.4362 +- 0.0345 | VaLoss: 1.5927 +- 0.1127
 38,  0 | TrAcc: 0.5882, TrLoss:  1.16508, VaAcc: 0.5974, VaLoss:  1.06460	 10 sampled NNs | VaAcc: 0.4207 +- 0.0378 | VaLoss: 1.6583 +- 0.1287
 39,  0 | TrAcc: 0.5939, TrLoss:  1.14736, VaAcc: 0.6001, VaLoss:  1.05825	 10 sampled NNs | VaAcc: 0.4084 +- 0.0529 | VaLoss: 1.7192 +- 0.2221
 40,  0 | TrAcc: 0.6028, TrLoss:  1.12552, VaAcc: 0.6062, VaLoss:  1.04172	 10 sampled NNs | VaAcc: 0.4093 +- 0.0433 | VaLoss: 1.6953 +- 0.1472
 41,  0 | TrAcc: 0.6082, TrLoss:  1.10944, VaAcc: 0.6126, VaLoss:  1.01812	 10 sampled NNs | VaAcc: 0.4485 +- 0.0460 | VaLoss: 1.5592 +- 0.1318
 42,  0 | TrAcc: 0.6150, TrLoss:  1.09743, VaAcc: 0.6185, VaLoss:  1.00717	 10 sampled NNs | VaAcc: 0.4324 +- 0.0424 | VaLoss: 1.6509 +- 0.1224
 43,  0 | TrAcc: 0.6210, TrLoss:  1.07749, VaAcc: 0.6259, VaLoss:  0.98219	 10 sampled NNs | VaAcc: 0.4237 +- 0.0530 | VaLoss: 1.7226 +- 0.2463
 44,  0 | TrAcc: 0.6267, TrLoss:  1.06502, VaAcc: 0.6311, VaLoss:  0.96860	 10 sampled NNs | VaAcc: 0.4427 +- 0.0389 | VaLoss: 1.6010 +- 0.1065
 45,  0 | TrAcc: 0.6297, TrLoss:  1.05466, VaAcc: 0.6319, VaLoss:  0.96020	 10 sampled NNs | VaAcc: 0.4600 +- 0.0362 | VaLoss: 1.5949 +- 0.1890
 46,  0 | TrAcc: 0.6359, TrLoss:  1.03664, VaAcc: 0.6402, VaLoss:  0.94387	 10 sampled NNs | VaAcc: 0.4840 +- 0.0364 | VaLoss: 1.4516 +- 0.1100
 47,  0 | TrAcc: 0.6415, TrLoss:  1.02048, VaAcc: 0.6434, VaLoss:  0.93090	 10 sampled NNs | VaAcc: 0.4910 +- 0.0296 | VaLoss: 1.4626 +- 0.0971
 48,  0 | TrAcc: 0.6430, TrLoss:  1.01570, VaAcc: 0.6500, VaLoss:  0.91517	 10 sampled NNs | VaAcc: 0.4790 +- 0.0191 | VaLoss: 1.4986 +- 0.0482
 49,  0 | TrAcc: 0.6468, TrLoss:  1.00524, VaAcc: 0.6511, VaLoss:  0.90881	 10 sampled NNs | VaAcc: 0.4826 +- 0.0460 | VaLoss: 1.4982 +- 0.1688
 50,  0 | TrAcc: 0.6512, TrLoss:  0.99420, VaAcc: 0.6583, VaLoss:  0.89481	 10 sampled NNs | VaAcc: 0.4704 +- 0.0266 | VaLoss: 1.5124 +- 0.0795
 51,  0 | TrAcc: 0.6554, TrLoss:  0.98494, VaAcc: 0.6586, VaLoss:  0.89375	 10 sampled NNs | VaAcc: 0.4954 +- 0.0501 | VaLoss: 1.4709 +- 0.1771
 52,  0 | TrAcc: 0.6607, TrLoss:  0.96804, VaAcc: 0.6610, VaLoss:  0.88328	 10 sampled NNs | VaAcc: 0.4850 +- 0.0374 | VaLoss: 1.4574 +- 0.1347
 53,  0 | TrAcc: 0.6621, TrLoss:  0.96252, VaAcc: 0.6668, VaLoss:  0.87492	 10 sampled NNs | VaAcc: 0.4942 +- 0.0319 | VaLoss: 1.4366 +- 0.0888
 54,  0 | TrAcc: 0.6650, TrLoss:  0.95195, VaAcc: 0.6645, VaLoss:  0.86407	 10 sampled NNs | VaAcc: 0.4977 +- 0.0373 | VaLoss: 1.4346 +- 0.1060
 55,  0 | TrAcc: 0.6691, TrLoss:  0.94498, VaAcc: 0.6722, VaLoss:  0.84192	 10 sampled NNs | VaAcc: 0.5373 +- 0.0319 | VaLoss: 1.3387 +- 0.0930
 56,  0 | TrAcc: 0.6700, TrLoss:  0.94075, VaAcc: 0.6782, VaLoss:  0.83489	 10 sampled NNs | VaAcc: 0.5031 +- 0.0404 | VaLoss: 1.4296 +- 0.1525
 57,  0 | TrAcc: 0.6744, TrLoss:  0.93025, VaAcc: 0.6773, VaLoss:  0.83114	 10 sampled NNs | VaAcc: 0.5160 +- 0.0328 | VaLoss: 1.3936 +- 0.0910
 58,  0 | TrAcc: 0.6753, TrLoss:  0.92558, VaAcc: 0.6767, VaLoss:  0.83288	 10 sampled NNs | VaAcc: 0.5017 +- 0.0375 | VaLoss: 1.4286 +- 0.1062
 59,  0 | TrAcc: 0.6779, TrLoss:  0.91764, VaAcc: 0.6841, VaLoss:  0.81360	 10 sampled NNs | VaAcc: 0.5197 +- 0.0290 | VaLoss: 1.3854 +- 0.0933
 60,  0 | TrAcc: 0.6807, TrLoss:  0.90794, VaAcc: 0.6825, VaLoss:  0.81732	 10 sampled NNs | VaAcc: 0.5325 +- 0.0332 | VaLoss: 1.3589 +- 0.1109
 61,  0 | TrAcc: 0.6822, TrLoss:  0.90319, VaAcc: 0.6859, VaLoss:  0.80527	 10 sampled NNs | VaAcc: 0.5370 +- 0.0398 | VaLoss: 1.3189 +- 0.1163
 62,  0 | TrAcc: 0.6861, TrLoss:  0.89415, VaAcc: 0.6882, VaLoss:  0.80196	 10 sampled NNs | VaAcc: 0.5323 +- 0.0427 | VaLoss: 1.3594 +- 0.1388
 63,  0 | TrAcc: 0.6886, TrLoss:  0.88540, VaAcc: 0.6859, VaLoss:  0.80026	 10 sampled NNs | VaAcc: 0.5504 +- 0.0267 | VaLoss: 1.2689 +- 0.0796
 64,  0 | TrAcc: 0.6898, TrLoss:  0.88168, VaAcc: 0.6877, VaLoss:  0.79874	 10 sampled NNs | VaAcc: 0.5329 +- 0.0466 | VaLoss: 1.3359 +- 0.1468
 65,  0 | TrAcc: 0.6918, TrLoss:  0.87670, VaAcc: 0.6913, VaLoss:  0.78982	 10 sampled NNs | VaAcc: 0.5489 +- 0.0269 | VaLoss: 1.2948 +- 0.0782
 66,  0 | TrAcc: 0.6948, TrLoss:  0.87146, VaAcc: 0.6965, VaLoss:  0.77993	 10 sampled NNs | VaAcc: 0.5474 +- 0.0287 | VaLoss: 1.3029 +- 0.1182
 67,  0 | TrAcc: 0.6966, TrLoss:  0.86537, VaAcc: 0.6969, VaLoss:  0.77090	 10 sampled NNs | VaAcc: 0.5572 +- 0.0244 | VaLoss: 1.2758 +- 0.1071
 68,  0 | TrAcc: 0.6971, TrLoss:  0.86124, VaAcc: 0.6990, VaLoss:  0.76465	 10 sampled NNs | VaAcc: 0.5632 +- 0.0317 | VaLoss: 1.2548 +- 0.1120
 69,  0 | TrAcc: 0.6996, TrLoss:  0.85543, VaAcc: 0.6983, VaLoss:  0.76434	 10 sampled NNs | VaAcc: 0.5503 +- 0.0275 | VaLoss: 1.2918 +- 0.0755
 70,  0 | TrAcc: 0.7014, TrLoss:  0.84961, VaAcc: 0.6978, VaLoss:  0.75496	 10 sampled NNs | VaAcc: 0.5528 +- 0.0230 | VaLoss: 1.2866 +- 0.0646
 71,  0 | TrAcc: 0.7028, TrLoss:  0.83928, VaAcc: 0.7043, VaLoss:  0.74403	 10 sampled NNs | VaAcc: 0.5877 +- 0.0348 | VaLoss: 1.1966 +- 0.1145
 72,  0 | TrAcc: 0.7049, TrLoss:  0.83810, VaAcc: 0.6984, VaLoss:  0.75991	 10 sampled NNs | VaAcc: 0.5721 +- 0.0429 | VaLoss: 1.2389 +- 0.1502
 73,  0 | TrAcc: 0.7031, TrLoss:  0.84062, VaAcc: 0.7120, VaLoss:  0.72500	 10 sampled NNs | VaAcc: 0.5748 +- 0.0291 | VaLoss: 1.2371 +- 0.1032
 74,  0 | TrAcc: 0.7075, TrLoss:  0.82650, VaAcc: 0.7070, VaLoss:  0.73731	 10 sampled NNs | VaAcc: 0.5838 +- 0.0293 | VaLoss: 1.1974 +- 0.0715
 75,  0 | TrAcc: 0.7077, TrLoss:  0.82838, VaAcc: 0.7057, VaLoss:  0.73008	 10 sampled NNs | VaAcc: 0.5799 +- 0.0446 | VaLoss: 1.2222 +- 0.1402
 76,  0 | TrAcc: 0.7107, TrLoss:  0.81938, VaAcc: 0.7122, VaLoss:  0.72696	 10 sampled NNs | VaAcc: 0.5983 +- 0.0298 | VaLoss: 1.1503 +- 0.0752
 77,  0 | TrAcc: 0.7115, TrLoss:  0.81748, VaAcc: 0.7046, VaLoss:  0.74262	 10 sampled NNs | VaAcc: 0.5959 +- 0.0321 | VaLoss: 1.1649 +- 0.0876
 78,  0 | TrAcc: 0.7144, TrLoss:  0.80823, VaAcc: 0.7090, VaLoss:  0.72361	 10 sampled NNs | VaAcc: 0.5960 +- 0.0250 | VaLoss: 1.1681 +- 0.0717
 79,  0 | TrAcc: 0.7130, TrLoss:  0.80884, VaAcc: 0.7067, VaLoss:  0.73078	 10 sampled NNs | VaAcc: 0.6053 +- 0.0317 | VaLoss: 1.1282 +- 0.0770
 80,  0 | TrAcc: 0.7154, TrLoss:  0.80268, VaAcc: 0.7098, VaLoss:  0.72276	 10 sampled NNs | VaAcc: 0.5949 +- 0.0265 | VaLoss: 1.1740 +- 0.0905
 81,  0 | TrAcc: 0.7145, TrLoss:  0.80505, VaAcc: 0.7161, VaLoss:  0.70636	 10 sampled NNs | VaAcc: 0.5993 +- 0.0296 | VaLoss: 1.1578 +- 0.0915
 82,  0 | TrAcc: 0.7181, TrLoss:  0.79676, VaAcc: 0.7175, VaLoss:  0.70157	 10 sampled NNs | VaAcc: 0.5839 +- 0.0221 | VaLoss: 1.1943 +- 0.0798
 83,  0 | TrAcc: 0.7165, TrLoss:  0.79549, VaAcc: 0.7188, VaLoss:  0.69895	 10 sampled NNs | VaAcc: 0.5977 +- 0.0180 | VaLoss: 1.1549 +- 0.0565
 84,  0 | TrAcc: 0.7195, TrLoss:  0.78868, VaAcc: 0.7161, VaLoss:  0.70510	 10 sampled NNs | VaAcc: 0.5741 +- 0.0702 | VaLoss: 1.2433 +- 0.2590
 85,  0 | TrAcc: 0.7207, TrLoss:  0.78558, VaAcc: 0.7201, VaLoss:  0.69643	 10 sampled NNs | VaAcc: 0.5976 +- 0.0241 | VaLoss: 1.1524 +- 0.0641
 86,  0 | TrAcc: 0.7221, TrLoss:  0.78125, VaAcc: 0.7234, VaLoss:  0.68489	 10 sampled NNs | VaAcc: 0.6089 +- 0.0169 | VaLoss: 1.1152 +- 0.0424
 87,  0 | TrAcc: 0.7222, TrLoss:  0.77891, VaAcc: 0.7225, VaLoss:  0.68766	 10 sampled NNs | VaAcc: 0.6202 +- 0.0265 | VaLoss: 1.1002 +- 0.0756
 88,  0 | TrAcc: 0.7239, TrLoss:  0.77419, VaAcc: 0.7151, VaLoss:  0.69724	 10 sampled NNs | VaAcc: 0.5782 +- 0.0431 | VaLoss: 1.2180 +- 0.1420
 89,  0 | TrAcc: 0.7245, TrLoss:  0.77433, VaAcc: 0.7245, VaLoss:  0.67872	 10 sampled NNs | VaAcc: 0.6299 +- 0.0220 | VaLoss: 1.0689 +- 0.0637
 90,  0 | TrAcc: 0.7273, TrLoss:  0.76631, VaAcc: 0.7236, VaLoss:  0.68103	 10 sampled NNs | VaAcc: 0.6081 +- 0.0271 | VaLoss: 1.1290 +- 0.0711
 91,  0 | TrAcc: 0.7280, TrLoss:  0.76450, VaAcc: 0.7275, VaLoss:  0.67387	 10 sampled NNs | VaAcc: 0.6132 +- 0.0254 | VaLoss: 1.1173 +- 0.0616
 92,  0 | TrAcc: 0.7280, TrLoss:  0.76478, VaAcc: 0.7237, VaLoss:  0.68286	 10 sampled NNs | VaAcc: 0.6216 +- 0.0222 | VaLoss: 1.0957 +- 0.0732
 93,  0 | TrAcc: 0.7295, TrLoss:  0.75932, VaAcc: 0.7271, VaLoss:  0.67102	 10 sampled NNs | VaAcc: 0.6054 +- 0.0355 | VaLoss: 1.1409 +- 0.1019
 94,  0 | TrAcc: 0.7292, TrLoss:  0.75861, VaAcc: 0.7251, VaLoss:  0.67443	 10 sampled NNs | VaAcc: 0.6169 +- 0.0276 | VaLoss: 1.1050 +- 0.0766
 95,  0 | TrAcc: 0.7317, TrLoss:  0.75314, VaAcc: 0.7246, VaLoss:  0.67563	 10 sampled NNs | VaAcc: 0.6308 +- 0.0158 | VaLoss: 1.0685 +- 0.0410
 96,  0 | TrAcc: 0.7326, TrLoss:  0.74899, VaAcc: 0.7243, VaLoss:  0.67522	 10 sampled NNs | VaAcc: 0.6289 +- 0.0171 | VaLoss: 1.0767 +- 0.0457
 97,  0 | TrAcc: 0.7344, TrLoss:  0.74592, VaAcc: 0.7281, VaLoss:  0.67019	 10 sampled NNs | VaAcc: 0.6190 +- 0.0281 | VaLoss: 1.1185 +- 0.0922
 98,  0 | TrAcc: 0.7326, TrLoss:  0.74952, VaAcc: 0.7307, VaLoss:  0.66045	 10 sampled NNs | VaAcc: 0.6424 +- 0.0268 | VaLoss: 1.0427 +- 0.0731
 99,  0 | TrAcc: 0.7334, TrLoss:  0.74487, VaAcc: 0.7291, VaLoss:  0.66695	 10 sampled NNs | VaAcc: 0.6261 +- 0.0334 | VaLoss: 1.0842 +- 0.0919
100,  0 | TrAcc: 0.7331, TrLoss:  0.74534, VaAcc: 0.7312, VaLoss:  0.65598	 10 sampled NNs | VaAcc: 0.6316 +- 0.0197 | VaLoss: 1.0786 +- 0.0617
101,  0 | TrAcc: 0.7362, TrLoss:  0.73725, VaAcc: 0.7259, VaLoss:  0.66659	 10 sampled NNs | VaAcc: 0.6156 +- 0.0236 | VaLoss: 1.0948 +- 0.0628
102,  0 | TrAcc: 0.7391, TrLoss:  0.73016, VaAcc: 0.7339, VaLoss:  0.64908	 10 sampled NNs | VaAcc: 0.6324 +- 0.0293 | VaLoss: 1.0676 +- 0.0839
103,  0 | TrAcc: 0.7386, TrLoss:  0.73014, VaAcc: 0.7339, VaLoss:  0.65001	 10 sampled NNs | VaAcc: 0.6323 +- 0.0282 | VaLoss: 1.0700 +- 0.1028
104,  0 | TrAcc: 0.7407, TrLoss:  0.72625, VaAcc: 0.7310, VaLoss:  0.65736	 10 sampled NNs | VaAcc: 0.6376 +- 0.0174 | VaLoss: 1.0389 +- 0.0505
105,  0 | TrAcc: 0.7403, TrLoss:  0.72510, VaAcc: 0.7306, VaLoss:  0.65499	 10 sampled NNs | VaAcc: 0.6320 +- 0.0347 | VaLoss: 1.0735 +- 0.1058
106,  0 | TrAcc: 0.7414, TrLoss:  0.72205, VaAcc: 0.7351, VaLoss:  0.64950	 10 sampled NNs | VaAcc: 0.6479 +- 0.0239 | VaLoss: 1.0377 +- 0.0809
107,  0 | TrAcc: 0.7406, TrLoss:  0.72272, VaAcc: 0.7350, VaLoss:  0.64183	 10 sampled NNs | VaAcc: 0.6484 +- 0.0257 | VaLoss: 1.0262 +- 0.0802
108,  0 | TrAcc: 0.7421, TrLoss:  0.71901, VaAcc: 0.7350, VaLoss:  0.64279	 10 sampled NNs | VaAcc: 0.6491 +- 0.0278 | VaLoss: 1.0216 +- 0.0708
109,  0 | TrAcc: 0.7438, TrLoss:  0.71529, VaAcc: 0.7323, VaLoss:  0.65169	 10 sampled NNs | VaAcc: 0.6461 +- 0.0221 | VaLoss: 1.0184 +- 0.0432
110,  0 | TrAcc: 0.7440, TrLoss:  0.71517, VaAcc: 0.7349, VaLoss:  0.64633	 10 sampled NNs | VaAcc: 0.6528 +- 0.0222 | VaLoss: 1.0177 +- 0.0683
111,  0 | TrAcc: 0.7456, TrLoss:  0.71419, VaAcc: 0.7433, VaLoss:  0.62648	 10 sampled NNs | VaAcc: 0.6450 +- 0.0288 | VaLoss: 1.0284 +- 0.0708
112,  0 | TrAcc: 0.7470, TrLoss:  0.70781, VaAcc: 0.7407, VaLoss:  0.62509	 10 sampled NNs | VaAcc: 0.6367 +- 0.0228 | VaLoss: 1.0447 +- 0.0635
113,  0 | TrAcc: 0.7443, TrLoss:  0.71221, VaAcc: 0.7438, VaLoss:  0.61780	 10 sampled NNs | VaAcc: 0.6448 +- 0.0296 | VaLoss: 1.0311 +- 0.0731
114,  0 | TrAcc: 0.7438, TrLoss:  0.71179, VaAcc: 0.7364, VaLoss:  0.64233	 10 sampled NNs | VaAcc: 0.6537 +- 0.0181 | VaLoss: 1.0083 +- 0.0554
115,  0 | TrAcc: 0.7483, TrLoss:  0.70243, VaAcc: 0.7404, VaLoss:  0.62645	 10 sampled NNs | VaAcc: 0.6567 +- 0.0155 | VaLoss: 1.0021 +- 0.0479
116,  0 | TrAcc: 0.7484, TrLoss:  0.70251, VaAcc: 0.7352, VaLoss:  0.64228	 10 sampled NNs | VaAcc: 0.6457 +- 0.0115 | VaLoss: 1.0300 +- 0.0374
117,  0 | TrAcc: 0.7502, TrLoss:  0.69755, VaAcc: 0.7376, VaLoss:  0.63690	 10 sampled NNs | VaAcc: 0.6575 +- 0.0211 | VaLoss: 0.9920 +- 0.0629
118,  0 | TrAcc: 0.7504, TrLoss:  0.69531, VaAcc: 0.7442, VaLoss:  0.61932	 10 sampled NNs | VaAcc: 0.6645 +- 0.0196 | VaLoss: 0.9698 +- 0.0500
119,  0 | TrAcc: 0.7496, TrLoss:  0.69855, VaAcc: 0.7430, VaLoss:  0.61742	 10 sampled NNs | VaAcc: 0.6619 +- 0.0265 | VaLoss: 0.9835 +- 0.0605
120,  0 | TrAcc: 0.7524, TrLoss:  0.69048, VaAcc: 0.7395, VaLoss:  0.62996	 10 sampled NNs | VaAcc: 0.6498 +- 0.0326 | VaLoss: 1.0206 +- 0.0845
121,  0 | TrAcc: 0.7511, TrLoss:  0.69367, VaAcc: 0.7394, VaLoss:  0.62968	 10 sampled NNs | VaAcc: 0.6550 +- 0.0155 | VaLoss: 0.9997 +- 0.0336
122,  0 | TrAcc: 0.7520, TrLoss:  0.69235, VaAcc: 0.7408, VaLoss:  0.62902	 10 sampled NNs | VaAcc: 0.6627 +- 0.0241 | VaLoss: 0.9774 +- 0.0592
123,  0 | TrAcc: 0.7532, TrLoss:  0.68838, VaAcc: 0.7441, VaLoss:  0.61532	 10 sampled NNs | VaAcc: 0.6501 +- 0.0188 | VaLoss: 1.0064 +- 0.0549
124,  0 | TrAcc: 0.7556, TrLoss:  0.68047, VaAcc: 0.7411, VaLoss:  0.62267	 10 sampled NNs | VaAcc: 0.6521 +- 0.0166 | VaLoss: 1.0076 +- 0.0465
125,  0 | TrAcc: 0.7536, TrLoss:  0.68500, VaAcc: 0.7417, VaLoss:  0.62480	 10 sampled NNs | VaAcc: 0.6596 +- 0.0198 | VaLoss: 0.9900 +- 0.0559
126,  0 | TrAcc: 0.7582, TrLoss:  0.67652, VaAcc: 0.7407, VaLoss:  0.62415	 10 sampled NNs | VaAcc: 0.6621 +- 0.0342 | VaLoss: 0.9870 +- 0.0937
127,  0 | TrAcc: 0.7566, TrLoss:  0.67854, VaAcc: 0.7476, VaLoss:  0.60461	 10 sampled NNs | VaAcc: 0.6677 +- 0.0118 | VaLoss: 0.9698 +- 0.0317
128,  0 | TrAcc: 0.7555, TrLoss:  0.68055, VaAcc: 0.7446, VaLoss:  0.62075	 10 sampled NNs | VaAcc: 0.6562 +- 0.0257 | VaLoss: 0.9979 +- 0.0645
129,  0 | TrAcc: 0.7570, TrLoss:  0.67324, VaAcc: 0.7417, VaLoss:  0.61834	 10 sampled NNs | VaAcc: 0.6531 +- 0.0161 | VaLoss: 1.0117 +- 0.0450
130,  0 | TrAcc: 0.7572, TrLoss:  0.67487, VaAcc: 0.7445, VaLoss:  0.61524	 10 sampled NNs | VaAcc: 0.6652 +- 0.0188 | VaLoss: 0.9764 +- 0.0434
131,  0 | TrAcc: 0.7594, TrLoss:  0.66809, VaAcc: 0.7456, VaLoss:  0.61267	 10 sampled NNs | VaAcc: 0.6684 +- 0.0184 | VaLoss: 0.9604 +- 0.0640
132,  0 | TrAcc: 0.7593, TrLoss:  0.67051, VaAcc: 0.7470, VaLoss:  0.60652	 10 sampled NNs | VaAcc: 0.6780 +- 0.0260 | VaLoss: 0.9355 +- 0.0636
133,  0 | TrAcc: 0.7602, TrLoss:  0.66667, VaAcc: 0.7474, VaLoss:  0.60663	 10 sampled NNs | VaAcc: 0.6654 +- 0.0275 | VaLoss: 0.9832 +- 0.0837
134,  0 | TrAcc: 0.7598, TrLoss:  0.66679, VaAcc: 0.7431, VaLoss:  0.60731	 10 sampled NNs | VaAcc: 0.6688 +- 0.0268 | VaLoss: 0.9680 +- 0.0652
135,  0 | TrAcc: 0.7601, TrLoss:  0.66752, VaAcc: 0.7387, VaLoss:  0.62450	 10 sampled NNs | VaAcc: 0.6748 +- 0.0159 | VaLoss: 0.9577 +- 0.0368
136,  0 | TrAcc: 0.7614, TrLoss:  0.66185, VaAcc: 0.7455, VaLoss:  0.59998	 10 sampled NNs | VaAcc: 0.6741 +- 0.0192 | VaLoss: 0.9535 +- 0.0514
137,  0 | TrAcc: 0.7618, TrLoss:  0.66476, VaAcc: 0.7487, VaLoss:  0.60767	 10 sampled NNs | VaAcc: 0.6790 +- 0.0162 | VaLoss: 0.9331 +- 0.0487
138,  0 | TrAcc: 0.7627, TrLoss:  0.65611, VaAcc: 0.7504, VaLoss:  0.59580	 10 sampled NNs | VaAcc: 0.6711 +- 0.0213 | VaLoss: 0.9613 +- 0.0560
139,  0 | TrAcc: 0.7617, TrLoss:  0.66142, VaAcc: 0.7537, VaLoss:  0.59023	 10 sampled NNs | VaAcc: 0.6722 +- 0.0184 | VaLoss: 0.9547 +- 0.0476
140,  0 | TrAcc: 0.7618, TrLoss:  0.65984, VaAcc: 0.7463, VaLoss:  0.60110	 10 sampled NNs | VaAcc: 0.6889 +- 0.0110 | VaLoss: 0.9079 +- 0.0315
141,  0 | TrAcc: 0.7614, TrLoss:  0.65771, VaAcc: 0.7494, VaLoss:  0.59921	 10 sampled NNs | VaAcc: 0.6890 +- 0.0213 | VaLoss: 0.9106 +- 0.0652
142,  0 | TrAcc: 0.7636, TrLoss:  0.65522, VaAcc: 0.7473, VaLoss:  0.60569	 10 sampled NNs | VaAcc: 0.6803 +- 0.0129 | VaLoss: 0.9266 +- 0.0261
143,  0 | TrAcc: 0.7632, TrLoss:  0.65573, VaAcc: 0.7506, VaLoss:  0.59310	 10 sampled NNs | VaAcc: 0.6717 +- 0.0185 | VaLoss: 0.9610 +- 0.0509
144,  0 | TrAcc: 0.7626, TrLoss:  0.65604, VaAcc: 0.7515, VaLoss:  0.60261	 10 sampled NNs | VaAcc: 0.6809 +- 0.0188 | VaLoss: 0.9324 +- 0.0474
145,  0 | TrAcc: 0.7669, TrLoss:  0.64861, VaAcc: 0.7468, VaLoss:  0.60435	 10 sampled NNs | VaAcc: 0.6862 +- 0.0142 | VaLoss: 0.9135 +- 0.0359
146,  0 | TrAcc: 0.7651, TrLoss:  0.64961, VaAcc: 0.7500, VaLoss:  0.60120	 10 sampled NNs | VaAcc: 0.6918 +- 0.0108 | VaLoss: 0.8956 +- 0.0322
147,  0 | TrAcc: 0.7649, TrLoss:  0.65037, VaAcc: 0.7478, VaLoss:  0.60589	 10 sampled NNs | VaAcc: 0.6862 +- 0.0141 | VaLoss: 0.9239 +- 0.0468
148,  0 | TrAcc: 0.7653, TrLoss:  0.65159, VaAcc: 0.7525, VaLoss:  0.59282	 10 sampled NNs | VaAcc: 0.6784 +- 0.0165 | VaLoss: 0.9392 +- 0.0421
149,  0 | TrAcc: 0.7665, TrLoss:  0.64596, VaAcc: 0.7487, VaLoss:  0.60735	 10 sampled NNs | VaAcc: 0.6914 +- 0.0179 | VaLoss: 0.9063 +- 0.0420
150,  0 | TrAcc: 0.7683, TrLoss:  0.63966, VaAcc: 0.7484, VaLoss:  0.59929	 10 sampled NNs | VaAcc: 0.6864 +- 0.0153 | VaLoss: 0.9199 +- 0.0413
151,  0 | TrAcc: 0.7676, TrLoss:  0.64407, VaAcc: 0.7526, VaLoss:  0.59793	 10 sampled NNs | VaAcc: 0.6957 +- 0.0107 | VaLoss: 0.8953 +- 0.0294
152,  0 | TrAcc: 0.7700, TrLoss:  0.63881, VaAcc: 0.7507, VaLoss:  0.59881	 10 sampled NNs | VaAcc: 0.6862 +- 0.0148 | VaLoss: 0.9187 +- 0.0382
153,  0 | TrAcc: 0.7695, TrLoss:  0.63736, VaAcc: 0.7511, VaLoss:  0.59648	 10 sampled NNs | VaAcc: 0.6887 +- 0.0129 | VaLoss: 0.9101 +- 0.0442
154,  0 | TrAcc: 0.7681, TrLoss:  0.63977, VaAcc: 0.7526, VaLoss:  0.59486	 10 sampled NNs | VaAcc: 0.6792 +- 0.0148 | VaLoss: 0.9302 +- 0.0335
155,  0 | TrAcc: 0.7693, TrLoss:  0.63722, VaAcc: 0.7475, VaLoss:  0.60455	 10 sampled NNs | VaAcc: 0.6808 +- 0.0132 | VaLoss: 0.9332 +- 0.0365
156,  0 | TrAcc: 0.7701, TrLoss:  0.63510, VaAcc: 0.7512, VaLoss:  0.59047	 10 sampled NNs | VaAcc: 0.6948 +- 0.0130 | VaLoss: 0.8989 +- 0.0403
157,  0 | TrAcc: 0.7696, TrLoss:  0.63805, VaAcc: 0.7513, VaLoss:  0.58715	 10 sampled NNs | VaAcc: 0.6925 +- 0.0157 | VaLoss: 0.8955 +- 0.0394
158,  0 | TrAcc: 0.7704, TrLoss:  0.63525, VaAcc: 0.7516, VaLoss:  0.58893	 10 sampled NNs | VaAcc: 0.6879 +- 0.0177 | VaLoss: 0.9163 +- 0.0483
159,  0 | TrAcc: 0.7689, TrLoss:  0.63872, VaAcc: 0.7537, VaLoss:  0.58612	 10 sampled NNs | VaAcc: 0.6885 +- 0.0143 | VaLoss: 0.9004 +- 0.0283
160,  0 | TrAcc: 0.7708, TrLoss:  0.63324, VaAcc: 0.7509, VaLoss:  0.59405	 10 sampled NNs | VaAcc: 0.6901 +- 0.0233 | VaLoss: 0.9073 +- 0.0631
161,  0 | TrAcc: 0.7725, TrLoss:  0.63172, VaAcc: 0.7512, VaLoss:  0.59709	 10 sampled NNs | VaAcc: 0.6978 +- 0.0100 | VaLoss: 0.8861 +- 0.0243
162,  0 | TrAcc: 0.7728, TrLoss:  0.62626, VaAcc: 0.7581, VaLoss:  0.57838	 10 sampled NNs | VaAcc: 0.7016 +- 0.0111 | VaLoss: 0.8834 +- 0.0277
163,  0 | TrAcc: 0.7718, TrLoss:  0.62894, VaAcc: 0.7518, VaLoss:  0.59331	 10 sampled NNs | VaAcc: 0.6899 +- 0.0127 | VaLoss: 0.9140 +- 0.0357
164,  0 | TrAcc: 0.7714, TrLoss:  0.62786, VaAcc: 0.7517, VaLoss:  0.59523	 10 sampled NNs | VaAcc: 0.6906 +- 0.0206 | VaLoss: 0.9079 +- 0.0474
165,  0 | TrAcc: 0.7719, TrLoss:  0.62859, VaAcc: 0.7523, VaLoss:  0.58645	 10 sampled NNs | VaAcc: 0.6948 +- 0.0125 | VaLoss: 0.8899 +- 0.0354
166,  0 | TrAcc: 0.7736, TrLoss:  0.62426, VaAcc: 0.7536, VaLoss:  0.58479	 10 sampled NNs | VaAcc: 0.7007 +- 0.0168 | VaLoss: 0.8864 +- 0.0444
167,  0 | TrAcc: 0.7736, TrLoss:  0.62822, VaAcc: 0.7541, VaLoss:  0.58954	 10 sampled NNs | VaAcc: 0.7038 +- 0.0063 | VaLoss: 0.8741 +- 0.0175
168,  0 | TrAcc: 0.7749, TrLoss:  0.62144, VaAcc: 0.7539, VaLoss:  0.59024	 10 sampled NNs | VaAcc: 0.6989 +- 0.0105 | VaLoss: 0.8882 +- 0.0324
169,  0 | TrAcc: 0.7755, TrLoss:  0.61971, VaAcc: 0.7529, VaLoss:  0.58800	 10 sampled NNs | VaAcc: 0.6954 +- 0.0163 | VaLoss: 0.8950 +- 0.0356
170,  0 | TrAcc: 0.7741, TrLoss:  0.62222, VaAcc: 0.7564, VaLoss:  0.58284	 10 sampled NNs | VaAcc: 0.7044 +- 0.0101 | VaLoss: 0.8726 +- 0.0308
171,  0 | TrAcc: 0.7743, TrLoss:  0.62170, VaAcc: 0.7556, VaLoss:  0.58498	 10 sampled NNs | VaAcc: 0.7013 +- 0.0162 | VaLoss: 0.8755 +- 0.0440
172,  0 | TrAcc: 0.7745, TrLoss:  0.62001, VaAcc: 0.7581, VaLoss:  0.57626	 10 sampled NNs | VaAcc: 0.6931 +- 0.0184 | VaLoss: 0.9010 +- 0.0584
173,  0 | TrAcc: 0.7759, TrLoss:  0.61948, VaAcc: 0.7568, VaLoss:  0.57971	 10 sampled NNs | VaAcc: 0.7055 +- 0.0101 | VaLoss: 0.8677 +- 0.0274
174,  0 | TrAcc: 0.7778, TrLoss:  0.61475, VaAcc: 0.7542, VaLoss:  0.58289	 10 sampled NNs | VaAcc: 0.6963 +- 0.0114 | VaLoss: 0.8891 +- 0.0269
175,  0 | TrAcc: 0.7759, TrLoss:  0.61598, VaAcc: 0.7578, VaLoss:  0.57522	 10 sampled NNs | VaAcc: 0.6949 +- 0.0187 | VaLoss: 0.8958 +- 0.0545
176,  0 | TrAcc: 0.7758, TrLoss:  0.61774, VaAcc: 0.7582, VaLoss:  0.57432	 10 sampled NNs | VaAcc: 0.7002 +- 0.0157 | VaLoss: 0.8850 +- 0.0421
177,  0 | TrAcc: 0.7771, TrLoss:  0.61248, VaAcc: 0.7570, VaLoss:  0.58112	 10 sampled NNs | VaAcc: 0.7042 +- 0.0125 | VaLoss: 0.8693 +- 0.0333
178,  0 | TrAcc: 0.7778, TrLoss:  0.61407, VaAcc: 0.7536, VaLoss:  0.57907	 10 sampled NNs | VaAcc: 0.7003 +- 0.0141 | VaLoss: 0.8778 +- 0.0409
179,  0 | TrAcc: 0.7767, TrLoss:  0.61509, VaAcc: 0.7590, VaLoss:  0.57195	 10 sampled NNs | VaAcc: 0.7094 +- 0.0164 | VaLoss: 0.8548 +- 0.0444
180,  0 | TrAcc: 0.7771, TrLoss:  0.61222, VaAcc: 0.7577, VaLoss:  0.58154	 10 sampled NNs | VaAcc: 0.7032 +- 0.0121 | VaLoss: 0.8721 +- 0.0328
181,  0 | TrAcc: 0.7775, TrLoss:  0.61090, VaAcc: 0.7560, VaLoss:  0.58308	 10 sampled NNs | VaAcc: 0.7014 +- 0.0101 | VaLoss: 0.8770 +- 0.0338
182,  0 | TrAcc: 0.7789, TrLoss:  0.60883, VaAcc: 0.7560, VaLoss:  0.58017	 10 sampled NNs | VaAcc: 0.7058 +- 0.0182 | VaLoss: 0.8648 +- 0.0423
183,  0 | TrAcc: 0.7775, TrLoss:  0.60985, VaAcc: 0.7558, VaLoss:  0.57866	 10 sampled NNs | VaAcc: 0.7061 +- 0.0124 | VaLoss: 0.8660 +- 0.0363
184,  0 | TrAcc: 0.7793, TrLoss:  0.60585, VaAcc: 0.7540, VaLoss:  0.58691	 10 sampled NNs | VaAcc: 0.7062 +- 0.0099 | VaLoss: 0.8633 +- 0.0374
185,  0 | TrAcc: 0.7793, TrLoss:  0.60784, VaAcc: 0.7550, VaLoss:  0.58967	 10 sampled NNs | VaAcc: 0.7092 +- 0.0113 | VaLoss: 0.8568 +- 0.0280
186,  0 | TrAcc: 0.7797, TrLoss:  0.60498, VaAcc: 0.7552, VaLoss:  0.58512	 10 sampled NNs | VaAcc: 0.7096 +- 0.0092 | VaLoss: 0.8579 +- 0.0262
187,  0 | TrAcc: 0.7801, TrLoss:  0.60458, VaAcc: 0.7562, VaLoss:  0.58469	 10 sampled NNs | VaAcc: 0.7074 +- 0.0093 | VaLoss: 0.8540 +- 0.0293
188,  0 | TrAcc: 0.7803, TrLoss:  0.60441, VaAcc: 0.7589, VaLoss:  0.57639	 10 sampled NNs | VaAcc: 0.7027 +- 0.0136 | VaLoss: 0.8722 +- 0.0316
189,  0 | TrAcc: 0.7804, TrLoss:  0.60495, VaAcc: 0.7560, VaLoss:  0.58855	 10 sampled NNs | VaAcc: 0.7072 +- 0.0129 | VaLoss: 0.8666 +- 0.0340
190,  0 | TrAcc: 0.7800, TrLoss:  0.60338, VaAcc: 0.7586, VaLoss:  0.57765	 10 sampled NNs | VaAcc: 0.7121 +- 0.0145 | VaLoss: 0.8495 +- 0.0430
191,  0 | TrAcc: 0.7824, TrLoss:  0.59848, VaAcc: 0.7591, VaLoss:  0.57171	 10 sampled NNs | VaAcc: 0.7097 +- 0.0108 | VaLoss: 0.8575 +- 0.0273
192,  0 | TrAcc: 0.7825, TrLoss:  0.59817, VaAcc: 0.7586, VaLoss:  0.56993	 10 sampled NNs | VaAcc: 0.7156 +- 0.0082 | VaLoss: 0.8438 +- 0.0218
193,  0 | TrAcc: 0.7821, TrLoss:      nan, VaAcc: 0.7575, VaLoss:      nan	 10 sampled NNs | VaAcc: 0.7060 +- 0.0079 | VaLoss: 0.8584 +- 0.0193
194,  0 | TrAcc: 0.7817, TrLoss:  0.59562, VaAcc: 0.7575, VaLoss:  0.57459	 10 sampled NNs | VaAcc: 0.7078 +- 0.0165 | VaLoss: 0.8590 +- 0.0443
195,  0 | TrAcc: 0.7818, TrLoss:  0.59889, VaAcc: 0.7571, VaLoss:  0.58148	 10 sampled NNs | VaAcc: 0.7012 +- 0.0252 | VaLoss: 0.8741 +- 0.0633
196,  0 | TrAcc: 0.7830, TrLoss:  0.59395, VaAcc: 0.7553, VaLoss:  0.59167	 10 sampled NNs | VaAcc: 0.7032 +- 0.0206 | VaLoss: 0.8734 +- 0.0523
197,  0 | TrAcc: 0.7813, TrLoss:  0.60010, VaAcc: 0.7539, VaLoss:  0.58865	 10 sampled NNs | VaAcc: 0.7055 +- 0.0224 | VaLoss: 0.8735 +- 0.0600
198,  0 | TrAcc: 0.7836, TrLoss:  0.59442, VaAcc: 0.7584, VaLoss:  0.57727	 10 sampled NNs | VaAcc: 0.7132 +- 0.0095 | VaLoss: 0.8437 +- 0.0158
199,  0 | TrAcc: 0.7837, TrLoss:  0.59080, VaAcc: 0.7544, VaLoss:  0.58128	 10 sampled NNs | VaAcc: 0.7106 +- 0.0096 | VaLoss: 0.8518 +- 0.0237
200,  0 | TrAcc: 0.7835, TrLoss:  0.59676, VaAcc: 0.7615, VaLoss:  0.57113	 10 sampled NNs | VaAcc: 0.7112 +- 0.0099 | VaLoss: 0.8493 +- 0.0219
201,  0 | TrAcc: 0.7850, TrLoss:  0.58914, VaAcc: 0.7592, VaLoss:  0.57492	 10 sampled NNs | VaAcc: 0.7125 +- 0.0096 | VaLoss: 0.8508 +- 0.0208
202,  0 | TrAcc: 0.7844, TrLoss:  0.59211, VaAcc: 0.7546, VaLoss:  0.58853	 10 sampled NNs | VaAcc: 0.7139 +- 0.0090 | VaLoss: 0.8446 +- 0.0254
203,  0 | TrAcc: 0.7838, TrLoss:  0.59177, VaAcc: 0.7526, VaLoss:  0.58717	 10 sampled NNs | VaAcc: 0.7079 +- 0.0116 | VaLoss: 0.8571 +- 0.0228
204,  0 | TrAcc: 0.7847, TrLoss:  0.59063, VaAcc: 0.7596, VaLoss:  0.57962	 10 sampled NNs | VaAcc: 0.7081 +- 0.0150 | VaLoss: 0.8552 +- 0.0379
205,  0 | TrAcc: 0.7847, TrLoss:  0.59062, VaAcc: 0.7570, VaLoss:  0.58405	 10 sampled NNs | VaAcc: 0.7065 +- 0.0082 | VaLoss: 0.8568 +- 0.0258
206,  0 | TrAcc: 0.7851, TrLoss:  0.58571, VaAcc: 0.7536, VaLoss:  0.59078	 10 sampled NNs | VaAcc: 0.7075 +- 0.0071 | VaLoss: 0.8581 +- 0.0156
207,  0 | TrAcc: 0.7842, TrLoss:  0.59072, VaAcc: 0.7525, VaLoss:  0.59849	 10 sampled NNs | VaAcc: 0.7141 +- 0.0110 | VaLoss: 0.8417 +- 0.0338
208,  0 | TrAcc: 0.7832, TrLoss:  0.59094, VaAcc: 0.7570, VaLoss:  0.57806	 10 sampled NNs | VaAcc: 0.7197 +- 0.0093 | VaLoss: 0.8312 +- 0.0305
209,  0 | TrAcc: 0.7860, TrLoss:  0.58604, VaAcc: 0.7578, VaLoss:  0.57879	 10 sampled NNs | VaAcc: 0.7096 +- 0.0129 | VaLoss: 0.8471 +- 0.0343
210,  0 | TrAcc: 0.7858, TrLoss:  0.58866, VaAcc: 0.7605, VaLoss:  0.57199	 10 sampled NNs | VaAcc: 0.7043 +- 0.0155 | VaLoss: 0.8552 +- 0.0419
211,  0 | TrAcc: 0.7862, TrLoss:  0.58487, VaAcc: 0.7590, VaLoss:  0.58582	 10 sampled NNs | VaAcc: 0.7124 +- 0.0118 | VaLoss: 0.8535 +- 0.0278
212,  0 | TrAcc: 0.7883, TrLoss:  0.58236, VaAcc: 0.7571, VaLoss:  0.58111	 10 sampled NNs | VaAcc: 0.7164 +- 0.0143 | VaLoss: 0.8404 +- 0.0404
213,  0 | TrAcc: 0.7859, TrLoss:  0.58330, VaAcc: 0.7587, VaLoss:  0.57856	 10 sampled NNs | VaAcc: 0.7105 +- 0.0154 | VaLoss: 0.8546 +- 0.0438
214,  0 | TrAcc: 0.7865, TrLoss:  0.58293, VaAcc: 0.7583, VaLoss:  0.57952	 10 sampled NNs | VaAcc: 0.7082 +- 0.0143 | VaLoss: 0.8600 +- 0.0305
215,  0 | TrAcc: 0.7879, TrLoss:  0.58204, VaAcc: 0.7571, VaLoss:  0.58229	 10 sampled NNs | VaAcc: 0.7151 +- 0.0126 | VaLoss: 0.8380 +- 0.0342
216,  0 | TrAcc: 0.7871, TrLoss:  0.58389, VaAcc: 0.7589, VaLoss:  0.57662	 10 sampled NNs | VaAcc: 0.7204 +- 0.0091 | VaLoss: 0.8268 +- 0.0176
217,  0 | TrAcc: 0.7871, TrLoss:  0.58069, VaAcc: 0.7573, VaLoss:  0.58648	 10 sampled NNs | VaAcc: 0.7185 +- 0.0065 | VaLoss: 0.8306 +- 0.0116
218,  0 | TrAcc: 0.7872, TrLoss:  0.58231, VaAcc: 0.7591, VaLoss:  0.57225	 10 sampled NNs | VaAcc: 0.7247 +- 0.0078 | VaLoss: 0.8147 +- 0.0217
219,  0 | TrAcc: 0.7879, TrLoss:  0.58141, VaAcc: 0.7585, VaLoss:  0.57936	 10 sampled NNs | VaAcc: 0.7144 +- 0.0118 | VaLoss: 0.8402 +- 0.0311
220,  0 | TrAcc: 0.7872, TrLoss:  0.58042, VaAcc: 0.7572, VaLoss:  0.58334	 10 sampled NNs | VaAcc: 0.7123 +- 0.0109 | VaLoss: 0.8491 +- 0.0239
221,  0 | TrAcc: 0.7895, TrLoss:  0.57667, VaAcc: 0.7607, VaLoss:  0.57451	 10 sampled NNs | VaAcc: 0.7160 +- 0.0116 | VaLoss: 0.8388 +- 0.0281
222,  0 | TrAcc: 0.7900, TrLoss:  0.57387, VaAcc: 0.7606, VaLoss:  0.57167	 10 sampled NNs | VaAcc: 0.7133 +- 0.0164 | VaLoss: 0.8461 +- 0.0437
223,  0 | TrAcc: 0.7893, TrLoss:  0.57639, VaAcc: 0.7604, VaLoss:  0.57525	 10 sampled NNs | VaAcc: 0.7198 +- 0.0122 | VaLoss: 0.8250 +- 0.0341
224,  0 | TrAcc: 0.7893, TrLoss:  0.57652, VaAcc: 0.7604, VaLoss:  0.57426	 10 sampled NNs | VaAcc: 0.7109 +- 0.0165 | VaLoss: 0.8498 +- 0.0415
225,  0 | TrAcc: 0.7909, TrLoss:  0.57132, VaAcc: 0.7576, VaLoss:  0.58440	 10 sampled NNs | VaAcc: 0.7200 +- 0.0071 | VaLoss: 0.8275 +- 0.0194
226,  0 | TrAcc: 0.7878, TrLoss:  0.57697, VaAcc: 0.7605, VaLoss:  0.57624	 10 sampled NNs | VaAcc: 0.7204 +- 0.0084 | VaLoss: 0.8229 +- 0.0198
227,  0 | TrAcc: 0.7890, TrLoss:  0.57545, VaAcc: 0.7568, VaLoss:  0.58134	 10 sampled NNs | VaAcc: 0.7197 +- 0.0104 | VaLoss: 0.8297 +- 0.0300
228,  0 | TrAcc: 0.7899, TrLoss:  0.57377, VaAcc: 0.7567, VaLoss:  0.58575	 10 sampled NNs | VaAcc: 0.7188 +- 0.0078 | VaLoss: 0.8340 +- 0.0183
229,  0 | TrAcc: 0.7870, TrLoss:  0.57859, VaAcc: 0.7626, VaLoss:  0.57331	 10 sampled NNs | VaAcc: 0.7230 +- 0.0074 | VaLoss: 0.8225 +- 0.0216
230,  0 | TrAcc: 0.7907, TrLoss:  0.57322, VaAcc: 0.7556, VaLoss:  0.58683	 10 sampled NNs | VaAcc: 0.7237 +- 0.0117 | VaLoss: 0.8157 +- 0.0284
231,  0 | TrAcc: 0.7919, TrLoss:  0.56881, VaAcc: 0.7582, VaLoss:  0.58148	 10 sampled NNs | VaAcc: 0.7219 +- 0.0081 | VaLoss: 0.8205 +- 0.0145
232,  0 | TrAcc: 0.7885, TrLoss:  0.57729, VaAcc: 0.7527, VaLoss:  0.59405	 10 sampled NNs | VaAcc: 0.7265 +- 0.0086 | VaLoss: 0.8084 +- 0.0231
233,  0 | TrAcc: 0.7916, TrLoss:  0.56739, VaAcc: 0.7561, VaLoss:  0.58139	 10 sampled NNs | VaAcc: 0.7187 +- 0.0104 | VaLoss: 0.8335 +- 0.0300
234,  0 | TrAcc: 0.7901, TrLoss:  0.57343, VaAcc: 0.7615, VaLoss:  0.57114	 10 sampled NNs | VaAcc: 0.7245 +- 0.0117 | VaLoss: 0.8217 +- 0.0225
235,  0 | TrAcc: 0.7923, TrLoss:  0.56683, VaAcc: 0.7579, VaLoss:  0.58128	 10 sampled NNs | VaAcc: 0.7183 +- 0.0093 | VaLoss: 0.8349 +- 0.0239
236,  0 | TrAcc: 0.7921, TrLoss:  0.56742, VaAcc: 0.7623, VaLoss:  0.57355	 10 sampled NNs | VaAcc: 0.7276 +- 0.0098 | VaLoss: 0.8153 +- 0.0235
237,  0 | TrAcc: 0.7938, TrLoss:  0.56625, VaAcc: 0.7610, VaLoss:  0.57254	 10 sampled NNs | VaAcc: 0.7191 +- 0.0062 | VaLoss: 0.8259 +- 0.0237
238,  0 | TrAcc: 0.7924, TrLoss:  0.56642, VaAcc: 0.7601, VaLoss:  0.57787	 10 sampled NNs | VaAcc: 0.7237 +- 0.0047 | VaLoss: 0.8193 +- 0.0150
239,  0 | TrAcc: 0.7923, TrLoss:  0.56875, VaAcc: 0.7560, VaLoss:  0.58340	 10 sampled NNs | VaAcc: 0.7256 +- 0.0118 | VaLoss: 0.8162 +- 0.0274
240,  0 | TrAcc: 0.7930, TrLoss:  0.56431, VaAcc: 0.7615, VaLoss:  0.57795	 10 sampled NNs | VaAcc: 0.7228 +- 0.0103 | VaLoss: 0.8215 +- 0.0267
241,  0 | TrAcc: 0.7931, TrLoss:  0.56540, VaAcc: 0.7634, VaLoss:  0.57407	 10 sampled NNs | VaAcc: 0.7178 +- 0.0100 | VaLoss: 0.8359 +- 0.0252
242,  0 | TrAcc: 0.7932, TrLoss:  0.56431, VaAcc: 0.7570, VaLoss:  0.58323	 10 sampled NNs | VaAcc: 0.7168 +- 0.0142 | VaLoss: 0.8423 +- 0.0392
243,  0 | TrAcc: 0.7952, TrLoss:  0.56101, VaAcc: 0.7621, VaLoss:  0.56522	 10 sampled NNs | VaAcc: 0.7256 +- 0.0119 | VaLoss: 0.8211 +- 0.0326
244,  0 | TrAcc: 0.7919, TrLoss:  0.56701, VaAcc: 0.7575, VaLoss:  0.58017	 10 sampled NNs | VaAcc: 0.7244 +- 0.0086 | VaLoss: 0.8146 +- 0.0231
245,  0 | TrAcc: 0.7922, TrLoss:  0.56639, VaAcc: 0.7588, VaLoss:  0.58328	 10 sampled NNs | VaAcc: 0.7203 +- 0.0173 | VaLoss: 0.8243 +- 0.0435
246,  0 | TrAcc: 0.7932, TrLoss:  0.56428, VaAcc: 0.7556, VaLoss:  0.58748	 10 sampled NNs | VaAcc: 0.7247 +- 0.0079 | VaLoss: 0.8167 +- 0.0241
247,  0 | TrAcc: 0.7933, TrLoss:  0.56410, VaAcc: 0.7610, VaLoss:  0.57575	 10 sampled NNs | VaAcc: 0.7277 +- 0.0119 | VaLoss: 0.8089 +- 0.0367
248,  0 | TrAcc: 0.7955, TrLoss:  0.55996, VaAcc: 0.7614, VaLoss:  0.58153	 10 sampled NNs | VaAcc: 0.7251 +- 0.0055 | VaLoss: 0.8184 +- 0.0197
249,  0 | TrAcc: 0.7934, TrLoss:  0.56092, VaAcc: 0.7620, VaLoss:  0.57632	 10 sampled NNs | VaAcc: 0.7272 +- 0.0076 | VaLoss: 0.8147 +- 0.0248
250,  0 | TrAcc: 0.7936, TrLoss:  0.56323, VaAcc: 0.7594, VaLoss:  0.58095	 10 sampled NNs | VaAcc: 0.7233 +- 0.0133 | VaLoss: 0.8229 +- 0.0351
251,  0 | TrAcc: 0.7942, TrLoss:  0.56264, VaAcc: 0.7638, VaLoss:  0.57033	 10 sampled NNs | VaAcc: 0.7256 +- 0.0096 | VaLoss: 0.8119 +- 0.0286
252,  0 | TrAcc: 0.7961, TrLoss:  0.55749, VaAcc: 0.7609, VaLoss:  0.57522	 10 sampled NNs | VaAcc: 0.7229 +- 0.0081 | VaLoss: 0.8196 +- 0.0218
253,  0 | TrAcc: 0.7942, TrLoss:  0.56013, VaAcc: 0.7607, VaLoss:  0.57387	 10 sampled NNs | VaAcc: 0.7190 +- 0.0135 | VaLoss: 0.8309 +- 0.0361
254,  0 | TrAcc: 0.7946, TrLoss:  0.56106, VaAcc: 0.7591, VaLoss:  0.57491	 10 sampled NNs | VaAcc: 0.7251 +- 0.0062 | VaLoss: 0.8142 +- 0.0137
255,  0 | TrAcc: 0.7946, TrLoss:  0.55793, VaAcc: 0.7608, VaLoss:  0.57411	 10 sampled NNs | VaAcc: 0.7314 +- 0.0116 | VaLoss: 0.7970 +- 0.0305
256,  0 | TrAcc: 0.7930, TrLoss:  0.56245, VaAcc: 0.7623, VaLoss:  0.57182	 10 sampled NNs | VaAcc: 0.7252 +- 0.0106 | VaLoss: 0.8158 +- 0.0255
257,  0 | TrAcc: 0.7936, TrLoss:  0.56183, VaAcc: 0.7605, VaLoss:  0.57556	 10 sampled NNs | VaAcc: 0.7268 +- 0.0131 | VaLoss: 0.8071 +- 0.0319
258,  0 | TrAcc: 0.7964, TrLoss:  0.55641, VaAcc: 0.7633, VaLoss:  0.57172	 10 sampled NNs | VaAcc: 0.7264 +- 0.0068 | VaLoss: 0.8130 +- 0.0184
259,  0 | TrAcc: 0.7959, TrLoss:  0.55825, VaAcc: 0.7583, VaLoss:  0.58112	 10 sampled NNs | VaAcc: 0.7298 +- 0.0085 | VaLoss: 0.8000 +- 0.0249
260,  0 | TrAcc: 0.7970, TrLoss:  0.55445, VaAcc: 0.7658, VaLoss:  0.56712	 10 sampled NNs | VaAcc: 0.7317 +- 0.0076 | VaLoss: 0.8023 +- 0.0192
261,  0 | TrAcc: 0.7957, TrLoss:  0.55601, VaAcc: 0.7598, VaLoss:  0.57916	 10 sampled NNs | VaAcc: 0.7234 +- 0.0108 | VaLoss: 0.8200 +- 0.0199
262,  0 | TrAcc: 0.7980, TrLoss:  0.55264, VaAcc: 0.7622, VaLoss:  0.57506	 10 sampled NNs | VaAcc: 0.7283 +- 0.0069 | VaLoss: 0.8017 +- 0.0232
263,  0 | TrAcc: 0.7964, TrLoss:  0.55383, VaAcc: 0.7573, VaLoss:  0.58609	 10 sampled NNs | VaAcc: 0.7310 +- 0.0065 | VaLoss: 0.8023 +- 0.0164
264,  0 | TrAcc: 0.7981, TrLoss:  0.55035, VaAcc: 0.7596, VaLoss:  0.58394	 10 sampled NNs | VaAcc: 0.7308 +- 0.0100 | VaLoss: 0.8023 +- 0.0255
265,  0 | TrAcc: 0.7957, TrLoss:  0.55479, VaAcc: 0.7574, VaLoss:  0.58576	 10 sampled NNs | VaAcc: 0.7296 +- 0.0075 | VaLoss: 0.8069 +- 0.0214
266,  0 | TrAcc: 0.7970, TrLoss:  0.55128, VaAcc: 0.7610, VaLoss:  0.57870	 10 sampled NNs | VaAcc: 0.7259 +- 0.0070 | VaLoss: 0.8117 +- 0.0189
267,  0 | TrAcc: 0.7974, TrLoss:  0.55211, VaAcc: 0.7579, VaLoss:  0.58151	 10 sampled NNs | VaAcc: 0.7290 +- 0.0072 | VaLoss: 0.8016 +- 0.0183
268,  0 | TrAcc: 0.7983, TrLoss:  0.54953, VaAcc: 0.7582, VaLoss:  0.58222	 10 sampled NNs | VaAcc: 0.7275 +- 0.0119 | VaLoss: 0.8128 +- 0.0319
269,  0 | TrAcc: 0.7963, TrLoss:  0.55631, VaAcc: 0.7593, VaLoss:  0.57876	 10 sampled NNs | VaAcc: 0.7297 +- 0.0060 | VaLoss: 0.8047 +- 0.0223
270,  0 | TrAcc: 0.7969, TrLoss:  0.55109, VaAcc: 0.7547, VaLoss:  0.59172	 10 sampled NNs | VaAcc: 0.7251 +- 0.0091 | VaLoss: 0.8112 +- 0.0235
271,  0 | TrAcc: 0.7972, TrLoss:  0.55317, VaAcc: 0.7576, VaLoss:  0.58779	 10 sampled NNs | VaAcc: 0.7319 +- 0.0109 | VaLoss: 0.7985 +- 0.0268
272,  0 | TrAcc: 0.7960, TrLoss:  0.55345, VaAcc: 0.7615, VaLoss:  0.57487	 10 sampled NNs | VaAcc: 0.7313 +- 0.0078 | VaLoss: 0.8026 +- 0.0166
273,  0 | TrAcc: 0.7988, TrLoss:  0.54979, VaAcc: 0.7605, VaLoss:  0.58222	 10 sampled NNs | VaAcc: 0.7298 +- 0.0062 | VaLoss: 0.8058 +- 0.0177
274,  0 | TrAcc: 0.7983, TrLoss:  0.55043, VaAcc: 0.7624, VaLoss:  0.57984	 10 sampled NNs | VaAcc: 0.7287 +- 0.0093 | VaLoss: 0.8060 +- 0.0256
275,  0 | TrAcc: 0.7987, TrLoss:  0.54744, VaAcc: 0.7601, VaLoss:  0.57789	 10 sampled NNs | VaAcc: 0.7281 +- 0.0130 | VaLoss: 0.8020 +- 0.0308
276,  0 | TrAcc: 0.7996, TrLoss:  0.54701, VaAcc: 0.7629, VaLoss:  0.57375	 10 sampled NNs | VaAcc: 0.7319 +- 0.0035 | VaLoss: 0.7961 +- 0.0146
277,  0 | TrAcc: 0.7986, TrLoss:  0.54824, VaAcc: 0.7603, VaLoss:  0.58737	 10 sampled NNs | VaAcc: 0.7288 +- 0.0104 | VaLoss: 0.8104 +- 0.0332
278,  0 | TrAcc: 0.7989, TrLoss:  0.54687, VaAcc: 0.7618, VaLoss:  0.57364	 10 sampled NNs | VaAcc: 0.7288 +- 0.0098 | VaLoss: 0.8067 +- 0.0330
279,  0 | TrAcc: 0.7989, TrLoss:  0.54863, VaAcc: 0.7592, VaLoss:  0.58689	 10 sampled NNs | VaAcc: 0.7292 +- 0.0072 | VaLoss: 0.8040 +- 0.0168
280,  0 | TrAcc: 0.7991, TrLoss:      nan, VaAcc: 0.7594, VaLoss:      nan	 10 sampled NNs | VaAcc: 0.7340 +- 0.0064 | VaLoss: 0.7952 +- 0.0199
281,  0 | TrAcc: 0.7994, TrLoss:  0.54699, VaAcc: 0.7586, VaLoss:  0.58578	 10 sampled NNs | VaAcc: 0.7282 +- 0.0081 | VaLoss: 0.8070 +- 0.0203
282,  0 | TrAcc: 0.7974, TrLoss:  0.55217, VaAcc: 0.7667, VaLoss:  0.56871	 10 sampled NNs | VaAcc: 0.7326 +- 0.0086 | VaLoss: 0.7951 +- 0.0208
283,  0 | TrAcc: 0.8002, TrLoss:  0.54688, VaAcc: 0.7584, VaLoss:  0.58287	 10 sampled NNs | VaAcc: 0.7295 +- 0.0061 | VaLoss: 0.7979 +- 0.0146
284,  0 | TrAcc: 0.7995, TrLoss:  0.54684, VaAcc: 0.7575, VaLoss:  0.58931	 10 sampled NNs | VaAcc: 0.7268 +- 0.0100 | VaLoss: 0.8083 +- 0.0256
285,  0 | TrAcc: 0.7996, TrLoss:  0.54787, VaAcc: 0.7623, VaLoss:  0.57882	 10 sampled NNs | VaAcc: 0.7259 +- 0.0072 | VaLoss: 0.8137 +- 0.0193
286,  0 | TrAcc: 0.7998, TrLoss:  0.54520, VaAcc: 0.7643, VaLoss:  0.57129	 10 sampled NNs | VaAcc: 0.7325 +- 0.0077 | VaLoss: 0.7975 +- 0.0194
287,  0 | TrAcc: 0.7991, TrLoss:  0.54752, VaAcc: 0.7585, VaLoss:  0.58784	 10 sampled NNs | VaAcc: 0.7300 +- 0.0138 | VaLoss: 0.8022 +- 0.0392
288,  0 | TrAcc: 0.8017, TrLoss:  0.53964, VaAcc: 0.7632, VaLoss:  0.57962	 10 sampled NNs | VaAcc: 0.7317 +- 0.0058 | VaLoss: 0.7989 +- 0.0194
289,  0 | TrAcc: 0.8019, TrLoss:  0.54027, VaAcc: 0.7600, VaLoss:  0.57991	 10 sampled NNs | VaAcc: 0.7376 +- 0.0069 | VaLoss: 0.7845 +- 0.0205
290,  0 | TrAcc: 0.8008, TrLoss:  0.54184, VaAcc: 0.7602, VaLoss:  0.58344	 10 sampled NNs | VaAcc: 0.7316 +- 0.0102 | VaLoss: 0.7982 +- 0.0273
291,  0 | TrAcc: 0.7994, TrLoss:  0.54360, VaAcc: 0.7613, VaLoss:  0.57898	 10 sampled NNs | VaAcc: 0.7299 +- 0.0087 | VaLoss: 0.8053 +- 0.0240
292,  0 | TrAcc: 0.8014, TrLoss:  0.54180, VaAcc: 0.7556, VaLoss:  0.59706	 10 sampled NNs | VaAcc: 0.7319 +- 0.0065 | VaLoss: 0.7993 +- 0.0176
293,  0 | TrAcc: 0.8013, TrLoss:  0.54083, VaAcc: 0.7585, VaLoss:  0.58874	 10 sampled NNs | VaAcc: 0.7344 +- 0.0059 | VaLoss: 0.7974 +- 0.0181
294,  0 | TrAcc: 0.8013, TrLoss:  0.54185, VaAcc: 0.7616, VaLoss:  0.57531	 10 sampled NNs | VaAcc: 0.7344 +- 0.0108 | VaLoss: 0.7875 +- 0.0328
295,  0 | TrAcc: 0.8018, TrLoss:  0.54100, VaAcc: 0.7604, VaLoss:  0.57996	 10 sampled NNs | VaAcc: 0.7327 +- 0.0122 | VaLoss: 0.7948 +- 0.0356
296,  0 | TrAcc: 0.8006, TrLoss:  0.54120, VaAcc: 0.7600, VaLoss:  0.58567	 10 sampled NNs | VaAcc: 0.7313 +- 0.0115 | VaLoss: 0.7972 +- 0.0356
297,  0 | TrAcc: 0.8015, TrLoss:  0.54135, VaAcc: 0.7621, VaLoss:  0.57901	 10 sampled NNs | VaAcc: 0.7336 +- 0.0089 | VaLoss: 0.7891 +- 0.0201
298,  0 | TrAcc: 0.8014, TrLoss:  0.54138, VaAcc: 0.7599, VaLoss:  0.58844	 10 sampled NNs | VaAcc: 0.7322 +- 0.0104 | VaLoss: 0.7946 +- 0.0305
299,  0 | TrAcc: 0.8019, TrLoss:      nan, VaAcc: 0.7607, VaLoss:      nan	 10 sampled NNs | VaAcc: 0.7317 +- 0.0082 | VaLoss: 0.7968 +- 0.0218
300,  0 | TrAcc: 0.8022, TrLoss:  0.53938, VaAcc: 0.7580, VaLoss:  0.59310	 10 sampled NNs | VaAcc: 0.7318 +- 0.0052 | VaLoss: 0.7956 +- 0.0197
301,  0 | TrAcc: 0.8025, TrLoss:  0.53720, VaAcc: 0.7613, VaLoss:  0.58462	 10 sampled NNs | VaAcc: 0.7372 +- 0.0056 | VaLoss: 0.7821 +- 0.0182
302,  0 | TrAcc: 0.8022, TrLoss:  0.53708, VaAcc: 0.7603, VaLoss:  0.58471	 10 sampled NNs | VaAcc: 0.7384 +- 0.0055 | VaLoss: 0.7808 +- 0.0139
303,  0 | TrAcc: 0.8019, TrLoss:  0.53790, VaAcc: 0.7595, VaLoss:  0.58169	 10 sampled NNs | VaAcc: 0.7359 +- 0.0064 | VaLoss: 0.7838 +- 0.0124
304,  0 | TrAcc: 0.8019, TrLoss:  0.54105, VaAcc: 0.7620, VaLoss:  0.58520	 10 sampled NNs | VaAcc: 0.7319 +- 0.0101 | VaLoss: 0.7990 +- 0.0250
305,  0 | TrAcc: 0.8027, TrLoss:  0.53588, VaAcc: 0.7642, VaLoss:  0.57183	 10 sampled NNs | VaAcc: 0.7309 +- 0.0114 | VaLoss: 0.8020 +- 0.0254
306,  0 | TrAcc: 0.8030, TrLoss:  0.53801, VaAcc: 0.7595, VaLoss:  0.58283	 10 sampled NNs | VaAcc: 0.7352 +- 0.0048 | VaLoss: 0.7879 +- 0.0122
307,  0 | TrAcc: 0.8027, TrLoss:  0.53769, VaAcc: 0.7604, VaLoss:  0.58245	 10 sampled NNs | VaAcc: 0.7302 +- 0.0075 | VaLoss: 0.8001 +- 0.0144
308,  0 | TrAcc: 0.8023, TrLoss:  0.53811, VaAcc: 0.7584, VaLoss:  0.58461	 10 sampled NNs | VaAcc: 0.7338 +- 0.0086 | VaLoss: 0.7942 +- 0.0204
309,  0 | TrAcc: 0.8028, TrLoss:      nan, VaAcc: 0.7579, VaLoss:      nan	 10 sampled NNs | VaAcc: 0.7327 +- 0.0086 | VaLoss: 0.7916 +- 0.0204
310,  0 | TrAcc: 0.8038, TrLoss:  0.53428, VaAcc: 0.7617, VaLoss:  0.58230	 10 sampled NNs | VaAcc: 0.7378 +- 0.0074 | VaLoss: 0.7827 +- 0.0190
311,  0 | TrAcc: 0.8045, TrLoss:  0.53286, VaAcc: 0.7621, VaLoss:  0.58013	 10 sampled NNs | VaAcc: 0.7401 +- 0.0066 | VaLoss: 0.7781 +- 0.0166
312,  0 | TrAcc: 0.8029, TrLoss:  0.53579, VaAcc: 0.7606, VaLoss:  0.57437	 10 sampled NNs | VaAcc: 0.7391 +- 0.0099 | VaLoss: 0.7795 +- 0.0238
313,  0 | TrAcc: 0.8026, TrLoss:  0.53551, VaAcc: 0.7613, VaLoss:  0.58491	 10 sampled NNs | VaAcc: 0.7365 +- 0.0071 | VaLoss: 0.7885 +- 0.0189
314,  0 | TrAcc: 0.8034, TrLoss:  0.53612, VaAcc: 0.7595, VaLoss:  0.59270	 10 sampled NNs | VaAcc: 0.7340 +- 0.0076 | VaLoss: 0.7900 +- 0.0185
315,  0 | TrAcc: 0.8043, TrLoss:  0.53379, VaAcc: 0.7594, VaLoss:  0.58671	 10 sampled NNs | VaAcc: 0.7376 +- 0.0051 | VaLoss: 0.7828 +- 0.0157
316,  0 | TrAcc: 0.8051, TrLoss:  0.53259, VaAcc: 0.7669, VaLoss:  0.57111	 10 sampled NNs | VaAcc: 0.7360 +- 0.0061 | VaLoss: 0.7874 +- 0.0177
317,  0 | TrAcc: 0.8039, TrLoss:  0.53608, VaAcc: 0.7602, VaLoss:  0.58375	 10 sampled NNs | VaAcc: 0.7378 +- 0.0056 | VaLoss: 0.7840 +- 0.0210
318,  0 | TrAcc: 0.8047, TrLoss:  0.53185, VaAcc: 0.7598, VaLoss:  0.59155	 10 sampled NNs | VaAcc: 0.7352 +- 0.0090 | VaLoss: 0.7830 +- 0.0250
319,  0 | TrAcc: 0.8045, TrLoss:  0.53152, VaAcc: 0.7633, VaLoss:  0.57677	 10 sampled NNs | VaAcc: 0.7309 +- 0.0081 | VaLoss: 0.7978 +- 0.0210
320,  0 | TrAcc: 0.8054, TrLoss:  0.53020, VaAcc: 0.7639, VaLoss:  0.57707	 10 sampled NNs | VaAcc: 0.7396 +- 0.0056 | VaLoss: 0.7823 +- 0.0170
321,  0 | TrAcc: 0.8048, TrLoss:  0.53028, VaAcc: 0.7616, VaLoss:  0.57756	 10 sampled NNs | VaAcc: 0.7366 +- 0.0042 | VaLoss: 0.7902 +- 0.0136
322,  0 | TrAcc: 0.8045, TrLoss:  0.53205, VaAcc: 0.7600, VaLoss:  0.58495	 10 sampled NNs | VaAcc: 0.7333 +- 0.0067 | VaLoss: 0.7877 +- 0.0168
323,  0 | TrAcc: 0.8044, TrLoss:  0.53361, VaAcc: 0.7630, VaLoss:  0.57320	 10 sampled NNs | VaAcc: 0.7375 +- 0.0097 | VaLoss: 0.7796 +- 0.0197
324,  0 | TrAcc: 0.8054, TrLoss:  0.53084, VaAcc: 0.7627, VaLoss:  0.57432	 10 sampled NNs | VaAcc: 0.7411 +- 0.0073 | VaLoss: 0.7729 +- 0.0209
325,  0 | TrAcc: 0.8056, TrLoss:  0.53020, VaAcc: 0.7561, VaLoss:  0.60033	 10 sampled NNs | VaAcc: 0.7428 +- 0.0031 | VaLoss: 0.7698 +- 0.0128
326,  0 | TrAcc: 0.8063, TrLoss:  0.52680, VaAcc: 0.7632, VaLoss:  0.58797	 10 sampled NNs | VaAcc: 0.7347 +- 0.0090 | VaLoss: 0.7913 +- 0.0247
327,  0 | TrAcc: 0.8035, TrLoss:  0.53330, VaAcc: 0.7596, VaLoss:  0.58501	 10 sampled NNs | VaAcc: 0.7398 +- 0.0053 | VaLoss: 0.7758 +- 0.0190
328,  0 | TrAcc: 0.8062, TrLoss:  0.53038, VaAcc: 0.7596, VaLoss:  0.59019	 10 sampled NNs | VaAcc: 0.7393 +- 0.0064 | VaLoss: 0.7796 +- 0.0164
329,  0 | TrAcc: 0.8070, TrLoss:  0.52838, VaAcc: 0.7657, VaLoss:  0.57737	 10 sampled NNs | VaAcc: 0.7403 +- 0.0069 | VaLoss: 0.7778 +- 0.0215
330,  0 | TrAcc: 0.8060, TrLoss:  0.52824, VaAcc: 0.7609, VaLoss:  0.57732	 10 sampled NNs | VaAcc: 0.7378 +- 0.0078 | VaLoss: 0.7815 +- 0.0210
331,  0 | TrAcc: 0.8048, TrLoss:  0.53295, VaAcc: 0.7612, VaLoss:  0.58657	 10 sampled NNs | VaAcc: 0.7332 +- 0.0069 | VaLoss: 0.7910 +- 0.0231
332,  0 | TrAcc: 0.8043, TrLoss:  0.53293, VaAcc: 0.7615, VaLoss:  0.58490	 10 sampled NNs | VaAcc: 0.7365 +- 0.0082 | VaLoss: 0.7858 +- 0.0226
333,  0 | TrAcc: 0.8056, TrLoss:  0.53162, VaAcc: 0.7603, VaLoss:  0.59245	 10 sampled NNs | VaAcc: 0.7354 +- 0.0092 | VaLoss: 0.7862 +- 0.0283
334,  0 | TrAcc: 0.8040, TrLoss:  0.53155, VaAcc: 0.7595, VaLoss:  0.59074	 10 sampled NNs | VaAcc: 0.7353 +- 0.0065 | VaLoss: 0.7923 +- 0.0172
335,  0 | TrAcc: 0.8053, TrLoss:  0.52927, VaAcc: 0.7626, VaLoss:  0.57990	 10 sampled NNs | VaAcc: 0.7376 +- 0.0143 | VaLoss: 0.7854 +- 0.0411
336,  0 | TrAcc: 0.8069, TrLoss:  0.52634, VaAcc: 0.7583, VaLoss:  0.59101	 10 sampled NNs | VaAcc: 0.7387 +- 0.0046 | VaLoss: 0.7852 +- 0.0120
337,  0 | TrAcc: 0.8057, TrLoss:  0.52951, VaAcc: 0.7641, VaLoss:  0.58228	 10 sampled NNs | VaAcc: 0.7413 +- 0.0064 | VaLoss: 0.7795 +- 0.0170
338,  0 | TrAcc: 0.8068, TrLoss:  0.52654, VaAcc: 0.7582, VaLoss:  0.59467	 10 sampled NNs | VaAcc: 0.7354 +- 0.0094 | VaLoss: 0.7893 +- 0.0210
339,  0 | TrAcc: 0.8065, TrLoss:  0.52520, VaAcc: 0.7621, VaLoss:  0.58297	 10 sampled NNs | VaAcc: 0.7399 +- 0.0060 | VaLoss: 0.7778 +- 0.0175
340,  0 | TrAcc: 0.8061, TrLoss:  0.52651, VaAcc: 0.7618, VaLoss:  0.58330	 10 sampled NNs | VaAcc: 0.7404 +- 0.0069 | VaLoss: 0.7774 +- 0.0249
341,  0 | TrAcc: 0.8057, TrLoss:  0.52861, VaAcc: 0.7664, VaLoss:  0.58033	 10 sampled NNs | VaAcc: 0.7378 +- 0.0073 | VaLoss: 0.7797 +- 0.0227
342,  0 | TrAcc: 0.8076, TrLoss:      nan, VaAcc: 0.7635, VaLoss:      nan	 10 sampled NNs | VaAcc: 0.7405 +- 0.0055 | VaLoss: 0.7763 +- 0.0135
343,  0 | TrAcc: 0.8059, TrLoss:  0.52682, VaAcc: 0.7611, VaLoss:  0.58577	 10 sampled NNs | VaAcc: 0.7417 +- 0.0065 | VaLoss: 0.7708 +- 0.0215
344,  0 | TrAcc: 0.8065, TrLoss:  0.52745, VaAcc: 0.7554, VaLoss:  0.60754	 10 sampled NNs | VaAcc: 0.7388 +- 0.0050 | VaLoss: 0.7807 +- 0.0142
345,  0 | TrAcc: 0.8073, TrLoss:  0.52604, VaAcc: 0.7621, VaLoss:  0.58217	 10 sampled NNs | VaAcc: 0.7420 +- 0.0052 | VaLoss: 0.7735 +- 0.0176
346,  0 | TrAcc: 0.8082, TrLoss:  0.52297, VaAcc: 0.7618, VaLoss:  0.58777	 10 sampled NNs | VaAcc: 0.7316 +- 0.0078 | VaLoss: 0.8010 +- 0.0226
347,  0 | TrAcc: 0.8080, TrLoss:  0.52252, VaAcc: 0.7659, VaLoss:  0.57889	 10 sampled NNs | VaAcc: 0.7426 +- 0.0068 | VaLoss: 0.7721 +- 0.0189
348,  0 | TrAcc: 0.8087, TrLoss:  0.52248, VaAcc: 0.7627, VaLoss:  0.58339	 10 sampled NNs | VaAcc: 0.7412 +- 0.0078 | VaLoss: 0.7732 +- 0.0213
349,  0 | TrAcc: 0.8081, TrLoss:  0.52197, VaAcc: 0.7574, VaLoss:  0.59174	 10 sampled NNs | VaAcc: 0.7384 +- 0.0103 | VaLoss: 0.7843 +- 0.0247
350,  0 | TrAcc: 0.8087, TrLoss:  0.52075, VaAcc: 0.7626, VaLoss:  0.58892	 10 sampled NNs | VaAcc: 0.7436 +- 0.0070 | VaLoss: 0.7698 +- 0.0192
351,  0 | TrAcc: 0.8079, TrLoss:  0.52694, VaAcc: 0.7657, VaLoss:  0.58160	 10 sampled NNs | VaAcc: 0.7407 +- 0.0034 | VaLoss: 0.7795 +- 0.0151
352,  0 | TrAcc: 0.8065, TrLoss:  0.52639, VaAcc: 0.7621, VaLoss:  0.58756	 10 sampled NNs | VaAcc: 0.7415 +- 0.0052 | VaLoss: 0.7707 +- 0.0175
353,  0 | TrAcc: 0.8093, TrLoss:  0.52137, VaAcc: 0.7642, VaLoss:  0.58333	 10 sampled NNs | VaAcc: 0.7366 +- 0.0068 | VaLoss: 0.7850 +- 0.0167
354,  0 | TrAcc: 0.8089, TrLoss:  0.52116, VaAcc: 0.7668, VaLoss:  0.57740	 10 sampled NNs | VaAcc: 0.7400 +- 0.0064 | VaLoss: 0.7852 +- 0.0222
355,  0 | TrAcc: 0.8088, TrLoss:  0.52015, VaAcc: 0.7672, VaLoss:  0.56815	 10 sampled NNs | VaAcc: 0.7413 +- 0.0083 | VaLoss: 0.7747 +- 0.0269
356,  0 | TrAcc: 0.8084, TrLoss:  0.51943, VaAcc: 0.7604, VaLoss:  0.58844	 10 sampled NNs | VaAcc: 0.7392 +- 0.0045 | VaLoss: 0.7783 +- 0.0128
357,  0 | TrAcc: 0.8114, TrLoss:  0.51609, VaAcc: 0.7630, VaLoss:  0.58627	 10 sampled NNs | VaAcc: 0.7394 +- 0.0051 | VaLoss: 0.7760 +- 0.0157
358,  0 | TrAcc: 0.8089, TrLoss:  0.52434, VaAcc: 0.7597, VaLoss:  0.58730	 10 sampled NNs | VaAcc: 0.7449 +- 0.0049 | VaLoss: 0.7668 +- 0.0176
359,  0 | TrAcc: 0.8093, TrLoss:  0.52116, VaAcc: 0.7668, VaLoss:  0.57850	 10 sampled NNs | VaAcc: 0.7416 +- 0.0077 | VaLoss: 0.7738 +- 0.0204
360,  0 | TrAcc: 0.8086, TrLoss:  0.52158, VaAcc: 0.7631, VaLoss:  0.58594	 10 sampled NNs | VaAcc: 0.7407 +- 0.0079 | VaLoss: 0.7727 +- 0.0206
361,  0 | TrAcc: 0.8104, TrLoss:  0.51936, VaAcc: 0.7630, VaLoss:  0.58361	 10 sampled NNs | VaAcc: 0.7400 +- 0.0071 | VaLoss: 0.7809 +- 0.0199
362,  0 | TrAcc: 0.8096, TrLoss:  0.52043, VaAcc: 0.7628, VaLoss:  0.58814	 10 sampled NNs | VaAcc: 0.7416 +- 0.0049 | VaLoss: 0.7702 +- 0.0152
363,  0 | TrAcc: 0.8096, TrLoss:  0.51891, VaAcc: 0.7621, VaLoss:  0.58850	 10 sampled NNs | VaAcc: 0.7430 +- 0.0032 | VaLoss: 0.7684 +- 0.0092
364,  0 | TrAcc: 0.8083, TrLoss:  0.52246, VaAcc: 0.7622, VaLoss:  0.58767	 10 sampled NNs | VaAcc: 0.7410 +- 0.0061 | VaLoss: 0.7749 +- 0.0128
365,  0 | TrAcc: 0.8094, TrLoss:  0.51951, VaAcc: 0.7658, VaLoss:  0.57482	 10 sampled NNs | VaAcc: 0.7416 +- 0.0085 | VaLoss: 0.7712 +- 0.0250
366,  0 | TrAcc: 0.8082, TrLoss:  0.52296, VaAcc: 0.7618, VaLoss:  0.58885	 10 sampled NNs | VaAcc: 0.7396 +- 0.0100 | VaLoss: 0.7769 +- 0.0266
367,  0 | TrAcc: 0.8089, TrLoss:  0.51738, VaAcc: 0.7638, VaLoss:  0.58921	 10 sampled NNs | VaAcc: 0.7426 +- 0.0041 | VaLoss: 0.7714 +- 0.0158
368,  0 | TrAcc: 0.8098, TrLoss:  0.51899, VaAcc: 0.7629, VaLoss:  0.59076	 10 sampled NNs | VaAcc: 0.7410 +- 0.0080 | VaLoss: 0.7731 +- 0.0233
369,  0 | TrAcc: 0.8095, TrLoss:  0.51848, VaAcc: 0.7638, VaLoss:  0.58768	 10 sampled NNs | VaAcc: 0.7417 +- 0.0052 | VaLoss: 0.7714 +- 0.0142
370,  0 | TrAcc: 0.8099, TrLoss:  0.51944, VaAcc: 0.7655, VaLoss:  0.58091	 10 sampled NNs | VaAcc: 0.7436 +- 0.0048 | VaLoss: 0.7729 +- 0.0161
371,  0 | TrAcc: 0.8096, TrLoss:  0.51996, VaAcc: 0.7633, VaLoss:  0.59612	 10 sampled NNs | VaAcc: 0.7439 +- 0.0074 | VaLoss: 0.7707 +- 0.0200
372,  0 | TrAcc: 0.8111, TrLoss:  0.51470, VaAcc: 0.7624, VaLoss:  0.58897	 10 sampled NNs | VaAcc: 0.7392 +- 0.0103 | VaLoss: 0.7778 +- 0.0273
373,  0 | TrAcc: 0.8114, TrLoss:  0.51609, VaAcc: 0.7602, VaLoss:  0.59746	 10 sampled NNs | VaAcc: 0.7414 +- 0.0044 | VaLoss: 0.7734 +- 0.0119
374,  0 | TrAcc: 0.8117, TrLoss:  0.51258, VaAcc: 0.7615, VaLoss:  0.59067	 10 sampled NNs | VaAcc: 0.7390 +- 0.0071 | VaLoss: 0.7762 +- 0.0189
375,  0 | TrAcc: 0.8107, TrLoss:  0.51432, VaAcc: 0.7605, VaLoss:  0.59749	 10 sampled NNs | VaAcc: 0.7424 +- 0.0071 | VaLoss: 0.7720 +- 0.0220
376,  0 | TrAcc: 0.8109, TrLoss:  0.51497, VaAcc: 0.7602, VaLoss:  0.59733	 10 sampled NNs | VaAcc: 0.7425 +- 0.0069 | VaLoss: 0.7695 +- 0.0173
377,  0 | TrAcc: 0.8108, TrLoss:  0.51752, VaAcc: 0.7626, VaLoss:  0.58746	 10 sampled NNs | VaAcc: 0.7407 +- 0.0040 | VaLoss: 0.7731 +- 0.0113
378,  0 | TrAcc: 0.8094, TrLoss:  0.51958, VaAcc: 0.7650, VaLoss:  0.58488	 10 sampled NNs | VaAcc: 0.7465 +- 0.0040 | VaLoss: 0.7606 +- 0.0126
379,  0 | TrAcc: 0.8108, TrLoss:  0.51576, VaAcc: 0.7663, VaLoss:  0.58385	 10 sampled NNs | VaAcc: 0.7433 +- 0.0058 | VaLoss: 0.7727 +- 0.0167
380,  0 | TrAcc: 0.8108, TrLoss:  0.51582, VaAcc: 0.7644, VaLoss:  0.58572	 10 sampled NNs | VaAcc: 0.7418 +- 0.0049 | VaLoss: 0.7727 +- 0.0156
381,  0 | TrAcc: 0.8111, TrLoss:  0.51443, VaAcc: 0.7593, VaLoss:  0.59669	 10 sampled NNs | VaAcc: 0.7385 +- 0.0093 | VaLoss: 0.7843 +- 0.0212
382,  0 | TrAcc: 0.8114, TrLoss:  0.51541, VaAcc: 0.7632, VaLoss:  0.58584	 10 sampled NNs | VaAcc: 0.7426 +- 0.0101 | VaLoss: 0.7728 +- 0.0283
383,  0 | TrAcc: 0.8106, TrLoss:  0.51520, VaAcc: 0.7657, VaLoss:  0.59017	 10 sampled NNs | VaAcc: 0.7423 +- 0.0048 | VaLoss: 0.7762 +- 0.0183
384,  0 | TrAcc: 0.8110, TrLoss:  0.51482, VaAcc: 0.7618, VaLoss:  0.59306	 10 sampled NNs | VaAcc: 0.7392 +- 0.0067 | VaLoss: 0.7806 +- 0.0184
385,  0 | TrAcc: 0.8109, TrLoss:  0.51649, VaAcc: 0.7634, VaLoss:  0.59251	 10 sampled NNs | VaAcc: 0.7426 +- 0.0040 | VaLoss: 0.7703 +- 0.0132
386,  0 | TrAcc: 0.8114, TrLoss:  0.51331, VaAcc: 0.7660, VaLoss:  0.59031	 10 sampled NNs | VaAcc: 0.7429 +- 0.0080 | VaLoss: 0.7725 +- 0.0173
387,  0 | TrAcc: 0.8121, TrLoss:  0.51396, VaAcc: 0.7656, VaLoss:  0.58459	 10 sampled NNs | VaAcc: 0.7458 +- 0.0054 | VaLoss: 0.7603 +- 0.0204
388,  0 | TrAcc: 0.8112, TrLoss:  0.51216, VaAcc: 0.7627, VaLoss:  0.59378	 10 sampled NNs | VaAcc: 0.7485 +- 0.0045 | VaLoss: 0.7539 +- 0.0122
389,  0 | TrAcc: 0.8126, TrLoss:  0.51264, VaAcc: 0.7629, VaLoss:  0.58430	 10 sampled NNs | VaAcc: 0.7452 +- 0.0050 | VaLoss: 0.7644 +- 0.0115
390,  0 | TrAcc: 0.8112, TrLoss:  0.51303, VaAcc: 0.7644, VaLoss:  0.58540	 10 sampled NNs | VaAcc: 0.7479 +- 0.0033 | VaLoss: 0.7607 +- 0.0107
391,  0 | TrAcc: 0.8118, TrLoss:  0.51364, VaAcc: 0.7644, VaLoss:  0.59197	 10 sampled NNs | VaAcc: 0.7457 +- 0.0059 | VaLoss: 0.7620 +- 0.0213
392,  0 | TrAcc: 0.8122, TrLoss:  0.51046, VaAcc: 0.7614, VaLoss:  0.59717	 10 sampled NNs | VaAcc: 0.7436 +- 0.0046 | VaLoss: 0.7668 +- 0.0137
393,  0 | TrAcc: 0.8121, TrLoss:  0.51160, VaAcc: 0.7626, VaLoss:  0.60062	 10 sampled NNs | VaAcc: 0.7444 +- 0.0049 | VaLoss: 0.7652 +- 0.0174
394,  0 | TrAcc: 0.8121, TrLoss:  0.51388, VaAcc: 0.7622, VaLoss:  0.59520	 10 sampled NNs | VaAcc: 0.7461 +- 0.0064 | VaLoss: 0.7628 +- 0.0179
395,  0 | TrAcc: 0.8126, TrLoss:  0.51018, VaAcc: 0.7629, VaLoss:  0.59414	 10 sampled NNs | VaAcc: 0.7457 +- 0.0066 | VaLoss: 0.7614 +- 0.0171
396,  0 | TrAcc: 0.8126, TrLoss:  0.51085, VaAcc: 0.7628, VaLoss:  0.60200	 10 sampled NNs | VaAcc: 0.7378 +- 0.0092 | VaLoss: 0.7824 +- 0.0202
397,  0 | TrAcc: 0.8125, TrLoss:  0.51136, VaAcc: 0.7616, VaLoss:  0.59261	 10 sampled NNs | VaAcc: 0.7448 +- 0.0070 | VaLoss: 0.7660 +- 0.0214
398,  0 | TrAcc: 0.8118, TrLoss:  0.51173, VaAcc: 0.7621, VaLoss:  0.59121	 10 sampled NNs | VaAcc: 0.7422 +- 0.0078 | VaLoss: 0.7691 +- 0.0207
399,  0 | TrAcc: 0.8119, TrLoss:  0.51193, VaAcc: 0.7656, VaLoss:  0.58576	 10 sampled NNs | VaAcc: 0.7437 +- 0.0070 | VaLoss: 0.7698 +- 0.0179
71658.65554200001
----------------------------
