

config:

HOME=/clusterFS/home/student/kopp13
PATH=/clusterFS/home/student/kopp13/miniconda3/envs/tensorflow/bin:/clusterFS/home/student/kopp13/miniconda3/bin:/clusterFS/home/student/kopp13/bin:/usr/local/bin:/usr/bin:/bin:/usr/local/games:/usr/games
LD_LIBRARY_PATH=
THEANO_FLAGS=floatX=float32,gpuarray.preallocate=0.9,dnn.library_path=/usr/lib/x86_64-linux-gnu,cxx=clang++-3.8,device=cuda,base_compiledir=/tmp/tmp.5TI42T3LHb

=============================
CONFIG FILE

RNN CONFIG
{'data_multiplier': 1000.0,
 'gradient_clip_value': 0.5,
 'layer_configs': [{'layer_type': 'input'},
                   {'bc': {'init_m': 'xavier',
                           'init_v': -4.5,
                           'prior_m': 0.0,
                           'prior_v': 0.0,
                           'type': 'continuous'},
                    'bf': {'init_m': 'xavier',
                           'init_v': -4.5,
                           'prior_m': 0.0,
                           'prior_v': 0.0,
                           'type': 'continuous'},
                    'bi': {'init_m': 'xavier',
                           'init_v': -4.5,
                           'prior_m': 0.0,
                           'prior_v': 0.0,
                           'type': 'continuous'},
                    'bo': {'init_m': 'xavier',
                           'init_v': -4.5,
                           'prior_m': 0.0,
                           'prior_v': 0.0,
                           'type': 'continuous'},
                    'discrete_act': True,
                    'init_config': {'c': {'b': 'all_zero', 'w': 'xavier'},
                                    'f': {'b': 'all_one', 'w': 'all_zero'},
                                    'i': {'b': 'all_zero', 'w': 'xavier'},
                                    'o': {'b': 'all_zero', 'w': 'xavier'}},
                    'is_output': False,
                    'is_recurrent': True,
                    'layer_type': 'lstm',
                    'tau': 0.8,
                    'var_scope': 'lstm_0',
                    'wc': {'p0max': 0.95,
                           'p0min': 0.05,
                           'pmax': 0.99,
                           'pmin': 0.01,
                           'priors': [0.2, 0.6, 0.2],
                           'type': 'ternary'},
                    'wf': {'p0max': 0.95,
                           'p0min': 0.05,
                           'pmax': 0.99,
                           'pmin': 0.01,
                           'priors': [0.2, 0.6, 0.2],
                           'type': 'ternary'},
                    'wi': {'p0max': 0.95,
                           'p0min': 0.05,
                           'pmax': 0.99,
                           'pmin': 0.01,
                           'priors': [0.2, 0.6, 0.2],
                           'type': 'ternary'},
                    'wo': {'p0max': 0.95,
                           'p0min': 0.05,
                           'pmax': 0.99,
                           'pmin': 0.01,
                           'priors': [0.2, 0.6, 0.2],
                           'type': 'ternary'}},
                   {'bc': {'init_m': 'xavier',
                           'init_v': -4.5,
                           'prior_m': 0.0,
                           'prior_v': 0.0,
                           'type': 'continuous'},
                    'bf': {'init_m': 'xavier',
                           'init_v': -4.5,
                           'prior_m': 0.0,
                           'prior_v': 0.0,
                           'type': 'continuous'},
                    'bi': {'init_m': 'xavier',
                           'init_v': -4.5,
                           'prior_m': 0.0,
                           'prior_v': 0.0,
                           'type': 'continuous'},
                    'bo': {'init_m': 'xavier',
                           'init_v': -4.5,
                           'prior_m': 0.0,
                           'prior_v': 0.0,
                           'type': 'continuous'},
                    'discrete_act': True,
                    'init_config': {'c': {'b': 'all_zero', 'w': 'xavier'},
                                    'f': {'b': 'all_one', 'w': 'all_zero'},
                                    'i': {'b': 'all_zero', 'w': 'xavier'},
                                    'o': {'b': 'all_zero', 'w': 'xavier'}},
                    'is_output': False,
                    'is_recurrent': True,
                    'layer_type': 'lstm',
                    'tau': 0.8,
                    'var_scope': 'lstm_1',
                    'wc': {'p0max': 0.95,
                           'p0min': 0.05,
                           'pmax': 0.99,
                           'pmin': 0.01,
                           'priors': [0.2, 0.6, 0.2],
                           'type': 'ternary'},
                    'wf': {'p0max': 0.95,
                           'p0min': 0.05,
                           'pmax': 0.99,
                           'pmin': 0.01,
                           'priors': [0.2, 0.6, 0.2],
                           'type': 'ternary'},
                    'wi': {'p0max': 0.95,
                           'p0min': 0.05,
                           'pmax': 0.99,
                           'pmin': 0.01,
                           'priors': [0.2, 0.6, 0.2],
                           'type': 'ternary'},
                    'wo': {'p0max': 0.95,
                           'p0min': 0.05,
                           'pmax': 0.99,
                           'pmin': 0.01,
                           'priors': [0.2, 0.6, 0.2],
                           'type': 'ternary'}},
                   {'b': {'init_m': 'xavier',
                          'init_v': -4.5,
                          'prior_m': 0.0,
                          'prior_v': 0.0,
                          'type': 'continuous'},
                    'is_output': True,
                    'is_recurrent': False,
                    'layer_type': 'fc',
                    'regularization': {'mode': None, 'strength': 0.02},
                    'tau': 0.8,
                    'var_scope': 'output_layer',
                    'w': {'p0max': 0.95,
                          'p0min': 0.05,
                          'pmax': 0.99,
                          'pmin': 0.01,
                          'priors': [0.2, 0.6, 0.2],
                          'type': 'ternary'}}],
 'layout': [4, 60, 60, 10],
 'output_type': 'classification'}

DATA CONFIG
{'dataset': 'red_penstroke',
 'tr': {'in_seq_len': 30,
        'minibatch_enabled': True,
        'minibatch_size': 200,
        'out_seq_len': 5,
        'zero_padding': 20},
 'va': {'in_seq_len': 30,
        'minibatch_enabled': True,
        'minibatch_size': 200,
        'out_seq_len': 5,
        'zero_padding': 20}}

TRAINING CONFIG
{'beta_reg': 0.0,
 'is_pretrain': False,
 'learning_rate': 0.003,
 'mode': {'max_epochs': 400, 'min_error': 0.0, 'name': 'classic'},
 'task_id': 3,
 'type': 'l_sampling',
 'var_reg': 0.01}
==============================


  0,  0 | TrAcc: 0.1001, TrLoss:  3.10772, VaAcc: 0.1059, VaLoss:  3.05718	 20 sampled NNs | VaAcc: 0.0931 +- 0.0123 | VaLoss: 4.1596 +- 0.1514
  1,  0 | TrAcc: 0.1470, TrLoss:  2.27120, VaAcc: 0.1322, VaLoss:  2.32515	 20 sampled NNs | VaAcc: 0.1144 +- 0.0113 | VaLoss: 2.7451 +- 0.1277
  2,  0 | TrAcc: 0.1894, TrLoss:  2.19287, VaAcc: 0.1962, VaLoss:  2.19381	 20 sampled NNs | VaAcc: 0.1237 +- 0.0127 | VaLoss: 2.5793 +- 0.1044
  3,  0 | TrAcc: 0.2661, TrLoss:  1.95483, VaAcc: 0.2778, VaLoss:  1.86341	 20 sampled NNs | VaAcc: 0.1329 +- 0.0212 | VaLoss: 2.5336 +- 0.1196
  4,  0 | TrAcc: 0.3367, TrLoss:  1.68978, VaAcc: 0.3425, VaLoss:  1.69163	 20 sampled NNs | VaAcc: 0.1637 +- 0.0290 | VaLoss: 2.4434 +- 0.1524
  5,  0 | TrAcc: 0.3593, TrLoss:  1.67892, VaAcc: 0.3950, VaLoss:  1.56838	 20 sampled NNs | VaAcc: 0.1845 +- 0.0293 | VaLoss: 2.3967 +- 0.1890
  6,  0 | TrAcc: 0.4234, TrLoss:  1.50830, VaAcc: 0.4124, VaLoss:  1.49637	 20 sampled NNs | VaAcc: 0.1768 +- 0.0298 | VaLoss: 2.4080 +- 0.1409
  7,  0 | TrAcc: 0.4583, TrLoss:  1.44235, VaAcc: 0.4692, VaLoss:  1.40331	 20 sampled NNs | VaAcc: 0.1909 +- 0.0336 | VaLoss: 2.4809 +- 0.1999
  8,  0 | TrAcc: 0.4742, TrLoss:  1.42230, VaAcc: 0.4756, VaLoss:  1.38730	 20 sampled NNs | VaAcc: 0.1931 +- 0.0279 | VaLoss: 2.4497 +- 0.1463
  9,  0 | TrAcc: 0.4970, TrLoss:  1.33364, VaAcc: 0.5056, VaLoss:  1.28469	 20 sampled NNs | VaAcc: 0.2185 +- 0.0362 | VaLoss: 2.2962 +- 0.1338
 10,  0 | TrAcc: 0.5208, TrLoss:  1.29602, VaAcc: 0.5333, VaLoss:  1.26145	 20 sampled NNs | VaAcc: 0.2337 +- 0.0269 | VaLoss: 2.2952 +- 0.1221
 11,  0 | TrAcc: 0.5371, TrLoss:  1.27382, VaAcc: 0.5406, VaLoss:  1.22668	 20 sampled NNs | VaAcc: 0.2204 +- 0.0314 | VaLoss: 2.4119 +- 0.1845
 12,  0 | TrAcc: 0.5671, TrLoss:  1.20088, VaAcc: 0.5528, VaLoss:  1.21214	 20 sampled NNs | VaAcc: 0.2436 +- 0.0316 | VaLoss: 2.2767 +- 0.1551
 13,  0 | TrAcc: 0.5857, TrLoss:  1.15585, VaAcc: 0.5701, VaLoss:  1.16691	 20 sampled NNs | VaAcc: 0.2611 +- 0.0389 | VaLoss: 2.2568 +- 0.1712
 14,  0 | TrAcc: 0.5792, TrLoss:  1.16264, VaAcc: 0.5707, VaLoss:  1.14774	 20 sampled NNs | VaAcc: 0.2346 +- 0.0284 | VaLoss: 2.3211 +- 0.1674
 15,  0 | TrAcc: 0.5919, TrLoss:  1.16065, VaAcc: 0.5897, VaLoss:  1.15510	 20 sampled NNs | VaAcc: 0.2642 +- 0.0250 | VaLoss: 2.2434 +- 0.1247
 16,  0 | TrAcc: 0.5986, TrLoss:  1.13343, VaAcc: 0.5739, VaLoss:  1.15883	 20 sampled NNs | VaAcc: 0.2346 +- 0.0331 | VaLoss: 2.3145 +- 0.1451
 17,  0 | TrAcc: 0.6300, TrLoss:  1.03372, VaAcc: 0.5795, VaLoss:  1.13539	 20 sampled NNs | VaAcc: 0.2565 +- 0.0293 | VaLoss: 2.3083 +- 0.1215
 18,  0 | TrAcc: 0.6423, TrLoss:  1.00901, VaAcc: 0.6144, VaLoss:  1.09849	 20 sampled NNs | VaAcc: 0.2631 +- 0.0247 | VaLoss: 2.2413 +- 0.1430
 19,  0 | TrAcc: 0.6437, TrLoss:  1.00862, VaAcc: 0.5926, VaLoss:  1.09634	 20 sampled NNs | VaAcc: 0.2642 +- 0.0445 | VaLoss: 2.3209 +- 0.1857
 20,  0 | TrAcc: 0.6419, TrLoss:  0.99983, VaAcc: 0.6177, VaLoss:  1.06007	 20 sampled NNs | VaAcc: 0.2954 +- 0.0278 | VaLoss: 2.0960 +- 0.1220
 21,  0 | TrAcc: 0.6374, TrLoss:  1.05067, VaAcc: 0.6217, VaLoss:  1.03908	 20 sampled NNs | VaAcc: 0.2743 +- 0.0310 | VaLoss: 2.1910 +- 0.1854
 22,  0 | TrAcc: 0.6342, TrLoss:  1.02655, VaAcc: 0.6164, VaLoss:  1.05330	 20 sampled NNs | VaAcc: 0.2839 +- 0.0344 | VaLoss: 2.0698 +- 0.1393
 23,  0 | TrAcc: 0.6650, TrLoss:  0.94480, VaAcc: 0.6423, VaLoss:  0.99366	 20 sampled NNs | VaAcc: 0.3019 +- 0.0336 | VaLoss: 2.1213 +- 0.1226
 24,  0 | TrAcc: 0.6806, TrLoss:  0.93951, VaAcc: 0.6505, VaLoss:  0.99806	 20 sampled NNs | VaAcc: 0.3272 +- 0.0338 | VaLoss: 2.0495 +- 0.1770
 25,  0 | TrAcc: 0.6558, TrLoss:  0.98702, VaAcc: 0.6286, VaLoss:  1.00876	 20 sampled NNs | VaAcc: 0.3324 +- 0.0269 | VaLoss: 2.0488 +- 0.1403
 26,  0 | TrAcc: 0.6494, TrLoss:  1.00334, VaAcc: 0.6312, VaLoss:  1.03720	 20 sampled NNs | VaAcc: 0.2807 +- 0.0355 | VaLoss: 2.1545 +- 0.1484
 27,  0 | TrAcc: 0.6274, TrLoss:  1.04094, VaAcc: 0.6297, VaLoss:  1.00952	 20 sampled NNs | VaAcc: 0.2724 +- 0.0367 | VaLoss: 2.1099 +- 0.1437
 28,  0 | TrAcc: 0.6904, TrLoss:  0.89439, VaAcc: 0.6448, VaLoss:  1.00516	 20 sampled NNs | VaAcc: 0.3162 +- 0.0378 | VaLoss: 2.0218 +- 0.1670
 29,  0 | TrAcc: 0.6763, TrLoss:  0.93326, VaAcc: 0.6464, VaLoss:  0.99853	 20 sampled NNs | VaAcc: 0.3281 +- 0.0382 | VaLoss: 1.9527 +- 0.1194
 30,  0 | TrAcc: 0.6838, TrLoss:  0.88771, VaAcc: 0.6480, VaLoss:  1.01250	 20 sampled NNs | VaAcc: 0.3276 +- 0.0343 | VaLoss: 2.0036 +- 0.1033
 31,  0 | TrAcc: 0.7050, TrLoss:  0.85194, VaAcc: 0.6446, VaLoss:  1.00864	 20 sampled NNs | VaAcc: 0.3390 +- 0.0340 | VaLoss: 2.0229 +- 0.1493
 32,  0 | TrAcc: 0.6789, TrLoss:  0.90441, VaAcc: 0.6526, VaLoss:  0.96129	 20 sampled NNs | VaAcc: 0.3071 +- 0.0288 | VaLoss: 2.0823 +- 0.1239
 33,  0 | TrAcc: 0.6911, TrLoss:  0.86644, VaAcc: 0.6403, VaLoss:  0.99840	 20 sampled NNs | VaAcc: 0.3428 +- 0.0327 | VaLoss: 1.9968 +- 0.1326
 34,  0 | TrAcc: 0.6987, TrLoss:  0.85485, VaAcc: 0.6610, VaLoss:  0.96621	 20 sampled NNs | VaAcc: 0.3458 +- 0.0428 | VaLoss: 1.9736 +- 0.1744
 35,  0 | TrAcc: 0.6925, TrLoss:  0.86376, VaAcc: 0.6574, VaLoss:  0.95777	 20 sampled NNs | VaAcc: 0.3407 +- 0.0364 | VaLoss: 1.9465 +- 0.1374
 36,  0 | TrAcc: 0.7058, TrLoss:  0.83719, VaAcc: 0.6544, VaLoss:  0.98948	 20 sampled NNs | VaAcc: 0.3460 +- 0.0445 | VaLoss: 1.9920 +- 0.1776
 37,  0 | TrAcc: 0.6888, TrLoss:  0.89345, VaAcc: 0.6490, VaLoss:  0.96534	 20 sampled NNs | VaAcc: 0.3459 +- 0.0275 | VaLoss: 1.9606 +- 0.1088
 38,  0 | TrAcc: 0.6851, TrLoss:  0.88766, VaAcc: 0.6454, VaLoss:  0.98858	 20 sampled NNs | VaAcc: 0.3155 +- 0.0339 | VaLoss: 2.1218 +- 0.1463
 39,  0 | TrAcc: 0.6995, TrLoss:  0.85566, VaAcc: 0.6559, VaLoss:  0.95224	 20 sampled NNs | VaAcc: 0.3290 +- 0.0326 | VaLoss: 1.9992 +- 0.1266
 40,  0 | TrAcc: 0.7169, TrLoss:  0.80312, VaAcc: 0.6543, VaLoss:  0.94015	 20 sampled NNs | VaAcc: 0.3380 +- 0.0392 | VaLoss: 2.0845 +- 0.2044
 41,  0 | TrAcc: 0.7315, TrLoss:  0.78140, VaAcc: 0.6518, VaLoss:  0.96938	 20 sampled NNs | VaAcc: 0.3721 +- 0.0287 | VaLoss: 1.8991 +- 0.1175
 42,  0 | TrAcc: 0.6978, TrLoss:  0.83997, VaAcc: 0.6465, VaLoss:  0.96957	 20 sampled NNs | VaAcc: 0.3209 +- 0.0280 | VaLoss: 1.9814 +- 0.1328
 43,  0 | TrAcc: 0.6905, TrLoss:  0.88194, VaAcc: 0.6651, VaLoss:  0.94484	 20 sampled NNs | VaAcc: 0.3556 +- 0.0348 | VaLoss: 1.8977 +- 0.1452
 44,  0 | TrAcc: 0.7068, TrLoss:  0.82514, VaAcc: 0.6584, VaLoss:  0.96122	 20 sampled NNs | VaAcc: 0.3771 +- 0.0425 | VaLoss: 1.8359 +- 0.1395
 45,  0 | TrAcc: 0.7148, TrLoss:  0.82716, VaAcc: 0.6687, VaLoss:  0.94017	 20 sampled NNs | VaAcc: 0.3622 +- 0.0365 | VaLoss: 1.9048 +- 0.1329
 46,  0 | TrAcc: 0.7043, TrLoss:      nan, VaAcc: 0.6755, VaLoss:      nan	 20 sampled NNs | VaAcc: 0.3631 +- 0.0294 | VaLoss: 1.8685 +- 0.1279
 47,  0 | TrAcc: 0.6756, TrLoss:  0.89108, VaAcc: 0.6579, VaLoss:  0.98176	 20 sampled NNs | VaAcc: 0.3574 +- 0.0347 | VaLoss: 1.9439 +- 0.1207
 48,  0 | TrAcc: 0.7043, TrLoss:  0.83733, VaAcc: 0.6601, VaLoss:  0.94251	 20 sampled NNs | VaAcc: 0.3831 +- 0.0327 | VaLoss: 1.7496 +- 0.1117
 49,  0 | TrAcc: 0.7178, TrLoss:  0.83051, VaAcc: 0.6705, VaLoss:  0.92399	 20 sampled NNs | VaAcc: 0.3689 +- 0.0323 | VaLoss: 1.8408 +- 0.1166
 50,  0 | TrAcc: 0.7210, TrLoss:  0.81705, VaAcc: 0.6707, VaLoss:  0.94050	 20 sampled NNs | VaAcc: 0.3741 +- 0.0391 | VaLoss: 1.8485 +- 0.1086
 51,  0 | TrAcc: 0.6994, TrLoss:  0.84375, VaAcc: 0.6672, VaLoss:  0.95397	 20 sampled NNs | VaAcc: 0.3473 +- 0.0352 | VaLoss: 1.9623 +- 0.1377
 52,  0 | TrAcc: 0.7037, TrLoss:  0.83365, VaAcc: 0.6707, VaLoss:  0.92111	 20 sampled NNs | VaAcc: 0.3676 +- 0.0357 | VaLoss: 1.9006 +- 0.1405
 53,  0 | TrAcc: 0.7350, TrLoss:  0.76597, VaAcc: 0.6630, VaLoss:  0.97411	 20 sampled NNs | VaAcc: 0.3808 +- 0.0242 | VaLoss: 1.9283 +- 0.0903
 54,  0 | TrAcc: 0.7304, TrLoss:  0.77663, VaAcc: 0.6729, VaLoss:  0.94909	 20 sampled NNs | VaAcc: 0.4101 +- 0.0229 | VaLoss: 1.7069 +- 0.0838
 55,  0 | TrAcc: 0.7000, TrLoss:  0.83743, VaAcc: 0.6639, VaLoss:  0.96601	 20 sampled NNs | VaAcc: 0.4091 +- 0.0238 | VaLoss: 1.7098 +- 0.0747
 56,  0 | TrAcc: 0.7241, TrLoss:  0.78868, VaAcc: 0.6690, VaLoss:  0.94286	 20 sampled NNs | VaAcc: 0.4056 +- 0.0264 | VaLoss: 1.7459 +- 0.1340
 57,  0 | TrAcc: 0.7201, TrLoss:  0.76170, VaAcc: 0.6587, VaLoss:  0.91790	 20 sampled NNs | VaAcc: 0.3716 +- 0.0372 | VaLoss: 1.8795 +- 0.1468
 58,  0 | TrAcc: 0.6904, TrLoss:  0.88105, VaAcc: 0.6881, VaLoss:  0.87720	 20 sampled NNs | VaAcc: 0.3641 +- 0.0298 | VaLoss: 1.8654 +- 0.1076
 59,  0 | TrAcc: 0.7036, TrLoss:  0.84699, VaAcc: 0.6585, VaLoss:  0.96471	 20 sampled NNs | VaAcc: 0.3413 +- 0.0357 | VaLoss: 1.9421 +- 0.1408
 60,  0 | TrAcc: 0.7310, TrLoss:  0.77170, VaAcc: 0.6767, VaLoss:  0.91121	 20 sampled NNs | VaAcc: 0.3895 +- 0.0317 | VaLoss: 1.7796 +- 0.1355
 61,  0 | TrAcc: 0.7132, TrLoss:  0.81101, VaAcc: 0.6596, VaLoss:  0.93516	 20 sampled NNs | VaAcc: 0.3701 +- 0.0433 | VaLoss: 1.8525 +- 0.1322
 62,  0 | TrAcc: 0.7145, TrLoss:  0.79557, VaAcc: 0.6931, VaLoss:  0.89320	 20 sampled NNs | VaAcc: 0.3736 +- 0.0416 | VaLoss: 1.7777 +- 0.1359
 63,  0 | TrAcc: 0.7286, TrLoss:  0.75481, VaAcc: 0.6850, VaLoss:  0.91851	 20 sampled NNs | VaAcc: 0.4108 +- 0.0347 | VaLoss: 1.7775 +- 0.1203
 64,  0 | TrAcc: 0.7370, TrLoss:  0.76544, VaAcc: 0.6753, VaLoss:  0.93693	 20 sampled NNs | VaAcc: 0.4049 +- 0.0275 | VaLoss: 1.7086 +- 0.0831
 65,  0 | TrAcc: 0.7155, TrLoss:  0.79551, VaAcc: 0.6611, VaLoss:  0.93200	 20 sampled NNs | VaAcc: 0.4083 +- 0.0262 | VaLoss: 1.7359 +- 0.0942
 66,  0 | TrAcc: 0.7510, TrLoss:  0.71747, VaAcc: 0.6753, VaLoss:  0.92539	 20 sampled NNs | VaAcc: 0.3877 +- 0.0345 | VaLoss: 1.8391 +- 0.1394
 67,  0 | TrAcc: 0.7502, TrLoss:  0.70385, VaAcc: 0.6840, VaLoss:  0.91073	 20 sampled NNs | VaAcc: 0.3911 +- 0.0269 | VaLoss: 1.7797 +- 0.0983
 68,  0 | TrAcc: 0.7384, TrLoss:  0.75130, VaAcc: 0.6786, VaLoss:  0.92416	 20 sampled NNs | VaAcc: 0.3725 +- 0.0241 | VaLoss: 1.9137 +- 0.0910
 69,  0 | TrAcc: 0.7256, TrLoss:  0.77737, VaAcc: 0.6756, VaLoss:  0.93034	 20 sampled NNs | VaAcc: 0.4004 +- 0.0346 | VaLoss: 1.8319 +- 0.1290
 70,  0 | TrAcc: 0.7392, TrLoss:  0.75770, VaAcc: 0.6720, VaLoss:  0.91591	 20 sampled NNs | VaAcc: 0.3898 +- 0.0304 | VaLoss: 1.8568 +- 0.0945
 71,  0 | TrAcc: 0.7158, TrLoss:  0.81955, VaAcc: 0.6792, VaLoss:  0.89343	 20 sampled NNs | VaAcc: 0.3910 +- 0.0201 | VaLoss: 1.7465 +- 0.0907
 72,  0 | TrAcc: 0.7265, TrLoss:  0.76211, VaAcc: 0.6901, VaLoss:  0.85255	 20 sampled NNs | VaAcc: 0.3604 +- 0.0288 | VaLoss: 1.9289 +- 0.0964
 73,  0 | TrAcc: 0.7532, TrLoss:  0.70410, VaAcc: 0.6827, VaLoss:  0.92849	 20 sampled NNs | VaAcc: 0.3896 +- 0.0296 | VaLoss: 1.8085 +- 0.1012
 74,  0 | TrAcc: 0.7179, TrLoss:  0.79260, VaAcc: 0.6818, VaLoss:  0.89438	 20 sampled NNs | VaAcc: 0.3872 +- 0.0357 | VaLoss: 1.7886 +- 0.1414
 75,  0 | TrAcc: 0.7284, TrLoss:  0.78005, VaAcc: 0.6705, VaLoss:  0.90471	 20 sampled NNs | VaAcc: 0.3995 +- 0.0336 | VaLoss: 1.7307 +- 0.1111
 76,  0 | TrAcc: 0.7286, TrLoss:  0.76583, VaAcc: 0.6837, VaLoss:  0.88339	 20 sampled NNs | VaAcc: 0.4120 +- 0.0328 | VaLoss: 1.7259 +- 0.1013
 77,  0 | TrAcc: 0.7200, TrLoss:  0.79909, VaAcc: 0.6763, VaLoss:  0.92117	 20 sampled NNs | VaAcc: 0.4103 +- 0.0299 | VaLoss: 1.7105 +- 0.1030
 78,  0 | TrAcc: 0.7394, TrLoss:  0.74631, VaAcc: 0.6859, VaLoss:  0.87336	 20 sampled NNs | VaAcc: 0.3758 +- 0.0463 | VaLoss: 1.7913 +- 0.1417
 79,  0 | TrAcc: 0.7398, TrLoss:  0.72399, VaAcc: 0.6755, VaLoss:  0.92665	 20 sampled NNs | VaAcc: 0.3608 +- 0.0280 | VaLoss: 1.9002 +- 0.1440
 80,  0 | TrAcc: 0.7581, TrLoss:  0.70034, VaAcc: 0.6825, VaLoss:  0.88783	 20 sampled NNs | VaAcc: 0.4244 +- 0.0264 | VaLoss: 1.6582 +- 0.0997
 81,  0 | TrAcc: 0.7412, TrLoss:  0.77547, VaAcc: 0.6783, VaLoss:  0.90702	 20 sampled NNs | VaAcc: 0.4074 +- 0.0322 | VaLoss: 1.7317 +- 0.1098
 82,  0 | TrAcc: 0.7315, TrLoss:  0.76165, VaAcc: 0.6779, VaLoss:  0.89954	 20 sampled NNs | VaAcc: 0.4425 +- 0.0292 | VaLoss: 1.6393 +- 0.0965
 83,  0 | TrAcc: 0.7332, TrLoss:  0.76658, VaAcc: 0.6933, VaLoss:  0.88198	 20 sampled NNs | VaAcc: 0.4145 +- 0.0255 | VaLoss: 1.6880 +- 0.0835
 84,  0 | TrAcc: 0.7360, TrLoss:  0.76108, VaAcc: 0.6806, VaLoss:  0.89600	 20 sampled NNs | VaAcc: 0.4203 +- 0.0374 | VaLoss: 1.6847 +- 0.1139
 85,  0 | TrAcc: 0.7439, TrLoss:  0.72212, VaAcc: 0.6815, VaLoss:  0.88028	 20 sampled NNs | VaAcc: 0.3910 +- 0.0387 | VaLoss: 1.7554 +- 0.1171
 86,  0 | TrAcc: 0.7526, TrLoss:  0.72590, VaAcc: 0.6952, VaLoss:  0.87222	 20 sampled NNs | VaAcc: 0.4312 +- 0.0287 | VaLoss: 1.6538 +- 0.1059
 87,  0 | TrAcc: 0.7460, TrLoss:  0.72801, VaAcc: 0.6807, VaLoss:  0.87907	 20 sampled NNs | VaAcc: 0.3985 +- 0.0301 | VaLoss: 1.7869 +- 0.0907
 88,  0 | TrAcc: 0.7465, TrLoss:  0.74303, VaAcc: 0.6939, VaLoss:  0.89240	 20 sampled NNs | VaAcc: 0.4385 +- 0.0259 | VaLoss: 1.6401 +- 0.1099
 89,  0 | TrAcc: 0.7321, TrLoss:  0.73908, VaAcc: 0.6871, VaLoss:  0.87091	 20 sampled NNs | VaAcc: 0.4201 +- 0.0289 | VaLoss: 1.6971 +- 0.1235
 90,  0 | TrAcc: 0.7509, TrLoss:  0.71139, VaAcc: 0.6976, VaLoss:  0.86340	 20 sampled NNs | VaAcc: 0.4470 +- 0.0268 | VaLoss: 1.5842 +- 0.0781
 91,  0 | TrAcc: 0.7369, TrLoss:  0.74208, VaAcc: 0.6922, VaLoss:  0.87927	 20 sampled NNs | VaAcc: 0.4307 +- 0.0225 | VaLoss: 1.6444 +- 0.0570
 92,  0 | TrAcc: 0.7395, TrLoss:  0.73044, VaAcc: 0.6644, VaLoss:  0.95520	 20 sampled NNs | VaAcc: 0.4077 +- 0.0317 | VaLoss: 1.8229 +- 0.1346
 93,  0 | TrAcc: 0.7510, TrLoss:  0.68896, VaAcc: 0.6866, VaLoss:  0.88289	 20 sampled NNs | VaAcc: 0.4373 +- 0.0231 | VaLoss: 1.6615 +- 0.0904
 94,  0 | TrAcc: 0.7496, TrLoss:  0.72909, VaAcc: 0.6900, VaLoss:  0.89952	 20 sampled NNs | VaAcc: 0.4444 +- 0.0338 | VaLoss: 1.6438 +- 0.0906
 95,  0 | TrAcc: 0.7345, TrLoss:  0.75214, VaAcc: 0.6855, VaLoss:  0.89170	 20 sampled NNs | VaAcc: 0.3547 +- 0.0567 | VaLoss: 2.0780 +- 0.3868
 96,  0 | TrAcc: 0.7261, TrLoss:  0.78296, VaAcc: 0.6863, VaLoss:  0.88874	 20 sampled NNs | VaAcc: 0.4545 +- 0.0249 | VaLoss: 1.6016 +- 0.0769
 97,  0 | TrAcc: 0.7320, TrLoss:  0.75786, VaAcc: 0.7026, VaLoss:  0.86621	 20 sampled NNs | VaAcc: 0.4585 +- 0.0379 | VaLoss: 1.5836 +- 0.0941
 98,  0 | TrAcc: 0.7637, TrLoss:  0.68542, VaAcc: 0.6805, VaLoss:  0.91219	 20 sampled NNs | VaAcc: 0.4254 +- 0.0255 | VaLoss: 1.7232 +- 0.1024
 99,  0 | TrAcc: 0.7555, TrLoss:  0.69721, VaAcc: 0.6733, VaLoss:  0.91657	 20 sampled NNs | VaAcc: 0.4221 +- 0.0464 | VaLoss: 1.7664 +- 0.1747
100,  0 | TrAcc: 0.7488, TrLoss:  0.72421, VaAcc: 0.6927, VaLoss:  0.86996	 20 sampled NNs | VaAcc: 0.4551 +- 0.0287 | VaLoss: 1.6026 +- 0.0841
101,  0 | TrAcc: 0.7501, TrLoss:  0.69775, VaAcc: 0.6965, VaLoss:  0.87845	 20 sampled NNs | VaAcc: 0.4537 +- 0.0280 | VaLoss: 1.6355 +- 0.1081
102,  0 | TrAcc: 0.7687, TrLoss:  0.67787, VaAcc: 0.6683, VaLoss:  0.93649	 20 sampled NNs | VaAcc: 0.4387 +- 0.0366 | VaLoss: 1.6654 +- 0.1491
103,  0 | TrAcc: 0.7544, TrLoss:  0.70041, VaAcc: 0.6686, VaLoss:  0.91686	 20 sampled NNs | VaAcc: 0.4519 +- 0.0295 | VaLoss: 1.6241 +- 0.0822
104,  0 | TrAcc: 0.7576, TrLoss:  0.68893, VaAcc: 0.6731, VaLoss:  0.93921	 20 sampled NNs | VaAcc: 0.4367 +- 0.0259 | VaLoss: 1.6585 +- 0.0782
105,  0 | TrAcc: 0.7490, TrLoss:  0.73828, VaAcc: 0.6849, VaLoss:  0.89122	 20 sampled NNs | VaAcc: 0.4162 +- 0.0401 | VaLoss: 1.7272 +- 0.1356
106,  0 | TrAcc: 0.7479, TrLoss:  0.72759, VaAcc: 0.6869, VaLoss:  0.89734	 20 sampled NNs | VaAcc: 0.4035 +- 0.0349 | VaLoss: 1.8027 +- 0.1280
107,  0 | TrAcc: 0.7242, TrLoss:  0.75499, VaAcc: 0.6758, VaLoss:  0.90796	 20 sampled NNs | VaAcc: 0.4150 +- 0.0338 | VaLoss: 1.7442 +- 0.0768
108,  0 | TrAcc: 0.7450, TrLoss:  0.73300, VaAcc: 0.6858, VaLoss:  0.95119	 20 sampled NNs | VaAcc: 0.4536 +- 0.0297 | VaLoss: 1.6372 +- 0.0929
109,  0 | TrAcc: 0.7453, TrLoss:  0.69044, VaAcc: 0.6840, VaLoss:  0.90053	 20 sampled NNs | VaAcc: 0.4493 +- 0.0305 | VaLoss: 1.6487 +- 0.1087
110,  0 | TrAcc: 0.7470, TrLoss:  0.71247, VaAcc: 0.6974, VaLoss:  0.87140	 20 sampled NNs | VaAcc: 0.4219 +- 0.0276 | VaLoss: 1.6563 +- 0.1154
111,  0 | TrAcc: 0.7436, TrLoss:  0.73129, VaAcc: 0.6939, VaLoss:  0.87098	 20 sampled NNs | VaAcc: 0.4073 +- 0.0326 | VaLoss: 1.7431 +- 0.1135
112,  0 | TrAcc: 0.7434, TrLoss:  0.73721, VaAcc: 0.7053, VaLoss:  0.85187	 20 sampled NNs | VaAcc: 0.4086 +- 0.0363 | VaLoss: 1.7661 +- 0.1383
113,  0 | TrAcc: 0.7673, TrLoss:  0.64784, VaAcc: 0.6977, VaLoss:  0.87422	 20 sampled NNs | VaAcc: 0.4411 +- 0.0264 | VaLoss: 1.6519 +- 0.1022
114,  0 | TrAcc: 0.7697, TrLoss:  0.67250, VaAcc: 0.7174, VaLoss:  0.83645	 20 sampled NNs | VaAcc: 0.4697 +- 0.0343 | VaLoss: 1.5763 +- 0.0918
115,  0 | TrAcc: 0.7515, TrLoss:  0.71079, VaAcc: 0.7011, VaLoss:  0.86455	 20 sampled NNs | VaAcc: 0.4549 +- 0.0317 | VaLoss: 1.5638 +- 0.0956
116,  0 | TrAcc: 0.7402, TrLoss:  0.73484, VaAcc: 0.6931, VaLoss:  0.88610	 20 sampled NNs | VaAcc: 0.4543 +- 0.0226 | VaLoss: 1.6464 +- 0.1250
117,  0 | TrAcc: 0.7735, TrLoss:  0.65948, VaAcc: 0.6975, VaLoss:  0.86562	 20 sampled NNs | VaAcc: 0.4565 +- 0.0332 | VaLoss: 1.6054 +- 0.1089
118,  0 | TrAcc: 0.7528, TrLoss:  0.71667, VaAcc: 0.6814, VaLoss:  0.86552	 20 sampled NNs | VaAcc: 0.4367 +- 0.0239 | VaLoss: 1.6408 +- 0.0872
119,  0 | TrAcc: 0.7366, TrLoss:  0.75297, VaAcc: 0.6946, VaLoss:  0.88644	 20 sampled NNs | VaAcc: 0.4615 +- 0.0268 | VaLoss: 1.6067 +- 0.0856
120,  0 | TrAcc: 0.7370, TrLoss:  0.73033, VaAcc: 0.6703, VaLoss:  0.90676	 20 sampled NNs | VaAcc: 0.4224 +- 0.0302 | VaLoss: 1.6952 +- 0.1015
121,  0 | TrAcc: 0.7656, TrLoss:  0.66603, VaAcc: 0.7083, VaLoss:  0.83582	 20 sampled NNs | VaAcc: 0.4752 +- 0.0297 | VaLoss: 1.5443 +- 0.0735
122,  0 | TrAcc: 0.7459, TrLoss:  0.70097, VaAcc: 0.6931, VaLoss:  0.87002	 20 sampled NNs | VaAcc: 0.4601 +- 0.0369 | VaLoss: 1.5546 +- 0.1046
123,  0 | TrAcc: 0.7568, TrLoss:  0.69616, VaAcc: 0.6868, VaLoss:  0.84486	 20 sampled NNs | VaAcc: 0.4441 +- 0.0245 | VaLoss: 1.6437 +- 0.0892
124,  0 | TrAcc: 0.7484, TrLoss:  0.71486, VaAcc: 0.6974, VaLoss:  0.83306	 20 sampled NNs | VaAcc: 0.4419 +- 0.0221 | VaLoss: 1.6902 +- 0.0822
125,  0 | TrAcc: 0.7553, TrLoss:  0.69789, VaAcc: 0.6907, VaLoss:  0.88858	 20 sampled NNs | VaAcc: 0.4670 +- 0.0329 | VaLoss: 1.5582 +- 0.0923
126,  0 | TrAcc: 0.7698, TrLoss:  0.64401, VaAcc: 0.6828, VaLoss:  0.87594	 20 sampled NNs | VaAcc: 0.4303 +- 0.0282 | VaLoss: 1.6911 +- 0.1268
127,  0 | TrAcc: 0.7459, TrLoss:  0.71082, VaAcc: 0.6840, VaLoss:  0.90718	 20 sampled NNs | VaAcc: 0.4361 +- 0.0323 | VaLoss: 1.7076 +- 0.1026
128,  0 | TrAcc: 0.7410, TrLoss:  0.73651, VaAcc: 0.6927, VaLoss:  0.91507	 20 sampled NNs | VaAcc: 0.4740 +- 0.0287 | VaLoss: 1.5230 +- 0.1078
129,  0 | TrAcc: 0.7596, TrLoss:  0.68215, VaAcc: 0.6954, VaLoss:  0.86999	 20 sampled NNs | VaAcc: 0.4542 +- 0.0252 | VaLoss: 1.5798 +- 0.0750
130,  0 | TrAcc: 0.7757, TrLoss:  0.64550, VaAcc: 0.6857, VaLoss:  0.87033	 20 sampled NNs | VaAcc: 0.4595 +- 0.0307 | VaLoss: 1.5797 +- 0.0960
131,  0 | TrAcc: 0.7391, TrLoss:  0.73960, VaAcc: 0.6884, VaLoss:  0.88113	 20 sampled NNs | VaAcc: 0.4301 +- 0.0295 | VaLoss: 1.6708 +- 0.0955
132,  0 | TrAcc: 0.7374, TrLoss:  0.74452, VaAcc: 0.7051, VaLoss:  0.85038	 20 sampled NNs | VaAcc: 0.4797 +- 0.0302 | VaLoss: 1.5643 +- 0.0961
133,  0 | TrAcc: 0.7654, TrLoss:  0.67669, VaAcc: 0.6852, VaLoss:  0.88963	 20 sampled NNs | VaAcc: 0.4517 +- 0.0299 | VaLoss: 1.6149 +- 0.1000
134,  0 | TrAcc: 0.7509, TrLoss:  0.72069, VaAcc: 0.6954, VaLoss:  0.86605	 20 sampled NNs | VaAcc: 0.4541 +- 0.0265 | VaLoss: 1.5580 +- 0.0744
135,  0 | TrAcc: 0.7108, TrLoss:  0.81042, VaAcc: 0.6748, VaLoss:  0.90234	 20 sampled NNs | VaAcc: 0.4333 +- 0.0270 | VaLoss: 1.6847 +- 0.0940
136,  0 | TrAcc: 0.7681, TrLoss:  0.66420, VaAcc: 0.6997, VaLoss:  0.82801	 20 sampled NNs | VaAcc: 0.4371 +- 0.0261 | VaLoss: 1.6464 +- 0.0751
137,  0 | TrAcc: 0.7421, TrLoss:  0.72682, VaAcc: 0.6938, VaLoss:  0.88096	 20 sampled NNs | VaAcc: 0.4486 +- 0.0256 | VaLoss: 1.6175 +- 0.0761
138,  0 | TrAcc: 0.7454, TrLoss:  0.71716, VaAcc: 0.7022, VaLoss:  0.86343	 20 sampled NNs | VaAcc: 0.4600 +- 0.0305 | VaLoss: 1.5422 +- 0.0758
139,  0 | TrAcc: 0.7769, TrLoss:  0.64133, VaAcc: 0.6914, VaLoss:  0.91080	 20 sampled NNs | VaAcc: 0.4740 +- 0.0282 | VaLoss: 1.5440 +- 0.1078
140,  0 | TrAcc: 0.7599, TrLoss:  0.70130, VaAcc: 0.7012, VaLoss:  0.87050	 20 sampled NNs | VaAcc: 0.4625 +- 0.0355 | VaLoss: 1.5540 +- 0.0750
141,  0 | TrAcc: 0.7735, TrLoss:  0.64846, VaAcc: 0.6905, VaLoss:  0.87433	 20 sampled NNs | VaAcc: 0.4593 +- 0.0382 | VaLoss: 1.5859 +- 0.1182
142,  0 | TrAcc: 0.7542, TrLoss:  0.70234, VaAcc: 0.6908, VaLoss:  0.89740	 20 sampled NNs | VaAcc: 0.4725 +- 0.0254 | VaLoss: 1.5595 +- 0.0766
143,  0 | TrAcc: 0.7537, TrLoss:  0.68741, VaAcc: 0.6996, VaLoss:  0.82485	 20 sampled NNs | VaAcc: 0.4710 +- 0.0249 | VaLoss: 1.5454 +- 0.0639
144,  0 | TrAcc: 0.7700, TrLoss:  0.64530, VaAcc: 0.6928, VaLoss:  0.85764	 20 sampled NNs | VaAcc: 0.4605 +- 0.0284 | VaLoss: 1.5515 +- 0.0878
145,  0 | TrAcc: 0.7663, TrLoss:  0.67575, VaAcc: 0.7036, VaLoss:  0.85829	 20 sampled NNs | VaAcc: 0.4846 +- 0.0354 | VaLoss: 1.4833 +- 0.0965
146,  0 | TrAcc: 0.7343, TrLoss:  0.70984, VaAcc: 0.6893, VaLoss:  0.89476	 20 sampled NNs | VaAcc: 0.4679 +- 0.0258 | VaLoss: 1.5595 +- 0.0955
147,  0 | TrAcc: 0.7551, TrLoss:  0.69462, VaAcc: 0.6977, VaLoss:  0.87514	 20 sampled NNs | VaAcc: 0.4730 +- 0.0281 | VaLoss: 1.5572 +- 0.0858
148,  0 | TrAcc: 0.7484, TrLoss:  0.68434, VaAcc: 0.7094, VaLoss:  0.85431	 20 sampled NNs | VaAcc: 0.4808 +- 0.0302 | VaLoss: 1.5128 +- 0.0660
149,  0 | TrAcc: 0.7679, TrLoss:  0.66233, VaAcc: 0.6906, VaLoss:  0.88381	 20 sampled NNs | VaAcc: 0.4617 +- 0.0239 | VaLoss: 1.5991 +- 0.1027
150,  0 | TrAcc: 0.7750, TrLoss:  0.62895, VaAcc: 0.6977, VaLoss:  0.86574	 20 sampled NNs | VaAcc: 0.4659 +- 0.0242 | VaLoss: 1.5774 +- 0.0937
151,  0 | TrAcc: 0.7673, TrLoss:  0.65444, VaAcc: 0.6965, VaLoss:  0.88623	 20 sampled NNs | VaAcc: 0.4688 +- 0.0302 | VaLoss: 1.5508 +- 0.0815
152,  0 | TrAcc: 0.7629, TrLoss:  0.69280, VaAcc: 0.6969, VaLoss:  0.90616	 20 sampled NNs | VaAcc: 0.4802 +- 0.0358 | VaLoss: 1.5643 +- 0.1365
153,  0 | TrAcc: 0.7513, TrLoss:  0.71094, VaAcc: 0.7000, VaLoss:  0.84079	 20 sampled NNs | VaAcc: 0.4415 +- 0.0276 | VaLoss: 1.6154 +- 0.1126
154,  0 | TrAcc: 0.7643, TrLoss:  0.66828, VaAcc: 0.7072, VaLoss:  0.85527	 20 sampled NNs | VaAcc: 0.4965 +- 0.0295 | VaLoss: 1.4674 +- 0.0788
155,  0 | TrAcc: 0.7506, TrLoss:  0.70889, VaAcc: 0.6920, VaLoss:  0.89390	 20 sampled NNs | VaAcc: 0.4661 +- 0.0369 | VaLoss: 1.5681 +- 0.0945
156,  0 | TrAcc: 0.7461, TrLoss:  0.72714, VaAcc: 0.6902, VaLoss:  0.87294	 20 sampled NNs | VaAcc: 0.4675 +- 0.0322 | VaLoss: 1.5479 +- 0.0678
157,  0 | TrAcc: 0.7381, TrLoss:  0.75809, VaAcc: 0.7050, VaLoss:  0.83730	 20 sampled NNs | VaAcc: 0.4915 +- 0.0310 | VaLoss: 1.4715 +- 0.0933
158,  0 | TrAcc: 0.7700, TrLoss:  0.67451, VaAcc: 0.7104, VaLoss:  0.81820	 20 sampled NNs | VaAcc: 0.4862 +- 0.0278 | VaLoss: 1.5047 +- 0.0924
159,  0 | TrAcc: 0.7636, TrLoss:  0.66496, VaAcc: 0.7006, VaLoss:  0.86602	 20 sampled NNs | VaAcc: 0.4810 +- 0.0262 | VaLoss: 1.5267 +- 0.0964
160,  0 | TrAcc: 0.7651, TrLoss:  0.65657, VaAcc: 0.6939, VaLoss:  0.89118	 20 sampled NNs | VaAcc: 0.4812 +- 0.0318 | VaLoss: 1.5375 +- 0.1058
161,  0 | TrAcc: 0.7511, TrLoss:  0.69230, VaAcc: 0.6951, VaLoss:  0.88915	 20 sampled NNs | VaAcc: 0.4869 +- 0.0277 | VaLoss: 1.5561 +- 0.0935
162,  0 | TrAcc: 0.7734, TrLoss:  0.65672, VaAcc: 0.6945, VaLoss:  0.86627	 20 sampled NNs | VaAcc: 0.4788 +- 0.0252 | VaLoss: 1.5092 +- 0.0878
163,  0 | TrAcc: 0.7639, TrLoss:  0.66925, VaAcc: 0.7203, VaLoss:  0.79956	 20 sampled NNs | VaAcc: 0.4919 +- 0.0398 | VaLoss: 1.4939 +- 0.1090
164,  0 | TrAcc: 0.7566, TrLoss:  0.71596, VaAcc: 0.7018, VaLoss:  0.86016	 20 sampled NNs | VaAcc: 0.4642 +- 0.0300 | VaLoss: 1.6104 +- 0.1023
165,  0 | TrAcc: 0.7693, TrLoss:  0.66360, VaAcc: 0.7075, VaLoss:  0.84513	 20 sampled NNs | VaAcc: 0.4895 +- 0.0279 | VaLoss: 1.5395 +- 0.0966
166,  0 | TrAcc: 0.7702, TrLoss:  0.67064, VaAcc: 0.7061, VaLoss:  0.84563	 20 sampled NNs | VaAcc: 0.4767 +- 0.0255 | VaLoss: 1.5407 +- 0.1022
167,  0 | TrAcc: 0.7510, TrLoss:  0.72303, VaAcc: 0.6911, VaLoss:  0.88307	 20 sampled NNs | VaAcc: 0.4833 +- 0.0247 | VaLoss: 1.5163 +- 0.0853
168,  0 | TrAcc: 0.7690, TrLoss:  0.68172, VaAcc: 0.7057, VaLoss:  0.82138	 20 sampled NNs | VaAcc: 0.4673 +- 0.0352 | VaLoss: 1.5645 +- 0.0996
169,  0 | TrAcc: 0.7416, TrLoss:  0.72758, VaAcc: 0.7081, VaLoss:  0.85476	 20 sampled NNs | VaAcc: 0.4849 +- 0.0262 | VaLoss: 1.5246 +- 0.0956
170,  0 | TrAcc: 0.7543, TrLoss:  0.71662, VaAcc: 0.7057, VaLoss:  0.86164	 20 sampled NNs | VaAcc: 0.4403 +- 0.0336 | VaLoss: 1.5995 +- 0.1018
171,  0 | TrAcc: 0.7627, TrLoss:  0.66637, VaAcc: 0.7087, VaLoss:  0.85776	 20 sampled NNs | VaAcc: 0.4500 +- 0.0326 | VaLoss: 1.5744 +- 0.1069
172,  0 | TrAcc: 0.7676, TrLoss:  0.64820, VaAcc: 0.7029, VaLoss:  0.83967	 20 sampled NNs | VaAcc: 0.4582 +- 0.0250 | VaLoss: 1.5587 +- 0.0800
173,  0 | TrAcc: 0.7664, TrLoss:  0.66354, VaAcc: 0.7139, VaLoss:  0.82340	 20 sampled NNs | VaAcc: 0.4875 +- 0.0305 | VaLoss: 1.4827 +- 0.0794
174,  0 | TrAcc: 0.7426, TrLoss:  0.72828, VaAcc: 0.6943, VaLoss:  0.90039	 20 sampled NNs | VaAcc: 0.4888 +- 0.0349 | VaLoss: 1.4377 +- 0.0808
175,  0 | TrAcc: 0.7697, TrLoss:  0.66544, VaAcc: 0.7050, VaLoss:  0.86116	 20 sampled NNs | VaAcc: 0.4937 +- 0.0287 | VaLoss: 1.4945 +- 0.1067
176,  0 | TrAcc: 0.7638, TrLoss:  0.66414, VaAcc: 0.7049, VaLoss:  0.85211	 20 sampled NNs | VaAcc: 0.4793 +- 0.0341 | VaLoss: 1.5073 +- 0.0978
177,  0 | TrAcc: 0.7526, TrLoss:  0.68393, VaAcc: 0.7019, VaLoss:  0.87628	 20 sampled NNs | VaAcc: 0.4857 +- 0.0274 | VaLoss: 1.5188 +- 0.0872
178,  0 | TrAcc: 0.7493, TrLoss:  0.72318, VaAcc: 0.6832, VaLoss:  0.92041	 20 sampled NNs | VaAcc: 0.4718 +- 0.0295 | VaLoss: 1.5390 +- 0.0801
179,  0 | TrAcc: 0.7822, TrLoss:  0.60389, VaAcc: 0.6952, VaLoss:  0.88761	 20 sampled NNs | VaAcc: 0.5076 +- 0.0273 | VaLoss: 1.4485 +- 0.0786
180,  0 | TrAcc: 0.7734, TrLoss:  0.62915, VaAcc: 0.6985, VaLoss:  0.90147	 20 sampled NNs | VaAcc: 0.4879 +- 0.0320 | VaLoss: 1.5077 +- 0.0857
181,  0 | TrAcc: 0.7611, TrLoss:  0.66642, VaAcc: 0.7108, VaLoss:  0.84244	 20 sampled NNs | VaAcc: 0.4921 +- 0.0288 | VaLoss: 1.4521 +- 0.0711
182,  0 | TrAcc: 0.7513, TrLoss:  0.68310, VaAcc: 0.7167, VaLoss:  0.84221	 20 sampled NNs | VaAcc: 0.5128 +- 0.0224 | VaLoss: 1.4405 +- 0.0619
183,  0 | TrAcc: 0.7813, TrLoss:  0.64228, VaAcc: 0.7026, VaLoss:  0.85905	 20 sampled NNs | VaAcc: 0.5005 +- 0.0299 | VaLoss: 1.4737 +- 0.1118
184,  0 | TrAcc: 0.7606, TrLoss:  0.68034, VaAcc: 0.6969, VaLoss:  0.87592	 20 sampled NNs | VaAcc: 0.4873 +- 0.0279 | VaLoss: 1.5344 +- 0.0936
185,  0 | TrAcc: 0.7706, TrLoss:  0.65869, VaAcc: 0.6927, VaLoss:  0.85309	 20 sampled NNs | VaAcc: 0.5018 +- 0.0245 | VaLoss: 1.4285 +- 0.0716
186,  0 | TrAcc: 0.7547, TrLoss:  0.68385, VaAcc: 0.7112, VaLoss:  0.85378	 20 sampled NNs | VaAcc: 0.4819 +- 0.0288 | VaLoss: 1.5419 +- 0.0885
187,  0 | TrAcc: 0.7490, TrLoss:  0.71610, VaAcc: 0.6950, VaLoss:  0.87521	 20 sampled NNs | VaAcc: 0.4858 +- 0.0340 | VaLoss: 1.5181 +- 0.0977
188,  0 | TrAcc: 0.7728, TrLoss:  0.66546, VaAcc: 0.7031, VaLoss:  0.88483	 20 sampled NNs | VaAcc: 0.4944 +- 0.0289 | VaLoss: 1.5066 +- 0.1055
189,  0 | TrAcc: 0.7746, TrLoss:  0.63683, VaAcc: 0.7032, VaLoss:  0.85946	 20 sampled NNs | VaAcc: 0.4877 +- 0.0229 | VaLoss: 1.5111 +- 0.0908
190,  0 | TrAcc: 0.7735, TrLoss:  0.64800, VaAcc: 0.7050, VaLoss:  0.84684	 20 sampled NNs | VaAcc: 0.4864 +- 0.0217 | VaLoss: 1.4998 +- 0.0807
191,  0 | TrAcc: 0.7678, TrLoss:  0.65460, VaAcc: 0.7037, VaLoss:  0.89291	 20 sampled NNs | VaAcc: 0.4942 +- 0.0303 | VaLoss: 1.4711 +- 0.0914
192,  0 | TrAcc: 0.7534, TrLoss:  0.68456, VaAcc: 0.6925, VaLoss:  0.86180	 20 sampled NNs | VaAcc: 0.4632 +- 0.0284 | VaLoss: 1.5546 +- 0.0807
193,  0 | TrAcc: 0.7612, TrLoss:  0.67931, VaAcc: 0.6922, VaLoss:  0.86485	 20 sampled NNs | VaAcc: 0.4747 +- 0.0223 | VaLoss: 1.5520 +- 0.0631
194,  0 | TrAcc: 0.7984, TrLoss:  0.57784, VaAcc: 0.7082, VaLoss:  0.84119	 20 sampled NNs | VaAcc: 0.5008 +- 0.0276 | VaLoss: 1.4535 +- 0.0761
195,  0 | TrAcc: 0.7562, TrLoss:  0.71305, VaAcc: 0.7037, VaLoss:  0.86679	 20 sampled NNs | VaAcc: 0.4749 +- 0.0291 | VaLoss: 1.5031 +- 0.1020
196,  0 | TrAcc: 0.7689, TrLoss:  0.64253, VaAcc: 0.7090, VaLoss:  0.83248	 20 sampled NNs | VaAcc: 0.4850 +- 0.0298 | VaLoss: 1.4681 +- 0.0981
197,  0 | TrAcc: 0.7788, TrLoss:  0.63967, VaAcc: 0.7015, VaLoss:  0.85424	 20 sampled NNs | VaAcc: 0.4738 +- 0.0358 | VaLoss: 1.5491 +- 0.1171
198,  0 | TrAcc: 0.7800, TrLoss:  0.63299, VaAcc: 0.7093, VaLoss:  0.84040	 20 sampled NNs | VaAcc: 0.4961 +- 0.0242 | VaLoss: 1.4774 +- 0.0817
199,  0 | TrAcc: 0.7643, TrLoss:  0.65976, VaAcc: 0.7078, VaLoss:  0.86295	 20 sampled NNs | VaAcc: 0.5018 +- 0.0228 | VaLoss: 1.4636 +- 0.0696
200,  0 | TrAcc: 0.7789, TrLoss:  0.61994, VaAcc: 0.7097, VaLoss:  0.83775	 20 sampled NNs | VaAcc: 0.5026 +- 0.0214 | VaLoss: 1.4531 +- 0.0800
201,  0 | TrAcc: 0.7704, TrLoss:  0.63817, VaAcc: 0.7030, VaLoss:  0.86074	 20 sampled NNs | VaAcc: 0.5073 +- 0.0168 | VaLoss: 1.4643 +- 0.0633
202,  0 | TrAcc: 0.7658, TrLoss:  0.67557, VaAcc: 0.7125, VaLoss:  0.86030	 20 sampled NNs | VaAcc: 0.5147 +- 0.0194 | VaLoss: 1.4551 +- 0.0659
203,  0 | TrAcc: 0.7862, TrLoss:  0.59889, VaAcc: 0.7072, VaLoss:  0.86665	 20 sampled NNs | VaAcc: 0.4878 +- 0.0363 | VaLoss: 1.4926 +- 0.1241
204,  0 | TrAcc: 0.7634, TrLoss:  0.67497, VaAcc: 0.7095, VaLoss:  0.84569	 20 sampled NNs | VaAcc: 0.4940 +- 0.0188 | VaLoss: 1.5024 +- 0.1046
205,  0 | TrAcc: 0.7888, TrLoss:  0.60558, VaAcc: 0.7117, VaLoss:  0.84070	 20 sampled NNs | VaAcc: 0.5047 +- 0.0257 | VaLoss: 1.4407 +- 0.0734
206,  0 | TrAcc: 0.7590, TrLoss:  0.67127, VaAcc: 0.7211, VaLoss:  0.80920	 20 sampled NNs | VaAcc: 0.4983 +- 0.0324 | VaLoss: 1.5401 +- 0.1254
207,  0 | TrAcc: 0.7707, TrLoss:  0.64996, VaAcc: 0.7018, VaLoss:  0.86352	 20 sampled NNs | VaAcc: 0.4917 +- 0.0274 | VaLoss: 1.4814 +- 0.0818
208,  0 | TrAcc: 0.7663, TrLoss:  0.64691, VaAcc: 0.6935, VaLoss:  0.87306	 20 sampled NNs | VaAcc: 0.4970 +- 0.0173 | VaLoss: 1.4760 +- 0.0700
209,  0 | TrAcc: 0.7643, TrLoss:  0.66860, VaAcc: 0.7006, VaLoss:  0.85177	 20 sampled NNs | VaAcc: 0.4589 +- 0.0278 | VaLoss: 1.5976 +- 0.0832
210,  0 | TrAcc: 0.7664, TrLoss:  0.66413, VaAcc: 0.7187, VaLoss:  0.83351	 20 sampled NNs | VaAcc: 0.5019 +- 0.0275 | VaLoss: 1.4648 +- 0.0853
211,  0 | TrAcc: 0.7626, TrLoss:  0.67970, VaAcc: 0.7192, VaLoss:  0.83175	 20 sampled NNs | VaAcc: 0.5015 +- 0.0309 | VaLoss: 1.4458 +- 0.0948
212,  0 | TrAcc: 0.7573, TrLoss:  0.68528, VaAcc: 0.7114, VaLoss:  0.84110	 20 sampled NNs | VaAcc: 0.4910 +- 0.0264 | VaLoss: 1.5041 +- 0.0905
213,  0 | TrAcc: 0.7854, TrLoss:  0.59643, VaAcc: 0.7128, VaLoss:  0.83037	 20 sampled NNs | VaAcc: 0.4772 +- 0.0355 | VaLoss: 1.4979 +- 0.0994
214,  0 | TrAcc: 0.7563, TrLoss:  0.68039, VaAcc: 0.7098, VaLoss:  0.82659	 20 sampled NNs | VaAcc: 0.4930 +- 0.0297 | VaLoss: 1.4821 +- 0.0878
215,  0 | TrAcc: 0.7595, TrLoss:      nan, VaAcc: 0.7008, VaLoss:      nan	 20 sampled NNs | VaAcc: 0.4790 +- 0.0257 | VaLoss: 1.5319 +- 0.1047
216,  0 | TrAcc: 0.7730, TrLoss:  0.64467, VaAcc: 0.7085, VaLoss:  0.84087	 20 sampled NNs | VaAcc: 0.4694 +- 0.0298 | VaLoss: 1.5816 +- 0.0907
217,  0 | TrAcc: 0.7648, TrLoss:  0.66700, VaAcc: 0.6963, VaLoss:  0.85300	 20 sampled NNs | VaAcc: 0.4699 +- 0.0333 | VaLoss: 1.5560 +- 0.1043
218,  0 | TrAcc: 0.7609, TrLoss:  0.66547, VaAcc: 0.6969, VaLoss:  0.86634	 20 sampled NNs | VaAcc: 0.4859 +- 0.0304 | VaLoss: 1.5125 +- 0.1047
219,  0 | TrAcc: 0.7869, TrLoss:  0.59552, VaAcc: 0.7109, VaLoss:  0.84046	 20 sampled NNs | VaAcc: 0.4961 +- 0.0290 | VaLoss: 1.4848 +- 0.0913
220,  0 | TrAcc: 0.7689, TrLoss:  0.65929, VaAcc: 0.6964, VaLoss:  0.88376	 20 sampled NNs | VaAcc: 0.4928 +- 0.0256 | VaLoss: 1.5065 +- 0.1024
221,  0 | TrAcc: 0.7796, TrLoss:  0.63451, VaAcc: 0.7070, VaLoss:  0.85583	 20 sampled NNs | VaAcc: 0.4726 +- 0.0221 | VaLoss: 1.5363 +- 0.0949
222,  0 | TrAcc: 0.7687, TrLoss:  0.66253, VaAcc: 0.7041, VaLoss:  0.84073	 20 sampled NNs | VaAcc: 0.4992 +- 0.0185 | VaLoss: 1.4683 +- 0.0699
223,  0 | TrAcc: 0.7592, TrLoss:  0.69151, VaAcc: 0.7155, VaLoss:  0.84059	 20 sampled NNs | VaAcc: 0.4824 +- 0.0268 | VaLoss: 1.5081 +- 0.0777
224,  0 | TrAcc: 0.7765, TrLoss:  0.63927, VaAcc: 0.7070, VaLoss:  0.83183	 20 sampled NNs | VaAcc: 0.4974 +- 0.0192 | VaLoss: 1.4335 +- 0.0667
225,  0 | TrAcc: 0.7566, TrLoss:  0.66797, VaAcc: 0.7115, VaLoss:  0.83398	 20 sampled NNs | VaAcc: 0.4977 +- 0.0296 | VaLoss: 1.4705 +- 0.0780
226,  0 | TrAcc: 0.7662, TrLoss:  0.65832, VaAcc: 0.6963, VaLoss:  0.90760	 20 sampled NNs | VaAcc: 0.5038 +- 0.0267 | VaLoss: 1.4542 +- 0.0802
227,  0 | TrAcc: 0.7700, TrLoss:  0.65916, VaAcc: 0.7036, VaLoss:  0.85780	 20 sampled NNs | VaAcc: 0.5015 +- 0.0327 | VaLoss: 1.4266 +- 0.0972
228,  0 | TrAcc: 0.7744, TrLoss:  0.64477, VaAcc: 0.7131, VaLoss:  0.83203	 20 sampled NNs | VaAcc: 0.5108 +- 0.0282 | VaLoss: 1.4177 +- 0.0822
229,  0 | TrAcc: 0.7692, TrLoss:  0.64455, VaAcc: 0.7073, VaLoss:  0.83699	 20 sampled NNs | VaAcc: 0.5175 +- 0.0289 | VaLoss: 1.4120 +- 0.0725
230,  0 | TrAcc: 0.7782, TrLoss:  0.62964, VaAcc: 0.7012, VaLoss:  0.84074	 20 sampled NNs | VaAcc: 0.5017 +- 0.0381 | VaLoss: 1.4461 +- 0.1121
231,  0 | TrAcc: 0.7488, TrLoss:  0.69827, VaAcc: 0.6885, VaLoss:  0.86648	 20 sampled NNs | VaAcc: 0.4880 +- 0.0248 | VaLoss: 1.4749 +- 0.0740
232,  0 | TrAcc: 0.7640, TrLoss:  0.66144, VaAcc: 0.6920, VaLoss:  0.87736	 20 sampled NNs | VaAcc: 0.5075 +- 0.0273 | VaLoss: 1.4102 +- 0.0792
233,  0 | TrAcc: 0.7710, TrLoss:  0.64233, VaAcc: 0.6964, VaLoss:  0.88471	 20 sampled NNs | VaAcc: 0.4893 +- 0.0272 | VaLoss: 1.5068 +- 0.0917
234,  0 | TrAcc: 0.7673, TrLoss:  0.67655, VaAcc: 0.6975, VaLoss:  0.85626	 20 sampled NNs | VaAcc: 0.5078 +- 0.0302 | VaLoss: 1.4459 +- 0.0941
235,  0 | TrAcc: 0.7802, TrLoss:      nan, VaAcc: 0.6883, VaLoss:      nan	 20 sampled NNs | VaAcc: 0.5042 +- 0.0258 | VaLoss: 1.4725 +- 0.1013
236,  0 | TrAcc: 0.7580, TrLoss:  0.67653, VaAcc: 0.6996, VaLoss:  0.85416	 20 sampled NNs | VaAcc: 0.4812 +- 0.0242 | VaLoss: 1.5221 +- 0.0822
237,  0 | TrAcc: 0.7626, TrLoss:  0.67199, VaAcc: 0.7001, VaLoss:  0.86573	 20 sampled NNs | VaAcc: 0.4820 +- 0.0202 | VaLoss: 1.5237 +- 0.0650
238,  0 | TrAcc: 0.7738, TrLoss:  0.65317, VaAcc: 0.7038, VaLoss:  0.86286	 20 sampled NNs | VaAcc: 0.5038 +- 0.0208 | VaLoss: 1.4494 +- 0.0752
239,  0 | TrAcc: 0.7717, TrLoss:  0.64606, VaAcc: 0.7111, VaLoss:  0.83283	 20 sampled NNs | VaAcc: 0.5025 +- 0.0232 | VaLoss: 1.4385 +- 0.0598
240,  0 | TrAcc: 0.7756, TrLoss:  0.63017, VaAcc: 0.6908, VaLoss:  0.89170	 20 sampled NNs | VaAcc: 0.4898 +- 0.0233 | VaLoss: 1.4901 +- 0.0737
241,  0 | TrAcc: 0.7809, TrLoss:  0.61273, VaAcc: 0.7044, VaLoss:  0.87696	 20 sampled NNs | VaAcc: 0.4757 +- 0.0331 | VaLoss: 1.5802 +- 0.0790
242,  0 | TrAcc: 0.7818, TrLoss:  0.60477, VaAcc: 0.7056, VaLoss:  0.87301	 20 sampled NNs | VaAcc: 0.4916 +- 0.0325 | VaLoss: 1.5306 +- 0.1017
243,  0 | TrAcc: 0.7546, TrLoss:  0.69778, VaAcc: 0.6892, VaLoss:  0.91452	 20 sampled NNs | VaAcc: 0.4757 +- 0.0260 | VaLoss: 1.5355 +- 0.0898
244,  0 | TrAcc: 0.7744, TrLoss:  0.62851, VaAcc: 0.6969, VaLoss:  0.86537	 20 sampled NNs | VaAcc: 0.4777 +- 0.0219 | VaLoss: 1.5283 +- 0.0809
245,  0 | TrAcc: 0.7932, TrLoss:  0.60126, VaAcc: 0.7102, VaLoss:  0.81770	 20 sampled NNs | VaAcc: 0.4981 +- 0.0283 | VaLoss: 1.4591 +- 0.0916
246,  0 | TrAcc: 0.7606, TrLoss:  0.67623, VaAcc: 0.6887, VaLoss:  0.88117	 20 sampled NNs | VaAcc: 0.5029 +- 0.0288 | VaLoss: 1.4422 +- 0.0759
247,  0 | TrAcc: 0.7577, TrLoss:  0.68186, VaAcc: 0.7020, VaLoss:  0.86457	 20 sampled NNs | VaAcc: 0.4750 +- 0.0254 | VaLoss: 1.5397 +- 0.0949
248,  0 | TrAcc: 0.7705, TrLoss:  0.66821, VaAcc: 0.6983, VaLoss:  0.85001	 20 sampled NNs | VaAcc: 0.4751 +- 0.0334 | VaLoss: 1.5593 +- 0.1141
249,  0 | TrAcc: 0.7645, TrLoss:  0.66210, VaAcc: 0.7124, VaLoss:  0.81650	 20 sampled NNs | VaAcc: 0.4945 +- 0.0244 | VaLoss: 1.4967 +- 0.0969
250,  0 | TrAcc: 0.7602, TrLoss:  0.68959, VaAcc: 0.7054, VaLoss:  0.82444	 20 sampled NNs | VaAcc: 0.4857 +- 0.0315 | VaLoss: 1.4725 +- 0.0966
251,  0 | TrAcc: 0.7770, TrLoss:  0.62565, VaAcc: 0.7145, VaLoss:  0.80459	 20 sampled NNs | VaAcc: 0.4964 +- 0.0362 | VaLoss: 1.4996 +- 0.0985
252,  0 | TrAcc: 0.7649, TrLoss:  0.66546, VaAcc: 0.7163, VaLoss:  0.82836	 20 sampled NNs | VaAcc: 0.4810 +- 0.0326 | VaLoss: 1.5101 +- 0.1174
253,  0 | TrAcc: 0.7758, TrLoss:  0.62275, VaAcc: 0.7065, VaLoss:  0.83895	 20 sampled NNs | VaAcc: 0.5022 +- 0.0222 | VaLoss: 1.4380 +- 0.0787
254,  0 | TrAcc: 0.7859, TrLoss:  0.60914, VaAcc: 0.7124, VaLoss:  0.82146	 20 sampled NNs | VaAcc: 0.4764 +- 0.0282 | VaLoss: 1.5505 +- 0.0914
255,  0 | TrAcc: 0.7590, TrLoss:  0.69398, VaAcc: 0.7085, VaLoss:  0.81005	 20 sampled NNs | VaAcc: 0.4738 +- 0.0250 | VaLoss: 1.5774 +- 0.0855
256,  0 | TrAcc: 0.7697, TrLoss:  0.63442, VaAcc: 0.7094, VaLoss:  0.83729	 20 sampled NNs | VaAcc: 0.4956 +- 0.0293 | VaLoss: 1.4988 +- 0.1031
257,  0 | TrAcc: 0.7855, TrLoss:  0.60573, VaAcc: 0.7059, VaLoss:  0.84335	 20 sampled NNs | VaAcc: 0.4940 +- 0.0280 | VaLoss: 1.4860 +- 0.0942
258,  0 | TrAcc: 0.7741, TrLoss:  0.63961, VaAcc: 0.7065, VaLoss:  0.84649	 20 sampled NNs | VaAcc: 0.5062 +- 0.0267 | VaLoss: 1.4314 +- 0.1001
259,  0 | TrAcc: 0.7624, TrLoss:  0.68101, VaAcc: 0.7042, VaLoss:  0.84606	 20 sampled NNs | VaAcc: 0.4864 +- 0.0255 | VaLoss: 1.4583 +- 0.0797
260,  0 | TrAcc: 0.7603, TrLoss:  0.65995, VaAcc: 0.7181, VaLoss:  0.81616	 20 sampled NNs | VaAcc: 0.4910 +- 0.0236 | VaLoss: 1.4704 +- 0.0626
261,  0 | TrAcc: 0.7703, TrLoss:  0.64334, VaAcc: 0.7134, VaLoss:  0.82481	 20 sampled NNs | VaAcc: 0.5089 +- 0.0250 | VaLoss: 1.4450 +- 0.0687
262,  0 | TrAcc: 0.7730, TrLoss:  0.64031, VaAcc: 0.7058, VaLoss:  0.87410	 20 sampled NNs | VaAcc: 0.5142 +- 0.0288 | VaLoss: 1.4379 +- 0.0701
263,  0 | TrAcc: 0.7580, TrLoss:  0.68142, VaAcc: 0.6973, VaLoss:  0.86580	 20 sampled NNs | VaAcc: 0.4916 +- 0.0302 | VaLoss: 1.4820 +- 0.1085
264,  0 | TrAcc: 0.7840, TrLoss:  0.60684, VaAcc: 0.6920, VaLoss:  0.88529	 20 sampled NNs | VaAcc: 0.4989 +- 0.0180 | VaLoss: 1.4841 +- 0.0951
265,  0 | TrAcc: 0.7799, TrLoss:  0.62199, VaAcc: 0.7099, VaLoss:  0.85840	 20 sampled NNs | VaAcc: 0.4909 +- 0.0354 | VaLoss: 1.5304 +- 0.1073
266,  0 | TrAcc: 0.7645, TrLoss:  0.68528, VaAcc: 0.7090, VaLoss:  0.83824	 20 sampled NNs | VaAcc: 0.5158 +- 0.0246 | VaLoss: 1.4281 +- 0.0728
267,  0 | TrAcc: 0.7693, TrLoss:  0.66092, VaAcc: 0.6962, VaLoss:  0.87996	 20 sampled NNs | VaAcc: 0.5040 +- 0.0353 | VaLoss: 1.4329 +- 0.1013
268,  0 | TrAcc: 0.7612, TrLoss:  0.66206, VaAcc: 0.7025, VaLoss:  0.87030	 20 sampled NNs | VaAcc: 0.5079 +- 0.0309 | VaLoss: 1.4511 +- 0.1056
269,  0 | TrAcc: 0.7764, TrLoss:  0.62490, VaAcc: 0.7101, VaLoss:  0.84700	 20 sampled NNs | VaAcc: 0.4890 +- 0.0360 | VaLoss: 1.5166 +- 0.1314
270,  0 | TrAcc: 0.7848, TrLoss:  0.63399, VaAcc: 0.7039, VaLoss:  0.85581	 20 sampled NNs | VaAcc: 0.5097 +- 0.0284 | VaLoss: 1.4424 +- 0.1133
271,  0 | TrAcc: 0.7787, TrLoss:  0.64002, VaAcc: 0.7195, VaLoss:  0.83153	 20 sampled NNs | VaAcc: 0.5205 +- 0.0359 | VaLoss: 1.4125 +- 0.1310
272,  0 | TrAcc: 0.7709, TrLoss:  0.65310, VaAcc: 0.7134, VaLoss:  0.84239	 20 sampled NNs | VaAcc: 0.5277 +- 0.0331 | VaLoss: 1.4103 +- 0.1004
273,  0 | TrAcc: 0.7846, TrLoss:  0.60225, VaAcc: 0.7062, VaLoss:  0.85683	 20 sampled NNs | VaAcc: 0.5233 +- 0.0261 | VaLoss: 1.3899 +- 0.0644
274,  0 | TrAcc: 0.7820, TrLoss:  0.63460, VaAcc: 0.7228, VaLoss:  0.81862	 20 sampled NNs | VaAcc: 0.5030 +- 0.0288 | VaLoss: 1.4384 +- 0.0803
275,  0 | TrAcc: 0.7853, TrLoss:  0.59247, VaAcc: 0.7106, VaLoss:  0.83421	 20 sampled NNs | VaAcc: 0.5320 +- 0.0240 | VaLoss: 1.3557 +- 0.0708
276,  0 | TrAcc: 0.7946, TrLoss:  0.58896, VaAcc: 0.7035, VaLoss:  0.84825	 20 sampled NNs | VaAcc: 0.5204 +- 0.0309 | VaLoss: 1.4311 +- 0.0954
277,  0 | TrAcc: 0.7852, TrLoss:  0.61153, VaAcc: 0.7149, VaLoss:  0.82321	 20 sampled NNs | VaAcc: 0.4863 +- 0.0308 | VaLoss: 1.5275 +- 0.0872
278,  0 | TrAcc: 0.7842, TrLoss:  0.62494, VaAcc: 0.6919, VaLoss:  0.90487	 20 sampled NNs | VaAcc: 0.5052 +- 0.0217 | VaLoss: 1.4437 +- 0.0781
279,  0 | TrAcc: 0.7787, TrLoss:  0.63853, VaAcc: 0.7045, VaLoss:  0.85779	 20 sampled NNs | VaAcc: 0.5021 +- 0.0275 | VaLoss: 1.4272 +- 0.0841
280,  0 | TrAcc: 0.7752, TrLoss:  0.64764, VaAcc: 0.7215, VaLoss:  0.81534	 20 sampled NNs | VaAcc: 0.5136 +- 0.0281 | VaLoss: 1.4356 +- 0.0896
281,  0 | TrAcc: 0.7961, TrLoss:  0.58504, VaAcc: 0.7156, VaLoss:  0.81849	 20 sampled NNs | VaAcc: 0.4965 +- 0.0261 | VaLoss: 1.4469 +- 0.0948
282,  0 | TrAcc: 0.7916, TrLoss:  0.59219, VaAcc: 0.7156, VaLoss:  0.82347	 20 sampled NNs | VaAcc: 0.5229 +- 0.0316 | VaLoss: 1.3973 +- 0.0966
283,  0 | TrAcc: 0.7756, TrLoss:  0.64067, VaAcc: 0.7094, VaLoss:  0.86373	 20 sampled NNs | VaAcc: 0.5186 +- 0.0344 | VaLoss: 1.4068 +- 0.0957
284,  0 | TrAcc: 0.7729, TrLoss:  0.63857, VaAcc: 0.6933, VaLoss:  0.87418	 20 sampled NNs | VaAcc: 0.5152 +- 0.0245 | VaLoss: 1.4496 +- 0.0707
285,  0 | TrAcc: 0.7810, TrLoss:  0.62926, VaAcc: 0.6982, VaLoss:  0.86542	 20 sampled NNs | VaAcc: 0.5011 +- 0.0254 | VaLoss: 1.4732 +- 0.0567
286,  0 | TrAcc: 0.7875, TrLoss:  0.61379, VaAcc: 0.6927, VaLoss:  0.87416	 20 sampled NNs | VaAcc: 0.5054 +- 0.0248 | VaLoss: 1.4592 +- 0.0867
287,  0 | TrAcc: 0.7683, TrLoss:  0.66008, VaAcc: 0.7076, VaLoss:  0.84653	 20 sampled NNs | VaAcc: 0.5027 +- 0.0269 | VaLoss: 1.4322 +- 0.0796
288,  0 | TrAcc: 0.7742, TrLoss:  0.62493, VaAcc: 0.6969, VaLoss:  0.89562	 20 sampled NNs | VaAcc: 0.5068 +- 0.0174 | VaLoss: 1.4418 +- 0.0730
289,  0 | TrAcc: 0.7645, TrLoss:  0.65468, VaAcc: 0.7009, VaLoss:  0.86620	 20 sampled NNs | VaAcc: 0.5053 +- 0.0294 | VaLoss: 1.4223 +- 0.0746
290,  0 | TrAcc: 0.7804, TrLoss:  0.60384, VaAcc: 0.7041, VaLoss:  0.86068	 20 sampled NNs | VaAcc: 0.5299 +- 0.0307 | VaLoss: 1.4109 +- 0.1098
291,  0 | TrAcc: 0.7810, TrLoss:  0.60468, VaAcc: 0.7026, VaLoss:  0.85649	 20 sampled NNs | VaAcc: 0.5109 +- 0.0304 | VaLoss: 1.4602 +- 0.1023
292,  0 | TrAcc: 0.7810, TrLoss:  0.61751, VaAcc: 0.6988, VaLoss:  0.86906	 20 sampled NNs | VaAcc: 0.4930 +- 0.0296 | VaLoss: 1.5918 +- 0.1455
293,  0 | TrAcc: 0.7867, TrLoss:  0.60873, VaAcc: 0.6994, VaLoss:  0.83732	 20 sampled NNs | VaAcc: 0.5189 +- 0.0261 | VaLoss: 1.4093 +- 0.0679
294,  0 | TrAcc: 0.7678, TrLoss:  0.65536, VaAcc: 0.7063, VaLoss:  0.85942	 20 sampled NNs | VaAcc: 0.5209 +- 0.0302 | VaLoss: 1.3956 +- 0.0852
295,  0 | TrAcc: 0.7967, TrLoss:  0.57518, VaAcc: 0.7036, VaLoss:  0.86959	 20 sampled NNs | VaAcc: 0.5134 +- 0.0203 | VaLoss: 1.4737 +- 0.0939
296,  0 | TrAcc: 0.7733, TrLoss:  0.64879, VaAcc: 0.7090, VaLoss:  0.84518	 20 sampled NNs | VaAcc: 0.5080 +- 0.0312 | VaLoss: 1.4846 +- 0.1040
297,  0 | TrAcc: 0.7773, TrLoss:  0.62096, VaAcc: 0.6802, VaLoss:  0.88807	 20 sampled NNs | VaAcc: 0.4717 +- 0.0358 | VaLoss: 1.6301 +- 0.1608
298,  0 | TrAcc: 0.7818, TrLoss:  0.61617, VaAcc: 0.7117, VaLoss:  0.83899	 20 sampled NNs | VaAcc: 0.5262 +- 0.0276 | VaLoss: 1.3872 +- 0.0692
299,  0 | TrAcc: 0.7864, TrLoss:  0.62299, VaAcc: 0.7104, VaLoss:  0.86242	 20 sampled NNs | VaAcc: 0.5146 +- 0.0261 | VaLoss: 1.4257 +- 0.0919
300,  0 | TrAcc: 0.7835, TrLoss:  0.61429, VaAcc: 0.7081, VaLoss:  0.83951	 20 sampled NNs | VaAcc: 0.5157 +- 0.0315 | VaLoss: 1.4007 +- 0.1030
301,  0 | TrAcc: 0.7743, TrLoss:  0.64717, VaAcc: 0.7039, VaLoss:  0.83958	 20 sampled NNs | VaAcc: 0.5186 +- 0.0191 | VaLoss: 1.4334 +- 0.0693
302,  0 | TrAcc: 0.7734, TrLoss:  0.63871, VaAcc: 0.6922, VaLoss:  0.85933	 20 sampled NNs | VaAcc: 0.5191 +- 0.0276 | VaLoss: 1.4036 +- 0.0856
303,  0 | TrAcc: 0.7868, TrLoss:  0.61556, VaAcc: 0.7029, VaLoss:  0.82684	 20 sampled NNs | VaAcc: 0.5268 +- 0.0258 | VaLoss: 1.3609 +- 0.0963
304,  0 | TrAcc: 0.7802, TrLoss:  0.62261, VaAcc: 0.7066, VaLoss:  0.83910	 20 sampled NNs | VaAcc: 0.5166 +- 0.0240 | VaLoss: 1.4024 +- 0.0678
305,  0 | TrAcc: 0.7815, TrLoss:  0.62737, VaAcc: 0.7156, VaLoss:  0.82613	 20 sampled NNs | VaAcc: 0.5168 +- 0.0278 | VaLoss: 1.4147 +- 0.0790
306,  0 | TrAcc: 0.7730, TrLoss:  0.63167, VaAcc: 0.7138, VaLoss:  0.82359	 20 sampled NNs | VaAcc: 0.5084 +- 0.0278 | VaLoss: 1.4255 +- 0.1070
307,  0 | TrAcc: 0.7692, TrLoss:  0.65745, VaAcc: 0.7105, VaLoss:  0.85646	 20 sampled NNs | VaAcc: 0.5199 +- 0.0286 | VaLoss: 1.4050 +- 0.0781
308,  0 | TrAcc: 0.7884, TrLoss:  0.60328, VaAcc: 0.7041, VaLoss:  0.84832	 20 sampled NNs | VaAcc: 0.5117 +- 0.0223 | VaLoss: 1.4238 +- 0.0834
309,  0 | TrAcc: 0.7688, TrLoss:  0.64002, VaAcc: 0.7177, VaLoss:  0.84084	 20 sampled NNs | VaAcc: 0.5164 +- 0.0232 | VaLoss: 1.4109 +- 0.0728
310,  0 | TrAcc: 0.7705, TrLoss:  0.64093, VaAcc: 0.7232, VaLoss:  0.82597	 20 sampled NNs | VaAcc: 0.5434 +- 0.0232 | VaLoss: 1.3435 +- 0.0749
311,  0 | TrAcc: 0.7621, TrLoss:  0.68630, VaAcc: 0.7128, VaLoss:  0.85438	 20 sampled NNs | VaAcc: 0.5115 +- 0.0281 | VaLoss: 1.4497 +- 0.0912
312,  0 | TrAcc: 0.7861, TrLoss:  0.60837, VaAcc: 0.7101, VaLoss:  0.84044	 20 sampled NNs | VaAcc: 0.5214 +- 0.0221 | VaLoss: 1.5147 +- 0.1246
313,  0 | TrAcc: 0.7724, TrLoss:  0.63745, VaAcc: 0.7056, VaLoss:  0.86900	 20 sampled NNs | VaAcc: 0.5269 +- 0.0328 | VaLoss: 1.4035 +- 0.1053
314,  0 | TrAcc: 0.8076, TrLoss:  0.57337, VaAcc: 0.7074, VaLoss:  0.84343	 20 sampled NNs | VaAcc: 0.5411 +- 0.0230 | VaLoss: 1.3549 +- 0.0717
315,  0 | TrAcc: 0.7586, TrLoss:  0.68447, VaAcc: 0.7136, VaLoss:  0.83424	 20 sampled NNs | VaAcc: 0.5269 +- 0.0302 | VaLoss: 1.3720 +- 0.0738
316,  0 | TrAcc: 0.7786, TrLoss:  0.63533, VaAcc: 0.7084, VaLoss:  0.84349	 20 sampled NNs | VaAcc: 0.5157 +- 0.0328 | VaLoss: 1.4354 +- 0.0693
317,  0 | TrAcc: 0.7596, TrLoss:  0.67060, VaAcc: 0.7116, VaLoss:  0.85070	 20 sampled NNs | VaAcc: 0.5249 +- 0.0268 | VaLoss: 1.3974 +- 0.0839
318,  0 | TrAcc: 0.7939, TrLoss:  0.61059, VaAcc: 0.7067, VaLoss:  0.84694	 20 sampled NNs | VaAcc: 0.5226 +- 0.0299 | VaLoss: 1.4111 +- 0.0652
319,  0 | TrAcc: 0.7825, TrLoss:  0.62371, VaAcc: 0.6929, VaLoss:  0.89569	 20 sampled NNs | VaAcc: 0.5093 +- 0.0206 | VaLoss: 1.4738 +- 0.0801
320,  0 | TrAcc: 0.7779, TrLoss:  0.61517, VaAcc: 0.7142, VaLoss:  0.82511	 20 sampled NNs | VaAcc: 0.5192 +- 0.0284 | VaLoss: 1.4029 +- 0.0889
321,  0 | TrAcc: 0.7908, TrLoss:  0.59404, VaAcc: 0.7040, VaLoss:  0.85186	 20 sampled NNs | VaAcc: 0.5057 +- 0.0302 | VaLoss: 1.4180 +- 0.0926
322,  0 | TrAcc: 0.7720, TrLoss:  0.65187, VaAcc: 0.7003, VaLoss:  0.85788	 20 sampled NNs | VaAcc: 0.4972 +- 0.0340 | VaLoss: 1.4784 +- 0.1066
323,  0 | TrAcc: 0.7967, TrLoss:  0.58893, VaAcc: 0.7008, VaLoss:  0.86475	 20 sampled NNs | VaAcc: 0.5176 +- 0.0371 | VaLoss: 1.4493 +- 0.1252
324,  0 | TrAcc: 0.7733, TrLoss:  0.62513, VaAcc: 0.7041, VaLoss:  0.84185	 20 sampled NNs | VaAcc: 0.5160 +- 0.0200 | VaLoss: 1.4130 +- 0.0769
325,  0 | TrAcc: 0.7653, TrLoss:  0.66045, VaAcc: 0.7077, VaLoss:  0.83327	 20 sampled NNs | VaAcc: 0.5158 +- 0.0233 | VaLoss: 1.4412 +- 0.0866
326,  0 | TrAcc: 0.7877, TrLoss:  0.62065, VaAcc: 0.7087, VaLoss:  0.83323	 20 sampled NNs | VaAcc: 0.5248 +- 0.0247 | VaLoss: 1.3944 +- 0.0849
327,  0 | TrAcc: 0.7745, TrLoss:  0.62665, VaAcc: 0.7202, VaLoss:  0.82322	 20 sampled NNs | VaAcc: 0.5161 +- 0.0206 | VaLoss: 1.4130 +- 0.0586
328,  0 | TrAcc: 0.7733, TrLoss:  0.64102, VaAcc: 0.7178, VaLoss:  0.82338	 20 sampled NNs | VaAcc: 0.5161 +- 0.0332 | VaLoss: 1.4044 +- 0.0850
329,  0 | TrAcc: 0.7884, TrLoss:  0.59427, VaAcc: 0.6934, VaLoss:  0.87819	 20 sampled NNs | VaAcc: 0.5111 +- 0.0184 | VaLoss: 1.4781 +- 0.0731
330,  0 | TrAcc: 0.7610, TrLoss:  0.66963, VaAcc: 0.7101, VaLoss:  0.85804	 20 sampled NNs | VaAcc: 0.5159 +- 0.0312 | VaLoss: 1.4103 +- 0.1077
331,  0 | TrAcc: 0.7746, TrLoss:  0.63443, VaAcc: 0.7061, VaLoss:  0.85691	 20 sampled NNs | VaAcc: 0.4888 +- 0.0294 | VaLoss: 1.5441 +- 0.1018
332,  0 | TrAcc: 0.7693, TrLoss:  0.64705, VaAcc: 0.6965, VaLoss:  0.87969	 20 sampled NNs | VaAcc: 0.4871 +- 0.0368 | VaLoss: 1.5101 +- 0.0952
333,  0 | TrAcc: 0.7698, TrLoss:  0.65847, VaAcc: 0.7030, VaLoss:  0.83782	 20 sampled NNs | VaAcc: 0.4820 +- 0.0451 | VaLoss: 1.5639 +- 0.2190
334,  0 | TrAcc: 0.7660, TrLoss:  0.64402, VaAcc: 0.7267, VaLoss:  0.79237	 20 sampled NNs | VaAcc: 0.5107 +- 0.0201 | VaLoss: 1.4200 +- 0.0656
335,  0 | TrAcc: 0.7678, TrLoss:  0.65417, VaAcc: 0.7083, VaLoss:  0.84621	 20 sampled NNs | VaAcc: 0.5021 +- 0.0312 | VaLoss: 1.5196 +- 0.1414
336,  0 | TrAcc: 0.7644, TrLoss:  0.65446, VaAcc: 0.7110, VaLoss:  0.83694	 20 sampled NNs | VaAcc: 0.4825 +- 0.0290 | VaLoss: 1.5857 +- 0.1279
337,  0 | TrAcc: 0.7632, TrLoss:  0.64720, VaAcc: 0.7012, VaLoss:  0.86429	 20 sampled NNs | VaAcc: 0.5045 +- 0.0236 | VaLoss: 1.4852 +- 0.0766
338,  0 | TrAcc: 0.7681, TrLoss:  0.67652, VaAcc: 0.7029, VaLoss:  0.85707	 20 sampled NNs | VaAcc: 0.5054 +- 0.0270 | VaLoss: 1.4640 +- 0.0840
339,  0 | TrAcc: 0.7757, TrLoss:  0.63434, VaAcc: 0.7098, VaLoss:  0.85467	 20 sampled NNs | VaAcc: 0.5254 +- 0.0206 | VaLoss: 1.3995 +- 0.0701
340,  0 | TrAcc: 0.8050, TrLoss:  0.55215, VaAcc: 0.7118, VaLoss:  0.82849	 20 sampled NNs | VaAcc: 0.5310 +- 0.0261 | VaLoss: 1.4007 +- 0.1002
341,  0 | TrAcc: 0.7811, TrLoss:  0.62113, VaAcc: 0.7179, VaLoss:  0.85209	 20 sampled NNs | VaAcc: 0.5160 +- 0.0246 | VaLoss: 1.4270 +- 0.0774
342,  0 | TrAcc: 0.7907, TrLoss:  0.59792, VaAcc: 0.7174, VaLoss:  0.82469	 20 sampled NNs | VaAcc: 0.5154 +- 0.0213 | VaLoss: 1.4322 +- 0.0806
343,  0 | TrAcc: 0.7567, TrLoss:  0.68109, VaAcc: 0.7029, VaLoss:  0.84152	 20 sampled NNs | VaAcc: 0.4755 +- 0.0270 | VaLoss: 1.5683 +- 0.1131
344,  0 | TrAcc: 0.7841, TrLoss:  0.62658, VaAcc: 0.7082, VaLoss:  0.84844	 20 sampled NNs | VaAcc: 0.5073 +- 0.0201 | VaLoss: 1.4327 +- 0.0711
345,  0 | TrAcc: 0.7632, TrLoss:  0.66753, VaAcc: 0.7047, VaLoss:  0.82972	 20 sampled NNs | VaAcc: 0.5229 +- 0.0278 | VaLoss: 1.3852 +- 0.0787
346,  0 | TrAcc: 0.7731, TrLoss:  0.62172, VaAcc: 0.7038, VaLoss:  0.86003	 20 sampled NNs | VaAcc: 0.4930 +- 0.0258 | VaLoss: 1.5013 +- 0.0721
347,  0 | TrAcc: 0.7727, TrLoss:  0.65920, VaAcc: 0.7081, VaLoss:  0.85088	 20 sampled NNs | VaAcc: 0.5207 +- 0.0337 | VaLoss: 1.4042 +- 0.0991
348,  0 | TrAcc: 0.7743, TrLoss:  0.64904, VaAcc: 0.7093, VaLoss:  0.83050	 20 sampled NNs | VaAcc: 0.4986 +- 0.0302 | VaLoss: 1.4512 +- 0.0900
349,  0 | TrAcc: 0.7741, TrLoss:  0.64692, VaAcc: 0.7000, VaLoss:  0.84496	 20 sampled NNs | VaAcc: 0.4812 +- 0.0251 | VaLoss: 1.5207 +- 0.0799
350,  0 | TrAcc: 0.7843, TrLoss:  0.62849, VaAcc: 0.7106, VaLoss:  0.84936	 20 sampled NNs | VaAcc: 0.5082 +- 0.0476 | VaLoss: 1.5273 +- 0.1630
351,  0 | TrAcc: 0.7811, TrLoss:  0.60443, VaAcc: 0.7064, VaLoss:  0.82018	 20 sampled NNs | VaAcc: 0.5270 +- 0.0221 | VaLoss: 1.3905 +- 0.0893
352,  0 | TrAcc: 0.7851, TrLoss:  0.60754, VaAcc: 0.7027, VaLoss:  0.85539	 20 sampled NNs | VaAcc: 0.5000 +- 0.0298 | VaLoss: 1.4628 +- 0.0931
353,  0 | TrAcc: 0.7581, TrLoss:  0.67361, VaAcc: 0.7003, VaLoss:  0.87225	 20 sampled NNs | VaAcc: 0.5080 +- 0.0300 | VaLoss: 1.4458 +- 0.0901
354,  0 | TrAcc: 0.7808, TrLoss:  0.60508, VaAcc: 0.7011, VaLoss:  0.87174	 20 sampled NNs | VaAcc: 0.5087 +- 0.0275 | VaLoss: 1.4271 +- 0.0771
355,  0 | TrAcc: 0.7921, TrLoss:  0.61527, VaAcc: 0.7072, VaLoss:  0.84833	 20 sampled NNs | VaAcc: 0.5126 +- 0.0198 | VaLoss: 1.4448 +- 0.0814
356,  0 | TrAcc: 0.7928, TrLoss:  0.57688, VaAcc: 0.7120, VaLoss:  0.85569	 20 sampled NNs | VaAcc: 0.5348 +- 0.0260 | VaLoss: 1.4017 +- 0.0933
357,  0 | TrAcc: 0.8034, TrLoss:  0.57221, VaAcc: 0.7157, VaLoss:  0.83592	 20 sampled NNs | VaAcc: 0.5427 +- 0.0260 | VaLoss: 1.3434 +- 0.0802
358,  0 | TrAcc: 0.7627, TrLoss:  0.66684, VaAcc: 0.7128, VaLoss:  0.81725	 20 sampled NNs | VaAcc: 0.5336 +- 0.0244 | VaLoss: 1.3811 +- 0.0895
359,  0 | TrAcc: 0.7916, TrLoss:  0.58063, VaAcc: 0.7258, VaLoss:  0.80902	 20 sampled NNs | VaAcc: 0.5272 +- 0.0267 | VaLoss: 1.3661 +- 0.0757
360,  0 | TrAcc: 0.7750, TrLoss:  0.63474, VaAcc: 0.7157, VaLoss:  0.84450	 20 sampled NNs | VaAcc: 0.5215 +- 0.0253 | VaLoss: 1.4421 +- 0.0767
361,  0 | TrAcc: 0.7704, TrLoss:  0.66595, VaAcc: 0.7123, VaLoss:  0.82390	 20 sampled NNs | VaAcc: 0.5259 +- 0.0184 | VaLoss: 1.4356 +- 0.0885
362,  0 | TrAcc: 0.7716, TrLoss:  0.63608, VaAcc: 0.7188, VaLoss:  0.83301	 20 sampled NNs | VaAcc: 0.5297 +- 0.0262 | VaLoss: 1.3865 +- 0.0759
363,  0 | TrAcc: 0.7753, TrLoss:  0.64068, VaAcc: 0.7080, VaLoss:  0.82623	 20 sampled NNs | VaAcc: 0.5107 +- 0.0290 | VaLoss: 1.4402 +- 0.0910
364,  0 | TrAcc: 0.7807, TrLoss:  0.61821, VaAcc: 0.7155, VaLoss:  0.82309	 20 sampled NNs | VaAcc: 0.5434 +- 0.0227 | VaLoss: 1.3636 +- 0.0570
365,  0 | TrAcc: 0.7796, TrLoss:  0.60759, VaAcc: 0.7048, VaLoss:  0.82749	 20 sampled NNs | VaAcc: 0.5126 +- 0.0257 | VaLoss: 1.4303 +- 0.0853
366,  0 | TrAcc: 0.7661, TrLoss:  0.65205, VaAcc: 0.7014, VaLoss:  0.85877	 20 sampled NNs | VaAcc: 0.5289 +- 0.0276 | VaLoss: 1.4005 +- 0.1079
367,  0 | TrAcc: 0.7911, TrLoss:  0.60749, VaAcc: 0.6987, VaLoss:  0.85177	 20 sampled NNs | VaAcc: 0.5209 +- 0.0242 | VaLoss: 1.4053 +- 0.0868
368,  0 | TrAcc: 0.7802, TrLoss:  0.61151, VaAcc: 0.7080, VaLoss:  0.83811	 20 sampled NNs | VaAcc: 0.5040 +- 0.0292 | VaLoss: 1.4588 +- 0.1026
369,  0 | TrAcc: 0.7891, TrLoss:  0.59584, VaAcc: 0.7102, VaLoss:  0.84350	 20 sampled NNs | VaAcc: 0.5238 +- 0.0293 | VaLoss: 1.4091 +- 0.0931
370,  0 | TrAcc: 0.7886, TrLoss:  0.60387, VaAcc: 0.7048, VaLoss:  0.85282	 20 sampled NNs | VaAcc: 0.5284 +- 0.0273 | VaLoss: 1.4078 +- 0.0816
371,  0 | TrAcc: 0.7698, TrLoss:  0.66577, VaAcc: 0.7024, VaLoss:  0.87640	 20 sampled NNs | VaAcc: 0.5311 +- 0.0368 | VaLoss: 1.3866 +- 0.0978
372,  0 | TrAcc: 0.7915, TrLoss:  0.58019, VaAcc: 0.7139, VaLoss:  0.83108	 20 sampled NNs | VaAcc: 0.5088 +- 0.0287 | VaLoss: 1.4852 +- 0.0755
373,  0 | TrAcc: 0.7691, TrLoss:  0.65424, VaAcc: 0.7021, VaLoss:  0.86724	 20 sampled NNs | VaAcc: 0.5248 +- 0.0193 | VaLoss: 1.4356 +- 0.0562
374,  0 | TrAcc: 0.7842, TrLoss:  0.63095, VaAcc: 0.7103, VaLoss:  0.84418	 20 sampled NNs | VaAcc: 0.4933 +- 0.0280 | VaLoss: 1.5114 +- 0.0731
375,  0 | TrAcc: 0.7803, TrLoss:  0.62542, VaAcc: 0.7113, VaLoss:  0.84016	 20 sampled NNs | VaAcc: 0.5026 +- 0.0241 | VaLoss: 1.5121 +- 0.0955
376,  0 | TrAcc: 0.7908, TrLoss:  0.60239, VaAcc: 0.7087, VaLoss:  0.85774	 20 sampled NNs | VaAcc: 0.5167 +- 0.0270 | VaLoss: 1.4219 +- 0.0841
377,  0 | TrAcc: 0.7716, TrLoss:  0.63385, VaAcc: 0.7035, VaLoss:  0.86117	 20 sampled NNs | VaAcc: 0.5219 +- 0.0205 | VaLoss: 1.4259 +- 0.0817
378,  0 | TrAcc: 0.7866, TrLoss:  0.60648, VaAcc: 0.7157, VaLoss:  0.83486	 20 sampled NNs | VaAcc: 0.5318 +- 0.0245 | VaLoss: 1.3949 +- 0.0798
379,  0 | TrAcc: 0.7816, TrLoss:  0.62262, VaAcc: 0.7008, VaLoss:  0.86198	 20 sampled NNs | VaAcc: 0.5306 +- 0.0282 | VaLoss: 1.3757 +- 0.0826
380,  0 | TrAcc: 0.7769, TrLoss:  0.62029, VaAcc: 0.7053, VaLoss:  0.85020	 20 sampled NNs | VaAcc: 0.5474 +- 0.0190 | VaLoss: 1.3094 +- 0.0588
381,  0 | TrAcc: 0.7628, TrLoss:  0.67275, VaAcc: 0.7041, VaLoss:  0.84761	 20 sampled NNs | VaAcc: 0.5289 +- 0.0309 | VaLoss: 1.4092 +- 0.1045
382,  0 | TrAcc: 0.8026, TrLoss:  0.57866, VaAcc: 0.7137, VaLoss:  0.82290	 20 sampled NNs | VaAcc: 0.5399 +- 0.0246 | VaLoss: 1.3488 +- 0.0866
383,  0 | TrAcc: 0.7792, TrLoss:  0.61392, VaAcc: 0.6981, VaLoss:  0.88045	 20 sampled NNs | VaAcc: 0.5069 +- 0.0212 | VaLoss: 1.4575 +- 0.0771
384,  0 | TrAcc: 0.7765, TrLoss:  0.66237, VaAcc: 0.7135, VaLoss:  0.85950	 20 sampled NNs | VaAcc: 0.5072 +- 0.0361 | VaLoss: 1.5172 +- 0.1298
385,  0 | TrAcc: 0.7629, TrLoss:  0.64678, VaAcc: 0.7036, VaLoss:  0.85107	 20 sampled NNs | VaAcc: 0.5215 +- 0.0265 | VaLoss: 1.4000 +- 0.0873
386,  0 | TrAcc: 0.7529, TrLoss:  0.69999, VaAcc: 0.6890, VaLoss:  0.87849	 20 sampled NNs | VaAcc: 0.4953 +- 0.0205 | VaLoss: 1.4875 +- 0.0539
387,  0 | TrAcc: 0.7889, TrLoss:  0.59218, VaAcc: 0.7008, VaLoss:  0.85113	 20 sampled NNs | VaAcc: 0.4908 +- 0.0227 | VaLoss: 1.4888 +- 0.0681
388,  0 | TrAcc: 0.7702, TrLoss:  0.63922, VaAcc: 0.7131, VaLoss:  0.85951	 20 sampled NNs | VaAcc: 0.5026 +- 0.0261 | VaLoss: 1.4521 +- 0.0747
389,  0 | TrAcc: 0.7737, TrLoss:  0.62196, VaAcc: 0.6906, VaLoss:  0.87015	 20 sampled NNs | VaAcc: 0.4876 +- 0.0301 | VaLoss: 1.5365 +- 0.1015
390,  0 | TrAcc: 0.7751, TrLoss:  0.63757, VaAcc: 0.7094, VaLoss:  0.84532	 20 sampled NNs | VaAcc: 0.5045 +- 0.0192 | VaLoss: 1.4144 +- 0.0614
391,  0 | TrAcc: 0.7936, TrLoss:  0.59865, VaAcc: 0.7194, VaLoss:  0.84821	 20 sampled NNs | VaAcc: 0.5487 +- 0.0229 | VaLoss: 1.3497 +- 0.0762
392,  0 | TrAcc: 0.7673, TrLoss:  0.64581, VaAcc: 0.7086, VaLoss:  0.84399	 20 sampled NNs | VaAcc: 0.5251 +- 0.0281 | VaLoss: 1.4242 +- 0.0795
393,  0 | TrAcc: 0.7915, TrLoss:  0.61104, VaAcc: 0.7123, VaLoss:  0.83893	 20 sampled NNs | VaAcc: 0.5255 +- 0.0260 | VaLoss: 1.4148 +- 0.0872
394,  0 | TrAcc: 0.7920, TrLoss:  0.57421, VaAcc: 0.7111, VaLoss:  0.82361	 20 sampled NNs | VaAcc: 0.5341 +- 0.0263 | VaLoss: 1.3677 +- 0.0871
395,  0 | TrAcc: 0.7619, TrLoss:  0.67703, VaAcc: 0.6943, VaLoss:  0.86763	 20 sampled NNs | VaAcc: 0.5184 +- 0.0217 | VaLoss: 1.4022 +- 0.0697
396,  0 | TrAcc: 0.7862, TrLoss:  0.61848, VaAcc: 0.7056, VaLoss:  0.85744	 20 sampled NNs | VaAcc: 0.5374 +- 0.0225 | VaLoss: 1.3751 +- 0.0806
397,  0 | TrAcc: 0.7815, TrLoss:  0.61663, VaAcc: 0.7159, VaLoss:  0.85143	 20 sampled NNs | VaAcc: 0.5394 +- 0.0279 | VaLoss: 1.3644 +- 0.0751
398,  0 | TrAcc: 0.7803, TrLoss:  0.61937, VaAcc: 0.6984, VaLoss:  0.86724	 20 sampled NNs | VaAcc: 0.5373 +- 0.0219 | VaLoss: 1.3787 +- 0.0604
399,  0 | TrAcc: 0.7772, TrLoss:  0.62902, VaAcc: 0.7078, VaLoss:  0.82773	 20 sampled NNs | VaAcc: 0.5071 +- 0.0284 | VaLoss: 1.4400 +- 0.0850
113781.653991
----------------------------
