

config:

HOME=/clusterFS/home/student/kopp13
PATH=/clusterFS/home/student/kopp13/miniconda3/envs/tensorflow/bin:/clusterFS/home/student/kopp13/miniconda3/bin:/clusterFS/home/student/kopp13/bin:/usr/local/bin:/usr/bin:/bin:/usr/local/games:/usr/games
LD_LIBRARY_PATH=
THEANO_FLAGS=floatX=float32,gpuarray.preallocate=0.9,dnn.library_path=/usr/lib/x86_64-linux-gnu,cxx=clang++-3.8,device=cuda,base_compiledir=/tmp/tmp.rWbxwfrw2c

=============================
CONFIG FILE

RNN CONFIG
{'data_multiplier': 1000.0,
 'gradient_clip_value': 0.5,
 'layer_configs': [{'layer_type': 'input'},
                   {'bc': {'init_m': 'xavier',
                           'init_v': -4.5,
                           'prior_m': 0.0,
                           'prior_v': 0.0,
                           'type': 'continuous'},
                    'bf': {'init_m': 'xavier',
                           'init_v': -4.5,
                           'prior_m': 0.0,
                           'prior_v': 0.0,
                           'type': 'continuous'},
                    'bi': {'init_m': 'xavier',
                           'init_v': -4.5,
                           'prior_m': 0.0,
                           'prior_v': 0.0,
                           'type': 'continuous'},
                    'bo': {'init_m': 'xavier',
                           'init_v': -4.5,
                           'prior_m': 0.0,
                           'prior_v': 0.0,
                           'type': 'continuous'},
                    'discrete_act': True,
                    'init_config': {'c': {'b': 'all_zero', 'w': 'xavier'},
                                    'f': {'b': 'all_one', 'w': 'all_zero'},
                                    'i': {'b': 'all_zero', 'w': 'xavier'},
                                    'o': {'b': 'all_zero', 'w': 'xavier'}},
                    'is_output': False,
                    'is_recurrent': True,
                    'layer_type': 'lstm',
                    'tau': 0.4,
                    'var_scope': 'lstm_0',
                    'wc': {'p0max': 0.95,
                           'p0min': 0.05,
                           'pmax': 0.99,
                           'pmin': 0.01,
                           'priors': [0.2, 0.6, 0.2],
                           'type': 'ternary'},
                    'wf': {'p0max': 0.95,
                           'p0min': 0.05,
                           'pmax': 0.99,
                           'pmin': 0.01,
                           'priors': [0.2, 0.6, 0.2],
                           'type': 'ternary'},
                    'wi': {'p0max': 0.95,
                           'p0min': 0.05,
                           'pmax': 0.99,
                           'pmin': 0.01,
                           'priors': [0.2, 0.6, 0.2],
                           'type': 'ternary'},
                    'wo': {'p0max': 0.95,
                           'p0min': 0.05,
                           'pmax': 0.99,
                           'pmin': 0.01,
                           'priors': [0.2, 0.6, 0.2],
                           'type': 'ternary'}},
                   {'bc': {'init_m': 'xavier',
                           'init_v': -4.5,
                           'prior_m': 0.0,
                           'prior_v': 0.0,
                           'type': 'continuous'},
                    'bf': {'init_m': 'xavier',
                           'init_v': -4.5,
                           'prior_m': 0.0,
                           'prior_v': 0.0,
                           'type': 'continuous'},
                    'bi': {'init_m': 'xavier',
                           'init_v': -4.5,
                           'prior_m': 0.0,
                           'prior_v': 0.0,
                           'type': 'continuous'},
                    'bo': {'init_m': 'xavier',
                           'init_v': -4.5,
                           'prior_m': 0.0,
                           'prior_v': 0.0,
                           'type': 'continuous'},
                    'discrete_act': True,
                    'init_config': {'c': {'b': 'all_zero', 'w': 'xavier'},
                                    'f': {'b': 'all_one', 'w': 'all_zero'},
                                    'i': {'b': 'all_zero', 'w': 'xavier'},
                                    'o': {'b': 'all_zero', 'w': 'xavier'}},
                    'is_output': False,
                    'is_recurrent': True,
                    'layer_type': 'lstm',
                    'tau': 0.4,
                    'var_scope': 'lstm_1',
                    'wc': {'p0max': 0.95,
                           'p0min': 0.05,
                           'pmax': 0.99,
                           'pmin': 0.01,
                           'priors': [0.2, 0.6, 0.2],
                           'type': 'ternary'},
                    'wf': {'p0max': 0.95,
                           'p0min': 0.05,
                           'pmax': 0.99,
                           'pmin': 0.01,
                           'priors': [0.2, 0.6, 0.2],
                           'type': 'ternary'},
                    'wi': {'p0max': 0.95,
                           'p0min': 0.05,
                           'pmax': 0.99,
                           'pmin': 0.01,
                           'priors': [0.2, 0.6, 0.2],
                           'type': 'ternary'},
                    'wo': {'p0max': 0.95,
                           'p0min': 0.05,
                           'pmax': 0.99,
                           'pmin': 0.01,
                           'priors': [0.2, 0.6, 0.2],
                           'type': 'ternary'}},
                   {'b': {'init_m': 'xavier',
                          'init_v': -4.5,
                          'prior_m': 0.0,
                          'prior_v': 0.0,
                          'type': 'continuous'},
                    'is_output': True,
                    'is_recurrent': False,
                    'layer_type': 'fc',
                    'regularization': {'mode': None, 'strength': 0.02},
                    'tau': 0.4,
                    'var_scope': 'output_layer',
                    'w': {'p0max': 0.95,
                          'p0min': 0.05,
                          'pmax': 0.99,
                          'pmin': 0.01,
                          'priors': [0.2, 0.6, 0.2],
                          'type': 'ternary'}}],
 'layout': [4, 60, 60, 10],
 'output_type': 'classification'}

DATA CONFIG
{'dataset': 'red_penstroke',
 'tr': {'in_seq_len': 30,
        'minibatch_enabled': True,
        'minibatch_size': 200,
        'out_seq_len': 5,
        'zero_padding': 20},
 'va': {'in_seq_len': 30,
        'minibatch_enabled': True,
        'minibatch_size': 200,
        'out_seq_len': 5,
        'zero_padding': 20}}

TRAINING CONFIG
{'beta_reg': 0.0,
 'is_pretrain': False,
 'learning_rate': 0.003,
 'mode': {'max_epochs': 400, 'min_error': 0.0, 'name': 'classic'},
 'task_id': 0,
 'type': 'l_sampling',
 'var_reg': 0.01}
==============================


  0,  0 | TrAcc: 0.1010, TrLoss:  3.39115, VaAcc: 0.0975, VaLoss:  3.42558	 20 sampled NNs | VaAcc: 0.0982 +- 0.0106 | VaLoss: 4.1808 +- 0.1999
  1,  0 | TrAcc: 0.1452, TrLoss:  2.27116, VaAcc: 0.1390, VaLoss:  2.25945	 20 sampled NNs | VaAcc: 0.1317 +- 0.0105 | VaLoss: 2.3731 +- 0.0500
  2,  0 | TrAcc: 0.1419, TrLoss:  2.26805, VaAcc: 0.1213, VaLoss:  2.29412	 20 sampled NNs | VaAcc: 0.1172 +- 0.0065 | VaLoss: 2.3766 +- 0.0629
  3,  0 | TrAcc: 0.1548, TrLoss:  2.26778, VaAcc: 0.1427, VaLoss:  2.26454	 20 sampled NNs | VaAcc: 0.1379 +- 0.0082 | VaLoss: 2.3071 +- 0.0614
  4,  0 | TrAcc: 0.1072, TrLoss:  2.28348, VaAcc: 0.0936, VaLoss:  2.28198	 20 sampled NNs | VaAcc: 0.0959 +- 0.0078 | VaLoss: 2.2972 +- 0.0205
  5,  0 | TrAcc: 0.1533, TrLoss:  2.29152, VaAcc: 0.1432, VaLoss:  2.27692	 20 sampled NNs | VaAcc: 0.1396 +- 0.0046 | VaLoss: 2.2934 +- 0.0213
  6,  0 | TrAcc: 0.1421, TrLoss:  2.27329, VaAcc: 0.1431, VaLoss:  2.27503	 20 sampled NNs | VaAcc: 0.1418 +- 0.0051 | VaLoss: 2.2818 +- 0.0121
  7,  0 | TrAcc: 0.1392, TrLoss:  2.27579, VaAcc: 0.1319, VaLoss:  2.27234	 20 sampled NNs | VaAcc: 0.1201 +- 0.0233 | VaLoss: 2.2820 +- 0.0118
  8,  0 | TrAcc: 0.1340, TrLoss:  2.26286, VaAcc: 0.1185, VaLoss:  2.29737	 20 sampled NNs | VaAcc: 0.1194 +- 0.0079 | VaLoss: 2.2993 +- 0.0050
  9,  0 | TrAcc: 0.1568, TrLoss:  2.25622, VaAcc: 0.1432, VaLoss:  2.25234	 20 sampled NNs | VaAcc: 0.1413 +- 0.0035 | VaLoss: 2.2566 +- 0.0088
 10,  0 | TrAcc: 0.1393, TrLoss:  2.25597, VaAcc: 0.1396, VaLoss:  2.26014	 20 sampled NNs | VaAcc: 0.1397 +- 0.0078 | VaLoss: 2.2631 +- 0.0068
 11,  0 | TrAcc: 0.1472, TrLoss:  2.30392, VaAcc: 0.1433, VaLoss:  2.27532	 20 sampled NNs | VaAcc: 0.1431 +- 0.0028 | VaLoss: 2.2773 +- 0.0059
 12,  0 | TrAcc: 0.1470, TrLoss:  2.28506, VaAcc: 0.1432, VaLoss:  2.26734	 20 sampled NNs | VaAcc: 0.1418 +- 0.0034 | VaLoss: 2.2712 +- 0.0112
 13,  0 | TrAcc: 0.1457, TrLoss:  2.26499, VaAcc: 0.1434, VaLoss:  2.25219	 20 sampled NNs | VaAcc: 0.1433 +- 0.0012 | VaLoss: 2.2519 +- 0.0019
 14,  0 | TrAcc: 0.1577, TrLoss:  2.28228, VaAcc: 0.1430, VaLoss:  2.26136	 20 sampled NNs | VaAcc: 0.1440 +- 0.0034 | VaLoss: 2.2623 +- 0.0055
 15,  0 | TrAcc: 0.1438, TrLoss:  2.26942, VaAcc: 0.1433, VaLoss:  2.29020	 20 sampled NNs | VaAcc: 0.1425 +- 0.0027 | VaLoss: 2.2923 +- 0.0042
 16,  0 | TrAcc: 0.1396, TrLoss:  2.27738, VaAcc: 0.1432, VaLoss:  2.26519	 20 sampled NNs | VaAcc: 0.1431 +- 0.0013 | VaLoss: 2.2648 +- 0.0015
 17,  0 | TrAcc: 0.1456, TrLoss:  2.25145, VaAcc: 0.1195, VaLoss:  2.26465	 20 sampled NNs | VaAcc: 0.1197 +- 0.0010 | VaLoss: 2.2638 +- 0.0008
 18,  0 | TrAcc: 0.1582, TrLoss:  2.24906, VaAcc: 0.1433, VaLoss:  2.24029	 20 sampled NNs | VaAcc: 0.1434 +- 0.0004 | VaLoss: 2.2396 +- 0.0004
 19,  0 | TrAcc: 0.1721, TrLoss:  2.25673, VaAcc: 0.1433, VaLoss:  2.26950	 20 sampled NNs | VaAcc: 0.1430 +- 0.0010 | VaLoss: 2.2691 +- 0.0016
 20,  0 | TrAcc: 0.1426, TrLoss:  2.26947, VaAcc: 0.1432, VaLoss:  2.27021	 20 sampled NNs | VaAcc: 0.1433 +- 0.0002 | VaLoss: 2.2695 +- 0.0009
 21,  0 | TrAcc: 0.1761, TrLoss:  2.24048, VaAcc: 0.1431, VaLoss:  2.26564	 20 sampled NNs | VaAcc: 0.1434 +- 0.0011 | VaLoss: 2.2658 +- 0.0032
 22,  0 | TrAcc: 0.1502, TrLoss:  2.22351, VaAcc: 0.1292, VaLoss:  2.26273	 20 sampled NNs | VaAcc: 0.1255 +- 0.0104 | VaLoss: 2.2639 +- 0.0072
 23,  0 | TrAcc: 0.1826, TrLoss:  2.23991, VaAcc: 0.1433, VaLoss:  2.26811	 20 sampled NNs | VaAcc: 0.1430 +- 0.0023 | VaLoss: 2.2682 +- 0.0032
 24,  0 | TrAcc: 0.1751, TrLoss:  2.24979, VaAcc: 0.1434, VaLoss:  2.26850	 20 sampled NNs | VaAcc: 0.1422 +- 0.0036 | VaLoss: 2.2696 +- 0.0058
 25,  0 | TrAcc: 0.1064, TrLoss:  2.28478, VaAcc: 0.0946, VaLoss:  2.27355	 20 sampled NNs | VaAcc: 0.0946 +- 0.0007 | VaLoss: 2.2742 +- 0.0035
 26,  0 | TrAcc: 0.1465, TrLoss:  2.25844, VaAcc: 0.1431, VaLoss:  2.24960	 20 sampled NNs | VaAcc: 0.1430 +- 0.0028 | VaLoss: 2.2533 +- 0.0089
 27,  0 | TrAcc: 0.1730, TrLoss:  2.24729, VaAcc: 0.1432, VaLoss:  2.27268	 20 sampled NNs | VaAcc: 0.1427 +- 0.0066 | VaLoss: 2.2767 +- 0.0155
 28,  0 | TrAcc: 0.1518, TrLoss:  2.25116, VaAcc: 0.1437, VaLoss:  2.24629	 20 sampled NNs | VaAcc: 0.1394 +- 0.0070 | VaLoss: 2.2765 +- 0.0848
 29,  0 | TrAcc: 0.1877, TrLoss:  2.18633, VaAcc: 0.1599, VaLoss:  2.24187	 20 sampled NNs | VaAcc: 0.1438 +- 0.0116 | VaLoss: 2.2898 +- 0.0229
 30,  0 | TrAcc: 0.1979, TrLoss:  2.17466, VaAcc: 0.1885, VaLoss:  2.19769	 20 sampled NNs | VaAcc: 0.1368 +- 0.0235 | VaLoss: 2.3402 +- 0.0363
 31,  0 | TrAcc: 0.2058, TrLoss:  2.06996, VaAcc: 0.1976, VaLoss:  2.07949	 20 sampled NNs | VaAcc: 0.1350 +- 0.0148 | VaLoss: 2.3435 +- 0.0424
 32,  0 | TrAcc: 0.2839, TrLoss:  1.95476, VaAcc: 0.2695, VaLoss:  1.99018	 20 sampled NNs | VaAcc: 0.1415 +- 0.0192 | VaLoss: 2.3003 +- 0.0660
 33,  0 | TrAcc: 0.3047, TrLoss:  1.88260, VaAcc: 0.2724, VaLoss:  1.92809	 20 sampled NNs | VaAcc: 0.1206 +- 0.0409 | VaLoss: 2.4038 +- 0.1013
 34,  0 | TrAcc: 0.3082, TrLoss:  1.85125, VaAcc: 0.3084, VaLoss:  1.86043	 20 sampled NNs | VaAcc: 0.1536 +- 0.0212 | VaLoss: 2.3419 +- 0.1144
 35,  0 | TrAcc: 0.3456, TrLoss:  1.78687, VaAcc: 0.3363, VaLoss:  1.76517	 20 sampled NNs | VaAcc: 0.1739 +- 0.0322 | VaLoss: 2.2516 +- 0.1049
 36,  0 | TrAcc: 0.3590, TrLoss:  1.71825, VaAcc: 0.3351, VaLoss:  1.74558	 20 sampled NNs | VaAcc: 0.1784 +- 0.0327 | VaLoss: 2.1950 +- 0.0941
 37,  0 | TrAcc: 0.3600, TrLoss:  1.71205, VaAcc: 0.3499, VaLoss:  1.69955	 20 sampled NNs | VaAcc: 0.1743 +- 0.0336 | VaLoss: 2.2247 +- 0.1295
 38,  0 | TrAcc: 0.3735, TrLoss:  1.67578, VaAcc: 0.3621, VaLoss:  1.68460	 20 sampled NNs | VaAcc: 0.1813 +- 0.0254 | VaLoss: 2.2090 +- 0.0998
 39,  0 | TrAcc: 0.4142, TrLoss:  1.62985, VaAcc: 0.3717, VaLoss:  1.66488	 20 sampled NNs | VaAcc: 0.1712 +- 0.0272 | VaLoss: 2.1863 +- 0.1130
 40,  0 | TrAcc: 0.3655, TrLoss:  1.67206, VaAcc: 0.3848, VaLoss:  1.63539	 20 sampled NNs | VaAcc: 0.2177 +- 0.0388 | VaLoss: 2.1019 +- 0.0884
 41,  0 | TrAcc: 0.4153, TrLoss:  1.58619, VaAcc: 0.3974, VaLoss:  1.62543	 20 sampled NNs | VaAcc: 0.2219 +- 0.0387 | VaLoss: 2.0473 +- 0.1162
 42,  0 | TrAcc: 0.4145, TrLoss:  1.58513, VaAcc: 0.3794, VaLoss:  1.64785	 20 sampled NNs | VaAcc: 0.1784 +- 0.0276 | VaLoss: 2.1855 +- 0.0979
 43,  0 | TrAcc: 0.4051, TrLoss:  1.59829, VaAcc: 0.3986, VaLoss:  1.61096	 20 sampled NNs | VaAcc: 0.2051 +- 0.0351 | VaLoss: 2.0683 +- 0.1011
 44,  0 | TrAcc: 0.4074, TrLoss:  1.61298, VaAcc: 0.4002, VaLoss:  1.62396	 20 sampled NNs | VaAcc: 0.2147 +- 0.0449 | VaLoss: 2.0951 +- 0.1075
 45,  0 | TrAcc: 0.4353, TrLoss:  1.51437, VaAcc: 0.4107, VaLoss:  1.57721	 20 sampled NNs | VaAcc: 0.2271 +- 0.0318 | VaLoss: 2.0668 +- 0.1081
 46,  0 | TrAcc: 0.4278, TrLoss:  1.54408, VaAcc: 0.4217, VaLoss:  1.55275	 20 sampled NNs | VaAcc: 0.2184 +- 0.0350 | VaLoss: 2.0426 +- 0.1237
 47,  0 | TrAcc: 0.4309, TrLoss:  1.53237, VaAcc: 0.4349, VaLoss:  1.54659	 20 sampled NNs | VaAcc: 0.2552 +- 0.0317 | VaLoss: 1.9463 +- 0.0730
 48,  0 | TrAcc: 0.4232, TrLoss:  1.51910, VaAcc: 0.4334, VaLoss:  1.52240	 20 sampled NNs | VaAcc: 0.2358 +- 0.0442 | VaLoss: 1.9452 +- 0.1244
 49,  0 | TrAcc: 0.4133, TrLoss:  1.54634, VaAcc: 0.4235, VaLoss:  1.55151	 20 sampled NNs | VaAcc: 0.2111 +- 0.0377 | VaLoss: 2.0687 +- 0.1054
 50,  0 | TrAcc: 0.4400, TrLoss:  1.49531, VaAcc: 0.4439, VaLoss:  1.48686	 20 sampled NNs | VaAcc: 0.2611 +- 0.0322 | VaLoss: 1.9622 +- 0.1038
 51,  0 | TrAcc: 0.4672, TrLoss:  1.41446, VaAcc: 0.4227, VaLoss:  1.51359	 20 sampled NNs | VaAcc: 0.2304 +- 0.0327 | VaLoss: 1.9952 +- 0.0791
 52,  0 | TrAcc: 0.4445, TrLoss:  1.49534, VaAcc: 0.4199, VaLoss:  1.52239	 20 sampled NNs | VaAcc: 0.2154 +- 0.0245 | VaLoss: 2.0659 +- 0.0976
 53,  0 | TrAcc: 0.4592, TrLoss:  1.47620, VaAcc: 0.4520, VaLoss:  1.46000	 20 sampled NNs | VaAcc: 0.2339 +- 0.0219 | VaLoss: 2.0228 +- 0.0836
 54,  0 | TrAcc: 0.4825, TrLoss:  1.39566, VaAcc: 0.4564, VaLoss:  1.48216	 20 sampled NNs | VaAcc: 0.2408 +- 0.0576 | VaLoss: 2.0629 +- 0.1267
 55,  0 | TrAcc: 0.4932, TrLoss:  1.41870, VaAcc: 0.4594, VaLoss:  1.42297	 20 sampled NNs | VaAcc: 0.2271 +- 0.0318 | VaLoss: 1.9894 +- 0.0936
 56,  0 | TrAcc: 0.4682, TrLoss:  1.42057, VaAcc: 0.4716, VaLoss:  1.41697	 20 sampled NNs | VaAcc: 0.2431 +- 0.0277 | VaLoss: 1.9886 +- 0.0885
 57,  0 | TrAcc: 0.4808, TrLoss:  1.38841, VaAcc: 0.4635, VaLoss:  1.42539	 20 sampled NNs | VaAcc: 0.2398 +- 0.0353 | VaLoss: 2.0314 +- 0.1018
 58,  0 | TrAcc: 0.4794, TrLoss:  1.41847, VaAcc: 0.4749, VaLoss:  1.39160	 20 sampled NNs | VaAcc: 0.2499 +- 0.0426 | VaLoss: 2.0404 +- 0.1411
 59,  0 | TrAcc: 0.4991, TrLoss:  1.34925, VaAcc: 0.5004, VaLoss:  1.35169	 20 sampled NNs | VaAcc: 0.2777 +- 0.0400 | VaLoss: 1.9705 +- 0.1020
 60,  0 | TrAcc: 0.5148, TrLoss:  1.36651, VaAcc: 0.5047, VaLoss:  1.35523	 20 sampled NNs | VaAcc: 0.3078 +- 0.0478 | VaLoss: 1.8596 +- 0.1371
 61,  0 | TrAcc: 0.4956, TrLoss:  1.37225, VaAcc: 0.5108, VaLoss:  1.34810	 20 sampled NNs | VaAcc: 0.3038 +- 0.0417 | VaLoss: 1.9135 +- 0.1071
 62,  0 | TrAcc: 0.4983, TrLoss:  1.35231, VaAcc: 0.4770, VaLoss:  1.39007	 20 sampled NNs | VaAcc: 0.2856 +- 0.0276 | VaLoss: 1.8759 +- 0.0835
 63,  0 | TrAcc: 0.4794, TrLoss:  1.38800, VaAcc: 0.4977, VaLoss:  1.34535	 20 sampled NNs | VaAcc: 0.2996 +- 0.0303 | VaLoss: 1.8397 +- 0.0993
 64,  0 | TrAcc: 0.4961, TrLoss:  1.39113, VaAcc: 0.4835, VaLoss:  1.37568	 20 sampled NNs | VaAcc: 0.2912 +- 0.0315 | VaLoss: 1.8836 +- 0.0886
 65,  0 | TrAcc: 0.5240, TrLoss:  1.31381, VaAcc: 0.4966, VaLoss:  1.38311	 20 sampled NNs | VaAcc: 0.2990 +- 0.0461 | VaLoss: 1.9106 +- 0.0864
 66,  0 | TrAcc: 0.5356, TrLoss:  1.30542, VaAcc: 0.4882, VaLoss:  1.36679	 20 sampled NNs | VaAcc: 0.3094 +- 0.0464 | VaLoss: 1.8710 +- 0.1120
 67,  0 | TrAcc: 0.4967, TrLoss:  1.36241, VaAcc: 0.5127, VaLoss:  1.34380	 20 sampled NNs | VaAcc: 0.3117 +- 0.0275 | VaLoss: 1.8721 +- 0.0787
 68,  0 | TrAcc: 0.5225, TrLoss:  1.31502, VaAcc: 0.5051, VaLoss:  1.34069	 20 sampled NNs | VaAcc: 0.2859 +- 0.0477 | VaLoss: 1.8899 +- 0.1068
 69,  0 | TrAcc: 0.5249, TrLoss:  1.32583, VaAcc: 0.5059, VaLoss:  1.33382	 20 sampled NNs | VaAcc: 0.3275 +- 0.0464 | VaLoss: 1.8280 +- 0.1109
 70,  0 | TrAcc: 0.5303, TrLoss:  1.32361, VaAcc: 0.5257, VaLoss:  1.31533	 20 sampled NNs | VaAcc: 0.3237 +- 0.0239 | VaLoss: 1.7963 +- 0.0733
 71,  0 | TrAcc: 0.5113, TrLoss:  1.35073, VaAcc: 0.5131, VaLoss:  1.32528	 20 sampled NNs | VaAcc: 0.3331 +- 0.0353 | VaLoss: 1.8237 +- 0.1021
 72,  0 | TrAcc: 0.5209, TrLoss:  1.31538, VaAcc: 0.5393, VaLoss:  1.29106	 20 sampled NNs | VaAcc: 0.3451 +- 0.0385 | VaLoss: 1.7525 +- 0.0815
 73,  0 | TrAcc: 0.5364, TrLoss:  1.26367, VaAcc: 0.5287, VaLoss:  1.29002	 20 sampled NNs | VaAcc: 0.3432 +- 0.0346 | VaLoss: 1.7549 +- 0.0923
 74,  0 | TrAcc: 0.5201, TrLoss:  1.30353, VaAcc: 0.5161, VaLoss:  1.29977	 20 sampled NNs | VaAcc: 0.3099 +- 0.0262 | VaLoss: 1.8640 +- 0.0708
 75,  0 | TrAcc: 0.5210, TrLoss:  1.31782, VaAcc: 0.5446, VaLoss:  1.28301	 20 sampled NNs | VaAcc: 0.3554 +- 0.0346 | VaLoss: 1.7539 +- 0.0836
 76,  0 | TrAcc: 0.5122, TrLoss:  1.35900, VaAcc: 0.5331, VaLoss:  1.29350	 20 sampled NNs | VaAcc: 0.3379 +- 0.0400 | VaLoss: 1.7709 +- 0.1129
 77,  0 | TrAcc: 0.5155, TrLoss:  1.33537, VaAcc: 0.5298, VaLoss:  1.27700	 20 sampled NNs | VaAcc: 0.3294 +- 0.0379 | VaLoss: 1.7981 +- 0.0767
 78,  0 | TrAcc: 0.5416, TrLoss:  1.24553, VaAcc: 0.5296, VaLoss:  1.28727	 20 sampled NNs | VaAcc: 0.3253 +- 0.0370 | VaLoss: 1.8424 +- 0.1139
 79,  0 | TrAcc: 0.5457, TrLoss:  1.24555, VaAcc: 0.5422, VaLoss:  1.27825	 20 sampled NNs | VaAcc: 0.3364 +- 0.0494 | VaLoss: 1.7744 +- 0.1009
 80,  0 | TrAcc: 0.5338, TrLoss:  1.29465, VaAcc: 0.5416, VaLoss:  1.26649	 20 sampled NNs | VaAcc: 0.3249 +- 0.0464 | VaLoss: 1.7775 +- 0.1050
 81,  0 | TrAcc: 0.5556, TrLoss:  1.23932, VaAcc: 0.5589, VaLoss:  1.25180	 20 sampled NNs | VaAcc: 0.3603 +- 0.0314 | VaLoss: 1.7008 +- 0.0579
 82,  0 | TrAcc: 0.5477, TrLoss:  1.24958, VaAcc: 0.5497, VaLoss:  1.27106	 20 sampled NNs | VaAcc: 0.3118 +- 0.0500 | VaLoss: 1.8056 +- 0.0951
 83,  0 | TrAcc: 0.5511, TrLoss:  1.26188, VaAcc: 0.5593, VaLoss:  1.26721	 20 sampled NNs | VaAcc: 0.3590 +- 0.0379 | VaLoss: 1.7391 +- 0.0828
 84,  0 | TrAcc: 0.5417, TrLoss:  1.26257, VaAcc: 0.5449, VaLoss:  1.26315	 20 sampled NNs | VaAcc: 0.3556 +- 0.0475 | VaLoss: 1.7761 +- 0.1216
 85,  0 | TrAcc: 0.5344, TrLoss:  1.28568, VaAcc: 0.5600, VaLoss:  1.27423	 20 sampled NNs | VaAcc: 0.3390 +- 0.0241 | VaLoss: 1.7963 +- 0.0782
 86,  0 | TrAcc: 0.5454, TrLoss:  1.25345, VaAcc: 0.5537, VaLoss:  1.23925	 20 sampled NNs | VaAcc: 0.3772 +- 0.0343 | VaLoss: 1.6843 +- 0.0578
 87,  0 | TrAcc: 0.5450, TrLoss:  1.21791, VaAcc: 0.5546, VaLoss:  1.25097	 20 sampled NNs | VaAcc: 0.3960 +- 0.0352 | VaLoss: 1.6783 +- 0.0844
 88,  0 | TrAcc: 0.5453, TrLoss:  1.27935, VaAcc: 0.5530, VaLoss:  1.29418	 20 sampled NNs | VaAcc: 0.3641 +- 0.0273 | VaLoss: 1.7569 +- 0.0554
 89,  0 | TrAcc: 0.5666, TrLoss:  1.18009, VaAcc: 0.5514, VaLoss:  1.25565	 20 sampled NNs | VaAcc: 0.3860 +- 0.0376 | VaLoss: 1.6694 +- 0.0732
 90,  0 | TrAcc: 0.5749, TrLoss:  1.20479, VaAcc: 0.5708, VaLoss:  1.23477	 20 sampled NNs | VaAcc: 0.3868 +- 0.0360 | VaLoss: 1.6597 +- 0.0745
 91,  0 | TrAcc: 0.5390, TrLoss:  1.24522, VaAcc: 0.5562, VaLoss:  1.24148	 20 sampled NNs | VaAcc: 0.3861 +- 0.0257 | VaLoss: 1.6551 +- 0.0784
 92,  0 | TrAcc: 0.5745, TrLoss:  1.17955, VaAcc: 0.5737, VaLoss:  1.21322	 20 sampled NNs | VaAcc: 0.3510 +- 0.0436 | VaLoss: 1.7392 +- 0.1234
 93,  0 | TrAcc: 0.5549, TrLoss:  1.26172, VaAcc: 0.5552, VaLoss:  1.28074	 20 sampled NNs | VaAcc: 0.3169 +- 0.0196 | VaLoss: 1.8445 +- 0.0744
 94,  0 | TrAcc: 0.5667, TrLoss:  1.24533, VaAcc: 0.5549, VaLoss:  1.24903	 20 sampled NNs | VaAcc: 0.3439 +- 0.0339 | VaLoss: 1.7891 +- 0.0784
 95,  0 | TrAcc: 0.5637, TrLoss:  1.23894, VaAcc: 0.5457, VaLoss:  1.27351	 20 sampled NNs | VaAcc: 0.3505 +- 0.0350 | VaLoss: 1.7495 +- 0.0953
 96,  0 | TrAcc: 0.5601, TrLoss:  1.21729, VaAcc: 0.5617, VaLoss:  1.21790	 20 sampled NNs | VaAcc: 0.3277 +- 0.0433 | VaLoss: 1.7987 +- 0.1075
 97,  0 | TrAcc: 0.5504, TrLoss:  1.24303, VaAcc: 0.5653, VaLoss:  1.25317	 20 sampled NNs | VaAcc: 0.3288 +- 0.0300 | VaLoss: 1.7526 +- 0.0851
 98,  0 | TrAcc: 0.5709, TrLoss:  1.22073, VaAcc: 0.5703, VaLoss:  1.23166	 20 sampled NNs | VaAcc: 0.3796 +- 0.0349 | VaLoss: 1.6658 +- 0.0799
 99,  0 | TrAcc: 0.5524, TrLoss:  1.24688, VaAcc: 0.5506, VaLoss:  1.23319	 20 sampled NNs | VaAcc: 0.3419 +- 0.0359 | VaLoss: 1.7331 +- 0.0913
100,  0 | TrAcc: 0.5542, TrLoss:  1.25658, VaAcc: 0.5505, VaLoss:  1.25685	 20 sampled NNs | VaAcc: 0.3681 +- 0.0500 | VaLoss: 1.7187 +- 0.0992
101,  0 | TrAcc: 0.5572, TrLoss:  1.22471, VaAcc: 0.5528, VaLoss:  1.25063	 20 sampled NNs | VaAcc: 0.3539 +- 0.0494 | VaLoss: 1.7266 +- 0.1237
102,  0 | TrAcc: 0.5596, TrLoss:  1.22663, VaAcc: 0.5649, VaLoss:  1.22645	 20 sampled NNs | VaAcc: 0.3570 +- 0.0326 | VaLoss: 1.6984 +- 0.0765
103,  0 | TrAcc: 0.5384, TrLoss:  1.24467, VaAcc: 0.5648, VaLoss:  1.24133	 20 sampled NNs | VaAcc: 0.3878 +- 0.0476 | VaLoss: 1.6659 +- 0.0860
104,  0 | TrAcc: 0.5496, TrLoss:  1.22549, VaAcc: 0.5609, VaLoss:  1.23230	 20 sampled NNs | VaAcc: 0.3592 +- 0.0432 | VaLoss: 1.7116 +- 0.1022
105,  0 | TrAcc: 0.5678, TrLoss:  1.21487, VaAcc: 0.5603, VaLoss:  1.21338	 20 sampled NNs | VaAcc: 0.3138 +- 0.0388 | VaLoss: 1.8472 +- 0.1246
106,  0 | TrAcc: 0.5602, TrLoss:  1.22748, VaAcc: 0.5709, VaLoss:  1.20186	 20 sampled NNs | VaAcc: 0.3604 +- 0.0256 | VaLoss: 1.7065 +- 0.0664
107,  0 | TrAcc: 0.5804, TrLoss:  1.17144, VaAcc: 0.5549, VaLoss:  1.22278	 20 sampled NNs | VaAcc: 0.3634 +- 0.0354 | VaLoss: 1.7256 +- 0.0794
108,  0 | TrAcc: 0.5726, TrLoss:  1.20974, VaAcc: 0.5720, VaLoss:  1.22694	 20 sampled NNs | VaAcc: 0.3709 +- 0.0384 | VaLoss: 1.7479 +- 0.1107
109,  0 | TrAcc: 0.5763, TrLoss:  1.18546, VaAcc: 0.5515, VaLoss:  1.23675	 20 sampled NNs | VaAcc: 0.3167 +- 0.0378 | VaLoss: 1.8125 +- 0.1017
110,  0 | TrAcc: 0.5869, TrLoss:  1.17499, VaAcc: 0.5649, VaLoss:  1.20895	 20 sampled NNs | VaAcc: 0.3985 +- 0.0509 | VaLoss: 1.5973 +- 0.0970
111,  0 | TrAcc: 0.5826, TrLoss:  1.16852, VaAcc: 0.5625, VaLoss:  1.22114	 20 sampled NNs | VaAcc: 0.3862 +- 0.0422 | VaLoss: 1.6842 +- 0.0975
112,  0 | TrAcc: 0.5883, TrLoss:  1.16763, VaAcc: 0.5657, VaLoss:  1.25297	 20 sampled NNs | VaAcc: 0.3723 +- 0.0406 | VaLoss: 1.7058 +- 0.0904
113,  0 | TrAcc: 0.5767, TrLoss:  1.18866, VaAcc: 0.5433, VaLoss:  1.23678	 20 sampled NNs | VaAcc: 0.3455 +- 0.0393 | VaLoss: 1.7192 +- 0.0908
114,  0 | TrAcc: 0.5612, TrLoss:  1.22432, VaAcc: 0.5778, VaLoss:  1.21417	 20 sampled NNs | VaAcc: 0.4002 +- 0.0480 | VaLoss: 1.6466 +- 0.1204
115,  0 | TrAcc: 0.5521, TrLoss:  1.24814, VaAcc: 0.5564, VaLoss:  1.21773	 20 sampled NNs | VaAcc: 0.3740 +- 0.0500 | VaLoss: 1.6893 +- 0.1035
116,  0 | TrAcc: 0.5847, TrLoss:  1.17799, VaAcc: 0.5846, VaLoss:  1.22612	 20 sampled NNs | VaAcc: 0.4048 +- 0.0529 | VaLoss: 1.6081 +- 0.1145
117,  0 | TrAcc: 0.5867, TrLoss:  1.16662, VaAcc: 0.5697, VaLoss:  1.21220	 20 sampled NNs | VaAcc: 0.3704 +- 0.0355 | VaLoss: 1.6713 +- 0.0816
118,  0 | TrAcc: 0.5871, TrLoss:  1.17415, VaAcc: 0.5831, VaLoss:  1.20301	 20 sampled NNs | VaAcc: 0.3944 +- 0.0368 | VaLoss: 1.7041 +- 0.0841
119,  0 | TrAcc: 0.5729, TrLoss:  1.17973, VaAcc: 0.5923, VaLoss:  1.18289	 20 sampled NNs | VaAcc: 0.3919 +- 0.0430 | VaLoss: 1.6511 +- 0.0944
120,  0 | TrAcc: 0.5770, TrLoss:  1.18196, VaAcc: 0.5749, VaLoss:  1.18539	 20 sampled NNs | VaAcc: 0.4172 +- 0.0503 | VaLoss: 1.5565 +- 0.1061
121,  0 | TrAcc: 0.5857, TrLoss:  1.19041, VaAcc: 0.5642, VaLoss:  1.22578	 20 sampled NNs | VaAcc: 0.3527 +- 0.0330 | VaLoss: 1.6784 +- 0.0802
122,  0 | TrAcc: 0.5576, TrLoss:  1.21255, VaAcc: 0.5749, VaLoss:  1.21873	 20 sampled NNs | VaAcc: 0.3906 +- 0.0454 | VaLoss: 1.6659 +- 0.1137
123,  0 | TrAcc: 0.5710, TrLoss:  1.21474, VaAcc: 0.5737, VaLoss:  1.21328	 20 sampled NNs | VaAcc: 0.3668 +- 0.0344 | VaLoss: 1.6655 +- 0.0667
124,  0 | TrAcc: 0.5851, TrLoss:  1.19207, VaAcc: 0.5890, VaLoss:  1.20013	 20 sampled NNs | VaAcc: 0.3986 +- 0.0397 | VaLoss: 1.6278 +- 0.0746
125,  0 | TrAcc: 0.6081, TrLoss:  1.14342, VaAcc: 0.5884, VaLoss:  1.19345	 20 sampled NNs | VaAcc: 0.3519 +- 0.0431 | VaLoss: 1.7508 +- 0.1141
126,  0 | TrAcc: 0.5809, TrLoss:  1.20244, VaAcc: 0.5775, VaLoss:  1.20630	 20 sampled NNs | VaAcc: 0.3491 +- 0.0323 | VaLoss: 1.8002 +- 0.1128
127,  0 | TrAcc: 0.5619, TrLoss:  1.23468, VaAcc: 0.5739, VaLoss:  1.22501	 20 sampled NNs | VaAcc: 0.3632 +- 0.0575 | VaLoss: 1.7066 +- 0.1348
128,  0 | TrAcc: 0.5736, TrLoss:  1.20135, VaAcc: 0.5777, VaLoss:  1.22822	 20 sampled NNs | VaAcc: 0.4021 +- 0.0446 | VaLoss: 1.6742 +- 0.1077
129,  0 | TrAcc: 0.5700, TrLoss:  1.21980, VaAcc: 0.5665, VaLoss:  1.22203	 20 sampled NNs | VaAcc: 0.3953 +- 0.0418 | VaLoss: 1.6250 +- 0.1005
130,  0 | TrAcc: 0.5935, TrLoss:  1.17378, VaAcc: 0.5689, VaLoss:  1.22863	 20 sampled NNs | VaAcc: 0.3680 +- 0.0440 | VaLoss: 1.7268 +- 0.0859
131,  0 | TrAcc: 0.5942, TrLoss:  1.15009, VaAcc: 0.5989, VaLoss:  1.17371	 20 sampled NNs | VaAcc: 0.3805 +- 0.0477 | VaLoss: 1.6890 +- 0.0998
132,  0 | TrAcc: 0.5879, TrLoss:  1.15647, VaAcc: 0.5777, VaLoss:  1.17744	 20 sampled NNs | VaAcc: 0.3588 +- 0.0368 | VaLoss: 1.6701 +- 0.0713
133,  0 | TrAcc: 0.6023, TrLoss:  1.15083, VaAcc: 0.5660, VaLoss:  1.21752	 20 sampled NNs | VaAcc: 0.3704 +- 0.0485 | VaLoss: 1.6869 +- 0.0807
134,  0 | TrAcc: 0.5852, TrLoss:  1.19147, VaAcc: 0.5796, VaLoss:  1.18305	 20 sampled NNs | VaAcc: 0.3515 +- 0.0384 | VaLoss: 1.6892 +- 0.0962
135,  0 | TrAcc: 0.5717, TrLoss:  1.21439, VaAcc: 0.5571, VaLoss:  1.20590	 20 sampled NNs | VaAcc: 0.3470 +- 0.0325 | VaLoss: 1.6699 +- 0.0648
136,  0 | TrAcc: 0.5882, TrLoss:  1.17230, VaAcc: 0.5837, VaLoss:  1.19303	 20 sampled NNs | VaAcc: 0.4237 +- 0.0332 | VaLoss: 1.5467 +- 0.0705
137,  0 | TrAcc: 0.5812, TrLoss:  1.17681, VaAcc: 0.5799, VaLoss:  1.17989	 20 sampled NNs | VaAcc: 0.3392 +- 0.0478 | VaLoss: 1.7014 +- 0.1065
138,  0 | TrAcc: 0.5585, TrLoss:      nan, VaAcc: 0.5762, VaLoss:      nan	 20 sampled NNs | VaAcc: 0.3577 +- 0.0322 | VaLoss: 1.7125 +- 0.0913
139,  0 | TrAcc: 0.5707, TrLoss:  1.20092, VaAcc: 0.5880, VaLoss:  1.16914	 20 sampled NNs | VaAcc: 0.4277 +- 0.0307 | VaLoss: 1.5877 +- 0.0758
140,  0 | TrAcc: 0.5862, TrLoss:  1.15323, VaAcc: 0.5766, VaLoss:  1.18662	 20 sampled NNs | VaAcc: 0.4299 +- 0.0293 | VaLoss: 1.5702 +- 0.0695
141,  0 | TrAcc: 0.5873, TrLoss:  1.13793, VaAcc: 0.5588, VaLoss:  1.21753	 20 sampled NNs | VaAcc: 0.3580 +- 0.0406 | VaLoss: 1.7923 +- 0.1060
142,  0 | TrAcc: 0.5831, TrLoss:  1.22627, VaAcc: 0.5723, VaLoss:  1.20932	 20 sampled NNs | VaAcc: 0.3710 +- 0.0429 | VaLoss: 1.6639 +- 0.0886
143,  0 | TrAcc: 0.5713, TrLoss:  1.22135, VaAcc: 0.5725, VaLoss:  1.19774	 20 sampled NNs | VaAcc: 0.4327 +- 0.0449 | VaLoss: 1.5899 +- 0.1051
144,  0 | TrAcc: 0.6051, TrLoss:  1.13840, VaAcc: 0.5865, VaLoss:  1.16818	 20 sampled NNs | VaAcc: 0.3798 +- 0.0379 | VaLoss: 1.7048 +- 0.0847
145,  0 | TrAcc: 0.6087, TrLoss:  1.10078, VaAcc: 0.5831, VaLoss:  1.16488	 20 sampled NNs | VaAcc: 0.3958 +- 0.0408 | VaLoss: 1.5983 +- 0.0761
146,  0 | TrAcc: 0.5780, TrLoss:  1.17157, VaAcc: 0.5704, VaLoss:  1.20131	 20 sampled NNs | VaAcc: 0.3856 +- 0.0422 | VaLoss: 1.6951 +- 0.0977
147,  0 | TrAcc: 0.5956, TrLoss:      nan, VaAcc: 0.5740, VaLoss:      nan	 20 sampled NNs | VaAcc: 0.3861 +- 0.0386 | VaLoss: 1.6387 +- 0.0987
148,  0 | TrAcc: 0.5726, TrLoss:  1.21177, VaAcc: 0.5805, VaLoss:  1.19901	 20 sampled NNs | VaAcc: 0.3854 +- 0.0314 | VaLoss: 1.6481 +- 0.0730
149,  0 | TrAcc: 0.5826, TrLoss:  1.16008, VaAcc: 0.5762, VaLoss:  1.17206	 20 sampled NNs | VaAcc: 0.3602 +- 0.0412 | VaLoss: 1.7073 +- 0.1030
150,  0 | TrAcc: 0.5830, TrLoss:  1.17020, VaAcc: 0.5839, VaLoss:  1.18469	 20 sampled NNs | VaAcc: 0.3515 +- 0.0415 | VaLoss: 1.7448 +- 0.0754
151,  0 | TrAcc: 0.5931, TrLoss:  1.12669, VaAcc: 0.5761, VaLoss:  1.17676	 20 sampled NNs | VaAcc: 0.3570 +- 0.0346 | VaLoss: 1.7431 +- 0.0831
152,  0 | TrAcc: 0.6003, TrLoss:  1.13460, VaAcc: 0.5766, VaLoss:  1.21899	 20 sampled NNs | VaAcc: 0.4136 +- 0.0354 | VaLoss: 1.5739 +- 0.0765
153,  0 | TrAcc: 0.6008, TrLoss:  1.13177, VaAcc: 0.5850, VaLoss:  1.16683	 20 sampled NNs | VaAcc: 0.4179 +- 0.0371 | VaLoss: 1.6028 +- 0.0733
154,  0 | TrAcc: 0.5696, TrLoss:  1.22116, VaAcc: 0.6125, VaLoss:  1.16046	 20 sampled NNs | VaAcc: 0.3924 +- 0.0445 | VaLoss: 1.6615 +- 0.0815
155,  0 | TrAcc: 0.6028, TrLoss:  1.12602, VaAcc: 0.6077, VaLoss:  1.16512	 20 sampled NNs | VaAcc: 0.4246 +- 0.0364 | VaLoss: 1.5663 +- 0.0837
156,  0 | TrAcc: 0.5591, TrLoss:  1.22964, VaAcc: 0.5862, VaLoss:  1.20696	 20 sampled NNs | VaAcc: 0.3915 +- 0.0361 | VaLoss: 1.6796 +- 0.0785
157,  0 | TrAcc: 0.5875, TrLoss:  1.18251, VaAcc: 0.5848, VaLoss:  1.18386	 20 sampled NNs | VaAcc: 0.4322 +- 0.0445 | VaLoss: 1.5230 +- 0.0976
158,  0 | TrAcc: 0.5970, TrLoss:  1.19350, VaAcc: 0.5982, VaLoss:  1.19409	 20 sampled NNs | VaAcc: 0.3642 +- 0.0391 | VaLoss: 1.7377 +- 0.0895
159,  0 | TrAcc: 0.5716, TrLoss:  1.22101, VaAcc: 0.5638, VaLoss:  1.18921	 20 sampled NNs | VaAcc: 0.3575 +- 0.0472 | VaLoss: 1.6987 +- 0.1155
160,  0 | TrAcc: 0.5881, TrLoss:  1.16027, VaAcc: 0.5778, VaLoss:  1.19962	 20 sampled NNs | VaAcc: 0.3288 +- 0.0467 | VaLoss: 1.7920 +- 0.1067
161,  0 | TrAcc: 0.6184, TrLoss:  1.07819, VaAcc: 0.5750, VaLoss:  1.17632	 20 sampled NNs | VaAcc: 0.4290 +- 0.0362 | VaLoss: 1.5494 +- 0.0825
162,  0 | TrAcc: 0.5975, TrLoss:  1.14192, VaAcc: 0.5874, VaLoss:  1.19017	 20 sampled NNs | VaAcc: 0.4591 +- 0.0436 | VaLoss: 1.5452 +- 0.0964
163,  0 | TrAcc: 0.5701, TrLoss:  1.21043, VaAcc: 0.5891, VaLoss:  1.16852	 20 sampled NNs | VaAcc: 0.4135 +- 0.0401 | VaLoss: 1.6363 +- 0.0957
164,  0 | TrAcc: 0.5711, TrLoss:  1.18722, VaAcc: 0.5836, VaLoss:  1.16409	 20 sampled NNs | VaAcc: 0.4062 +- 0.0319 | VaLoss: 1.5827 +- 0.0759
165,  0 | TrAcc: 0.5849, TrLoss:  1.18925, VaAcc: 0.5831, VaLoss:  1.19545	 20 sampled NNs | VaAcc: 0.3834 +- 0.0266 | VaLoss: 1.6887 +- 0.0673
166,  0 | TrAcc: 0.5917, TrLoss:  1.14957, VaAcc: 0.5708, VaLoss:  1.20825	 20 sampled NNs | VaAcc: 0.3973 +- 0.0355 | VaLoss: 1.6270 +- 0.0747
167,  0 | TrAcc: 0.5988, TrLoss:  1.15862, VaAcc: 0.5958, VaLoss:  1.16302	 20 sampled NNs | VaAcc: 0.4168 +- 0.0420 | VaLoss: 1.6082 +- 0.0852
168,  0 | TrAcc: 0.5933, TrLoss:  1.15619, VaAcc: 0.5776, VaLoss:  1.19033	 20 sampled NNs | VaAcc: 0.3996 +- 0.0413 | VaLoss: 1.6201 +- 0.0854
169,  0 | TrAcc: 0.5963, TrLoss:  1.14247, VaAcc: 0.5834, VaLoss:  1.18422	 20 sampled NNs | VaAcc: 0.3930 +- 0.0334 | VaLoss: 1.7006 +- 0.0764
170,  0 | TrAcc: 0.5934, TrLoss:  1.15951, VaAcc: 0.5811, VaLoss:  1.16495	 20 sampled NNs | VaAcc: 0.3781 +- 0.0365 | VaLoss: 1.6227 +- 0.0809
171,  0 | TrAcc: 0.5750, TrLoss:  1.20629, VaAcc: 0.5721, VaLoss:  1.18438	 20 sampled NNs | VaAcc: 0.3806 +- 0.0338 | VaLoss: 1.6871 +- 0.1056
172,  0 | TrAcc: 0.6076, TrLoss:  1.12788, VaAcc: 0.5910, VaLoss:  1.17027	 20 sampled NNs | VaAcc: 0.3599 +- 0.0354 | VaLoss: 1.6634 +- 0.0915
173,  0 | TrAcc: 0.5700, TrLoss:  1.17141, VaAcc: 0.5777, VaLoss:  1.18006	 20 sampled NNs | VaAcc: 0.4059 +- 0.0221 | VaLoss: 1.6135 +- 0.0575
174,  0 | TrAcc: 0.5902, TrLoss:  1.18249, VaAcc: 0.5911, VaLoss:  1.18430	 20 sampled NNs | VaAcc: 0.4463 +- 0.0252 | VaLoss: 1.5539 +- 0.0693
175,  0 | TrAcc: 0.5999, TrLoss:  1.18315, VaAcc: 0.5878, VaLoss:  1.16553	 20 sampled NNs | VaAcc: 0.4038 +- 0.0408 | VaLoss: 1.6259 +- 0.0847
176,  0 | TrAcc: 0.5675, TrLoss:      nan, VaAcc: 0.5662, VaLoss:      nan	 20 sampled NNs | VaAcc: 0.3976 +- 0.0330 | VaLoss: 1.6682 +- 0.0648
177,  0 | TrAcc: 0.5857, TrLoss:  1.14167, VaAcc: 0.5674, VaLoss:  1.20153	 20 sampled NNs | VaAcc: 0.3811 +- 0.0378 | VaLoss: 1.6515 +- 0.0919
178,  0 | TrAcc: 0.5905, TrLoss:  1.18703, VaAcc: 0.5876, VaLoss:  1.18819	 20 sampled NNs | VaAcc: 0.4196 +- 0.0326 | VaLoss: 1.6283 +- 0.0607
179,  0 | TrAcc: 0.5724, TrLoss:  1.21265, VaAcc: 0.5923, VaLoss:  1.16393	 20 sampled NNs | VaAcc: 0.3887 +- 0.0388 | VaLoss: 1.6299 +- 0.0779
180,  0 | TrAcc: 0.5721, TrLoss:  1.22620, VaAcc: 0.5620, VaLoss:  1.20871	 20 sampled NNs | VaAcc: 0.3747 +- 0.0383 | VaLoss: 1.6254 +- 0.0660
181,  0 | TrAcc: 0.6066, TrLoss:  1.14751, VaAcc: 0.5880, VaLoss:  1.17230	 20 sampled NNs | VaAcc: 0.4112 +- 0.0336 | VaLoss: 1.6069 +- 0.0864
182,  0 | TrAcc: 0.5812, TrLoss:  1.17854, VaAcc: 0.5797, VaLoss:  1.19083	 20 sampled NNs | VaAcc: 0.3761 +- 0.0332 | VaLoss: 1.7402 +- 0.0772
183,  0 | TrAcc: 0.6083, TrLoss:  1.09943, VaAcc: 0.6076, VaLoss:  1.12044	 20 sampled NNs | VaAcc: 0.4291 +- 0.0519 | VaLoss: 1.5918 +- 0.1092
184,  0 | TrAcc: 0.6065, TrLoss:  1.12153, VaAcc: 0.5861, VaLoss:  1.14646	 20 sampled NNs | VaAcc: 0.3871 +- 0.0359 | VaLoss: 1.6913 +- 0.0957
185,  0 | TrAcc: 0.6034, TrLoss:  1.12862, VaAcc: 0.5997, VaLoss:  1.12859	 20 sampled NNs | VaAcc: 0.4052 +- 0.0380 | VaLoss: 1.6371 +- 0.1212
186,  0 | TrAcc: 0.5923, TrLoss:  1.17753, VaAcc: 0.6059, VaLoss:  1.14344	 20 sampled NNs | VaAcc: 0.4394 +- 0.0351 | VaLoss: 1.5218 +- 0.0856
187,  0 | TrAcc: 0.6157, TrLoss:  1.09540, VaAcc: 0.6045, VaLoss:  1.13944	 20 sampled NNs | VaAcc: 0.4663 +- 0.0539 | VaLoss: 1.5184 +- 0.1250
188,  0 | TrAcc: 0.6262, TrLoss:  1.06990, VaAcc: 0.5971, VaLoss:  1.13039	 20 sampled NNs | VaAcc: 0.4448 +- 0.0390 | VaLoss: 1.5758 +- 0.1015
189,  0 | TrAcc: 0.5914, TrLoss:  1.14681, VaAcc: 0.5829, VaLoss:  1.14184	 20 sampled NNs | VaAcc: 0.3908 +- 0.0397 | VaLoss: 1.6088 +- 0.1019
190,  0 | TrAcc: 0.6115, TrLoss:  1.11598, VaAcc: 0.5963, VaLoss:  1.15619	 20 sampled NNs | VaAcc: 0.4303 +- 0.0322 | VaLoss: 1.5424 +- 0.0772
191,  0 | TrAcc: 0.6100, TrLoss:  1.11269, VaAcc: 0.6054, VaLoss:  1.14202	 20 sampled NNs | VaAcc: 0.4340 +- 0.0346 | VaLoss: 1.5750 +- 0.0967
192,  0 | TrAcc: 0.6089, TrLoss:  1.10318, VaAcc: 0.6002, VaLoss:  1.15199	 20 sampled NNs | VaAcc: 0.3771 +- 0.0374 | VaLoss: 1.6603 +- 0.0817
193,  0 | TrAcc: 0.5916, TrLoss:  1.16470, VaAcc: 0.6007, VaLoss:  1.13423	 20 sampled NNs | VaAcc: 0.4069 +- 0.0463 | VaLoss: 1.6292 +- 0.1035
194,  0 | TrAcc: 0.5793, TrLoss:  1.17510, VaAcc: 0.5984, VaLoss:  1.12021	 20 sampled NNs | VaAcc: 0.3932 +- 0.0543 | VaLoss: 1.6028 +- 0.0942
195,  0 | TrAcc: 0.5871, TrLoss:  1.15715, VaAcc: 0.5999, VaLoss:  1.14102	 20 sampled NNs | VaAcc: 0.4010 +- 0.0370 | VaLoss: 1.6209 +- 0.0828
196,  0 | TrAcc: 0.6075, TrLoss:  1.10944, VaAcc: 0.5922, VaLoss:  1.13101	 20 sampled NNs | VaAcc: 0.4087 +- 0.0344 | VaLoss: 1.5928 +- 0.0695
197,  0 | TrAcc: 0.6147, TrLoss:  1.12632, VaAcc: 0.6048, VaLoss:  1.15413	 20 sampled NNs | VaAcc: 0.4089 +- 0.0408 | VaLoss: 1.6342 +- 0.0830
198,  0 | TrAcc: 0.6108, TrLoss:  1.11544, VaAcc: 0.6015, VaLoss:  1.12911	 20 sampled NNs | VaAcc: 0.4665 +- 0.0260 | VaLoss: 1.4761 +- 0.0624
199,  0 | TrAcc: 0.5900, TrLoss:  1.18983, VaAcc: 0.6011, VaLoss:  1.15141	 20 sampled NNs | VaAcc: 0.4017 +- 0.0210 | VaLoss: 1.6290 +- 0.0558
200,  0 | TrAcc: 0.5953, TrLoss:  1.16083, VaAcc: 0.5986, VaLoss:  1.17312	 20 sampled NNs | VaAcc: 0.4536 +- 0.0421 | VaLoss: 1.5531 +- 0.0759
201,  0 | TrAcc: 0.6034, TrLoss:  1.14592, VaAcc: 0.5892, VaLoss:  1.15073	 20 sampled NNs | VaAcc: 0.3733 +- 0.0509 | VaLoss: 1.7019 +- 0.1312
202,  0 | TrAcc: 0.5751, TrLoss:  1.20709, VaAcc: 0.6068, VaLoss:  1.13702	 20 sampled NNs | VaAcc: 0.4398 +- 0.0401 | VaLoss: 1.5724 +- 0.1118
203,  0 | TrAcc: 0.5936, TrLoss:  1.14130, VaAcc: 0.5950, VaLoss:  1.14373	 20 sampled NNs | VaAcc: 0.4327 +- 0.0381 | VaLoss: 1.5418 +- 0.0768
204,  0 | TrAcc: 0.6092, TrLoss:  1.14796, VaAcc: 0.6063, VaLoss:  1.14841	 20 sampled NNs | VaAcc: 0.4327 +- 0.0367 | VaLoss: 1.5469 +- 0.0686
205,  0 | TrAcc: 0.5929, TrLoss:      nan, VaAcc: 0.5841, VaLoss:      nan	 20 sampled NNs | VaAcc: 0.3863 +- 0.0580 | VaLoss: 1.7452 +- 0.2205
206,  0 | TrAcc: 0.6102, TrLoss:  1.13700, VaAcc: 0.6057, VaLoss:  1.16699	 20 sampled NNs | VaAcc: 0.4544 +- 0.0316 | VaLoss: 1.5351 +- 0.0488
207,  0 | TrAcc: 0.5861, TrLoss:  1.15523, VaAcc: 0.5965, VaLoss:  1.18412	 20 sampled NNs | VaAcc: 0.4397 +- 0.0290 | VaLoss: 1.5163 +- 0.0510
208,  0 | TrAcc: 0.5873, TrLoss:  1.17676, VaAcc: 0.5941, VaLoss:  1.15004	 20 sampled NNs | VaAcc: 0.4463 +- 0.0417 | VaLoss: 1.5089 +- 0.0964
209,  0 | TrAcc: 0.5945, TrLoss:  1.18514, VaAcc: 0.5953, VaLoss:  1.14609	 20 sampled NNs | VaAcc: 0.4126 +- 0.0400 | VaLoss: 1.6070 +- 0.0793
210,  0 | TrAcc: 0.5882, TrLoss:  1.19270, VaAcc: 0.5576, VaLoss:  1.23087	 20 sampled NNs | VaAcc: 0.3398 +- 0.0443 | VaLoss: 1.7368 +- 0.0922
211,  0 | TrAcc: 0.5514, TrLoss:  1.26829, VaAcc: 0.5633, VaLoss:  1.23658	 20 sampled NNs | VaAcc: 0.3972 +- 0.0256 | VaLoss: 1.6402 +- 0.0722
212,  0 | TrAcc: 0.6002, TrLoss:  1.14824, VaAcc: 0.5610, VaLoss:  1.21249	 20 sampled NNs | VaAcc: 0.3974 +- 0.0341 | VaLoss: 1.6498 +- 0.0843
213,  0 | TrAcc: 0.6064, TrLoss:  1.14979, VaAcc: 0.5945, VaLoss:  1.15628	 20 sampled NNs | VaAcc: 0.4314 +- 0.0360 | VaLoss: 1.5605 +- 0.0610
214,  0 | TrAcc: 0.6068, TrLoss:  1.11411, VaAcc: 0.5926, VaLoss:  1.15049	 20 sampled NNs | VaAcc: 0.4161 +- 0.0291 | VaLoss: 1.6466 +- 0.0642
215,  0 | TrAcc: 0.6246, TrLoss:  1.12143, VaAcc: 0.5986, VaLoss:  1.14873	 20 sampled NNs | VaAcc: 0.4146 +- 0.0336 | VaLoss: 1.6162 +- 0.0633
216,  0 | TrAcc: 0.6097, TrLoss:  1.10719, VaAcc: 0.6035, VaLoss:  1.11469	 20 sampled NNs | VaAcc: 0.3895 +- 0.0437 | VaLoss: 1.6262 +- 0.0801
217,  0 | TrAcc: 0.6030, TrLoss:  1.14858, VaAcc: 0.6099, VaLoss:  1.12497	 20 sampled NNs | VaAcc: 0.3909 +- 0.0437 | VaLoss: 1.6477 +- 0.0780
218,  0 | TrAcc: 0.6041, TrLoss:  1.13967, VaAcc: 0.6007, VaLoss:  1.14939	 20 sampled NNs | VaAcc: 0.4398 +- 0.0361 | VaLoss: 1.5790 +- 0.0602
219,  0 | TrAcc: 0.6186, TrLoss:  1.08731, VaAcc: 0.5941, VaLoss:  1.14418	 20 sampled NNs | VaAcc: 0.4084 +- 0.0280 | VaLoss: 1.6073 +- 0.0646
220,  0 | TrAcc: 0.5855, TrLoss:  1.16464, VaAcc: 0.5869, VaLoss:  1.15521	 20 sampled NNs | VaAcc: 0.3964 +- 0.0472 | VaLoss: 1.5858 +- 0.1024
221,  0 | TrAcc: 0.5913, TrLoss:  1.17031, VaAcc: 0.5918, VaLoss:  1.15199	 20 sampled NNs | VaAcc: 0.4025 +- 0.0364 | VaLoss: 1.6034 +- 0.0841
222,  0 | TrAcc: 0.6062, TrLoss:  1.11779, VaAcc: 0.6039, VaLoss:  1.14598	 20 sampled NNs | VaAcc: 0.4226 +- 0.0328 | VaLoss: 1.5910 +- 0.0837
223,  0 | TrAcc: 0.6019, TrLoss:  1.14403, VaAcc: 0.5957, VaLoss:  1.16146	 20 sampled NNs | VaAcc: 0.4032 +- 0.0342 | VaLoss: 1.6370 +- 0.0906
224,  0 | TrAcc: 0.5848, TrLoss:  1.17179, VaAcc: 0.5838, VaLoss:  1.18449	 20 sampled NNs | VaAcc: 0.3950 +- 0.0391 | VaLoss: 1.6304 +- 0.1000
225,  0 | TrAcc: 0.5977, TrLoss:  1.14625, VaAcc: 0.6008, VaLoss:  1.17172	 20 sampled NNs | VaAcc: 0.4251 +- 0.0378 | VaLoss: 1.6355 +- 0.0893
226,  0 | TrAcc: 0.6001, TrLoss:  1.12834, VaAcc: 0.5935, VaLoss:  1.14934	 20 sampled NNs | VaAcc: 0.3961 +- 0.0438 | VaLoss: 1.6007 +- 0.0964
227,  0 | TrAcc: 0.5800, TrLoss:  1.20031, VaAcc: 0.6043, VaLoss:  1.15369	 20 sampled NNs | VaAcc: 0.4134 +- 0.0378 | VaLoss: 1.6209 +- 0.0710
228,  0 | TrAcc: 0.6082, TrLoss:  1.11270, VaAcc: 0.6008, VaLoss:  1.13660	 20 sampled NNs | VaAcc: 0.4456 +- 0.0274 | VaLoss: 1.5189 +- 0.0677
229,  0 | TrAcc: 0.5917, TrLoss:  1.14807, VaAcc: 0.5841, VaLoss:  1.16853	 20 sampled NNs | VaAcc: 0.4075 +- 0.0336 | VaLoss: 1.6427 +- 0.0742
230,  0 | TrAcc: 0.5846, TrLoss:  1.21754, VaAcc: 0.5519, VaLoss:  1.27413	 20 sampled NNs | VaAcc: 0.3388 +- 0.0236 | VaLoss: 1.8524 +- 0.0905
231,  0 | TrAcc: 0.6050, TrLoss:  1.13308, VaAcc: 0.5849, VaLoss:  1.18012	 20 sampled NNs | VaAcc: 0.3674 +- 0.0302 | VaLoss: 1.7002 +- 0.0732
232,  0 | TrAcc: 0.6137, TrLoss:  1.11130, VaAcc: 0.5964, VaLoss:  1.14332	 20 sampled NNs | VaAcc: 0.3482 +- 0.0371 | VaLoss: 1.7786 +- 0.0869
233,  0 | TrAcc: 0.6216, TrLoss:  1.15331, VaAcc: 0.6002, VaLoss:  1.14104	 20 sampled NNs | VaAcc: 0.4385 +- 0.0332 | VaLoss: 1.5463 +- 0.0719
234,  0 | TrAcc: 0.6277, TrLoss:  1.07628, VaAcc: 0.6152, VaLoss:  1.11105	 20 sampled NNs | VaAcc: 0.4300 +- 0.0394 | VaLoss: 1.6201 +- 0.0786
235,  0 | TrAcc: 0.6025, TrLoss:  1.11828, VaAcc: 0.6140, VaLoss:  1.11617	 20 sampled NNs | VaAcc: 0.3907 +- 0.0414 | VaLoss: 1.6676 +- 0.0902
236,  0 | TrAcc: 0.6308, TrLoss:  1.07919, VaAcc: 0.5976, VaLoss:  1.11058	 20 sampled NNs | VaAcc: 0.4377 +- 0.0383 | VaLoss: 1.5508 +- 0.0735
237,  0 | TrAcc: 0.6077, TrLoss:  1.09200, VaAcc: 0.5936, VaLoss:  1.16263	 20 sampled NNs | VaAcc: 0.4334 +- 0.0419 | VaLoss: 1.5663 +- 0.0980
238,  0 | TrAcc: 0.6236, TrLoss:  1.10521, VaAcc: 0.6016, VaLoss:  1.11319	 20 sampled NNs | VaAcc: 0.4617 +- 0.0452 | VaLoss: 1.5181 +- 0.0980
239,  0 | TrAcc: 0.5984, TrLoss:  1.15273, VaAcc: 0.6013, VaLoss:  1.15425	 20 sampled NNs | VaAcc: 0.4138 +- 0.0326 | VaLoss: 1.5915 +- 0.0614
240,  0 | TrAcc: 0.6285, TrLoss:  1.11806, VaAcc: 0.5919, VaLoss:  1.17555	 20 sampled NNs | VaAcc: 0.4276 +- 0.0429 | VaLoss: 1.5752 +- 0.0700
241,  0 | TrAcc: 0.5991, TrLoss:  1.15579, VaAcc: 0.6133, VaLoss:  1.13366	 20 sampled NNs | VaAcc: 0.4195 +- 0.0384 | VaLoss: 1.6132 +- 0.0952
242,  0 | TrAcc: 0.6013, TrLoss:  1.12898, VaAcc: 0.5979, VaLoss:  1.15943	 20 sampled NNs | VaAcc: 0.3943 +- 0.0347 | VaLoss: 1.6382 +- 0.1004
243,  0 | TrAcc: 0.5863, TrLoss:  1.18157, VaAcc: 0.6145, VaLoss:  1.12095	 20 sampled NNs | VaAcc: 0.4398 +- 0.0370 | VaLoss: 1.5674 +- 0.0751
244,  0 | TrAcc: 0.6097, TrLoss:  1.12652, VaAcc: 0.6005, VaLoss:  1.13506	 20 sampled NNs | VaAcc: 0.4167 +- 0.0328 | VaLoss: 1.5872 +- 0.0830
245,  0 | TrAcc: 0.5979, TrLoss:  1.14611, VaAcc: 0.6015, VaLoss:  1.13574	 20 sampled NNs | VaAcc: 0.4371 +- 0.0278 | VaLoss: 1.5202 +- 0.0699
246,  0 | TrAcc: 0.6102, TrLoss:  1.13214, VaAcc: 0.6076, VaLoss:  1.13125	 20 sampled NNs | VaAcc: 0.3936 +- 0.0372 | VaLoss: 1.6721 +- 0.1030
247,  0 | TrAcc: 0.5991, TrLoss:  1.15211, VaAcc: 0.6161, VaLoss:  1.12416	 20 sampled NNs | VaAcc: 0.4489 +- 0.0382 | VaLoss: 1.5371 +- 0.0982
248,  0 | TrAcc: 0.5858, TrLoss:  1.17820, VaAcc: 0.6000, VaLoss:  1.12116	 20 sampled NNs | VaAcc: 0.4212 +- 0.0359 | VaLoss: 1.5855 +- 0.0745
249,  0 | TrAcc: 0.5882, TrLoss:  1.16122, VaAcc: 0.5744, VaLoss:  1.16547	 20 sampled NNs | VaAcc: 0.3837 +- 0.0310 | VaLoss: 1.6703 +- 0.0632
250,  0 | TrAcc: 0.6112, TrLoss:  1.11934, VaAcc: 0.6109, VaLoss:  1.11877	 20 sampled NNs | VaAcc: 0.4383 +- 0.0386 | VaLoss: 1.5180 +- 0.1003
251,  0 | TrAcc: 0.6206, TrLoss:  1.12862, VaAcc: 0.6056, VaLoss:  1.11419	 20 sampled NNs | VaAcc: 0.4441 +- 0.0396 | VaLoss: 1.5576 +- 0.0929
252,  0 | TrAcc: 0.6132, TrLoss:  1.13384, VaAcc: 0.6041, VaLoss:  1.12632	 20 sampled NNs | VaAcc: 0.4288 +- 0.0392 | VaLoss: 1.5336 +- 0.0717
253,  0 | TrAcc: 0.6208, TrLoss:  1.11118, VaAcc: 0.6122, VaLoss:  1.12203	 20 sampled NNs | VaAcc: 0.4540 +- 0.0265 | VaLoss: 1.5391 +- 0.0591
254,  0 | TrAcc: 0.5955, TrLoss:  1.14959, VaAcc: 0.6044, VaLoss:  1.13572	 20 sampled NNs | VaAcc: 0.4448 +- 0.0332 | VaLoss: 1.5217 +- 0.0648
255,  0 | TrAcc: 0.6277, TrLoss:  1.09400, VaAcc: 0.5972, VaLoss:  1.13323	 20 sampled NNs | VaAcc: 0.4666 +- 0.0386 | VaLoss: 1.4674 +- 0.0620
256,  0 | TrAcc: 0.6261, TrLoss:  1.05661, VaAcc: 0.6034, VaLoss:  1.12034	 20 sampled NNs | VaAcc: 0.4315 +- 0.0391 | VaLoss: 1.6144 +- 0.0652
257,  0 | TrAcc: 0.6112, TrLoss:  1.09117, VaAcc: 0.6182, VaLoss:  1.11448	 20 sampled NNs | VaAcc: 0.4274 +- 0.0469 | VaLoss: 1.6318 +- 0.1060
258,  0 | TrAcc: 0.6003, TrLoss:  1.14555, VaAcc: 0.5997, VaLoss:  1.14264	 20 sampled NNs | VaAcc: 0.4463 +- 0.0261 | VaLoss: 1.5381 +- 0.0529
259,  0 | TrAcc: 0.6130, TrLoss:  1.10413, VaAcc: 0.6030, VaLoss:  1.12131	 20 sampled NNs | VaAcc: 0.4728 +- 0.0360 | VaLoss: 1.4468 +- 0.0742
260,  0 | TrAcc: 0.6035, TrLoss:  1.14590, VaAcc: 0.6121, VaLoss:  1.14535	 20 sampled NNs | VaAcc: 0.4287 +- 0.0254 | VaLoss: 1.6001 +- 0.0689
261,  0 | TrAcc: 0.6196, TrLoss:  1.12811, VaAcc: 0.6026, VaLoss:  1.16174	 20 sampled NNs | VaAcc: 0.4272 +- 0.0371 | VaLoss: 1.6418 +- 0.1136
262,  0 | TrAcc: 0.6051, TrLoss:  1.13320, VaAcc: 0.6157, VaLoss:  1.11280	 20 sampled NNs | VaAcc: 0.4325 +- 0.0244 | VaLoss: 1.5803 +- 0.0681
263,  0 | TrAcc: 0.6064, TrLoss:  1.11844, VaAcc: 0.5950, VaLoss:  1.13614	 20 sampled NNs | VaAcc: 0.4016 +- 0.0246 | VaLoss: 1.6271 +- 0.0678
264,  0 | TrAcc: 0.5953, TrLoss:  1.14867, VaAcc: 0.5953, VaLoss:  1.13222	 20 sampled NNs | VaAcc: 0.4048 +- 0.0355 | VaLoss: 1.6308 +- 0.0895
265,  0 | TrAcc: 0.6092, TrLoss:  1.12553, VaAcc: 0.6130, VaLoss:  1.11575	 20 sampled NNs | VaAcc: 0.4138 +- 0.0332 | VaLoss: 1.6206 +- 0.0601
266,  0 | TrAcc: 0.6313, TrLoss:  1.05668, VaAcc: 0.6040, VaLoss:  1.13433	 20 sampled NNs | VaAcc: 0.4339 +- 0.0410 | VaLoss: 1.5665 +- 0.0900
267,  0 | TrAcc: 0.6150, TrLoss:  1.08643, VaAcc: 0.6012, VaLoss:  1.12954	 20 sampled NNs | VaAcc: 0.4156 +- 0.0343 | VaLoss: 1.6026 +- 0.0732
268,  0 | TrAcc: 0.6072, TrLoss:  1.12036, VaAcc: 0.6173, VaLoss:  1.12659	 20 sampled NNs | VaAcc: 0.4647 +- 0.0236 | VaLoss: 1.5001 +- 0.0635
269,  0 | TrAcc: 0.6157, TrLoss:  1.09416, VaAcc: 0.6063, VaLoss:  1.12707	 20 sampled NNs | VaAcc: 0.4230 +- 0.0470 | VaLoss: 1.5223 +- 0.0776
270,  0 | TrAcc: 0.6183, TrLoss:  1.08343, VaAcc: 0.6133, VaLoss:  1.12813	 20 sampled NNs | VaAcc: 0.4654 +- 0.0258 | VaLoss: 1.5338 +- 0.0675
271,  0 | TrAcc: 0.5992, TrLoss:  1.15811, VaAcc: 0.6064, VaLoss:  1.13836	 20 sampled NNs | VaAcc: 0.3813 +- 0.0241 | VaLoss: 1.6909 +- 0.0806
272,  0 | TrAcc: 0.5920, TrLoss:  1.13413, VaAcc: 0.5905, VaLoss:  1.15639	 20 sampled NNs | VaAcc: 0.3785 +- 0.0262 | VaLoss: 1.6903 +- 0.0511
273,  0 | TrAcc: 0.5945, TrLoss:  1.13010, VaAcc: 0.5951, VaLoss:  1.16563	 20 sampled NNs | VaAcc: 0.3981 +- 0.0324 | VaLoss: 1.6522 +- 0.0743
274,  0 | TrAcc: 0.5961, TrLoss:  1.16609, VaAcc: 0.5911, VaLoss:  1.15866	 20 sampled NNs | VaAcc: 0.4260 +- 0.0376 | VaLoss: 1.5715 +- 0.0925
275,  0 | TrAcc: 0.6181, TrLoss:  1.08739, VaAcc: 0.6087, VaLoss:  1.15217	 20 sampled NNs | VaAcc: 0.4393 +- 0.0325 | VaLoss: 1.5474 +- 0.0774
276,  0 | TrAcc: 0.6031, TrLoss:  1.14271, VaAcc: 0.6031, VaLoss:  1.18745	 20 sampled NNs | VaAcc: 0.3961 +- 0.0260 | VaLoss: 1.6420 +- 0.0721
277,  0 | TrAcc: 0.6199, TrLoss:  1.09362, VaAcc: 0.5902, VaLoss:  1.16770	 20 sampled NNs | VaAcc: 0.4360 +- 0.0443 | VaLoss: 1.5357 +- 0.0578
278,  0 | TrAcc: 0.6141, TrLoss:  1.11113, VaAcc: 0.6177, VaLoss:  1.11880	 20 sampled NNs | VaAcc: 0.4731 +- 0.0380 | VaLoss: 1.4695 +- 0.0473
279,  0 | TrAcc: 0.6095, TrLoss:  1.12980, VaAcc: 0.6092, VaLoss:  1.12492	 20 sampled NNs | VaAcc: 0.3991 +- 0.0470 | VaLoss: 1.6924 +- 0.1179
280,  0 | TrAcc: 0.6019, TrLoss:  1.13495, VaAcc: 0.6201, VaLoss:  1.11529	 20 sampled NNs | VaAcc: 0.4033 +- 0.0366 | VaLoss: 1.6149 +- 0.1006
281,  0 | TrAcc: 0.6151, TrLoss:  1.09623, VaAcc: 0.6065, VaLoss:  1.12915	 20 sampled NNs | VaAcc: 0.4139 +- 0.0306 | VaLoss: 1.5364 +- 0.0777
282,  0 | TrAcc: 0.6233, TrLoss:  1.07523, VaAcc: 0.6069, VaLoss:  1.13733	 20 sampled NNs | VaAcc: 0.3909 +- 0.0323 | VaLoss: 1.6171 +- 0.0646
283,  0 | TrAcc: 0.6357, TrLoss:  1.04453, VaAcc: 0.5996, VaLoss:  1.11642	 20 sampled NNs | VaAcc: 0.4569 +- 0.0403 | VaLoss: 1.4801 +- 0.0949
284,  0 | TrAcc: 0.6017, TrLoss:  1.11928, VaAcc: 0.6043, VaLoss:  1.13034	 20 sampled NNs | VaAcc: 0.4571 +- 0.0428 | VaLoss: 1.4855 +- 0.0949
285,  0 | TrAcc: 0.5972, TrLoss:      nan, VaAcc: 0.6089, VaLoss:      nan	 20 sampled NNs | VaAcc: 0.4262 +- 0.0361 | VaLoss: 1.5518 +- 0.0577
286,  0 | TrAcc: 0.6089, TrLoss:  1.13145, VaAcc: 0.6016, VaLoss:  1.14007	 20 sampled NNs | VaAcc: 0.4227 +- 0.0300 | VaLoss: 1.5805 +- 0.0631
287,  0 | TrAcc: 0.6252, TrLoss:  1.08000, VaAcc: 0.6061, VaLoss:  1.13198	 20 sampled NNs | VaAcc: 0.4729 +- 0.0266 | VaLoss: 1.4650 +- 0.0503
288,  0 | TrAcc: 0.6012, TrLoss:  1.13204, VaAcc: 0.6007, VaLoss:  1.13090	 20 sampled NNs | VaAcc: 0.4497 +- 0.0364 | VaLoss: 1.5142 +- 0.0862
289,  0 | TrAcc: 0.6241, TrLoss:  1.03989, VaAcc: 0.6045, VaLoss:  1.11722	 20 sampled NNs | VaAcc: 0.4165 +- 0.0396 | VaLoss: 1.5444 +- 0.0844
290,  0 | TrAcc: 0.6247, TrLoss:  1.08466, VaAcc: 0.5964, VaLoss:  1.13332	 20 sampled NNs | VaAcc: 0.4401 +- 0.0290 | VaLoss: 1.5326 +- 0.0514
291,  0 | TrAcc: 0.6308, TrLoss:  1.06039, VaAcc: 0.6066, VaLoss:  1.13440	 20 sampled NNs | VaAcc: 0.4802 +- 0.0319 | VaLoss: 1.4841 +- 0.0711
292,  0 | TrAcc: 0.6027, TrLoss:  1.13496, VaAcc: 0.5837, VaLoss:  1.14696	 20 sampled NNs | VaAcc: 0.3982 +- 0.0450 | VaLoss: 1.5701 +- 0.0864
293,  0 | TrAcc: 0.6226, TrLoss:  1.07945, VaAcc: 0.5977, VaLoss:  1.14316	 20 sampled NNs | VaAcc: 0.4077 +- 0.0388 | VaLoss: 1.5550 +- 0.0873
294,  0 | TrAcc: 0.6298, TrLoss:  1.09459, VaAcc: 0.5969, VaLoss:  1.14621	 20 sampled NNs | VaAcc: 0.4530 +- 0.0393 | VaLoss: 1.4599 +- 0.0707
295,  0 | TrAcc: 0.5910, TrLoss:  1.19428, VaAcc: 0.5940, VaLoss:  1.18247	 20 sampled NNs | VaAcc: 0.3948 +- 0.0364 | VaLoss: 1.7023 +- 0.0888
296,  0 | TrAcc: 0.5951, TrLoss:  1.17796, VaAcc: 0.5982, VaLoss:  1.15585	 20 sampled NNs | VaAcc: 0.4545 +- 0.0467 | VaLoss: 1.5025 +- 0.0937
297,  0 | TrAcc: 0.5967, TrLoss:  1.15518, VaAcc: 0.5789, VaLoss:  1.15563	 20 sampled NNs | VaAcc: 0.3832 +- 0.0433 | VaLoss: 1.6390 +- 0.0944
298,  0 | TrAcc: 0.6069, TrLoss:  1.11065, VaAcc: 0.5905, VaLoss:  1.14021	 20 sampled NNs | VaAcc: 0.4378 +- 0.0399 | VaLoss: 1.4797 +- 0.0918
299,  0 | TrAcc: 0.6073, TrLoss:      nan, VaAcc: 0.5986, VaLoss:      nan	 20 sampled NNs | VaAcc: 0.3600 +- 0.0379 | VaLoss: 1.6742 +- 0.0686
300,  0 | TrAcc: 0.5997, TrLoss:  1.12702, VaAcc: 0.5844, VaLoss:  1.16233	 20 sampled NNs | VaAcc: 0.4282 +- 0.0230 | VaLoss: 1.5331 +- 0.0495
301,  0 | TrAcc: 0.5969, TrLoss:  1.15788, VaAcc: 0.5928, VaLoss:  1.15195	 20 sampled NNs | VaAcc: 0.3907 +- 0.0385 | VaLoss: 1.6328 +- 0.1083
302,  0 | TrAcc: 0.5942, TrLoss:  1.16651, VaAcc: 0.6035, VaLoss:  1.13839	 20 sampled NNs | VaAcc: 0.4382 +- 0.0404 | VaLoss: 1.5147 +- 0.0878
303,  0 | TrAcc: 0.5960, TrLoss:  1.15617, VaAcc: 0.6066, VaLoss:  1.11424	 20 sampled NNs | VaAcc: 0.4799 +- 0.0295 | VaLoss: 1.4709 +- 0.0736
304,  0 | TrAcc: 0.5918, TrLoss:  1.15392, VaAcc: 0.6048, VaLoss:  1.13086	 20 sampled NNs | VaAcc: 0.4191 +- 0.0416 | VaLoss: 1.6033 +- 0.1193
305,  0 | TrAcc: 0.5828, TrLoss:  1.20135, VaAcc: 0.5847, VaLoss:  1.16896	 20 sampled NNs | VaAcc: 0.4433 +- 0.0419 | VaLoss: 1.5064 +- 0.0945
306,  0 | TrAcc: 0.6204, TrLoss:  1.07773, VaAcc: 0.5984, VaLoss:  1.14764	 20 sampled NNs | VaAcc: 0.4345 +- 0.0286 | VaLoss: 1.5823 +- 0.0799
307,  0 | TrAcc: 0.6088, TrLoss:  1.12050, VaAcc: 0.6056, VaLoss:  1.14356	 20 sampled NNs | VaAcc: 0.4370 +- 0.0395 | VaLoss: 1.5213 +- 0.1060
308,  0 | TrAcc: 0.6235, TrLoss:  1.08677, VaAcc: 0.5912, VaLoss:  1.14316	 20 sampled NNs | VaAcc: 0.4400 +- 0.0348 | VaLoss: 1.5415 +- 0.0730
309,  0 | TrAcc: 0.6299, TrLoss:  1.10756, VaAcc: 0.6105, VaLoss:  1.13189	 20 sampled NNs | VaAcc: 0.4414 +- 0.0259 | VaLoss: 1.5480 +- 0.0538
310,  0 | TrAcc: 0.5939, TrLoss:  1.15438, VaAcc: 0.6102, VaLoss:  1.12669	 20 sampled NNs | VaAcc: 0.4683 +- 0.0295 | VaLoss: 1.5043 +- 0.0733
311,  0 | TrAcc: 0.6149, TrLoss:  1.10182, VaAcc: 0.6063, VaLoss:  1.12755	 20 sampled NNs | VaAcc: 0.4218 +- 0.0361 | VaLoss: 1.5712 +- 0.0835
312,  0 | TrAcc: 0.6384, TrLoss:  1.03582, VaAcc: 0.6130, VaLoss:  1.10031	 20 sampled NNs | VaAcc: 0.4434 +- 0.0445 | VaLoss: 1.5343 +- 0.1019
313,  0 | TrAcc: 0.6320, TrLoss:  1.08762, VaAcc: 0.6208, VaLoss:  1.09472	 20 sampled NNs | VaAcc: 0.4454 +- 0.0253 | VaLoss: 1.5235 +- 0.0632
314,  0 | TrAcc: 0.6327, TrLoss:  1.05938, VaAcc: 0.6236, VaLoss:  1.09413	 20 sampled NNs | VaAcc: 0.4615 +- 0.0347 | VaLoss: 1.5000 +- 0.0797
315,  0 | TrAcc: 0.6257, TrLoss:  1.11949, VaAcc: 0.6148, VaLoss:  1.09861	 20 sampled NNs | VaAcc: 0.4461 +- 0.0290 | VaLoss: 1.4846 +- 0.0677
316,  0 | TrAcc: 0.6169, TrLoss:      nan, VaAcc: 0.6199, VaLoss:      nan	 20 sampled NNs | VaAcc: 0.4417 +- 0.0362 | VaLoss: 1.5364 +- 0.0747
317,  0 | TrAcc: 0.6109, TrLoss:  1.11314, VaAcc: 0.6199, VaLoss:  1.09637	 20 sampled NNs | VaAcc: 0.4712 +- 0.0308 | VaLoss: 1.4520 +- 0.0591
318,  0 | TrAcc: 0.6164, TrLoss:  1.08981, VaAcc: 0.6177, VaLoss:  1.10226	 20 sampled NNs | VaAcc: 0.4669 +- 0.0387 | VaLoss: 1.4829 +- 0.1106
319,  0 | TrAcc: 0.5994, TrLoss:  1.12546, VaAcc: 0.5990, VaLoss:  1.12797	 20 sampled NNs | VaAcc: 0.3996 +- 0.0375 | VaLoss: 1.6618 +- 0.0776
320,  0 | TrAcc: 0.6011, TrLoss:  1.14737, VaAcc: 0.6013, VaLoss:  1.15575	 20 sampled NNs | VaAcc: 0.4353 +- 0.0388 | VaLoss: 1.5373 +- 0.0606
321,  0 | TrAcc: 0.6629, TrLoss:  0.98841, VaAcc: 0.6192, VaLoss:  1.10405	 20 sampled NNs | VaAcc: 0.4714 +- 0.0280 | VaLoss: 1.4953 +- 0.0690
322,  0 | TrAcc: 0.6047, TrLoss:      nan, VaAcc: 0.6027, VaLoss:      nan	 20 sampled NNs | VaAcc: 0.4426 +- 0.0339 | VaLoss: 1.4862 +- 0.0947
323,  0 | TrAcc: 0.6139, TrLoss:  1.07477, VaAcc: 0.6073, VaLoss:  1.11698	 20 sampled NNs | VaAcc: 0.4739 +- 0.0374 | VaLoss: 1.4409 +- 0.0737
324,  0 | TrAcc: 0.5961, TrLoss:  1.10784, VaAcc: 0.5995, VaLoss:  1.14497	 20 sampled NNs | VaAcc: 0.4160 +- 0.0411 | VaLoss: 1.5746 +- 0.0899
325,  0 | TrAcc: 0.6177, TrLoss:  1.10843, VaAcc: 0.5883, VaLoss:  1.17032	 20 sampled NNs | VaAcc: 0.4521 +- 0.0424 | VaLoss: 1.5490 +- 0.1201
326,  0 | TrAcc: 0.6078, TrLoss:  1.10660, VaAcc: 0.6084, VaLoss:  1.12045	 20 sampled NNs | VaAcc: 0.4641 +- 0.0383 | VaLoss: 1.4458 +- 0.0671
327,  0 | TrAcc: 0.5935, TrLoss:      nan, VaAcc: 0.5949, VaLoss:      nan	 20 sampled NNs | VaAcc: 0.4707 +- 0.0271 | VaLoss: 1.4555 +- 0.0537
328,  0 | TrAcc: 0.6248, TrLoss:  1.07744, VaAcc: 0.6165, VaLoss:  1.10254	 20 sampled NNs | VaAcc: 0.4478 +- 0.0268 | VaLoss: 1.5326 +- 0.0748
329,  0 | TrAcc: 0.5910, TrLoss:  1.16241, VaAcc: 0.6035, VaLoss:  1.14239	 20 sampled NNs | VaAcc: 0.4495 +- 0.0336 | VaLoss: 1.4886 +- 0.0724
330,  0 | TrAcc: 0.6179, TrLoss:  1.10442, VaAcc: 0.6020, VaLoss:  1.13309	 20 sampled NNs | VaAcc: 0.3938 +- 0.0585 | VaLoss: 1.6120 +- 0.1499
331,  0 | TrAcc: 0.6217, TrLoss:  1.10980, VaAcc: 0.6154, VaLoss:  1.11085	 20 sampled NNs | VaAcc: 0.4617 +- 0.0289 | VaLoss: 1.4841 +- 0.0647
332,  0 | TrAcc: 0.6331, TrLoss:  1.05084, VaAcc: 0.6220, VaLoss:  1.10081	 20 sampled NNs | VaAcc: 0.4870 +- 0.0407 | VaLoss: 1.4581 +- 0.0881
333,  0 | TrAcc: 0.6161, TrLoss:  1.10071, VaAcc: 0.6136, VaLoss:  1.12154	 20 sampled NNs | VaAcc: 0.4585 +- 0.0421 | VaLoss: 1.4637 +- 0.0904
334,  0 | TrAcc: 0.6345, TrLoss:  1.06462, VaAcc: 0.6147, VaLoss:  1.11057	 20 sampled NNs | VaAcc: 0.4530 +- 0.0443 | VaLoss: 1.4807 +- 0.0754
335,  0 | TrAcc: 0.6229, TrLoss:  1.07828, VaAcc: 0.6057, VaLoss:  1.11986	 20 sampled NNs | VaAcc: 0.3814 +- 0.0387 | VaLoss: 1.6371 +- 0.0873
336,  0 | TrAcc: 0.5322, TrLoss:  1.33572, VaAcc: 0.5532, VaLoss:  1.27710	 20 sampled NNs | VaAcc: 0.3875 +- 0.0336 | VaLoss: 1.7621 +- 0.0937
337,  0 | TrAcc: 0.6138, TrLoss:  1.11794, VaAcc: 0.6216, VaLoss:  1.09254	 20 sampled NNs | VaAcc: 0.4653 +- 0.0358 | VaLoss: 1.4625 +- 0.0682
338,  0 | TrAcc: 0.6427, TrLoss:  1.07201, VaAcc: 0.6207, VaLoss:  1.11395	 20 sampled NNs | VaAcc: 0.4034 +- 0.0344 | VaLoss: 1.5998 +- 0.0642
339,  0 | TrAcc: 0.6412, TrLoss:  1.06167, VaAcc: 0.6098, VaLoss:  1.13531	 20 sampled NNs | VaAcc: 0.4048 +- 0.0569 | VaLoss: 1.5617 +- 0.1056
340,  0 | TrAcc: 0.6324, TrLoss:  1.09119, VaAcc: 0.6158, VaLoss:  1.12225	 20 sampled NNs | VaAcc: 0.4023 +- 0.0511 | VaLoss: 1.6114 +- 0.0874
341,  0 | TrAcc: 0.6179, TrLoss:  1.07558, VaAcc: 0.5899, VaLoss:  1.17942	 20 sampled NNs | VaAcc: 0.4309 +- 0.0299 | VaLoss: 1.6014 +- 0.0649
342,  0 | TrAcc: 0.5928, TrLoss:  1.15076, VaAcc: 0.5899, VaLoss:  1.15161	 20 sampled NNs | VaAcc: 0.3890 +- 0.0292 | VaLoss: 1.6394 +- 0.0612
343,  0 | TrAcc: 0.6476, TrLoss:  1.04374, VaAcc: 0.6192, VaLoss:  1.10976	 20 sampled NNs | VaAcc: 0.4674 +- 0.0434 | VaLoss: 1.4598 +- 0.0843
344,  0 | TrAcc: 0.6070, TrLoss:  1.11136, VaAcc: 0.6108, VaLoss:  1.12697	 20 sampled NNs | VaAcc: 0.4122 +- 0.0419 | VaLoss: 1.6184 +- 0.0969
345,  0 | TrAcc: 0.6285, TrLoss:  1.08671, VaAcc: 0.6176, VaLoss:  1.12472	 20 sampled NNs | VaAcc: 0.4531 +- 0.0289 | VaLoss: 1.6023 +- 0.0886
346,  0 | TrAcc: 0.5856, TrLoss:  1.15005, VaAcc: 0.5995, VaLoss:  1.16175	 20 sampled NNs | VaAcc: 0.4164 +- 0.0369 | VaLoss: 1.6204 +- 0.1029
347,  0 | TrAcc: 0.6070, TrLoss:  1.13365, VaAcc: 0.6172, VaLoss:  1.12221	 20 sampled NNs | VaAcc: 0.4092 +- 0.0465 | VaLoss: 1.6215 +- 0.1078
348,  0 | TrAcc: 0.6040, TrLoss:  1.11100, VaAcc: 0.6199, VaLoss:  1.10811	 20 sampled NNs | VaAcc: 0.4507 +- 0.0356 | VaLoss: 1.5077 +- 0.0800
349,  0 | TrAcc: 0.6121, TrLoss:  1.10946, VaAcc: 0.6115, VaLoss:  1.11748	 20 sampled NNs | VaAcc: 0.4275 +- 0.0378 | VaLoss: 1.5828 +- 0.1005
350,  0 | TrAcc: 0.6236, TrLoss:  1.06042, VaAcc: 0.6110, VaLoss:  1.11410	 20 sampled NNs | VaAcc: 0.4081 +- 0.0297 | VaLoss: 1.5725 +- 0.0567
351,  0 | TrAcc: 0.6064, TrLoss:  1.14358, VaAcc: 0.5974, VaLoss:  1.15164	 20 sampled NNs | VaAcc: 0.4408 +- 0.0397 | VaLoss: 1.5423 +- 0.0896
352,  0 | TrAcc: 0.6354, TrLoss:  1.05790, VaAcc: 0.5959, VaLoss:  1.15134	 20 sampled NNs | VaAcc: 0.4017 +- 0.0255 | VaLoss: 1.7131 +- 0.0984
353,  0 | TrAcc: 0.6383, TrLoss:  1.03925, VaAcc: 0.6044, VaLoss:  1.12941	 20 sampled NNs | VaAcc: 0.4037 +- 0.0267 | VaLoss: 1.6700 +- 0.0776
354,  0 | TrAcc: 0.6323, TrLoss:  1.07662, VaAcc: 0.6067, VaLoss:  1.13642	 20 sampled NNs | VaAcc: 0.4347 +- 0.0385 | VaLoss: 1.5049 +- 0.0698
355,  0 | TrAcc: 0.6227, TrLoss:  1.07446, VaAcc: 0.6263, VaLoss:  1.09063	 20 sampled NNs | VaAcc: 0.4898 +- 0.0234 | VaLoss: 1.4364 +- 0.0525
356,  0 | TrAcc: 0.6115, TrLoss:  1.10438, VaAcc: 0.6273, VaLoss:  1.08570	 20 sampled NNs | VaAcc: 0.4493 +- 0.0256 | VaLoss: 1.5294 +- 0.0519
357,  0 | TrAcc: 0.6372, TrLoss:  1.04843, VaAcc: 0.6146, VaLoss:  1.11178	 20 sampled NNs | VaAcc: 0.4489 +- 0.0405 | VaLoss: 1.5021 +- 0.0782
358,  0 | TrAcc: 0.6231, TrLoss:  1.09628, VaAcc: 0.6134, VaLoss:  1.10148	 20 sampled NNs | VaAcc: 0.4429 +- 0.0385 | VaLoss: 1.5336 +- 0.0789
359,  0 | TrAcc: 0.6027, TrLoss:  1.12508, VaAcc: 0.6222, VaLoss:  1.11322	 20 sampled NNs | VaAcc: 0.4101 +- 0.0252 | VaLoss: 1.6117 +- 0.0689
360,  0 | TrAcc: 0.6105, TrLoss:  1.10813, VaAcc: 0.6066, VaLoss:  1.12128	 20 sampled NNs | VaAcc: 0.4763 +- 0.0369 | VaLoss: 1.4561 +- 0.0668
361,  0 | TrAcc: 0.6528, TrLoss:  1.00757, VaAcc: 0.6235, VaLoss:  1.08227	 20 sampled NNs | VaAcc: 0.4770 +- 0.0383 | VaLoss: 1.4295 +- 0.0740
362,  0 | TrAcc: 0.6441, TrLoss:  1.03533, VaAcc: 0.6216, VaLoss:  1.10475	 20 sampled NNs | VaAcc: 0.4747 +- 0.0351 | VaLoss: 1.4506 +- 0.0734
363,  0 | TrAcc: 0.6304, TrLoss:  1.05929, VaAcc: 0.6292, VaLoss:  1.08779	 20 sampled NNs | VaAcc: 0.4503 +- 0.0384 | VaLoss: 1.5374 +- 0.0883
364,  0 | TrAcc: 0.5718, TrLoss:  1.22258, VaAcc: 0.5797, VaLoss:  1.19027	 20 sampled NNs | VaAcc: 0.4101 +- 0.0313 | VaLoss: 1.6872 +- 0.0537
365,  0 | TrAcc: 0.5951, TrLoss:  1.13746, VaAcc: 0.5953, VaLoss:  1.14586	 20 sampled NNs | VaAcc: 0.4641 +- 0.0260 | VaLoss: 1.4877 +- 0.0745
366,  0 | TrAcc: 0.6198, TrLoss:  1.09528, VaAcc: 0.6093, VaLoss:  1.12554	 20 sampled NNs | VaAcc: 0.4289 +- 0.0355 | VaLoss: 1.6178 +- 0.0871
367,  0 | TrAcc: 0.6206, TrLoss:  1.05635, VaAcc: 0.6310, VaLoss:  1.07011	 20 sampled NNs | VaAcc: 0.5026 +- 0.0347 | VaLoss: 1.4013 +- 0.0727
368,  0 | TrAcc: 0.6376, TrLoss:  1.05411, VaAcc: 0.6230, VaLoss:  1.11343	 20 sampled NNs | VaAcc: 0.4245 +- 0.0285 | VaLoss: 1.5846 +- 0.0751
369,  0 | TrAcc: 0.6046, TrLoss:  1.13545, VaAcc: 0.6126, VaLoss:  1.13534	 20 sampled NNs | VaAcc: 0.4171 +- 0.0475 | VaLoss: 1.5951 +- 0.1272
370,  0 | TrAcc: 0.6320, TrLoss:  1.06269, VaAcc: 0.6090, VaLoss:  1.12538	 20 sampled NNs | VaAcc: 0.4117 +- 0.0371 | VaLoss: 1.5595 +- 0.0970
371,  0 | TrAcc: 0.6230, TrLoss:  1.07018, VaAcc: 0.6288, VaLoss:  1.08236	 20 sampled NNs | VaAcc: 0.4054 +- 0.0500 | VaLoss: 1.6112 +- 0.1064
372,  0 | TrAcc: 0.5795, TrLoss:  1.20247, VaAcc: 0.6041, VaLoss:  1.15605	 20 sampled NNs | VaAcc: 0.4218 +- 0.0256 | VaLoss: 1.6799 +- 0.0777
373,  0 | TrAcc: 0.6342, TrLoss:  1.06377, VaAcc: 0.6270, VaLoss:  1.08718	 20 sampled NNs | VaAcc: 0.4170 +- 0.0373 | VaLoss: 1.5840 +- 0.0897
374,  0 | TrAcc: 0.6275, TrLoss:  1.05749, VaAcc: 0.6139, VaLoss:  1.11486	 20 sampled NNs | VaAcc: 0.4634 +- 0.0312 | VaLoss: 1.5257 +- 0.0701
375,  0 | TrAcc: 0.6220, TrLoss:  1.11142, VaAcc: 0.6162, VaLoss:  1.09507	 20 sampled NNs | VaAcc: 0.4773 +- 0.0313 | VaLoss: 1.4811 +- 0.0782
376,  0 | TrAcc: 0.6401, TrLoss:      nan, VaAcc: 0.6278, VaLoss:      nan	 20 sampled NNs | VaAcc: 0.4727 +- 0.0314 | VaLoss: 1.4736 +- 0.0802
377,  0 | TrAcc: 0.6218, TrLoss:  1.11765, VaAcc: 0.6254, VaLoss:  1.09167	 20 sampled NNs | VaAcc: 0.4143 +- 0.0381 | VaLoss: 1.6470 +- 0.0934
378,  0 | TrAcc: 0.6129, TrLoss:  1.12636, VaAcc: 0.5977, VaLoss:  1.13542	 20 sampled NNs | VaAcc: 0.3524 +- 0.0301 | VaLoss: 1.7330 +- 0.0522
379,  0 | TrAcc: 0.6025, TrLoss:  1.17166, VaAcc: 0.5820, VaLoss:  1.20857	 20 sampled NNs | VaAcc: 0.3533 +- 0.0326 | VaLoss: 1.8681 +- 0.0948
380,  0 | TrAcc: 0.6002, TrLoss:  1.14306, VaAcc: 0.5993, VaLoss:  1.16557	 20 sampled NNs | VaAcc: 0.3594 +- 0.0270 | VaLoss: 1.8020 +- 0.0871
381,  0 | TrAcc: 0.5903, TrLoss:  1.20787, VaAcc: 0.5999, VaLoss:  1.14717	 20 sampled NNs | VaAcc: 0.3772 +- 0.0359 | VaLoss: 1.7060 +- 0.0695
382,  0 | TrAcc: 0.5912, TrLoss:  1.17326, VaAcc: 0.5964, VaLoss:  1.15362	 20 sampled NNs | VaAcc: 0.4431 +- 0.0221 | VaLoss: 1.5869 +- 0.0643
383,  0 | TrAcc: 0.5850, TrLoss:  1.18331, VaAcc: 0.5969, VaLoss:  1.14906	 20 sampled NNs | VaAcc: 0.3660 +- 0.0279 | VaLoss: 1.8496 +- 0.1033
384,  0 | TrAcc: 0.6311, TrLoss:  1.09242, VaAcc: 0.6113, VaLoss:  1.14752	 20 sampled NNs | VaAcc: 0.4022 +- 0.0330 | VaLoss: 1.7921 +- 0.1048
385,  0 | TrAcc: 0.5932, TrLoss:  1.15034, VaAcc: 0.5973, VaLoss:  1.12289	 20 sampled NNs | VaAcc: 0.3448 +- 0.0370 | VaLoss: 1.8782 +- 0.1212
386,  0 | TrAcc: 0.6285, TrLoss:  1.06507, VaAcc: 0.6215, VaLoss:  1.09626	 20 sampled NNs | VaAcc: 0.4192 +- 0.0510 | VaLoss: 1.5234 +- 0.0889
387,  0 | TrAcc: 0.5743, TrLoss:  1.21524, VaAcc: 0.6014, VaLoss:  1.15131	 20 sampled NNs | VaAcc: 0.4045 +- 0.0372 | VaLoss: 1.6492 +- 0.0683
388,  0 | TrAcc: 0.6295, TrLoss:  1.09625, VaAcc: 0.6132, VaLoss:  1.11629	 20 sampled NNs | VaAcc: 0.4366 +- 0.0303 | VaLoss: 1.5680 +- 0.0806
389,  0 | TrAcc: 0.5907, TrLoss:  1.17063, VaAcc: 0.6055, VaLoss:  1.15200	 20 sampled NNs | VaAcc: 0.4055 +- 0.0228 | VaLoss: 1.6336 +- 0.0576
390,  0 | TrAcc: 0.6568, TrLoss:  0.99772, VaAcc: 0.6239, VaLoss:  1.08529	 20 sampled NNs | VaAcc: 0.4780 +- 0.0314 | VaLoss: 1.4679 +- 0.0692
391,  0 | TrAcc: 0.6414, TrLoss:  1.03563, VaAcc: 0.6011, VaLoss:  1.14025	 20 sampled NNs | VaAcc: 0.4710 +- 0.0372 | VaLoss: 1.4570 +- 0.0724
392,  0 | TrAcc: 0.6095, TrLoss:  1.12444, VaAcc: 0.6276, VaLoss:  1.09494	 20 sampled NNs | VaAcc: 0.4784 +- 0.0319 | VaLoss: 1.5189 +- 0.0897
393,  0 | TrAcc: 0.6265, TrLoss:  1.05016, VaAcc: 0.6085, VaLoss:  1.11692	 20 sampled NNs | VaAcc: 0.4175 +- 0.0449 | VaLoss: 1.6064 +- 0.1039
394,  0 | TrAcc: 0.6182, TrLoss:  1.10899, VaAcc: 0.6188, VaLoss:  1.10338	 20 sampled NNs | VaAcc: 0.4276 +- 0.0349 | VaLoss: 1.6444 +- 0.0744
395,  0 | TrAcc: 0.6484, TrLoss:  1.07338, VaAcc: 0.6255, VaLoss:  1.11105	 20 sampled NNs | VaAcc: 0.4188 +- 0.0252 | VaLoss: 1.6734 +- 0.0714
396,  0 | TrAcc: 0.6181, TrLoss:  1.09064, VaAcc: 0.6233, VaLoss:  1.09086	 20 sampled NNs | VaAcc: 0.4540 +- 0.0261 | VaLoss: 1.5290 +- 0.0785
397,  0 | TrAcc: 0.6379, TrLoss:  1.03084, VaAcc: 0.6139, VaLoss:  1.09072	 20 sampled NNs | VaAcc: 0.4144 +- 0.0319 | VaLoss: 1.5912 +- 0.0617
398,  0 | TrAcc: 0.5912, TrLoss:  1.15957, VaAcc: 0.6235, VaLoss:  1.08793	 20 sampled NNs | VaAcc: 0.4166 +- 0.0377 | VaLoss: 1.5610 +- 0.0828
399,  0 | TrAcc: 0.5970, TrLoss:  1.16599, VaAcc: 0.6057, VaLoss:  1.15763	 20 sampled NNs | VaAcc: 0.4217 +- 0.0296 | VaLoss: 1.6743 +- 0.0660
116543.247854
----------------------------
