

config:

HOME=/clusterFS/home/student/kopp13
PATH=/clusterFS/home/student/kopp13/miniconda3/envs/tensorflow/bin:/clusterFS/home/student/kopp13/miniconda3/bin:/clusterFS/home/student/kopp13/bin:/usr/local/bin:/usr/bin:/bin:/usr/local/games:/usr/games
LD_LIBRARY_PATH=
THEANO_FLAGS=floatX=float32,gpuarray.preallocate=0.9,dnn.library_path=/usr/lib/x86_64-linux-gnu,cxx=clang++-3.8,device=cuda,base_compiledir=/tmp/tmp.Em1kQ6s0MC

=============================
CONFIG FILE

RNN CONFIG
{'data_multiplier': 1000.0,
 'gradient_clip_value': 0.5,
 'layer_configs': [{'layer_type': 'input'},
                   {'bc': {'init_m': 'xavier',
                           'init_v': -4.5,
                           'prior_m': 0.0,
                           'prior_v': 0.0,
                           'type': 'continuous'},
                    'bf': {'init_m': 'xavier',
                           'init_v': -4.5,
                           'prior_m': 0.0,
                           'prior_v': 0.0,
                           'type': 'continuous'},
                    'bi': {'init_m': 'xavier',
                           'init_v': -4.5,
                           'prior_m': 0.0,
                           'prior_v': 0.0,
                           'type': 'continuous'},
                    'bo': {'init_m': 'xavier',
                           'init_v': -4.5,
                           'prior_m': 0.0,
                           'prior_v': 0.0,
                           'type': 'continuous'},
                    'discrete_act': True,
                    'init_config': {'c': {'b': 'all_zero', 'w': 'xavier'},
                                    'f': {'b': 'all_one', 'w': 'all_zero'},
                                    'i': {'b': 'all_zero', 'w': 'xavier'},
                                    'o': {'b': 'all_zero', 'w': 'xavier'}},
                    'is_output': False,
                    'is_recurrent': True,
                    'layer_type': 'lstm',
                    'tau': 1.0,
                    'var_scope': 'lstm_0',
                    'wc': {'p0max': 0.95,
                           'p0min': 0.05,
                           'pmax': 0.99,
                           'pmin': 0.01,
                           'priors': [0.2, 0.6, 0.2],
                           'type': 'ternary'},
                    'wf': {'p0max': 0.95,
                           'p0min': 0.05,
                           'pmax': 0.99,
                           'pmin': 0.01,
                           'priors': [0.2, 0.6, 0.2],
                           'type': 'ternary'},
                    'wi': {'p0max': 0.95,
                           'p0min': 0.05,
                           'pmax': 0.99,
                           'pmin': 0.01,
                           'priors': [0.2, 0.6, 0.2],
                           'type': 'ternary'},
                    'wo': {'p0max': 0.95,
                           'p0min': 0.05,
                           'pmax': 0.99,
                           'pmin': 0.01,
                           'priors': [0.2, 0.6, 0.2],
                           'type': 'ternary'}},
                   {'bc': {'init_m': 'xavier',
                           'init_v': -4.5,
                           'prior_m': 0.0,
                           'prior_v': 0.0,
                           'type': 'continuous'},
                    'bf': {'init_m': 'xavier',
                           'init_v': -4.5,
                           'prior_m': 0.0,
                           'prior_v': 0.0,
                           'type': 'continuous'},
                    'bi': {'init_m': 'xavier',
                           'init_v': -4.5,
                           'prior_m': 0.0,
                           'prior_v': 0.0,
                           'type': 'continuous'},
                    'bo': {'init_m': 'xavier',
                           'init_v': -4.5,
                           'prior_m': 0.0,
                           'prior_v': 0.0,
                           'type': 'continuous'},
                    'discrete_act': True,
                    'init_config': {'c': {'b': 'all_zero', 'w': 'xavier'},
                                    'f': {'b': 'all_one', 'w': 'all_zero'},
                                    'i': {'b': 'all_zero', 'w': 'xavier'},
                                    'o': {'b': 'all_zero', 'w': 'xavier'}},
                    'is_output': False,
                    'is_recurrent': True,
                    'layer_type': 'lstm',
                    'tau': 1.0,
                    'var_scope': 'lstm_1',
                    'wc': {'p0max': 0.95,
                           'p0min': 0.05,
                           'pmax': 0.99,
                           'pmin': 0.01,
                           'priors': [0.2, 0.6, 0.2],
                           'type': 'ternary'},
                    'wf': {'p0max': 0.95,
                           'p0min': 0.05,
                           'pmax': 0.99,
                           'pmin': 0.01,
                           'priors': [0.2, 0.6, 0.2],
                           'type': 'ternary'},
                    'wi': {'p0max': 0.95,
                           'p0min': 0.05,
                           'pmax': 0.99,
                           'pmin': 0.01,
                           'priors': [0.2, 0.6, 0.2],
                           'type': 'ternary'},
                    'wo': {'p0max': 0.95,
                           'p0min': 0.05,
                           'pmax': 0.99,
                           'pmin': 0.01,
                           'priors': [0.2, 0.6, 0.2],
                           'type': 'ternary'}},
                   {'b': {'init_m': 'xavier',
                          'init_v': -4.5,
                          'prior_m': 0.0,
                          'prior_v': 0.0,
                          'type': 'continuous'},
                    'is_output': True,
                    'is_recurrent': False,
                    'layer_type': 'fc',
                    'regularization': {'mode': None, 'strength': 0.02},
                    'tau': 1.0,
                    'var_scope': 'output_layer',
                    'w': {'p0max': 0.95,
                          'p0min': 0.05,
                          'pmax': 0.99,
                          'pmin': 0.01,
                          'priors': [0.2, 0.6, 0.2],
                          'type': 'ternary'}}],
 'layout': [4, 60, 60, 10],
 'output_type': 'classification'}

DATA CONFIG
{'dataset': 'red_penstroke',
 'tr': {'in_seq_len': 30,
        'minibatch_enabled': True,
        'minibatch_size': 200,
        'out_seq_len': 5,
        'zero_padding': 20},
 'va': {'in_seq_len': 30,
        'minibatch_enabled': True,
        'minibatch_size': 200,
        'out_seq_len': 5,
        'zero_padding': 20}}

TRAINING CONFIG
{'beta_reg': 0.0,
 'is_pretrain': False,
 'learning_rate': 0.003,
 'mode': {'max_epochs': 400, 'min_error': 0.0, 'name': 'classic'},
 'task_id': 4,
 'type': 'l_sampling',
 'var_reg': 0.01}
==============================


  0,  0 | TrAcc: 0.1017, TrLoss:  2.99237, VaAcc: 0.0977, VaLoss:  3.02790	 20 sampled NNs | VaAcc: 0.1014 +- 0.0113 | VaLoss: 4.1872 +- 0.2036
  1,  0 | TrAcc: 0.2152, TrLoss:  2.09731, VaAcc: 0.2034, VaLoss:  2.12021	 20 sampled NNs | VaAcc: 0.1255 +- 0.0120 | VaLoss: 2.9573 +- 0.1309
  2,  0 | TrAcc: 0.3073, TrLoss:  1.85216, VaAcc: 0.2963, VaLoss:  1.81890	 20 sampled NNs | VaAcc: 0.1442 +- 0.0210 | VaLoss: 2.8391 +- 0.1328
  3,  0 | TrAcc: 0.3984, TrLoss:  1.59878, VaAcc: 0.3687, VaLoss:  1.62284	 20 sampled NNs | VaAcc: 0.1524 +- 0.0238 | VaLoss: 2.9459 +- 0.2362
  4,  0 | TrAcc: 0.4699, TrLoss:  1.46259, VaAcc: 0.4229, VaLoss:  1.51539	 20 sampled NNs | VaAcc: 0.1876 +- 0.0274 | VaLoss: 2.7255 +- 0.1861
  5,  0 | TrAcc: 0.5396, TrLoss:  1.25093, VaAcc: 0.4732, VaLoss:  1.39675	 20 sampled NNs | VaAcc: 0.1899 +- 0.0239 | VaLoss: 2.8258 +- 0.1840
  6,  0 | TrAcc: 0.5491, TrLoss:  1.24478, VaAcc: 0.5240, VaLoss:  1.29097	 20 sampled NNs | VaAcc: 0.2026 +- 0.0287 | VaLoss: 2.7735 +- 0.1969
  7,  0 | TrAcc: 0.6004, TrLoss:  1.12988, VaAcc: 0.5348, VaLoss:  1.26472	 20 sampled NNs | VaAcc: 0.2185 +- 0.0306 | VaLoss: 2.6547 +- 0.2082
  8,  0 | TrAcc: 0.6215, TrLoss:  1.08133, VaAcc: 0.5684, VaLoss:  1.19099	 20 sampled NNs | VaAcc: 0.2245 +- 0.0257 | VaLoss: 2.6330 +- 0.1598
  9,  0 | TrAcc: 0.6504, TrLoss:  1.02529, VaAcc: 0.6010, VaLoss:  1.16385	 20 sampled NNs | VaAcc: 0.2322 +- 0.0311 | VaLoss: 2.6538 +- 0.1630
 10,  0 | TrAcc: 0.6598, TrLoss:  0.97805, VaAcc: 0.6095, VaLoss:  1.12897	 20 sampled NNs | VaAcc: 0.2370 +- 0.0301 | VaLoss: 2.6510 +- 0.1828
 11,  0 | TrAcc: 0.6488, TrLoss:  1.02403, VaAcc: 0.6141, VaLoss:  1.10356	 20 sampled NNs | VaAcc: 0.2627 +- 0.0299 | VaLoss: 2.4183 +- 0.1587
 12,  0 | TrAcc: 0.6604, TrLoss:  0.97240, VaAcc: 0.6152, VaLoss:  1.09875	 20 sampled NNs | VaAcc: 0.2594 +- 0.0336 | VaLoss: 2.4829 +- 0.1863
 13,  0 | TrAcc: 0.6970, TrLoss:  0.86900, VaAcc: 0.6139, VaLoss:  1.11522	 20 sampled NNs | VaAcc: 0.2429 +- 0.0363 | VaLoss: 2.5840 +- 0.1822
 14,  0 | TrAcc: 0.6877, TrLoss:  0.89605, VaAcc: 0.6148, VaLoss:  1.13673	 20 sampled NNs | VaAcc: 0.2616 +- 0.0237 | VaLoss: 2.5711 +- 0.1109
 15,  0 | TrAcc: 0.6658, TrLoss:  0.96573, VaAcc: 0.6236, VaLoss:  1.08644	 20 sampled NNs | VaAcc: 0.2687 +- 0.0352 | VaLoss: 2.4251 +- 0.1572
 16,  0 | TrAcc: 0.6853, TrLoss:  0.91306, VaAcc: 0.6430, VaLoss:  1.04057	 20 sampled NNs | VaAcc: 0.2906 +- 0.0270 | VaLoss: 2.3578 +- 0.1275
 17,  0 | TrAcc: 0.6863, TrLoss:  0.88854, VaAcc: 0.6449, VaLoss:  1.04031	 20 sampled NNs | VaAcc: 0.2782 +- 0.0323 | VaLoss: 2.4000 +- 0.1420
 18,  0 | TrAcc: 0.7264, TrLoss:  0.77806, VaAcc: 0.6554, VaLoss:  1.06355	 20 sampled NNs | VaAcc: 0.3056 +- 0.0334 | VaLoss: 2.3005 +- 0.1619
 19,  0 | TrAcc: 0.6787, TrLoss:  0.90950, VaAcc: 0.6298, VaLoss:  1.10196	 20 sampled NNs | VaAcc: 0.2772 +- 0.0297 | VaLoss: 2.4846 +- 0.2061
 20,  0 | TrAcc: 0.6852, TrLoss:  0.88480, VaAcc: 0.6517, VaLoss:  0.99671	 20 sampled NNs | VaAcc: 0.2940 +- 0.0265 | VaLoss: 2.3828 +- 0.1657
 21,  0 | TrAcc: 0.6912, TrLoss:  0.85544, VaAcc: 0.6318, VaLoss:  1.04729	 20 sampled NNs | VaAcc: 0.2933 +- 0.0284 | VaLoss: 2.3202 +- 0.1579
 22,  0 | TrAcc: 0.7133, TrLoss:  0.81765, VaAcc: 0.6640, VaLoss:  1.00356	 20 sampled NNs | VaAcc: 0.3233 +- 0.0271 | VaLoss: 2.2585 +- 0.1670
 23,  0 | TrAcc: 0.6967, TrLoss:  0.86564, VaAcc: 0.6647, VaLoss:  0.97923	 20 sampled NNs | VaAcc: 0.3120 +- 0.0297 | VaLoss: 2.1941 +- 0.1082
 24,  0 | TrAcc: 0.7211, TrLoss:  0.80120, VaAcc: 0.6581, VaLoss:  1.00028	 20 sampled NNs | VaAcc: 0.3025 +- 0.0278 | VaLoss: 2.2915 +- 0.1737
 25,  0 | TrAcc: 0.7279, TrLoss:  0.77733, VaAcc: 0.6643, VaLoss:  0.97424	 20 sampled NNs | VaAcc: 0.3110 +- 0.0230 | VaLoss: 2.2480 +- 0.1478
 26,  0 | TrAcc: 0.7233, TrLoss:  0.79354, VaAcc: 0.6854, VaLoss:  0.93579	 20 sampled NNs | VaAcc: 0.3376 +- 0.0252 | VaLoss: 2.1515 +- 0.1455
 27,  0 | TrAcc: 0.7349, TrLoss:  0.77589, VaAcc: 0.6638, VaLoss:  1.01411	 20 sampled NNs | VaAcc: 0.3050 +- 0.0293 | VaLoss: 2.2797 +- 0.1403
 28,  0 | TrAcc: 0.7287, TrLoss:  0.76210, VaAcc: 0.6664, VaLoss:  0.97804	 20 sampled NNs | VaAcc: 0.3311 +- 0.0280 | VaLoss: 2.1669 +- 0.1377
 29,  0 | TrAcc: 0.7293, TrLoss:  0.74339, VaAcc: 0.6831, VaLoss:  0.94031	 20 sampled NNs | VaAcc: 0.3251 +- 0.0357 | VaLoss: 2.2240 +- 0.1655
 30,  0 | TrAcc: 0.7278, TrLoss:  0.79302, VaAcc: 0.6697, VaLoss:  0.95863	 20 sampled NNs | VaAcc: 0.3280 +- 0.0244 | VaLoss: 2.2347 +- 0.1476
 31,  0 | TrAcc: 0.7182, TrLoss:  0.78252, VaAcc: 0.6663, VaLoss:  0.98474	 20 sampled NNs | VaAcc: 0.2805 +- 0.0256 | VaLoss: 2.3506 +- 0.1503
 32,  0 | TrAcc: 0.7404, TrLoss:  0.74053, VaAcc: 0.6699, VaLoss:  0.99424	 20 sampled NNs | VaAcc: 0.3280 +- 0.0280 | VaLoss: 2.2337 +- 0.1666
 33,  0 | TrAcc: 0.7516, TrLoss:  0.72708, VaAcc: 0.6883, VaLoss:  0.95158	 20 sampled NNs | VaAcc: 0.3610 +- 0.0331 | VaLoss: 2.1189 +- 0.1267
 34,  0 | TrAcc: 0.7200, TrLoss:  0.81213, VaAcc: 0.6615, VaLoss:  0.98801	 20 sampled NNs | VaAcc: 0.3389 +- 0.0348 | VaLoss: 2.1391 +- 0.1440
 35,  0 | TrAcc: 0.7548, TrLoss:  0.69637, VaAcc: 0.6794, VaLoss:  0.95305	 20 sampled NNs | VaAcc: 0.3427 +- 0.0310 | VaLoss: 2.2421 +- 0.1570
 36,  0 | TrAcc: 0.7219, TrLoss:  0.81105, VaAcc: 0.6856, VaLoss:  0.94175	 20 sampled NNs | VaAcc: 0.3501 +- 0.0246 | VaLoss: 2.1274 +- 0.1176
 37,  0 | TrAcc: 0.7520, TrLoss:  0.71675, VaAcc: 0.6847, VaLoss:  0.95030	 20 sampled NNs | VaAcc: 0.3189 +- 0.0340 | VaLoss: 2.2125 +- 0.1580
 38,  0 | TrAcc: 0.7584, TrLoss:  0.69024, VaAcc: 0.6896, VaLoss:  0.94401	 20 sampled NNs | VaAcc: 0.3535 +- 0.0231 | VaLoss: 2.1279 +- 0.0941
 39,  0 | TrAcc: 0.7521, TrLoss:  0.71676, VaAcc: 0.6799, VaLoss:  0.94782	 20 sampled NNs | VaAcc: 0.3381 +- 0.0288 | VaLoss: 2.1759 +- 0.1394
 40,  0 | TrAcc: 0.7406, TrLoss:  0.74437, VaAcc: 0.6843, VaLoss:  0.93986	 20 sampled NNs | VaAcc: 0.3216 +- 0.0304 | VaLoss: 2.2659 +- 0.1502
 41,  0 | TrAcc: 0.7495, TrLoss:  0.72297, VaAcc: 0.6845, VaLoss:  0.93811	 20 sampled NNs | VaAcc: 0.3435 +- 0.0303 | VaLoss: 2.1215 +- 0.0821
 42,  0 | TrAcc: 0.7328, TrLoss:  0.75208, VaAcc: 0.6688, VaLoss:  0.99097	 20 sampled NNs | VaAcc: 0.3375 +- 0.0328 | VaLoss: 2.1777 +- 0.1577
 43,  0 | TrAcc: 0.7372, TrLoss:  0.73798, VaAcc: 0.6814, VaLoss:  0.98901	 20 sampled NNs | VaAcc: 0.3812 +- 0.0269 | VaLoss: 2.0314 +- 0.1286
 44,  0 | TrAcc: 0.7578, TrLoss:  0.71989, VaAcc: 0.7052, VaLoss:  0.91478	 20 sampled NNs | VaAcc: 0.3732 +- 0.0334 | VaLoss: 2.0268 +- 0.1599
 45,  0 | TrAcc: 0.7371, TrLoss:  0.75948, VaAcc: 0.6838, VaLoss:  0.92639	 20 sampled NNs | VaAcc: 0.3768 +- 0.0339 | VaLoss: 2.0305 +- 0.1339
 46,  0 | TrAcc: 0.7244, TrLoss:  0.77398, VaAcc: 0.6731, VaLoss:  0.96047	 20 sampled NNs | VaAcc: 0.3695 +- 0.0274 | VaLoss: 2.0696 +- 0.1280
 47,  0 | TrAcc: 0.7466, TrLoss:  0.71705, VaAcc: 0.6920, VaLoss:  0.92568	 20 sampled NNs | VaAcc: 0.3722 +- 0.0301 | VaLoss: 2.0692 +- 0.1481
 48,  0 | TrAcc: 0.7811, TrLoss:  0.63646, VaAcc: 0.6848, VaLoss:  0.98288	 20 sampled NNs | VaAcc: 0.3793 +- 0.0303 | VaLoss: 2.0991 +- 0.1630
 49,  0 | TrAcc: 0.7482, TrLoss:  0.70431, VaAcc: 0.6894, VaLoss:  0.94488	 20 sampled NNs | VaAcc: 0.3643 +- 0.0316 | VaLoss: 2.1413 +- 0.1583
 50,  0 | TrAcc: 0.7644, TrLoss:  0.68961, VaAcc: 0.6870, VaLoss:  0.96225	 20 sampled NNs | VaAcc: 0.3781 +- 0.0282 | VaLoss: 2.0529 +- 0.1221
 51,  0 | TrAcc: 0.7837, TrLoss:  0.62328, VaAcc: 0.6705, VaLoss:  1.02374	 20 sampled NNs | VaAcc: 0.3956 +- 0.0285 | VaLoss: 2.0090 +- 0.1309
 52,  0 | TrAcc: 0.7551, TrLoss:  0.69423, VaAcc: 0.7032, VaLoss:  0.92090	 20 sampled NNs | VaAcc: 0.3840 +- 0.0286 | VaLoss: 2.0752 +- 0.1746
 53,  0 | TrAcc: 0.7656, TrLoss:  0.66992, VaAcc: 0.6927, VaLoss:  0.93068	 20 sampled NNs | VaAcc: 0.3597 +- 0.0301 | VaLoss: 2.1442 +- 0.1581
 54,  0 | TrAcc: 0.7358, TrLoss:  0.75238, VaAcc: 0.6859, VaLoss:  0.94054	 20 sampled NNs | VaAcc: 0.3711 +- 0.0350 | VaLoss: 2.0729 +- 0.1672
 55,  0 | TrAcc: 0.7583, TrLoss:  0.66011, VaAcc: 0.7057, VaLoss:  0.88317	 20 sampled NNs | VaAcc: 0.3726 +- 0.0321 | VaLoss: 2.1255 +- 0.1146
 56,  0 | TrAcc: 0.7560, TrLoss:  0.68675, VaAcc: 0.6843, VaLoss:  0.97042	 20 sampled NNs | VaAcc: 0.3820 +- 0.0259 | VaLoss: 2.0208 +- 0.1501
 57,  0 | TrAcc: 0.7524, TrLoss:  0.72213, VaAcc: 0.6899, VaLoss:  0.99008	 20 sampled NNs | VaAcc: 0.3802 +- 0.0310 | VaLoss: 2.0910 +- 0.1420
 58,  0 | TrAcc: 0.7459, TrLoss:  0.71327, VaAcc: 0.6883, VaLoss:  0.99035	 20 sampled NNs | VaAcc: 0.3855 +- 0.0380 | VaLoss: 1.9816 +- 0.1476
 59,  0 | TrAcc: 0.7650, TrLoss:  0.65330, VaAcc: 0.6935, VaLoss:  0.92832	 20 sampled NNs | VaAcc: 0.3944 +- 0.0296 | VaLoss: 1.9292 +- 0.1303
 60,  0 | TrAcc: 0.7428, TrLoss:  0.73758, VaAcc: 0.6775, VaLoss:  1.01958	 20 sampled NNs | VaAcc: 0.3895 +- 0.0377 | VaLoss: 1.9722 +- 0.1373
 61,  0 | TrAcc: 0.7634, TrLoss:  0.67354, VaAcc: 0.6864, VaLoss:  0.96342	 20 sampled NNs | VaAcc: 0.3892 +- 0.0341 | VaLoss: 2.0419 +- 0.1412
 62,  0 | TrAcc: 0.7628, TrLoss:  0.67478, VaAcc: 0.7048, VaLoss:  0.92062	 20 sampled NNs | VaAcc: 0.3733 +- 0.0264 | VaLoss: 2.0621 +- 0.1245
 63,  0 | TrAcc: 0.7832, TrLoss:  0.63360, VaAcc: 0.7025, VaLoss:  0.93211	 20 sampled NNs | VaAcc: 0.4080 +- 0.0340 | VaLoss: 1.9431 +- 0.1272
 64,  0 | TrAcc: 0.7598, TrLoss:  0.68626, VaAcc: 0.6922, VaLoss:  0.91170	 20 sampled NNs | VaAcc: 0.3812 +- 0.0386 | VaLoss: 1.9731 +- 0.1724
 65,  0 | TrAcc: 0.7737, TrLoss:  0.65323, VaAcc: 0.7059, VaLoss:  0.90147	 20 sampled NNs | VaAcc: 0.4093 +- 0.0300 | VaLoss: 1.9403 +- 0.1159
 66,  0 | TrAcc: 0.7710, TrLoss:  0.65010, VaAcc: 0.7006, VaLoss:  0.88579	 20 sampled NNs | VaAcc: 0.4092 +- 0.0378 | VaLoss: 1.9100 +- 0.1611
 67,  0 | TrAcc: 0.7568, TrLoss:  0.67264, VaAcc: 0.6967, VaLoss:  0.90185	 20 sampled NNs | VaAcc: 0.3547 +- 0.0368 | VaLoss: 2.1933 +- 0.2164
 68,  0 | TrAcc: 0.7456, TrLoss:  0.71808, VaAcc: 0.6902, VaLoss:  0.94976	 20 sampled NNs | VaAcc: 0.3837 +- 0.0229 | VaLoss: 1.9582 +- 0.0888
 69,  0 | TrAcc: 0.7632, TrLoss:  0.65881, VaAcc: 0.6831, VaLoss:  0.95681	 20 sampled NNs | VaAcc: 0.4006 +- 0.0329 | VaLoss: 1.9717 +- 0.1386
 70,  0 | TrAcc: 0.7564, TrLoss:  0.68550, VaAcc: 0.6856, VaLoss:  0.94132	 20 sampled NNs | VaAcc: 0.3739 +- 0.0323 | VaLoss: 2.0593 +- 0.1390
 71,  0 | TrAcc: 0.7644, TrLoss:  0.68086, VaAcc: 0.6728, VaLoss:  1.01612	 20 sampled NNs | VaAcc: 0.3622 +- 0.0269 | VaLoss: 2.1579 +- 0.1818
 72,  0 | TrAcc: 0.7676, TrLoss:  0.66057, VaAcc: 0.6977, VaLoss:  0.93919	 20 sampled NNs | VaAcc: 0.3648 +- 0.0335 | VaLoss: 2.2200 +- 0.1715
 73,  0 | TrAcc: 0.7656, TrLoss:  0.65960, VaAcc: 0.7005, VaLoss:  0.90661	 20 sampled NNs | VaAcc: 0.4058 +- 0.0368 | VaLoss: 1.9306 +- 0.1391
 74,  0 | TrAcc: 0.7866, TrLoss:  0.59135, VaAcc: 0.7112, VaLoss:  0.90047	 20 sampled NNs | VaAcc: 0.4117 +- 0.0340 | VaLoss: 1.9182 +- 0.1445
 75,  0 | TrAcc: 0.7657, TrLoss:  0.64389, VaAcc: 0.6938, VaLoss:  0.91068	 20 sampled NNs | VaAcc: 0.4113 +- 0.0179 | VaLoss: 1.9174 +- 0.0864
 76,  0 | TrAcc: 0.7648, TrLoss:  0.66085, VaAcc: 0.6836, VaLoss:  0.92509	 20 sampled NNs | VaAcc: 0.4226 +- 0.0349 | VaLoss: 1.8870 +- 0.1332
 77,  0 | TrAcc: 0.7712, TrLoss:  0.63985, VaAcc: 0.6940, VaLoss:  0.93969	 20 sampled NNs | VaAcc: 0.4025 +- 0.0241 | VaLoss: 1.9412 +- 0.1420
 78,  0 | TrAcc: 0.7802, TrLoss:  0.63492, VaAcc: 0.7070, VaLoss:  0.89435	 20 sampled NNs | VaAcc: 0.4045 +- 0.0339 | VaLoss: 1.9425 +- 0.1428
 79,  0 | TrAcc: 0.7728, TrLoss:  0.63305, VaAcc: 0.6889, VaLoss:  0.93884	 20 sampled NNs | VaAcc: 0.4010 +- 0.0328 | VaLoss: 1.9038 +- 0.1203
 80,  0 | TrAcc: 0.7677, TrLoss:  0.66576, VaAcc: 0.6919, VaLoss:  0.96218	 20 sampled NNs | VaAcc: 0.4185 +- 0.0259 | VaLoss: 1.8992 +- 0.1218
 81,  0 | TrAcc: 0.7761, TrLoss:  0.63074, VaAcc: 0.6877, VaLoss:  0.94586	 20 sampled NNs | VaAcc: 0.3905 +- 0.0325 | VaLoss: 2.0517 +- 0.1241
 82,  0 | TrAcc: 0.7705, TrLoss:  0.65797, VaAcc: 0.7093, VaLoss:  0.90713	 20 sampled NNs | VaAcc: 0.4030 +- 0.0260 | VaLoss: 1.9407 +- 0.1469
 83,  0 | TrAcc: 0.7697, TrLoss:  0.64505, VaAcc: 0.6974, VaLoss:  0.95058	 20 sampled NNs | VaAcc: 0.4211 +- 0.0267 | VaLoss: 1.8781 +- 0.1027
 84,  0 | TrAcc: 0.7667, TrLoss:  0.66017, VaAcc: 0.7168, VaLoss:  0.89132	 20 sampled NNs | VaAcc: 0.4231 +- 0.0253 | VaLoss: 1.9107 +- 0.1267
 85,  0 | TrAcc: 0.7846, TrLoss:  0.62699, VaAcc: 0.7065, VaLoss:  0.88823	 20 sampled NNs | VaAcc: 0.4253 +- 0.0234 | VaLoss: 1.8193 +- 0.0955
 86,  0 | TrAcc: 0.7910, TrLoss:  0.58913, VaAcc: 0.7020, VaLoss:  0.89802	 20 sampled NNs | VaAcc: 0.4172 +- 0.0372 | VaLoss: 1.8608 +- 0.1496
 87,  0 | TrAcc: 0.7583, TrLoss:  0.67187, VaAcc: 0.6949, VaLoss:  0.89259	 20 sampled NNs | VaAcc: 0.4242 +- 0.0241 | VaLoss: 1.8723 +- 0.0793
 88,  0 | TrAcc: 0.7873, TrLoss:  0.59599, VaAcc: 0.7137, VaLoss:  0.87676	 20 sampled NNs | VaAcc: 0.4492 +- 0.0211 | VaLoss: 1.7805 +- 0.0976
 89,  0 | TrAcc: 0.7809, TrLoss:  0.62532, VaAcc: 0.7148, VaLoss:  0.88072	 20 sampled NNs | VaAcc: 0.4237 +- 0.0330 | VaLoss: 1.8342 +- 0.1235
 90,  0 | TrAcc: 0.7702, TrLoss:  0.64640, VaAcc: 0.6958, VaLoss:  0.91955	 20 sampled NNs | VaAcc: 0.4085 +- 0.0409 | VaLoss: 1.9202 +- 0.1624
 91,  0 | TrAcc: 0.7835, TrLoss:  0.61692, VaAcc: 0.7110, VaLoss:  0.89099	 20 sampled NNs | VaAcc: 0.4098 +- 0.0315 | VaLoss: 1.9651 +- 0.1218
 92,  0 | TrAcc: 0.7825, TrLoss:  0.61563, VaAcc: 0.7076, VaLoss:  0.90580	 20 sampled NNs | VaAcc: 0.3996 +- 0.0334 | VaLoss: 1.9460 +- 0.1998
 93,  0 | TrAcc: 0.7826, TrLoss:  0.62557, VaAcc: 0.7079, VaLoss:  0.90119	 20 sampled NNs | VaAcc: 0.4047 +- 0.0333 | VaLoss: 1.9368 +- 0.1371
 94,  0 | TrAcc: 0.7762, TrLoss:  0.61711, VaAcc: 0.7083, VaLoss:  0.93180	 20 sampled NNs | VaAcc: 0.4233 +- 0.0276 | VaLoss: 1.8894 +- 0.1169
 95,  0 | TrAcc: 0.7802, TrLoss:  0.61800, VaAcc: 0.6948, VaLoss:  0.91285	 20 sampled NNs | VaAcc: 0.3958 +- 0.0357 | VaLoss: 1.9823 +- 0.1466
 96,  0 | TrAcc: 0.7497, TrLoss:  0.69187, VaAcc: 0.7023, VaLoss:  0.89198	 20 sampled NNs | VaAcc: 0.4356 +- 0.0289 | VaLoss: 1.7975 +- 0.1021
 97,  0 | TrAcc: 0.7634, TrLoss:  0.65335, VaAcc: 0.6963, VaLoss:  0.93057	 20 sampled NNs | VaAcc: 0.3918 +- 0.0336 | VaLoss: 1.9767 +- 0.1557
 98,  0 | TrAcc: 0.7425, TrLoss:  0.71054, VaAcc: 0.7054, VaLoss:  0.89976	 20 sampled NNs | VaAcc: 0.3883 +- 0.0373 | VaLoss: 1.9730 +- 0.1735
 99,  0 | TrAcc: 0.7872, TrLoss:  0.59259, VaAcc: 0.7049, VaLoss:  0.93582	 20 sampled NNs | VaAcc: 0.4521 +- 0.0270 | VaLoss: 1.7857 +- 0.0949
100,  0 | TrAcc: 0.7795, TrLoss:  0.64994, VaAcc: 0.7172, VaLoss:  0.87165	 20 sampled NNs | VaAcc: 0.4300 +- 0.0260 | VaLoss: 1.8232 +- 0.1005
101,  0 | TrAcc: 0.7738, TrLoss:  0.65753, VaAcc: 0.7175, VaLoss:  0.85689	 20 sampled NNs | VaAcc: 0.4323 +- 0.0248 | VaLoss: 1.7873 +- 0.0883
102,  0 | TrAcc: 0.7737, TrLoss:  0.64731, VaAcc: 0.7032, VaLoss:  0.90103	 20 sampled NNs | VaAcc: 0.3999 +- 0.0297 | VaLoss: 1.9414 +- 0.1908
103,  0 | TrAcc: 0.7669, TrLoss:  0.66686, VaAcc: 0.7090, VaLoss:  0.88000	 20 sampled NNs | VaAcc: 0.4300 +- 0.0318 | VaLoss: 1.8241 +- 0.1216
104,  0 | TrAcc: 0.7808, TrLoss:  0.62353, VaAcc: 0.7263, VaLoss:  0.86061	 20 sampled NNs | VaAcc: 0.4360 +- 0.0254 | VaLoss: 1.8066 +- 0.0920
105,  0 | TrAcc: 0.7901, TrLoss:  0.61089, VaAcc: 0.7040, VaLoss:  0.94569	 20 sampled NNs | VaAcc: 0.4326 +- 0.0212 | VaLoss: 1.8679 +- 0.0768
106,  0 | TrAcc: 0.8015, TrLoss:  0.56932, VaAcc: 0.7053, VaLoss:  0.89784	 20 sampled NNs | VaAcc: 0.4439 +- 0.0187 | VaLoss: 1.7426 +- 0.0676
107,  0 | TrAcc: 0.8102, TrLoss:  0.55366, VaAcc: 0.7037, VaLoss:  0.92809	 20 sampled NNs | VaAcc: 0.4597 +- 0.0251 | VaLoss: 1.7534 +- 0.1026
108,  0 | TrAcc: 0.7734, TrLoss:  0.63415, VaAcc: 0.6987, VaLoss:  0.93484	 20 sampled NNs | VaAcc: 0.4256 +- 0.0226 | VaLoss: 1.8662 +- 0.1235
109,  0 | TrAcc: 0.7753, TrLoss:  0.63029, VaAcc: 0.7117, VaLoss:  0.88966	 20 sampled NNs | VaAcc: 0.4361 +- 0.0228 | VaLoss: 1.8104 +- 0.1077
110,  0 | TrAcc: 0.7925, TrLoss:  0.59134, VaAcc: 0.7269, VaLoss:  0.81160	 20 sampled NNs | VaAcc: 0.4390 +- 0.0278 | VaLoss: 1.8098 +- 0.1267
111,  0 | TrAcc: 0.7585, TrLoss:  0.66792, VaAcc: 0.6868, VaLoss:  0.95416	 20 sampled NNs | VaAcc: 0.4374 +- 0.0317 | VaLoss: 1.7869 +- 0.1505
112,  0 | TrAcc: 0.7905, TrLoss:  0.59372, VaAcc: 0.7075, VaLoss:  0.91840	 20 sampled NNs | VaAcc: 0.4593 +- 0.0313 | VaLoss: 1.7185 +- 0.0979
113,  0 | TrAcc: 0.7887, TrLoss:  0.58601, VaAcc: 0.7171, VaLoss:  0.87965	 20 sampled NNs | VaAcc: 0.4422 +- 0.0205 | VaLoss: 1.7618 +- 0.1051
114,  0 | TrAcc: 0.7804, TrLoss:  0.62418, VaAcc: 0.7092, VaLoss:  0.89900	 20 sampled NNs | VaAcc: 0.4534 +- 0.0283 | VaLoss: 1.7275 +- 0.0851
115,  0 | TrAcc: 0.8011, TrLoss:  0.54156, VaAcc: 0.7209, VaLoss:  0.85649	 20 sampled NNs | VaAcc: 0.4492 +- 0.0302 | VaLoss: 1.7845 +- 0.1390
116,  0 | TrAcc: 0.7882, TrLoss:  0.60927, VaAcc: 0.7141, VaLoss:  0.89868	 20 sampled NNs | VaAcc: 0.4528 +- 0.0330 | VaLoss: 1.7349 +- 0.1302
117,  0 | TrAcc: 0.7670, TrLoss:  0.67023, VaAcc: 0.7163, VaLoss:  0.88390	 20 sampled NNs | VaAcc: 0.4510 +- 0.0326 | VaLoss: 1.7402 +- 0.0993
118,  0 | TrAcc: 0.7684, TrLoss:  0.65248, VaAcc: 0.7058, VaLoss:  0.91566	 20 sampled NNs | VaAcc: 0.3973 +- 0.0290 | VaLoss: 1.9293 +- 0.1030
119,  0 | TrAcc: 0.7986, TrLoss:  0.57637, VaAcc: 0.7223, VaLoss:  0.85227	 20 sampled NNs | VaAcc: 0.4415 +- 0.0257 | VaLoss: 1.8463 +- 0.0962
120,  0 | TrAcc: 0.7932, TrLoss:  0.57904, VaAcc: 0.7153, VaLoss:  0.87990	 20 sampled NNs | VaAcc: 0.4568 +- 0.0334 | VaLoss: 1.7398 +- 0.1267
121,  0 | TrAcc: 0.7974, TrLoss:  0.56420, VaAcc: 0.7282, VaLoss:  0.84456	 20 sampled NNs | VaAcc: 0.4398 +- 0.0227 | VaLoss: 1.8070 +- 0.0961
122,  0 | TrAcc: 0.7833, TrLoss:  0.61573, VaAcc: 0.7055, VaLoss:  0.90362	 20 sampled NNs | VaAcc: 0.4324 +- 0.0293 | VaLoss: 1.8430 +- 0.1102
123,  0 | TrAcc: 0.7942, TrLoss:  0.59988, VaAcc: 0.7049, VaLoss:  0.91117	 20 sampled NNs | VaAcc: 0.4399 +- 0.0318 | VaLoss: 1.8356 +- 0.1373
124,  0 | TrAcc: 0.8028, TrLoss:  0.58672, VaAcc: 0.7041, VaLoss:  0.93369	 20 sampled NNs | VaAcc: 0.4618 +- 0.0276 | VaLoss: 1.7392 +- 0.1168
125,  0 | TrAcc: 0.8057, TrLoss:  0.56219, VaAcc: 0.7121, VaLoss:  0.91033	 20 sampled NNs | VaAcc: 0.4328 +- 0.0252 | VaLoss: 1.8047 +- 0.0890
126,  0 | TrAcc: 0.7852, TrLoss:  0.59587, VaAcc: 0.7176, VaLoss:  0.86099	 20 sampled NNs | VaAcc: 0.4151 +- 0.0380 | VaLoss: 1.8910 +- 0.2040
127,  0 | TrAcc: 0.8105, TrLoss:  0.54798, VaAcc: 0.7205, VaLoss:  0.86619	 20 sampled NNs | VaAcc: 0.4536 +- 0.0276 | VaLoss: 1.7862 +- 0.1300
128,  0 | TrAcc: 0.8205, TrLoss:  0.53397, VaAcc: 0.7231, VaLoss:  0.87252	 20 sampled NNs | VaAcc: 0.4496 +- 0.0202 | VaLoss: 1.7546 +- 0.0771
129,  0 | TrAcc: 0.7826, TrLoss:  0.61354, VaAcc: 0.7211, VaLoss:  0.87189	 20 sampled NNs | VaAcc: 0.4367 +- 0.0274 | VaLoss: 1.7910 +- 0.1105
130,  0 | TrAcc: 0.7931, TrLoss:  0.58044, VaAcc: 0.7200, VaLoss:  0.87014	 20 sampled NNs | VaAcc: 0.4507 +- 0.0270 | VaLoss: 1.7658 +- 0.0909
131,  0 | TrAcc: 0.7936, TrLoss:  0.59871, VaAcc: 0.6848, VaLoss:  0.96742	 20 sampled NNs | VaAcc: 0.4377 +- 0.0288 | VaLoss: 1.7922 +- 0.1017
132,  0 | TrAcc: 0.7720, TrLoss:  0.61337, VaAcc: 0.6940, VaLoss:  0.94377	 20 sampled NNs | VaAcc: 0.4495 +- 0.0226 | VaLoss: 1.7443 +- 0.0814
133,  0 | TrAcc: 0.8027, TrLoss:  0.56377, VaAcc: 0.7122, VaLoss:  0.90337	 20 sampled NNs | VaAcc: 0.4562 +- 0.0360 | VaLoss: 1.7838 +- 0.2064
134,  0 | TrAcc: 0.7754, TrLoss:  0.62973, VaAcc: 0.6997, VaLoss:  0.93511	 20 sampled NNs | VaAcc: 0.4456 +- 0.0257 | VaLoss: 1.7861 +- 0.1012
135,  0 | TrAcc: 0.8010, TrLoss:  0.57105, VaAcc: 0.7133, VaLoss:  0.90768	 20 sampled NNs | VaAcc: 0.4596 +- 0.0270 | VaLoss: 1.7215 +- 0.0986
136,  0 | TrAcc: 0.7634, TrLoss:  0.65585, VaAcc: 0.6814, VaLoss:  0.98275	 20 sampled NNs | VaAcc: 0.4300 +- 0.0325 | VaLoss: 1.8291 +- 0.0923
137,  0 | TrAcc: 0.7743, TrLoss:  0.63191, VaAcc: 0.7015, VaLoss:  0.91414	 20 sampled NNs | VaAcc: 0.4542 +- 0.0322 | VaLoss: 1.7080 +- 0.1154
138,  0 | TrAcc: 0.7820, TrLoss:  0.61727, VaAcc: 0.7221, VaLoss:  0.85400	 20 sampled NNs | VaAcc: 0.4541 +- 0.0295 | VaLoss: 1.7184 +- 0.1102
139,  0 | TrAcc: 0.7849, TrLoss:  0.58481, VaAcc: 0.7210, VaLoss:  0.85554	 20 sampled NNs | VaAcc: 0.4571 +- 0.0228 | VaLoss: 1.7156 +- 0.1161
140,  0 | TrAcc: 0.7817, TrLoss:  0.60007, VaAcc: 0.7034, VaLoss:  0.91280	 20 sampled NNs | VaAcc: 0.4561 +- 0.0392 | VaLoss: 1.7587 +- 0.1626
141,  0 | TrAcc: 0.7780, TrLoss:  0.62086, VaAcc: 0.7046, VaLoss:  0.89436	 20 sampled NNs | VaAcc: 0.4605 +- 0.0329 | VaLoss: 1.7519 +- 0.1233
142,  0 | TrAcc: 0.7975, TrLoss:  0.59056, VaAcc: 0.7103, VaLoss:  0.89001	 20 sampled NNs | VaAcc: 0.4693 +- 0.0310 | VaLoss: 1.6651 +- 0.1203
143,  0 | TrAcc: 0.8073, TrLoss:  0.56020, VaAcc: 0.7115, VaLoss:  0.90829	 20 sampled NNs | VaAcc: 0.4697 +- 0.0293 | VaLoss: 1.7118 +- 0.1151
144,  0 | TrAcc: 0.7848, TrLoss:  0.61705, VaAcc: 0.6884, VaLoss:  0.94325	 20 sampled NNs | VaAcc: 0.4489 +- 0.0280 | VaLoss: 1.7456 +- 0.1179
145,  0 | TrAcc: 0.7872, TrLoss:  0.59114, VaAcc: 0.7164, VaLoss:  0.88280	 20 sampled NNs | VaAcc: 0.4452 +- 0.0300 | VaLoss: 1.7570 +- 0.1046
146,  0 | TrAcc: 0.7819, TrLoss:  0.61094, VaAcc: 0.7084, VaLoss:  0.87171	 20 sampled NNs | VaAcc: 0.4392 +- 0.0231 | VaLoss: 1.7874 +- 0.0679
147,  0 | TrAcc: 0.8073, TrLoss:  0.54225, VaAcc: 0.7264, VaLoss:  0.83780	 20 sampled NNs | VaAcc: 0.4652 +- 0.0374 | VaLoss: 1.6996 +- 0.1491
148,  0 | TrAcc: 0.8034, TrLoss:  0.56853, VaAcc: 0.7364, VaLoss:  0.83062	 20 sampled NNs | VaAcc: 0.4843 +- 0.0324 | VaLoss: 1.6827 +- 0.1236
149,  0 | TrAcc: 0.8060, TrLoss:  0.55036, VaAcc: 0.7169, VaLoss:  0.89317	 20 sampled NNs | VaAcc: 0.4535 +- 0.0312 | VaLoss: 1.8029 +- 0.1295
150,  0 | TrAcc: 0.7979, TrLoss:  0.57516, VaAcc: 0.7107, VaLoss:  0.93247	 20 sampled NNs | VaAcc: 0.4616 +- 0.0278 | VaLoss: 1.7488 +- 0.1238
151,  0 | TrAcc: 0.7839, TrLoss:  0.60627, VaAcc: 0.7055, VaLoss:  0.91585	 20 sampled NNs | VaAcc: 0.4396 +- 0.0250 | VaLoss: 1.7931 +- 0.1172
152,  0 | TrAcc: 0.7868, TrLoss:  0.60056, VaAcc: 0.7007, VaLoss:  0.93623	 20 sampled NNs | VaAcc: 0.4274 +- 0.0272 | VaLoss: 1.8712 +- 0.1219
153,  0 | TrAcc: 0.8095, TrLoss:  0.55077, VaAcc: 0.7180, VaLoss:  0.87922	 20 sampled NNs | VaAcc: 0.4798 +- 0.0270 | VaLoss: 1.6996 +- 0.1106
154,  0 | TrAcc: 0.7897, TrLoss:  0.58964, VaAcc: 0.7040, VaLoss:  0.94566	 20 sampled NNs | VaAcc: 0.4461 +- 0.0336 | VaLoss: 1.8642 +- 0.1295
155,  0 | TrAcc: 0.7993, TrLoss:  0.56322, VaAcc: 0.7237, VaLoss:  0.86079	 20 sampled NNs | VaAcc: 0.4682 +- 0.0310 | VaLoss: 1.7184 +- 0.1155
156,  0 | TrAcc: 0.8056, TrLoss:  0.54749, VaAcc: 0.7229, VaLoss:  0.90184	 20 sampled NNs | VaAcc: 0.4453 +- 0.0342 | VaLoss: 1.8119 +- 0.1166
157,  0 | TrAcc: 0.7924, TrLoss:  0.59357, VaAcc: 0.7252, VaLoss:  0.85694	 20 sampled NNs | VaAcc: 0.4526 +- 0.0270 | VaLoss: 1.7913 +- 0.1324
158,  0 | TrAcc: 0.8077, TrLoss:  0.55189, VaAcc: 0.7259, VaLoss:  0.87655	 20 sampled NNs | VaAcc: 0.4854 +- 0.0318 | VaLoss: 1.6220 +- 0.1049
159,  0 | TrAcc: 0.7885, TrLoss:  0.59244, VaAcc: 0.7121, VaLoss:  0.87096	 20 sampled NNs | VaAcc: 0.4422 +- 0.0346 | VaLoss: 1.7735 +- 0.1246
160,  0 | TrAcc: 0.8185, TrLoss:  0.52110, VaAcc: 0.7202, VaLoss:  0.91760	 20 sampled NNs | VaAcc: 0.4647 +- 0.0250 | VaLoss: 1.7659 +- 0.0946
161,  0 | TrAcc: 0.7951, TrLoss:  0.58347, VaAcc: 0.7277, VaLoss:  0.88228	 20 sampled NNs | VaAcc: 0.4685 +- 0.0276 | VaLoss: 1.7551 +- 0.1067
162,  0 | TrAcc: 0.8059, TrLoss:  0.55995, VaAcc: 0.7208, VaLoss:  0.90733	 20 sampled NNs | VaAcc: 0.4633 +- 0.0248 | VaLoss: 1.7209 +- 0.1124
163,  0 | TrAcc: 0.8034, TrLoss:  0.55600, VaAcc: 0.7155, VaLoss:  0.88437	 20 sampled NNs | VaAcc: 0.4707 +- 0.0233 | VaLoss: 1.7132 +- 0.1005
164,  0 | TrAcc: 0.7895, TrLoss:  0.57985, VaAcc: 0.7176, VaLoss:  0.86357	 20 sampled NNs | VaAcc: 0.4774 +- 0.0195 | VaLoss: 1.6568 +- 0.0789
165,  0 | TrAcc: 0.8048, TrLoss:  0.55590, VaAcc: 0.7229, VaLoss:  0.86356	 20 sampled NNs | VaAcc: 0.4766 +- 0.0281 | VaLoss: 1.6744 +- 0.1064
166,  0 | TrAcc: 0.7990, TrLoss:  0.58315, VaAcc: 0.7148, VaLoss:  0.90042	 20 sampled NNs | VaAcc: 0.4555 +- 0.0277 | VaLoss: 1.7867 +- 0.1307
167,  0 | TrAcc: 0.7953, TrLoss:  0.59413, VaAcc: 0.7199, VaLoss:  0.90564	 20 sampled NNs | VaAcc: 0.4725 +- 0.0235 | VaLoss: 1.7380 +- 0.0992
168,  0 | TrAcc: 0.8038, TrLoss:  0.54133, VaAcc: 0.7202, VaLoss:  0.87713	 20 sampled NNs | VaAcc: 0.4642 +- 0.0281 | VaLoss: 1.7150 +- 0.0916
169,  0 | TrAcc: 0.8057, TrLoss:  0.54446, VaAcc: 0.7071, VaLoss:  0.90807	 20 sampled NNs | VaAcc: 0.4471 +- 0.0251 | VaLoss: 1.7864 +- 0.1034
170,  0 | TrAcc: 0.8033, TrLoss:  0.55825, VaAcc: 0.7231, VaLoss:  0.86793	 20 sampled NNs | VaAcc: 0.4235 +- 0.0397 | VaLoss: 1.9133 +- 0.1681
171,  0 | TrAcc: 0.8030, TrLoss:  0.55430, VaAcc: 0.7257, VaLoss:  0.86140	 20 sampled NNs | VaAcc: 0.4594 +- 0.0271 | VaLoss: 1.7830 +- 0.1484
172,  0 | TrAcc: 0.7920, TrLoss:  0.59251, VaAcc: 0.7161, VaLoss:  0.89283	 20 sampled NNs | VaAcc: 0.4406 +- 0.0257 | VaLoss: 1.8042 +- 0.1153
173,  0 | TrAcc: 0.7904, TrLoss:  0.57983, VaAcc: 0.7147, VaLoss:  0.88546	 20 sampled NNs | VaAcc: 0.4484 +- 0.0342 | VaLoss: 1.7525 +- 0.0998
174,  0 | TrAcc: 0.8172, TrLoss:  0.53367, VaAcc: 0.7130, VaLoss:  0.89139	 20 sampled NNs | VaAcc: 0.4633 +- 0.0206 | VaLoss: 1.7076 +- 0.0918
175,  0 | TrAcc: 0.7856, TrLoss:  0.61097, VaAcc: 0.7240, VaLoss:  0.88042	 20 sampled NNs | VaAcc: 0.4664 +- 0.0283 | VaLoss: 1.7425 +- 0.0992
176,  0 | TrAcc: 0.7848, TrLoss:  0.61384, VaAcc: 0.7125, VaLoss:  0.91222	 20 sampled NNs | VaAcc: 0.4651 +- 0.0307 | VaLoss: 1.7397 +- 0.1221
177,  0 | TrAcc: 0.8014, TrLoss:  0.57105, VaAcc: 0.7323, VaLoss:  0.85519	 20 sampled NNs | VaAcc: 0.4816 +- 0.0308 | VaLoss: 1.6755 +- 0.1160
178,  0 | TrAcc: 0.8096, TrLoss:  0.55833, VaAcc: 0.7130, VaLoss:  0.87509	 20 sampled NNs | VaAcc: 0.4948 +- 0.0254 | VaLoss: 1.6048 +- 0.0994
179,  0 | TrAcc: 0.7852, TrLoss:  0.60772, VaAcc: 0.7090, VaLoss:  0.87438	 20 sampled NNs | VaAcc: 0.4719 +- 0.0318 | VaLoss: 1.7424 +- 0.1413
180,  0 | TrAcc: 0.8256, TrLoss:  0.50601, VaAcc: 0.7064, VaLoss:  0.89681	 20 sampled NNs | VaAcc: 0.4910 +- 0.0306 | VaLoss: 1.6731 +- 0.1215
181,  0 | TrAcc: 0.7826, TrLoss:  0.60311, VaAcc: 0.7104, VaLoss:  0.87136	 20 sampled NNs | VaAcc: 0.4669 +- 0.0293 | VaLoss: 1.7193 +- 0.1079
182,  0 | TrAcc: 0.7833, TrLoss:  0.59839, VaAcc: 0.7039, VaLoss:  0.89129	 20 sampled NNs | VaAcc: 0.4879 +- 0.0262 | VaLoss: 1.6333 +- 0.1071
183,  0 | TrAcc: 0.8164, TrLoss:  0.51884, VaAcc: 0.7244, VaLoss:  0.87270	 20 sampled NNs | VaAcc: 0.4911 +- 0.0321 | VaLoss: 1.6493 +- 0.1179
184,  0 | TrAcc: 0.7919, TrLoss:  0.58642, VaAcc: 0.7205, VaLoss:  0.81805	 20 sampled NNs | VaAcc: 0.4829 +- 0.0330 | VaLoss: 1.6434 +- 0.1246
185,  0 | TrAcc: 0.7989, TrLoss:  0.54456, VaAcc: 0.7061, VaLoss:  0.89189	 20 sampled NNs | VaAcc: 0.4661 +- 0.0317 | VaLoss: 1.7253 +- 0.1369
186,  0 | TrAcc: 0.7958, TrLoss:  0.57154, VaAcc: 0.7139, VaLoss:  0.85314	 20 sampled NNs | VaAcc: 0.4578 +- 0.0275 | VaLoss: 1.7281 +- 0.1275
187,  0 | TrAcc: 0.7958, TrLoss:  0.59894, VaAcc: 0.7207, VaLoss:  0.87276	 20 sampled NNs | VaAcc: 0.4695 +- 0.0312 | VaLoss: 1.6683 +- 0.1160
188,  0 | TrAcc: 0.7974, TrLoss:  0.56679, VaAcc: 0.7167, VaLoss:  0.87348	 20 sampled NNs | VaAcc: 0.4281 +- 0.0365 | VaLoss: 1.8545 +- 0.1560
189,  0 | TrAcc: 0.7967, TrLoss:  0.56143, VaAcc: 0.7148, VaLoss:  0.88026	 20 sampled NNs | VaAcc: 0.4835 +- 0.0308 | VaLoss: 1.6655 +- 0.1189
190,  0 | TrAcc: 0.7975, TrLoss:  0.57438, VaAcc: 0.7214, VaLoss:  0.88937	 20 sampled NNs | VaAcc: 0.4681 +- 0.0379 | VaLoss: 1.6899 +- 0.1157
191,  0 | TrAcc: 0.8229, TrLoss:  0.49186, VaAcc: 0.7163, VaLoss:  0.88164	 20 sampled NNs | VaAcc: 0.4759 +- 0.0278 | VaLoss: 1.6843 +- 0.1003
192,  0 | TrAcc: 0.7747, TrLoss:  0.63187, VaAcc: 0.7181, VaLoss:  0.89703	 20 sampled NNs | VaAcc: 0.4678 +- 0.0323 | VaLoss: 1.7181 +- 0.1066
193,  0 | TrAcc: 0.8081, TrLoss:  0.54487, VaAcc: 0.7292, VaLoss:  0.87742	 20 sampled NNs | VaAcc: 0.4895 +- 0.0327 | VaLoss: 1.6644 +- 0.1309
194,  0 | TrAcc: 0.7981, TrLoss:  0.59502, VaAcc: 0.7190, VaLoss:  0.88970	 20 sampled NNs | VaAcc: 0.4767 +- 0.0282 | VaLoss: 1.7172 +- 0.0894
195,  0 | TrAcc: 0.8052, TrLoss:  0.55275, VaAcc: 0.7135, VaLoss:  0.90340	 20 sampled NNs | VaAcc: 0.4971 +- 0.0307 | VaLoss: 1.6675 +- 0.1154
196,  0 | TrAcc: 0.8017, TrLoss:  0.55106, VaAcc: 0.7248, VaLoss:  0.84660	 20 sampled NNs | VaAcc: 0.4709 +- 0.0311 | VaLoss: 1.7427 +- 0.1224
197,  0 | TrAcc: 0.8007, TrLoss:  0.56740, VaAcc: 0.7149, VaLoss:  0.88977	 20 sampled NNs | VaAcc: 0.4834 +- 0.0354 | VaLoss: 1.6891 +- 0.1312
198,  0 | TrAcc: 0.7936, TrLoss:      nan, VaAcc: 0.7158, VaLoss:      nan	 20 sampled NNs | VaAcc: 0.5044 +- 0.0298 | VaLoss: 1.5865 +- 0.0929
199,  0 | TrAcc: 0.7851, TrLoss:  0.59448, VaAcc: 0.7089, VaLoss:  0.90123	 20 sampled NNs | VaAcc: 0.4868 +- 0.0253 | VaLoss: 1.6820 +- 0.0984
200,  0 | TrAcc: 0.8050, TrLoss:  0.55297, VaAcc: 0.7202, VaLoss:  0.87581	 20 sampled NNs | VaAcc: 0.4806 +- 0.0215 | VaLoss: 1.6388 +- 0.0827
201,  0 | TrAcc: 0.8161, TrLoss:  0.52864, VaAcc: 0.7223, VaLoss:  0.87355	 20 sampled NNs | VaAcc: 0.4805 +- 0.0206 | VaLoss: 1.6572 +- 0.1024
202,  0 | TrAcc: 0.7876, TrLoss:  0.58064, VaAcc: 0.7273, VaLoss:  0.87893	 20 sampled NNs | VaAcc: 0.4686 +- 0.0227 | VaLoss: 1.7106 +- 0.0950
203,  0 | TrAcc: 0.8018, TrLoss:  0.56069, VaAcc: 0.7120, VaLoss:  0.90013	 20 sampled NNs | VaAcc: 0.4826 +- 0.0260 | VaLoss: 1.7326 +- 0.1141
204,  0 | TrAcc: 0.7712, TrLoss:  0.63409, VaAcc: 0.7042, VaLoss:  0.91208	 20 sampled NNs | VaAcc: 0.4644 +- 0.0278 | VaLoss: 1.7460 +- 0.1108
205,  0 | TrAcc: 0.8125, TrLoss:  0.54266, VaAcc: 0.7209, VaLoss:  0.86528	 20 sampled NNs | VaAcc: 0.4980 +- 0.0202 | VaLoss: 1.6064 +- 0.0813
206,  0 | TrAcc: 0.8083, TrLoss:  0.54198, VaAcc: 0.7360, VaLoss:  0.81862	 20 sampled NNs | VaAcc: 0.4951 +- 0.0320 | VaLoss: 1.6417 +- 0.1245
207,  0 | TrAcc: 0.8250, TrLoss:  0.49536, VaAcc: 0.7188, VaLoss:  0.86005	 20 sampled NNs | VaAcc: 0.4739 +- 0.0289 | VaLoss: 1.7154 +- 0.0980
208,  0 | TrAcc: 0.7967, TrLoss:  0.57056, VaAcc: 0.7279, VaLoss:  0.86678	 20 sampled NNs | VaAcc: 0.4741 +- 0.0341 | VaLoss: 1.7392 +- 0.1544
209,  0 | TrAcc: 0.8063, TrLoss:  0.53616, VaAcc: 0.7308, VaLoss:  0.83567	 20 sampled NNs | VaAcc: 0.4960 +- 0.0280 | VaLoss: 1.6311 +- 0.0895
210,  0 | TrAcc: 0.7935, TrLoss:  0.57618, VaAcc: 0.6921, VaLoss:  0.98845	 20 sampled NNs | VaAcc: 0.4659 +- 0.0240 | VaLoss: 1.7736 +- 0.0951
211,  0 | TrAcc: 0.7988, TrLoss:  0.55665, VaAcc: 0.7165, VaLoss:  0.88671	 20 sampled NNs | VaAcc: 0.4666 +- 0.0290 | VaLoss: 1.7461 +- 0.1319
212,  0 | TrAcc: 0.7914, TrLoss:  0.61953, VaAcc: 0.7204, VaLoss:  0.88286	 20 sampled NNs | VaAcc: 0.4922 +- 0.0264 | VaLoss: 1.6452 +- 0.1107
213,  0 | TrAcc: 0.7960, TrLoss:  0.57063, VaAcc: 0.7350, VaLoss:  0.83867	 20 sampled NNs | VaAcc: 0.4948 +- 0.0267 | VaLoss: 1.6136 +- 0.1072
214,  0 | TrAcc: 0.7835, TrLoss:  0.60524, VaAcc: 0.7311, VaLoss:  0.85598	 20 sampled NNs | VaAcc: 0.5076 +- 0.0251 | VaLoss: 1.6155 +- 0.0887
215,  0 | TrAcc: 0.8151, TrLoss:  0.51694, VaAcc: 0.7204, VaLoss:  0.87317	 20 sampled NNs | VaAcc: 0.4844 +- 0.0286 | VaLoss: 1.7020 +- 0.0976
216,  0 | TrAcc: 0.7913, TrLoss:  0.59584, VaAcc: 0.7200, VaLoss:  0.88121	 20 sampled NNs | VaAcc: 0.4858 +- 0.0261 | VaLoss: 1.6508 +- 0.1154
217,  0 | TrAcc: 0.7833, TrLoss:  0.59573, VaAcc: 0.7311, VaLoss:  0.81070	 20 sampled NNs | VaAcc: 0.5107 +- 0.0214 | VaLoss: 1.5290 +- 0.0839
218,  0 | TrAcc: 0.7950, TrLoss:  0.58046, VaAcc: 0.7296, VaLoss:  0.87143	 20 sampled NNs | VaAcc: 0.4867 +- 0.0248 | VaLoss: 1.6845 +- 0.1002
219,  0 | TrAcc: 0.8082, TrLoss:  0.54083, VaAcc: 0.7406, VaLoss:  0.85039	 20 sampled NNs | VaAcc: 0.5074 +- 0.0322 | VaLoss: 1.5796 +- 0.1214
220,  0 | TrAcc: 0.8086, TrLoss:  0.53904, VaAcc: 0.7201, VaLoss:  0.86254	 20 sampled NNs | VaAcc: 0.4671 +- 0.0239 | VaLoss: 1.6681 +- 0.0833
221,  0 | TrAcc: 0.8038, TrLoss:  0.55474, VaAcc: 0.7158, VaLoss:  0.90355	 20 sampled NNs | VaAcc: 0.4738 +- 0.0231 | VaLoss: 1.6845 +- 0.0873
222,  0 | TrAcc: 0.7968, TrLoss:  0.56177, VaAcc: 0.7208, VaLoss:  0.87929	 20 sampled NNs | VaAcc: 0.4908 +- 0.0255 | VaLoss: 1.6513 +- 0.0845
223,  0 | TrAcc: 0.7966, TrLoss:  0.55420, VaAcc: 0.7237, VaLoss:  0.85594	 20 sampled NNs | VaAcc: 0.4592 +- 0.0235 | VaLoss: 1.7707 +- 0.1106
224,  0 | TrAcc: 0.8169, TrLoss:  0.53566, VaAcc: 0.7341, VaLoss:  0.84133	 20 sampled NNs | VaAcc: 0.4742 +- 0.0247 | VaLoss: 1.7083 +- 0.0942
225,  0 | TrAcc: 0.8110, TrLoss:  0.54730, VaAcc: 0.7213, VaLoss:  0.89742	 20 sampled NNs | VaAcc: 0.4850 +- 0.0238 | VaLoss: 1.6874 +- 0.0933
226,  0 | TrAcc: 0.7953, TrLoss:  0.58380, VaAcc: 0.7220, VaLoss:  0.86701	 20 sampled NNs | VaAcc: 0.4962 +- 0.0222 | VaLoss: 1.6245 +- 0.0678
227,  0 | TrAcc: 0.7875, TrLoss:  0.59351, VaAcc: 0.7028, VaLoss:  0.93613	 20 sampled NNs | VaAcc: 0.4788 +- 0.0216 | VaLoss: 1.6565 +- 0.0893
228,  0 | TrAcc: 0.7963, TrLoss:  0.57295, VaAcc: 0.7191, VaLoss:  0.90312	 20 sampled NNs | VaAcc: 0.4906 +- 0.0263 | VaLoss: 1.6163 +- 0.0958
229,  0 | TrAcc: 0.8073, TrLoss:      nan, VaAcc: 0.7227, VaLoss:      nan	 20 sampled NNs | VaAcc: 0.4849 +- 0.0288 | VaLoss: 1.6559 +- 0.1163
230,  0 | TrAcc: 0.8078, TrLoss:  0.53046, VaAcc: 0.7175, VaLoss:  0.89538	 20 sampled NNs | VaAcc: 0.4608 +- 0.0252 | VaLoss: 1.7289 +- 0.1213
231,  0 | TrAcc: 0.8007, TrLoss:  0.55932, VaAcc: 0.7177, VaLoss:  0.90361	 20 sampled NNs | VaAcc: 0.4625 +- 0.0284 | VaLoss: 1.7337 +- 0.1303
232,  0 | TrAcc: 0.8090, TrLoss:  0.53246, VaAcc: 0.7085, VaLoss:  0.91440	 20 sampled NNs | VaAcc: 0.4509 +- 0.0326 | VaLoss: 1.8250 +- 0.1334
233,  0 | TrAcc: 0.8044, TrLoss:  0.54764, VaAcc: 0.7095, VaLoss:  0.91502	 20 sampled NNs | VaAcc: 0.4774 +- 0.0317 | VaLoss: 1.6835 +- 0.0841
234,  0 | TrAcc: 0.7954, TrLoss:  0.56817, VaAcc: 0.7242, VaLoss:  0.88245	 20 sampled NNs | VaAcc: 0.4819 +- 0.0327 | VaLoss: 1.6982 +- 0.1208
235,  0 | TrAcc: 0.8001, TrLoss:  0.55486, VaAcc: 0.7264, VaLoss:  0.87244	 20 sampled NNs | VaAcc: 0.4782 +- 0.0278 | VaLoss: 1.6326 +- 0.1130
236,  0 | TrAcc: 0.7900, TrLoss:  0.61810, VaAcc: 0.7251, VaLoss:  0.87613	 20 sampled NNs | VaAcc: 0.4969 +- 0.0198 | VaLoss: 1.6022 +- 0.0781
237,  0 | TrAcc: 0.7888, TrLoss:  0.58904, VaAcc: 0.7119, VaLoss:  0.92366	 20 sampled NNs | VaAcc: 0.4585 +- 0.0285 | VaLoss: 1.7261 +- 0.0873
238,  0 | TrAcc: 0.7899, TrLoss:  0.58416, VaAcc: 0.7257, VaLoss:  0.88263	 20 sampled NNs | VaAcc: 0.4915 +- 0.0285 | VaLoss: 1.6348 +- 0.1477
239,  0 | TrAcc: 0.8224, TrLoss:  0.49816, VaAcc: 0.7345, VaLoss:  0.83143	 20 sampled NNs | VaAcc: 0.4982 +- 0.0295 | VaLoss: 1.6079 +- 0.1075
240,  0 | TrAcc: 0.8015, TrLoss:  0.55787, VaAcc: 0.7001, VaLoss:  0.92475	 20 sampled NNs | VaAcc: 0.4601 +- 0.0340 | VaLoss: 1.6957 +- 0.1004
241,  0 | TrAcc: 0.8184, TrLoss:  0.51811, VaAcc: 0.7190, VaLoss:  0.88564	 20 sampled NNs | VaAcc: 0.4840 +- 0.0280 | VaLoss: 1.6522 +- 0.0985
242,  0 | TrAcc: 0.7900, TrLoss:  0.59211, VaAcc: 0.7304, VaLoss:  0.85579	 20 sampled NNs | VaAcc: 0.4884 +- 0.0239 | VaLoss: 1.6235 +- 0.1119
243,  0 | TrAcc: 0.8072, TrLoss:  0.54374, VaAcc: 0.7371, VaLoss:  0.80989	 20 sampled NNs | VaAcc: 0.4951 +- 0.0315 | VaLoss: 1.5914 +- 0.0942
244,  0 | TrAcc: 0.8008, TrLoss:  0.54372, VaAcc: 0.7158, VaLoss:  0.88146	 20 sampled NNs | VaAcc: 0.4622 +- 0.0264 | VaLoss: 1.7623 +- 0.1275
245,  0 | TrAcc: 0.8096, TrLoss:      nan, VaAcc: 0.7237, VaLoss:      nan	 20 sampled NNs | VaAcc: 0.4909 +- 0.0311 | VaLoss: 1.6541 +- 0.0919
246,  0 | TrAcc: 0.8285, TrLoss:  0.49000, VaAcc: 0.7336, VaLoss:  0.85706	 20 sampled NNs | VaAcc: 0.4669 +- 0.0253 | VaLoss: 1.7315 +- 0.1159
247,  0 | TrAcc: 0.8083, TrLoss:  0.54325, VaAcc: 0.7324, VaLoss:  0.84324	 20 sampled NNs | VaAcc: 0.5072 +- 0.0295 | VaLoss: 1.5788 +- 0.1072
248,  0 | TrAcc: 0.8043, TrLoss:  0.55864, VaAcc: 0.7276, VaLoss:  0.87511	 20 sampled NNs | VaAcc: 0.4779 +- 0.0258 | VaLoss: 1.7000 +- 0.0855
249,  0 | TrAcc: 0.7993, TrLoss:  0.56140, VaAcc: 0.7370, VaLoss:  0.87664	 20 sampled NNs | VaAcc: 0.4783 +- 0.0263 | VaLoss: 1.6615 +- 0.0812
250,  0 | TrAcc: 0.7903, TrLoss:  0.56770, VaAcc: 0.7263, VaLoss:  0.86748	 20 sampled NNs | VaAcc: 0.4816 +- 0.0279 | VaLoss: 1.6548 +- 0.1176
251,  0 | TrAcc: 0.8175, TrLoss:  0.52705, VaAcc: 0.7071, VaLoss:  0.96844	 20 sampled NNs | VaAcc: 0.4695 +- 0.0359 | VaLoss: 1.7940 +- 0.1591
252,  0 | TrAcc: 0.7955, TrLoss:  0.56937, VaAcc: 0.7277, VaLoss:  0.86625	 20 sampled NNs | VaAcc: 0.4713 +- 0.0236 | VaLoss: 1.6884 +- 0.0923
253,  0 | TrAcc: 0.7995, TrLoss:  0.56160, VaAcc: 0.7186, VaLoss:  0.87517	 20 sampled NNs | VaAcc: 0.4807 +- 0.0282 | VaLoss: 1.6669 +- 0.0803
254,  0 | TrAcc: 0.7838, TrLoss:  0.59728, VaAcc: 0.7169, VaLoss:  0.86998	 20 sampled NNs | VaAcc: 0.4876 +- 0.0335 | VaLoss: 1.6459 +- 0.1055
255,  0 | TrAcc: 0.8077, TrLoss:  0.54233, VaAcc: 0.7301, VaLoss:  0.85055	 20 sampled NNs | VaAcc: 0.4968 +- 0.0255 | VaLoss: 1.5939 +- 0.1039
256,  0 | TrAcc: 0.8059, TrLoss:  0.54628, VaAcc: 0.7136, VaLoss:  0.91218	 20 sampled NNs | VaAcc: 0.4694 +- 0.0285 | VaLoss: 1.7322 +- 0.1190
257,  0 | TrAcc: 0.8024, TrLoss:  0.55448, VaAcc: 0.7157, VaLoss:  0.90036	 20 sampled NNs | VaAcc: 0.5017 +- 0.0262 | VaLoss: 1.5795 +- 0.1096
258,  0 | TrAcc: 0.7989, TrLoss:  0.54949, VaAcc: 0.7122, VaLoss:  0.89404	 20 sampled NNs | VaAcc: 0.4795 +- 0.0266 | VaLoss: 1.6740 +- 0.1215
259,  0 | TrAcc: 0.7810, TrLoss:  0.58543, VaAcc: 0.7175, VaLoss:  0.91261	 20 sampled NNs | VaAcc: 0.4901 +- 0.0263 | VaLoss: 1.6630 +- 0.1022
260,  0 | TrAcc: 0.8070, TrLoss:  0.52280, VaAcc: 0.7163, VaLoss:  0.87825	 20 sampled NNs | VaAcc: 0.4857 +- 0.0220 | VaLoss: 1.6320 +- 0.0739
261,  0 | TrAcc: 0.8053, TrLoss:  0.54903, VaAcc: 0.7165, VaLoss:  0.87904	 20 sampled NNs | VaAcc: 0.4734 +- 0.0292 | VaLoss: 1.6948 +- 0.1132
262,  0 | TrAcc: 0.8104, TrLoss:  0.52251, VaAcc: 0.7248, VaLoss:  0.86744	 20 sampled NNs | VaAcc: 0.5028 +- 0.0300 | VaLoss: 1.5844 +- 0.1190
263,  0 | TrAcc: 0.8072, TrLoss:  0.51382, VaAcc: 0.7278, VaLoss:  0.83836	 20 sampled NNs | VaAcc: 0.4908 +- 0.0235 | VaLoss: 1.6121 +- 0.1127
264,  0 | TrAcc: 0.8254, TrLoss:  0.49816, VaAcc: 0.7411, VaLoss:  0.82554	 20 sampled NNs | VaAcc: 0.4957 +- 0.0240 | VaLoss: 1.5968 +- 0.0810
265,  0 | TrAcc: 0.8226, TrLoss:  0.52266, VaAcc: 0.7321, VaLoss:  0.85999	 20 sampled NNs | VaAcc: 0.5040 +- 0.0258 | VaLoss: 1.6158 +- 0.0906
266,  0 | TrAcc: 0.8116, TrLoss:  0.52875, VaAcc: 0.7388, VaLoss:  0.84461	 20 sampled NNs | VaAcc: 0.4829 +- 0.0266 | VaLoss: 1.6251 +- 0.1047
267,  0 | TrAcc: 0.8096, TrLoss:  0.54949, VaAcc: 0.7215, VaLoss:  0.88403	 20 sampled NNs | VaAcc: 0.4756 +- 0.0279 | VaLoss: 1.6579 +- 0.1005
268,  0 | TrAcc: 0.7985, TrLoss:  0.56835, VaAcc: 0.7004, VaLoss:  0.93171	 20 sampled NNs | VaAcc: 0.5042 +- 0.0203 | VaLoss: 1.5710 +- 0.0980
269,  0 | TrAcc: 0.8167, TrLoss:  0.51006, VaAcc: 0.7213, VaLoss:  0.89625	 20 sampled NNs | VaAcc: 0.4840 +- 0.0296 | VaLoss: 1.6518 +- 0.1167
270,  0 | TrAcc: 0.7875, TrLoss:  0.58439, VaAcc: 0.7153, VaLoss:  0.90146	 20 sampled NNs | VaAcc: 0.5010 +- 0.0441 | VaLoss: 1.5934 +- 0.1462
271,  0 | TrAcc: 0.8025, TrLoss:  0.57212, VaAcc: 0.7304, VaLoss:  0.84419	 20 sampled NNs | VaAcc: 0.5036 +- 0.0303 | VaLoss: 1.5808 +- 0.0971
272,  0 | TrAcc: 0.8085, TrLoss:  0.53472, VaAcc: 0.7311, VaLoss:  0.84646	 20 sampled NNs | VaAcc: 0.4901 +- 0.0295 | VaLoss: 1.6370 +- 0.1173
273,  0 | TrAcc: 0.8264, TrLoss:      nan, VaAcc: 0.7198, VaLoss:      nan	 20 sampled NNs | VaAcc: 0.4882 +- 0.0302 | VaLoss: 1.6201 +- 0.0776
274,  0 | TrAcc: 0.8220, TrLoss:  0.49618, VaAcc: 0.7286, VaLoss:  0.86516	 20 sampled NNs | VaAcc: 0.5183 +- 0.0351 | VaLoss: 1.5264 +- 0.1029
275,  0 | TrAcc: 0.7990, TrLoss:  0.56123, VaAcc: 0.7241, VaLoss:  0.86681	 20 sampled NNs | VaAcc: 0.5137 +- 0.0205 | VaLoss: 1.5279 +- 0.0893
276,  0 | TrAcc: 0.8161, TrLoss:  0.52373, VaAcc: 0.7233, VaLoss:  0.85984	 20 sampled NNs | VaAcc: 0.4681 +- 0.0269 | VaLoss: 1.6615 +- 0.0927
277,  0 | TrAcc: 0.8033, TrLoss:  0.54290, VaAcc: 0.7405, VaLoss:  0.86105	 20 sampled NNs | VaAcc: 0.5052 +- 0.0258 | VaLoss: 1.6409 +- 0.0981
278,  0 | TrAcc: 0.8154, TrLoss:  0.50733, VaAcc: 0.7322, VaLoss:  0.87183	 20 sampled NNs | VaAcc: 0.4995 +- 0.0247 | VaLoss: 1.5740 +- 0.0707
279,  0 | TrAcc: 0.8033, TrLoss:  0.57558, VaAcc: 0.7102, VaLoss:  0.89329	 20 sampled NNs | VaAcc: 0.4646 +- 0.0240 | VaLoss: 1.7345 +- 0.1016
280,  0 | TrAcc: 0.8060, TrLoss:  0.54386, VaAcc: 0.7238, VaLoss:  0.86408	 20 sampled NNs | VaAcc: 0.4968 +- 0.0313 | VaLoss: 1.6266 +- 0.1056
281,  0 | TrAcc: 0.8010, TrLoss:  0.55032, VaAcc: 0.7288, VaLoss:  0.88465	 20 sampled NNs | VaAcc: 0.4815 +- 0.0267 | VaLoss: 1.6989 +- 0.1072
282,  0 | TrAcc: 0.8030, TrLoss:  0.55547, VaAcc: 0.7102, VaLoss:  0.92858	 20 sampled NNs | VaAcc: 0.4666 +- 0.0332 | VaLoss: 1.7429 +- 0.1123
283,  0 | TrAcc: 0.8201, TrLoss:  0.48913, VaAcc: 0.7405, VaLoss:  0.81696	 20 sampled NNs | VaAcc: 0.4995 +- 0.0270 | VaLoss: 1.6118 +- 0.1091
284,  0 | TrAcc: 0.8237, TrLoss:  0.50525, VaAcc: 0.7318, VaLoss:  0.89728	 20 sampled NNs | VaAcc: 0.4844 +- 0.0260 | VaLoss: 1.6931 +- 0.1065
285,  0 | TrAcc: 0.8170, TrLoss:  0.50307, VaAcc: 0.7351, VaLoss:  0.85072	 20 sampled NNs | VaAcc: 0.4983 +- 0.0247 | VaLoss: 1.6224 +- 0.0856
286,  0 | TrAcc: 0.8089, TrLoss:  0.53111, VaAcc: 0.7188, VaLoss:  0.87607	 20 sampled NNs | VaAcc: 0.4921 +- 0.0269 | VaLoss: 1.6230 +- 0.0851
287,  0 | TrAcc: 0.8144, TrLoss:  0.53011, VaAcc: 0.7359, VaLoss:  0.83552	 20 sampled NNs | VaAcc: 0.4884 +- 0.0250 | VaLoss: 1.6434 +- 0.1020
288,  0 | TrAcc: 0.8028, TrLoss:      nan, VaAcc: 0.7083, VaLoss:      nan	 20 sampled NNs | VaAcc: 0.4885 +- 0.0247 | VaLoss: 1.7069 +- 0.0997
289,  0 | TrAcc: 0.8078, TrLoss:  0.53880, VaAcc: 0.7272, VaLoss:  0.86955	 20 sampled NNs | VaAcc: 0.4944 +- 0.0249 | VaLoss: 1.6438 +- 0.0726
290,  0 | TrAcc: 0.8057, TrLoss:  0.52626, VaAcc: 0.7394, VaLoss:  0.81609	 20 sampled NNs | VaAcc: 0.5134 +- 0.0226 | VaLoss: 1.5573 +- 0.0866
291,  0 | TrAcc: 0.8085, TrLoss:  0.54743, VaAcc: 0.7196, VaLoss:  0.87889	 20 sampled NNs | VaAcc: 0.4731 +- 0.0297 | VaLoss: 1.7173 +- 0.1054
292,  0 | TrAcc: 0.8264, TrLoss:      nan, VaAcc: 0.7348, VaLoss:      nan	 20 sampled NNs | VaAcc: 0.4962 +- 0.0246 | VaLoss: 1.6124 +- 0.1034
293,  0 | TrAcc: 0.8197, TrLoss:  0.51812, VaAcc: 0.7358, VaLoss:  0.83413	 20 sampled NNs | VaAcc: 0.4979 +- 0.0288 | VaLoss: 1.6195 +- 0.0896
294,  0 | TrAcc: 0.7937, TrLoss:  0.59451, VaAcc: 0.7243, VaLoss:  0.87220	 20 sampled NNs | VaAcc: 0.4999 +- 0.0236 | VaLoss: 1.6220 +- 0.1029
295,  0 | TrAcc: 0.7946, TrLoss:  0.57905, VaAcc: 0.7300, VaLoss:  0.84777	 20 sampled NNs | VaAcc: 0.4787 +- 0.0276 | VaLoss: 1.6584 +- 0.1032
296,  0 | TrAcc: 0.7993, TrLoss:  0.55042, VaAcc: 0.7185, VaLoss:  0.90339	 20 sampled NNs | VaAcc: 0.4704 +- 0.0232 | VaLoss: 1.7045 +- 0.1237
297,  0 | TrAcc: 0.7852, TrLoss:  0.59945, VaAcc: 0.7208, VaLoss:  0.88597	 20 sampled NNs | VaAcc: 0.4957 +- 0.0281 | VaLoss: 1.6614 +- 0.1129
298,  0 | TrAcc: 0.8119, TrLoss:  0.53099, VaAcc: 0.7264, VaLoss:  0.84355	 20 sampled NNs | VaAcc: 0.5001 +- 0.0251 | VaLoss: 1.5919 +- 0.0962
299,  0 | TrAcc: 0.8114, TrLoss:  0.53381, VaAcc: 0.7130, VaLoss:  0.89230	 20 sampled NNs | VaAcc: 0.5000 +- 0.0261 | VaLoss: 1.5981 +- 0.0805
300,  0 | TrAcc: 0.8202, TrLoss:  0.51150, VaAcc: 0.7391, VaLoss:  0.84260	 20 sampled NNs | VaAcc: 0.5037 +- 0.0230 | VaLoss: 1.6067 +- 0.1067
301,  0 | TrAcc: 0.8180, TrLoss:  0.52169, VaAcc: 0.7367, VaLoss:  0.83432	 20 sampled NNs | VaAcc: 0.5151 +- 0.0245 | VaLoss: 1.5258 +- 0.0794
302,  0 | TrAcc: 0.8003, TrLoss:  0.55553, VaAcc: 0.7377, VaLoss:  0.84172	 20 sampled NNs | VaAcc: 0.5353 +- 0.0232 | VaLoss: 1.4898 +- 0.0749
303,  0 | TrAcc: 0.8075, TrLoss:  0.53572, VaAcc: 0.7343, VaLoss:  0.84281	 20 sampled NNs | VaAcc: 0.5187 +- 0.0248 | VaLoss: 1.5500 +- 0.0752
304,  0 | TrAcc: 0.8107, TrLoss:  0.52402, VaAcc: 0.7286, VaLoss:  0.84606	 20 sampled NNs | VaAcc: 0.5201 +- 0.0211 | VaLoss: 1.5570 +- 0.0927
305,  0 | TrAcc: 0.8155, TrLoss:  0.54567, VaAcc: 0.7208, VaLoss:  0.88843	 20 sampled NNs | VaAcc: 0.5004 +- 0.0261 | VaLoss: 1.5996 +- 0.1071
306,  0 | TrAcc: 0.7997, TrLoss:  0.54513, VaAcc: 0.7164, VaLoss:  0.86825	 20 sampled NNs | VaAcc: 0.4967 +- 0.0272 | VaLoss: 1.5944 +- 0.1126
307,  0 | TrAcc: 0.8119, TrLoss:  0.52443, VaAcc: 0.7233, VaLoss:  0.85502	 20 sampled NNs | VaAcc: 0.5107 +- 0.0224 | VaLoss: 1.6222 +- 0.0882
308,  0 | TrAcc: 0.8203, TrLoss:  0.51439, VaAcc: 0.7309, VaLoss:  0.83617	 20 sampled NNs | VaAcc: 0.4993 +- 0.0268 | VaLoss: 1.6039 +- 0.1036
309,  0 | TrAcc: 0.8236, TrLoss:  0.47630, VaAcc: 0.7239, VaLoss:  0.87629	 20 sampled NNs | VaAcc: 0.5182 +- 0.0235 | VaLoss: 1.5313 +- 0.0622
310,  0 | TrAcc: 0.7955, TrLoss:  0.57100, VaAcc: 0.7289, VaLoss:  0.85118	 20 sampled NNs | VaAcc: 0.5075 +- 0.0297 | VaLoss: 1.5719 +- 0.1032
311,  0 | TrAcc: 0.8236, TrLoss:  0.49797, VaAcc: 0.7320, VaLoss:  0.84033	 20 sampled NNs | VaAcc: 0.5166 +- 0.0293 | VaLoss: 1.5459 +- 0.1125
312,  0 | TrAcc: 0.8134, TrLoss:      nan, VaAcc: 0.7328, VaLoss:      nan	 20 sampled NNs | VaAcc: 0.5086 +- 0.0350 | VaLoss: 1.5854 +- 0.1166
313,  0 | TrAcc: 0.8151, TrLoss:  0.51846, VaAcc: 0.7252, VaLoss:  0.86642	 20 sampled NNs | VaAcc: 0.4721 +- 0.0183 | VaLoss: 1.7303 +- 0.0924
314,  0 | TrAcc: 0.7982, TrLoss:  0.56882, VaAcc: 0.7251, VaLoss:  0.88138	 20 sampled NNs | VaAcc: 0.4701 +- 0.0285 | VaLoss: 1.7021 +- 0.0959
315,  0 | TrAcc: 0.8072, TrLoss:  0.55274, VaAcc: 0.7253, VaLoss:  0.85351	 20 sampled NNs | VaAcc: 0.4972 +- 0.0344 | VaLoss: 1.5920 +- 0.1252
316,  0 | TrAcc: 0.8188, TrLoss:  0.50583, VaAcc: 0.7330, VaLoss:  0.83660	 20 sampled NNs | VaAcc: 0.5165 +- 0.0201 | VaLoss: 1.5331 +- 0.0851
317,  0 | TrAcc: 0.8037, TrLoss:  0.55140, VaAcc: 0.7281, VaLoss:  0.86776	 20 sampled NNs | VaAcc: 0.4859 +- 0.0303 | VaLoss: 1.6550 +- 0.0980
318,  0 | TrAcc: 0.8009, TrLoss:  0.56267, VaAcc: 0.7318, VaLoss:  0.84078	 20 sampled NNs | VaAcc: 0.4923 +- 0.0239 | VaLoss: 1.6183 +- 0.0895
319,  0 | TrAcc: 0.8298, TrLoss:  0.46375, VaAcc: 0.7256, VaLoss:  0.85678	 20 sampled NNs | VaAcc: 0.5217 +- 0.0283 | VaLoss: 1.5218 +- 0.1220
320,  0 | TrAcc: 0.8043, TrLoss:  0.54104, VaAcc: 0.7210, VaLoss:  0.88467	 20 sampled NNs | VaAcc: 0.4610 +- 0.0268 | VaLoss: 1.7574 +- 0.1282
321,  0 | TrAcc: 0.8134, TrLoss:  0.53030, VaAcc: 0.7194, VaLoss:  0.87499	 20 sampled NNs | VaAcc: 0.4879 +- 0.0264 | VaLoss: 1.6725 +- 0.0993
322,  0 | TrAcc: 0.7834, TrLoss:  0.59759, VaAcc: 0.7177, VaLoss:  0.86150	 20 sampled NNs | VaAcc: 0.5096 +- 0.0338 | VaLoss: 1.6141 +- 0.1308
323,  0 | TrAcc: 0.7908, TrLoss:  0.58691, VaAcc: 0.7314, VaLoss:  0.82417	 20 sampled NNs | VaAcc: 0.5158 +- 0.0258 | VaLoss: 1.5674 +- 0.1038
324,  0 | TrAcc: 0.8127, TrLoss:  0.51416, VaAcc: 0.7353, VaLoss:  0.82536	 20 sampled NNs | VaAcc: 0.5102 +- 0.0301 | VaLoss: 1.5857 +- 0.1125
325,  0 | TrAcc: 0.8030, TrLoss:  0.54179, VaAcc: 0.7353, VaLoss:  0.83103	 20 sampled NNs | VaAcc: 0.5084 +- 0.0290 | VaLoss: 1.5934 +- 0.1154
326,  0 | TrAcc: 0.8198, TrLoss:  0.50946, VaAcc: 0.7400, VaLoss:  0.82188	 20 sampled NNs | VaAcc: 0.5175 +- 0.0227 | VaLoss: 1.6114 +- 0.1032
327,  0 | TrAcc: 0.8250, TrLoss:  0.48627, VaAcc: 0.7438, VaLoss:  0.82473	 20 sampled NNs | VaAcc: 0.5057 +- 0.0297 | VaLoss: 1.5668 +- 0.0909
328,  0 | TrAcc: 0.7977, TrLoss:  0.55704, VaAcc: 0.7316, VaLoss:  0.84395	 20 sampled NNs | VaAcc: 0.5083 +- 0.0249 | VaLoss: 1.5527 +- 0.0802
329,  0 | TrAcc: 0.8077, TrLoss:  0.55186, VaAcc: 0.7217, VaLoss:  0.88964	 20 sampled NNs | VaAcc: 0.5030 +- 0.0286 | VaLoss: 1.6308 +- 0.0900
330,  0 | TrAcc: 0.8218, TrLoss:  0.50585, VaAcc: 0.7264, VaLoss:  0.83449	 20 sampled NNs | VaAcc: 0.5044 +- 0.0217 | VaLoss: 1.5550 +- 0.0649
331,  0 | TrAcc: 0.8268, TrLoss:  0.49182, VaAcc: 0.7313, VaLoss:  0.85353	 20 sampled NNs | VaAcc: 0.5161 +- 0.0276 | VaLoss: 1.5494 +- 0.0992
332,  0 | TrAcc: 0.8049, TrLoss:  0.55483, VaAcc: 0.7220, VaLoss:  0.89136	 20 sampled NNs | VaAcc: 0.5031 +- 0.0283 | VaLoss: 1.5938 +- 0.0776
333,  0 | TrAcc: 0.7904, TrLoss:  0.59163, VaAcc: 0.7266, VaLoss:  0.82982	 20 sampled NNs | VaAcc: 0.4665 +- 0.0324 | VaLoss: 1.7409 +- 0.1315
334,  0 | TrAcc: 0.8132, TrLoss:  0.51857, VaAcc: 0.7368, VaLoss:  0.82633	 20 sampled NNs | VaAcc: 0.4963 +- 0.0349 | VaLoss: 1.6310 +- 0.1476
335,  0 | TrAcc: 0.8221, TrLoss:  0.51048, VaAcc: 0.7287, VaLoss:  0.87210	 20 sampled NNs | VaAcc: 0.5038 +- 0.0226 | VaLoss: 1.5924 +- 0.0852
336,  0 | TrAcc: 0.8159, TrLoss:  0.50592, VaAcc: 0.7377, VaLoss:  0.80473	 20 sampled NNs | VaAcc: 0.4832 +- 0.0256 | VaLoss: 1.6565 +- 0.1062
337,  0 | TrAcc: 0.8232, TrLoss:  0.48165, VaAcc: 0.7347, VaLoss:  0.84568	 20 sampled NNs | VaAcc: 0.4979 +- 0.0314 | VaLoss: 1.6155 +- 0.0993
338,  0 | TrAcc: 0.8092, TrLoss:  0.54178, VaAcc: 0.7117, VaLoss:  0.90896	 20 sampled NNs | VaAcc: 0.4722 +- 0.0288 | VaLoss: 1.6859 +- 0.1118
339,  0 | TrAcc: 0.7982, TrLoss:  0.57344, VaAcc: 0.7351, VaLoss:  0.78727	 20 sampled NNs | VaAcc: 0.5069 +- 0.0345 | VaLoss: 1.5861 +- 0.1282
340,  0 | TrAcc: 0.8041, TrLoss:  0.55322, VaAcc: 0.7369, VaLoss:  0.82133	 20 sampled NNs | VaAcc: 0.4885 +- 0.0336 | VaLoss: 1.6824 +- 0.1319
341,  0 | TrAcc: 0.7984, TrLoss:  0.58184, VaAcc: 0.7393, VaLoss:  0.80247	 20 sampled NNs | VaAcc: 0.5342 +- 0.0263 | VaLoss: 1.4701 +- 0.0991
342,  0 | TrAcc: 0.8166, TrLoss:  0.52564, VaAcc: 0.7199, VaLoss:  0.88300	 20 sampled NNs | VaAcc: 0.4904 +- 0.0377 | VaLoss: 1.6623 +- 0.1328
343,  0 | TrAcc: 0.8227, TrLoss:  0.50614, VaAcc: 0.7244, VaLoss:  0.90025	 20 sampled NNs | VaAcc: 0.5026 +- 0.0391 | VaLoss: 1.6565 +- 0.1447
344,  0 | TrAcc: 0.8298, TrLoss:  0.47200, VaAcc: 0.7215, VaLoss:  0.87674	 20 sampled NNs | VaAcc: 0.5138 +- 0.0254 | VaLoss: 1.5738 +- 0.0894
345,  0 | TrAcc: 0.8112, TrLoss:  0.53107, VaAcc: 0.7169, VaLoss:  0.87985	 20 sampled NNs | VaAcc: 0.5097 +- 0.0359 | VaLoss: 1.5625 +- 0.1217
346,  0 | TrAcc: 0.8213, TrLoss:  0.51679, VaAcc: 0.7331, VaLoss:  0.81065	 20 sampled NNs | VaAcc: 0.5117 +- 0.0229 | VaLoss: 1.5647 +- 0.1098
347,  0 | TrAcc: 0.8120, TrLoss:  0.53747, VaAcc: 0.7215, VaLoss:  0.87204	 20 sampled NNs | VaAcc: 0.4940 +- 0.0293 | VaLoss: 1.6467 +- 0.1384
348,  0 | TrAcc: 0.8107, TrLoss:  0.53679, VaAcc: 0.7185, VaLoss:  0.86274	 20 sampled NNs | VaAcc: 0.4732 +- 0.0380 | VaLoss: 1.6902 +- 0.1491
349,  0 | TrAcc: 0.8240, TrLoss:  0.50400, VaAcc: 0.7269, VaLoss:  0.84435	 20 sampled NNs | VaAcc: 0.5112 +- 0.0299 | VaLoss: 1.5859 +- 0.0998
350,  0 | TrAcc: 0.8164, TrLoss:  0.52399, VaAcc: 0.7346, VaLoss:  0.83407	 20 sampled NNs | VaAcc: 0.5132 +- 0.0254 | VaLoss: 1.6251 +- 0.1016
351,  0 | TrAcc: 0.8071, TrLoss:  0.53944, VaAcc: 0.7278, VaLoss:  0.85387	 20 sampled NNs | VaAcc: 0.5047 +- 0.0242 | VaLoss: 1.6257 +- 0.0914
352,  0 | TrAcc: 0.7976, TrLoss:  0.55659, VaAcc: 0.7434, VaLoss:  0.80780	 20 sampled NNs | VaAcc: 0.5050 +- 0.0282 | VaLoss: 1.6012 +- 0.1117
353,  0 | TrAcc: 0.8085, TrLoss:  0.52773, VaAcc: 0.7255, VaLoss:  0.86940	 20 sampled NNs | VaAcc: 0.4976 +- 0.0249 | VaLoss: 1.6110 +- 0.0785
354,  0 | TrAcc: 0.8119, TrLoss:  0.52645, VaAcc: 0.7379, VaLoss:  0.82886	 20 sampled NNs | VaAcc: 0.4910 +- 0.0284 | VaLoss: 1.6561 +- 0.1222
355,  0 | TrAcc: 0.8084, TrLoss:  0.55223, VaAcc: 0.7171, VaLoss:  0.82390	 20 sampled NNs | VaAcc: 0.4935 +- 0.0184 | VaLoss: 1.5774 +- 0.0773
356,  0 | TrAcc: 0.8341, TrLoss:  0.48833, VaAcc: 0.7395, VaLoss:  0.82114	 20 sampled NNs | VaAcc: 0.5146 +- 0.0231 | VaLoss: 1.5458 +- 0.0910
357,  0 | TrAcc: 0.8271, TrLoss:  0.48514, VaAcc: 0.7367, VaLoss:  0.84157	 20 sampled NNs | VaAcc: 0.5057 +- 0.0310 | VaLoss: 1.6031 +- 0.0916
358,  0 | TrAcc: 0.8145, TrLoss:  0.51995, VaAcc: 0.7199, VaLoss:  0.92675	 20 sampled NNs | VaAcc: 0.5236 +- 0.0261 | VaLoss: 1.5559 +- 0.0929
359,  0 | TrAcc: 0.8045, TrLoss:  0.52691, VaAcc: 0.7315, VaLoss:  0.85971	 20 sampled NNs | VaAcc: 0.5333 +- 0.0268 | VaLoss: 1.5021 +- 0.1139
360,  0 | TrAcc: 0.8104, TrLoss:  0.55088, VaAcc: 0.7516, VaLoss:  0.79021	 20 sampled NNs | VaAcc: 0.5375 +- 0.0231 | VaLoss: 1.4765 +- 0.0897
361,  0 | TrAcc: 0.8238, TrLoss:  0.50054, VaAcc: 0.7381, VaLoss:  0.84231	 20 sampled NNs | VaAcc: 0.5436 +- 0.0306 | VaLoss: 1.4623 +- 0.0988
362,  0 | TrAcc: 0.8220, TrLoss:  0.49061, VaAcc: 0.7394, VaLoss:  0.85095	 20 sampled NNs | VaAcc: 0.5181 +- 0.0275 | VaLoss: 1.5643 +- 0.0983
363,  0 | TrAcc: 0.8268, TrLoss:  0.47950, VaAcc: 0.7241, VaLoss:  0.88410	 20 sampled NNs | VaAcc: 0.5224 +- 0.0259 | VaLoss: 1.5313 +- 0.0771
364,  0 | TrAcc: 0.8281, TrLoss:  0.49829, VaAcc: 0.7342, VaLoss:  0.84016	 20 sampled NNs | VaAcc: 0.5297 +- 0.0193 | VaLoss: 1.5122 +- 0.0983
365,  0 | TrAcc: 0.8192, TrLoss:  0.51673, VaAcc: 0.7298, VaLoss:  0.82694	 20 sampled NNs | VaAcc: 0.5129 +- 0.0240 | VaLoss: 1.5509 +- 0.0991
366,  0 | TrAcc: 0.7978, TrLoss:  0.57342, VaAcc: 0.7399, VaLoss:  0.81522	 20 sampled NNs | VaAcc: 0.5049 +- 0.0301 | VaLoss: 1.6170 +- 0.1151
367,  0 | TrAcc: 0.8070, TrLoss:  0.54673, VaAcc: 0.7340, VaLoss:  0.83963	 20 sampled NNs | VaAcc: 0.5149 +- 0.0188 | VaLoss: 1.5468 +- 0.0806
368,  0 | TrAcc: 0.8180, TrLoss:  0.51588, VaAcc: 0.7310, VaLoss:  0.86256	 20 sampled NNs | VaAcc: 0.5111 +- 0.0292 | VaLoss: 1.5817 +- 0.1177
369,  0 | TrAcc: 0.8194, TrLoss:  0.52389, VaAcc: 0.7405, VaLoss:  0.81613	 20 sampled NNs | VaAcc: 0.5380 +- 0.0342 | VaLoss: 1.4697 +- 0.1072
370,  0 | TrAcc: 0.7958, TrLoss:  0.57394, VaAcc: 0.7332, VaLoss:  0.84829	 20 sampled NNs | VaAcc: 0.5245 +- 0.0239 | VaLoss: 1.5295 +- 0.1032
371,  0 | TrAcc: 0.7944, TrLoss:  0.58193, VaAcc: 0.7387, VaLoss:  0.81217	 20 sampled NNs | VaAcc: 0.5085 +- 0.0279 | VaLoss: 1.5631 +- 0.0845
372,  0 | TrAcc: 0.8015, TrLoss:  0.53972, VaAcc: 0.7225, VaLoss:  0.89644	 20 sampled NNs | VaAcc: 0.5116 +- 0.0280 | VaLoss: 1.5645 +- 0.1048
373,  0 | TrAcc: 0.8106, TrLoss:  0.52472, VaAcc: 0.7247, VaLoss:  0.87791	 20 sampled NNs | VaAcc: 0.4958 +- 0.0297 | VaLoss: 1.6461 +- 0.1208
374,  0 | TrAcc: 0.8141, TrLoss:  0.51339, VaAcc: 0.7387, VaLoss:  0.83654	 20 sampled NNs | VaAcc: 0.5269 +- 0.0314 | VaLoss: 1.5116 +- 0.0988
375,  0 | TrAcc: 0.8105, TrLoss:  0.52911, VaAcc: 0.7250, VaLoss:  0.86863	 20 sampled NNs | VaAcc: 0.4890 +- 0.0224 | VaLoss: 1.6538 +- 0.0960
376,  0 | TrAcc: 0.7979, TrLoss:  0.55691, VaAcc: 0.7298, VaLoss:  0.85149	 20 sampled NNs | VaAcc: 0.5106 +- 0.0295 | VaLoss: 1.5934 +- 0.1183
377,  0 | TrAcc: 0.8051, TrLoss:  0.56403, VaAcc: 0.7225, VaLoss:  0.87043	 20 sampled NNs | VaAcc: 0.5157 +- 0.0277 | VaLoss: 1.5214 +- 0.1029
378,  0 | TrAcc: 0.8124, TrLoss:  0.52255, VaAcc: 0.7304, VaLoss:  0.84639	 20 sampled NNs | VaAcc: 0.5153 +- 0.0397 | VaLoss: 1.5645 +- 0.1165
379,  0 | TrAcc: 0.8097, TrLoss:  0.52640, VaAcc: 0.7282, VaLoss:  0.87422	 20 sampled NNs | VaAcc: 0.5110 +- 0.0247 | VaLoss: 1.6028 +- 0.1080
380,  0 | TrAcc: 0.7949, TrLoss:  0.56736, VaAcc: 0.7077, VaLoss:  0.93419	 20 sampled NNs | VaAcc: 0.4905 +- 0.0234 | VaLoss: 1.6526 +- 0.1093
381,  0 | TrAcc: 0.7952, TrLoss:  0.57681, VaAcc: 0.7261, VaLoss:  0.85859	 20 sampled NNs | VaAcc: 0.5092 +- 0.0278 | VaLoss: 1.5717 +- 0.1122
382,  0 | TrAcc: 0.8217, TrLoss:  0.50870, VaAcc: 0.7228, VaLoss:  0.84921	 20 sampled NNs | VaAcc: 0.5150 +- 0.0273 | VaLoss: 1.5595 +- 0.1047
383,  0 | TrAcc: 0.8084, TrLoss:  0.52503, VaAcc: 0.7413, VaLoss:  0.80486	 20 sampled NNs | VaAcc: 0.4963 +- 0.0292 | VaLoss: 1.6014 +- 0.1058
384,  0 | TrAcc: 0.8063, TrLoss:  0.54847, VaAcc: 0.7276, VaLoss:  0.83974	 20 sampled NNs | VaAcc: 0.4927 +- 0.0262 | VaLoss: 1.6065 +- 0.1024
385,  0 | TrAcc: 0.8047, TrLoss:  0.55578, VaAcc: 0.7215, VaLoss:  0.84235	 20 sampled NNs | VaAcc: 0.4911 +- 0.0342 | VaLoss: 1.6175 +- 0.1170
386,  0 | TrAcc: 0.8331, TrLoss:  0.47067, VaAcc: 0.7217, VaLoss:  0.91059	 20 sampled NNs | VaAcc: 0.5152 +- 0.0386 | VaLoss: 1.5726 +- 0.1196
387,  0 | TrAcc: 0.8195, TrLoss:  0.50046, VaAcc: 0.7257, VaLoss:  0.87406	 20 sampled NNs | VaAcc: 0.5174 +- 0.0344 | VaLoss: 1.5572 +- 0.1272
388,  0 | TrAcc: 0.8203, TrLoss:  0.49212, VaAcc: 0.7170, VaLoss:  0.86461	 20 sampled NNs | VaAcc: 0.5255 +- 0.0242 | VaLoss: 1.5723 +- 0.0737
389,  0 | TrAcc: 0.7913, TrLoss:  0.60071, VaAcc: 0.7261, VaLoss:  0.84756	 20 sampled NNs | VaAcc: 0.4905 +- 0.0251 | VaLoss: 1.6091 +- 0.1067
390,  0 | TrAcc: 0.8081, TrLoss:  0.54453, VaAcc: 0.7207, VaLoss:  0.89954	 20 sampled NNs | VaAcc: 0.5150 +- 0.0264 | VaLoss: 1.5520 +- 0.0840
391,  0 | TrAcc: 0.8011, TrLoss:  0.55277, VaAcc: 0.7247, VaLoss:  0.87447	 20 sampled NNs | VaAcc: 0.5226 +- 0.0313 | VaLoss: 1.5059 +- 0.0970
392,  0 | TrAcc: 0.8204, TrLoss:  0.51013, VaAcc: 0.7256, VaLoss:  0.85918	 20 sampled NNs | VaAcc: 0.5252 +- 0.0280 | VaLoss: 1.5188 +- 0.1049
393,  0 | TrAcc: 0.7969, TrLoss:  0.56059, VaAcc: 0.7255, VaLoss:  0.84788	 20 sampled NNs | VaAcc: 0.4910 +- 0.0311 | VaLoss: 1.6376 +- 0.1337
394,  0 | TrAcc: 0.8003, TrLoss:  0.57266, VaAcc: 0.7260, VaLoss:  0.88295	 20 sampled NNs | VaAcc: 0.4957 +- 0.0253 | VaLoss: 1.6691 +- 0.1064
395,  0 | TrAcc: 0.8273, TrLoss:  0.47718, VaAcc: 0.7287, VaLoss:  0.88174	 20 sampled NNs | VaAcc: 0.5308 +- 0.0228 | VaLoss: 1.4717 +- 0.0651
396,  0 | TrAcc: 0.8223, TrLoss:  0.50874, VaAcc: 0.7097, VaLoss:  0.94226	 20 sampled NNs | VaAcc: 0.4967 +- 0.0277 | VaLoss: 1.6285 +- 0.0843
397,  0 | TrAcc: 0.8185, TrLoss:  0.51818, VaAcc: 0.7315, VaLoss:  0.84500	 20 sampled NNs | VaAcc: 0.5339 +- 0.0159 | VaLoss: 1.4957 +- 0.0489
398,  0 | TrAcc: 0.8176, TrLoss:  0.51916, VaAcc: 0.7098, VaLoss:  0.92532	 20 sampled NNs | VaAcc: 0.5136 +- 0.0318 | VaLoss: 1.6010 +- 0.1496
399,  0 | TrAcc: 0.8235, TrLoss:  0.49291, VaAcc: 0.7255, VaLoss:  0.86843	 20 sampled NNs | VaAcc: 0.5196 +- 0.0263 | VaLoss: 1.5472 +- 0.1027
112201.508936
----------------------------
