

config:

HOME=/clusterFS/home/student/kopp13
PATH=/clusterFS/home/student/kopp13/miniconda3/envs/tensorflow/bin:/clusterFS/home/student/kopp13/miniconda3/bin:/clusterFS/home/student/kopp13/bin:/usr/local/bin:/usr/bin:/bin:/usr/local/games:/usr/games
LD_LIBRARY_PATH=
THEANO_FLAGS=floatX=float32,gpuarray.preallocate=0.9,dnn.library_path=/usr/lib/x86_64-linux-gnu,cxx=clang++-3.8,device=cuda,base_compiledir=/tmp/tmp.P1cmqdFcO2

=============================
CONFIG FILE

RNN CONFIG
{'data_multiplier': 1000.0,
 'gradient_clip_value': 0.5,
 'layer_configs': [{'layer_type': 'input'},
                   {'bc': {'init_m': 'xavier',
                           'init_v': -4.5,
                           'prior_m': 0.0,
                           'prior_v': 0.0,
                           'type': 'continuous'},
                    'bf': {'init_m': 'xavier',
                           'init_v': -4.5,
                           'prior_m': 0.0,
                           'prior_v': 0.0,
                           'type': 'continuous'},
                    'bi': {'init_m': 'xavier',
                           'init_v': -4.5,
                           'prior_m': 0.0,
                           'prior_v': 0.0,
                           'type': 'continuous'},
                    'bo': {'init_m': 'xavier',
                           'init_v': -4.5,
                           'prior_m': 0.0,
                           'prior_v': 0.0,
                           'type': 'continuous'},
                    'discrete_act': True,
                    'init_config': {'c': {'b': 'all_zero', 'w': 'xavier'},
                                    'f': {'b': 'all_one', 'w': 'all_zero'},
                                    'i': {'b': 'all_zero', 'w': 'xavier'},
                                    'o': {'b': 'all_zero', 'w': 'xavier'}},
                    'is_output': False,
                    'is_recurrent': True,
                    'layer_type': 'lstm',
                    'tau': 0.6,
                    'var_scope': 'lstm_0',
                    'wc': {'p0max': 0.95,
                           'p0min': 0.05,
                           'pmax': 0.99,
                           'pmin': 0.01,
                           'priors': [0.2, 0.6, 0.2],
                           'type': 'ternary'},
                    'wf': {'p0max': 0.95,
                           'p0min': 0.05,
                           'pmax': 0.99,
                           'pmin': 0.01,
                           'priors': [0.2, 0.6, 0.2],
                           'type': 'ternary'},
                    'wi': {'p0max': 0.95,
                           'p0min': 0.05,
                           'pmax': 0.99,
                           'pmin': 0.01,
                           'priors': [0.2, 0.6, 0.2],
                           'type': 'ternary'},
                    'wo': {'p0max': 0.95,
                           'p0min': 0.05,
                           'pmax': 0.99,
                           'pmin': 0.01,
                           'priors': [0.2, 0.6, 0.2],
                           'type': 'ternary'}},
                   {'bc': {'init_m': 'xavier',
                           'init_v': -4.5,
                           'prior_m': 0.0,
                           'prior_v': 0.0,
                           'type': 'continuous'},
                    'bf': {'init_m': 'xavier',
                           'init_v': -4.5,
                           'prior_m': 0.0,
                           'prior_v': 0.0,
                           'type': 'continuous'},
                    'bi': {'init_m': 'xavier',
                           'init_v': -4.5,
                           'prior_m': 0.0,
                           'prior_v': 0.0,
                           'type': 'continuous'},
                    'bo': {'init_m': 'xavier',
                           'init_v': -4.5,
                           'prior_m': 0.0,
                           'prior_v': 0.0,
                           'type': 'continuous'},
                    'discrete_act': True,
                    'init_config': {'c': {'b': 'all_zero', 'w': 'xavier'},
                                    'f': {'b': 'all_one', 'w': 'all_zero'},
                                    'i': {'b': 'all_zero', 'w': 'xavier'},
                                    'o': {'b': 'all_zero', 'w': 'xavier'}},
                    'is_output': False,
                    'is_recurrent': True,
                    'layer_type': 'lstm',
                    'tau': 0.6,
                    'var_scope': 'lstm_1',
                    'wc': {'p0max': 0.95,
                           'p0min': 0.05,
                           'pmax': 0.99,
                           'pmin': 0.01,
                           'priors': [0.2, 0.6, 0.2],
                           'type': 'ternary'},
                    'wf': {'p0max': 0.95,
                           'p0min': 0.05,
                           'pmax': 0.99,
                           'pmin': 0.01,
                           'priors': [0.2, 0.6, 0.2],
                           'type': 'ternary'},
                    'wi': {'p0max': 0.95,
                           'p0min': 0.05,
                           'pmax': 0.99,
                           'pmin': 0.01,
                           'priors': [0.2, 0.6, 0.2],
                           'type': 'ternary'},
                    'wo': {'p0max': 0.95,
                           'p0min': 0.05,
                           'pmax': 0.99,
                           'pmin': 0.01,
                           'priors': [0.2, 0.6, 0.2],
                           'type': 'ternary'}},
                   {'b': {'init_m': 'xavier',
                          'init_v': -4.5,
                          'prior_m': 0.0,
                          'prior_v': 0.0,
                          'type': 'continuous'},
                    'is_output': True,
                    'is_recurrent': False,
                    'layer_type': 'fc',
                    'regularization': {'mode': None, 'strength': 0.02},
                    'tau': 0.6,
                    'var_scope': 'output_layer',
                    'w': {'p0max': 0.95,
                          'p0min': 0.05,
                          'pmax': 0.99,
                          'pmin': 0.01,
                          'priors': [0.2, 0.6, 0.2],
                          'type': 'ternary'}}],
 'layout': [4, 60, 60, 10],
 'output_type': 'classification'}

DATA CONFIG
{'dataset': 'red_penstroke',
 'tr': {'in_seq_len': 30,
        'minibatch_enabled': True,
        'minibatch_size': 200,
        'out_seq_len': 5,
        'zero_padding': 20},
 'va': {'in_seq_len': 30,
        'minibatch_enabled': True,
        'minibatch_size': 200,
        'out_seq_len': 5,
        'zero_padding': 20}}

TRAINING CONFIG
{'beta_reg': 0.0,
 'is_pretrain': False,
 'learning_rate': 0.003,
 'mode': {'max_epochs': 400, 'min_error': 0.0, 'name': 'classic'},
 'task_id': 2,
 'type': 'l_sampling',
 'var_reg': 0.01}
==============================


  0,  0 | TrAcc: 0.1012, TrLoss:  3.20909, VaAcc: 0.1011, VaLoss:  3.20632	 20 sampled NNs | VaAcc: 0.1021 +- 0.0134 | VaLoss: 4.1357 +- 0.2199
  1,  0 | TrAcc: 0.1625, TrLoss:  2.25400, VaAcc: 0.1421, VaLoss:  2.26014	 20 sampled NNs | VaAcc: 0.1210 +- 0.0111 | VaLoss: 2.5336 +- 0.0927
  2,  0 | TrAcc: 0.1610, TrLoss:  2.28006, VaAcc: 0.1342, VaLoss:  2.28570	 20 sampled NNs | VaAcc: 0.1316 +- 0.0120 | VaLoss: 2.3772 +- 0.0583
  3,  0 | TrAcc: 0.1388, TrLoss:  2.27002, VaAcc: 0.1213, VaLoss:  2.27680	 20 sampled NNs | VaAcc: 0.1184 +- 0.0155 | VaLoss: 2.3472 +- 0.0403
  4,  0 | TrAcc: 0.1766, TrLoss:  2.24897, VaAcc: 0.1465, VaLoss:  2.28770	 20 sampled NNs | VaAcc: 0.1358 +- 0.0138 | VaLoss: 2.3730 +- 0.0678
  5,  0 | TrAcc: 0.1113, TrLoss:  2.26250, VaAcc: 0.1193, VaLoss:  2.26725	 20 sampled NNs | VaAcc: 0.1123 +- 0.0075 | VaLoss: 2.3472 +- 0.0484
  6,  0 | TrAcc: 0.1966, TrLoss:  2.12864, VaAcc: 0.1671, VaLoss:  2.19310	 20 sampled NNs | VaAcc: 0.1396 +- 0.0173 | VaLoss: 2.3606 +- 0.0801
  7,  0 | TrAcc: 0.2578, TrLoss:  1.98360, VaAcc: 0.2535, VaLoss:  1.96944	 20 sampled NNs | VaAcc: 0.1269 +- 0.0192 | VaLoss: 2.3811 +- 0.0834
  8,  0 | TrAcc: 0.3117, TrLoss:  1.77673, VaAcc: 0.2905, VaLoss:  1.81227	 20 sampled NNs | VaAcc: 0.1526 +- 0.0318 | VaLoss: 2.2645 +- 0.1274
  9,  0 | TrAcc: 0.3277, TrLoss:  1.74227, VaAcc: 0.3275, VaLoss:  1.74591	 20 sampled NNs | VaAcc: 0.1797 +- 0.0416 | VaLoss: 2.2231 +- 0.1356
 10,  0 | TrAcc: 0.3531, TrLoss:  1.69811, VaAcc: 0.3470, VaLoss:  1.69403	 20 sampled NNs | VaAcc: 0.2200 +- 0.0273 | VaLoss: 2.0753 +- 0.1053
 11,  0 | TrAcc: 0.3893, TrLoss:  1.62349, VaAcc: 0.4183, VaLoss:  1.61489	 20 sampled NNs | VaAcc: 0.2122 +- 0.0395 | VaLoss: 2.1439 +- 0.0958
 12,  0 | TrAcc: 0.4173, TrLoss:  1.52892, VaAcc: 0.4151, VaLoss:  1.60669	 20 sampled NNs | VaAcc: 0.2349 +- 0.0507 | VaLoss: 2.1420 +- 0.1365
 13,  0 | TrAcc: 0.4359, TrLoss:  1.54948, VaAcc: 0.4539, VaLoss:  1.51306	 20 sampled NNs | VaAcc: 0.2406 +- 0.0303 | VaLoss: 2.0778 +- 0.0945
 14,  0 | TrAcc: 0.4410, TrLoss:  1.51652, VaAcc: 0.4641, VaLoss:  1.50966	 20 sampled NNs | VaAcc: 0.2425 +- 0.0416 | VaLoss: 2.1511 +- 0.1256
 15,  0 | TrAcc: 0.4587, TrLoss:  1.47372, VaAcc: 0.4847, VaLoss:  1.44588	 20 sampled NNs | VaAcc: 0.2915 +- 0.0327 | VaLoss: 2.0161 +- 0.0873
 16,  0 | TrAcc: 0.5045, TrLoss:  1.36996, VaAcc: 0.5167, VaLoss:  1.39417	 20 sampled NNs | VaAcc: 0.2518 +- 0.0374 | VaLoss: 2.1714 +- 0.1542
 17,  0 | TrAcc: 0.5039, TrLoss:  1.34017, VaAcc: 0.5031, VaLoss:  1.36265	 20 sampled NNs | VaAcc: 0.2520 +- 0.0392 | VaLoss: 2.1322 +- 0.1534
 18,  0 | TrAcc: 0.4728, TrLoss:  1.43152, VaAcc: 0.5170, VaLoss:  1.35753	 20 sampled NNs | VaAcc: 0.2618 +- 0.0287 | VaLoss: 2.0832 +- 0.1363
 19,  0 | TrAcc: 0.5141, TrLoss:  1.32556, VaAcc: 0.5179, VaLoss:  1.31999	 20 sampled NNs | VaAcc: 0.2937 +- 0.0398 | VaLoss: 1.9589 +- 0.1387
 20,  0 | TrAcc: 0.5415, TrLoss:  1.25548, VaAcc: 0.5568, VaLoss:  1.29937	 20 sampled NNs | VaAcc: 0.2589 +- 0.0421 | VaLoss: 2.1875 +- 0.1907
 21,  0 | TrAcc: 0.5426, TrLoss:  1.30079, VaAcc: 0.5618, VaLoss:  1.26412	 20 sampled NNs | VaAcc: 0.2911 +- 0.0425 | VaLoss: 2.0356 +- 0.1404
 22,  0 | TrAcc: 0.5505, TrLoss:  1.23997, VaAcc: 0.5476, VaLoss:  1.28743	 20 sampled NNs | VaAcc: 0.2855 +- 0.0303 | VaLoss: 2.0279 +- 0.1495
 23,  0 | TrAcc: 0.5415, TrLoss:  1.28358, VaAcc: 0.5322, VaLoss:  1.28522	 20 sampled NNs | VaAcc: 0.2894 +- 0.0353 | VaLoss: 1.9870 +- 0.1217
 24,  0 | TrAcc: 0.5647, TrLoss:  1.20263, VaAcc: 0.5636, VaLoss:  1.24357	 20 sampled NNs | VaAcc: 0.2898 +- 0.0311 | VaLoss: 1.9560 +- 0.0976
 25,  0 | TrAcc: 0.5634, TrLoss:  1.23834, VaAcc: 0.5596, VaLoss:  1.24864	 20 sampled NNs | VaAcc: 0.3090 +- 0.0362 | VaLoss: 1.9788 +- 0.1876
 26,  0 | TrAcc: 0.5537, TrLoss:  1.25670, VaAcc: 0.5895, VaLoss:  1.20011	 20 sampled NNs | VaAcc: 0.3168 +- 0.0426 | VaLoss: 1.9571 +- 0.1391
 27,  0 | TrAcc: 0.5797, TrLoss:  1.19746, VaAcc: 0.5575, VaLoss:  1.26713	 20 sampled NNs | VaAcc: 0.2997 +- 0.0271 | VaLoss: 2.0430 +- 0.1198
 28,  0 | TrAcc: 0.5794, TrLoss:  1.17001, VaAcc: 0.5715, VaLoss:  1.24349	 20 sampled NNs | VaAcc: 0.2926 +- 0.0317 | VaLoss: 2.0001 +- 0.1274
 29,  0 | TrAcc: 0.5833, TrLoss:  1.18321, VaAcc: 0.5666, VaLoss:  1.23653	 20 sampled NNs | VaAcc: 0.3212 +- 0.0335 | VaLoss: 1.9273 +- 0.1413
 30,  0 | TrAcc: 0.5711, TrLoss:  1.19950, VaAcc: 0.5878, VaLoss:  1.18252	 20 sampled NNs | VaAcc: 0.3122 +- 0.0304 | VaLoss: 2.0010 +- 0.1399
 31,  0 | TrAcc: 0.5959, TrLoss:  1.16417, VaAcc: 0.6015, VaLoss:  1.15656	 20 sampled NNs | VaAcc: 0.3382 +- 0.0289 | VaLoss: 1.9036 +- 0.0737
 32,  0 | TrAcc: 0.6022, TrLoss:  1.15158, VaAcc: 0.5962, VaLoss:  1.15717	 20 sampled NNs | VaAcc: 0.3323 +- 0.0365 | VaLoss: 1.9353 +- 0.1227
 33,  0 | TrAcc: 0.5911, TrLoss:  1.17230, VaAcc: 0.5926, VaLoss:  1.16295	 20 sampled NNs | VaAcc: 0.3170 +- 0.0436 | VaLoss: 1.9533 +- 0.1505
 34,  0 | TrAcc: 0.6132, TrLoss:  1.10187, VaAcc: 0.6190, VaLoss:  1.11181	 20 sampled NNs | VaAcc: 0.3471 +- 0.0337 | VaLoss: 1.9137 +- 0.1346
 35,  0 | TrAcc: 0.5965, TrLoss:  1.13523, VaAcc: 0.5956, VaLoss:  1.14413	 20 sampled NNs | VaAcc: 0.3225 +- 0.0403 | VaLoss: 1.9525 +- 0.1408
 36,  0 | TrAcc: 0.5865, TrLoss:  1.14892, VaAcc: 0.6142, VaLoss:  1.12031	 20 sampled NNs | VaAcc: 0.3642 +- 0.0294 | VaLoss: 1.8168 +- 0.1043
 37,  0 | TrAcc: 0.6225, TrLoss:  1.07272, VaAcc: 0.6203, VaLoss:  1.12235	 20 sampled NNs | VaAcc: 0.3433 +- 0.0297 | VaLoss: 1.8735 +- 0.1058
 38,  0 | TrAcc: 0.6094, TrLoss:  1.09424, VaAcc: 0.6032, VaLoss:  1.11750	 20 sampled NNs | VaAcc: 0.3362 +- 0.0258 | VaLoss: 1.8586 +- 0.0974
 39,  0 | TrAcc: 0.6104, TrLoss:  1.11653, VaAcc: 0.6045, VaLoss:  1.13302	 20 sampled NNs | VaAcc: 0.3361 +- 0.0414 | VaLoss: 1.8839 +- 0.1275
 40,  0 | TrAcc: 0.6009, TrLoss:  1.14097, VaAcc: 0.5939, VaLoss:  1.13848	 20 sampled NNs | VaAcc: 0.3159 +- 0.0404 | VaLoss: 1.9268 +- 0.1368
 41,  0 | TrAcc: 0.6002, TrLoss:  1.10488, VaAcc: 0.5811, VaLoss:  1.13922	 20 sampled NNs | VaAcc: 0.3139 +- 0.0333 | VaLoss: 2.0444 +- 0.1385
 42,  0 | TrAcc: 0.6147, TrLoss:  1.08216, VaAcc: 0.6275, VaLoss:  1.09514	 20 sampled NNs | VaAcc: 0.3388 +- 0.0331 | VaLoss: 1.9811 +- 0.1219
 43,  0 | TrAcc: 0.6180, TrLoss:  1.09806, VaAcc: 0.6432, VaLoss:  1.05163	 20 sampled NNs | VaAcc: 0.3444 +- 0.0320 | VaLoss: 1.8695 +- 0.1088
 44,  0 | TrAcc: 0.6073, TrLoss:  1.09144, VaAcc: 0.6146, VaLoss:  1.07488	 20 sampled NNs | VaAcc: 0.3148 +- 0.0313 | VaLoss: 1.9446 +- 0.1058
 45,  0 | TrAcc: 0.6341, TrLoss:  1.04525, VaAcc: 0.6114, VaLoss:  1.10120	 20 sampled NNs | VaAcc: 0.3586 +- 0.0345 | VaLoss: 1.8529 +- 0.1120
 46,  0 | TrAcc: 0.6310, TrLoss:  1.09146, VaAcc: 0.6417, VaLoss:  1.04081	 20 sampled NNs | VaAcc: 0.3801 +- 0.0392 | VaLoss: 1.7737 +- 0.1112
 47,  0 | TrAcc: 0.6127, TrLoss:  1.08755, VaAcc: 0.6344, VaLoss:  1.03749	 20 sampled NNs | VaAcc: 0.3831 +- 0.0411 | VaLoss: 1.7899 +- 0.1532
 48,  0 | TrAcc: 0.6338, TrLoss:  1.05316, VaAcc: 0.6145, VaLoss:  1.12266	 20 sampled NNs | VaAcc: 0.3551 +- 0.0270 | VaLoss: 1.8552 +- 0.1109
 49,  0 | TrAcc: 0.6258, TrLoss:  1.05380, VaAcc: 0.6204, VaLoss:  1.08506	 20 sampled NNs | VaAcc: 0.3563 +- 0.0381 | VaLoss: 1.9300 +- 0.1274
 50,  0 | TrAcc: 0.6261, TrLoss:  1.04337, VaAcc: 0.6323, VaLoss:  1.05051	 20 sampled NNs | VaAcc: 0.3360 +- 0.0407 | VaLoss: 1.9240 +- 0.1655
 51,  0 | TrAcc: 0.6505, TrLoss:  1.00217, VaAcc: 0.6355, VaLoss:  1.05963	 20 sampled NNs | VaAcc: 0.3777 +- 0.0384 | VaLoss: 1.8102 +- 0.1096
 52,  0 | TrAcc: 0.6343, TrLoss:  1.01842, VaAcc: 0.6229, VaLoss:  1.06361	 20 sampled NNs | VaAcc: 0.3765 +- 0.0380 | VaLoss: 1.7471 +- 0.1317
 53,  0 | TrAcc: 0.6162, TrLoss:  1.05301, VaAcc: 0.6249, VaLoss:  1.05570	 20 sampled NNs | VaAcc: 0.3318 +- 0.0399 | VaLoss: 1.9265 +- 0.1449
 54,  0 | TrAcc: 0.6342, TrLoss:  1.03572, VaAcc: 0.6243, VaLoss:  1.06577	 20 sampled NNs | VaAcc: 0.3572 +- 0.0275 | VaLoss: 1.8343 +- 0.1222
 55,  0 | TrAcc: 0.6408, TrLoss:  1.00254, VaAcc: 0.6245, VaLoss:  1.05289	 20 sampled NNs | VaAcc: 0.3878 +- 0.0342 | VaLoss: 1.7343 +- 0.1020
 56,  0 | TrAcc: 0.6478, TrLoss:  1.01193, VaAcc: 0.6426, VaLoss:  1.04536	 20 sampled NNs | VaAcc: 0.3997 +- 0.0405 | VaLoss: 1.7702 +- 0.1506
 57,  0 | TrAcc: 0.6453, TrLoss:  0.99571, VaAcc: 0.6486, VaLoss:  1.02862	 20 sampled NNs | VaAcc: 0.3874 +- 0.0423 | VaLoss: 1.7306 +- 0.1630
 58,  0 | TrAcc: 0.6020, TrLoss:  1.12726, VaAcc: 0.6304, VaLoss:  1.05438	 20 sampled NNs | VaAcc: 0.3691 +- 0.0306 | VaLoss: 1.8190 +- 0.1031
 59,  0 | TrAcc: 0.6318, TrLoss:  1.03763, VaAcc: 0.6484, VaLoss:  1.04192	 20 sampled NNs | VaAcc: 0.4209 +- 0.0486 | VaLoss: 1.6689 +- 0.1121
 60,  0 | TrAcc: 0.6611, TrLoss:  0.97621, VaAcc: 0.6298, VaLoss:  1.06290	 20 sampled NNs | VaAcc: 0.3969 +- 0.0254 | VaLoss: 1.7405 +- 0.0875
 61,  0 | TrAcc: 0.6364, TrLoss:  1.07317, VaAcc: 0.6330, VaLoss:  1.05918	 20 sampled NNs | VaAcc: 0.3945 +- 0.0253 | VaLoss: 1.7352 +- 0.0827
 62,  0 | TrAcc: 0.6421, TrLoss:  1.02248, VaAcc: 0.6451, VaLoss:  1.01752	 20 sampled NNs | VaAcc: 0.4005 +- 0.0379 | VaLoss: 1.7312 +- 0.1211
 63,  0 | TrAcc: 0.6556, TrLoss:  0.99917, VaAcc: 0.6501, VaLoss:  1.01102	 20 sampled NNs | VaAcc: 0.4025 +- 0.0323 | VaLoss: 1.7010 +- 0.1019
 64,  0 | TrAcc: 0.6277, TrLoss:  1.05079, VaAcc: 0.6354, VaLoss:  1.05585	 20 sampled NNs | VaAcc: 0.3917 +- 0.0377 | VaLoss: 1.7918 +- 0.1207
 65,  0 | TrAcc: 0.6535, TrLoss:  0.99841, VaAcc: 0.6752, VaLoss:  0.96687	 20 sampled NNs | VaAcc: 0.3911 +- 0.0318 | VaLoss: 1.7490 +- 0.1113
 66,  0 | TrAcc: 0.6481, TrLoss:  0.99686, VaAcc: 0.6447, VaLoss:  0.98905	 20 sampled NNs | VaAcc: 0.3876 +- 0.0403 | VaLoss: 1.7663 +- 0.1107
 67,  0 | TrAcc: 0.6566, TrLoss:  0.98864, VaAcc: 0.6485, VaLoss:  1.00549	 20 sampled NNs | VaAcc: 0.3887 +- 0.0405 | VaLoss: 1.7562 +- 0.1088
 68,  0 | TrAcc: 0.6622, TrLoss:  0.98678, VaAcc: 0.6536, VaLoss:  0.99327	 20 sampled NNs | VaAcc: 0.3900 +- 0.0294 | VaLoss: 1.7432 +- 0.0748
 69,  0 | TrAcc: 0.6467, TrLoss:  0.97034, VaAcc: 0.6601, VaLoss:  1.00409	 20 sampled NNs | VaAcc: 0.3852 +- 0.0326 | VaLoss: 1.7518 +- 0.1140
 70,  0 | TrAcc: 0.6439, TrLoss:  0.98224, VaAcc: 0.6197, VaLoss:  1.06538	 20 sampled NNs | VaAcc: 0.3860 +- 0.0374 | VaLoss: 1.7862 +- 0.1533
 71,  0 | TrAcc: 0.6500, TrLoss:  0.99755, VaAcc: 0.6547, VaLoss:  0.97493	 20 sampled NNs | VaAcc: 0.4198 +- 0.0414 | VaLoss: 1.6618 +- 0.1010
 72,  0 | TrAcc: 0.6505, TrLoss:  0.98701, VaAcc: 0.6654, VaLoss:  0.97978	 20 sampled NNs | VaAcc: 0.4103 +- 0.0416 | VaLoss: 1.7097 +- 0.0988
 73,  0 | TrAcc: 0.6603, TrLoss:  0.95756, VaAcc: 0.6573, VaLoss:  0.98412	 20 sampled NNs | VaAcc: 0.4069 +- 0.0400 | VaLoss: 1.6518 +- 0.1233
 74,  0 | TrAcc: 0.6538, TrLoss:  0.97302, VaAcc: 0.6461, VaLoss:  0.98659	 20 sampled NNs | VaAcc: 0.4066 +- 0.0324 | VaLoss: 1.6845 +- 0.0976
 75,  0 | TrAcc: 0.6616, TrLoss:  0.95953, VaAcc: 0.6589, VaLoss:  0.98297	 20 sampled NNs | VaAcc: 0.4241 +- 0.0301 | VaLoss: 1.6937 +- 0.0978
 76,  0 | TrAcc: 0.6538, TrLoss:  1.00688, VaAcc: 0.6436, VaLoss:  1.01081	 20 sampled NNs | VaAcc: 0.3874 +- 0.0386 | VaLoss: 1.7306 +- 0.1313
 77,  0 | TrAcc: 0.6341, TrLoss:  1.03089, VaAcc: 0.6612, VaLoss:  0.98875	 20 sampled NNs | VaAcc: 0.4013 +- 0.0364 | VaLoss: 1.6892 +- 0.1313
 78,  0 | TrAcc: 0.6530, TrLoss:  0.98804, VaAcc: 0.6518, VaLoss:  1.01287	 20 sampled NNs | VaAcc: 0.3996 +- 0.0329 | VaLoss: 1.7329 +- 0.0964
 79,  0 | TrAcc: 0.6703, TrLoss:  0.96354, VaAcc: 0.6585, VaLoss:  0.98340	 20 sampled NNs | VaAcc: 0.3878 +- 0.0352 | VaLoss: 1.7478 +- 0.1493
 80,  0 | TrAcc: 0.6478, TrLoss:  1.01496, VaAcc: 0.6664, VaLoss:  0.96752	 20 sampled NNs | VaAcc: 0.4129 +- 0.0419 | VaLoss: 1.6692 +- 0.1442
 81,  0 | TrAcc: 0.6713, TrLoss:  0.94906, VaAcc: 0.6592, VaLoss:  1.00914	 20 sampled NNs | VaAcc: 0.4175 +- 0.0264 | VaLoss: 1.6823 +- 0.0935
 82,  0 | TrAcc: 0.6490, TrLoss:  1.01566, VaAcc: 0.6741, VaLoss:  0.94331	 20 sampled NNs | VaAcc: 0.3893 +- 0.0316 | VaLoss: 1.7172 +- 0.0764
 83,  0 | TrAcc: 0.6456, TrLoss:  1.01679, VaAcc: 0.6657, VaLoss:  0.96053	 20 sampled NNs | VaAcc: 0.3844 +- 0.0340 | VaLoss: 1.7000 +- 0.0995
 84,  0 | TrAcc: 0.6536, TrLoss:  0.99000, VaAcc: 0.6665, VaLoss:  0.98859	 20 sampled NNs | VaAcc: 0.4014 +- 0.0298 | VaLoss: 1.7590 +- 0.1089
 85,  0 | TrAcc: 0.6691, TrLoss:  0.92226, VaAcc: 0.6654, VaLoss:  0.98012	 20 sampled NNs | VaAcc: 0.4026 +- 0.0341 | VaLoss: 1.6959 +- 0.1167
 86,  0 | TrAcc: 0.6535, TrLoss:  1.00204, VaAcc: 0.6713, VaLoss:  0.97323	 20 sampled NNs | VaAcc: 0.4033 +- 0.0314 | VaLoss: 1.7239 +- 0.0956
 87,  0 | TrAcc: 0.6614, TrLoss:  0.97124, VaAcc: 0.6558, VaLoss:  0.97196	 20 sampled NNs | VaAcc: 0.4064 +- 0.0290 | VaLoss: 1.6795 +- 0.0875
 88,  0 | TrAcc: 0.6663, TrLoss:  0.95836, VaAcc: 0.6685, VaLoss:  0.95263	 20 sampled NNs | VaAcc: 0.3980 +- 0.0322 | VaLoss: 1.6926 +- 0.0891
 89,  0 | TrAcc: 0.6526, TrLoss:  0.99669, VaAcc: 0.6693, VaLoss:  0.94754	 20 sampled NNs | VaAcc: 0.3919 +- 0.0374 | VaLoss: 1.7395 +- 0.1232
 90,  0 | TrAcc: 0.6933, TrLoss:  0.89625, VaAcc: 0.6706, VaLoss:  0.95934	 20 sampled NNs | VaAcc: 0.4274 +- 0.0317 | VaLoss: 1.6502 +- 0.0989
 91,  0 | TrAcc: 0.6766, TrLoss:  0.93830, VaAcc: 0.6887, VaLoss:  0.93493	 20 sampled NNs | VaAcc: 0.4646 +- 0.0369 | VaLoss: 1.5622 +- 0.0804
 92,  0 | TrAcc: 0.6884, TrLoss:  0.90558, VaAcc: 0.6780, VaLoss:  0.95158	 20 sampled NNs | VaAcc: 0.4207 +- 0.0240 | VaLoss: 1.6617 +- 0.0786
 93,  0 | TrAcc: 0.6945, TrLoss:  0.87812, VaAcc: 0.6765, VaLoss:  0.95242	 20 sampled NNs | VaAcc: 0.3991 +- 0.0389 | VaLoss: 1.7026 +- 0.0980
 94,  0 | TrAcc: 0.6712, TrLoss:  0.92862, VaAcc: 0.6712, VaLoss:  0.94979	 20 sampled NNs | VaAcc: 0.4053 +- 0.0348 | VaLoss: 1.6904 +- 0.1069
 95,  0 | TrAcc: 0.6816, TrLoss:  0.91812, VaAcc: 0.6769, VaLoss:  0.93223	 20 sampled NNs | VaAcc: 0.4188 +- 0.0383 | VaLoss: 1.6211 +- 0.1219
 96,  0 | TrAcc: 0.6707, TrLoss:  0.94693, VaAcc: 0.6796, VaLoss:  0.93179	 20 sampled NNs | VaAcc: 0.4281 +- 0.0403 | VaLoss: 1.6421 +- 0.1480
 97,  0 | TrAcc: 0.6639, TrLoss:  0.94966, VaAcc: 0.6634, VaLoss:  0.99084	 20 sampled NNs | VaAcc: 0.3831 +- 0.0281 | VaLoss: 1.7246 +- 0.0906
 98,  0 | TrAcc: 0.6580, TrLoss:  0.99849, VaAcc: 0.6802, VaLoss:  0.93435	 20 sampled NNs | VaAcc: 0.4263 +- 0.0421 | VaLoss: 1.6515 +- 0.1135
 99,  0 | TrAcc: 0.6859, TrLoss:  0.91626, VaAcc: 0.6802, VaLoss:  0.93228	 20 sampled NNs | VaAcc: 0.4237 +- 0.0309 | VaLoss: 1.6306 +- 0.0881
100,  0 | TrAcc: 0.6813, TrLoss:  0.92693, VaAcc: 0.6689, VaLoss:  0.94295	 20 sampled NNs | VaAcc: 0.4341 +- 0.0281 | VaLoss: 1.6420 +- 0.0925
101,  0 | TrAcc: 0.6788, TrLoss:  0.91061, VaAcc: 0.6676, VaLoss:  0.94389	 20 sampled NNs | VaAcc: 0.4386 +- 0.0227 | VaLoss: 1.5865 +- 0.0851
102,  0 | TrAcc: 0.6694, TrLoss:  0.93296, VaAcc: 0.6596, VaLoss:  0.96014	 20 sampled NNs | VaAcc: 0.4281 +- 0.0258 | VaLoss: 1.6298 +- 0.0946
103,  0 | TrAcc: 0.6967, TrLoss:  0.86560, VaAcc: 0.6859, VaLoss:  0.94295	 20 sampled NNs | VaAcc: 0.4368 +- 0.0228 | VaLoss: 1.5688 +- 0.0846
104,  0 | TrAcc: 0.6900, TrLoss:  0.90623, VaAcc: 0.6885, VaLoss:  0.92210	 20 sampled NNs | VaAcc: 0.4352 +- 0.0363 | VaLoss: 1.5768 +- 0.1048
105,  0 | TrAcc: 0.6988, TrLoss:  0.89687, VaAcc: 0.6848, VaLoss:  0.92578	 20 sampled NNs | VaAcc: 0.4381 +- 0.0389 | VaLoss: 1.6065 +- 0.1510
106,  0 | TrAcc: 0.6927, TrLoss:  0.89228, VaAcc: 0.6901, VaLoss:  0.91933	 20 sampled NNs | VaAcc: 0.4599 +- 0.0312 | VaLoss: 1.5220 +- 0.0837
107,  0 | TrAcc: 0.6848, TrLoss:  0.91047, VaAcc: 0.6699, VaLoss:  0.93430	 20 sampled NNs | VaAcc: 0.4285 +- 0.0374 | VaLoss: 1.6301 +- 0.1097
108,  0 | TrAcc: 0.6728, TrLoss:  0.95140, VaAcc: 0.6648, VaLoss:  0.94069	 20 sampled NNs | VaAcc: 0.4066 +- 0.0348 | VaLoss: 1.6719 +- 0.1034
109,  0 | TrAcc: 0.6768, TrLoss:  0.96204, VaAcc: 0.6902, VaLoss:  0.92548	 20 sampled NNs | VaAcc: 0.4104 +- 0.0333 | VaLoss: 1.7133 +- 0.1217
110,  0 | TrAcc: 0.6641, TrLoss:  0.95934, VaAcc: 0.6679, VaLoss:  0.96126	 20 sampled NNs | VaAcc: 0.4378 +- 0.0322 | VaLoss: 1.5995 +- 0.1028
111,  0 | TrAcc: 0.6813, TrLoss:  0.93186, VaAcc: 0.6759, VaLoss:  0.94122	 20 sampled NNs | VaAcc: 0.4352 +- 0.0345 | VaLoss: 1.5978 +- 0.0816
112,  0 | TrAcc: 0.6698, TrLoss:  0.95272, VaAcc: 0.6865, VaLoss:  0.91579	 20 sampled NNs | VaAcc: 0.4373 +- 0.0346 | VaLoss: 1.6106 +- 0.1065
113,  0 | TrAcc: 0.6939, TrLoss:  0.88568, VaAcc: 0.6756, VaLoss:  0.93515	 20 sampled NNs | VaAcc: 0.4389 +- 0.0417 | VaLoss: 1.6556 +- 0.1680
114,  0 | TrAcc: 0.6748, TrLoss:  0.93649, VaAcc: 0.6807, VaLoss:  0.93324	 20 sampled NNs | VaAcc: 0.4217 +- 0.0312 | VaLoss: 1.6704 +- 0.1000
115,  0 | TrAcc: 0.7065, TrLoss:  0.85629, VaAcc: 0.6598, VaLoss:  0.99822	 20 sampled NNs | VaAcc: 0.4100 +- 0.0377 | VaLoss: 1.7567 +- 0.1318
116,  0 | TrAcc: 0.6988, TrLoss:  0.89701, VaAcc: 0.6948, VaLoss:  0.90850	 20 sampled NNs | VaAcc: 0.4499 +- 0.0313 | VaLoss: 1.5924 +- 0.0928
117,  0 | TrAcc: 0.6838, TrLoss:  0.90684, VaAcc: 0.6805, VaLoss:  0.95182	 20 sampled NNs | VaAcc: 0.4282 +- 0.0369 | VaLoss: 1.6310 +- 0.1057
118,  0 | TrAcc: 0.6606, TrLoss:  0.96753, VaAcc: 0.6876, VaLoss:  0.91944	 20 sampled NNs | VaAcc: 0.4442 +- 0.0333 | VaLoss: 1.5948 +- 0.0979
119,  0 | TrAcc: 0.6825, TrLoss:  0.92678, VaAcc: 0.6641, VaLoss:  0.96297	 20 sampled NNs | VaAcc: 0.4197 +- 0.0317 | VaLoss: 1.6314 +- 0.0776
120,  0 | TrAcc: 0.6913, TrLoss:  0.88133, VaAcc: 0.6841, VaLoss:  0.92066	 20 sampled NNs | VaAcc: 0.4116 +- 0.0328 | VaLoss: 1.6507 +- 0.1235
121,  0 | TrAcc: 0.6921, TrLoss:  0.90760, VaAcc: 0.6703, VaLoss:  0.94859	 20 sampled NNs | VaAcc: 0.3932 +- 0.0403 | VaLoss: 1.7628 +- 0.1091
122,  0 | TrAcc: 0.6926, TrLoss:  0.90365, VaAcc: 0.6920, VaLoss:  0.91021	 20 sampled NNs | VaAcc: 0.4425 +- 0.0347 | VaLoss: 1.6003 +- 0.1106
123,  0 | TrAcc: 0.6900, TrLoss:  0.90618, VaAcc: 0.6726, VaLoss:  0.94761	 20 sampled NNs | VaAcc: 0.4454 +- 0.0347 | VaLoss: 1.6084 +- 0.1041
124,  0 | TrAcc: 0.6869, TrLoss:  0.91744, VaAcc: 0.6933, VaLoss:  0.90901	 20 sampled NNs | VaAcc: 0.4330 +- 0.0227 | VaLoss: 1.6062 +- 0.0800
125,  0 | TrAcc: 0.6994, TrLoss:  0.86584, VaAcc: 0.6974, VaLoss:  0.89053	 20 sampled NNs | VaAcc: 0.4619 +- 0.0317 | VaLoss: 1.5480 +- 0.0887
126,  0 | TrAcc: 0.6765, TrLoss:  0.91463, VaAcc: 0.6890, VaLoss:  0.90359	 20 sampled NNs | VaAcc: 0.4689 +- 0.0301 | VaLoss: 1.5144 +- 0.1045
127,  0 | TrAcc: 0.6898, TrLoss:  0.91001, VaAcc: 0.6870, VaLoss:  0.92026	 20 sampled NNs | VaAcc: 0.4730 +- 0.0313 | VaLoss: 1.4751 +- 0.0757
128,  0 | TrAcc: 0.6872, TrLoss:  0.90343, VaAcc: 0.6674, VaLoss:  0.96069	 20 sampled NNs | VaAcc: 0.4445 +- 0.0455 | VaLoss: 1.5744 +- 0.1444
129,  0 | TrAcc: 0.6663, TrLoss:  0.94382, VaAcc: 0.6799, VaLoss:  0.92247	 20 sampled NNs | VaAcc: 0.4104 +- 0.0345 | VaLoss: 1.6427 +- 0.1309
130,  0 | TrAcc: 0.6753, TrLoss:  0.93194, VaAcc: 0.6830, VaLoss:  0.90376	 20 sampled NNs | VaAcc: 0.4335 +- 0.0316 | VaLoss: 1.5549 +- 0.0957
131,  0 | TrAcc: 0.7084, TrLoss:  0.85662, VaAcc: 0.6889, VaLoss:  0.91257	 20 sampled NNs | VaAcc: 0.4669 +- 0.0252 | VaLoss: 1.5342 +- 0.0561
132,  0 | TrAcc: 0.6676, TrLoss:  0.93784, VaAcc: 0.6929, VaLoss:  0.91127	 20 sampled NNs | VaAcc: 0.4368 +- 0.0389 | VaLoss: 1.6111 +- 0.1123
133,  0 | TrAcc: 0.6970, TrLoss:  0.87699, VaAcc: 0.6791, VaLoss:  0.94005	 20 sampled NNs | VaAcc: 0.4459 +- 0.0360 | VaLoss: 1.5622 +- 0.0923
134,  0 | TrAcc: 0.6770, TrLoss:  0.89010, VaAcc: 0.6953, VaLoss:  0.91367	 20 sampled NNs | VaAcc: 0.4700 +- 0.0314 | VaLoss: 1.5109 +- 0.0822
135,  0 | TrAcc: 0.6794, TrLoss:  0.93033, VaAcc: 0.6922, VaLoss:  0.90466	 20 sampled NNs | VaAcc: 0.4315 +- 0.0366 | VaLoss: 1.5900 +- 0.1159
136,  0 | TrAcc: 0.6757, TrLoss:  0.95775, VaAcc: 0.6670, VaLoss:  0.93291	 20 sampled NNs | VaAcc: 0.4295 +- 0.0294 | VaLoss: 1.5824 +- 0.1051
137,  0 | TrAcc: 0.6808, TrLoss:  0.93046, VaAcc: 0.6691, VaLoss:  0.96863	 20 sampled NNs | VaAcc: 0.4649 +- 0.0295 | VaLoss: 1.5474 +- 0.0836
138,  0 | TrAcc: 0.6936, TrLoss:  0.87489, VaAcc: 0.6879, VaLoss:  0.91307	 20 sampled NNs | VaAcc: 0.4439 +- 0.0329 | VaLoss: 1.5531 +- 0.0872
139,  0 | TrAcc: 0.6960, TrLoss:  0.86476, VaAcc: 0.6995, VaLoss:  0.89995	 20 sampled NNs | VaAcc: 0.4496 +- 0.0354 | VaLoss: 1.5653 +- 0.0970
140,  0 | TrAcc: 0.7020, TrLoss:  0.85026, VaAcc: 0.6789, VaLoss:  0.92340	 20 sampled NNs | VaAcc: 0.4509 +- 0.0324 | VaLoss: 1.5186 +- 0.1030
141,  0 | TrAcc: 0.6930, TrLoss:  0.89791, VaAcc: 0.6859, VaLoss:  0.93595	 20 sampled NNs | VaAcc: 0.3931 +- 0.0327 | VaLoss: 1.7404 +- 0.1171
142,  0 | TrAcc: 0.7129, TrLoss:  0.85065, VaAcc: 0.6815, VaLoss:  0.91894	 20 sampled NNs | VaAcc: 0.4664 +- 0.0240 | VaLoss: 1.5598 +- 0.0634
143,  0 | TrAcc: 0.6887, TrLoss:  0.88607, VaAcc: 0.6904, VaLoss:  0.90547	 20 sampled NNs | VaAcc: 0.4557 +- 0.0324 | VaLoss: 1.5780 +- 0.0948
144,  0 | TrAcc: 0.6838, TrLoss:  0.90467, VaAcc: 0.6807, VaLoss:  0.91110	 20 sampled NNs | VaAcc: 0.4131 +- 0.0328 | VaLoss: 1.6984 +- 0.1241
145,  0 | TrAcc: 0.6955, TrLoss:  0.87528, VaAcc: 0.6984, VaLoss:  0.88498	 20 sampled NNs | VaAcc: 0.4768 +- 0.0306 | VaLoss: 1.4554 +- 0.1021
146,  0 | TrAcc: 0.6652, TrLoss:  0.94133, VaAcc: 0.6810, VaLoss:  0.92249	 20 sampled NNs | VaAcc: 0.4703 +- 0.0337 | VaLoss: 1.4709 +- 0.0862
147,  0 | TrAcc: 0.6958, TrLoss:  0.88284, VaAcc: 0.6721, VaLoss:  0.93141	 20 sampled NNs | VaAcc: 0.4225 +- 0.0360 | VaLoss: 1.6603 +- 0.1392
148,  0 | TrAcc: 0.7095, TrLoss:  0.84751, VaAcc: 0.6870, VaLoss:  0.91028	 20 sampled NNs | VaAcc: 0.4666 +- 0.0276 | VaLoss: 1.5412 +- 0.0814
149,  0 | TrAcc: 0.6962, TrLoss:  0.89216, VaAcc: 0.6862, VaLoss:  0.91358	 20 sampled NNs | VaAcc: 0.4609 +- 0.0391 | VaLoss: 1.5389 +- 0.1138
150,  0 | TrAcc: 0.6940, TrLoss:  0.87173, VaAcc: 0.6839, VaLoss:  0.92316	 20 sampled NNs | VaAcc: 0.4762 +- 0.0282 | VaLoss: 1.4928 +- 0.0683
151,  0 | TrAcc: 0.6977, TrLoss:  0.87984, VaAcc: 0.6792, VaLoss:  0.89736	 20 sampled NNs | VaAcc: 0.4399 +- 0.0277 | VaLoss: 1.5195 +- 0.0884
152,  0 | TrAcc: 0.6928, TrLoss:  0.88901, VaAcc: 0.6848, VaLoss:  0.90232	 20 sampled NNs | VaAcc: 0.4152 +- 0.0366 | VaLoss: 1.6195 +- 0.1162
153,  0 | TrAcc: 0.7210, TrLoss:  0.83212, VaAcc: 0.6850, VaLoss:  0.93519	 20 sampled NNs | VaAcc: 0.4548 +- 0.0305 | VaLoss: 1.5770 +- 0.0893
154,  0 | TrAcc: 0.6945, TrLoss:  0.86693, VaAcc: 0.6528, VaLoss:  0.96968	 20 sampled NNs | VaAcc: 0.4181 +- 0.0385 | VaLoss: 1.6443 +- 0.1077
155,  0 | TrAcc: 0.7030, TrLoss:  0.88427, VaAcc: 0.6836, VaLoss:  0.94040	 20 sampled NNs | VaAcc: 0.4414 +- 0.0454 | VaLoss: 1.6337 +- 0.1221
156,  0 | TrAcc: 0.7176, TrLoss:  0.82542, VaAcc: 0.6969, VaLoss:  0.89829	 20 sampled NNs | VaAcc: 0.4682 +- 0.0237 | VaLoss: 1.5005 +- 0.0757
157,  0 | TrAcc: 0.7072, TrLoss:  0.84453, VaAcc: 0.7073, VaLoss:  0.87729	 20 sampled NNs | VaAcc: 0.4587 +- 0.0320 | VaLoss: 1.5266 +- 0.1254
158,  0 | TrAcc: 0.6912, TrLoss:  0.89271, VaAcc: 0.6794, VaLoss:  0.92023	 20 sampled NNs | VaAcc: 0.4349 +- 0.0259 | VaLoss: 1.6635 +- 0.1037
159,  0 | TrAcc: 0.7063, TrLoss:  0.86580, VaAcc: 0.6756, VaLoss:  0.92829	 20 sampled NNs | VaAcc: 0.4695 +- 0.0252 | VaLoss: 1.5100 +- 0.0757
160,  0 | TrAcc: 0.6972, TrLoss:  0.87917, VaAcc: 0.6735, VaLoss:  0.92186	 20 sampled NNs | VaAcc: 0.4227 +- 0.0249 | VaLoss: 1.6462 +- 0.0945
161,  0 | TrAcc: 0.6890, TrLoss:  0.89201, VaAcc: 0.6769, VaLoss:  0.92647	 20 sampled NNs | VaAcc: 0.4360 +- 0.0404 | VaLoss: 1.6024 +- 0.1068
162,  0 | TrAcc: 0.6945, TrLoss:  0.87852, VaAcc: 0.6933, VaLoss:  0.90279	 20 sampled NNs | VaAcc: 0.4515 +- 0.0350 | VaLoss: 1.5381 +- 0.0945
163,  0 | TrAcc: 0.6956, TrLoss:  0.89034, VaAcc: 0.7069, VaLoss:  0.86999	 20 sampled NNs | VaAcc: 0.4751 +- 0.0273 | VaLoss: 1.5197 +- 0.0601
164,  0 | TrAcc: 0.6787, TrLoss:  0.90695, VaAcc: 0.6797, VaLoss:  0.90356	 20 sampled NNs | VaAcc: 0.4400 +- 0.0408 | VaLoss: 1.5406 +- 0.0952
165,  0 | TrAcc: 0.6951, TrLoss:  0.88852, VaAcc: 0.6971, VaLoss:  0.90035	 20 sampled NNs | VaAcc: 0.4380 +- 0.0271 | VaLoss: 1.5871 +- 0.0785
166,  0 | TrAcc: 0.6965, TrLoss:  0.88493, VaAcc: 0.7006, VaLoss:  0.88952	 20 sampled NNs | VaAcc: 0.4729 +- 0.0334 | VaLoss: 1.4615 +- 0.0820
167,  0 | TrAcc: 0.7082, TrLoss:  0.81872, VaAcc: 0.6972, VaLoss:  0.89075	 20 sampled NNs | VaAcc: 0.4691 +- 0.0338 | VaLoss: 1.4889 +- 0.0782
168,  0 | TrAcc: 0.7032, TrLoss:  0.87823, VaAcc: 0.6926, VaLoss:  0.89928	 20 sampled NNs | VaAcc: 0.4648 +- 0.0338 | VaLoss: 1.5432 +- 0.1038
169,  0 | TrAcc: 0.7116, TrLoss:  0.81063, VaAcc: 0.7012, VaLoss:  0.89651	 20 sampled NNs | VaAcc: 0.4750 +- 0.0287 | VaLoss: 1.5118 +- 0.0997
170,  0 | TrAcc: 0.7062, TrLoss:  0.84696, VaAcc: 0.6952, VaLoss:  0.90569	 20 sampled NNs | VaAcc: 0.4457 +- 0.0325 | VaLoss: 1.5306 +- 0.0935
171,  0 | TrAcc: 0.7124, TrLoss:  0.84543, VaAcc: 0.6950, VaLoss:  0.89578	 20 sampled NNs | VaAcc: 0.4711 +- 0.0341 | VaLoss: 1.5045 +- 0.0966
172,  0 | TrAcc: 0.6896, TrLoss:  0.90669, VaAcc: 0.6832, VaLoss:  0.90567	 20 sampled NNs | VaAcc: 0.4605 +- 0.0361 | VaLoss: 1.5778 +- 0.1158
173,  0 | TrAcc: 0.6999, TrLoss:  0.88581, VaAcc: 0.6886, VaLoss:  0.90335	 20 sampled NNs | VaAcc: 0.4600 +- 0.0239 | VaLoss: 1.5441 +- 0.0790
174,  0 | TrAcc: 0.6786, TrLoss:  0.90048, VaAcc: 0.6889, VaLoss:  0.89568	 20 sampled NNs | VaAcc: 0.4657 +- 0.0286 | VaLoss: 1.5264 +- 0.0822
175,  0 | TrAcc: 0.7146, TrLoss:  0.82048, VaAcc: 0.6986, VaLoss:  0.88131	 20 sampled NNs | VaAcc: 0.4615 +- 0.0407 | VaLoss: 1.5234 +- 0.1105
176,  0 | TrAcc: 0.6976, TrLoss:  0.85634, VaAcc: 0.7077, VaLoss:  0.87596	 20 sampled NNs | VaAcc: 0.4607 +- 0.0243 | VaLoss: 1.5227 +- 0.0757
177,  0 | TrAcc: 0.6899, TrLoss:  0.86929, VaAcc: 0.6991, VaLoss:  0.88762	 20 sampled NNs | VaAcc: 0.4831 +- 0.0258 | VaLoss: 1.4471 +- 0.0811
178,  0 | TrAcc: 0.6908, TrLoss:  0.86753, VaAcc: 0.6830, VaLoss:  0.91729	 20 sampled NNs | VaAcc: 0.4626 +- 0.0409 | VaLoss: 1.5282 +- 0.0979
179,  0 | TrAcc: 0.6971, TrLoss:  0.86436, VaAcc: 0.6871, VaLoss:  0.90217	 20 sampled NNs | VaAcc: 0.4295 +- 0.0252 | VaLoss: 1.5489 +- 0.0575
180,  0 | TrAcc: 0.6908, TrLoss:  0.87246, VaAcc: 0.7032, VaLoss:  0.89130	 20 sampled NNs | VaAcc: 0.4694 +- 0.0339 | VaLoss: 1.4912 +- 0.0844
181,  0 | TrAcc: 0.7203, TrLoss:  0.81161, VaAcc: 0.6894, VaLoss:  0.89873	 20 sampled NNs | VaAcc: 0.4785 +- 0.0298 | VaLoss: 1.4539 +- 0.0785
182,  0 | TrAcc: 0.7111, TrLoss:  0.83946, VaAcc: 0.7067, VaLoss:  0.88198	 20 sampled NNs | VaAcc: 0.5037 +- 0.0274 | VaLoss: 1.4167 +- 0.0714
183,  0 | TrAcc: 0.7194, TrLoss:  0.80973, VaAcc: 0.6914, VaLoss:  0.90904	 20 sampled NNs | VaAcc: 0.4529 +- 0.0289 | VaLoss: 1.5005 +- 0.0939
184,  0 | TrAcc: 0.6960, TrLoss:  0.86822, VaAcc: 0.6897, VaLoss:  0.90532	 20 sampled NNs | VaAcc: 0.4630 +- 0.0318 | VaLoss: 1.4855 +- 0.0862
185,  0 | TrAcc: 0.7045, TrLoss:  0.85134, VaAcc: 0.6942, VaLoss:  0.90870	 20 sampled NNs | VaAcc: 0.4860 +- 0.0335 | VaLoss: 1.4545 +- 0.0881
186,  0 | TrAcc: 0.6959, TrLoss:  0.86465, VaAcc: 0.6885, VaLoss:  0.89809	 20 sampled NNs | VaAcc: 0.4706 +- 0.0176 | VaLoss: 1.4656 +- 0.0689
187,  0 | TrAcc: 0.6855, TrLoss:  0.88854, VaAcc: 0.6854, VaLoss:  0.89689	 20 sampled NNs | VaAcc: 0.4893 +- 0.0387 | VaLoss: 1.3956 +- 0.0913
188,  0 | TrAcc: 0.6990, TrLoss:  0.85102, VaAcc: 0.6943, VaLoss:  0.88497	 20 sampled NNs | VaAcc: 0.4784 +- 0.0281 | VaLoss: 1.4773 +- 0.0944
189,  0 | TrAcc: 0.7075, TrLoss:  0.85348, VaAcc: 0.6954, VaLoss:  0.90636	 20 sampled NNs | VaAcc: 0.4763 +- 0.0301 | VaLoss: 1.4709 +- 0.0828
190,  0 | TrAcc: 0.6848, TrLoss:  0.87851, VaAcc: 0.7030, VaLoss:  0.88013	 20 sampled NNs | VaAcc: 0.4681 +- 0.0347 | VaLoss: 1.4608 +- 0.1194
191,  0 | TrAcc: 0.6860, TrLoss:  0.88015, VaAcc: 0.7017, VaLoss:  0.88971	 20 sampled NNs | VaAcc: 0.4719 +- 0.0384 | VaLoss: 1.4411 +- 0.0940
192,  0 | TrAcc: 0.6961, TrLoss:  0.86546, VaAcc: 0.6852, VaLoss:  0.90006	 20 sampled NNs | VaAcc: 0.4619 +- 0.0326 | VaLoss: 1.4935 +- 0.0996
193,  0 | TrAcc: 0.7203, TrLoss:  0.82082, VaAcc: 0.6914, VaLoss:  0.89967	 20 sampled NNs | VaAcc: 0.4734 +- 0.0286 | VaLoss: 1.4573 +- 0.0783
194,  0 | TrAcc: 0.7033, TrLoss:  0.86134, VaAcc: 0.7022, VaLoss:  0.87294	 20 sampled NNs | VaAcc: 0.4609 +- 0.0386 | VaLoss: 1.5599 +- 0.1059
195,  0 | TrAcc: 0.7049, TrLoss:  0.85204, VaAcc: 0.6901, VaLoss:  0.89485	 20 sampled NNs | VaAcc: 0.4370 +- 0.0430 | VaLoss: 1.5946 +- 0.1203
196,  0 | TrAcc: 0.7102, TrLoss:  0.84440, VaAcc: 0.6856, VaLoss:  0.90501	 20 sampled NNs | VaAcc: 0.4599 +- 0.0323 | VaLoss: 1.5165 +- 0.1046
197,  0 | TrAcc: 0.6902, TrLoss:  0.86643, VaAcc: 0.7005, VaLoss:  0.87429	 20 sampled NNs | VaAcc: 0.4774 +- 0.0250 | VaLoss: 1.4877 +- 0.0860
198,  0 | TrAcc: 0.7088, TrLoss:  0.83045, VaAcc: 0.6975, VaLoss:  0.87639	 20 sampled NNs | VaAcc: 0.4682 +- 0.0252 | VaLoss: 1.5084 +- 0.0686
199,  0 | TrAcc: 0.7054, TrLoss:  0.84730, VaAcc: 0.7028, VaLoss:  0.87138	 20 sampled NNs | VaAcc: 0.4695 +- 0.0366 | VaLoss: 1.4995 +- 0.1017
200,  0 | TrAcc: 0.6904, TrLoss:  0.87893, VaAcc: 0.7163, VaLoss:  0.85763	 20 sampled NNs | VaAcc: 0.4839 +- 0.0278 | VaLoss: 1.4540 +- 0.0796
201,  0 | TrAcc: 0.7068, TrLoss:  0.83173, VaAcc: 0.6954, VaLoss:  0.90143	 20 sampled NNs | VaAcc: 0.4470 +- 0.0314 | VaLoss: 1.6236 +- 0.1060
202,  0 | TrAcc: 0.6872, TrLoss:  0.90683, VaAcc: 0.6795, VaLoss:  0.91944	 20 sampled NNs | VaAcc: 0.4572 +- 0.0345 | VaLoss: 1.5274 +- 0.1040
203,  0 | TrAcc: 0.6771, TrLoss:  0.92496, VaAcc: 0.6895, VaLoss:  0.91172	 20 sampled NNs | VaAcc: 0.4717 +- 0.0376 | VaLoss: 1.5038 +- 0.0831
204,  0 | TrAcc: 0.7134, TrLoss:  0.81636, VaAcc: 0.7079, VaLoss:  0.87855	 20 sampled NNs | VaAcc: 0.4974 +- 0.0232 | VaLoss: 1.4811 +- 0.0826
205,  0 | TrAcc: 0.7180, TrLoss:  0.81712, VaAcc: 0.7040, VaLoss:  0.89050	 20 sampled NNs | VaAcc: 0.4841 +- 0.0306 | VaLoss: 1.4619 +- 0.0714
206,  0 | TrAcc: 0.7001, TrLoss:  0.86028, VaAcc: 0.6981, VaLoss:  0.89667	 20 sampled NNs | VaAcc: 0.4911 +- 0.0325 | VaLoss: 1.4969 +- 0.0957
207,  0 | TrAcc: 0.6877, TrLoss:  0.89655, VaAcc: 0.6705, VaLoss:  0.92738	 20 sampled NNs | VaAcc: 0.4875 +- 0.0328 | VaLoss: 1.4596 +- 0.1007
208,  0 | TrAcc: 0.6781, TrLoss:  0.92902, VaAcc: 0.6863, VaLoss:  0.90683	 20 sampled NNs | VaAcc: 0.4680 +- 0.0361 | VaLoss: 1.5120 +- 0.1239
209,  0 | TrAcc: 0.7002, TrLoss:  0.87875, VaAcc: 0.6845, VaLoss:  0.92876	 20 sampled NNs | VaAcc: 0.4581 +- 0.0336 | VaLoss: 1.5334 +- 0.1047
210,  0 | TrAcc: 0.7046, TrLoss:  0.83001, VaAcc: 0.6992, VaLoss:  0.88230	 20 sampled NNs | VaAcc: 0.4763 +- 0.0311 | VaLoss: 1.4800 +- 0.0961
211,  0 | TrAcc: 0.7090, TrLoss:  0.83640, VaAcc: 0.6918, VaLoss:  0.89377	 20 sampled NNs | VaAcc: 0.4792 +- 0.0233 | VaLoss: 1.4778 +- 0.0708
212,  0 | TrAcc: 0.7182, TrLoss:  0.82160, VaAcc: 0.7028, VaLoss:  0.88117	 20 sampled NNs | VaAcc: 0.4771 +- 0.0283 | VaLoss: 1.4968 +- 0.0821
213,  0 | TrAcc: 0.7025, TrLoss:  0.85930, VaAcc: 0.6948, VaLoss:  0.89766	 20 sampled NNs | VaAcc: 0.4953 +- 0.0258 | VaLoss: 1.4416 +- 0.0820
214,  0 | TrAcc: 0.6851, TrLoss:  0.88337, VaAcc: 0.6936, VaLoss:  0.91452	 20 sampled NNs | VaAcc: 0.4866 +- 0.0276 | VaLoss: 1.4875 +- 0.0851
215,  0 | TrAcc: 0.7080, TrLoss:  0.83428, VaAcc: 0.7076, VaLoss:  0.86296	 20 sampled NNs | VaAcc: 0.4947 +- 0.0350 | VaLoss: 1.4275 +- 0.0954
216,  0 | TrAcc: 0.7287, TrLoss:  0.79573, VaAcc: 0.7018, VaLoss:  0.88722	 20 sampled NNs | VaAcc: 0.4950 +- 0.0251 | VaLoss: 1.4456 +- 0.0667
217,  0 | TrAcc: 0.7110, TrLoss:  0.83969, VaAcc: 0.6803, VaLoss:  0.91034	 20 sampled NNs | VaAcc: 0.4744 +- 0.0333 | VaLoss: 1.4598 +- 0.0800
218,  0 | TrAcc: 0.7258, TrLoss:  0.80818, VaAcc: 0.7013, VaLoss:  0.88005	 20 sampled NNs | VaAcc: 0.4779 +- 0.0282 | VaLoss: 1.4963 +- 0.0858
219,  0 | TrAcc: 0.7091, TrLoss:  0.82692, VaAcc: 0.6970, VaLoss:  0.90061	 20 sampled NNs | VaAcc: 0.4807 +- 0.0335 | VaLoss: 1.4958 +- 0.1119
220,  0 | TrAcc: 0.7017, TrLoss:  0.84429, VaAcc: 0.6869, VaLoss:  0.90802	 20 sampled NNs | VaAcc: 0.4906 +- 0.0341 | VaLoss: 1.4716 +- 0.1006
221,  0 | TrAcc: 0.6902, TrLoss:  0.88778, VaAcc: 0.7044, VaLoss:  0.87255	 20 sampled NNs | VaAcc: 0.4970 +- 0.0364 | VaLoss: 1.4473 +- 0.0964
222,  0 | TrAcc: 0.6919, TrLoss:  0.86559, VaAcc: 0.6902, VaLoss:  0.92328	 20 sampled NNs | VaAcc: 0.4746 +- 0.0297 | VaLoss: 1.4907 +- 0.0825
223,  0 | TrAcc: 0.6844, TrLoss:  0.92133, VaAcc: 0.6815, VaLoss:  0.90457	 20 sampled NNs | VaAcc: 0.4690 +- 0.0264 | VaLoss: 1.4811 +- 0.0717
224,  0 | TrAcc: 0.7023, TrLoss:  0.86368, VaAcc: 0.7028, VaLoss:  0.88274	 20 sampled NNs | VaAcc: 0.4903 +- 0.0308 | VaLoss: 1.4177 +- 0.0711
225,  0 | TrAcc: 0.7169, TrLoss:  0.81728, VaAcc: 0.6701, VaLoss:  0.95951	 20 sampled NNs | VaAcc: 0.4740 +- 0.0288 | VaLoss: 1.5160 +- 0.0851
226,  0 | TrAcc: 0.6948, TrLoss:  0.86575, VaAcc: 0.6971, VaLoss:  0.89607	 20 sampled NNs | VaAcc: 0.4894 +- 0.0321 | VaLoss: 1.4459 +- 0.0751
227,  0 | TrAcc: 0.7100, TrLoss:  0.83903, VaAcc: 0.6952, VaLoss:  0.88609	 20 sampled NNs | VaAcc: 0.4565 +- 0.0434 | VaLoss: 1.5597 +- 0.1303
228,  0 | TrAcc: 0.7257, TrLoss:  0.79871, VaAcc: 0.7126, VaLoss:  0.85906	 20 sampled NNs | VaAcc: 0.4982 +- 0.0334 | VaLoss: 1.4417 +- 0.0952
229,  0 | TrAcc: 0.7139, TrLoss:  0.84839, VaAcc: 0.7117, VaLoss:  0.87565	 20 sampled NNs | VaAcc: 0.4734 +- 0.0290 | VaLoss: 1.5289 +- 0.0807
230,  0 | TrAcc: 0.6944, TrLoss:  0.85388, VaAcc: 0.6977, VaLoss:  0.88462	 20 sampled NNs | VaAcc: 0.4875 +- 0.0285 | VaLoss: 1.4531 +- 0.0766
231,  0 | TrAcc: 0.7020, TrLoss:  0.88912, VaAcc: 0.7022, VaLoss:  0.89795	 20 sampled NNs | VaAcc: 0.4709 +- 0.0353 | VaLoss: 1.4975 +- 0.1197
232,  0 | TrAcc: 0.7195, TrLoss:  0.79902, VaAcc: 0.6859, VaLoss:  0.93296	 20 sampled NNs | VaAcc: 0.4779 +- 0.0289 | VaLoss: 1.5233 +- 0.1194
233,  0 | TrAcc: 0.7176, TrLoss:  0.81310, VaAcc: 0.6865, VaLoss:  0.91712	 20 sampled NNs | VaAcc: 0.4776 +- 0.0315 | VaLoss: 1.4841 +- 0.0745
234,  0 | TrAcc: 0.7125, TrLoss:  0.82334, VaAcc: 0.7003, VaLoss:  0.88709	 20 sampled NNs | VaAcc: 0.5094 +- 0.0342 | VaLoss: 1.4387 +- 0.0806
235,  0 | TrAcc: 0.7123, TrLoss:  0.81215, VaAcc: 0.7084, VaLoss:  0.86495	 20 sampled NNs | VaAcc: 0.5231 +- 0.0310 | VaLoss: 1.3891 +- 0.0859
236,  0 | TrAcc: 0.7084, TrLoss:  0.83595, VaAcc: 0.7110, VaLoss:  0.86866	 20 sampled NNs | VaAcc: 0.4636 +- 0.0384 | VaLoss: 1.4861 +- 0.1007
237,  0 | TrAcc: 0.7016, TrLoss:  0.84243, VaAcc: 0.7068, VaLoss:  0.87399	 20 sampled NNs | VaAcc: 0.4825 +- 0.0359 | VaLoss: 1.4869 +- 0.0950
238,  0 | TrAcc: 0.7231, TrLoss:  0.79925, VaAcc: 0.7134, VaLoss:  0.86222	 20 sampled NNs | VaAcc: 0.5155 +- 0.0299 | VaLoss: 1.4007 +- 0.0886
239,  0 | TrAcc: 0.6975, TrLoss:  0.86471, VaAcc: 0.7057, VaLoss:  0.87104	 20 sampled NNs | VaAcc: 0.5092 +- 0.0311 | VaLoss: 1.4369 +- 0.0847
240,  0 | TrAcc: 0.7012, TrLoss:  0.86500, VaAcc: 0.6979, VaLoss:  0.88945	 20 sampled NNs | VaAcc: 0.4716 +- 0.0260 | VaLoss: 1.4576 +- 0.0571
241,  0 | TrAcc: 0.7083, TrLoss:  0.84707, VaAcc: 0.6934, VaLoss:  0.90685	 20 sampled NNs | VaAcc: 0.5002 +- 0.0314 | VaLoss: 1.4833 +- 0.1012
242,  0 | TrAcc: 0.7161, TrLoss:  0.82542, VaAcc: 0.6953, VaLoss:  0.89773	 20 sampled NNs | VaAcc: 0.4709 +- 0.0280 | VaLoss: 1.5096 +- 0.0813
243,  0 | TrAcc: 0.6941, TrLoss:  0.88442, VaAcc: 0.6916, VaLoss:  0.89586	 20 sampled NNs | VaAcc: 0.4637 +- 0.0501 | VaLoss: 1.5144 +- 0.1330
244,  0 | TrAcc: 0.7132, TrLoss:  0.81481, VaAcc: 0.6765, VaLoss:  0.92218	 20 sampled NNs | VaAcc: 0.4639 +- 0.0294 | VaLoss: 1.5093 +- 0.0887
245,  0 | TrAcc: 0.7201, TrLoss:  0.83143, VaAcc: 0.6855, VaLoss:  0.91645	 20 sampled NNs | VaAcc: 0.4768 +- 0.0282 | VaLoss: 1.5275 +- 0.0830
246,  0 | TrAcc: 0.7001, TrLoss:  0.87003, VaAcc: 0.7109, VaLoss:  0.86603	 20 sampled NNs | VaAcc: 0.5107 +- 0.0274 | VaLoss: 1.4243 +- 0.0768
247,  0 | TrAcc: 0.7211, TrLoss:  0.80852, VaAcc: 0.7046, VaLoss:  0.87363	 20 sampled NNs | VaAcc: 0.4868 +- 0.0279 | VaLoss: 1.4722 +- 0.0723
248,  0 | TrAcc: 0.7012, TrLoss:  0.82647, VaAcc: 0.6964, VaLoss:  0.90243	 20 sampled NNs | VaAcc: 0.4921 +- 0.0272 | VaLoss: 1.4600 +- 0.0888
249,  0 | TrAcc: 0.7182, TrLoss:  0.79615, VaAcc: 0.7066, VaLoss:  0.86560	 20 sampled NNs | VaAcc: 0.4992 +- 0.0325 | VaLoss: 1.4501 +- 0.0766
250,  0 | TrAcc: 0.7111, TrLoss:  0.84830, VaAcc: 0.6995, VaLoss:  0.88142	 20 sampled NNs | VaAcc: 0.4933 +- 0.0314 | VaLoss: 1.4775 +- 0.1080
251,  0 | TrAcc: 0.7284, TrLoss:  0.79402, VaAcc: 0.7036, VaLoss:  0.88308	 20 sampled NNs | VaAcc: 0.4992 +- 0.0319 | VaLoss: 1.4522 +- 0.0942
252,  0 | TrAcc: 0.7159, TrLoss:  0.81761, VaAcc: 0.6917, VaLoss:  0.90297	 20 sampled NNs | VaAcc: 0.4973 +- 0.0329 | VaLoss: 1.4966 +- 0.0754
253,  0 | TrAcc: 0.6738, TrLoss:  0.90984, VaAcc: 0.6980, VaLoss:  0.87194	 20 sampled NNs | VaAcc: 0.5202 +- 0.0284 | VaLoss: 1.4220 +- 0.0832
254,  0 | TrAcc: 0.7215, TrLoss:  0.79811, VaAcc: 0.6950, VaLoss:  0.88400	 20 sampled NNs | VaAcc: 0.4913 +- 0.0391 | VaLoss: 1.4322 +- 0.1178
255,  0 | TrAcc: 0.7108, TrLoss:  0.81900, VaAcc: 0.6997, VaLoss:  0.88479	 20 sampled NNs | VaAcc: 0.5128 +- 0.0365 | VaLoss: 1.3895 +- 0.0911
256,  0 | TrAcc: 0.7039, TrLoss:  0.85197, VaAcc: 0.7037, VaLoss:  0.87192	 20 sampled NNs | VaAcc: 0.4797 +- 0.0251 | VaLoss: 1.4358 +- 0.0538
257,  0 | TrAcc: 0.7042, TrLoss:  0.84145, VaAcc: 0.7102, VaLoss:  0.87414	 20 sampled NNs | VaAcc: 0.5084 +- 0.0337 | VaLoss: 1.4095 +- 0.0693
258,  0 | TrAcc: 0.7191, TrLoss:  0.82493, VaAcc: 0.7017, VaLoss:  0.86874	 20 sampled NNs | VaAcc: 0.4843 +- 0.0421 | VaLoss: 1.4935 +- 0.1107
259,  0 | TrAcc: 0.7361, TrLoss:  0.78144, VaAcc: 0.7111, VaLoss:  0.85321	 20 sampled NNs | VaAcc: 0.4991 +- 0.0364 | VaLoss: 1.4229 +- 0.0950
260,  0 | TrAcc: 0.6961, TrLoss:  0.87026, VaAcc: 0.6959, VaLoss:  0.88426	 20 sampled NNs | VaAcc: 0.4756 +- 0.0299 | VaLoss: 1.5237 +- 0.0856
261,  0 | TrAcc: 0.7289, TrLoss:  0.77175, VaAcc: 0.7010, VaLoss:  0.87962	 20 sampled NNs | VaAcc: 0.5068 +- 0.0329 | VaLoss: 1.4224 +- 0.0865
262,  0 | TrAcc: 0.7228, TrLoss:  0.82398, VaAcc: 0.7116, VaLoss:  0.85374	 20 sampled NNs | VaAcc: 0.5036 +- 0.0382 | VaLoss: 1.4503 +- 0.0937
263,  0 | TrAcc: 0.7113, TrLoss:  0.82016, VaAcc: 0.6834, VaLoss:  0.90997	 20 sampled NNs | VaAcc: 0.4725 +- 0.0375 | VaLoss: 1.4944 +- 0.1278
264,  0 | TrAcc: 0.7067, TrLoss:  0.86209, VaAcc: 0.6945, VaLoss:  0.89428	 20 sampled NNs | VaAcc: 0.5088 +- 0.0325 | VaLoss: 1.4396 +- 0.1062
265,  0 | TrAcc: 0.7267, TrLoss:  0.79093, VaAcc: 0.7062, VaLoss:  0.88013	 20 sampled NNs | VaAcc: 0.5053 +- 0.0313 | VaLoss: 1.4277 +- 0.0878
266,  0 | TrAcc: 0.7073, TrLoss:  0.81763, VaAcc: 0.6860, VaLoss:  0.90161	 20 sampled NNs | VaAcc: 0.4744 +- 0.0267 | VaLoss: 1.4743 +- 0.0770
267,  0 | TrAcc: 0.6854, TrLoss:  0.87136, VaAcc: 0.6893, VaLoss:  0.88721	 20 sampled NNs | VaAcc: 0.4927 +- 0.0354 | VaLoss: 1.4786 +- 0.1013
268,  0 | TrAcc: 0.7168, TrLoss:  0.81008, VaAcc: 0.6814, VaLoss:  0.89345	 20 sampled NNs | VaAcc: 0.4710 +- 0.0442 | VaLoss: 1.5013 +- 0.1370
269,  0 | TrAcc: 0.7029, TrLoss:  0.84122, VaAcc: 0.6966, VaLoss:  0.89278	 20 sampled NNs | VaAcc: 0.4650 +- 0.0298 | VaLoss: 1.5626 +- 0.0866
270,  0 | TrAcc: 0.7193, TrLoss:  0.79129, VaAcc: 0.7218, VaLoss:  0.83813	 20 sampled NNs | VaAcc: 0.4941 +- 0.0332 | VaLoss: 1.4784 +- 0.1073
271,  0 | TrAcc: 0.7122, TrLoss:  0.83114, VaAcc: 0.7092, VaLoss:  0.85438	 20 sampled NNs | VaAcc: 0.5128 +- 0.0389 | VaLoss: 1.4093 +- 0.1220
272,  0 | TrAcc: 0.7053, TrLoss:  0.86772, VaAcc: 0.7095, VaLoss:  0.86075	 20 sampled NNs | VaAcc: 0.5042 +- 0.0234 | VaLoss: 1.3943 +- 0.0811
273,  0 | TrAcc: 0.7134, TrLoss:  0.82183, VaAcc: 0.6919, VaLoss:  0.88802	 20 sampled NNs | VaAcc: 0.4962 +- 0.0316 | VaLoss: 1.4243 +- 0.0797
274,  0 | TrAcc: 0.6967, TrLoss:  0.85903, VaAcc: 0.7075, VaLoss:  0.86289	 20 sampled NNs | VaAcc: 0.5273 +- 0.0264 | VaLoss: 1.3716 +- 0.0565
275,  0 | TrAcc: 0.7209, TrLoss:  0.82297, VaAcc: 0.7083, VaLoss:  0.86718	 20 sampled NNs | VaAcc: 0.4925 +- 0.0342 | VaLoss: 1.4449 +- 0.0897
276,  0 | TrAcc: 0.7129, TrLoss:  0.82749, VaAcc: 0.6969, VaLoss:  0.90404	 20 sampled NNs | VaAcc: 0.4834 +- 0.0322 | VaLoss: 1.4670 +- 0.0830
277,  0 | TrAcc: 0.7056, TrLoss:  0.86589, VaAcc: 0.6917, VaLoss:  0.89200	 20 sampled NNs | VaAcc: 0.4956 +- 0.0360 | VaLoss: 1.4716 +- 0.1161
278,  0 | TrAcc: 0.6832, TrLoss:  0.94127, VaAcc: 0.6782, VaLoss:  0.92597	 20 sampled NNs | VaAcc: 0.4798 +- 0.0454 | VaLoss: 1.4840 +- 0.1105
279,  0 | TrAcc: 0.7241, TrLoss:  0.81592, VaAcc: 0.6824, VaLoss:  0.89674	 20 sampled NNs | VaAcc: 0.4884 +- 0.0325 | VaLoss: 1.4366 +- 0.0993
280,  0 | TrAcc: 0.7188, TrLoss:  0.81010, VaAcc: 0.7056, VaLoss:  0.87526	 20 sampled NNs | VaAcc: 0.4914 +- 0.0245 | VaLoss: 1.4541 +- 0.0627
281,  0 | TrAcc: 0.6999, TrLoss:  0.87552, VaAcc: 0.7042, VaLoss:  0.86106	 20 sampled NNs | VaAcc: 0.5003 +- 0.0434 | VaLoss: 1.4244 +- 0.0911
282,  0 | TrAcc: 0.7083, TrLoss:  0.82791, VaAcc: 0.6830, VaLoss:  0.90631	 20 sampled NNs | VaAcc: 0.4882 +- 0.0343 | VaLoss: 1.4932 +- 0.1214
283,  0 | TrAcc: 0.7102, TrLoss:  0.82543, VaAcc: 0.7096, VaLoss:  0.85175	 20 sampled NNs | VaAcc: 0.4837 +- 0.0325 | VaLoss: 1.4557 +- 0.0833
284,  0 | TrAcc: 0.7055, TrLoss:  0.84086, VaAcc: 0.7000, VaLoss:  0.88128	 20 sampled NNs | VaAcc: 0.4890 +- 0.0351 | VaLoss: 1.4294 +- 0.0812
285,  0 | TrAcc: 0.7213, TrLoss:  0.78795, VaAcc: 0.7101, VaLoss:  0.85510	 20 sampled NNs | VaAcc: 0.4977 +- 0.0376 | VaLoss: 1.3948 +- 0.0887
286,  0 | TrAcc: 0.7185, TrLoss:  0.78716, VaAcc: 0.6978, VaLoss:  0.87289	 20 sampled NNs | VaAcc: 0.5169 +- 0.0319 | VaLoss: 1.3834 +- 0.0852
287,  0 | TrAcc: 0.7190, TrLoss:  0.79388, VaAcc: 0.7083, VaLoss:  0.87035	 20 sampled NNs | VaAcc: 0.5055 +- 0.0421 | VaLoss: 1.4353 +- 0.1167
288,  0 | TrAcc: 0.7158, TrLoss:      nan, VaAcc: 0.7126, VaLoss:      nan	 20 sampled NNs | VaAcc: 0.5251 +- 0.0259 | VaLoss: 1.3503 +- 0.0560
289,  0 | TrAcc: 0.7160, TrLoss:  0.81173, VaAcc: 0.7049, VaLoss:  0.88607	 20 sampled NNs | VaAcc: 0.4824 +- 0.0296 | VaLoss: 1.4590 +- 0.0784
290,  0 | TrAcc: 0.7259, TrLoss:  0.77513, VaAcc: 0.7005, VaLoss:  0.91607	 20 sampled NNs | VaAcc: 0.5029 +- 0.0411 | VaLoss: 1.4504 +- 0.1341
291,  0 | TrAcc: 0.7046, TrLoss:  0.85011, VaAcc: 0.7062, VaLoss:  0.87785	 20 sampled NNs | VaAcc: 0.5162 +- 0.0321 | VaLoss: 1.3704 +- 0.0777
292,  0 | TrAcc: 0.7167, TrLoss:  0.80043, VaAcc: 0.7128, VaLoss:  0.85967	 20 sampled NNs | VaAcc: 0.5098 +- 0.0250 | VaLoss: 1.3818 +- 0.0794
293,  0 | TrAcc: 0.7103, TrLoss:  0.83252, VaAcc: 0.7079, VaLoss:  0.86673	 20 sampled NNs | VaAcc: 0.5136 +- 0.0344 | VaLoss: 1.3651 +- 0.0873
294,  0 | TrAcc: 0.6997, TrLoss:  0.85167, VaAcc: 0.6807, VaLoss:  0.91788	 20 sampled NNs | VaAcc: 0.4655 +- 0.0359 | VaLoss: 1.5594 +- 0.1211
295,  0 | TrAcc: 0.6912, TrLoss:  0.87320, VaAcc: 0.7014, VaLoss:  0.88326	 20 sampled NNs | VaAcc: 0.5047 +- 0.0276 | VaLoss: 1.4220 +- 0.0917
296,  0 | TrAcc: 0.7210, TrLoss:  0.80310, VaAcc: 0.6945, VaLoss:  0.88673	 20 sampled NNs | VaAcc: 0.4887 +- 0.0409 | VaLoss: 1.4354 +- 0.1118
297,  0 | TrAcc: 0.7121, TrLoss:  0.83257, VaAcc: 0.6847, VaLoss:  0.90206	 20 sampled NNs | VaAcc: 0.4507 +- 0.0272 | VaLoss: 1.5356 +- 0.1065
298,  0 | TrAcc: 0.7143, TrLoss:  0.81553, VaAcc: 0.6977, VaLoss:  0.90156	 20 sampled NNs | VaAcc: 0.5012 +- 0.0342 | VaLoss: 1.4142 +- 0.0996
299,  0 | TrAcc: 0.7127, TrLoss:  0.80572, VaAcc: 0.7046, VaLoss:  0.87194	 20 sampled NNs | VaAcc: 0.5102 +- 0.0348 | VaLoss: 1.4342 +- 0.0859
300,  0 | TrAcc: 0.7011, TrLoss:  0.84780, VaAcc: 0.6959, VaLoss:  0.87740	 20 sampled NNs | VaAcc: 0.5024 +- 0.0338 | VaLoss: 1.3812 +- 0.1035
301,  0 | TrAcc: 0.7116, TrLoss:  0.80198, VaAcc: 0.6994, VaLoss:  0.87321	 20 sampled NNs | VaAcc: 0.5164 +- 0.0290 | VaLoss: 1.3848 +- 0.0692
302,  0 | TrAcc: 0.7198, TrLoss:  0.81789, VaAcc: 0.7014, VaLoss:  0.88567	 20 sampled NNs | VaAcc: 0.5005 +- 0.0454 | VaLoss: 1.4245 +- 0.1305
303,  0 | TrAcc: 0.7234, TrLoss:  0.78347, VaAcc: 0.7233, VaLoss:  0.83045	 20 sampled NNs | VaAcc: 0.5173 +- 0.0336 | VaLoss: 1.3888 +- 0.0862
304,  0 | TrAcc: 0.7184, TrLoss:  0.80816, VaAcc: 0.7109, VaLoss:  0.84733	 20 sampled NNs | VaAcc: 0.5193 +- 0.0236 | VaLoss: 1.3780 +- 0.0574
305,  0 | TrAcc: 0.7400, TrLoss:  0.74310, VaAcc: 0.7094, VaLoss:  0.85457	 20 sampled NNs | VaAcc: 0.5212 +- 0.0365 | VaLoss: 1.4150 +- 0.1135
306,  0 | TrAcc: 0.7117, TrLoss:  0.80571, VaAcc: 0.7134, VaLoss:  0.85382	 20 sampled NNs | VaAcc: 0.5159 +- 0.0265 | VaLoss: 1.4199 +- 0.0690
307,  0 | TrAcc: 0.7388, TrLoss:  0.77844, VaAcc: 0.7222, VaLoss:  0.83323	 20 sampled NNs | VaAcc: 0.5174 +- 0.0315 | VaLoss: 1.3641 +- 0.0746
308,  0 | TrAcc: 0.7115, TrLoss:  0.81448, VaAcc: 0.6947, VaLoss:  0.86848	 20 sampled NNs | VaAcc: 0.4856 +- 0.0269 | VaLoss: 1.4466 +- 0.0784
309,  0 | TrAcc: 0.6962, TrLoss:  0.89049, VaAcc: 0.6965, VaLoss:  0.87056	 20 sampled NNs | VaAcc: 0.5111 +- 0.0360 | VaLoss: 1.4152 +- 0.1037
310,  0 | TrAcc: 0.6963, TrLoss:  0.89378, VaAcc: 0.7087, VaLoss:  0.86680	 20 sampled NNs | VaAcc: 0.5368 +- 0.0284 | VaLoss: 1.3444 +- 0.0734
311,  0 | TrAcc: 0.7021, TrLoss:  0.85050, VaAcc: 0.7002, VaLoss:  0.87932	 20 sampled NNs | VaAcc: 0.5235 +- 0.0267 | VaLoss: 1.3664 +- 0.0702
312,  0 | TrAcc: 0.7282, TrLoss:  0.77639, VaAcc: 0.7028, VaLoss:  0.86593	 20 sampled NNs | VaAcc: 0.5075 +- 0.0291 | VaLoss: 1.4029 +- 0.0764
313,  0 | TrAcc: 0.7121, TrLoss:  0.83275, VaAcc: 0.7125, VaLoss:  0.85755	 20 sampled NNs | VaAcc: 0.5077 +- 0.0353 | VaLoss: 1.4135 +- 0.0932
314,  0 | TrAcc: 0.7181, TrLoss:  0.80506, VaAcc: 0.7163, VaLoss:  0.84346	 20 sampled NNs | VaAcc: 0.5204 +- 0.0290 | VaLoss: 1.3542 +- 0.0825
315,  0 | TrAcc: 0.7197, TrLoss:  0.80503, VaAcc: 0.6947, VaLoss:  0.88865	 20 sampled NNs | VaAcc: 0.4696 +- 0.0319 | VaLoss: 1.5044 +- 0.0770
316,  0 | TrAcc: 0.7261, TrLoss:  0.78137, VaAcc: 0.7027, VaLoss:  0.88558	 20 sampled NNs | VaAcc: 0.5006 +- 0.0274 | VaLoss: 1.4340 +- 0.1018
317,  0 | TrAcc: 0.7086, TrLoss:  0.86711, VaAcc: 0.7048, VaLoss:  0.86832	 20 sampled NNs | VaAcc: 0.5007 +- 0.0260 | VaLoss: 1.4103 +- 0.0757
318,  0 | TrAcc: 0.7068, TrLoss:  0.84240, VaAcc: 0.7004, VaLoss:  0.89212	 20 sampled NNs | VaAcc: 0.4801 +- 0.0264 | VaLoss: 1.4765 +- 0.0856
319,  0 | TrAcc: 0.6948, TrLoss:  0.85598, VaAcc: 0.7024, VaLoss:  0.87931	 20 sampled NNs | VaAcc: 0.4803 +- 0.0290 | VaLoss: 1.4631 +- 0.0645
320,  0 | TrAcc: 0.7004, TrLoss:  0.86750, VaAcc: 0.6919, VaLoss:  0.90225	 20 sampled NNs | VaAcc: 0.4821 +- 0.0260 | VaLoss: 1.4723 +- 0.0711
321,  0 | TrAcc: 0.7207, TrLoss:  0.78397, VaAcc: 0.6853, VaLoss:  0.91790	 20 sampled NNs | VaAcc: 0.5000 +- 0.0227 | VaLoss: 1.4327 +- 0.0673
322,  0 | TrAcc: 0.7189, TrLoss:  0.82946, VaAcc: 0.7035, VaLoss:  0.87334	 20 sampled NNs | VaAcc: 0.5211 +- 0.0283 | VaLoss: 1.3932 +- 0.0876
323,  0 | TrAcc: 0.7126, TrLoss:  0.83693, VaAcc: 0.6983, VaLoss:  0.90134	 20 sampled NNs | VaAcc: 0.5196 +- 0.0292 | VaLoss: 1.3827 +- 0.0937
324,  0 | TrAcc: 0.7250, TrLoss:  0.80545, VaAcc: 0.7011, VaLoss:  0.87513	 20 sampled NNs | VaAcc: 0.5195 +- 0.0232 | VaLoss: 1.4138 +- 0.0861
325,  0 | TrAcc: 0.7332, TrLoss:  0.76101, VaAcc: 0.6937, VaLoss:  0.90289	 20 sampled NNs | VaAcc: 0.4941 +- 0.0357 | VaLoss: 1.4526 +- 0.0928
326,  0 | TrAcc: 0.7333, TrLoss:  0.77675, VaAcc: 0.7189, VaLoss:  0.85965	 20 sampled NNs | VaAcc: 0.5319 +- 0.0278 | VaLoss: 1.3810 +- 0.0824
327,  0 | TrAcc: 0.7294, TrLoss:  0.79917, VaAcc: 0.6997, VaLoss:  0.89018	 20 sampled NNs | VaAcc: 0.5263 +- 0.0223 | VaLoss: 1.4033 +- 0.0700
328,  0 | TrAcc: 0.7211, TrLoss:  0.79799, VaAcc: 0.6918, VaLoss:  0.88864	 20 sampled NNs | VaAcc: 0.5090 +- 0.0422 | VaLoss: 1.4094 +- 0.1312
329,  0 | TrAcc: 0.6817, TrLoss:      nan, VaAcc: 0.7023, VaLoss:      nan	 20 sampled NNs | VaAcc: 0.5111 +- 0.0278 | VaLoss: 1.4082 +- 0.0718
330,  0 | TrAcc: 0.7258, TrLoss:  0.78603, VaAcc: 0.7017, VaLoss:  0.88048	 20 sampled NNs | VaAcc: 0.5148 +- 0.0289 | VaLoss: 1.4144 +- 0.0834
331,  0 | TrAcc: 0.7245, TrLoss:  0.80608, VaAcc: 0.7178, VaLoss:  0.84662	 20 sampled NNs | VaAcc: 0.5394 +- 0.0387 | VaLoss: 1.3677 +- 0.1164
332,  0 | TrAcc: 0.7312, TrLoss:  0.78345, VaAcc: 0.6799, VaLoss:  0.90867	 20 sampled NNs | VaAcc: 0.4778 +- 0.0387 | VaLoss: 1.5036 +- 0.1126
333,  0 | TrAcc: 0.7265, TrLoss:  0.79349, VaAcc: 0.6937, VaLoss:  0.90166	 20 sampled NNs | VaAcc: 0.4782 +- 0.0393 | VaLoss: 1.4785 +- 0.1231
334,  0 | TrAcc: 0.7166, TrLoss:  0.81535, VaAcc: 0.7093, VaLoss:  0.86989	 20 sampled NNs | VaAcc: 0.4796 +- 0.0318 | VaLoss: 1.4760 +- 0.0791
335,  0 | TrAcc: 0.7109, TrLoss:  0.82052, VaAcc: 0.7006, VaLoss:  0.88954	 20 sampled NNs | VaAcc: 0.4854 +- 0.0380 | VaLoss: 1.4272 +- 0.0993
336,  0 | TrAcc: 0.7051, TrLoss:  0.83867, VaAcc: 0.7165, VaLoss:  0.84757	 20 sampled NNs | VaAcc: 0.4948 +- 0.0229 | VaLoss: 1.4001 +- 0.0582
337,  0 | TrAcc: 0.7254, TrLoss:  0.81250, VaAcc: 0.7106, VaLoss:  0.87300	 20 sampled NNs | VaAcc: 0.5102 +- 0.0356 | VaLoss: 1.4160 +- 0.0991
338,  0 | TrAcc: 0.7190, TrLoss:  0.81922, VaAcc: 0.7094, VaLoss:  0.88102	 20 sampled NNs | VaAcc: 0.5135 +- 0.0368 | VaLoss: 1.4112 +- 0.0952
339,  0 | TrAcc: 0.7253, TrLoss:  0.79999, VaAcc: 0.6934, VaLoss:  0.89221	 20 sampled NNs | VaAcc: 0.5234 +- 0.0304 | VaLoss: 1.3824 +- 0.0805
340,  0 | TrAcc: 0.7110, TrLoss:  0.84153, VaAcc: 0.6965, VaLoss:  0.88190	 20 sampled NNs | VaAcc: 0.5123 +- 0.0209 | VaLoss: 1.3740 +- 0.0543
341,  0 | TrAcc: 0.7370, TrLoss:  0.78310, VaAcc: 0.7074, VaLoss:  0.86732	 20 sampled NNs | VaAcc: 0.5161 +- 0.0302 | VaLoss: 1.3979 +- 0.0770
342,  0 | TrAcc: 0.7086, TrLoss:  0.83108, VaAcc: 0.6878, VaLoss:  0.89490	 20 sampled NNs | VaAcc: 0.4839 +- 0.0336 | VaLoss: 1.4439 +- 0.1142
343,  0 | TrAcc: 0.6890, TrLoss:  0.88337, VaAcc: 0.6923, VaLoss:  0.89024	 20 sampled NNs | VaAcc: 0.4977 +- 0.0217 | VaLoss: 1.4034 +- 0.0545
344,  0 | TrAcc: 0.7011, TrLoss:  0.85282, VaAcc: 0.7130, VaLoss:  0.84697	 20 sampled NNs | VaAcc: 0.5308 +- 0.0343 | VaLoss: 1.3463 +- 0.1069
345,  0 | TrAcc: 0.7050, TrLoss:  0.83365, VaAcc: 0.7044, VaLoss:  0.86046	 20 sampled NNs | VaAcc: 0.5076 +- 0.0257 | VaLoss: 1.4309 +- 0.0926
346,  0 | TrAcc: 0.7225, TrLoss:  0.79111, VaAcc: 0.6989, VaLoss:  0.87981	 20 sampled NNs | VaAcc: 0.5247 +- 0.0285 | VaLoss: 1.3480 +- 0.0870
347,  0 | TrAcc: 0.7246, TrLoss:  0.79880, VaAcc: 0.6861, VaLoss:  0.88880	 20 sampled NNs | VaAcc: 0.5060 +- 0.0228 | VaLoss: 1.3592 +- 0.0621
348,  0 | TrAcc: 0.7058, TrLoss:  0.84421, VaAcc: 0.7104, VaLoss:  0.85711	 20 sampled NNs | VaAcc: 0.5327 +- 0.0284 | VaLoss: 1.3644 +- 0.0893
349,  0 | TrAcc: 0.7261, TrLoss:  0.78612, VaAcc: 0.6901, VaLoss:  0.88147	 20 sampled NNs | VaAcc: 0.4745 +- 0.0350 | VaLoss: 1.5291 +- 0.1048
350,  0 | TrAcc: 0.7291, TrLoss:  0.77828, VaAcc: 0.6988, VaLoss:  0.87230	 20 sampled NNs | VaAcc: 0.5168 +- 0.0258 | VaLoss: 1.3554 +- 0.0695
351,  0 | TrAcc: 0.7219, TrLoss:  0.78959, VaAcc: 0.7171, VaLoss:  0.83757	 20 sampled NNs | VaAcc: 0.4896 +- 0.0263 | VaLoss: 1.4600 +- 0.0960
352,  0 | TrAcc: 0.7282, TrLoss:  0.78566, VaAcc: 0.7109, VaLoss:  0.85805	 20 sampled NNs | VaAcc: 0.5197 +- 0.0210 | VaLoss: 1.3809 +- 0.0554
353,  0 | TrAcc: 0.7075, TrLoss:  0.82605, VaAcc: 0.7069, VaLoss:  0.85889	 20 sampled NNs | VaAcc: 0.5326 +- 0.0318 | VaLoss: 1.3286 +- 0.0831
354,  0 | TrAcc: 0.7141, TrLoss:  0.83558, VaAcc: 0.7093, VaLoss:  0.86014	 20 sampled NNs | VaAcc: 0.4936 +- 0.0335 | VaLoss: 1.4405 +- 0.0798
355,  0 | TrAcc: 0.7203, TrLoss:  0.77988, VaAcc: 0.7134, VaLoss:  0.84983	 20 sampled NNs | VaAcc: 0.5310 +- 0.0263 | VaLoss: 1.3301 +- 0.0766
356,  0 | TrAcc: 0.7160, TrLoss:  0.83483, VaAcc: 0.6982, VaLoss:  0.87808	 20 sampled NNs | VaAcc: 0.4771 +- 0.0326 | VaLoss: 1.4483 +- 0.0765
357,  0 | TrAcc: 0.7420, TrLoss:  0.74242, VaAcc: 0.7009, VaLoss:  0.86455	 20 sampled NNs | VaAcc: 0.5072 +- 0.0308 | VaLoss: 1.4028 +- 0.1253
358,  0 | TrAcc: 0.7325, TrLoss:  0.76362, VaAcc: 0.7086, VaLoss:  0.85076	 20 sampled NNs | VaAcc: 0.5350 +- 0.0279 | VaLoss: 1.3378 +- 0.0804
359,  0 | TrAcc: 0.6984, TrLoss:  0.85127, VaAcc: 0.7002, VaLoss:  0.88888	 20 sampled NNs | VaAcc: 0.5257 +- 0.0286 | VaLoss: 1.3726 +- 0.0771
360,  0 | TrAcc: 0.7038, TrLoss:  0.83334, VaAcc: 0.7099, VaLoss:  0.84794	 20 sampled NNs | VaAcc: 0.5192 +- 0.0267 | VaLoss: 1.3963 +- 0.0740
361,  0 | TrAcc: 0.7129, TrLoss:  0.81008, VaAcc: 0.7038, VaLoss:  0.87172	 20 sampled NNs | VaAcc: 0.5200 +- 0.0295 | VaLoss: 1.4009 +- 0.0877
362,  0 | TrAcc: 0.7172, TrLoss:  0.80207, VaAcc: 0.6991, VaLoss:  0.87052	 20 sampled NNs | VaAcc: 0.5059 +- 0.0374 | VaLoss: 1.4019 +- 0.0917
363,  0 | TrAcc: 0.7350, TrLoss:  0.76807, VaAcc: 0.7124, VaLoss:  0.85018	 20 sampled NNs | VaAcc: 0.5233 +- 0.0251 | VaLoss: 1.4036 +- 0.0546
364,  0 | TrAcc: 0.7154, TrLoss:  0.82793, VaAcc: 0.6969, VaLoss:  0.87619	 20 sampled NNs | VaAcc: 0.5128 +- 0.0304 | VaLoss: 1.4104 +- 0.1031
365,  0 | TrAcc: 0.7287, TrLoss:  0.79780, VaAcc: 0.7008, VaLoss:  0.87215	 20 sampled NNs | VaAcc: 0.5105 +- 0.0394 | VaLoss: 1.4002 +- 0.0947
366,  0 | TrAcc: 0.7352, TrLoss:  0.75881, VaAcc: 0.6886, VaLoss:  0.88082	 20 sampled NNs | VaAcc: 0.5060 +- 0.0339 | VaLoss: 1.4215 +- 0.0970
367,  0 | TrAcc: 0.7286, TrLoss:  0.77865, VaAcc: 0.7023, VaLoss:  0.87097	 20 sampled NNs | VaAcc: 0.5014 +- 0.0252 | VaLoss: 1.4117 +- 0.0659
368,  0 | TrAcc: 0.7237, TrLoss:  0.78938, VaAcc: 0.6959, VaLoss:  0.88008	 20 sampled NNs | VaAcc: 0.4549 +- 0.0170 | VaLoss: 1.5208 +- 0.0591
369,  0 | TrAcc: 0.7151, TrLoss:  0.80569, VaAcc: 0.6911, VaLoss:  0.89195	 20 sampled NNs | VaAcc: 0.5171 +- 0.0327 | VaLoss: 1.4047 +- 0.1022
370,  0 | TrAcc: 0.7222, TrLoss:  0.81863, VaAcc: 0.7115, VaLoss:  0.84078	 20 sampled NNs | VaAcc: 0.5167 +- 0.0485 | VaLoss: 1.3802 +- 0.1399
371,  0 | TrAcc: 0.7231, TrLoss:  0.79677, VaAcc: 0.6992, VaLoss:  0.86963	 20 sampled NNs | VaAcc: 0.5102 +- 0.0313 | VaLoss: 1.3968 +- 0.1002
372,  0 | TrAcc: 0.7083, TrLoss:  0.85371, VaAcc: 0.6909, VaLoss:  0.90341	 20 sampled NNs | VaAcc: 0.5147 +- 0.0237 | VaLoss: 1.3910 +- 0.0651
373,  0 | TrAcc: 0.7171, TrLoss:      nan, VaAcc: 0.7186, VaLoss:      nan	 20 sampled NNs | VaAcc: 0.5395 +- 0.0260 | VaLoss: 1.3512 +- 0.0822
374,  0 | TrAcc: 0.7360, TrLoss:  0.77072, VaAcc: 0.7038, VaLoss:  0.87393	 20 sampled NNs | VaAcc: 0.5238 +- 0.0294 | VaLoss: 1.3486 +- 0.0765
375,  0 | TrAcc: 0.7361, TrLoss:  0.77356, VaAcc: 0.7006, VaLoss:  0.87855	 20 sampled NNs | VaAcc: 0.5098 +- 0.0468 | VaLoss: 1.4342 +- 0.2335
376,  0 | TrAcc: 0.7374, TrLoss:  0.76088, VaAcc: 0.7010, VaLoss:  0.87116	 20 sampled NNs | VaAcc: 0.5167 +- 0.0320 | VaLoss: 1.3918 +- 0.0797
377,  0 | TrAcc: 0.7353, TrLoss:  0.75471, VaAcc: 0.6929, VaLoss:  0.89115	 20 sampled NNs | VaAcc: 0.5007 +- 0.0234 | VaLoss: 1.3950 +- 0.0529
378,  0 | TrAcc: 0.7154, TrLoss:  0.80875, VaAcc: 0.7090, VaLoss:  0.86491	 20 sampled NNs | VaAcc: 0.5452 +- 0.0284 | VaLoss: 1.3340 +- 0.0841
379,  0 | TrAcc: 0.7017, TrLoss:  0.85616, VaAcc: 0.6968, VaLoss:  0.88040	 20 sampled NNs | VaAcc: 0.5103 +- 0.0231 | VaLoss: 1.4041 +- 0.0706
380,  0 | TrAcc: 0.7041, TrLoss:  0.82095, VaAcc: 0.7154, VaLoss:  0.83093	 20 sampled NNs | VaAcc: 0.4944 +- 0.0427 | VaLoss: 1.4598 +- 0.1577
381,  0 | TrAcc: 0.7373, TrLoss:  0.76370, VaAcc: 0.7137, VaLoss:  0.83619	 20 sampled NNs | VaAcc: 0.5486 +- 0.0204 | VaLoss: 1.3037 +- 0.0626
382,  0 | TrAcc: 0.7141, TrLoss:  0.82209, VaAcc: 0.7002, VaLoss:  0.86877	 20 sampled NNs | VaAcc: 0.5455 +- 0.0282 | VaLoss: 1.2977 +- 0.0756
383,  0 | TrAcc: 0.7310, TrLoss:  0.79366, VaAcc: 0.7037, VaLoss:  0.86428	 20 sampled NNs | VaAcc: 0.5112 +- 0.0371 | VaLoss: 1.4332 +- 0.1139
384,  0 | TrAcc: 0.7384, TrLoss:  0.77711, VaAcc: 0.7131, VaLoss:  0.83932	 20 sampled NNs | VaAcc: 0.5341 +- 0.0262 | VaLoss: 1.3469 +- 0.0633
385,  0 | TrAcc: 0.7273, TrLoss:  0.79579, VaAcc: 0.7182, VaLoss:  0.83197	 20 sampled NNs | VaAcc: 0.5236 +- 0.0422 | VaLoss: 1.3632 +- 0.1074
386,  0 | TrAcc: 0.7317, TrLoss:  0.75940, VaAcc: 0.7009, VaLoss:  0.88021	 20 sampled NNs | VaAcc: 0.5376 +- 0.0354 | VaLoss: 1.3196 +- 0.0780
387,  0 | TrAcc: 0.7046, TrLoss:  0.85252, VaAcc: 0.7072, VaLoss:  0.86545	 20 sampled NNs | VaAcc: 0.4878 +- 0.0279 | VaLoss: 1.4506 +- 0.0972
388,  0 | TrAcc: 0.7207, TrLoss:  0.79255, VaAcc: 0.6975, VaLoss:  0.88027	 20 sampled NNs | VaAcc: 0.5017 +- 0.0406 | VaLoss: 1.4222 +- 0.1368
389,  0 | TrAcc: 0.7231, TrLoss:  0.79755, VaAcc: 0.6982, VaLoss:  0.87530	 20 sampled NNs | VaAcc: 0.5001 +- 0.0287 | VaLoss: 1.4232 +- 0.0804
390,  0 | TrAcc: 0.7090, TrLoss:  0.81728, VaAcc: 0.7168, VaLoss:  0.84638	 20 sampled NNs | VaAcc: 0.5477 +- 0.0273 | VaLoss: 1.3081 +- 0.0666
391,  0 | TrAcc: 0.7313, TrLoss:  0.78062, VaAcc: 0.7048, VaLoss:  0.86490	 20 sampled NNs | VaAcc: 0.5102 +- 0.0341 | VaLoss: 1.3704 +- 0.0663
392,  0 | TrAcc: 0.7231, TrLoss:  0.79820, VaAcc: 0.6885, VaLoss:  0.89700	 20 sampled NNs | VaAcc: 0.5017 +- 0.0245 | VaLoss: 1.4111 +- 0.0926
393,  0 | TrAcc: 0.7062, TrLoss:  0.82930, VaAcc: 0.6996, VaLoss:  0.87490	 20 sampled NNs | VaAcc: 0.5288 +- 0.0314 | VaLoss: 1.3564 +- 0.0857
394,  0 | TrAcc: 0.7498, TrLoss:  0.72302, VaAcc: 0.7066, VaLoss:  0.86282	 20 sampled NNs | VaAcc: 0.5249 +- 0.0269 | VaLoss: 1.3706 +- 0.0718
395,  0 | TrAcc: 0.7107, TrLoss:  0.86468, VaAcc: 0.7216, VaLoss:  0.82258	 20 sampled NNs | VaAcc: 0.5498 +- 0.0337 | VaLoss: 1.3283 +- 0.1232
396,  0 | TrAcc: 0.7289, TrLoss:  0.80069, VaAcc: 0.7005, VaLoss:  0.85390	 20 sampled NNs | VaAcc: 0.4819 +- 0.0182 | VaLoss: 1.5219 +- 0.0705
397,  0 | TrAcc: 0.7259, TrLoss:  0.78373, VaAcc: 0.7113, VaLoss:  0.86141	 20 sampled NNs | VaAcc: 0.5241 +- 0.0225 | VaLoss: 1.3717 +- 0.0629
398,  0 | TrAcc: 0.7326, TrLoss:  0.76807, VaAcc: 0.7237, VaLoss:  0.82358	 20 sampled NNs | VaAcc: 0.5434 +- 0.0353 | VaLoss: 1.3354 +- 0.1035
399,  0 | TrAcc: 0.7269, TrLoss:  0.76497, VaAcc: 0.6919, VaLoss:  0.87238	 20 sampled NNs | VaAcc: 0.5109 +- 0.0254 | VaLoss: 1.3641 +- 0.0771
111696.61672800001
----------------------------
