

config:

HOME=/clusterFS/home/student/kopp13
PATH=/clusterFS/home/student/kopp13/miniconda3/envs/tensorflow/bin:/clusterFS/home/student/kopp13/miniconda3/bin:/clusterFS/home/student/kopp13/bin:/usr/local/bin:/usr/bin:/bin:/usr/local/games:/usr/games
LD_LIBRARY_PATH=
THEANO_FLAGS=floatX=float32,gpuarray.preallocate=0.9,dnn.library_path=/usr/lib/x86_64-linux-gnu,cxx=clang++-3.8,device=cuda,base_compiledir=/tmp/tmp.ka2GYqG7em

=============================
CONFIG FILE

RNN CONFIG
{'data_multiplier': 1000.0,
 'gradient_clip_value': 0.5,
 'layer_configs': [{'layer_type': 'input'},
                   {'bc': {'init_m': 'xavier',
                           'init_v': -4.5,
                           'prior_m': 0.0,
                           'prior_v': 0.0,
                           'type': 'continuous'},
                    'bf': {'init_m': 'xavier',
                           'init_v': -4.5,
                           'prior_m': 0.0,
                           'prior_v': 0.0,
                           'type': 'continuous'},
                    'bi': {'init_m': 'xavier',
                           'init_v': -4.5,
                           'prior_m': 0.0,
                           'prior_v': 0.0,
                           'type': 'continuous'},
                    'bo': {'init_m': 'xavier',
                           'init_v': -4.5,
                           'prior_m': 0.0,
                           'prior_v': 0.0,
                           'type': 'continuous'},
                    'discrete_act': True,
                    'init_config': {'c': {'b': 'all_zero', 'w': 'xavier'},
                                    'f': {'b': 'all_one', 'w': 'all_zero'},
                                    'i': {'b': 'all_zero', 'w': 'xavier'},
                                    'o': {'b': 'all_zero', 'w': 'xavier'}},
                    'is_output': False,
                    'is_recurrent': True,
                    'layer_type': 'lstm',
                    'tau': 0.5,
                    'var_scope': 'lstm_0',
                    'wc': {'p0max': 0.95,
                           'p0min': 0.05,
                           'pmax': 0.99,
                           'pmin': 0.01,
                           'priors': [0.2, 0.6, 0.2],
                           'type': 'ternary'},
                    'wf': {'p0max': 0.95,
                           'p0min': 0.05,
                           'pmax': 0.99,
                           'pmin': 0.01,
                           'priors': [0.2, 0.6, 0.2],
                           'type': 'ternary'},
                    'wi': {'p0max': 0.95,
                           'p0min': 0.05,
                           'pmax': 0.99,
                           'pmin': 0.01,
                           'priors': [0.2, 0.6, 0.2],
                           'type': 'ternary'},
                    'wo': {'p0max': 0.95,
                           'p0min': 0.05,
                           'pmax': 0.99,
                           'pmin': 0.01,
                           'priors': [0.2, 0.6, 0.2],
                           'type': 'ternary'}},
                   {'bc': {'init_m': 'xavier',
                           'init_v': -4.5,
                           'prior_m': 0.0,
                           'prior_v': 0.0,
                           'type': 'continuous'},
                    'bf': {'init_m': 'xavier',
                           'init_v': -4.5,
                           'prior_m': 0.0,
                           'prior_v': 0.0,
                           'type': 'continuous'},
                    'bi': {'init_m': 'xavier',
                           'init_v': -4.5,
                           'prior_m': 0.0,
                           'prior_v': 0.0,
                           'type': 'continuous'},
                    'bo': {'init_m': 'xavier',
                           'init_v': -4.5,
                           'prior_m': 0.0,
                           'prior_v': 0.0,
                           'type': 'continuous'},
                    'discrete_act': True,
                    'init_config': {'c': {'b': 'all_zero', 'w': 'xavier'},
                                    'f': {'b': 'all_one', 'w': 'all_zero'},
                                    'i': {'b': 'all_zero', 'w': 'xavier'},
                                    'o': {'b': 'all_zero', 'w': 'xavier'}},
                    'is_output': False,
                    'is_recurrent': True,
                    'layer_type': 'lstm',
                    'tau': 0.5,
                    'var_scope': 'lstm_1',
                    'wc': {'p0max': 0.95,
                           'p0min': 0.05,
                           'pmax': 0.99,
                           'pmin': 0.01,
                           'priors': [0.2, 0.6, 0.2],
                           'type': 'ternary'},
                    'wf': {'p0max': 0.95,
                           'p0min': 0.05,
                           'pmax': 0.99,
                           'pmin': 0.01,
                           'priors': [0.2, 0.6, 0.2],
                           'type': 'ternary'},
                    'wi': {'p0max': 0.95,
                           'p0min': 0.05,
                           'pmax': 0.99,
                           'pmin': 0.01,
                           'priors': [0.2, 0.6, 0.2],
                           'type': 'ternary'},
                    'wo': {'p0max': 0.95,
                           'p0min': 0.05,
                           'pmax': 0.99,
                           'pmin': 0.01,
                           'priors': [0.2, 0.6, 0.2],
                           'type': 'ternary'}},
                   {'b': {'init_m': 'xavier',
                          'init_v': -4.5,
                          'prior_m': 0.0,
                          'prior_v': 0.0,
                          'type': 'continuous'},
                    'is_output': True,
                    'is_recurrent': False,
                    'layer_type': 'fc',
                    'regularization': {'mode': None, 'strength': 0.02},
                    'tau': 0.5,
                    'var_scope': 'output_layer',
                    'w': {'p0max': 0.95,
                          'p0min': 0.05,
                          'pmax': 0.99,
                          'pmin': 0.01,
                          'priors': [0.2, 0.6, 0.2],
                          'type': 'ternary'}}],
 'layout': [4, 60, 60, 10],
 'output_type': 'classification'}

DATA CONFIG
{'dataset': 'red_penstroke',
 'tr': {'in_seq_len': 30,
        'minibatch_enabled': True,
        'minibatch_size': 200,
        'out_seq_len': 5,
        'zero_padding': 20},
 'va': {'in_seq_len': 30,
        'minibatch_enabled': True,
        'minibatch_size': 200,
        'out_seq_len': 5,
        'zero_padding': 20}}

TRAINING CONFIG
{'beta_reg': 0.0,
 'is_pretrain': False,
 'learning_rate': 0.003,
 'mode': {'max_epochs': 400, 'min_error': 0.0, 'name': 'classic'},
 'task_id': 1,
 'type': 'l_sampling',
 'var_reg': 0.01}
==============================


  0,  0 | TrAcc: 0.1025, TrLoss:  3.28034, VaAcc: 0.1074, VaLoss:  3.22701	 20 sampled NNs | VaAcc: 0.1064 +- 0.0099 | VaLoss: 4.0953 +- 0.1666
  1,  0 | TrAcc: 0.1710, TrLoss:  2.27473, VaAcc: 0.1043, VaLoss:  2.35403	 20 sampled NNs | VaAcc: 0.1021 +- 0.0096 | VaLoss: 2.5243 +- 0.1076
  2,  0 | TrAcc: 0.1440, TrLoss:  2.27580, VaAcc: 0.1057, VaLoss:  2.31640	 20 sampled NNs | VaAcc: 0.1061 +- 0.0098 | VaLoss: 2.3910 +- 0.0682
  3,  0 | TrAcc: 0.1708, TrLoss:  2.24383, VaAcc: 0.1053, VaLoss:  2.33072	 20 sampled NNs | VaAcc: 0.1059 +- 0.0069 | VaLoss: 2.3900 +- 0.0429
  4,  0 | TrAcc: 0.1108, TrLoss:  2.27852, VaAcc: 0.1292, VaLoss:  2.31973	 20 sampled NNs | VaAcc: 0.1280 +- 0.0062 | VaLoss: 2.3524 +- 0.0336
  5,  0 | TrAcc: 0.1132, TrLoss:  2.26246, VaAcc: 0.0889, VaLoss:  2.35337	 20 sampled NNs | VaAcc: 0.0902 +- 0.0093 | VaLoss: 2.3855 +- 0.0315
  6,  0 | TrAcc: 0.1129, TrLoss:  2.26591, VaAcc: 0.1292, VaLoss:  2.32593	 20 sampled NNs | VaAcc: 0.1277 +- 0.0057 | VaLoss: 2.3479 +- 0.0256
  7,  0 | TrAcc: 0.1617, TrLoss:  2.25510, VaAcc: 0.1051, VaLoss:  2.34578	 20 sampled NNs | VaAcc: 0.1058 +- 0.0040 | VaLoss: 2.3705 +- 0.0306
  8,  0 | TrAcc: 0.1396, TrLoss:  2.25379, VaAcc: 0.0969, VaLoss:  2.36555	 20 sampled NNs | VaAcc: 0.0969 +- 0.0049 | VaLoss: 2.3852 +- 0.0206
  9,  0 | TrAcc: 0.1527, TrLoss:  2.25562, VaAcc: 0.1052, VaLoss:  2.35616	 20 sampled NNs | VaAcc: 0.1041 +- 0.0057 | VaLoss: 2.3699 +- 0.0162
 10,  0 | TrAcc: 0.1025, TrLoss:  2.27152, VaAcc: 0.1088, VaLoss:  2.33347	 20 sampled NNs | VaAcc: 0.1090 +- 0.0047 | VaLoss: 2.3450 +- 0.0129
 11,  0 | TrAcc: 0.1329, TrLoss:  2.26864, VaAcc: 0.0968, VaLoss:  2.31357	 20 sampled NNs | VaAcc: 0.0976 +- 0.0065 | VaLoss: 2.3276 +- 0.0130
 12,  0 | TrAcc: 0.1545, TrLoss:  2.26204, VaAcc: 0.1051, VaLoss:  2.31917	 20 sampled NNs | VaAcc: 0.1064 +- 0.0052 | VaLoss: 2.3374 +- 0.0238
 13,  0 | TrAcc: 0.1204, TrLoss:  2.26066, VaAcc: 0.1215, VaLoss:  2.33010	 20 sampled NNs | VaAcc: 0.1185 +- 0.0115 | VaLoss: 2.3378 +- 0.0129
 14,  0 | TrAcc: 0.1438, TrLoss:  2.26073, VaAcc: 0.0968, VaLoss:  2.35108	 20 sampled NNs | VaAcc: 0.0990 +- 0.0054 | VaLoss: 2.3634 +- 0.0231
 15,  0 | TrAcc: 0.1559, TrLoss:  2.25033, VaAcc: 0.1052, VaLoss:  2.34772	 20 sampled NNs | VaAcc: 0.1057 +- 0.0018 | VaLoss: 2.3520 +- 0.0083
 16,  0 | TrAcc: 0.1537, TrLoss:  2.26101, VaAcc: 0.1060, VaLoss:  2.36549	 20 sampled NNs | VaAcc: 0.1047 +- 0.0077 | VaLoss: 2.3853 +- 0.0218
 17,  0 | TrAcc: 0.1615, TrLoss:  2.21290, VaAcc: 0.1243, VaLoss:  2.29073	 20 sampled NNs | VaAcc: 0.1101 +- 0.0071 | VaLoss: 2.4371 +- 0.0888
 18,  0 | TrAcc: 0.2014, TrLoss:  2.14361, VaAcc: 0.1793, VaLoss:  2.20706	 20 sampled NNs | VaAcc: 0.1260 +- 0.0246 | VaLoss: 2.3790 +- 0.0583
 19,  0 | TrAcc: 0.2076, TrLoss:  2.09801, VaAcc: 0.1624, VaLoss:  2.20534	 20 sampled NNs | VaAcc: 0.0994 +- 0.0180 | VaLoss: 2.4568 +- 0.0913
 20,  0 | TrAcc: 0.2579, TrLoss:  2.03313, VaAcc: 0.2297, VaLoss:  2.09416	 20 sampled NNs | VaAcc: 0.1375 +- 0.0205 | VaLoss: 2.4104 +- 0.0932
 21,  0 | TrAcc: 0.2654, TrLoss:  1.93256, VaAcc: 0.2254, VaLoss:  2.06614	 20 sampled NNs | VaAcc: 0.1098 +- 0.0177 | VaLoss: 2.5457 +- 0.0942
 22,  0 | TrAcc: 0.2633, TrLoss:  1.94364, VaAcc: 0.2390, VaLoss:  1.97811	 20 sampled NNs | VaAcc: 0.1189 +- 0.0214 | VaLoss: 2.5046 +- 0.0952
 23,  0 | TrAcc: 0.3074, TrLoss:  1.86807, VaAcc: 0.2858, VaLoss:  1.91550	 20 sampled NNs | VaAcc: 0.1282 +- 0.0289 | VaLoss: 2.5033 +- 0.1231
 24,  0 | TrAcc: 0.3441, TrLoss:  1.84897, VaAcc: 0.3383, VaLoss:  1.85330	 20 sampled NNs | VaAcc: 0.1669 +- 0.0404 | VaLoss: 2.4381 +- 0.0872
 25,  0 | TrAcc: 0.3651, TrLoss:  1.76009, VaAcc: 0.3432, VaLoss:  1.83344	 20 sampled NNs | VaAcc: 0.1699 +- 0.0465 | VaLoss: 2.3711 +- 0.0974
 26,  0 | TrAcc: 0.3527, TrLoss:  1.76731, VaAcc: 0.3363, VaLoss:  1.82333	 20 sampled NNs | VaAcc: 0.1235 +- 0.0302 | VaLoss: 2.3642 +- 0.0891
 27,  0 | TrAcc: 0.3601, TrLoss:  1.75919, VaAcc: 0.3215, VaLoss:  1.77674	 20 sampled NNs | VaAcc: 0.1490 +- 0.0352 | VaLoss: 2.3629 +- 0.1514
 28,  0 | TrAcc: 0.3612, TrLoss:  1.71844, VaAcc: 0.3294, VaLoss:  1.80119	 20 sampled NNs | VaAcc: 0.1391 +- 0.0219 | VaLoss: 2.4169 +- 0.1109
 29,  0 | TrAcc: 0.3530, TrLoss:  1.71030, VaAcc: 0.3105, VaLoss:  1.75083	 20 sampled NNs | VaAcc: 0.1744 +- 0.0268 | VaLoss: 2.4409 +- 0.1257
 30,  0 | TrAcc: 0.3682, TrLoss:  1.70550, VaAcc: 0.3631, VaLoss:  1.71948	 20 sampled NNs | VaAcc: 0.1473 +- 0.0276 | VaLoss: 2.4359 +- 0.1356
 31,  0 | TrAcc: 0.4037, TrLoss:  1.64725, VaAcc: 0.4070, VaLoss:  1.63317	 20 sampled NNs | VaAcc: 0.2064 +- 0.0326 | VaLoss: 2.3065 +- 0.0860
 32,  0 | TrAcc: 0.3463, TrLoss:  1.69580, VaAcc: 0.3503, VaLoss:  1.70190	 20 sampled NNs | VaAcc: 0.1793 +- 0.0340 | VaLoss: 2.3392 +- 0.1271
 33,  0 | TrAcc: 0.4363, TrLoss:  1.60617, VaAcc: 0.4170, VaLoss:  1.59550	 20 sampled NNs | VaAcc: 0.1704 +- 0.0402 | VaLoss: 2.3924 +- 0.1716
 34,  0 | TrAcc: 0.4364, TrLoss:  1.60010, VaAcc: 0.4077, VaLoss:  1.65088	 20 sampled NNs | VaAcc: 0.2072 +- 0.0478 | VaLoss: 2.2877 +- 0.1978
 35,  0 | TrAcc: 0.4358, TrLoss:  1.58153, VaAcc: 0.4182, VaLoss:  1.61147	 20 sampled NNs | VaAcc: 0.2062 +- 0.0514 | VaLoss: 2.3097 +- 0.1677
 36,  0 | TrAcc: 0.4428, TrLoss:  1.55232, VaAcc: 0.4107, VaLoss:  1.59455	 20 sampled NNs | VaAcc: 0.1922 +- 0.0389 | VaLoss: 2.3582 +- 0.1749
 37,  0 | TrAcc: 0.4310, TrLoss:  1.57598, VaAcc: 0.4155, VaLoss:  1.61947	 20 sampled NNs | VaAcc: 0.1657 +- 0.0330 | VaLoss: 2.3519 +- 0.1354
 38,  0 | TrAcc: 0.4170, TrLoss:  1.61376, VaAcc: 0.4290, VaLoss:  1.58633	 20 sampled NNs | VaAcc: 0.1808 +- 0.0411 | VaLoss: 2.3091 +- 0.1492
 39,  0 | TrAcc: 0.4418, TrLoss:  1.50638, VaAcc: 0.4099, VaLoss:  1.59976	 20 sampled NNs | VaAcc: 0.1768 +- 0.0284 | VaLoss: 2.3803 +- 0.1514
 40,  0 | TrAcc: 0.4666, TrLoss:  1.48683, VaAcc: 0.4388, VaLoss:  1.55495	 20 sampled NNs | VaAcc: 0.2162 +- 0.0625 | VaLoss: 2.2242 +- 0.1977
 41,  0 | TrAcc: 0.4601, TrLoss:  1.51117, VaAcc: 0.4464, VaLoss:  1.52646	 20 sampled NNs | VaAcc: 0.1941 +- 0.0417 | VaLoss: 2.3203 +- 0.1838
 42,  0 | TrAcc: 0.4292, TrLoss:  1.53692, VaAcc: 0.4321, VaLoss:  1.52753	 20 sampled NNs | VaAcc: 0.2173 +- 0.0432 | VaLoss: 2.2388 +- 0.1382
 43,  0 | TrAcc: 0.4689, TrLoss:  1.47894, VaAcc: 0.4474, VaLoss:  1.51088	 20 sampled NNs | VaAcc: 0.2188 +- 0.0504 | VaLoss: 2.2713 +- 0.1847
 44,  0 | TrAcc: 0.4982, TrLoss:  1.43096, VaAcc: 0.4779, VaLoss:  1.48255	 20 sampled NNs | VaAcc: 0.2613 +- 0.0376 | VaLoss: 2.1661 +- 0.1351
 45,  0 | TrAcc: 0.4756, TrLoss:  1.47936, VaAcc: 0.4643, VaLoss:  1.49746	 20 sampled NNs | VaAcc: 0.2299 +- 0.0402 | VaLoss: 2.2811 +- 0.1839
 46,  0 | TrAcc: 0.5140, TrLoss:  1.38468, VaAcc: 0.4721, VaLoss:  1.47597	 20 sampled NNs | VaAcc: 0.2072 +- 0.0368 | VaLoss: 2.2236 +- 0.1150
 47,  0 | TrAcc: 0.4838, TrLoss:  1.41581, VaAcc: 0.4768, VaLoss:  1.46229	 20 sampled NNs | VaAcc: 0.2388 +- 0.0462 | VaLoss: 2.2292 +- 0.1452
 48,  0 | TrAcc: 0.5087, TrLoss:  1.34677, VaAcc: 0.4921, VaLoss:  1.44478	 20 sampled NNs | VaAcc: 0.2251 +- 0.0296 | VaLoss: 2.2725 +- 0.1312
 49,  0 | TrAcc: 0.4929, TrLoss:  1.41770, VaAcc: 0.4611, VaLoss:  1.48154	 20 sampled NNs | VaAcc: 0.2163 +- 0.0459 | VaLoss: 2.1930 +- 0.1207
 50,  0 | TrAcc: 0.4779, TrLoss:  1.45672, VaAcc: 0.4891, VaLoss:  1.46941	 20 sampled NNs | VaAcc: 0.2294 +- 0.0284 | VaLoss: 2.2289 +- 0.1419
 51,  0 | TrAcc: 0.5110, TrLoss:  1.39368, VaAcc: 0.4921, VaLoss:  1.45141	 20 sampled NNs | VaAcc: 0.2191 +- 0.0413 | VaLoss: 2.3351 +- 0.2402
 52,  0 | TrAcc: 0.5022, TrLoss:  1.35943, VaAcc: 0.4901, VaLoss:  1.41934	 20 sampled NNs | VaAcc: 0.2632 +- 0.0322 | VaLoss: 2.1782 +- 0.1593
 53,  0 | TrAcc: 0.5173, TrLoss:  1.36673, VaAcc: 0.5180, VaLoss:  1.39201	 20 sampled NNs | VaAcc: 0.2472 +- 0.0445 | VaLoss: 2.1653 +- 0.1818
 54,  0 | TrAcc: 0.5058, TrLoss:  1.38413, VaAcc: 0.4978, VaLoss:  1.41479	 20 sampled NNs | VaAcc: 0.2586 +- 0.0429 | VaLoss: 2.1974 +- 0.2129
 55,  0 | TrAcc: 0.4911, TrLoss:  1.42225, VaAcc: 0.4804, VaLoss:  1.43087	 20 sampled NNs | VaAcc: 0.1856 +- 0.0362 | VaLoss: 2.3374 +- 0.1778
 56,  0 | TrAcc: 0.5148, TrLoss:  1.37108, VaAcc: 0.5184, VaLoss:  1.37334	 20 sampled NNs | VaAcc: 0.2505 +- 0.0440 | VaLoss: 2.1838 +- 0.1587
 57,  0 | TrAcc: 0.5253, TrLoss:  1.33369, VaAcc: 0.5077, VaLoss:  1.39640	 20 sampled NNs | VaAcc: 0.2190 +- 0.0316 | VaLoss: 2.3950 +- 0.1783
 58,  0 | TrAcc: 0.5227, TrLoss:  1.31570, VaAcc: 0.4912, VaLoss:  1.40776	 20 sampled NNs | VaAcc: 0.2573 +- 0.0493 | VaLoss: 2.2311 +- 0.2049
 59,  0 | TrAcc: 0.5132, TrLoss:  1.33302, VaAcc: 0.5050, VaLoss:  1.37747	 20 sampled NNs | VaAcc: 0.2548 +- 0.0436 | VaLoss: 2.0940 +- 0.2089
 60,  0 | TrAcc: 0.4978, TrLoss:  1.37181, VaAcc: 0.4968, VaLoss:  1.38460	 20 sampled NNs | VaAcc: 0.2476 +- 0.0384 | VaLoss: 2.2339 +- 0.1783
 61,  0 | TrAcc: 0.5353, TrLoss:  1.28031, VaAcc: 0.4862, VaLoss:  1.40814	 20 sampled NNs | VaAcc: 0.2438 +- 0.0235 | VaLoss: 2.1923 +- 0.1640
 62,  0 | TrAcc: 0.5490, TrLoss:  1.27806, VaAcc: 0.5019, VaLoss:  1.38418	 20 sampled NNs | VaAcc: 0.2301 +- 0.0549 | VaLoss: 2.2841 +- 0.2419
 63,  0 | TrAcc: 0.5510, TrLoss:  1.26153, VaAcc: 0.5075, VaLoss:  1.37504	 20 sampled NNs | VaAcc: 0.2660 +- 0.0241 | VaLoss: 2.0582 +- 0.1081
 64,  0 | TrAcc: 0.5180, TrLoss:  1.33148, VaAcc: 0.5072, VaLoss:  1.40407	 20 sampled NNs | VaAcc: 0.2671 +- 0.0450 | VaLoss: 2.1839 +- 0.2346
 65,  0 | TrAcc: 0.5367, TrLoss:  1.27354, VaAcc: 0.5244, VaLoss:  1.37204	 20 sampled NNs | VaAcc: 0.2867 +- 0.0377 | VaLoss: 2.0826 +- 0.1802
 66,  0 | TrAcc: 0.5698, TrLoss:  1.24126, VaAcc: 0.5221, VaLoss:  1.37616	 20 sampled NNs | VaAcc: 0.3004 +- 0.0397 | VaLoss: 2.0274 +- 0.1282
 67,  0 | TrAcc: 0.5453, TrLoss:  1.28414, VaAcc: 0.5171, VaLoss:  1.36858	 20 sampled NNs | VaAcc: 0.2676 +- 0.0449 | VaLoss: 2.1008 +- 0.1852
 68,  0 | TrAcc: 0.5406, TrLoss:  1.25297, VaAcc: 0.5097, VaLoss:  1.37462	 20 sampled NNs | VaAcc: 0.2558 +- 0.0332 | VaLoss: 2.0374 +- 0.1175
 69,  0 | TrAcc: 0.5424, TrLoss:  1.30310, VaAcc: 0.5214, VaLoss:  1.35436	 20 sampled NNs | VaAcc: 0.2898 +- 0.0337 | VaLoss: 2.0583 +- 0.1479
 70,  0 | TrAcc: 0.5459, TrLoss:  1.27932, VaAcc: 0.5012, VaLoss:  1.39626	 20 sampled NNs | VaAcc: 0.2843 +- 0.0525 | VaLoss: 2.1621 +- 0.1948
 71,  0 | TrAcc: 0.5428, TrLoss:  1.30016, VaAcc: 0.5026, VaLoss:  1.39186	 20 sampled NNs | VaAcc: 0.2554 +- 0.0296 | VaLoss: 2.1124 +- 0.1590
 72,  0 | TrAcc: 0.5530, TrLoss:  1.27045, VaAcc: 0.5233, VaLoss:  1.37045	 20 sampled NNs | VaAcc: 0.2449 +- 0.0286 | VaLoss: 2.2264 +- 0.1814
 73,  0 | TrAcc: 0.5432, TrLoss:  1.27763, VaAcc: 0.5315, VaLoss:  1.33788	 20 sampled NNs | VaAcc: 0.2897 +- 0.0504 | VaLoss: 2.0671 +- 0.1802
 74,  0 | TrAcc: 0.5621, TrLoss:  1.23605, VaAcc: 0.5263, VaLoss:  1.32555	 20 sampled NNs | VaAcc: 0.2561 +- 0.0506 | VaLoss: 2.0924 +- 0.1741
 75,  0 | TrAcc: 0.5474, TrLoss:  1.29659, VaAcc: 0.5091, VaLoss:  1.39397	 20 sampled NNs | VaAcc: 0.2322 +- 0.0315 | VaLoss: 2.2111 +- 0.1717
 76,  0 | TrAcc: 0.5349, TrLoss:  1.30784, VaAcc: 0.5202, VaLoss:  1.37963	 20 sampled NNs | VaAcc: 0.2584 +- 0.0468 | VaLoss: 2.1236 +- 0.2087
 77,  0 | TrAcc: 0.5485, TrLoss:  1.29548, VaAcc: 0.5450, VaLoss:  1.30568	 20 sampled NNs | VaAcc: 0.2865 +- 0.0400 | VaLoss: 2.0722 +- 0.2271
 78,  0 | TrAcc: 0.5499, TrLoss:  1.26885, VaAcc: 0.5444, VaLoss:  1.32505	 20 sampled NNs | VaAcc: 0.2862 +- 0.0581 | VaLoss: 2.1510 +- 0.2424
 79,  0 | TrAcc: 0.5651, TrLoss:  1.21693, VaAcc: 0.5230, VaLoss:  1.34803	 20 sampled NNs | VaAcc: 0.2992 +- 0.0498 | VaLoss: 2.0305 +- 0.1814
 80,  0 | TrAcc: 0.5557, TrLoss:  1.23877, VaAcc: 0.5405, VaLoss:  1.33191	 20 sampled NNs | VaAcc: 0.3102 +- 0.0558 | VaLoss: 2.0247 +- 0.2283
 81,  0 | TrAcc: 0.5504, TrLoss:  1.24408, VaAcc: 0.5294, VaLoss:  1.32548	 20 sampled NNs | VaAcc: 0.3189 +- 0.0452 | VaLoss: 1.9163 +- 0.1566
 82,  0 | TrAcc: 0.5329, TrLoss:  1.25799, VaAcc: 0.5289, VaLoss:  1.30711	 20 sampled NNs | VaAcc: 0.3167 +- 0.0430 | VaLoss: 1.8970 +- 0.1353
 83,  0 | TrAcc: 0.5288, TrLoss:  1.27381, VaAcc: 0.5180, VaLoss:  1.33944	 20 sampled NNs | VaAcc: 0.2923 +- 0.0394 | VaLoss: 1.9234 +- 0.1401
 84,  0 | TrAcc: 0.5526, TrLoss:  1.25258, VaAcc: 0.5103, VaLoss:  1.36027	 20 sampled NNs | VaAcc: 0.2720 +- 0.0381 | VaLoss: 1.9988 +- 0.1388
 85,  0 | TrAcc: 0.5498, TrLoss:  1.26407, VaAcc: 0.5225, VaLoss:  1.32657	 20 sampled NNs | VaAcc: 0.3108 +- 0.0422 | VaLoss: 1.9391 +- 0.1703
 86,  0 | TrAcc: 0.5672, TrLoss:  1.20606, VaAcc: 0.5295, VaLoss:  1.30283	 20 sampled NNs | VaAcc: 0.2977 +- 0.0444 | VaLoss: 2.0317 +- 0.2091
 87,  0 | TrAcc: 0.5727, TrLoss:  1.19916, VaAcc: 0.5301, VaLoss:  1.31137	 20 sampled NNs | VaAcc: 0.3018 +- 0.0440 | VaLoss: 1.9873 +- 0.1487
 88,  0 | TrAcc: 0.5616, TrLoss:  1.20427, VaAcc: 0.5532, VaLoss:  1.27551	 20 sampled NNs | VaAcc: 0.3191 +- 0.0498 | VaLoss: 1.9448 +- 0.1212
 89,  0 | TrAcc: 0.5648, TrLoss:  1.21782, VaAcc: 0.5403, VaLoss:  1.32548	 20 sampled NNs | VaAcc: 0.3219 +- 0.0350 | VaLoss: 1.9625 +- 0.1749
 90,  0 | TrAcc: 0.5646, TrLoss:  1.21397, VaAcc: 0.5397, VaLoss:  1.27709	 20 sampled NNs | VaAcc: 0.2916 +- 0.0380 | VaLoss: 1.9842 +- 0.1356
 91,  0 | TrAcc: 0.5564, TrLoss:  1.24429, VaAcc: 0.5349, VaLoss:  1.29208	 20 sampled NNs | VaAcc: 0.2685 +- 0.0445 | VaLoss: 2.0545 +- 0.1305
 92,  0 | TrAcc: 0.5674, TrLoss:  1.20873, VaAcc: 0.5323, VaLoss:  1.28220	 20 sampled NNs | VaAcc: 0.2805 +- 0.0450 | VaLoss: 2.0253 +- 0.1661
 93,  0 | TrAcc: 0.5350, TrLoss:  1.28413, VaAcc: 0.5138, VaLoss:  1.31095	 20 sampled NNs | VaAcc: 0.3037 +- 0.0410 | VaLoss: 1.9998 +- 0.1371
 94,  0 | TrAcc: 0.5704, TrLoss:  1.18932, VaAcc: 0.5032, VaLoss:  1.35657	 20 sampled NNs | VaAcc: 0.3155 +- 0.0292 | VaLoss: 1.9248 +- 0.1205
 95,  0 | TrAcc: 0.5698, TrLoss:  1.19735, VaAcc: 0.5490, VaLoss:  1.29159	 20 sampled NNs | VaAcc: 0.3479 +- 0.0416 | VaLoss: 1.9460 +- 0.1822
 96,  0 | TrAcc: 0.5884, TrLoss:  1.15642, VaAcc: 0.5400, VaLoss:  1.27160	 20 sampled NNs | VaAcc: 0.3280 +- 0.0411 | VaLoss: 1.9344 +- 0.1286
 97,  0 | TrAcc: 0.5691, TrLoss:  1.20173, VaAcc: 0.5270, VaLoss:  1.30260	 20 sampled NNs | VaAcc: 0.3076 +- 0.0399 | VaLoss: 1.9556 +- 0.1419
 98,  0 | TrAcc: 0.5838, TrLoss:  1.16155, VaAcc: 0.5401, VaLoss:  1.28149	 20 sampled NNs | VaAcc: 0.3113 +- 0.0485 | VaLoss: 1.9211 +- 0.1295
 99,  0 | TrAcc: 0.5806, TrLoss:  1.19605, VaAcc: 0.5371, VaLoss:  1.32097	 20 sampled NNs | VaAcc: 0.3209 +- 0.0318 | VaLoss: 1.9312 +- 0.1053
100,  0 | TrAcc: 0.5692, TrLoss:  1.21700, VaAcc: 0.5631, VaLoss:  1.28217	 20 sampled NNs | VaAcc: 0.3714 +- 0.0409 | VaLoss: 1.8073 +- 0.1066
101,  0 | TrAcc: 0.5784, TrLoss:  1.18204, VaAcc: 0.5576, VaLoss:  1.25457	 20 sampled NNs | VaAcc: 0.3503 +- 0.0400 | VaLoss: 1.8117 +- 0.1253
102,  0 | TrAcc: 0.5628, TrLoss:  1.21914, VaAcc: 0.5586, VaLoss:  1.26981	 20 sampled NNs | VaAcc: 0.2898 +- 0.0493 | VaLoss: 1.9578 +- 0.1493
103,  0 | TrAcc: 0.5858, TrLoss:  1.18643, VaAcc: 0.5644, VaLoss:  1.26853	 20 sampled NNs | VaAcc: 0.3571 +- 0.0372 | VaLoss: 1.8084 +- 0.1340
104,  0 | TrAcc: 0.5918, TrLoss:  1.15259, VaAcc: 0.5407, VaLoss:  1.28666	 20 sampled NNs | VaAcc: 0.2850 +- 0.0420 | VaLoss: 2.0540 +- 0.2284
105,  0 | TrAcc: 0.5945, TrLoss:  1.14289, VaAcc: 0.5693, VaLoss:  1.24322	 20 sampled NNs | VaAcc: 0.3518 +- 0.0398 | VaLoss: 1.8625 +- 0.1343
106,  0 | TrAcc: 0.5999, TrLoss:  1.13074, VaAcc: 0.5463, VaLoss:  1.26450	 20 sampled NNs | VaAcc: 0.3301 +- 0.0452 | VaLoss: 1.9324 +- 0.1580
107,  0 | TrAcc: 0.5815, TrLoss:  1.18473, VaAcc: 0.5302, VaLoss:  1.29918	 20 sampled NNs | VaAcc: 0.3038 +- 0.0450 | VaLoss: 1.9305 +- 0.1598
108,  0 | TrAcc: 0.5821, TrLoss:  1.17756, VaAcc: 0.5499, VaLoss:  1.30742	 20 sampled NNs | VaAcc: 0.3129 +- 0.0503 | VaLoss: 1.9925 +- 0.2122
109,  0 | TrAcc: 0.5899, TrLoss:  1.15714, VaAcc: 0.5489, VaLoss:  1.31619	 20 sampled NNs | VaAcc: 0.3845 +- 0.0378 | VaLoss: 1.8016 +- 0.1269
110,  0 | TrAcc: 0.5911, TrLoss:  1.12628, VaAcc: 0.5486, VaLoss:  1.28431	 20 sampled NNs | VaAcc: 0.3193 +- 0.0367 | VaLoss: 1.9114 +- 0.1494
111,  0 | TrAcc: 0.5799, TrLoss:  1.17209, VaAcc: 0.5557, VaLoss:  1.24711	 20 sampled NNs | VaAcc: 0.3069 +- 0.0433 | VaLoss: 1.9452 +- 0.1233
112,  0 | TrAcc: 0.5754, TrLoss:  1.19039, VaAcc: 0.5561, VaLoss:  1.28115	 20 sampled NNs | VaAcc: 0.3294 +- 0.0478 | VaLoss: 1.9350 +- 0.1942
113,  0 | TrAcc: 0.5841, TrLoss:  1.16646, VaAcc: 0.5605, VaLoss:  1.25925	 20 sampled NNs | VaAcc: 0.3444 +- 0.0376 | VaLoss: 1.8360 +- 0.1199
114,  0 | TrAcc: 0.5691, TrLoss:  1.20809, VaAcc: 0.5568, VaLoss:  1.25127	 20 sampled NNs | VaAcc: 0.3427 +- 0.0268 | VaLoss: 1.8935 +- 0.1118
115,  0 | TrAcc: 0.5927, TrLoss:  1.14856, VaAcc: 0.5592, VaLoss:  1.26062	 20 sampled NNs | VaAcc: 0.3514 +- 0.0504 | VaLoss: 1.8298 +- 0.1801
116,  0 | TrAcc: 0.5892, TrLoss:  1.18597, VaAcc: 0.5384, VaLoss:  1.31983	 20 sampled NNs | VaAcc: 0.3031 +- 0.0384 | VaLoss: 1.9683 +- 0.2436
117,  0 | TrAcc: 0.6024, TrLoss:  1.11312, VaAcc: 0.5518, VaLoss:  1.26432	 20 sampled NNs | VaAcc: 0.2996 +- 0.0379 | VaLoss: 2.0252 +- 0.1597
118,  0 | TrAcc: 0.5957, TrLoss:  1.15264, VaAcc: 0.5601, VaLoss:  1.25823	 20 sampled NNs | VaAcc: 0.3245 +- 0.0430 | VaLoss: 1.9728 +- 0.1652
119,  0 | TrAcc: 0.5780, TrLoss:  1.20656, VaAcc: 0.5650, VaLoss:  1.27953	 20 sampled NNs | VaAcc: 0.3544 +- 0.0403 | VaLoss: 1.8731 +- 0.1391
120,  0 | TrAcc: 0.6046, TrLoss:  1.14523, VaAcc: 0.5643, VaLoss:  1.24005	 20 sampled NNs | VaAcc: 0.3250 +- 0.0505 | VaLoss: 1.9138 +- 0.1784
121,  0 | TrAcc: 0.5942, TrLoss:  1.16207, VaAcc: 0.5700, VaLoss:  1.24746	 20 sampled NNs | VaAcc: 0.3629 +- 0.0386 | VaLoss: 1.9230 +- 0.1597
122,  0 | TrAcc: 0.5953, TrLoss:  1.16207, VaAcc: 0.5524, VaLoss:  1.27135	 20 sampled NNs | VaAcc: 0.2936 +- 0.0529 | VaLoss: 2.0588 +- 0.2150
123,  0 | TrAcc: 0.6070, TrLoss:  1.11588, VaAcc: 0.5630, VaLoss:  1.25234	 20 sampled NNs | VaAcc: 0.3129 +- 0.0404 | VaLoss: 1.9320 +- 0.1294
124,  0 | TrAcc: 0.5899, TrLoss:  1.14043, VaAcc: 0.5571, VaLoss:  1.26802	 20 sampled NNs | VaAcc: 0.3517 +- 0.0397 | VaLoss: 1.8828 +- 0.1351
125,  0 | TrAcc: 0.6188, TrLoss:  1.10437, VaAcc: 0.5698, VaLoss:  1.25773	 20 sampled NNs | VaAcc: 0.3247 +- 0.0442 | VaLoss: 1.9275 +- 0.1742
126,  0 | TrAcc: 0.6071, TrLoss:  1.15549, VaAcc: 0.5528, VaLoss:  1.27651	 20 sampled NNs | VaAcc: 0.3217 +- 0.0385 | VaLoss: 1.9072 +- 0.1906
127,  0 | TrAcc: 0.5912, TrLoss:  1.15736, VaAcc: 0.5664, VaLoss:  1.27435	 20 sampled NNs | VaAcc: 0.3340 +- 0.0335 | VaLoss: 1.9783 +- 0.1642
128,  0 | TrAcc: 0.6121, TrLoss:  1.13831, VaAcc: 0.5680, VaLoss:  1.25932	 20 sampled NNs | VaAcc: 0.3317 +- 0.0537 | VaLoss: 1.9862 +- 0.2333
129,  0 | TrAcc: 0.6289, TrLoss:  1.07249, VaAcc: 0.5684, VaLoss:  1.25461	 20 sampled NNs | VaAcc: 0.3547 +- 0.0525 | VaLoss: 1.9055 +- 0.2344
130,  0 | TrAcc: 0.5987, TrLoss:  1.15629, VaAcc: 0.5668, VaLoss:  1.23438	 20 sampled NNs | VaAcc: 0.3383 +- 0.0491 | VaLoss: 1.9164 +- 0.1879
131,  0 | TrAcc: 0.6062, TrLoss:  1.13307, VaAcc: 0.5707, VaLoss:  1.22881	 20 sampled NNs | VaAcc: 0.3428 +- 0.0524 | VaLoss: 1.8985 +- 0.1722
132,  0 | TrAcc: 0.6080, TrLoss:  1.13668, VaAcc: 0.5795, VaLoss:  1.22759	 20 sampled NNs | VaAcc: 0.3694 +- 0.0305 | VaLoss: 1.8332 +- 0.1554
133,  0 | TrAcc: 0.6433, TrLoss:  1.04334, VaAcc: 0.5736, VaLoss:  1.25180	 20 sampled NNs | VaAcc: 0.3405 +- 0.0403 | VaLoss: 1.9132 +- 0.1791
134,  0 | TrAcc: 0.6041, TrLoss:  1.15004, VaAcc: 0.5840, VaLoss:  1.22733	 20 sampled NNs | VaAcc: 0.3872 +- 0.0451 | VaLoss: 1.8169 +- 0.1534
135,  0 | TrAcc: 0.6284, TrLoss:  1.07682, VaAcc: 0.5781, VaLoss:  1.24241	 20 sampled NNs | VaAcc: 0.3932 +- 0.0358 | VaLoss: 1.7906 +- 0.1355
136,  0 | TrAcc: 0.6091, TrLoss:  1.12146, VaAcc: 0.5675, VaLoss:  1.24997	 20 sampled NNs | VaAcc: 0.3609 +- 0.0365 | VaLoss: 1.8017 +- 0.1176
137,  0 | TrAcc: 0.5781, TrLoss:  1.18675, VaAcc: 0.5568, VaLoss:  1.27541	 20 sampled NNs | VaAcc: 0.3741 +- 0.0400 | VaLoss: 1.8344 +- 0.1474
138,  0 | TrAcc: 0.5876, TrLoss:  1.15527, VaAcc: 0.5629, VaLoss:  1.26468	 20 sampled NNs | VaAcc: 0.3485 +- 0.0398 | VaLoss: 1.8177 +- 0.1652
139,  0 | TrAcc: 0.5925, TrLoss:  1.13856, VaAcc: 0.5606, VaLoss:  1.28608	 20 sampled NNs | VaAcc: 0.3075 +- 0.0511 | VaLoss: 1.9471 +- 0.1901
140,  0 | TrAcc: 0.6099, TrLoss:  1.09649, VaAcc: 0.5700, VaLoss:  1.24105	 20 sampled NNs | VaAcc: 0.3728 +- 0.0322 | VaLoss: 1.7913 +- 0.1018
141,  0 | TrAcc: 0.6259, TrLoss:  1.06933, VaAcc: 0.5732, VaLoss:  1.25115	 20 sampled NNs | VaAcc: 0.3949 +- 0.0481 | VaLoss: 1.7535 +- 0.2014
142,  0 | TrAcc: 0.6015, TrLoss:  1.13648, VaAcc: 0.5840, VaLoss:  1.22556	 20 sampled NNs | VaAcc: 0.3702 +- 0.0464 | VaLoss: 1.8321 +- 0.1872
143,  0 | TrAcc: 0.6119, TrLoss:  1.09682, VaAcc: 0.5918, VaLoss:  1.22180	 20 sampled NNs | VaAcc: 0.3467 +- 0.0641 | VaLoss: 1.8989 +- 0.2007
144,  0 | TrAcc: 0.6220, TrLoss:  1.09687, VaAcc: 0.5860, VaLoss:  1.21030	 20 sampled NNs | VaAcc: 0.4259 +- 0.0465 | VaLoss: 1.6997 +- 0.1738
145,  0 | TrAcc: 0.6069, TrLoss:  1.11299, VaAcc: 0.5725, VaLoss:  1.22525	 20 sampled NNs | VaAcc: 0.3309 +- 0.0347 | VaLoss: 1.8402 +- 0.1419
146,  0 | TrAcc: 0.6207, TrLoss:  1.08289, VaAcc: 0.5716, VaLoss:  1.26184	 20 sampled NNs | VaAcc: 0.3601 +- 0.0303 | VaLoss: 1.8812 +- 0.1507
147,  0 | TrAcc: 0.6226, TrLoss:  1.09319, VaAcc: 0.5713, VaLoss:  1.27487	 20 sampled NNs | VaAcc: 0.3911 +- 0.0394 | VaLoss: 1.7665 +- 0.1374
148,  0 | TrAcc: 0.6073, TrLoss:  1.11266, VaAcc: 0.5781, VaLoss:  1.22160	 20 sampled NNs | VaAcc: 0.3732 +- 0.0357 | VaLoss: 1.7591 +- 0.1155
149,  0 | TrAcc: 0.6024, TrLoss:  1.13213, VaAcc: 0.5843, VaLoss:  1.22996	 20 sampled NNs | VaAcc: 0.3807 +- 0.0438 | VaLoss: 1.7677 +- 0.1765
150,  0 | TrAcc: 0.6232, TrLoss:  1.07000, VaAcc: 0.5695, VaLoss:  1.21810	 20 sampled NNs | VaAcc: 0.3515 +- 0.0413 | VaLoss: 1.7705 +- 0.1383
151,  0 | TrAcc: 0.6029, TrLoss:  1.14959, VaAcc: 0.5749, VaLoss:  1.25812	 20 sampled NNs | VaAcc: 0.3869 +- 0.0481 | VaLoss: 1.8753 +- 0.1828
152,  0 | TrAcc: 0.6362, TrLoss:  1.04281, VaAcc: 0.5784, VaLoss:  1.20959	 20 sampled NNs | VaAcc: 0.3698 +- 0.0418 | VaLoss: 1.7659 +- 0.1672
153,  0 | TrAcc: 0.6075, TrLoss:  1.12597, VaAcc: 0.5576, VaLoss:  1.26106	 20 sampled NNs | VaAcc: 0.3442 +- 0.0323 | VaLoss: 1.8447 +- 0.1344
154,  0 | TrAcc: 0.5969, TrLoss:  1.13318, VaAcc: 0.5875, VaLoss:  1.22504	 20 sampled NNs | VaAcc: 0.3473 +- 0.0597 | VaLoss: 1.9970 +- 0.3109
155,  0 | TrAcc: 0.6096, TrLoss:  1.12199, VaAcc: 0.5620, VaLoss:  1.26024	 20 sampled NNs | VaAcc: 0.3549 +- 0.0472 | VaLoss: 1.8103 +- 0.1540
156,  0 | TrAcc: 0.6311, TrLoss:  1.06153, VaAcc: 0.5563, VaLoss:  1.27805	 20 sampled NNs | VaAcc: 0.3337 +- 0.0391 | VaLoss: 1.9026 +- 0.1365
157,  0 | TrAcc: 0.6226, TrLoss:  1.07630, VaAcc: 0.5808, VaLoss:  1.23152	 20 sampled NNs | VaAcc: 0.3252 +- 0.0365 | VaLoss: 1.9260 +- 0.1875
158,  0 | TrAcc: 0.6037, TrLoss:  1.14991, VaAcc: 0.5781, VaLoss:  1.20988	 20 sampled NNs | VaAcc: 0.3163 +- 0.0500 | VaLoss: 1.9572 +- 0.2173
159,  0 | TrAcc: 0.6221, TrLoss:      nan, VaAcc: 0.5585, VaLoss:      nan	 20 sampled NNs | VaAcc: 0.3665 +- 0.0317 | VaLoss: 1.8644 +- 0.1330
160,  0 | TrAcc: 0.6184, TrLoss:  1.10841, VaAcc: 0.5906, VaLoss:  1.21152	 20 sampled NNs | VaAcc: 0.3845 +- 0.0557 | VaLoss: 1.8360 +- 0.1770
161,  0 | TrAcc: 0.6427, TrLoss:  1.06030, VaAcc: 0.5790, VaLoss:  1.23117	 20 sampled NNs | VaAcc: 0.3685 +- 0.0399 | VaLoss: 1.9412 +- 0.2000
162,  0 | TrAcc: 0.6185, TrLoss:  1.08193, VaAcc: 0.5719, VaLoss:  1.28313	 20 sampled NNs | VaAcc: 0.3606 +- 0.0406 | VaLoss: 1.8946 +- 0.1615
163,  0 | TrAcc: 0.6077, TrLoss:  1.13271, VaAcc: 0.5827, VaLoss:  1.22816	 20 sampled NNs | VaAcc: 0.3433 +- 0.0430 | VaLoss: 1.8232 +- 0.1393
164,  0 | TrAcc: 0.6166, TrLoss:  1.08395, VaAcc: 0.5673, VaLoss:  1.26028	 20 sampled NNs | VaAcc: 0.3888 +- 0.0374 | VaLoss: 1.8108 +- 0.1555
165,  0 | TrAcc: 0.6213, TrLoss:  1.09479, VaAcc: 0.5832, VaLoss:  1.22368	 20 sampled NNs | VaAcc: 0.3989 +- 0.0444 | VaLoss: 1.7743 +- 0.1442
166,  0 | TrAcc: 0.5689, TrLoss:  1.20336, VaAcc: 0.5646, VaLoss:  1.23847	 20 sampled NNs | VaAcc: 0.3718 +- 0.0332 | VaLoss: 1.7250 +- 0.1128
167,  0 | TrAcc: 0.6008, TrLoss:  1.13662, VaAcc: 0.5841, VaLoss:  1.24880	 20 sampled NNs | VaAcc: 0.4142 +- 0.0376 | VaLoss: 1.7430 +- 0.1495
168,  0 | TrAcc: 0.6251, TrLoss:  1.06884, VaAcc: 0.5857, VaLoss:  1.22700	 20 sampled NNs | VaAcc: 0.4109 +- 0.0326 | VaLoss: 1.7287 +- 0.1074
169,  0 | TrAcc: 0.5987, TrLoss:  1.13605, VaAcc: 0.5883, VaLoss:  1.22236	 20 sampled NNs | VaAcc: 0.3913 +- 0.0490 | VaLoss: 1.7600 +- 0.1355
170,  0 | TrAcc: 0.6084, TrLoss:  1.10610, VaAcc: 0.5752, VaLoss:  1.21985	 20 sampled NNs | VaAcc: 0.3734 +- 0.0372 | VaLoss: 1.7627 +- 0.1138
171,  0 | TrAcc: 0.6092, TrLoss:  1.12573, VaAcc: 0.5787, VaLoss:  1.22002	 20 sampled NNs | VaAcc: 0.3625 +- 0.0442 | VaLoss: 1.8319 +- 0.1857
172,  0 | TrAcc: 0.6060, TrLoss:  1.08845, VaAcc: 0.5725, VaLoss:  1.22157	 20 sampled NNs | VaAcc: 0.3770 +- 0.0305 | VaLoss: 1.7945 +- 0.1147
173,  0 | TrAcc: 0.6188, TrLoss:  1.08980, VaAcc: 0.5837, VaLoss:  1.24851	 20 sampled NNs | VaAcc: 0.3974 +- 0.0403 | VaLoss: 1.7787 +- 0.1313
174,  0 | TrAcc: 0.6704, TrLoss:  0.97037, VaAcc: 0.5937, VaLoss:  1.21700	 20 sampled NNs | VaAcc: 0.4186 +- 0.0343 | VaLoss: 1.6999 +- 0.0919
175,  0 | TrAcc: 0.6086, TrLoss:  1.10971, VaAcc: 0.5816, VaLoss:  1.22152	 20 sampled NNs | VaAcc: 0.4096 +- 0.0300 | VaLoss: 1.7112 +- 0.0915
176,  0 | TrAcc: 0.6358, TrLoss:  1.04329, VaAcc: 0.5836, VaLoss:  1.22321	 20 sampled NNs | VaAcc: 0.3905 +- 0.0355 | VaLoss: 1.7712 +- 0.1159
177,  0 | TrAcc: 0.6328, TrLoss:  1.06703, VaAcc: 0.5722, VaLoss:  1.26215	 20 sampled NNs | VaAcc: 0.3773 +- 0.0437 | VaLoss: 1.8356 +- 0.1274
178,  0 | TrAcc: 0.6395, TrLoss:  1.03219, VaAcc: 0.5845, VaLoss:  1.22267	 20 sampled NNs | VaAcc: 0.3819 +- 0.0377 | VaLoss: 1.7992 +- 0.1237
179,  0 | TrAcc: 0.6310, TrLoss:  1.07254, VaAcc: 0.5805, VaLoss:  1.23988	 20 sampled NNs | VaAcc: 0.3667 +- 0.0363 | VaLoss: 1.7768 +- 0.0957
180,  0 | TrAcc: 0.5828, TrLoss:  1.16815, VaAcc: 0.5776, VaLoss:  1.19871	 20 sampled NNs | VaAcc: 0.3670 +- 0.0295 | VaLoss: 1.7520 +- 0.1006
181,  0 | TrAcc: 0.6370, TrLoss:  1.03561, VaAcc: 0.5903, VaLoss:  1.24939	 20 sampled NNs | VaAcc: 0.3929 +- 0.0491 | VaLoss: 1.7635 +- 0.1771
182,  0 | TrAcc: 0.5963, TrLoss:  1.15656, VaAcc: 0.5765, VaLoss:  1.23669	 20 sampled NNs | VaAcc: 0.3602 +- 0.0395 | VaLoss: 1.8441 +- 0.1536
183,  0 | TrAcc: 0.6033, TrLoss:  1.14586, VaAcc: 0.5957, VaLoss:  1.19268	 20 sampled NNs | VaAcc: 0.3721 +- 0.0478 | VaLoss: 1.8071 +- 0.1541
184,  0 | TrAcc: 0.6311, TrLoss:  1.05786, VaAcc: 0.5966, VaLoss:  1.20615	 20 sampled NNs | VaAcc: 0.3639 +- 0.0434 | VaLoss: 1.7734 +- 0.1196
185,  0 | TrAcc: 0.6337, TrLoss:  1.03458, VaAcc: 0.5765, VaLoss:  1.23828	 20 sampled NNs | VaAcc: 0.3797 +- 0.0356 | VaLoss: 1.7142 +- 0.1289
186,  0 | TrAcc: 0.6301, TrLoss:  1.08124, VaAcc: 0.5878, VaLoss:  1.22762	 20 sampled NNs | VaAcc: 0.4001 +- 0.0278 | VaLoss: 1.7521 +- 0.1351
187,  0 | TrAcc: 0.6068, TrLoss:  1.10919, VaAcc: 0.5780, VaLoss:  1.23234	 20 sampled NNs | VaAcc: 0.3707 +- 0.0315 | VaLoss: 1.8038 +- 0.1417
188,  0 | TrAcc: 0.5996, TrLoss:  1.13477, VaAcc: 0.5845, VaLoss:  1.21847	 20 sampled NNs | VaAcc: 0.4014 +- 0.0301 | VaLoss: 1.7124 +- 0.1033
189,  0 | TrAcc: 0.6140, TrLoss:  1.08411, VaAcc: 0.5944, VaLoss:  1.21208	 20 sampled NNs | VaAcc: 0.4134 +- 0.0587 | VaLoss: 1.7098 +- 0.1595
190,  0 | TrAcc: 0.6229, TrLoss:  1.09411, VaAcc: 0.5863, VaLoss:  1.20634	 20 sampled NNs | VaAcc: 0.3964 +- 0.0353 | VaLoss: 1.6964 +- 0.1067
191,  0 | TrAcc: 0.6312, TrLoss:  1.09040, VaAcc: 0.5969, VaLoss:  1.20992	 20 sampled NNs | VaAcc: 0.3432 +- 0.0482 | VaLoss: 1.8176 +- 0.1751
192,  0 | TrAcc: 0.6242, TrLoss:  1.06859, VaAcc: 0.5742, VaLoss:  1.25887	 20 sampled NNs | VaAcc: 0.4084 +- 0.0433 | VaLoss: 1.6893 +- 0.0996
193,  0 | TrAcc: 0.6183, TrLoss:  1.07726, VaAcc: 0.5857, VaLoss:  1.21074	 20 sampled NNs | VaAcc: 0.4112 +- 0.0298 | VaLoss: 1.7104 +- 0.1054
194,  0 | TrAcc: 0.5949, TrLoss:  1.14306, VaAcc: 0.5821, VaLoss:  1.18231	 20 sampled NNs | VaAcc: 0.3740 +- 0.0332 | VaLoss: 1.7277 +- 0.1569
195,  0 | TrAcc: 0.6468, TrLoss:  1.03078, VaAcc: 0.6043, VaLoss:  1.17674	 20 sampled NNs | VaAcc: 0.3932 +- 0.0420 | VaLoss: 1.8000 +- 0.1690
196,  0 | TrAcc: 0.6127, TrLoss:  1.10321, VaAcc: 0.5990, VaLoss:  1.17287	 20 sampled NNs | VaAcc: 0.3953 +- 0.0357 | VaLoss: 1.6614 +- 0.1142
197,  0 | TrAcc: 0.6367, TrLoss:  1.01890, VaAcc: 0.5964, VaLoss:  1.17429	 20 sampled NNs | VaAcc: 0.3866 +- 0.0352 | VaLoss: 1.7060 +- 0.1355
198,  0 | TrAcc: 0.6466, TrLoss:  1.04006, VaAcc: 0.5919, VaLoss:  1.19997	 20 sampled NNs | VaAcc: 0.3385 +- 0.0471 | VaLoss: 1.8152 +- 0.1663
199,  0 | TrAcc: 0.6403, TrLoss:  1.05521, VaAcc: 0.5987, VaLoss:  1.18993	 20 sampled NNs | VaAcc: 0.3695 +- 0.0295 | VaLoss: 1.7999 +- 0.1041
200,  0 | TrAcc: 0.6229, TrLoss:  1.05719, VaAcc: 0.5803, VaLoss:  1.23662	 20 sampled NNs | VaAcc: 0.3630 +- 0.0370 | VaLoss: 1.7899 +- 0.1725
201,  0 | TrAcc: 0.6470, TrLoss:  1.02345, VaAcc: 0.5893, VaLoss:  1.20019	 20 sampled NNs | VaAcc: 0.4061 +- 0.0437 | VaLoss: 1.7432 +- 0.1605
202,  0 | TrAcc: 0.6348, TrLoss:  1.06962, VaAcc: 0.5795, VaLoss:  1.23363	 20 sampled NNs | VaAcc: 0.3611 +- 0.0359 | VaLoss: 1.8665 +- 0.1053
203,  0 | TrAcc: 0.6133, TrLoss:  1.12894, VaAcc: 0.5716, VaLoss:  1.21442	 20 sampled NNs | VaAcc: 0.3413 +- 0.0515 | VaLoss: 1.8940 +- 0.2500
204,  0 | TrAcc: 0.6220, TrLoss:  1.08611, VaAcc: 0.5940, VaLoss:  1.19599	 20 sampled NNs | VaAcc: 0.3875 +- 0.0440 | VaLoss: 1.7349 +- 0.1203
205,  0 | TrAcc: 0.6410, TrLoss:  1.02740, VaAcc: 0.5853, VaLoss:  1.21663	 20 sampled NNs | VaAcc: 0.3679 +- 0.0250 | VaLoss: 1.7695 +- 0.1075
206,  0 | TrAcc: 0.6379, TrLoss:  1.04786, VaAcc: 0.5764, VaLoss:  1.23445	 20 sampled NNs | VaAcc: 0.3849 +- 0.0297 | VaLoss: 1.7990 +- 0.1059
207,  0 | TrAcc: 0.6348, TrLoss:  1.07006, VaAcc: 0.5797, VaLoss:  1.22730	 20 sampled NNs | VaAcc: 0.3488 +- 0.0359 | VaLoss: 1.7901 +- 0.1359
208,  0 | TrAcc: 0.6293, TrLoss:  1.09357, VaAcc: 0.5818, VaLoss:  1.21596	 20 sampled NNs | VaAcc: 0.3685 +- 0.0251 | VaLoss: 1.7967 +- 0.1075
209,  0 | TrAcc: 0.6326, TrLoss:  1.07490, VaAcc: 0.6139, VaLoss:  1.14294	 20 sampled NNs | VaAcc: 0.3395 +- 0.0555 | VaLoss: 1.7764 +- 0.1378
210,  0 | TrAcc: 0.6111, TrLoss:  1.08383, VaAcc: 0.5957, VaLoss:  1.20016	 20 sampled NNs | VaAcc: 0.3654 +- 0.0407 | VaLoss: 1.8428 +- 0.1414
211,  0 | TrAcc: 0.6251, TrLoss:  1.07311, VaAcc: 0.6088, VaLoss:  1.17014	 20 sampled NNs | VaAcc: 0.3913 +- 0.0399 | VaLoss: 1.7496 +- 0.1327
212,  0 | TrAcc: 0.6388, TrLoss:  1.06131, VaAcc: 0.5946, VaLoss:  1.19672	 20 sampled NNs | VaAcc: 0.3555 +- 0.0374 | VaLoss: 1.8738 +- 0.1212
213,  0 | TrAcc: 0.6225, TrLoss:  1.08445, VaAcc: 0.5873, VaLoss:  1.21137	 20 sampled NNs | VaAcc: 0.3592 +- 0.0419 | VaLoss: 1.8148 +- 0.1714
214,  0 | TrAcc: 0.6326, TrLoss:  1.06160, VaAcc: 0.5974, VaLoss:  1.19688	 20 sampled NNs | VaAcc: 0.3603 +- 0.0378 | VaLoss: 1.7865 +- 0.1631
215,  0 | TrAcc: 0.6392, TrLoss:  1.05874, VaAcc: 0.6005, VaLoss:  1.19143	 20 sampled NNs | VaAcc: 0.3886 +- 0.0344 | VaLoss: 1.6618 +- 0.0981
216,  0 | TrAcc: 0.6376, TrLoss:  1.03572, VaAcc: 0.5842, VaLoss:  1.20102	 20 sampled NNs | VaAcc: 0.3565 +- 0.0482 | VaLoss: 1.8513 +- 0.1751
217,  0 | TrAcc: 0.6222, TrLoss:  1.07602, VaAcc: 0.5819, VaLoss:  1.25151	 20 sampled NNs | VaAcc: 0.4086 +- 0.0346 | VaLoss: 1.7058 +- 0.1240
218,  0 | TrAcc: 0.6214, TrLoss:  1.07785, VaAcc: 0.5818, VaLoss:  1.21075	 20 sampled NNs | VaAcc: 0.4068 +- 0.0414 | VaLoss: 1.7613 +- 0.1530
219,  0 | TrAcc: 0.6349, TrLoss:  1.05365, VaAcc: 0.6074, VaLoss:  1.16201	 20 sampled NNs | VaAcc: 0.3927 +- 0.0251 | VaLoss: 1.6732 +- 0.1116
220,  0 | TrAcc: 0.6298, TrLoss:  1.06019, VaAcc: 0.6126, VaLoss:  1.15375	 20 sampled NNs | VaAcc: 0.3883 +- 0.0408 | VaLoss: 1.7403 +- 0.1123
221,  0 | TrAcc: 0.6410, TrLoss:  1.04695, VaAcc: 0.6037, VaLoss:  1.19133	 20 sampled NNs | VaAcc: 0.3476 +- 0.0386 | VaLoss: 1.8793 +- 0.1955
222,  0 | TrAcc: 0.6244, TrLoss:  1.06905, VaAcc: 0.5853, VaLoss:  1.20674	 20 sampled NNs | VaAcc: 0.3807 +- 0.0525 | VaLoss: 1.7245 +- 0.1754
223,  0 | TrAcc: 0.6301, TrLoss:  1.08472, VaAcc: 0.5961, VaLoss:  1.23219	 20 sampled NNs | VaAcc: 0.4138 +- 0.0362 | VaLoss: 1.7053 +- 0.1188
224,  0 | TrAcc: 0.6135, TrLoss:  1.10406, VaAcc: 0.6049, VaLoss:  1.18292	 20 sampled NNs | VaAcc: 0.4025 +- 0.0517 | VaLoss: 1.7167 +- 0.1705
225,  0 | TrAcc: 0.6394, TrLoss:  1.05283, VaAcc: 0.5840, VaLoss:  1.20167	 20 sampled NNs | VaAcc: 0.3745 +- 0.0373 | VaLoss: 1.7809 +- 0.1115
226,  0 | TrAcc: 0.6324, TrLoss:  1.05747, VaAcc: 0.6054, VaLoss:  1.18338	 20 sampled NNs | VaAcc: 0.3846 +- 0.0383 | VaLoss: 1.6908 +- 0.1196
227,  0 | TrAcc: 0.6093, TrLoss:  1.11995, VaAcc: 0.6061, VaLoss:  1.19054	 20 sampled NNs | VaAcc: 0.4002 +- 0.0310 | VaLoss: 1.7335 +- 0.1080
228,  0 | TrAcc: 0.6335, TrLoss:  1.05601, VaAcc: 0.6003, VaLoss:  1.19527	 20 sampled NNs | VaAcc: 0.4105 +- 0.0336 | VaLoss: 1.7464 +- 0.1518
229,  0 | TrAcc: 0.6545, TrLoss:  1.05268, VaAcc: 0.5976, VaLoss:  1.19417	 20 sampled NNs | VaAcc: 0.4108 +- 0.0415 | VaLoss: 1.7144 +- 0.1334
230,  0 | TrAcc: 0.6036, TrLoss:  1.16538, VaAcc: 0.6074, VaLoss:  1.18302	 20 sampled NNs | VaAcc: 0.3633 +- 0.0409 | VaLoss: 1.8737 +- 0.1276
231,  0 | TrAcc: 0.6293, TrLoss:  1.06874, VaAcc: 0.5804, VaLoss:  1.20867	 20 sampled NNs | VaAcc: 0.3714 +- 0.0335 | VaLoss: 1.7735 +- 0.1078
232,  0 | TrAcc: 0.6335, TrLoss:  1.06059, VaAcc: 0.6064, VaLoss:  1.17161	 20 sampled NNs | VaAcc: 0.3963 +- 0.0428 | VaLoss: 1.7587 +- 0.1408
233,  0 | TrAcc: 0.6436, TrLoss:  1.03421, VaAcc: 0.6043, VaLoss:  1.18279	 20 sampled NNs | VaAcc: 0.3313 +- 0.0503 | VaLoss: 1.8945 +- 0.1803
234,  0 | TrAcc: 0.6312, TrLoss:  1.04808, VaAcc: 0.6082, VaLoss:  1.18156	 20 sampled NNs | VaAcc: 0.4045 +- 0.0422 | VaLoss: 1.7004 +- 0.1211
235,  0 | TrAcc: 0.6530, TrLoss:  1.00112, VaAcc: 0.5979, VaLoss:  1.18813	 20 sampled NNs | VaAcc: 0.3331 +- 0.0410 | VaLoss: 1.8490 +- 0.1416
236,  0 | TrAcc: 0.6217, TrLoss:  1.08099, VaAcc: 0.5832, VaLoss:  1.21670	 20 sampled NNs | VaAcc: 0.3535 +- 0.0421 | VaLoss: 1.8510 +- 0.1795
237,  0 | TrAcc: 0.6192, TrLoss:  1.05899, VaAcc: 0.5815, VaLoss:  1.22059	 20 sampled NNs | VaAcc: 0.3320 +- 0.0380 | VaLoss: 1.8496 +- 0.1129
238,  0 | TrAcc: 0.6465, TrLoss:  1.00071, VaAcc: 0.6023, VaLoss:  1.16800	 20 sampled NNs | VaAcc: 0.3792 +- 0.0275 | VaLoss: 1.7031 +- 0.0996
239,  0 | TrAcc: 0.6266, TrLoss:  1.05854, VaAcc: 0.5963, VaLoss:  1.19123	 20 sampled NNs | VaAcc: 0.3667 +- 0.0451 | VaLoss: 1.6836 +- 0.1225
240,  0 | TrAcc: 0.6471, TrLoss:  1.03265, VaAcc: 0.5904, VaLoss:  1.21401	 20 sampled NNs | VaAcc: 0.3395 +- 0.0451 | VaLoss: 1.8820 +- 0.1506
241,  0 | TrAcc: 0.6208, TrLoss:  1.08177, VaAcc: 0.5939, VaLoss:  1.18373	 20 sampled NNs | VaAcc: 0.3734 +- 0.0465 | VaLoss: 1.7036 +- 0.1481
242,  0 | TrAcc: 0.6074, TrLoss:  1.08738, VaAcc: 0.6021, VaLoss:  1.17568	 20 sampled NNs | VaAcc: 0.3637 +- 0.0300 | VaLoss: 1.7300 +- 0.0895
243,  0 | TrAcc: 0.6557, TrLoss:  1.00344, VaAcc: 0.6117, VaLoss:  1.17019	 20 sampled NNs | VaAcc: 0.4174 +- 0.0319 | VaLoss: 1.6964 +- 0.0995
244,  0 | TrAcc: 0.6389, TrLoss:  1.04029, VaAcc: 0.6022, VaLoss:  1.17901	 20 sampled NNs | VaAcc: 0.4065 +- 0.0383 | VaLoss: 1.7137 +- 0.1258
245,  0 | TrAcc: 0.6288, TrLoss:  1.08965, VaAcc: 0.6131, VaLoss:  1.17444	 20 sampled NNs | VaAcc: 0.3835 +- 0.0537 | VaLoss: 1.7578 +- 0.1968
246,  0 | TrAcc: 0.6369, TrLoss:  1.08117, VaAcc: 0.5931, VaLoss:  1.18498	 20 sampled NNs | VaAcc: 0.3590 +- 0.0316 | VaLoss: 1.7484 +- 0.1124
247,  0 | TrAcc: 0.6357, TrLoss:  1.04997, VaAcc: 0.5931, VaLoss:  1.18352	 20 sampled NNs | VaAcc: 0.3788 +- 0.0525 | VaLoss: 1.7867 +- 0.1511
248,  0 | TrAcc: 0.6301, TrLoss:  1.06941, VaAcc: 0.6110, VaLoss:  1.15706	 20 sampled NNs | VaAcc: 0.3859 +- 0.0461 | VaLoss: 1.7445 +- 0.1487
249,  0 | TrAcc: 0.6448, TrLoss:  1.01628, VaAcc: 0.5941, VaLoss:  1.18934	 20 sampled NNs | VaAcc: 0.3830 +- 0.0384 | VaLoss: 1.7588 +- 0.1272
250,  0 | TrAcc: 0.6378, TrLoss:  1.08236, VaAcc: 0.6052, VaLoss:  1.16599	 20 sampled NNs | VaAcc: 0.4188 +- 0.0455 | VaLoss: 1.6732 +- 0.1448
251,  0 | TrAcc: 0.6408, TrLoss:  1.03602, VaAcc: 0.5797, VaLoss:  1.20442	 20 sampled NNs | VaAcc: 0.4109 +- 0.0310 | VaLoss: 1.6814 +- 0.0913
252,  0 | TrAcc: 0.6319, TrLoss:  1.08040, VaAcc: 0.6097, VaLoss:  1.15853	 20 sampled NNs | VaAcc: 0.4494 +- 0.0387 | VaLoss: 1.6142 +- 0.1187
253,  0 | TrAcc: 0.6219, TrLoss:  1.08158, VaAcc: 0.5979, VaLoss:  1.15397	 20 sampled NNs | VaAcc: 0.3865 +- 0.0355 | VaLoss: 1.6864 +- 0.1623
254,  0 | TrAcc: 0.6419, TrLoss:  1.04290, VaAcc: 0.6039, VaLoss:  1.17262	 20 sampled NNs | VaAcc: 0.4228 +- 0.0357 | VaLoss: 1.7248 +- 0.1665
255,  0 | TrAcc: 0.6208, TrLoss:  1.07515, VaAcc: 0.6162, VaLoss:  1.15116	 20 sampled NNs | VaAcc: 0.4377 +- 0.0599 | VaLoss: 1.6444 +- 0.1904
256,  0 | TrAcc: 0.6503, TrLoss:  1.02988, VaAcc: 0.6082, VaLoss:  1.16472	 20 sampled NNs | VaAcc: 0.4276 +- 0.0461 | VaLoss: 1.6287 +- 0.1553
257,  0 | TrAcc: 0.6394, TrLoss:  1.05293, VaAcc: 0.5972, VaLoss:  1.19364	 20 sampled NNs | VaAcc: 0.3877 +- 0.0450 | VaLoss: 1.7291 +- 0.1398
258,  0 | TrAcc: 0.6441, TrLoss:  1.02122, VaAcc: 0.6018, VaLoss:  1.16878	 20 sampled NNs | VaAcc: 0.4043 +- 0.0485 | VaLoss: 1.6914 +- 0.1605
259,  0 | TrAcc: 0.6348, TrLoss:  1.07413, VaAcc: 0.5644, VaLoss:  1.23613	 20 sampled NNs | VaAcc: 0.3750 +- 0.0374 | VaLoss: 1.7202 +- 0.1599
260,  0 | TrAcc: 0.6323, TrLoss:  1.03084, VaAcc: 0.5799, VaLoss:  1.19088	 20 sampled NNs | VaAcc: 0.3728 +- 0.0434 | VaLoss: 1.7155 +- 0.1296
261,  0 | TrAcc: 0.6492, TrLoss:  1.01776, VaAcc: 0.6084, VaLoss:  1.17609	 20 sampled NNs | VaAcc: 0.3820 +- 0.0400 | VaLoss: 1.6731 +- 0.1260
262,  0 | TrAcc: 0.6449, TrLoss:  1.04260, VaAcc: 0.6056, VaLoss:  1.17439	 20 sampled NNs | VaAcc: 0.4029 +- 0.0414 | VaLoss: 1.7518 +- 0.1158
263,  0 | TrAcc: 0.6498, TrLoss:  1.04677, VaAcc: 0.6116, VaLoss:  1.16756	 20 sampled NNs | VaAcc: 0.4253 +- 0.0429 | VaLoss: 1.6455 +- 0.1414
264,  0 | TrAcc: 0.6434, TrLoss:  1.04156, VaAcc: 0.5969, VaLoss:  1.20742	 20 sampled NNs | VaAcc: 0.4285 +- 0.0267 | VaLoss: 1.6720 +- 0.1257
265,  0 | TrAcc: 0.6458, TrLoss:  1.02972, VaAcc: 0.5981, VaLoss:  1.20029	 20 sampled NNs | VaAcc: 0.4296 +- 0.0447 | VaLoss: 1.6594 +- 0.1432
266,  0 | TrAcc: 0.6475, TrLoss:  1.03654, VaAcc: 0.6122, VaLoss:  1.17466	 20 sampled NNs | VaAcc: 0.4233 +- 0.0625 | VaLoss: 1.7230 +- 0.2140
267,  0 | TrAcc: 0.6424, TrLoss:  1.03284, VaAcc: 0.6149, VaLoss:  1.16397	 20 sampled NNs | VaAcc: 0.3963 +- 0.0491 | VaLoss: 1.7302 +- 0.2147
268,  0 | TrAcc: 0.6288, TrLoss:  1.06767, VaAcc: 0.6123, VaLoss:  1.16958	 20 sampled NNs | VaAcc: 0.4298 +- 0.0448 | VaLoss: 1.6280 +- 0.1415
269,  0 | TrAcc: 0.6484, TrLoss:  1.03237, VaAcc: 0.6009, VaLoss:  1.17844	 20 sampled NNs | VaAcc: 0.3968 +- 0.0384 | VaLoss: 1.6372 +- 0.1125
270,  0 | TrAcc: 0.6301, TrLoss:  1.07922, VaAcc: 0.6036, VaLoss:  1.16913	 20 sampled NNs | VaAcc: 0.3819 +- 0.0414 | VaLoss: 1.7857 +- 0.1160
271,  0 | TrAcc: 0.6338, TrLoss:  1.04798, VaAcc: 0.5990, VaLoss:  1.17826	 20 sampled NNs | VaAcc: 0.3946 +- 0.0316 | VaLoss: 1.6682 +- 0.0919
272,  0 | TrAcc: 0.6497, TrLoss:  1.01138, VaAcc: 0.6045, VaLoss:  1.18329	 20 sampled NNs | VaAcc: 0.3859 +- 0.0386 | VaLoss: 1.7168 +- 0.1132
273,  0 | TrAcc: 0.6511, TrLoss:  1.02151, VaAcc: 0.6174, VaLoss:  1.18366	 20 sampled NNs | VaAcc: 0.4297 +- 0.0338 | VaLoss: 1.6506 +- 0.1470
274,  0 | TrAcc: 0.6612, TrLoss:  0.99071, VaAcc: 0.5937, VaLoss:  1.21807	 20 sampled NNs | VaAcc: 0.3944 +- 0.0332 | VaLoss: 1.7503 +- 0.1243
275,  0 | TrAcc: 0.6393, TrLoss:  1.03621, VaAcc: 0.6131, VaLoss:  1.14905	 20 sampled NNs | VaAcc: 0.3502 +- 0.0413 | VaLoss: 1.7540 +- 0.1273
276,  0 | TrAcc: 0.6139, TrLoss:  1.09229, VaAcc: 0.5829, VaLoss:  1.22254	 20 sampled NNs | VaAcc: 0.3699 +- 0.0418 | VaLoss: 1.7242 +- 0.1265
277,  0 | TrAcc: 0.6508, TrLoss:  1.01069, VaAcc: 0.5927, VaLoss:  1.18653	 20 sampled NNs | VaAcc: 0.3810 +- 0.0374 | VaLoss: 1.7240 +- 0.1562
278,  0 | TrAcc: 0.6269, TrLoss:  1.04129, VaAcc: 0.6015, VaLoss:  1.15753	 20 sampled NNs | VaAcc: 0.3899 +- 0.0487 | VaLoss: 1.7949 +- 0.2256
279,  0 | TrAcc: 0.6253, TrLoss:  1.08758, VaAcc: 0.5972, VaLoss:  1.16288	 20 sampled NNs | VaAcc: 0.3964 +- 0.0445 | VaLoss: 1.7163 +- 0.1629
280,  0 | TrAcc: 0.6335, TrLoss:  1.05119, VaAcc: 0.6068, VaLoss:  1.15214	 20 sampled NNs | VaAcc: 0.3945 +- 0.0445 | VaLoss: 1.7332 +- 0.1556
281,  0 | TrAcc: 0.6481, TrLoss:  0.99765, VaAcc: 0.6169, VaLoss:  1.12779	 20 sampled NNs | VaAcc: 0.3990 +- 0.0467 | VaLoss: 1.7311 +- 0.1665
282,  0 | TrAcc: 0.6080, TrLoss:  1.10610, VaAcc: 0.6003, VaLoss:  1.17109	 20 sampled NNs | VaAcc: 0.4061 +- 0.0308 | VaLoss: 1.6069 +- 0.0763
283,  0 | TrAcc: 0.6389, TrLoss:  1.03292, VaAcc: 0.6122, VaLoss:  1.16676	 20 sampled NNs | VaAcc: 0.4288 +- 0.0356 | VaLoss: 1.7054 +- 0.1175
284,  0 | TrAcc: 0.6696, TrLoss:  0.97048, VaAcc: 0.6152, VaLoss:  1.14275	 20 sampled NNs | VaAcc: 0.3930 +- 0.0414 | VaLoss: 1.7118 +- 0.1113
285,  0 | TrAcc: 0.6277, TrLoss:  1.07278, VaAcc: 0.6008, VaLoss:  1.17973	 20 sampled NNs | VaAcc: 0.3870 +- 0.0341 | VaLoss: 1.7500 +- 0.1080
286,  0 | TrAcc: 0.6382, TrLoss:  1.05351, VaAcc: 0.5905, VaLoss:  1.20706	 20 sampled NNs | VaAcc: 0.3893 +- 0.0491 | VaLoss: 1.7966 +- 0.1889
287,  0 | TrAcc: 0.6446, TrLoss:  1.02818, VaAcc: 0.6077, VaLoss:  1.15664	 20 sampled NNs | VaAcc: 0.4033 +- 0.0306 | VaLoss: 1.6959 +- 0.1292
288,  0 | TrAcc: 0.6393, TrLoss:  1.05122, VaAcc: 0.6077, VaLoss:  1.15770	 20 sampled NNs | VaAcc: 0.3888 +- 0.0464 | VaLoss: 1.8129 +- 0.2002
289,  0 | TrAcc: 0.6378, TrLoss:  1.00731, VaAcc: 0.6028, VaLoss:  1.15599	 20 sampled NNs | VaAcc: 0.3889 +- 0.0585 | VaLoss: 1.8560 +- 0.2274
290,  0 | TrAcc: 0.6476, TrLoss:  1.03868, VaAcc: 0.6010, VaLoss:  1.16092	 20 sampled NNs | VaAcc: 0.4064 +- 0.0389 | VaLoss: 1.7329 +- 0.1658
291,  0 | TrAcc: 0.6390, TrLoss:  1.04068, VaAcc: 0.6189, VaLoss:  1.12761	 20 sampled NNs | VaAcc: 0.4095 +- 0.0447 | VaLoss: 1.6856 +- 0.1470
292,  0 | TrAcc: 0.6463, TrLoss:  1.03989, VaAcc: 0.6058, VaLoss:  1.15409	 20 sampled NNs | VaAcc: 0.4046 +- 0.0289 | VaLoss: 1.6733 +- 0.0861
293,  0 | TrAcc: 0.6380, TrLoss:  1.04180, VaAcc: 0.6166, VaLoss:  1.13707	 20 sampled NNs | VaAcc: 0.4027 +- 0.0437 | VaLoss: 1.7497 +- 0.1903
294,  0 | TrAcc: 0.6167, TrLoss:  1.10101, VaAcc: 0.5906, VaLoss:  1.17000	 20 sampled NNs | VaAcc: 0.3757 +- 0.0339 | VaLoss: 1.7178 +- 0.1002
295,  0 | TrAcc: 0.6549, TrLoss:  1.01935, VaAcc: 0.6255, VaLoss:  1.11825	 20 sampled NNs | VaAcc: 0.3980 +- 0.0449 | VaLoss: 1.7886 +- 0.1801
296,  0 | TrAcc: 0.6315, TrLoss:  1.07712, VaAcc: 0.6211, VaLoss:  1.13758	 20 sampled NNs | VaAcc: 0.4514 +- 0.0424 | VaLoss: 1.6164 +- 0.1077
297,  0 | TrAcc: 0.6402, TrLoss:  1.02994, VaAcc: 0.6072, VaLoss:  1.15006	 20 sampled NNs | VaAcc: 0.4147 +- 0.0296 | VaLoss: 1.6817 +- 0.0712
298,  0 | TrAcc: 0.6425, TrLoss:  1.03824, VaAcc: 0.6032, VaLoss:  1.17167	 20 sampled NNs | VaAcc: 0.4172 +- 0.0249 | VaLoss: 1.6705 +- 0.0793
299,  0 | TrAcc: 0.6236, TrLoss:  1.08081, VaAcc: 0.6032, VaLoss:  1.15913	 20 sampled NNs | VaAcc: 0.4202 +- 0.0368 | VaLoss: 1.6911 +- 0.0887
300,  0 | TrAcc: 0.6341, TrLoss:  1.08548, VaAcc: 0.5977, VaLoss:  1.15329	 20 sampled NNs | VaAcc: 0.4305 +- 0.0354 | VaLoss: 1.6597 +- 0.1109
301,  0 | TrAcc: 0.6238, TrLoss:  1.08586, VaAcc: 0.5991, VaLoss:  1.16894	 20 sampled NNs | VaAcc: 0.3967 +- 0.0358 | VaLoss: 1.7055 +- 0.1292
302,  0 | TrAcc: 0.6409, TrLoss:  1.01707, VaAcc: 0.6167, VaLoss:  1.13761	 20 sampled NNs | VaAcc: 0.3996 +- 0.0364 | VaLoss: 1.7351 +- 0.1124
303,  0 | TrAcc: 0.6341, TrLoss:  1.05842, VaAcc: 0.5956, VaLoss:  1.18791	 20 sampled NNs | VaAcc: 0.4205 +- 0.0245 | VaLoss: 1.6681 +- 0.0802
304,  0 | TrAcc: 0.6599, TrLoss:  0.99496, VaAcc: 0.6083, VaLoss:  1.14779	 20 sampled NNs | VaAcc: 0.4413 +- 0.0323 | VaLoss: 1.6572 +- 0.0978
305,  0 | TrAcc: 0.6502, TrLoss:  1.02909, VaAcc: 0.6097, VaLoss:  1.14439	 20 sampled NNs | VaAcc: 0.4166 +- 0.0401 | VaLoss: 1.7213 +- 0.1301
306,  0 | TrAcc: 0.6489, TrLoss:  1.03908, VaAcc: 0.6037, VaLoss:  1.16709	 20 sampled NNs | VaAcc: 0.4152 +- 0.0434 | VaLoss: 1.7206 +- 0.1553
307,  0 | TrAcc: 0.6259, TrLoss:  1.07311, VaAcc: 0.6122, VaLoss:  1.16485	 20 sampled NNs | VaAcc: 0.4106 +- 0.0443 | VaLoss: 1.6691 +- 0.1138
308,  0 | TrAcc: 0.6269, TrLoss:  1.06828, VaAcc: 0.5957, VaLoss:  1.17347	 20 sampled NNs | VaAcc: 0.3945 +- 0.0304 | VaLoss: 1.7465 +- 0.1118
309,  0 | TrAcc: 0.6230, TrLoss:  1.09434, VaAcc: 0.5995, VaLoss:  1.16658	 20 sampled NNs | VaAcc: 0.4141 +- 0.0331 | VaLoss: 1.6869 +- 0.0857
310,  0 | TrAcc: 0.6541, TrLoss:  1.02117, VaAcc: 0.6085, VaLoss:  1.15357	 20 sampled NNs | VaAcc: 0.4254 +- 0.0390 | VaLoss: 1.6805 +- 0.1035
311,  0 | TrAcc: 0.6243, TrLoss:  1.08442, VaAcc: 0.6154, VaLoss:  1.13468	 20 sampled NNs | VaAcc: 0.4109 +- 0.0365 | VaLoss: 1.6451 +- 0.0902
312,  0 | TrAcc: 0.6272, TrLoss:  1.06630, VaAcc: 0.6150, VaLoss:  1.13349	 20 sampled NNs | VaAcc: 0.4206 +- 0.0311 | VaLoss: 1.6525 +- 0.0891
313,  0 | TrAcc: 0.6249, TrLoss:  1.06890, VaAcc: 0.6085, VaLoss:  1.15982	 20 sampled NNs | VaAcc: 0.3820 +- 0.0362 | VaLoss: 1.7436 +- 0.1396
314,  0 | TrAcc: 0.6331, TrLoss:  1.05133, VaAcc: 0.6115, VaLoss:  1.15279	 20 sampled NNs | VaAcc: 0.4198 +- 0.0312 | VaLoss: 1.6469 +- 0.1069
315,  0 | TrAcc: 0.6415, TrLoss:  1.05732, VaAcc: 0.6049, VaLoss:  1.17447	 20 sampled NNs | VaAcc: 0.4321 +- 0.0401 | VaLoss: 1.6837 +- 0.1137
316,  0 | TrAcc: 0.6434, TrLoss:  1.04645, VaAcc: 0.5747, VaLoss:  1.22744	 20 sampled NNs | VaAcc: 0.3898 +- 0.0359 | VaLoss: 1.7691 +- 0.1271
317,  0 | TrAcc: 0.6492, TrLoss:  1.01317, VaAcc: 0.6166, VaLoss:  1.15246	 20 sampled NNs | VaAcc: 0.4054 +- 0.0329 | VaLoss: 1.7325 +- 0.1106
318,  0 | TrAcc: 0.6277, TrLoss:  1.06358, VaAcc: 0.6177, VaLoss:  1.14730	 20 sampled NNs | VaAcc: 0.4378 +- 0.0340 | VaLoss: 1.6185 +- 0.0914
319,  0 | TrAcc: 0.6449, TrLoss:  1.02080, VaAcc: 0.6011, VaLoss:  1.14684	 20 sampled NNs | VaAcc: 0.4107 +- 0.0364 | VaLoss: 1.6647 +- 0.1274
320,  0 | TrAcc: 0.6253, TrLoss:  1.08778, VaAcc: 0.6159, VaLoss:  1.13538	 20 sampled NNs | VaAcc: 0.4529 +- 0.0329 | VaLoss: 1.6132 +- 0.1099
321,  0 | TrAcc: 0.6384, TrLoss:  1.06017, VaAcc: 0.6077, VaLoss:  1.16585	 20 sampled NNs | VaAcc: 0.4250 +- 0.0322 | VaLoss: 1.6417 +- 0.0927
322,  0 | TrAcc: 0.6461, TrLoss:  1.00173, VaAcc: 0.6216, VaLoss:  1.12616	 20 sampled NNs | VaAcc: 0.4303 +- 0.0323 | VaLoss: 1.6245 +- 0.1129
323,  0 | TrAcc: 0.6437, TrLoss:  1.01563, VaAcc: 0.5971, VaLoss:  1.15711	 20 sampled NNs | VaAcc: 0.4060 +- 0.0446 | VaLoss: 1.7323 +- 0.1938
324,  0 | TrAcc: 0.6306, TrLoss:  1.02573, VaAcc: 0.5995, VaLoss:  1.16898	 20 sampled NNs | VaAcc: 0.3887 +- 0.0332 | VaLoss: 1.7385 +- 0.1215
325,  0 | TrAcc: 0.6630, TrLoss:  1.01858, VaAcc: 0.6053, VaLoss:  1.18437	 20 sampled NNs | VaAcc: 0.4378 +- 0.0210 | VaLoss: 1.6048 +- 0.0815
326,  0 | TrAcc: 0.6530, TrLoss:  0.99871, VaAcc: 0.6208, VaLoss:  1.12666	 20 sampled NNs | VaAcc: 0.3910 +- 0.0418 | VaLoss: 1.7862 +- 0.1633
327,  0 | TrAcc: 0.6529, TrLoss:  1.01044, VaAcc: 0.6087, VaLoss:  1.14095	 20 sampled NNs | VaAcc: 0.3878 +- 0.0507 | VaLoss: 1.7708 +- 0.2313
328,  0 | TrAcc: 0.6369, TrLoss:  1.06612, VaAcc: 0.6202, VaLoss:  1.13391	 20 sampled NNs | VaAcc: 0.3937 +- 0.0389 | VaLoss: 1.7328 +- 0.1309
329,  0 | TrAcc: 0.6555, TrLoss:  0.99043, VaAcc: 0.6170, VaLoss:  1.12370	 20 sampled NNs | VaAcc: 0.4301 +- 0.0391 | VaLoss: 1.5945 +- 0.1166
330,  0 | TrAcc: 0.6493, TrLoss:  1.02668, VaAcc: 0.6106, VaLoss:  1.15247	 20 sampled NNs | VaAcc: 0.4054 +- 0.0485 | VaLoss: 1.6483 +- 0.1027
331,  0 | TrAcc: 0.6589, TrLoss:  0.98088, VaAcc: 0.6132, VaLoss:  1.13278	 20 sampled NNs | VaAcc: 0.3712 +- 0.0346 | VaLoss: 1.6857 +- 0.1237
332,  0 | TrAcc: 0.6754, TrLoss:  0.94870, VaAcc: 0.6048, VaLoss:  1.15668	 20 sampled NNs | VaAcc: 0.3716 +- 0.0369 | VaLoss: 1.7125 +- 0.1007
333,  0 | TrAcc: 0.6320, TrLoss:  1.07781, VaAcc: 0.6173, VaLoss:  1.13935	 20 sampled NNs | VaAcc: 0.4090 +- 0.0340 | VaLoss: 1.6412 +- 0.0856
334,  0 | TrAcc: 0.6521, TrLoss:  1.00116, VaAcc: 0.6212, VaLoss:  1.14505	 20 sampled NNs | VaAcc: 0.4174 +- 0.0476 | VaLoss: 1.6564 +- 0.1427
335,  0 | TrAcc: 0.6650, TrLoss:  0.98675, VaAcc: 0.5913, VaLoss:  1.20807	 20 sampled NNs | VaAcc: 0.3789 +- 0.0370 | VaLoss: 1.7425 +- 0.1131
336,  0 | TrAcc: 0.6458, TrLoss:  1.00145, VaAcc: 0.6009, VaLoss:  1.17714	 20 sampled NNs | VaAcc: 0.4136 +- 0.0349 | VaLoss: 1.6559 +- 0.1069
337,  0 | TrAcc: 0.6411, TrLoss:  1.00717, VaAcc: 0.6100, VaLoss:  1.17290	 20 sampled NNs | VaAcc: 0.4746 +- 0.0342 | VaLoss: 1.5452 +- 0.0761
338,  0 | TrAcc: 0.6449, TrLoss:  1.03239, VaAcc: 0.6018, VaLoss:  1.18336	 20 sampled NNs | VaAcc: 0.4198 +- 0.0382 | VaLoss: 1.6811 +- 0.0810
339,  0 | TrAcc: 0.6557, TrLoss:      nan, VaAcc: 0.6092, VaLoss:      nan	 20 sampled NNs | VaAcc: 0.4275 +- 0.0446 | VaLoss: 1.6487 +- 0.1541
340,  0 | TrAcc: 0.6427, TrLoss:  1.01275, VaAcc: 0.6049, VaLoss:  1.14021	 20 sampled NNs | VaAcc: 0.4269 +- 0.0368 | VaLoss: 1.6737 +- 0.1185
341,  0 | TrAcc: 0.6567, TrLoss:  1.02148, VaAcc: 0.6102, VaLoss:  1.14966	 20 sampled NNs | VaAcc: 0.4021 +- 0.0400 | VaLoss: 1.6671 +- 0.1149
342,  0 | TrAcc: 0.6553, TrLoss:  0.99646, VaAcc: 0.6155, VaLoss:  1.12998	 20 sampled NNs | VaAcc: 0.4273 +- 0.0386 | VaLoss: 1.6400 +- 0.1099
343,  0 | TrAcc: 0.6572, TrLoss:  0.96312, VaAcc: 0.6094, VaLoss:  1.14887	 20 sampled NNs | VaAcc: 0.4185 +- 0.0396 | VaLoss: 1.6755 +- 0.1034
344,  0 | TrAcc: 0.6406, TrLoss:  1.02888, VaAcc: 0.6133, VaLoss:  1.15550	 20 sampled NNs | VaAcc: 0.4472 +- 0.0354 | VaLoss: 1.6641 +- 0.1016
345,  0 | TrAcc: 0.6597, TrLoss:  1.00183, VaAcc: 0.6091, VaLoss:  1.15139	 20 sampled NNs | VaAcc: 0.4376 +- 0.0321 | VaLoss: 1.6369 +- 0.1024
346,  0 | TrAcc: 0.6364, TrLoss:  1.03253, VaAcc: 0.6144, VaLoss:  1.15205	 20 sampled NNs | VaAcc: 0.4499 +- 0.0384 | VaLoss: 1.6487 +- 0.1190
347,  0 | TrAcc: 0.6740, TrLoss:  0.96835, VaAcc: 0.6039, VaLoss:  1.17428	 20 sampled NNs | VaAcc: 0.4325 +- 0.0370 | VaLoss: 1.6472 +- 0.1062
348,  0 | TrAcc: 0.6678, TrLoss:  0.98980, VaAcc: 0.6102, VaLoss:  1.14322	 20 sampled NNs | VaAcc: 0.4377 +- 0.0443 | VaLoss: 1.6595 +- 0.1492
349,  0 | TrAcc: 0.6438, TrLoss:  1.01610, VaAcc: 0.6165, VaLoss:  1.13733	 20 sampled NNs | VaAcc: 0.4633 +- 0.0277 | VaLoss: 1.5835 +- 0.0880
350,  0 | TrAcc: 0.6372, TrLoss:  1.03694, VaAcc: 0.6102, VaLoss:  1.14400	 20 sampled NNs | VaAcc: 0.4162 +- 0.0451 | VaLoss: 1.7481 +- 0.1992
351,  0 | TrAcc: 0.6549, TrLoss:  1.00460, VaAcc: 0.6219, VaLoss:  1.12668	 20 sampled NNs | VaAcc: 0.3912 +- 0.0417 | VaLoss: 1.7175 +- 0.1169
352,  0 | TrAcc: 0.6433, TrLoss:      nan, VaAcc: 0.6150, VaLoss:      nan	 20 sampled NNs | VaAcc: 0.4099 +- 0.0418 | VaLoss: 1.6736 +- 0.1412
353,  0 | TrAcc: 0.6473, TrLoss:  1.02352, VaAcc: 0.6184, VaLoss:  1.16644	 20 sampled NNs | VaAcc: 0.4178 +- 0.0442 | VaLoss: 1.7026 +- 0.1449
354,  0 | TrAcc: 0.6362, TrLoss:  1.07701, VaAcc: 0.6236, VaLoss:  1.15392	 20 sampled NNs | VaAcc: 0.4188 +- 0.0304 | VaLoss: 1.6358 +- 0.0868
355,  0 | TrAcc: 0.6757, TrLoss:  0.97101, VaAcc: 0.6161, VaLoss:  1.15164	 20 sampled NNs | VaAcc: 0.4459 +- 0.0419 | VaLoss: 1.6293 +- 0.1154
356,  0 | TrAcc: 0.6640, TrLoss:  1.00887, VaAcc: 0.6275, VaLoss:  1.11090	 20 sampled NNs | VaAcc: 0.4432 +- 0.0381 | VaLoss: 1.6439 +- 0.1107
357,  0 | TrAcc: 0.6549, TrLoss:  0.99180, VaAcc: 0.6140, VaLoss:  1.13880	 20 sampled NNs | VaAcc: 0.4271 +- 0.0353 | VaLoss: 1.6477 +- 0.0932
358,  0 | TrAcc: 0.6521, TrLoss:  1.00545, VaAcc: 0.6160, VaLoss:  1.13508	 20 sampled NNs | VaAcc: 0.4005 +- 0.0325 | VaLoss: 1.6920 +- 0.1136
359,  0 | TrAcc: 0.6471, TrLoss:  1.03092, VaAcc: 0.6075, VaLoss:  1.14728	 20 sampled NNs | VaAcc: 0.4250 +- 0.0457 | VaLoss: 1.6668 +- 0.1255
360,  0 | TrAcc: 0.6529, TrLoss:  1.00205, VaAcc: 0.6032, VaLoss:  1.15903	 20 sampled NNs | VaAcc: 0.4257 +- 0.0394 | VaLoss: 1.6629 +- 0.1187
361,  0 | TrAcc: 0.6439, TrLoss:  1.02662, VaAcc: 0.6098, VaLoss:  1.12729	 20 sampled NNs | VaAcc: 0.4200 +- 0.0409 | VaLoss: 1.6953 +- 0.1265
362,  0 | TrAcc: 0.6667, TrLoss:  0.94584, VaAcc: 0.6090, VaLoss:  1.14825	 20 sampled NNs | VaAcc: 0.4275 +- 0.0402 | VaLoss: 1.6574 +- 0.1116
363,  0 | TrAcc: 0.6395, TrLoss:  1.00541, VaAcc: 0.6196, VaLoss:  1.13164	 20 sampled NNs | VaAcc: 0.4445 +- 0.0318 | VaLoss: 1.6275 +- 0.1025
364,  0 | TrAcc: 0.6387, TrLoss:  1.03969, VaAcc: 0.6251, VaLoss:  1.12697	 20 sampled NNs | VaAcc: 0.4445 +- 0.0333 | VaLoss: 1.6116 +- 0.0980
365,  0 | TrAcc: 0.6418, TrLoss:  1.03870, VaAcc: 0.6220, VaLoss:  1.11286	 20 sampled NNs | VaAcc: 0.4230 +- 0.0281 | VaLoss: 1.6610 +- 0.0626
366,  0 | TrAcc: 0.6357, TrLoss:  1.05108, VaAcc: 0.6349, VaLoss:  1.08514	 20 sampled NNs | VaAcc: 0.4297 +- 0.0250 | VaLoss: 1.6351 +- 0.0965
367,  0 | TrAcc: 0.6482, TrLoss:  1.02538, VaAcc: 0.6233, VaLoss:  1.09554	 20 sampled NNs | VaAcc: 0.4624 +- 0.0294 | VaLoss: 1.5388 +- 0.0624
368,  0 | TrAcc: 0.6329, TrLoss:  1.06585, VaAcc: 0.5960, VaLoss:  1.17651	 20 sampled NNs | VaAcc: 0.4279 +- 0.0362 | VaLoss: 1.6579 +- 0.1210
369,  0 | TrAcc: 0.6251, TrLoss:  1.07878, VaAcc: 0.6193, VaLoss:  1.11791	 20 sampled NNs | VaAcc: 0.4564 +- 0.0362 | VaLoss: 1.5908 +- 0.1287
370,  0 | TrAcc: 0.6434, TrLoss:  1.03275, VaAcc: 0.5939, VaLoss:  1.14982	 20 sampled NNs | VaAcc: 0.4116 +- 0.0412 | VaLoss: 1.6542 +- 0.1632
371,  0 | TrAcc: 0.6349, TrLoss:  1.06868, VaAcc: 0.6260, VaLoss:  1.10986	 20 sampled NNs | VaAcc: 0.4552 +- 0.0396 | VaLoss: 1.5665 +- 0.0973
372,  0 | TrAcc: 0.6473, TrLoss:  1.03911, VaAcc: 0.6014, VaLoss:  1.19129	 20 sampled NNs | VaAcc: 0.4413 +- 0.0327 | VaLoss: 1.6546 +- 0.1453
373,  0 | TrAcc: 0.6185, TrLoss:  1.10239, VaAcc: 0.6079, VaLoss:  1.16656	 20 sampled NNs | VaAcc: 0.4157 +- 0.0285 | VaLoss: 1.6578 +- 0.1097
374,  0 | TrAcc: 0.6743, TrLoss:  0.94750, VaAcc: 0.6172, VaLoss:  1.13438	 20 sampled NNs | VaAcc: 0.4318 +- 0.0340 | VaLoss: 1.6086 +- 0.1043
375,  0 | TrAcc: 0.6425, TrLoss:  1.01120, VaAcc: 0.6103, VaLoss:  1.17607	 20 sampled NNs | VaAcc: 0.4359 +- 0.0374 | VaLoss: 1.6315 +- 0.1105
376,  0 | TrAcc: 0.6571, TrLoss:  1.01826, VaAcc: 0.6104, VaLoss:  1.14584	 20 sampled NNs | VaAcc: 0.4273 +- 0.0359 | VaLoss: 1.6983 +- 0.1294
377,  0 | TrAcc: 0.6123, TrLoss:  1.07832, VaAcc: 0.6196, VaLoss:  1.14234	 20 sampled NNs | VaAcc: 0.4256 +- 0.0250 | VaLoss: 1.6212 +- 0.0800
378,  0 | TrAcc: 0.6508, TrLoss:  0.99305, VaAcc: 0.6200, VaLoss:  1.12134	 20 sampled NNs | VaAcc: 0.4476 +- 0.0358 | VaLoss: 1.5824 +- 0.1069
379,  0 | TrAcc: 0.6535, TrLoss:  1.00049, VaAcc: 0.6110, VaLoss:  1.13851	 20 sampled NNs | VaAcc: 0.4553 +- 0.0440 | VaLoss: 1.6345 +- 0.2142
380,  0 | TrAcc: 0.6204, TrLoss:  1.05931, VaAcc: 0.6071, VaLoss:  1.14229	 20 sampled NNs | VaAcc: 0.4053 +- 0.0296 | VaLoss: 1.6490 +- 0.0727
381,  0 | TrAcc: 0.6568, TrLoss:  0.97247, VaAcc: 0.6161, VaLoss:  1.13843	 20 sampled NNs | VaAcc: 0.4426 +- 0.0247 | VaLoss: 1.6069 +- 0.0761
382,  0 | TrAcc: 0.6306, TrLoss:  1.05631, VaAcc: 0.6208, VaLoss:  1.12806	 20 sampled NNs | VaAcc: 0.4354 +- 0.0399 | VaLoss: 1.5922 +- 0.1376
383,  0 | TrAcc: 0.6385, TrLoss:  1.06456, VaAcc: 0.6139, VaLoss:  1.12934	 20 sampled NNs | VaAcc: 0.4080 +- 0.0335 | VaLoss: 1.6505 +- 0.1029
384,  0 | TrAcc: 0.6586, TrLoss:  0.99437, VaAcc: 0.6108, VaLoss:  1.15344	 20 sampled NNs | VaAcc: 0.4376 +- 0.0399 | VaLoss: 1.6284 +- 0.0866
385,  0 | TrAcc: 0.6491, TrLoss:  1.01738, VaAcc: 0.5808, VaLoss:  1.19703	 20 sampled NNs | VaAcc: 0.4053 +- 0.0319 | VaLoss: 1.7113 +- 0.0862
386,  0 | TrAcc: 0.6460, TrLoss:  1.05028, VaAcc: 0.6092, VaLoss:  1.15984	 20 sampled NNs | VaAcc: 0.4084 +- 0.0299 | VaLoss: 1.6583 +- 0.0952
387,  0 | TrAcc: 0.6041, TrLoss:  1.11516, VaAcc: 0.5375, VaLoss:  1.28051	 20 sampled NNs | VaAcc: 0.3662 +- 0.0329 | VaLoss: 1.7828 +- 0.0888
388,  0 | TrAcc: 0.6494, TrLoss:  1.00744, VaAcc: 0.6206, VaLoss:  1.13015	 20 sampled NNs | VaAcc: 0.4711 +- 0.0387 | VaLoss: 1.5713 +- 0.0803
389,  0 | TrAcc: 0.6223, TrLoss:  1.07783, VaAcc: 0.5936, VaLoss:  1.17607	 20 sampled NNs | VaAcc: 0.4220 +- 0.0343 | VaLoss: 1.6383 +- 0.0825
390,  0 | TrAcc: 0.6477, TrLoss:  1.00469, VaAcc: 0.5999, VaLoss:  1.17968	 20 sampled NNs | VaAcc: 0.4305 +- 0.0389 | VaLoss: 1.6027 +- 0.1070
391,  0 | TrAcc: 0.6491, TrLoss:  1.03399, VaAcc: 0.6244, VaLoss:  1.11623	 20 sampled NNs | VaAcc: 0.4549 +- 0.0244 | VaLoss: 1.5670 +- 0.0625
392,  0 | TrAcc: 0.6533, TrLoss:  1.02653, VaAcc: 0.6072, VaLoss:  1.14023	 20 sampled NNs | VaAcc: 0.4475 +- 0.0338 | VaLoss: 1.5883 +- 0.0807
393,  0 | TrAcc: 0.6422, TrLoss:  0.99838, VaAcc: 0.5939, VaLoss:  1.16542	 20 sampled NNs | VaAcc: 0.4252 +- 0.0369 | VaLoss: 1.6323 +- 0.0893
394,  0 | TrAcc: 0.6373, TrLoss:  1.06536, VaAcc: 0.6151, VaLoss:  1.14969	 20 sampled NNs | VaAcc: 0.4228 +- 0.0232 | VaLoss: 1.6636 +- 0.0586
395,  0 | TrAcc: 0.6562, TrLoss:  1.02332, VaAcc: 0.6120, VaLoss:  1.15130	 20 sampled NNs | VaAcc: 0.4005 +- 0.0279 | VaLoss: 1.6719 +- 0.0772
396,  0 | TrAcc: 0.6537, TrLoss:  0.98099, VaAcc: 0.6146, VaLoss:  1.13957	 20 sampled NNs | VaAcc: 0.4281 +- 0.0290 | VaLoss: 1.6227 +- 0.0737
397,  0 | TrAcc: 0.6426, TrLoss:  1.03798, VaAcc: 0.6151, VaLoss:  1.14171	 20 sampled NNs | VaAcc: 0.4125 +- 0.0462 | VaLoss: 1.6867 +- 0.1134
398,  0 | TrAcc: 0.6536, TrLoss:  0.99711, VaAcc: 0.6166, VaLoss:  1.14462	 20 sampled NNs | VaAcc: 0.4099 +- 0.0304 | VaLoss: 1.6700 +- 0.0944
399,  0 | TrAcc: 0.6628, TrLoss:  0.97596, VaAcc: 0.6170, VaLoss:  1.15296	 20 sampled NNs | VaAcc: 0.4080 +- 0.0388 | VaLoss: 1.7065 +- 0.1565
119813.17079
----------------------------
