

config:

HOME=/clusterFS/home/student/kopp13
PATH=/clusterFS/home/student/kopp13/miniconda3/envs/tensorflow/bin:/clusterFS/home/student/kopp13/miniconda3/bin:/clusterFS/home/student/kopp13/bin:/usr/local/bin:/usr/bin:/bin:/usr/local/games:/usr/games
LD_LIBRARY_PATH=
THEANO_FLAGS=floatX=float32,gpuarray.preallocate=0.9,dnn.library_path=/usr/lib/x86_64-linux-gnu,cxx=clang++-3.8,device=cuda,base_compiledir=/tmp/tmp.Mv9zg0kpgB

=============================
CONFIG FILE

RNN CONFIG
{'data_multiplier': 0.2,
 'gradient_clip_value': 0.5,
 'layer_configs': [{'layer_type': 'input'},
                   {'bc': {'init_m': 'xavier',
                           'init_v': -4.5,
                           'prior_m': 0.0,
                           'prior_v': 0.0,
                           'type': 'continuous'},
                    'bf': {'init_m': 'xavier',
                           'init_v': -4.5,
                           'prior_m': 0.0,
                           'prior_v': 0.0,
                           'type': 'continuous'},
                    'bi': {'init_m': 'xavier',
                           'init_v': -4.5,
                           'prior_m': 0.0,
                           'prior_v': 0.0,
                           'type': 'continuous'},
                    'bo': {'init_m': 'xavier',
                           'init_v': -4.5,
                           'prior_m': 0.0,
                           'prior_v': 0.0,
                           'type': 'continuous'},
                    'init_config': {'c': {'b': 'all_zero', 'w': 'xavier'},
                                    'f': {'b': 'all_one', 'w': 'all_zero'},
                                    'i': {'b': 'all_zero', 'w': 'xavier'},
                                    'o': {'b': 'all_zero', 'w': 'xavier'}},
                    'is_output': False,
                    'is_recurrent': True,
                    'layer_type': 'lstm',
                    'tau': 0.2,
                    'var_scope': 'lstm_0',
                    'wc': {'p0max': 0.95,
                           'p0min': 0.05,
                           'pmax': 0.99,
                           'pmin': 0.01,
                           'priors': [0.1, 0.8, 0.1],
                           'type': 'ternary'},
                    'wf': {'p0max': 0.95,
                           'p0min': 0.05,
                           'pmax': 0.99,
                           'pmin': 0.01,
                           'priors': [0.1, 0.8, 0.1],
                           'type': 'ternary'},
                    'wi': {'p0max': 0.95,
                           'p0min': 0.05,
                           'pmax': 0.99,
                           'pmin': 0.01,
                           'priors': [0.1, 0.8, 0.1],
                           'type': 'ternary'},
                    'wo': {'p0max': 0.95,
                           'p0min': 0.05,
                           'pmax': 0.99,
                           'pmin': 0.01,
                           'priors': [0.1, 0.8, 0.1],
                           'type': 'ternary'}},
                   {'bc': {'init_m': 'xavier',
                           'init_v': -4.5,
                           'prior_m': 0.0,
                           'prior_v': 0.0,
                           'type': 'continuous'},
                    'bf': {'init_m': 'xavier',
                           'init_v': -4.5,
                           'prior_m': 0.0,
                           'prior_v': 0.0,
                           'type': 'continuous'},
                    'bi': {'init_m': 'xavier',
                           'init_v': -4.5,
                           'prior_m': 0.0,
                           'prior_v': 0.0,
                           'type': 'continuous'},
                    'bo': {'init_m': 'xavier',
                           'init_v': -4.5,
                           'prior_m': 0.0,
                           'prior_v': 0.0,
                           'type': 'continuous'},
                    'init_config': {'c': {'b': 'all_zero', 'w': 'xavier'},
                                    'f': {'b': 'all_one', 'w': 'all_zero'},
                                    'i': {'b': 'all_zero', 'w': 'xavier'},
                                    'o': {'b': 'all_zero', 'w': 'xavier'}},
                    'is_output': False,
                    'is_recurrent': True,
                    'layer_type': 'lstm',
                    'tau': 0.2,
                    'var_scope': 'lstm_1',
                    'wc': {'p0max': 0.95,
                           'p0min': 0.05,
                           'pmax': 0.99,
                           'pmin': 0.01,
                           'priors': [0.1, 0.8, 0.1],
                           'type': 'ternary'},
                    'wf': {'p0max': 0.95,
                           'p0min': 0.05,
                           'pmax': 0.99,
                           'pmin': 0.01,
                           'priors': [0.1, 0.8, 0.1],
                           'type': 'ternary'},
                    'wi': {'p0max': 0.95,
                           'p0min': 0.05,
                           'pmax': 0.99,
                           'pmin': 0.01,
                           'priors': [0.1, 0.8, 0.1],
                           'type': 'ternary'},
                    'wo': {'p0max': 0.95,
                           'p0min': 0.05,
                           'pmax': 0.99,
                           'pmin': 0.01,
                           'priors': [0.1, 0.8, 0.1],
                           'type': 'ternary'}},
                   {'b': {'init_m': 'xavier',
                          'init_v': -4.5,
                          'prior_m': 0.0,
                          'prior_v': 0.0,
                          'type': 'continuous'},
                    'is_output': True,
                    'is_recurrent': False,
                    'layer_type': 'fc',
                    'regularization': {'mode': None, 'strength': 0.02},
                    'tau': 0.2,
                    'var_scope': 'output_layer',
                    'w': {'p0max': 0.95,
                          'p0min': 0.05,
                          'pmax': 0.99,
                          'pmin': 0.01,
                          'priors': [0.1, 0.8, 0.1],
                          'type': 'ternary'}}],
 'layout': [4, 60, 60, 10],
 'output_type': 'classification'}

DATA CONFIG
{'dataset': 'red_penstroke',
 'tr': {'in_seq_len': 30,
        'minibatch_enabled': True,
        'minibatch_size': 200,
        'out_seq_len': 5,
        'zero_padding': 20},
 'va': {'in_seq_len': 30,
        'minibatch_enabled': True,
        'minibatch_size': 200,
        'out_seq_len': 5,
        'zero_padding': 20}}

TRAINING CONFIG
{'beta_reg': 0.0,
 'is_pretrain': False,
 'learning_rate': 0.001,
 'max_epochs': 200,
 'mode': {'max_epochs': 400, 'min_error': 0.0, 'name': 'classic'},
 'task_id': 3,
 'type': 'l_sampling',
 'var_reg': 0.01}
==============================


pretraning is over
  0,  0 | TrAcc: 0.1096, TrLoss:  7.18936, VaAcc: 0.1059, VaLoss: 10.23293	 10 sampled NNs | VaAcc: 0.1059 +- 0.0090 | VaLoss: 6.0407 +- 2.7157
  1,  0 | TrAcc: 0.1369, TrLoss:  3.14548, VaAcc: 0.1229, VaLoss:  5.77385	 10 sampled NNs | VaAcc: 0.1232 +- 0.0095 | VaLoss: 2.5837 +- 0.1760
  2,  0 | TrAcc: 0.1485, TrLoss:  2.87708, VaAcc: 0.1372, VaLoss:  5.24003	 10 sampled NNs | VaAcc: 0.1348 +- 0.0116 | VaLoss: 2.3879 +- 0.0641
  3,  0 | TrAcc: 0.1692, TrLoss:  2.72152, VaAcc: 0.1647, VaLoss:  4.80648	 10 sampled NNs | VaAcc: 0.1489 +- 0.0269 | VaLoss: 2.3453 +- 0.1917
  4,  0 | TrAcc: 0.2043, TrLoss:  2.60018, VaAcc: 0.2068, VaLoss:  4.44431	 10 sampled NNs | VaAcc: 0.1593 +- 0.0287 | VaLoss: 2.3517 +- 0.1945
  5,  0 | TrAcc: 0.2528, TrLoss:  2.44937, VaAcc: 0.2561, VaLoss:  4.15064	 10 sampled NNs | VaAcc: 0.1609 +- 0.0263 | VaLoss: 2.3773 +- 0.1823
  6,  0 | TrAcc: 0.2876, TrLoss:  2.31378, VaAcc: 0.2978, VaLoss:  3.92497	 10 sampled NNs | VaAcc: 0.1739 +- 0.0418 | VaLoss: 2.4543 +- 0.3982
  7,  0 | TrAcc: 0.3106, TrLoss:  2.21089, VaAcc: 0.3273, VaLoss:  3.76043	 10 sampled NNs | VaAcc: 0.1844 +- 0.0449 | VaLoss: 2.5330 +- 0.2795
  8,  0 | TrAcc: 0.3339, TrLoss:  2.13290, VaAcc: 0.3507, VaLoss:  3.64390	 10 sampled NNs | VaAcc: 0.2133 +- 0.0373 | VaLoss: 2.1959 +- 0.0959
  9,  0 | TrAcc: 0.3593, TrLoss:  2.06948, VaAcc: 0.3737, VaLoss:  3.55361	 10 sampled NNs | VaAcc: 0.1971 +- 0.0423 | VaLoss: 2.4307 +- 0.3551
 10,  0 | TrAcc: 0.3838, TrLoss:  2.00618, VaAcc: 0.3989, VaLoss:  3.45731	 10 sampled NNs | VaAcc: 0.2070 +- 0.0507 | VaLoss: 2.3475 +- 0.3453
 11,  0 | TrAcc: 0.4101, TrLoss:  1.94627, VaAcc: 0.4271, VaLoss:  3.37377	 10 sampled NNs | VaAcc: 0.2100 +- 0.0428 | VaLoss: 2.3712 +- 0.3417
 12,  0 | TrAcc: 0.4317, TrLoss:  1.89556, VaAcc: 0.4451, VaLoss:  3.31031	 10 sampled NNs | VaAcc: 0.2375 +- 0.0335 | VaLoss: 2.2825 +- 0.3406
 13,  0 | TrAcc: 0.4489, TrLoss:  1.84789, VaAcc: 0.4656, VaLoss:  3.24332	 10 sampled NNs | VaAcc: 0.2651 +- 0.0419 | VaLoss: 2.1533 +- 0.2820
 14,  0 | TrAcc: 0.4679, TrLoss:  1.80275, VaAcc: 0.4808, VaLoss:  3.18017	 10 sampled NNs | VaAcc: 0.2273 +- 0.0464 | VaLoss: 2.3498 +- 0.3127
 15,  0 | TrAcc: 0.4843, TrLoss:  1.76199, VaAcc: 0.4976, VaLoss:  3.10460	 10 sampled NNs | VaAcc: 0.2721 +- 0.0448 | VaLoss: 2.1647 +- 0.2289
 16,  0 | TrAcc: 0.4980, TrLoss:  1.72144, VaAcc: 0.5085, VaLoss:  3.03410	 10 sampled NNs | VaAcc: 0.2861 +- 0.0552 | VaLoss: 2.1067 +- 0.2010
 17,  0 | TrAcc: 0.5119, TrLoss:  1.68102, VaAcc: 0.5219, VaLoss:  2.96716	 10 sampled NNs | VaAcc: 0.2537 +- 0.0403 | VaLoss: 2.2878 +- 0.2328
 18,  0 | TrAcc: 0.5232, TrLoss:  1.64472, VaAcc: 0.5359, VaLoss:  2.88847	 10 sampled NNs | VaAcc: 0.2890 +- 0.0506 | VaLoss: 2.1724 +- 0.2501
 19,  0 | TrAcc: 0.5387, TrLoss:  1.60215, VaAcc: 0.5475, VaLoss:  2.82685	 10 sampled NNs | VaAcc: 0.2639 +- 0.0498 | VaLoss: 2.3432 +- 0.4737
 20,  0 | TrAcc: 0.5485, TrLoss:  1.56920, VaAcc: 0.5609, VaLoss:  2.75949	 10 sampled NNs | VaAcc: 0.3100 +- 0.0334 | VaLoss: 2.0883 +- 0.2310
 21,  0 | TrAcc: 0.5602, TrLoss:  1.53726, VaAcc: 0.5688, VaLoss:  2.69460	 10 sampled NNs | VaAcc: 0.3040 +- 0.0587 | VaLoss: 2.1209 +- 0.3358
 22,  0 | TrAcc: 0.5721, TrLoss:  1.49977, VaAcc: 0.5817, VaLoss:  2.63395	 10 sampled NNs | VaAcc: 0.3145 +- 0.0391 | VaLoss: 2.1100 +- 0.2699
 23,  0 | TrAcc: 0.5832, TrLoss:  1.46524, VaAcc: 0.5924, VaLoss:  2.57850	 10 sampled NNs | VaAcc: 0.3399 +- 0.0559 | VaLoss: 1.9196 +- 0.2207
 24,  0 | TrAcc: 0.5909, TrLoss:  1.43942, VaAcc: 0.5912, VaLoss:  2.54233	 10 sampled NNs | VaAcc: 0.3555 +- 0.0441 | VaLoss: 1.9233 +- 0.1546
 25,  0 | TrAcc: 0.5980, TrLoss:  1.41308, VaAcc: 0.6103, VaLoss:  2.47396	 10 sampled NNs | VaAcc: 0.3669 +- 0.0497 | VaLoss: 1.8551 +- 0.2052
 26,  0 | TrAcc: 0.6059, TrLoss:  1.38685, VaAcc: 0.6147, VaLoss:  2.44099	 10 sampled NNs | VaAcc: 0.3595 +- 0.0579 | VaLoss: 1.9043 +- 0.2843
 27,  0 | TrAcc: 0.6136, TrLoss:  1.36289, VaAcc: 0.6202, VaLoss:  2.41308	 10 sampled NNs | VaAcc: 0.3893 +- 0.0383 | VaLoss: 1.7544 +- 0.1462
 28,  0 | TrAcc: 0.6187, TrLoss:  1.34591, VaAcc: 0.6304, VaLoss:  2.36227	 10 sampled NNs | VaAcc: 0.3962 +- 0.0413 | VaLoss: 1.7734 +- 0.1508
 29,  0 | TrAcc: 0.6255, TrLoss:  1.32665, VaAcc: 0.6358, VaLoss:  2.33307	 10 sampled NNs | VaAcc: 0.3730 +- 0.0434 | VaLoss: 1.8845 +- 0.1850
 30,  0 | TrAcc: 0.6300, TrLoss:  1.30631, VaAcc: 0.6389, VaLoss:  2.30568	 10 sampled NNs | VaAcc: 0.3677 +- 0.0494 | VaLoss: 1.8860 +- 0.1954
 31,  0 | TrAcc: 0.6347, TrLoss:  1.29095, VaAcc: 0.6435, VaLoss:  2.28084	 10 sampled NNs | VaAcc: 0.3970 +- 0.0534 | VaLoss: 1.7620 +- 0.1832
 32,  0 | TrAcc: 0.6404, TrLoss:  1.27540, VaAcc: 0.6487, VaLoss:  2.25703	 10 sampled NNs | VaAcc: 0.4036 +- 0.0331 | VaLoss: 1.7831 +- 0.1842
 33,  0 | TrAcc: 0.6435, TrLoss:  1.26512, VaAcc: 0.6521, VaLoss:  2.24079	 10 sampled NNs | VaAcc: 0.3786 +- 0.0280 | VaLoss: 1.8696 +- 0.2230
 34,  0 | TrAcc: 0.6475, TrLoss:  1.25043, VaAcc: 0.6502, VaLoss:  2.23533	 10 sampled NNs | VaAcc: 0.4203 +- 0.0415 | VaLoss: 1.7223 +- 0.1911
 35,  0 | TrAcc: 0.6500, TrLoss:  1.24089, VaAcc: 0.6579, VaLoss:  2.20991	 10 sampled NNs | VaAcc: 0.4033 +- 0.0452 | VaLoss: 1.7896 +- 0.2068
 36,  0 | TrAcc: 0.6547, TrLoss:  1.22682, VaAcc: 0.6629, VaLoss:  2.18983	 10 sampled NNs | VaAcc: 0.4237 +- 0.0313 | VaLoss: 1.6900 +- 0.1677
 37,  0 | TrAcc: 0.6576, TrLoss:  1.21815, VaAcc: 0.6655, VaLoss:  2.18055	 10 sampled NNs | VaAcc: 0.4404 +- 0.0379 | VaLoss: 1.6667 +- 0.1447
 38,  0 | TrAcc: 0.6601, TrLoss:  1.21232, VaAcc: 0.6729, VaLoss:  2.15892	 10 sampled NNs | VaAcc: 0.4266 +- 0.0455 | VaLoss: 1.6722 +- 0.2201
 39,  0 | TrAcc: 0.6628, TrLoss:  1.20097, VaAcc: 0.6765, VaLoss:  2.13719	 10 sampled NNs | VaAcc: 0.4447 +- 0.0513 | VaLoss: 1.6589 +- 0.2079
 40,  0 | TrAcc: 0.6663, TrLoss:  1.19086, VaAcc: 0.6749, VaLoss:  2.14223	 10 sampled NNs | VaAcc: 0.4469 +- 0.0350 | VaLoss: 1.6060 +- 0.1224
 41,  0 | TrAcc: 0.6695, TrLoss:  1.18265, VaAcc: 0.6769, VaLoss:  2.13182	 10 sampled NNs | VaAcc: 0.4641 +- 0.0455 | VaLoss: 1.5567 +- 0.1539
 42,  0 | TrAcc: 0.6727, TrLoss:  1.17223, VaAcc: 0.6800, VaLoss:  2.12688	 10 sampled NNs | VaAcc: 0.4465 +- 0.0400 | VaLoss: 1.6612 +- 0.1915
 43,  0 | TrAcc: 0.6727, TrLoss:  1.16997, VaAcc: 0.6817, VaLoss:  2.11611	 10 sampled NNs | VaAcc: 0.4537 +- 0.0343 | VaLoss: 1.5926 +- 0.1248
 44,  0 | TrAcc: 0.6753, TrLoss:  1.16172, VaAcc: 0.6781, VaLoss:  2.12407	 10 sampled NNs | VaAcc: 0.4782 +- 0.0358 | VaLoss: 1.5049 +- 0.1360
 45,  0 | TrAcc: 0.6779, TrLoss:  1.15637, VaAcc: 0.6912, VaLoss:  2.08765	 10 sampled NNs | VaAcc: 0.4555 +- 0.0413 | VaLoss: 1.5606 +- 0.0980
 46,  0 | TrAcc: 0.6797, TrLoss:  1.14892, VaAcc: 0.6892, VaLoss:  2.08689	 10 sampled NNs | VaAcc: 0.4727 +- 0.0552 | VaLoss: 1.5438 +- 0.2299
 47,  0 | TrAcc: 0.6821, TrLoss:  1.14206, VaAcc: 0.6833, VaLoss:  2.10558	 10 sampled NNs | VaAcc: 0.4792 +- 0.0535 | VaLoss: 1.4919 +- 0.1726
 48,  0 | TrAcc: 0.6840, TrLoss:  1.13631, VaAcc: 0.6903, VaLoss:  2.08529	 10 sampled NNs | VaAcc: 0.4678 +- 0.0393 | VaLoss: 1.5937 +- 0.2021
 49,  0 | TrAcc: 0.6852, TrLoss:  1.13774, VaAcc: 0.6914, VaLoss:  2.07938	 10 sampled NNs | VaAcc: 0.4679 +- 0.0471 | VaLoss: 1.5725 +- 0.2027
 50,  0 | TrAcc: 0.6875, TrLoss:  1.12645, VaAcc: 0.6942, VaLoss:  2.06519	 10 sampled NNs | VaAcc: 0.4922 +- 0.0455 | VaLoss: 1.4894 +- 0.1717
 51,  0 | TrAcc: 0.6892, TrLoss:  1.12343, VaAcc: 0.6988, VaLoss:  2.06953	 10 sampled NNs | VaAcc: 0.5081 +- 0.0351 | VaLoss: 1.4116 +- 0.1130
 52,  0 | TrAcc: 0.6888, TrLoss:  1.12035, VaAcc: 0.6962, VaLoss:  2.06411	 10 sampled NNs | VaAcc: 0.5191 +- 0.0451 | VaLoss: 1.4029 +- 0.1571
 53,  0 | TrAcc: 0.6906, TrLoss:  1.11517, VaAcc: 0.6969, VaLoss:  2.05898	 10 sampled NNs | VaAcc: 0.4717 +- 0.0482 | VaLoss: 1.5348 +- 0.1479
 54,  0 | TrAcc: 0.6930, TrLoss:  1.11322, VaAcc: 0.6988, VaLoss:  2.05130	 10 sampled NNs | VaAcc: 0.4920 +- 0.0465 | VaLoss: 1.4444 +- 0.1278
 55,  0 | TrAcc: 0.6947, TrLoss:  1.10399, VaAcc: 0.6990, VaLoss:  2.04940	 10 sampled NNs | VaAcc: 0.4852 +- 0.0423 | VaLoss: 1.4851 +- 0.1441
 56,  0 | TrAcc: 0.6949, TrLoss:  1.10497, VaAcc: 0.6999, VaLoss:  2.04720	 10 sampled NNs | VaAcc: 0.5355 +- 0.0296 | VaLoss: 1.3485 +- 0.0807
 57,  0 | TrAcc: 0.6983, TrLoss:  1.09453, VaAcc: 0.7043, VaLoss:  2.03887	 10 sampled NNs | VaAcc: 0.5096 +- 0.0437 | VaLoss: 1.4099 +- 0.1073
 58,  0 | TrAcc: 0.6968, TrLoss:  1.09551, VaAcc: 0.7010, VaLoss:  2.04088	 10 sampled NNs | VaAcc: 0.4898 +- 0.0425 | VaLoss: 1.4870 +- 0.1408
 59,  0 | TrAcc: 0.6983, TrLoss:  1.09424, VaAcc: 0.7059, VaLoss:  2.03093	 10 sampled NNs | VaAcc: 0.5263 +- 0.0373 | VaLoss: 1.3983 +- 0.1311
 60,  0 | TrAcc: 0.7004, TrLoss:  1.08733, VaAcc: 0.7066, VaLoss:  2.03415	 10 sampled NNs | VaAcc: 0.4890 +- 0.0454 | VaLoss: 1.5035 +- 0.1737
 61,  0 | TrAcc: 0.7007, TrLoss:  1.08529, VaAcc: 0.7076, VaLoss:  2.02878	 10 sampled NNs | VaAcc: 0.5313 +- 0.0414 | VaLoss: 1.3777 +- 0.1555
 62,  0 | TrAcc: 0.7016, TrLoss:  1.08520, VaAcc: 0.7077, VaLoss:  2.02330	 10 sampled NNs | VaAcc: 0.5111 +- 0.0519 | VaLoss: 1.4055 +- 0.1404
 63,  0 | TrAcc: 0.7020, TrLoss:  1.08004, VaAcc: 0.7080, VaLoss:  2.02362	 10 sampled NNs | VaAcc: 0.5339 +- 0.0304 | VaLoss: 1.3678 +- 0.0877
 64,  0 | TrAcc: 0.7031, TrLoss:  1.07576, VaAcc: 0.7127, VaLoss:  2.01055	 10 sampled NNs | VaAcc: 0.5168 +- 0.0389 | VaLoss: 1.4175 +- 0.1941
 65,  0 | TrAcc: 0.7076, TrLoss:  1.06978, VaAcc: 0.7063, VaLoss:  2.02847	 10 sampled NNs | VaAcc: 0.5117 +- 0.0451 | VaLoss: 1.4238 +- 0.1546
 66,  0 | TrAcc: 0.7076, TrLoss:  1.06605, VaAcc: 0.7118, VaLoss:  2.01395	 10 sampled NNs | VaAcc: 0.5378 +- 0.0224 | VaLoss: 1.3212 +- 0.0743
 67,  0 | TrAcc: 0.7064, TrLoss:  1.07277, VaAcc: 0.7116, VaLoss:  2.01317	 10 sampled NNs | VaAcc: 0.5386 +- 0.0306 | VaLoss: 1.3493 +- 0.0988
 68,  0 | TrAcc: 0.7063, TrLoss:  1.06826, VaAcc: 0.7178, VaLoss:  2.00308	 10 sampled NNs | VaAcc: 0.5294 +- 0.0395 | VaLoss: 1.4005 +- 0.1318
 69,  0 | TrAcc: 0.7082, TrLoss:  1.06716, VaAcc: 0.7078, VaLoss:  2.02094	 10 sampled NNs | VaAcc: 0.5328 +- 0.0435 | VaLoss: 1.3595 +- 0.1563
 70,  0 | TrAcc: 0.7091, TrLoss:  1.06349, VaAcc: 0.7153, VaLoss:  2.01091	 10 sampled NNs | VaAcc: 0.5214 +- 0.0449 | VaLoss: 1.3593 +- 0.1125
 71,  0 | TrAcc: 0.7099, TrLoss:  1.05847, VaAcc: 0.7177, VaLoss:  1.99139	 10 sampled NNs | VaAcc: 0.5330 +- 0.0415 | VaLoss: 1.3652 +- 0.1351
 72,  0 | TrAcc: 0.7108, TrLoss:  1.05443, VaAcc: 0.7165, VaLoss:  2.00025	 10 sampled NNs | VaAcc: 0.5344 +- 0.0497 | VaLoss: 1.3538 +- 0.1535
 73,  0 | TrAcc: 0.7102, TrLoss:  1.05715, VaAcc: 0.7167, VaLoss:  2.00052	 10 sampled NNs | VaAcc: 0.5473 +- 0.0347 | VaLoss: 1.3133 +- 0.1152
 74,  0 | TrAcc: 0.7125, TrLoss:  1.05096, VaAcc: 0.7169, VaLoss:  1.99882	 10 sampled NNs | VaAcc: 0.5200 +- 0.0395 | VaLoss: 1.3885 +- 0.1149
 75,  0 | TrAcc: 0.7124, TrLoss:  1.05273, VaAcc: 0.7172, VaLoss:  2.00094	 10 sampled NNs | VaAcc: 0.5426 +- 0.0291 | VaLoss: 1.3134 +- 0.0740
 76,  0 | TrAcc: 0.7145, TrLoss:  1.04860, VaAcc: 0.7168, VaLoss:  2.00328	 10 sampled NNs | VaAcc: 0.5220 +- 0.0590 | VaLoss: 1.3999 +- 0.1756
 77,  0 | TrAcc: 0.7155, TrLoss:  1.04705, VaAcc: 0.7194, VaLoss:  1.99202	 10 sampled NNs | VaAcc: 0.5339 +- 0.0563 | VaLoss: 1.3495 +- 0.2106
 78,  0 | TrAcc: 0.7160, TrLoss:  1.04320, VaAcc: 0.7169, VaLoss:  1.99739	 10 sampled NNs | VaAcc: 0.5543 +- 0.0260 | VaLoss: 1.2729 +- 0.0746
 79,  0 | TrAcc: 0.7160, TrLoss:  1.04180, VaAcc: 0.7212, VaLoss:  1.98802	 10 sampled NNs | VaAcc: 0.5655 +- 0.0188 | VaLoss: 1.2701 +- 0.0571
 80,  0 | TrAcc: 0.7172, TrLoss:  1.03774, VaAcc: 0.7213, VaLoss:  1.98937	 10 sampled NNs | VaAcc: 0.5133 +- 0.0434 | VaLoss: 1.4141 +- 0.1305
 81,  0 | TrAcc: 0.7161, TrLoss:  1.04162, VaAcc: 0.7229, VaLoss:  1.98630	 10 sampled NNs | VaAcc: 0.5389 +- 0.0316 | VaLoss: 1.3268 +- 0.1086
 82,  0 | TrAcc: 0.7177, TrLoss:  1.03856, VaAcc: 0.7209, VaLoss:  1.99506	 10 sampled NNs | VaAcc: 0.5348 +- 0.0477 | VaLoss: 1.3617 +- 0.1350
 83,  0 | TrAcc: 0.7194, TrLoss:  1.03155, VaAcc: 0.7197, VaLoss:  1.98887	 10 sampled NNs | VaAcc: 0.5285 +- 0.0481 | VaLoss: 1.3605 +- 0.1597
 84,  0 | TrAcc: 0.7193, TrLoss:  1.03196, VaAcc: 0.7250, VaLoss:  1.98227	 10 sampled NNs | VaAcc: 0.5535 +- 0.0314 | VaLoss: 1.3005 +- 0.0941
 85,  0 | TrAcc: 0.7195, TrLoss:  1.03464, VaAcc: 0.7222, VaLoss:  1.98546	 10 sampled NNs | VaAcc: 0.5363 +- 0.0277 | VaLoss: 1.3243 +- 0.0849
 86,  0 | TrAcc: 0.7219, TrLoss:  1.02806, VaAcc: 0.7286, VaLoss:  1.97764	 10 sampled NNs | VaAcc: 0.5348 +- 0.0537 | VaLoss: 1.3521 +- 0.1443
 87,  0 | TrAcc: 0.7202, TrLoss:  1.02995, VaAcc: 0.7264, VaLoss:  1.98655	 10 sampled NNs | VaAcc: 0.5413 +- 0.0440 | VaLoss: 1.3316 +- 0.1399
 88,  0 | TrAcc: 0.7210, TrLoss:  1.02761, VaAcc: 0.7219, VaLoss:  1.98625	 10 sampled NNs | VaAcc: 0.5434 +- 0.0325 | VaLoss: 1.3372 +- 0.1244
 89,  0 | TrAcc: 0.7222, TrLoss:  1.02366, VaAcc: 0.7261, VaLoss:  1.98322	 10 sampled NNs | VaAcc: 0.5679 +- 0.0236 | VaLoss: 1.2443 +- 0.0723
 90,  0 | TrAcc: 0.7228, TrLoss:  1.02320, VaAcc: 0.7255, VaLoss:  1.98445	 10 sampled NNs | VaAcc: 0.5360 +- 0.0453 | VaLoss: 1.3436 +- 0.1351
 91,  0 | TrAcc: 0.7244, TrLoss:  1.02000, VaAcc: 0.7240, VaLoss:  1.99253	 10 sampled NNs | VaAcc: 0.5439 +- 0.0391 | VaLoss: 1.3253 +- 0.1134
 92,  0 | TrAcc: 0.7242, TrLoss:  1.01912, VaAcc: 0.7304, VaLoss:  1.97740	 10 sampled NNs | VaAcc: 0.5517 +- 0.0444 | VaLoss: 1.3000 +- 0.1269
 93,  0 | TrAcc: 0.7234, TrLoss:  1.02297, VaAcc: 0.7267, VaLoss:  1.98835	 10 sampled NNs | VaAcc: 0.5683 +- 0.0354 | VaLoss: 1.2500 +- 0.1043
 94,  0 | TrAcc: 0.7236, TrLoss:  1.02145, VaAcc: 0.7275, VaLoss:  1.98694	 10 sampled NNs | VaAcc: 0.5594 +- 0.0286 | VaLoss: 1.2686 +- 0.0954
 95,  0 | TrAcc: 0.7245, TrLoss:  1.01942, VaAcc: 0.7261, VaLoss:  1.98545	 10 sampled NNs | VaAcc: 0.5529 +- 0.0313 | VaLoss: 1.2857 +- 0.0893
 96,  0 | TrAcc: 0.7245, TrLoss:  1.01788, VaAcc: 0.7271, VaLoss:  1.97935	 10 sampled NNs | VaAcc: 0.5525 +- 0.0381 | VaLoss: 1.2822 +- 0.1194
 97,  0 | TrAcc: 0.7248, TrLoss:  1.01747, VaAcc: 0.7318, VaLoss:  1.97101	 10 sampled NNs | VaAcc: 0.5729 +- 0.0227 | VaLoss: 1.2451 +- 0.0726
 98,  0 | TrAcc: 0.7271, TrLoss:  1.01146, VaAcc: 0.7265, VaLoss:  1.98633	 10 sampled NNs | VaAcc: 0.5610 +- 0.0317 | VaLoss: 1.2763 +- 0.0876
 99,  0 | TrAcc: 0.7271, TrLoss:  1.01365, VaAcc: 0.7289, VaLoss:  1.98427	 10 sampled NNs | VaAcc: 0.5576 +- 0.0418 | VaLoss: 1.2712 +- 0.1254
100,  0 | TrAcc: 0.7278, TrLoss:  1.00825, VaAcc: 0.7312, VaLoss:  1.97844	 10 sampled NNs | VaAcc: 0.5487 +- 0.0440 | VaLoss: 1.3249 +- 0.1426
101,  0 | TrAcc: 0.7267, TrLoss:  1.01355, VaAcc: 0.7265, VaLoss:  1.99301	 10 sampled NNs | VaAcc: 0.5897 +- 0.0295 | VaLoss: 1.1923 +- 0.0803
102,  0 | TrAcc: 0.7290, TrLoss:  1.00883, VaAcc: 0.7324, VaLoss:  1.97234	 10 sampled NNs | VaAcc: 0.5613 +- 0.0437 | VaLoss: 1.2716 +- 0.1314
103,  0 | TrAcc: 0.7305, TrLoss:  1.00320, VaAcc: 0.7340, VaLoss:  1.96797	 10 sampled NNs | VaAcc: 0.5684 +- 0.0434 | VaLoss: 1.2537 +- 0.1176
104,  0 | TrAcc: 0.7299, TrLoss:  1.00393, VaAcc: 0.7287, VaLoss:  1.98353	 10 sampled NNs | VaAcc: 0.5642 +- 0.0278 | VaLoss: 1.2678 +- 0.0693
105,  0 | TrAcc: 0.7299, TrLoss:  1.00346, VaAcc: 0.7354, VaLoss:  1.96851	 10 sampled NNs | VaAcc: 0.5701 +- 0.0301 | VaLoss: 1.2382 +- 0.0917
106,  0 | TrAcc: 0.7303, TrLoss:  1.00290, VaAcc: 0.7265, VaLoss:  1.98626	 10 sampled NNs | VaAcc: 0.5580 +- 0.0440 | VaLoss: 1.3228 +- 0.1640
107,  0 | TrAcc: 0.7315, TrLoss:  1.00103, VaAcc: 0.7293, VaLoss:  1.98355	 10 sampled NNs | VaAcc: 0.5607 +- 0.0310 | VaLoss: 1.2876 +- 0.1088
108,  0 | TrAcc: 0.7329, TrLoss:  0.99984, VaAcc: 0.7338, VaLoss:  1.97413	 10 sampled NNs | VaAcc: 0.5862 +- 0.0386 | VaLoss: 1.2081 +- 0.1080
109,  0 | TrAcc: 0.7319, TrLoss:  0.99994, VaAcc: 0.7294, VaLoss:  1.98182	 10 sampled NNs | VaAcc: 0.5717 +- 0.0279 | VaLoss: 1.2422 +- 0.0854
110,  0 | TrAcc: 0.7317, TrLoss:  0.99693, VaAcc: 0.7318, VaLoss:  1.97429	 10 sampled NNs | VaAcc: 0.5623 +- 0.0427 | VaLoss: 1.2752 +- 0.1320
111,  0 | TrAcc: 0.7326, TrLoss:  0.99620, VaAcc: 0.7315, VaLoss:  1.98311	 10 sampled NNs | VaAcc: 0.5598 +- 0.0647 | VaLoss: 1.3068 +- 0.2220
112,  0 | TrAcc: 0.7346, TrLoss:  0.99510, VaAcc: 0.7350, VaLoss:  1.97000	 10 sampled NNs | VaAcc: 0.5705 +- 0.0187 | VaLoss: 1.2428 +- 0.0584
113,  0 | TrAcc: 0.7342, TrLoss:  0.99277, VaAcc: 0.7299, VaLoss:  1.97995	 10 sampled NNs | VaAcc: 0.5551 +- 0.0412 | VaLoss: 1.2745 +- 0.1088
114,  0 | TrAcc: 0.7322, TrLoss:  0.99849, VaAcc: 0.7366, VaLoss:  1.96108	 10 sampled NNs | VaAcc: 0.5707 +- 0.0399 | VaLoss: 1.2454 +- 0.1064
115,  0 | TrAcc: 0.7340, TrLoss:  0.99420, VaAcc: 0.7340, VaLoss:  1.97305	 10 sampled NNs | VaAcc: 0.5709 +- 0.0358 | VaLoss: 1.2481 +- 0.1148
116,  0 | TrAcc: 0.7352, TrLoss:  0.99074, VaAcc: 0.7397, VaLoss:  1.96063	 10 sampled NNs | VaAcc: 0.5771 +- 0.0351 | VaLoss: 1.2366 +- 0.1060
117,  0 | TrAcc: 0.7323, TrLoss:  0.99700, VaAcc: 0.7364, VaLoss:  1.96930	 10 sampled NNs | VaAcc: 0.5844 +- 0.0241 | VaLoss: 1.1931 +- 0.0441
118,  0 | TrAcc: 0.7353, TrLoss:  0.98863, VaAcc: 0.7357, VaLoss:  1.97071	 10 sampled NNs | VaAcc: 0.5731 +- 0.0422 | VaLoss: 1.2726 +- 0.1577
119,  0 | TrAcc: 0.7337, TrLoss:  0.99147, VaAcc: 0.7370, VaLoss:  1.96862	 10 sampled NNs | VaAcc: 0.5789 +- 0.0225 | VaLoss: 1.2273 +- 0.0567
120,  0 | TrAcc: 0.7333, TrLoss:  0.99230, VaAcc: 0.7324, VaLoss:  1.97810	 10 sampled NNs | VaAcc: 0.5905 +- 0.0336 | VaLoss: 1.1849 +- 0.1011
121,  0 | TrAcc: 0.7362, TrLoss:  0.98660, VaAcc: 0.7328, VaLoss:  1.97857	 10 sampled NNs | VaAcc: 0.5918 +- 0.0376 | VaLoss: 1.1756 +- 0.1065
122,  0 | TrAcc: 0.7366, TrLoss:  0.98659, VaAcc: 0.7366, VaLoss:  1.97251	 10 sampled NNs | VaAcc: 0.5609 +- 0.0308 | VaLoss: 1.2722 +- 0.1020
123,  0 | TrAcc: 0.7365, TrLoss:  0.98494, VaAcc: 0.7378, VaLoss:  1.97068	 10 sampled NNs | VaAcc: 0.5809 +- 0.0159 | VaLoss: 1.2235 +- 0.0565
124,  0 | TrAcc: 0.7356, TrLoss:  0.98971, VaAcc: 0.7373, VaLoss:  1.96565	 10 sampled NNs | VaAcc: 0.5904 +- 0.0305 | VaLoss: 1.1844 +- 0.0698
125,  0 | TrAcc: 0.7367, TrLoss:  0.98679, VaAcc: 0.7344, VaLoss:  1.97130	 10 sampled NNs | VaAcc: 0.5717 +- 0.0374 | VaLoss: 1.2661 +- 0.1295
126,  0 | TrAcc: 0.7357, TrLoss:  0.98793, VaAcc: 0.7362, VaLoss:  1.96732	 10 sampled NNs | VaAcc: 0.5832 +- 0.0350 | VaLoss: 1.2053 +- 0.0923
127,  0 | TrAcc: 0.7380, TrLoss:  0.98110, VaAcc: 0.7378, VaLoss:  1.97004	 10 sampled NNs | VaAcc: 0.5897 +- 0.0222 | VaLoss: 1.1886 +- 0.0566
128,  0 | TrAcc: 0.7380, TrLoss:  0.98104, VaAcc: 0.7409, VaLoss:  1.96469	 10 sampled NNs | VaAcc: 0.5774 +- 0.0363 | VaLoss: 1.2331 +- 0.1199
129,  0 | TrAcc: 0.7376, TrLoss:  0.98442, VaAcc: 0.7363, VaLoss:  1.97349	 10 sampled NNs | VaAcc: 0.5767 +- 0.0290 | VaLoss: 1.2420 +- 0.1001
130,  0 | TrAcc: 0.7385, TrLoss:  0.98254, VaAcc: 0.7352, VaLoss:  1.97955	 10 sampled NNs | VaAcc: 0.5962 +- 0.0292 | VaLoss: 1.1774 +- 0.0884
131,  0 | TrAcc: 0.7369, TrLoss:  0.98238, VaAcc: 0.7359, VaLoss:  1.97534	 10 sampled NNs | VaAcc: 0.5719 +- 0.0221 | VaLoss: 1.2281 +- 0.0612
132,  0 | TrAcc: 0.7384, TrLoss:  0.97908, VaAcc: 0.7403, VaLoss:  1.96154	 10 sampled NNs | VaAcc: 0.5764 +- 0.0312 | VaLoss: 1.2328 +- 0.0798
133,  0 | TrAcc: 0.7389, TrLoss:  0.98133, VaAcc: 0.7381, VaLoss:  1.96698	 10 sampled NNs | VaAcc: 0.5909 +- 0.0225 | VaLoss: 1.1809 +- 0.0620
134,  0 | TrAcc: 0.7402, TrLoss:      nan, VaAcc: 0.7390, VaLoss:      nan	 10 sampled NNs | VaAcc: 0.5924 +- 0.0384 | VaLoss: 1.1777 +- 0.1073
135,  0 | TrAcc: 0.7410, TrLoss:  0.97356, VaAcc: 0.7344, VaLoss:  1.97958	 10 sampled NNs | VaAcc: 0.5728 +- 0.0319 | VaLoss: 1.2482 +- 0.1065
136,  0 | TrAcc: 0.7400, TrLoss:  0.97980, VaAcc: 0.7411, VaLoss:  1.96894	 10 sampled NNs | VaAcc: 0.5864 +- 0.0397 | VaLoss: 1.1944 +- 0.0907
137,  0 | TrAcc: 0.7418, TrLoss:  0.97301, VaAcc: 0.7383, VaLoss:  1.97582	 10 sampled NNs | VaAcc: 0.5765 +- 0.0376 | VaLoss: 1.2360 +- 0.1118
138,  0 | TrAcc: 0.7401, TrLoss:  0.97390, VaAcc: 0.7415, VaLoss:  1.96044	 10 sampled NNs | VaAcc: 0.6007 +- 0.0186 | VaLoss: 1.1642 +- 0.0646
139,  0 | TrAcc: 0.7419, TrLoss:  0.97386, VaAcc: 0.7399, VaLoss:  1.96586	 10 sampled NNs | VaAcc: 0.5869 +- 0.0283 | VaLoss: 1.2185 +- 0.1135
140,  0 | TrAcc: 0.7422, TrLoss:  0.97156, VaAcc: 0.7406, VaLoss:  1.96646	 10 sampled NNs | VaAcc: 0.5777 +- 0.0247 | VaLoss: 1.2329 +- 0.0740
141,  0 | TrAcc: 0.7419, TrLoss:  0.97310, VaAcc: 0.7386, VaLoss:  1.97524	 10 sampled NNs | VaAcc: 0.5875 +- 0.0322 | VaLoss: 1.1898 +- 0.0813
142,  0 | TrAcc: 0.7421, TrLoss:  0.97110, VaAcc: 0.7398, VaLoss:  1.96665	 10 sampled NNs | VaAcc: 0.5868 +- 0.0237 | VaLoss: 1.1894 +- 0.0556
143,  0 | TrAcc: 0.7426, TrLoss:  0.97072, VaAcc: 0.7424, VaLoss:  1.96312	 10 sampled NNs | VaAcc: 0.5968 +- 0.0173 | VaLoss: 1.1816 +- 0.0524
144,  0 | TrAcc: 0.7428, TrLoss:  0.96840, VaAcc: 0.7390, VaLoss:  1.97771	 10 sampled NNs | VaAcc: 0.5989 +- 0.0394 | VaLoss: 1.1708 +- 0.1176
145,  0 | TrAcc: 0.7446, TrLoss:  0.96408, VaAcc: 0.7449, VaLoss:  1.95831	 10 sampled NNs | VaAcc: 0.5892 +- 0.0310 | VaLoss: 1.2074 +- 0.0980
146,  0 | TrAcc: 0.7432, TrLoss:  0.97108, VaAcc: 0.7425, VaLoss:  1.96932	 10 sampled NNs | VaAcc: 0.5923 +- 0.0228 | VaLoss: 1.1675 +- 0.0640
147,  0 | TrAcc: 0.7448, TrLoss:  0.96365, VaAcc: 0.7385, VaLoss:  1.97481	 10 sampled NNs | VaAcc: 0.5844 +- 0.0429 | VaLoss: 1.2222 +- 0.1559
148,  0 | TrAcc: 0.7439, TrLoss:  0.96632, VaAcc: 0.7379, VaLoss:  1.97705	 10 sampled NNs | VaAcc: 0.5759 +- 0.0404 | VaLoss: 1.2310 +- 0.1176
149,  0 | TrAcc: 0.7451, TrLoss:  0.96197, VaAcc: 0.7399, VaLoss:  1.97512	 10 sampled NNs | VaAcc: 0.5816 +- 0.0389 | VaLoss: 1.2158 +- 0.1104
150,  0 | TrAcc: 0.7456, TrLoss:  0.96431, VaAcc: 0.7354, VaLoss:  1.97894	 10 sampled NNs | VaAcc: 0.6046 +- 0.0347 | VaLoss: 1.1664 +- 0.1102
151,  0 | TrAcc: 0.7430, TrLoss:  0.96827, VaAcc: 0.7456, VaLoss:  1.95570	 10 sampled NNs | VaAcc: 0.6006 +- 0.0320 | VaLoss: 1.1794 +- 0.1060
152,  0 | TrAcc: 0.7466, TrLoss:  0.96118, VaAcc: 0.7416, VaLoss:  1.97052	 10 sampled NNs | VaAcc: 0.5960 +- 0.0260 | VaLoss: 1.1724 +- 0.0799
153,  0 | TrAcc: 0.7439, TrLoss:  0.96751, VaAcc: 0.7404, VaLoss:  1.97534	 10 sampled NNs | VaAcc: 0.5831 +- 0.0302 | VaLoss: 1.2250 +- 0.0926
154,  0 | TrAcc: 0.7448, TrLoss:  0.96487, VaAcc: 0.7430, VaLoss:  1.96371	 10 sampled NNs | VaAcc: 0.5820 +- 0.0216 | VaLoss: 1.2297 +- 0.0836
155,  0 | TrAcc: 0.7453, TrLoss:  0.96276, VaAcc: 0.7461, VaLoss:  1.95605	 10 sampled NNs | VaAcc: 0.5801 +- 0.0504 | VaLoss: 1.2408 +- 0.1830
156,  0 | TrAcc: 0.7453, TrLoss:  0.96301, VaAcc: 0.7405, VaLoss:  1.97751	 10 sampled NNs | VaAcc: 0.5852 +- 0.0220 | VaLoss: 1.2013 +- 0.0737
157,  0 | TrAcc: 0.7475, TrLoss:  0.95970, VaAcc: 0.7444, VaLoss:  1.97043	 10 sampled NNs | VaAcc: 0.6021 +- 0.0445 | VaLoss: 1.1585 +- 0.0927
158,  0 | TrAcc: 0.7453, TrLoss:  0.96132, VaAcc: 0.7454, VaLoss:  1.96524	 10 sampled NNs | VaAcc: 0.5874 +- 0.0342 | VaLoss: 1.2108 +- 0.1117
159,  0 | TrAcc: 0.7453, TrLoss:  0.96227, VaAcc: 0.7468, VaLoss:  1.96424	 10 sampled NNs | VaAcc: 0.5958 +- 0.0340 | VaLoss: 1.1888 +- 0.1332
160,  0 | TrAcc: 0.7479, TrLoss:  0.95838, VaAcc: 0.7475, VaLoss:  1.96125	 10 sampled NNs | VaAcc: 0.5948 +- 0.0442 | VaLoss: 1.1943 +- 0.1369
161,  0 | TrAcc: 0.7457, TrLoss:  0.96037, VaAcc: 0.7409, VaLoss:  1.97652	 10 sampled NNs | VaAcc: 0.6191 +- 0.0206 | VaLoss: 1.1060 +- 0.0590
162,  0 | TrAcc: 0.7476, TrLoss:  0.95742, VaAcc: 0.7440, VaLoss:  1.96577	 10 sampled NNs | VaAcc: 0.5925 +- 0.0499 | VaLoss: 1.1856 +- 0.1577
163,  0 | TrAcc: 0.7449, TrLoss:  0.96329, VaAcc: 0.7411, VaLoss:  1.97901	 10 sampled NNs | VaAcc: 0.6006 +- 0.0299 | VaLoss: 1.1763 +- 0.0812
164,  0 | TrAcc: 0.7469, TrLoss:  0.95890, VaAcc: 0.7417, VaLoss:  1.97489	 10 sampled NNs | VaAcc: 0.5862 +- 0.0319 | VaLoss: 1.2061 +- 0.0873
165,  0 | TrAcc: 0.7481, TrLoss:  0.95443, VaAcc: 0.7457, VaLoss:  1.96210	 10 sampled NNs | VaAcc: 0.6027 +- 0.0269 | VaLoss: 1.1443 +- 0.0730
166,  0 | TrAcc: 0.7473, TrLoss:  0.95743, VaAcc: 0.7449, VaLoss:  1.96276	 10 sampled NNs | VaAcc: 0.5993 +- 0.0275 | VaLoss: 1.1587 +- 0.0894
167,  0 | TrAcc: 0.7481, TrLoss:  0.95536, VaAcc: 0.7450, VaLoss:  1.96947	 10 sampled NNs | VaAcc: 0.5773 +- 0.0442 | VaLoss: 1.2239 +- 0.1236
168,  0 | TrAcc: 0.7480, TrLoss:  0.95596, VaAcc: 0.7452, VaLoss:  1.96767	 10 sampled NNs | VaAcc: 0.6081 +- 0.0321 | VaLoss: 1.1520 +- 0.1012
169,  0 | TrAcc: 0.7489, TrLoss:  0.95511, VaAcc: 0.7436, VaLoss:  1.96752	 10 sampled NNs | VaAcc: 0.5935 +- 0.0247 | VaLoss: 1.1954 +- 0.0754
170,  0 | TrAcc: 0.7474, TrLoss:  0.95640, VaAcc: 0.7395, VaLoss:  1.97908	 10 sampled NNs | VaAcc: 0.6075 +- 0.0255 | VaLoss: 1.1500 +- 0.0917
171,  0 | TrAcc: 0.7492, TrLoss:  0.95354, VaAcc: 0.7462, VaLoss:  1.96465	 10 sampled NNs | VaAcc: 0.6201 +- 0.0205 | VaLoss: 1.1002 +- 0.0574
172,  0 | TrAcc: 0.7476, TrLoss:  0.95533, VaAcc: 0.7402, VaLoss:  1.97853	 10 sampled NNs | VaAcc: 0.6023 +- 0.0266 | VaLoss: 1.1661 +- 0.0887
173,  0 | TrAcc: 0.7487, TrLoss:  0.95340, VaAcc: 0.7403, VaLoss:  1.98265	 10 sampled NNs | VaAcc: 0.6001 +- 0.0360 | VaLoss: 1.1562 +- 0.1075
174,  0 | TrAcc: 0.7497, TrLoss:  0.95027, VaAcc: 0.7429, VaLoss:  1.97217	 10 sampled NNs | VaAcc: 0.5936 +- 0.0344 | VaLoss: 1.1696 +- 0.0879
175,  0 | TrAcc: 0.7484, TrLoss:  0.95415, VaAcc: 0.7450, VaLoss:  1.96950	 10 sampled NNs | VaAcc: 0.6046 +- 0.0355 | VaLoss: 1.1479 +- 0.0957
176,  0 | TrAcc: 0.7489, TrLoss:  0.95174, VaAcc: 0.7454, VaLoss:  1.97492	 10 sampled NNs | VaAcc: 0.6021 +- 0.0443 | VaLoss: 1.1775 +- 0.1431
177,  0 | TrAcc: 0.7507, TrLoss:  0.95118, VaAcc: 0.7440, VaLoss:  1.97504	 10 sampled NNs | VaAcc: 0.6043 +- 0.0398 | VaLoss: 1.1474 +- 0.0944
178,  0 | TrAcc: 0.7497, TrLoss:  0.95218, VaAcc: 0.7427, VaLoss:  1.97811	 10 sampled NNs | VaAcc: 0.6132 +- 0.0427 | VaLoss: 1.1369 +- 0.1196
179,  0 | TrAcc: 0.7512, TrLoss:  0.94805, VaAcc: 0.7445, VaLoss:  1.97140	 10 sampled NNs | VaAcc: 0.5892 +- 0.0624 | VaLoss: 1.2498 +- 0.2415
180,  0 | TrAcc: 0.7503, TrLoss:  0.95337, VaAcc: 0.7448, VaLoss:  1.97677	 10 sampled NNs | VaAcc: 0.5987 +- 0.0234 | VaLoss: 1.1725 +- 0.0718
181,  0 | TrAcc: 0.7506, TrLoss:  0.94892, VaAcc: 0.7458, VaLoss:  1.97606	 10 sampled NNs | VaAcc: 0.6094 +- 0.0310 | VaLoss: 1.1744 +- 0.1459
182,  0 | TrAcc: 0.7496, TrLoss:  0.94941, VaAcc: 0.7464, VaLoss:  1.97325	 10 sampled NNs | VaAcc: 0.6015 +- 0.0270 | VaLoss: 1.1511 +- 0.0724
183,  0 | TrAcc: 0.7504, TrLoss:  0.95129, VaAcc: 0.7431, VaLoss:  1.98726	 10 sampled NNs | VaAcc: 0.6289 +- 0.0349 | VaLoss: 1.0903 +- 0.1184
184,  0 | TrAcc: 0.7506, TrLoss:  0.94663, VaAcc: 0.7446, VaLoss:  1.97526	 10 sampled NNs | VaAcc: 0.6062 +- 0.0390 | VaLoss: 1.1638 +- 0.1238
185,  0 | TrAcc: 0.7515, TrLoss:  0.94589, VaAcc: 0.7443, VaLoss:  1.97497	 10 sampled NNs | VaAcc: 0.6035 +- 0.0231 | VaLoss: 1.1530 +- 0.0579
186,  0 | TrAcc: 0.7504, TrLoss:  0.94808, VaAcc: 0.7411, VaLoss:  1.98346	 10 sampled NNs | VaAcc: 0.6188 +- 0.0220 | VaLoss: 1.1163 +- 0.0604
187,  0 | TrAcc: 0.7512, TrLoss:  0.94724, VaAcc: 0.7435, VaLoss:  1.98618	 10 sampled NNs | VaAcc: 0.6008 +- 0.0284 | VaLoss: 1.1604 +- 0.0799
188,  0 | TrAcc: 0.7524, TrLoss:  0.94566, VaAcc: 0.7463, VaLoss:  1.97438	 10 sampled NNs | VaAcc: 0.5992 +- 0.0263 | VaLoss: 1.1737 +- 0.0964
189,  0 | TrAcc: 0.7524, TrLoss:  0.94663, VaAcc: 0.7426, VaLoss:  1.98141	 10 sampled NNs | VaAcc: 0.6013 +- 0.0293 | VaLoss: 1.1688 +- 0.0952
190,  0 | TrAcc: 0.7502, TrLoss:  0.94992, VaAcc: 0.7448, VaLoss:  1.97697	 10 sampled NNs | VaAcc: 0.5951 +- 0.0254 | VaLoss: 1.1992 +- 0.0945
191,  0 | TrAcc: 0.7514, TrLoss:  0.94802, VaAcc: 0.7459, VaLoss:  1.97565	 10 sampled NNs | VaAcc: 0.5946 +- 0.0420 | VaLoss: 1.1697 +- 0.1247
192,  0 | TrAcc: 0.7524, TrLoss:  0.94302, VaAcc: 0.7466, VaLoss:  1.97949	 10 sampled NNs | VaAcc: 0.5917 +- 0.0346 | VaLoss: 1.2099 +- 0.1390
193,  0 | TrAcc: 0.7523, TrLoss:  0.94412, VaAcc: 0.7443, VaLoss:  1.98531	 10 sampled NNs | VaAcc: 0.6118 +- 0.0368 | VaLoss: 1.1491 +- 0.1388
194,  0 | TrAcc: 0.7527, TrLoss:  0.94333, VaAcc: 0.7455, VaLoss:  1.98251	 10 sampled NNs | VaAcc: 0.6021 +- 0.0261 | VaLoss: 1.1766 +- 0.1027
195,  0 | TrAcc: 0.7528, TrLoss:  0.94170, VaAcc: 0.7496, VaLoss:  1.97028	 10 sampled NNs | VaAcc: 0.6121 +- 0.0336 | VaLoss: 1.1503 +- 0.1116
196,  0 | TrAcc: 0.7513, TrLoss:  0.94723, VaAcc: 0.7484, VaLoss:  1.96973	 10 sampled NNs | VaAcc: 0.6216 +- 0.0259 | VaLoss: 1.1130 +- 0.0829
197,  0 | TrAcc: 0.7535, TrLoss:  0.93995, VaAcc: 0.7444, VaLoss:  1.98659	 10 sampled NNs | VaAcc: 0.6019 +- 0.0197 | VaLoss: 1.1571 +- 0.0768
198,  0 | TrAcc: 0.7540, TrLoss:  0.94290, VaAcc: 0.7473, VaLoss:  1.98172	 10 sampled NNs | VaAcc: 0.6191 +- 0.0322 | VaLoss: 1.1070 +- 0.0970
199,  0 | TrAcc: 0.7527, TrLoss:  0.94352, VaAcc: 0.7502, VaLoss:  1.97561	 10 sampled NNs | VaAcc: 0.5955 +- 0.0404 | VaLoss: 1.1877 +- 0.1472
200,  0 | TrAcc: 0.7544, TrLoss:  0.93922, VaAcc: 0.7410, VaLoss:  1.99595	 10 sampled NNs | VaAcc: 0.6262 +- 0.0181 | VaLoss: 1.0913 +- 0.0535
201,  0 | TrAcc: 0.7538, TrLoss:  0.93894, VaAcc: 0.7469, VaLoss:  1.97928	 10 sampled NNs | VaAcc: 0.6237 +- 0.0197 | VaLoss: 1.0869 +- 0.0465
202,  0 | TrAcc: 0.7529, TrLoss:  0.94269, VaAcc: 0.7472, VaLoss:  1.98474	 10 sampled NNs | VaAcc: 0.5936 +- 0.0284 | VaLoss: 1.1915 +- 0.0999
203,  0 | TrAcc: 0.7546, TrLoss:  0.93861, VaAcc: 0.7439, VaLoss:  1.98210	 10 sampled NNs | VaAcc: 0.6348 +- 0.0253 | VaLoss: 1.0765 +- 0.0726
204,  0 | TrAcc: 0.7541, TrLoss:  0.94010, VaAcc: 0.7488, VaLoss:  1.97919	 10 sampled NNs | VaAcc: 0.6130 +- 0.0269 | VaLoss: 1.1217 +- 0.0705
205,  0 | TrAcc: 0.7554, TrLoss:  0.93741, VaAcc: 0.7459, VaLoss:  1.98116	 10 sampled NNs | VaAcc: 0.6097 +- 0.0217 | VaLoss: 1.1319 +- 0.0518
206,  0 | TrAcc: 0.7553, TrLoss:  0.93701, VaAcc: 0.7513, VaLoss:  1.97677	 10 sampled NNs | VaAcc: 0.6247 +- 0.0215 | VaLoss: 1.1012 +- 0.0606
207,  0 | TrAcc: 0.7553, TrLoss:  0.93760, VaAcc: 0.7443, VaLoss:  1.98949	 10 sampled NNs | VaAcc: 0.6058 +- 0.0457 | VaLoss: 1.1656 +- 0.1453
208,  0 | TrAcc: 0.7544, TrLoss:  0.94149, VaAcc: 0.7460, VaLoss:  1.99279	 10 sampled NNs | VaAcc: 0.6156 +- 0.0332 | VaLoss: 1.1209 +- 0.0925
209,  0 | TrAcc: 0.7543, TrLoss:  0.94035, VaAcc: 0.7487, VaLoss:  1.98018	 10 sampled NNs | VaAcc: 0.6061 +- 0.0476 | VaLoss: 1.1933 +- 0.2025
210,  0 | TrAcc: 0.7548, TrLoss:  0.93947, VaAcc: 0.7498, VaLoss:  1.98471	 10 sampled NNs | VaAcc: 0.6026 +- 0.0284 | VaLoss: 1.1722 +- 0.0703
211,  0 | TrAcc: 0.7547, TrLoss:  0.93738, VaAcc: 0.7501, VaLoss:  1.98011	 10 sampled NNs | VaAcc: 0.6074 +- 0.0266 | VaLoss: 1.1297 +- 0.0691
212,  0 | TrAcc: 0.7553, TrLoss:  0.93808, VaAcc: 0.7474, VaLoss:  1.98771	 10 sampled NNs | VaAcc: 0.6284 +- 0.0184 | VaLoss: 1.0922 +- 0.0491
213,  0 | TrAcc: 0.7539, TrLoss:  0.93937, VaAcc: 0.7484, VaLoss:  1.98307	 10 sampled NNs | VaAcc: 0.5984 +- 0.0236 | VaLoss: 1.1839 +- 0.0735
214,  0 | TrAcc: 0.7537, TrLoss:  0.93881, VaAcc: 0.7464, VaLoss:  1.99747	 10 sampled NNs | VaAcc: 0.6138 +- 0.0228 | VaLoss: 1.1322 +- 0.0591
215,  0 | TrAcc: 0.7562, TrLoss:  0.93321, VaAcc: 0.7453, VaLoss:  1.99109	 10 sampled NNs | VaAcc: 0.6206 +- 0.0211 | VaLoss: 1.1032 +- 0.0657
216,  0 | TrAcc: 0.7560, TrLoss:  0.93661, VaAcc: 0.7487, VaLoss:  1.98058	 10 sampled NNs | VaAcc: 0.6269 +- 0.0271 | VaLoss: 1.1074 +- 0.0791
217,  0 | TrAcc: 0.7563, TrLoss:  0.93512, VaAcc: 0.7496, VaLoss:  1.97850	 10 sampled NNs | VaAcc: 0.6247 +- 0.0197 | VaLoss: 1.1070 +- 0.0521
218,  0 | TrAcc: 0.7574, TrLoss:  0.93437, VaAcc: 0.7462, VaLoss:  1.99264	 10 sampled NNs | VaAcc: 0.5937 +- 0.0378 | VaLoss: 1.2148 +- 0.1170
219,  0 | TrAcc: 0.7563, TrLoss:  0.93707, VaAcc: 0.7478, VaLoss:  1.98578	 10 sampled NNs | VaAcc: 0.6184 +- 0.0255 | VaLoss: 1.1072 +- 0.0755
220,  0 | TrAcc: 0.7535, TrLoss:  0.94181, VaAcc: 0.7479, VaLoss:  1.98489	 10 sampled NNs | VaAcc: 0.6191 +- 0.0304 | VaLoss: 1.1180 +- 0.1003
221,  0 | TrAcc: 0.7572, TrLoss:  0.93333, VaAcc: 0.7434, VaLoss:  2.00448	 10 sampled NNs | VaAcc: 0.6314 +- 0.0283 | VaLoss: 1.0899 +- 0.0884
222,  0 | TrAcc: 0.7553, TrLoss:  0.93624, VaAcc: 0.7467, VaLoss:  1.99474	 10 sampled NNs | VaAcc: 0.6228 +- 0.0234 | VaLoss: 1.0979 +- 0.0704
223,  0 | TrAcc: 0.7565, TrLoss:  0.93450, VaAcc: 0.7431, VaLoss:  1.99885	 10 sampled NNs | VaAcc: 0.6218 +- 0.0403 | VaLoss: 1.1127 +- 0.1095
224,  0 | TrAcc: 0.7575, TrLoss:  0.93217, VaAcc: 0.7509, VaLoss:  1.98609	 10 sampled NNs | VaAcc: 0.6128 +- 0.0423 | VaLoss: 1.1303 +- 0.1313
225,  0 | TrAcc: 0.7572, TrLoss:  0.93144, VaAcc: 0.7475, VaLoss:  1.99257	 10 sampled NNs | VaAcc: 0.6191 +- 0.0382 | VaLoss: 1.1170 +- 0.0891
226,  0 | TrAcc: 0.7566, TrLoss:  0.93398, VaAcc: 0.7448, VaLoss:  1.99783	 10 sampled NNs | VaAcc: 0.6263 +- 0.0213 | VaLoss: 1.0886 +- 0.0494
227,  0 | TrAcc: 0.7575, TrLoss:  0.93176, VaAcc: 0.7456, VaLoss:  1.99926	 10 sampled NNs | VaAcc: 0.6068 +- 0.0322 | VaLoss: 1.1662 +- 0.1071
228,  0 | TrAcc: 0.7571, TrLoss:  0.93521, VaAcc: 0.7486, VaLoss:  1.99055	 10 sampled NNs | VaAcc: 0.6190 +- 0.0283 | VaLoss: 1.1236 +- 0.0773
229,  0 | TrAcc: 0.7579, TrLoss:  0.93107, VaAcc: 0.7475, VaLoss:  2.00061	 10 sampled NNs | VaAcc: 0.6165 +- 0.0256 | VaLoss: 1.1084 +- 0.0643
230,  0 | TrAcc: 0.7589, TrLoss:  0.92803, VaAcc: 0.7502, VaLoss:  1.98400	 10 sampled NNs | VaAcc: 0.6204 +- 0.0239 | VaLoss: 1.1048 +- 0.0670
231,  0 | TrAcc: 0.7576, TrLoss:  0.93141, VaAcc: 0.7468, VaLoss:  1.99869	 10 sampled NNs | VaAcc: 0.6046 +- 0.0300 | VaLoss: 1.1512 +- 0.0913
232,  0 | TrAcc: 0.7561, TrLoss:  0.93614, VaAcc: 0.7519, VaLoss:  1.98709	 10 sampled NNs | VaAcc: 0.6351 +- 0.0311 | VaLoss: 1.0760 +- 0.0813
233,  0 | TrAcc: 0.7581, TrLoss:  0.93181, VaAcc: 0.7486, VaLoss:  1.99176	 10 sampled NNs | VaAcc: 0.6220 +- 0.0212 | VaLoss: 1.1062 +- 0.0586
234,  0 | TrAcc: 0.7587, TrLoss:  0.92987, VaAcc: 0.7472, VaLoss:  1.99752	 10 sampled NNs | VaAcc: 0.6226 +- 0.0315 | VaLoss: 1.1179 +- 0.0930
235,  0 | TrAcc: 0.7583, TrLoss:  0.93108, VaAcc: 0.7523, VaLoss:  1.98546	 10 sampled NNs | VaAcc: 0.6171 +- 0.0289 | VaLoss: 1.1155 +- 0.0861
236,  0 | TrAcc: 0.7594, TrLoss:  0.92994, VaAcc: 0.7513, VaLoss:  1.98995	 10 sampled NNs | VaAcc: 0.6214 +- 0.0314 | VaLoss: 1.1236 +- 0.0963
237,  0 | TrAcc: 0.7575, TrLoss:  0.93401, VaAcc: 0.7454, VaLoss:  2.00202	 10 sampled NNs | VaAcc: 0.6222 +- 0.0217 | VaLoss: 1.1075 +- 0.0592
238,  0 | TrAcc: 0.7587, TrLoss:  0.93059, VaAcc: 0.7511, VaLoss:  1.98343	 10 sampled NNs | VaAcc: 0.6336 +- 0.0110 | VaLoss: 1.0753 +- 0.0354
239,  0 | TrAcc: 0.7593, TrLoss:  0.92784, VaAcc: 0.7466, VaLoss:  1.99968	 10 sampled NNs | VaAcc: 0.6298 +- 0.0147 | VaLoss: 1.1012 +- 0.0615
240,  0 | TrAcc: 0.7605, TrLoss:  0.92858, VaAcc: 0.7491, VaLoss:  1.99151	 10 sampled NNs | VaAcc: 0.6221 +- 0.0334 | VaLoss: 1.0841 +- 0.0890
241,  0 | TrAcc: 0.7581, TrLoss:  0.93184, VaAcc: 0.7512, VaLoss:  1.98677	 10 sampled NNs | VaAcc: 0.6360 +- 0.0163 | VaLoss: 1.0703 +- 0.0493
242,  0 | TrAcc: 0.7583, TrLoss:  0.93035, VaAcc: 0.7500, VaLoss:  1.99779	 10 sampled NNs | VaAcc: 0.6178 +- 0.0309 | VaLoss: 1.1034 +- 0.0883
243,  0 | TrAcc: 0.7578, TrLoss:  0.93301, VaAcc: 0.7495, VaLoss:  2.00017	 10 sampled NNs | VaAcc: 0.6378 +- 0.0188 | VaLoss: 1.0527 +- 0.0503
244,  0 | TrAcc: 0.7596, TrLoss:  0.92560, VaAcc: 0.7526, VaLoss:  1.98812	 10 sampled NNs | VaAcc: 0.6192 +- 0.0417 | VaLoss: 1.1253 +- 0.1364
245,  0 | TrAcc: 0.7599, TrLoss:  0.93001, VaAcc: 0.7480, VaLoss:  1.99980	 10 sampled NNs | VaAcc: 0.6352 +- 0.0231 | VaLoss: 1.0740 +- 0.0591
246,  0 | TrAcc: 0.7611, TrLoss:  0.92389, VaAcc: 0.7502, VaLoss:  1.99516	 10 sampled NNs | VaAcc: 0.6155 +- 0.0319 | VaLoss: 1.1204 +- 0.0798
247,  0 | TrAcc: 0.7609, TrLoss:  0.92696, VaAcc: 0.7486, VaLoss:  1.99861	 10 sampled NNs | VaAcc: 0.6339 +- 0.0144 | VaLoss: 1.0801 +- 0.0393
248,  0 | TrAcc: 0.7587, TrLoss:  0.92812, VaAcc: 0.7471, VaLoss:  2.00330	 10 sampled NNs | VaAcc: 0.6371 +- 0.0284 | VaLoss: 1.0779 +- 0.0988
249,  0 | TrAcc: 0.7590, TrLoss:  0.93120, VaAcc: 0.7508, VaLoss:  1.99856	 10 sampled NNs | VaAcc: 0.6428 +- 0.0296 | VaLoss: 1.0526 +- 0.0806
250,  0 | TrAcc: 0.7613, TrLoss:  0.92442, VaAcc: 0.7507, VaLoss:  1.99721	 10 sampled NNs | VaAcc: 0.6160 +- 0.0380 | VaLoss: 1.1361 +- 0.1044
251,  0 | TrAcc: 0.7596, TrLoss:  0.92818, VaAcc: 0.7505, VaLoss:  1.99884	 10 sampled NNs | VaAcc: 0.6313 +- 0.0181 | VaLoss: 1.0836 +- 0.0478
252,  0 | TrAcc: 0.7606, TrLoss:  0.92737, VaAcc: 0.7519, VaLoss:  1.99776	 10 sampled NNs | VaAcc: 0.6333 +- 0.0307 | VaLoss: 1.0705 +- 0.0739
253,  0 | TrAcc: 0.7616, TrLoss:  0.92370, VaAcc: 0.7472, VaLoss:  2.00375	 10 sampled NNs | VaAcc: 0.6193 +- 0.0377 | VaLoss: 1.1202 +- 0.1108
254,  0 | TrAcc: 0.7609, TrLoss:  0.92712, VaAcc: 0.7524, VaLoss:  1.99179	 10 sampled NNs | VaAcc: 0.6242 +- 0.0466 | VaLoss: 1.1096 +- 0.1489
255,  0 | TrAcc: 0.7607, TrLoss:  0.92696, VaAcc: 0.7499, VaLoss:  2.00635	 10 sampled NNs | VaAcc: 0.6261 +- 0.0227 | VaLoss: 1.0992 +- 0.0731
256,  0 | TrAcc: 0.7592, TrLoss:  0.92957, VaAcc: 0.7501, VaLoss:  1.99588	 10 sampled NNs | VaAcc: 0.6229 +- 0.0275 | VaLoss: 1.1160 +- 0.0899
257,  0 | TrAcc: 0.7610, TrLoss:  0.92498, VaAcc: 0.7459, VaLoss:  2.01005	 10 sampled NNs | VaAcc: 0.6267 +- 0.0298 | VaLoss: 1.0913 +- 0.0787
258,  0 | TrAcc: 0.7603, TrLoss:  0.92460, VaAcc: 0.7516, VaLoss:  1.99656	 10 sampled NNs | VaAcc: 0.6222 +- 0.0411 | VaLoss: 1.1364 +- 0.1694
259,  0 | TrAcc: 0.7596, TrLoss:  0.92563, VaAcc: 0.7477, VaLoss:  2.00625	 10 sampled NNs | VaAcc: 0.6360 +- 0.0231 | VaLoss: 1.0639 +- 0.0513
260,  0 | TrAcc: 0.7619, TrLoss:  0.92442, VaAcc: 0.7508, VaLoss:  1.99733	 10 sampled NNs | VaAcc: 0.6352 +- 0.0277 | VaLoss: 1.0849 +- 0.0902
261,  0 | TrAcc: 0.7633, TrLoss:  0.91955, VaAcc: 0.7535, VaLoss:  1.99167	 10 sampled NNs | VaAcc: 0.6340 +- 0.0338 | VaLoss: 1.0807 +- 0.0980
262,  0 | TrAcc: 0.7605, TrLoss:  0.92667, VaAcc: 0.7520, VaLoss:  1.99540	 10 sampled NNs | VaAcc: 0.6328 +- 0.0310 | VaLoss: 1.0791 +- 0.0717
263,  0 | TrAcc: 0.7628, TrLoss:  0.92153, VaAcc: 0.7521, VaLoss:  2.00277	 10 sampled NNs | VaAcc: 0.6411 +- 0.0230 | VaLoss: 1.0600 +- 0.0626
264,  0 | TrAcc: 0.7620, TrLoss:  0.92319, VaAcc: 0.7520, VaLoss:  2.00320	 10 sampled NNs | VaAcc: 0.6386 +- 0.0282 | VaLoss: 1.0587 +- 0.0770
265,  0 | TrAcc: 0.7617, TrLoss:  0.92312, VaAcc: 0.7485, VaLoss:  2.00566	 10 sampled NNs | VaAcc: 0.6373 +- 0.0237 | VaLoss: 1.0582 +- 0.0582
266,  0 | TrAcc: 0.7612, TrLoss:  0.92475, VaAcc: 0.7552, VaLoss:  1.99945	 10 sampled NNs | VaAcc: 0.6153 +- 0.0312 | VaLoss: 1.1326 +- 0.1174
267,  0 | TrAcc: 0.7615, TrLoss:  0.92447, VaAcc: 0.7484, VaLoss:  2.00935	 10 sampled NNs | VaAcc: 0.6478 +- 0.0348 | VaLoss: 1.0306 +- 0.0791
268,  0 | TrAcc: 0.7623, TrLoss:  0.92329, VaAcc: 0.7516, VaLoss:  2.00055	 10 sampled NNs | VaAcc: 0.6256 +- 0.0389 | VaLoss: 1.1039 +- 0.1675
269,  0 | TrAcc: 0.7623, TrLoss:  0.92098, VaAcc: 0.7491, VaLoss:  2.00651	 10 sampled NNs | VaAcc: 0.6276 +- 0.0228 | VaLoss: 1.0894 +- 0.0583
270,  0 | TrAcc: 0.7614, TrLoss:  0.92296, VaAcc: 0.7515, VaLoss:  1.99823	 10 sampled NNs | VaAcc: 0.6232 +- 0.0521 | VaLoss: 1.1164 +- 0.1529
271,  0 | TrAcc: 0.7606, TrLoss:  0.92582, VaAcc: 0.7563, VaLoss:  1.99151	 10 sampled NNs | VaAcc: 0.6325 +- 0.0250 | VaLoss: 1.0822 +- 0.0647
272,  0 | TrAcc: 0.7617, TrLoss:  0.92463, VaAcc: 0.7499, VaLoss:  2.00857	 10 sampled NNs | VaAcc: 0.6446 +- 0.0197 | VaLoss: 1.0542 +- 0.0670
273,  0 | TrAcc: 0.7620, TrLoss:  0.92088, VaAcc: 0.7475, VaLoss:  2.01496	 10 sampled NNs | VaAcc: 0.6288 +- 0.0260 | VaLoss: 1.0951 +- 0.0865
274,  0 | TrAcc: 0.7606, TrLoss:  0.92309, VaAcc: 0.7528, VaLoss:  2.00158	 10 sampled NNs | VaAcc: 0.6335 +- 0.0217 | VaLoss: 1.0697 +- 0.0657
275,  0 | TrAcc: 0.7623, TrLoss:  0.92274, VaAcc: 0.7554, VaLoss:  1.99978	 10 sampled NNs | VaAcc: 0.6280 +- 0.0219 | VaLoss: 1.0845 +- 0.0534
276,  0 | TrAcc: 0.7616, TrLoss:  0.92229, VaAcc: 0.7462, VaLoss:  2.01492	 10 sampled NNs | VaAcc: 0.6279 +- 0.0280 | VaLoss: 1.0712 +- 0.0694
277,  0 | TrAcc: 0.7629, TrLoss:  0.91632, VaAcc: 0.7517, VaLoss:  2.00675	 10 sampled NNs | VaAcc: 0.6274 +- 0.0243 | VaLoss: 1.0948 +- 0.0630
278,  0 | TrAcc: 0.7611, TrLoss:  0.92192, VaAcc: 0.7515, VaLoss:  2.00503	 10 sampled NNs | VaAcc: 0.6175 +- 0.0198 | VaLoss: 1.1129 +- 0.0542
279,  0 | TrAcc: 0.7621, TrLoss:  0.92425, VaAcc: 0.7489, VaLoss:  2.00462	 10 sampled NNs | VaAcc: 0.6240 +- 0.0387 | VaLoss: 1.1047 +- 0.1161
280,  0 | TrAcc: 0.7639, TrLoss:  0.91958, VaAcc: 0.7520, VaLoss:  2.00568	 10 sampled NNs | VaAcc: 0.6406 +- 0.0213 | VaLoss: 1.0551 +- 0.0585
281,  0 | TrAcc: 0.7632, TrLoss:  0.91926, VaAcc: 0.7480, VaLoss:  2.01726	 10 sampled NNs | VaAcc: 0.6278 +- 0.0233 | VaLoss: 1.0934 +- 0.0541
282,  0 | TrAcc: 0.7628, TrLoss:  0.92158, VaAcc: 0.7545, VaLoss:  2.00395	 10 sampled NNs | VaAcc: 0.6195 +- 0.0305 | VaLoss: 1.1355 +- 0.1128
283,  0 | TrAcc: 0.7631, TrLoss:  0.91840, VaAcc: 0.7541, VaLoss:  2.00643	 10 sampled NNs | VaAcc: 0.6427 +- 0.0132 | VaLoss: 1.0439 +- 0.0422
284,  0 | TrAcc: 0.7637, TrLoss:  0.91963, VaAcc: 0.7528, VaLoss:  2.00444	 10 sampled NNs | VaAcc: 0.6526 +- 0.0178 | VaLoss: 1.0314 +- 0.0612
285,  0 | TrAcc: 0.7636, TrLoss:  0.91930, VaAcc: 0.7525, VaLoss:  2.00852	 10 sampled NNs | VaAcc: 0.6343 +- 0.0167 | VaLoss: 1.0671 +- 0.0539
286,  0 | TrAcc: 0.7623, TrLoss:  0.92326, VaAcc: 0.7525, VaLoss:  2.01577	 10 sampled NNs | VaAcc: 0.6375 +- 0.0137 | VaLoss: 1.0624 +- 0.0425
287,  0 | TrAcc: 0.7625, TrLoss:  0.92192, VaAcc: 0.7510, VaLoss:  2.00432	 10 sampled NNs | VaAcc: 0.6436 +- 0.0218 | VaLoss: 1.0497 +- 0.0650
288,  0 | TrAcc: 0.7630, TrLoss:  0.92003, VaAcc: 0.7494, VaLoss:  2.01703	 10 sampled NNs | VaAcc: 0.6248 +- 0.0246 | VaLoss: 1.1084 +- 0.0736
289,  0 | TrAcc: 0.7628, TrLoss:  0.92210, VaAcc: 0.7514, VaLoss:  2.01363	 10 sampled NNs | VaAcc: 0.6306 +- 0.0216 | VaLoss: 1.0829 +- 0.0633
290,  0 | TrAcc: 0.7638, TrLoss:  0.92009, VaAcc: 0.7500, VaLoss:  2.01092	 10 sampled NNs | VaAcc: 0.6394 +- 0.0268 | VaLoss: 1.0652 +- 0.0724
291,  0 | TrAcc: 0.7618, TrLoss:  0.92145, VaAcc: 0.7509, VaLoss:  2.00869	 10 sampled NNs | VaAcc: 0.6172 +- 0.0255 | VaLoss: 1.1126 +- 0.0685
292,  0 | TrAcc: 0.7635, TrLoss:  0.91832, VaAcc: 0.7476, VaLoss:  2.02227	 10 sampled NNs | VaAcc: 0.6181 +- 0.0403 | VaLoss: 1.1187 +- 0.1033
293,  0 | TrAcc: 0.7641, TrLoss:  0.91766, VaAcc: 0.7502, VaLoss:  2.01816	 10 sampled NNs | VaAcc: 0.6317 +- 0.0296 | VaLoss: 1.0954 +- 0.0868
294,  0 | TrAcc: 0.7632, TrLoss:  0.92077, VaAcc: 0.7523, VaLoss:  2.01075	 10 sampled NNs | VaAcc: 0.6365 +- 0.0168 | VaLoss: 1.0735 +- 0.0533
295,  0 | TrAcc: 0.7638, TrLoss:  0.91820, VaAcc: 0.7568, VaLoss:  1.99540	 10 sampled NNs | VaAcc: 0.6499 +- 0.0185 | VaLoss: 1.0281 +- 0.0480
296,  0 | TrAcc: 0.7641, TrLoss:  0.91713, VaAcc: 0.7486, VaLoss:  2.01151	 10 sampled NNs | VaAcc: 0.6234 +- 0.0415 | VaLoss: 1.1057 +- 0.1124
297,  0 | TrAcc: 0.7623, TrLoss:  0.92158, VaAcc: 0.7467, VaLoss:  2.01956	 10 sampled NNs | VaAcc: 0.6305 +- 0.0225 | VaLoss: 1.0912 +- 0.0662
298,  0 | TrAcc: 0.7653, TrLoss:  0.91790, VaAcc: 0.7493, VaLoss:  2.02198	 10 sampled NNs | VaAcc: 0.6413 +- 0.0433 | VaLoss: 1.0645 +- 0.1552
299,  0 | TrAcc: 0.7637, TrLoss:  0.91789, VaAcc: 0.7484, VaLoss:  2.01283	 10 sampled NNs | VaAcc: 0.6184 +- 0.0375 | VaLoss: 1.1173 +- 0.1149
300,  0 | TrAcc: 0.7642, TrLoss:  0.91936, VaAcc: 0.7535, VaLoss:  2.00525	 10 sampled NNs | VaAcc: 0.6320 +- 0.0333 | VaLoss: 1.0744 +- 0.0830
301,  0 | TrAcc: 0.7651, TrLoss:  0.91723, VaAcc: 0.7529, VaLoss:  2.01179	 10 sampled NNs | VaAcc: 0.6457 +- 0.0104 | VaLoss: 1.0379 +- 0.0277
302,  0 | TrAcc: 0.7653, TrLoss:  0.91542, VaAcc: 0.7555, VaLoss:  2.01108	 10 sampled NNs | VaAcc: 0.6320 +- 0.0460 | VaLoss: 1.0906 +- 0.1622
303,  0 | TrAcc: 0.7635, TrLoss:  0.91813, VaAcc: 0.7506, VaLoss:  2.02138	 10 sampled NNs | VaAcc: 0.6482 +- 0.0170 | VaLoss: 1.0434 +- 0.0416
304,  0 | TrAcc: 0.7643, TrLoss:  0.91742, VaAcc: 0.7546, VaLoss:  2.00578	 10 sampled NNs | VaAcc: 0.6326 +- 0.0252 | VaLoss: 1.0750 +- 0.0896
305,  0 | TrAcc: 0.7657, TrLoss:  0.91376, VaAcc: 0.7498, VaLoss:  2.02661	 10 sampled NNs | VaAcc: 0.6388 +- 0.0272 | VaLoss: 1.0683 +- 0.0799
306,  0 | TrAcc: 0.7646, TrLoss:  0.91842, VaAcc: 0.7514, VaLoss:  2.01716	 10 sampled NNs | VaAcc: 0.6336 +- 0.0321 | VaLoss: 1.0648 +- 0.0873
307,  0 | TrAcc: 0.7635, TrLoss:  0.91944, VaAcc: 0.7542, VaLoss:  2.01006	 10 sampled NNs | VaAcc: 0.6454 +- 0.0290 | VaLoss: 1.0341 +- 0.0750
308,  0 | TrAcc: 0.7636, TrLoss:  0.91892, VaAcc: 0.7507, VaLoss:  2.01842	 10 sampled NNs | VaAcc: 0.6341 +- 0.0207 | VaLoss: 1.0841 +- 0.0607
309,  0 | TrAcc: 0.7657, TrLoss:  0.91424, VaAcc: 0.7530, VaLoss:  2.01427	 10 sampled NNs | VaAcc: 0.6470 +- 0.0155 | VaLoss: 1.0420 +- 0.0440
310,  0 | TrAcc: 0.7655, TrLoss:  0.91639, VaAcc: 0.7544, VaLoss:  2.01468	 10 sampled NNs | VaAcc: 0.6251 +- 0.0416 | VaLoss: 1.1093 +- 0.1363
311,  0 | TrAcc: 0.7658, TrLoss:  0.91731, VaAcc: 0.7513, VaLoss:  2.02004	 10 sampled NNs | VaAcc: 0.6451 +- 0.0240 | VaLoss: 1.0547 +- 0.0712
312,  0 | TrAcc: 0.7653, TrLoss:  0.91533, VaAcc: 0.7512, VaLoss:  2.02245	 10 sampled NNs | VaAcc: 0.6427 +- 0.0218 | VaLoss: 1.0539 +- 0.0643
313,  0 | TrAcc: 0.7663, TrLoss:  0.91240, VaAcc: 0.7524, VaLoss:  2.02038	 10 sampled NNs | VaAcc: 0.6368 +- 0.0225 | VaLoss: 1.0720 +- 0.0658
314,  0 | TrAcc: 0.7648, TrLoss:  0.91650, VaAcc: 0.7532, VaLoss:  2.01149	 10 sampled NNs | VaAcc: 0.6455 +- 0.0252 | VaLoss: 1.0408 +- 0.0800
315,  0 | TrAcc: 0.7648, TrLoss:  0.91687, VaAcc: 0.7518, VaLoss:  2.01608	 10 sampled NNs | VaAcc: 0.6344 +- 0.0265 | VaLoss: 1.0680 +- 0.0759
316,  0 | TrAcc: 0.7651, TrLoss:  0.91567, VaAcc: 0.7497, VaLoss:  2.03040	 10 sampled NNs | VaAcc: 0.6326 +- 0.0475 | VaLoss: 1.0973 +- 0.1810
317,  0 | TrAcc: 0.7647, TrLoss:  0.91684, VaAcc: 0.7534, VaLoss:  2.01277	 10 sampled NNs | VaAcc: 0.6424 +- 0.0313 | VaLoss: 1.0537 +- 0.0817
318,  0 | TrAcc: 0.7644, TrLoss:  0.91687, VaAcc: 0.7504, VaLoss:  2.02113	 10 sampled NNs | VaAcc: 0.6404 +- 0.0344 | VaLoss: 1.0520 +- 0.1186
319,  0 | TrAcc: 0.7661, TrLoss:  0.91333, VaAcc: 0.7514, VaLoss:  2.02378	 10 sampled NNs | VaAcc: 0.6372 +- 0.0213 | VaLoss: 1.0649 +- 0.0752
320,  0 | TrAcc: 0.7672, TrLoss:  0.91057, VaAcc: 0.7516, VaLoss:  2.01972	 10 sampled NNs | VaAcc: 0.6364 +- 0.0119 | VaLoss: 1.0710 +- 0.0453
321,  0 | TrAcc: 0.7665, TrLoss:  0.91286, VaAcc: 0.7499, VaLoss:  2.03058	 10 sampled NNs | VaAcc: 0.6339 +- 0.0213 | VaLoss: 1.0606 +- 0.0479
322,  0 | TrAcc: 0.7659, TrLoss:  0.91466, VaAcc: 0.7503, VaLoss:  2.02777	 10 sampled NNs | VaAcc: 0.6523 +- 0.0128 | VaLoss: 1.0207 +- 0.0384
323,  0 | TrAcc: 0.7661, TrLoss:      nan, VaAcc: 0.7496, VaLoss:      nan	 10 sampled NNs | VaAcc: 0.6297 +- 0.0252 | VaLoss: 1.0720 +- 0.0749
324,  0 | TrAcc: 0.7664, TrLoss:  0.91387, VaAcc: 0.7505, VaLoss:  2.02776	 10 sampled NNs | VaAcc: 0.6298 +- 0.0371 | VaLoss: 1.0953 +- 0.1298
325,  0 | TrAcc: 0.7671, TrLoss:  0.91034, VaAcc: 0.7529, VaLoss:  2.01815	 10 sampled NNs | VaAcc: 0.6400 +- 0.0480 | VaLoss: 1.0532 +- 0.1251
326,  0 | TrAcc: 0.7669, TrLoss:  0.91429, VaAcc: 0.7527, VaLoss:  2.02551	 10 sampled NNs | VaAcc: 0.6355 +- 0.0487 | VaLoss: 1.0977 +- 0.2031
327,  0 | TrAcc: 0.7661, TrLoss:  0.91358, VaAcc: 0.7515, VaLoss:  2.02127	 10 sampled NNs | VaAcc: 0.6396 +- 0.0185 | VaLoss: 1.0542 +- 0.0534
328,  0 | TrAcc: 0.7653, TrLoss:  0.91214, VaAcc: 0.7527, VaLoss:  2.01902	 10 sampled NNs | VaAcc: 0.6523 +- 0.0170 | VaLoss: 1.0256 +- 0.0548
329,  0 | TrAcc: 0.7681, TrLoss:  0.90998, VaAcc: 0.7535, VaLoss:  2.01971	 10 sampled NNs | VaAcc: 0.6479 +- 0.0157 | VaLoss: 1.0450 +- 0.0459
330,  0 | TrAcc: 0.7661, TrLoss:  0.91518, VaAcc: 0.7582, VaLoss:  2.01546	 10 sampled NNs | VaAcc: 0.6512 +- 0.0248 | VaLoss: 1.0334 +- 0.0649
331,  0 | TrAcc: 0.7667, TrLoss:  0.91087, VaAcc: 0.7529, VaLoss:  2.02154	 10 sampled NNs | VaAcc: 0.6446 +- 0.0243 | VaLoss: 1.0526 +- 0.0815
332,  0 | TrAcc: 0.7660, TrLoss:  0.91417, VaAcc: 0.7513, VaLoss:  2.02565	 10 sampled NNs | VaAcc: 0.6351 +- 0.0234 | VaLoss: 1.0605 +- 0.0631
333,  0 | TrAcc: 0.7680, TrLoss:  0.90944, VaAcc: 0.7525, VaLoss:  2.02767	 10 sampled NNs | VaAcc: 0.6333 +- 0.0234 | VaLoss: 1.0777 +- 0.0740
334,  0 | TrAcc: 0.7663, TrLoss:  0.91324, VaAcc: 0.7502, VaLoss:  2.02894	 10 sampled NNs | VaAcc: 0.6421 +- 0.0389 | VaLoss: 1.0540 +- 0.1099
335,  0 | TrAcc: 0.7657, TrLoss:  0.91446, VaAcc: 0.7490, VaLoss:  2.03149	 10 sampled NNs | VaAcc: 0.6288 +- 0.0333 | VaLoss: 1.0913 +- 0.1277
336,  0 | TrAcc: 0.7666, TrLoss:  0.91438, VaAcc: 0.7529, VaLoss:  2.02086	 10 sampled NNs | VaAcc: 0.6428 +- 0.0259 | VaLoss: 1.0407 +- 0.0691
337,  0 | TrAcc: 0.7677, TrLoss:  0.90944, VaAcc: 0.7481, VaLoss:  2.02931	 10 sampled NNs | VaAcc: 0.6503 +- 0.0171 | VaLoss: 1.0358 +- 0.0540
338,  0 | TrAcc: 0.7662, TrLoss:  0.91126, VaAcc: 0.7523, VaLoss:  2.02636	 10 sampled NNs | VaAcc: 0.6333 +- 0.0377 | VaLoss: 1.0672 +- 0.1072
339,  0 | TrAcc: 0.7666, TrLoss:  0.91385, VaAcc: 0.7493, VaLoss:  2.03100	 10 sampled NNs | VaAcc: 0.6449 +- 0.0149 | VaLoss: 1.0429 +- 0.0463
340,  0 | TrAcc: 0.7671, TrLoss:  0.91157, VaAcc: 0.7532, VaLoss:  2.02546	 10 sampled NNs | VaAcc: 0.6376 +- 0.0177 | VaLoss: 1.0527 +- 0.0466
341,  0 | TrAcc: 0.7676, TrLoss:  0.91075, VaAcc: 0.7491, VaLoss:  2.03161	 10 sampled NNs | VaAcc: 0.6326 +- 0.0116 | VaLoss: 1.0811 +- 0.0434
342,  0 | TrAcc: 0.7664, TrLoss:  0.91313, VaAcc: 0.7508, VaLoss:  2.03225	 10 sampled NNs | VaAcc: 0.6489 +- 0.0248 | VaLoss: 1.0428 +- 0.0631
343,  0 | TrAcc: 0.7665, TrLoss:  0.91262, VaAcc: 0.7502, VaLoss:  2.03165	 10 sampled NNs | VaAcc: 0.6409 +- 0.0376 | VaLoss: 1.0736 +- 0.1011
344,  0 | TrAcc: 0.7689, TrLoss:  0.90749, VaAcc: 0.7542, VaLoss:  2.02160	 10 sampled NNs | VaAcc: 0.6412 +- 0.0175 | VaLoss: 1.0516 +- 0.0440
345,  0 | TrAcc: 0.7672, TrLoss:  0.91171, VaAcc: 0.7521, VaLoss:  2.03189	 10 sampled NNs | VaAcc: 0.6353 +- 0.0176 | VaLoss: 1.0789 +- 0.0601
346,  0 | TrAcc: 0.7689, TrLoss:  0.90850, VaAcc: 0.7507, VaLoss:  2.02836	 10 sampled NNs | VaAcc: 0.6463 +- 0.0160 | VaLoss: 1.0474 +- 0.0559
347,  0 | TrAcc: 0.7671, TrLoss:  0.91166, VaAcc: 0.7510, VaLoss:  2.02900	 10 sampled NNs | VaAcc: 0.6420 +- 0.0244 | VaLoss: 1.0501 +- 0.0564
348,  0 | TrAcc: 0.7656, TrLoss:  0.91483, VaAcc: 0.7463, VaLoss:  2.04515	 10 sampled NNs | VaAcc: 0.6390 +- 0.0358 | VaLoss: 1.0699 +- 0.1303
349,  0 | TrAcc: 0.7651, TrLoss:  0.91588, VaAcc: 0.7558, VaLoss:  2.02346	 10 sampled NNs | VaAcc: 0.6389 +- 0.0256 | VaLoss: 1.0592 +- 0.0752
350,  0 | TrAcc: 0.7677, TrLoss:  0.90633, VaAcc: 0.7535, VaLoss:  2.02078	 10 sampled NNs | VaAcc: 0.6449 +- 0.0204 | VaLoss: 1.0434 +- 0.0497
351,  0 | TrAcc: 0.7676, TrLoss:  0.91123, VaAcc: 0.7541, VaLoss:  2.02344	 10 sampled NNs | VaAcc: 0.6455 +- 0.0179 | VaLoss: 1.0419 +- 0.0564
352,  0 | TrAcc: 0.7663, TrLoss:  0.91287, VaAcc: 0.7478, VaLoss:  2.04005	 10 sampled NNs | VaAcc: 0.6366 +- 0.0269 | VaLoss: 1.0754 +- 0.0715
353,  0 | TrAcc: 0.7695, TrLoss:  0.90902, VaAcc: 0.7506, VaLoss:  2.02865	 10 sampled NNs | VaAcc: 0.6211 +- 0.0281 | VaLoss: 1.1103 +- 0.0934
354,  0 | TrAcc: 0.7691, TrLoss:  0.90506, VaAcc: 0.7531, VaLoss:  2.02576	 10 sampled NNs | VaAcc: 0.6386 +- 0.0196 | VaLoss: 1.0653 +- 0.0683
355,  0 | TrAcc: 0.7684, TrLoss:  0.90909, VaAcc: 0.7568, VaLoss:  2.01929	 10 sampled NNs | VaAcc: 0.6476 +- 0.0224 | VaLoss: 1.0318 +- 0.0598
356,  0 | TrAcc: 0.7678, TrLoss:  0.90964, VaAcc: 0.7540, VaLoss:  2.02653	 10 sampled NNs | VaAcc: 0.6522 +- 0.0233 | VaLoss: 1.0350 +- 0.0648
357,  0 | TrAcc: 0.7700, TrLoss:  0.90604, VaAcc: 0.7546, VaLoss:  2.02359	 10 sampled NNs | VaAcc: 0.6441 +- 0.0527 | VaLoss: 1.0576 +- 0.1806
358,  0 | TrAcc: 0.7656, TrLoss:  0.91234, VaAcc: 0.7545, VaLoss:  2.02732	 10 sampled NNs | VaAcc: 0.6338 +- 0.0287 | VaLoss: 1.0906 +- 0.0847
359,  0 | TrAcc: 0.7672, TrLoss:  0.91189, VaAcc: 0.7523, VaLoss:  2.02884	 10 sampled NNs | VaAcc: 0.6409 +- 0.0254 | VaLoss: 1.0625 +- 0.0738
360,  0 | TrAcc: 0.7690, TrLoss:  0.90812, VaAcc: 0.7518, VaLoss:  2.03546	 10 sampled NNs | VaAcc: 0.6493 +- 0.0155 | VaLoss: 1.0326 +- 0.0408
361,  0 | TrAcc: 0.7684, TrLoss:  0.90877, VaAcc: 0.7559, VaLoss:  2.02828	 10 sampled NNs | VaAcc: 0.6477 +- 0.0203 | VaLoss: 1.0386 +- 0.0511
362,  0 | TrAcc: 0.7685, TrLoss:  0.90718, VaAcc: 0.7554, VaLoss:  2.02125	 10 sampled NNs | VaAcc: 0.6420 +- 0.0261 | VaLoss: 1.0501 +- 0.0679
363,  0 | TrAcc: 0.7673, TrLoss:  0.91318, VaAcc: 0.7520, VaLoss:  2.03277	 10 sampled NNs | VaAcc: 0.6500 +- 0.0184 | VaLoss: 1.0298 +- 0.0401
364,  0 | TrAcc: 0.7700, TrLoss:  0.90451, VaAcc: 0.7512, VaLoss:  2.03346	 10 sampled NNs | VaAcc: 0.6478 +- 0.0212 | VaLoss: 1.0344 +- 0.0604
365,  0 | TrAcc: 0.7698, TrLoss:  0.90497, VaAcc: 0.7579, VaLoss:  2.01848	 10 sampled NNs | VaAcc: 0.6384 +- 0.0205 | VaLoss: 1.0620 +- 0.0463
366,  0 | TrAcc: 0.7697, TrLoss:  0.90543, VaAcc: 0.7495, VaLoss:  2.03562	 10 sampled NNs | VaAcc: 0.6304 +- 0.0279 | VaLoss: 1.0953 +- 0.0714
367,  0 | TrAcc: 0.7701, TrLoss:  0.90348, VaAcc: 0.7523, VaLoss:  2.03137	 10 sampled NNs | VaAcc: 0.6422 +- 0.0338 | VaLoss: 1.0397 +- 0.0936
368,  0 | TrAcc: 0.7686, TrLoss:  0.90689, VaAcc: 0.7550, VaLoss:  2.02337	 10 sampled NNs | VaAcc: 0.6580 +- 0.0202 | VaLoss: 1.0002 +- 0.0600
369,  0 | TrAcc: 0.7698, TrLoss:  0.90740, VaAcc: 0.7530, VaLoss:  2.02926	 10 sampled NNs | VaAcc: 0.6474 +- 0.0177 | VaLoss: 1.0403 +- 0.0474
370,  0 | TrAcc: 0.7689, TrLoss:  0.90629, VaAcc: 0.7513, VaLoss:  2.03188	 10 sampled NNs | VaAcc: 0.6484 +- 0.0230 | VaLoss: 1.0348 +- 0.0694
371,  0 | TrAcc: 0.7688, TrLoss:  0.90814, VaAcc: 0.7528, VaLoss:  2.03608	 10 sampled NNs | VaAcc: 0.6450 +- 0.0209 | VaLoss: 1.0561 +- 0.0752
372,  0 | TrAcc: 0.7702, TrLoss:  0.90674, VaAcc: 0.7540, VaLoss:  2.02902	 10 sampled NNs | VaAcc: 0.6537 +- 0.0178 | VaLoss: 1.0209 +- 0.0462
373,  0 | TrAcc: 0.7689, TrLoss:  0.90723, VaAcc: 0.7494, VaLoss:  2.04277	 10 sampled NNs | VaAcc: 0.6588 +- 0.0153 | VaLoss: 1.0114 +- 0.0459
374,  0 | TrAcc: 0.7686, TrLoss:  0.90576, VaAcc: 0.7520, VaLoss:  2.03607	 10 sampled NNs | VaAcc: 0.6503 +- 0.0229 | VaLoss: 1.0318 +- 0.0654
375,  0 | TrAcc: 0.7687, TrLoss:  0.90935, VaAcc: 0.7557, VaLoss:  2.02691	 10 sampled NNs | VaAcc: 0.6506 +- 0.0237 | VaLoss: 1.0214 +- 0.0549
376,  0 | TrAcc: 0.7698, TrLoss:  0.90660, VaAcc: 0.7545, VaLoss:  2.03461	 10 sampled NNs | VaAcc: 0.6591 +- 0.0214 | VaLoss: 0.9969 +- 0.0508
377,  0 | TrAcc: 0.7682, TrLoss:  0.90937, VaAcc: 0.7549, VaLoss:  2.03054	 10 sampled NNs | VaAcc: 0.6373 +- 0.0319 | VaLoss: 1.0732 +- 0.0937
378,  0 | TrAcc: 0.7698, TrLoss:  0.90675, VaAcc: 0.7518, VaLoss:  2.03634	 10 sampled NNs | VaAcc: 0.6568 +- 0.0228 | VaLoss: 1.0050 +- 0.0567
379,  0 | TrAcc: 0.7688, TrLoss:  0.90638, VaAcc: 0.7536, VaLoss:  2.03138	 10 sampled NNs | VaAcc: 0.6504 +- 0.0216 | VaLoss: 1.0272 +- 0.0644
380,  0 | TrAcc: 0.7699, TrLoss:  0.90510, VaAcc: 0.7562, VaLoss:  2.02381	 10 sampled NNs | VaAcc: 0.6515 +- 0.0186 | VaLoss: 1.0245 +- 0.0542
381,  0 | TrAcc: 0.7688, TrLoss:  0.90859, VaAcc: 0.7527, VaLoss:  2.03626	 10 sampled NNs | VaAcc: 0.6369 +- 0.0332 | VaLoss: 1.0719 +- 0.1220
382,  0 | TrAcc: 0.7690, TrLoss:  0.90616, VaAcc: 0.7564, VaLoss:  2.02252	 10 sampled NNs | VaAcc: 0.6553 +- 0.0261 | VaLoss: 1.0203 +- 0.0714
383,  0 | TrAcc: 0.7690, TrLoss:  0.90628, VaAcc: 0.7547, VaLoss:  2.03127	 10 sampled NNs | VaAcc: 0.6443 +- 0.0165 | VaLoss: 1.0445 +- 0.0424
384,  0 | TrAcc: 0.7699, TrLoss:  0.90374, VaAcc: 0.7549, VaLoss:  2.02301	 10 sampled NNs | VaAcc: 0.6503 +- 0.0129 | VaLoss: 1.0277 +- 0.0398
385,  0 | TrAcc: 0.7699, TrLoss:  0.90570, VaAcc: 0.7521, VaLoss:  2.04047	 10 sampled NNs | VaAcc: 0.6495 +- 0.0253 | VaLoss: 1.0224 +- 0.0665
386,  0 | TrAcc: 0.7704, TrLoss:  0.90604, VaAcc: 0.7537, VaLoss:  2.03532	 10 sampled NNs | VaAcc: 0.6525 +- 0.0252 | VaLoss: 1.0417 +- 0.0928
387,  0 | TrAcc: 0.7697, TrLoss:  0.90719, VaAcc: 0.7562, VaLoss:  2.03105	 10 sampled NNs | VaAcc: 0.6450 +- 0.0197 | VaLoss: 1.0572 +- 0.0726
388,  0 | TrAcc: 0.7694, TrLoss:  0.90641, VaAcc: 0.7556, VaLoss:  2.02953	 10 sampled NNs | VaAcc: 0.6457 +- 0.0205 | VaLoss: 1.0350 +- 0.0612
389,  0 | TrAcc: 0.7710, TrLoss:  0.90228, VaAcc: 0.7536, VaLoss:  2.02976	 10 sampled NNs | VaAcc: 0.6365 +- 0.0333 | VaLoss: 1.0631 +- 0.0878
390,  0 | TrAcc: 0.7711, TrLoss:  0.90268, VaAcc: 0.7530, VaLoss:  2.03772	 10 sampled NNs | VaAcc: 0.6552 +- 0.0229 | VaLoss: 1.0241 +- 0.0726
391,  0 | TrAcc: 0.7698, TrLoss:  0.90538, VaAcc: 0.7559, VaLoss:  2.03224	 10 sampled NNs | VaAcc: 0.6469 +- 0.0226 | VaLoss: 1.0365 +- 0.0591
392,  0 | TrAcc: 0.7700, TrLoss:  0.90557, VaAcc: 0.7541, VaLoss:  2.03338	 10 sampled NNs | VaAcc: 0.6583 +- 0.0194 | VaLoss: 1.0084 +- 0.0622
393,  0 | TrAcc: 0.7693, TrLoss:  0.90729, VaAcc: 0.7520, VaLoss:  2.03884	 10 sampled NNs | VaAcc: 0.6433 +- 0.0368 | VaLoss: 1.0582 +- 0.1028
394,  0 | TrAcc: 0.7709, TrLoss:  0.90398, VaAcc: 0.7579, VaLoss:  2.02827	 10 sampled NNs | VaAcc: 0.6525 +- 0.0107 | VaLoss: 1.0156 +- 0.0417
395,  0 | TrAcc: 0.7695, TrLoss:  0.90845, VaAcc: 0.7524, VaLoss:  2.03402	 10 sampled NNs | VaAcc: 0.6585 +- 0.0215 | VaLoss: 1.0102 +- 0.0568
396,  0 | TrAcc: 0.7704, TrLoss:  0.90494, VaAcc: 0.7541, VaLoss:  2.03290	 10 sampled NNs | VaAcc: 0.6522 +- 0.0254 | VaLoss: 1.0309 +- 0.0736
397,  0 | TrAcc: 0.7701, TrLoss:  0.90505, VaAcc: 0.7563, VaLoss:  2.03274	 10 sampled NNs | VaAcc: 0.6538 +- 0.0189 | VaLoss: 1.0200 +- 0.0552
398,  0 | TrAcc: 0.7714, TrLoss:  0.90140, VaAcc: 0.7521, VaLoss:  2.04461	 10 sampled NNs | VaAcc: 0.6467 +- 0.0314 | VaLoss: 1.0484 +- 0.1004
399,  0 | TrAcc: 0.7691, TrLoss:  0.90868, VaAcc: 0.7520, VaLoss:  2.04203	 10 sampled NNs | VaAcc: 0.6453 +- 0.0244 | VaLoss: 1.0519 +- 0.0735
77833.298413
----------------------------
