

config:

HOME=/clusterFS/home/student/kopp13
PATH=/clusterFS/home/student/kopp13/miniconda3/envs/tensorflow/bin:/clusterFS/home/student/kopp13/miniconda3/bin:/clusterFS/home/student/kopp13/bin:/usr/local/bin:/usr/bin:/bin:/usr/local/games:/usr/games
LD_LIBRARY_PATH=
THEANO_FLAGS=floatX=float32,gpuarray.preallocate=0.9,dnn.library_path=/usr/lib/x86_64-linux-gnu,cxx=clang++-3.8,device=cuda,base_compiledir=/tmp/tmp.iDYsrrlbif

=============================
CONFIG FILE

RNN CONFIG
{'data_multiplier': 0.05,
 'gradient_clip_value': 0.5,
 'layer_configs': [{'layer_type': 'input'},
                   {'bc': {'init_m': 'xavier',
                           'init_v': -4.5,
                           'prior_m': 0.0,
                           'prior_v': 0.0,
                           'type': 'continuous'},
                    'bf': {'init_m': 'xavier',
                           'init_v': -4.5,
                           'prior_m': 0.0,
                           'prior_v': 0.0,
                           'type': 'continuous'},
                    'bi': {'init_m': 'xavier',
                           'init_v': -4.5,
                           'prior_m': 0.0,
                           'prior_v': 0.0,
                           'type': 'continuous'},
                    'bo': {'init_m': 'xavier',
                           'init_v': -4.5,
                           'prior_m': 0.0,
                           'prior_v': 0.0,
                           'type': 'continuous'},
                    'init_config': {'c': {'b': 'all_zero', 'w': 'xavier'},
                                    'f': {'b': 'all_one', 'w': 'all_zero'},
                                    'i': {'b': 'all_zero', 'w': 'xavier'},
                                    'o': {'b': 'all_zero', 'w': 'xavier'}},
                    'is_output': False,
                    'is_recurrent': True,
                    'layer_type': 'lstm',
                    'tau': 0.2,
                    'var_scope': 'lstm_0',
                    'wc': {'p0max': 0.95,
                           'p0min': 0.05,
                           'pmax': 0.99,
                           'pmin': 0.01,
                           'priors': [0.2, 0.6, 0.2],
                           'type': 'ternary'},
                    'wf': {'p0max': 0.95,
                           'p0min': 0.05,
                           'pmax': 0.99,
                           'pmin': 0.01,
                           'priors': [0.2, 0.6, 0.2],
                           'type': 'ternary'},
                    'wi': {'p0max': 0.95,
                           'p0min': 0.05,
                           'pmax': 0.99,
                           'pmin': 0.01,
                           'priors': [0.2, 0.6, 0.2],
                           'type': 'ternary'},
                    'wo': {'p0max': 0.95,
                           'p0min': 0.05,
                           'pmax': 0.99,
                           'pmin': 0.01,
                           'priors': [0.2, 0.6, 0.2],
                           'type': 'ternary'}},
                   {'bc': {'init_m': 'xavier',
                           'init_v': -4.5,
                           'prior_m': 0.0,
                           'prior_v': 0.0,
                           'type': 'continuous'},
                    'bf': {'init_m': 'xavier',
                           'init_v': -4.5,
                           'prior_m': 0.0,
                           'prior_v': 0.0,
                           'type': 'continuous'},
                    'bi': {'init_m': 'xavier',
                           'init_v': -4.5,
                           'prior_m': 0.0,
                           'prior_v': 0.0,
                           'type': 'continuous'},
                    'bo': {'init_m': 'xavier',
                           'init_v': -4.5,
                           'prior_m': 0.0,
                           'prior_v': 0.0,
                           'type': 'continuous'},
                    'init_config': {'c': {'b': 'all_zero', 'w': 'xavier'},
                                    'f': {'b': 'all_one', 'w': 'all_zero'},
                                    'i': {'b': 'all_zero', 'w': 'xavier'},
                                    'o': {'b': 'all_zero', 'w': 'xavier'}},
                    'is_output': False,
                    'is_recurrent': True,
                    'layer_type': 'lstm',
                    'tau': 0.2,
                    'var_scope': 'lstm_1',
                    'wc': {'p0max': 0.95,
                           'p0min': 0.05,
                           'pmax': 0.99,
                           'pmin': 0.01,
                           'priors': [0.2, 0.6, 0.2],
                           'type': 'ternary'},
                    'wf': {'p0max': 0.95,
                           'p0min': 0.05,
                           'pmax': 0.99,
                           'pmin': 0.01,
                           'priors': [0.2, 0.6, 0.2],
                           'type': 'ternary'},
                    'wi': {'p0max': 0.95,
                           'p0min': 0.05,
                           'pmax': 0.99,
                           'pmin': 0.01,
                           'priors': [0.2, 0.6, 0.2],
                           'type': 'ternary'},
                    'wo': {'p0max': 0.95,
                           'p0min': 0.05,
                           'pmax': 0.99,
                           'pmin': 0.01,
                           'priors': [0.2, 0.6, 0.2],
                           'type': 'ternary'}},
                   {'b': {'init_m': 'xavier',
                          'init_v': -4.5,
                          'prior_m': 0.0,
                          'prior_v': 0.0,
                          'type': 'continuous'},
                    'is_output': True,
                    'is_recurrent': False,
                    'layer_type': 'fc',
                    'regularization': {'mode': None, 'strength': 0.02},
                    'tau': 0.2,
                    'var_scope': 'output_layer',
                    'w': {'p0max': 0.95,
                          'p0min': 0.05,
                          'pmax': 0.99,
                          'pmin': 0.01,
                          'priors': [0.2, 0.6, 0.2],
                          'type': 'ternary'}}],
 'layout': [4, 60, 60, 10],
 'output_type': 'classification'}

DATA CONFIG
{'dataset': 'red_penstroke',
 'tr': {'in_seq_len': 30,
        'minibatch_enabled': True,
        'minibatch_size': 200,
        'out_seq_len': 5,
        'zero_padding': 20},
 'va': {'in_seq_len': 30,
        'minibatch_enabled': True,
        'minibatch_size': 200,
        'out_seq_len': 5,
        'zero_padding': 20}}

TRAINING CONFIG
{'beta_reg': 0.0,
 'is_pretrain': False,
 'learning_rate': 0.001,
 'max_epochs': 200,
 'mode': {'max_epochs': 400, 'min_error': 0.0, 'name': 'classic'},
 'task_id': 0,
 'type': 'l_sampling',
 'var_reg': 0.01}
==============================


pretraning is over
  0,  0 | TrAcc: 0.0591, TrLoss:  9.76410, VaAcc: 0.0561, VaLoss: 21.69189	 10 sampled NNs | VaAcc: 0.0631 +- 0.0371 | VaLoss: 6.6735 +- 1.9168
  1,  0 | TrAcc: 0.1220, TrLoss:  5.17467, VaAcc: 0.1109, VaLoss: 15.18577	 10 sampled NNs | VaAcc: 0.1088 +- 0.0306 | VaLoss: 2.8230 +- 0.4461
  2,  0 | TrAcc: 0.1356, TrLoss:  4.60895, VaAcc: 0.1272, VaLoss: 13.22586	 10 sampled NNs | VaAcc: 0.1322 +- 0.0187 | VaLoss: 2.6404 +- 0.1564
  3,  0 | TrAcc: 0.1444, TrLoss:  4.22705, VaAcc: 0.1376, VaLoss: 11.83825	 10 sampled NNs | VaAcc: 0.1418 +- 0.0111 | VaLoss: 2.4740 +- 0.1453
  4,  0 | TrAcc: 0.1484, TrLoss:  4.01012, VaAcc: 0.1407, VaLoss: 11.07075	 10 sampled NNs | VaAcc: 0.1297 +- 0.0145 | VaLoss: 2.4143 +- 0.1204
  5,  0 | TrAcc: 0.1830, TrLoss:  3.78816, VaAcc: 0.1790, VaLoss: 10.41963	 10 sampled NNs | VaAcc: 0.1443 +- 0.0216 | VaLoss: 2.3463 +- 0.0895
  6,  0 | TrAcc: 0.1986, TrLoss:  3.62720, VaAcc: 0.1968, VaLoss:  9.82381	 10 sampled NNs | VaAcc: 0.1424 +- 0.0139 | VaLoss: 2.3232 +- 0.0862
  7,  0 | TrAcc: 0.2123, TrLoss:  3.49116, VaAcc: 0.2107, VaLoss:  9.23764	 10 sampled NNs | VaAcc: 0.1550 +- 0.0340 | VaLoss: 2.3409 +- 0.0970
  8,  0 | TrAcc: 0.2369, TrLoss:  3.31891, VaAcc: 0.2400, VaLoss:  8.61880	 10 sampled NNs | VaAcc: 0.1637 +- 0.0333 | VaLoss: 2.2890 +- 0.1262
  9,  0 | TrAcc: 0.2739, TrLoss:  3.11805, VaAcc: 0.2814, VaLoss:  7.99749	 10 sampled NNs | VaAcc: 0.1794 +- 0.0270 | VaLoss: 2.4068 +- 0.1665
 10,  0 | TrAcc: 0.2980, TrLoss:  2.97593, VaAcc: 0.3055, VaLoss:  7.53290	 10 sampled NNs | VaAcc: 0.1776 +- 0.0375 | VaLoss: 2.3723 +- 0.2059
 11,  0 | TrAcc: 0.3149, TrLoss:  2.86515, VaAcc: 0.3252, VaLoss:  7.18103	 10 sampled NNs | VaAcc: 0.1757 +- 0.0319 | VaLoss: 2.3835 +- 0.2229
 12,  0 | TrAcc: 0.3280, TrLoss:  2.77745, VaAcc: 0.3316, VaLoss:  6.90016	 10 sampled NNs | VaAcc: 0.1901 +- 0.0353 | VaLoss: 2.4180 +- 0.2626
 13,  0 | TrAcc: 0.3391, TrLoss:  2.69877, VaAcc: 0.3490, VaLoss:  6.61836	 10 sampled NNs | VaAcc: 0.1803 +- 0.0281 | VaLoss: 2.5047 +- 0.3361
 14,  0 | TrAcc: 0.3497, TrLoss:  2.62773, VaAcc: 0.3622, VaLoss:  6.35610	 10 sampled NNs | VaAcc: 0.2121 +- 0.0493 | VaLoss: 2.2257 +- 0.2240
 15,  0 | TrAcc: 0.3593, TrLoss:  2.55599, VaAcc: 0.3716, VaLoss:  6.10469	 10 sampled NNs | VaAcc: 0.1917 +- 0.0415 | VaLoss: 2.3216 +- 0.2349
 16,  0 | TrAcc: 0.3700, TrLoss:  2.47604, VaAcc: 0.3848, VaLoss:  5.80413	 10 sampled NNs | VaAcc: 0.2084 +- 0.0413 | VaLoss: 2.3011 +- 0.2452
 17,  0 | TrAcc: 0.3790, TrLoss:  2.39836, VaAcc: 0.3930, VaLoss:  5.50356	 10 sampled NNs | VaAcc: 0.2012 +- 0.0375 | VaLoss: 2.2925 +- 0.1646
 18,  0 | TrAcc: 0.3887, TrLoss:  2.32513, VaAcc: 0.4040, VaLoss:  5.20374	 10 sampled NNs | VaAcc: 0.2288 +- 0.0403 | VaLoss: 2.2195 +- 0.1760
 19,  0 | TrAcc: 0.3966, TrLoss:  2.26777, VaAcc: 0.4095, VaLoss:  5.00319	 10 sampled NNs | VaAcc: 0.2074 +- 0.0378 | VaLoss: 2.2968 +- 0.1972
 20,  0 | TrAcc: 0.4037, TrLoss:  2.21466, VaAcc: 0.4240, VaLoss:  4.78051	 10 sampled NNs | VaAcc: 0.2114 +- 0.0401 | VaLoss: 2.2950 +- 0.2936
 21,  0 | TrAcc: 0.4136, TrLoss:  2.15336, VaAcc: 0.4275, VaLoss:  4.56860	 10 sampled NNs | VaAcc: 0.2125 +- 0.0458 | VaLoss: 2.4280 +- 0.3612
 22,  0 | TrAcc: 0.4222, TrLoss:  2.09414, VaAcc: 0.4383, VaLoss:  4.34675	 10 sampled NNs | VaAcc: 0.2225 +- 0.0455 | VaLoss: 2.3342 +- 0.3910
 23,  0 | TrAcc: 0.4331, TrLoss:  2.03906, VaAcc: 0.4468, VaLoss:  4.13733	 10 sampled NNs | VaAcc: 0.2224 +- 0.0404 | VaLoss: 2.2824 +- 0.1996
 24,  0 | TrAcc: 0.4421, TrLoss:  1.98079, VaAcc: 0.4570, VaLoss:  3.93018	 10 sampled NNs | VaAcc: 0.2508 +- 0.0407 | VaLoss: 2.1769 +- 0.2378
 25,  0 | TrAcc: 0.4487, TrLoss:  1.93650, VaAcc: 0.4683, VaLoss:  3.74798	 10 sampled NNs | VaAcc: 0.2262 +- 0.0519 | VaLoss: 2.2714 +- 0.2436
 26,  0 | TrAcc: 0.4597, TrLoss:  1.89137, VaAcc: 0.4762, VaLoss:  3.60501	 10 sampled NNs | VaAcc: 0.2263 +- 0.0426 | VaLoss: 2.3033 +- 0.2535
 27,  0 | TrAcc: 0.4690, TrLoss:  1.85219, VaAcc: 0.4862, VaLoss:  3.47902	 10 sampled NNs | VaAcc: 0.2758 +- 0.0512 | VaLoss: 2.1094 +- 0.2414
 28,  0 | TrAcc: 0.4754, TrLoss:  1.82398, VaAcc: 0.4951, VaLoss:  3.38102	 10 sampled NNs | VaAcc: 0.3002 +- 0.0460 | VaLoss: 2.0485 +- 0.2636
 29,  0 | TrAcc: 0.4855, TrLoss:  1.79252, VaAcc: 0.5007, VaLoss:  3.30528	 10 sampled NNs | VaAcc: 0.2600 +- 0.0522 | VaLoss: 2.2153 +- 0.2685
 30,  0 | TrAcc: 0.4930, TrLoss:  1.76582, VaAcc: 0.5111, VaLoss:  3.23603	 10 sampled NNs | VaAcc: 0.2977 +- 0.0412 | VaLoss: 2.0425 +- 0.2041
 31,  0 | TrAcc: 0.5022, TrLoss:  1.74233, VaAcc: 0.5178, VaLoss:  3.19062	 10 sampled NNs | VaAcc: 0.2814 +- 0.0342 | VaLoss: 2.1121 +- 0.2037
 32,  0 | TrAcc: 0.5093, TrLoss:  1.72577, VaAcc: 0.5299, VaLoss:  3.15542	 10 sampled NNs | VaAcc: 0.2991 +- 0.0539 | VaLoss: 2.0327 +- 0.2456
 33,  0 | TrAcc: 0.5154, TrLoss:  1.70726, VaAcc: 0.5375, VaLoss:  3.12258	 10 sampled NNs | VaAcc: 0.2937 +- 0.0414 | VaLoss: 2.0984 +- 0.2239
 34,  0 | TrAcc: 0.5241, TrLoss:  1.68633, VaAcc: 0.5453, VaLoss:  3.10587	 10 sampled NNs | VaAcc: 0.2733 +- 0.0390 | VaLoss: 2.2323 +- 0.2428
 35,  0 | TrAcc: 0.5305, TrLoss:  1.67207, VaAcc: 0.5458, VaLoss:  3.09190	 10 sampled NNs | VaAcc: 0.2885 +- 0.0553 | VaLoss: 2.1485 +- 0.2738
 36,  0 | TrAcc: 0.5369, TrLoss:  1.65848, VaAcc: 0.5551, VaLoss:  3.06803	 10 sampled NNs | VaAcc: 0.3029 +- 0.0426 | VaLoss: 2.0839 +- 0.2478
 37,  0 | TrAcc: 0.5409, TrLoss:  1.64609, VaAcc: 0.5567, VaLoss:  3.06549	 10 sampled NNs | VaAcc: 0.3226 +- 0.0372 | VaLoss: 1.9815 +- 0.1713
 38,  0 | TrAcc: 0.5462, TrLoss:  1.63314, VaAcc: 0.5678, VaLoss:  3.04538	 10 sampled NNs | VaAcc: 0.3391 +- 0.0420 | VaLoss: 1.8845 +- 0.1546
 39,  0 | TrAcc: 0.5512, TrLoss:  1.62335, VaAcc: 0.5702, VaLoss:  3.03828	 10 sampled NNs | VaAcc: 0.3130 +- 0.0439 | VaLoss: 2.0986 +- 0.2716
 40,  0 | TrAcc: 0.5545, TrLoss:  1.61354, VaAcc: 0.5702, VaLoss:  3.03521	 10 sampled NNs | VaAcc: 0.3373 +- 0.0300 | VaLoss: 1.9265 +- 0.1509
 41,  0 | TrAcc: 0.5594, TrLoss:  1.60404, VaAcc: 0.5772, VaLoss:  3.02396	 10 sampled NNs | VaAcc: 0.3185 +- 0.0434 | VaLoss: 2.0019 +- 0.1506
 42,  0 | TrAcc: 0.5636, TrLoss:  1.59513, VaAcc: 0.5779, VaLoss:  3.02504	 10 sampled NNs | VaAcc: 0.3176 +- 0.0486 | VaLoss: 2.0647 +- 0.2334
 43,  0 | TrAcc: 0.5687, TrLoss:  1.58063, VaAcc: 0.5815, VaLoss:  3.01238	 10 sampled NNs | VaAcc: 0.3423 +- 0.0625 | VaLoss: 1.9035 +- 0.2170
 44,  0 | TrAcc: 0.5708, TrLoss:  1.57518, VaAcc: 0.5817, VaLoss:  3.01228	 10 sampled NNs | VaAcc: 0.3192 +- 0.0592 | VaLoss: 2.1197 +- 0.2750
 45,  0 | TrAcc: 0.5714, TrLoss:  1.57492, VaAcc: 0.5853, VaLoss:  3.00393	 10 sampled NNs | VaAcc: 0.3304 +- 0.0349 | VaLoss: 2.0452 +- 0.2254
 46,  0 | TrAcc: 0.5789, TrLoss:  1.55614, VaAcc: 0.5936, VaLoss:  2.99919	 10 sampled NNs | VaAcc: 0.3279 +- 0.0522 | VaLoss: 1.9803 +- 0.2019
 47,  0 | TrAcc: 0.5791, TrLoss:  1.55463, VaAcc: 0.5939, VaLoss:  2.98991	 10 sampled NNs | VaAcc: 0.3387 +- 0.0592 | VaLoss: 1.9787 +- 0.2416
 48,  0 | TrAcc: 0.5823, TrLoss:  1.55072, VaAcc: 0.5962, VaLoss:  2.98941	 10 sampled NNs | VaAcc: 0.3309 +- 0.0337 | VaLoss: 1.9743 +- 0.1410
 49,  0 | TrAcc: 0.5884, TrLoss:  1.53767, VaAcc: 0.6010, VaLoss:  2.98614	 10 sampled NNs | VaAcc: 0.3538 +- 0.0452 | VaLoss: 1.8570 +- 0.1552
 50,  0 | TrAcc: 0.5894, TrLoss:  1.53245, VaAcc: 0.6047, VaLoss:  2.98187	 10 sampled NNs | VaAcc: 0.3538 +- 0.0421 | VaLoss: 1.9360 +- 0.1844
 51,  0 | TrAcc: 0.5917, TrLoss:  1.52656, VaAcc: 0.6067, VaLoss:  2.98096	 10 sampled NNs | VaAcc: 0.3427 +- 0.0343 | VaLoss: 1.9374 +- 0.1479
 52,  0 | TrAcc: 0.5946, TrLoss:  1.52255, VaAcc: 0.6057, VaLoss:  2.98640	 10 sampled NNs | VaAcc: 0.3614 +- 0.0284 | VaLoss: 1.8409 +- 0.1222
 53,  0 | TrAcc: 0.5967, TrLoss:  1.51715, VaAcc: 0.6080, VaLoss:  2.98372	 10 sampled NNs | VaAcc: 0.3709 +- 0.0633 | VaLoss: 1.8546 +- 0.2142
 54,  0 | TrAcc: 0.5988, TrLoss:  1.51259, VaAcc: 0.6082, VaLoss:  2.98585	 10 sampled NNs | VaAcc: 0.3452 +- 0.0646 | VaLoss: 1.9390 +- 0.3260
 55,  0 | TrAcc: 0.5992, TrLoss:  1.51216, VaAcc: 0.6090, VaLoss:  2.98420	 10 sampled NNs | VaAcc: 0.3875 +- 0.0481 | VaLoss: 1.7566 +- 0.1704
 56,  0 | TrAcc: 0.6037, TrLoss:  1.50161, VaAcc: 0.6153, VaLoss:  2.97478	 10 sampled NNs | VaAcc: 0.3660 +- 0.0548 | VaLoss: 1.8742 +- 0.2437
 57,  0 | TrAcc: 0.6054, TrLoss:  1.49779, VaAcc: 0.6169, VaLoss:  2.97704	 10 sampled NNs | VaAcc: 0.3645 +- 0.0469 | VaLoss: 1.9935 +- 0.2801
 58,  0 | TrAcc: 0.6067, TrLoss:  1.49409, VaAcc: 0.6217, VaLoss:  2.96746	 10 sampled NNs | VaAcc: 0.4095 +- 0.0334 | VaLoss: 1.7023 +- 0.1179
 59,  0 | TrAcc: 0.6064, TrLoss:  1.49490, VaAcc: 0.6210, VaLoss:  2.96621	 10 sampled NNs | VaAcc: 0.3786 +- 0.0696 | VaLoss: 1.8846 +- 0.3410
 60,  0 | TrAcc: 0.6118, TrLoss:  1.48118, VaAcc: 0.6218, VaLoss:  2.97073	 10 sampled NNs | VaAcc: 0.3706 +- 0.0366 | VaLoss: 1.8634 +- 0.1350
 61,  0 | TrAcc: 0.6116, TrLoss:  1.48453, VaAcc: 0.6298, VaLoss:  2.95973	 10 sampled NNs | VaAcc: 0.3768 +- 0.0405 | VaLoss: 1.8399 +- 0.1281
 62,  0 | TrAcc: 0.6115, TrLoss:  1.48375, VaAcc: 0.6254, VaLoss:  2.96530	 10 sampled NNs | VaAcc: 0.3865 +- 0.0324 | VaLoss: 1.7523 +- 0.1166
 63,  0 | TrAcc: 0.6133, TrLoss:  1.48151, VaAcc: 0.6223, VaLoss:  2.97297	 10 sampled NNs | VaAcc: 0.3748 +- 0.0561 | VaLoss: 1.8165 +- 0.1973
 64,  0 | TrAcc: 0.6156, TrLoss:  1.47290, VaAcc: 0.6243, VaLoss:  2.97463	 10 sampled NNs | VaAcc: 0.3798 +- 0.0260 | VaLoss: 1.7806 +- 0.1047
 65,  0 | TrAcc: 0.6141, TrLoss:  1.47482, VaAcc: 0.6322, VaLoss:  2.96021	 10 sampled NNs | VaAcc: 0.3751 +- 0.0464 | VaLoss: 1.8482 +- 0.2326
 66,  0 | TrAcc: 0.6182, TrLoss:  1.46871, VaAcc: 0.6274, VaLoss:  2.97480	 10 sampled NNs | VaAcc: 0.3830 +- 0.0374 | VaLoss: 1.8273 +- 0.1087
 67,  0 | TrAcc: 0.6203, TrLoss:  1.46556, VaAcc: 0.6291, VaLoss:  2.97365	 10 sampled NNs | VaAcc: 0.3973 +- 0.0377 | VaLoss: 1.7603 +- 0.1412
 68,  0 | TrAcc: 0.6205, TrLoss:  1.46331, VaAcc: 0.6338, VaLoss:  2.96146	 10 sampled NNs | VaAcc: 0.4068 +- 0.0345 | VaLoss: 1.7064 +- 0.1382
 69,  0 | TrAcc: 0.6225, TrLoss:  1.45749, VaAcc: 0.6315, VaLoss:  2.97105	 10 sampled NNs | VaAcc: 0.3968 +- 0.0392 | VaLoss: 1.7545 +- 0.1294
 70,  0 | TrAcc: 0.6221, TrLoss:  1.45760, VaAcc: 0.6379, VaLoss:  2.95443	 10 sampled NNs | VaAcc: 0.3801 +- 0.0304 | VaLoss: 1.7913 +- 0.0925
 71,  0 | TrAcc: 0.6253, TrLoss:  1.45310, VaAcc: 0.6362, VaLoss:  2.96003	 10 sampled NNs | VaAcc: 0.4070 +- 0.0539 | VaLoss: 1.7767 +- 0.2090
 72,  0 | TrAcc: 0.6265, TrLoss:  1.44902, VaAcc: 0.6365, VaLoss:  2.95990	 10 sampled NNs | VaAcc: 0.4134 +- 0.0413 | VaLoss: 1.7361 +- 0.1960
 73,  0 | TrAcc: 0.6283, TrLoss:  1.44505, VaAcc: 0.6354, VaLoss:  2.96204	 10 sampled NNs | VaAcc: 0.3908 +- 0.0404 | VaLoss: 1.7936 +- 0.1407
 74,  0 | TrAcc: 0.6268, TrLoss:  1.44844, VaAcc: 0.6368, VaLoss:  2.96390	 10 sampled NNs | VaAcc: 0.3831 +- 0.0384 | VaLoss: 1.8335 +- 0.1961
 75,  0 | TrAcc: 0.6278, TrLoss:  1.44736, VaAcc: 0.6410, VaLoss:  2.95090	 10 sampled NNs | VaAcc: 0.4017 +- 0.0720 | VaLoss: 1.7624 +- 0.2972
 76,  0 | TrAcc: 0.6306, TrLoss:  1.43944, VaAcc: 0.6377, VaLoss:  2.96058	 10 sampled NNs | VaAcc: 0.4174 +- 0.0282 | VaLoss: 1.7093 +- 0.1150
 77,  0 | TrAcc: 0.6296, TrLoss:  1.44069, VaAcc: 0.6407, VaLoss:  2.96130	 10 sampled NNs | VaAcc: 0.4000 +- 0.0482 | VaLoss: 1.8046 +- 0.1906
 78,  0 | TrAcc: 0.6337, TrLoss:  1.43358, VaAcc: 0.6411, VaLoss:  2.95690	 10 sampled NNs | VaAcc: 0.4311 +- 0.0378 | VaLoss: 1.6540 +- 0.1313
 79,  0 | TrAcc: 0.6326, TrLoss:  1.43507, VaAcc: 0.6419, VaLoss:  2.95535	 10 sampled NNs | VaAcc: 0.3881 +- 0.0464 | VaLoss: 1.7708 +- 0.1299
 80,  0 | TrAcc: 0.6335, TrLoss:  1.43259, VaAcc: 0.6409, VaLoss:  2.96406	 10 sampled NNs | VaAcc: 0.4099 +- 0.0589 | VaLoss: 1.7074 +- 0.1718
 81,  0 | TrAcc: 0.6329, TrLoss:  1.43314, VaAcc: 0.6416, VaLoss:  2.96021	 10 sampled NNs | VaAcc: 0.3969 +- 0.0382 | VaLoss: 1.8122 +- 0.2128
 82,  0 | TrAcc: 0.6364, TrLoss:  1.42622, VaAcc: 0.6414, VaLoss:  2.96360	 10 sampled NNs | VaAcc: 0.4161 +- 0.0415 | VaLoss: 1.7009 +- 0.1431
 83,  0 | TrAcc: 0.6364, TrLoss:  1.42527, VaAcc: 0.6484, VaLoss:  2.95623	 10 sampled NNs | VaAcc: 0.3825 +- 0.0368 | VaLoss: 1.7536 +- 0.1379
 84,  0 | TrAcc: 0.6374, TrLoss:  1.42353, VaAcc: 0.6455, VaLoss:  2.95980	 10 sampled NNs | VaAcc: 0.4360 +- 0.0373 | VaLoss: 1.6450 +- 0.1617
 85,  0 | TrAcc: 0.6385, TrLoss:  1.42111, VaAcc: 0.6483, VaLoss:  2.94939	 10 sampled NNs | VaAcc: 0.4258 +- 0.0324 | VaLoss: 1.6411 +- 0.1179
 86,  0 | TrAcc: 0.6407, TrLoss:  1.41594, VaAcc: 0.6471, VaLoss:  2.95098	 10 sampled NNs | VaAcc: 0.4193 +- 0.0404 | VaLoss: 1.6796 +- 0.1370
 87,  0 | TrAcc: 0.6391, TrLoss:  1.42315, VaAcc: 0.6457, VaLoss:  2.95543	 10 sampled NNs | VaAcc: 0.4106 +- 0.0493 | VaLoss: 1.7608 +- 0.1977
 88,  0 | TrAcc: 0.6414, TrLoss:  1.41678, VaAcc: 0.6463, VaLoss:  2.96199	 10 sampled NNs | VaAcc: 0.4321 +- 0.0433 | VaLoss: 1.6541 +- 0.1791
 89,  0 | TrAcc: 0.6422, TrLoss:  1.41477, VaAcc: 0.6502, VaLoss:  2.95013	 10 sampled NNs | VaAcc: 0.4103 +- 0.0541 | VaLoss: 1.7597 +- 0.2186
 90,  0 | TrAcc: 0.6419, TrLoss:  1.41264, VaAcc: 0.6501, VaLoss:  2.94964	 10 sampled NNs | VaAcc: 0.4254 +- 0.0371 | VaLoss: 1.6472 +- 0.0941
 91,  0 | TrAcc: 0.6436, TrLoss:  1.41173, VaAcc: 0.6482, VaLoss:  2.95365	 10 sampled NNs | VaAcc: 0.4121 +- 0.0316 | VaLoss: 1.7185 +- 0.1205
 92,  0 | TrAcc: 0.6405, TrLoss:  1.41616, VaAcc: 0.6530, VaLoss:  2.94555	 10 sampled NNs | VaAcc: 0.4449 +- 0.0332 | VaLoss: 1.5848 +- 0.1073
 93,  0 | TrAcc: 0.6443, TrLoss:  1.40536, VaAcc: 0.6490, VaLoss:  2.95536	 10 sampled NNs | VaAcc: 0.3844 +- 0.0625 | VaLoss: 1.9031 +- 0.2907
 94,  0 | TrAcc: 0.6431, TrLoss:  1.40881, VaAcc: 0.6528, VaLoss:  2.95259	 10 sampled NNs | VaAcc: 0.4398 +- 0.0393 | VaLoss: 1.6281 +- 0.1219
 95,  0 | TrAcc: 0.6441, TrLoss:  1.40787, VaAcc: 0.6567, VaLoss:  2.94369	 10 sampled NNs | VaAcc: 0.4294 +- 0.0427 | VaLoss: 1.6543 +- 0.2011
 96,  0 | TrAcc: 0.6468, TrLoss:  1.40404, VaAcc: 0.6568, VaLoss:  2.94699	 10 sampled NNs | VaAcc: 0.4494 +- 0.0565 | VaLoss: 1.6089 +- 0.1811
 97,  0 | TrAcc: 0.6478, TrLoss:  1.40097, VaAcc: 0.6569, VaLoss:  2.93808	 10 sampled NNs | VaAcc: 0.4357 +- 0.0383 | VaLoss: 1.6401 +- 0.1429
 98,  0 | TrAcc: 0.6467, TrLoss:  1.39998, VaAcc: 0.6519, VaLoss:  2.95051	 10 sampled NNs | VaAcc: 0.4412 +- 0.0350 | VaLoss: 1.6242 +- 0.1128
 99,  0 | TrAcc: 0.6485, TrLoss:  1.40013, VaAcc: 0.6571, VaLoss:  2.93716	 10 sampled NNs | VaAcc: 0.4232 +- 0.0354 | VaLoss: 1.6871 +- 0.1740
100,  0 | TrAcc: 0.6489, TrLoss:  1.39717, VaAcc: 0.6558, VaLoss:  2.94201	 10 sampled NNs | VaAcc: 0.4266 +- 0.0526 | VaLoss: 1.7079 +- 0.2570
101,  0 | TrAcc: 0.6487, TrLoss:  1.39785, VaAcc: 0.6549, VaLoss:  2.94122	 10 sampled NNs | VaAcc: 0.4442 +- 0.0678 | VaLoss: 1.6425 +- 0.3037
102,  0 | TrAcc: 0.6499, TrLoss:  1.39295, VaAcc: 0.6610, VaLoss:  2.93479	 10 sampled NNs | VaAcc: 0.4303 +- 0.0680 | VaLoss: 1.7638 +- 0.3751
103,  0 | TrAcc: 0.6487, TrLoss:  1.39912, VaAcc: 0.6626, VaLoss:  2.94269	 10 sampled NNs | VaAcc: 0.4499 +- 0.0386 | VaLoss: 1.6180 +- 0.1466
104,  0 | TrAcc: 0.6495, TrLoss:  1.39511, VaAcc: 0.6586, VaLoss:  2.93836	 10 sampled NNs | VaAcc: 0.4197 +- 0.0453 | VaLoss: 1.7429 +- 0.2285
105,  0 | TrAcc: 0.6528, TrLoss:  1.38841, VaAcc: 0.6661, VaLoss:  2.92393	 10 sampled NNs | VaAcc: 0.4254 +- 0.0642 | VaLoss: 1.7166 +- 0.2804
106,  0 | TrAcc: 0.6512, TrLoss:  1.39085, VaAcc: 0.6592, VaLoss:  2.93909	 10 sampled NNs | VaAcc: 0.4394 +- 0.0718 | VaLoss: 1.6698 +- 0.3246
107,  0 | TrAcc: 0.6522, TrLoss:  1.38782, VaAcc: 0.6636, VaLoss:  2.93376	 10 sampled NNs | VaAcc: 0.4234 +- 0.0595 | VaLoss: 1.6689 +- 0.1747
108,  0 | TrAcc: 0.6519, TrLoss:  1.38874, VaAcc: 0.6602, VaLoss:  2.93590	 10 sampled NNs | VaAcc: 0.4355 +- 0.0241 | VaLoss: 1.6604 +- 0.1363
109,  0 | TrAcc: 0.6559, TrLoss:  1.37996, VaAcc: 0.6610, VaLoss:  2.93901	 10 sampled NNs | VaAcc: 0.4729 +- 0.0323 | VaLoss: 1.5324 +- 0.1195
110,  0 | TrAcc: 0.6539, TrLoss:  1.38473, VaAcc: 0.6655, VaLoss:  2.92894	 10 sampled NNs | VaAcc: 0.4277 +- 0.0498 | VaLoss: 1.6843 +- 0.1923
111,  0 | TrAcc: 0.6528, TrLoss:  1.38929, VaAcc: 0.6634, VaLoss:  2.93544	 10 sampled NNs | VaAcc: 0.4671 +- 0.0399 | VaLoss: 1.5644 +- 0.1739
112,  0 | TrAcc: 0.6559, TrLoss:  1.38135, VaAcc: 0.6623, VaLoss:  2.93342	 10 sampled NNs | VaAcc: 0.4463 +- 0.0828 | VaLoss: 1.6305 +- 0.3109
113,  0 | TrAcc: 0.6564, TrLoss:  1.37986, VaAcc: 0.6620, VaLoss:  2.93993	 10 sampled NNs | VaAcc: 0.4421 +- 0.0323 | VaLoss: 1.6139 +- 0.1290
114,  0 | TrAcc: 0.6538, TrLoss:  1.38520, VaAcc: 0.6611, VaLoss:  2.93788	 10 sampled NNs | VaAcc: 0.4271 +- 0.0608 | VaLoss: 1.6490 +- 0.1748
115,  0 | TrAcc: 0.6570, TrLoss:  1.37688, VaAcc: 0.6682, VaLoss:  2.92089	 10 sampled NNs | VaAcc: 0.4523 +- 0.0241 | VaLoss: 1.6208 +- 0.1343
116,  0 | TrAcc: 0.6557, TrLoss:  1.37872, VaAcc: 0.6664, VaLoss:  2.92991	 10 sampled NNs | VaAcc: 0.4502 +- 0.0406 | VaLoss: 1.5931 +- 0.1364
117,  0 | TrAcc: 0.6565, TrLoss:  1.37521, VaAcc: 0.6745, VaLoss:  2.90299	 10 sampled NNs | VaAcc: 0.4632 +- 0.0420 | VaLoss: 1.5622 +- 0.1408
118,  0 | TrAcc: 0.6573, TrLoss:  1.37639, VaAcc: 0.6655, VaLoss:  2.92134	 10 sampled NNs | VaAcc: 0.4780 +- 0.0560 | VaLoss: 1.5242 +- 0.1779
119,  0 | TrAcc: 0.6573, TrLoss:  1.37609, VaAcc: 0.6687, VaLoss:  2.91456	 10 sampled NNs | VaAcc: 0.4724 +- 0.0304 | VaLoss: 1.5178 +- 0.0814
120,  0 | TrAcc: 0.6598, TrLoss:  1.36912, VaAcc: 0.6651, VaLoss:  2.92158	 10 sampled NNs | VaAcc: 0.4480 +- 0.0622 | VaLoss: 1.6391 +- 0.2933
121,  0 | TrAcc: 0.6592, TrLoss:  1.36997, VaAcc: 0.6699, VaLoss:  2.91050	 10 sampled NNs | VaAcc: 0.4680 +- 0.0297 | VaLoss: 1.5516 +- 0.1275
122,  0 | TrAcc: 0.6622, TrLoss:  1.36346, VaAcc: 0.6685, VaLoss:  2.90979	 10 sampled NNs | VaAcc: 0.4519 +- 0.0315 | VaLoss: 1.6057 +- 0.1626
123,  0 | TrAcc: 0.6604, TrLoss:  1.36745, VaAcc: 0.6711, VaLoss:  2.90697	 10 sampled NNs | VaAcc: 0.4681 +- 0.0340 | VaLoss: 1.5572 +- 0.0851
124,  0 | TrAcc: 0.6608, TrLoss:  1.36567, VaAcc: 0.6682, VaLoss:  2.91052	 10 sampled NNs | VaAcc: 0.4567 +- 0.0536 | VaLoss: 1.6340 +- 0.2289
125,  0 | TrAcc: 0.6615, TrLoss:  1.36434, VaAcc: 0.6661, VaLoss:  2.91646	 10 sampled NNs | VaAcc: 0.4717 +- 0.0372 | VaLoss: 1.5758 +- 0.1769
126,  0 | TrAcc: 0.6607, TrLoss:  1.36499, VaAcc: 0.6706, VaLoss:  2.91007	 10 sampled NNs | VaAcc: 0.4525 +- 0.0491 | VaLoss: 1.5952 +- 0.1614
127,  0 | TrAcc: 0.6622, TrLoss:  1.36199, VaAcc: 0.6744, VaLoss:  2.90019	 10 sampled NNs | VaAcc: 0.4454 +- 0.0591 | VaLoss: 1.6416 +- 0.2326
128,  0 | TrAcc: 0.6627, TrLoss:  1.36105, VaAcc: 0.6751, VaLoss:  2.90240	 10 sampled NNs | VaAcc: 0.4431 +- 0.0364 | VaLoss: 1.6471 +- 0.1560
129,  0 | TrAcc: 0.6614, TrLoss:  1.36498, VaAcc: 0.6704, VaLoss:  2.90611	 10 sampled NNs | VaAcc: 0.4705 +- 0.0309 | VaLoss: 1.5483 +- 0.0860
130,  0 | TrAcc: 0.6619, TrLoss:  1.36035, VaAcc: 0.6693, VaLoss:  2.91179	 10 sampled NNs | VaAcc: 0.4490 +- 0.0415 | VaLoss: 1.6383 +- 0.1726
131,  0 | TrAcc: 0.6635, TrLoss:  1.35688, VaAcc: 0.6697, VaLoss:  2.91623	 10 sampled NNs | VaAcc: 0.4540 +- 0.0248 | VaLoss: 1.5550 +- 0.0577
132,  0 | TrAcc: 0.6648, TrLoss:  1.35782, VaAcc: 0.6729, VaLoss:  2.90566	 10 sampled NNs | VaAcc: 0.4661 +- 0.0485 | VaLoss: 1.5534 +- 0.1306
133,  0 | TrAcc: 0.6622, TrLoss:  1.36343, VaAcc: 0.6755, VaLoss:  2.90087	 10 sampled NNs | VaAcc: 0.4710 +- 0.0490 | VaLoss: 1.5143 +- 0.1413
134,  0 | TrAcc: 0.6656, TrLoss:  1.35518, VaAcc: 0.6711, VaLoss:  2.90799	 10 sampled NNs | VaAcc: 0.4811 +- 0.0393 | VaLoss: 1.5114 +- 0.1325
135,  0 | TrAcc: 0.6639, TrLoss:  1.35718, VaAcc: 0.6771, VaLoss:  2.89510	 10 sampled NNs | VaAcc: 0.4550 +- 0.0394 | VaLoss: 1.5790 +- 0.1537
136,  0 | TrAcc: 0.6636, TrLoss:  1.35924, VaAcc: 0.6689, VaLoss:  2.91093	 10 sampled NNs | VaAcc: 0.4664 +- 0.0549 | VaLoss: 1.6109 +- 0.2703
137,  0 | TrAcc: 0.6674, TrLoss:  1.34892, VaAcc: 0.6734, VaLoss:  2.90160	 10 sampled NNs | VaAcc: 0.4441 +- 0.0485 | VaLoss: 1.7190 +- 0.2100
138,  0 | TrAcc: 0.6658, TrLoss:  1.35096, VaAcc: 0.6740, VaLoss:  2.90085	 10 sampled NNs | VaAcc: 0.4663 +- 0.0296 | VaLoss: 1.5765 +- 0.1336
139,  0 | TrAcc: 0.6669, TrLoss:  1.35012, VaAcc: 0.6761, VaLoss:  2.90254	 10 sampled NNs | VaAcc: 0.4596 +- 0.0367 | VaLoss: 1.6353 +- 0.1779
140,  0 | TrAcc: 0.6671, TrLoss:  1.35095, VaAcc: 0.6762, VaLoss:  2.89354	 10 sampled NNs | VaAcc: 0.4841 +- 0.0419 | VaLoss: 1.5003 +- 0.1131
141,  0 | TrAcc: 0.6675, TrLoss:  1.35047, VaAcc: 0.6731, VaLoss:  2.90231	 10 sampled NNs | VaAcc: 0.4628 +- 0.0529 | VaLoss: 1.5820 +- 0.1910
142,  0 | TrAcc: 0.6669, TrLoss:  1.35089, VaAcc: 0.6751, VaLoss:  2.90132	 10 sampled NNs | VaAcc: 0.4826 +- 0.0348 | VaLoss: 1.5190 +- 0.1161
143,  0 | TrAcc: 0.6687, TrLoss:  1.34559, VaAcc: 0.6731, VaLoss:  2.90549	 10 sampled NNs | VaAcc: 0.4912 +- 0.0533 | VaLoss: 1.4934 +- 0.1826
144,  0 | TrAcc: 0.6680, TrLoss:  1.34719, VaAcc: 0.6780, VaLoss:  2.89481	 10 sampled NNs | VaAcc: 0.4742 +- 0.0289 | VaLoss: 1.5307 +- 0.1311
145,  0 | TrAcc: 0.6689, TrLoss:  1.34556, VaAcc: 0.6778, VaLoss:  2.89759	 10 sampled NNs | VaAcc: 0.4435 +- 0.0492 | VaLoss: 1.6481 +- 0.2029
146,  0 | TrAcc: 0.6674, TrLoss:  1.34902, VaAcc: 0.6762, VaLoss:  2.90855	 10 sampled NNs | VaAcc: 0.4689 +- 0.0548 | VaLoss: 1.5325 +- 0.1571
147,  0 | TrAcc: 0.6674, TrLoss:  1.34982, VaAcc: 0.6745, VaLoss:  2.90041	 10 sampled NNs | VaAcc: 0.4614 +- 0.0525 | VaLoss: 1.5549 +- 0.1412
148,  0 | TrAcc: 0.6674, TrLoss:  1.34967, VaAcc: 0.6765, VaLoss:  2.89759	 10 sampled NNs | VaAcc: 0.4760 +- 0.0419 | VaLoss: 1.5480 +- 0.1552
149,  0 | TrAcc: 0.6690, TrLoss:  1.34504, VaAcc: 0.6721, VaLoss:  2.90214	 10 sampled NNs | VaAcc: 0.4677 +- 0.0525 | VaLoss: 1.5715 +- 0.2345
150,  0 | TrAcc: 0.6697, TrLoss:  1.34486, VaAcc: 0.6783, VaLoss:  2.89578	 10 sampled NNs | VaAcc: 0.4545 +- 0.0471 | VaLoss: 1.6068 +- 0.2039
151,  0 | TrAcc: 0.6679, TrLoss:  1.34734, VaAcc: 0.6791, VaLoss:  2.89713	 10 sampled NNs | VaAcc: 0.4807 +- 0.0357 | VaLoss: 1.5063 +- 0.1103
152,  0 | TrAcc: 0.6684, TrLoss:  1.34698, VaAcc: 0.6807, VaLoss:  2.90308	 10 sampled NNs | VaAcc: 0.4679 +- 0.0395 | VaLoss: 1.5426 +- 0.1386
153,  0 | TrAcc: 0.6704, TrLoss:  1.34451, VaAcc: 0.6791, VaLoss:  2.89546	 10 sampled NNs | VaAcc: 0.4918 +- 0.0510 | VaLoss: 1.4704 +- 0.1643
154,  0 | TrAcc: 0.6714, TrLoss:  1.34209, VaAcc: 0.6821, VaLoss:  2.88766	 10 sampled NNs | VaAcc: 0.4561 +- 0.0637 | VaLoss: 1.6866 +- 0.3677
155,  0 | TrAcc: 0.6678, TrLoss:  1.34683, VaAcc: 0.6797, VaLoss:  2.90189	 10 sampled NNs | VaAcc: 0.4733 +- 0.0305 | VaLoss: 1.5388 +- 0.1337
156,  0 | TrAcc: 0.6723, TrLoss:  1.34015, VaAcc: 0.6749, VaLoss:  2.90664	 10 sampled NNs | VaAcc: 0.4779 +- 0.0403 | VaLoss: 1.5177 +- 0.1107
157,  0 | TrAcc: 0.6689, TrLoss:  1.34718, VaAcc: 0.6811, VaLoss:  2.89120	 10 sampled NNs | VaAcc: 0.4786 +- 0.0306 | VaLoss: 1.5115 +- 0.1193
158,  0 | TrAcc: 0.6716, TrLoss:  1.34013, VaAcc: 0.6751, VaLoss:  2.90609	 10 sampled NNs | VaAcc: 0.4668 +- 0.0627 | VaLoss: 1.5273 +- 0.1858
159,  0 | TrAcc: 0.6695, TrLoss:  1.34451, VaAcc: 0.6791, VaLoss:  2.89707	 10 sampled NNs | VaAcc: 0.4753 +- 0.0257 | VaLoss: 1.5298 +- 0.0876
160,  0 | TrAcc: 0.6743, TrLoss:  1.33697, VaAcc: 0.6790, VaLoss:  2.89986	 10 sampled NNs | VaAcc: 0.4697 +- 0.0257 | VaLoss: 1.5264 +- 0.1039
161,  0 | TrAcc: 0.6715, TrLoss:  1.33968, VaAcc: 0.6804, VaLoss:  2.89450	 10 sampled NNs | VaAcc: 0.4980 +- 0.0308 | VaLoss: 1.4597 +- 0.1036
162,  0 | TrAcc: 0.6721, TrLoss:  1.34237, VaAcc: 0.6809, VaLoss:  2.90053	 10 sampled NNs | VaAcc: 0.4850 +- 0.0305 | VaLoss: 1.4871 +- 0.0959
163,  0 | TrAcc: 0.6713, TrLoss:  1.34242, VaAcc: 0.6785, VaLoss:  2.90368	 10 sampled NNs | VaAcc: 0.4786 +- 0.0451 | VaLoss: 1.5140 +- 0.1281
164,  0 | TrAcc: 0.6716, TrLoss:  1.33948, VaAcc: 0.6793, VaLoss:  2.89734	 10 sampled NNs | VaAcc: 0.4814 +- 0.0512 | VaLoss: 1.5211 +- 0.1760
165,  0 | TrAcc: 0.6739, TrLoss:  1.33445, VaAcc: 0.6808, VaLoss:  2.89612	 10 sampled NNs | VaAcc: 0.4846 +- 0.0214 | VaLoss: 1.4977 +- 0.0632
166,  0 | TrAcc: 0.6731, TrLoss:  1.33573, VaAcc: 0.6784, VaLoss:  2.90503	 10 sampled NNs | VaAcc: 0.5038 +- 0.0486 | VaLoss: 1.4290 +- 0.1358
167,  0 | TrAcc: 0.6730, TrLoss:  1.33677, VaAcc: 0.6809, VaLoss:  2.89628	 10 sampled NNs | VaAcc: 0.4727 +- 0.0563 | VaLoss: 1.5854 +- 0.2437
168,  0 | TrAcc: 0.6735, TrLoss:  1.33772, VaAcc: 0.6806, VaLoss:  2.89950	 10 sampled NNs | VaAcc: 0.4998 +- 0.0374 | VaLoss: 1.4614 +- 0.1053
169,  0 | TrAcc: 0.6748, TrLoss:  1.33298, VaAcc: 0.6823, VaLoss:  2.90053	 10 sampled NNs | VaAcc: 0.4968 +- 0.0526 | VaLoss: 1.4820 +- 0.1490
170,  0 | TrAcc: 0.6735, TrLoss:  1.33781, VaAcc: 0.6801, VaLoss:  2.90352	 10 sampled NNs | VaAcc: 0.4576 +- 0.0500 | VaLoss: 1.5665 +- 0.1550
171,  0 | TrAcc: 0.6733, TrLoss:  1.33889, VaAcc: 0.6793, VaLoss:  2.90634	 10 sampled NNs | VaAcc: 0.4763 +- 0.0335 | VaLoss: 1.5188 +- 0.1256
172,  0 | TrAcc: 0.6734, TrLoss:  1.33579, VaAcc: 0.6836, VaLoss:  2.89201	 10 sampled NNs | VaAcc: 0.4808 +- 0.0490 | VaLoss: 1.5255 +- 0.1744
173,  0 | TrAcc: 0.6749, TrLoss:  1.33310, VaAcc: 0.6850, VaLoss:  2.89665	 10 sampled NNs | VaAcc: 0.5068 +- 0.0426 | VaLoss: 1.4276 +- 0.1336
174,  0 | TrAcc: 0.6734, TrLoss:  1.33651, VaAcc: 0.6847, VaLoss:  2.89527	 10 sampled NNs | VaAcc: 0.4843 +- 0.0600 | VaLoss: 1.5500 +- 0.2167
175,  0 | TrAcc: 0.6748, TrLoss:  1.33608, VaAcc: 0.6862, VaLoss:  2.89196	 10 sampled NNs | VaAcc: 0.4827 +- 0.0471 | VaLoss: 1.5062 +- 0.1611
176,  0 | TrAcc: 0.6745, TrLoss:  1.33397, VaAcc: 0.6823, VaLoss:  2.90484	 10 sampled NNs | VaAcc: 0.4999 +- 0.0359 | VaLoss: 1.4702 +- 0.1390
177,  0 | TrAcc: 0.6762, TrLoss:  1.33252, VaAcc: 0.6795, VaLoss:  2.90750	 10 sampled NNs | VaAcc: 0.4965 +- 0.0412 | VaLoss: 1.4568 +- 0.1224
178,  0 | TrAcc: 0.6762, TrLoss:  1.33223, VaAcc: 0.6823, VaLoss:  2.90213	 10 sampled NNs | VaAcc: 0.4848 +- 0.0497 | VaLoss: 1.5208 +- 0.1695
179,  0 | TrAcc: 0.6750, TrLoss:  1.33334, VaAcc: 0.6835, VaLoss:  2.89567	 10 sampled NNs | VaAcc: 0.4880 +- 0.0309 | VaLoss: 1.4922 +- 0.1020
180,  0 | TrAcc: 0.6765, TrLoss:  1.33212, VaAcc: 0.6863, VaLoss:  2.89752	 10 sampled NNs | VaAcc: 0.4669 +- 0.0507 | VaLoss: 1.6104 +- 0.2643
181,  0 | TrAcc: 0.6750, TrLoss:  1.33435, VaAcc: 0.6816, VaLoss:  2.91025	 10 sampled NNs | VaAcc: 0.4614 +- 0.0621 | VaLoss: 1.5942 +- 0.2394
182,  0 | TrAcc: 0.6774, TrLoss:  1.33027, VaAcc: 0.6820, VaLoss:  2.90541	 10 sampled NNs | VaAcc: 0.4996 +- 0.0499 | VaLoss: 1.4315 +- 0.1251
183,  0 | TrAcc: 0.6767, TrLoss:  1.33019, VaAcc: 0.6838, VaLoss:  2.90216	 10 sampled NNs | VaAcc: 0.4889 +- 0.0340 | VaLoss: 1.5106 +- 0.1577
184,  0 | TrAcc: 0.6758, TrLoss:  1.33009, VaAcc: 0.6820, VaLoss:  2.90786	 10 sampled NNs | VaAcc: 0.4811 +- 0.0263 | VaLoss: 1.5299 +- 0.1033
185,  0 | TrAcc: 0.6748, TrLoss:  1.33519, VaAcc: 0.6863, VaLoss:  2.89802	 10 sampled NNs | VaAcc: 0.4590 +- 0.0323 | VaLoss: 1.5872 +- 0.1461
186,  0 | TrAcc: 0.6755, TrLoss:  1.33233, VaAcc: 0.6838, VaLoss:  2.90606	 10 sampled NNs | VaAcc: 0.5075 +- 0.0298 | VaLoss: 1.4282 +- 0.1214
187,  0 | TrAcc: 0.6768, TrLoss:  1.32863, VaAcc: 0.6805, VaLoss:  2.90902	 10 sampled NNs | VaAcc: 0.4955 +- 0.0361 | VaLoss: 1.4615 +- 0.1394
188,  0 | TrAcc: 0.6781, TrLoss:  1.32755, VaAcc: 0.6849, VaLoss:  2.90564	 10 sampled NNs | VaAcc: 0.5156 +- 0.0341 | VaLoss: 1.4143 +- 0.1124
189,  0 | TrAcc: 0.6752, TrLoss:  1.33495, VaAcc: 0.6835, VaLoss:  2.90992	 10 sampled NNs | VaAcc: 0.4905 +- 0.0400 | VaLoss: 1.4923 +- 0.1525
190,  0 | TrAcc: 0.6768, TrLoss:  1.33274, VaAcc: 0.6824, VaLoss:  2.90596	 10 sampled NNs | VaAcc: 0.4827 +- 0.0306 | VaLoss: 1.5020 +- 0.1229
191,  0 | TrAcc: 0.6790, TrLoss:  1.32622, VaAcc: 0.6854, VaLoss:  2.90023	 10 sampled NNs | VaAcc: 0.4958 +- 0.0157 | VaLoss: 1.4631 +- 0.0936
192,  0 | TrAcc: 0.6778, TrLoss:  1.32817, VaAcc: 0.6836, VaLoss:  2.90367	 10 sampled NNs | VaAcc: 0.4861 +- 0.0319 | VaLoss: 1.5015 +- 0.1118
193,  0 | TrAcc: 0.6773, TrLoss:  1.32952, VaAcc: 0.6840, VaLoss:  2.91062	 10 sampled NNs | VaAcc: 0.5033 +- 0.0291 | VaLoss: 1.4290 +- 0.0944
194,  0 | TrAcc: 0.6784, TrLoss:  1.32604, VaAcc: 0.6859, VaLoss:  2.90897	 10 sampled NNs | VaAcc: 0.4781 +- 0.0580 | VaLoss: 1.5219 +- 0.1861
195,  0 | TrAcc: 0.6788, TrLoss:  1.32552, VaAcc: 0.6826, VaLoss:  2.91043	 10 sampled NNs | VaAcc: 0.5050 +- 0.0415 | VaLoss: 1.4637 +- 0.1398
196,  0 | TrAcc: 0.6789, TrLoss:  1.32407, VaAcc: 0.6847, VaLoss:  2.90633	 10 sampled NNs | VaAcc: 0.4837 +- 0.0423 | VaLoss: 1.5064 +- 0.1486
197,  0 | TrAcc: 0.6805, TrLoss:  1.32458, VaAcc: 0.6850, VaLoss:  2.90905	 10 sampled NNs | VaAcc: 0.5082 +- 0.0321 | VaLoss: 1.4505 +- 0.1145
198,  0 | TrAcc: 0.6802, TrLoss:  1.32454, VaAcc: 0.6882, VaLoss:  2.90865	 10 sampled NNs | VaAcc: 0.4882 +- 0.0374 | VaLoss: 1.5294 +- 0.1640
199,  0 | TrAcc: 0.6785, TrLoss:  1.32779, VaAcc: 0.6896, VaLoss:  2.90157	 10 sampled NNs | VaAcc: 0.5031 +- 0.0428 | VaLoss: 1.4439 +- 0.1382
200,  0 | TrAcc: 0.6784, TrLoss:  1.32750, VaAcc: 0.6890, VaLoss:  2.90119	 10 sampled NNs | VaAcc: 0.4909 +- 0.0302 | VaLoss: 1.4778 +- 0.0838
201,  0 | TrAcc: 0.6832, TrLoss:  1.31938, VaAcc: 0.6837, VaLoss:  2.91436	 10 sampled NNs | VaAcc: 0.5040 +- 0.0447 | VaLoss: 1.4440 +- 0.1320
202,  0 | TrAcc: 0.6803, TrLoss:  1.32331, VaAcc: 0.6898, VaLoss:  2.90251	 10 sampled NNs | VaAcc: 0.4943 +- 0.0428 | VaLoss: 1.5019 +- 0.1589
203,  0 | TrAcc: 0.6782, TrLoss:  1.32704, VaAcc: 0.6917, VaLoss:  2.89823	 10 sampled NNs | VaAcc: 0.5011 +- 0.0468 | VaLoss: 1.4472 +- 0.1248
204,  0 | TrAcc: 0.6800, TrLoss:  1.32517, VaAcc: 0.6924, VaLoss:  2.90597	 10 sampled NNs | VaAcc: 0.4975 +- 0.0508 | VaLoss: 1.4587 +- 0.1776
205,  0 | TrAcc: 0.6818, TrLoss:  1.32395, VaAcc: 0.6882, VaLoss:  2.90730	 10 sampled NNs | VaAcc: 0.4767 +- 0.0712 | VaLoss: 1.5515 +- 0.2646
206,  0 | TrAcc: 0.6825, TrLoss:  1.31824, VaAcc: 0.6845, VaLoss:  2.91844	 10 sampled NNs | VaAcc: 0.5218 +- 0.0496 | VaLoss: 1.3891 +- 0.1602
207,  0 | TrAcc: 0.6801, TrLoss:  1.32245, VaAcc: 0.6882, VaLoss:  2.90450	 10 sampled NNs | VaAcc: 0.4792 +- 0.0478 | VaLoss: 1.5193 +- 0.1723
208,  0 | TrAcc: 0.6806, TrLoss:  1.32307, VaAcc: 0.6847, VaLoss:  2.92170	 10 sampled NNs | VaAcc: 0.5006 +- 0.0258 | VaLoss: 1.4538 +- 0.0775
209,  0 | TrAcc: 0.6827, TrLoss:  1.31972, VaAcc: 0.6899, VaLoss:  2.90609	 10 sampled NNs | VaAcc: 0.4966 +- 0.0529 | VaLoss: 1.4571 +- 0.1730
210,  0 | TrAcc: 0.6828, TrLoss:  1.31973, VaAcc: 0.6897, VaLoss:  2.91112	 10 sampled NNs | VaAcc: 0.5081 +- 0.0318 | VaLoss: 1.4201 +- 0.1175
211,  0 | TrAcc: 0.6830, TrLoss:  1.31880, VaAcc: 0.6872, VaLoss:  2.91206	 10 sampled NNs | VaAcc: 0.5003 +- 0.0415 | VaLoss: 1.4739 +- 0.1807
212,  0 | TrAcc: 0.6830, TrLoss:  1.31837, VaAcc: 0.6888, VaLoss:  2.91801	 10 sampled NNs | VaAcc: 0.5076 +- 0.0447 | VaLoss: 1.4378 +- 0.2122
213,  0 | TrAcc: 0.6828, TrLoss:  1.31961, VaAcc: 0.6929, VaLoss:  2.90449	 10 sampled NNs | VaAcc: 0.5060 +- 0.0245 | VaLoss: 1.4333 +- 0.0860
214,  0 | TrAcc: 0.6808, TrLoss:  1.32299, VaAcc: 0.6876, VaLoss:  2.91329	 10 sampled NNs | VaAcc: 0.4855 +- 0.0527 | VaLoss: 1.4923 +- 0.1516
215,  0 | TrAcc: 0.6811, TrLoss:  1.31923, VaAcc: 0.6909, VaLoss:  2.90723	 10 sampled NNs | VaAcc: 0.5041 +- 0.0324 | VaLoss: 1.4494 +- 0.1194
216,  0 | TrAcc: 0.6828, TrLoss:  1.31963, VaAcc: 0.6819, VaLoss:  2.92375	 10 sampled NNs | VaAcc: 0.5105 +- 0.0202 | VaLoss: 1.3948 +- 0.0669
217,  0 | TrAcc: 0.6826, TrLoss:  1.32132, VaAcc: 0.6915, VaLoss:  2.90171	 10 sampled NNs | VaAcc: 0.5148 +- 0.0342 | VaLoss: 1.4274 +- 0.1310
218,  0 | TrAcc: 0.6832, TrLoss:  1.31686, VaAcc: 0.6893, VaLoss:  2.91228	 10 sampled NNs | VaAcc: 0.4870 +- 0.0522 | VaLoss: 1.5136 +- 0.1909
219,  0 | TrAcc: 0.6830, TrLoss:  1.31890, VaAcc: 0.6919, VaLoss:  2.90881	 10 sampled NNs | VaAcc: 0.5041 +- 0.0434 | VaLoss: 1.4409 +- 0.1390
220,  0 | TrAcc: 0.6819, TrLoss:  1.32164, VaAcc: 0.6859, VaLoss:  2.91649	 10 sampled NNs | VaAcc: 0.5058 +- 0.0358 | VaLoss: 1.4380 +- 0.1182
221,  0 | TrAcc: 0.6839, TrLoss:  1.31551, VaAcc: 0.6920, VaLoss:  2.90643	 10 sampled NNs | VaAcc: 0.5141 +- 0.0267 | VaLoss: 1.4139 +- 0.0786
222,  0 | TrAcc: 0.6845, TrLoss:  1.31306, VaAcc: 0.6902, VaLoss:  2.90439	 10 sampled NNs | VaAcc: 0.4920 +- 0.0539 | VaLoss: 1.4979 +- 0.2648
223,  0 | TrAcc: 0.6848, TrLoss:  1.31440, VaAcc: 0.6861, VaLoss:  2.92658	 10 sampled NNs | VaAcc: 0.4957 +- 0.0502 | VaLoss: 1.4540 +- 0.1533
224,  0 | TrAcc: 0.6840, TrLoss:  1.31607, VaAcc: 0.6922, VaLoss:  2.90604	 10 sampled NNs | VaAcc: 0.4992 +- 0.0257 | VaLoss: 1.4633 +- 0.0938
225,  0 | TrAcc: 0.6827, TrLoss:  1.31802, VaAcc: 0.6937, VaLoss:  2.90575	 10 sampled NNs | VaAcc: 0.5212 +- 0.0311 | VaLoss: 1.3756 +- 0.0894
226,  0 | TrAcc: 0.6840, TrLoss:  1.31548, VaAcc: 0.6911, VaLoss:  2.91454	 10 sampled NNs | VaAcc: 0.5075 +- 0.0349 | VaLoss: 1.4432 +- 0.1079
227,  0 | TrAcc: 0.6835, TrLoss:  1.31715, VaAcc: 0.6928, VaLoss:  2.91358	 10 sampled NNs | VaAcc: 0.5234 +- 0.0375 | VaLoss: 1.3805 +- 0.1316
228,  0 | TrAcc: 0.6865, TrLoss:  1.31247, VaAcc: 0.6879, VaLoss:  2.92215	 10 sampled NNs | VaAcc: 0.4921 +- 0.0372 | VaLoss: 1.5261 +- 0.1674
229,  0 | TrAcc: 0.6862, TrLoss:  1.30887, VaAcc: 0.6907, VaLoss:  2.91776	 10 sampled NNs | VaAcc: 0.4955 +- 0.0547 | VaLoss: 1.4936 +- 0.2049
230,  0 | TrAcc: 0.6861, TrLoss:  1.31287, VaAcc: 0.6949, VaLoss:  2.90790	 10 sampled NNs | VaAcc: 0.5112 +- 0.0334 | VaLoss: 1.4220 +- 0.1129
231,  0 | TrAcc: 0.6844, TrLoss:  1.31608, VaAcc: 0.6910, VaLoss:  2.91495	 10 sampled NNs | VaAcc: 0.4998 +- 0.0365 | VaLoss: 1.4445 +- 0.1242
232,  0 | TrAcc: 0.6847, TrLoss:  1.31396, VaAcc: 0.6889, VaLoss:  2.92223	 10 sampled NNs | VaAcc: 0.4966 +- 0.0399 | VaLoss: 1.4705 +- 0.1602
233,  0 | TrAcc: 0.6855, TrLoss:  1.31368, VaAcc: 0.6879, VaLoss:  2.92185	 10 sampled NNs | VaAcc: 0.5182 +- 0.0279 | VaLoss: 1.4102 +- 0.1053
234,  0 | TrAcc: 0.6860, TrLoss:  1.31190, VaAcc: 0.6924, VaLoss:  2.90927	 10 sampled NNs | VaAcc: 0.5277 +- 0.0299 | VaLoss: 1.3740 +- 0.0952
235,  0 | TrAcc: 0.6845, TrLoss:  1.31478, VaAcc: 0.6858, VaLoss:  2.91881	 10 sampled NNs | VaAcc: 0.5136 +- 0.0427 | VaLoss: 1.4377 +- 0.1456
236,  0 | TrAcc: 0.6845, TrLoss:  1.31494, VaAcc: 0.6911, VaLoss:  2.91663	 10 sampled NNs | VaAcc: 0.4961 +- 0.0439 | VaLoss: 1.4876 +- 0.1805
237,  0 | TrAcc: 0.6864, TrLoss:  1.31245, VaAcc: 0.6948, VaLoss:  2.90930	 10 sampled NNs | VaAcc: 0.5073 +- 0.0609 | VaLoss: 1.4525 +- 0.2680
238,  0 | TrAcc: 0.6880, TrLoss:      nan, VaAcc: 0.6948, VaLoss:      nan	 10 sampled NNs | VaAcc: 0.5020 +- 0.0439 | VaLoss: 1.4515 +- 0.1620
239,  0 | TrAcc: 0.6862, TrLoss:  1.31238, VaAcc: 0.6916, VaLoss:  2.91940	 10 sampled NNs | VaAcc: 0.5131 +- 0.0269 | VaLoss: 1.4347 +- 0.0869
240,  0 | TrAcc: 0.6859, TrLoss:  1.31308, VaAcc: 0.6966, VaLoss:  2.90773	 10 sampled NNs | VaAcc: 0.5199 +- 0.0285 | VaLoss: 1.4014 +- 0.0931
241,  0 | TrAcc: 0.6876, TrLoss:  1.30742, VaAcc: 0.6888, VaLoss:  2.92320	 10 sampled NNs | VaAcc: 0.5171 +- 0.0217 | VaLoss: 1.3971 +- 0.0673
242,  0 | TrAcc: 0.6859, TrLoss:      nan, VaAcc: 0.6890, VaLoss:      nan	 10 sampled NNs | VaAcc: 0.5217 +- 0.0353 | VaLoss: 1.3818 +- 0.1098
243,  0 | TrAcc: 0.6882, TrLoss:  1.30612, VaAcc: 0.6880, VaLoss:  2.92815	 10 sampled NNs | VaAcc: 0.5119 +- 0.0369 | VaLoss: 1.4426 +- 0.1489
244,  0 | TrAcc: 0.6863, TrLoss:  1.31037, VaAcc: 0.6945, VaLoss:  2.90760	 10 sampled NNs | VaAcc: 0.4998 +- 0.0232 | VaLoss: 1.4593 +- 0.1001
245,  0 | TrAcc: 0.6856, TrLoss:  1.31392, VaAcc: 0.6929, VaLoss:  2.91517	 10 sampled NNs | VaAcc: 0.5150 +- 0.0335 | VaLoss: 1.4339 +- 0.1345
246,  0 | TrAcc: 0.6861, TrLoss:  1.31148, VaAcc: 0.6938, VaLoss:  2.92639	 10 sampled NNs | VaAcc: 0.5379 +- 0.0350 | VaLoss: 1.3320 +- 0.0959
247,  0 | TrAcc: 0.6854, TrLoss:  1.31390, VaAcc: 0.6925, VaLoss:  2.91860	 10 sampled NNs | VaAcc: 0.5199 +- 0.0407 | VaLoss: 1.3953 +- 0.1434
248,  0 | TrAcc: 0.6870, TrLoss:  1.30994, VaAcc: 0.6950, VaLoss:  2.92374	 10 sampled NNs | VaAcc: 0.5146 +- 0.0396 | VaLoss: 1.4199 +- 0.1099
249,  0 | TrAcc: 0.6861, TrLoss:  1.31265, VaAcc: 0.6928, VaLoss:  2.91176	 10 sampled NNs | VaAcc: 0.5168 +- 0.0369 | VaLoss: 1.3886 +- 0.1182
250,  0 | TrAcc: 0.6887, TrLoss:  1.30383, VaAcc: 0.6943, VaLoss:  2.91834	 10 sampled NNs | VaAcc: 0.5389 +- 0.0406 | VaLoss: 1.3354 +- 0.1353
251,  0 | TrAcc: 0.6866, TrLoss:  1.31081, VaAcc: 0.6930, VaLoss:  2.92368	 10 sampled NNs | VaAcc: 0.5185 +- 0.0311 | VaLoss: 1.3765 +- 0.0949
252,  0 | TrAcc: 0.6891, TrLoss:  1.30446, VaAcc: 0.6934, VaLoss:  2.91470	 10 sampled NNs | VaAcc: 0.5159 +- 0.0376 | VaLoss: 1.4226 +- 0.1133
253,  0 | TrAcc: 0.6868, TrLoss:  1.30913, VaAcc: 0.6944, VaLoss:  2.92162	 10 sampled NNs | VaAcc: 0.5155 +- 0.0348 | VaLoss: 1.3718 +- 0.0999
254,  0 | TrAcc: 0.6866, TrLoss:  1.31102, VaAcc: 0.6983, VaLoss:  2.90753	 10 sampled NNs | VaAcc: 0.5244 +- 0.0481 | VaLoss: 1.4082 +- 0.1983
255,  0 | TrAcc: 0.6876, TrLoss:  1.30732, VaAcc: 0.6891, VaLoss:  2.93142	 10 sampled NNs | VaAcc: 0.5051 +- 0.0455 | VaLoss: 1.4563 +- 0.1711
256,  0 | TrAcc: 0.6884, TrLoss:  1.30570, VaAcc: 0.6950, VaLoss:  2.92358	 10 sampled NNs | VaAcc: 0.5098 +- 0.0392 | VaLoss: 1.4457 +- 0.1581
257,  0 | TrAcc: 0.6872, TrLoss:  1.31083, VaAcc: 0.6915, VaLoss:  2.92186	 10 sampled NNs | VaAcc: 0.5120 +- 0.0236 | VaLoss: 1.4158 +- 0.0682
258,  0 | TrAcc: 0.6876, TrLoss:  1.30979, VaAcc: 0.6953, VaLoss:  2.91753	 10 sampled NNs | VaAcc: 0.4843 +- 0.0502 | VaLoss: 1.5024 +- 0.1580
259,  0 | TrAcc: 0.6884, TrLoss:  1.30729, VaAcc: 0.6978, VaLoss:  2.91232	 10 sampled NNs | VaAcc: 0.5284 +- 0.0381 | VaLoss: 1.3813 +- 0.1119
260,  0 | TrAcc: 0.6891, TrLoss:  1.30636, VaAcc: 0.6942, VaLoss:  2.92364	 10 sampled NNs | VaAcc: 0.5174 +- 0.0408 | VaLoss: 1.4080 +- 0.1447
261,  0 | TrAcc: 0.6884, TrLoss:  1.30698, VaAcc: 0.6926, VaLoss:  2.92548	 10 sampled NNs | VaAcc: 0.5160 +- 0.0382 | VaLoss: 1.4232 +- 0.1244
262,  0 | TrAcc: 0.6884, TrLoss:  1.30489, VaAcc: 0.6904, VaLoss:  2.93006	 10 sampled NNs | VaAcc: 0.5111 +- 0.0464 | VaLoss: 1.4116 +- 0.1535
263,  0 | TrAcc: 0.6879, TrLoss:  1.30937, VaAcc: 0.6975, VaLoss:  2.91715	 10 sampled NNs | VaAcc: 0.5013 +- 0.0359 | VaLoss: 1.4533 +- 0.1576
264,  0 | TrAcc: 0.6884, TrLoss:  1.30639, VaAcc: 0.7003, VaLoss:  2.91216	 10 sampled NNs | VaAcc: 0.5518 +- 0.0257 | VaLoss: 1.3127 +- 0.0699
265,  0 | TrAcc: 0.6914, TrLoss:  1.29943, VaAcc: 0.6942, VaLoss:  2.92590	 10 sampled NNs | VaAcc: 0.5140 +- 0.0329 | VaLoss: 1.4040 +- 0.0986
266,  0 | TrAcc: 0.6881, TrLoss:  1.31023, VaAcc: 0.6990, VaLoss:  2.91107	 10 sampled NNs | VaAcc: 0.5220 +- 0.0236 | VaLoss: 1.3940 +- 0.0801
267,  0 | TrAcc: 0.6882, TrLoss:  1.30640, VaAcc: 0.6911, VaLoss:  2.92975	 10 sampled NNs | VaAcc: 0.5147 +- 0.0368 | VaLoss: 1.3955 +- 0.1258
268,  0 | TrAcc: 0.6900, TrLoss:  1.30426, VaAcc: 0.6923, VaLoss:  2.92608	 10 sampled NNs | VaAcc: 0.5103 +- 0.0379 | VaLoss: 1.4290 +- 0.1113
269,  0 | TrAcc: 0.6890, TrLoss:  1.30550, VaAcc: 0.6960, VaLoss:  2.92335	 10 sampled NNs | VaAcc: 0.5321 +- 0.0415 | VaLoss: 1.3840 +- 0.1269
270,  0 | TrAcc: 0.6894, TrLoss:  1.30518, VaAcc: 0.6938, VaLoss:  2.92782	 10 sampled NNs | VaAcc: 0.4948 +- 0.0320 | VaLoss: 1.5048 +- 0.1216
271,  0 | TrAcc: 0.6894, TrLoss:      nan, VaAcc: 0.6931, VaLoss:      nan	 10 sampled NNs | VaAcc: 0.5169 +- 0.0337 | VaLoss: 1.3972 +- 0.1473
272,  0 | TrAcc: 0.6920, TrLoss:  1.29938, VaAcc: 0.6974, VaLoss:  2.92374	 10 sampled NNs | VaAcc: 0.5090 +- 0.0423 | VaLoss: 1.4780 +- 0.1859
273,  0 | TrAcc: 0.6883, TrLoss:  1.30805, VaAcc: 0.6976, VaLoss:  2.91480	 10 sampled NNs | VaAcc: 0.5198 +- 0.0411 | VaLoss: 1.3936 +- 0.0901
274,  0 | TrAcc: 0.6903, TrLoss:  1.30201, VaAcc: 0.6989, VaLoss:  2.91578	 10 sampled NNs | VaAcc: 0.5211 +- 0.0370 | VaLoss: 1.3974 +- 0.1324
275,  0 | TrAcc: 0.6905, TrLoss:  1.30203, VaAcc: 0.6989, VaLoss:  2.91561	 10 sampled NNs | VaAcc: 0.5183 +- 0.0345 | VaLoss: 1.3944 +- 0.0786
276,  0 | TrAcc: 0.6902, TrLoss:  1.30208, VaAcc: 0.6950, VaLoss:  2.92406	 10 sampled NNs | VaAcc: 0.5082 +- 0.0372 | VaLoss: 1.4185 +- 0.1136
277,  0 | TrAcc: 0.6893, TrLoss:  1.30482, VaAcc: 0.6976, VaLoss:  2.92426	 10 sampled NNs | VaAcc: 0.5224 +- 0.0323 | VaLoss: 1.3914 +- 0.1159
278,  0 | TrAcc: 0.6902, TrLoss:  1.30368, VaAcc: 0.6962, VaLoss:  2.92103	 10 sampled NNs | VaAcc: 0.5068 +- 0.0404 | VaLoss: 1.4442 +- 0.1253
279,  0 | TrAcc: 0.6897, TrLoss:  1.30317, VaAcc: 0.6906, VaLoss:  2.93564	 10 sampled NNs | VaAcc: 0.5107 +- 0.0360 | VaLoss: 1.4302 +- 0.1197
280,  0 | TrAcc: 0.6905, TrLoss:  1.30418, VaAcc: 0.6953, VaLoss:  2.93061	 10 sampled NNs | VaAcc: 0.5015 +- 0.0468 | VaLoss: 1.4762 +- 0.1454
281,  0 | TrAcc: 0.6911, TrLoss:  1.30056, VaAcc: 0.7000, VaLoss:  2.91959	 10 sampled NNs | VaAcc: 0.5292 +- 0.0292 | VaLoss: 1.3795 +- 0.0967
282,  0 | TrAcc: 0.6916, TrLoss:  1.29963, VaAcc: 0.7004, VaLoss:  2.91875	 10 sampled NNs | VaAcc: 0.5433 +- 0.0380 | VaLoss: 1.3234 +- 0.1115
283,  0 | TrAcc: 0.6907, TrLoss:  1.30325, VaAcc: 0.6981, VaLoss:  2.92338	 10 sampled NNs | VaAcc: 0.5201 +- 0.0286 | VaLoss: 1.3982 +- 0.0768
284,  0 | TrAcc: 0.6905, TrLoss:      nan, VaAcc: 0.6967, VaLoss:      nan	 10 sampled NNs | VaAcc: 0.5188 +- 0.0437 | VaLoss: 1.4107 +- 0.1665
285,  0 | TrAcc: 0.6890, TrLoss:  1.30421, VaAcc: 0.6972, VaLoss:  2.92951	 10 sampled NNs | VaAcc: 0.4933 +- 0.0378 | VaLoss: 1.4880 +- 0.1316
286,  0 | TrAcc: 0.6898, TrLoss:  1.30390, VaAcc: 0.6936, VaLoss:  2.93433	 10 sampled NNs | VaAcc: 0.5137 +- 0.0424 | VaLoss: 1.4301 +- 0.1416
287,  0 | TrAcc: 0.6917, TrLoss:  1.30131, VaAcc: 0.6978, VaLoss:  2.92748	 10 sampled NNs | VaAcc: 0.5305 +- 0.0289 | VaLoss: 1.3573 +- 0.0699
288,  0 | TrAcc: 0.6876, TrLoss:  1.30933, VaAcc: 0.6984, VaLoss:  2.92438	 10 sampled NNs | VaAcc: 0.5324 +- 0.0240 | VaLoss: 1.3412 +- 0.0646
289,  0 | TrAcc: 0.6910, TrLoss:  1.30163, VaAcc: 0.6930, VaLoss:  2.94133	 10 sampled NNs | VaAcc: 0.5208 +- 0.0281 | VaLoss: 1.3790 +- 0.0743
290,  0 | TrAcc: 0.6917, TrLoss:  1.30029, VaAcc: 0.6979, VaLoss:  2.92606	 10 sampled NNs | VaAcc: 0.5192 +- 0.0232 | VaLoss: 1.4063 +- 0.0734
291,  0 | TrAcc: 0.6888, TrLoss:  1.30444, VaAcc: 0.6996, VaLoss:  2.92107	 10 sampled NNs | VaAcc: 0.5213 +- 0.0365 | VaLoss: 1.4180 +- 0.1345
292,  0 | TrAcc: 0.6916, TrLoss:  1.29831, VaAcc: 0.6923, VaLoss:  2.94171	 10 sampled NNs | VaAcc: 0.5120 +- 0.0338 | VaLoss: 1.4300 +- 0.1037
293,  0 | TrAcc: 0.6913, TrLoss:  1.30036, VaAcc: 0.6980, VaLoss:  2.92746	 10 sampled NNs | VaAcc: 0.5167 +- 0.0319 | VaLoss: 1.4212 +- 0.0742
294,  0 | TrAcc: 0.6917, TrLoss:  1.29998, VaAcc: 0.6939, VaLoss:  2.93630	 10 sampled NNs | VaAcc: 0.5301 +- 0.0474 | VaLoss: 1.3905 +- 0.1743
295,  0 | TrAcc: 0.6924, TrLoss:  1.29863, VaAcc: 0.6973, VaLoss:  2.93101	 10 sampled NNs | VaAcc: 0.5362 +- 0.0559 | VaLoss: 1.3592 +- 0.1844
296,  0 | TrAcc: 0.6924, TrLoss:  1.29724, VaAcc: 0.6978, VaLoss:  2.92975	 10 sampled NNs | VaAcc: 0.5199 +- 0.0307 | VaLoss: 1.4101 +- 0.0937
297,  0 | TrAcc: 0.6911, TrLoss:  1.30191, VaAcc: 0.7012, VaLoss:  2.92414	 10 sampled NNs | VaAcc: 0.5137 +- 0.0416 | VaLoss: 1.4262 +- 0.1322
298,  0 | TrAcc: 0.6900, TrLoss:  1.30419, VaAcc: 0.6966, VaLoss:  2.93227	 10 sampled NNs | VaAcc: 0.5206 +- 0.0471 | VaLoss: 1.3837 +- 0.1228
299,  0 | TrAcc: 0.6917, TrLoss:  1.30130, VaAcc: 0.6990, VaLoss:  2.93322	 10 sampled NNs | VaAcc: 0.5105 +- 0.0669 | VaLoss: 1.4313 +- 0.2163
300,  0 | TrAcc: 0.6913, TrLoss:  1.30275, VaAcc: 0.6934, VaLoss:  2.94422	 10 sampled NNs | VaAcc: 0.5394 +- 0.0322 | VaLoss: 1.3237 +- 0.0846
301,  0 | TrAcc: 0.6929, TrLoss:  1.29719, VaAcc: 0.6935, VaLoss:  2.94420	 10 sampled NNs | VaAcc: 0.5281 +- 0.0348 | VaLoss: 1.3944 +- 0.1480
302,  0 | TrAcc: 0.6927, TrLoss:  1.29762, VaAcc: 0.7014, VaLoss:  2.93395	 10 sampled NNs | VaAcc: 0.5314 +- 0.0358 | VaLoss: 1.3728 +- 0.1149
303,  0 | TrAcc: 0.6931, TrLoss:  1.29674, VaAcc: 0.6974, VaLoss:  2.93688	 10 sampled NNs | VaAcc: 0.5476 +- 0.0285 | VaLoss: 1.3357 +- 0.1176
304,  0 | TrAcc: 0.6921, TrLoss:  1.30284, VaAcc: 0.7030, VaLoss:  2.92338	 10 sampled NNs | VaAcc: 0.5459 +- 0.0204 | VaLoss: 1.3296 +- 0.0587
305,  0 | TrAcc: 0.6914, TrLoss:  1.29872, VaAcc: 0.6988, VaLoss:  2.92823	 10 sampled NNs | VaAcc: 0.5069 +- 0.0507 | VaLoss: 1.4825 +- 0.2424
306,  0 | TrAcc: 0.6931, TrLoss:  1.29692, VaAcc: 0.6983, VaLoss:  2.93277	 10 sampled NNs | VaAcc: 0.5177 +- 0.0450 | VaLoss: 1.3999 +- 0.1672
307,  0 | TrAcc: 0.6924, TrLoss:  1.29926, VaAcc: 0.6996, VaLoss:  2.92746	 10 sampled NNs | VaAcc: 0.5102 +- 0.0339 | VaLoss: 1.4100 +- 0.0913
308,  0 | TrAcc: 0.6922, TrLoss:  1.29980, VaAcc: 0.6938, VaLoss:  2.94111	 10 sampled NNs | VaAcc: 0.5331 +- 0.0532 | VaLoss: 1.4046 +- 0.2343
309,  0 | TrAcc: 0.6933, TrLoss:  1.29549, VaAcc: 0.6975, VaLoss:  2.94188	 10 sampled NNs | VaAcc: 0.5431 +- 0.0373 | VaLoss: 1.3297 +- 0.0914
310,  0 | TrAcc: 0.6938, TrLoss:  1.29629, VaAcc: 0.6971, VaLoss:  2.93221	 10 sampled NNs | VaAcc: 0.5260 +- 0.0285 | VaLoss: 1.3568 +- 0.0784
311,  0 | TrAcc: 0.6932, TrLoss:  1.29680, VaAcc: 0.6965, VaLoss:  2.94367	 10 sampled NNs | VaAcc: 0.5364 +- 0.0374 | VaLoss: 1.3391 +- 0.1199
312,  0 | TrAcc: 0.6918, TrLoss:  1.30186, VaAcc: 0.6987, VaLoss:  2.93708	 10 sampled NNs | VaAcc: 0.5332 +- 0.0286 | VaLoss: 1.3508 +- 0.0818
313,  0 | TrAcc: 0.6904, TrLoss:  1.30323, VaAcc: 0.7003, VaLoss:  2.92758	 10 sampled NNs | VaAcc: 0.5354 +- 0.0328 | VaLoss: 1.3494 +- 0.1280
314,  0 | TrAcc: 0.6930, TrLoss:  1.29472, VaAcc: 0.6971, VaLoss:  2.93230	 10 sampled NNs | VaAcc: 0.5270 +- 0.0288 | VaLoss: 1.3986 +- 0.1115
315,  0 | TrAcc: 0.6895, TrLoss:  1.30386, VaAcc: 0.6959, VaLoss:  2.94690	 10 sampled NNs | VaAcc: 0.5113 +- 0.0381 | VaLoss: 1.3980 +- 0.1155
316,  0 | TrAcc: 0.6916, TrLoss:  1.29884, VaAcc: 0.6997, VaLoss:  2.93098	 10 sampled NNs | VaAcc: 0.5271 +- 0.0572 | VaLoss: 1.4032 +- 0.1987
317,  0 | TrAcc: 0.6936, TrLoss:  1.29548, VaAcc: 0.7000, VaLoss:  2.93780	 10 sampled NNs | VaAcc: 0.5064 +- 0.0346 | VaLoss: 1.4551 +- 0.1333
318,  0 | TrAcc: 0.6939, TrLoss:  1.29583, VaAcc: 0.7008, VaLoss:  2.93115	 10 sampled NNs | VaAcc: 0.5162 +- 0.0432 | VaLoss: 1.4048 +- 0.1278
319,  0 | TrAcc: 0.6920, TrLoss:  1.29881, VaAcc: 0.7066, VaLoss:  2.92014	 10 sampled NNs | VaAcc: 0.5177 +- 0.0457 | VaLoss: 1.4083 +- 0.1669
320,  0 | TrAcc: 0.6941, TrLoss:  1.29415, VaAcc: 0.7000, VaLoss:  2.92610	 10 sampled NNs | VaAcc: 0.5237 +- 0.0341 | VaLoss: 1.3852 +- 0.1130
321,  0 | TrAcc: 0.6944, TrLoss:  1.29346, VaAcc: 0.7012, VaLoss:  2.92563	 10 sampled NNs | VaAcc: 0.5379 +- 0.0258 | VaLoss: 1.3534 +- 0.0832
322,  0 | TrAcc: 0.6931, TrLoss:  1.29870, VaAcc: 0.6990, VaLoss:  2.93541	 10 sampled NNs | VaAcc: 0.5334 +- 0.0259 | VaLoss: 1.3831 +- 0.1463
323,  0 | TrAcc: 0.6936, TrLoss:  1.29632, VaAcc: 0.6975, VaLoss:  2.93692	 10 sampled NNs | VaAcc: 0.5103 +- 0.0400 | VaLoss: 1.4277 +- 0.1246
324,  0 | TrAcc: 0.6942, TrLoss:  1.29278, VaAcc: 0.7007, VaLoss:  2.93213	 10 sampled NNs | VaAcc: 0.5283 +- 0.0222 | VaLoss: 1.3681 +- 0.0719
325,  0 | TrAcc: 0.6945, TrLoss:  1.29357, VaAcc: 0.6997, VaLoss:  2.93032	 10 sampled NNs | VaAcc: 0.5206 +- 0.0315 | VaLoss: 1.3929 +- 0.0911
326,  0 | TrAcc: 0.6937, TrLoss:  1.29401, VaAcc: 0.6958, VaLoss:  2.94094	 10 sampled NNs | VaAcc: 0.5479 +- 0.0275 | VaLoss: 1.3203 +- 0.0682
327,  0 | TrAcc: 0.6903, TrLoss:  1.30381, VaAcc: 0.7002, VaLoss:  2.92667	 10 sampled NNs | VaAcc: 0.5230 +- 0.0224 | VaLoss: 1.3948 +- 0.0734
328,  0 | TrAcc: 0.6919, TrLoss:  1.29868, VaAcc: 0.7016, VaLoss:  2.92952	 10 sampled NNs | VaAcc: 0.5169 +- 0.0364 | VaLoss: 1.4292 +- 0.1175
329,  0 | TrAcc: 0.6945, TrLoss:  1.29273, VaAcc: 0.6999, VaLoss:  2.93301	 10 sampled NNs | VaAcc: 0.5221 +- 0.0426 | VaLoss: 1.3724 +- 0.1106
330,  0 | TrAcc: 0.6929, TrLoss:  1.29674, VaAcc: 0.7002, VaLoss:  2.93468	 10 sampled NNs | VaAcc: 0.5379 +- 0.0228 | VaLoss: 1.3273 +- 0.0487
331,  0 | TrAcc: 0.6934, TrLoss:  1.29653, VaAcc: 0.6971, VaLoss:  2.93925	 10 sampled NNs | VaAcc: 0.5238 +- 0.0266 | VaLoss: 1.3636 +- 0.0779
332,  0 | TrAcc: 0.6909, TrLoss:  1.29998, VaAcc: 0.7018, VaLoss:  2.92168	 10 sampled NNs | VaAcc: 0.5232 +- 0.0264 | VaLoss: 1.3897 +- 0.0837
333,  0 | TrAcc: 0.6941, TrLoss:  1.29286, VaAcc: 0.7034, VaLoss:  2.92800	 10 sampled NNs | VaAcc: 0.5512 +- 0.0222 | VaLoss: 1.3150 +- 0.0731
334,  0 | TrAcc: 0.6943, TrLoss:  1.29315, VaAcc: 0.6997, VaLoss:  2.92986	 10 sampled NNs | VaAcc: 0.5271 +- 0.0348 | VaLoss: 1.3800 +- 0.1208
335,  0 | TrAcc: 0.6928, TrLoss:  1.29739, VaAcc: 0.6988, VaLoss:  2.93235	 10 sampled NNs | VaAcc: 0.5251 +- 0.0238 | VaLoss: 1.3669 +- 0.0952
336,  0 | TrAcc: 0.6949, TrLoss:  1.29152, VaAcc: 0.6992, VaLoss:  2.94032	 10 sampled NNs | VaAcc: 0.5274 +- 0.0316 | VaLoss: 1.3747 +- 0.1207
337,  0 | TrAcc: 0.6926, TrLoss:  1.29558, VaAcc: 0.7031, VaLoss:  2.92318	 10 sampled NNs | VaAcc: 0.5337 +- 0.0288 | VaLoss: 1.3638 +- 0.0748
338,  0 | TrAcc: 0.6950, TrLoss:  1.29276, VaAcc: 0.7005, VaLoss:  2.93037	 10 sampled NNs | VaAcc: 0.5353 +- 0.0373 | VaLoss: 1.3571 +- 0.1100
339,  0 | TrAcc: 0.6944, TrLoss:  1.29321, VaAcc: 0.6946, VaLoss:  2.93939	 10 sampled NNs | VaAcc: 0.5357 +- 0.0294 | VaLoss: 1.3691 +- 0.0778
340,  0 | TrAcc: 0.6947, TrLoss:  1.28931, VaAcc: 0.6986, VaLoss:  2.93463	 10 sampled NNs | VaAcc: 0.5325 +- 0.0414 | VaLoss: 1.3824 +- 0.1645
341,  0 | TrAcc: 0.6938, TrLoss:  1.29263, VaAcc: 0.6994, VaLoss:  2.93733	 10 sampled NNs | VaAcc: 0.5384 +- 0.0518 | VaLoss: 1.3575 +- 0.2030
342,  0 | TrAcc: 0.6929, TrLoss:  1.29379, VaAcc: 0.7030, VaLoss:  2.92788	 10 sampled NNs | VaAcc: 0.5466 +- 0.0342 | VaLoss: 1.3108 +- 0.0855
343,  0 | TrAcc: 0.6948, TrLoss:  1.29055, VaAcc: 0.7009, VaLoss:  2.92883	 10 sampled NNs | VaAcc: 0.5263 +- 0.0418 | VaLoss: 1.3681 +- 0.1180
344,  0 | TrAcc: 0.6945, TrLoss:  1.29322, VaAcc: 0.7027, VaLoss:  2.92639	 10 sampled NNs | VaAcc: 0.5513 +- 0.0340 | VaLoss: 1.3054 +- 0.1005
345,  0 | TrAcc: 0.6922, TrLoss:  1.29737, VaAcc: 0.7014, VaLoss:  2.92744	 10 sampled NNs | VaAcc: 0.5421 +- 0.0364 | VaLoss: 1.3721 +- 0.1659
346,  0 | TrAcc: 0.6948, TrLoss:  1.29285, VaAcc: 0.7002, VaLoss:  2.93021	 10 sampled NNs | VaAcc: 0.5302 +- 0.0319 | VaLoss: 1.3621 +- 0.0995
347,  0 | TrAcc: 0.6930, TrLoss:  1.29498, VaAcc: 0.7042, VaLoss:  2.92395	 10 sampled NNs | VaAcc: 0.5291 +- 0.0459 | VaLoss: 1.3972 +- 0.1965
348,  0 | TrAcc: 0.6954, TrLoss:  1.29225, VaAcc: 0.6990, VaLoss:  2.93356	 10 sampled NNs | VaAcc: 0.5129 +- 0.0353 | VaLoss: 1.3963 +- 0.1108
349,  0 | TrAcc: 0.6948, TrLoss:  1.29195, VaAcc: 0.6983, VaLoss:  2.93442	 10 sampled NNs | VaAcc: 0.5157 +- 0.0425 | VaLoss: 1.4088 +- 0.1251
350,  0 | TrAcc: 0.6933, TrLoss:  1.29394, VaAcc: 0.7008, VaLoss:  2.92483	 10 sampled NNs | VaAcc: 0.5314 +- 0.0376 | VaLoss: 1.3780 +- 0.1791
351,  0 | TrAcc: 0.6962, TrLoss:  1.29149, VaAcc: 0.7019, VaLoss:  2.92971	 10 sampled NNs | VaAcc: 0.5357 +- 0.0319 | VaLoss: 1.3319 +- 0.0674
352,  0 | TrAcc: 0.6922, TrLoss:  1.29579, VaAcc: 0.6995, VaLoss:  2.92956	 10 sampled NNs | VaAcc: 0.5436 +- 0.0249 | VaLoss: 1.3112 +- 0.0386
353,  0 | TrAcc: 0.6944, TrLoss:  1.29238, VaAcc: 0.7038, VaLoss:  2.92011	 10 sampled NNs | VaAcc: 0.5368 +- 0.0352 | VaLoss: 1.3705 +- 0.1029
354,  0 | TrAcc: 0.6942, TrLoss:  1.29428, VaAcc: 0.6998, VaLoss:  2.93443	 10 sampled NNs | VaAcc: 0.5500 +- 0.0281 | VaLoss: 1.3145 +- 0.1027
355,  0 | TrAcc: 0.6927, TrLoss:  1.29497, VaAcc: 0.6995, VaLoss:  2.93109	 10 sampled NNs | VaAcc: 0.5244 +- 0.0291 | VaLoss: 1.3967 +- 0.0972
356,  0 | TrAcc: 0.6919, TrLoss:  1.30010, VaAcc: 0.7025, VaLoss:  2.92883	 10 sampled NNs | VaAcc: 0.5253 +- 0.0384 | VaLoss: 1.3794 +- 0.1240
357,  0 | TrAcc: 0.6942, TrLoss:  1.29093, VaAcc: 0.7014, VaLoss:  2.92707	 10 sampled NNs | VaAcc: 0.5543 +- 0.0311 | VaLoss: 1.2982 +- 0.0828
358,  0 | TrAcc: 0.6956, TrLoss:  1.29074, VaAcc: 0.7020, VaLoss:  2.92998	 10 sampled NNs | VaAcc: 0.5416 +- 0.0348 | VaLoss: 1.3452 +- 0.1332
359,  0 | TrAcc: 0.6962, TrLoss:  1.28746, VaAcc: 0.7047, VaLoss:  2.92211	 10 sampled NNs | VaAcc: 0.4938 +- 0.0408 | VaLoss: 1.4941 +- 0.1250
360,  0 | TrAcc: 0.6927, TrLoss:  1.29546, VaAcc: 0.6988, VaLoss:  2.92912	 10 sampled NNs | VaAcc: 0.5373 +- 0.0341 | VaLoss: 1.3538 +- 0.1128
361,  0 | TrAcc: 0.6937, TrLoss:  1.29372, VaAcc: 0.7013, VaLoss:  2.92866	 10 sampled NNs | VaAcc: 0.5225 +- 0.0368 | VaLoss: 1.3926 +- 0.1278
362,  0 | TrAcc: 0.6944, TrLoss:  1.29131, VaAcc: 0.7023, VaLoss:  2.92802	 10 sampled NNs | VaAcc: 0.5347 +- 0.0333 | VaLoss: 1.3516 +- 0.1066
363,  0 | TrAcc: 0.6940, TrLoss:  1.29262, VaAcc: 0.7015, VaLoss:  2.92880	 10 sampled NNs | VaAcc: 0.5393 +- 0.0391 | VaLoss: 1.3477 +- 0.1205
364,  0 | TrAcc: 0.6943, TrLoss:  1.29176, VaAcc: 0.7025, VaLoss:  2.92562	 10 sampled NNs | VaAcc: 0.5328 +- 0.0410 | VaLoss: 1.3633 +- 0.1177
365,  0 | TrAcc: 0.6943, TrLoss:  1.29160, VaAcc: 0.7042, VaLoss:  2.92279	 10 sampled NNs | VaAcc: 0.5499 +- 0.0303 | VaLoss: 1.3020 +- 0.0948
366,  0 | TrAcc: 0.6944, TrLoss:  1.28909, VaAcc: 0.7015, VaLoss:  2.92520	 10 sampled NNs | VaAcc: 0.5145 +- 0.0431 | VaLoss: 1.4297 +- 0.1297
367,  0 | TrAcc: 0.6935, TrLoss:  1.29372, VaAcc: 0.6986, VaLoss:  2.93440	 10 sampled NNs | VaAcc: 0.5301 +- 0.0515 | VaLoss: 1.3580 +- 0.1380
368,  0 | TrAcc: 0.6949, TrLoss:  1.28955, VaAcc: 0.6970, VaLoss:  2.93197	 10 sampled NNs | VaAcc: 0.5115 +- 0.0433 | VaLoss: 1.4239 +- 0.1508
369,  0 | TrAcc: 0.6942, TrLoss:  1.28896, VaAcc: 0.7011, VaLoss:  2.92864	 10 sampled NNs | VaAcc: 0.5391 +- 0.0504 | VaLoss: 1.3681 +- 0.1537
370,  0 | TrAcc: 0.6957, TrLoss:  1.28759, VaAcc: 0.7005, VaLoss:  2.92264	 10 sampled NNs | VaAcc: 0.5444 +- 0.0295 | VaLoss: 1.3114 +- 0.0927
371,  0 | TrAcc: 0.6949, TrLoss:  1.29090, VaAcc: 0.7041, VaLoss:  2.92208	 10 sampled NNs | VaAcc: 0.5414 +- 0.0398 | VaLoss: 1.3675 +- 0.1466
372,  0 | TrAcc: 0.6962, TrLoss:  1.28904, VaAcc: 0.7000, VaLoss:  2.92867	 10 sampled NNs | VaAcc: 0.5471 +- 0.0498 | VaLoss: 1.3189 +- 0.1474
373,  0 | TrAcc: 0.6940, TrLoss:  1.29314, VaAcc: 0.7022, VaLoss:  2.92042	 10 sampled NNs | VaAcc: 0.5477 +- 0.0298 | VaLoss: 1.3168 +- 0.0821
374,  0 | TrAcc: 0.6952, TrLoss:  1.29102, VaAcc: 0.7026, VaLoss:  2.93075	 10 sampled NNs | VaAcc: 0.5155 +- 0.0439 | VaLoss: 1.4175 +- 0.1673
375,  0 | TrAcc: 0.6959, TrLoss:  1.29224, VaAcc: 0.6998, VaLoss:  2.92699	 10 sampled NNs | VaAcc: 0.5383 +- 0.0342 | VaLoss: 1.3624 +- 0.1215
376,  0 | TrAcc: 0.6947, TrLoss:  1.29155, VaAcc: 0.7010, VaLoss:  2.92464	 10 sampled NNs | VaAcc: 0.5362 +- 0.0309 | VaLoss: 1.3442 +- 0.0978
377,  0 | TrAcc: 0.6970, TrLoss:  1.28644, VaAcc: 0.6993, VaLoss:  2.93167	 10 sampled NNs | VaAcc: 0.5375 +- 0.0366 | VaLoss: 1.3646 +- 0.1568
378,  0 | TrAcc: 0.6948, TrLoss:  1.29059, VaAcc: 0.7000, VaLoss:  2.93134	 10 sampled NNs | VaAcc: 0.5429 +- 0.0297 | VaLoss: 1.3112 +- 0.0897
379,  0 | TrAcc: 0.6946, TrLoss:  1.29022, VaAcc: 0.7022, VaLoss:  2.92148	 10 sampled NNs | VaAcc: 0.5116 +- 0.0512 | VaLoss: 1.4691 +- 0.2022
380,  0 | TrAcc: 0.6972, TrLoss:  1.28436, VaAcc: 0.7016, VaLoss:  2.92225	 10 sampled NNs | VaAcc: 0.5513 +- 0.0232 | VaLoss: 1.3170 +- 0.0649
381,  0 | TrAcc: 0.6934, TrLoss:  1.29374, VaAcc: 0.7002, VaLoss:  2.92501	 10 sampled NNs | VaAcc: 0.5612 +- 0.0329 | VaLoss: 1.2718 +- 0.0878
382,  0 | TrAcc: 0.6937, TrLoss:  1.29013, VaAcc: 0.6996, VaLoss:  2.92633	 10 sampled NNs | VaAcc: 0.5562 +- 0.0260 | VaLoss: 1.2994 +- 0.0871
383,  0 | TrAcc: 0.6959, TrLoss:  1.28648, VaAcc: 0.7027, VaLoss:  2.91953	 10 sampled NNs | VaAcc: 0.5456 +- 0.0287 | VaLoss: 1.3439 +- 0.1430
384,  0 | TrAcc: 0.6962, TrLoss:  1.28592, VaAcc: 0.7053, VaLoss:  2.91408	 10 sampled NNs | VaAcc: 0.5178 +- 0.0284 | VaLoss: 1.4307 +- 0.0924
385,  0 | TrAcc: 0.6954, TrLoss:  1.28773, VaAcc: 0.7015, VaLoss:  2.91629	 10 sampled NNs | VaAcc: 0.5442 +- 0.0270 | VaLoss: 1.3311 +- 0.1011
386,  0 | TrAcc: 0.6962, TrLoss:  1.28508, VaAcc: 0.7060, VaLoss:  2.91168	 10 sampled NNs | VaAcc: 0.5440 +- 0.0518 | VaLoss: 1.3515 +- 0.1635
387,  0 | TrAcc: 0.6949, TrLoss:  1.28679, VaAcc: 0.6994, VaLoss:  2.92728	 10 sampled NNs | VaAcc: 0.5203 +- 0.0384 | VaLoss: 1.4304 +- 0.1701
388,  0 | TrAcc: 0.6959, TrLoss:  1.28645, VaAcc: 0.6979, VaLoss:  2.93293	 10 sampled NNs | VaAcc: 0.5278 +- 0.0513 | VaLoss: 1.3907 +- 0.1931
389,  0 | TrAcc: 0.6954, TrLoss:  1.28729, VaAcc: 0.7013, VaLoss:  2.92170	 10 sampled NNs | VaAcc: 0.5254 +- 0.0258 | VaLoss: 1.3965 +- 0.0808
390,  0 | TrAcc: 0.6933, TrLoss:  1.28964, VaAcc: 0.7012, VaLoss:  2.92036	 10 sampled NNs | VaAcc: 0.5357 +- 0.0305 | VaLoss: 1.3696 +- 0.1089
391,  0 | TrAcc: 0.6970, TrLoss:  1.28476, VaAcc: 0.7011, VaLoss:  2.92097	 10 sampled NNs | VaAcc: 0.5345 +- 0.0551 | VaLoss: 1.3853 +- 0.1751
392,  0 | TrAcc: 0.6956, TrLoss:  1.28505, VaAcc: 0.7010, VaLoss:  2.92200	 10 sampled NNs | VaAcc: 0.5457 +- 0.0263 | VaLoss: 1.3269 +- 0.0770
393,  0 | TrAcc: 0.6961, TrLoss:  1.28778, VaAcc: 0.7029, VaLoss:  2.92127	 10 sampled NNs | VaAcc: 0.5456 +- 0.0173 | VaLoss: 1.3125 +- 0.0499
394,  0 | TrAcc: 0.6971, TrLoss:  1.28551, VaAcc: 0.6997, VaLoss:  2.92745	 10 sampled NNs | VaAcc: 0.5415 +- 0.0478 | VaLoss: 1.3370 +- 0.1274
395,  0 | TrAcc: 0.6957, TrLoss:  1.28618, VaAcc: 0.7049, VaLoss:  2.91972	 10 sampled NNs | VaAcc: 0.5460 +- 0.0245 | VaLoss: 1.3280 +- 0.0717
396,  0 | TrAcc: 0.6969, TrLoss:  1.28328, VaAcc: 0.6987, VaLoss:  2.93027	 10 sampled NNs | VaAcc: 0.5395 +- 0.0253 | VaLoss: 1.3425 +- 0.0901
397,  0 | TrAcc: 0.6972, TrLoss:  1.28343, VaAcc: 0.7011, VaLoss:  2.92259	 10 sampled NNs | VaAcc: 0.5395 +- 0.0532 | VaLoss: 1.3661 +- 0.1816
398,  0 | TrAcc: 0.6970, TrLoss:  1.28166, VaAcc: 0.7036, VaLoss:  2.91458	 10 sampled NNs | VaAcc: 0.5274 +- 0.0441 | VaLoss: 1.4076 +- 0.1461
399,  0 | TrAcc: 0.6953, TrLoss:  1.28589, VaAcc: 0.7009, VaLoss:  2.92099	 10 sampled NNs | VaAcc: 0.5181 +- 0.0397 | VaLoss: 1.3890 +- 0.1281
74274.31343600001
----------------------------
