

config:

HOME=/clusterFS/home/student/kopp13
PATH=/clusterFS/home/student/kopp13/miniconda3/envs/tensorflow/bin:/clusterFS/home/student/kopp13/miniconda3/bin:/clusterFS/home/student/kopp13/bin:/usr/local/bin:/usr/bin:/bin:/usr/local/games:/usr/games
LD_LIBRARY_PATH=
THEANO_FLAGS=floatX=float32,gpuarray.preallocate=0.9,dnn.library_path=/usr/lib/x86_64-linux-gnu,cxx=clang++-3.8,device=cuda,base_compiledir=/tmp/tmp.a52PHQBQKF

=============================
CONFIG FILE

RNN CONFIG
{'data_multiplier': 0.05,
 'gradient_clip_value': 0.5,
 'layer_configs': [{'layer_type': 'input'},
                   {'bc': {'init_m': 'xavier',
                           'init_v': -4.5,
                           'prior_m': 0.0,
                           'prior_v': 0.0,
                           'type': 'continuous'},
                    'bf': {'init_m': 'xavier',
                           'init_v': -4.5,
                           'prior_m': 0.0,
                           'prior_v': 0.0,
                           'type': 'continuous'},
                    'bi': {'init_m': 'xavier',
                           'init_v': -4.5,
                           'prior_m': 0.0,
                           'prior_v': 0.0,
                           'type': 'continuous'},
                    'bo': {'init_m': 'xavier',
                           'init_v': -4.5,
                           'prior_m': 0.0,
                           'prior_v': 0.0,
                           'type': 'continuous'},
                    'init_config': {'c': {'b': 'all_zero', 'w': 'xavier'},
                                    'f': {'b': 'all_one', 'w': 'all_zero'},
                                    'i': {'b': 'all_zero', 'w': 'xavier'},
                                    'o': {'b': 'all_zero', 'w': 'xavier'}},
                    'is_output': False,
                    'is_recurrent': True,
                    'layer_type': 'lstm',
                    'tau': 0.2,
                    'var_scope': 'lstm_0',
                    'wc': {'p0max': 0.95,
                           'p0min': 0.05,
                           'pmax': 0.99,
                           'pmin': 0.01,
                           'priors': [0.1, 0.8, 0.1],
                           'type': 'ternary'},
                    'wf': {'p0max': 0.95,
                           'p0min': 0.05,
                           'pmax': 0.99,
                           'pmin': 0.01,
                           'priors': [0.1, 0.8, 0.1],
                           'type': 'ternary'},
                    'wi': {'p0max': 0.95,
                           'p0min': 0.05,
                           'pmax': 0.99,
                           'pmin': 0.01,
                           'priors': [0.1, 0.8, 0.1],
                           'type': 'ternary'},
                    'wo': {'p0max': 0.95,
                           'p0min': 0.05,
                           'pmax': 0.99,
                           'pmin': 0.01,
                           'priors': [0.1, 0.8, 0.1],
                           'type': 'ternary'}},
                   {'bc': {'init_m': 'xavier',
                           'init_v': -4.5,
                           'prior_m': 0.0,
                           'prior_v': 0.0,
                           'type': 'continuous'},
                    'bf': {'init_m': 'xavier',
                           'init_v': -4.5,
                           'prior_m': 0.0,
                           'prior_v': 0.0,
                           'type': 'continuous'},
                    'bi': {'init_m': 'xavier',
                           'init_v': -4.5,
                           'prior_m': 0.0,
                           'prior_v': 0.0,
                           'type': 'continuous'},
                    'bo': {'init_m': 'xavier',
                           'init_v': -4.5,
                           'prior_m': 0.0,
                           'prior_v': 0.0,
                           'type': 'continuous'},
                    'init_config': {'c': {'b': 'all_zero', 'w': 'xavier'},
                                    'f': {'b': 'all_one', 'w': 'all_zero'},
                                    'i': {'b': 'all_zero', 'w': 'xavier'},
                                    'o': {'b': 'all_zero', 'w': 'xavier'}},
                    'is_output': False,
                    'is_recurrent': True,
                    'layer_type': 'lstm',
                    'tau': 0.2,
                    'var_scope': 'lstm_1',
                    'wc': {'p0max': 0.95,
                           'p0min': 0.05,
                           'pmax': 0.99,
                           'pmin': 0.01,
                           'priors': [0.1, 0.8, 0.1],
                           'type': 'ternary'},
                    'wf': {'p0max': 0.95,
                           'p0min': 0.05,
                           'pmax': 0.99,
                           'pmin': 0.01,
                           'priors': [0.1, 0.8, 0.1],
                           'type': 'ternary'},
                    'wi': {'p0max': 0.95,
                           'p0min': 0.05,
                           'pmax': 0.99,
                           'pmin': 0.01,
                           'priors': [0.1, 0.8, 0.1],
                           'type': 'ternary'},
                    'wo': {'p0max': 0.95,
                           'p0min': 0.05,
                           'pmax': 0.99,
                           'pmin': 0.01,
                           'priors': [0.1, 0.8, 0.1],
                           'type': 'ternary'}},
                   {'b': {'init_m': 'xavier',
                          'init_v': -4.5,
                          'prior_m': 0.0,
                          'prior_v': 0.0,
                          'type': 'continuous'},
                    'is_output': True,
                    'is_recurrent': False,
                    'layer_type': 'fc',
                    'regularization': {'mode': None, 'strength': 0.02},
                    'tau': 0.2,
                    'var_scope': 'output_layer',
                    'w': {'p0max': 0.95,
                          'p0min': 0.05,
                          'pmax': 0.99,
                          'pmin': 0.01,
                          'priors': [0.1, 0.8, 0.1],
                          'type': 'ternary'}}],
 'layout': [4, 60, 60, 10],
 'output_type': 'classification'}

DATA CONFIG
{'dataset': 'red_penstroke',
 'tr': {'in_seq_len': 30,
        'minibatch_enabled': True,
        'minibatch_size': 200,
        'out_seq_len': 5,
        'zero_padding': 20},
 'va': {'in_seq_len': 30,
        'minibatch_enabled': True,
        'minibatch_size': 200,
        'out_seq_len': 5,
        'zero_padding': 20}}

TRAINING CONFIG
{'beta_reg': 0.0,
 'is_pretrain': False,
 'learning_rate': 0.001,
 'max_epochs': 200,
 'mode': {'max_epochs': 400, 'min_error': 0.0, 'name': 'classic'},
 'task_id': 1,
 'type': 'l_sampling',
 'var_reg': 0.01}
==============================


pretraning is over
  0,  0 | TrAcc: 0.1005, TrLoss:  7.77167, VaAcc: 0.1034, VaLoss: 19.45886	 10 sampled NNs | VaAcc: 0.0926 +- 0.0211 | VaLoss: 4.7376 +- 0.7753
  1,  0 | TrAcc: 0.1297, TrLoss:  4.88065, VaAcc: 0.1243, VaLoss: 14.58294	 10 sampled NNs | VaAcc: 0.1179 +- 0.0205 | VaLoss: 2.6636 +- 0.1567
  2,  0 | TrAcc: 0.1376, TrLoss:  4.38473, VaAcc: 0.1269, VaLoss: 12.36259	 10 sampled NNs | VaAcc: 0.1293 +- 0.0110 | VaLoss: 2.4958 +- 0.0977
  3,  0 | TrAcc: 0.1400, TrLoss:  3.96930, VaAcc: 0.1284, VaLoss: 10.56396	 10 sampled NNs | VaAcc: 0.1362 +- 0.0159 | VaLoss: 2.4508 +- 0.1096
  4,  0 | TrAcc: 0.1454, TrLoss:  3.61080, VaAcc: 0.1311, VaLoss:  9.14254	 10 sampled NNs | VaAcc: 0.1350 +- 0.0147 | VaLoss: 2.3301 +- 0.0808
  5,  0 | TrAcc: 0.1828, TrLoss:  3.33676, VaAcc: 0.1803, VaLoss:  8.12693	 10 sampled NNs | VaAcc: 0.1347 +- 0.0233 | VaLoss: 2.3928 +- 0.1092
  6,  0 | TrAcc: 0.2113, TrLoss:  3.14591, VaAcc: 0.2158, VaLoss:  7.43908	 10 sampled NNs | VaAcc: 0.1513 +- 0.0165 | VaLoss: 2.3297 +- 0.0922
  7,  0 | TrAcc: 0.2269, TrLoss:  3.00498, VaAcc: 0.2353, VaLoss:  6.91933	 10 sampled NNs | VaAcc: 0.1621 +- 0.0327 | VaLoss: 2.4652 +- 0.1774
  8,  0 | TrAcc: 0.2437, TrLoss:  2.88055, VaAcc: 0.2528, VaLoss:  6.45282	 10 sampled NNs | VaAcc: 0.1641 +- 0.0399 | VaLoss: 2.4033 +- 0.2701
  9,  0 | TrAcc: 0.2704, TrLoss:  2.78130, VaAcc: 0.2805, VaLoss:  6.16957	 10 sampled NNs | VaAcc: 0.1700 +- 0.0345 | VaLoss: 2.4108 +- 0.1947
 10,  0 | TrAcc: 0.3130, TrLoss:  2.63271, VaAcc: 0.3265, VaLoss:  5.93179	 10 sampled NNs | VaAcc: 0.1767 +- 0.0351 | VaLoss: 2.5180 +- 0.3535
 11,  0 | TrAcc: 0.3339, TrLoss:  2.55268, VaAcc: 0.3499, VaLoss:  5.76991	 10 sampled NNs | VaAcc: 0.1793 +- 0.0383 | VaLoss: 2.4095 +- 0.1722
 12,  0 | TrAcc: 0.3553, TrLoss:  2.47548, VaAcc: 0.3686, VaLoss:  5.64427	 10 sampled NNs | VaAcc: 0.1710 +- 0.0400 | VaLoss: 2.4872 +- 0.2881
 13,  0 | TrAcc: 0.3725, TrLoss:  2.42060, VaAcc: 0.3906, VaLoss:  5.51130	 10 sampled NNs | VaAcc: 0.2203 +- 0.0376 | VaLoss: 2.3352 +- 0.2657
 14,  0 | TrAcc: 0.3889, TrLoss:  2.36164, VaAcc: 0.4009, VaLoss:  5.39947	 10 sampled NNs | VaAcc: 0.2175 +- 0.0484 | VaLoss: 2.2996 +- 0.2210
 15,  0 | TrAcc: 0.4025, TrLoss:  2.31639, VaAcc: 0.4211, VaLoss:  5.27895	 10 sampled NNs | VaAcc: 0.2231 +- 0.0564 | VaLoss: 2.3051 +- 0.3775
 16,  0 | TrAcc: 0.4170, TrLoss:  2.26515, VaAcc: 0.4319, VaLoss:  5.15771	 10 sampled NNs | VaAcc: 0.2173 +- 0.0517 | VaLoss: 2.2794 +- 0.2610
 17,  0 | TrAcc: 0.4323, TrLoss:  2.21155, VaAcc: 0.4460, VaLoss:  5.01566	 10 sampled NNs | VaAcc: 0.2137 +- 0.0495 | VaLoss: 2.2867 +- 0.2333
 18,  0 | TrAcc: 0.4423, TrLoss:  2.16275, VaAcc: 0.4598, VaLoss:  4.85037	 10 sampled NNs | VaAcc: 0.2435 +- 0.0517 | VaLoss: 2.1967 +- 0.2672
 19,  0 | TrAcc: 0.4548, TrLoss:  2.10923, VaAcc: 0.4707, VaLoss:  4.68495	 10 sampled NNs | VaAcc: 0.2249 +- 0.0510 | VaLoss: 2.2698 +- 0.2273
 20,  0 | TrAcc: 0.4667, TrLoss:  2.05896, VaAcc: 0.4815, VaLoss:  4.53177	 10 sampled NNs | VaAcc: 0.2369 +- 0.0462 | VaLoss: 2.2151 +- 0.2507
 21,  0 | TrAcc: 0.4739, TrLoss:  2.01664, VaAcc: 0.4875, VaLoss:  4.40005	 10 sampled NNs | VaAcc: 0.2789 +- 0.0410 | VaLoss: 2.0858 +- 0.1803
 22,  0 | TrAcc: 0.4823, TrLoss:  1.97712, VaAcc: 0.4910, VaLoss:  4.24724	 10 sampled NNs | VaAcc: 0.2580 +- 0.0632 | VaLoss: 2.2024 +- 0.4677
 23,  0 | TrAcc: 0.4903, TrLoss:  1.93057, VaAcc: 0.5010, VaLoss:  4.08412	 10 sampled NNs | VaAcc: 0.2657 +- 0.0466 | VaLoss: 2.2567 +- 0.2170
 24,  0 | TrAcc: 0.4984, TrLoss:  1.87924, VaAcc: 0.5072, VaLoss:  3.91416	 10 sampled NNs | VaAcc: 0.2888 +- 0.0465 | VaLoss: 2.0641 +- 0.2413
 25,  0 | TrAcc: 0.5069, TrLoss:  1.83236, VaAcc: 0.5167, VaLoss:  3.71770	 10 sampled NNs | VaAcc: 0.3076 +- 0.0410 | VaLoss: 2.0015 +- 0.2358
 26,  0 | TrAcc: 0.5119, TrLoss:  1.78496, VaAcc: 0.5178, VaLoss:  3.55015	 10 sampled NNs | VaAcc: 0.2826 +- 0.0523 | VaLoss: 2.0780 +- 0.3043
 27,  0 | TrAcc: 0.5169, TrLoss:  1.74568, VaAcc: 0.5335, VaLoss:  3.37246	 10 sampled NNs | VaAcc: 0.3102 +- 0.0417 | VaLoss: 2.0142 +- 0.1920
 28,  0 | TrAcc: 0.5248, TrLoss:  1.70420, VaAcc: 0.5380, VaLoss:  3.22731	 10 sampled NNs | VaAcc: 0.2960 +- 0.0428 | VaLoss: 2.0280 +- 0.1757
 29,  0 | TrAcc: 0.5312, TrLoss:  1.67226, VaAcc: 0.5430, VaLoss:  3.11398	 10 sampled NNs | VaAcc: 0.3418 +- 0.0490 | VaLoss: 1.9028 +- 0.2290
 30,  0 | TrAcc: 0.5364, TrLoss:  1.64653, VaAcc: 0.5457, VaLoss:  3.02934	 10 sampled NNs | VaAcc: 0.3276 +- 0.0475 | VaLoss: 1.9669 +- 0.2751
 31,  0 | TrAcc: 0.5435, TrLoss:  1.62224, VaAcc: 0.5513, VaLoss:  2.96345	 10 sampled NNs | VaAcc: 0.3152 +- 0.0603 | VaLoss: 1.9991 +- 0.2834
 32,  0 | TrAcc: 0.5471, TrLoss:  1.60429, VaAcc: 0.5615, VaLoss:  2.90855	 10 sampled NNs | VaAcc: 0.3518 +- 0.0511 | VaLoss: 1.8330 +- 0.1845
 33,  0 | TrAcc: 0.5552, TrLoss:  1.58019, VaAcc: 0.5653, VaLoss:  2.86644	 10 sampled NNs | VaAcc: 0.3391 +- 0.0498 | VaLoss: 1.9412 +- 0.2701
 34,  0 | TrAcc: 0.5577, TrLoss:  1.56909, VaAcc: 0.5665, VaLoss:  2.84212	 10 sampled NNs | VaAcc: 0.3451 +- 0.0419 | VaLoss: 1.8389 +- 0.1424
 35,  0 | TrAcc: 0.5648, TrLoss:  1.55334, VaAcc: 0.5743, VaLoss:  2.81742	 10 sampled NNs | VaAcc: 0.3425 +- 0.0447 | VaLoss: 1.8918 +- 0.1850
 36,  0 | TrAcc: 0.5678, TrLoss:  1.54192, VaAcc: 0.5767, VaLoss:  2.80630	 10 sampled NNs | VaAcc: 0.3501 +- 0.0260 | VaLoss: 1.8943 +- 0.1429
 37,  0 | TrAcc: 0.5729, TrLoss:  1.52921, VaAcc: 0.5798, VaLoss:  2.78830	 10 sampled NNs | VaAcc: 0.3598 +- 0.0557 | VaLoss: 1.8859 +- 0.2955
 38,  0 | TrAcc: 0.5741, TrLoss:  1.52784, VaAcc: 0.5863, VaLoss:  2.77151	 10 sampled NNs | VaAcc: 0.3740 +- 0.0468 | VaLoss: 1.8074 +- 0.1657
 39,  0 | TrAcc: 0.5782, TrLoss:  1.51554, VaAcc: 0.5912, VaLoss:  2.76102	 10 sampled NNs | VaAcc: 0.3658 +- 0.0323 | VaLoss: 1.8155 +- 0.1430
 40,  0 | TrAcc: 0.5813, TrLoss:  1.50884, VaAcc: 0.5921, VaLoss:  2.75913	 10 sampled NNs | VaAcc: 0.3543 +- 0.0618 | VaLoss: 1.8631 +- 0.2546
 41,  0 | TrAcc: 0.5853, TrLoss:  1.49988, VaAcc: 0.5939, VaLoss:  2.76152	 10 sampled NNs | VaAcc: 0.3514 +- 0.0439 | VaLoss: 1.9200 +- 0.2446
 42,  0 | TrAcc: 0.5898, TrLoss:  1.48888, VaAcc: 0.5975, VaLoss:  2.75256	 10 sampled NNs | VaAcc: 0.3716 +- 0.0424 | VaLoss: 1.8581 +- 0.1772
 43,  0 | TrAcc: 0.5911, TrLoss:  1.48545, VaAcc: 0.6003, VaLoss:  2.74531	 10 sampled NNs | VaAcc: 0.3950 +- 0.0592 | VaLoss: 1.7708 +- 0.2647
 44,  0 | TrAcc: 0.5923, TrLoss:  1.48105, VaAcc: 0.6034, VaLoss:  2.73628	 10 sampled NNs | VaAcc: 0.3540 +- 0.0375 | VaLoss: 1.8368 +- 0.1074
 45,  0 | TrAcc: 0.5986, TrLoss:  1.47065, VaAcc: 0.6066, VaLoss:  2.73209	 10 sampled NNs | VaAcc: 0.3863 +- 0.0484 | VaLoss: 1.7537 +- 0.1833
 46,  0 | TrAcc: 0.5971, TrLoss:  1.47052, VaAcc: 0.6048, VaLoss:  2.74284	 10 sampled NNs | VaAcc: 0.3778 +- 0.0396 | VaLoss: 1.7909 +- 0.1409
 47,  0 | TrAcc: 0.6020, TrLoss:  1.46240, VaAcc: 0.6111, VaLoss:  2.72627	 10 sampled NNs | VaAcc: 0.3884 +- 0.0596 | VaLoss: 1.7830 +- 0.2601
 48,  0 | TrAcc: 0.6029, TrLoss:  1.46021, VaAcc: 0.6162, VaLoss:  2.71956	 10 sampled NNs | VaAcc: 0.4012 +- 0.0428 | VaLoss: 1.7122 +- 0.1630
 49,  0 | TrAcc: 0.6055, TrLoss:  1.45325, VaAcc: 0.6120, VaLoss:  2.73077	 10 sampled NNs | VaAcc: 0.3838 +- 0.0298 | VaLoss: 1.7852 +- 0.1226
 50,  0 | TrAcc: 0.6067, TrLoss:  1.44924, VaAcc: 0.6170, VaLoss:  2.72354	 10 sampled NNs | VaAcc: 0.3852 +- 0.0420 | VaLoss: 1.7722 +- 0.1681
 51,  0 | TrAcc: 0.6084, TrLoss:  1.44665, VaAcc: 0.6193, VaLoss:  2.71955	 10 sampled NNs | VaAcc: 0.3902 +- 0.0514 | VaLoss: 1.7842 +- 0.2370
 52,  0 | TrAcc: 0.6105, TrLoss:  1.44296, VaAcc: 0.6202, VaLoss:  2.72247	 10 sampled NNs | VaAcc: 0.3998 +- 0.0352 | VaLoss: 1.7329 +- 0.1374
 53,  0 | TrAcc: 0.6103, TrLoss:  1.44235, VaAcc: 0.6218, VaLoss:  2.72471	 10 sampled NNs | VaAcc: 0.4055 +- 0.0352 | VaLoss: 1.6933 +- 0.0947
 54,  0 | TrAcc: 0.6130, TrLoss:  1.43657, VaAcc: 0.6202, VaLoss:  2.72508	 10 sampled NNs | VaAcc: 0.4197 +- 0.0567 | VaLoss: 1.6437 +- 0.1526
 55,  0 | TrAcc: 0.6140, TrLoss:  1.43292, VaAcc: 0.6221, VaLoss:  2.72693	 10 sampled NNs | VaAcc: 0.4034 +- 0.0367 | VaLoss: 1.7925 +- 0.2219
 56,  0 | TrAcc: 0.6151, TrLoss:  1.43319, VaAcc: 0.6188, VaLoss:  2.73855	 10 sampled NNs | VaAcc: 0.4150 +- 0.0413 | VaLoss: 1.6720 +- 0.1000
 57,  0 | TrAcc: 0.6139, TrLoss:  1.43069, VaAcc: 0.6229, VaLoss:  2.72445	 10 sampled NNs | VaAcc: 0.4110 +- 0.0547 | VaLoss: 1.7643 +- 0.3013
 58,  0 | TrAcc: 0.6166, TrLoss:  1.42853, VaAcc: 0.6238, VaLoss:  2.73194	 10 sampled NNs | VaAcc: 0.4097 +- 0.0430 | VaLoss: 1.6753 +- 0.1037
 59,  0 | TrAcc: 0.6187, TrLoss:  1.42621, VaAcc: 0.6298, VaLoss:  2.71777	 10 sampled NNs | VaAcc: 0.4252 +- 0.0472 | VaLoss: 1.6304 +- 0.1034
 60,  0 | TrAcc: 0.6194, TrLoss:  1.41920, VaAcc: 0.6283, VaLoss:  2.72103	 10 sampled NNs | VaAcc: 0.4202 +- 0.0479 | VaLoss: 1.6378 +- 0.1287
 61,  0 | TrAcc: 0.6222, TrLoss:  1.41762, VaAcc: 0.6333, VaLoss:  2.71716	 10 sampled NNs | VaAcc: 0.4268 +- 0.0418 | VaLoss: 1.6609 +- 0.1221
 62,  0 | TrAcc: 0.6229, TrLoss:  1.41471, VaAcc: 0.6288, VaLoss:  2.73486	 10 sampled NNs | VaAcc: 0.4121 +- 0.0204 | VaLoss: 1.7092 +- 0.0800
 63,  0 | TrAcc: 0.6243, TrLoss:  1.41231, VaAcc: 0.6323, VaLoss:  2.71936	 10 sampled NNs | VaAcc: 0.4282 +- 0.0569 | VaLoss: 1.6629 +- 0.1900
 64,  0 | TrAcc: 0.6255, TrLoss:  1.40732, VaAcc: 0.6311, VaLoss:  2.72569	 10 sampled NNs | VaAcc: 0.4321 +- 0.0329 | VaLoss: 1.6565 +- 0.1053
 65,  0 | TrAcc: 0.6262, TrLoss:  1.40983, VaAcc: 0.6354, VaLoss:  2.71916	 10 sampled NNs | VaAcc: 0.4285 +- 0.0520 | VaLoss: 1.7193 +- 0.2326
 66,  0 | TrAcc: 0.6245, TrLoss:  1.40783, VaAcc: 0.6344, VaLoss:  2.72549	 10 sampled NNs | VaAcc: 0.4688 +- 0.0271 | VaLoss: 1.5159 +- 0.0747
 67,  0 | TrAcc: 0.6270, TrLoss:  1.40575, VaAcc: 0.6354, VaLoss:  2.72034	 10 sampled NNs | VaAcc: 0.4378 +- 0.0602 | VaLoss: 1.6356 +- 0.2135
 68,  0 | TrAcc: 0.6266, TrLoss:  1.40542, VaAcc: 0.6360, VaLoss:  2.72780	 10 sampled NNs | VaAcc: 0.4182 +- 0.0465 | VaLoss: 1.6749 +- 0.1487
 69,  0 | TrAcc: 0.6291, TrLoss:  1.40053, VaAcc: 0.6355, VaLoss:  2.73449	 10 sampled NNs | VaAcc: 0.4307 +- 0.0434 | VaLoss: 1.6683 +- 0.1718
 70,  0 | TrAcc: 0.6316, TrLoss:  1.39552, VaAcc: 0.6366, VaLoss:  2.73195	 10 sampled NNs | VaAcc: 0.4224 +- 0.0527 | VaLoss: 1.6785 +- 0.1832
 71,  0 | TrAcc: 0.6293, TrLoss:  1.40034, VaAcc: 0.6379, VaLoss:  2.72806	 10 sampled NNs | VaAcc: 0.4385 +- 0.0488 | VaLoss: 1.6299 +- 0.1935
 72,  0 | TrAcc: 0.6330, TrLoss:  1.39326, VaAcc: 0.6406, VaLoss:  2.72405	 10 sampled NNs | VaAcc: 0.4360 +- 0.0389 | VaLoss: 1.6344 +- 0.1148
 73,  0 | TrAcc: 0.6330, TrLoss:  1.39507, VaAcc: 0.6410, VaLoss:  2.72996	 10 sampled NNs | VaAcc: 0.4336 +- 0.0375 | VaLoss: 1.6337 +- 0.1788
 74,  0 | TrAcc: 0.6346, TrLoss:  1.38931, VaAcc: 0.6455, VaLoss:  2.72121	 10 sampled NNs | VaAcc: 0.4630 +- 0.0366 | VaLoss: 1.5387 +- 0.1190
 75,  0 | TrAcc: 0.6335, TrLoss:  1.39149, VaAcc: 0.6449, VaLoss:  2.72929	 10 sampled NNs | VaAcc: 0.4468 +- 0.0326 | VaLoss: 1.6042 +- 0.1425
 76,  0 | TrAcc: 0.6355, TrLoss:  1.38634, VaAcc: 0.6422, VaLoss:  2.73613	 10 sampled NNs | VaAcc: 0.4647 +- 0.0341 | VaLoss: 1.5269 +- 0.1051
 77,  0 | TrAcc: 0.6344, TrLoss:  1.38947, VaAcc: 0.6472, VaLoss:  2.71967	 10 sampled NNs | VaAcc: 0.4675 +- 0.0380 | VaLoss: 1.5144 +- 0.1044
 78,  0 | TrAcc: 0.6362, TrLoss:  1.38617, VaAcc: 0.6419, VaLoss:  2.73325	 10 sampled NNs | VaAcc: 0.4529 +- 0.0610 | VaLoss: 1.6079 +- 0.2280
 79,  0 | TrAcc: 0.6358, TrLoss:  1.39014, VaAcc: 0.6455, VaLoss:  2.73595	 10 sampled NNs | VaAcc: 0.4596 +- 0.0317 | VaLoss: 1.5572 +- 0.1207
 80,  0 | TrAcc: 0.6395, TrLoss:  1.37809, VaAcc: 0.6485, VaLoss:  2.72950	 10 sampled NNs | VaAcc: 0.4431 +- 0.0344 | VaLoss: 1.6306 +- 0.1190
 81,  0 | TrAcc: 0.6410, TrLoss:  1.37584, VaAcc: 0.6433, VaLoss:  2.74616	 10 sampled NNs | VaAcc: 0.4405 +- 0.0538 | VaLoss: 1.6248 +- 0.2152
 82,  0 | TrAcc: 0.6387, TrLoss:  1.37987, VaAcc: 0.6511, VaLoss:  2.72797	 10 sampled NNs | VaAcc: 0.4576 +- 0.0305 | VaLoss: 1.5517 +- 0.0753
 83,  0 | TrAcc: 0.6417, TrLoss:  1.37493, VaAcc: 0.6467, VaLoss:  2.74362	 10 sampled NNs | VaAcc: 0.4500 +- 0.0344 | VaLoss: 1.5830 +- 0.1152
 84,  0 | TrAcc: 0.6408, TrLoss:  1.37473, VaAcc: 0.6524, VaLoss:  2.72912	 10 sampled NNs | VaAcc: 0.4397 +- 0.0488 | VaLoss: 1.6528 +- 0.1734
 85,  0 | TrAcc: 0.6414, TrLoss:  1.37646, VaAcc: 0.6492, VaLoss:  2.74048	 10 sampled NNs | VaAcc: 0.4409 +- 0.0447 | VaLoss: 1.6116 +- 0.1451
 86,  0 | TrAcc: 0.6401, TrLoss:  1.37676, VaAcc: 0.6491, VaLoss:  2.73775	 10 sampled NNs | VaAcc: 0.4860 +- 0.0381 | VaLoss: 1.4910 +- 0.1587
 87,  0 | TrAcc: 0.6452, TrLoss:  1.36953, VaAcc: 0.6499, VaLoss:  2.74058	 10 sampled NNs | VaAcc: 0.4741 +- 0.0350 | VaLoss: 1.5168 +- 0.0947
 88,  0 | TrAcc: 0.6447, TrLoss:  1.37035, VaAcc: 0.6533, VaLoss:  2.74174	 10 sampled NNs | VaAcc: 0.4652 +- 0.0369 | VaLoss: 1.5611 +- 0.1156
 89,  0 | TrAcc: 0.6422, TrLoss:  1.37247, VaAcc: 0.6514, VaLoss:  2.74010	 10 sampled NNs | VaAcc: 0.4721 +- 0.0498 | VaLoss: 1.5363 +- 0.1801
 90,  0 | TrAcc: 0.6463, TrLoss:  1.36582, VaAcc: 0.6532, VaLoss:  2.74675	 10 sampled NNs | VaAcc: 0.4565 +- 0.0345 | VaLoss: 1.5660 +- 0.1192
 91,  0 | TrAcc: 0.6459, TrLoss:  1.36627, VaAcc: 0.6538, VaLoss:  2.74376	 10 sampled NNs | VaAcc: 0.4698 +- 0.0313 | VaLoss: 1.5445 +- 0.1328
 92,  0 | TrAcc: 0.6456, TrLoss:  1.36867, VaAcc: 0.6550, VaLoss:  2.73959	 10 sampled NNs | VaAcc: 0.4506 +- 0.0623 | VaLoss: 1.6371 +- 0.2661
 93,  0 | TrAcc: 0.6466, TrLoss:  1.36570, VaAcc: 0.6546, VaLoss:  2.74558	 10 sampled NNs | VaAcc: 0.4599 +- 0.0324 | VaLoss: 1.5191 +- 0.0609
 94,  0 | TrAcc: 0.6474, TrLoss:  1.36283, VaAcc: 0.6516, VaLoss:  2.75534	 10 sampled NNs | VaAcc: 0.4816 +- 0.0300 | VaLoss: 1.4955 +- 0.1119
 95,  0 | TrAcc: 0.6489, TrLoss:  1.35871, VaAcc: 0.6550, VaLoss:  2.75441	 10 sampled NNs | VaAcc: 0.4622 +- 0.0414 | VaLoss: 1.5487 +- 0.0992
 96,  0 | TrAcc: 0.6485, TrLoss:  1.36295, VaAcc: 0.6575, VaLoss:  2.74602	 10 sampled NNs | VaAcc: 0.4725 +- 0.0377 | VaLoss: 1.5265 +- 0.1001
 97,  0 | TrAcc: 0.6487, TrLoss:  1.36173, VaAcc: 0.6535, VaLoss:  2.74674	 10 sampled NNs | VaAcc: 0.4551 +- 0.0332 | VaLoss: 1.5660 +- 0.1053
 98,  0 | TrAcc: 0.6494, TrLoss:  1.35985, VaAcc: 0.6568, VaLoss:  2.75061	 10 sampled NNs | VaAcc: 0.4770 +- 0.0274 | VaLoss: 1.5168 +- 0.1003
 99,  0 | TrAcc: 0.6486, TrLoss:  1.36180, VaAcc: 0.6509, VaLoss:  2.76486	 10 sampled NNs | VaAcc: 0.4705 +- 0.0519 | VaLoss: 1.5437 +- 0.1716
100,  0 | TrAcc: 0.6504, TrLoss:  1.35912, VaAcc: 0.6557, VaLoss:  2.75269	 10 sampled NNs | VaAcc: 0.4706 +- 0.0357 | VaLoss: 1.5474 +- 0.1650
101,  0 | TrAcc: 0.6512, TrLoss:  1.35738, VaAcc: 0.6630, VaLoss:  2.74206	 10 sampled NNs | VaAcc: 0.4509 +- 0.0394 | VaLoss: 1.5997 +- 0.1319
102,  0 | TrAcc: 0.6519, TrLoss:  1.35466, VaAcc: 0.6570, VaLoss:  2.74830	 10 sampled NNs | VaAcc: 0.4819 +- 0.0469 | VaLoss: 1.5120 +- 0.1816
103,  0 | TrAcc: 0.6510, TrLoss:  1.35473, VaAcc: 0.6599, VaLoss:  2.75084	 10 sampled NNs | VaAcc: 0.4576 +- 0.0563 | VaLoss: 1.5876 +- 0.2013
104,  0 | TrAcc: 0.6528, TrLoss:      nan, VaAcc: 0.6608, VaLoss:      nan	 10 sampled NNs | VaAcc: 0.4675 +- 0.0450 | VaLoss: 1.5488 +- 0.1557
105,  0 | TrAcc: 0.6509, TrLoss:  1.35805, VaAcc: 0.6615, VaLoss:  2.74668	 10 sampled NNs | VaAcc: 0.4640 +- 0.0446 | VaLoss: 1.5688 +- 0.1878
106,  0 | TrAcc: 0.6537, TrLoss:  1.35062, VaAcc: 0.6573, VaLoss:  2.76107	 10 sampled NNs | VaAcc: 0.4536 +- 0.0411 | VaLoss: 1.5923 +- 0.1521
107,  0 | TrAcc: 0.6520, TrLoss:  1.35573, VaAcc: 0.6560, VaLoss:  2.75779	 10 sampled NNs | VaAcc: 0.4891 +- 0.0539 | VaLoss: 1.4874 +- 0.1661
108,  0 | TrAcc: 0.6554, TrLoss:  1.34895, VaAcc: 0.6588, VaLoss:  2.75919	 10 sampled NNs | VaAcc: 0.4696 +- 0.0442 | VaLoss: 1.5370 +- 0.1428
109,  0 | TrAcc: 0.6560, TrLoss:  1.34434, VaAcc: 0.6612, VaLoss:  2.75770	 10 sampled NNs | VaAcc: 0.4706 +- 0.0394 | VaLoss: 1.5339 +- 0.1144
110,  0 | TrAcc: 0.6540, TrLoss:  1.35028, VaAcc: 0.6603, VaLoss:  2.75813	 10 sampled NNs | VaAcc: 0.4764 +- 0.0371 | VaLoss: 1.5226 +- 0.1484
111,  0 | TrAcc: 0.6533, TrLoss:  1.35203, VaAcc: 0.6618, VaLoss:  2.75138	 10 sampled NNs | VaAcc: 0.4870 +- 0.0322 | VaLoss: 1.4667 +- 0.1169
112,  0 | TrAcc: 0.6562, TrLoss:  1.34698, VaAcc: 0.6586, VaLoss:  2.76034	 10 sampled NNs | VaAcc: 0.4669 +- 0.0511 | VaLoss: 1.5589 +- 0.2561
113,  0 | TrAcc: 0.6559, TrLoss:  1.34707, VaAcc: 0.6643, VaLoss:  2.75286	 10 sampled NNs | VaAcc: 0.4770 +- 0.0396 | VaLoss: 1.5191 +- 0.1101
114,  0 | TrAcc: 0.6562, TrLoss:  1.34844, VaAcc: 0.6628, VaLoss:  2.75354	 10 sampled NNs | VaAcc: 0.4573 +- 0.0397 | VaLoss: 1.5717 +- 0.0941
115,  0 | TrAcc: 0.6553, TrLoss:  1.34665, VaAcc: 0.6646, VaLoss:  2.75602	 10 sampled NNs | VaAcc: 0.4779 +- 0.0373 | VaLoss: 1.4938 +- 0.1047
116,  0 | TrAcc: 0.6551, TrLoss:  1.34729, VaAcc: 0.6643, VaLoss:  2.75167	 10 sampled NNs | VaAcc: 0.4839 +- 0.0391 | VaLoss: 1.4803 +- 0.1211
117,  0 | TrAcc: 0.6569, TrLoss:  1.34155, VaAcc: 0.6666, VaLoss:  2.75728	 10 sampled NNs | VaAcc: 0.4863 +- 0.0371 | VaLoss: 1.4963 +- 0.1409
118,  0 | TrAcc: 0.6576, TrLoss:  1.34084, VaAcc: 0.6645, VaLoss:  2.75463	 10 sampled NNs | VaAcc: 0.4770 +- 0.0313 | VaLoss: 1.5268 +- 0.1193
119,  0 | TrAcc: 0.6562, TrLoss:  1.34657, VaAcc: 0.6634, VaLoss:  2.75893	 10 sampled NNs | VaAcc: 0.4780 +- 0.0404 | VaLoss: 1.5430 +- 0.1418
120,  0 | TrAcc: 0.6586, TrLoss:  1.34223, VaAcc: 0.6593, VaLoss:  2.77160	 10 sampled NNs | VaAcc: 0.5176 +- 0.0265 | VaLoss: 1.3989 +- 0.0763
121,  0 | TrAcc: 0.6577, TrLoss:  1.34313, VaAcc: 0.6649, VaLoss:  2.75968	 10 sampled NNs | VaAcc: 0.4861 +- 0.0357 | VaLoss: 1.4735 +- 0.0893
122,  0 | TrAcc: 0.6593, TrLoss:  1.33852, VaAcc: 0.6612, VaLoss:  2.77137	 10 sampled NNs | VaAcc: 0.4961 +- 0.0393 | VaLoss: 1.4766 +- 0.1408
123,  0 | TrAcc: 0.6595, TrLoss:  1.33624, VaAcc: 0.6624, VaLoss:  2.76657	 10 sampled NNs | VaAcc: 0.4519 +- 0.0506 | VaLoss: 1.5839 +- 0.1609
124,  0 | TrAcc: 0.6592, TrLoss:  1.33992, VaAcc: 0.6684, VaLoss:  2.75015	 10 sampled NNs | VaAcc: 0.4733 +- 0.0385 | VaLoss: 1.5187 +- 0.1500
125,  0 | TrAcc: 0.6606, TrLoss:  1.33442, VaAcc: 0.6640, VaLoss:  2.76464	 10 sampled NNs | VaAcc: 0.4737 +- 0.0337 | VaLoss: 1.5224 +- 0.1334
126,  0 | TrAcc: 0.6607, TrLoss:  1.33282, VaAcc: 0.6696, VaLoss:  2.75163	 10 sampled NNs | VaAcc: 0.4853 +- 0.0402 | VaLoss: 1.5056 +- 0.1398
127,  0 | TrAcc: 0.6585, TrLoss:  1.34125, VaAcc: 0.6672, VaLoss:  2.75220	 10 sampled NNs | VaAcc: 0.4816 +- 0.0321 | VaLoss: 1.5286 +- 0.1455
128,  0 | TrAcc: 0.6603, TrLoss:  1.33734, VaAcc: 0.6676, VaLoss:  2.75427	 10 sampled NNs | VaAcc: 0.4952 +- 0.0235 | VaLoss: 1.4637 +- 0.0926
129,  0 | TrAcc: 0.6618, TrLoss:  1.33475, VaAcc: 0.6656, VaLoss:  2.75767	 10 sampled NNs | VaAcc: 0.4680 +- 0.0422 | VaLoss: 1.5514 +- 0.1195
130,  0 | TrAcc: 0.6605, TrLoss:  1.33650, VaAcc: 0.6660, VaLoss:  2.75749	 10 sampled NNs | VaAcc: 0.4943 +- 0.0461 | VaLoss: 1.4397 +- 0.1292
131,  0 | TrAcc: 0.6609, TrLoss:  1.33411, VaAcc: 0.6655, VaLoss:  2.76503	 10 sampled NNs | VaAcc: 0.4852 +- 0.0473 | VaLoss: 1.5114 +- 0.1851
132,  0 | TrAcc: 0.6633, TrLoss:  1.32827, VaAcc: 0.6615, VaLoss:  2.77485	 10 sampled NNs | VaAcc: 0.4909 +- 0.0139 | VaLoss: 1.4821 +- 0.0451
133,  0 | TrAcc: 0.6602, TrLoss:  1.33592, VaAcc: 0.6660, VaLoss:  2.75866	 10 sampled NNs | VaAcc: 0.4894 +- 0.0370 | VaLoss: 1.4473 +- 0.0878
134,  0 | TrAcc: 0.6600, TrLoss:  1.33591, VaAcc: 0.6693, VaLoss:  2.75998	 10 sampled NNs | VaAcc: 0.5041 +- 0.0388 | VaLoss: 1.4249 +- 0.1090
135,  0 | TrAcc: 0.6621, TrLoss:  1.33238, VaAcc: 0.6664, VaLoss:  2.76453	 10 sampled NNs | VaAcc: 0.5138 +- 0.0256 | VaLoss: 1.3933 +- 0.0966
136,  0 | TrAcc: 0.6613, TrLoss:  1.33515, VaAcc: 0.6697, VaLoss:  2.75948	 10 sampled NNs | VaAcc: 0.5006 +- 0.0306 | VaLoss: 1.4401 +- 0.0839
137,  0 | TrAcc: 0.6631, TrLoss:  1.32881, VaAcc: 0.6679, VaLoss:  2.76075	 10 sampled NNs | VaAcc: 0.5074 +- 0.0279 | VaLoss: 1.4112 +- 0.0692
138,  0 | TrAcc: 0.6626, TrLoss:  1.32882, VaAcc: 0.6659, VaLoss:  2.76866	 10 sampled NNs | VaAcc: 0.5058 +- 0.0369 | VaLoss: 1.4402 +- 0.1302
139,  0 | TrAcc: 0.6631, TrLoss:  1.32955, VaAcc: 0.6720, VaLoss:  2.75068	 10 sampled NNs | VaAcc: 0.4865 +- 0.0356 | VaLoss: 1.4623 +- 0.1095
140,  0 | TrAcc: 0.6638, TrLoss:  1.32657, VaAcc: 0.6695, VaLoss:  2.76140	 10 sampled NNs | VaAcc: 0.4984 +- 0.0313 | VaLoss: 1.4687 +- 0.1119
141,  0 | TrAcc: 0.6627, TrLoss:  1.32864, VaAcc: 0.6726, VaLoss:  2.75113	 10 sampled NNs | VaAcc: 0.4943 +- 0.0312 | VaLoss: 1.4391 +- 0.0720
142,  0 | TrAcc: 0.6655, TrLoss:  1.32724, VaAcc: 0.6720, VaLoss:  2.76038	 10 sampled NNs | VaAcc: 0.5005 +- 0.0340 | VaLoss: 1.4174 +- 0.0954
143,  0 | TrAcc: 0.6644, TrLoss:  1.32561, VaAcc: 0.6728, VaLoss:  2.75224	 10 sampled NNs | VaAcc: 0.5089 +- 0.0393 | VaLoss: 1.4013 +- 0.0887
144,  0 | TrAcc: 0.6650, TrLoss:  1.32390, VaAcc: 0.6685, VaLoss:  2.76290	 10 sampled NNs | VaAcc: 0.5155 +- 0.0287 | VaLoss: 1.4011 +- 0.0925
145,  0 | TrAcc: 0.6637, TrLoss:  1.33064, VaAcc: 0.6766, VaLoss:  2.75184	 10 sampled NNs | VaAcc: 0.4973 +- 0.0283 | VaLoss: 1.4308 +- 0.0829
146,  0 | TrAcc: 0.6631, TrLoss:  1.33076, VaAcc: 0.6718, VaLoss:  2.75707	 10 sampled NNs | VaAcc: 0.5110 +- 0.0333 | VaLoss: 1.4122 +- 0.1065
147,  0 | TrAcc: 0.6654, TrLoss:  1.32503, VaAcc: 0.6703, VaLoss:  2.76538	 10 sampled NNs | VaAcc: 0.5024 +- 0.0443 | VaLoss: 1.4023 +- 0.1031
148,  0 | TrAcc: 0.6660, TrLoss:  1.32200, VaAcc: 0.6691, VaLoss:  2.77088	 10 sampled NNs | VaAcc: 0.5094 +- 0.0379 | VaLoss: 1.4317 +- 0.1304
149,  0 | TrAcc: 0.6654, TrLoss:  1.32524, VaAcc: 0.6729, VaLoss:  2.75919	 10 sampled NNs | VaAcc: 0.5277 +- 0.0127 | VaLoss: 1.3669 +- 0.0340
150,  0 | TrAcc: 0.6661, TrLoss:  1.32092, VaAcc: 0.6706, VaLoss:  2.76227	 10 sampled NNs | VaAcc: 0.5029 +- 0.0369 | VaLoss: 1.4564 +- 0.1493
151,  0 | TrAcc: 0.6669, TrLoss:  1.32065, VaAcc: 0.6737, VaLoss:  2.76131	 10 sampled NNs | VaAcc: 0.4956 +- 0.0286 | VaLoss: 1.4463 +- 0.0831
152,  0 | TrAcc: 0.6673, TrLoss:  1.32264, VaAcc: 0.6752, VaLoss:  2.76174	 10 sampled NNs | VaAcc: 0.5159 +- 0.0383 | VaLoss: 1.3916 +- 0.1061
153,  0 | TrAcc: 0.6663, TrLoss:  1.32361, VaAcc: 0.6710, VaLoss:  2.77092	 10 sampled NNs | VaAcc: 0.5064 +- 0.0367 | VaLoss: 1.4208 +- 0.0727
154,  0 | TrAcc: 0.6649, TrLoss:  1.32775, VaAcc: 0.6716, VaLoss:  2.77035	 10 sampled NNs | VaAcc: 0.4890 +- 0.0403 | VaLoss: 1.4655 +- 0.1284
155,  0 | TrAcc: 0.6666, TrLoss:  1.32318, VaAcc: 0.6731, VaLoss:  2.77569	 10 sampled NNs | VaAcc: 0.5045 +- 0.0426 | VaLoss: 1.4497 +- 0.1468
156,  0 | TrAcc: 0.6641, TrLoss:  1.32656, VaAcc: 0.6735, VaLoss:  2.76424	 10 sampled NNs | VaAcc: 0.4991 +- 0.0363 | VaLoss: 1.4205 +- 0.0885
157,  0 | TrAcc: 0.6686, TrLoss:  1.31882, VaAcc: 0.6783, VaLoss:  2.75916	 10 sampled NNs | VaAcc: 0.5012 +- 0.0367 | VaLoss: 1.4461 +- 0.0996
158,  0 | TrAcc: 0.6657, TrLoss:  1.32599, VaAcc: 0.6715, VaLoss:  2.77046	 10 sampled NNs | VaAcc: 0.5081 +- 0.0220 | VaLoss: 1.3999 +- 0.0703
159,  0 | TrAcc: 0.6683, TrLoss:  1.31784, VaAcc: 0.6773, VaLoss:  2.76358	 10 sampled NNs | VaAcc: 0.5131 +- 0.0537 | VaLoss: 1.4164 +- 0.1525
160,  0 | TrAcc: 0.6662, TrLoss:  1.32138, VaAcc: 0.6726, VaLoss:  2.77069	 10 sampled NNs | VaAcc: 0.4913 +- 0.0336 | VaLoss: 1.4718 +- 0.1463
161,  0 | TrAcc: 0.6682, TrLoss:  1.31778, VaAcc: 0.6776, VaLoss:  2.76381	 10 sampled NNs | VaAcc: 0.4902 +- 0.0316 | VaLoss: 1.4894 +- 0.1109
162,  0 | TrAcc: 0.6680, TrLoss:  1.32150, VaAcc: 0.6772, VaLoss:  2.75826	 10 sampled NNs | VaAcc: 0.5098 +- 0.0442 | VaLoss: 1.4104 +- 0.1149
163,  0 | TrAcc: 0.6670, TrLoss:  1.32001, VaAcc: 0.6722, VaLoss:  2.77337	 10 sampled NNs | VaAcc: 0.5167 +- 0.0232 | VaLoss: 1.3869 +- 0.0863
164,  0 | TrAcc: 0.6679, TrLoss:  1.32196, VaAcc: 0.6753, VaLoss:  2.77202	 10 sampled NNs | VaAcc: 0.4831 +- 0.0552 | VaLoss: 1.5003 +- 0.1698
165,  0 | TrAcc: 0.6667, TrLoss:  1.32187, VaAcc: 0.6771, VaLoss:  2.76472	 10 sampled NNs | VaAcc: 0.5054 +- 0.0338 | VaLoss: 1.4393 +- 0.0969
166,  0 | TrAcc: 0.6695, TrLoss:  1.31665, VaAcc: 0.6787, VaLoss:  2.76562	 10 sampled NNs | VaAcc: 0.4877 +- 0.0596 | VaLoss: 1.4632 +- 0.1932
167,  0 | TrAcc: 0.6684, TrLoss:  1.31960, VaAcc: 0.6749, VaLoss:  2.76799	 10 sampled NNs | VaAcc: 0.5086 +- 0.0430 | VaLoss: 1.4431 +- 0.1683
168,  0 | TrAcc: 0.6690, TrLoss:  1.31598, VaAcc: 0.6728, VaLoss:  2.77694	 10 sampled NNs | VaAcc: 0.5051 +- 0.0312 | VaLoss: 1.4409 +- 0.1233
169,  0 | TrAcc: 0.6676, TrLoss:  1.32177, VaAcc: 0.6742, VaLoss:  2.77391	 10 sampled NNs | VaAcc: 0.5003 +- 0.0400 | VaLoss: 1.4119 +- 0.0820
170,  0 | TrAcc: 0.6703, TrLoss:  1.31437, VaAcc: 0.6752, VaLoss:  2.77069	 10 sampled NNs | VaAcc: 0.5186 +- 0.0374 | VaLoss: 1.3776 +- 0.1148
171,  0 | TrAcc: 0.6682, TrLoss:  1.32054, VaAcc: 0.6721, VaLoss:  2.78005	 10 sampled NNs | VaAcc: 0.5117 +- 0.0213 | VaLoss: 1.4076 +- 0.0609
172,  0 | TrAcc: 0.6695, TrLoss:  1.31636, VaAcc: 0.6719, VaLoss:  2.78366	 10 sampled NNs | VaAcc: 0.5102 +- 0.0277 | VaLoss: 1.4026 +- 0.0675
173,  0 | TrAcc: 0.6712, TrLoss:  1.31522, VaAcc: 0.6788, VaLoss:  2.77534	 10 sampled NNs | VaAcc: 0.5175 +- 0.0434 | VaLoss: 1.3904 +- 0.1252
174,  0 | TrAcc: 0.6693, TrLoss:  1.31658, VaAcc: 0.6772, VaLoss:  2.77748	 10 sampled NNs | VaAcc: 0.4901 +- 0.0346 | VaLoss: 1.4710 +- 0.1313
175,  0 | TrAcc: 0.6694, TrLoss:  1.31917, VaAcc: 0.6756, VaLoss:  2.78030	 10 sampled NNs | VaAcc: 0.5126 +- 0.0537 | VaLoss: 1.4292 +- 0.1808
176,  0 | TrAcc: 0.6684, TrLoss:  1.31855, VaAcc: 0.6760, VaLoss:  2.77925	 10 sampled NNs | VaAcc: 0.4954 +- 0.0371 | VaLoss: 1.4553 +- 0.1018
177,  0 | TrAcc: 0.6711, TrLoss:  1.31225, VaAcc: 0.6793, VaLoss:  2.77173	 10 sampled NNs | VaAcc: 0.5130 +- 0.0414 | VaLoss: 1.4302 +- 0.1344
178,  0 | TrAcc: 0.6685, TrLoss:      nan, VaAcc: 0.6750, VaLoss:      nan	 10 sampled NNs | VaAcc: 0.5147 +- 0.0253 | VaLoss: 1.3965 +- 0.0800
179,  0 | TrAcc: 0.6692, TrLoss:  1.31898, VaAcc: 0.6770, VaLoss:  2.77877	 10 sampled NNs | VaAcc: 0.5189 +- 0.0447 | VaLoss: 1.3861 +- 0.1106
180,  0 | TrAcc: 0.6705, TrLoss:  1.31375, VaAcc: 0.6789, VaLoss:  2.77532	 10 sampled NNs | VaAcc: 0.5098 +- 0.0295 | VaLoss: 1.3990 +- 0.0834
181,  0 | TrAcc: 0.6712, TrLoss:  1.31047, VaAcc: 0.6773, VaLoss:  2.78220	 10 sampled NNs | VaAcc: 0.4974 +- 0.0365 | VaLoss: 1.4594 +- 0.0992
182,  0 | TrAcc: 0.6686, TrLoss:  1.32073, VaAcc: 0.6785, VaLoss:  2.77865	 10 sampled NNs | VaAcc: 0.5181 +- 0.0359 | VaLoss: 1.4123 +- 0.1223
183,  0 | TrAcc: 0.6706, TrLoss:  1.31507, VaAcc: 0.6776, VaLoss:  2.79431	 10 sampled NNs | VaAcc: 0.5182 +- 0.0411 | VaLoss: 1.3884 +- 0.1148
184,  0 | TrAcc: 0.6707, TrLoss:  1.31551, VaAcc: 0.6743, VaLoss:  2.79162	 10 sampled NNs | VaAcc: 0.5322 +- 0.0333 | VaLoss: 1.3383 +- 0.0989
185,  0 | TrAcc: 0.6713, TrLoss:  1.31416, VaAcc: 0.6799, VaLoss:  2.77925	 10 sampled NNs | VaAcc: 0.5182 +- 0.0389 | VaLoss: 1.3708 +- 0.1063
186,  0 | TrAcc: 0.6713, TrLoss:  1.31236, VaAcc: 0.6737, VaLoss:  2.79339	 10 sampled NNs | VaAcc: 0.5190 +- 0.0364 | VaLoss: 1.4030 +- 0.1066
187,  0 | TrAcc: 0.6709, TrLoss:  1.31339, VaAcc: 0.6783, VaLoss:  2.78495	 10 sampled NNs | VaAcc: 0.5161 +- 0.0327 | VaLoss: 1.3807 +- 0.0845
188,  0 | TrAcc: 0.6726, TrLoss:  1.31267, VaAcc: 0.6781, VaLoss:  2.78962	 10 sampled NNs | VaAcc: 0.5013 +- 0.0423 | VaLoss: 1.4146 +- 0.1223
189,  0 | TrAcc: 0.6719, TrLoss:  1.31370, VaAcc: 0.6798, VaLoss:  2.78834	 10 sampled NNs | VaAcc: 0.5095 +- 0.0463 | VaLoss: 1.4254 +- 0.1282
190,  0 | TrAcc: 0.6723, TrLoss:  1.31183, VaAcc: 0.6733, VaLoss:  2.79683	 10 sampled NNs | VaAcc: 0.5103 +- 0.0429 | VaLoss: 1.4311 +- 0.1187
191,  0 | TrAcc: 0.6718, TrLoss:  1.31326, VaAcc: 0.6818, VaLoss:  2.77807	 10 sampled NNs | VaAcc: 0.4924 +- 0.0377 | VaLoss: 1.4491 +- 0.1393
192,  0 | TrAcc: 0.6736, TrLoss:  1.31079, VaAcc: 0.6735, VaLoss:  2.79927	 10 sampled NNs | VaAcc: 0.5173 +- 0.0443 | VaLoss: 1.3869 +- 0.1103
193,  0 | TrAcc: 0.6707, TrLoss:  1.31519, VaAcc: 0.6774, VaLoss:  2.79171	 10 sampled NNs | VaAcc: 0.5270 +- 0.0177 | VaLoss: 1.3599 +- 0.0558
194,  0 | TrAcc: 0.6738, TrLoss:  1.30829, VaAcc: 0.6792, VaLoss:  2.78647	 10 sampled NNs | VaAcc: 0.5305 +- 0.0313 | VaLoss: 1.3644 +- 0.1071
195,  0 | TrAcc: 0.6732, TrLoss:  1.31304, VaAcc: 0.6752, VaLoss:  2.80381	 10 sampled NNs | VaAcc: 0.5263 +- 0.0255 | VaLoss: 1.3621 +- 0.0692
196,  0 | TrAcc: 0.6719, TrLoss:  1.31143, VaAcc: 0.6789, VaLoss:  2.79146	 10 sampled NNs | VaAcc: 0.5082 +- 0.0384 | VaLoss: 1.3963 +- 0.1010
197,  0 | TrAcc: 0.6734, TrLoss:  1.30912, VaAcc: 0.6788, VaLoss:  2.79046	 10 sampled NNs | VaAcc: 0.5177 +- 0.0411 | VaLoss: 1.3849 +- 0.1183
198,  0 | TrAcc: 0.6715, TrLoss:  1.31244, VaAcc: 0.6805, VaLoss:  2.79120	 10 sampled NNs | VaAcc: 0.5217 +- 0.0294 | VaLoss: 1.3683 +- 0.0782
199,  0 | TrAcc: 0.6736, TrLoss:  1.30897, VaAcc: 0.6775, VaLoss:  2.78942	 10 sampled NNs | VaAcc: 0.5142 +- 0.0521 | VaLoss: 1.3907 +- 0.1430
200,  0 | TrAcc: 0.6735, TrLoss:  1.30993, VaAcc: 0.6820, VaLoss:  2.78447	 10 sampled NNs | VaAcc: 0.5241 +- 0.0331 | VaLoss: 1.3745 +- 0.0851
201,  0 | TrAcc: 0.6735, TrLoss:  1.30809, VaAcc: 0.6805, VaLoss:  2.79509	 10 sampled NNs | VaAcc: 0.5070 +- 0.0377 | VaLoss: 1.4273 +- 0.1143
202,  0 | TrAcc: 0.6752, TrLoss:  1.30441, VaAcc: 0.6774, VaLoss:  2.79672	 10 sampled NNs | VaAcc: 0.5308 +- 0.0427 | VaLoss: 1.3494 +- 0.1226
203,  0 | TrAcc: 0.6722, TrLoss:  1.31002, VaAcc: 0.6818, VaLoss:  2.78698	 10 sampled NNs | VaAcc: 0.5102 +- 0.0217 | VaLoss: 1.4067 +- 0.0801
204,  0 | TrAcc: 0.6727, TrLoss:  1.31010, VaAcc: 0.6769, VaLoss:  2.79910	 10 sampled NNs | VaAcc: 0.5136 +- 0.0266 | VaLoss: 1.4061 +- 0.0749
205,  0 | TrAcc: 0.6737, TrLoss:  1.31086, VaAcc: 0.6782, VaLoss:  2.79683	 10 sampled NNs | VaAcc: 0.5252 +- 0.0423 | VaLoss: 1.3671 +- 0.1359
206,  0 | TrAcc: 0.6737, TrLoss:  1.30914, VaAcc: 0.6768, VaLoss:  2.79870	 10 sampled NNs | VaAcc: 0.5337 +- 0.0277 | VaLoss: 1.3367 +- 0.0676
207,  0 | TrAcc: 0.6730, TrLoss:  1.31161, VaAcc: 0.6800, VaLoss:  2.79956	 10 sampled NNs | VaAcc: 0.5179 +- 0.0589 | VaLoss: 1.4097 +- 0.1801
208,  0 | TrAcc: 0.6740, TrLoss:  1.30928, VaAcc: 0.6775, VaLoss:  2.79619	 10 sampled NNs | VaAcc: 0.5129 +- 0.0272 | VaLoss: 1.4145 +- 0.0999
209,  0 | TrAcc: 0.6746, TrLoss:  1.30799, VaAcc: 0.6799, VaLoss:  2.79362	 10 sampled NNs | VaAcc: 0.5321 +- 0.0398 | VaLoss: 1.3436 +- 0.0963
210,  0 | TrAcc: 0.6746, TrLoss:  1.30414, VaAcc: 0.6802, VaLoss:  2.79575	 10 sampled NNs | VaAcc: 0.5286 +- 0.0284 | VaLoss: 1.3809 +- 0.0829
211,  0 | TrAcc: 0.6729, TrLoss:  1.31020, VaAcc: 0.6783, VaLoss:  2.80195	 10 sampled NNs | VaAcc: 0.5200 +- 0.0344 | VaLoss: 1.3879 +- 0.1006
212,  0 | TrAcc: 0.6733, TrLoss:  1.31169, VaAcc: 0.6792, VaLoss:  2.80194	 10 sampled NNs | VaAcc: 0.5169 +- 0.0346 | VaLoss: 1.3796 +- 0.1007
213,  0 | TrAcc: 0.6763, TrLoss:  1.30811, VaAcc: 0.6818, VaLoss:  2.79638	 10 sampled NNs | VaAcc: 0.5075 +- 0.0418 | VaLoss: 1.4506 +- 0.1461
214,  0 | TrAcc: 0.6741, TrLoss:  1.30870, VaAcc: 0.6742, VaLoss:  2.81292	 10 sampled NNs | VaAcc: 0.5151 +- 0.0341 | VaLoss: 1.4021 +- 0.1268
215,  0 | TrAcc: 0.6739, TrLoss:  1.30937, VaAcc: 0.6767, VaLoss:  2.80888	 10 sampled NNs | VaAcc: 0.5308 +- 0.0334 | VaLoss: 1.3442 +- 0.0900
216,  0 | TrAcc: 0.6761, TrLoss:  1.30610, VaAcc: 0.6840, VaLoss:  2.79472	 10 sampled NNs | VaAcc: 0.5110 +- 0.0381 | VaLoss: 1.4051 +- 0.1216
217,  0 | TrAcc: 0.6762, TrLoss:  1.30689, VaAcc: 0.6826, VaLoss:  2.79403	 10 sampled NNs | VaAcc: 0.5235 +- 0.0289 | VaLoss: 1.3766 +- 0.0912
218,  0 | TrAcc: 0.6755, TrLoss:  1.30643, VaAcc: 0.6835, VaLoss:  2.79824	 10 sampled NNs | VaAcc: 0.5094 +- 0.0337 | VaLoss: 1.4009 +- 0.1206
219,  0 | TrAcc: 0.6735, TrLoss:  1.30821, VaAcc: 0.6787, VaLoss:  2.80500	 10 sampled NNs | VaAcc: 0.5120 +- 0.0410 | VaLoss: 1.4146 +- 0.0951
220,  0 | TrAcc: 0.6760, TrLoss:  1.30611, VaAcc: 0.6845, VaLoss:  2.79809	 10 sampled NNs | VaAcc: 0.5332 +- 0.0293 | VaLoss: 1.3317 +- 0.0827
221,  0 | TrAcc: 0.6758, TrLoss:  1.30525, VaAcc: 0.6822, VaLoss:  2.80036	 10 sampled NNs | VaAcc: 0.5268 +- 0.0336 | VaLoss: 1.3793 +- 0.1237
222,  0 | TrAcc: 0.6761, TrLoss:  1.30500, VaAcc: 0.6782, VaLoss:  2.80566	 10 sampled NNs | VaAcc: 0.5287 +- 0.0421 | VaLoss: 1.3740 +- 0.1344
223,  0 | TrAcc: 0.6762, TrLoss:  1.30298, VaAcc: 0.6836, VaLoss:  2.79704	 10 sampled NNs | VaAcc: 0.5210 +- 0.0467 | VaLoss: 1.3990 +- 0.1489
224,  0 | TrAcc: 0.6766, TrLoss:  1.30574, VaAcc: 0.6873, VaLoss:  2.78994	 10 sampled NNs | VaAcc: 0.5345 +- 0.0159 | VaLoss: 1.3406 +- 0.0609
225,  0 | TrAcc: 0.6768, TrLoss:  1.30315, VaAcc: 0.6826, VaLoss:  2.80636	 10 sampled NNs | VaAcc: 0.5246 +- 0.0356 | VaLoss: 1.3624 +- 0.0812
226,  0 | TrAcc: 0.6760, TrLoss:  1.30705, VaAcc: 0.6825, VaLoss:  2.80550	 10 sampled NNs | VaAcc: 0.5443 +- 0.0393 | VaLoss: 1.3242 +- 0.1148
227,  0 | TrAcc: 0.6761, TrLoss:  1.30569, VaAcc: 0.6817, VaLoss:  2.80795	 10 sampled NNs | VaAcc: 0.5466 +- 0.0232 | VaLoss: 1.3177 +- 0.0716
228,  0 | TrAcc: 0.6749, TrLoss:  1.30824, VaAcc: 0.6849, VaLoss:  2.80035	 10 sampled NNs | VaAcc: 0.5272 +- 0.0354 | VaLoss: 1.3737 +- 0.1172
229,  0 | TrAcc: 0.6757, TrLoss:  1.30259, VaAcc: 0.6833, VaLoss:  2.80801	 10 sampled NNs | VaAcc: 0.5410 +- 0.0246 | VaLoss: 1.3393 +- 0.0759
230,  0 | TrAcc: 0.6751, TrLoss:  1.30634, VaAcc: 0.6839, VaLoss:  2.79915	 10 sampled NNs | VaAcc: 0.5161 +- 0.0178 | VaLoss: 1.3952 +- 0.0415
231,  0 | TrAcc: 0.6766, TrLoss:  1.30150, VaAcc: 0.6792, VaLoss:  2.81006	 10 sampled NNs | VaAcc: 0.5095 +- 0.0396 | VaLoss: 1.4183 +- 0.1276
232,  0 | TrAcc: 0.6757, TrLoss:  1.30502, VaAcc: 0.6850, VaLoss:  2.79973	 10 sampled NNs | VaAcc: 0.5371 +- 0.0150 | VaLoss: 1.3486 +- 0.0464
233,  0 | TrAcc: 0.6754, TrLoss:  1.30599, VaAcc: 0.6837, VaLoss:  2.80465	 10 sampled NNs | VaAcc: 0.5424 +- 0.0218 | VaLoss: 1.3253 +- 0.0632
234,  0 | TrAcc: 0.6782, TrLoss:  1.30129, VaAcc: 0.6838, VaLoss:  2.80044	 10 sampled NNs | VaAcc: 0.5141 +- 0.0417 | VaLoss: 1.4022 +- 0.1207
235,  0 | TrAcc: 0.6773, TrLoss:  1.30111, VaAcc: 0.6809, VaLoss:  2.81078	 10 sampled NNs | VaAcc: 0.5413 +- 0.0343 | VaLoss: 1.3228 +- 0.0863
236,  0 | TrAcc: 0.6755, TrLoss:  1.30738, VaAcc: 0.6883, VaLoss:  2.79676	 10 sampled NNs | VaAcc: 0.5314 +- 0.0405 | VaLoss: 1.3603 +- 0.1384
237,  0 | TrAcc: 0.6778, TrLoss:  1.30143, VaAcc: 0.6856, VaLoss:  2.80361	 10 sampled NNs | VaAcc: 0.5342 +- 0.0184 | VaLoss: 1.3462 +- 0.0538
238,  0 | TrAcc: 0.6756, TrLoss:  1.30292, VaAcc: 0.6829, VaLoss:  2.80604	 10 sampled NNs | VaAcc: 0.5374 +- 0.0270 | VaLoss: 1.3239 +- 0.0628
239,  0 | TrAcc: 0.6778, TrLoss:  1.30466, VaAcc: 0.6829, VaLoss:  2.81212	 10 sampled NNs | VaAcc: 0.5378 +- 0.0283 | VaLoss: 1.3221 +- 0.0827
240,  0 | TrAcc: 0.6772, TrLoss:  1.30189, VaAcc: 0.6849, VaLoss:  2.80608	 10 sampled NNs | VaAcc: 0.5251 +- 0.0361 | VaLoss: 1.3599 +- 0.1046
241,  0 | TrAcc: 0.6786, TrLoss:  1.29925, VaAcc: 0.6794, VaLoss:  2.81940	 10 sampled NNs | VaAcc: 0.5219 +- 0.0222 | VaLoss: 1.3688 +- 0.0819
242,  0 | TrAcc: 0.6782, TrLoss:  1.30199, VaAcc: 0.6819, VaLoss:  2.81458	 10 sampled NNs | VaAcc: 0.5495 +- 0.0316 | VaLoss: 1.2885 +- 0.0735
243,  0 | TrAcc: 0.6771, TrLoss:  1.30224, VaAcc: 0.6813, VaLoss:  2.81289	 10 sampled NNs | VaAcc: 0.5250 +- 0.0285 | VaLoss: 1.3813 +- 0.0908
244,  0 | TrAcc: 0.6785, TrLoss:  1.29958, VaAcc: 0.6837, VaLoss:  2.80931	 10 sampled NNs | VaAcc: 0.5264 +- 0.0421 | VaLoss: 1.3606 +- 0.1029
245,  0 | TrAcc: 0.6795, TrLoss:  1.29834, VaAcc: 0.6836, VaLoss:  2.80390	 10 sampled NNs | VaAcc: 0.5316 +- 0.0345 | VaLoss: 1.3303 +- 0.1033
246,  0 | TrAcc: 0.6770, TrLoss:  1.30193, VaAcc: 0.6841, VaLoss:  2.81307	 10 sampled NNs | VaAcc: 0.5311 +- 0.0349 | VaLoss: 1.3696 +- 0.1023
247,  0 | TrAcc: 0.6791, TrLoss:  1.30030, VaAcc: 0.6848, VaLoss:  2.80608	 10 sampled NNs | VaAcc: 0.5455 +- 0.0376 | VaLoss: 1.3271 +- 0.0976
248,  0 | TrAcc: 0.6792, TrLoss:  1.29724, VaAcc: 0.6840, VaLoss:  2.80870	 10 sampled NNs | VaAcc: 0.5385 +- 0.0426 | VaLoss: 1.3397 +- 0.1206
249,  0 | TrAcc: 0.6795, TrLoss:  1.29956, VaAcc: 0.6840, VaLoss:  2.81241	 10 sampled NNs | VaAcc: 0.5357 +- 0.0324 | VaLoss: 1.3697 +- 0.0925
250,  0 | TrAcc: 0.6788, TrLoss:  1.29913, VaAcc: 0.6886, VaLoss:  2.80122	 10 sampled NNs | VaAcc: 0.5118 +- 0.0323 | VaLoss: 1.4112 +- 0.0863
251,  0 | TrAcc: 0.6797, TrLoss:  1.29796, VaAcc: 0.6853, VaLoss:  2.81233	 10 sampled NNs | VaAcc: 0.5347 +- 0.0209 | VaLoss: 1.3304 +- 0.0550
252,  0 | TrAcc: 0.6794, TrLoss:      nan, VaAcc: 0.6826, VaLoss:      nan	 10 sampled NNs | VaAcc: 0.5529 +- 0.0215 | VaLoss: 1.3063 +- 0.0701
253,  0 | TrAcc: 0.6779, TrLoss:  1.29988, VaAcc: 0.6821, VaLoss:  2.82061	 10 sampled NNs | VaAcc: 0.5345 +- 0.0226 | VaLoss: 1.3439 +- 0.0619
254,  0 | TrAcc: 0.6789, TrLoss:  1.29807, VaAcc: 0.6837, VaLoss:  2.81489	 10 sampled NNs | VaAcc: 0.5529 +- 0.0208 | VaLoss: 1.2980 +- 0.0634
255,  0 | TrAcc: 0.6800, TrLoss:  1.29700, VaAcc: 0.6870, VaLoss:  2.80367	 10 sampled NNs | VaAcc: 0.5257 +- 0.0479 | VaLoss: 1.3604 +- 0.1245
256,  0 | TrAcc: 0.6792, TrLoss:  1.29938, VaAcc: 0.6891, VaLoss:  2.80341	 10 sampled NNs | VaAcc: 0.5254 +- 0.0513 | VaLoss: 1.3705 +- 0.1343
257,  0 | TrAcc: 0.6799, TrLoss:  1.29659, VaAcc: 0.6821, VaLoss:  2.82189	 10 sampled NNs | VaAcc: 0.5441 +- 0.0196 | VaLoss: 1.3186 +- 0.0693
258,  0 | TrAcc: 0.6786, TrLoss:  1.30103, VaAcc: 0.6846, VaLoss:  2.81390	 10 sampled NNs | VaAcc: 0.5516 +- 0.0254 | VaLoss: 1.2891 +- 0.0548
259,  0 | TrAcc: 0.6811, TrLoss:  1.29510, VaAcc: 0.6818, VaLoss:  2.82290	 10 sampled NNs | VaAcc: 0.5381 +- 0.0418 | VaLoss: 1.3228 +- 0.1058
260,  0 | TrAcc: 0.6779, TrLoss:  1.30069, VaAcc: 0.6817, VaLoss:  2.82442	 10 sampled NNs | VaAcc: 0.5354 +- 0.0250 | VaLoss: 1.3324 +- 0.0617
261,  0 | TrAcc: 0.6779, TrLoss:  1.30031, VaAcc: 0.6901, VaLoss:  2.81168	 10 sampled NNs | VaAcc: 0.5289 +- 0.0355 | VaLoss: 1.3831 +- 0.1535
262,  0 | TrAcc: 0.6803, TrLoss:  1.29591, VaAcc: 0.6875, VaLoss:  2.81417	 10 sampled NNs | VaAcc: 0.5430 +- 0.0332 | VaLoss: 1.3138 +- 0.0969
263,  0 | TrAcc: 0.6814, TrLoss:  1.29530, VaAcc: 0.6856, VaLoss:  2.81915	 10 sampled NNs | VaAcc: 0.5120 +- 0.0415 | VaLoss: 1.4057 +- 0.1203
264,  0 | TrAcc: 0.6786, TrLoss:  1.30252, VaAcc: 0.6825, VaLoss:  2.82189	 10 sampled NNs | VaAcc: 0.5189 +- 0.0274 | VaLoss: 1.3832 +- 0.0920
265,  0 | TrAcc: 0.6805, TrLoss:  1.30011, VaAcc: 0.6875, VaLoss:  2.81384	 10 sampled NNs | VaAcc: 0.5296 +- 0.0366 | VaLoss: 1.3592 +- 0.1091
266,  0 | TrAcc: 0.6830, TrLoss:  1.29055, VaAcc: 0.6859, VaLoss:  2.81841	 10 sampled NNs | VaAcc: 0.5551 +- 0.0465 | VaLoss: 1.2938 +- 0.1435
267,  0 | TrAcc: 0.6796, TrLoss:  1.29818, VaAcc: 0.6880, VaLoss:  2.81391	 10 sampled NNs | VaAcc: 0.5466 +- 0.0371 | VaLoss: 1.3166 +- 0.1173
268,  0 | TrAcc: 0.6803, TrLoss:  1.29552, VaAcc: 0.6888, VaLoss:  2.81755	 10 sampled NNs | VaAcc: 0.5394 +- 0.0387 | VaLoss: 1.3209 +- 0.1034
269,  0 | TrAcc: 0.6787, TrLoss:  1.29810, VaAcc: 0.6909, VaLoss:  2.80750	 10 sampled NNs | VaAcc: 0.5161 +- 0.0413 | VaLoss: 1.3809 +- 0.1032
270,  0 | TrAcc: 0.6826, TrLoss:  1.29343, VaAcc: 0.6893, VaLoss:  2.81942	 10 sampled NNs | VaAcc: 0.5372 +- 0.0379 | VaLoss: 1.3474 +- 0.1074
271,  0 | TrAcc: 0.6803, TrLoss:  1.30068, VaAcc: 0.6845, VaLoss:  2.82574	 10 sampled NNs | VaAcc: 0.5499 +- 0.0396 | VaLoss: 1.3198 +- 0.1389
272,  0 | TrAcc: 0.6818, TrLoss:  1.29366, VaAcc: 0.6855, VaLoss:  2.82709	 10 sampled NNs | VaAcc: 0.5062 +- 0.0328 | VaLoss: 1.4243 +- 0.1139
273,  0 | TrAcc: 0.6829, TrLoss:  1.29383, VaAcc: 0.6870, VaLoss:  2.82124	 10 sampled NNs | VaAcc: 0.5303 +- 0.0415 | VaLoss: 1.3735 +- 0.1463
274,  0 | TrAcc: 0.6823, TrLoss:  1.29196, VaAcc: 0.6874, VaLoss:  2.81686	 10 sampled NNs | VaAcc: 0.5189 +- 0.0414 | VaLoss: 1.3873 +- 0.1157
275,  0 | TrAcc: 0.6822, TrLoss:  1.29182, VaAcc: 0.6865, VaLoss:  2.82264	 10 sampled NNs | VaAcc: 0.5254 +- 0.0422 | VaLoss: 1.3809 +- 0.1809
276,  0 | TrAcc: 0.6801, TrLoss:  1.29880, VaAcc: 0.6880, VaLoss:  2.81859	 10 sampled NNs | VaAcc: 0.5522 +- 0.0228 | VaLoss: 1.3006 +- 0.0756
277,  0 | TrAcc: 0.6809, TrLoss:  1.29661, VaAcc: 0.6867, VaLoss:  2.82306	 10 sampled NNs | VaAcc: 0.5323 +- 0.0500 | VaLoss: 1.3574 +- 0.1474
278,  0 | TrAcc: 0.6793, TrLoss:  1.29848, VaAcc: 0.6864, VaLoss:  2.82680	 10 sampled NNs | VaAcc: 0.5441 +- 0.0437 | VaLoss: 1.3044 +- 0.1094
279,  0 | TrAcc: 0.6810, TrLoss:  1.29601, VaAcc: 0.6864, VaLoss:  2.82775	 10 sampled NNs | VaAcc: 0.5368 +- 0.0270 | VaLoss: 1.3464 +- 0.0701
280,  0 | TrAcc: 0.6815, TrLoss:  1.29439, VaAcc: 0.6800, VaLoss:  2.83572	 10 sampled NNs | VaAcc: 0.5487 +- 0.0317 | VaLoss: 1.3211 +- 0.1176
281,  0 | TrAcc: 0.6834, TrLoss:  1.29201, VaAcc: 0.6840, VaLoss:  2.83373	 10 sampled NNs | VaAcc: 0.5457 +- 0.0376 | VaLoss: 1.3103 +- 0.0994
282,  0 | TrAcc: 0.6804, TrLoss:  1.29608, VaAcc: 0.6813, VaLoss:  2.83284	 10 sampled NNs | VaAcc: 0.5222 +- 0.0213 | VaLoss: 1.3594 +- 0.0770
283,  0 | TrAcc: 0.6799, TrLoss:  1.29874, VaAcc: 0.6880, VaLoss:  2.82381	 10 sampled NNs | VaAcc: 0.5219 +- 0.0264 | VaLoss: 1.3803 +- 0.0715
284,  0 | TrAcc: 0.6804, TrLoss:  1.29711, VaAcc: 0.6880, VaLoss:  2.83169	 10 sampled NNs | VaAcc: 0.5454 +- 0.0255 | VaLoss: 1.3118 +- 0.0666
285,  0 | TrAcc: 0.6823, TrLoss:  1.29335, VaAcc: 0.6883, VaLoss:  2.83045	 10 sampled NNs | VaAcc: 0.5478 +- 0.0261 | VaLoss: 1.2941 +- 0.0625
286,  0 | TrAcc: 0.6809, TrLoss:  1.29386, VaAcc: 0.6847, VaLoss:  2.83113	 10 sampled NNs | VaAcc: 0.5460 +- 0.0418 | VaLoss: 1.3144 +- 0.1141
287,  0 | TrAcc: 0.6836, TrLoss:  1.29025, VaAcc: 0.6880, VaLoss:  2.83174	 10 sampled NNs | VaAcc: 0.5442 +- 0.0362 | VaLoss: 1.3139 +- 0.1027
288,  0 | TrAcc: 0.6842, TrLoss:  1.29221, VaAcc: 0.6868, VaLoss:  2.82879	 10 sampled NNs | VaAcc: 0.5382 +- 0.0259 | VaLoss: 1.3310 +- 0.0717
289,  0 | TrAcc: 0.6809, TrLoss:  1.29584, VaAcc: 0.6943, VaLoss:  2.81026	 10 sampled NNs | VaAcc: 0.5278 +- 0.0230 | VaLoss: 1.3575 +- 0.0573
290,  0 | TrAcc: 0.6829, TrLoss:  1.29133, VaAcc: 0.6895, VaLoss:  2.82449	 10 sampled NNs | VaAcc: 0.5475 +- 0.0403 | VaLoss: 1.3032 +- 0.1255
291,  0 | TrAcc: 0.6814, TrLoss:  1.29347, VaAcc: 0.6861, VaLoss:  2.81938	 10 sampled NNs | VaAcc: 0.5288 +- 0.0364 | VaLoss: 1.3530 +- 0.0884
292,  0 | TrAcc: 0.6839, TrLoss:  1.28894, VaAcc: 0.6898, VaLoss:  2.82209	 10 sampled NNs | VaAcc: 0.5425 +- 0.0251 | VaLoss: 1.3234 +- 0.0756
293,  0 | TrAcc: 0.6818, TrLoss:  1.29597, VaAcc: 0.6910, VaLoss:  2.82438	 10 sampled NNs | VaAcc: 0.5415 +- 0.0262 | VaLoss: 1.3164 +- 0.0874
294,  0 | TrAcc: 0.6819, TrLoss:  1.29586, VaAcc: 0.6819, VaLoss:  2.83860	 10 sampled NNs | VaAcc: 0.5437 +- 0.0341 | VaLoss: 1.3303 +- 0.0965
295,  0 | TrAcc: 0.6824, TrLoss:  1.29516, VaAcc: 0.6856, VaLoss:  2.83600	 10 sampled NNs | VaAcc: 0.5332 +- 0.0437 | VaLoss: 1.3272 +- 0.1077
296,  0 | TrAcc: 0.6815, TrLoss:  1.29464, VaAcc: 0.6882, VaLoss:  2.82768	 10 sampled NNs | VaAcc: 0.5383 +- 0.0195 | VaLoss: 1.3264 +- 0.0550
297,  0 | TrAcc: 0.6837, TrLoss:  1.29112, VaAcc: 0.6856, VaLoss:  2.82714	 10 sampled NNs | VaAcc: 0.5297 +- 0.0357 | VaLoss: 1.3565 +- 0.1040
298,  0 | TrAcc: 0.6831, TrLoss:  1.29328, VaAcc: 0.6918, VaLoss:  2.82649	 10 sampled NNs | VaAcc: 0.5453 +- 0.0243 | VaLoss: 1.3388 +- 0.0923
299,  0 | TrAcc: 0.6828, TrLoss:  1.29111, VaAcc: 0.6890, VaLoss:  2.83278	 10 sampled NNs | VaAcc: 0.5347 +- 0.0297 | VaLoss: 1.3303 +- 0.0722
300,  0 | TrAcc: 0.6820, TrLoss:  1.29431, VaAcc: 0.6868, VaLoss:  2.83455	 10 sampled NNs | VaAcc: 0.5296 +- 0.0327 | VaLoss: 1.3470 +- 0.1034
301,  0 | TrAcc: 0.6847, TrLoss:  1.28834, VaAcc: 0.6915, VaLoss:  2.82522	 10 sampled NNs | VaAcc: 0.5378 +- 0.0269 | VaLoss: 1.3455 +- 0.0919
302,  0 | TrAcc: 0.6821, TrLoss:  1.29489, VaAcc: 0.6915, VaLoss:  2.81848	 10 sampled NNs | VaAcc: 0.5325 +- 0.0373 | VaLoss: 1.3593 +- 0.1255
303,  0 | TrAcc: 0.6827, TrLoss:  1.29345, VaAcc: 0.6906, VaLoss:  2.83481	 10 sampled NNs | VaAcc: 0.5384 +- 0.0217 | VaLoss: 1.3212 +- 0.0613
304,  0 | TrAcc: 0.6817, TrLoss:  1.29345, VaAcc: 0.6922, VaLoss:  2.82280	 10 sampled NNs | VaAcc: 0.5490 +- 0.0252 | VaLoss: 1.3135 +- 0.0716
305,  0 | TrAcc: 0.6842, TrLoss:  1.29080, VaAcc: 0.6888, VaLoss:  2.83411	 10 sampled NNs | VaAcc: 0.5510 +- 0.0140 | VaLoss: 1.2904 +- 0.0381
306,  0 | TrAcc: 0.6842, TrLoss:  1.29011, VaAcc: 0.6853, VaLoss:  2.83494	 10 sampled NNs | VaAcc: 0.5377 +- 0.0427 | VaLoss: 1.3280 +- 0.1211
307,  0 | TrAcc: 0.6835, TrLoss:  1.29036, VaAcc: 0.6897, VaLoss:  2.82934	 10 sampled NNs | VaAcc: 0.5263 +- 0.0382 | VaLoss: 1.3653 +- 0.1009
308,  0 | TrAcc: 0.6838, TrLoss:  1.29028, VaAcc: 0.6831, VaLoss:  2.83811	 10 sampled NNs | VaAcc: 0.5469 +- 0.0282 | VaLoss: 1.3072 +- 0.0855
309,  0 | TrAcc: 0.6819, TrLoss:  1.29566, VaAcc: 0.6859, VaLoss:  2.84293	 10 sampled NNs | VaAcc: 0.5415 +- 0.0511 | VaLoss: 1.3184 +- 0.1089
310,  0 | TrAcc: 0.6822, TrLoss:  1.29356, VaAcc: 0.6878, VaLoss:  2.83299	 10 sampled NNs | VaAcc: 0.5572 +- 0.0357 | VaLoss: 1.2977 +- 0.1121
311,  0 | TrAcc: 0.6840, TrLoss:  1.29101, VaAcc: 0.6915, VaLoss:  2.83126	 10 sampled NNs | VaAcc: 0.5307 +- 0.0371 | VaLoss: 1.3471 +- 0.0926
312,  0 | TrAcc: 0.6830, TrLoss:  1.28988, VaAcc: 0.6877, VaLoss:  2.84093	 10 sampled NNs | VaAcc: 0.5445 +- 0.0379 | VaLoss: 1.3006 +- 0.0868
313,  0 | TrAcc: 0.6825, TrLoss:  1.29281, VaAcc: 0.6918, VaLoss:  2.82829	 10 sampled NNs | VaAcc: 0.5470 +- 0.0297 | VaLoss: 1.3101 +- 0.0971
314,  0 | TrAcc: 0.6835, TrLoss:  1.28935, VaAcc: 0.6816, VaLoss:  2.85063	 10 sampled NNs | VaAcc: 0.5470 +- 0.0337 | VaLoss: 1.3131 +- 0.0876
315,  0 | TrAcc: 0.6835, TrLoss:  1.29333, VaAcc: 0.6908, VaLoss:  2.83251	 10 sampled NNs | VaAcc: 0.5492 +- 0.0265 | VaLoss: 1.3068 +- 0.0754
316,  0 | TrAcc: 0.6838, TrLoss:  1.28944, VaAcc: 0.6852, VaLoss:  2.84546	 10 sampled NNs | VaAcc: 0.5442 +- 0.0213 | VaLoss: 1.3141 +- 0.0683
317,  0 | TrAcc: 0.6841, TrLoss:  1.28782, VaAcc: 0.6892, VaLoss:  2.83393	 10 sampled NNs | VaAcc: 0.5248 +- 0.0306 | VaLoss: 1.3755 +- 0.1020
318,  0 | TrAcc: 0.6848, TrLoss:  1.28793, VaAcc: 0.6925, VaLoss:  2.82477	 10 sampled NNs | VaAcc: 0.5305 +- 0.0286 | VaLoss: 1.3509 +- 0.0742
319,  0 | TrAcc: 0.6828, TrLoss:  1.29133, VaAcc: 0.6878, VaLoss:  2.83088	 10 sampled NNs | VaAcc: 0.5644 +- 0.0324 | VaLoss: 1.2685 +- 0.0822
320,  0 | TrAcc: 0.6844, TrLoss:  1.28896, VaAcc: 0.6861, VaLoss:  2.84392	 10 sampled NNs | VaAcc: 0.5386 +- 0.0415 | VaLoss: 1.3508 +- 0.1576
321,  0 | TrAcc: 0.6821, TrLoss:  1.29469, VaAcc: 0.6874, VaLoss:  2.84055	 10 sampled NNs | VaAcc: 0.5589 +- 0.0132 | VaLoss: 1.2699 +- 0.0459
322,  0 | TrAcc: 0.6852, TrLoss:  1.28903, VaAcc: 0.6862, VaLoss:  2.83845	 10 sampled NNs | VaAcc: 0.5217 +- 0.0309 | VaLoss: 1.3640 +- 0.0823
323,  0 | TrAcc: 0.6815, TrLoss:      nan, VaAcc: 0.6882, VaLoss:      nan	 10 sampled NNs | VaAcc: 0.5390 +- 0.0377 | VaLoss: 1.3361 +- 0.1052
324,  0 | TrAcc: 0.6845, TrLoss:  1.28938, VaAcc: 0.6968, VaLoss:  2.82197	 10 sampled NNs | VaAcc: 0.5435 +- 0.0284 | VaLoss: 1.3232 +- 0.0693
325,  0 | TrAcc: 0.6843, TrLoss:  1.28855, VaAcc: 0.6904, VaLoss:  2.83152	 10 sampled NNs | VaAcc: 0.5618 +- 0.0230 | VaLoss: 1.2710 +- 0.0596
326,  0 | TrAcc: 0.6834, TrLoss:  1.29046, VaAcc: 0.6891, VaLoss:  2.84139	 10 sampled NNs | VaAcc: 0.5322 +- 0.0366 | VaLoss: 1.3360 +- 0.0900
327,  0 | TrAcc: 0.6848, TrLoss:  1.28741, VaAcc: 0.6881, VaLoss:  2.83424	 10 sampled NNs | VaAcc: 0.5416 +- 0.0335 | VaLoss: 1.3290 +- 0.1083
328,  0 | TrAcc: 0.6853, TrLoss:  1.28678, VaAcc: 0.6933, VaLoss:  2.82651	 10 sampled NNs | VaAcc: 0.5532 +- 0.0301 | VaLoss: 1.2869 +- 0.0670
329,  0 | TrAcc: 0.6853, TrLoss:  1.28785, VaAcc: 0.6883, VaLoss:  2.84058	 10 sampled NNs | VaAcc: 0.5492 +- 0.0495 | VaLoss: 1.3225 +- 0.1735
330,  0 | TrAcc: 0.6843, TrLoss:  1.28962, VaAcc: 0.6862, VaLoss:  2.84657	 10 sampled NNs | VaAcc: 0.5418 +- 0.0419 | VaLoss: 1.3324 +- 0.1290
331,  0 | TrAcc: 0.6837, TrLoss:  1.28829, VaAcc: 0.6870, VaLoss:  2.84485	 10 sampled NNs | VaAcc: 0.5428 +- 0.0252 | VaLoss: 1.3212 +- 0.0666
332,  0 | TrAcc: 0.6873, TrLoss:  1.28137, VaAcc: 0.6889, VaLoss:  2.83861	 10 sampled NNs | VaAcc: 0.5475 +- 0.0231 | VaLoss: 1.3095 +- 0.0702
333,  0 | TrAcc: 0.6830, TrLoss:  1.29267, VaAcc: 0.6905, VaLoss:  2.83824	 10 sampled NNs | VaAcc: 0.5391 +- 0.0266 | VaLoss: 1.3263 +- 0.0839
334,  0 | TrAcc: 0.6857, TrLoss:  1.28495, VaAcc: 0.6890, VaLoss:  2.84365	 10 sampled NNs | VaAcc: 0.5540 +- 0.0235 | VaLoss: 1.2881 +- 0.0689
335,  0 | TrAcc: 0.6873, TrLoss:  1.28405, VaAcc: 0.6888, VaLoss:  2.84294	 10 sampled NNs | VaAcc: 0.5405 +- 0.0289 | VaLoss: 1.2997 +- 0.0616
336,  0 | TrAcc: 0.6857, TrLoss:  1.28758, VaAcc: 0.6867, VaLoss:  2.84648	 10 sampled NNs | VaAcc: 0.5550 +- 0.0294 | VaLoss: 1.2816 +- 0.0850
337,  0 | TrAcc: 0.6846, TrLoss:  1.29038, VaAcc: 0.6920, VaLoss:  2.83586	 10 sampled NNs | VaAcc: 0.5518 +- 0.0246 | VaLoss: 1.3167 +- 0.0746
338,  0 | TrAcc: 0.6828, TrLoss:  1.29066, VaAcc: 0.6927, VaLoss:  2.83178	 10 sampled NNs | VaAcc: 0.5372 +- 0.0551 | VaLoss: 1.3703 +- 0.1696
339,  0 | TrAcc: 0.6838, TrLoss:  1.29034, VaAcc: 0.6928, VaLoss:  2.82899	 10 sampled NNs | VaAcc: 0.5286 +- 0.0376 | VaLoss: 1.3506 +- 0.0982
340,  0 | TrAcc: 0.6847, TrLoss:  1.28893, VaAcc: 0.6899, VaLoss:  2.84014	 10 sampled NNs | VaAcc: 0.5450 +- 0.0278 | VaLoss: 1.2958 +- 0.0815
341,  0 | TrAcc: 0.6844, TrLoss:  1.29070, VaAcc: 0.6885, VaLoss:  2.84550	 10 sampled NNs | VaAcc: 0.5673 +- 0.0174 | VaLoss: 1.2548 +- 0.0451
342,  0 | TrAcc: 0.6840, TrLoss:  1.28935, VaAcc: 0.6929, VaLoss:  2.82893	 10 sampled NNs | VaAcc: 0.5526 +- 0.0381 | VaLoss: 1.3066 +- 0.0963
343,  0 | TrAcc: 0.6860, TrLoss:  1.28584, VaAcc: 0.6934, VaLoss:  2.83191	 10 sampled NNs | VaAcc: 0.5477 +- 0.0254 | VaLoss: 1.3140 +- 0.0705
344,  0 | TrAcc: 0.6851, TrLoss:  1.28672, VaAcc: 0.6924, VaLoss:  2.83688	 10 sampled NNs | VaAcc: 0.5343 +- 0.0349 | VaLoss: 1.3551 +- 0.1178
345,  0 | TrAcc: 0.6871, TrLoss:  1.28200, VaAcc: 0.6934, VaLoss:  2.83684	 10 sampled NNs | VaAcc: 0.5466 +- 0.0235 | VaLoss: 1.3088 +- 0.0553
346,  0 | TrAcc: 0.6844, TrLoss:  1.28845, VaAcc: 0.6903, VaLoss:  2.83949	 10 sampled NNs | VaAcc: 0.5399 +- 0.0416 | VaLoss: 1.3108 +- 0.0965
347,  0 | TrAcc: 0.6855, TrLoss:  1.28572, VaAcc: 0.6882, VaLoss:  2.84479	 10 sampled NNs | VaAcc: 0.5361 +- 0.0412 | VaLoss: 1.3459 +- 0.1184
348,  0 | TrAcc: 0.6860, TrLoss:  1.28447, VaAcc: 0.6881, VaLoss:  2.85235	 10 sampled NNs | VaAcc: 0.5503 +- 0.0382 | VaLoss: 1.3029 +- 0.0920
349,  0 | TrAcc: 0.6850, TrLoss:  1.28685, VaAcc: 0.6911, VaLoss:  2.84317	 10 sampled NNs | VaAcc: 0.5331 +- 0.0325 | VaLoss: 1.3315 +- 0.0876
350,  0 | TrAcc: 0.6858, TrLoss:  1.28573, VaAcc: 0.6928, VaLoss:  2.84531	 10 sampled NNs | VaAcc: 0.5450 +- 0.0382 | VaLoss: 1.3334 +- 0.1152
351,  0 | TrAcc: 0.6839, TrLoss:  1.29092, VaAcc: 0.6924, VaLoss:  2.83898	 10 sampled NNs | VaAcc: 0.5548 +- 0.0193 | VaLoss: 1.3038 +- 0.0535
352,  0 | TrAcc: 0.6851, TrLoss:  1.29012, VaAcc: 0.6914, VaLoss:  2.84152	 10 sampled NNs | VaAcc: 0.5450 +- 0.0449 | VaLoss: 1.3141 +- 0.1364
353,  0 | TrAcc: 0.6854, TrLoss:  1.28737, VaAcc: 0.6874, VaLoss:  2.85396	 10 sampled NNs | VaAcc: 0.5435 +- 0.0340 | VaLoss: 1.3139 +- 0.0890
354,  0 | TrAcc: 0.6841, TrLoss:  1.28973, VaAcc: 0.6932, VaLoss:  2.84029	 10 sampled NNs | VaAcc: 0.5565 +- 0.0150 | VaLoss: 1.2856 +- 0.0454
355,  0 | TrAcc: 0.6854, TrLoss:  1.28822, VaAcc: 0.6916, VaLoss:  2.84547	 10 sampled NNs | VaAcc: 0.5629 +- 0.0286 | VaLoss: 1.2797 +- 0.0889
356,  0 | TrAcc: 0.6856, TrLoss:  1.28757, VaAcc: 0.6891, VaLoss:  2.85597	 10 sampled NNs | VaAcc: 0.5423 +- 0.0314 | VaLoss: 1.3245 +- 0.0904
357,  0 | TrAcc: 0.6842, TrLoss:  1.28985, VaAcc: 0.6914, VaLoss:  2.84781	 10 sampled NNs | VaAcc: 0.5469 +- 0.0249 | VaLoss: 1.2980 +- 0.0773
358,  0 | TrAcc: 0.6858, TrLoss:  1.28992, VaAcc: 0.6917, VaLoss:  2.85003	 10 sampled NNs | VaAcc: 0.5485 +- 0.0237 | VaLoss: 1.3189 +- 0.0646
359,  0 | TrAcc: 0.6865, TrLoss:  1.28702, VaAcc: 0.6878, VaLoss:  2.85175	 10 sampled NNs | VaAcc: 0.5530 +- 0.0252 | VaLoss: 1.2954 +- 0.0665
360,  0 | TrAcc: 0.6857, TrLoss:  1.28472, VaAcc: 0.6908, VaLoss:  2.84879	 10 sampled NNs | VaAcc: 0.5276 +- 0.0318 | VaLoss: 1.3689 +- 0.1214
361,  0 | TrAcc: 0.6864, TrLoss:  1.28585, VaAcc: 0.6945, VaLoss:  2.84062	 10 sampled NNs | VaAcc: 0.5601 +- 0.0178 | VaLoss: 1.2745 +- 0.0561
362,  0 | TrAcc: 0.6846, TrLoss:  1.28878, VaAcc: 0.6906, VaLoss:  2.84613	 10 sampled NNs | VaAcc: 0.5586 +- 0.0415 | VaLoss: 1.2852 +- 0.1135
363,  0 | TrAcc: 0.6869, TrLoss:  1.28843, VaAcc: 0.6914, VaLoss:  2.84517	 10 sampled NNs | VaAcc: 0.5262 +- 0.0409 | VaLoss: 1.3646 +- 0.1005
364,  0 | TrAcc: 0.6845, TrLoss:  1.28870, VaAcc: 0.6890, VaLoss:  2.85202	 10 sampled NNs | VaAcc: 0.5362 +- 0.0326 | VaLoss: 1.3507 +- 0.0990
365,  0 | TrAcc: 0.6868, TrLoss:  1.28654, VaAcc: 0.6881, VaLoss:  2.84551	 10 sampled NNs | VaAcc: 0.5540 +- 0.0240 | VaLoss: 1.2843 +- 0.0648
366,  0 | TrAcc: 0.6850, TrLoss:  1.29116, VaAcc: 0.6866, VaLoss:  2.85664	 10 sampled NNs | VaAcc: 0.5590 +- 0.0389 | VaLoss: 1.2757 +- 0.1086
367,  0 | TrAcc: 0.6858, TrLoss:  1.29055, VaAcc: 0.6909, VaLoss:  2.84315	 10 sampled NNs | VaAcc: 0.5462 +- 0.0458 | VaLoss: 1.3302 +- 0.1470
368,  0 | TrAcc: 0.6869, TrLoss:  1.28661, VaAcc: 0.6902, VaLoss:  2.84330	 10 sampled NNs | VaAcc: 0.5313 +- 0.0389 | VaLoss: 1.3609 +- 0.1264
369,  0 | TrAcc: 0.6866, TrLoss:  1.28653, VaAcc: 0.6933, VaLoss:  2.84473	 10 sampled NNs | VaAcc: 0.5545 +- 0.0273 | VaLoss: 1.2934 +- 0.0806
370,  0 | TrAcc: 0.6867, TrLoss:  1.28283, VaAcc: 0.6936, VaLoss:  2.84431	 10 sampled NNs | VaAcc: 0.5594 +- 0.0293 | VaLoss: 1.2712 +- 0.0889
371,  0 | TrAcc: 0.6893, TrLoss:  1.28129, VaAcc: 0.6947, VaLoss:  2.83799	 10 sampled NNs | VaAcc: 0.5607 +- 0.0231 | VaLoss: 1.2730 +- 0.0651
372,  0 | TrAcc: 0.6848, TrLoss:  1.29145, VaAcc: 0.6972, VaLoss:  2.83865	 10 sampled NNs | VaAcc: 0.5445 +- 0.0268 | VaLoss: 1.3339 +- 0.1022
373,  0 | TrAcc: 0.6863, TrLoss:  1.28706, VaAcc: 0.6905, VaLoss:  2.84376	 10 sampled NNs | VaAcc: 0.5448 +- 0.0455 | VaLoss: 1.3199 +- 0.1446
374,  0 | TrAcc: 0.6871, TrLoss:  1.28508, VaAcc: 0.6888, VaLoss:  2.85523	 10 sampled NNs | VaAcc: 0.5322 +- 0.0386 | VaLoss: 1.3720 +- 0.1328
375,  0 | TrAcc: 0.6875, TrLoss:  1.28321, VaAcc: 0.6869, VaLoss:  2.86538	 10 sampled NNs | VaAcc: 0.5520 +- 0.0265 | VaLoss: 1.2900 +- 0.0745
376,  0 | TrAcc: 0.6853, TrLoss:  1.29123, VaAcc: 0.6880, VaLoss:  2.85777	 10 sampled NNs | VaAcc: 0.5562 +- 0.0239 | VaLoss: 1.2929 +- 0.0697
377,  0 | TrAcc: 0.6865, TrLoss:  1.28428, VaAcc: 0.6913, VaLoss:  2.84758	 10 sampled NNs | VaAcc: 0.5479 +- 0.0201 | VaLoss: 1.3240 +- 0.0552
378,  0 | TrAcc: 0.6871, TrLoss:  1.28631, VaAcc: 0.6938, VaLoss:  2.84895	 10 sampled NNs | VaAcc: 0.5404 +- 0.0479 | VaLoss: 1.3257 +- 0.1471
379,  0 | TrAcc: 0.6888, TrLoss:  1.28083, VaAcc: 0.6981, VaLoss:  2.83773	 10 sampled NNs | VaAcc: 0.5369 +- 0.0371 | VaLoss: 1.3432 +- 0.1300
380,  0 | TrAcc: 0.6840, TrLoss:  1.29096, VaAcc: 0.6902, VaLoss:  2.85445	 10 sampled NNs | VaAcc: 0.5545 +- 0.0408 | VaLoss: 1.3070 +- 0.1135
381,  0 | TrAcc: 0.6874, TrLoss:  1.28571, VaAcc: 0.6877, VaLoss:  2.86590	 10 sampled NNs | VaAcc: 0.5414 +- 0.0299 | VaLoss: 1.3161 +- 0.0914
382,  0 | TrAcc: 0.6862, TrLoss:  1.28610, VaAcc: 0.6914, VaLoss:  2.85133	 10 sampled NNs | VaAcc: 0.5380 +- 0.0346 | VaLoss: 1.3233 +- 0.0937
383,  0 | TrAcc: 0.6867, TrLoss:  1.28653, VaAcc: 0.6916, VaLoss:  2.84970	 10 sampled NNs | VaAcc: 0.5575 +- 0.0215 | VaLoss: 1.2650 +- 0.0656
384,  0 | TrAcc: 0.6858, TrLoss:  1.28728, VaAcc: 0.6916, VaLoss:  2.84938	 10 sampled NNs | VaAcc: 0.5375 +- 0.0389 | VaLoss: 1.3365 +- 0.1062
385,  0 | TrAcc: 0.6880, TrLoss:  1.28189, VaAcc: 0.6911, VaLoss:  2.86051	 10 sampled NNs | VaAcc: 0.5603 +- 0.0237 | VaLoss: 1.2689 +- 0.0616
386,  0 | TrAcc: 0.6864, TrLoss:  1.28837, VaAcc: 0.6917, VaLoss:  2.84964	 10 sampled NNs | VaAcc: 0.5498 +- 0.0241 | VaLoss: 1.2942 +- 0.0714
387,  0 | TrAcc: 0.6843, TrLoss:  1.29037, VaAcc: 0.6894, VaLoss:  2.85712	 10 sampled NNs | VaAcc: 0.5389 +- 0.0308 | VaLoss: 1.3313 +- 0.0813
388,  0 | TrAcc: 0.6878, TrLoss:  1.28302, VaAcc: 0.6924, VaLoss:  2.85626	 10 sampled NNs | VaAcc: 0.5580 +- 0.0230 | VaLoss: 1.2739 +- 0.0639
389,  0 | TrAcc: 0.6866, TrLoss:  1.28524, VaAcc: 0.6949, VaLoss:  2.84742	 10 sampled NNs | VaAcc: 0.5517 +- 0.0313 | VaLoss: 1.2829 +- 0.0599
390,  0 | TrAcc: 0.6873, TrLoss:  1.28447, VaAcc: 0.6860, VaLoss:  2.86926	 10 sampled NNs | VaAcc: 0.5349 +- 0.0290 | VaLoss: 1.3181 +- 0.0724
391,  0 | TrAcc: 0.6872, TrLoss:  1.28438, VaAcc: 0.6931, VaLoss:  2.85353	 10 sampled NNs | VaAcc: 0.5511 +- 0.0213 | VaLoss: 1.2994 +- 0.0581
392,  0 | TrAcc: 0.6869, TrLoss:  1.28546, VaAcc: 0.6937, VaLoss:  2.85261	 10 sampled NNs | VaAcc: 0.5559 +- 0.0388 | VaLoss: 1.2794 +- 0.1224
393,  0 | TrAcc: 0.6873, TrLoss:  1.28297, VaAcc: 0.6951, VaLoss:  2.84709	 10 sampled NNs | VaAcc: 0.5446 +- 0.0440 | VaLoss: 1.3221 +- 0.1146
394,  0 | TrAcc: 0.6859, TrLoss:  1.28931, VaAcc: 0.6931, VaLoss:  2.85065	 10 sampled NNs | VaAcc: 0.5313 +- 0.0313 | VaLoss: 1.3305 +- 0.0980
395,  0 | TrAcc: 0.6887, TrLoss:  1.28401, VaAcc: 0.6965, VaLoss:  2.84560	 10 sampled NNs | VaAcc: 0.5328 +- 0.0215 | VaLoss: 1.3492 +- 0.1075
396,  0 | TrAcc: 0.6884, TrLoss:  1.28386, VaAcc: 0.6889, VaLoss:  2.86499	 10 sampled NNs | VaAcc: 0.5289 +- 0.0567 | VaLoss: 1.3595 +- 0.1826
397,  0 | TrAcc: 0.6877, TrLoss:  1.28411, VaAcc: 0.6929, VaLoss:  2.85735	 10 sampled NNs | VaAcc: 0.5316 +- 0.0254 | VaLoss: 1.3447 +- 0.0632
398,  0 | TrAcc: 0.6881, TrLoss:  1.28262, VaAcc: 0.6926, VaLoss:  2.85339	 10 sampled NNs | VaAcc: 0.5525 +- 0.0295 | VaLoss: 1.2922 +- 0.0975
399,  0 | TrAcc: 0.6862, TrLoss:  1.28781, VaAcc: 0.6920, VaLoss:  2.85794	 10 sampled NNs | VaAcc: 0.5575 +- 0.0299 | VaLoss: 1.2686 +- 0.0747
110077.11319999999
----------------------------
