

config:

HOME=/clusterFS/home/student/kopp13
PATH=/clusterFS/home/student/kopp13/miniconda3/envs/tensorflow/bin:/clusterFS/home/student/kopp13/miniconda3/bin:/clusterFS/home/student/kopp13/bin:/usr/local/bin:/usr/bin:/bin:/usr/local/games:/usr/games
LD_LIBRARY_PATH=
THEANO_FLAGS=floatX=float32,gpuarray.preallocate=0.9,dnn.library_path=/usr/lib/x86_64-linux-gnu,cxx=clang++-3.8,device=cuda,base_compiledir=/tmp/tmp.bYKAD2Qxpe

=============================
CONFIG FILE

RNN CONFIG
{'data_multiplier': 0.2,
 'gradient_clip_value': 0.5,
 'layer_configs': [{'layer_type': 'input'},
                   {'bc': {'init_m': 'xavier',
                           'init_v': -4.5,
                           'prior_m': 0.0,
                           'prior_v': 0.0,
                           'type': 'continuous'},
                    'bf': {'init_m': 'xavier',
                           'init_v': -4.5,
                           'prior_m': 0.0,
                           'prior_v': 0.0,
                           'type': 'continuous'},
                    'bi': {'init_m': 'xavier',
                           'init_v': -4.5,
                           'prior_m': 0.0,
                           'prior_v': 0.0,
                           'type': 'continuous'},
                    'bo': {'init_m': 'xavier',
                           'init_v': -4.5,
                           'prior_m': 0.0,
                           'prior_v': 0.0,
                           'type': 'continuous'},
                    'init_config': {'c': {'b': 'all_zero', 'w': 'xavier'},
                                    'f': {'b': 'all_one', 'w': 'all_zero'},
                                    'i': {'b': 'all_zero', 'w': 'xavier'},
                                    'o': {'b': 'all_zero', 'w': 'xavier'}},
                    'is_output': False,
                    'is_recurrent': True,
                    'layer_type': 'lstm',
                    'tau': 0.2,
                    'var_scope': 'lstm_0',
                    'wc': {'p0max': 0.95,
                           'p0min': 0.05,
                           'pmax': 0.99,
                           'pmin': 0.01,
                           'priors': [0.2, 0.6, 0.2],
                           'type': 'ternary'},
                    'wf': {'p0max': 0.95,
                           'p0min': 0.05,
                           'pmax': 0.99,
                           'pmin': 0.01,
                           'priors': [0.2, 0.6, 0.2],
                           'type': 'ternary'},
                    'wi': {'p0max': 0.95,
                           'p0min': 0.05,
                           'pmax': 0.99,
                           'pmin': 0.01,
                           'priors': [0.2, 0.6, 0.2],
                           'type': 'ternary'},
                    'wo': {'p0max': 0.95,
                           'p0min': 0.05,
                           'pmax': 0.99,
                           'pmin': 0.01,
                           'priors': [0.2, 0.6, 0.2],
                           'type': 'ternary'}},
                   {'bc': {'init_m': 'xavier',
                           'init_v': -4.5,
                           'prior_m': 0.0,
                           'prior_v': 0.0,
                           'type': 'continuous'},
                    'bf': {'init_m': 'xavier',
                           'init_v': -4.5,
                           'prior_m': 0.0,
                           'prior_v': 0.0,
                           'type': 'continuous'},
                    'bi': {'init_m': 'xavier',
                           'init_v': -4.5,
                           'prior_m': 0.0,
                           'prior_v': 0.0,
                           'type': 'continuous'},
                    'bo': {'init_m': 'xavier',
                           'init_v': -4.5,
                           'prior_m': 0.0,
                           'prior_v': 0.0,
                           'type': 'continuous'},
                    'init_config': {'c': {'b': 'all_zero', 'w': 'xavier'},
                                    'f': {'b': 'all_one', 'w': 'all_zero'},
                                    'i': {'b': 'all_zero', 'w': 'xavier'},
                                    'o': {'b': 'all_zero', 'w': 'xavier'}},
                    'is_output': False,
                    'is_recurrent': True,
                    'layer_type': 'lstm',
                    'tau': 0.2,
                    'var_scope': 'lstm_1',
                    'wc': {'p0max': 0.95,
                           'p0min': 0.05,
                           'pmax': 0.99,
                           'pmin': 0.01,
                           'priors': [0.2, 0.6, 0.2],
                           'type': 'ternary'},
                    'wf': {'p0max': 0.95,
                           'p0min': 0.05,
                           'pmax': 0.99,
                           'pmin': 0.01,
                           'priors': [0.2, 0.6, 0.2],
                           'type': 'ternary'},
                    'wi': {'p0max': 0.95,
                           'p0min': 0.05,
                           'pmax': 0.99,
                           'pmin': 0.01,
                           'priors': [0.2, 0.6, 0.2],
                           'type': 'ternary'},
                    'wo': {'p0max': 0.95,
                           'p0min': 0.05,
                           'pmax': 0.99,
                           'pmin': 0.01,
                           'priors': [0.2, 0.6, 0.2],
                           'type': 'ternary'}},
                   {'b': {'init_m': 'xavier',
                          'init_v': -4.5,
                          'prior_m': 0.0,
                          'prior_v': 0.0,
                          'type': 'continuous'},
                    'is_output': True,
                    'is_recurrent': False,
                    'layer_type': 'fc',
                    'regularization': {'mode': None, 'strength': 0.02},
                    'tau': 0.2,
                    'var_scope': 'output_layer',
                    'w': {'p0max': 0.95,
                          'p0min': 0.05,
                          'pmax': 0.99,
                          'pmin': 0.01,
                          'priors': [0.2, 0.6, 0.2],
                          'type': 'ternary'}}],
 'layout': [4, 60, 60, 10],
 'output_type': 'classification'}

DATA CONFIG
{'dataset': 'red_penstroke',
 'tr': {'in_seq_len': 30,
        'minibatch_enabled': True,
        'minibatch_size': 200,
        'out_seq_len': 5,
        'zero_padding': 20},
 'va': {'in_seq_len': 30,
        'minibatch_enabled': True,
        'minibatch_size': 200,
        'out_seq_len': 5,
        'zero_padding': 20}}

TRAINING CONFIG
{'beta_reg': 0.0,
 'is_pretrain': False,
 'learning_rate': 0.001,
 'max_epochs': 200,
 'mode': {'max_epochs': 400, 'min_error': 0.0, 'name': 'classic'},
 'task_id': 2,
 'type': 'l_sampling',
 'var_reg': 0.01}
==============================


pretraning is over
  0,  0 | TrAcc: 0.0804, TrLoss:  7.62381, VaAcc: 0.0857, VaLoss: 10.58854	 10 sampled NNs | VaAcc: 0.0763 +- 0.0142 | VaLoss: 7.6435 +- 1.8769
  1,  0 | TrAcc: 0.1244, TrLoss:  3.34388, VaAcc: 0.1173, VaLoss:  5.88716	 10 sampled NNs | VaAcc: 0.1147 +- 0.0147 | VaLoss: 2.9416 +- 0.4173
  2,  0 | TrAcc: 0.1391, TrLoss:  3.01985, VaAcc: 0.1327, VaLoss:  5.29385	 10 sampled NNs | VaAcc: 0.1300 +- 0.0173 | VaLoss: 2.4926 +- 0.1668
  3,  0 | TrAcc: 0.1852, TrLoss:  2.80119, VaAcc: 0.1831, VaLoss:  4.91200	 10 sampled NNs | VaAcc: 0.1563 +- 0.0189 | VaLoss: 2.4174 +- 0.2155
  4,  0 | TrAcc: 0.1996, TrLoss:  2.63614, VaAcc: 0.1993, VaLoss:  4.66699	 10 sampled NNs | VaAcc: 0.1592 +- 0.0251 | VaLoss: 2.3253 +- 0.1585
  5,  0 | TrAcc: 0.2254, TrLoss:  2.53088, VaAcc: 0.2322, VaLoss:  4.49753	 10 sampled NNs | VaAcc: 0.1695 +- 0.0234 | VaLoss: 2.2846 +- 0.1048
  6,  0 | TrAcc: 0.2714, TrLoss:  2.42110, VaAcc: 0.2849, VaLoss:  4.32614	 10 sampled NNs | VaAcc: 0.1947 +- 0.0636 | VaLoss: 2.2917 +- 0.3261
  7,  0 | TrAcc: 0.2982, TrLoss:  2.32510, VaAcc: 0.3099, VaLoss:  4.19249	 10 sampled NNs | VaAcc: 0.1719 +- 0.0394 | VaLoss: 2.5174 +- 0.3790
  8,  0 | TrAcc: 0.3185, TrLoss:  2.24672, VaAcc: 0.3330, VaLoss:  4.06550	 10 sampled NNs | VaAcc: 0.2021 +- 0.0434 | VaLoss: 2.4617 +- 0.3741
  9,  0 | TrAcc: 0.3430, TrLoss:  2.16987, VaAcc: 0.3631, VaLoss:  3.93352	 10 sampled NNs | VaAcc: 0.1948 +- 0.0422 | VaLoss: 2.2349 +- 0.1358
 10,  0 | TrAcc: 0.3721, TrLoss:  2.09705, VaAcc: 0.3910, VaLoss:  3.82264	 10 sampled NNs | VaAcc: 0.2193 +- 0.0646 | VaLoss: 2.3695 +- 0.3169
 11,  0 | TrAcc: 0.4023, TrLoss:  2.03051, VaAcc: 0.4250, VaLoss:  3.71701	 10 sampled NNs | VaAcc: 0.1989 +- 0.0440 | VaLoss: 2.4270 +- 0.2340
 12,  0 | TrAcc: 0.4259, TrLoss:  1.97132, VaAcc: 0.4448, VaLoss:  3.63342	 10 sampled NNs | VaAcc: 0.2370 +- 0.0593 | VaLoss: 2.2728 +- 0.3136
 13,  0 | TrAcc: 0.4460, TrLoss:  1.91897, VaAcc: 0.4627, VaLoss:  3.55813	 10 sampled NNs | VaAcc: 0.2338 +- 0.0403 | VaLoss: 2.4216 +- 0.4240
 14,  0 | TrAcc: 0.4653, TrLoss:  1.86918, VaAcc: 0.4812, VaLoss:  3.48355	 10 sampled NNs | VaAcc: 0.2567 +- 0.0603 | VaLoss: 2.1531 +- 0.2419
 15,  0 | TrAcc: 0.4780, TrLoss:  1.83213, VaAcc: 0.4966, VaLoss:  3.42376	 10 sampled NNs | VaAcc: 0.2592 +- 0.0364 | VaLoss: 2.1689 +- 0.1566
 16,  0 | TrAcc: 0.4933, TrLoss:  1.79240, VaAcc: 0.5107, VaLoss:  3.36622	 10 sampled NNs | VaAcc: 0.2619 +- 0.0359 | VaLoss: 2.3243 +- 0.1767
 17,  0 | TrAcc: 0.5046, TrLoss:  1.75781, VaAcc: 0.5245, VaLoss:  3.30151	 10 sampled NNs | VaAcc: 0.2974 +- 0.0635 | VaLoss: 2.1949 +- 0.2492
 18,  0 | TrAcc: 0.5152, TrLoss:  1.73099, VaAcc: 0.5321, VaLoss:  3.25607	 10 sampled NNs | VaAcc: 0.2906 +- 0.0436 | VaLoss: 2.1309 +- 0.2731
 19,  0 | TrAcc: 0.5268, TrLoss:  1.69485, VaAcc: 0.5393, VaLoss:  3.22263	 10 sampled NNs | VaAcc: 0.3159 +- 0.0412 | VaLoss: 2.0990 +- 0.3134
 20,  0 | TrAcc: 0.5362, TrLoss:  1.67451, VaAcc: 0.5560, VaLoss:  3.17287	 10 sampled NNs | VaAcc: 0.2685 +- 0.0474 | VaLoss: 2.2253 +- 0.2467
 21,  0 | TrAcc: 0.5459, TrLoss:  1.64663, VaAcc: 0.5661, VaLoss:  3.13428	 10 sampled NNs | VaAcc: 0.3236 +- 0.0574 | VaLoss: 2.1162 +- 0.3019
 22,  0 | TrAcc: 0.5577, TrLoss:  1.61305, VaAcc: 0.5745, VaLoss:  3.09476	 10 sampled NNs | VaAcc: 0.3407 +- 0.0301 | VaLoss: 1.9215 +- 0.1205
 23,  0 | TrAcc: 0.5649, TrLoss:  1.59535, VaAcc: 0.5820, VaLoss:  3.05523	 10 sampled NNs | VaAcc: 0.3497 +- 0.0473 | VaLoss: 1.9213 +- 0.2345
 24,  0 | TrAcc: 0.5740, TrLoss:  1.56877, VaAcc: 0.5892, VaLoss:  3.02952	 10 sampled NNs | VaAcc: 0.3350 +- 0.0332 | VaLoss: 1.9856 +- 0.2264
 25,  0 | TrAcc: 0.5823, TrLoss:  1.54433, VaAcc: 0.5942, VaLoss:  3.00065	 10 sampled NNs | VaAcc: 0.3387 +- 0.0451 | VaLoss: 2.0032 +- 0.1429
 26,  0 | TrAcc: 0.5920, TrLoss:  1.51751, VaAcc: 0.6010, VaLoss:  2.97427	 10 sampled NNs | VaAcc: 0.3056 +- 0.0648 | VaLoss: 2.1502 +- 0.3324
 27,  0 | TrAcc: 0.5977, TrLoss:  1.49860, VaAcc: 0.6080, VaLoss:  2.93706	 10 sampled NNs | VaAcc: 0.3473 +- 0.0372 | VaLoss: 1.9531 +- 0.1602
 28,  0 | TrAcc: 0.6036, TrLoss:  1.48074, VaAcc: 0.6168, VaLoss:  2.89828	 10 sampled NNs | VaAcc: 0.3677 +- 0.0431 | VaLoss: 1.8536 +- 0.2054
 29,  0 | TrAcc: 0.6091, TrLoss:  1.46319, VaAcc: 0.6228, VaLoss:  2.85698	 10 sampled NNs | VaAcc: 0.3642 +- 0.0861 | VaLoss: 1.9317 +- 0.3852
 30,  0 | TrAcc: 0.6153, TrLoss:  1.43999, VaAcc: 0.6248, VaLoss:  2.83049	 10 sampled NNs | VaAcc: 0.3484 +- 0.0346 | VaLoss: 1.9232 +- 0.1616
 31,  0 | TrAcc: 0.6212, TrLoss:  1.42276, VaAcc: 0.6290, VaLoss:  2.79314	 10 sampled NNs | VaAcc: 0.3729 +- 0.0548 | VaLoss: 1.8201 +- 0.1982
 32,  0 | TrAcc: 0.6251, TrLoss:  1.40558, VaAcc: 0.6407, VaLoss:  2.73891	 10 sampled NNs | VaAcc: 0.3868 +- 0.0427 | VaLoss: 1.8117 +- 0.2050
 33,  0 | TrAcc: 0.6287, TrLoss:  1.38981, VaAcc: 0.6409, VaLoss:  2.70990	 10 sampled NNs | VaAcc: 0.3946 +- 0.0502 | VaLoss: 1.8049 +- 0.2208
 34,  0 | TrAcc: 0.6364, TrLoss:  1.36093, VaAcc: 0.6471, VaLoss:  2.67215	 10 sampled NNs | VaAcc: 0.3915 +- 0.0400 | VaLoss: 1.8174 +- 0.1186
 35,  0 | TrAcc: 0.6398, TrLoss:  1.35205, VaAcc: 0.6494, VaLoss:  2.63635	 10 sampled NNs | VaAcc: 0.4198 +- 0.0617 | VaLoss: 1.6804 +- 0.2478
 36,  0 | TrAcc: 0.6427, TrLoss:  1.33854, VaAcc: 0.6481, VaLoss:  2.60702	 10 sampled NNs | VaAcc: 0.4171 +- 0.0573 | VaLoss: 1.7290 +- 0.2057
 37,  0 | TrAcc: 0.6454, TrLoss:  1.32780, VaAcc: 0.6586, VaLoss:  2.56100	 10 sampled NNs | VaAcc: 0.4162 +- 0.0608 | VaLoss: 1.7373 +- 0.2382
 38,  0 | TrAcc: 0.6486, TrLoss:  1.31327, VaAcc: 0.6605, VaLoss:  2.53479	 10 sampled NNs | VaAcc: 0.3876 +- 0.0456 | VaLoss: 1.8251 +- 0.1976
 39,  0 | TrAcc: 0.6510, TrLoss:  1.29934, VaAcc: 0.6631, VaLoss:  2.50491	 10 sampled NNs | VaAcc: 0.4207 +- 0.0555 | VaLoss: 1.7116 +- 0.1968
 40,  0 | TrAcc: 0.6549, TrLoss:  1.28710, VaAcc: 0.6676, VaLoss:  2.48222	 10 sampled NNs | VaAcc: 0.4145 +- 0.0627 | VaLoss: 1.7304 +- 0.2391
 41,  0 | TrAcc: 0.6583, TrLoss:  1.27707, VaAcc: 0.6702, VaLoss:  2.45660	 10 sampled NNs | VaAcc: 0.4541 +- 0.0422 | VaLoss: 1.5797 +- 0.1326
 42,  0 | TrAcc: 0.6601, TrLoss:  1.26558, VaAcc: 0.6682, VaLoss:  2.44425	 10 sampled NNs | VaAcc: 0.4415 +- 0.0455 | VaLoss: 1.6554 +- 0.1881
 43,  0 | TrAcc: 0.6635, TrLoss:  1.25486, VaAcc: 0.6712, VaLoss:  2.42851	 10 sampled NNs | VaAcc: 0.4435 +- 0.0490 | VaLoss: 1.6816 +- 0.2022
 44,  0 | TrAcc: 0.6656, TrLoss:  1.24652, VaAcc: 0.6749, VaLoss:  2.40598	 10 sampled NNs | VaAcc: 0.4398 +- 0.0385 | VaLoss: 1.6615 +- 0.1848
 45,  0 | TrAcc: 0.6645, TrLoss:  1.24405, VaAcc: 0.6788, VaLoss:  2.37875	 10 sampled NNs | VaAcc: 0.4613 +- 0.0322 | VaLoss: 1.5817 +- 0.1062
 46,  0 | TrAcc: 0.6696, TrLoss:  1.23208, VaAcc: 0.6775, VaLoss:  2.37498	 10 sampled NNs | VaAcc: 0.4604 +- 0.0437 | VaLoss: 1.5774 +- 0.1117
 47,  0 | TrAcc: 0.6722, TrLoss:  1.22417, VaAcc: 0.6845, VaLoss:  2.35479	 10 sampled NNs | VaAcc: 0.4734 +- 0.0417 | VaLoss: 1.5521 +- 0.1668
 48,  0 | TrAcc: 0.6720, TrLoss:  1.22079, VaAcc: 0.6843, VaLoss:  2.32879	 10 sampled NNs | VaAcc: 0.4616 +- 0.0260 | VaLoss: 1.5629 +- 0.0960
 49,  0 | TrAcc: 0.6747, TrLoss:  1.21336, VaAcc: 0.6844, VaLoss:  2.33413	 10 sampled NNs | VaAcc: 0.4490 +- 0.0487 | VaLoss: 1.5812 +- 0.1557
 50,  0 | TrAcc: 0.6763, TrLoss:  1.20699, VaAcc: 0.6865, VaLoss:  2.31113	 10 sampled NNs | VaAcc: 0.4778 +- 0.0404 | VaLoss: 1.5283 +- 0.1514
 51,  0 | TrAcc: 0.6806, TrLoss:  1.19510, VaAcc: 0.6915, VaLoss:  2.29354	 10 sampled NNs | VaAcc: 0.4865 +- 0.0432 | VaLoss: 1.5122 +- 0.1560
 52,  0 | TrAcc: 0.6825, TrLoss:  1.18798, VaAcc: 0.6891, VaLoss:  2.30045	 10 sampled NNs | VaAcc: 0.4845 +- 0.0392 | VaLoss: 1.5179 +- 0.1871
 53,  0 | TrAcc: 0.6835, TrLoss:  1.18475, VaAcc: 0.6901, VaLoss:  2.28568	 10 sampled NNs | VaAcc: 0.4786 +- 0.0472 | VaLoss: 1.5422 +- 0.1672
 54,  0 | TrAcc: 0.6853, TrLoss:  1.17557, VaAcc: 0.6917, VaLoss:  2.27423	 10 sampled NNs | VaAcc: 0.4967 +- 0.0412 | VaLoss: 1.4645 +- 0.1414
 55,  0 | TrAcc: 0.6863, TrLoss:  1.17444, VaAcc: 0.6908, VaLoss:  2.27366	 10 sampled NNs | VaAcc: 0.4856 +- 0.0295 | VaLoss: 1.5179 +- 0.1050
 56,  0 | TrAcc: 0.6861, TrLoss:  1.17205, VaAcc: 0.6966, VaLoss:  2.25427	 10 sampled NNs | VaAcc: 0.4652 +- 0.0446 | VaLoss: 1.5482 +- 0.1454
 57,  0 | TrAcc: 0.6890, TrLoss:  1.16428, VaAcc: 0.6997, VaLoss:  2.23726	 10 sampled NNs | VaAcc: 0.4741 +- 0.0376 | VaLoss: 1.5618 +- 0.1622
 58,  0 | TrAcc: 0.6880, TrLoss:  1.16220, VaAcc: 0.6947, VaLoss:  2.24034	 10 sampled NNs | VaAcc: 0.4895 +- 0.0439 | VaLoss: 1.5204 +- 0.1860
 59,  0 | TrAcc: 0.6904, TrLoss:  1.15524, VaAcc: 0.7021, VaLoss:  2.22697	 10 sampled NNs | VaAcc: 0.5008 +- 0.0353 | VaLoss: 1.4600 +- 0.1296
 60,  0 | TrAcc: 0.6909, TrLoss:  1.15511, VaAcc: 0.7009, VaLoss:  2.22946	 10 sampled NNs | VaAcc: 0.4922 +- 0.0510 | VaLoss: 1.4838 +- 0.1905
 61,  0 | TrAcc: 0.6927, TrLoss:  1.14777, VaAcc: 0.7052, VaLoss:  2.21315	 10 sampled NNs | VaAcc: 0.5051 +- 0.0290 | VaLoss: 1.4505 +- 0.1030
 62,  0 | TrAcc: 0.6941, TrLoss:  1.14369, VaAcc: 0.7000, VaLoss:  2.21571	 10 sampled NNs | VaAcc: 0.4658 +- 0.0656 | VaLoss: 1.5742 +- 0.2511
 63,  0 | TrAcc: 0.6957, TrLoss:  1.14018, VaAcc: 0.7024, VaLoss:  2.21111	 10 sampled NNs | VaAcc: 0.4935 +- 0.0448 | VaLoss: 1.5116 +- 0.2131
 64,  0 | TrAcc: 0.6949, TrLoss:  1.13834, VaAcc: 0.7034, VaLoss:  2.19791	 10 sampled NNs | VaAcc: 0.4972 +- 0.0431 | VaLoss: 1.4780 +- 0.1424
 65,  0 | TrAcc: 0.6949, TrLoss:  1.13897, VaAcc: 0.7032, VaLoss:  2.19751	 10 sampled NNs | VaAcc: 0.5251 +- 0.0310 | VaLoss: 1.3847 +- 0.1387
 66,  0 | TrAcc: 0.6977, TrLoss:  1.13140, VaAcc: 0.7065, VaLoss:  2.18466	 10 sampled NNs | VaAcc: 0.5059 +- 0.0444 | VaLoss: 1.4576 +- 0.1645
 67,  0 | TrAcc: 0.6976, TrLoss:  1.12983, VaAcc: 0.7069, VaLoss:  2.18095	 10 sampled NNs | VaAcc: 0.5138 +- 0.0337 | VaLoss: 1.4367 +- 0.1280
 68,  0 | TrAcc: 0.6992, TrLoss:  1.12423, VaAcc: 0.7098, VaLoss:  2.17594	 10 sampled NNs | VaAcc: 0.5073 +- 0.0408 | VaLoss: 1.4402 +- 0.1359
 69,  0 | TrAcc: 0.7018, TrLoss:  1.11824, VaAcc: 0.7101, VaLoss:  2.17231	 10 sampled NNs | VaAcc: 0.5153 +- 0.0397 | VaLoss: 1.4391 +- 0.1744
 70,  0 | TrAcc: 0.7019, TrLoss:  1.11792, VaAcc: 0.7129, VaLoss:  2.16087	 10 sampled NNs | VaAcc: 0.5212 +- 0.0194 | VaLoss: 1.3896 +- 0.0587
 71,  0 | TrAcc: 0.7020, TrLoss:  1.11876, VaAcc: 0.7073, VaLoss:  2.17362	 10 sampled NNs | VaAcc: 0.5448 +- 0.0368 | VaLoss: 1.3446 +- 0.1327
 72,  0 | TrAcc: 0.7022, TrLoss:  1.11599, VaAcc: 0.7127, VaLoss:  2.15749	 10 sampled NNs | VaAcc: 0.5340 +- 0.0331 | VaLoss: 1.3900 +- 0.1115
 73,  0 | TrAcc: 0.7051, TrLoss:  1.10708, VaAcc: 0.7100, VaLoss:  2.15822	 10 sampled NNs | VaAcc: 0.5026 +- 0.0471 | VaLoss: 1.4541 +- 0.1672
 74,  0 | TrAcc: 0.7041, TrLoss:  1.10960, VaAcc: 0.7099, VaLoss:  2.15438	 10 sampled NNs | VaAcc: 0.5484 +- 0.0265 | VaLoss: 1.3228 +- 0.0852
 75,  0 | TrAcc: 0.7064, TrLoss:  1.10477, VaAcc: 0.7140, VaLoss:  2.14547	 10 sampled NNs | VaAcc: 0.5477 +- 0.0173 | VaLoss: 1.3160 +- 0.0431
 76,  0 | TrAcc: 0.7048, TrLoss:  1.10540, VaAcc: 0.7118, VaLoss:  2.14835	 10 sampled NNs | VaAcc: 0.5248 +- 0.0364 | VaLoss: 1.3972 +- 0.1056
 77,  0 | TrAcc: 0.7049, TrLoss:  1.10471, VaAcc: 0.7137, VaLoss:  2.14505	 10 sampled NNs | VaAcc: 0.5231 +- 0.0548 | VaLoss: 1.4070 +- 0.2086
 78,  0 | TrAcc: 0.7071, TrLoss:  1.09982, VaAcc: 0.7149, VaLoss:  2.13790	 10 sampled NNs | VaAcc: 0.5288 +- 0.0404 | VaLoss: 1.3408 +- 0.1089
 79,  0 | TrAcc: 0.7092, TrLoss:  1.09557, VaAcc: 0.7147, VaLoss:  2.13809	 10 sampled NNs | VaAcc: 0.5428 +- 0.0350 | VaLoss: 1.3604 +- 0.1553
 80,  0 | TrAcc: 0.7081, TrLoss:  1.09455, VaAcc: 0.7144, VaLoss:  2.13084	 10 sampled NNs | VaAcc: 0.5222 +- 0.0485 | VaLoss: 1.3892 +- 0.1606
 81,  0 | TrAcc: 0.7102, TrLoss:  1.09033, VaAcc: 0.7148, VaLoss:  2.13036	 10 sampled NNs | VaAcc: 0.5330 +- 0.0487 | VaLoss: 1.3551 +- 0.1515
 82,  0 | TrAcc: 0.7098, TrLoss:  1.09319, VaAcc: 0.7195, VaLoss:  2.12428	 10 sampled NNs | VaAcc: 0.5364 +- 0.0215 | VaLoss: 1.3717 +- 0.0631
 83,  0 | TrAcc: 0.7097, TrLoss:  1.09025, VaAcc: 0.7151, VaLoss:  2.13061	 10 sampled NNs | VaAcc: 0.5367 +- 0.0487 | VaLoss: 1.3594 +- 0.1728
 84,  0 | TrAcc: 0.7121, TrLoss:  1.08243, VaAcc: 0.7142, VaLoss:  2.13224	 10 sampled NNs | VaAcc: 0.5614 +- 0.0356 | VaLoss: 1.2874 +- 0.0927
 85,  0 | TrAcc: 0.7124, TrLoss:  1.08280, VaAcc: 0.7195, VaLoss:  2.11405	 10 sampled NNs | VaAcc: 0.5393 +- 0.0237 | VaLoss: 1.3619 +- 0.0919
 86,  0 | TrAcc: 0.7121, TrLoss:  1.07992, VaAcc: 0.7137, VaLoss:  2.12645	 10 sampled NNs | VaAcc: 0.5391 +- 0.0383 | VaLoss: 1.3370 +- 0.1180
 87,  0 | TrAcc: 0.7140, TrLoss:  1.07583, VaAcc: 0.7180, VaLoss:  2.11712	 10 sampled NNs | VaAcc: 0.5459 +- 0.0305 | VaLoss: 1.3204 +- 0.0975
 88,  0 | TrAcc: 0.7139, TrLoss:  1.07670, VaAcc: 0.7204, VaLoss:  2.11057	 10 sampled NNs | VaAcc: 0.5330 +- 0.0346 | VaLoss: 1.3714 +- 0.1113
 89,  0 | TrAcc: 0.7136, TrLoss:  1.07590, VaAcc: 0.7163, VaLoss:  2.12520	 10 sampled NNs | VaAcc: 0.5406 +- 0.0554 | VaLoss: 1.3524 +- 0.1723
 90,  0 | TrAcc: 0.7151, TrLoss:  1.07327, VaAcc: 0.7180, VaLoss:  2.11536	 10 sampled NNs | VaAcc: 0.5603 +- 0.0311 | VaLoss: 1.2905 +- 0.1264
 91,  0 | TrAcc: 0.7138, TrLoss:  1.07564, VaAcc: 0.7198, VaLoss:  2.10777	 10 sampled NNs | VaAcc: 0.5569 +- 0.0324 | VaLoss: 1.3119 +- 0.1182
 92,  0 | TrAcc: 0.7158, TrLoss:  1.07149, VaAcc: 0.7224, VaLoss:  2.10282	 10 sampled NNs | VaAcc: 0.5446 +- 0.0348 | VaLoss: 1.3186 +- 0.1008
 93,  0 | TrAcc: 0.7173, TrLoss:  1.06595, VaAcc: 0.7210, VaLoss:  2.11027	 10 sampled NNs | VaAcc: 0.5501 +- 0.0397 | VaLoss: 1.3065 +- 0.1177
 94,  0 | TrAcc: 0.7175, TrLoss:  1.06546, VaAcc: 0.7215, VaLoss:  2.10488	 10 sampled NNs | VaAcc: 0.5573 +- 0.0295 | VaLoss: 1.3005 +- 0.1109
 95,  0 | TrAcc: 0.7163, TrLoss:  1.06841, VaAcc: 0.7232, VaLoss:  2.09763	 10 sampled NNs | VaAcc: 0.5359 +- 0.0507 | VaLoss: 1.3485 +- 0.1473
 96,  0 | TrAcc: 0.7176, TrLoss:  1.06464, VaAcc: 0.7275, VaLoss:  2.09382	 10 sampled NNs | VaAcc: 0.5568 +- 0.0287 | VaLoss: 1.2737 +- 0.0885
 97,  0 | TrAcc: 0.7186, TrLoss:  1.06189, VaAcc: 0.7200, VaLoss:  2.10587	 10 sampled NNs | VaAcc: 0.5493 +- 0.0401 | VaLoss: 1.3026 +- 0.1390
 98,  0 | TrAcc: 0.7181, TrLoss:  1.06163, VaAcc: 0.7236, VaLoss:  2.09931	 10 sampled NNs | VaAcc: 0.5591 +- 0.0325 | VaLoss: 1.2883 +- 0.1011
 99,  0 | TrAcc: 0.7195, TrLoss:  1.05552, VaAcc: 0.7245, VaLoss:  2.09505	 10 sampled NNs | VaAcc: 0.5416 +- 0.0355 | VaLoss: 1.3510 +- 0.1187
100,  0 | TrAcc: 0.7208, TrLoss:  1.05742, VaAcc: 0.7216, VaLoss:  2.09586	 10 sampled NNs | VaAcc: 0.5417 +- 0.0365 | VaLoss: 1.3341 +- 0.1166
101,  0 | TrAcc: 0.7193, TrLoss:  1.06086, VaAcc: 0.7224, VaLoss:  2.10570	 10 sampled NNs | VaAcc: 0.5417 +- 0.0430 | VaLoss: 1.3291 +- 0.1224
102,  0 | TrAcc: 0.7205, TrLoss:  1.05572, VaAcc: 0.7265, VaLoss:  2.09018	 10 sampled NNs | VaAcc: 0.5408 +- 0.0467 | VaLoss: 1.3546 +- 0.2240
103,  0 | TrAcc: 0.7222, TrLoss:  1.05066, VaAcc: 0.7271, VaLoss:  2.09229	 10 sampled NNs | VaAcc: 0.5468 +- 0.0373 | VaLoss: 1.3185 +- 0.1373
104,  0 | TrAcc: 0.7218, TrLoss:  1.05246, VaAcc: 0.7242, VaLoss:  2.09323	 10 sampled NNs | VaAcc: 0.5375 +- 0.0543 | VaLoss: 1.3647 +- 0.1900
105,  0 | TrAcc: 0.7241, TrLoss:  1.04583, VaAcc: 0.7226, VaLoss:  2.09586	 10 sampled NNs | VaAcc: 0.5582 +- 0.0372 | VaLoss: 1.2996 +- 0.1213
106,  0 | TrAcc: 0.7200, TrLoss:  1.05357, VaAcc: 0.7266, VaLoss:  2.09250	 10 sampled NNs | VaAcc: 0.5720 +- 0.0213 | VaLoss: 1.2449 +- 0.0497
107,  0 | TrAcc: 0.7230, TrLoss:  1.04640, VaAcc: 0.7264, VaLoss:  2.08502	 10 sampled NNs | VaAcc: 0.5338 +- 0.0355 | VaLoss: 1.3644 +- 0.1324
108,  0 | TrAcc: 0.7222, TrLoss:  1.04983, VaAcc: 0.7287, VaLoss:  2.08720	 10 sampled NNs | VaAcc: 0.5651 +- 0.0221 | VaLoss: 1.2765 +- 0.0741
109,  0 | TrAcc: 0.7251, TrLoss:  1.04215, VaAcc: 0.7253, VaLoss:  2.08596	 10 sampled NNs | VaAcc: 0.5503 +- 0.0346 | VaLoss: 1.3133 +- 0.1362
110,  0 | TrAcc: 0.7237, TrLoss:  1.04484, VaAcc: 0.7300, VaLoss:  2.08090	 10 sampled NNs | VaAcc: 0.5544 +- 0.0148 | VaLoss: 1.3051 +- 0.0451
111,  0 | TrAcc: 0.7252, TrLoss:  1.04026, VaAcc: 0.7332, VaLoss:  2.07187	 10 sampled NNs | VaAcc: 0.5574 +- 0.0326 | VaLoss: 1.2887 +- 0.1119
112,  0 | TrAcc: 0.7234, TrLoss:  1.04438, VaAcc: 0.7257, VaLoss:  2.08827	 10 sampled NNs | VaAcc: 0.5693 +- 0.0368 | VaLoss: 1.2788 +- 0.1224
113,  0 | TrAcc: 0.7251, TrLoss:  1.04233, VaAcc: 0.7289, VaLoss:  2.08070	 10 sampled NNs | VaAcc: 0.5648 +- 0.0358 | VaLoss: 1.2733 +- 0.1179
114,  0 | TrAcc: 0.7237, TrLoss:  1.04501, VaAcc: 0.7311, VaLoss:  2.07887	 10 sampled NNs | VaAcc: 0.5619 +- 0.0238 | VaLoss: 1.2708 +- 0.0702
115,  0 | TrAcc: 0.7266, TrLoss:  1.03611, VaAcc: 0.7276, VaLoss:  2.09219	 10 sampled NNs | VaAcc: 0.5596 +- 0.0469 | VaLoss: 1.2893 +- 0.1480
116,  0 | TrAcc: 0.7272, TrLoss:  1.03438, VaAcc: 0.7264, VaLoss:  2.08189	 10 sampled NNs | VaAcc: 0.5783 +- 0.0396 | VaLoss: 1.2202 +- 0.1141
117,  0 | TrAcc: 0.7269, TrLoss:  1.03568, VaAcc: 0.7292, VaLoss:  2.08041	 10 sampled NNs | VaAcc: 0.5745 +- 0.0353 | VaLoss: 1.2497 +- 0.0989
118,  0 | TrAcc: 0.7261, TrLoss:  1.03721, VaAcc: 0.7289, VaLoss:  2.07868	 10 sampled NNs | VaAcc: 0.5765 +- 0.0298 | VaLoss: 1.2225 +- 0.0632
119,  0 | TrAcc: 0.7264, TrLoss:  1.03616, VaAcc: 0.7316, VaLoss:  2.07381	 10 sampled NNs | VaAcc: 0.5452 +- 0.0385 | VaLoss: 1.3525 +- 0.1238
120,  0 | TrAcc: 0.7288, TrLoss:  1.03219, VaAcc: 0.7322, VaLoss:  2.07259	 10 sampled NNs | VaAcc: 0.5673 +- 0.0389 | VaLoss: 1.2684 +- 0.1312
121,  0 | TrAcc: 0.7277, TrLoss:  1.03188, VaAcc: 0.7289, VaLoss:  2.07952	 10 sampled NNs | VaAcc: 0.5501 +- 0.0389 | VaLoss: 1.3273 +- 0.1247
122,  0 | TrAcc: 0.7301, TrLoss:  1.02940, VaAcc: 0.7323, VaLoss:  2.07487	 10 sampled NNs | VaAcc: 0.5707 +- 0.0420 | VaLoss: 1.2571 +- 0.1403
123,  0 | TrAcc: 0.7307, TrLoss:  1.02586, VaAcc: 0.7293, VaLoss:  2.08090	 10 sampled NNs | VaAcc: 0.5813 +- 0.0416 | VaLoss: 1.2162 +- 0.1097
124,  0 | TrAcc: 0.7286, TrLoss:  1.02931, VaAcc: 0.7262, VaLoss:  2.08245	 10 sampled NNs | VaAcc: 0.5786 +- 0.0315 | VaLoss: 1.2345 +- 0.0901
125,  0 | TrAcc: 0.7295, TrLoss:  1.03245, VaAcc: 0.7290, VaLoss:  2.07348	 10 sampled NNs | VaAcc: 0.5837 +- 0.0258 | VaLoss: 1.2030 +- 0.0909
126,  0 | TrAcc: 0.7316, TrLoss:  1.02082, VaAcc: 0.7311, VaLoss:  2.07781	 10 sampled NNs | VaAcc: 0.5700 +- 0.0414 | VaLoss: 1.2422 +- 0.1271
127,  0 | TrAcc: 0.7318, TrLoss:  1.02270, VaAcc: 0.7294, VaLoss:  2.08075	 10 sampled NNs | VaAcc: 0.5657 +- 0.0289 | VaLoss: 1.2926 +- 0.1269
128,  0 | TrAcc: 0.7308, TrLoss:  1.02351, VaAcc: 0.7298, VaLoss:  2.07620	 10 sampled NNs | VaAcc: 0.5784 +- 0.0409 | VaLoss: 1.2500 +- 0.1188
129,  0 | TrAcc: 0.7311, TrLoss:  1.02442, VaAcc: 0.7304, VaLoss:  2.07906	 10 sampled NNs | VaAcc: 0.5773 +- 0.0368 | VaLoss: 1.2347 +- 0.1183
130,  0 | TrAcc: 0.7329, TrLoss:  1.01907, VaAcc: 0.7317, VaLoss:  2.07696	 10 sampled NNs | VaAcc: 0.5723 +- 0.0312 | VaLoss: 1.2599 +- 0.1129
131,  0 | TrAcc: 0.7328, TrLoss:  1.01841, VaAcc: 0.7324, VaLoss:  2.07527	 10 sampled NNs | VaAcc: 0.5679 +- 0.0245 | VaLoss: 1.2549 +- 0.0851
132,  0 | TrAcc: 0.7310, TrLoss:  1.02452, VaAcc: 0.7284, VaLoss:  2.07947	 10 sampled NNs | VaAcc: 0.5796 +- 0.0224 | VaLoss: 1.2449 +- 0.0850
133,  0 | TrAcc: 0.7320, TrLoss:  1.01892, VaAcc: 0.7350, VaLoss:  2.06658	 10 sampled NNs | VaAcc: 0.5727 +- 0.0277 | VaLoss: 1.2442 +- 0.0871
134,  0 | TrAcc: 0.7316, TrLoss:  1.02034, VaAcc: 0.7333, VaLoss:  2.07956	 10 sampled NNs | VaAcc: 0.5882 +- 0.0342 | VaLoss: 1.1924 +- 0.0783
135,  0 | TrAcc: 0.7351, TrLoss:  1.01535, VaAcc: 0.7314, VaLoss:  2.07779	 10 sampled NNs | VaAcc: 0.5736 +- 0.0161 | VaLoss: 1.2501 +- 0.0547
136,  0 | TrAcc: 0.7345, TrLoss:  1.01498, VaAcc: 0.7350, VaLoss:  2.06563	 10 sampled NNs | VaAcc: 0.5686 +- 0.0328 | VaLoss: 1.2502 +- 0.1006
137,  0 | TrAcc: 0.7344, TrLoss:  1.01464, VaAcc: 0.7323, VaLoss:  2.07045	 10 sampled NNs | VaAcc: 0.5879 +- 0.0316 | VaLoss: 1.2050 +- 0.1066
138,  0 | TrAcc: 0.7351, TrLoss:  1.01200, VaAcc: 0.7310, VaLoss:  2.07384	 10 sampled NNs | VaAcc: 0.5649 +- 0.0348 | VaLoss: 1.2735 +- 0.1027
139,  0 | TrAcc: 0.7350, TrLoss:  1.01341, VaAcc: 0.7361, VaLoss:  2.06483	 10 sampled NNs | VaAcc: 0.5742 +- 0.0329 | VaLoss: 1.2387 +- 0.1005
140,  0 | TrAcc: 0.7319, TrLoss:  1.01992, VaAcc: 0.7325, VaLoss:  2.07352	 10 sampled NNs | VaAcc: 0.5819 +- 0.0337 | VaLoss: 1.2319 +- 0.1216
141,  0 | TrAcc: 0.7345, TrLoss:  1.01353, VaAcc: 0.7365, VaLoss:  2.06266	 10 sampled NNs | VaAcc: 0.5819 +- 0.0154 | VaLoss: 1.2194 +- 0.0506
142,  0 | TrAcc: 0.7354, TrLoss:      nan, VaAcc: 0.7343, VaLoss:      nan	 10 sampled NNs | VaAcc: 0.5979 +- 0.0190 | VaLoss: 1.1812 +- 0.0718
143,  0 | TrAcc: 0.7334, TrLoss:  1.01548, VaAcc: 0.7347, VaLoss:  2.07029	 10 sampled NNs | VaAcc: 0.5800 +- 0.0340 | VaLoss: 1.2235 +- 0.0960
144,  0 | TrAcc: 0.7350, TrLoss:  1.01364, VaAcc: 0.7397, VaLoss:  2.05451	 10 sampled NNs | VaAcc: 0.5889 +- 0.0380 | VaLoss: 1.2170 +- 0.1302
145,  0 | TrAcc: 0.7366, TrLoss:  1.01002, VaAcc: 0.7382, VaLoss:  2.05895	 10 sampled NNs | VaAcc: 0.5575 +- 0.0332 | VaLoss: 1.2778 +- 0.1095
146,  0 | TrAcc: 0.7349, TrLoss:  1.01207, VaAcc: 0.7344, VaLoss:  2.07441	 10 sampled NNs | VaAcc: 0.5775 +- 0.0332 | VaLoss: 1.2286 +- 0.1023
147,  0 | TrAcc: 0.7345, TrLoss:  1.01557, VaAcc: 0.7344, VaLoss:  2.07726	 10 sampled NNs | VaAcc: 0.5821 +- 0.0233 | VaLoss: 1.2299 +- 0.0694
148,  0 | TrAcc: 0.7360, TrLoss:  1.00896, VaAcc: 0.7315, VaLoss:  2.07631	 10 sampled NNs | VaAcc: 0.5991 +- 0.0230 | VaLoss: 1.1582 +- 0.0566
149,  0 | TrAcc: 0.7369, TrLoss:  1.00837, VaAcc: 0.7363, VaLoss:  2.06984	 10 sampled NNs | VaAcc: 0.5662 +- 0.0412 | VaLoss: 1.2702 +- 0.1266
150,  0 | TrAcc: 0.7377, TrLoss:  1.00648, VaAcc: 0.7351, VaLoss:  2.06590	 10 sampled NNs | VaAcc: 0.5806 +- 0.0434 | VaLoss: 1.2381 +- 0.1349
151,  0 | TrAcc: 0.7372, TrLoss:  1.00610, VaAcc: 0.7365, VaLoss:  2.06495	 10 sampled NNs | VaAcc: 0.5769 +- 0.0324 | VaLoss: 1.2301 +- 0.0948
152,  0 | TrAcc: 0.7374, TrLoss:  1.00338, VaAcc: 0.7365, VaLoss:  2.06514	 10 sampled NNs | VaAcc: 0.5869 +- 0.0245 | VaLoss: 1.2221 +- 0.0960
153,  0 | TrAcc: 0.7372, TrLoss:  1.00395, VaAcc: 0.7382, VaLoss:  2.06387	 10 sampled NNs | VaAcc: 0.5751 +- 0.0399 | VaLoss: 1.2568 +- 0.1297
154,  0 | TrAcc: 0.7398, TrLoss:  0.99963, VaAcc: 0.7415, VaLoss:  2.05639	 10 sampled NNs | VaAcc: 0.5963 +- 0.0314 | VaLoss: 1.1801 +- 0.0936
155,  0 | TrAcc: 0.7378, TrLoss:  1.00568, VaAcc: 0.7342, VaLoss:  2.07569	 10 sampled NNs | VaAcc: 0.5798 +- 0.0405 | VaLoss: 1.2278 +- 0.1163
156,  0 | TrAcc: 0.7376, TrLoss:  1.00356, VaAcc: 0.7397, VaLoss:  2.06241	 10 sampled NNs | VaAcc: 0.5966 +- 0.0272 | VaLoss: 1.1812 +- 0.0638
157,  0 | TrAcc: 0.7387, TrLoss:  1.00231, VaAcc: 0.7317, VaLoss:  2.07957	 10 sampled NNs | VaAcc: 0.5807 +- 0.0295 | VaLoss: 1.2183 +- 0.0904
158,  0 | TrAcc: 0.7400, TrLoss:  0.99848, VaAcc: 0.7327, VaLoss:  2.07653	 10 sampled NNs | VaAcc: 0.5910 +- 0.0247 | VaLoss: 1.1803 +- 0.0672
159,  0 | TrAcc: 0.7393, TrLoss:  0.99856, VaAcc: 0.7410, VaLoss:  2.05642	 10 sampled NNs | VaAcc: 0.5942 +- 0.0402 | VaLoss: 1.1843 +- 0.1215
160,  0 | TrAcc: 0.7398, TrLoss:  0.99771, VaAcc: 0.7342, VaLoss:  2.07795	 10 sampled NNs | VaAcc: 0.5791 +- 0.0281 | VaLoss: 1.2262 +- 0.0717
161,  0 | TrAcc: 0.7386, TrLoss:  1.00234, VaAcc: 0.7328, VaLoss:  2.08087	 10 sampled NNs | VaAcc: 0.5777 +- 0.0282 | VaLoss: 1.2376 +- 0.0833
162,  0 | TrAcc: 0.7418, TrLoss:  0.99262, VaAcc: 0.7381, VaLoss:  2.06410	 10 sampled NNs | VaAcc: 0.5905 +- 0.0412 | VaLoss: 1.2040 +- 0.1465
163,  0 | TrAcc: 0.7404, TrLoss:  0.99768, VaAcc: 0.7376, VaLoss:  2.06867	 10 sampled NNs | VaAcc: 0.5892 +- 0.0408 | VaLoss: 1.2169 +- 0.1462
164,  0 | TrAcc: 0.7407, TrLoss:  1.00013, VaAcc: 0.7363, VaLoss:  2.06834	 10 sampled NNs | VaAcc: 0.5850 +- 0.0335 | VaLoss: 1.2255 +- 0.1151
165,  0 | TrAcc: 0.7386, TrLoss:  1.00083, VaAcc: 0.7444, VaLoss:  2.05256	 10 sampled NNs | VaAcc: 0.5800 +- 0.0323 | VaLoss: 1.2125 +- 0.0985
166,  0 | TrAcc: 0.7414, TrLoss:  0.99532, VaAcc: 0.7379, VaLoss:  2.06676	 10 sampled NNs | VaAcc: 0.5899 +- 0.0249 | VaLoss: 1.2024 +- 0.0770
167,  0 | TrAcc: 0.7408, TrLoss:  0.99360, VaAcc: 0.7349, VaLoss:  2.08078	 10 sampled NNs | VaAcc: 0.5907 +- 0.0254 | VaLoss: 1.2060 +- 0.0746
168,  0 | TrAcc: 0.7404, TrLoss:  0.99955, VaAcc: 0.7373, VaLoss:  2.06751	 10 sampled NNs | VaAcc: 0.5856 +- 0.0333 | VaLoss: 1.2248 +- 0.1049
169,  0 | TrAcc: 0.7408, TrLoss:  0.99628, VaAcc: 0.7389, VaLoss:  2.06341	 10 sampled NNs | VaAcc: 0.5800 +- 0.0272 | VaLoss: 1.2210 +- 0.0790
170,  0 | TrAcc: 0.7421, TrLoss:  0.98987, VaAcc: 0.7364, VaLoss:  2.07295	 10 sampled NNs | VaAcc: 0.5951 +- 0.0310 | VaLoss: 1.1866 +- 0.0925
171,  0 | TrAcc: 0.7421, TrLoss:  0.99459, VaAcc: 0.7439, VaLoss:  2.05697	 10 sampled NNs | VaAcc: 0.5876 +- 0.0281 | VaLoss: 1.2081 +- 0.0835
172,  0 | TrAcc: 0.7428, TrLoss:  0.99082, VaAcc: 0.7390, VaLoss:  2.06984	 10 sampled NNs | VaAcc: 0.5821 +- 0.0266 | VaLoss: 1.2272 +- 0.1136
173,  0 | TrAcc: 0.7420, TrLoss:  0.99180, VaAcc: 0.7388, VaLoss:  2.06887	 10 sampled NNs | VaAcc: 0.6022 +- 0.0311 | VaLoss: 1.1536 +- 0.1107
174,  0 | TrAcc: 0.7417, TrLoss:  0.99539, VaAcc: 0.7411, VaLoss:  2.06558	 10 sampled NNs | VaAcc: 0.5918 +- 0.0238 | VaLoss: 1.1949 +- 0.0646
175,  0 | TrAcc: 0.7425, TrLoss:  0.98914, VaAcc: 0.7399, VaLoss:  2.06637	 10 sampled NNs | VaAcc: 0.5914 +- 0.0437 | VaLoss: 1.1890 +- 0.1360
176,  0 | TrAcc: 0.7431, TrLoss:  0.99169, VaAcc: 0.7449, VaLoss:  2.05585	 10 sampled NNs | VaAcc: 0.6124 +- 0.0220 | VaLoss: 1.1347 +- 0.0626
177,  0 | TrAcc: 0.7425, TrLoss:  0.98988, VaAcc: 0.7423, VaLoss:  2.06542	 10 sampled NNs | VaAcc: 0.5994 +- 0.0422 | VaLoss: 1.1734 +- 0.1256
178,  0 | TrAcc: 0.7430, TrLoss:  0.98881, VaAcc: 0.7385, VaLoss:  2.06962	 10 sampled NNs | VaAcc: 0.5794 +- 0.0421 | VaLoss: 1.2440 +- 0.1770
179,  0 | TrAcc: 0.7420, TrLoss:  0.99356, VaAcc: 0.7342, VaLoss:  2.08265	 10 sampled NNs | VaAcc: 0.5866 +- 0.0306 | VaLoss: 1.2010 +- 0.0826
180,  0 | TrAcc: 0.7430, TrLoss:  0.98994, VaAcc: 0.7426, VaLoss:  2.06481	 10 sampled NNs | VaAcc: 0.6005 +- 0.0356 | VaLoss: 1.1666 +- 0.0998
181,  0 | TrAcc: 0.7443, TrLoss:  0.98853, VaAcc: 0.7389, VaLoss:  2.06811	 10 sampled NNs | VaAcc: 0.5863 +- 0.0283 | VaLoss: 1.2201 +- 0.0770
182,  0 | TrAcc: 0.7431, TrLoss:  0.99068, VaAcc: 0.7386, VaLoss:  2.07690	 10 sampled NNs | VaAcc: 0.6108 +- 0.0227 | VaLoss: 1.1433 +- 0.0638
183,  0 | TrAcc: 0.7439, TrLoss:  0.98645, VaAcc: 0.7451, VaLoss:  2.05410	 10 sampled NNs | VaAcc: 0.6053 +- 0.0157 | VaLoss: 1.1487 +- 0.0448
184,  0 | TrAcc: 0.7431, TrLoss:  0.98992, VaAcc: 0.7347, VaLoss:  2.08234	 10 sampled NNs | VaAcc: 0.5842 +- 0.0191 | VaLoss: 1.2146 +- 0.0654
185,  0 | TrAcc: 0.7441, TrLoss:  0.98567, VaAcc: 0.7412, VaLoss:  2.06821	 10 sampled NNs | VaAcc: 0.5790 +- 0.0323 | VaLoss: 1.2243 +- 0.0935
186,  0 | TrAcc: 0.7442, TrLoss:  0.98824, VaAcc: 0.7371, VaLoss:  2.07846	 10 sampled NNs | VaAcc: 0.5944 +- 0.0303 | VaLoss: 1.1986 +- 0.1234
187,  0 | TrAcc: 0.7451, TrLoss:  0.98551, VaAcc: 0.7386, VaLoss:  2.07903	 10 sampled NNs | VaAcc: 0.5820 +- 0.0335 | VaLoss: 1.2377 +- 0.0919
188,  0 | TrAcc: 0.7452, TrLoss:  0.98432, VaAcc: 0.7386, VaLoss:  2.07784	 10 sampled NNs | VaAcc: 0.5932 +- 0.0307 | VaLoss: 1.2069 +- 0.1141
189,  0 | TrAcc: 0.7442, TrLoss:  0.98516, VaAcc: 0.7431, VaLoss:  2.06398	 10 sampled NNs | VaAcc: 0.5992 +- 0.0293 | VaLoss: 1.1798 +- 0.1110
190,  0 | TrAcc: 0.7437, TrLoss:  0.98955, VaAcc: 0.7402, VaLoss:  2.06884	 10 sampled NNs | VaAcc: 0.6115 +- 0.0221 | VaLoss: 1.1426 +- 0.0597
191,  0 | TrAcc: 0.7450, TrLoss:  0.98453, VaAcc: 0.7433, VaLoss:  2.06058	 10 sampled NNs | VaAcc: 0.5931 +- 0.0268 | VaLoss: 1.2114 +- 0.0900
192,  0 | TrAcc: 0.7446, TrLoss:  0.98494, VaAcc: 0.7366, VaLoss:  2.08614	 10 sampled NNs | VaAcc: 0.5960 +- 0.0468 | VaLoss: 1.2009 +- 0.1694
193,  0 | TrAcc: 0.7451, TrLoss:  0.98602, VaAcc: 0.7432, VaLoss:  2.06206	 10 sampled NNs | VaAcc: 0.6018 +- 0.0173 | VaLoss: 1.1589 +- 0.0554
194,  0 | TrAcc: 0.7446, TrLoss:  0.98390, VaAcc: 0.7416, VaLoss:  2.07307	 10 sampled NNs | VaAcc: 0.5861 +- 0.0495 | VaLoss: 1.2145 +- 0.1554
195,  0 | TrAcc: 0.7441, TrLoss:  0.98811, VaAcc: 0.7391, VaLoss:  2.08139	 10 sampled NNs | VaAcc: 0.5901 +- 0.0168 | VaLoss: 1.2140 +- 0.0665
196,  0 | TrAcc: 0.7460, TrLoss:  0.98108, VaAcc: 0.7417, VaLoss:  2.07456	 10 sampled NNs | VaAcc: 0.5969 +- 0.0367 | VaLoss: 1.1720 +- 0.0971
197,  0 | TrAcc: 0.7480, TrLoss:  0.97968, VaAcc: 0.7391, VaLoss:  2.07868	 10 sampled NNs | VaAcc: 0.5981 +- 0.0281 | VaLoss: 1.1690 +- 0.0744
198,  0 | TrAcc: 0.7478, TrLoss:  0.97700, VaAcc: 0.7436, VaLoss:  2.06906	 10 sampled NNs | VaAcc: 0.6162 +- 0.0243 | VaLoss: 1.1156 +- 0.0739
199,  0 | TrAcc: 0.7464, TrLoss:  0.97897, VaAcc: 0.7402, VaLoss:  2.07877	 10 sampled NNs | VaAcc: 0.6065 +- 0.0254 | VaLoss: 1.1487 +- 0.0826
200,  0 | TrAcc: 0.7473, TrLoss:  0.97722, VaAcc: 0.7387, VaLoss:  2.08046	 10 sampled NNs | VaAcc: 0.6079 +- 0.0257 | VaLoss: 1.1431 +- 0.0758
201,  0 | TrAcc: 0.7485, TrLoss:      nan, VaAcc: 0.7401, VaLoss:      nan	 10 sampled NNs | VaAcc: 0.6147 +- 0.0280 | VaLoss: 1.1297 +- 0.0741
202,  0 | TrAcc: 0.7459, TrLoss:  0.98084, VaAcc: 0.7405, VaLoss:  2.07544	 10 sampled NNs | VaAcc: 0.5996 +- 0.0313 | VaLoss: 1.1609 +- 0.0855
203,  0 | TrAcc: 0.7476, TrLoss:  0.97789, VaAcc: 0.7411, VaLoss:  2.08096	 10 sampled NNs | VaAcc: 0.5996 +- 0.0232 | VaLoss: 1.1668 +- 0.0648
204,  0 | TrAcc: 0.7486, TrLoss:  0.97474, VaAcc: 0.7388, VaLoss:  2.07750	 10 sampled NNs | VaAcc: 0.6004 +- 0.0255 | VaLoss: 1.1610 +- 0.0786
205,  0 | TrAcc: 0.7488, TrLoss:  0.97676, VaAcc: 0.7397, VaLoss:  2.08138	 10 sampled NNs | VaAcc: 0.6002 +- 0.0235 | VaLoss: 1.1597 +- 0.0592
206,  0 | TrAcc: 0.7486, TrLoss:  0.97642, VaAcc: 0.7417, VaLoss:  2.07376	 10 sampled NNs | VaAcc: 0.5941 +- 0.0269 | VaLoss: 1.1960 +- 0.0950
207,  0 | TrAcc: 0.7477, TrLoss:  0.97774, VaAcc: 0.7431, VaLoss:  2.07234	 10 sampled NNs | VaAcc: 0.5899 +- 0.0261 | VaLoss: 1.1939 +- 0.0930
208,  0 | TrAcc: 0.7475, TrLoss:  0.97709, VaAcc: 0.7397, VaLoss:  2.07388	 10 sampled NNs | VaAcc: 0.6120 +- 0.0312 | VaLoss: 1.1391 +- 0.0792
209,  0 | TrAcc: 0.7478, TrLoss:  0.97765, VaAcc: 0.7415, VaLoss:  2.08335	 10 sampled NNs | VaAcc: 0.6066 +- 0.0292 | VaLoss: 1.1678 +- 0.0786
210,  0 | TrAcc: 0.7486, TrLoss:  0.97777, VaAcc: 0.7399, VaLoss:  2.08128	 10 sampled NNs | VaAcc: 0.6089 +- 0.0335 | VaLoss: 1.1460 +- 0.0976
211,  0 | TrAcc: 0.7502, TrLoss:  0.97292, VaAcc: 0.7453, VaLoss:  2.07292	 10 sampled NNs | VaAcc: 0.6158 +- 0.0290 | VaLoss: 1.1318 +- 0.0918
212,  0 | TrAcc: 0.7499, TrLoss:  0.97327, VaAcc: 0.7417, VaLoss:  2.07874	 10 sampled NNs | VaAcc: 0.6085 +- 0.0235 | VaLoss: 1.1398 +- 0.0686
213,  0 | TrAcc: 0.7486, TrLoss:  0.97504, VaAcc: 0.7430, VaLoss:  2.07820	 10 sampled NNs | VaAcc: 0.5958 +- 0.0310 | VaLoss: 1.1651 +- 0.0862
214,  0 | TrAcc: 0.7499, TrLoss:  0.97312, VaAcc: 0.7408, VaLoss:  2.08368	 10 sampled NNs | VaAcc: 0.5984 +- 0.0229 | VaLoss: 1.1710 +- 0.0863
215,  0 | TrAcc: 0.7496, TrLoss:  0.97247, VaAcc: 0.7430, VaLoss:  2.07191	 10 sampled NNs | VaAcc: 0.6181 +- 0.0371 | VaLoss: 1.1217 +- 0.0999
216,  0 | TrAcc: 0.7508, TrLoss:  0.97129, VaAcc: 0.7438, VaLoss:  2.07938	 10 sampled NNs | VaAcc: 0.6161 +- 0.0163 | VaLoss: 1.1233 +- 0.0605
217,  0 | TrAcc: 0.7478, TrLoss:  0.97791, VaAcc: 0.7383, VaLoss:  2.08321	 10 sampled NNs | VaAcc: 0.5888 +- 0.0298 | VaLoss: 1.1972 +- 0.0849
218,  0 | TrAcc: 0.7504, TrLoss:  0.97094, VaAcc: 0.7447, VaLoss:  2.07451	 10 sampled NNs | VaAcc: 0.6016 +- 0.0380 | VaLoss: 1.1828 +- 0.1323
219,  0 | TrAcc: 0.7505, TrLoss:  0.97078, VaAcc: 0.7414, VaLoss:  2.08073	 10 sampled NNs | VaAcc: 0.6092 +- 0.0309 | VaLoss: 1.1481 +- 0.1066
220,  0 | TrAcc: 0.7511, TrLoss:  0.97050, VaAcc: 0.7439, VaLoss:  2.07713	 10 sampled NNs | VaAcc: 0.6034 +- 0.0395 | VaLoss: 1.1778 +- 0.1255
221,  0 | TrAcc: 0.7505, TrLoss:  0.97225, VaAcc: 0.7410, VaLoss:  2.08287	 10 sampled NNs | VaAcc: 0.6138 +- 0.0252 | VaLoss: 1.1283 +- 0.0685
222,  0 | TrAcc: 0.7511, TrLoss:  0.96983, VaAcc: 0.7431, VaLoss:  2.08358	 10 sampled NNs | VaAcc: 0.6170 +- 0.0279 | VaLoss: 1.1315 +- 0.0746
223,  0 | TrAcc: 0.7490, TrLoss:  0.97446, VaAcc: 0.7417, VaLoss:  2.08374	 10 sampled NNs | VaAcc: 0.6038 +- 0.0251 | VaLoss: 1.1631 +- 0.0651
224,  0 | TrAcc: 0.7517, TrLoss:  0.96814, VaAcc: 0.7425, VaLoss:  2.07889	 10 sampled NNs | VaAcc: 0.6262 +- 0.0183 | VaLoss: 1.0986 +- 0.0469
225,  0 | TrAcc: 0.7516, TrLoss:  0.96861, VaAcc: 0.7439, VaLoss:  2.08570	 10 sampled NNs | VaAcc: 0.6200 +- 0.0211 | VaLoss: 1.0988 +- 0.0539
226,  0 | TrAcc: 0.7507, TrLoss:  0.97063, VaAcc: 0.7439, VaLoss:  2.07696	 10 sampled NNs | VaAcc: 0.6069 +- 0.0406 | VaLoss: 1.1460 +- 0.1176
227,  0 | TrAcc: 0.7517, TrLoss:  0.96779, VaAcc: 0.7407, VaLoss:  2.08763	 10 sampled NNs | VaAcc: 0.6057 +- 0.0254 | VaLoss: 1.1645 +- 0.0800
228,  0 | TrAcc: 0.7501, TrLoss:  0.96809, VaAcc: 0.7440, VaLoss:  2.08324	 10 sampled NNs | VaAcc: 0.6143 +- 0.0336 | VaLoss: 1.1408 +- 0.1042
229,  0 | TrAcc: 0.7499, TrLoss:  0.97138, VaAcc: 0.7429, VaLoss:  2.07383	 10 sampled NNs | VaAcc: 0.6167 +- 0.0283 | VaLoss: 1.1129 +- 0.0778
230,  0 | TrAcc: 0.7517, TrLoss:  0.96808, VaAcc: 0.7409, VaLoss:  2.08793	 10 sampled NNs | VaAcc: 0.5982 +- 0.0295 | VaLoss: 1.1760 +- 0.0870
231,  0 | TrAcc: 0.7522, TrLoss:  0.96726, VaAcc: 0.7471, VaLoss:  2.07463	 10 sampled NNs | VaAcc: 0.6110 +- 0.0186 | VaLoss: 1.1481 +- 0.0518
232,  0 | TrAcc: 0.7509, TrLoss:  0.97078, VaAcc: 0.7466, VaLoss:  2.07540	 10 sampled NNs | VaAcc: 0.6211 +- 0.0252 | VaLoss: 1.1188 +- 0.0618
233,  0 | TrAcc: 0.7515, TrLoss:  0.96836, VaAcc: 0.7443, VaLoss:  2.08078	 10 sampled NNs | VaAcc: 0.6184 +- 0.0208 | VaLoss: 1.1082 +- 0.0628
234,  0 | TrAcc: 0.7517, TrLoss:  0.96461, VaAcc: 0.7447, VaLoss:  2.07648	 10 sampled NNs | VaAcc: 0.6126 +- 0.0357 | VaLoss: 1.1325 +- 0.1135
235,  0 | TrAcc: 0.7520, TrLoss:  0.96906, VaAcc: 0.7440, VaLoss:  2.07898	 10 sampled NNs | VaAcc: 0.6069 +- 0.0263 | VaLoss: 1.1433 +- 0.0685
236,  0 | TrAcc: 0.7526, TrLoss:  0.96626, VaAcc: 0.7475, VaLoss:  2.07248	 10 sampled NNs | VaAcc: 0.6139 +- 0.0286 | VaLoss: 1.1368 +- 0.0781
237,  0 | TrAcc: 0.7509, TrLoss:  0.97067, VaAcc: 0.7455, VaLoss:  2.07981	 10 sampled NNs | VaAcc: 0.6225 +- 0.0207 | VaLoss: 1.1307 +- 0.0775
238,  0 | TrAcc: 0.7520, TrLoss:  0.97072, VaAcc: 0.7447, VaLoss:  2.08767	 10 sampled NNs | VaAcc: 0.6159 +- 0.0353 | VaLoss: 1.1342 +- 0.1156
239,  0 | TrAcc: 0.7526, TrLoss:  0.96505, VaAcc: 0.7428, VaLoss:  2.08429	 10 sampled NNs | VaAcc: 0.6030 +- 0.0382 | VaLoss: 1.1706 +- 0.1137
240,  0 | TrAcc: 0.7523, TrLoss:  0.96800, VaAcc: 0.7436, VaLoss:  2.08898	 10 sampled NNs | VaAcc: 0.6051 +- 0.0343 | VaLoss: 1.1566 +- 0.0904
241,  0 | TrAcc: 0.7527, TrLoss:  0.96591, VaAcc: 0.7441, VaLoss:  2.08780	 10 sampled NNs | VaAcc: 0.6182 +- 0.0232 | VaLoss: 1.1185 +- 0.0667
242,  0 | TrAcc: 0.7528, TrLoss:  0.96584, VaAcc: 0.7419, VaLoss:  2.08903	 10 sampled NNs | VaAcc: 0.6223 +- 0.0279 | VaLoss: 1.1107 +- 0.0815
243,  0 | TrAcc: 0.7508, TrLoss:  0.96998, VaAcc: 0.7471, VaLoss:  2.08086	 10 sampled NNs | VaAcc: 0.6176 +- 0.0270 | VaLoss: 1.1130 +- 0.0794
244,  0 | TrAcc: 0.7538, TrLoss:  0.96425, VaAcc: 0.7458, VaLoss:  2.08161	 10 sampled NNs | VaAcc: 0.6107 +- 0.0243 | VaLoss: 1.1241 +- 0.0672
245,  0 | TrAcc: 0.7525, TrLoss:  0.96930, VaAcc: 0.7477, VaLoss:  2.08631	 10 sampled NNs | VaAcc: 0.6102 +- 0.0250 | VaLoss: 1.1513 +- 0.0748
246,  0 | TrAcc: 0.7535, TrLoss:  0.96344, VaAcc: 0.7429, VaLoss:  2.09198	 10 sampled NNs | VaAcc: 0.6177 +- 0.0158 | VaLoss: 1.1298 +- 0.0278
247,  0 | TrAcc: 0.7556, TrLoss:  0.95836, VaAcc: 0.7415, VaLoss:  2.09622	 10 sampled NNs | VaAcc: 0.6141 +- 0.0227 | VaLoss: 1.1371 +- 0.0764
248,  0 | TrAcc: 0.7559, TrLoss:  0.95908, VaAcc: 0.7461, VaLoss:  2.08368	 10 sampled NNs | VaAcc: 0.6292 +- 0.0176 | VaLoss: 1.0851 +- 0.0518
249,  0 | TrAcc: 0.7536, TrLoss:  0.96414, VaAcc: 0.7437, VaLoss:  2.08857	 10 sampled NNs | VaAcc: 0.6268 +- 0.0210 | VaLoss: 1.0975 +- 0.0614
250,  0 | TrAcc: 0.7528, TrLoss:  0.96296, VaAcc: 0.7479, VaLoss:  2.08729	 10 sampled NNs | VaAcc: 0.6164 +- 0.0277 | VaLoss: 1.1300 +- 0.0825
251,  0 | TrAcc: 0.7561, TrLoss:  0.95733, VaAcc: 0.7451, VaLoss:  2.08675	 10 sampled NNs | VaAcc: 0.6217 +- 0.0209 | VaLoss: 1.0979 +- 0.0638
252,  0 | TrAcc: 0.7528, TrLoss:  0.96425, VaAcc: 0.7412, VaLoss:  2.09861	 10 sampled NNs | VaAcc: 0.6267 +- 0.0329 | VaLoss: 1.0973 +- 0.1000
253,  0 | TrAcc: 0.7542, TrLoss:  0.96248, VaAcc: 0.7431, VaLoss:  2.09511	 10 sampled NNs | VaAcc: 0.6288 +- 0.0231 | VaLoss: 1.0890 +- 0.0611
254,  0 | TrAcc: 0.7554, TrLoss:  0.95970, VaAcc: 0.7449, VaLoss:  2.08484	 10 sampled NNs | VaAcc: 0.6356 +- 0.0218 | VaLoss: 1.0754 +- 0.0562
255,  0 | TrAcc: 0.7548, TrLoss:  0.96076, VaAcc: 0.7407, VaLoss:  2.09963	 10 sampled NNs | VaAcc: 0.6087 +- 0.0276 | VaLoss: 1.1484 +- 0.0728
256,  0 | TrAcc: 0.7552, TrLoss:  0.95932, VaAcc: 0.7455, VaLoss:  2.09002	 10 sampled NNs | VaAcc: 0.6065 +- 0.0257 | VaLoss: 1.1420 +- 0.0572
257,  0 | TrAcc: 0.7567, TrLoss:  0.95653, VaAcc: 0.7427, VaLoss:  2.09512	 10 sampled NNs | VaAcc: 0.6195 +- 0.0204 | VaLoss: 1.1142 +- 0.0558
258,  0 | TrAcc: 0.7570, TrLoss:  0.95557, VaAcc: 0.7447, VaLoss:  2.09104	 10 sampled NNs | VaAcc: 0.6242 +- 0.0185 | VaLoss: 1.0963 +- 0.0636
259,  0 | TrAcc: 0.7545, TrLoss:  0.96089, VaAcc: 0.7486, VaLoss:  2.08061	 10 sampled NNs | VaAcc: 0.6010 +- 0.0270 | VaLoss: 1.1531 +- 0.0848
260,  0 | TrAcc: 0.7554, TrLoss:  0.95928, VaAcc: 0.7427, VaLoss:  2.09424	 10 sampled NNs | VaAcc: 0.6178 +- 0.0224 | VaLoss: 1.1169 +- 0.0531
261,  0 | TrAcc: 0.7553, TrLoss:  0.96015, VaAcc: 0.7458, VaLoss:  2.08178	 10 sampled NNs | VaAcc: 0.6179 +- 0.0261 | VaLoss: 1.1066 +- 0.0670
262,  0 | TrAcc: 0.7531, TrLoss:  0.96331, VaAcc: 0.7478, VaLoss:  2.08452	 10 sampled NNs | VaAcc: 0.6132 +- 0.0176 | VaLoss: 1.1278 +- 0.0440
263,  0 | TrAcc: 0.7557, TrLoss:  0.95818, VaAcc: 0.7479, VaLoss:  2.07874	 10 sampled NNs | VaAcc: 0.6205 +- 0.0251 | VaLoss: 1.1194 +- 0.0680
264,  0 | TrAcc: 0.7548, TrLoss:  0.96151, VaAcc: 0.7448, VaLoss:  2.08517	 10 sampled NNs | VaAcc: 0.6311 +- 0.0216 | VaLoss: 1.0858 +- 0.0696
265,  0 | TrAcc: 0.7550, TrLoss:      nan, VaAcc: 0.7413, VaLoss:      nan	 10 sampled NNs | VaAcc: 0.6144 +- 0.0120 | VaLoss: 1.1270 +- 0.0339
266,  0 | TrAcc: 0.7563, TrLoss:  0.95382, VaAcc: 0.7413, VaLoss:  2.09479	 10 sampled NNs | VaAcc: 0.6177 +- 0.0273 | VaLoss: 1.1427 +- 0.1010
267,  0 | TrAcc: 0.7567, TrLoss:  0.95598, VaAcc: 0.7478, VaLoss:  2.08482	 10 sampled NNs | VaAcc: 0.6134 +- 0.0272 | VaLoss: 1.1223 +- 0.0912
268,  0 | TrAcc: 0.7555, TrLoss:  0.95914, VaAcc: 0.7468, VaLoss:  2.08735	 10 sampled NNs | VaAcc: 0.6172 +- 0.0253 | VaLoss: 1.1208 +- 0.0764
269,  0 | TrAcc: 0.7559, TrLoss:  0.95837, VaAcc: 0.7473, VaLoss:  2.08241	 10 sampled NNs | VaAcc: 0.6211 +- 0.0301 | VaLoss: 1.1013 +- 0.0889
270,  0 | TrAcc: 0.7560, TrLoss:  0.95827, VaAcc: 0.7463, VaLoss:  2.09054	 10 sampled NNs | VaAcc: 0.6123 +- 0.0239 | VaLoss: 1.1378 +- 0.0691
271,  0 | TrAcc: 0.7551, TrLoss:  0.95919, VaAcc: 0.7465, VaLoss:  2.08901	 10 sampled NNs | VaAcc: 0.6098 +- 0.0250 | VaLoss: 1.1575 +- 0.0788
272,  0 | TrAcc: 0.7547, TrLoss:  0.96123, VaAcc: 0.7483, VaLoss:  2.08506	 10 sampled NNs | VaAcc: 0.6114 +- 0.0422 | VaLoss: 1.1460 +- 0.1224
273,  0 | TrAcc: 0.7547, TrLoss:  0.95898, VaAcc: 0.7475, VaLoss:  2.08378	 10 sampled NNs | VaAcc: 0.6155 +- 0.0255 | VaLoss: 1.1092 +- 0.0781
274,  0 | TrAcc: 0.7573, TrLoss:  0.95308, VaAcc: 0.7446, VaLoss:  2.09877	 10 sampled NNs | VaAcc: 0.6255 +- 0.0190 | VaLoss: 1.1039 +- 0.0576
275,  0 | TrAcc: 0.7558, TrLoss:  0.95729, VaAcc: 0.7453, VaLoss:  2.09574	 10 sampled NNs | VaAcc: 0.5989 +- 0.0365 | VaLoss: 1.1886 +- 0.1404
276,  0 | TrAcc: 0.7557, TrLoss:  0.95792, VaAcc: 0.7510, VaLoss:  2.08212	 10 sampled NNs | VaAcc: 0.6144 +- 0.0287 | VaLoss: 1.1123 +- 0.0739
277,  0 | TrAcc: 0.7558, TrLoss:  0.95746, VaAcc: 0.7470, VaLoss:  2.08877	 10 sampled NNs | VaAcc: 0.6051 +- 0.0246 | VaLoss: 1.1426 +- 0.0683
278,  0 | TrAcc: 0.7564, TrLoss:  0.95639, VaAcc: 0.7417, VaLoss:  2.09518	 10 sampled NNs | VaAcc: 0.6125 +- 0.0364 | VaLoss: 1.1357 +- 0.1085
279,  0 | TrAcc: 0.7554, TrLoss:  0.95860, VaAcc: 0.7476, VaLoss:  2.09176	 10 sampled NNs | VaAcc: 0.6319 +- 0.0218 | VaLoss: 1.0682 +- 0.0467
280,  0 | TrAcc: 0.7546, TrLoss:  0.95939, VaAcc: 0.7466, VaLoss:  2.09303	 10 sampled NNs | VaAcc: 0.6360 +- 0.0227 | VaLoss: 1.0680 +- 0.0721
281,  0 | TrAcc: 0.7554, TrLoss:  0.95998, VaAcc: 0.7487, VaLoss:  2.08739	 10 sampled NNs | VaAcc: 0.6281 +- 0.0198 | VaLoss: 1.0812 +- 0.0712
282,  0 | TrAcc: 0.7596, TrLoss:  0.94911, VaAcc: 0.7445, VaLoss:  2.09697	 10 sampled NNs | VaAcc: 0.6402 +- 0.0195 | VaLoss: 1.0537 +- 0.0473
283,  0 | TrAcc: 0.7569, TrLoss:  0.95490, VaAcc: 0.7480, VaLoss:  2.08611	 10 sampled NNs | VaAcc: 0.6121 +- 0.0374 | VaLoss: 1.1222 +- 0.1134
284,  0 | TrAcc: 0.7564, TrLoss:  0.95815, VaAcc: 0.7468, VaLoss:  2.09448	 10 sampled NNs | VaAcc: 0.6365 +- 0.0147 | VaLoss: 1.0638 +- 0.0427
285,  0 | TrAcc: 0.7567, TrLoss:  0.95693, VaAcc: 0.7434, VaLoss:  2.10183	 10 sampled NNs | VaAcc: 0.6352 +- 0.0189 | VaLoss: 1.0630 +- 0.0517
286,  0 | TrAcc: 0.7576, TrLoss:  0.95323, VaAcc: 0.7452, VaLoss:  2.10151	 10 sampled NNs | VaAcc: 0.6354 +- 0.0295 | VaLoss: 1.0706 +- 0.0674
287,  0 | TrAcc: 0.7566, TrLoss:  0.95526, VaAcc: 0.7473, VaLoss:  2.09330	 10 sampled NNs | VaAcc: 0.6260 +- 0.0182 | VaLoss: 1.1050 +- 0.0648
288,  0 | TrAcc: 0.7565, TrLoss:  0.95713, VaAcc: 0.7470, VaLoss:  2.09646	 10 sampled NNs | VaAcc: 0.6169 +- 0.0276 | VaLoss: 1.1374 +- 0.0928
289,  0 | TrAcc: 0.7574, TrLoss:  0.95353, VaAcc: 0.7437, VaLoss:  2.09582	 10 sampled NNs | VaAcc: 0.6190 +- 0.0404 | VaLoss: 1.1185 +- 0.1066
290,  0 | TrAcc: 0.7578, TrLoss:  0.95362, VaAcc: 0.7489, VaLoss:  2.08590	 10 sampled NNs | VaAcc: 0.6181 +- 0.0148 | VaLoss: 1.1120 +- 0.0520
291,  0 | TrAcc: 0.7582, TrLoss:  0.95290, VaAcc: 0.7461, VaLoss:  2.09821	 10 sampled NNs | VaAcc: 0.6315 +- 0.0154 | VaLoss: 1.0748 +- 0.0400
292,  0 | TrAcc: 0.7593, TrLoss:  0.95060, VaAcc: 0.7451, VaLoss:  2.09547	 10 sampled NNs | VaAcc: 0.6274 +- 0.0184 | VaLoss: 1.0954 +- 0.0598
293,  0 | TrAcc: 0.7586, TrLoss:  0.95173, VaAcc: 0.7455, VaLoss:  2.10598	 10 sampled NNs | VaAcc: 0.6212 +- 0.0150 | VaLoss: 1.1115 +- 0.0431
294,  0 | TrAcc: 0.7594, TrLoss:  0.95100, VaAcc: 0.7502, VaLoss:  2.09251	 10 sampled NNs | VaAcc: 0.6044 +- 0.0310 | VaLoss: 1.1763 +- 0.0767
295,  0 | TrAcc: 0.7585, TrLoss:  0.95023, VaAcc: 0.7444, VaLoss:  2.10563	 10 sampled NNs | VaAcc: 0.6187 +- 0.0313 | VaLoss: 1.1120 +- 0.0896
296,  0 | TrAcc: 0.7580, TrLoss:  0.95174, VaAcc: 0.7480, VaLoss:  2.09606	 10 sampled NNs | VaAcc: 0.6169 +- 0.0329 | VaLoss: 1.1270 +- 0.0873
297,  0 | TrAcc: 0.7586, TrLoss:  0.95268, VaAcc: 0.7433, VaLoss:  2.10824	 10 sampled NNs | VaAcc: 0.6310 +- 0.0211 | VaLoss: 1.0797 +- 0.0544
298,  0 | TrAcc: 0.7568, TrLoss:  0.95448, VaAcc: 0.7458, VaLoss:  2.10398	 10 sampled NNs | VaAcc: 0.6167 +- 0.0167 | VaLoss: 1.1203 +- 0.0531
299,  0 | TrAcc: 0.7571, TrLoss:  0.95446, VaAcc: 0.7445, VaLoss:  2.10026	 10 sampled NNs | VaAcc: 0.6203 +- 0.0419 | VaLoss: 1.1272 +- 0.1381
300,  0 | TrAcc: 0.7590, TrLoss:  0.95133, VaAcc: 0.7451, VaLoss:  2.10432	 10 sampled NNs | VaAcc: 0.6264 +- 0.0288 | VaLoss: 1.0982 +- 0.0916
301,  0 | TrAcc: 0.7592, TrLoss:  0.94981, VaAcc: 0.7465, VaLoss:  2.09965	 10 sampled NNs | VaAcc: 0.6262 +- 0.0270 | VaLoss: 1.0919 +- 0.0871
302,  0 | TrAcc: 0.7604, TrLoss:  0.94681, VaAcc: 0.7461, VaLoss:  2.09612	 10 sampled NNs | VaAcc: 0.6299 +- 0.0298 | VaLoss: 1.0847 +- 0.0933
303,  0 | TrAcc: 0.7585, TrLoss:  0.95275, VaAcc: 0.7474, VaLoss:  2.09756	 10 sampled NNs | VaAcc: 0.6040 +- 0.0263 | VaLoss: 1.1711 +- 0.0827
304,  0 | TrAcc: 0.7574, TrLoss:  0.95396, VaAcc: 0.7450, VaLoss:  2.10690	 10 sampled NNs | VaAcc: 0.6270 +- 0.0207 | VaLoss: 1.0938 +- 0.0563
305,  0 | TrAcc: 0.7596, TrLoss:  0.94976, VaAcc: 0.7390, VaLoss:  2.12075	 10 sampled NNs | VaAcc: 0.6202 +- 0.0296 | VaLoss: 1.1307 +- 0.0914
306,  0 | TrAcc: 0.7600, TrLoss:  0.94842, VaAcc: 0.7435, VaLoss:  2.10543	 10 sampled NNs | VaAcc: 0.6273 +- 0.0251 | VaLoss: 1.0960 +- 0.0792
307,  0 | TrAcc: 0.7590, TrLoss:  0.95139, VaAcc: 0.7452, VaLoss:  2.10610	 10 sampled NNs | VaAcc: 0.6124 +- 0.0219 | VaLoss: 1.1373 +- 0.0610
308,  0 | TrAcc: 0.7588, TrLoss:  0.95129, VaAcc: 0.7472, VaLoss:  2.10265	 10 sampled NNs | VaAcc: 0.6273 +- 0.0274 | VaLoss: 1.0866 +- 0.0716
309,  0 | TrAcc: 0.7603, TrLoss:  0.94841, VaAcc: 0.7494, VaLoss:  2.09538	 10 sampled NNs | VaAcc: 0.6324 +- 0.0230 | VaLoss: 1.0779 +- 0.0726
310,  0 | TrAcc: 0.7602, TrLoss:  0.94754, VaAcc: 0.7432, VaLoss:  2.11356	 10 sampled NNs | VaAcc: 0.6290 +- 0.0275 | VaLoss: 1.0991 +- 0.0927
311,  0 | TrAcc: 0.7610, TrLoss:  0.94814, VaAcc: 0.7493, VaLoss:  2.09788	 10 sampled NNs | VaAcc: 0.6341 +- 0.0300 | VaLoss: 1.0728 +- 0.0791
312,  0 | TrAcc: 0.7613, TrLoss:  0.94553, VaAcc: 0.7490, VaLoss:  2.10156	 10 sampled NNs | VaAcc: 0.6347 +- 0.0210 | VaLoss: 1.0661 +- 0.0449
313,  0 | TrAcc: 0.7596, TrLoss:  0.95121, VaAcc: 0.7451, VaLoss:  2.10906	 10 sampled NNs | VaAcc: 0.6359 +- 0.0226 | VaLoss: 1.0776 +- 0.0621
314,  0 | TrAcc: 0.7601, TrLoss:  0.94787, VaAcc: 0.7508, VaLoss:  2.10041	 10 sampled NNs | VaAcc: 0.6264 +- 0.0342 | VaLoss: 1.1049 +- 0.0930
315,  0 | TrAcc: 0.7580, TrLoss:  0.95331, VaAcc: 0.7468, VaLoss:  2.10045	 10 sampled NNs | VaAcc: 0.6226 +- 0.0264 | VaLoss: 1.1195 +- 0.0827
316,  0 | TrAcc: 0.7593, TrLoss:  0.94962, VaAcc: 0.7450, VaLoss:  2.11235	 10 sampled NNs | VaAcc: 0.6323 +- 0.0130 | VaLoss: 1.0813 +- 0.0311
317,  0 | TrAcc: 0.7588, TrLoss:  0.94912, VaAcc: 0.7478, VaLoss:  2.10383	 10 sampled NNs | VaAcc: 0.6248 +- 0.0231 | VaLoss: 1.0956 +- 0.0658
318,  0 | TrAcc: 0.7604, TrLoss:      nan, VaAcc: 0.7477, VaLoss:      nan	 10 sampled NNs | VaAcc: 0.6285 +- 0.0280 | VaLoss: 1.0965 +- 0.0952
319,  0 | TrAcc: 0.7607, TrLoss:  0.94803, VaAcc: 0.7460, VaLoss:  2.10633	 10 sampled NNs | VaAcc: 0.6205 +- 0.0334 | VaLoss: 1.1179 +- 0.0878
320,  0 | TrAcc: 0.7594, TrLoss:  0.95060, VaAcc: 0.7473, VaLoss:  2.10106	 10 sampled NNs | VaAcc: 0.6366 +- 0.0168 | VaLoss: 1.0842 +- 0.0681
321,  0 | TrAcc: 0.7624, TrLoss:  0.94108, VaAcc: 0.7432, VaLoss:  2.11810	 10 sampled NNs | VaAcc: 0.6285 +- 0.0230 | VaLoss: 1.0862 +- 0.0629
322,  0 | TrAcc: 0.7596, TrLoss:  0.94797, VaAcc: 0.7459, VaLoss:  2.10926	 10 sampled NNs | VaAcc: 0.6245 +- 0.0447 | VaLoss: 1.1397 +- 0.1910
323,  0 | TrAcc: 0.7615, TrLoss:  0.94341, VaAcc: 0.7496, VaLoss:  2.10490	 10 sampled NNs | VaAcc: 0.6260 +- 0.0317 | VaLoss: 1.1053 +- 0.0924
324,  0 | TrAcc: 0.7627, TrLoss:  0.94247, VaAcc: 0.7436, VaLoss:  2.11491	 10 sampled NNs | VaAcc: 0.6391 +- 0.0202 | VaLoss: 1.0514 +- 0.0536
325,  0 | TrAcc: 0.7596, TrLoss:  0.95041, VaAcc: 0.7487, VaLoss:  2.11003	 10 sampled NNs | VaAcc: 0.6302 +- 0.0295 | VaLoss: 1.0870 +- 0.0815
326,  0 | TrAcc: 0.7618, TrLoss:  0.94382, VaAcc: 0.7475, VaLoss:  2.11122	 10 sampled NNs | VaAcc: 0.6309 +- 0.0199 | VaLoss: 1.0833 +- 0.0539
327,  0 | TrAcc: 0.7595, TrLoss:  0.94948, VaAcc: 0.7462, VaLoss:  2.10913	 10 sampled NNs | VaAcc: 0.6229 +- 0.0286 | VaLoss: 1.1021 +- 0.0791
328,  0 | TrAcc: 0.7601, TrLoss:  0.94734, VaAcc: 0.7503, VaLoss:  2.10705	 10 sampled NNs | VaAcc: 0.6188 +- 0.0227 | VaLoss: 1.1259 +- 0.0743
329,  0 | TrAcc: 0.7594, TrLoss:  0.95043, VaAcc: 0.7476, VaLoss:  2.11220	 10 sampled NNs | VaAcc: 0.6268 +- 0.0122 | VaLoss: 1.0927 +- 0.0394
330,  0 | TrAcc: 0.7625, TrLoss:  0.94247, VaAcc: 0.7476, VaLoss:  2.10862	 10 sampled NNs | VaAcc: 0.6279 +- 0.0146 | VaLoss: 1.0816 +- 0.0456
331,  0 | TrAcc: 0.7625, TrLoss:  0.94324, VaAcc: 0.7486, VaLoss:  2.10439	 10 sampled NNs | VaAcc: 0.6264 +- 0.0169 | VaLoss: 1.1040 +- 0.0548
332,  0 | TrAcc: 0.7599, TrLoss:  0.94834, VaAcc: 0.7467, VaLoss:  2.10981	 10 sampled NNs | VaAcc: 0.6226 +- 0.0228 | VaLoss: 1.1105 +- 0.0727
333,  0 | TrAcc: 0.7634, TrLoss:  0.94116, VaAcc: 0.7454, VaLoss:  2.12139	 10 sampled NNs | VaAcc: 0.6348 +- 0.0195 | VaLoss: 1.0690 +- 0.0465
334,  0 | TrAcc: 0.7609, TrLoss:  0.94637, VaAcc: 0.7501, VaLoss:  2.10675	 10 sampled NNs | VaAcc: 0.6118 +- 0.0262 | VaLoss: 1.1303 +- 0.0616
335,  0 | TrAcc: 0.7616, TrLoss:  0.94351, VaAcc: 0.7450, VaLoss:  2.11792	 10 sampled NNs | VaAcc: 0.6351 +- 0.0183 | VaLoss: 1.0703 +- 0.0449
336,  0 | TrAcc: 0.7616, TrLoss:  0.94527, VaAcc: 0.7506, VaLoss:  2.09857	 10 sampled NNs | VaAcc: 0.6297 +- 0.0205 | VaLoss: 1.0838 +- 0.0598
337,  0 | TrAcc: 0.7613, TrLoss:  0.94476, VaAcc: 0.7438, VaLoss:  2.12565	 10 sampled NNs | VaAcc: 0.6124 +- 0.0216 | VaLoss: 1.1320 +- 0.0804
338,  0 | TrAcc: 0.7625, TrLoss:  0.94341, VaAcc: 0.7458, VaLoss:  2.11778	 10 sampled NNs | VaAcc: 0.6330 +- 0.0224 | VaLoss: 1.0733 +- 0.0611
339,  0 | TrAcc: 0.7607, TrLoss:  0.94391, VaAcc: 0.7470, VaLoss:  2.11698	 10 sampled NNs | VaAcc: 0.6461 +- 0.0112 | VaLoss: 1.0590 +- 0.0421
340,  0 | TrAcc: 0.7630, TrLoss:  0.94176, VaAcc: 0.7465, VaLoss:  2.11789	 10 sampled NNs | VaAcc: 0.6317 +- 0.0106 | VaLoss: 1.0799 +- 0.0354
341,  0 | TrAcc: 0.7608, TrLoss:  0.94713, VaAcc: 0.7453, VaLoss:  2.11743	 10 sampled NNs | VaAcc: 0.6062 +- 0.0294 | VaLoss: 1.1507 +- 0.0879
342,  0 | TrAcc: 0.7608, TrLoss:  0.94463, VaAcc: 0.7479, VaLoss:  2.11514	 10 sampled NNs | VaAcc: 0.6244 +- 0.0249 | VaLoss: 1.1013 +- 0.0658
343,  0 | TrAcc: 0.7618, TrLoss:  0.94570, VaAcc: 0.7479, VaLoss:  2.11634	 10 sampled NNs | VaAcc: 0.6446 +- 0.0196 | VaLoss: 1.0534 +- 0.0567
344,  0 | TrAcc: 0.7621, TrLoss:  0.94426, VaAcc: 0.7455, VaLoss:  2.12656	 10 sampled NNs | VaAcc: 0.6275 +- 0.0235 | VaLoss: 1.0886 +- 0.0649
345,  0 | TrAcc: 0.7636, TrLoss:  0.94045, VaAcc: 0.7453, VaLoss:  2.12285	 10 sampled NNs | VaAcc: 0.6256 +- 0.0209 | VaLoss: 1.0966 +- 0.0538
346,  0 | TrAcc: 0.7628, TrLoss:  0.94282, VaAcc: 0.7486, VaLoss:  2.11622	 10 sampled NNs | VaAcc: 0.6230 +- 0.0184 | VaLoss: 1.1025 +- 0.0556
347,  0 | TrAcc: 0.7625, TrLoss:  0.94306, VaAcc: 0.7481, VaLoss:  2.12076	 10 sampled NNs | VaAcc: 0.6375 +- 0.0166 | VaLoss: 1.0654 +- 0.0544
348,  0 | TrAcc: 0.7615, TrLoss:  0.94693, VaAcc: 0.7503, VaLoss:  2.10834	 10 sampled NNs | VaAcc: 0.6397 +- 0.0214 | VaLoss: 1.0589 +- 0.0628
349,  0 | TrAcc: 0.7619, TrLoss:  0.94494, VaAcc: 0.7480, VaLoss:  2.11672	 10 sampled NNs | VaAcc: 0.6384 +- 0.0194 | VaLoss: 1.0726 +- 0.0615
350,  0 | TrAcc: 0.7626, TrLoss:  0.94244, VaAcc: 0.7510, VaLoss:  2.11419	 10 sampled NNs | VaAcc: 0.6203 +- 0.0246 | VaLoss: 1.1218 +- 0.0855
351,  0 | TrAcc: 0.7621, TrLoss:  0.94488, VaAcc: 0.7492, VaLoss:  2.11602	 10 sampled NNs | VaAcc: 0.6435 +- 0.0220 | VaLoss: 1.0514 +- 0.0558
352,  0 | TrAcc: 0.7628, TrLoss:  0.94295, VaAcc: 0.7514, VaLoss:  2.10539	 10 sampled NNs | VaAcc: 0.6338 +- 0.0222 | VaLoss: 1.0797 +- 0.0628
353,  0 | TrAcc: 0.7624, TrLoss:  0.94198, VaAcc: 0.7520, VaLoss:  2.10884	 10 sampled NNs | VaAcc: 0.6456 +- 0.0241 | VaLoss: 1.0525 +- 0.0689
354,  0 | TrAcc: 0.7640, TrLoss:  0.94166, VaAcc: 0.7461, VaLoss:  2.12693	 10 sampled NNs | VaAcc: 0.6291 +- 0.0224 | VaLoss: 1.0939 +- 0.0727
355,  0 | TrAcc: 0.7627, TrLoss:  0.94437, VaAcc: 0.7472, VaLoss:  2.11832	 10 sampled NNs | VaAcc: 0.6384 +- 0.0211 | VaLoss: 1.0729 +- 0.0663
356,  0 | TrAcc: 0.7630, TrLoss:  0.94081, VaAcc: 0.7467, VaLoss:  2.12579	 10 sampled NNs | VaAcc: 0.6257 +- 0.0205 | VaLoss: 1.1236 +- 0.0733
357,  0 | TrAcc: 0.7617, TrLoss:  0.94343, VaAcc: 0.7511, VaLoss:  2.10946	 10 sampled NNs | VaAcc: 0.6464 +- 0.0178 | VaLoss: 1.0364 +- 0.0570
358,  0 | TrAcc: 0.7621, TrLoss:  0.94381, VaAcc: 0.7457, VaLoss:  2.12089	 10 sampled NNs | VaAcc: 0.6169 +- 0.0296 | VaLoss: 1.1261 +- 0.0668
359,  0 | TrAcc: 0.7615, TrLoss:  0.94417, VaAcc: 0.7489, VaLoss:  2.11814	 10 sampled NNs | VaAcc: 0.6294 +- 0.0216 | VaLoss: 1.1064 +- 0.0803
360,  0 | TrAcc: 0.7629, TrLoss:  0.94044, VaAcc: 0.7519, VaLoss:  2.10949	 10 sampled NNs | VaAcc: 0.6319 +- 0.0272 | VaLoss: 1.0807 +- 0.0625
361,  0 | TrAcc: 0.7626, TrLoss:  0.94322, VaAcc: 0.7470, VaLoss:  2.12256	 10 sampled NNs | VaAcc: 0.6321 +- 0.0231 | VaLoss: 1.0938 +- 0.0722
362,  0 | TrAcc: 0.7636, TrLoss:      nan, VaAcc: 0.7525, VaLoss:      nan	 10 sampled NNs | VaAcc: 0.6278 +- 0.0355 | VaLoss: 1.1070 +- 0.1089
363,  0 | TrAcc: 0.7625, TrLoss:  0.94518, VaAcc: 0.7460, VaLoss:  2.13088	 10 sampled NNs | VaAcc: 0.6376 +- 0.0259 | VaLoss: 1.0639 +- 0.0671
364,  0 | TrAcc: 0.7639, TrLoss:  0.94021, VaAcc: 0.7484, VaLoss:  2.11638	 10 sampled NNs | VaAcc: 0.6226 +- 0.0244 | VaLoss: 1.1107 +- 0.0664
365,  0 | TrAcc: 0.7632, TrLoss:  0.94063, VaAcc: 0.7508, VaLoss:  2.11805	 10 sampled NNs | VaAcc: 0.6352 +- 0.0109 | VaLoss: 1.0778 +- 0.0409
366,  0 | TrAcc: 0.7613, TrLoss:  0.94592, VaAcc: 0.7506, VaLoss:  2.11616	 10 sampled NNs | VaAcc: 0.6259 +- 0.0211 | VaLoss: 1.0980 +- 0.0603
367,  0 | TrAcc: 0.7631, TrLoss:  0.94284, VaAcc: 0.7483, VaLoss:  2.12402	 10 sampled NNs | VaAcc: 0.6332 +- 0.0158 | VaLoss: 1.0755 +- 0.0342
368,  0 | TrAcc: 0.7647, TrLoss:  0.93851, VaAcc: 0.7460, VaLoss:  2.13141	 10 sampled NNs | VaAcc: 0.6360 +- 0.0235 | VaLoss: 1.0701 +- 0.0764
369,  0 | TrAcc: 0.7633, TrLoss:  0.93826, VaAcc: 0.7440, VaLoss:  2.13480	 10 sampled NNs | VaAcc: 0.6336 +- 0.0311 | VaLoss: 1.0956 +- 0.0945
370,  0 | TrAcc: 0.7651, TrLoss:  0.93637, VaAcc: 0.7504, VaLoss:  2.12185	 10 sampled NNs | VaAcc: 0.6413 +- 0.0147 | VaLoss: 1.0611 +- 0.0562
371,  0 | TrAcc: 0.7644, TrLoss:  0.93948, VaAcc: 0.7446, VaLoss:  2.13173	 10 sampled NNs | VaAcc: 0.6385 +- 0.0182 | VaLoss: 1.0619 +- 0.0613
372,  0 | TrAcc: 0.7662, TrLoss:  0.93614, VaAcc: 0.7477, VaLoss:  2.12601	 10 sampled NNs | VaAcc: 0.6413 +- 0.0179 | VaLoss: 1.0653 +- 0.0453
373,  0 | TrAcc: 0.7639, TrLoss:  0.94152, VaAcc: 0.7449, VaLoss:  2.13803	 10 sampled NNs | VaAcc: 0.6272 +- 0.0239 | VaLoss: 1.0963 +- 0.0656
374,  0 | TrAcc: 0.7639, TrLoss:  0.94041, VaAcc: 0.7518, VaLoss:  2.12338	 10 sampled NNs | VaAcc: 0.6538 +- 0.0212 | VaLoss: 1.0266 +- 0.0586
375,  0 | TrAcc: 0.7634, TrLoss:  0.94095, VaAcc: 0.7491, VaLoss:  2.12351	 10 sampled NNs | VaAcc: 0.6359 +- 0.0229 | VaLoss: 1.0770 +- 0.0644
376,  0 | TrAcc: 0.7623, TrLoss:  0.94402, VaAcc: 0.7503, VaLoss:  2.12045	 10 sampled NNs | VaAcc: 0.6343 +- 0.0177 | VaLoss: 1.0700 +- 0.0470
377,  0 | TrAcc: 0.7637, TrLoss:  0.94058, VaAcc: 0.7449, VaLoss:  2.12969	 10 sampled NNs | VaAcc: 0.6383 +- 0.0139 | VaLoss: 1.0622 +- 0.0381
378,  0 | TrAcc: 0.7636, TrLoss:  0.94118, VaAcc: 0.7533, VaLoss:  2.11109	 10 sampled NNs | VaAcc: 0.6330 +- 0.0183 | VaLoss: 1.0792 +- 0.0534
379,  0 | TrAcc: 0.7657, TrLoss:  0.93720, VaAcc: 0.7527, VaLoss:  2.12805	 10 sampled NNs | VaAcc: 0.6435 +- 0.0216 | VaLoss: 1.0499 +- 0.0485
380,  0 | TrAcc: 0.7651, TrLoss:  0.93766, VaAcc: 0.7482, VaLoss:  2.13334	 10 sampled NNs | VaAcc: 0.6344 +- 0.0071 | VaLoss: 1.0898 +- 0.0343
381,  0 | TrAcc: 0.7650, TrLoss:  0.93936, VaAcc: 0.7469, VaLoss:  2.13624	 10 sampled NNs | VaAcc: 0.6378 +- 0.0190 | VaLoss: 1.0854 +- 0.0656
382,  0 | TrAcc: 0.7644, TrLoss:  0.93912, VaAcc: 0.7489, VaLoss:  2.13305	 10 sampled NNs | VaAcc: 0.6303 +- 0.0190 | VaLoss: 1.1053 +- 0.0683
383,  0 | TrAcc: 0.7655, TrLoss:  0.93731, VaAcc: 0.7481, VaLoss:  2.13159	 10 sampled NNs | VaAcc: 0.6449 +- 0.0229 | VaLoss: 1.0489 +- 0.0613
384,  0 | TrAcc: 0.7646, TrLoss:  0.93819, VaAcc: 0.7451, VaLoss:  2.14127	 10 sampled NNs | VaAcc: 0.6305 +- 0.0294 | VaLoss: 1.0815 +- 0.0755
385,  0 | TrAcc: 0.7640, TrLoss:  0.94127, VaAcc: 0.7508, VaLoss:  2.12038	 10 sampled NNs | VaAcc: 0.6414 +- 0.0248 | VaLoss: 1.0567 +- 0.0739
386,  0 | TrAcc: 0.7654, TrLoss:  0.93927, VaAcc: 0.7466, VaLoss:  2.13248	 10 sampled NNs | VaAcc: 0.6336 +- 0.0204 | VaLoss: 1.0815 +- 0.0566
387,  0 | TrAcc: 0.7643, TrLoss:  0.94017, VaAcc: 0.7419, VaLoss:  2.14303	 10 sampled NNs | VaAcc: 0.6482 +- 0.0234 | VaLoss: 1.0455 +- 0.0726
388,  0 | TrAcc: 0.7647, TrLoss:      nan, VaAcc: 0.7496, VaLoss:      nan	 10 sampled NNs | VaAcc: 0.6318 +- 0.0161 | VaLoss: 1.0781 +- 0.0551
389,  0 | TrAcc: 0.7655, TrLoss:  0.93877, VaAcc: 0.7469, VaLoss:  2.14086	 10 sampled NNs | VaAcc: 0.6393 +- 0.0206 | VaLoss: 1.0587 +- 0.0583
390,  0 | TrAcc: 0.7651, TrLoss:  0.93802, VaAcc: 0.7499, VaLoss:  2.12944	 10 sampled NNs | VaAcc: 0.6445 +- 0.0249 | VaLoss: 1.0470 +- 0.0681
391,  0 | TrAcc: 0.7676, TrLoss:  0.93295, VaAcc: 0.7499, VaLoss:  2.13199	 10 sampled NNs | VaAcc: 0.6445 +- 0.0198 | VaLoss: 1.0458 +- 0.0564
392,  0 | TrAcc: 0.7654, TrLoss:  0.93896, VaAcc: 0.7506, VaLoss:  2.12731	 10 sampled NNs | VaAcc: 0.6365 +- 0.0145 | VaLoss: 1.0646 +- 0.0386
393,  0 | TrAcc: 0.7670, TrLoss:  0.93365, VaAcc: 0.7473, VaLoss:  2.13352	 10 sampled NNs | VaAcc: 0.6298 +- 0.0351 | VaLoss: 1.0868 +- 0.0938
394,  0 | TrAcc: 0.7657, TrLoss:  0.93608, VaAcc: 0.7477, VaLoss:  2.14066	 10 sampled NNs | VaAcc: 0.6183 +- 0.0343 | VaLoss: 1.1270 +- 0.1004
395,  0 | TrAcc: 0.7683, TrLoss:  0.93068, VaAcc: 0.7480, VaLoss:  2.14077	 10 sampled NNs | VaAcc: 0.6328 +- 0.0244 | VaLoss: 1.0920 +- 0.0807
396,  0 | TrAcc: 0.7655, TrLoss:  0.93668, VaAcc: 0.7492, VaLoss:  2.13246	 10 sampled NNs | VaAcc: 0.6427 +- 0.0182 | VaLoss: 1.0583 +- 0.0489
397,  0 | TrAcc: 0.7662, TrLoss:  0.93662, VaAcc: 0.7534, VaLoss:  2.12171	 10 sampled NNs | VaAcc: 0.6501 +- 0.0147 | VaLoss: 1.0320 +- 0.0345
398,  0 | TrAcc: 0.7658, TrLoss:  0.93672, VaAcc: 0.7510, VaLoss:  2.13074	 10 sampled NNs | VaAcc: 0.6306 +- 0.0256 | VaLoss: 1.0995 +- 0.0727
399,  0 | TrAcc: 0.7659, TrLoss:  0.93717, VaAcc: 0.7495, VaLoss:  2.13936	 10 sampled NNs | VaAcc: 0.6445 +- 0.0197 | VaLoss: 1.0441 +- 0.0519
77485.107609
----------------------------
