

config:

HOME=/clusterFS/home/student/kopp13
PATH=/clusterFS/home/student/kopp13/miniconda3/envs/tensorflow/bin:/clusterFS/home/student/kopp13/miniconda3/bin:/clusterFS/home/student/kopp13/bin:/usr/local/bin:/usr/bin:/bin:/usr/local/games:/usr/games
LD_LIBRARY_PATH=
THEANO_FLAGS=floatX=float32,gpuarray.preallocate=0.9,dnn.library_path=/usr/lib/x86_64-linux-gnu,cxx=clang++-3.8,device=cuda,base_compiledir=/tmp/tmp.emyKpYenWl

=============================
CONFIG FILE

RNN CONFIG
{'data_multiplier': 1.0,
 'gradient_clip_value': 0.5,
 'layer_configs': [{'layer_type': 'input'},
                   {'bc': {'init_m': 'xavier',
                           'init_v': -4.5,
                           'prior_m': 0.0,
                           'prior_v': 0.0,
                           'type': 'continuous'},
                    'bf': {'init_m': 'xavier',
                           'init_v': -4.5,
                           'prior_m': 0.0,
                           'prior_v': 0.0,
                           'type': 'continuous'},
                    'bi': {'init_m': 'xavier',
                           'init_v': -4.5,
                           'prior_m': 0.0,
                           'prior_v': 0.0,
                           'type': 'continuous'},
                    'bo': {'init_m': 'xavier',
                           'init_v': -4.5,
                           'prior_m': 0.0,
                           'prior_v': 0.0,
                           'type': 'continuous'},
                    'init_config': {'c': {'b': 'all_zero', 'w': 'xavier'},
                                    'f': {'b': 'all_one', 'w': 'all_zero'},
                                    'i': {'b': 'all_zero', 'w': 'xavier'},
                                    'o': {'b': 'all_zero', 'w': 'xavier'}},
                    'is_output': False,
                    'is_recurrent': True,
                    'layer_type': 'lstm',
                    'tau': 0.2,
                    'var_scope': 'lstm_0',
                    'wc': {'p0max': 0.95,
                           'p0min': 0.05,
                           'pmax': 0.99,
                           'pmin': 0.01,
                           'priors': [0.2, 0.6, 0.2],
                           'type': 'ternary'},
                    'wf': {'p0max': 0.95,
                           'p0min': 0.05,
                           'pmax': 0.99,
                           'pmin': 0.01,
                           'priors': [0.2, 0.6, 0.2],
                           'type': 'ternary'},
                    'wi': {'p0max': 0.95,
                           'p0min': 0.05,
                           'pmax': 0.99,
                           'pmin': 0.01,
                           'priors': [0.2, 0.6, 0.2],
                           'type': 'ternary'},
                    'wo': {'p0max': 0.95,
                           'p0min': 0.05,
                           'pmax': 0.99,
                           'pmin': 0.01,
                           'priors': [0.2, 0.6, 0.2],
                           'type': 'ternary'}},
                   {'bc': {'init_m': 'xavier',
                           'init_v': -4.5,
                           'prior_m': 0.0,
                           'prior_v': 0.0,
                           'type': 'continuous'},
                    'bf': {'init_m': 'xavier',
                           'init_v': -4.5,
                           'prior_m': 0.0,
                           'prior_v': 0.0,
                           'type': 'continuous'},
                    'bi': {'init_m': 'xavier',
                           'init_v': -4.5,
                           'prior_m': 0.0,
                           'prior_v': 0.0,
                           'type': 'continuous'},
                    'bo': {'init_m': 'xavier',
                           'init_v': -4.5,
                           'prior_m': 0.0,
                           'prior_v': 0.0,
                           'type': 'continuous'},
                    'init_config': {'c': {'b': 'all_zero', 'w': 'xavier'},
                                    'f': {'b': 'all_one', 'w': 'all_zero'},
                                    'i': {'b': 'all_zero', 'w': 'xavier'},
                                    'o': {'b': 'all_zero', 'w': 'xavier'}},
                    'is_output': False,
                    'is_recurrent': True,
                    'layer_type': 'lstm',
                    'tau': 0.2,
                    'var_scope': 'lstm_1',
                    'wc': {'p0max': 0.95,
                           'p0min': 0.05,
                           'pmax': 0.99,
                           'pmin': 0.01,
                           'priors': [0.2, 0.6, 0.2],
                           'type': 'ternary'},
                    'wf': {'p0max': 0.95,
                           'p0min': 0.05,
                           'pmax': 0.99,
                           'pmin': 0.01,
                           'priors': [0.2, 0.6, 0.2],
                           'type': 'ternary'},
                    'wi': {'p0max': 0.95,
                           'p0min': 0.05,
                           'pmax': 0.99,
                           'pmin': 0.01,
                           'priors': [0.2, 0.6, 0.2],
                           'type': 'ternary'},
                    'wo': {'p0max': 0.95,
                           'p0min': 0.05,
                           'pmax': 0.99,
                           'pmin': 0.01,
                           'priors': [0.2, 0.6, 0.2],
                           'type': 'ternary'}},
                   {'b': {'init_m': 'xavier',
                          'init_v': -4.5,
                          'prior_m': 0.0,
                          'prior_v': 0.0,
                          'type': 'continuous'},
                    'is_output': True,
                    'is_recurrent': False,
                    'layer_type': 'fc',
                    'regularization': {'mode': None, 'strength': 0.02},
                    'tau': 0.2,
                    'var_scope': 'output_layer',
                    'w': {'p0max': 0.95,
                          'p0min': 0.05,
                          'pmax': 0.99,
                          'pmin': 0.01,
                          'priors': [0.2, 0.6, 0.2],
                          'type': 'ternary'}}],
 'layout': [4, 60, 60, 10],
 'output_type': 'classification'}

DATA CONFIG
{'dataset': 'red_penstroke',
 'tr': {'in_seq_len': 30,
        'minibatch_enabled': True,
        'minibatch_size': 200,
        'out_seq_len': 5,
        'zero_padding': 20},
 'va': {'in_seq_len': 30,
        'minibatch_enabled': True,
        'minibatch_size': 200,
        'out_seq_len': 5,
        'zero_padding': 20}}

TRAINING CONFIG
{'beta_reg': 0.0,
 'is_pretrain': False,
 'learning_rate': 0.001,
 'max_epochs': 200,
 'mode': {'max_epochs': 400, 'min_error': 0.0, 'name': 'classic'},
 'task_id': 4,
 'type': 'l_sampling',
 'var_reg': 0.01}
==============================


pretraning is over
  0,  0 | TrAcc: 0.1097, TrLoss:  6.28969, VaAcc: 0.0988, VaLoss:  7.09459	 10 sampled NNs | VaAcc: 0.1015 +- 0.0335 | VaLoss: 6.2079 +- 1.0821
  1,  0 | TrAcc: 0.1336, TrLoss:  2.66906, VaAcc: 0.1196, VaLoss:  3.26627	 10 sampled NNs | VaAcc: 0.1182 +- 0.0103 | VaLoss: 2.4735 +- 0.1065
  2,  0 | TrAcc: 0.1425, TrLoss:  2.52565, VaAcc: 0.1226, VaLoss:  3.08224	 10 sampled NNs | VaAcc: 0.1244 +- 0.0069 | VaLoss: 2.4910 +- 0.3000
  3,  0 | TrAcc: 0.1630, TrLoss:  2.45716, VaAcc: 0.1536, VaLoss:  2.98484	 10 sampled NNs | VaAcc: 0.1421 +- 0.0132 | VaLoss: 2.3822 +- 0.1107
  4,  0 | TrAcc: 0.2064, TrLoss:  2.36899, VaAcc: 0.2064, VaLoss:  2.87250	 10 sampled NNs | VaAcc: 0.1620 +- 0.0304 | VaLoss: 2.4095 +- 0.1825
  5,  0 | TrAcc: 0.2281, TrLoss:  2.27219, VaAcc: 0.2283, VaLoss:  2.76382	 10 sampled NNs | VaAcc: 0.1706 +- 0.0337 | VaLoss: 2.4720 +- 0.3472
  6,  0 | TrAcc: 0.2595, TrLoss:  2.16164, VaAcc: 0.2650, VaLoss:  2.64870	 10 sampled NNs | VaAcc: 0.1815 +- 0.0281 | VaLoss: 2.3778 +- 0.2801
  7,  0 | TrAcc: 0.2878, TrLoss:  2.05566, VaAcc: 0.2935, VaLoss:  2.53116	 10 sampled NNs | VaAcc: 0.1984 +- 0.0298 | VaLoss: 2.2638 +- 0.1440
  8,  0 | TrAcc: 0.3138, TrLoss:  1.97315, VaAcc: 0.3194, VaLoss:  2.44784	 10 sampled NNs | VaAcc: 0.1946 +- 0.0310 | VaLoss: 2.3148 +- 0.1908
  9,  0 | TrAcc: 0.3394, TrLoss:  1.91323, VaAcc: 0.3483, VaLoss:  2.38133	 10 sampled NNs | VaAcc: 0.2316 +- 0.0439 | VaLoss: 2.1314 +- 0.1464
 10,  0 | TrAcc: 0.3626, TrLoss:  1.84764, VaAcc: 0.3805, VaLoss:  2.30552	 10 sampled NNs | VaAcc: 0.2174 +- 0.0419 | VaLoss: 2.2534 +- 0.2188
 11,  0 | TrAcc: 0.3862, TrLoss:  1.79679, VaAcc: 0.4020, VaLoss:  2.26193	 10 sampled NNs | VaAcc: 0.2281 +- 0.0341 | VaLoss: 2.1391 +- 0.1381
 12,  0 | TrAcc: 0.4028, TrLoss:  1.75608, VaAcc: 0.4180, VaLoss:  2.21217	 10 sampled NNs | VaAcc: 0.2513 +- 0.0613 | VaLoss: 2.1610 +- 0.2242
 13,  0 | TrAcc: 0.4154, TrLoss:  1.70584, VaAcc: 0.4369, VaLoss:  2.16534	 10 sampled NNs | VaAcc: 0.2433 +- 0.0446 | VaLoss: 2.2145 +- 0.2868
 14,  0 | TrAcc: 0.4273, TrLoss:  1.67728, VaAcc: 0.4446, VaLoss:  2.14015	 10 sampled NNs | VaAcc: 0.2769 +- 0.0550 | VaLoss: 2.0852 +- 0.2609
 15,  0 | TrAcc: 0.4375, TrLoss:  1.65209, VaAcc: 0.4631, VaLoss:  2.09678	 10 sampled NNs | VaAcc: 0.2703 +- 0.0526 | VaLoss: 2.0644 +- 0.2039
 16,  0 | TrAcc: 0.4475, TrLoss:  1.62356, VaAcc: 0.4707, VaLoss:  2.06867	 10 sampled NNs | VaAcc: 0.2571 +- 0.0635 | VaLoss: 2.1901 +- 0.4409
 17,  0 | TrAcc: 0.4593, TrLoss:  1.60022, VaAcc: 0.4802, VaLoss:  2.05176	 10 sampled NNs | VaAcc: 0.2873 +- 0.0528 | VaLoss: 2.0624 +- 0.2333
 18,  0 | TrAcc: 0.4714, TrLoss:  1.57276, VaAcc: 0.4909, VaLoss:  2.02242	 10 sampled NNs | VaAcc: 0.3057 +- 0.0469 | VaLoss: 2.0089 +- 0.2339
 19,  0 | TrAcc: 0.4800, TrLoss:  1.54800, VaAcc: 0.4977, VaLoss:  2.00515	 10 sampled NNs | VaAcc: 0.3372 +- 0.0595 | VaLoss: 1.9061 +- 0.2264
 20,  0 | TrAcc: 0.4894, TrLoss:  1.52772, VaAcc: 0.5081, VaLoss:  1.98455	 10 sampled NNs | VaAcc: 0.3386 +- 0.0542 | VaLoss: 1.8883 +- 0.2220
 21,  0 | TrAcc: 0.5035, TrLoss:  1.49894, VaAcc: 0.5171, VaLoss:  1.96212	 10 sampled NNs | VaAcc: 0.3165 +- 0.0558 | VaLoss: 1.9619 +- 0.2619
 22,  0 | TrAcc: 0.5154, TrLoss:  1.47307, VaAcc: 0.5251, VaLoss:  1.94962	 10 sampled NNs | VaAcc: 0.3559 +- 0.0429 | VaLoss: 1.8221 +- 0.1479
 23,  0 | TrAcc: 0.5256, TrLoss:  1.44825, VaAcc: 0.5381, VaLoss:  1.91919	 10 sampled NNs | VaAcc: 0.3439 +- 0.0434 | VaLoss: 1.9021 +- 0.1666
 24,  0 | TrAcc: 0.5363, TrLoss:  1.42428, VaAcc: 0.5502, VaLoss:  1.89010	 10 sampled NNs | VaAcc: 0.3540 +- 0.0650 | VaLoss: 1.8916 +- 0.2579
 25,  0 | TrAcc: 0.5442, TrLoss:  1.40287, VaAcc: 0.5576, VaLoss:  1.87027	 10 sampled NNs | VaAcc: 0.3586 +- 0.0485 | VaLoss: 1.8482 +- 0.1998
 26,  0 | TrAcc: 0.5548, TrLoss:  1.37553, VaAcc: 0.5691, VaLoss:  1.84578	 10 sampled NNs | VaAcc: 0.3822 +- 0.0337 | VaLoss: 1.7656 +- 0.1677
 27,  0 | TrAcc: 0.5654, TrLoss:  1.34963, VaAcc: 0.5776, VaLoss:  1.82558	 10 sampled NNs | VaAcc: 0.3780 +- 0.0736 | VaLoss: 1.7538 +- 0.3058
 28,  0 | TrAcc: 0.5713, TrLoss:  1.33423, VaAcc: 0.5825, VaLoss:  1.80718	 10 sampled NNs | VaAcc: 0.3904 +- 0.0629 | VaLoss: 1.7552 +- 0.2627
 29,  0 | TrAcc: 0.5805, TrLoss:  1.31302, VaAcc: 0.5937, VaLoss:  1.78066	 10 sampled NNs | VaAcc: 0.3878 +- 0.0752 | VaLoss: 1.8069 +- 0.3191
 30,  0 | TrAcc: 0.5937, TrLoss:  1.28349, VaAcc: 0.5996, VaLoss:  1.76559	 10 sampled NNs | VaAcc: 0.4079 +- 0.0569 | VaLoss: 1.7001 +- 0.1819
 31,  0 | TrAcc: 0.6016, TrLoss:  1.26272, VaAcc: 0.6073, VaLoss:  1.74683	 10 sampled NNs | VaAcc: 0.3988 +- 0.0731 | VaLoss: 1.7590 +- 0.2623
 32,  0 | TrAcc: 0.6103, TrLoss:  1.24041, VaAcc: 0.6191, VaLoss:  1.72402	 10 sampled NNs | VaAcc: 0.4006 +- 0.0639 | VaLoss: 1.7723 +- 0.2450
 33,  0 | TrAcc: 0.6178, TrLoss:  1.22203, VaAcc: 0.6276, VaLoss:  1.69953	 10 sampled NNs | VaAcc: 0.4422 +- 0.0266 | VaLoss: 1.5780 +- 0.0799
 34,  0 | TrAcc: 0.6244, TrLoss:  1.20494, VaAcc: 0.6361, VaLoss:  1.67841	 10 sampled NNs | VaAcc: 0.4544 +- 0.0396 | VaLoss: 1.5652 +- 0.1331
 35,  0 | TrAcc: 0.6303, TrLoss:  1.18748, VaAcc: 0.6407, VaLoss:  1.66411	 10 sampled NNs | VaAcc: 0.4229 +- 0.0547 | VaLoss: 1.7454 +- 0.2363
 36,  0 | TrAcc: 0.6367, TrLoss:  1.17376, VaAcc: 0.6483, VaLoss:  1.64795	 10 sampled NNs | VaAcc: 0.4447 +- 0.0372 | VaLoss: 1.5666 +- 0.1086
 37,  0 | TrAcc: 0.6430, TrLoss:  1.15148, VaAcc: 0.6521, VaLoss:  1.64024	 10 sampled NNs | VaAcc: 0.4647 +- 0.0217 | VaLoss: 1.5586 +- 0.1270
 38,  0 | TrAcc: 0.6471, TrLoss:  1.14213, VaAcc: 0.6513, VaLoss:  1.62777	 10 sampled NNs | VaAcc: 0.4719 +- 0.0269 | VaLoss: 1.4844 +- 0.0588
 39,  0 | TrAcc: 0.6518, TrLoss:  1.13075, VaAcc: 0.6600, VaLoss:  1.61078	 10 sampled NNs | VaAcc: 0.4507 +- 0.0314 | VaLoss: 1.5944 +- 0.1276
 40,  0 | TrAcc: 0.6565, TrLoss:  1.11673, VaAcc: 0.6609, VaLoss:  1.60287	 10 sampled NNs | VaAcc: 0.4981 +- 0.0452 | VaLoss: 1.4465 +- 0.1369
 41,  0 | TrAcc: 0.6601, TrLoss:  1.10771, VaAcc: 0.6628, VaLoss:  1.60485	 10 sampled NNs | VaAcc: 0.4562 +- 0.0511 | VaLoss: 1.5480 +- 0.1934
 42,  0 | TrAcc: 0.6621, TrLoss:  1.09993, VaAcc: 0.6735, VaLoss:  1.57576	 10 sampled NNs | VaAcc: 0.4665 +- 0.0475 | VaLoss: 1.5713 +- 0.1815
 43,  0 | TrAcc: 0.6652, TrLoss:  1.09311, VaAcc: 0.6718, VaLoss:  1.57945	 10 sampled NNs | VaAcc: 0.4778 +- 0.0405 | VaLoss: 1.5046 +- 0.1328
 44,  0 | TrAcc: 0.6708, TrLoss:  1.07743, VaAcc: 0.6813, VaLoss:  1.55803	 10 sampled NNs | VaAcc: 0.4761 +- 0.0351 | VaLoss: 1.5016 +- 0.1027
 45,  0 | TrAcc: 0.6732, TrLoss:  1.07127, VaAcc: 0.6759, VaLoss:  1.56519	 10 sampled NNs | VaAcc: 0.4695 +- 0.0480 | VaLoss: 1.5463 +- 0.1665
 46,  0 | TrAcc: 0.6782, TrLoss:  1.05636, VaAcc: 0.6821, VaLoss:  1.55507	 10 sampled NNs | VaAcc: 0.4840 +- 0.0355 | VaLoss: 1.4938 +- 0.1146
 47,  0 | TrAcc: 0.6823, TrLoss:  1.04600, VaAcc: 0.6867, VaLoss:  1.54160	 10 sampled NNs | VaAcc: 0.4934 +- 0.0820 | VaLoss: 1.5058 +- 0.3298
 48,  0 | TrAcc: 0.6821, TrLoss:  1.04390, VaAcc: 0.6856, VaLoss:  1.54149	 10 sampled NNs | VaAcc: 0.5097 +- 0.0414 | VaLoss: 1.3943 +- 0.1516
 49,  0 | TrAcc: 0.6833, TrLoss:  1.03827, VaAcc: 0.6881, VaLoss:  1.53228	 10 sampled NNs | VaAcc: 0.5136 +- 0.0370 | VaLoss: 1.4013 +- 0.1136
 50,  0 | TrAcc: 0.6868, TrLoss:  1.02931, VaAcc: 0.6964, VaLoss:  1.51493	 10 sampled NNs | VaAcc: 0.5137 +- 0.0469 | VaLoss: 1.4049 +- 0.1618
 51,  0 | TrAcc: 0.6924, TrLoss:  1.02003, VaAcc: 0.6957, VaLoss:  1.52082	 10 sampled NNs | VaAcc: 0.5299 +- 0.0384 | VaLoss: 1.3527 +- 0.1177
 52,  0 | TrAcc: 0.6924, TrLoss:  1.01455, VaAcc: 0.6974, VaLoss:  1.51378	 10 sampled NNs | VaAcc: 0.5236 +- 0.0487 | VaLoss: 1.3582 +- 0.1234
 53,  0 | TrAcc: 0.6955, TrLoss:  1.00502, VaAcc: 0.7048, VaLoss:  1.49897	 10 sampled NNs | VaAcc: 0.5217 +- 0.0293 | VaLoss: 1.3734 +- 0.0857
 54,  0 | TrAcc: 0.7003, TrLoss:  0.99286, VaAcc: 0.7050, VaLoss:  1.49210	 10 sampled NNs | VaAcc: 0.5165 +- 0.0434 | VaLoss: 1.3960 +- 0.1538
 55,  0 | TrAcc: 0.7005, TrLoss:  0.99059, VaAcc: 0.7074, VaLoss:  1.48640	 10 sampled NNs | VaAcc: 0.5255 +- 0.0451 | VaLoss: 1.3675 +- 0.1296
 56,  0 | TrAcc: 0.7030, TrLoss:  0.98192, VaAcc: 0.7043, VaLoss:  1.49729	 10 sampled NNs | VaAcc: 0.5453 +- 0.0259 | VaLoss: 1.3169 +- 0.1058
 57,  0 | TrAcc: 0.7059, TrLoss:  0.97803, VaAcc: 0.7101, VaLoss:  1.48534	 10 sampled NNs | VaAcc: 0.5386 +- 0.0336 | VaLoss: 1.3424 +- 0.1062
 58,  0 | TrAcc: 0.7072, TrLoss:  0.97334, VaAcc: 0.7159, VaLoss:  1.47346	 10 sampled NNs | VaAcc: 0.5505 +- 0.0331 | VaLoss: 1.2901 +- 0.1022
 59,  0 | TrAcc: 0.7058, TrLoss:  0.97517, VaAcc: 0.7102, VaLoss:  1.47649	 10 sampled NNs | VaAcc: 0.5492 +- 0.0480 | VaLoss: 1.3219 +- 0.1815
 60,  0 | TrAcc: 0.7103, TrLoss:  0.96313, VaAcc: 0.7119, VaLoss:  1.47139	 10 sampled NNs | VaAcc: 0.5596 +- 0.0434 | VaLoss: 1.2519 +- 0.0956
 61,  0 | TrAcc: 0.7121, TrLoss:  0.95433, VaAcc: 0.7107, VaLoss:  1.47172	 10 sampled NNs | VaAcc: 0.5532 +- 0.0371 | VaLoss: 1.2806 +- 0.1046
 62,  0 | TrAcc: 0.7146, TrLoss:  0.95119, VaAcc: 0.7194, VaLoss:  1.45209	 10 sampled NNs | VaAcc: 0.5528 +- 0.0415 | VaLoss: 1.2936 +- 0.1169
 63,  0 | TrAcc: 0.7126, TrLoss:  0.95514, VaAcc: 0.7216, VaLoss:  1.45706	 10 sampled NNs | VaAcc: 0.5569 +- 0.0530 | VaLoss: 1.2833 +- 0.1618
 64,  0 | TrAcc: 0.7159, TrLoss:  0.94454, VaAcc: 0.7205, VaLoss:  1.45827	 10 sampled NNs | VaAcc: 0.5572 +- 0.0247 | VaLoss: 1.2763 +- 0.0810
 65,  0 | TrAcc: 0.7176, TrLoss:  0.93997, VaAcc: 0.7199, VaLoss:  1.45434	 10 sampled NNs | VaAcc: 0.5539 +- 0.0434 | VaLoss: 1.2838 +- 0.1500
 66,  0 | TrAcc: 0.7164, TrLoss:  0.94140, VaAcc: 0.7229, VaLoss:  1.44956	 10 sampled NNs | VaAcc: 0.5726 +- 0.0303 | VaLoss: 1.2293 +- 0.0950
 67,  0 | TrAcc: 0.7217, TrLoss:  0.93028, VaAcc: 0.7241, VaLoss:  1.44738	 10 sampled NNs | VaAcc: 0.5690 +- 0.0318 | VaLoss: 1.2447 +- 0.0991
 68,  0 | TrAcc: 0.7230, TrLoss:  0.92765, VaAcc: 0.7287, VaLoss:  1.43554	 10 sampled NNs | VaAcc: 0.5685 +- 0.0505 | VaLoss: 1.2516 +- 0.1761
 69,  0 | TrAcc: 0.7253, TrLoss:  0.91890, VaAcc: 0.7237, VaLoss:  1.44620	 10 sampled NNs | VaAcc: 0.5780 +- 0.0279 | VaLoss: 1.2181 +- 0.0837
 70,  0 | TrAcc: 0.7265, TrLoss:  0.91724, VaAcc: 0.7287, VaLoss:  1.42966	 10 sampled NNs | VaAcc: 0.5633 +- 0.0374 | VaLoss: 1.2684 +- 0.1227
 71,  0 | TrAcc: 0.7268, TrLoss:  0.91709, VaAcc: 0.7274, VaLoss:  1.43807	 10 sampled NNs | VaAcc: 0.5815 +- 0.0354 | VaLoss: 1.2058 +- 0.0956
 72,  0 | TrAcc: 0.7280, TrLoss:  0.91078, VaAcc: 0.7296, VaLoss:  1.42946	 10 sampled NNs | VaAcc: 0.5684 +- 0.0400 | VaLoss: 1.2346 +- 0.1036
 73,  0 | TrAcc: 0.7279, TrLoss:  0.91112, VaAcc: 0.7273, VaLoss:  1.43192	 10 sampled NNs | VaAcc: 0.5688 +- 0.0569 | VaLoss: 1.2622 +- 0.1798
 74,  0 | TrAcc: 0.7306, TrLoss:  0.90188, VaAcc: 0.7308, VaLoss:  1.43274	 10 sampled NNs | VaAcc: 0.5897 +- 0.0281 | VaLoss: 1.1911 +- 0.0914
 75,  0 | TrAcc: 0.7318, TrLoss:  0.89726, VaAcc: 0.7322, VaLoss:  1.42316	 10 sampled NNs | VaAcc: 0.6078 +- 0.0260 | VaLoss: 1.1348 +- 0.0749
 76,  0 | TrAcc: 0.7316, TrLoss:  0.89983, VaAcc: 0.7310, VaLoss:  1.43099	 10 sampled NNs | VaAcc: 0.5723 +- 0.0280 | VaLoss: 1.2341 +- 0.0905
 77,  0 | TrAcc: 0.7319, TrLoss:  0.89891, VaAcc: 0.7337, VaLoss:  1.42319	 10 sampled NNs | VaAcc: 0.5973 +- 0.0301 | VaLoss: 1.1640 +- 0.0757
 78,  0 | TrAcc: 0.7353, TrLoss:  0.88973, VaAcc: 0.7335, VaLoss:  1.42547	 10 sampled NNs | VaAcc: 0.5916 +- 0.0342 | VaLoss: 1.1726 +- 0.0943
 79,  0 | TrAcc: 0.7355, TrLoss:  0.88789, VaAcc: 0.7360, VaLoss:  1.41357	 10 sampled NNs | VaAcc: 0.5938 +- 0.0342 | VaLoss: 1.1814 +- 0.1143
 80,  0 | TrAcc: 0.7360, TrLoss:  0.88800, VaAcc: 0.7350, VaLoss:  1.41430	 10 sampled NNs | VaAcc: 0.5922 +- 0.0378 | VaLoss: 1.1802 +- 0.1062
 81,  0 | TrAcc: 0.7364, TrLoss:  0.88543, VaAcc: 0.7421, VaLoss:  1.40368	 10 sampled NNs | VaAcc: 0.5961 +- 0.0325 | VaLoss: 1.1614 +- 0.0997
 82,  0 | TrAcc: 0.7390, TrLoss:  0.87978, VaAcc: 0.7367, VaLoss:  1.41760	 10 sampled NNs | VaAcc: 0.6044 +- 0.0317 | VaLoss: 1.1320 +- 0.0922
 83,  0 | TrAcc: 0.7392, TrLoss:  0.87799, VaAcc: 0.7346, VaLoss:  1.41773	 10 sampled NNs | VaAcc: 0.6006 +- 0.0535 | VaLoss: 1.1489 +- 0.1438
 84,  0 | TrAcc: 0.7386, TrLoss:  0.87944, VaAcc: 0.7372, VaLoss:  1.41808	 10 sampled NNs | VaAcc: 0.6086 +- 0.0239 | VaLoss: 1.1235 +- 0.0608
 85,  0 | TrAcc: 0.7400, TrLoss:  0.87454, VaAcc: 0.7416, VaLoss:  1.40529	 10 sampled NNs | VaAcc: 0.6110 +- 0.0328 | VaLoss: 1.1320 +- 0.0975
 86,  0 | TrAcc: 0.7428, TrLoss:  0.86891, VaAcc: 0.7415, VaLoss:  1.40657	 10 sampled NNs | VaAcc: 0.6131 +- 0.0211 | VaLoss: 1.1302 +- 0.0793
 87,  0 | TrAcc: 0.7412, TrLoss:  0.86852, VaAcc: 0.7388, VaLoss:  1.41514	 10 sampled NNs | VaAcc: 0.6050 +- 0.0242 | VaLoss: 1.1428 +- 0.0620
 88,  0 | TrAcc: 0.7433, TrLoss:  0.86381, VaAcc: 0.7444, VaLoss:  1.39714	 10 sampled NNs | VaAcc: 0.6221 +- 0.0263 | VaLoss: 1.0873 +- 0.0612
 89,  0 | TrAcc: 0.7450, TrLoss:  0.86153, VaAcc: 0.7401, VaLoss:  1.40910	 10 sampled NNs | VaAcc: 0.6094 +- 0.0238 | VaLoss: 1.1234 +- 0.0568
 90,  0 | TrAcc: 0.7460, TrLoss:  0.85522, VaAcc: 0.7418, VaLoss:  1.41057	 10 sampled NNs | VaAcc: 0.6230 +- 0.0388 | VaLoss: 1.0950 +- 0.1055
 91,  0 | TrAcc: 0.7463, TrLoss:  0.85630, VaAcc: 0.7414, VaLoss:  1.41311	 10 sampled NNs | VaAcc: 0.6058 +- 0.0192 | VaLoss: 1.1417 +- 0.0632
 92,  0 | TrAcc: 0.7479, TrLoss:  0.85045, VaAcc: 0.7413, VaLoss:  1.40490	 10 sampled NNs | VaAcc: 0.6188 +- 0.0185 | VaLoss: 1.1000 +- 0.0546
 93,  0 | TrAcc: 0.7476, TrLoss:  0.85315, VaAcc: 0.7435, VaLoss:  1.40149	 10 sampled NNs | VaAcc: 0.6108 +- 0.0356 | VaLoss: 1.1224 +- 0.1085
 94,  0 | TrAcc: 0.7483, TrLoss:  0.85134, VaAcc: 0.7485, VaLoss:  1.39368	 10 sampled NNs | VaAcc: 0.6183 +- 0.0412 | VaLoss: 1.1028 +- 0.1254
 95,  0 | TrAcc: 0.7501, TrLoss:  0.84418, VaAcc: 0.7439, VaLoss:  1.40286	 10 sampled NNs | VaAcc: 0.6205 +- 0.0212 | VaLoss: 1.0971 +- 0.0619
 96,  0 | TrAcc: 0.7511, TrLoss:  0.84346, VaAcc: 0.7482, VaLoss:  1.39374	 10 sampled NNs | VaAcc: 0.6158 +- 0.0256 | VaLoss: 1.1252 +- 0.0930
 97,  0 | TrAcc: 0.7505, TrLoss:  0.84221, VaAcc: 0.7433, VaLoss:  1.40103	 10 sampled NNs | VaAcc: 0.6254 +- 0.0273 | VaLoss: 1.0829 +- 0.0786
 98,  0 | TrAcc: 0.7513, TrLoss:  0.84041, VaAcc: 0.7466, VaLoss:  1.39647	 10 sampled NNs | VaAcc: 0.6159 +- 0.0346 | VaLoss: 1.1125 +- 0.0970
 99,  0 | TrAcc: 0.7509, TrLoss:  0.84236, VaAcc: 0.7497, VaLoss:  1.39042	 10 sampled NNs | VaAcc: 0.6240 +- 0.0277 | VaLoss: 1.0737 +- 0.0749
100,  0 | TrAcc: 0.7519, TrLoss:  0.83576, VaAcc: 0.7497, VaLoss:  1.39484	 10 sampled NNs | VaAcc: 0.6359 +- 0.0179 | VaLoss: 1.0557 +- 0.0564
101,  0 | TrAcc: 0.7539, TrLoss:  0.83298, VaAcc: 0.7479, VaLoss:  1.39431	 10 sampled NNs | VaAcc: 0.6433 +- 0.0206 | VaLoss: 1.0285 +- 0.0576
102,  0 | TrAcc: 0.7538, TrLoss:  0.83511, VaAcc: 0.7509, VaLoss:  1.39310	 10 sampled NNs | VaAcc: 0.6362 +- 0.0194 | VaLoss: 1.0555 +- 0.0482
103,  0 | TrAcc: 0.7538, TrLoss:  0.83117, VaAcc: 0.7494, VaLoss:  1.39567	 10 sampled NNs | VaAcc: 0.6335 +- 0.0299 | VaLoss: 1.0744 +- 0.0978
104,  0 | TrAcc: 0.7563, TrLoss:  0.82736, VaAcc: 0.7488, VaLoss:  1.38891	 10 sampled NNs | VaAcc: 0.6456 +- 0.0259 | VaLoss: 1.0365 +- 0.0922
105,  0 | TrAcc: 0.7553, TrLoss:  0.83008, VaAcc: 0.7469, VaLoss:  1.39947	 10 sampled NNs | VaAcc: 0.6418 +- 0.0127 | VaLoss: 1.0393 +- 0.0346
106,  0 | TrAcc: 0.7563, TrLoss:  0.82257, VaAcc: 0.7432, VaLoss:  1.40765	 10 sampled NNs | VaAcc: 0.6405 +- 0.0256 | VaLoss: 1.0349 +- 0.0621
107,  0 | TrAcc: 0.7563, TrLoss:  0.82671, VaAcc: 0.7527, VaLoss:  1.38465	 10 sampled NNs | VaAcc: 0.6303 +- 0.0313 | VaLoss: 1.0652 +- 0.0733
108,  0 | TrAcc: 0.7562, TrLoss:  0.82471, VaAcc: 0.7518, VaLoss:  1.38584	 10 sampled NNs | VaAcc: 0.6336 +- 0.0310 | VaLoss: 1.0640 +- 0.0809
109,  0 | TrAcc: 0.7603, TrLoss:  0.81454, VaAcc: 0.7534, VaLoss:  1.38285	 10 sampled NNs | VaAcc: 0.6299 +- 0.0373 | VaLoss: 1.0800 +- 0.0958
110,  0 | TrAcc: 0.7591, TrLoss:  0.81874, VaAcc: 0.7494, VaLoss:  1.39279	 10 sampled NNs | VaAcc: 0.6385 +- 0.0203 | VaLoss: 1.0489 +- 0.0511
111,  0 | TrAcc: 0.7590, TrLoss:  0.81590, VaAcc: 0.7545, VaLoss:  1.38148	 10 sampled NNs | VaAcc: 0.6417 +- 0.0147 | VaLoss: 1.0492 +- 0.0449
112,  0 | TrAcc: 0.7600, TrLoss:  0.81499, VaAcc: 0.7534, VaLoss:  1.37852	 10 sampled NNs | VaAcc: 0.6360 +- 0.0356 | VaLoss: 1.0695 +- 0.1113
113,  0 | TrAcc: 0.7597, TrLoss:  0.81377, VaAcc: 0.7545, VaLoss:  1.38157	 10 sampled NNs | VaAcc: 0.6349 +- 0.0253 | VaLoss: 1.0498 +- 0.0675
114,  0 | TrAcc: 0.7613, TrLoss:  0.80991, VaAcc: 0.7513, VaLoss:  1.38979	 10 sampled NNs | VaAcc: 0.6433 +- 0.0404 | VaLoss: 1.0362 +- 0.1071
115,  0 | TrAcc: 0.7617, TrLoss:  0.80904, VaAcc: 0.7510, VaLoss:  1.39214	 10 sampled NNs | VaAcc: 0.6618 +- 0.0251 | VaLoss: 0.9932 +- 0.0847
116,  0 | TrAcc: 0.7618, TrLoss:  0.80703, VaAcc: 0.7502, VaLoss:  1.38808	 10 sampled NNs | VaAcc: 0.6330 +- 0.0311 | VaLoss: 1.0680 +- 0.0903
117,  0 | TrAcc: 0.7622, TrLoss:  0.80674, VaAcc: 0.7533, VaLoss:  1.38664	 10 sampled NNs | VaAcc: 0.6507 +- 0.0284 | VaLoss: 1.0225 +- 0.0761
118,  0 | TrAcc: 0.7625, TrLoss:  0.80663, VaAcc: 0.7528, VaLoss:  1.38790	 10 sampled NNs | VaAcc: 0.6478 +- 0.0201 | VaLoss: 1.0281 +- 0.0714
119,  0 | TrAcc: 0.7661, TrLoss:  0.79705, VaAcc: 0.7569, VaLoss:  1.38103	 10 sampled NNs | VaAcc: 0.6591 +- 0.0136 | VaLoss: 0.9929 +- 0.0315
120,  0 | TrAcc: 0.7657, TrLoss:  0.79976, VaAcc: 0.7532, VaLoss:  1.38604	 10 sampled NNs | VaAcc: 0.6424 +- 0.0325 | VaLoss: 1.0416 +- 0.0915
121,  0 | TrAcc: 0.7640, TrLoss:  0.80035, VaAcc: 0.7545, VaLoss:  1.38741	 10 sampled NNs | VaAcc: 0.6371 +- 0.0269 | VaLoss: 1.0632 +- 0.0877
122,  0 | TrAcc: 0.7672, TrLoss:  0.79565, VaAcc: 0.7496, VaLoss:  1.39800	 10 sampled NNs | VaAcc: 0.6493 +- 0.0248 | VaLoss: 1.0333 +- 0.0930
123,  0 | TrAcc: 0.7663, TrLoss:  0.79693, VaAcc: 0.7586, VaLoss:  1.37950	 10 sampled NNs | VaAcc: 0.6462 +- 0.0296 | VaLoss: 1.0217 +- 0.0672
124,  0 | TrAcc: 0.7670, TrLoss:  0.79475, VaAcc: 0.7565, VaLoss:  1.38628	 10 sampled NNs | VaAcc: 0.6458 +- 0.0208 | VaLoss: 1.0277 +- 0.0520
125,  0 | TrAcc: 0.7652, TrLoss:  0.79923, VaAcc: 0.7530, VaLoss:  1.39189	 10 sampled NNs | VaAcc: 0.6505 +- 0.0137 | VaLoss: 1.0098 +- 0.0376
126,  0 | TrAcc: 0.7658, TrLoss:  0.79540, VaAcc: 0.7590, VaLoss:  1.37574	 10 sampled NNs | VaAcc: 0.6493 +- 0.0178 | VaLoss: 1.0237 +- 0.0415
127,  0 | TrAcc: 0.7689, TrLoss:  0.78984, VaAcc: 0.7567, VaLoss:  1.38088	 10 sampled NNs | VaAcc: 0.6467 +- 0.0402 | VaLoss: 1.0317 +- 0.1121
128,  0 | TrAcc: 0.7689, TrLoss:  0.79025, VaAcc: 0.7532, VaLoss:  1.38842	 10 sampled NNs | VaAcc: 0.6587 +- 0.0188 | VaLoss: 1.0017 +- 0.0518
129,  0 | TrAcc: 0.7679, TrLoss:  0.79142, VaAcc: 0.7595, VaLoss:  1.37917	 10 sampled NNs | VaAcc: 0.6669 +- 0.0122 | VaLoss: 0.9738 +- 0.0333
130,  0 | TrAcc: 0.7681, TrLoss:  0.78942, VaAcc: 0.7540, VaLoss:  1.39436	 10 sampled NNs | VaAcc: 0.6551 +- 0.0232 | VaLoss: 1.0000 +- 0.0643
131,  0 | TrAcc: 0.7691, TrLoss:  0.78682, VaAcc: 0.7555, VaLoss:  1.39002	 10 sampled NNs | VaAcc: 0.6628 +- 0.0204 | VaLoss: 0.9839 +- 0.0583
132,  0 | TrAcc: 0.7708, TrLoss:  0.78198, VaAcc: 0.7560, VaLoss:  1.38484	 10 sampled NNs | VaAcc: 0.6575 +- 0.0230 | VaLoss: 0.9971 +- 0.0507
133,  0 | TrAcc: 0.7714, TrLoss:  0.78442, VaAcc: 0.7553, VaLoss:  1.38725	 10 sampled NNs | VaAcc: 0.6613 +- 0.0174 | VaLoss: 0.9837 +- 0.0394
134,  0 | TrAcc: 0.7713, TrLoss:  0.78067, VaAcc: 0.7572, VaLoss:  1.38381	 10 sampled NNs | VaAcc: 0.6607 +- 0.0158 | VaLoss: 0.9848 +- 0.0342
135,  0 | TrAcc: 0.7724, TrLoss:  0.77882, VaAcc: 0.7565, VaLoss:  1.38586	 10 sampled NNs | VaAcc: 0.6640 +- 0.0295 | VaLoss: 0.9790 +- 0.0806
136,  0 | TrAcc: 0.7716, TrLoss:  0.78155, VaAcc: 0.7569, VaLoss:  1.38627	 10 sampled NNs | VaAcc: 0.6540 +- 0.0202 | VaLoss: 1.0060 +- 0.0520
137,  0 | TrAcc: 0.7729, TrLoss:  0.77704, VaAcc: 0.7626, VaLoss:  1.37573	 10 sampled NNs | VaAcc: 0.6508 +- 0.0329 | VaLoss: 1.0138 +- 0.0966
138,  0 | TrAcc: 0.7733, TrLoss:  0.77622, VaAcc: 0.7595, VaLoss:  1.37879	 10 sampled NNs | VaAcc: 0.6678 +- 0.0211 | VaLoss: 0.9705 +- 0.0509
139,  0 | TrAcc: 0.7719, TrLoss:  0.78016, VaAcc: 0.7577, VaLoss:  1.38607	 10 sampled NNs | VaAcc: 0.6696 +- 0.0209 | VaLoss: 0.9693 +- 0.0511
140,  0 | TrAcc: 0.7740, TrLoss:  0.77395, VaAcc: 0.7588, VaLoss:  1.38254	 10 sampled NNs | VaAcc: 0.6667 +- 0.0216 | VaLoss: 0.9780 +- 0.0603
141,  0 | TrAcc: 0.7720, TrLoss:  0.77695, VaAcc: 0.7591, VaLoss:  1.38032	 10 sampled NNs | VaAcc: 0.6624 +- 0.0170 | VaLoss: 0.9857 +- 0.0420
142,  0 | TrAcc: 0.7750, TrLoss:  0.77399, VaAcc: 0.7580, VaLoss:  1.38564	 10 sampled NNs | VaAcc: 0.6573 +- 0.0158 | VaLoss: 1.0002 +- 0.0484
143,  0 | TrAcc: 0.7753, TrLoss:  0.77048, VaAcc: 0.7582, VaLoss:  1.38900	 10 sampled NNs | VaAcc: 0.6500 +- 0.0312 | VaLoss: 1.0110 +- 0.0732
144,  0 | TrAcc: 0.7742, TrLoss:  0.77195, VaAcc: 0.7568, VaLoss:  1.39215	 10 sampled NNs | VaAcc: 0.6615 +- 0.0152 | VaLoss: 0.9867 +- 0.0502
145,  0 | TrAcc: 0.7742, TrLoss:  0.77007, VaAcc: 0.7595, VaLoss:  1.38440	 10 sampled NNs | VaAcc: 0.6783 +- 0.0175 | VaLoss: 0.9419 +- 0.0466
146,  0 | TrAcc: 0.7765, TrLoss:  0.76776, VaAcc: 0.7588, VaLoss:  1.38433	 10 sampled NNs | VaAcc: 0.6736 +- 0.0210 | VaLoss: 0.9553 +- 0.0549
147,  0 | TrAcc: 0.7749, TrLoss:  0.76994, VaAcc: 0.7594, VaLoss:  1.38289	 10 sampled NNs | VaAcc: 0.6542 +- 0.0268 | VaLoss: 1.0026 +- 0.0699
148,  0 | TrAcc: 0.7765, TrLoss:  0.76579, VaAcc: 0.7602, VaLoss:  1.38516	 10 sampled NNs | VaAcc: 0.6579 +- 0.0304 | VaLoss: 0.9946 +- 0.0712
149,  0 | TrAcc: 0.7775, TrLoss:  0.76333, VaAcc: 0.7585, VaLoss:  1.38897	 10 sampled NNs | VaAcc: 0.6588 +- 0.0175 | VaLoss: 0.9909 +- 0.0427
150,  0 | TrAcc: 0.7751, TrLoss:  0.76787, VaAcc: 0.7581, VaLoss:  1.39772	 10 sampled NNs | VaAcc: 0.6736 +- 0.0101 | VaLoss: 0.9560 +- 0.0375
151,  0 | TrAcc: 0.7759, TrLoss:  0.76658, VaAcc: 0.7610, VaLoss:  1.38884	 10 sampled NNs | VaAcc: 0.6713 +- 0.0140 | VaLoss: 0.9594 +- 0.0383
152,  0 | TrAcc: 0.7782, TrLoss:  0.76094, VaAcc: 0.7611, VaLoss:  1.38509	 10 sampled NNs | VaAcc: 0.6744 +- 0.0198 | VaLoss: 0.9554 +- 0.0558
153,  0 | TrAcc: 0.7786, TrLoss:  0.76243, VaAcc: 0.7582, VaLoss:  1.39470	 10 sampled NNs | VaAcc: 0.6671 +- 0.0134 | VaLoss: 0.9671 +- 0.0360
154,  0 | TrAcc: 0.7781, TrLoss:  0.76118, VaAcc: 0.7581, VaLoss:  1.38871	 10 sampled NNs | VaAcc: 0.6674 +- 0.0234 | VaLoss: 0.9745 +- 0.0720
155,  0 | TrAcc: 0.7798, TrLoss:  0.75761, VaAcc: 0.7622, VaLoss:  1.38346	 10 sampled NNs | VaAcc: 0.6763 +- 0.0172 | VaLoss: 0.9444 +- 0.0501
156,  0 | TrAcc: 0.7787, TrLoss:  0.76148, VaAcc: 0.7600, VaLoss:  1.39033	 10 sampled NNs | VaAcc: 0.6724 +- 0.0168 | VaLoss: 0.9586 +- 0.0402
157,  0 | TrAcc: 0.7804, TrLoss:  0.75745, VaAcc: 0.7572, VaLoss:  1.39931	 10 sampled NNs | VaAcc: 0.6810 +- 0.0100 | VaLoss: 0.9303 +- 0.0238
158,  0 | TrAcc: 0.7787, TrLoss:  0.75993, VaAcc: 0.7576, VaLoss:  1.39419	 10 sampled NNs | VaAcc: 0.6677 +- 0.0196 | VaLoss: 0.9671 +- 0.0463
159,  0 | TrAcc: 0.7797, TrLoss:  0.75747, VaAcc: 0.7577, VaLoss:  1.39777	 10 sampled NNs | VaAcc: 0.6752 +- 0.0183 | VaLoss: 0.9459 +- 0.0517
160,  0 | TrAcc: 0.7814, TrLoss:  0.75256, VaAcc: 0.7617, VaLoss:  1.39088	 10 sampled NNs | VaAcc: 0.6798 +- 0.0186 | VaLoss: 0.9356 +- 0.0590
161,  0 | TrAcc: 0.7805, TrLoss:  0.75419, VaAcc: 0.7603, VaLoss:  1.38593	 10 sampled NNs | VaAcc: 0.6779 +- 0.0230 | VaLoss: 0.9404 +- 0.0675
162,  0 | TrAcc: 0.7805, TrLoss:  0.75559, VaAcc: 0.7556, VaLoss:  1.40316	 10 sampled NNs | VaAcc: 0.6786 +- 0.0167 | VaLoss: 0.9404 +- 0.0413
163,  0 | TrAcc: 0.7813, TrLoss:  0.75218, VaAcc: 0.7607, VaLoss:  1.39132	 10 sampled NNs | VaAcc: 0.6912 +- 0.0154 | VaLoss: 0.9134 +- 0.0349
164,  0 | TrAcc: 0.7797, TrLoss:  0.75660, VaAcc: 0.7625, VaLoss:  1.39139	 10 sampled NNs | VaAcc: 0.6774 +- 0.0119 | VaLoss: 0.9534 +- 0.0368
165,  0 | TrAcc: 0.7818, TrLoss:  0.75235, VaAcc: 0.7596, VaLoss:  1.39655	 10 sampled NNs | VaAcc: 0.6825 +- 0.0143 | VaLoss: 0.9337 +- 0.0540
166,  0 | TrAcc: 0.7821, TrLoss:  0.75142, VaAcc: 0.7652, VaLoss:  1.38300	 10 sampled NNs | VaAcc: 0.6629 +- 0.0271 | VaLoss: 0.9832 +- 0.0684
167,  0 | TrAcc: 0.7835, TrLoss:  0.74756, VaAcc: 0.7666, VaLoss:  1.38944	 10 sampled NNs | VaAcc: 0.6855 +- 0.0216 | VaLoss: 0.9169 +- 0.0563
168,  0 | TrAcc: 0.7824, TrLoss:  0.74966, VaAcc: 0.7632, VaLoss:  1.38781	 10 sampled NNs | VaAcc: 0.6769 +- 0.0112 | VaLoss: 0.9404 +- 0.0408
169,  0 | TrAcc: 0.7838, TrLoss:  0.74759, VaAcc: 0.7608, VaLoss:  1.39189	 10 sampled NNs | VaAcc: 0.6695 +- 0.0246 | VaLoss: 0.9608 +- 0.0589
170,  0 | TrAcc: 0.7838, TrLoss:  0.74347, VaAcc: 0.7661, VaLoss:  1.38031	 10 sampled NNs | VaAcc: 0.6864 +- 0.0251 | VaLoss: 0.9154 +- 0.0633
171,  0 | TrAcc: 0.7844, TrLoss:  0.74258, VaAcc: 0.7589, VaLoss:  1.39815	 10 sampled NNs | VaAcc: 0.6770 +- 0.0172 | VaLoss: 0.9456 +- 0.0455
172,  0 | TrAcc: 0.7843, TrLoss:  0.74609, VaAcc: 0.7629, VaLoss:  1.39306	 10 sampled NNs | VaAcc: 0.6789 +- 0.0174 | VaLoss: 0.9387 +- 0.0366
173,  0 | TrAcc: 0.7833, TrLoss:  0.74751, VaAcc: 0.7633, VaLoss:  1.39184	 10 sampled NNs | VaAcc: 0.6766 +- 0.0245 | VaLoss: 0.9428 +- 0.0555
174,  0 | TrAcc: 0.7848, TrLoss:  0.74432, VaAcc: 0.7600, VaLoss:  1.39943	 10 sampled NNs | VaAcc: 0.6843 +- 0.0176 | VaLoss: 0.9278 +- 0.0410
175,  0 | TrAcc: 0.7848, TrLoss:  0.74303, VaAcc: 0.7618, VaLoss:  1.39451	 10 sampled NNs | VaAcc: 0.6942 +- 0.0141 | VaLoss: 0.9083 +- 0.0388
176,  0 | TrAcc: 0.7862, TrLoss:  0.74162, VaAcc: 0.7637, VaLoss:  1.39404	 10 sampled NNs | VaAcc: 0.6801 +- 0.0153 | VaLoss: 0.9289 +- 0.0379
177,  0 | TrAcc: 0.7860, TrLoss:  0.74251, VaAcc: 0.7597, VaLoss:  1.39944	 10 sampled NNs | VaAcc: 0.6917 +- 0.0155 | VaLoss: 0.9076 +- 0.0381
178,  0 | TrAcc: 0.7861, TrLoss:  0.73996, VaAcc: 0.7645, VaLoss:  1.39552	 10 sampled NNs | VaAcc: 0.6895 +- 0.0216 | VaLoss: 0.9080 +- 0.0559
179,  0 | TrAcc: 0.7860, TrLoss:  0.73788, VaAcc: 0.7659, VaLoss:  1.38924	 10 sampled NNs | VaAcc: 0.6926 +- 0.0111 | VaLoss: 0.9040 +- 0.0316
180,  0 | TrAcc: 0.7868, TrLoss:  0.73832, VaAcc: 0.7653, VaLoss:  1.39611	 10 sampled NNs | VaAcc: 0.6853 +- 0.0134 | VaLoss: 0.9337 +- 0.0353
181,  0 | TrAcc: 0.7874, TrLoss:  0.73709, VaAcc: 0.7651, VaLoss:  1.39208	 10 sampled NNs | VaAcc: 0.6886 +- 0.0142 | VaLoss: 0.9176 +- 0.0393
182,  0 | TrAcc: 0.7856, TrLoss:  0.74112, VaAcc: 0.7628, VaLoss:  1.40044	 10 sampled NNs | VaAcc: 0.6774 +- 0.0184 | VaLoss: 0.9515 +- 0.0471
183,  0 | TrAcc: 0.7864, TrLoss:  0.73872, VaAcc: 0.7615, VaLoss:  1.39913	 10 sampled NNs | VaAcc: 0.6898 +- 0.0142 | VaLoss: 0.9089 +- 0.0375
184,  0 | TrAcc: 0.7864, TrLoss:  0.73853, VaAcc: 0.7605, VaLoss:  1.40436	 10 sampled NNs | VaAcc: 0.6928 +- 0.0158 | VaLoss: 0.9189 +- 0.0436
185,  0 | TrAcc: 0.7876, TrLoss:  0.73593, VaAcc: 0.7614, VaLoss:  1.40186	 10 sampled NNs | VaAcc: 0.6861 +- 0.0139 | VaLoss: 0.9212 +- 0.0381
186,  0 | TrAcc: 0.7883, TrLoss:  0.73359, VaAcc: 0.7608, VaLoss:  1.40435	 10 sampled NNs | VaAcc: 0.6891 +- 0.0220 | VaLoss: 0.9084 +- 0.0538
187,  0 | TrAcc: 0.7897, TrLoss:  0.73067, VaAcc: 0.7610, VaLoss:  1.41215	 10 sampled NNs | VaAcc: 0.6909 +- 0.0169 | VaLoss: 0.9044 +- 0.0442
188,  0 | TrAcc: 0.7885, TrLoss:  0.73468, VaAcc: 0.7602, VaLoss:  1.40783	 10 sampled NNs | VaAcc: 0.6962 +- 0.0115 | VaLoss: 0.8966 +- 0.0225
189,  0 | TrAcc: 0.7903, TrLoss:  0.72780, VaAcc: 0.7595, VaLoss:  1.40936	 10 sampled NNs | VaAcc: 0.6902 +- 0.0137 | VaLoss: 0.9151 +- 0.0469
190,  0 | TrAcc: 0.7895, TrLoss:  0.73288, VaAcc: 0.7637, VaLoss:  1.40636	 10 sampled NNs | VaAcc: 0.6878 +- 0.0157 | VaLoss: 0.9167 +- 0.0443
191,  0 | TrAcc: 0.7899, TrLoss:  0.72930, VaAcc: 0.7609, VaLoss:  1.40425	 10 sampled NNs | VaAcc: 0.6873 +- 0.0140 | VaLoss: 0.9263 +- 0.0434
192,  0 | TrAcc: 0.7896, TrLoss:  0.73163, VaAcc: 0.7625, VaLoss:  1.40413	 10 sampled NNs | VaAcc: 0.6986 +- 0.0095 | VaLoss: 0.8924 +- 0.0256
193,  0 | TrAcc: 0.7899, TrLoss:  0.72930, VaAcc: 0.7592, VaLoss:  1.41507	 10 sampled NNs | VaAcc: 0.6909 +- 0.0150 | VaLoss: 0.9048 +- 0.0457
194,  0 | TrAcc: 0.7900, TrLoss:  0.72749, VaAcc: 0.7652, VaLoss:  1.40463	 10 sampled NNs | VaAcc: 0.6943 +- 0.0148 | VaLoss: 0.9072 +- 0.0427
195,  0 | TrAcc: 0.7902, TrLoss:  0.72805, VaAcc: 0.7631, VaLoss:  1.40118	 10 sampled NNs | VaAcc: 0.6871 +- 0.0177 | VaLoss: 0.9126 +- 0.0426
196,  0 | TrAcc: 0.7908, TrLoss:  0.72904, VaAcc: 0.7652, VaLoss:  1.40669	 10 sampled NNs | VaAcc: 0.6874 +- 0.0162 | VaLoss: 0.9136 +- 0.0431
197,  0 | TrAcc: 0.7913, TrLoss:  0.72756, VaAcc: 0.7663, VaLoss:  1.39665	 10 sampled NNs | VaAcc: 0.6784 +- 0.0247 | VaLoss: 0.9408 +- 0.0690
198,  0 | TrAcc: 0.7924, TrLoss:  0.72527, VaAcc: 0.7654, VaLoss:  1.39971	 10 sampled NNs | VaAcc: 0.6799 +- 0.0146 | VaLoss: 0.9410 +- 0.0347
199,  0 | TrAcc: 0.7924, TrLoss:  0.72344, VaAcc: 0.7584, VaLoss:  1.41957	 10 sampled NNs | VaAcc: 0.6893 +- 0.0146 | VaLoss: 0.9188 +- 0.0403
200,  0 | TrAcc: 0.7920, TrLoss:  0.72300, VaAcc: 0.7643, VaLoss:  1.40934	 10 sampled NNs | VaAcc: 0.6974 +- 0.0118 | VaLoss: 0.9026 +- 0.0266
201,  0 | TrAcc: 0.7922, TrLoss:  0.72565, VaAcc: 0.7651, VaLoss:  1.40984	 10 sampled NNs | VaAcc: 0.6994 +- 0.0144 | VaLoss: 0.8895 +- 0.0336
202,  0 | TrAcc: 0.7936, TrLoss:  0.72060, VaAcc: 0.7651, VaLoss:  1.40763	 10 sampled NNs | VaAcc: 0.6879 +- 0.0133 | VaLoss: 0.9201 +- 0.0429
203,  0 | TrAcc: 0.7919, TrLoss:  0.72653, VaAcc: 0.7635, VaLoss:  1.41708	 10 sampled NNs | VaAcc: 0.6876 +- 0.0210 | VaLoss: 0.9159 +- 0.0650
204,  0 | TrAcc: 0.7915, TrLoss:  0.72609, VaAcc: 0.7618, VaLoss:  1.41567	 10 sampled NNs | VaAcc: 0.6887 +- 0.0156 | VaLoss: 0.9185 +- 0.0477
205,  0 | TrAcc: 0.7932, TrLoss:      nan, VaAcc: 0.7656, VaLoss:      nan	 10 sampled NNs | VaAcc: 0.6867 +- 0.0154 | VaLoss: 0.9203 +- 0.0391
206,  0 | TrAcc: 0.7929, TrLoss:  0.72212, VaAcc: 0.7622, VaLoss:  1.41740	 10 sampled NNs | VaAcc: 0.6750 +- 0.0286 | VaLoss: 0.9482 +- 0.0725
207,  0 | TrAcc: 0.7933, TrLoss:  0.72013, VaAcc: 0.7677, VaLoss:  1.40194	 10 sampled NNs | VaAcc: 0.6861 +- 0.0232 | VaLoss: 0.9177 +- 0.0725
208,  0 | TrAcc: 0.7956, TrLoss:  0.71458, VaAcc: 0.7653, VaLoss:  1.41169	 10 sampled NNs | VaAcc: 0.6931 +- 0.0118 | VaLoss: 0.9056 +- 0.0274
209,  0 | TrAcc: 0.7958, TrLoss:  0.71775, VaAcc: 0.7655, VaLoss:  1.41012	 10 sampled NNs | VaAcc: 0.6953 +- 0.0163 | VaLoss: 0.9002 +- 0.0437
210,  0 | TrAcc: 0.7958, TrLoss:  0.71670, VaAcc: 0.7640, VaLoss:  1.41335	 10 sampled NNs | VaAcc: 0.6901 +- 0.0104 | VaLoss: 0.9139 +- 0.0353
211,  0 | TrAcc: 0.7955, TrLoss:  0.71587, VaAcc: 0.7602, VaLoss:  1.43059	 10 sampled NNs | VaAcc: 0.6900 +- 0.0223 | VaLoss: 0.9089 +- 0.0523
212,  0 | TrAcc: 0.7937, TrLoss:  0.71790, VaAcc: 0.7628, VaLoss:  1.41524	 10 sampled NNs | VaAcc: 0.6956 +- 0.0142 | VaLoss: 0.8938 +- 0.0384
213,  0 | TrAcc: 0.7950, TrLoss:  0.71509, VaAcc: 0.7640, VaLoss:  1.41654	 10 sampled NNs | VaAcc: 0.6971 +- 0.0108 | VaLoss: 0.8967 +- 0.0280
214,  0 | TrAcc: 0.7943, TrLoss:  0.71752, VaAcc: 0.7652, VaLoss:  1.41347	 10 sampled NNs | VaAcc: 0.6969 +- 0.0210 | VaLoss: 0.8956 +- 0.0550
215,  0 | TrAcc: 0.7966, TrLoss:  0.71252, VaAcc: 0.7679, VaLoss:  1.41214	 10 sampled NNs | VaAcc: 0.6922 +- 0.0210 | VaLoss: 0.9054 +- 0.0515
216,  0 | TrAcc: 0.7956, TrLoss:  0.71393, VaAcc: 0.7650, VaLoss:  1.41951	 10 sampled NNs | VaAcc: 0.7019 +- 0.0100 | VaLoss: 0.8784 +- 0.0348
217,  0 | TrAcc: 0.7955, TrLoss:  0.71513, VaAcc: 0.7656, VaLoss:  1.42134	 10 sampled NNs | VaAcc: 0.6891 +- 0.0154 | VaLoss: 0.9136 +- 0.0357
218,  0 | TrAcc: 0.7950, TrLoss:  0.71379, VaAcc: 0.7655, VaLoss:  1.41773	 10 sampled NNs | VaAcc: 0.6941 +- 0.0141 | VaLoss: 0.8912 +- 0.0342
219,  0 | TrAcc: 0.7981, TrLoss:  0.70890, VaAcc: 0.7665, VaLoss:  1.41845	 10 sampled NNs | VaAcc: 0.6981 +- 0.0159 | VaLoss: 0.8882 +- 0.0476
220,  0 | TrAcc: 0.7974, TrLoss:  0.71097, VaAcc: 0.7651, VaLoss:  1.42324	 10 sampled NNs | VaAcc: 0.6967 +- 0.0142 | VaLoss: 0.9024 +- 0.0378
221,  0 | TrAcc: 0.7967, TrLoss:  0.71350, VaAcc: 0.7635, VaLoss:  1.42655	 10 sampled NNs | VaAcc: 0.7022 +- 0.0174 | VaLoss: 0.8769 +- 0.0459
222,  0 | TrAcc: 0.7979, TrLoss:  0.71011, VaAcc: 0.7660, VaLoss:  1.41399	 10 sampled NNs | VaAcc: 0.6949 +- 0.0112 | VaLoss: 0.8910 +- 0.0398
223,  0 | TrAcc: 0.7968, TrLoss:  0.71215, VaAcc: 0.7635, VaLoss:  1.42758	 10 sampled NNs | VaAcc: 0.6953 +- 0.0104 | VaLoss: 0.9036 +- 0.0299
224,  0 | TrAcc: 0.7982, TrLoss:  0.70984, VaAcc: 0.7585, VaLoss:  1.44248	 10 sampled NNs | VaAcc: 0.6999 +- 0.0163 | VaLoss: 0.8873 +- 0.0402
225,  0 | TrAcc: 0.7967, TrLoss:  0.71207, VaAcc: 0.7647, VaLoss:  1.42516	 10 sampled NNs | VaAcc: 0.6967 +- 0.0152 | VaLoss: 0.8984 +- 0.0454
226,  0 | TrAcc: 0.7992, TrLoss:  0.70624, VaAcc: 0.7644, VaLoss:  1.42614	 10 sampled NNs | VaAcc: 0.6995 +- 0.0125 | VaLoss: 0.8828 +- 0.0260
227,  0 | TrAcc: 0.7981, TrLoss:  0.70966, VaAcc: 0.7609, VaLoss:  1.43664	 10 sampled NNs | VaAcc: 0.7052 +- 0.0061 | VaLoss: 0.8779 +- 0.0188
228,  0 | TrAcc: 0.7992, TrLoss:  0.70541, VaAcc: 0.7656, VaLoss:  1.42816	 10 sampled NNs | VaAcc: 0.6920 +- 0.0142 | VaLoss: 0.9149 +- 0.0382
229,  0 | TrAcc: 0.7981, TrLoss:  0.70678, VaAcc: 0.7686, VaLoss:  1.41734	 10 sampled NNs | VaAcc: 0.6981 +- 0.0155 | VaLoss: 0.8864 +- 0.0467
230,  0 | TrAcc: 0.7971, TrLoss:  0.70961, VaAcc: 0.7625, VaLoss:  1.43349	 10 sampled NNs | VaAcc: 0.6943 +- 0.0113 | VaLoss: 0.9064 +- 0.0303
231,  0 | TrAcc: 0.8009, TrLoss:  0.70056, VaAcc: 0.7645, VaLoss:  1.43162	 10 sampled NNs | VaAcc: 0.7031 +- 0.0121 | VaLoss: 0.8785 +- 0.0350
232,  0 | TrAcc: 0.7987, TrLoss:  0.70580, VaAcc: 0.7677, VaLoss:  1.42221	 10 sampled NNs | VaAcc: 0.6908 +- 0.0176 | VaLoss: 0.9088 +- 0.0445
233,  0 | TrAcc: 0.8005, TrLoss:  0.70260, VaAcc: 0.7612, VaLoss:  1.44068	 10 sampled NNs | VaAcc: 0.7024 +- 0.0124 | VaLoss: 0.8879 +- 0.0361
234,  0 | TrAcc: 0.8009, TrLoss:  0.70228, VaAcc: 0.7650, VaLoss:  1.43421	 10 sampled NNs | VaAcc: 0.7015 +- 0.0102 | VaLoss: 0.8805 +- 0.0317
235,  0 | TrAcc: 0.8013, TrLoss:  0.70023, VaAcc: 0.7634, VaLoss:  1.43319	 10 sampled NNs | VaAcc: 0.6994 +- 0.0139 | VaLoss: 0.8919 +- 0.0443
236,  0 | TrAcc: 0.7999, TrLoss:  0.70541, VaAcc: 0.7709, VaLoss:  1.41625	 10 sampled NNs | VaAcc: 0.6927 +- 0.0163 | VaLoss: 0.9021 +- 0.0419
237,  0 | TrAcc: 0.8015, TrLoss:  0.70047, VaAcc: 0.7692, VaLoss:  1.42440	 10 sampled NNs | VaAcc: 0.7035 +- 0.0171 | VaLoss: 0.8736 +- 0.0430
238,  0 | TrAcc: 0.8013, TrLoss:  0.70123, VaAcc: 0.7623, VaLoss:  1.43984	 10 sampled NNs | VaAcc: 0.7058 +- 0.0099 | VaLoss: 0.8673 +- 0.0323
239,  0 | TrAcc: 0.8004, TrLoss:  0.70301, VaAcc: 0.7664, VaLoss:  1.43196	 10 sampled NNs | VaAcc: 0.7025 +- 0.0120 | VaLoss: 0.8766 +- 0.0410
240,  0 | TrAcc: 0.8001, TrLoss:  0.70405, VaAcc: 0.7655, VaLoss:  1.42477	 10 sampled NNs | VaAcc: 0.6971 +- 0.0120 | VaLoss: 0.8977 +- 0.0329
241,  0 | TrAcc: 0.8008, TrLoss:  0.70223, VaAcc: 0.7672, VaLoss:  1.43022	 10 sampled NNs | VaAcc: 0.6940 +- 0.0159 | VaLoss: 0.8962 +- 0.0425
242,  0 | TrAcc: 0.8032, TrLoss:  0.69725, VaAcc: 0.7646, VaLoss:  1.43986	 10 sampled NNs | VaAcc: 0.7067 +- 0.0129 | VaLoss: 0.8700 +- 0.0374
243,  0 | TrAcc: 0.8029, TrLoss:  0.69719, VaAcc: 0.7634, VaLoss:  1.44080	 10 sampled NNs | VaAcc: 0.7063 +- 0.0149 | VaLoss: 0.8747 +- 0.0388
244,  0 | TrAcc: 0.8019, TrLoss:  0.69911, VaAcc: 0.7650, VaLoss:  1.44128	 10 sampled NNs | VaAcc: 0.7000 +- 0.0147 | VaLoss: 0.8837 +- 0.0363
245,  0 | TrAcc: 0.8027, TrLoss:  0.69798, VaAcc: 0.7620, VaLoss:  1.44612	 10 sampled NNs | VaAcc: 0.6981 +- 0.0199 | VaLoss: 0.8903 +- 0.0558
246,  0 | TrAcc: 0.8028, TrLoss:  0.69657, VaAcc: 0.7655, VaLoss:  1.43494	 10 sampled NNs | VaAcc: 0.6994 +- 0.0174 | VaLoss: 0.8891 +- 0.0484
247,  0 | TrAcc: 0.8040, TrLoss:  0.69380, VaAcc: 0.7648, VaLoss:  1.43795	 10 sampled NNs | VaAcc: 0.6962 +- 0.0112 | VaLoss: 0.8942 +- 0.0317
248,  0 | TrAcc: 0.8045, TrLoss:  0.69324, VaAcc: 0.7681, VaLoss:  1.43156	 10 sampled NNs | VaAcc: 0.7044 +- 0.0103 | VaLoss: 0.8812 +- 0.0335
249,  0 | TrAcc: 0.8030, TrLoss:  0.69814, VaAcc: 0.7679, VaLoss:  1.43114	 10 sampled NNs | VaAcc: 0.7044 +- 0.0096 | VaLoss: 0.8747 +- 0.0290
250,  0 | TrAcc: 0.8027, TrLoss:  0.70050, VaAcc: 0.7648, VaLoss:  1.44015	 10 sampled NNs | VaAcc: 0.7044 +- 0.0121 | VaLoss: 0.8709 +- 0.0382
251,  0 | TrAcc: 0.8045, TrLoss:  0.69456, VaAcc: 0.7642, VaLoss:  1.44670	 10 sampled NNs | VaAcc: 0.7102 +- 0.0124 | VaLoss: 0.8618 +- 0.0378
252,  0 | TrAcc: 0.8030, TrLoss:  0.69655, VaAcc: 0.7623, VaLoss:  1.45042	 10 sampled NNs | VaAcc: 0.6999 +- 0.0105 | VaLoss: 0.8872 +- 0.0269
253,  0 | TrAcc: 0.8028, TrLoss:  0.69778, VaAcc: 0.7714, VaLoss:  1.42842	 10 sampled NNs | VaAcc: 0.7058 +- 0.0161 | VaLoss: 0.8800 +- 0.0475
254,  0 | TrAcc: 0.8031, TrLoss:  0.69615, VaAcc: 0.7610, VaLoss:  1.45869	 10 sampled NNs | VaAcc: 0.7083 +- 0.0113 | VaLoss: 0.8651 +- 0.0329
255,  0 | TrAcc: 0.8045, TrLoss:  0.69396, VaAcc: 0.7682, VaLoss:  1.44338	 10 sampled NNs | VaAcc: 0.7077 +- 0.0142 | VaLoss: 0.8758 +- 0.0349
256,  0 | TrAcc: 0.8058, TrLoss:  0.69138, VaAcc: 0.7674, VaLoss:  1.43575	 10 sampled NNs | VaAcc: 0.6998 +- 0.0131 | VaLoss: 0.8876 +- 0.0395
257,  0 | TrAcc: 0.8046, TrLoss:  0.69258, VaAcc: 0.7639, VaLoss:  1.45657	 10 sampled NNs | VaAcc: 0.7058 +- 0.0105 | VaLoss: 0.8734 +- 0.0395
258,  0 | TrAcc: 0.8043, TrLoss:  0.69213, VaAcc: 0.7636, VaLoss:  1.45172	 10 sampled NNs | VaAcc: 0.7034 +- 0.0131 | VaLoss: 0.8775 +- 0.0362
259,  0 | TrAcc: 0.8061, TrLoss:  0.69027, VaAcc: 0.7640, VaLoss:  1.45557	 10 sampled NNs | VaAcc: 0.7032 +- 0.0209 | VaLoss: 0.8744 +- 0.0479
260,  0 | TrAcc: 0.8056, TrLoss:  0.68946, VaAcc: 0.7680, VaLoss:  1.44495	 10 sampled NNs | VaAcc: 0.7014 +- 0.0104 | VaLoss: 0.8845 +- 0.0276
261,  0 | TrAcc: 0.8049, TrLoss:  0.69218, VaAcc: 0.7685, VaLoss:  1.44352	 10 sampled NNs | VaAcc: 0.6963 +- 0.0111 | VaLoss: 0.9071 +- 0.0246
262,  0 | TrAcc: 0.8055, TrLoss:  0.68940, VaAcc: 0.7618, VaLoss:  1.45801	 10 sampled NNs | VaAcc: 0.6970 +- 0.0094 | VaLoss: 0.9007 +- 0.0259
263,  0 | TrAcc: 0.8073, TrLoss:  0.68499, VaAcc: 0.7679, VaLoss:  1.44729	 10 sampled NNs | VaAcc: 0.7057 +- 0.0133 | VaLoss: 0.8744 +- 0.0419
264,  0 | TrAcc: 0.8051, TrLoss:  0.69241, VaAcc: 0.7630, VaLoss:  1.45996	 10 sampled NNs | VaAcc: 0.7047 +- 0.0121 | VaLoss: 0.8755 +- 0.0300
265,  0 | TrAcc: 0.8066, TrLoss:  0.68802, VaAcc: 0.7677, VaLoss:  1.44490	 10 sampled NNs | VaAcc: 0.7046 +- 0.0121 | VaLoss: 0.8770 +- 0.0386
266,  0 | TrAcc: 0.8063, TrLoss:  0.68879, VaAcc: 0.7681, VaLoss:  1.44651	 10 sampled NNs | VaAcc: 0.7073 +- 0.0147 | VaLoss: 0.8658 +- 0.0401
267,  0 | TrAcc: 0.8065, TrLoss:  0.68847, VaAcc: 0.7659, VaLoss:  1.45246	 10 sampled NNs | VaAcc: 0.7000 +- 0.0122 | VaLoss: 0.9015 +- 0.0375
268,  0 | TrAcc: 0.8070, TrLoss:  0.68795, VaAcc: 0.7636, VaLoss:  1.45733	 10 sampled NNs | VaAcc: 0.7044 +- 0.0127 | VaLoss: 0.8803 +- 0.0400
269,  0 | TrAcc: 0.8082, TrLoss:  0.68404, VaAcc: 0.7628, VaLoss:  1.46000	 10 sampled NNs | VaAcc: 0.7083 +- 0.0104 | VaLoss: 0.8690 +- 0.0355
270,  0 | TrAcc: 0.8074, TrLoss:  0.68709, VaAcc: 0.7641, VaLoss:  1.46073	 10 sampled NNs | VaAcc: 0.7022 +- 0.0110 | VaLoss: 0.8803 +- 0.0183
271,  0 | TrAcc: 0.8081, TrLoss:  0.68560, VaAcc: 0.7636, VaLoss:  1.45809	 10 sampled NNs | VaAcc: 0.7048 +- 0.0176 | VaLoss: 0.8762 +- 0.0442
272,  0 | TrAcc: 0.8079, TrLoss:  0.68441, VaAcc: 0.7679, VaLoss:  1.45001	 10 sampled NNs | VaAcc: 0.7090 +- 0.0077 | VaLoss: 0.8650 +- 0.0275
273,  0 | TrAcc: 0.8086, TrLoss:  0.68444, VaAcc: 0.7645, VaLoss:  1.45661	 10 sampled NNs | VaAcc: 0.7089 +- 0.0130 | VaLoss: 0.8649 +- 0.0319
274,  0 | TrAcc: 0.8089, TrLoss:  0.68291, VaAcc: 0.7690, VaLoss:  1.45208	 10 sampled NNs | VaAcc: 0.7063 +- 0.0122 | VaLoss: 0.8733 +- 0.0396
275,  0 | TrAcc: 0.8084, TrLoss:  0.68377, VaAcc: 0.7689, VaLoss:  1.45296	 10 sampled NNs | VaAcc: 0.7086 +- 0.0130 | VaLoss: 0.8737 +- 0.0421
276,  0 | TrAcc: 0.8093, TrLoss:  0.68282, VaAcc: 0.7638, VaLoss:  1.46879	 10 sampled NNs | VaAcc: 0.7071 +- 0.0082 | VaLoss: 0.8760 +- 0.0267
277,  0 | TrAcc: 0.8092, TrLoss:  0.68157, VaAcc: 0.7671, VaLoss:  1.45769	 10 sampled NNs | VaAcc: 0.7075 +- 0.0121 | VaLoss: 0.8751 +- 0.0341
278,  0 | TrAcc: 0.8102, TrLoss:  0.67970, VaAcc: 0.7638, VaLoss:  1.47152	 10 sampled NNs | VaAcc: 0.7027 +- 0.0154 | VaLoss: 0.8857 +- 0.0439
279,  0 | TrAcc: 0.8093, TrLoss:  0.68054, VaAcc: 0.7647, VaLoss:  1.46728	 10 sampled NNs | VaAcc: 0.7074 +- 0.0109 | VaLoss: 0.8769 +- 0.0330
280,  0 | TrAcc: 0.8073, TrLoss:  0.68527, VaAcc: 0.7606, VaLoss:  1.47214	 10 sampled NNs | VaAcc: 0.7050 +- 0.0146 | VaLoss: 0.8840 +- 0.0467
281,  0 | TrAcc: 0.8115, TrLoss:  0.67830, VaAcc: 0.7627, VaLoss:  1.47642	 10 sampled NNs | VaAcc: 0.7081 +- 0.0124 | VaLoss: 0.8644 +- 0.0397
282,  0 | TrAcc: 0.8097, TrLoss:  0.68127, VaAcc: 0.7651, VaLoss:  1.47314	 10 sampled NNs | VaAcc: 0.7014 +- 0.0115 | VaLoss: 0.8951 +- 0.0327
283,  0 | TrAcc: 0.8098, TrLoss:  0.68127, VaAcc: 0.7650, VaLoss:  1.46932	 10 sampled NNs | VaAcc: 0.7040 +- 0.0167 | VaLoss: 0.8888 +- 0.0508
284,  0 | TrAcc: 0.8115, TrLoss:  0.67675, VaAcc: 0.7672, VaLoss:  1.46129	 10 sampled NNs | VaAcc: 0.7077 +- 0.0120 | VaLoss: 0.8760 +- 0.0378
285,  0 | TrAcc: 0.8096, TrLoss:  0.67927, VaAcc: 0.7647, VaLoss:  1.47169	 10 sampled NNs | VaAcc: 0.7048 +- 0.0114 | VaLoss: 0.8750 +- 0.0340
286,  0 | TrAcc: 0.8093, TrLoss:  0.68187, VaAcc: 0.7644, VaLoss:  1.47025	 10 sampled NNs | VaAcc: 0.7041 +- 0.0149 | VaLoss: 0.8734 +- 0.0386
287,  0 | TrAcc: 0.8116, TrLoss:  0.67597, VaAcc: 0.7648, VaLoss:  1.46824	 10 sampled NNs | VaAcc: 0.7084 +- 0.0102 | VaLoss: 0.8599 +- 0.0296
288,  0 | TrAcc: 0.8096, TrLoss:  0.68165, VaAcc: 0.7636, VaLoss:  1.47368	 10 sampled NNs | VaAcc: 0.7107 +- 0.0126 | VaLoss: 0.8693 +- 0.0387
289,  0 | TrAcc: 0.8112, TrLoss:  0.67756, VaAcc: 0.7648, VaLoss:  1.47517	 10 sampled NNs | VaAcc: 0.7073 +- 0.0144 | VaLoss: 0.8660 +- 0.0354
290,  0 | TrAcc: 0.8108, TrLoss:  0.67895, VaAcc: 0.7657, VaLoss:  1.46948	 10 sampled NNs | VaAcc: 0.7062 +- 0.0143 | VaLoss: 0.8672 +- 0.0365
291,  0 | TrAcc: 0.8099, TrLoss:  0.68066, VaAcc: 0.7639, VaLoss:  1.47925	 10 sampled NNs | VaAcc: 0.7081 +- 0.0089 | VaLoss: 0.8717 +- 0.0191
292,  0 | TrAcc: 0.8119, TrLoss:  0.67447, VaAcc: 0.7679, VaLoss:  1.47141	 10 sampled NNs | VaAcc: 0.7078 +- 0.0154 | VaLoss: 0.8702 +- 0.0373
293,  0 | TrAcc: 0.8114, TrLoss:  0.67787, VaAcc: 0.7654, VaLoss:  1.47595	 10 sampled NNs | VaAcc: 0.7125 +- 0.0136 | VaLoss: 0.8654 +- 0.0486
294,  0 | TrAcc: 0.8114, TrLoss:  0.67811, VaAcc: 0.7664, VaLoss:  1.47698	 10 sampled NNs | VaAcc: 0.7107 +- 0.0119 | VaLoss: 0.8634 +- 0.0367
295,  0 | TrAcc: 0.8127, TrLoss:  0.67503, VaAcc: 0.7684, VaLoss:  1.46420	 10 sampled NNs | VaAcc: 0.7172 +- 0.0111 | VaLoss: 0.8403 +- 0.0357
296,  0 | TrAcc: 0.8123, TrLoss:  0.67537, VaAcc: 0.7662, VaLoss:  1.47579	 10 sampled NNs | VaAcc: 0.7114 +- 0.0143 | VaLoss: 0.8535 +- 0.0379
297,  0 | TrAcc: 0.8132, TrLoss:  0.67310, VaAcc: 0.7655, VaLoss:  1.48093	 10 sampled NNs | VaAcc: 0.7118 +- 0.0129 | VaLoss: 0.8550 +- 0.0402
298,  0 | TrAcc: 0.8116, TrLoss:  0.67584, VaAcc: 0.7618, VaLoss:  1.49182	 10 sampled NNs | VaAcc: 0.6998 +- 0.0113 | VaLoss: 0.8898 +- 0.0270
299,  0 | TrAcc: 0.8127, TrLoss:  0.67541, VaAcc: 0.7667, VaLoss:  1.47751	 10 sampled NNs | VaAcc: 0.7082 +- 0.0090 | VaLoss: 0.8763 +- 0.0246
300,  0 | TrAcc: 0.8126, TrLoss:  0.67494, VaAcc: 0.7639, VaLoss:  1.48368	 10 sampled NNs | VaAcc: 0.7144 +- 0.0122 | VaLoss: 0.8533 +- 0.0411
301,  0 | TrAcc: 0.8129, TrLoss:  0.67349, VaAcc: 0.7662, VaLoss:  1.47584	 10 sampled NNs | VaAcc: 0.7070 +- 0.0155 | VaLoss: 0.8821 +- 0.0405
302,  0 | TrAcc: 0.8131, TrLoss:  0.67470, VaAcc: 0.7670, VaLoss:  1.47870	 10 sampled NNs | VaAcc: 0.7175 +- 0.0146 | VaLoss: 0.8469 +- 0.0475
303,  0 | TrAcc: 0.8129, TrLoss:  0.67235, VaAcc: 0.7648, VaLoss:  1.48303	 10 sampled NNs | VaAcc: 0.7123 +- 0.0145 | VaLoss: 0.8613 +- 0.0371
304,  0 | TrAcc: 0.8128, TrLoss:  0.67368, VaAcc: 0.7740, VaLoss:  1.45644	 10 sampled NNs | VaAcc: 0.7112 +- 0.0175 | VaLoss: 0.8614 +- 0.0566
305,  0 | TrAcc: 0.8158, TrLoss:  0.66861, VaAcc: 0.7653, VaLoss:  1.47978	 10 sampled NNs | VaAcc: 0.7125 +- 0.0119 | VaLoss: 0.8635 +- 0.0309
306,  0 | TrAcc: 0.8143, TrLoss:  0.66924, VaAcc: 0.7598, VaLoss:  1.50269	 10 sampled NNs | VaAcc: 0.7040 +- 0.0115 | VaLoss: 0.8878 +- 0.0343
307,  0 | TrAcc: 0.8132, TrLoss:  0.67256, VaAcc: 0.7657, VaLoss:  1.48783	 10 sampled NNs | VaAcc: 0.7076 +- 0.0168 | VaLoss: 0.8717 +- 0.0494
308,  0 | TrAcc: 0.8148, TrLoss:  0.66778, VaAcc: 0.7676, VaLoss:  1.48077	 10 sampled NNs | VaAcc: 0.7060 +- 0.0136 | VaLoss: 0.8769 +- 0.0373
309,  0 | TrAcc: 0.8136, TrLoss:  0.67238, VaAcc: 0.7651, VaLoss:  1.49026	 10 sampled NNs | VaAcc: 0.7046 +- 0.0134 | VaLoss: 0.8796 +- 0.0293
310,  0 | TrAcc: 0.8156, TrLoss:  0.66816, VaAcc: 0.7632, VaLoss:  1.49309	 10 sampled NNs | VaAcc: 0.7082 +- 0.0122 | VaLoss: 0.8717 +- 0.0403
311,  0 | TrAcc: 0.8164, TrLoss:  0.66670, VaAcc: 0.7688, VaLoss:  1.48402	 10 sampled NNs | VaAcc: 0.7143 +- 0.0105 | VaLoss: 0.8543 +- 0.0324
312,  0 | TrAcc: 0.8148, TrLoss:  0.67044, VaAcc: 0.7623, VaLoss:  1.50406	 10 sampled NNs | VaAcc: 0.7135 +- 0.0101 | VaLoss: 0.8662 +- 0.0308
313,  0 | TrAcc: 0.8151, TrLoss:  0.66813, VaAcc: 0.7658, VaLoss:  1.48979	 10 sampled NNs | VaAcc: 0.7083 +- 0.0104 | VaLoss: 0.8740 +- 0.0295
314,  0 | TrAcc: 0.8165, TrLoss:  0.66545, VaAcc: 0.7664, VaLoss:  1.48692	 10 sampled NNs | VaAcc: 0.7126 +- 0.0148 | VaLoss: 0.8593 +- 0.0363
315,  0 | TrAcc: 0.8158, TrLoss:  0.66802, VaAcc: 0.7642, VaLoss:  1.50136	 10 sampled NNs | VaAcc: 0.7084 +- 0.0099 | VaLoss: 0.8746 +- 0.0347
316,  0 | TrAcc: 0.8155, TrLoss:  0.66546, VaAcc: 0.7611, VaLoss:  1.50528	 10 sampled NNs | VaAcc: 0.7111 +- 0.0162 | VaLoss: 0.8690 +- 0.0486
317,  0 | TrAcc: 0.8154, TrLoss:  0.66850, VaAcc: 0.7656, VaLoss:  1.50200	 10 sampled NNs | VaAcc: 0.7140 +- 0.0102 | VaLoss: 0.8599 +- 0.0367
318,  0 | TrAcc: 0.8159, TrLoss:  0.66795, VaAcc: 0.7643, VaLoss:  1.49344	 10 sampled NNs | VaAcc: 0.7160 +- 0.0088 | VaLoss: 0.8426 +- 0.0268
319,  0 | TrAcc: 0.8157, TrLoss:  0.66828, VaAcc: 0.7627, VaLoss:  1.50363	 10 sampled NNs | VaAcc: 0.7188 +- 0.0105 | VaLoss: 0.8406 +- 0.0299
320,  0 | TrAcc: 0.8150, TrLoss:  0.66901, VaAcc: 0.7644, VaLoss:  1.49455	 10 sampled NNs | VaAcc: 0.7133 +- 0.0099 | VaLoss: 0.8577 +- 0.0280
321,  0 | TrAcc: 0.8167, TrLoss:  0.66494, VaAcc: 0.7647, VaLoss:  1.50254	 10 sampled NNs | VaAcc: 0.7167 +- 0.0112 | VaLoss: 0.8563 +- 0.0281
322,  0 | TrAcc: 0.8162, TrLoss:  0.66762, VaAcc: 0.7648, VaLoss:  1.51135	 10 sampled NNs | VaAcc: 0.7079 +- 0.0136 | VaLoss: 0.8683 +- 0.0326
323,  0 | TrAcc: 0.8155, TrLoss:  0.66831, VaAcc: 0.7659, VaLoss:  1.50201	 10 sampled NNs | VaAcc: 0.7133 +- 0.0091 | VaLoss: 0.8655 +- 0.0292
324,  0 | TrAcc: 0.8169, TrLoss:  0.66579, VaAcc: 0.7679, VaLoss:  1.49103	 10 sampled NNs | VaAcc: 0.7080 +- 0.0050 | VaLoss: 0.8696 +- 0.0180
325,  0 | TrAcc: 0.8179, TrLoss:  0.66258, VaAcc: 0.7640, VaLoss:  1.50443	 10 sampled NNs | VaAcc: 0.7081 +- 0.0104 | VaLoss: 0.8667 +- 0.0263
326,  0 | TrAcc: 0.8168, TrLoss:  0.66659, VaAcc: 0.7659, VaLoss:  1.50651	 10 sampled NNs | VaAcc: 0.7186 +- 0.0064 | VaLoss: 0.8457 +- 0.0163
327,  0 | TrAcc: 0.8174, TrLoss:  0.66308, VaAcc: 0.7621, VaLoss:  1.50550	 10 sampled NNs | VaAcc: 0.7119 +- 0.0066 | VaLoss: 0.8566 +- 0.0221
328,  0 | TrAcc: 0.8180, TrLoss:  0.66447, VaAcc: 0.7645, VaLoss:  1.50903	 10 sampled NNs | VaAcc: 0.7105 +- 0.0144 | VaLoss: 0.8627 +- 0.0504
329,  0 | TrAcc: 0.8171, TrLoss:  0.66436, VaAcc: 0.7687, VaLoss:  1.49755	 10 sampled NNs | VaAcc: 0.7145 +- 0.0134 | VaLoss: 0.8559 +- 0.0444
330,  0 | TrAcc: 0.8184, TrLoss:  0.66202, VaAcc: 0.7661, VaLoss:  1.50117	 10 sampled NNs | VaAcc: 0.7200 +- 0.0086 | VaLoss: 0.8475 +- 0.0199
331,  0 | TrAcc: 0.8197, TrLoss:  0.65980, VaAcc: 0.7645, VaLoss:  1.50795	 10 sampled NNs | VaAcc: 0.7102 +- 0.0123 | VaLoss: 0.8717 +- 0.0275
332,  0 | TrAcc: 0.8181, TrLoss:  0.66163, VaAcc: 0.7678, VaLoss:  1.50403	 10 sampled NNs | VaAcc: 0.7132 +- 0.0105 | VaLoss: 0.8632 +- 0.0296
333,  0 | TrAcc: 0.8181, TrLoss:  0.66227, VaAcc: 0.7628, VaLoss:  1.51511	 10 sampled NNs | VaAcc: 0.7115 +- 0.0090 | VaLoss: 0.8677 +- 0.0241
334,  0 | TrAcc: 0.8176, TrLoss:  0.66489, VaAcc: 0.7661, VaLoss:  1.50449	 10 sampled NNs | VaAcc: 0.7111 +- 0.0167 | VaLoss: 0.8648 +- 0.0483
335,  0 | TrAcc: 0.8189, TrLoss:  0.66134, VaAcc: 0.7660, VaLoss:  1.50586	 10 sampled NNs | VaAcc: 0.7177 +- 0.0067 | VaLoss: 0.8440 +- 0.0212
336,  0 | TrAcc: 0.8198, TrLoss:  0.65902, VaAcc: 0.7611, VaLoss:  1.52392	 10 sampled NNs | VaAcc: 0.7180 +- 0.0108 | VaLoss: 0.8438 +- 0.0294
337,  0 | TrAcc: 0.8198, TrLoss:      nan, VaAcc: 0.7644, VaLoss:      nan	 10 sampled NNs | VaAcc: 0.7150 +- 0.0104 | VaLoss: 0.8521 +- 0.0321
338,  0 | TrAcc: 0.8210, TrLoss:  0.65733, VaAcc: 0.7678, VaLoss:  1.51010	 10 sampled NNs | VaAcc: 0.7190 +- 0.0108 | VaLoss: 0.8425 +- 0.0369
339,  0 | TrAcc: 0.8182, TrLoss:  0.66293, VaAcc: 0.7624, VaLoss:  1.51797	 10 sampled NNs | VaAcc: 0.7150 +- 0.0147 | VaLoss: 0.8518 +- 0.0351
340,  0 | TrAcc: 0.8210, TrLoss:  0.65736, VaAcc: 0.7660, VaLoss:  1.51020	 10 sampled NNs | VaAcc: 0.7145 +- 0.0075 | VaLoss: 0.8640 +- 0.0274
341,  0 | TrAcc: 0.8207, TrLoss:  0.65878, VaAcc: 0.7676, VaLoss:  1.50288	 10 sampled NNs | VaAcc: 0.7155 +- 0.0128 | VaLoss: 0.8494 +- 0.0265
342,  0 | TrAcc: 0.8207, TrLoss:  0.65520, VaAcc: 0.7612, VaLoss:  1.52110	 10 sampled NNs | VaAcc: 0.7156 +- 0.0065 | VaLoss: 0.8588 +- 0.0235
343,  0 | TrAcc: 0.8202, TrLoss:  0.65897, VaAcc: 0.7671, VaLoss:  1.50587	 10 sampled NNs | VaAcc: 0.7138 +- 0.0127 | VaLoss: 0.8600 +- 0.0373
344,  0 | TrAcc: 0.8209, TrLoss:  0.65690, VaAcc: 0.7649, VaLoss:  1.51543	 10 sampled NNs | VaAcc: 0.7132 +- 0.0086 | VaLoss: 0.8617 +- 0.0265
345,  0 | TrAcc: 0.8214, TrLoss:  0.65504, VaAcc: 0.7666, VaLoss:  1.51519	 10 sampled NNs | VaAcc: 0.7149 +- 0.0141 | VaLoss: 0.8641 +- 0.0458
346,  0 | TrAcc: 0.8221, TrLoss:  0.65389, VaAcc: 0.7618, VaLoss:  1.52487	 10 sampled NNs | VaAcc: 0.7156 +- 0.0129 | VaLoss: 0.8539 +- 0.0348
347,  0 | TrAcc: 0.8212, TrLoss:  0.65741, VaAcc: 0.7638, VaLoss:  1.52076	 10 sampled NNs | VaAcc: 0.7164 +- 0.0101 | VaLoss: 0.8662 +- 0.0348
348,  0 | TrAcc: 0.8206, TrLoss:  0.65542, VaAcc: 0.7633, VaLoss:  1.52425	 10 sampled NNs | VaAcc: 0.7132 +- 0.0135 | VaLoss: 0.8584 +- 0.0380
349,  0 | TrAcc: 0.8204, TrLoss:  0.65953, VaAcc: 0.7692, VaLoss:  1.50203	 10 sampled NNs | VaAcc: 0.7233 +- 0.0070 | VaLoss: 0.8359 +- 0.0144
350,  0 | TrAcc: 0.8215, TrLoss:  0.65365, VaAcc: 0.7642, VaLoss:  1.52065	 10 sampled NNs | VaAcc: 0.7081 +- 0.0146 | VaLoss: 0.8741 +- 0.0415
351,  0 | TrAcc: 0.8205, TrLoss:  0.65684, VaAcc: 0.7687, VaLoss:  1.50448	 10 sampled NNs | VaAcc: 0.7115 +- 0.0134 | VaLoss: 0.8657 +- 0.0435
352,  0 | TrAcc: 0.8215, TrLoss:  0.65556, VaAcc: 0.7639, VaLoss:  1.52608	 10 sampled NNs | VaAcc: 0.7167 +- 0.0117 | VaLoss: 0.8626 +- 0.0320
353,  0 | TrAcc: 0.8220, TrLoss:  0.65489, VaAcc: 0.7633, VaLoss:  1.52796	 10 sampled NNs | VaAcc: 0.7152 +- 0.0146 | VaLoss: 0.8599 +- 0.0383
354,  0 | TrAcc: 0.8221, TrLoss:  0.65206, VaAcc: 0.7664, VaLoss:  1.52536	 10 sampled NNs | VaAcc: 0.7124 +- 0.0175 | VaLoss: 0.8685 +- 0.0547
355,  0 | TrAcc: 0.8231, TrLoss:  0.65384, VaAcc: 0.7614, VaLoss:  1.53537	 10 sampled NNs | VaAcc: 0.7192 +- 0.0084 | VaLoss: 0.8423 +- 0.0228
356,  0 | TrAcc: 0.8211, TrLoss:  0.65488, VaAcc: 0.7631, VaLoss:  1.53391	 10 sampled NNs | VaAcc: 0.7111 +- 0.0115 | VaLoss: 0.8608 +- 0.0368
357,  0 | TrAcc: 0.8201, TrLoss:  0.65816, VaAcc: 0.7651, VaLoss:  1.52553	 10 sampled NNs | VaAcc: 0.7131 +- 0.0098 | VaLoss: 0.8602 +- 0.0318
358,  0 | TrAcc: 0.8230, TrLoss:  0.65236, VaAcc: 0.7628, VaLoss:  1.53135	 10 sampled NNs | VaAcc: 0.7210 +- 0.0067 | VaLoss: 0.8416 +- 0.0225
359,  0 | TrAcc: 0.8214, TrLoss:  0.65607, VaAcc: 0.7674, VaLoss:  1.51955	 10 sampled NNs | VaAcc: 0.7124 +- 0.0100 | VaLoss: 0.8612 +- 0.0294
360,  0 | TrAcc: 0.8211, TrLoss:  0.65629, VaAcc: 0.7635, VaLoss:  1.52877	 10 sampled NNs | VaAcc: 0.7071 +- 0.0072 | VaLoss: 0.8790 +- 0.0255
361,  0 | TrAcc: 0.8243, TrLoss:  0.64979, VaAcc: 0.7664, VaLoss:  1.52539	 10 sampled NNs | VaAcc: 0.7201 +- 0.0104 | VaLoss: 0.8410 +- 0.0266
362,  0 | TrAcc: 0.8239, TrLoss:  0.65098, VaAcc: 0.7680, VaLoss:  1.52501	 10 sampled NNs | VaAcc: 0.7116 +- 0.0148 | VaLoss: 0.8685 +- 0.0479
363,  0 | TrAcc: 0.8230, TrLoss:  0.65244, VaAcc: 0.7673, VaLoss:  1.52259	 10 sampled NNs | VaAcc: 0.7131 +- 0.0153 | VaLoss: 0.8632 +- 0.0402
364,  0 | TrAcc: 0.8217, TrLoss:  0.65599, VaAcc: 0.7638, VaLoss:  1.52880	 10 sampled NNs | VaAcc: 0.7108 +- 0.0132 | VaLoss: 0.8759 +- 0.0423
365,  0 | TrAcc: 0.8244, TrLoss:  0.64785, VaAcc: 0.7653, VaLoss:  1.52870	 10 sampled NNs | VaAcc: 0.7207 +- 0.0049 | VaLoss: 0.8443 +- 0.0183
366,  0 | TrAcc: 0.8224, TrLoss:  0.65483, VaAcc: 0.7655, VaLoss:  1.53440	 10 sampled NNs | VaAcc: 0.7172 +- 0.0098 | VaLoss: 0.8582 +- 0.0283
367,  0 | TrAcc: 0.8228, TrLoss:  0.65203, VaAcc: 0.7640, VaLoss:  1.53375	 10 sampled NNs | VaAcc: 0.7188 +- 0.0105 | VaLoss: 0.8560 +- 0.0283
368,  0 | TrAcc: 0.8237, TrLoss:  0.65161, VaAcc: 0.7653, VaLoss:  1.53484	 10 sampled NNs | VaAcc: 0.7118 +- 0.0153 | VaLoss: 0.8708 +- 0.0461
369,  0 | TrAcc: 0.8243, TrLoss:  0.64871, VaAcc: 0.7618, VaLoss:  1.54316	 10 sampled NNs | VaAcc: 0.7157 +- 0.0105 | VaLoss: 0.8507 +- 0.0286
370,  0 | TrAcc: 0.8245, TrLoss:  0.64992, VaAcc: 0.7674, VaLoss:  1.52603	 10 sampled NNs | VaAcc: 0.7182 +- 0.0119 | VaLoss: 0.8539 +- 0.0312
371,  0 | TrAcc: 0.8222, TrLoss:  0.65356, VaAcc: 0.7672, VaLoss:  1.53399	 10 sampled NNs | VaAcc: 0.7222 +- 0.0061 | VaLoss: 0.8505 +- 0.0231
372,  0 | TrAcc: 0.8234, TrLoss:  0.65105, VaAcc: 0.7651, VaLoss:  1.54271	 10 sampled NNs | VaAcc: 0.7158 +- 0.0177 | VaLoss: 0.8630 +- 0.0459
373,  0 | TrAcc: 0.8247, TrLoss:  0.64927, VaAcc: 0.7674, VaLoss:  1.53337	 10 sampled NNs | VaAcc: 0.7150 +- 0.0128 | VaLoss: 0.8647 +- 0.0367
374,  0 | TrAcc: 0.8233, TrLoss:  0.65193, VaAcc: 0.7662, VaLoss:  1.53292	 10 sampled NNs | VaAcc: 0.7125 +- 0.0126 | VaLoss: 0.8678 +- 0.0326
375,  0 | TrAcc: 0.8253, TrLoss:  0.64743, VaAcc: 0.7652, VaLoss:  1.53351	 10 sampled NNs | VaAcc: 0.7172 +- 0.0153 | VaLoss: 0.8585 +- 0.0360
376,  0 | TrAcc: 0.8252, TrLoss:  0.64884, VaAcc: 0.7682, VaLoss:  1.53000	 10 sampled NNs | VaAcc: 0.7172 +- 0.0105 | VaLoss: 0.8525 +- 0.0367
377,  0 | TrAcc: 0.8243, TrLoss:  0.65030, VaAcc: 0.7621, VaLoss:  1.54731	 10 sampled NNs | VaAcc: 0.7150 +- 0.0110 | VaLoss: 0.8496 +- 0.0328
378,  0 | TrAcc: 0.8248, TrLoss:  0.65037, VaAcc: 0.7632, VaLoss:  1.55008	 10 sampled NNs | VaAcc: 0.7164 +- 0.0080 | VaLoss: 0.8502 +- 0.0232
379,  0 | TrAcc: 0.8261, TrLoss:  0.64644, VaAcc: 0.7640, VaLoss:  1.54456	 10 sampled NNs | VaAcc: 0.7199 +- 0.0113 | VaLoss: 0.8481 +- 0.0408
380,  0 | TrAcc: 0.8256, TrLoss:  0.64771, VaAcc: 0.7611, VaLoss:  1.55207	 10 sampled NNs | VaAcc: 0.7130 +- 0.0110 | VaLoss: 0.8605 +- 0.0340
381,  0 | TrAcc: 0.8247, TrLoss:  0.64739, VaAcc: 0.7629, VaLoss:  1.54529	 10 sampled NNs | VaAcc: 0.7211 +- 0.0093 | VaLoss: 0.8468 +- 0.0274
382,  0 | TrAcc: 0.8254, TrLoss:  0.64740, VaAcc: 0.7671, VaLoss:  1.53748	 10 sampled NNs | VaAcc: 0.7160 +- 0.0112 | VaLoss: 0.8583 +- 0.0333
383,  0 | TrAcc: 0.8236, TrLoss:  0.64862, VaAcc: 0.7648, VaLoss:  1.53964	 10 sampled NNs | VaAcc: 0.7171 +- 0.0097 | VaLoss: 0.8466 +- 0.0309
384,  0 | TrAcc: 0.8264, TrLoss:  0.64631, VaAcc: 0.7652, VaLoss:  1.54558	 10 sampled NNs | VaAcc: 0.7202 +- 0.0075 | VaLoss: 0.8466 +- 0.0235
385,  0 | TrAcc: 0.8256, TrLoss:  0.64793, VaAcc: 0.7636, VaLoss:  1.54152	 10 sampled NNs | VaAcc: 0.7146 +- 0.0107 | VaLoss: 0.8639 +- 0.0373
386,  0 | TrAcc: 0.8268, TrLoss:  0.64392, VaAcc: 0.7655, VaLoss:  1.54693	 10 sampled NNs | VaAcc: 0.7161 +- 0.0060 | VaLoss: 0.8610 +- 0.0263
387,  0 | TrAcc: 0.8273, TrLoss:  0.64286, VaAcc: 0.7653, VaLoss:  1.54720	 10 sampled NNs | VaAcc: 0.7180 +- 0.0098 | VaLoss: 0.8485 +- 0.0271
388,  0 | TrAcc: 0.8274, TrLoss:  0.64339, VaAcc: 0.7632, VaLoss:  1.55061	 10 sampled NNs | VaAcc: 0.7194 +- 0.0111 | VaLoss: 0.8492 +- 0.0351
389,  0 | TrAcc: 0.8254, TrLoss:      nan, VaAcc: 0.7665, VaLoss:      nan	 10 sampled NNs | VaAcc: 0.7195 +- 0.0090 | VaLoss: 0.8492 +- 0.0288
390,  0 | TrAcc: 0.8269, TrLoss:  0.64330, VaAcc: 0.7651, VaLoss:  1.55113	 10 sampled NNs | VaAcc: 0.7209 +- 0.0100 | VaLoss: 0.8429 +- 0.0276
391,  0 | TrAcc: 0.8268, TrLoss:  0.64507, VaAcc: 0.7649, VaLoss:  1.54917	 10 sampled NNs | VaAcc: 0.7209 +- 0.0064 | VaLoss: 0.8525 +- 0.0226
392,  0 | TrAcc: 0.8275, TrLoss:  0.64265, VaAcc: 0.7638, VaLoss:  1.55340	 10 sampled NNs | VaAcc: 0.7187 +- 0.0134 | VaLoss: 0.8525 +- 0.0427
393,  0 | TrAcc: 0.8269, TrLoss:  0.64429, VaAcc: 0.7654, VaLoss:  1.54667	 10 sampled NNs | VaAcc: 0.7262 +- 0.0065 | VaLoss: 0.8264 +- 0.0296
394,  0 | TrAcc: 0.8268, TrLoss:  0.64533, VaAcc: 0.7659, VaLoss:  1.55021	 10 sampled NNs | VaAcc: 0.7131 +- 0.0118 | VaLoss: 0.8661 +- 0.0307
395,  0 | TrAcc: 0.8266, TrLoss:  0.64483, VaAcc: 0.7601, VaLoss:  1.57139	 10 sampled NNs | VaAcc: 0.7163 +- 0.0071 | VaLoss: 0.8585 +- 0.0201
396,  0 | TrAcc: 0.8280, TrLoss:  0.64210, VaAcc: 0.7649, VaLoss:  1.55217	 10 sampled NNs | VaAcc: 0.7215 +- 0.0072 | VaLoss: 0.8479 +- 0.0234
397,  0 | TrAcc: 0.8274, TrLoss:  0.64394, VaAcc: 0.7657, VaLoss:  1.55408	 10 sampled NNs | VaAcc: 0.7154 +- 0.0074 | VaLoss: 0.8589 +- 0.0280
398,  0 | TrAcc: 0.8268, TrLoss:  0.64304, VaAcc: 0.7624, VaLoss:  1.56462	 10 sampled NNs | VaAcc: 0.7231 +- 0.0077 | VaLoss: 0.8470 +- 0.0126
399,  0 | TrAcc: 0.8277, TrLoss:  0.64233, VaAcc: 0.7650, VaLoss:  1.55505	 10 sampled NNs | VaAcc: 0.7274 +- 0.0075 | VaLoss: 0.8345 +- 0.0256
78501.00361900001
----------------------------
