

config:

HOME=/clusterFS/home/student/kopp13
PATH=/clusterFS/home/student/kopp13/miniconda3/envs/tensorflow/bin:/clusterFS/home/student/kopp13/miniconda3/bin:/clusterFS/home/student/kopp13/bin:/usr/local/bin:/usr/bin:/bin:/usr/local/games:/usr/games
LD_LIBRARY_PATH=
THEANO_FLAGS=floatX=float32,gpuarray.preallocate=0.9,dnn.library_path=/usr/lib/x86_64-linux-gnu,cxx=clang++-3.8,device=cuda,base_compiledir=/tmp/tmp.pjA7QPEjmh

=============================
CONFIG FILE

RNN CONFIG
{'data_multiplier': 1000.0,
 'gradient_clip_value': 0.5,
 'layer_configs': [{'layer_type': 'input'},
                   {'bc': {'init_m': 'xavier',
                           'init_v': -4.5,
                           'prior_m': 0.0,
                           'prior_v': 0.0,
                           'type': 'continuous'},
                    'bf': {'init_m': 'xavier',
                           'init_v': -4.5,
                           'prior_m': 0.0,
                           'prior_v': 0.0,
                           'type': 'continuous'},
                    'bi': {'init_m': 'xavier',
                           'init_v': -4.5,
                           'prior_m': 0.0,
                           'prior_v': 0.0,
                           'type': 'continuous'},
                    'bo': {'init_m': 'xavier',
                           'init_v': -4.5,
                           'prior_m': 0.0,
                           'prior_v': 0.0,
                           'type': 'continuous'},
                    'discrete_act': False,
                    'init_config': {'c': {'b': 'all_zero', 'w': 'xavier'},
                                    'f': {'b': 'all_one', 'w': 'all_zero'},
                                    'i': {'b': 'all_zero', 'w': 'xavier'},
                                    'o': {'b': 'all_zero', 'w': 'xavier'}},
                    'is_output': False,
                    'is_recurrent': True,
                    'layer_type': 'lstm',
                    'tau': 0.5,
                    'var_scope': 'lstm_0',
                    'wc': {'p0max': 0.95,
                           'p0min': 0.05,
                           'pmax': 0.99,
                           'pmin': 0.01,
                           'priors': [0.2, 0.6, 0.2],
                           'type': 'ternary'},
                    'wf': {'p0max': 0.95,
                           'p0min': 0.05,
                           'pmax': 0.99,
                           'pmin': 0.01,
                           'priors': [0.2, 0.6, 0.2],
                           'type': 'ternary'},
                    'wi': {'p0max': 0.95,
                           'p0min': 0.05,
                           'pmax': 0.99,
                           'pmin': 0.01,
                           'priors': [0.2, 0.6, 0.2],
                           'type': 'ternary'},
                    'wo': {'p0max': 0.95,
                           'p0min': 0.05,
                           'pmax': 0.99,
                           'pmin': 0.01,
                           'priors': [0.2, 0.6, 0.2],
                           'type': 'ternary'}},
                   {'bc': {'init_m': 'xavier',
                           'init_v': -4.5,
                           'prior_m': 0.0,
                           'prior_v': 0.0,
                           'type': 'continuous'},
                    'bf': {'init_m': 'xavier',
                           'init_v': -4.5,
                           'prior_m': 0.0,
                           'prior_v': 0.0,
                           'type': 'continuous'},
                    'bi': {'init_m': 'xavier',
                           'init_v': -4.5,
                           'prior_m': 0.0,
                           'prior_v': 0.0,
                           'type': 'continuous'},
                    'bo': {'init_m': 'xavier',
                           'init_v': -4.5,
                           'prior_m': 0.0,
                           'prior_v': 0.0,
                           'type': 'continuous'},
                    'discrete_act': False,
                    'init_config': {'c': {'b': 'all_zero', 'w': 'xavier'},
                                    'f': {'b': 'all_one', 'w': 'all_zero'},
                                    'i': {'b': 'all_zero', 'w': 'xavier'},
                                    'o': {'b': 'all_zero', 'w': 'xavier'}},
                    'is_output': False,
                    'is_recurrent': True,
                    'layer_type': 'lstm',
                    'tau': 0.5,
                    'var_scope': 'lstm_1',
                    'wc': {'p0max': 0.95,
                           'p0min': 0.05,
                           'pmax': 0.99,
                           'pmin': 0.01,
                           'priors': [0.2, 0.6, 0.2],
                           'type': 'ternary'},
                    'wf': {'p0max': 0.95,
                           'p0min': 0.05,
                           'pmax': 0.99,
                           'pmin': 0.01,
                           'priors': [0.2, 0.6, 0.2],
                           'type': 'ternary'},
                    'wi': {'p0max': 0.95,
                           'p0min': 0.05,
                           'pmax': 0.99,
                           'pmin': 0.01,
                           'priors': [0.2, 0.6, 0.2],
                           'type': 'ternary'},
                    'wo': {'p0max': 0.95,
                           'p0min': 0.05,
                           'pmax': 0.99,
                           'pmin': 0.01,
                           'priors': [0.2, 0.6, 0.2],
                           'type': 'ternary'}},
                   {'b': {'init_m': 'xavier',
                          'init_v': -4.5,
                          'prior_m': 0.0,
                          'prior_v': 0.0,
                          'type': 'continuous'},
                    'is_output': True,
                    'is_recurrent': False,
                    'layer_type': 'fc',
                    'regularization': {'mode': None, 'strength': 0.02},
                    'tau': 0.5,
                    'var_scope': 'output_layer',
                    'w': {'p0max': 0.95,
                          'p0min': 0.05,
                          'pmax': 0.99,
                          'pmin': 0.01,
                          'priors': [0.2, 0.6, 0.2],
                          'type': 'ternary'}}],
 'layout': [4, 60, 60, 10],
 'output_type': 'classification'}

DATA CONFIG
{'dataset': 'red_penstroke',
 'tr': {'in_seq_len': 30,
        'minibatch_enabled': True,
        'minibatch_size': 200,
        'out_seq_len': 5,
        'zero_padding': 20},
 'va': {'in_seq_len': 30,
        'minibatch_enabled': True,
        'minibatch_size': 200,
        'out_seq_len': 5,
        'zero_padding': 20}}

TRAINING CONFIG
{'beta_reg': 0.0,
 'is_pretrain': False,
 'learning_rate': 0.002,
 'mode': {'max_epochs': 100, 'min_error': 0.0, 'name': 'classic'},
 'task_id': 5,
 'type': 'g_sampling',
 'var_reg': 0.0}
==============================


  0,  0 | TrAcc: 0.1020, TrLoss:  3.92315, VaAcc: 0.1044, VaLoss:  3.91272	 20 sampled NNs | VaAcc: 0.1019 +- 0.0224 | VaLoss: 3.6944 +- 0.3890
  1,  0 | TrAcc: 0.1435, TrLoss:  2.31268, VaAcc: 0.1308, VaLoss:  2.32645	 20 sampled NNs | VaAcc: 0.1240 +- 0.0216 | VaLoss: 2.4059 +- 0.1121
  2,  0 | TrAcc: 0.1196, TrLoss:  2.28378, VaAcc: 0.1287, VaLoss:  2.29684	 20 sampled NNs | VaAcc: 0.1210 +- 0.0214 | VaLoss: 2.3371 +- 0.0395
  3,  0 | TrAcc: 0.1423, TrLoss:  2.25986, VaAcc: 0.1297, VaLoss:  2.27689	 20 sampled NNs | VaAcc: 0.1275 +- 0.0290 | VaLoss: 2.3124 +- 0.0334
  4,  0 | TrAcc: 0.1448, TrLoss:  2.25601, VaAcc: 0.1434, VaLoss:  2.26315	 20 sampled NNs | VaAcc: 0.1309 +- 0.0283 | VaLoss: 2.2926 +- 0.0348
  5,  0 | TrAcc: 0.1387, TrLoss:  2.25212, VaAcc: 0.1420, VaLoss:  2.26130	 20 sampled NNs | VaAcc: 0.1450 +- 0.0283 | VaLoss: 2.2799 +- 0.0269
  6,  0 | TrAcc: 0.1795, TrLoss:  2.23997, VaAcc: 0.1452, VaLoss:  2.25175	 20 sampled NNs | VaAcc: 0.1485 +- 0.0234 | VaLoss: 2.2755 +- 0.0338
  7,  0 | TrAcc: 0.1642, TrLoss:  2.21185, VaAcc: 0.1594, VaLoss:  2.20645	 20 sampled NNs | VaAcc: 0.1548 +- 0.0243 | VaLoss: 2.2428 +- 0.0312
  8,  0 | TrAcc: 0.1746, TrLoss:  2.16916, VaAcc: 0.1705, VaLoss:  2.16991	 20 sampled NNs | VaAcc: 0.1504 +- 0.0327 | VaLoss: 2.2222 +- 0.0366
  9,  0 | TrAcc: 0.1879, TrLoss:  2.15212, VaAcc: 0.1775, VaLoss:  2.15993	 20 sampled NNs | VaAcc: 0.1589 +- 0.0342 | VaLoss: 2.2365 +- 0.0554
 10,  0 | TrAcc: 0.1932, TrLoss:  2.12648, VaAcc: 0.1830, VaLoss:  2.11056	 20 sampled NNs | VaAcc: 0.1688 +- 0.0326 | VaLoss: 2.1681 +- 0.0562
 11,  0 | TrAcc: 0.2107, TrLoss:  2.09256, VaAcc: 0.2199, VaLoss:  2.07791	 20 sampled NNs | VaAcc: 0.1937 +- 0.0285 | VaLoss: 2.1564 +- 0.0588
 12,  0 | TrAcc: 0.2263, TrLoss:  2.05184, VaAcc: 0.2310, VaLoss:  2.02959	 20 sampled NNs | VaAcc: 0.1974 +- 0.0323 | VaLoss: 2.0839 +- 0.0437
 13,  0 | TrAcc: 0.2324, TrLoss:  2.02058, VaAcc: 0.2409, VaLoss:  2.00932	 20 sampled NNs | VaAcc: 0.2056 +- 0.0366 | VaLoss: 2.1376 +- 0.1065
 14,  0 | TrAcc: 0.2734, TrLoss:  1.93420, VaAcc: 0.2746, VaLoss:  1.92063	 20 sampled NNs | VaAcc: 0.2493 +- 0.0420 | VaLoss: 2.0036 +- 0.0998
 15,  0 | TrAcc: 0.2733, TrLoss:  1.92734, VaAcc: 0.2940, VaLoss:  1.88172	 20 sampled NNs | VaAcc: 0.2677 +- 0.0269 | VaLoss: 1.9910 +- 0.0537
 16,  0 | TrAcc: 0.2778, TrLoss:  1.86877, VaAcc: 0.3000, VaLoss:  1.80392	 20 sampled NNs | VaAcc: 0.2645 +- 0.0379 | VaLoss: 1.9149 +- 0.0733
 17,  0 | TrAcc: 0.3326, TrLoss:  1.77006, VaAcc: 0.3275, VaLoss:  1.73415	 20 sampled NNs | VaAcc: 0.2921 +- 0.0485 | VaLoss: 1.8372 +- 0.0735
 18,  0 | TrAcc: 0.3325, TrLoss:  1.75647, VaAcc: 0.3473, VaLoss:  1.68752	 20 sampled NNs | VaAcc: 0.3160 +- 0.0367 | VaLoss: 1.7943 +- 0.0808
 19,  0 | TrAcc: 0.3607, TrLoss:  1.68072, VaAcc: 0.3740, VaLoss:  1.61652	 20 sampled NNs | VaAcc: 0.3301 +- 0.0397 | VaLoss: 1.7469 +- 0.0949
 20,  0 | TrAcc: 0.3921, TrLoss:  1.66572, VaAcc: 0.3915, VaLoss:  1.59493	 20 sampled NNs | VaAcc: 0.3552 +- 0.0344 | VaLoss: 1.7161 +- 0.0837
 21,  0 | TrAcc: 0.3935, TrLoss:  1.62749, VaAcc: 0.3912, VaLoss:  1.55632	 20 sampled NNs | VaAcc: 0.3508 +- 0.0340 | VaLoss: 1.7038 +- 0.0822
 22,  0 | TrAcc: 0.4333, TrLoss:  1.52299, VaAcc: 0.4182, VaLoss:  1.53304	 20 sampled NNs | VaAcc: 0.3697 +- 0.0321 | VaLoss: 1.6560 +- 0.0680
 23,  0 | TrAcc: 0.4545, TrLoss:  1.50443, VaAcc: 0.4480, VaLoss:  1.45910	 20 sampled NNs | VaAcc: 0.4109 +- 0.0357 | VaLoss: 1.5598 +- 0.0479
 24,  0 | TrAcc: 0.4677, TrLoss:  1.43758, VaAcc: 0.4422, VaLoss:  1.45706	 20 sampled NNs | VaAcc: 0.3865 +- 0.0473 | VaLoss: 1.5913 +- 0.0943
 25,  0 | TrAcc: 0.4425, TrLoss:  1.47604, VaAcc: 0.4563, VaLoss:  1.41359	 20 sampled NNs | VaAcc: 0.3986 +- 0.0500 | VaLoss: 1.5528 +- 0.0861
 26,  0 | TrAcc: 0.4446, TrLoss:  1.48005, VaAcc: 0.4659, VaLoss:  1.41368	 20 sampled NNs | VaAcc: 0.4251 +- 0.0359 | VaLoss: 1.5166 +- 0.0768
 27,  0 | TrAcc: 0.4705, TrLoss:  1.40199, VaAcc: 0.4598, VaLoss:  1.38498	 20 sampled NNs | VaAcc: 0.4220 +- 0.0293 | VaLoss: 1.4945 +- 0.0585
 28,  0 | TrAcc: 0.5152, TrLoss:  1.33196, VaAcc: 0.4806, VaLoss:  1.37422	 20 sampled NNs | VaAcc: 0.4469 +- 0.0363 | VaLoss: 1.4664 +- 0.0711
 29,  0 | TrAcc: 0.4973, TrLoss:  1.38117, VaAcc: 0.5168, VaLoss:  1.30890	 20 sampled NNs | VaAcc: 0.4838 +- 0.0225 | VaLoss: 1.3885 +- 0.0362
 30,  0 | TrAcc: 0.4982, TrLoss:  1.37981, VaAcc: 0.4886, VaLoss:  1.33821	 20 sampled NNs | VaAcc: 0.4557 +- 0.0379 | VaLoss: 1.4233 +- 0.0877
 31,  0 | TrAcc: 0.5200, TrLoss:  1.30429, VaAcc: 0.4986, VaLoss:  1.31819	 20 sampled NNs | VaAcc: 0.4557 +- 0.0316 | VaLoss: 1.4331 +- 0.0773
 32,  0 | TrAcc: 0.5299, TrLoss:  1.30535, VaAcc: 0.5325, VaLoss:  1.26566	 20 sampled NNs | VaAcc: 0.4899 +- 0.0337 | VaLoss: 1.3605 +- 0.0686
 33,  0 | TrAcc: 0.5309, TrLoss:  1.33081, VaAcc: 0.5387, VaLoss:  1.27988	 20 sampled NNs | VaAcc: 0.5114 +- 0.0313 | VaLoss: 1.3497 +- 0.0561
 34,  0 | TrAcc: 0.5571, TrLoss:  1.24168, VaAcc: 0.5452, VaLoss:  1.24782	 20 sampled NNs | VaAcc: 0.4742 +- 0.0221 | VaLoss: 1.3807 +- 0.0647
 35,  0 | TrAcc: 0.5226, TrLoss:  1.30066, VaAcc: 0.5579, VaLoss:  1.23244	 20 sampled NNs | VaAcc: 0.4994 +- 0.0302 | VaLoss: 1.3606 +- 0.0761
 36,  0 | TrAcc: 0.5302, TrLoss:  1.29029, VaAcc: 0.5619, VaLoss:  1.21359	 20 sampled NNs | VaAcc: 0.5185 +- 0.0332 | VaLoss: 1.3076 +- 0.0577
 37,  0 | TrAcc: 0.5580, TrLoss:  1.23064, VaAcc: 0.5656, VaLoss:  1.20403	 20 sampled NNs | VaAcc: 0.5203 +- 0.0349 | VaLoss: 1.3115 +- 0.0627
 38,  0 | TrAcc: 0.5770, TrLoss:  1.20884, VaAcc: 0.5627, VaLoss:  1.22152	 20 sampled NNs | VaAcc: 0.5234 +- 0.0347 | VaLoss: 1.2972 +- 0.0640
 39,  0 | TrAcc: 0.5639, TrLoss:  1.22671, VaAcc: 0.5742, VaLoss:  1.18362	 20 sampled NNs | VaAcc: 0.5306 +- 0.0352 | VaLoss: 1.3005 +- 0.0800
 40,  0 | TrAcc: 0.5731, TrLoss:  1.20514, VaAcc: 0.5757, VaLoss:  1.16819	 20 sampled NNs | VaAcc: 0.5255 +- 0.0261 | VaLoss: 1.2701 +- 0.0595
 41,  0 | TrAcc: 0.5820, TrLoss:  1.20770, VaAcc: 0.5996, VaLoss:  1.12254	 20 sampled NNs | VaAcc: 0.5662 +- 0.0281 | VaLoss: 1.2026 +- 0.0627
 42,  0 | TrAcc: 0.5780, TrLoss:  1.17740, VaAcc: 0.6027, VaLoss:  1.11657	 20 sampled NNs | VaAcc: 0.5651 +- 0.0229 | VaLoss: 1.2155 +- 0.0540
 43,  0 | TrAcc: 0.6047, TrLoss:  1.12704, VaAcc: 0.6043, VaLoss:  1.10488	 20 sampled NNs | VaAcc: 0.5626 +- 0.0276 | VaLoss: 1.1998 +- 0.0534
 44,  0 | TrAcc: 0.6321, TrLoss:  1.06453, VaAcc: 0.5962, VaLoss:  1.11876	 20 sampled NNs | VaAcc: 0.5653 +- 0.0263 | VaLoss: 1.2030 +- 0.0552
 45,  0 | TrAcc: 0.5985, TrLoss:  1.10597, VaAcc: 0.6085, VaLoss:  1.08802	 20 sampled NNs | VaAcc: 0.5637 +- 0.0335 | VaLoss: 1.2094 +- 0.0667
 46,  0 | TrAcc: 0.6371, TrLoss:  1.03504, VaAcc: 0.6198, VaLoss:  1.05902	 20 sampled NNs | VaAcc: 0.5788 +- 0.0308 | VaLoss: 1.1506 +- 0.0653
 47,  0 | TrAcc: 0.6076, TrLoss:  1.12028, VaAcc: 0.6314, VaLoss:  1.04520	 20 sampled NNs | VaAcc: 0.5850 +- 0.0320 | VaLoss: 1.1392 +- 0.0668
 48,  0 | TrAcc: 0.6237, TrLoss:  1.06134, VaAcc: 0.6304, VaLoss:  1.03824	 20 sampled NNs | VaAcc: 0.5874 +- 0.0346 | VaLoss: 1.1378 +- 0.0624
 49,  0 | TrAcc: 0.6468, TrLoss:  1.02119, VaAcc: 0.6272, VaLoss:  1.02423	 20 sampled NNs | VaAcc: 0.5845 +- 0.0304 | VaLoss: 1.1269 +- 0.0634
 50,  0 | TrAcc: 0.6353, TrLoss:  1.05073, VaAcc: 0.6393, VaLoss:  1.00211	 20 sampled NNs | VaAcc: 0.6060 +- 0.0222 | VaLoss: 1.0895 +- 0.0565
 51,  0 | TrAcc: 0.6431, TrLoss:  1.04677, VaAcc: 0.6337, VaLoss:  1.01351	 20 sampled NNs | VaAcc: 0.6045 +- 0.0327 | VaLoss: 1.1000 +- 0.0721
 52,  0 | TrAcc: 0.6314, TrLoss:  1.05115, VaAcc: 0.6485, VaLoss:  0.96224	 20 sampled NNs | VaAcc: 0.6196 +- 0.0236 | VaLoss: 1.0466 +- 0.0594
 53,  0 | TrAcc: 0.6432, TrLoss:  0.99305, VaAcc: 0.6396, VaLoss:  1.00814	 20 sampled NNs | VaAcc: 0.6014 +- 0.0308 | VaLoss: 1.0978 +- 0.0601
 54,  0 | TrAcc: 0.6473, TrLoss:  1.01421, VaAcc: 0.6577, VaLoss:  0.95312	 20 sampled NNs | VaAcc: 0.6216 +- 0.0213 | VaLoss: 1.0398 +- 0.0353
 55,  0 | TrAcc: 0.6610, TrLoss:  0.95772, VaAcc: 0.6615, VaLoss:  0.93911	 20 sampled NNs | VaAcc: 0.6307 +- 0.0253 | VaLoss: 1.0203 +- 0.0465
 56,  0 | TrAcc: 0.6535, TrLoss:  0.99241, VaAcc: 0.6610, VaLoss:  0.94305	 20 sampled NNs | VaAcc: 0.6340 +- 0.0275 | VaLoss: 1.0176 +- 0.0650
 57,  0 | TrAcc: 0.6713, TrLoss:  0.93586, VaAcc: 0.6578, VaLoss:  0.93698	 20 sampled NNs | VaAcc: 0.6287 +- 0.0352 | VaLoss: 0.9975 +- 0.0619
 58,  0 | TrAcc: 0.6653, TrLoss:  0.96537, VaAcc: 0.6572, VaLoss:  0.97718	 20 sampled NNs | VaAcc: 0.6265 +- 0.0267 | VaLoss: 1.0463 +- 0.0477
 59,  0 | TrAcc: 0.6865, TrLoss:  0.92125, VaAcc: 0.6670, VaLoss:  0.92224	 20 sampled NNs | VaAcc: 0.6502 +- 0.0191 | VaLoss: 0.9785 +- 0.0486
 60,  0 | TrAcc: 0.6620, TrLoss:  0.95558, VaAcc: 0.6672, VaLoss:  0.90094	 20 sampled NNs | VaAcc: 0.6344 +- 0.0286 | VaLoss: 0.9947 +- 0.0594
 61,  0 | TrAcc: 0.6909, TrLoss:  0.91258, VaAcc: 0.6726, VaLoss:  0.90879	 20 sampled NNs | VaAcc: 0.6521 +- 0.0248 | VaLoss: 0.9591 +- 0.0451
 62,  0 | TrAcc: 0.6688, TrLoss:  0.94765, VaAcc: 0.6839, VaLoss:  0.85947	 20 sampled NNs | VaAcc: 0.6592 +- 0.0194 | VaLoss: 0.9333 +- 0.0468
 63,  0 | TrAcc: 0.6858, TrLoss:  0.88404, VaAcc: 0.6911, VaLoss:  0.86337	 20 sampled NNs | VaAcc: 0.6720 +- 0.0218 | VaLoss: 0.9270 +- 0.0468
 64,  0 | TrAcc: 0.6753, TrLoss:  0.91122, VaAcc: 0.6702, VaLoss:  0.88511	 20 sampled NNs | VaAcc: 0.6462 +- 0.0306 | VaLoss: 0.9585 +- 0.0581
 65,  0 | TrAcc: 0.6829, TrLoss:  0.89534, VaAcc: 0.6900, VaLoss:  0.85721	 20 sampled NNs | VaAcc: 0.6630 +- 0.0207 | VaLoss: 0.9303 +- 0.0491
 66,  0 | TrAcc: 0.6811, TrLoss:  0.91168, VaAcc: 0.6899, VaLoss:  0.85996	 20 sampled NNs | VaAcc: 0.6742 +- 0.0242 | VaLoss: 0.9107 +- 0.0516
 67,  0 | TrAcc: 0.7098, TrLoss:  0.83527, VaAcc: 0.6806, VaLoss:  0.89382	 20 sampled NNs | VaAcc: 0.6520 +- 0.0267 | VaLoss: 0.9592 +- 0.0483
 68,  0 | TrAcc: 0.6957, TrLoss:  0.87462, VaAcc: 0.6795, VaLoss:  0.90112	 20 sampled NNs | VaAcc: 0.6540 +- 0.0245 | VaLoss: 0.9629 +- 0.0549
 69,  0 | TrAcc: 0.6904, TrLoss:  0.87671, VaAcc: 0.6694, VaLoss:  0.89251	 20 sampled NNs | VaAcc: 0.6454 +- 0.0238 | VaLoss: 0.9638 +- 0.0637
 70,  0 | TrAcc: 0.6975, TrLoss:  0.88049, VaAcc: 0.6959, VaLoss:  0.84737	 20 sampled NNs | VaAcc: 0.6693 +- 0.0243 | VaLoss: 0.9211 +- 0.0592
 71,  0 | TrAcc: 0.7163, TrLoss:  0.81241, VaAcc: 0.6827, VaLoss:  0.86237	 20 sampled NNs | VaAcc: 0.6609 +- 0.0201 | VaLoss: 0.9268 +- 0.0461
 72,  0 | TrAcc: 0.7055, TrLoss:  0.83752, VaAcc: 0.6900, VaLoss:  0.84601	 20 sampled NNs | VaAcc: 0.6675 +- 0.0227 | VaLoss: 0.9011 +- 0.0515
 73,  0 | TrAcc: 0.7035, TrLoss:  0.84816, VaAcc: 0.7063, VaLoss:  0.82993	 20 sampled NNs | VaAcc: 0.6781 +- 0.0271 | VaLoss: 0.9101 +- 0.0593
 74,  0 | TrAcc: 0.6869, TrLoss:  0.89446, VaAcc: 0.6796, VaLoss:  0.86651	 20 sampled NNs | VaAcc: 0.6546 +- 0.0217 | VaLoss: 0.9329 +- 0.0502
 75,  0 | TrAcc: 0.7016, TrLoss:  0.82834, VaAcc: 0.7014, VaLoss:  0.82713	 20 sampled NNs | VaAcc: 0.6751 +- 0.0225 | VaLoss: 0.9052 +- 0.0470
 76,  0 | TrAcc: 0.7058, TrLoss:  0.85014, VaAcc: 0.7011, VaLoss:  0.83156	 20 sampled NNs | VaAcc: 0.6763 +- 0.0212 | VaLoss: 0.8913 +- 0.0519
 77,  0 | TrAcc: 0.7012, TrLoss:  0.86133, VaAcc: 0.7006, VaLoss:  0.85302	 20 sampled NNs | VaAcc: 0.6704 +- 0.0142 | VaLoss: 0.9290 +- 0.0480
 78,  0 | TrAcc: 0.7042, TrLoss:  0.84404, VaAcc: 0.6917, VaLoss:  0.84674	 20 sampled NNs | VaAcc: 0.6673 +- 0.0178 | VaLoss: 0.9066 +- 0.0578
 79,  0 | TrAcc: 0.7166, TrLoss:  0.81190, VaAcc: 0.6967, VaLoss:  0.82653	 20 sampled NNs | VaAcc: 0.6756 +- 0.0305 | VaLoss: 0.8902 +- 0.0897
 80,  0 | TrAcc: 0.7228, TrLoss:  0.79105, VaAcc: 0.6988, VaLoss:  0.83236	 20 sampled NNs | VaAcc: 0.6711 +- 0.0288 | VaLoss: 0.8935 +- 0.0571
 81,  0 | TrAcc: 0.7049, TrLoss:  0.81691, VaAcc: 0.7065, VaLoss:  0.81455	 20 sampled NNs | VaAcc: 0.6902 +- 0.0194 | VaLoss: 0.8518 +- 0.0382
 82,  0 | TrAcc: 0.7298, TrLoss:  0.78192, VaAcc: 0.6987, VaLoss:  0.82204	 20 sampled NNs | VaAcc: 0.6779 +- 0.0238 | VaLoss: 0.8868 +- 0.0671
 83,  0 | TrAcc: 0.7175, TrLoss:  0.80761, VaAcc: 0.7135, VaLoss:  0.80135	 20 sampled NNs | VaAcc: 0.6887 +- 0.0119 | VaLoss: 0.8577 +- 0.0261
 84,  0 | TrAcc: 0.7179, TrLoss:  0.78909, VaAcc: 0.7037, VaLoss:  0.81152	 20 sampled NNs | VaAcc: 0.6863 +- 0.0232 | VaLoss: 0.8570 +- 0.0439
 85,  0 | TrAcc: 0.7363, TrLoss:  0.75944, VaAcc: 0.7141, VaLoss:  0.79260	 20 sampled NNs | VaAcc: 0.6822 +- 0.0203 | VaLoss: 0.8659 +- 0.0374
 86,  0 | TrAcc: 0.7026, TrLoss:  0.85595, VaAcc: 0.6987, VaLoss:  0.85169	 20 sampled NNs | VaAcc: 0.6824 +- 0.0193 | VaLoss: 0.8886 +- 0.0562
 87,  0 | TrAcc: 0.7323, TrLoss:  0.78667, VaAcc: 0.7047, VaLoss:  0.82620	 20 sampled NNs | VaAcc: 0.6944 +- 0.0165 | VaLoss: 0.8495 +- 0.0349
 88,  0 | TrAcc: 0.7387, TrLoss:  0.75850, VaAcc: 0.7032, VaLoss:  0.83261	 20 sampled NNs | VaAcc: 0.6795 +- 0.0245 | VaLoss: 0.8892 +- 0.0519
 89,  0 | TrAcc: 0.7404, TrLoss:  0.77406, VaAcc: 0.7222, VaLoss:  0.76305	 20 sampled NNs | VaAcc: 0.6972 +- 0.0247 | VaLoss: 0.8343 +- 0.0461
 90,  0 | TrAcc: 0.7330, TrLoss:  0.76688, VaAcc: 0.7069, VaLoss:  0.83232	 20 sampled NNs | VaAcc: 0.6874 +- 0.0233 | VaLoss: 0.8781 +- 0.0547
 91,  0 | TrAcc: 0.7487, TrLoss:  0.70807, VaAcc: 0.7326, VaLoss:  0.73256	 20 sampled NNs | VaAcc: 0.7140 +- 0.0140 | VaLoss: 0.7805 +- 0.0275
 92,  0 | TrAcc: 0.7604, TrLoss:  0.71195, VaAcc: 0.7219, VaLoss:  0.76456	 20 sampled NNs | VaAcc: 0.6976 +- 0.0125 | VaLoss: 0.8186 +- 0.0262
 93,  0 | TrAcc: 0.7099, TrLoss:  0.82496, VaAcc: 0.7070, VaLoss:  0.77719	 20 sampled NNs | VaAcc: 0.6902 +- 0.0215 | VaLoss: 0.8337 +- 0.0448
 94,  0 | TrAcc: 0.7456, TrLoss:  0.72500, VaAcc: 0.7247, VaLoss:  0.76278	 20 sampled NNs | VaAcc: 0.7081 +- 0.0238 | VaLoss: 0.8095 +- 0.0594
 95,  0 | TrAcc: 0.7244, TrLoss:  0.77521, VaAcc: 0.7080, VaLoss:  0.79589	 20 sampled NNs | VaAcc: 0.6893 +- 0.0176 | VaLoss: 0.8485 +- 0.0457
 96,  0 | TrAcc: 0.7448, TrLoss:  0.74116, VaAcc: 0.7152, VaLoss:  0.77674	 20 sampled NNs | VaAcc: 0.6924 +- 0.0202 | VaLoss: 0.8416 +- 0.0564
 97,  0 | TrAcc: 0.7518, TrLoss:  0.70843, VaAcc: 0.7205, VaLoss:  0.77998	 20 sampled NNs | VaAcc: 0.7064 +- 0.0144 | VaLoss: 0.8240 +- 0.0515
 98,  0 | TrAcc: 0.7312, TrLoss:  0.75211, VaAcc: 0.7329, VaLoss:  0.75884	 20 sampled NNs | VaAcc: 0.7153 +- 0.0265 | VaLoss: 0.8027 +- 0.0567
 99,  0 | TrAcc: 0.7270, TrLoss:  0.76273, VaAcc: 0.7114, VaLoss:  0.77722	 20 sampled NNs | VaAcc: 0.6920 +- 0.0227 | VaLoss: 0.8349 +- 0.0536
5818.877824
----------------------------
