

config:

HOME=/clusterFS/home/student/kopp13
PATH=/clusterFS/home/student/kopp13/miniconda3/envs/tensorflow/bin:/clusterFS/home/student/kopp13/miniconda3/bin:/clusterFS/home/student/kopp13/bin:/usr/local/bin:/usr/bin:/bin:/usr/local/games:/usr/games
LD_LIBRARY_PATH=
THEANO_FLAGS=floatX=float32,gpuarray.preallocate=0.9,dnn.library_path=/usr/lib/x86_64-linux-gnu,cxx=clang++-3.8,device=cuda,base_compiledir=/tmp/tmp.kEVEO4WtPJ

=============================
CONFIG FILE

RNN CONFIG
{'data_multiplier': 1000.0,
 'gradient_clip_value': 0.5,
 'layer_configs': [{'layer_type': 'input'},
                   {'bc': {'init_m': 'xavier',
                           'init_v': -4.5,
                           'prior_m': 0.0,
                           'prior_v': 0.0,
                           'type': 'continuous'},
                    'bf': {'init_m': 'xavier',
                           'init_v': -4.5,
                           'prior_m': 0.0,
                           'prior_v': 0.0,
                           'type': 'continuous'},
                    'bi': {'init_m': 'xavier',
                           'init_v': -4.5,
                           'prior_m': 0.0,
                           'prior_v': 0.0,
                           'type': 'continuous'},
                    'bo': {'init_m': 'xavier',
                           'init_v': -4.5,
                           'prior_m': 0.0,
                           'prior_v': 0.0,
                           'type': 'continuous'},
                    'discrete_act': False,
                    'init_config': {'c': {'b': 'all_zero', 'w': 'xavier'},
                                    'f': {'b': 'all_one', 'w': 'all_zero'},
                                    'i': {'b': 'all_zero', 'w': 'xavier'},
                                    'o': {'b': 'all_zero', 'w': 'xavier'}},
                    'is_output': False,
                    'is_recurrent': True,
                    'layer_type': 'lstm',
                    'tau': 0.5,
                    'var_scope': 'lstm_0',
                    'wc': {'p0max': 0.95,
                           'p0min': 0.05,
                           'pmax': 0.99,
                           'pmin': 0.01,
                           'priors': [0.2, 0.6, 0.2],
                           'type': 'ternary'},
                    'wf': {'p0max': 0.95,
                           'p0min': 0.05,
                           'pmax': 0.99,
                           'pmin': 0.01,
                           'priors': [0.2, 0.6, 0.2],
                           'type': 'ternary'},
                    'wi': {'p0max': 0.95,
                           'p0min': 0.05,
                           'pmax': 0.99,
                           'pmin': 0.01,
                           'priors': [0.2, 0.6, 0.2],
                           'type': 'ternary'},
                    'wo': {'p0max': 0.95,
                           'p0min': 0.05,
                           'pmax': 0.99,
                           'pmin': 0.01,
                           'priors': [0.2, 0.6, 0.2],
                           'type': 'ternary'}},
                   {'bc': {'init_m': 'xavier',
                           'init_v': -4.5,
                           'prior_m': 0.0,
                           'prior_v': 0.0,
                           'type': 'continuous'},
                    'bf': {'init_m': 'xavier',
                           'init_v': -4.5,
                           'prior_m': 0.0,
                           'prior_v': 0.0,
                           'type': 'continuous'},
                    'bi': {'init_m': 'xavier',
                           'init_v': -4.5,
                           'prior_m': 0.0,
                           'prior_v': 0.0,
                           'type': 'continuous'},
                    'bo': {'init_m': 'xavier',
                           'init_v': -4.5,
                           'prior_m': 0.0,
                           'prior_v': 0.0,
                           'type': 'continuous'},
                    'discrete_act': False,
                    'init_config': {'c': {'b': 'all_zero', 'w': 'xavier'},
                                    'f': {'b': 'all_one', 'w': 'all_zero'},
                                    'i': {'b': 'all_zero', 'w': 'xavier'},
                                    'o': {'b': 'all_zero', 'w': 'xavier'}},
                    'is_output': False,
                    'is_recurrent': True,
                    'layer_type': 'lstm',
                    'tau': 0.5,
                    'var_scope': 'lstm_1',
                    'wc': {'p0max': 0.95,
                           'p0min': 0.05,
                           'pmax': 0.99,
                           'pmin': 0.01,
                           'priors': [0.2, 0.6, 0.2],
                           'type': 'ternary'},
                    'wf': {'p0max': 0.95,
                           'p0min': 0.05,
                           'pmax': 0.99,
                           'pmin': 0.01,
                           'priors': [0.2, 0.6, 0.2],
                           'type': 'ternary'},
                    'wi': {'p0max': 0.95,
                           'p0min': 0.05,
                           'pmax': 0.99,
                           'pmin': 0.01,
                           'priors': [0.2, 0.6, 0.2],
                           'type': 'ternary'},
                    'wo': {'p0max': 0.95,
                           'p0min': 0.05,
                           'pmax': 0.99,
                           'pmin': 0.01,
                           'priors': [0.2, 0.6, 0.2],
                           'type': 'ternary'}},
                   {'b': {'init_m': 'xavier',
                          'init_v': -4.5,
                          'prior_m': 0.0,
                          'prior_v': 0.0,
                          'type': 'continuous'},
                    'is_output': True,
                    'is_recurrent': False,
                    'layer_type': 'fc',
                    'regularization': {'mode': None, 'strength': 0.02},
                    'tau': 0.5,
                    'var_scope': 'output_layer',
                    'w': {'p0max': 0.95,
                          'p0min': 0.05,
                          'pmax': 0.99,
                          'pmin': 0.01,
                          'priors': [0.2, 0.6, 0.2],
                          'type': 'ternary'}}],
 'layout': [4, 60, 60, 10],
 'output_type': 'classification'}

DATA CONFIG
{'dataset': 'red_penstroke',
 'tr': {'in_seq_len': 30,
        'minibatch_enabled': True,
        'minibatch_size': 200,
        'out_seq_len': 5,
        'zero_padding': 20},
 'va': {'in_seq_len': 30,
        'minibatch_enabled': True,
        'minibatch_size': 200,
        'out_seq_len': 5,
        'zero_padding': 20}}

TRAINING CONFIG
{'beta_reg': 0.0,
 'is_pretrain': False,
 'learning_rate': 0.002,
 'mode': {'max_epochs': 40, 'min_error': 0.0, 'name': 'classic'},
 'task_id': 2,
 'type': 'g_sampling',
 'var_reg': 0.0}
==============================


  0,  0 | TrAcc: 0.1016, TrLoss:  3.90942, VaAcc: 0.0969, VaLoss:  3.97034	 20 sampled NNs | VaAcc: 0.1005 +- 0.0291 | VaLoss: 4.0053 +- 0.8080
  1,  0 | TrAcc: 0.1352, TrLoss:  2.30909, VaAcc: 0.1366, VaLoss:  2.31376	 20 sampled NNs | VaAcc: 0.1232 +- 0.0252 | VaLoss: 2.4452 +- 0.1975
  2,  0 | TrAcc: 0.1289, TrLoss:  2.28679, VaAcc: 0.1314, VaLoss:  2.27707	 20 sampled NNs | VaAcc: 0.1223 +- 0.0213 | VaLoss: 2.3130 +- 0.0337
  3,  0 | TrAcc: 0.1613, TrLoss:  2.24527, VaAcc: 0.1409, VaLoss:  2.27020	 20 sampled NNs | VaAcc: 0.1360 +- 0.0222 | VaLoss: 2.3043 +- 0.0428
  4,  0 | TrAcc: 0.1587, TrLoss:  2.26417, VaAcc: 0.1574, VaLoss:  2.26772	 20 sampled NNs | VaAcc: 0.1559 +- 0.0143 | VaLoss: 2.2953 +- 0.0405
  5,  0 | TrAcc: 0.1541, TrLoss:  2.26367, VaAcc: 0.1527, VaLoss:  2.26033	 20 sampled NNs | VaAcc: 0.1408 +- 0.0231 | VaLoss: 2.2821 +- 0.0435
  6,  0 | TrAcc: 0.1599, TrLoss:  2.24389, VaAcc: 0.1611, VaLoss:  2.24986	 20 sampled NNs | VaAcc: 0.1464 +- 0.0218 | VaLoss: 2.2752 +- 0.0232
  7,  0 | TrAcc: 0.1721, TrLoss:  2.21003, VaAcc: 0.1636, VaLoss:  2.21732	 20 sampled NNs | VaAcc: 0.1533 +- 0.0219 | VaLoss: 2.2522 +- 0.0243
  8,  0 | TrAcc: 0.1700, TrLoss:  2.17391, VaAcc: 0.1712, VaLoss:  2.20161	 20 sampled NNs | VaAcc: 0.1604 +- 0.0223 | VaLoss: 2.2402 +- 0.0459
  9,  0 | TrAcc: 0.1736, TrLoss:  2.14891, VaAcc: 0.1642, VaLoss:  2.16795	 20 sampled NNs | VaAcc: 0.1461 +- 0.0305 | VaLoss: 2.2263 +- 0.0612
 10,  0 | TrAcc: 0.1867, TrLoss:  2.12611, VaAcc: 0.1833, VaLoss:  2.13367	 20 sampled NNs | VaAcc: 0.1673 +- 0.0223 | VaLoss: 2.1757 +- 0.0424
 11,  0 | TrAcc: 0.2134, TrLoss:  2.09470, VaAcc: 0.2015, VaLoss:  2.10143	 20 sampled NNs | VaAcc: 0.1824 +- 0.0247 | VaLoss: 2.1474 +- 0.0469
 12,  0 | TrAcc: 0.2210, TrLoss:  2.07031, VaAcc: 0.2066, VaLoss:  2.05987	 20 sampled NNs | VaAcc: 0.1782 +- 0.0349 | VaLoss: 2.1572 +- 0.0730
 13,  0 | TrAcc: 0.2459, TrLoss:  2.02396, VaAcc: 0.2260, VaLoss:  2.04705	 20 sampled NNs | VaAcc: 0.2056 +- 0.0255 | VaLoss: 2.1145 +- 0.0768
 14,  0 | TrAcc: 0.2938, TrLoss:  1.90554, VaAcc: 0.2549, VaLoss:  1.95564	 20 sampled NNs | VaAcc: 0.2346 +- 0.0293 | VaLoss: 1.9937 +- 0.0531
 15,  0 | TrAcc: 0.2753, TrLoss:  1.89678, VaAcc: 0.2567, VaLoss:  1.92603	 20 sampled NNs | VaAcc: 0.2353 +- 0.0291 | VaLoss: 2.0074 +- 0.0720
 16,  0 | TrAcc: 0.3107, TrLoss:  1.85109, VaAcc: 0.2814, VaLoss:  1.87300	 20 sampled NNs | VaAcc: 0.2573 +- 0.0293 | VaLoss: 1.9601 +- 0.0768
 17,  0 | TrAcc: 0.2971, TrLoss:  1.82080, VaAcc: 0.3078, VaLoss:  1.80280	 20 sampled NNs | VaAcc: 0.2769 +- 0.0287 | VaLoss: 1.8838 +- 0.0687
 18,  0 | TrAcc: 0.3360, TrLoss:  1.74010, VaAcc: 0.3139, VaLoss:  1.79999	 20 sampled NNs | VaAcc: 0.2798 +- 0.0288 | VaLoss: 1.8860 +- 0.0716
 19,  0 | TrAcc: 0.3528, TrLoss:  1.70740, VaAcc: 0.3269, VaLoss:  1.75125	 20 sampled NNs | VaAcc: 0.2973 +- 0.0409 | VaLoss: 1.8558 +- 0.0843
 20,  0 | TrAcc: 0.3505, TrLoss:  1.72169, VaAcc: 0.3417, VaLoss:  1.71619	 20 sampled NNs | VaAcc: 0.3049 +- 0.0377 | VaLoss: 1.7943 +- 0.0742
 21,  0 | TrAcc: 0.3741, TrLoss:  1.69401, VaAcc: 0.3612, VaLoss:  1.68271	 20 sampled NNs | VaAcc: 0.3167 +- 0.0239 | VaLoss: 1.7824 +- 0.0576
 22,  0 | TrAcc: 0.3830, TrLoss:  1.60371, VaAcc: 0.3790, VaLoss:  1.63809	 20 sampled NNs | VaAcc: 0.3443 +- 0.0351 | VaLoss: 1.7314 +- 0.0648
 23,  0 | TrAcc: 0.4029, TrLoss:  1.59305, VaAcc: 0.3900, VaLoss:  1.62288	 20 sampled NNs | VaAcc: 0.3425 +- 0.0295 | VaLoss: 1.7491 +- 0.0684
 24,  0 | TrAcc: 0.4203, TrLoss:  1.51604, VaAcc: 0.4053, VaLoss:  1.58443	 20 sampled NNs | VaAcc: 0.3669 +- 0.0362 | VaLoss: 1.6872 +- 0.1040
 25,  0 | TrAcc: 0.4624, TrLoss:  1.43700, VaAcc: 0.4189, VaLoss:  1.57432	 20 sampled NNs | VaAcc: 0.3740 +- 0.0280 | VaLoss: 1.6666 +- 0.0663
 26,  0 | TrAcc: 0.4662, TrLoss:  1.46310, VaAcc: 0.4285, VaLoss:  1.57107	 20 sampled NNs | VaAcc: 0.3893 +- 0.0371 | VaLoss: 1.6796 +- 0.0868
 27,  0 | TrAcc: 0.4629, TrLoss:  1.46043, VaAcc: 0.4484, VaLoss:  1.54130	 20 sampled NNs | VaAcc: 0.4099 +- 0.0336 | VaLoss: 1.6093 +- 0.0643
 28,  0 | TrAcc: 0.4849, TrLoss:  1.37343, VaAcc: 0.4639, VaLoss:  1.46750	 20 sampled NNs | VaAcc: 0.4246 +- 0.0270 | VaLoss: 1.5471 +- 0.0473
 29,  0 | TrAcc: 0.4924, TrLoss:  1.35975, VaAcc: 0.4621, VaLoss:  1.49476	 20 sampled NNs | VaAcc: 0.4107 +- 0.0369 | VaLoss: 1.6086 +- 0.0839
 30,  0 | TrAcc: 0.4953, TrLoss:  1.38237, VaAcc: 0.4778, VaLoss:  1.45516	 20 sampled NNs | VaAcc: 0.4350 +- 0.0242 | VaLoss: 1.5442 +- 0.0537
 31,  0 | TrAcc: 0.5150, TrLoss:  1.33445, VaAcc: 0.4893, VaLoss:  1.41946	 20 sampled NNs | VaAcc: 0.4441 +- 0.0253 | VaLoss: 1.5092 +- 0.0563
 32,  0 | TrAcc: 0.5313, TrLoss:  1.27637, VaAcc: 0.4870, VaLoss:  1.41800	 20 sampled NNs | VaAcc: 0.4371 +- 0.0322 | VaLoss: 1.5212 +- 0.0729
 33,  0 | TrAcc: 0.5372, TrLoss:  1.26399, VaAcc: 0.4915, VaLoss:  1.41705	 20 sampled NNs | VaAcc: 0.4360 +- 0.0257 | VaLoss: 1.5317 +- 0.0610
 34,  0 | TrAcc: 0.5212, TrLoss:  1.29991, VaAcc: 0.5151, VaLoss:  1.37123	 20 sampled NNs | VaAcc: 0.4683 +- 0.0319 | VaLoss: 1.4806 +- 0.0830
 35,  0 | TrAcc: 0.5377, TrLoss:  1.27474, VaAcc: 0.5296, VaLoss:  1.32538	 20 sampled NNs | VaAcc: 0.4851 +- 0.0334 | VaLoss: 1.4435 +- 0.0699
 36,  0 | TrAcc: 0.5443, TrLoss:  1.27110, VaAcc: 0.5447, VaLoss:  1.33023	 20 sampled NNs | VaAcc: 0.4963 +- 0.0360 | VaLoss: 1.4344 +- 0.0747
 37,  0 | TrAcc: 0.5684, TrLoss:  1.20170, VaAcc: 0.5388, VaLoss:  1.30936	 20 sampled NNs | VaAcc: 0.5061 +- 0.0251 | VaLoss: 1.3853 +- 0.0581
 38,  0 | TrAcc: 0.5662, TrLoss:  1.22285, VaAcc: 0.5366, VaLoss:  1.32255	 20 sampled NNs | VaAcc: 0.4949 +- 0.0304 | VaLoss: 1.4108 +- 0.0611
 39,  0 | TrAcc: 0.5600, TrLoss:  1.19133, VaAcc: 0.5544, VaLoss:  1.27811	 20 sampled NNs | VaAcc: 0.5086 +- 0.0286 | VaLoss: 1.3791 +- 0.0603
2344.765561
----------------------------
