

config:

HOME=/clusterFS/home/student/kopp13
PATH=/clusterFS/home/student/kopp13/miniconda3/envs/tensorflow/bin:/clusterFS/home/student/kopp13/miniconda3/bin:/clusterFS/home/student/kopp13/bin:/usr/local/bin:/usr/bin:/bin:/usr/local/games:/usr/games
LD_LIBRARY_PATH=
THEANO_FLAGS=floatX=float32,gpuarray.preallocate=0.9,dnn.library_path=/usr/lib/x86_64-linux-gnu,cxx=clang++-3.8,device=cuda,base_compiledir=/tmp/tmp.QbQfJkAZlo

=============================
CONFIG FILE

RNN CONFIG
{'data_multiplier': 1000.0,
 'gradient_clip_value': 0.5,
 'layer_configs': [{'layer_type': 'input'},
                   {'bc': {'init_m': 'xavier',
                           'init_v': -4.5,
                           'prior_m': 0.0,
                           'prior_v': 0.0,
                           'type': 'continuous'},
                    'bf': {'init_m': 'xavier',
                           'init_v': -4.5,
                           'prior_m': 0.0,
                           'prior_v': 0.0,
                           'type': 'continuous'},
                    'bi': {'init_m': 'xavier',
                           'init_v': -4.5,
                           'prior_m': 0.0,
                           'prior_v': 0.0,
                           'type': 'continuous'},
                    'bo': {'init_m': 'xavier',
                           'init_v': -4.5,
                           'prior_m': 0.0,
                           'prior_v': 0.0,
                           'type': 'continuous'},
                    'discrete_act': False,
                    'init_config': {'c': {'b': 'all_zero', 'w': 'xavier'},
                                    'f': {'b': 'all_one', 'w': 'all_zero'},
                                    'i': {'b': 'all_zero', 'w': 'xavier'},
                                    'o': {'b': 'all_zero', 'w': 'xavier'}},
                    'is_output': False,
                    'is_recurrent': True,
                    'layer_type': 'lstm',
                    'tau': 0.5,
                    'var_scope': 'lstm_0',
                    'wc': {'p0max': 0.95,
                           'p0min': 0.05,
                           'pmax': 0.99,
                           'pmin': 0.01,
                           'priors': [0.2, 0.6, 0.2],
                           'type': 'ternary'},
                    'wf': {'p0max': 0.95,
                           'p0min': 0.05,
                           'pmax': 0.99,
                           'pmin': 0.01,
                           'priors': [0.2, 0.6, 0.2],
                           'type': 'ternary'},
                    'wi': {'p0max': 0.95,
                           'p0min': 0.05,
                           'pmax': 0.99,
                           'pmin': 0.01,
                           'priors': [0.2, 0.6, 0.2],
                           'type': 'ternary'},
                    'wo': {'p0max': 0.95,
                           'p0min': 0.05,
                           'pmax': 0.99,
                           'pmin': 0.01,
                           'priors': [0.2, 0.6, 0.2],
                           'type': 'ternary'}},
                   {'bc': {'init_m': 'xavier',
                           'init_v': -4.5,
                           'prior_m': 0.0,
                           'prior_v': 0.0,
                           'type': 'continuous'},
                    'bf': {'init_m': 'xavier',
                           'init_v': -4.5,
                           'prior_m': 0.0,
                           'prior_v': 0.0,
                           'type': 'continuous'},
                    'bi': {'init_m': 'xavier',
                           'init_v': -4.5,
                           'prior_m': 0.0,
                           'prior_v': 0.0,
                           'type': 'continuous'},
                    'bo': {'init_m': 'xavier',
                           'init_v': -4.5,
                           'prior_m': 0.0,
                           'prior_v': 0.0,
                           'type': 'continuous'},
                    'discrete_act': False,
                    'init_config': {'c': {'b': 'all_zero', 'w': 'xavier'},
                                    'f': {'b': 'all_one', 'w': 'all_zero'},
                                    'i': {'b': 'all_zero', 'w': 'xavier'},
                                    'o': {'b': 'all_zero', 'w': 'xavier'}},
                    'is_output': False,
                    'is_recurrent': True,
                    'layer_type': 'lstm',
                    'tau': 0.5,
                    'var_scope': 'lstm_1',
                    'wc': {'p0max': 0.95,
                           'p0min': 0.05,
                           'pmax': 0.99,
                           'pmin': 0.01,
                           'priors': [0.2, 0.6, 0.2],
                           'type': 'ternary'},
                    'wf': {'p0max': 0.95,
                           'p0min': 0.05,
                           'pmax': 0.99,
                           'pmin': 0.01,
                           'priors': [0.2, 0.6, 0.2],
                           'type': 'ternary'},
                    'wi': {'p0max': 0.95,
                           'p0min': 0.05,
                           'pmax': 0.99,
                           'pmin': 0.01,
                           'priors': [0.2, 0.6, 0.2],
                           'type': 'ternary'},
                    'wo': {'p0max': 0.95,
                           'p0min': 0.05,
                           'pmax': 0.99,
                           'pmin': 0.01,
                           'priors': [0.2, 0.6, 0.2],
                           'type': 'ternary'}},
                   {'b': {'init_m': 'xavier',
                          'init_v': -4.5,
                          'prior_m': 0.0,
                          'prior_v': 0.0,
                          'type': 'continuous'},
                    'is_output': True,
                    'is_recurrent': False,
                    'layer_type': 'fc',
                    'regularization': {'mode': None, 'strength': 0.02},
                    'tau': 0.5,
                    'var_scope': 'output_layer',
                    'w': {'p0max': 0.95,
                          'p0min': 0.05,
                          'pmax': 0.99,
                          'pmin': 0.01,
                          'priors': [0.2, 0.6, 0.2],
                          'type': 'ternary'}}],
 'layout': [4, 60, 60, 10],
 'output_type': 'classification'}

DATA CONFIG
{'dataset': 'red_penstroke',
 'tr': {'in_seq_len': 30,
        'minibatch_enabled': True,
        'minibatch_size': 200,
        'out_seq_len': 5,
        'zero_padding': 20},
 'va': {'in_seq_len': 30,
        'minibatch_enabled': True,
        'minibatch_size': 200,
        'out_seq_len': 5,
        'zero_padding': 20}}

TRAINING CONFIG
{'beta_reg': 0.0,
 'is_pretrain': False,
 'learning_rate': 0.002,
 'mode': {'max_epochs': 60, 'min_error': 0.0, 'name': 'classic'},
 'task_id': 3,
 'type': 'g_sampling',
 'var_reg': 0.0}
==============================


  0,  0 | TrAcc: 0.1023, TrLoss:  3.92390, VaAcc: 0.0994, VaLoss:  4.01064	 20 sampled NNs | VaAcc: 0.0938 +- 0.0287 | VaLoss: 3.8733 +- 0.5757
  1,  0 | TrAcc: 0.1597, TrLoss:  2.28016, VaAcc: 0.1128, VaLoss:  2.36553	 20 sampled NNs | VaAcc: 0.1121 +- 0.0170 | VaLoss: 2.4750 +- 0.1346
  2,  0 | TrAcc: 0.1335, TrLoss:  2.29498, VaAcc: 0.1170, VaLoss:  2.33182	 20 sampled NNs | VaAcc: 0.1159 +- 0.0187 | VaLoss: 2.3725 +- 0.0551
  3,  0 | TrAcc: 0.1234, TrLoss:  2.27698, VaAcc: 0.1173, VaLoss:  2.30400	 20 sampled NNs | VaAcc: 0.1157 +- 0.0268 | VaLoss: 2.3372 +- 0.0485
  4,  0 | TrAcc: 0.1718, TrLoss:  2.24279, VaAcc: 0.1156, VaLoss:  2.30639	 20 sampled NNs | VaAcc: 0.1129 +- 0.0204 | VaLoss: 2.3557 +- 0.0434
  5,  0 | TrAcc: 0.1689, TrLoss:  2.26008, VaAcc: 0.1142, VaLoss:  2.31126	 20 sampled NNs | VaAcc: 0.1143 +- 0.0087 | VaLoss: 2.3482 +- 0.0309
  6,  0 | TrAcc: 0.1561, TrLoss:  2.25419, VaAcc: 0.1144, VaLoss:  2.30715	 20 sampled NNs | VaAcc: 0.1215 +- 0.0189 | VaLoss: 2.3175 +- 0.0366
  7,  0 | TrAcc: 0.1563, TrLoss:  2.23243, VaAcc: 0.1303, VaLoss:  2.26586	 20 sampled NNs | VaAcc: 0.1229 +- 0.0247 | VaLoss: 2.3239 +- 0.0566
  8,  0 | TrAcc: 0.1568, TrLoss:  2.20381, VaAcc: 0.1526, VaLoss:  2.20832	 20 sampled NNs | VaAcc: 0.1349 +- 0.0251 | VaLoss: 2.2588 +- 0.0335
  9,  0 | TrAcc: 0.1702, TrLoss:  2.16879, VaAcc: 0.1635, VaLoss:  2.18474	 20 sampled NNs | VaAcc: 0.1342 +- 0.0290 | VaLoss: 2.2674 +- 0.0860
 10,  0 | TrAcc: 0.1766, TrLoss:  2.14530, VaAcc: 0.1773, VaLoss:  2.15807	 20 sampled NNs | VaAcc: 0.1469 +- 0.0286 | VaLoss: 2.2219 +- 0.0550
 11,  0 | TrAcc: 0.1939, TrLoss:  2.13047, VaAcc: 0.1928, VaLoss:  2.11024	 20 sampled NNs | VaAcc: 0.1585 +- 0.0194 | VaLoss: 2.2036 +- 0.0514
 12,  0 | TrAcc: 0.2115, TrLoss:  2.06990, VaAcc: 0.2073, VaLoss:  2.07326	 20 sampled NNs | VaAcc: 0.1684 +- 0.0291 | VaLoss: 2.1624 +- 0.0646
 13,  0 | TrAcc: 0.2727, TrLoss:  1.96450, VaAcc: 0.2672, VaLoss:  1.97631	 20 sampled NNs | VaAcc: 0.2348 +- 0.0387 | VaLoss: 2.0691 +- 0.0696
 14,  0 | TrAcc: 0.2623, TrLoss:  1.94897, VaAcc: 0.2845, VaLoss:  1.89063	 20 sampled NNs | VaAcc: 0.2474 +- 0.0377 | VaLoss: 2.0416 +- 0.1044
 15,  0 | TrAcc: 0.2854, TrLoss:  1.89627, VaAcc: 0.3015, VaLoss:  1.84929	 20 sampled NNs | VaAcc: 0.2670 +- 0.0607 | VaLoss: 1.9579 +- 0.1138
 16,  0 | TrAcc: 0.3206, TrLoss:  1.79543, VaAcc: 0.3382, VaLoss:  1.74428	 20 sampled NNs | VaAcc: 0.2978 +- 0.0337 | VaLoss: 1.8787 +- 0.0848
 17,  0 | TrAcc: 0.3179, TrLoss:  1.80394, VaAcc: 0.3718, VaLoss:  1.66994	 20 sampled NNs | VaAcc: 0.3074 +- 0.0323 | VaLoss: 1.8682 +- 0.0820
 18,  0 | TrAcc: 0.3443, TrLoss:  1.72676, VaAcc: 0.3634, VaLoss:  1.66403	 20 sampled NNs | VaAcc: 0.3220 +- 0.0436 | VaLoss: 1.7760 +- 0.0909
 19,  0 | TrAcc: 0.3342, TrLoss:  1.74096, VaAcc: 0.3956, VaLoss:  1.58925	 20 sampled NNs | VaAcc: 0.3415 +- 0.0335 | VaLoss: 1.7485 +- 0.0944
 20,  0 | TrAcc: 0.3840, TrLoss:  1.63078, VaAcc: 0.4143, VaLoss:  1.52302	 20 sampled NNs | VaAcc: 0.3628 +- 0.0460 | VaLoss: 1.6902 +- 0.1104
 21,  0 | TrAcc: 0.3955, TrLoss:  1.61204, VaAcc: 0.4300, VaLoss:  1.47206	 20 sampled NNs | VaAcc: 0.3940 +- 0.0366 | VaLoss: 1.5917 +- 0.1130
 22,  0 | TrAcc: 0.3936, TrLoss:  1.59349, VaAcc: 0.4373, VaLoss:  1.48266	 20 sampled NNs | VaAcc: 0.3528 +- 0.0515 | VaLoss: 1.6623 +- 0.0943
 23,  0 | TrAcc: 0.4063, TrLoss:  1.56124, VaAcc: 0.4485, VaLoss:  1.45539	 20 sampled NNs | VaAcc: 0.3872 +- 0.0415 | VaLoss: 1.6062 +- 0.1142
 24,  0 | TrAcc: 0.4193, TrLoss:  1.53916, VaAcc: 0.4766, VaLoss:  1.39192	 20 sampled NNs | VaAcc: 0.4075 +- 0.0385 | VaLoss: 1.5479 +- 0.1117
 25,  0 | TrAcc: 0.4287, TrLoss:  1.49983, VaAcc: 0.4784, VaLoss:  1.37623	 20 sampled NNs | VaAcc: 0.4112 +- 0.0503 | VaLoss: 1.5346 +- 0.1038
 26,  0 | TrAcc: 0.4589, TrLoss:  1.48954, VaAcc: 0.4894, VaLoss:  1.34939	 20 sampled NNs | VaAcc: 0.4464 +- 0.0319 | VaLoss: 1.4779 +- 0.0689
 27,  0 | TrAcc: 0.4769, TrLoss:  1.41945, VaAcc: 0.4915, VaLoss:  1.33862	 20 sampled NNs | VaAcc: 0.4403 +- 0.0329 | VaLoss: 1.4673 +- 0.0737
 28,  0 | TrAcc: 0.4581, TrLoss:  1.46477, VaAcc: 0.5016, VaLoss:  1.32407	 20 sampled NNs | VaAcc: 0.4347 +- 0.0496 | VaLoss: 1.4592 +- 0.0787
 29,  0 | TrAcc: 0.4915, TrLoss:  1.37331, VaAcc: 0.5188, VaLoss:  1.28822	 20 sampled NNs | VaAcc: 0.4627 +- 0.0242 | VaLoss: 1.4150 +- 0.0745
 30,  0 | TrAcc: 0.4860, TrLoss:  1.36045, VaAcc: 0.5087, VaLoss:  1.30108	 20 sampled NNs | VaAcc: 0.4642 +- 0.0313 | VaLoss: 1.4193 +- 0.0592
 31,  0 | TrAcc: 0.5243, TrLoss:  1.33772, VaAcc: 0.5374, VaLoss:  1.27421	 20 sampled NNs | VaAcc: 0.4858 +- 0.0471 | VaLoss: 1.3764 +- 0.0838
 32,  0 | TrAcc: 0.5087, TrLoss:  1.37006, VaAcc: 0.5464, VaLoss:  1.23234	 20 sampled NNs | VaAcc: 0.4991 +- 0.0309 | VaLoss: 1.3473 +- 0.0699
 33,  0 | TrAcc: 0.5294, TrLoss:  1.27654, VaAcc: 0.5524, VaLoss:  1.21503	 20 sampled NNs | VaAcc: 0.5228 +- 0.0255 | VaLoss: 1.2984 +- 0.0603
 34,  0 | TrAcc: 0.5338, TrLoss:  1.24832, VaAcc: 0.5645, VaLoss:  1.19495	 20 sampled NNs | VaAcc: 0.5114 +- 0.0286 | VaLoss: 1.3205 +- 0.0608
 35,  0 | TrAcc: 0.5581, TrLoss:  1.24794, VaAcc: 0.5613, VaLoss:  1.19512	 20 sampled NNs | VaAcc: 0.5274 +- 0.0217 | VaLoss: 1.2767 +- 0.0675
 36,  0 | TrAcc: 0.5440, TrLoss:  1.25783, VaAcc: 0.5723, VaLoss:  1.18231	 20 sampled NNs | VaAcc: 0.5438 +- 0.0315 | VaLoss: 1.2609 +- 0.0568
 37,  0 | TrAcc: 0.5595, TrLoss:  1.23158, VaAcc: 0.6013, VaLoss:  1.11826	 20 sampled NNs | VaAcc: 0.5584 +- 0.0386 | VaLoss: 1.2179 +- 0.0767
 38,  0 | TrAcc: 0.5715, TrLoss:  1.21636, VaAcc: 0.6008, VaLoss:  1.10208	 20 sampled NNs | VaAcc: 0.5641 +- 0.0338 | VaLoss: 1.2010 +- 0.0788
 39,  0 | TrAcc: 0.5689, TrLoss:  1.20972, VaAcc: 0.6155, VaLoss:  1.06943	 20 sampled NNs | VaAcc: 0.5657 +- 0.0259 | VaLoss: 1.1891 +- 0.0631
 40,  0 | TrAcc: 0.5716, TrLoss:  1.22437, VaAcc: 0.6101, VaLoss:  1.09961	 20 sampled NNs | VaAcc: 0.5539 +- 0.0310 | VaLoss: 1.2367 +- 0.0698
 41,  0 | TrAcc: 0.5884, TrLoss:  1.13484, VaAcc: 0.6260, VaLoss:  1.07876	 20 sampled NNs | VaAcc: 0.5661 +- 0.0391 | VaLoss: 1.2396 +- 0.0777
 42,  0 | TrAcc: 0.5742, TrLoss:  1.18193, VaAcc: 0.6123, VaLoss:  1.07216	 20 sampled NNs | VaAcc: 0.5562 +- 0.0346 | VaLoss: 1.2023 +- 0.0832
 43,  0 | TrAcc: 0.5974, TrLoss:  1.11867, VaAcc: 0.6189, VaLoss:  1.07106	 20 sampled NNs | VaAcc: 0.5856 +- 0.0342 | VaLoss: 1.1523 +- 0.0705
 44,  0 | TrAcc: 0.6136, TrLoss:  1.08755, VaAcc: 0.6284, VaLoss:  1.05397	 20 sampled NNs | VaAcc: 0.5859 +- 0.0274 | VaLoss: 1.1518 +- 0.0737
 45,  0 | TrAcc: 0.6155, TrLoss:  1.11543, VaAcc: 0.6473, VaLoss:  1.03298	 20 sampled NNs | VaAcc: 0.5913 +- 0.0325 | VaLoss: 1.1721 +- 0.0720
 46,  0 | TrAcc: 0.6301, TrLoss:  1.02492, VaAcc: 0.6530, VaLoss:  1.00542	 20 sampled NNs | VaAcc: 0.6051 +- 0.0330 | VaLoss: 1.1240 +- 0.0736
 47,  0 | TrAcc: 0.6288, TrLoss:  1.05759, VaAcc: 0.6573, VaLoss:  0.99911	 20 sampled NNs | VaAcc: 0.6130 +- 0.0344 | VaLoss: 1.1053 +- 0.0671
 48,  0 | TrAcc: 0.5837, TrLoss:  1.15515, VaAcc: 0.6529, VaLoss:  1.02470	 20 sampled NNs | VaAcc: 0.6006 +- 0.0338 | VaLoss: 1.1454 +- 0.0684
 49,  0 | TrAcc: 0.6440, TrLoss:  0.99653, VaAcc: 0.6634, VaLoss:  0.99393	 20 sampled NNs | VaAcc: 0.6251 +- 0.0252 | VaLoss: 1.1000 +- 0.0601
 50,  0 | TrAcc: 0.6251, TrLoss:  1.08068, VaAcc: 0.6700, VaLoss:  0.96833	 20 sampled NNs | VaAcc: 0.6315 +- 0.0209 | VaLoss: 1.0553 +- 0.0420
 51,  0 | TrAcc: 0.6350, TrLoss:  1.03964, VaAcc: 0.6609, VaLoss:  0.98297	 20 sampled NNs | VaAcc: 0.6205 +- 0.0360 | VaLoss: 1.0951 +- 0.0808
 52,  0 | TrAcc: 0.6391, TrLoss:  1.00726, VaAcc: 0.6809, VaLoss:  0.95236	 20 sampled NNs | VaAcc: 0.6417 +- 0.0301 | VaLoss: 1.0469 +- 0.0812
 53,  0 | TrAcc: 0.6547, TrLoss:  0.98008, VaAcc: 0.6859, VaLoss:  0.95186	 20 sampled NNs | VaAcc: 0.6551 +- 0.0230 | VaLoss: 1.0239 +- 0.0446
 54,  0 | TrAcc: 0.6392, TrLoss:  1.02744, VaAcc: 0.6732, VaLoss:  0.96549	 20 sampled NNs | VaAcc: 0.6440 +- 0.0329 | VaLoss: 1.0512 +- 0.0610
 55,  0 | TrAcc: 0.6574, TrLoss:  0.98916, VaAcc: 0.6945, VaLoss:  0.93167	 20 sampled NNs | VaAcc: 0.6629 +- 0.0243 | VaLoss: 1.0188 +- 0.0414
 56,  0 | TrAcc: 0.6605, TrLoss:  0.98793, VaAcc: 0.6709, VaLoss:  0.97280	 20 sampled NNs | VaAcc: 0.6375 +- 0.0317 | VaLoss: 1.0683 +- 0.0662
 57,  0 | TrAcc: 0.6778, TrLoss:  0.89253, VaAcc: 0.6829, VaLoss:  0.91352	 20 sampled NNs | VaAcc: 0.6578 +- 0.0221 | VaLoss: 0.9893 +- 0.0476
 58,  0 | TrAcc: 0.6512, TrLoss:  0.96553, VaAcc: 0.7074, VaLoss:  0.88270	 20 sampled NNs | VaAcc: 0.6803 +- 0.0216 | VaLoss: 0.9562 +- 0.0382
 59,  0 | TrAcc: 0.6891, TrLoss:  0.90591, VaAcc: 0.7028, VaLoss:  0.91885	 20 sampled NNs | VaAcc: 0.6659 +- 0.0286 | VaLoss: 1.0074 +- 0.0532
3468.082093
----------------------------
