

config:

HOME=/clusterFS/home/student/kopp13
PATH=/clusterFS/home/student/kopp13/miniconda3/envs/tensorflow/bin:/clusterFS/home/student/kopp13/miniconda3/bin:/clusterFS/home/student/kopp13/bin:/usr/local/bin:/usr/bin:/bin:/usr/local/games:/usr/games
LD_LIBRARY_PATH=
THEANO_FLAGS=floatX=float32,gpuarray.preallocate=0.9,dnn.library_path=/usr/lib/x86_64-linux-gnu,cxx=clang++-3.8,device=cuda,base_compiledir=/tmp/tmp.ZxPZpl71m6

=============================
CONFIG FILE

RNN CONFIG
{'data_multiplier': 1000.0,
 'gradient_clip_value': 0.5,
 'layer_configs': [{'layer_type': 'input'},
                   {'bc': {'init_m': 'xavier',
                           'init_v': -4.5,
                           'prior_m': 0.0,
                           'prior_v': 0.0,
                           'type': 'continuous'},
                    'bf': {'init_m': 'xavier',
                           'init_v': -4.5,
                           'prior_m': 0.0,
                           'prior_v': 0.0,
                           'type': 'continuous'},
                    'bi': {'init_m': 'xavier',
                           'init_v': -4.5,
                           'prior_m': 0.0,
                           'prior_v': 0.0,
                           'type': 'continuous'},
                    'bo': {'init_m': 'xavier',
                           'init_v': -4.5,
                           'prior_m': 0.0,
                           'prior_v': 0.0,
                           'type': 'continuous'},
                    'discrete_act': False,
                    'init_config': {'c': {'b': 'all_zero', 'w': 'xavier'},
                                    'f': {'b': 'all_one', 'w': 'all_zero'},
                                    'i': {'b': 'all_zero', 'w': 'xavier'},
                                    'o': {'b': 'all_zero', 'w': 'xavier'}},
                    'is_output': False,
                    'is_recurrent': True,
                    'layer_type': 'lstm',
                    'tau': 0.5,
                    'var_scope': 'lstm_0',
                    'wc': {'p0max': 0.95,
                           'p0min': 0.05,
                           'pmax': 0.99,
                           'pmin': 0.01,
                           'priors': [0.2, 0.6, 0.2],
                           'type': 'ternary'},
                    'wf': {'p0max': 0.95,
                           'p0min': 0.05,
                           'pmax': 0.99,
                           'pmin': 0.01,
                           'priors': [0.2, 0.6, 0.2],
                           'type': 'ternary'},
                    'wi': {'p0max': 0.95,
                           'p0min': 0.05,
                           'pmax': 0.99,
                           'pmin': 0.01,
                           'priors': [0.2, 0.6, 0.2],
                           'type': 'ternary'},
                    'wo': {'p0max': 0.95,
                           'p0min': 0.05,
                           'pmax': 0.99,
                           'pmin': 0.01,
                           'priors': [0.2, 0.6, 0.2],
                           'type': 'ternary'}},
                   {'bc': {'init_m': 'xavier',
                           'init_v': -4.5,
                           'prior_m': 0.0,
                           'prior_v': 0.0,
                           'type': 'continuous'},
                    'bf': {'init_m': 'xavier',
                           'init_v': -4.5,
                           'prior_m': 0.0,
                           'prior_v': 0.0,
                           'type': 'continuous'},
                    'bi': {'init_m': 'xavier',
                           'init_v': -4.5,
                           'prior_m': 0.0,
                           'prior_v': 0.0,
                           'type': 'continuous'},
                    'bo': {'init_m': 'xavier',
                           'init_v': -4.5,
                           'prior_m': 0.0,
                           'prior_v': 0.0,
                           'type': 'continuous'},
                    'discrete_act': False,
                    'init_config': {'c': {'b': 'all_zero', 'w': 'xavier'},
                                    'f': {'b': 'all_one', 'w': 'all_zero'},
                                    'i': {'b': 'all_zero', 'w': 'xavier'},
                                    'o': {'b': 'all_zero', 'w': 'xavier'}},
                    'is_output': False,
                    'is_recurrent': True,
                    'layer_type': 'lstm',
                    'tau': 0.5,
                    'var_scope': 'lstm_1',
                    'wc': {'p0max': 0.95,
                           'p0min': 0.05,
                           'pmax': 0.99,
                           'pmin': 0.01,
                           'priors': [0.2, 0.6, 0.2],
                           'type': 'ternary'},
                    'wf': {'p0max': 0.95,
                           'p0min': 0.05,
                           'pmax': 0.99,
                           'pmin': 0.01,
                           'priors': [0.2, 0.6, 0.2],
                           'type': 'ternary'},
                    'wi': {'p0max': 0.95,
                           'p0min': 0.05,
                           'pmax': 0.99,
                           'pmin': 0.01,
                           'priors': [0.2, 0.6, 0.2],
                           'type': 'ternary'},
                    'wo': {'p0max': 0.95,
                           'p0min': 0.05,
                           'pmax': 0.99,
                           'pmin': 0.01,
                           'priors': [0.2, 0.6, 0.2],
                           'type': 'ternary'}},
                   {'b': {'init_m': 'xavier',
                          'init_v': -4.5,
                          'prior_m': 0.0,
                          'prior_v': 0.0,
                          'type': 'continuous'},
                    'is_output': True,
                    'is_recurrent': False,
                    'layer_type': 'fc',
                    'regularization': {'mode': None, 'strength': 0.02},
                    'tau': 0.5,
                    'var_scope': 'output_layer',
                    'w': {'p0max': 0.95,
                          'p0min': 0.05,
                          'pmax': 0.99,
                          'pmin': 0.01,
                          'priors': [0.2, 0.6, 0.2],
                          'type': 'ternary'}}],
 'layout': [4, 60, 60, 10],
 'output_type': 'classification'}

DATA CONFIG
{'dataset': 'red_penstroke',
 'tr': {'in_seq_len': 30,
        'minibatch_enabled': True,
        'minibatch_size': 200,
        'out_seq_len': 5,
        'zero_padding': 20},
 'va': {'in_seq_len': 30,
        'minibatch_enabled': True,
        'minibatch_size': 200,
        'out_seq_len': 5,
        'zero_padding': 20}}

TRAINING CONFIG
{'beta_reg': 0.0,
 'is_pretrain': False,
 'learning_rate': 0.002,
 'mode': {'max_epochs': 80, 'min_error': 0.0, 'name': 'classic'},
 'task_id': 4,
 'type': 'g_sampling',
 'var_reg': 0.0}
==============================


  0,  0 | TrAcc: 0.1040, TrLoss:  3.86304, VaAcc: 0.0954, VaLoss:  3.79002	 20 sampled NNs | VaAcc: 0.0989 +- 0.0210 | VaLoss: 3.5931 +- 0.6269
  1,  0 | TrAcc: 0.1231, TrLoss:  2.32485, VaAcc: 0.1160, VaLoss:  2.33194	 20 sampled NNs | VaAcc: 0.1223 +- 0.0215 | VaLoss: 2.3772 +- 0.1210
  2,  0 | TrAcc: 0.1396, TrLoss:  2.27244, VaAcc: 0.1145, VaLoss:  2.32529	 20 sampled NNs | VaAcc: 0.1067 +- 0.0164 | VaLoss: 2.3569 +- 0.0551
  3,  0 | TrAcc: 0.1608, TrLoss:  2.25057, VaAcc: 0.1062, VaLoss:  2.32569	 20 sampled NNs | VaAcc: 0.1092 +- 0.0154 | VaLoss: 2.3708 +- 0.0407
  4,  0 | TrAcc: 0.1463, TrLoss:  2.25627, VaAcc: 0.1173, VaLoss:  2.29762	 20 sampled NNs | VaAcc: 0.1168 +- 0.0153 | VaLoss: 2.3309 +- 0.0968
  5,  0 | TrAcc: 0.1423, TrLoss:  2.26063, VaAcc: 0.1096, VaLoss:  2.30972	 20 sampled NNs | VaAcc: 0.1047 +- 0.0180 | VaLoss: 2.3346 +- 0.0278
  6,  0 | TrAcc: 0.1553, TrLoss:  2.23890, VaAcc: 0.1133, VaLoss:  2.28707	 20 sampled NNs | VaAcc: 0.1201 +- 0.0125 | VaLoss: 2.3124 +- 0.0337
  7,  0 | TrAcc: 0.1449, TrLoss:  2.24180, VaAcc: 0.1297, VaLoss:  2.28858	 20 sampled NNs | VaAcc: 0.1212 +- 0.0212 | VaLoss: 2.3293 +- 0.0495
  8,  0 | TrAcc: 0.1683, TrLoss:  2.19939, VaAcc: 0.1253, VaLoss:  2.25864	 20 sampled NNs | VaAcc: 0.1231 +- 0.0157 | VaLoss: 2.2978 +- 0.0320
  9,  0 | TrAcc: 0.1703, TrLoss:  2.18050, VaAcc: 0.1447, VaLoss:  2.23052	 20 sampled NNs | VaAcc: 0.1346 +- 0.0188 | VaLoss: 2.2659 +- 0.0456
 10,  0 | TrAcc: 0.1904, TrLoss:  2.13676, VaAcc: 0.1737, VaLoss:  2.19000	 20 sampled NNs | VaAcc: 0.1515 +- 0.0157 | VaLoss: 2.2423 +- 0.0582
 11,  0 | TrAcc: 0.2241, TrLoss:  2.10506, VaAcc: 0.1885, VaLoss:  2.15218	 20 sampled NNs | VaAcc: 0.1689 +- 0.0264 | VaLoss: 2.2078 +- 0.0801
 12,  0 | TrAcc: 0.2203, TrLoss:  2.08549, VaAcc: 0.2180, VaLoss:  2.09464	 20 sampled NNs | VaAcc: 0.1894 +- 0.0341 | VaLoss: 2.1798 +- 0.0582
 13,  0 | TrAcc: 0.2628, TrLoss:  2.00288, VaAcc: 0.2347, VaLoss:  2.08070	 20 sampled NNs | VaAcc: 0.2127 +- 0.0359 | VaLoss: 2.1253 +- 0.0589
 14,  0 | TrAcc: 0.2684, TrLoss:  1.95525, VaAcc: 0.2550, VaLoss:  2.03408	 20 sampled NNs | VaAcc: 0.2348 +- 0.0312 | VaLoss: 2.1292 +- 0.1278
 15,  0 | TrAcc: 0.2773, TrLoss:  1.90924, VaAcc: 0.2708, VaLoss:  1.95889	 20 sampled NNs | VaAcc: 0.2325 +- 0.0296 | VaLoss: 2.0542 +- 0.0788
 16,  0 | TrAcc: 0.2967, TrLoss:  1.87820, VaAcc: 0.2643, VaLoss:  1.93953	 20 sampled NNs | VaAcc: 0.2371 +- 0.0386 | VaLoss: 2.0216 +- 0.0714
 17,  0 | TrAcc: 0.3104, TrLoss:  1.81195, VaAcc: 0.3026, VaLoss:  1.84254	 20 sampled NNs | VaAcc: 0.2444 +- 0.0514 | VaLoss: 1.9997 +- 0.1284
 18,  0 | TrAcc: 0.3163, TrLoss:  1.77001, VaAcc: 0.3172, VaLoss:  1.80157	 20 sampled NNs | VaAcc: 0.2703 +- 0.0408 | VaLoss: 1.9236 +- 0.0710
 19,  0 | TrAcc: 0.3479, TrLoss:  1.73781, VaAcc: 0.3108, VaLoss:  1.79099	 20 sampled NNs | VaAcc: 0.2750 +- 0.0406 | VaLoss: 1.9029 +- 0.1010
 20,  0 | TrAcc: 0.3545, TrLoss:  1.67069, VaAcc: 0.3505, VaLoss:  1.72101	 20 sampled NNs | VaAcc: 0.3080 +- 0.0391 | VaLoss: 1.8441 +- 0.0813
 21,  0 | TrAcc: 0.3843, TrLoss:  1.67164, VaAcc: 0.3507, VaLoss:  1.71932	 20 sampled NNs | VaAcc: 0.3223 +- 0.0338 | VaLoss: 1.7824 +- 0.0744
 22,  0 | TrAcc: 0.3799, TrLoss:  1.65657, VaAcc: 0.3697, VaLoss:  1.65622	 20 sampled NNs | VaAcc: 0.3178 +- 0.0404 | VaLoss: 1.7710 +- 0.0675
 23,  0 | TrAcc: 0.4104, TrLoss:  1.58911, VaAcc: 0.3821, VaLoss:  1.63427	 20 sampled NNs | VaAcc: 0.3194 +- 0.0375 | VaLoss: 1.7650 +- 0.0732
 24,  0 | TrAcc: 0.4241, TrLoss:  1.52352, VaAcc: 0.4080, VaLoss:  1.57047	 20 sampled NNs | VaAcc: 0.3840 +- 0.0191 | VaLoss: 1.6586 +- 0.0487
 25,  0 | TrAcc: 0.4265, TrLoss:  1.55858, VaAcc: 0.4148, VaLoss:  1.56459	 20 sampled NNs | VaAcc: 0.3735 +- 0.0397 | VaLoss: 1.6942 +- 0.0794
 26,  0 | TrAcc: 0.4402, TrLoss:  1.52918, VaAcc: 0.4308, VaLoss:  1.53709	 20 sampled NNs | VaAcc: 0.3974 +- 0.0326 | VaLoss: 1.6257 +- 0.0540
 27,  0 | TrAcc: 0.4694, TrLoss:  1.43328, VaAcc: 0.4339, VaLoss:  1.50688	 20 sampled NNs | VaAcc: 0.3904 +- 0.0303 | VaLoss: 1.6131 +- 0.0841
 28,  0 | TrAcc: 0.4641, TrLoss:  1.40594, VaAcc: 0.4404, VaLoss:  1.50974	 20 sampled NNs | VaAcc: 0.4047 +- 0.0423 | VaLoss: 1.6198 +- 0.1195
 29,  0 | TrAcc: 0.4865, TrLoss:  1.41785, VaAcc: 0.4561, VaLoss:  1.44988	 20 sampled NNs | VaAcc: 0.4095 +- 0.0304 | VaLoss: 1.5697 +- 0.0656
 30,  0 | TrAcc: 0.4676, TrLoss:  1.40946, VaAcc: 0.4605, VaLoss:  1.45578	 20 sampled NNs | VaAcc: 0.4159 +- 0.0322 | VaLoss: 1.5764 +- 0.0706
 31,  0 | TrAcc: 0.4942, TrLoss:  1.38658, VaAcc: 0.4661, VaLoss:  1.43698	 20 sampled NNs | VaAcc: 0.4310 +- 0.0427 | VaLoss: 1.5204 +- 0.0751
 32,  0 | TrAcc: 0.5258, TrLoss:  1.32417, VaAcc: 0.4954, VaLoss:  1.39292	 20 sampled NNs | VaAcc: 0.4532 +- 0.0320 | VaLoss: 1.4817 +- 0.0731
 33,  0 | TrAcc: 0.4717, TrLoss:  1.41337, VaAcc: 0.4677, VaLoss:  1.40489	 20 sampled NNs | VaAcc: 0.4222 +- 0.0322 | VaLoss: 1.5140 +- 0.0733
 34,  0 | TrAcc: 0.5052, TrLoss:  1.33527, VaAcc: 0.5058, VaLoss:  1.37512	 20 sampled NNs | VaAcc: 0.4704 +- 0.0366 | VaLoss: 1.4702 +- 0.0563
 35,  0 | TrAcc: 0.5290, TrLoss:  1.26798, VaAcc: 0.5189, VaLoss:  1.34012	 20 sampled NNs | VaAcc: 0.4642 +- 0.0445 | VaLoss: 1.4701 +- 0.0968
 36,  0 | TrAcc: 0.5718, TrLoss:  1.20659, VaAcc: 0.5236, VaLoss:  1.33940	 20 sampled NNs | VaAcc: 0.4736 +- 0.0257 | VaLoss: 1.4394 +- 0.0558
 37,  0 | TrAcc: 0.5613, TrLoss:  1.22196, VaAcc: 0.5232, VaLoss:  1.31889	 20 sampled NNs | VaAcc: 0.4920 +- 0.0265 | VaLoss: 1.3912 +- 0.0666
 38,  0 | TrAcc: 0.5461, TrLoss:  1.23495, VaAcc: 0.5136, VaLoss:  1.30986	 20 sampled NNs | VaAcc: 0.4733 +- 0.0300 | VaLoss: 1.4096 +- 0.0698
 39,  0 | TrAcc: 0.5898, TrLoss:  1.15313, VaAcc: 0.5627, VaLoss:  1.24451	 20 sampled NNs | VaAcc: 0.5187 +- 0.0273 | VaLoss: 1.3351 +- 0.0524
 40,  0 | TrAcc: 0.5657, TrLoss:  1.21255, VaAcc: 0.5326, VaLoss:  1.28581	 20 sampled NNs | VaAcc: 0.4925 +- 0.0346 | VaLoss: 1.3847 +- 0.0774
 41,  0 | TrAcc: 0.5905, TrLoss:  1.16216, VaAcc: 0.5668, VaLoss:  1.21135	 20 sampled NNs | VaAcc: 0.5415 +- 0.0237 | VaLoss: 1.2949 +- 0.0584
 42,  0 | TrAcc: 0.5798, TrLoss:  1.16210, VaAcc: 0.5564, VaLoss:  1.23669	 20 sampled NNs | VaAcc: 0.5306 +- 0.0264 | VaLoss: 1.3098 +- 0.0613
 43,  0 | TrAcc: 0.5788, TrLoss:  1.16637, VaAcc: 0.5694, VaLoss:  1.21276	 20 sampled NNs | VaAcc: 0.5302 +- 0.0304 | VaLoss: 1.3152 +- 0.0623
 44,  0 | TrAcc: 0.6054, TrLoss:  1.11197, VaAcc: 0.5835, VaLoss:  1.16959	 20 sampled NNs | VaAcc: 0.5401 +- 0.0288 | VaLoss: 1.2647 +- 0.0721
 45,  0 | TrAcc: 0.6384, TrLoss:  1.03439, VaAcc: 0.5764, VaLoss:  1.19491	 20 sampled NNs | VaAcc: 0.5299 +- 0.0363 | VaLoss: 1.2999 +- 0.0730
 46,  0 | TrAcc: 0.6244, TrLoss:  1.05222, VaAcc: 0.5850, VaLoss:  1.17775	 20 sampled NNs | VaAcc: 0.5538 +- 0.0188 | VaLoss: 1.2607 +- 0.0359
 47,  0 | TrAcc: 0.6040, TrLoss:  1.10653, VaAcc: 0.5991, VaLoss:  1.15357	 20 sampled NNs | VaAcc: 0.5525 +- 0.0264 | VaLoss: 1.2536 +- 0.0584
 48,  0 | TrAcc: 0.6413, TrLoss:  0.99446, VaAcc: 0.5994, VaLoss:  1.15202	 20 sampled NNs | VaAcc: 0.5765 +- 0.0264 | VaLoss: 1.2155 +- 0.0638
 49,  0 | TrAcc: 0.6616, TrLoss:  0.95256, VaAcc: 0.6052, VaLoss:  1.11768	 20 sampled NNs | VaAcc: 0.5653 +- 0.0208 | VaLoss: 1.2253 +- 0.0528
 50,  0 | TrAcc: 0.6312, TrLoss:  1.03920, VaAcc: 0.6142, VaLoss:  1.10351	 20 sampled NNs | VaAcc: 0.5735 +- 0.0243 | VaLoss: 1.2002 +- 0.0475
 51,  0 | TrAcc: 0.6474, TrLoss:  0.99592, VaAcc: 0.6147, VaLoss:  1.10187	 20 sampled NNs | VaAcc: 0.5672 +- 0.0323 | VaLoss: 1.2003 +- 0.0655
 52,  0 | TrAcc: 0.6479, TrLoss:  1.00971, VaAcc: 0.6356, VaLoss:  1.07828	 20 sampled NNs | VaAcc: 0.5811 +- 0.0289 | VaLoss: 1.2263 +- 0.0762
 53,  0 | TrAcc: 0.6595, TrLoss:  0.95619, VaAcc: 0.6228, VaLoss:  1.08229	 20 sampled NNs | VaAcc: 0.5894 +- 0.0292 | VaLoss: 1.1717 +- 0.0604
 54,  0 | TrAcc: 0.6721, TrLoss:  0.93054, VaAcc: 0.6209, VaLoss:  1.09702	 20 sampled NNs | VaAcc: 0.5794 +- 0.0323 | VaLoss: 1.1950 +- 0.0760
 55,  0 | TrAcc: 0.6811, TrLoss:  0.92519, VaAcc: 0.6202, VaLoss:  1.09678	 20 sampled NNs | VaAcc: 0.5856 +- 0.0238 | VaLoss: 1.1842 +- 0.0631
 56,  0 | TrAcc: 0.6759, TrLoss:  0.91648, VaAcc: 0.6474, VaLoss:  1.02679	 20 sampled NNs | VaAcc: 0.6090 +- 0.0254 | VaLoss: 1.1145 +- 0.0466
 57,  0 | TrAcc: 0.6592, TrLoss:  0.97354, VaAcc: 0.6496, VaLoss:  1.02314	 20 sampled NNs | VaAcc: 0.6185 +- 0.0261 | VaLoss: 1.1010 +- 0.0450
 58,  0 | TrAcc: 0.6778, TrLoss:  0.90976, VaAcc: 0.6421, VaLoss:  1.06245	 20 sampled NNs | VaAcc: 0.6087 +- 0.0169 | VaLoss: 1.1447 +- 0.0491
 59,  0 | TrAcc: 0.6558, TrLoss:  0.95792, VaAcc: 0.6395, VaLoss:  1.04573	 20 sampled NNs | VaAcc: 0.6044 +- 0.0389 | VaLoss: 1.1396 +- 0.0955
 60,  0 | TrAcc: 0.6410, TrLoss:  1.02122, VaAcc: 0.6450, VaLoss:  1.01563	 20 sampled NNs | VaAcc: 0.6167 +- 0.0204 | VaLoss: 1.0921 +- 0.0442
 61,  0 | TrAcc: 0.6743, TrLoss:  0.93221, VaAcc: 0.6609, VaLoss:  0.98294	 20 sampled NNs | VaAcc: 0.6285 +- 0.0231 | VaLoss: 1.0614 +- 0.0565
 62,  0 | TrAcc: 0.6617, TrLoss:  0.92415, VaAcc: 0.6502, VaLoss:  1.00337	 20 sampled NNs | VaAcc: 0.6204 +- 0.0202 | VaLoss: 1.0731 +- 0.0489
 63,  0 | TrAcc: 0.6886, TrLoss:  0.88058, VaAcc: 0.6561, VaLoss:  1.00693	 20 sampled NNs | VaAcc: 0.6154 +- 0.0307 | VaLoss: 1.1141 +- 0.0720
 64,  0 | TrAcc: 0.7001, TrLoss:  0.89252, VaAcc: 0.6659, VaLoss:  0.98214	 20 sampled NNs | VaAcc: 0.6450 +- 0.0214 | VaLoss: 1.0330 +- 0.0432
 65,  0 | TrAcc: 0.6712, TrLoss:  0.92405, VaAcc: 0.6631, VaLoss:  1.00704	 20 sampled NNs | VaAcc: 0.6311 +- 0.0178 | VaLoss: 1.0718 +- 0.0366
 66,  0 | TrAcc: 0.7002, TrLoss:  0.84955, VaAcc: 0.6601, VaLoss:  0.97613	 20 sampled NNs | VaAcc: 0.6252 +- 0.0256 | VaLoss: 1.0660 +- 0.0602
 67,  0 | TrAcc: 0.6910, TrLoss:  0.85221, VaAcc: 0.6644, VaLoss:  0.97958	 20 sampled NNs | VaAcc: 0.6435 +- 0.0212 | VaLoss: 1.0333 +- 0.0336
 68,  0 | TrAcc: 0.7057, TrLoss:  0.82408, VaAcc: 0.6622, VaLoss:  0.98823	 20 sampled NNs | VaAcc: 0.6378 +- 0.0213 | VaLoss: 1.0413 +- 0.0474
 69,  0 | TrAcc: 0.7180, TrLoss:  0.79077, VaAcc: 0.6680, VaLoss:  0.94662	 20 sampled NNs | VaAcc: 0.6509 +- 0.0145 | VaLoss: 1.0023 +- 0.0364
 70,  0 | TrAcc: 0.7099, TrLoss:  0.83346, VaAcc: 0.6629, VaLoss:  0.97378	 20 sampled NNs | VaAcc: 0.6305 +- 0.0188 | VaLoss: 1.0408 +- 0.0434
 71,  0 | TrAcc: 0.6786, TrLoss:  0.88091, VaAcc: 0.6744, VaLoss:  0.95512	 20 sampled NNs | VaAcc: 0.6494 +- 0.0252 | VaLoss: 1.0226 +- 0.0616
 72,  0 | TrAcc: 0.7158, TrLoss:  0.82075, VaAcc: 0.6834, VaLoss:  0.94676	 20 sampled NNs | VaAcc: 0.6608 +- 0.0211 | VaLoss: 1.0095 +- 0.0485
 73,  0 | TrAcc: 0.7009, TrLoss:  0.85009, VaAcc: 0.6807, VaLoss:  0.93514	 20 sampled NNs | VaAcc: 0.6585 +- 0.0213 | VaLoss: 0.9854 +- 0.0489
 74,  0 | TrAcc: 0.7319, TrLoss:  0.78437, VaAcc: 0.6910, VaLoss:  0.92332	 20 sampled NNs | VaAcc: 0.6687 +- 0.0282 | VaLoss: 0.9825 +- 0.0675
 75,  0 | TrAcc: 0.7165, TrLoss:  0.78515, VaAcc: 0.6785, VaLoss:  0.92464	 20 sampled NNs | VaAcc: 0.6545 +- 0.0208 | VaLoss: 0.9915 +- 0.0465
 76,  0 | TrAcc: 0.7310, TrLoss:  0.77845, VaAcc: 0.6895, VaLoss:  0.90053	 20 sampled NNs | VaAcc: 0.6686 +- 0.0163 | VaLoss: 0.9577 +- 0.0326
 77,  0 | TrAcc: 0.7254, TrLoss:  0.81101, VaAcc: 0.6907, VaLoss:  0.92276	 20 sampled NNs | VaAcc: 0.6745 +- 0.0159 | VaLoss: 0.9568 +- 0.0363
 78,  0 | TrAcc: 0.7123, TrLoss:  0.84712, VaAcc: 0.6827, VaLoss:  0.91997	 20 sampled NNs | VaAcc: 0.6660 +- 0.0229 | VaLoss: 0.9696 +- 0.0546
 79,  0 | TrAcc: 0.6906, TrLoss:  0.88177, VaAcc: 0.7020, VaLoss:  0.89652	 20 sampled NNs | VaAcc: 0.6812 +- 0.0159 | VaLoss: 0.9434 +- 0.0462
4619.348269
----------------------------
