

config:

HOME=/clusterFS/home/student/kopp13
PATH=/clusterFS/home/student/kopp13/miniconda3/envs/tensorflow/bin:/clusterFS/home/student/kopp13/miniconda3/bin:/clusterFS/home/student/kopp13/bin:/usr/local/bin:/usr/bin:/bin:/usr/local/games:/usr/games
LD_LIBRARY_PATH=
THEANO_FLAGS=floatX=float32,gpuarray.preallocate=0.9,dnn.library_path=/usr/lib/x86_64-linux-gnu,cxx=clang++-3.8,device=cuda,base_compiledir=/tmp/tmp.DAKrVx7MUv

=============================
CONFIG FILE

RNN CONFIG
{'data_multiplier': 1000.0,
 'gradient_clip_value': 0.5,
 'layer_configs': [{'layer_type': 'input'},
                   {'bc': {'init_m': 'xavier',
                           'init_v': -4.5,
                           'prior_m': 0.0,
                           'prior_v': 0.0,
                           'type': 'continuous'},
                    'bf': {'init_m': 'xavier',
                           'init_v': -4.5,
                           'prior_m': 0.0,
                           'prior_v': 0.0,
                           'type': 'continuous'},
                    'bi': {'init_m': 'xavier',
                           'init_v': -4.5,
                           'prior_m': 0.0,
                           'prior_v': 0.0,
                           'type': 'continuous'},
                    'bo': {'init_m': 'xavier',
                           'init_v': -4.5,
                           'prior_m': 0.0,
                           'prior_v': 0.0,
                           'type': 'continuous'},
                    'discrete_act': False,
                    'init_config': {'c': {'b': 'all_zero', 'w': 'xavier'},
                                    'f': {'b': 'all_one', 'w': 'all_zero'},
                                    'i': {'b': 'all_zero', 'w': 'xavier'},
                                    'o': {'b': 'all_zero', 'w': 'xavier'}},
                    'is_output': False,
                    'is_recurrent': True,
                    'layer_type': 'lstm',
                    'tau': 0.5,
                    'var_scope': 'lstm_0',
                    'wc': {'p0max': 0.95,
                           'p0min': 0.05,
                           'pmax': 0.99,
                           'pmin': 0.01,
                           'priors': [0.2, 0.6, 0.2],
                           'type': 'ternary'},
                    'wf': {'p0max': 0.95,
                           'p0min': 0.05,
                           'pmax': 0.99,
                           'pmin': 0.01,
                           'priors': [0.2, 0.6, 0.2],
                           'type': 'ternary'},
                    'wi': {'p0max': 0.95,
                           'p0min': 0.05,
                           'pmax': 0.99,
                           'pmin': 0.01,
                           'priors': [0.2, 0.6, 0.2],
                           'type': 'ternary'},
                    'wo': {'p0max': 0.95,
                           'p0min': 0.05,
                           'pmax': 0.99,
                           'pmin': 0.01,
                           'priors': [0.2, 0.6, 0.2],
                           'type': 'ternary'}},
                   {'bc': {'init_m': 'xavier',
                           'init_v': -4.5,
                           'prior_m': 0.0,
                           'prior_v': 0.0,
                           'type': 'continuous'},
                    'bf': {'init_m': 'xavier',
                           'init_v': -4.5,
                           'prior_m': 0.0,
                           'prior_v': 0.0,
                           'type': 'continuous'},
                    'bi': {'init_m': 'xavier',
                           'init_v': -4.5,
                           'prior_m': 0.0,
                           'prior_v': 0.0,
                           'type': 'continuous'},
                    'bo': {'init_m': 'xavier',
                           'init_v': -4.5,
                           'prior_m': 0.0,
                           'prior_v': 0.0,
                           'type': 'continuous'},
                    'discrete_act': False,
                    'init_config': {'c': {'b': 'all_zero', 'w': 'xavier'},
                                    'f': {'b': 'all_one', 'w': 'all_zero'},
                                    'i': {'b': 'all_zero', 'w': 'xavier'},
                                    'o': {'b': 'all_zero', 'w': 'xavier'}},
                    'is_output': False,
                    'is_recurrent': True,
                    'layer_type': 'lstm',
                    'tau': 0.5,
                    'var_scope': 'lstm_1',
                    'wc': {'p0max': 0.95,
                           'p0min': 0.05,
                           'pmax': 0.99,
                           'pmin': 0.01,
                           'priors': [0.2, 0.6, 0.2],
                           'type': 'ternary'},
                    'wf': {'p0max': 0.95,
                           'p0min': 0.05,
                           'pmax': 0.99,
                           'pmin': 0.01,
                           'priors': [0.2, 0.6, 0.2],
                           'type': 'ternary'},
                    'wi': {'p0max': 0.95,
                           'p0min': 0.05,
                           'pmax': 0.99,
                           'pmin': 0.01,
                           'priors': [0.2, 0.6, 0.2],
                           'type': 'ternary'},
                    'wo': {'p0max': 0.95,
                           'p0min': 0.05,
                           'pmax': 0.99,
                           'pmin': 0.01,
                           'priors': [0.2, 0.6, 0.2],
                           'type': 'ternary'}},
                   {'b': {'init_m': 'xavier',
                          'init_v': -4.5,
                          'prior_m': 0.0,
                          'prior_v': 0.0,
                          'type': 'continuous'},
                    'is_output': True,
                    'is_recurrent': False,
                    'layer_type': 'fc',
                    'regularization': {'mode': None, 'strength': 0.02},
                    'tau': 0.5,
                    'var_scope': 'output_layer',
                    'w': {'p0max': 0.95,
                          'p0min': 0.05,
                          'pmax': 0.99,
                          'pmin': 0.01,
                          'priors': [0.2, 0.6, 0.2],
                          'type': 'ternary'}}],
 'layout': [4, 60, 60, 10],
 'output_type': 'classification'}

DATA CONFIG
{'dataset': 'red_penstroke',
 'tr': {'in_seq_len': 30,
        'minibatch_enabled': True,
        'minibatch_size': 200,
        'out_seq_len': 5,
        'zero_padding': 20},
 'va': {'in_seq_len': 30,
        'minibatch_enabled': True,
        'minibatch_size': 200,
        'out_seq_len': 5,
        'zero_padding': 20}}

TRAINING CONFIG
{'beta_reg': 0.0,
 'is_pretrain': False,
 'learning_rate': 0.002,
 'mode': {'max_epochs': 20, 'min_error': 0.0, 'name': 'classic'},
 'task_id': 1,
 'type': 'g_sampling',
 'var_reg': 0.0}
==============================


  0,  0 | TrAcc: 0.1014, TrLoss:  3.91953, VaAcc: 0.0973, VaLoss:  3.91241	 20 sampled NNs | VaAcc: 0.0978 +- 0.0217 | VaLoss: 3.7729 +- 0.4583
  1,  0 | TrAcc: 0.1376, TrLoss:  2.31088, VaAcc: 0.1367, VaLoss:  2.32758	 20 sampled NNs | VaAcc: 0.1303 +- 0.0231 | VaLoss: 2.4108 +- 0.1328
  2,  0 | TrAcc: 0.1544, TrLoss:  2.27001, VaAcc: 0.1437, VaLoss:  2.29833	 20 sampled NNs | VaAcc: 0.1337 +- 0.0277 | VaLoss: 2.3394 +- 0.0550
  3,  0 | TrAcc: 0.1424, TrLoss:  2.27122, VaAcc: 0.1377, VaLoss:  2.30808	 20 sampled NNs | VaAcc: 0.1373 +- 0.0236 | VaLoss: 2.3210 +- 0.0339
  4,  0 | TrAcc: 0.1415, TrLoss:  2.23772, VaAcc: 0.1369, VaLoss:  2.28386	 20 sampled NNs | VaAcc: 0.1294 +- 0.0246 | VaLoss: 2.3140 +- 0.0621
  5,  0 | TrAcc: 0.1710, TrLoss:  2.23406, VaAcc: 0.1551, VaLoss:  2.27711	 20 sampled NNs | VaAcc: 0.1561 +- 0.0110 | VaLoss: 2.3011 +- 0.0267
  6,  0 | TrAcc: 0.1597, TrLoss:  2.22833, VaAcc: 0.1524, VaLoss:  2.25488	 20 sampled NNs | VaAcc: 0.1438 +- 0.0239 | VaLoss: 2.2728 +- 0.0234
  7,  0 | TrAcc: 0.1663, TrLoss:  2.22159, VaAcc: 0.1606, VaLoss:  2.23224	 20 sampled NNs | VaAcc: 0.1477 +- 0.0138 | VaLoss: 2.3027 +- 0.0684
  8,  0 | TrAcc: 0.1612, TrLoss:  2.19336, VaAcc: 0.1504, VaLoss:  2.20844	 20 sampled NNs | VaAcc: 0.1392 +- 0.0251 | VaLoss: 2.2569 +- 0.0504
  9,  0 | TrAcc: 0.1943, TrLoss:  2.15578, VaAcc: 0.1726, VaLoss:  2.22467	 20 sampled NNs | VaAcc: 0.1548 +- 0.0167 | VaLoss: 2.2732 +- 0.0563
 10,  0 | TrAcc: 0.1920, TrLoss:  2.13831, VaAcc: 0.1868, VaLoss:  2.15283	 20 sampled NNs | VaAcc: 0.1653 +- 0.0267 | VaLoss: 2.2076 +- 0.0433
 11,  0 | TrAcc: 0.2174, TrLoss:  2.11304, VaAcc: 0.2066, VaLoss:  2.14144	 20 sampled NNs | VaAcc: 0.1741 +- 0.0315 | VaLoss: 2.2104 +- 0.0676
 12,  0 | TrAcc: 0.2427, TrLoss:  2.03672, VaAcc: 0.2230, VaLoss:  2.05804	 20 sampled NNs | VaAcc: 0.2015 +- 0.0346 | VaLoss: 2.1283 +- 0.0765
 13,  0 | TrAcc: 0.2760, TrLoss:  1.95111, VaAcc: 0.2401, VaLoss:  2.02461	 20 sampled NNs | VaAcc: 0.2131 +- 0.0243 | VaLoss: 2.1029 +- 0.0706
 14,  0 | TrAcc: 0.2472, TrLoss:  1.96941, VaAcc: 0.2523, VaLoss:  1.95903	 20 sampled NNs | VaAcc: 0.2216 +- 0.0286 | VaLoss: 2.0281 +- 0.0375
 15,  0 | TrAcc: 0.2751, TrLoss:  1.90653, VaAcc: 0.2658, VaLoss:  1.91725	 20 sampled NNs | VaAcc: 0.2397 +- 0.0235 | VaLoss: 2.0256 +- 0.0799
 16,  0 | TrAcc: 0.3212, TrLoss:  1.83448, VaAcc: 0.2854, VaLoss:  1.90260	 20 sampled NNs | VaAcc: 0.2674 +- 0.0228 | VaLoss: 1.9656 +- 0.0639
 17,  0 | TrAcc: 0.3369, TrLoss:  1.75972, VaAcc: 0.3059, VaLoss:  1.84028	 20 sampled NNs | VaAcc: 0.2708 +- 0.0285 | VaLoss: 1.9192 +- 0.0706
 18,  0 | TrAcc: 0.3291, TrLoss:  1.76480, VaAcc: 0.3148, VaLoss:  1.80855	 20 sampled NNs | VaAcc: 0.2742 +- 0.0383 | VaLoss: 1.9141 +- 0.1154
 19,  0 | TrAcc: 0.3408, TrLoss:  1.70922, VaAcc: 0.3264, VaLoss:  1.75341	 20 sampled NNs | VaAcc: 0.2838 +- 0.0398 | VaLoss: 1.8744 +- 0.0769
1194.678978
----------------------------
