

config:

HOME=/clusterFS/home/student/kopp13
PATH=/clusterFS/home/student/kopp13/miniconda3/envs/tensorflow/bin:/clusterFS/home/student/kopp13/miniconda3/bin:/clusterFS/home/student/kopp13/bin:/usr/local/bin:/usr/bin:/bin:/usr/local/games:/usr/games
LD_LIBRARY_PATH=
THEANO_FLAGS=floatX=float32,gpuarray.preallocate=0.9,dnn.library_path=/usr/lib/x86_64-linux-gnu,cxx=clang++-3.8,device=cuda,base_compiledir=/tmp/tmp.GRLgekdu3o

=============================
CONFIG FILE

RNN CONFIG
{'data_multiplier': 1000.0,
 'gradient_clip_value': 0.5,
 'layer_configs': [{'layer_type': 'input'},
                   {'bc': {'init_m': 'xavier',
                           'init_v': -4.5,
                           'prior_m': 0.0,
                           'prior_v': 0.0,
                           'type': 'continuous'},
                    'bf': {'init_m': 'xavier',
                           'init_v': -4.5,
                           'prior_m': 0.0,
                           'prior_v': 0.0,
                           'type': 'continuous'},
                    'bi': {'init_m': 'xavier',
                           'init_v': -4.5,
                           'prior_m': 0.0,
                           'prior_v': 0.0,
                           'type': 'continuous'},
                    'bo': {'init_m': 'xavier',
                           'init_v': -4.5,
                           'prior_m': 0.0,
                           'prior_v': 0.0,
                           'type': 'continuous'},
                    'discrete_act': False,
                    'init_config': {'c': {'b': 'all_zero', 'w': 'xavier'},
                                    'f': {'b': 'all_one', 'w': 'all_zero'},
                                    'i': {'b': 'all_zero', 'w': 'xavier'},
                                    'o': {'b': 'all_zero', 'w': 'xavier'}},
                    'is_output': False,
                    'is_recurrent': True,
                    'layer_type': 'lstm',
                    'tau': 0.5,
                    'var_scope': 'lstm_0',
                    'wc': {'p0max': 0.95,
                           'p0min': 0.05,
                           'pmax': 0.99,
                           'pmin': 0.01,
                           'priors': [0.2, 0.6, 0.2],
                           'type': 'ternary'},
                    'wf': {'p0max': 0.95,
                           'p0min': 0.05,
                           'pmax': 0.99,
                           'pmin': 0.01,
                           'priors': [0.2, 0.6, 0.2],
                           'type': 'ternary'},
                    'wi': {'p0max': 0.95,
                           'p0min': 0.05,
                           'pmax': 0.99,
                           'pmin': 0.01,
                           'priors': [0.2, 0.6, 0.2],
                           'type': 'ternary'},
                    'wo': {'p0max': 0.95,
                           'p0min': 0.05,
                           'pmax': 0.99,
                           'pmin': 0.01,
                           'priors': [0.2, 0.6, 0.2],
                           'type': 'ternary'}},
                   {'bc': {'init_m': 'xavier',
                           'init_v': -4.5,
                           'prior_m': 0.0,
                           'prior_v': 0.0,
                           'type': 'continuous'},
                    'bf': {'init_m': 'xavier',
                           'init_v': -4.5,
                           'prior_m': 0.0,
                           'prior_v': 0.0,
                           'type': 'continuous'},
                    'bi': {'init_m': 'xavier',
                           'init_v': -4.5,
                           'prior_m': 0.0,
                           'prior_v': 0.0,
                           'type': 'continuous'},
                    'bo': {'init_m': 'xavier',
                           'init_v': -4.5,
                           'prior_m': 0.0,
                           'prior_v': 0.0,
                           'type': 'continuous'},
                    'discrete_act': False,
                    'init_config': {'c': {'b': 'all_zero', 'w': 'xavier'},
                                    'f': {'b': 'all_one', 'w': 'all_zero'},
                                    'i': {'b': 'all_zero', 'w': 'xavier'},
                                    'o': {'b': 'all_zero', 'w': 'xavier'}},
                    'is_output': False,
                    'is_recurrent': True,
                    'layer_type': 'lstm',
                    'tau': 0.5,
                    'var_scope': 'lstm_1',
                    'wc': {'p0max': 0.95,
                           'p0min': 0.05,
                           'pmax': 0.99,
                           'pmin': 0.01,
                           'priors': [0.2, 0.6, 0.2],
                           'type': 'ternary'},
                    'wf': {'p0max': 0.95,
                           'p0min': 0.05,
                           'pmax': 0.99,
                           'pmin': 0.01,
                           'priors': [0.2, 0.6, 0.2],
                           'type': 'ternary'},
                    'wi': {'p0max': 0.95,
                           'p0min': 0.05,
                           'pmax': 0.99,
                           'pmin': 0.01,
                           'priors': [0.2, 0.6, 0.2],
                           'type': 'ternary'},
                    'wo': {'p0max': 0.95,
                           'p0min': 0.05,
                           'pmax': 0.99,
                           'pmin': 0.01,
                           'priors': [0.2, 0.6, 0.2],
                           'type': 'ternary'}},
                   {'b': {'init_m': 'xavier',
                          'init_v': -4.5,
                          'prior_m': 0.0,
                          'prior_v': 0.0,
                          'type': 'continuous'},
                    'is_output': True,
                    'is_recurrent': False,
                    'layer_type': 'fc',
                    'regularization': {'mode': None, 'strength': 0.02},
                    'tau': 0.5,
                    'var_scope': 'output_layer',
                    'w': {'p0max': 0.95,
                          'p0min': 0.05,
                          'pmax': 0.99,
                          'pmin': 0.01,
                          'priors': [0.2, 0.6, 0.2],
                          'type': 'ternary'}}],
 'layout': [4, 60, 60, 10],
 'output_type': 'classification'}

DATA CONFIG
{'dataset': 'red_penstroke',
 'tr': {'in_seq_len': 30,
        'minibatch_enabled': True,
        'minibatch_size': 200,
        'out_seq_len': 5,
        'zero_padding': 20},
 'va': {'in_seq_len': 30,
        'minibatch_enabled': True,
        'minibatch_size': 200,
        'out_seq_len': 5,
        'zero_padding': 20}}

TRAINING CONFIG
{'beta_reg': 0.0,
 'is_pretrain': False,
 'learning_rate': 0.002,
 'mode': {'max_epochs': 0, 'min_error': 0.0, 'name': 'classic'},
 'task_id': 2,
 'type': 'l_sampling',
 'var_reg': 0.0}
==============================


[[4.7563514e-08 1.6215935e-08 4.9575455e-08 ... 4.5058673e-08
  5.9613967e-07 1.2797213e-08]
 [7.9251725e-09 1.2457731e-08 6.0389915e-08 ... 1.2704109e-08
  2.8919039e-06 5.1141413e-08]
 [1.8592197e-11 3.2323735e-10 3.1532241e-10 ... 1.1895096e-10
  7.3237583e-10 8.2301145e-11]
 ...
 [3.8803943e-11 1.0371646e-08 5.6487311e-11 ... 2.7741645e-10
  5.7438665e-08 7.9793810e-10]
 [6.8925354e-10 5.2262539e-10 3.4419249e-11 ... 1.8607184e-10
  1.5142692e-08 1.4093036e-09]
 [2.6464006e-11 4.3314966e-10 3.0262788e-09 ... 1.1959210e-10
  1.3590407e-09 1.9776803e-11]]
[[1.45780910e-09 1.16544792e-08 2.87879078e-11 ... 2.17532357e-08
  3.42697803e-07 9.94614080e-09]
 [1.06725229e-09 3.45959661e-09 1.09515419e-08 ... 1.31971092e-08
  9.23320920e-10 1.39511656e-08]
 [5.37777808e-12 3.71996184e-11 4.20502175e-11 ... 1.94020095e-11
  1.47570567e-10 4.26066127e-11]
 ...
 [1.12942565e-10 1.69635328e-09 1.16139887e-09 ... 3.60052232e-09
  7.61856889e-09 1.05108540e-10]
 [2.70230949e-10 1.13520437e-09 6.77914502e-10 ... 1.19365950e-09
  1.52610355e-07 1.63155406e-10]
 [1.30214742e-10 2.09458362e-09 1.43918200e-12 ... 1.56947200e-09
  7.51864793e-09 4.12200191e-10]]
[[1.6804712e-06 2.9119887e-05 3.2056683e-05 5.9746596e-04 3.7612290e-06
  4.6480041e-06 3.8292521e-04 3.4385368e-05 9.4940646e-05 9.0230051e-06
  1.4285467e-04 7.5795986e-05 2.1901476e-06 1.8029883e-04 1.0887525e-05
  1.1287802e-05 2.1564896e-04 3.4062050e-05 8.6552888e-07 2.7295545e-04
  5.1482257e-05 1.9710181e-04 5.9793230e-05 1.3749562e-06 1.2141193e-05
  3.1298823e-05 7.6931028e-05 5.8698756e-06 1.3048525e-05 6.7617848e-06
  9.0293579e-05 2.6012934e-04 1.9159773e-04 2.2469660e-06 2.8072611e-06
  5.0085595e-07 1.0114347e-04 3.6136100e-06 1.0011953e-04 3.4556364e-05
  9.6120639e-06 8.1933344e-05 7.8621060e-06 1.2076209e-05 1.5297073e-05
  1.8336590e-05 2.4510268e-06 3.1963067e-05 2.5376279e-04 5.2498894e-05
  2.2688398e-06 3.5324269e-05 9.4440038e-06 2.6126845e-05 7.3130373e-05
  8.7914996e-06 2.5677032e-06 4.9686016e-05 1.2572617e-03 1.1909782e-05]]
[[1.0478720e-09 1.1083778e-09 1.0058198e-09 1.2098201e-08 2.5398925e-10
  4.1726808e-10 1.0115092e-08 2.2491511e-09 7.9943080e-10 1.0174557e-09
  1.8166976e-09 1.6908124e-09 1.4390924e-11 2.8667235e-09 3.2491604e-10
  1.5335697e-10 2.4772579e-08 7.1421119e-10 1.2385381e-11 4.5471746e-09
  1.5929199e-09 3.4107113e-09 1.0704987e-09 5.3161399e-11 4.5550211e-10
  1.9341717e-09 1.8960815e-09 4.9540155e-10 2.3079166e-10 5.6459848e-10
  1.5034844e-09 7.3860602e-09 5.1417910e-09 1.7904084e-10 4.5352597e-10
  8.2512719e-11 7.6405300e-09 9.4602839e-11 4.4153001e-09 1.4652611e-09
  4.8435950e-10 1.2248671e-09 1.6542112e-10 5.1241705e-10 3.7146988e-10
  1.7464361e-09 1.7750308e-10 1.4944901e-09 1.9754726e-08 2.0409419e-09
  4.8549841e-11 2.5996076e-09 9.8880526e-10 5.6369881e-10 2.0770676e-09
  1.0683739e-10 2.5395192e-10 2.3535833e-09 1.8352358e-08 1.3525502e-09]]
[[1.6057726e-08 1.9336119e-07 1.0533264e-07 ... 6.7654440e-07
  1.4820395e-06 3.4753975e-07]
 [8.4140082e-09 8.2620879e-08 3.0930670e-07 ... 2.0070847e-07
  1.5790365e-06 1.8582250e-07]
 [2.5823533e-11 2.0955684e-10 1.1987679e-09 ... 1.1374831e-10
  2.8829920e-08 8.2948964e-10]
 ...
 [2.5707320e-11 3.6269079e-10 9.7631001e-11 ... 5.1466137e-10
  4.0514223e-09 1.7558437e-10]
 [2.5577221e-11 1.0450119e-09 4.0749040e-09 ... 3.5063721e-08
  2.2720992e-07 2.9201661e-09]
 [4.2060595e-11 1.8754591e-10 6.7063403e-11 ... 1.7198266e-10
  1.2629396e-09 3.6987177e-11]]
[[3.9307668e-09 1.5355596e-07 2.5914142e-07 ... 4.3476743e-07
  1.7494615e-07 1.3345733e-07]
 [3.2226306e-09 3.8025689e-08 2.5753522e-08 ... 1.1551504e-07
  8.1864835e-07 3.5415677e-11]
 [9.6560312e-12 3.1485567e-14 8.1731399e-11 ... 6.5274515e-11
  1.0624923e-08 4.5625403e-11]
 ...
 [1.8308557e-10 3.0849907e-09 4.2982440e-09 ... 4.6025810e-09
  1.9368361e-08 1.0603024e-09]
 [3.5358033e-10 5.3661240e-09 6.5415445e-10 ... 1.5998418e-11
  3.0676869e-08 3.0056415e-09]
 [2.6841918e-10 1.9932707e-09 2.0106266e-09 ... 3.2708978e-09
  9.5817585e-09 5.0211818e-10]]
[[1.32545138e-05 1.44804304e-04 1.95233239e-04 4.95433982e-04
  8.96524580e-06 1.34581014e-05 1.67835562e-04 9.92565401e-05
  2.20841379e-04 1.43787429e-05 1.87115831e-04 1.34509086e-04
  7.47731838e-06 2.77970074e-04 6.74707844e-05 5.46474766e-05
  4.29381471e-04 9.22514009e-05 4.09355607e-06 1.82709875e-04
  3.01697964e-05 1.63750112e-04 7.97222820e-05 6.41307179e-06
  4.48729188e-05 6.12011791e-05 1.25978433e-04 2.07923822e-05
  1.09914334e-04 3.67445318e-05 2.56555359e-04 3.98956268e-04
  2.56644271e-04 6.71644329e-06 2.43814520e-05 4.04064576e-06
  1.51546992e-04 1.44880014e-05 4.02174715e-04 4.59331277e-05
  9.30842580e-05 1.80631148e-04 1.14768100e-05 2.48998658e-05
  6.65124680e-05 5.02702605e-05 1.21499888e-05 2.73506394e-05
  2.65686540e-04 9.63954008e-05 5.63989170e-06 3.26458103e-05
  1.74345969e-05 1.26623505e-04 5.51670033e-04 1.47592982e-05
  4.71470776e-06 4.09742584e-04 7.82574411e-04 4.18624768e-05]]
[[4.8560744e-10 2.9178366e-09 5.8545249e-09 1.5071592e-08 1.7143614e-09
  2.7541116e-09 2.2981176e-07 6.5254180e-09 2.5954781e-09 2.0006752e-09
  5.4385829e-09 5.2191971e-09 5.0502813e-10 2.4404547e-09 2.8124070e-09
  8.0067208e-10 7.7035935e-08 2.4309956e-09 2.5798058e-10 1.7585728e-09
  1.1049891e-08 2.0795619e-08 7.3023712e-09 4.7581156e-10 2.6460725e-09
  9.9736983e-09 4.9502957e-09 3.9213871e-10 8.0483202e-09 1.5623495e-09
  1.1433293e-08 1.2109806e-08 1.6702700e-08 1.3550622e-09 2.5437945e-09
  8.1565726e-10 1.9462897e-08 9.8129826e-10 1.6832031e-08 1.7526446e-09
  3.1879936e-09 1.7930400e-08 3.3819739e-10 3.0774761e-09 2.0162676e-09
  2.3148250e-09 6.5734695e-10 1.4569882e-08 5.5214731e-09 6.5896653e-09
  5.7735966e-10 3.0307303e-09 7.0694739e-10 7.8968414e-09 5.2071588e-08
  2.6250693e-09 2.1402036e-09 1.2662138e-08 2.3719201e-08 1.4833553e-08]]
[[1.2181898e-06 1.3583294e-06 2.5478670e-07 ... 3.4675093e-06
  9.0573221e-06 1.4914255e-06]
 [3.7966791e-07 4.2320798e-07 1.5789992e-06 ... 4.7526578e-06
  1.0750914e-05 6.9372987e-07]
 [7.3514217e-10 1.1627065e-09 5.1947563e-10 ... 1.4090054e-09
  2.7114639e-08 4.1280557e-10]
 ...
 [1.7607230e-09 1.8904889e-07 5.8303540e-10 ... 2.8020990e-09
  5.9815733e-08 3.3322094e-09]
 [3.8934925e-08 6.9385537e-09 5.5439775e-10 ... 1.1071248e-08
  5.4916873e-06 2.6172442e-10]
 [1.5928258e-09 2.8839249e-09 2.4194216e-10 ... 1.8700033e-09
  1.5081683e-08 7.8331418e-11]]
[[8.4343702e-07 3.4373613e-07 8.3312969e-08 ... 9.3252447e-07
  9.9698191e-06 4.8571911e-07]
 [1.6770079e-07 5.6615977e-07 1.8122331e-07 ... 2.8517238e-06
  1.5681251e-05 7.2712663e-07]
 [3.2384884e-10 7.4767559e-10 1.7708615e-10 ... 6.7520689e-10
  8.7875670e-12 1.6968260e-10]
 ...
 [2.8876672e-08 2.6847434e-08 2.2407620e-09 ... 2.4381739e-08
  6.7800977e-07 3.8489192e-10]
 [7.1284454e-09 8.4361638e-08 2.9100864e-09 ... 7.8643076e-08
  7.1002268e-07 1.6738371e-08]
 [2.4759027e-08 7.3628165e-08 2.1515312e-09 ... 2.0044951e-08
  4.0317579e-07 8.5041907e-10]]
[[1.27984292e-03 1.43983588e-03 8.56879342e-04 1.21989967e-02
  4.82031377e-04 3.47079616e-03 3.64139937e-02 3.43000330e-03
  4.18718951e-03 7.03636045e-03 1.08251944e-02 4.91900602e-03
  8.48308613e-04 1.91755418e-03 3.62842256e-04 1.21061911e-03
  2.90964618e-02 1.90087449e-04 9.27942310e-05 1.57036888e-03
  3.45014734e-03 1.34994229e-02 6.38143579e-03 2.64607923e-04
  1.27192657e-03 3.03605362e-03 4.84292349e-03 4.77429683e-04
  1.17562675e-04 3.18935461e-04 2.39665620e-03 2.57533346e-03
  3.52561474e-02 2.66980322e-04 8.35469284e-04 1.90734441e-04
  8.25765170e-03 5.79212734e-04 8.83792248e-03 1.65302702e-03
  7.88442674e-04 2.95176660e-03 1.10176574e-04 1.67263730e-03
  3.97274853e-04 3.45322257e-03 6.64957115e-05 2.32882239e-03
  2.93453373e-02 1.41498586e-02 1.15377472e-04 2.02012039e-03
  1.76700778e-04 1.01622369e-03 1.17347883e-02 2.65355775e-04
  1.01351517e-03 5.17841242e-03 4.61481772e-02 1.28080451e-03]]
[[2.3674785e-08 1.3172900e-08 8.4688292e-09 2.2418726e-08 6.6135648e-09
  3.6912517e-08 4.9840306e-08 2.8911314e-08 1.0274071e-08 8.4795770e-09
  1.6914804e-08 6.0837294e-08 7.3170039e-09 1.0092575e-08 1.3676679e-08
  1.8943672e-08 2.7297222e-07 5.8401941e-09 9.5058328e-10 1.4305451e-08
  1.1589769e-08 2.3964205e-08 3.4745760e-08 2.1536344e-09 1.1093727e-08
  1.1579840e-08 2.7020262e-08 4.8394662e-09 4.8930970e-09 7.7533562e-09
  3.8027327e-08 2.4259920e-08 1.1517685e-07 7.8753200e-09 2.4293616e-09
  5.0724487e-09 4.4356728e-08 9.7025792e-09 4.2109892e-08 1.0647696e-08
  1.5801479e-08 4.6155929e-08 2.5081892e-09 1.3403292e-08 2.9697080e-09
  3.2385273e-08 1.5525917e-09 8.3356966e-09 1.8392295e-07 1.0121665e-07
  2.9894776e-09 1.8137092e-08 1.9221704e-09 6.7116317e-09 4.2019867e-08
  4.5133790e-09 1.9954694e-08 2.0686143e-07 1.5888216e-07 1.6000365e-08]]
[[5.09171798e-08 1.30624471e-07 4.99691275e-08 ... 5.15967997e-07
  1.39925831e-07 3.12794413e-07]
 [2.84136910e-08 9.34004589e-08 4.82431233e-08 ... 2.18813554e-07
  5.78928621e-07 7.68015198e-08]
 [1.71671635e-11 4.79627622e-11 1.10994255e-10 ... 2.61118054e-11
  6.40266951e-10 7.46951945e-11]
 ...
 [3.88945154e-10 6.73241463e-10 2.20851157e-10 ... 2.49330862e-10
  9.42900535e-10 1.94933930e-10]
 [4.71488404e-09 9.06190123e-10 3.53388918e-09 ... 8.25376045e-10
  4.38912284e-09 1.62743987e-08]
 [1.68535602e-10 4.63676958e-10 8.89747512e-11 ... 1.20365690e-10
  2.52933147e-10 1.01395357e-10]]
[[9.10176468e-09 7.29169898e-08 1.05487004e-07 ... 1.02873422e-07
  9.61509627e-08 9.52777787e-11]
 [5.84432192e-09 2.03339887e-08 2.53136641e-08 ... 6.11887856e-08
  1.31911790e-07 1.91252649e-08]
 [1.42477636e-11 2.65711254e-14 2.02270267e-11 ... 4.16439496e-12
  1.48359741e-10 4.88349222e-11]
 ...
 [7.76525955e-10 7.77915332e-09 3.44795570e-09 ... 2.55819255e-09
  6.76861234e-09 1.88764027e-09]
 [7.05945247e-10 3.66642294e-09 4.01310790e-10 ... 1.74419623e-09
  3.81253287e-08 2.76091128e-09]
 [4.67254513e-10 6.66173827e-09 1.99589167e-09 ... 1.12394094e-09
  3.01307468e-09 1.61923042e-09]]
[[2.72767011e-05 1.34145579e-04 1.29145279e-04 1.10763276e-03
  1.89496277e-05 1.51597460e-05 8.08142140e-05 6.11109135e-05
  2.11418170e-04 2.28125082e-05 2.09302394e-04 1.58310504e-04
  8.57263694e-06 5.13418054e-04 4.49917970e-05 3.34024553e-05
  1.95006680e-04 1.21349563e-04 4.29898910e-06 1.85358280e-04
  1.22488302e-04 1.77716851e-04 1.15108458e-04 5.90338323e-06
  4.90460552e-05 6.66911728e-05 2.71577301e-04 1.23530472e-05
  1.02421865e-04 1.42196341e-05 1.24820057e-04 3.47062858e-04
  1.88716120e-04 1.23598466e-05 3.74576302e-05 4.32562183e-06
  1.25272636e-04 2.26231459e-05 3.62151244e-04 5.28513992e-05
  6.65559855e-05 1.25154562e-04 8.02528302e-05 2.02851443e-05
  7.34761343e-05 5.10838581e-05 1.03533557e-05 1.45993152e-04
  2.24395844e-04 8.01791903e-05 8.54119116e-06 2.59807130e-05
  5.00553979e-05 1.51768967e-04 1.03065709e-03 2.60278812e-05
  1.00268107e-05 1.13824091e-04 2.11170904e-04 6.00361891e-05]]
[[1.1205374e-09 7.3279507e-09 9.7089481e-10 8.6461558e-09 2.2113249e-09
  5.6333854e-10 3.4085819e-09 1.3839508e-09 3.1477545e-09 9.1783919e-10
  4.4068580e-09 3.9343355e-09 2.2389952e-10 1.8885544e-09 1.7303932e-09
  1.0712308e-09 7.9354665e-09 2.1035109e-09 8.0127668e-11 5.8947141e-09
  1.5368564e-09 8.4775875e-09 6.6369839e-09 7.2188749e-10 1.6058662e-09
  1.7460741e-09 1.6227444e-09 9.4795682e-10 7.1838482e-09 1.3052519e-09
  5.2380078e-10 7.5448883e-09 3.8065862e-09 1.6280804e-09 3.7357931e-10
  3.3808326e-10 2.0527628e-09 6.3887468e-10 2.7838050e-09 1.8376348e-09
  2.7339255e-09 2.6197982e-09 2.9574629e-09 4.7577098e-10 2.8030620e-09
  2.4277407e-09 8.9798463e-10 3.3357479e-09 1.0966102e-08 6.3244685e-09
  1.1674460e-10 1.0584177e-09 2.2042139e-09 4.9662359e-09 3.5163594e-09
  1.7105336e-09 5.8844196e-10 5.2170366e-09 2.8422213e-09 4.1747783e-09]]
[[3.6001532e-12 2.6383957e-13 3.0827771e-12 ... 1.3315789e-10
  7.2014845e-11 1.7728825e-12]
 [3.1801697e-12 1.1464684e-13 3.1312581e-12 ... 8.7865158e-12
  1.3933394e-12 1.1546312e-12]
 [7.6773102e-12 3.3865304e-12 1.6340419e-11 ... 2.0108394e-11
  7.4656869e-12 5.1998878e-12]
 ...
 [6.6823719e-10 1.3657854e-11 3.1866368e-10 ... 7.5718692e-10
  1.7614868e-10 6.2182953e-11]
 [3.8558736e-11 9.0189566e-12 1.2087505e-10 ... 4.0608218e-11
  1.0117188e-09 3.6152994e-11]
 [6.3196436e-12 4.0903335e-12 1.5860773e-11 ... 8.4292859e-12
  9.5594435e-12 2.5296882e-09]]
[[4.6844990e-11 2.8949800e-12 1.3982420e-11 ... 1.5691996e-11
  1.1851125e-11 2.5353643e-11]
 [1.7511506e-11 1.3108668e-12 9.1111764e-11 ... 1.7338347e-10
  3.3313571e-11 1.3340945e-10]
 [5.4580996e-11 4.5371341e-12 4.0344930e-10 ... 9.4157848e-11
  1.2924621e-10 5.2915600e-10]
 ...
 [4.3070142e-10 6.2322723e-11 9.9991870e-10 ... 3.0373650e-09
  3.7125522e-10 2.3925040e-09]
 [1.6422459e-10 4.7420855e-11 6.5858496e-10 ... 2.7657232e-10
  4.1263133e-13 1.9241262e-09]
 [3.8405598e-11 1.8727081e-11 2.4978358e-10 ... 2.1786783e-10
  1.0586617e-10 3.0847000e-10]]
[[4.1584476e-06 1.1413058e-07 9.4129700e-06 1.1172633e-06 7.0554593e-06
  9.6004142e-06 4.4248547e-05 4.9046730e-07 8.8033639e-06 2.4925018e-07
  3.4805146e-07 2.5168183e-07 3.0924282e-06 1.6136464e-06 1.3722421e-05
  4.7105746e-07 3.5546411e-06 1.8135510e-06 9.3880553e-06 3.9072005e-05
  1.1377173e-06 1.4200327e-05 8.6478957e-07 6.1118021e-06 5.5308033e-06
  1.3566765e-06 5.9152148e-06 1.5715937e-05 2.9221164e-05 2.6023281e-06
  2.5037916e-06 1.2688704e-05 5.1482690e-05 8.2082011e-07 1.5939147e-06
  2.2493608e-05 3.8363810e-06 5.6737240e-06 4.3358443e-05 5.4932652e-06
  5.3329950e-07 5.7680159e-06 1.5475129e-06 2.0595994e-06 6.2998079e-06
  6.8029217e-06 3.1673310e-06 3.6014856e-07 3.6473986e-07 3.1549791e-06
  5.1590091e-06 2.2865779e-05 5.8280475e-06 3.5968774e-06 4.7463777e-06
  7.4029049e-06 8.1231919e-06 1.2015398e-05 3.5641669e-06 1.4756173e-05]]
[[1.27651043e-10 5.07231757e-12 7.14065751e-11 1.45967977e-11
  1.07210650e-10 6.96513541e-11 1.45845458e-09 7.79486267e-11
  6.91665336e-11 1.07555380e-11 3.63516422e-12 3.06612266e-12
  2.35815256e-10 6.28541594e-11 2.56659916e-10 1.67952457e-11
  8.19757023e-12 2.40593604e-11 6.69132319e-11 6.51856846e-10
  4.41458675e-11 4.85107683e-11 1.83180346e-11 1.29012911e-10
  2.92837143e-10 7.58389705e-12 1.16461299e-10 2.72357331e-10
  3.49201834e-10 3.56647142e-11 2.31190955e-10 9.25426263e-11
  1.82464477e-09 3.05292215e-11 4.67711182e-11 2.52517207e-09
  1.48637075e-11 1.00046624e-10 9.07790620e-10 5.30073589e-11
  1.07602564e-11 3.71567943e-10 1.61222546e-11 1.44848135e-11
  8.26234497e-11 2.11269155e-10 5.75237184e-11 1.70705446e-11
  2.62213324e-11 1.17247045e-10 7.00739258e-11 2.08585080e-10
  5.25435528e-11 1.88375759e-10 9.15676562e-11 1.28362473e-10
  3.38495204e-11 2.32087266e-10 3.18393124e-11 9.37054392e-11]]
[[2.0982244e-12 8.2655049e-11 1.4777716e-11 ... 2.4802757e-11
  2.5555192e-11 5.4411107e-12]
 [1.5534481e-12 1.4055905e-12 1.1335667e-10 ... 1.7478201e-11
  2.6985131e-12 7.9368144e-12]
 [1.3745927e-11 1.5012927e-11 5.6665089e-10 ... 6.8724970e-11
  1.0063518e-11 4.6644919e-09]
 ...
 [1.3401959e-10 5.8069177e-10 8.2318741e-10 ... 5.4435317e-10
  3.2847933e-11 1.3404516e-09]
 [2.0491114e-11 1.6497892e-11 4.2641479e-10 ... 2.0836796e-10
  1.3040215e-11 1.1426236e-10]
 [3.0009077e-12 8.2779738e-12 7.5223286e-11 ... 8.6900509e-10
  3.4582903e-12 1.0626184e-10]]
[[5.04178470e-11 1.20598089e-11 9.03929501e-11 ... 1.25575148e-10
  2.68455440e-12 4.79997778e-11]
 [1.40842876e-11 1.67320307e-11 3.25882182e-10 ... 1.21237284e-10
  3.59281147e-11 4.83342144e-10]
 [6.78742548e-11 4.40171337e-11 8.33628555e-10 ... 3.48474943e-10
  1.04923868e-10 2.05391325e-12]
 ...
 [3.80673132e-10 8.82200840e-11 1.50419166e-09 ... 1.35611411e-09
  6.78072390e-11 2.81715651e-09]
 [7.21978033e-11 1.48880866e-10 4.78646622e-10 ... 6.24236829e-10
  9.49464118e-11 2.59193134e-09]
 [2.91837943e-11 4.39000225e-11 2.15067381e-10 ... 3.91570673e-13
  3.43789372e-11 7.92302945e-10]]
[[3.23119070e-06 4.64630290e-07 3.38376449e-05 4.49192476e-06
  2.11808419e-05 7.39697862e-05 3.20475228e-05 9.96019594e-07
  3.28728020e-05 1.75734694e-05 2.96439453e-07 3.68670749e-06
  3.13275882e-06 4.55503732e-06 1.83411757e-05 4.70702207e-06
  3.82246071e-06 3.19171545e-06 4.57594288e-05 4.54248511e-04
  3.37717393e-06 1.86284815e-05 1.74269599e-06 1.74760480e-05
  8.76170452e-06 7.17236026e-06 6.49359845e-06 6.69472865e-05
  4.77935173e-05 3.24567645e-06 4.30210684e-06 2.49792593e-05
  2.22038085e-04 2.58842374e-06 5.99377518e-06 2.24413798e-05
  1.83560023e-05 1.27680223e-05 3.93022492e-05 4.97466954e-06
  1.89620334e-06 4.12340050e-05 6.19186767e-06 2.71123440e-06
  7.40158430e-06 2.31721060e-05 9.12145333e-06 3.14572799e-06
  8.82028326e-06 8.01662736e-06 1.32858295e-05 2.34536383e-05
  1.89818911e-05 1.03270077e-05 1.17010159e-05 3.08380768e-05
  6.55311442e-06 1.09524426e-05 5.82959410e-06 4.00468307e-05]]
[[1.0624503e-10 2.3543147e-11 5.0824513e-09 4.5045390e-10 3.7592740e-10
  1.8347766e-09 2.9525746e-10 1.9671885e-10 2.6525784e-10 7.9659668e-10
  3.6702700e-11 5.9369981e-11 1.5863322e-10 2.9452507e-10 3.0071168e-10
  1.3749930e-10 5.4254969e-11 6.9209638e-11 1.8330147e-10 5.5152487e-09
  1.0452909e-10 1.3108321e-09 5.2189059e-11 3.4981568e-10 1.6848220e-10
  5.7147020e-11 1.1271591e-09 5.4475718e-10 1.1318527e-08 5.1880746e-11
  4.4842122e-10 4.6124357e-10 6.8168520e-09 1.8179837e-10 6.0143966e-11
  1.3697738e-09 3.7872377e-10 8.8233776e-10 1.0324744e-09 2.9319913e-10
  8.6223750e-11 3.5752887e-10 1.1775059e-10 3.2659042e-11 3.3413533e-10
  2.7500322e-09 1.8749600e-10 3.8238107e-11 2.8590913e-10 9.4771538e-11
  2.3609434e-10 4.6830179e-10 8.4536905e-10 1.4544031e-10 1.0217051e-09
  5.8279298e-10 8.0506857e-10 4.0676595e-10 2.3242759e-10 1.4610012e-09]]
[[1.0640537e-11 3.7615577e-11 1.5009661e-09 ... 8.7341766e-11
  2.8087454e-11 5.3958282e-11]
 [5.6273033e-12 1.0101494e-11 1.8103254e-10 ... 1.7668575e-10
  9.6391846e-11 5.0032763e-11]
 [9.6421771e-10 1.4985310e-10 5.7496807e-09 ... 4.5232290e-10
  3.2669736e-10 1.1110302e-09]
 ...
 [7.3402540e-10 3.8459494e-10 2.9670848e-09 ... 4.6469810e-09
  5.3772724e-09 1.8510502e-07]
 [1.0440618e-10 2.6247404e-10 5.7156901e-09 ... 9.7086669e-08
  8.1486942e-09 4.2815080e-09]
 [1.6033079e-11 1.2289804e-10 7.1055645e-08 ... 2.9055469e-10
  2.7469271e-10 2.6543676e-10]]
[[1.4875089e-10 2.1237587e-10 1.6028485e-10 ... 1.1762409e-09
  3.2952513e-10 6.1926214e-10]
 [1.5539023e-10 7.8780232e-11 4.4581414e-09 ... 3.6860104e-09
  8.6081203e-10 3.0767768e-09]
 [1.1821437e-10 5.2192811e-10 1.8944185e-08 ... 1.2344564e-08
  2.3951534e-09 9.5021546e-09]
 ...
 [1.6471302e-09 8.1177487e-10 5.8253164e-08 ... 3.6839729e-08
  1.0736487e-08 3.4471753e-08]
 [1.1874588e-09 6.4226618e-10 4.2083311e-08 ... 1.1370792e-08
  1.3195904e-09 2.1357073e-08]
 [2.5336225e-10 3.9247841e-10 1.0143919e-08 ... 7.5542701e-09
  1.3096407e-09 6.6603238e-09]]
[[3.56510973e-05 8.79287109e-06 4.44666191e-04 1.11658686e-04
  2.75380677e-04 3.90224450e-04 1.51851133e-03 2.17487323e-04
  3.18941689e-04 2.99477600e-04 5.54802646e-05 1.91943400e-05
  2.22414383e-04 1.04071318e-04 4.61550633e-04 7.35935828e-05
  3.21321510e-04 5.89376832e-05 1.42170466e-05 2.47153807e-02
  4.92571780e-05 1.03670674e-04 5.64980219e-05 5.25043113e-04
  2.53221398e-04 5.61118977e-05 3.25932167e-04 4.33311798e-04
  9.43464285e-04 1.44202022e-05 2.09300822e-04 3.01961991e-04
  7.52740959e-03 4.50177540e-05 5.33888997e-05 7.80596398e-04
  3.75331656e-05 2.19464942e-04 3.03794717e-04 7.58757873e-04
  2.06159257e-05 1.66831934e-03 1.54150584e-05 3.32790369e-05
  2.56432599e-04 1.66000842e-04 1.37663490e-04 1.23327787e-04
  3.11379044e-05 6.62207021e-05 4.74454602e-04 1.33360852e-03
  3.66592081e-04 9.78213484e-06 9.26092907e-05 1.52243461e-04
  2.35935455e-04 1.06732186e-03 8.15293606e-05 4.17073461e-04]]
[[8.1737152e-11 1.6021302e-10 4.4618447e-09 3.2825440e-10 1.2524245e-09
  7.4805637e-09 4.1688124e-09 5.0802218e-10 1.1836866e-09 2.9015954e-09
  2.1138169e-10 3.0936254e-10 1.0797145e-09 1.3090856e-09 2.3382070e-09
  5.4296252e-09 1.7503396e-08 5.9310540e-10 2.8856759e-10 5.9810588e-08
  6.2664185e-10 9.3117553e-10 4.9378285e-10 1.8089096e-09 2.9249441e-09
  4.4444080e-11 6.0910693e-10 5.5933240e-09 2.2397209e-09 3.8061812e-10
  5.0873896e-09 9.8371800e-10 1.1304659e-07 2.5214382e-09 7.4375128e-10
  5.1720903e-09 1.0387220e-09 1.9835484e-09 4.5708597e-09 3.5106723e-10
  1.4866459e-10 1.5301173e-09 8.9918611e-10 3.1344158e-10 2.1784727e-09
  6.1657934e-10 1.3903430e-09 1.0255401e-09 1.3066519e-10 2.1703825e-10
  4.2071631e-09 1.0074402e-08 5.1168421e-09 2.2932267e-10 1.8774058e-09
  2.2548328e-09 1.6055259e-09 1.5643640e-09 2.2866908e-09 9.1852970e-10]]
[[7.36955427e-11 8.87782989e-12 2.37523386e-11 ... 7.66278100e-12
  4.42183963e-11 3.08723880e-11]
 [4.75176114e-11 1.69229575e-10 1.61755834e-11 ... 1.09151698e-11
  2.54769018e-11 2.79067280e-09]
 [2.04251838e-10 2.97013768e-11 1.50218796e-10 ... 3.33654319e-11
  7.25408830e-11 2.24942176e-10]
 ...
 [1.66868563e-09 8.10885387e-11 3.37531808e-10 ... 1.23736987e-09
  7.21104787e-10 1.56009161e-09]
 [8.08039302e-10 6.66490474e-11 1.49908697e-10 ... 4.64594807e-09
  3.31888683e-10 4.58469651e-10]
 [6.34603647e-10 5.06794433e-11 7.60847704e-11 ... 1.33339962e-11
  1.07305394e-10 2.58851190e-10]]
[[4.8820264e-10 3.8842762e-11 6.7501602e-11 ... 9.7539310e-11
  1.6072674e-10 2.9169520e-10]
 [3.8634185e-10 1.9337143e-11 1.3702815e-10 ... 2.0529886e-10
  3.0397912e-10 1.0716299e-12]
 [7.3161877e-10 8.3318109e-11 4.8392995e-10 ... 3.7208212e-10
  8.0104468e-10 2.2854767e-09]
 ...
 [4.7083204e-09 8.4830137e-10 1.6936412e-09 ... 3.9409698e-09
  1.8544849e-09 5.8354228e-09]
 [2.3902114e-09 6.8113276e-10 9.9489816e-10 ... 7.0267869e-10
  1.1447348e-09 5.2598601e-09]
 [1.7163364e-09 2.9660691e-10 2.8702632e-10 ... 2.4405086e-10
  7.2985690e-10 2.3610121e-09]]
[[1.28463835e-05 6.84103270e-07 1.68752194e-05 1.18683829e-05
  1.16021065e-05 3.37894598e-05 1.18515884e-04 1.23763584e-06
  4.20702127e-05 2.18096375e-05 1.13740339e-06 3.85447311e-06
  8.36329127e-06 3.53355699e-06 4.80275521e-05 6.11295472e-05
  1.86000470e-05 5.14697740e-06 3.49133588e-05 9.09343507e-05
  2.90508910e-06 3.94660674e-05 3.31727983e-06 2.26966422e-05
  4.57414135e-05 9.41093003e-06 1.43777088e-05 4.61286108e-05
  5.70545781e-05 3.04696050e-06 6.56621160e-06 5.74826081e-05
  2.80074106e-04 4.47874754e-06 9.88079228e-06 1.76725262e-05
  1.49181014e-05 1.08964732e-05 2.93225137e-04 2.23824486e-06
  1.53066776e-06 2.27141973e-05 5.58009333e-06 4.52397535e-06
  3.79876565e-06 9.55465366e-05 9.90826265e-06 5.18342131e-06
  1.11433055e-05 3.07222649e-06 1.64690955e-05 4.31114531e-05
  2.14747324e-05 1.90126102e-05 2.40594909e-05 2.37819659e-05
  1.42352610e-05 1.86313937e-05 2.93020548e-05 5.07864970e-05]]
[[1.5523993e-10 5.9088901e-12 2.6994709e-10 2.4265420e-11 1.1990368e-10
  9.0010589e-11 8.7662760e-10 3.0402098e-11 2.7081865e-10 4.7873705e-11
  1.5466166e-10 6.0049826e-11 7.9470742e-11 8.5252264e-11 5.3874444e-10
  2.1714774e-10 1.4574265e-10 8.2806484e-11 1.9087467e-09 6.5188482e-10
  3.3183709e-11 4.7216026e-10 1.9574266e-11 1.0015612e-09 3.0187197e-10
  1.0926523e-10 2.5624819e-10 3.9865589e-10 1.0438476e-10 4.4087539e-11
  3.2563721e-10 1.3987000e-10 3.6574794e-09 2.3928287e-10 1.1247591e-10
  5.4119470e-10 9.1883001e-11 1.8806379e-10 2.0137214e-09 8.7316550e-11
  1.9323818e-10 1.3529999e-10 1.7234514e-10 8.6582685e-11 8.2165691e-11
  3.5440723e-10 7.4175915e-11 1.1880079e-10 2.3016214e-11 7.2403347e-11
  4.1278542e-10 8.6893548e-11 2.3347208e-10 1.1845556e-10 2.8981689e-10
  5.7829019e-10 1.6212431e-10 2.0200482e-10 3.1388611e-10 8.3104174e-10]]
[[1.44760968e-08 2.03527524e-08 1.10373124e-08 2.58250186e-08
  1.92795397e-07 1.67666574e-08 2.21798260e-08 1.51914151e-07
  3.36333486e-08 3.75851217e-09]
 [1.24664075e-08 1.37230396e-08 1.35916096e-08 4.71724846e-08
  2.00507557e-08 7.25205629e-09 1.08765565e-08 2.49897720e-08
  1.03904050e-08 6.29587438e-10]
 [1.44331960e-08 5.57399034e-08 1.55662079e-08 2.34336817e-08
  2.18049188e-08 1.01342197e-08 1.58977954e-07 1.67969631e-07
  1.75420407e-08 7.38972272e-10]
 [1.51915902e-08 4.80848605e-08 1.09452616e-08 4.96561690e-08
  1.65480962e-08 1.00908695e-08 9.25112609e-09 1.72830553e-07
  1.28712108e-08 2.77813705e-09]
 [1.17302319e-08 1.13322889e-08 1.24609603e-08 2.07951025e-08
  2.02958113e-08 8.15464389e-08 1.58076688e-07 2.70685252e-08
  1.35245672e-08 6.99795999e-10]
 [1.84367384e-08 1.72062258e-08 1.63673928e-08 8.27949194e-08
  2.54539145e-08 1.10135572e-08 1.23711402e-07 3.45995019e-08
  2.18846825e-08 1.21439125e-09]
 [1.03114033e-08 5.99980439e-08 1.31203199e-08 6.52888446e-08
  1.72737700e-08 7.50393525e-09 1.82249824e-08 3.03514405e-08
  1.53093502e-08 1.95200722e-09]
 [1.66162248e-08 1.61615059e-08 1.58200635e-08 2.53741899e-08
  2.22712977e-08 1.03521316e-08 1.38075773e-08 3.19758264e-08
  1.71400636e-08 8.19413037e-10]
 [3.06481454e-08 1.38866154e-08 1.65366565e-08 5.07407982e-08
  2.07275420e-07 1.47918167e-08 1.34654208e-08 2.10493099e-08
  1.50148143e-08 5.78138593e-10]
 [5.36763416e-08 5.31416617e-08 1.25525963e-08 5.83030371e-08
  1.59647815e-08 1.18288490e-08 1.09751337e-08 2.09524806e-08
  1.28122482e-08 1.82706152e-08]
 [1.06395195e-08 5.08451166e-08 1.41936223e-08 2.15353388e-08
  1.83924964e-08 2.28271873e-08 1.05908118e-08 2.60891433e-08
  1.23756845e-08 7.96269051e-10]
 [4.11463175e-09 1.05369606e-08 4.34992975e-09 9.18493637e-09
  1.55552353e-08 4.17342205e-09 9.08598530e-09 1.89946974e-08
  6.30404307e-09 7.38733574e-10]
 [7.25508755e-08 4.67054235e-08 1.15865904e-08 1.85106632e-08
  2.90542754e-08 6.64062014e-08 1.12673826e-08 2.00377848e-08
  7.68943877e-08 1.05450948e-09]
 [8.42367154e-09 5.93769194e-08 6.05033534e-08 1.60008238e-08
  1.29819329e-08 5.27135757e-09 8.12461831e-09 1.47132804e-08
  8.22174240e-09 4.05890765e-10]
 [1.76621526e-08 5.42317018e-08 1.03133679e-08 2.31897932e-08
  3.84331571e-07 2.67049280e-08 1.37031293e-08 1.76464539e-07
  1.40473251e-08 1.88578730e-09]
 [6.67418618e-08 8.35657765e-09 8.12713363e-09 1.73010761e-08
  1.70757364e-08 5.07805531e-09 6.98943614e-09 1.55710804e-08
  7.46078932e-09 2.18938845e-09]
 [1.52578892e-08 5.36483356e-08 1.56766795e-08 7.22557516e-08
  2.25066152e-08 9.63972013e-09 1.23734107e-08 1.64999250e-07
  6.88409685e-08 7.58927865e-10]
 [3.21926983e-08 1.41791272e-08 1.32648950e-08 2.34034960e-08
  2.20379832e-07 2.14205240e-08 1.40973846e-08 2.46453062e-08
  1.43791814e-08 6.95678404e-10]
 [1.36658773e-08 1.48736223e-08 1.31832065e-08 2.55073527e-08
  1.81473823e-07 8.99695785e-09 1.05804354e-07 2.20009024e-08
  7.73396494e-08 5.94011784e-10]
 [3.88841883e-08 5.36233635e-08 2.12947153e-08 7.40233261e-08
  8.52375450e-08 3.11974873e-08 2.41516904e-08 3.41273036e-08
  3.65950541e-08 3.81427645e-09]
 [1.48488830e-08 1.46119001e-08 1.61193832e-08 2.34564688e-08
  2.25285902e-07 1.56633320e-08 1.08444622e-08 1.63512325e-07
  1.44798209e-08 5.54092328e-10]
 [8.31010283e-09 6.59118200e-08 8.51926352e-09 1.24961339e-08
  1.77697714e-08 7.67866482e-09 2.89523456e-07 1.92803483e-07
  7.93127430e-09 7.27776506e-10]
 [7.14259940e-09 6.07910238e-08 5.17242924e-08 1.35580054e-08
  2.15654310e-07 5.42341638e-09 6.35246611e-09 1.28948088e-07
  9.31329893e-08 3.50211499e-10]
 [5.13852028e-09 5.09508880e-08 7.25700255e-09 1.30151703e-08
  1.53088465e-07 4.69133354e-09 7.97596389e-09 1.41864556e-08
  9.25107280e-09 7.31754046e-10]
 [7.62992425e-09 7.95094568e-09 1.15060006e-08 1.52419606e-08
  1.74338268e-08 9.39206490e-09 1.83733718e-07 2.75499730e-08
  1.00814121e-08 2.68692135e-09]
 [8.04818434e-09 6.87748081e-09 3.85184400e-08 4.48337474e-08
  1.59908726e-08 3.50043479e-08 1.34627996e-07 1.68475097e-07
  8.73869865e-09 5.04661424e-10]
 [1.42313166e-08 1.40523380e-08 1.44597632e-08 2.42646028e-08
  2.14929656e-07 8.11219003e-09 1.04197639e-07 2.59174548e-08
  1.81515478e-08 1.78656434e-09]
 [1.61325051e-08 1.58598805e-08 1.63915015e-08 2.38315696e-08
  2.16653291e-08 1.04037801e-08 1.04377325e-08 1.54981493e-07
  1.50780828e-08 5.62370761e-10]
 [1.69207492e-08 5.82306185e-08 1.99087751e-08 7.31089287e-08
  2.37924613e-08 1.56905973e-08 1.32725146e-08 3.44120501e-08
  9.28231501e-08 9.49759715e-10]
 [1.58253357e-08 1.31220101e-08 2.09059881e-08 5.92621312e-08
  2.06930242e-08 1.69984204e-08 1.19178170e-08 2.96025693e-08
  1.34142164e-08 5.81525772e-10]
 [5.90104712e-08 4.96776522e-08 1.04599662e-08 2.22687433e-08
  2.29307020e-07 4.09923473e-08 8.91559253e-08 1.61739564e-08
  8.65428706e-09 3.45699536e-09]
 [1.47684824e-08 1.81026696e-08 1.27213342e-08 2.44963356e-08
  2.14735749e-08 9.60952029e-09 9.61920321e-09 1.63407876e-07
  1.56318922e-08 1.10191412e-09]
 [5.03036972e-08 6.50042722e-08 2.35741027e-08 8.37424139e-08
  5.71145442e-08 1.60116080e-08 2.49321843e-08 1.71327073e-07
  3.16066640e-08 1.91472838e-09]
 [7.16784720e-09 9.26611410e-09 1.06043796e-08 1.01991917e-08
  1.65138090e-07 2.67876921e-08 1.43457584e-07 1.77728658e-08
  6.44780087e-08 4.79672579e-10]
 [1.04225606e-08 1.22856987e-08 2.22384475e-08 6.92357958e-08
  1.81496542e-08 8.27623392e-09 1.11179341e-08 1.31217931e-07
  1.38255460e-08 1.25746435e-09]
 [1.71732299e-08 1.52357913e-08 1.26641098e-08 1.99749195e-08
  2.35536049e-07 8.01423283e-09 1.59791853e-07 3.09083319e-08
  9.50498062e-08 1.84272753e-09]
 [1.39079885e-08 5.51494246e-08 1.35670568e-08 2.25898269e-08
  2.10681250e-08 9.45998835e-09 1.23134924e-08 2.90331226e-08
  1.32558391e-08 5.94285121e-10]
 [9.80789761e-09 5.94962231e-08 1.21565851e-08 2.14517115e-08
  2.19849188e-08 7.49651718e-09 1.35339590e-07 2.68891007e-08
  1.07250369e-08 1.02083830e-09]
 [1.56270445e-08 5.28630046e-08 1.72123045e-08 2.84254522e-08
  1.99569371e-07 1.06329674e-08 1.44401238e-08 3.03308596e-08
  5.43457084e-08 9.52227630e-10]
 [2.95140268e-07 7.70846142e-09 6.04966832e-09 8.55803961e-09
  2.60320459e-08 2.93854384e-07 5.94788796e-09 2.24422987e-08
  7.44116457e-09 8.81062445e-10]
 [3.56449270e-08 6.34990371e-08 1.47380401e-08 2.33556694e-08
  1.95647036e-08 1.78816784e-08 1.45367807e-07 3.23847402e-08
  1.43767869e-08 5.99091388e-10]
 [9.19312804e-09 5.44492416e-08 1.19330554e-08 1.66514429e-08
  2.32137580e-08 9.13525344e-09 1.22964758e-08 2.18082601e-08
  7.16734974e-08 1.78980408e-09]
 [1.23050636e-08 1.47391139e-08 2.39721114e-08 2.32169235e-08
  1.96653982e-08 8.47285353e-09 9.06155861e-09 1.59868378e-07
  1.48432973e-08 8.03833722e-10]
 [1.39100793e-08 1.45804044e-08 2.41535307e-08 1.81143758e-08
  2.55903654e-08 1.21561250e-08 9.51356505e-09 2.38070381e-08
  9.75000525e-09 1.35725964e-09]
 [1.29713769e-08 1.79845099e-08 1.59561182e-08 8.92469387e-08
  2.56635303e-07 1.22523440e-08 1.29272539e-08 2.44806593e-08
  1.60421116e-08 5.58091706e-09]
 [1.21793029e-08 1.66378751e-08 1.43003334e-08 2.55354049e-08
  2.34419005e-07 1.09817329e-08 1.08572543e-07 1.59780370e-07
  1.55299240e-08 1.10474763e-09]
 [1.54404187e-08 1.70936136e-08 1.64377187e-08 2.87192616e-08
  2.20015906e-07 1.04256275e-08 1.56378146e-08 3.39776136e-08
  1.79572393e-08 5.95320793e-10]
 [2.69252070e-08 1.28293545e-08 1.14047829e-08 1.50865578e-08
  1.69282117e-07 6.62903998e-09 8.89667451e-09 1.55296561e-07
  1.09082151e-07 5.49172430e-10]
 [9.19648713e-09 8.47600479e-09 1.01647863e-08 3.88683397e-08
  1.62474009e-07 5.29291677e-09 7.27613170e-08 1.82391560e-08
  6.85579060e-09 4.69775019e-09]
 [1.38627874e-08 6.90454272e-08 1.56934838e-08 7.89154200e-08
  1.79798239e-08 4.02772109e-08 1.11791545e-08 2.22276313e-08
  1.33557281e-08 5.51538815e-10]
 [1.27204069e-08 1.19153540e-08 3.23135474e-08 1.79050659e-08
  1.80150096e-07 3.14069197e-08 1.00972244e-08 2.62122057e-08
  1.08436362e-08 7.53299645e-10]
 [1.21000658e-08 1.48024437e-08 1.11648619e-08 2.19211955e-08
  3.37240323e-07 8.41509884e-09 9.84810100e-09 2.29923227e-08
  1.18280141e-08 7.42615303e-10]
 [1.50613779e-08 6.23774241e-08 1.04523732e-08 6.93127689e-08
  2.15291269e-08 1.03694138e-08 1.38154261e-08 3.37998642e-08
  1.61246430e-08 1.77663428e-09]
 [3.52533327e-08 1.53614277e-08 1.38267504e-08 2.51998600e-08
  2.07556425e-07 7.97082311e-09 1.82044460e-08 2.78412955e-08
  6.17381630e-08 9.20389376e-10]
 [1.12865610e-08 1.55121693e-08 2.88108719e-08 4.89833134e-08
  1.94768059e-08 2.29390249e-08 1.11120517e-08 2.11995825e-08
  1.06712221e-08 9.92121274e-10]
 [1.23534587e-08 1.16589804e-08 1.22865078e-08 1.85177793e-08
  2.11254676e-08 7.49823226e-09 1.12298926e-08 1.63467533e-07
  1.22233264e-08 5.24241373e-10]
 [6.00052186e-09 5.11047098e-08 5.02160402e-09 2.05146051e-08
  2.53291347e-07 7.77027065e-09 9.19983822e-09 1.25814438e-07
  5.45903944e-09 5.11547738e-09]
 [8.42851762e-08 2.65794764e-08 1.96643715e-08 2.99853795e-08
  4.00488943e-07 2.02339425e-08 3.21864029e-08 1.89950839e-07
  3.34383188e-08 1.55079576e-08]
 [1.74464017e-08 1.64619856e-08 1.50735620e-08 7.51143361e-08
  1.79711162e-08 1.02748290e-08 1.47203396e-08 2.79144992e-08
  1.76773831e-08 1.48017953e-09]
 [8.50437587e-09 5.37295541e-08 1.22426114e-08 1.88829201e-08
  1.85046698e-08 9.04992259e-09 1.10740235e-08 1.58403040e-07
  1.29894007e-08 1.32031897e-09]]
[[1.12093561e-08 3.51232963e-08 4.86782614e-09 1.85084481e-08
  3.41705793e-08 3.95843891e-09 1.50300998e-08 1.37774743e-08
  1.20779058e-08 1.29307198e-09]
 [8.66030891e-09 2.88955615e-08 4.68637307e-09 1.09032099e-08
  7.67446906e-08 6.90163304e-09 3.81983405e-08 6.91672426e-08
  1.71737646e-08 6.13760015e-11]
 [8.64332428e-09 3.63523456e-09 2.20604135e-09 1.73456218e-08
  6.48999006e-08 2.84645729e-09 2.54291255e-08 1.54686450e-08
  1.66180598e-08 7.73172304e-10]
 [6.69921452e-09 2.82796941e-09 3.73131881e-09 1.14062670e-08
  5.97221899e-08 8.20404811e-09 3.66123771e-08 1.65145480e-08
  2.12757758e-08 7.00807135e-10]
 [9.10487774e-09 2.28756125e-08 1.59577844e-08 2.20963834e-08
  7.08415087e-08 1.14091208e-08 2.50556091e-08 1.00053697e-07
  2.61625939e-08 9.44181261e-11]
 [9.81784609e-09 2.65855089e-08 6.21436635e-09 1.81522299e-08
  6.59271677e-08 2.96473068e-09 3.68487948e-11 7.18635889e-08
  1.78308763e-08 9.98370164e-10]
 [1.42324970e-08 4.65823025e-09 3.79895360e-09 1.40267016e-08
  6.40542126e-08 9.20127174e-09 2.78053207e-08 7.47115507e-08
  1.41050096e-08 2.32246902e-10]
 [1.22036905e-08 3.11483390e-08 2.66948241e-09 2.19250627e-08
  6.67884521e-08 6.34646824e-09 2.57162167e-08 6.71645566e-08
  1.56389284e-08 6.56832144e-10]
 [1.17538201e-11 2.51328629e-08 4.14060409e-12 1.14235119e-08
  2.59608708e-08 9.10288511e-12 5.67880996e-08 6.85675587e-08
  2.66965809e-08 8.04560807e-10]
 [8.48746762e-09 4.29462599e-09 3.14668647e-09 9.70869340e-09
  3.59087231e-08 1.10578897e-08 9.77220704e-09 5.10947231e-08
  1.49874726e-08 2.32000574e-09]
 [8.08558820e-09 4.30535696e-09 3.61677399e-09 1.25047039e-08
  6.40666684e-08 3.98680156e-09 2.80333285e-08 6.93051803e-08
  1.63151945e-08 6.27603733e-11]
 [6.60554411e-09 2.54393413e-08 8.56395221e-09 1.44827919e-08
  5.49232482e-08 9.98129490e-09 3.11028678e-08 5.01949842e-08
  1.97546832e-08 7.94515009e-11]
 [1.26514514e-08 3.32674199e-09 6.79748879e-09 2.58132786e-08
  8.23516473e-08 3.08818665e-11 3.91305690e-08 7.31089571e-08
  1.41305021e-08 1.09674003e-09]
 [1.87995326e-08 4.81182827e-09 1.00503597e-08 1.58277320e-08
  7.30282039e-08 7.06819359e-09 3.47532101e-08 5.98845347e-08
  2.29845973e-08 5.63786962e-10]
 [1.25525590e-08 4.18613144e-09 4.47117277e-09 1.16274350e-08
  1.72040646e-10 5.58617064e-09 6.89034891e-08 1.70187029e-08
  2.79690742e-08 9.72315894e-10]
 [8.72072459e-09 1.31231772e-08 1.99227799e-08 2.08924078e-08
  1.26024716e-07 2.10982556e-08 5.16468397e-08 5.91640976e-08
  3.98833357e-08 6.26154684e-10]
 [7.32783567e-09 3.85792864e-09 2.45466913e-09 1.62817919e-08
  6.73995117e-08 2.44940490e-09 3.40616602e-08 1.58765889e-08
  1.25604824e-08 7.32760908e-10]
 [7.50415463e-09 2.70031855e-08 2.93611691e-09 1.54642805e-08
  2.75358492e-08 4.90655605e-09 2.23174599e-08 7.16894988e-08
  1.45470951e-08 7.01595670e-10]
 [5.24116350e-09 2.76153109e-08 3.46868645e-09 1.73300627e-08
  2.21198722e-08 3.95225541e-09 1.94349798e-08 7.44737676e-08
  1.46218060e-08 5.57771329e-10]
 [7.18788451e-09 5.14818292e-11 9.60608570e-09 1.60812412e-08
  7.20418427e-08 9.49584678e-09 4.49975559e-08 7.68216282e-08
  2.91796773e-08 1.38248002e-09]
 [7.10456183e-09 3.09183328e-08 6.32751451e-09 1.37025395e-08
  2.59031694e-08 5.81855310e-12 3.34924941e-08 1.43185819e-08
  1.88821883e-08 7.00167480e-10]
 [2.99451415e-08 4.77532369e-09 1.59926916e-08 3.93521162e-08
  1.03256106e-07 1.44591006e-08 3.99605931e-08 1.84397972e-08
  5.28356594e-08 6.82866597e-10]
 [9.08986131e-09 4.47642501e-09 9.06263686e-09 1.16181003e-08
  2.38267415e-08 7.44893747e-09 3.22595923e-08 1.21730697e-08
  1.18329639e-08 5.89619409e-10]
 [7.81459875e-09 3.64554986e-09 7.29667260e-09 1.60646874e-08
  1.59587099e-08 8.19593726e-09 3.60489203e-08 5.64580809e-08
  1.65358003e-08 6.02547345e-10]
 [4.59661749e-08 1.94915177e-08 2.32188082e-08 5.50890036e-08
  1.43564179e-07 1.83717539e-08 2.86549824e-08 1.26502613e-07
  1.42880367e-07 4.74393025e-10]
 [6.64807720e-09 1.82247035e-08 8.95742147e-09 7.78435894e-09
  5.65621114e-08 4.08027834e-09 2.20188721e-08 1.51210156e-08
  1.91528748e-08 5.16567733e-10]
 [1.19776251e-08 2.57597623e-08 1.98467087e-09 1.83820905e-08
  2.78971548e-08 3.74619757e-09 3.91010661e-11 6.12544824e-08
  1.57431401e-08 2.21146837e-10]
 [9.04039510e-09 3.16662145e-08 2.14182849e-09 1.93070804e-08
  6.27885868e-08 4.46357440e-09 3.35270727e-08 1.45425583e-08
  2.08832258e-08 8.25643443e-10]
 [1.09913456e-08 3.95555366e-09 1.94805194e-09 1.66824297e-08
  8.03008149e-08 4.84205076e-09 5.10389278e-08 7.41805977e-08
  1.73401187e-08 1.00868858e-09]
 [9.53658574e-09 2.73622831e-08 5.52404737e-12 1.46546438e-11
  6.70885782e-08 4.71311346e-09 3.00801233e-08 7.15849140e-08
  1.71289312e-08 5.25702815e-10]
 [8.25553759e-09 4.23855083e-11 7.79518583e-09 2.45527794e-08
  2.90649371e-08 5.62277913e-09 1.59980349e-08 6.00995449e-08
  1.67775163e-08 1.25172162e-09]
 [1.00309894e-08 2.91411073e-08 3.29622796e-09 1.36191582e-08
  6.97737619e-08 3.11527493e-09 4.75321293e-08 1.45118433e-08
  2.22504237e-08 7.42260697e-10]
 [1.54285544e-08 5.33293236e-11 2.32845876e-09 1.77092723e-08
  9.44780965e-08 6.03266725e-09 6.64810145e-08 1.57493005e-08
  3.48334410e-08 1.05916642e-09]
 [1.32330227e-08 2.04315285e-08 8.99096442e-09 2.08816235e-08
  1.85009270e-08 1.05508519e-11 2.18203020e-08 5.73585339e-08
  9.87230653e-09 3.47484014e-10]
 [8.53005400e-09 2.57608033e-08 6.27337515e-09 1.35688234e-08
  7.01928471e-08 3.88344201e-09 4.04685920e-08 1.29701201e-08
  1.51133364e-08 8.39634862e-10]
 [1.63232663e-08 2.27628281e-08 8.08269363e-09 2.44676102e-08
  2.91396951e-08 2.28096919e-08 2.55541721e-08 1.05491551e-07
  1.44343737e-08 8.65468752e-10]
 [9.34512201e-09 4.36390435e-09 5.79254200e-09 1.40604408e-08
  6.42880522e-08 4.48255477e-09 3.11577004e-08 6.66210767e-08
  1.74723969e-08 5.30479605e-10]
 [1.15228458e-08 4.24570334e-09 4.54648674e-09 2.20386625e-08
  6.94021125e-08 1.04831699e-08 2.14159463e-08 6.45731006e-08
  1.40531560e-08 1.21606017e-10]
 [1.01081703e-08 4.83172842e-11 2.97086000e-09 1.85940845e-08
  2.54935308e-08 3.17101767e-09 2.34267237e-08 7.32559329e-08
  1.76522096e-11 8.59925575e-10]
 [3.67655701e-08 6.52008083e-08 1.15567239e-07 9.82052839e-08
  1.83874604e-07 3.42162849e-08 8.57024318e-08 1.83347694e-07
  1.03659943e-07 6.91926169e-11]
 [6.64499034e-09 4.67671102e-09 7.08087766e-09 1.32510651e-08
  7.30319627e-08 6.79732312e-12 2.15111484e-08 7.46463229e-08
  2.48011780e-08 8.24018076e-10]
 [1.04581686e-08 3.88699695e-09 4.63698147e-09 1.69893095e-08
  6.90785598e-08 1.79887394e-08 4.13010461e-08 5.71706380e-08
  1.21136825e-08 2.46927728e-10]
 [8.48841264e-09 3.03839869e-08 6.78517020e-09 1.93161345e-08
  6.16307645e-08 3.36431150e-09 2.56354120e-08 1.58787401e-08
  1.88959923e-08 5.64596814e-10]
 [1.41396557e-08 3.05699643e-08 6.53880106e-09 1.28083153e-08
  7.53455467e-08 2.23904872e-09 2.90779791e-08 6.00925887e-08
  2.02849026e-08 1.01620579e-09]
 [1.16754135e-08 3.82140399e-08 4.24229007e-09 1.86038154e-08
  3.20515312e-08 5.04229325e-09 6.22180210e-08 7.02382863e-08
  3.34413421e-08 8.25411406e-10]
 [9.80853265e-09 3.00029868e-08 2.96208302e-09 1.95447623e-08
  2.93516198e-08 4.90560836e-09 1.82031332e-08 1.41735788e-08
  2.10259596e-08 8.84130491e-10]
 [9.43048395e-09 2.92405424e-08 2.54609933e-09 2.17917577e-08
  2.92532025e-08 3.48105367e-09 2.13393800e-08 6.74368152e-08
  1.54494213e-08 1.07839437e-09]
 [5.26586064e-09 2.63200768e-08 4.38009851e-09 1.67936740e-08
  2.07461657e-08 1.19409460e-08 2.96515434e-08 1.44023717e-08
  1.81061726e-08 5.51029611e-10]
 [6.22175733e-09 1.60862239e-08 7.19711046e-09 8.92626861e-09
  2.25800516e-08 7.77838327e-09 1.30610571e-08 6.53552306e-08
  2.39776767e-08 1.16887337e-12]
 [1.12303464e-08 5.26769295e-09 8.20345658e-09 2.89867436e-11
  7.76275115e-08 1.62081407e-11 5.85024438e-08 7.31954941e-08
  1.76610087e-08 7.92567789e-10]
 [9.98053729e-09 2.77209562e-08 8.51020054e-09 1.45333781e-08
  2.15708162e-08 1.25313137e-11 3.47472877e-08 7.09758154e-08
  2.17661213e-08 7.33835437e-10]
 [2.08944435e-08 6.86683705e-08 1.42367711e-07 1.67872429e-07
  4.61969982e-08 7.91891424e-08 4.17044355e-08 2.08281563e-07
  7.78777931e-08 9.71808814e-11]
 [8.69627126e-09 4.55796112e-09 5.12065546e-09 1.56649840e-08
  7.33784660e-08 4.46547155e-09 9.48985175e-08 6.94109517e-08
  2.40237643e-08 1.17551878e-12]
 [7.77831310e-09 2.71522289e-08 3.44702933e-09 1.38955381e-08
  2.48920724e-08 5.14492626e-09 1.85703790e-08 7.34467989e-08
  1.35370222e-08 8.06221145e-10]
 [1.16193695e-08 2.68592455e-08 7.35699546e-09 9.82138726e-09
  6.44511431e-08 3.35068728e-09 5.45434737e-08 5.69973935e-08
  2.40298839e-08 9.22216858e-10]
 [1.10122826e-08 2.29269013e-08 4.93743046e-09 2.05035935e-08
  6.96039422e-08 5.56774271e-09 4.54356339e-08 1.38110154e-08
  2.48150016e-08 2.99652664e-10]
 [1.43223078e-08 3.72986264e-09 1.66625096e-08 1.73982944e-08
  2.46333052e-08 1.46790367e-08 4.85952327e-08 1.37100269e-08
  3.13351016e-08 8.37858061e-10]
 [2.29339889e-08 3.05305932e-08 1.36694056e-09 2.24677592e-08
  1.56775967e-10 8.66696759e-09 9.13869371e-08 1.68351733e-08
  2.83450312e-08 3.47243834e-09]
 [1.28899860e-08 2.95580609e-08 2.19592922e-09 1.44740593e-08
  7.27211287e-08 1.90798066e-09 5.94395182e-08 6.69045050e-08
  2.08716742e-08 1.02893227e-09]
 [1.03280691e-08 4.01971434e-09 6.36337028e-09 1.93596001e-08
  6.85848818e-08 6.22054497e-09 4.90815211e-08 1.61282880e-08
  2.28729835e-08 8.67349970e-10]]
[[2.1298320e-06 3.6657133e-05 4.1043659e-06 2.1893695e-05 6.1616127e-05
  2.0246546e-06 1.2065847e-06 8.6132502e-05 3.7373857e-06 7.7302849e-07]]
[[1.70665496e-11 4.47725849e-11 1.43647655e-11 1.75087583e-11
  2.45616825e-11 3.85652621e-11 4.49271696e-11 1.51373601e-11
  3.09199021e-11 2.61364264e-10]]
