

config:

HOME=/clusterFS/home/student/kopp13
PATH=/clusterFS/home/student/kopp13/miniconda3/envs/tensorflow/bin:/clusterFS/home/student/kopp13/miniconda3/bin:/clusterFS/home/student/kopp13/bin:/usr/local/bin:/usr/bin:/bin:/usr/local/games:/usr/games
LD_LIBRARY_PATH=
THEANO_FLAGS=floatX=float32,gpuarray.preallocate=0.9,dnn.library_path=/usr/lib/x86_64-linux-gnu,cxx=clang++-3.8,device=cuda,base_compiledir=/tmp/tmp.GDXfExfL8s

=============================
CONFIG FILE

RNN CONFIG
{'data_multiplier': 1000.0,
 'gradient_clip_value': 0.5,
 'layer_configs': [{'layer_type': 'input'},
                   {'bc': {'init_m': 'xavier',
                           'init_v': -4.5,
                           'prior_m': 0.0,
                           'prior_v': 0.0,
                           'type': 'continuous'},
                    'bf': {'init_m': 'xavier',
                           'init_v': -4.5,
                           'prior_m': 0.0,
                           'prior_v': 0.0,
                           'type': 'continuous'},
                    'bi': {'init_m': 'xavier',
                           'init_v': -4.5,
                           'prior_m': 0.0,
                           'prior_v': 0.0,
                           'type': 'continuous'},
                    'bo': {'init_m': 'xavier',
                           'init_v': -4.5,
                           'prior_m': 0.0,
                           'prior_v': 0.0,
                           'type': 'continuous'},
                    'discrete_act': False,
                    'init_config': {'c': {'b': 'all_zero', 'w': 'xavier'},
                                    'f': {'b': 'all_one', 'w': 'all_zero'},
                                    'i': {'b': 'all_zero', 'w': 'xavier'},
                                    'o': {'b': 'all_zero', 'w': 'xavier'}},
                    'is_output': False,
                    'is_recurrent': True,
                    'layer_type': 'lstm',
                    'tau': 0.5,
                    'var_scope': 'lstm_0',
                    'wc': {'p0max': 0.95,
                           'p0min': 0.05,
                           'pmax': 0.99,
                           'pmin': 0.01,
                           'priors': [0.2, 0.6, 0.2],
                           'type': 'ternary'},
                    'wf': {'p0max': 0.95,
                           'p0min': 0.05,
                           'pmax': 0.99,
                           'pmin': 0.01,
                           'priors': [0.2, 0.6, 0.2],
                           'type': 'ternary'},
                    'wi': {'p0max': 0.95,
                           'p0min': 0.05,
                           'pmax': 0.99,
                           'pmin': 0.01,
                           'priors': [0.2, 0.6, 0.2],
                           'type': 'ternary'},
                    'wo': {'p0max': 0.95,
                           'p0min': 0.05,
                           'pmax': 0.99,
                           'pmin': 0.01,
                           'priors': [0.2, 0.6, 0.2],
                           'type': 'ternary'}},
                   {'bc': {'init_m': 'xavier',
                           'init_v': -4.5,
                           'prior_m': 0.0,
                           'prior_v': 0.0,
                           'type': 'continuous'},
                    'bf': {'init_m': 'xavier',
                           'init_v': -4.5,
                           'prior_m': 0.0,
                           'prior_v': 0.0,
                           'type': 'continuous'},
                    'bi': {'init_m': 'xavier',
                           'init_v': -4.5,
                           'prior_m': 0.0,
                           'prior_v': 0.0,
                           'type': 'continuous'},
                    'bo': {'init_m': 'xavier',
                           'init_v': -4.5,
                           'prior_m': 0.0,
                           'prior_v': 0.0,
                           'type': 'continuous'},
                    'discrete_act': False,
                    'init_config': {'c': {'b': 'all_zero', 'w': 'xavier'},
                                    'f': {'b': 'all_one', 'w': 'all_zero'},
                                    'i': {'b': 'all_zero', 'w': 'xavier'},
                                    'o': {'b': 'all_zero', 'w': 'xavier'}},
                    'is_output': False,
                    'is_recurrent': True,
                    'layer_type': 'lstm',
                    'tau': 0.5,
                    'var_scope': 'lstm_1',
                    'wc': {'p0max': 0.95,
                           'p0min': 0.05,
                           'pmax': 0.99,
                           'pmin': 0.01,
                           'priors': [0.2, 0.6, 0.2],
                           'type': 'ternary'},
                    'wf': {'p0max': 0.95,
                           'p0min': 0.05,
                           'pmax': 0.99,
                           'pmin': 0.01,
                           'priors': [0.2, 0.6, 0.2],
                           'type': 'ternary'},
                    'wi': {'p0max': 0.95,
                           'p0min': 0.05,
                           'pmax': 0.99,
                           'pmin': 0.01,
                           'priors': [0.2, 0.6, 0.2],
                           'type': 'ternary'},
                    'wo': {'p0max': 0.95,
                           'p0min': 0.05,
                           'pmax': 0.99,
                           'pmin': 0.01,
                           'priors': [0.2, 0.6, 0.2],
                           'type': 'ternary'}},
                   {'b': {'init_m': 'xavier',
                          'init_v': -4.5,
                          'prior_m': 0.0,
                          'prior_v': 0.0,
                          'type': 'continuous'},
                    'is_output': True,
                    'is_recurrent': False,
                    'layer_type': 'fc',
                    'regularization': {'mode': None, 'strength': 0.02},
                    'tau': 0.5,
                    'var_scope': 'output_layer',
                    'w': {'p0max': 0.95,
                          'p0min': 0.05,
                          'pmax': 0.99,
                          'pmin': 0.01,
                          'priors': [0.2, 0.6, 0.2],
                          'type': 'ternary'}}],
 'layout': [4, 60, 60, 10],
 'output_type': 'classification'}

DATA CONFIG
{'dataset': 'red_penstroke',
 'tr': {'in_seq_len': 30,
        'minibatch_enabled': True,
        'minibatch_size': 200,
        'out_seq_len': 5,
        'zero_padding': 20},
 'va': {'in_seq_len': 30,
        'minibatch_enabled': True,
        'minibatch_size': 200,
        'out_seq_len': 5,
        'zero_padding': 20}}

TRAINING CONFIG
{'beta_reg': 0.0,
 'is_pretrain': False,
 'learning_rate': 0.002,
 'mode': {'max_epochs': 0, 'min_error': 0.0, 'name': 'classic'},
 'task_id': 0,
 'type': 'l_sampling',
 'var_reg': 0.0}
==============================


[[3.83668748e-07 1.95535137e-07 1.46607944e-08 ... 1.93067820e-07
  1.18690927e-07 9.86101956e-09]
 [4.49981705e-08 3.06689927e-08 3.94912604e-07 ... 2.07561595e-08
  2.77643419e-08 1.33329067e-07]
 [2.38135456e-10 1.37129280e-10 8.83210727e-11 ... 3.00621750e-11
  8.88951579e-10 2.04751507e-10]
 ...
 [5.33174793e-09 2.39125857e-08 1.35659262e-09 ... 8.14041368e-09
  1.89049700e-08 1.24607595e-08]
 [3.73926001e-09 1.88686011e-10 1.42444570e-10 ... 3.50477147e-11
  2.04183781e-08 4.38224745e-09]
 [2.80602075e-09 1.89325955e-09 2.17479834e-09 ... 1.76413284e-09
  2.29878405e-09 9.21464682e-09]]
[[2.5494091e-09 4.9573762e-10 5.0870792e-12 ... 2.4141795e-09
  3.2890695e-09 4.7556629e-12]
 [1.5678879e-08 1.4372789e-11 1.7841611e-08 ... 8.0660053e-12
  8.5587310e-12 2.9782539e-09]
 [4.2031438e-14 2.5616299e-14 1.5940648e-14 ... 1.1044279e-11
  3.6391797e-12 9.9350019e-14]
 ...
 [1.1139931e-09 6.1392919e-11 6.1929612e-13 ... 3.5443731e-12
  4.0958689e-10 6.6787402e-11]
 [1.4925769e-12 5.7733063e-10 5.0090049e-10 ... 2.6392485e-10
  8.6460891e-12 2.3263527e-10]
 [1.0721416e-12 8.0849097e-13 9.4464725e-13 ... 7.7279827e-10
  9.3807091e-13 4.0222088e-12]]
[[8.59016509e-05 1.88239210e-04 1.46568316e-04 2.28357545e-04
  1.00609883e-04 1.13233749e-04 8.16113534e-05 9.39377696e-06
  3.39181744e-04 2.77658055e-05 7.02885445e-05 1.02415952e-05
  1.72897726e-05 3.01574528e-05 4.49228683e-05 1.41888886e-04
  3.72939940e-05 3.30599505e-05 3.56043347e-05 1.44390597e-05
  1.02309496e-04 3.95446077e-05 7.44736681e-05 1.07326203e-04
  1.24403123e-05 4.32734756e-04 2.53119972e-04 1.13486720e-04
  7.36797392e-06 4.93269144e-05 3.20785075e-05 9.09136943e-05
  1.16595766e-04 1.91529489e-05 9.65074432e-05 3.60531085e-05
  2.79473927e-04 8.11601876e-06 8.18308763e-05 3.97105963e-04
  1.11399168e-04 2.66264105e-05 1.40097327e-04 3.51081144e-05
  7.30237807e-05 1.11779147e-04 4.09096720e-05 7.73616339e-05
  1.07710810e-04 4.12210240e-04 4.61062918e-05 3.11400392e-04
  4.17321826e-05 1.70574232e-04 1.11156318e-04 1.48978812e-04
  1.99611008e-04 3.43160500e-05 7.86922537e-05 8.01494389e-05]]
[[4.53452316e-08 3.37304371e-08 2.65989328e-08 1.47176333e-08
  1.64889542e-08 1.15172183e-08 3.35129680e-09 1.53920143e-09
  1.67130239e-07 8.19924395e-09 7.77425857e-09 2.15830553e-09
  1.42334109e-08 2.91933389e-09 1.54714801e-08 1.71765464e-08
  5.20173344e-08 7.82889487e-09 1.01534985e-08 2.15370211e-09
  5.81237956e-08 2.18440217e-08 2.14838849e-08 1.31028326e-08
  2.07338080e-09 5.38855822e-08 1.04829869e-08 2.79695715e-08
  4.11102707e-09 3.53937457e-09 3.01687897e-09 1.38992764e-08
  1.20819941e-08 9.85251791e-09 2.71095129e-08 1.40838994e-08
  1.13636801e-07 2.87250113e-09 1.65914731e-08 3.48648150e-08
  1.60684792e-07 4.85255081e-09 1.80113187e-08 3.59229158e-09
  1.01460484e-08 1.77292048e-08 5.49520118e-09 4.22995150e-09
  4.01720364e-08 8.95383039e-08 3.28028227e-09 3.60288297e-08
  1.76537824e-08 2.69235834e-08 1.57451794e-08 7.26090077e-09
  8.75497719e-09 3.77015708e-09 2.07901483e-08 1.34432350e-08]]
[[2.8100793e-08 9.8021808e-08 4.8450755e-08 ... 2.4455812e-07
  9.8402779e-08 4.0807659e-08]
 [2.7380608e-07 2.1561629e-08 8.2548439e-08 ... 1.1350911e-08
  5.3637983e-08 4.4988290e-08]
 [9.8718790e-11 6.1540190e-11 1.9985433e-10 ... 1.4036637e-10
  1.5330957e-10 1.9776417e-10]
 ...
 [1.8489292e-09 2.0007807e-09 2.8633373e-10 ... 1.2566759e-09
  1.1633824e-10 1.8026024e-09]
 [2.6720641e-09 2.5534511e-10 4.4783889e-08 ... 1.8418417e-08
  1.3664454e-08 4.4278550e-09]
 [3.6993539e-09 1.1577901e-09 2.4665512e-09 ... 5.8745836e-10
  1.4042972e-09 9.2548891e-10]]
[[6.3483343e-09 1.6761669e-08 2.8156399e-11 ... 3.3934187e-09
  7.5783761e-09 1.0021838e-11]
 [5.2878608e-08 1.2512921e-08 3.1916670e-08 ... 4.1227372e-10
  1.4143759e-11 4.9836359e-12]
 [4.2596850e-11 2.1706381e-14 5.2226476e-14 ... 3.0393694e-14
  4.4748257e-11 5.0126410e-14]
 ...
 [6.4121045e-13 1.0363322e-12 3.7193618e-10 ... 5.9679524e-13
  4.4664039e-10 2.5091199e-10]
 [1.4188202e-12 5.3889421e-10 1.3060608e-10 ... 2.3587965e-10
  1.2020039e-10 2.9336333e-10]
 [1.6920295e-12 6.0877339e-13 1.2204829e-12 ... 1.7896280e-13
  4.8925274e-13 4.6843101e-13]]
[[1.23355188e-04 3.11705982e-04 2.41784408e-04 3.40903731e-04
  1.72415588e-04 1.79438735e-04 1.02148428e-04 1.21888070e-05
  4.34194750e-04 3.60491831e-05 1.22994068e-04 1.62116175e-05
  2.41669823e-05 3.98235425e-05 5.87712821e-05 2.18795030e-04
  5.48951430e-05 4.31729932e-05 7.09353408e-05 2.73026581e-05
  9.67077794e-05 7.24536876e-05 9.51149705e-05 2.14563028e-04
  2.11924998e-05 5.40279609e-04 4.77950147e-04 2.27309793e-04
  1.44781879e-05 4.30352848e-05 3.76759272e-05 9.32753683e-05
  1.44025762e-04 3.06184520e-05 1.55821283e-04 5.05709831e-05
  4.27276449e-04 1.62682391e-05 1.04649138e-04 1.00044359e-03
  1.49420739e-04 5.05471107e-05 2.81856628e-04 5.74269980e-05
  1.11720845e-04 1.87388723e-04 6.07681795e-05 1.54233727e-04
  2.14529660e-04 7.43025565e-04 8.99685547e-05 4.32042027e-04
  5.76412640e-05 2.87414237e-04 1.25269245e-04 2.73788814e-04
  4.11228510e-04 4.65434750e-05 9.95980881e-05 1.10060297e-04]]
[[2.23118079e-07 9.67727019e-08 9.41362970e-08 8.68196963e-08
  9.81358141e-08 8.58688836e-08 1.32420634e-08 3.96569675e-08
  3.74317182e-07 3.02246974e-08 4.12151095e-08 1.13638725e-08
  1.43940269e-07 2.19059135e-08 8.09397633e-08 1.50859947e-07
  1.03705517e-07 2.42014746e-08 5.47894743e-08 7.52888241e-09
  5.80156865e-08 7.63930075e-08 1.21948545e-07 8.94415066e-08
  3.77689560e-08 2.85513948e-07 2.48250757e-07 9.14573874e-08
  4.25539497e-08 5.18468575e-08 1.87655864e-08 4.15027728e-08
  2.47194293e-07 7.23375422e-08 6.90608744e-08 1.64542740e-07
  1.29875446e-07 9.83763915e-09 1.06942721e-07 1.26328757e-07
  1.28416019e-07 4.25056612e-08 3.26958769e-07 3.39573774e-08
  1.15495070e-07 2.59145594e-07 4.63982452e-08 8.80774493e-08
  1.61947270e-07 3.32981955e-07 2.69029723e-08 1.07937993e-07
  1.25072361e-07 1.30537998e-07 3.85491887e-08 4.04834779e-08
  5.74869716e-08 6.62337456e-08 9.14089355e-08 6.26258796e-08]]
[[1.4835430e-06 6.0511270e-06 8.8110110e-06 ... 8.0432146e-06
  4.3621785e-07 3.9003398e-06]
 [4.2773121e-05 1.8664647e-06 7.4574782e-06 ... 8.8474962e-07
  1.4897865e-05 2.1716442e-06]
 [7.2250961e-09 5.4878396e-10 1.9158026e-08 ... 3.0167124e-09
  8.4375316e-09 1.7020612e-09]
 ...
 [1.9499330e-06 3.7261594e-07 4.2615957e-07 ... 1.8048203e-07
  5.5102425e-09 5.2801465e-07]
 [5.6220615e-06 2.2165767e-07 3.3699996e-07 ... 3.2876002e-07
  8.5368254e-07 1.9775896e-08]
 [4.3052495e-08 8.9818184e-07 6.0980929e-06 ... 9.2803143e-09
  2.0914472e-07 1.0661212e-06]]
[[7.94261990e-10 4.12068459e-08 4.32028230e-07 ... 2.06387398e-07
  1.15208266e-07 1.26145366e-07]
 [1.50401547e-07 1.07116271e-09 2.40290501e-06 ... 3.02418385e-07
  1.01165438e-06 9.83792825e-10]
 [2.38774387e-12 2.64984729e-10 9.27596402e-11 ... 7.05800815e-13
  1.74626123e-12 4.03038908e-10]
 ...
 [5.39449374e-08 3.50514924e-08 5.69367202e-08 ... 4.97681931e-08
  6.53674306e-08 1.71308958e-08]
 [7.32682182e-08 1.01191999e-10 1.62027045e-10 ... 1.38090733e-10
  1.22917086e-07 4.31673932e-08]
 [2.50754738e-07 1.44354715e-07 1.13159189e-07 ... 1.20528924e-07
  2.82889459e-07 8.09524252e-08]]
[[0.38410944 0.21973519 0.35052803 0.12859052 0.47626892 0.21137343
  0.03005521 0.05414144 0.53556997 0.10459874 0.1806572  0.04226693
  0.14666831 0.10146133 0.3384229  0.49088946 0.4107796  0.09124013
  0.16711919 0.03443788 0.36232814 0.14904281 0.3149275  0.17975782
  0.05434241 0.943837   0.29777822 0.4960903  0.08762236 0.14940451
  0.04303991 0.2817767  0.4667671  0.0985174  0.20151986 0.23965187
  0.1987123  0.0252077  0.50975794 0.30242184 0.7692928  0.15868053
  0.43564656 0.06621625 0.33860803 0.4668119  0.13689373 0.12549348
  0.2658306  0.5775398  0.08662748 0.5844375  0.3623594  0.34371436
  0.16416793 0.17126048 0.30712035 0.23302794 0.3367767  0.13189034]]
[[2.7535130e-05 2.8342671e-05 3.3308108e-05 1.6958138e-05 2.7171031e-05
  2.0439496e-05 3.5443368e-06 2.0073503e-06 4.9854429e-05 1.3553777e-05
  2.2988741e-05 2.6829141e-06 1.5578704e-05 5.6726376e-06 1.3489627e-05
  1.5606689e-05 1.5847263e-05 8.8416782e-06 2.1922358e-05 2.3166651e-06
  1.1429988e-05 1.0389910e-05 1.2448372e-05 6.6166526e-06 6.7227106e-06
  7.1979724e-05 2.8991833e-05 3.8100978e-05 3.2408502e-06 1.4357584e-05
  4.2552319e-06 6.0781818e-05 4.1574513e-05 1.4302489e-05 1.7092958e-05
  8.3328332e-06 2.4107125e-05 1.4432323e-06 2.7017935e-05 3.6408263e-05
  4.4868273e-05 1.7609791e-05 1.9053019e-05 1.7829745e-05 2.0053423e-05
  7.6264470e-05 9.3849549e-06 8.2368460e-06 2.1337715e-05 3.0578718e-05
  1.4285575e-05 6.6547262e-05 1.9984509e-05 2.9515855e-05 8.3022660e-06
  1.7076623e-05 2.6992535e-05 3.0950512e-05 4.5154371e-05 2.0992285e-05]]
[[9.48089607e-09 6.58953923e-08 2.79937264e-08 ... 1.76797897e-07
  1.41905154e-08 1.20147634e-08]
 [6.36697109e-07 2.21920704e-08 2.64608047e-07 ... 1.20639001e-07
  4.02156779e-08 6.87659085e-09]
 [7.65995253e-11 4.22072759e-11 5.50418079e-11 ... 1.38989315e-11
  7.02071873e-11 2.53146688e-11]
 ...
 [1.37461220e-09 9.19331888e-10 9.10185705e-10 ... 2.08036144e-09
  2.34647874e-08 2.45813681e-09]
 [3.16134496e-09 2.38993003e-09 2.65126445e-08 ... 2.11233022e-08
  2.58852628e-09 4.23644320e-09]
 [2.33408226e-09 1.68648884e-09 1.91494509e-09 ... 8.70343242e-10
  1.27368016e-09 3.94776212e-09]]
[[7.69207720e-09 1.27187452e-08 1.08210272e-11 ... 3.86370713e-09
  4.24531343e-09 6.06695597e-12]
 [2.06205417e-08 1.09923137e-08 1.64300680e-08 ... 4.33902070e-09
  1.05018728e-11 5.21673815e-09]
 [1.82250760e-14 1.46891014e-14 1.13574896e-14 ... 5.44275716e-15
  2.65566718e-11 6.24814997e-15]
 ...
 [4.83679340e-13 1.38022762e-11 4.35755409e-13 ... 1.09034342e-12
  2.70029166e-10 3.48828799e-10]
 [1.29306632e-09 1.08958047e-12 1.41872569e-10 ... 2.98671331e-11
  3.20178217e-09 2.52484283e-10]
 [1.08512667e-12 7.41285343e-13 8.85304633e-13 ... 3.31318875e-13
  5.58745324e-13 2.01085394e-12]]
[[1.19485121e-04 3.01922642e-04 2.03248041e-04 3.98076634e-04
  1.48206003e-04 2.07233461e-04 1.05213250e-04 1.42750969e-05
  4.62563854e-04 3.79881130e-05 1.18422264e-04 1.85167828e-05
  2.05444412e-05 4.09597415e-05 7.09348024e-05 2.25968484e-04
  5.40526999e-05 5.02514013e-05 7.08101434e-05 2.52920490e-05
  1.03320446e-04 6.36256082e-05 9.00754458e-05 2.13339285e-04
  2.44436596e-05 6.72822702e-04 4.70291910e-04 2.30019941e-04
  1.37962516e-05 6.47377019e-05 3.94665076e-05 1.09417044e-04
  1.29924854e-04 3.53326432e-05 1.50888882e-04 5.14332096e-05
  4.25952428e-04 1.44475243e-05 1.13445421e-04 9.64418228e-04
  1.68093276e-04 4.63290417e-05 2.90504046e-04 5.86862516e-05
  1.17104071e-04 1.63310833e-04 6.34415119e-05 1.56710434e-04
  2.11211634e-04 7.27596809e-04 8.84723268e-05 4.57274582e-04
  7.20076278e-05 2.77064362e-04 1.30368586e-04 2.67295400e-04
  3.90857545e-04 5.07170444e-05 1.03711653e-04 1.04340004e-04]]
[[5.2551730e-08 4.9381509e-08 2.2215914e-08 5.1463559e-08 3.3576764e-08
  3.3983305e-08 3.7714805e-09 5.9294991e-09 6.9907443e-08 9.7234709e-09
  5.3333295e-08 3.0303779e-09 5.0962548e-08 2.5410190e-08 3.8091482e-08
  5.8802776e-08 3.7922149e-08 3.7610157e-08 6.8591497e-08 1.6423909e-08
  2.9882614e-08 3.7637221e-08 5.7240666e-08 3.3362458e-08 3.6463941e-08
  1.2664802e-07 7.3785145e-08 2.1108556e-07 4.4002499e-09 3.3516731e-08
  1.9239451e-08 2.2303180e-08 5.9756218e-08 1.6931436e-08 3.3963044e-08
  1.8559680e-08 1.2261425e-07 4.6114148e-09 6.8139641e-08 7.8003865e-08
  6.4496845e-08 4.1643951e-08 9.9351560e-08 3.0566817e-08 3.5329965e-08
  9.2057654e-08 3.6297038e-08 1.8548088e-08 1.9690013e-07 2.9145557e-08
  1.3640401e-08 2.9243205e-07 2.9496841e-08 3.2828144e-08 5.2021477e-08
  3.4699003e-08 6.6783485e-08 2.4843914e-08 4.7965521e-08 2.4173579e-08]]
[[6.3574579e-10 1.7607592e-08 1.5298688e-11 ... 5.0182001e-09
  4.4582853e-09 1.5773599e-08]
 [1.3899899e-09 1.8546041e-08 3.5314604e-10 ... 1.5563186e-08
  1.6964577e-08 1.4877838e-09]
 [1.6981492e-08 1.0279758e-10 8.4428416e-11 ... 1.9721663e-10
  1.2349414e-09 2.3110607e-09]
 ...
 [6.7413679e-09 4.8958770e-09 7.6015256e-09 ... 5.4035119e-09
  1.6978122e-08 7.1793087e-09]
 [6.4985746e-09 9.7395887e-09 5.0901894e-10 ... 1.3571565e-10
  1.2877433e-08 5.3159212e-08]
 [5.4827907e-09 1.0984089e-08 9.2312744e-09 ... 2.4771212e-09
  9.7120045e-09 2.2039094e-08]]
[[1.16334675e-09 9.26483390e-10 1.10414962e-10 ... 1.80173376e-10
  9.25985733e-10 7.85153165e-10]
 [5.14003118e-10 2.39287645e-10 2.00635855e-10 ... 2.65130366e-11
  6.96517843e-10 5.40718248e-10]
 [3.70850850e-10 1.42128267e-10 1.06207466e-10 ... 9.72345238e-14
  3.41985086e-11 8.90753779e-13]
 ...
 [1.95007378e-12 4.34563985e-09 4.02055139e-10 ... 1.93968279e-12
  3.38677530e-09 2.34890579e-12]
 [1.87268191e-12 2.93693954e-12 3.64716479e-10 ... 6.04829409e-10
  4.29251469e-12 8.41660519e-10]
 [1.50520547e-12 3.29406576e-12 2.18071755e-10 ... 7.52544565e-13
  2.91258836e-12 1.77391535e-09]]
[[2.37614267e-06 1.35967393e-05 1.82577423e-06 1.17028230e-06
  1.88427543e-06 6.03423405e-06 1.08562217e-05 9.16912541e-06
  6.97175346e-06 1.34572956e-05 3.14645831e-06 6.44614329e-06
  8.07274137e-06 3.16441333e-06 1.12564385e-05 1.00304069e-05
  5.78243498e-06 6.18774357e-06 1.71906686e-05 1.57526956e-05
  1.23582931e-05 2.24391279e-05 3.58055004e-05 5.35754270e-06
  1.00930147e-05 4.73345744e-06 4.20140032e-06 3.07314531e-06
  1.44259902e-05 1.33642243e-05 7.61752881e-06 9.51886886e-06
  5.16460295e-06 4.84865586e-06 1.31948955e-05 1.00369189e-05
  7.11718167e-06 1.07103697e-05 1.23748159e-05 5.80619599e-06
  1.88218746e-05 7.34294599e-06 5.17054741e-06 6.00721978e-06
  1.16047777e-05 9.94424590e-06 1.11904437e-05 7.17056037e-06
  7.08524612e-06 7.97949542e-06 1.86302714e-05 6.77115167e-06
  7.47300874e-06 4.11833616e-06 5.64077072e-06 1.75819787e-05
  2.62087688e-05 1.31125607e-05 9.30505848e-06 4.17724959e-06]]
[[3.93648621e-11 2.54424842e-10 8.63692590e-11 6.47968901e-11
  4.61606621e-11 1.14527651e-10 3.32733757e-10 7.43507825e-11
  3.62745528e-10 4.31200936e-10 3.88263588e-11 1.22072907e-10
  2.29008770e-10 1.91748104e-10 1.46546705e-10 3.18652577e-10
  3.35921041e-10 7.22046034e-11 7.10934020e-11 2.95110242e-10
  4.31686076e-10 3.62947589e-10 7.72458708e-10 1.44669637e-10
  2.68750217e-10 1.43091650e-10 5.72290583e-11 4.90724995e-11
  9.01120012e-10 4.46591542e-10 8.14173798e-11 7.71429531e-10
  1.62235642e-10 3.35023898e-10 1.36865533e-10 6.83867518e-10
  2.00462896e-10 2.45630377e-10 6.85276669e-10 1.67498751e-10
  5.05724740e-10 1.49936369e-10 5.10684661e-10 1.98304831e-10
  3.80033838e-10 5.10354148e-10 1.46101478e-10 4.40318199e-10
  2.84490903e-10 1.83861065e-10 3.21594029e-10 9.72937494e-11
  1.21755495e-10 4.19041225e-11 1.45151746e-09 2.75272583e-10
  9.34947231e-10 1.91595531e-10 1.10275296e-10 1.34452213e-10]]
[[7.0042701e-11 3.8908294e-09 1.4119136e-10 ... 6.4023570e-10
  1.3325359e-08 1.9704072e-11]
 [1.0931998e-11 1.0740066e-09 1.2724538e-10 ... 1.5921801e-09
  1.8430962e-09 1.5332116e-09]
 [1.6893036e-10 3.0663602e-10 1.2669853e-10 ... 3.8735487e-11
  5.7563637e-10 1.6201909e-10]
 ...
 [5.4279076e-10 3.4789565e-09 7.7429688e-11 ... 1.2349554e-09
  2.2896613e-09 3.7796755e-10]
 [3.1956759e-10 1.4519511e-09 2.9303007e-09 ... 7.5623143e-09
  6.1098765e-10 7.5121021e-10]
 [5.0114091e-10 1.8748103e-09 2.2126969e-09 ... 3.6453249e-10
  1.8719917e-09 1.0069950e-09]]
[[9.19215745e-11 3.60304286e-11 6.76725657e-14 ... 2.55030453e-13
  2.29735397e-11 7.55242466e-11]
 [6.90458940e-11 1.97029476e-10 8.17033385e-11 ... 1.30922495e-10
  1.12571459e-10 5.77914903e-11]
 [7.71888182e-14 1.26959099e-13 5.55233587e-14 ... 6.70875230e-11
  2.66860291e-13 5.90623403e-14]
 ...
 [1.41381171e-10 7.84375065e-10 2.58891415e-11 ... 4.09765971e-13
  8.15740758e-13 1.69359221e-10]
 [1.09166636e-13 4.95012234e-13 1.13960846e-11 ... 2.81674323e-10
  2.63255234e-11 2.48295200e-13]
 [1.63436688e-13 6.29811145e-13 1.38194517e-11 ... 1.29285986e-13
  6.05462024e-13 1.92649091e-10]]
[[6.54700727e-07 7.54321945e-06 1.49353309e-06 6.86559929e-07
  2.42923238e-06 5.01517070e-06 8.00498219e-06 1.63793220e-06
  4.19450907e-06 7.70166753e-06 1.40959548e-06 4.35571928e-06
  2.07308699e-06 3.34716265e-06 4.34319963e-06 3.97747226e-06
  5.52340953e-06 2.58113255e-06 5.12088263e-06 4.47447746e-06
  9.65607614e-06 9.78985190e-06 2.29890284e-05 5.97178632e-06
  5.96397058e-06 4.70547229e-06 4.42302826e-06 1.12717260e-06
  3.85709018e-06 1.97420777e-05 1.10811725e-05 5.90961599e-06
  5.82189750e-06 2.88458546e-06 4.24005748e-06 1.60154614e-05
  8.33482773e-06 1.19619190e-05 1.44984588e-05 5.80211736e-06
  1.78056380e-05 4.02184742e-06 7.30509510e-06 3.79100220e-06
  5.11535427e-06 7.45585066e-06 7.91566708e-06 6.41561064e-06
  3.91373578e-06 6.54111136e-06 1.09227740e-05 5.00660690e-06
  6.42470332e-06 1.28276872e-06 4.51513642e-06 7.98477504e-06
  1.97835088e-05 1.35828359e-05 4.43002455e-06 1.96406017e-06]]
[[1.1538113e-10 1.0883342e-09 3.3416545e-10 1.8601405e-10 5.3115556e-10
  2.9400649e-10 7.2274831e-10 9.5701759e-11 9.0612196e-10 1.0712623e-09
  7.4828782e-11 1.8288182e-10 8.5610255e-11 1.3966135e-09 7.0623940e-10
  3.3543660e-10 8.4919544e-10 3.5513922e-10 3.8503215e-10 2.2363242e-09
  7.3902912e-10 1.8884032e-09 5.0521751e-09 1.2690541e-09 7.9900014e-10
  1.7398342e-09 1.6051751e-09 4.0993750e-11 6.1997102e-10 2.8508904e-09
  1.1697794e-09 9.8438511e-09 9.7821196e-10 1.8930242e-09 2.0669183e-10
  1.9672874e-09 8.3283752e-10 2.2986504e-09 4.1935011e-09 1.3402846e-09
  1.7167638e-09 1.0497447e-09 1.9034163e-09 6.6000100e-10 3.3656140e-09
  2.6290008e-09 6.0150684e-10 3.3136942e-09 3.1362308e-09 1.4652562e-09
  2.4171500e-09 4.5037568e-10 6.3083289e-10 1.2822718e-10 6.8640671e-09
  5.9563626e-10 1.2483248e-08 2.4379163e-09 3.5174127e-10 2.6304950e-10]]
[[2.2029207e-08 2.0804293e-08 1.0246924e-08 ... 7.4643411e-09
  2.3877107e-09 9.9742996e-09]
 [2.3561308e-08 3.3367382e-08 4.9354231e-08 ... 3.2216349e-08
  3.0899761e-07 7.9228855e-09]
 [9.5689103e-08 1.4327589e-08 4.2460693e-09 ... 2.8795669e-10
  3.4524927e-09 7.3804673e-09]
 ...
 [7.5815541e-09 1.0293803e-07 9.2785690e-09 ... 6.3918588e-07
  1.4740012e-07 3.4378413e-08]
 [2.8056578e-08 1.2265095e-07 1.8135673e-08 ... 4.0181757e-07
  7.1652323e-07 9.7345513e-08]
 [3.6269029e-08 5.0443742e-08 1.7028295e-07 ... 8.2084091e-09
  9.4858940e-08 1.6052866e-07]]
[[7.7204042e-12 1.0569718e-08 1.3803805e-09 ... 2.8761427e-09
  1.7876726e-08 3.9472614e-12]
 [8.3089681e-12 3.0975162e-09 2.1818038e-09 ... 1.2429525e-11
  2.3628473e-08 3.5719132e-09]
 [9.3971853e-10 6.1007761e-12 2.0067669e-12 ... 3.7330823e-09
  6.6327077e-09 2.9758802e-09]
 ...
 [7.7215647e-09 3.7958570e-11 9.2163814e-09 ... 1.1537565e-08
  5.4279387e-11 9.3225916e-09]
 [1.0277679e-11 1.7397685e-08 7.6828127e-12 ... 1.6188844e-08
  2.0285691e-09 4.5553215e-09]
 [8.6733367e-09 4.2410808e-09 5.2136770e-09 ... 8.6255421e-09
  3.0538246e-08 1.2142665e-09]]
[[9.5605901e-05 1.1098086e-03 8.9587690e-04 3.9854125e-04 2.1866623e-04
  7.6446473e-04 2.4614849e-03 1.6304303e-04 2.9343592e-03 2.9459873e-03
  1.2177392e-04 9.6786092e-04 8.6287007e-04 2.3673158e-03 9.7174523e-04
  1.7648296e-03 2.6584452e-03 7.9694344e-04 1.3835741e-03 2.4950623e-03
  2.8703890e-03 5.6357556e-03 6.4256946e-03 3.4044380e-03 2.0144552e-03
  1.4732362e-03 1.0838140e-03 1.5527342e-04 4.8939632e-03 5.1597115e-03
  2.2901760e-03 5.1782830e-03 1.9649577e-03 4.1664843e-03 2.0335380e-03
  3.4021591e-03 1.9043051e-03 2.9750171e-03 3.4874207e-03 3.1934206e-03
  2.6386962e-03 2.4047813e-03 3.1328837e-03 2.2157116e-03 2.3863812e-03
  5.0199940e-03 2.0711971e-03 4.1421200e-03 2.0543258e-03 3.0944101e-03
  5.4359273e-03 1.4563644e-03 1.6812151e-03 2.2622215e-04 5.6167436e-03
  1.7451268e-03 1.1680277e-02 2.2473338e-03 1.4928945e-03 1.0058368e-03]]
[[1.56181219e-08 1.91212649e-07 5.34711084e-08 2.78692092e-08
  1.65723630e-08 7.80980614e-08 6.65875746e-08 7.19818072e-09
  1.89882812e-07 2.33683721e-07 4.12108836e-09 3.75112705e-08
  4.75621107e-08 3.38870223e-07 4.49186786e-08 1.71740083e-07
  5.28070814e-08 3.41321247e-08 1.67580012e-07 1.52042816e-07
  2.53525201e-07 2.91854008e-07 2.12376875e-07 1.76511719e-07
  1.27427938e-07 1.15583184e-07 5.26436423e-08 7.26470617e-09
  5.28890439e-07 6.45998057e-07 1.29105885e-07 3.98969803e-07
  1.00026440e-07 4.10487843e-07 3.49123859e-08 6.54203177e-07
  1.28625445e-07 3.59035653e-07 1.02752620e-06 1.10293406e-07
  8.79124045e-08 1.32651778e-07 1.44309311e-07 1.52283548e-07
  2.04472428e-07 5.29442332e-07 2.16545757e-07 1.78226244e-07
  2.05811489e-07 1.63803122e-07 3.19869002e-07 4.45788650e-08
  5.15186791e-08 2.82771424e-08 8.41260942e-07 7.26173823e-08
  1.83053123e-06 7.35646211e-08 4.65206043e-08 5.91556173e-08]]
[[6.93106150e-09 2.17002236e-10 1.04894085e-08 ... 1.21717816e-10
  1.18533228e-08 1.36451150e-09]
 [1.25124733e-09 2.70559930e-08 4.77363815e-10 ... 1.02026849e-08
  5.04738162e-09 9.82581905e-10]
 [2.28458541e-09 2.12721774e-09 3.04752723e-10 ... 3.00401010e-10
  6.95417390e-10 8.49662785e-10]
 ...
 [1.38221867e-09 1.54222679e-09 6.04715389e-10 ... 1.22927313e-09
  4.23734026e-09 3.02242609e-09]
 [1.03284847e-08 6.62502186e-09 2.23374697e-09 ... 1.64506009e-08
  6.29359564e-10 1.41771861e-09]
 [4.78358331e-09 8.59185967e-09 7.47712725e-10 ... 1.95218597e-09
  2.65619060e-09 2.15339191e-09]]
[[1.3289264e-09 1.5840618e-09 2.4848953e-11 ... 2.3845464e-10
  1.3758389e-10 3.0497146e-10]
 [1.5278033e-09 3.5140460e-10 2.7288696e-10 ... 2.1043783e-11
  2.7957214e-10 3.0033341e-13]
 [9.1082968e-13 7.9366759e-13 1.2351921e-13 ... 1.3089532e-11
  2.4435095e-13 3.5611770e-13]
 ...
 [1.6099073e-09 2.6733513e-09 7.5881385e-11 ... 9.7323316e-10
  1.4860089e-12 8.8982305e-13]
 [3.3803312e-12 1.4652510e-11 3.7591374e-10 ... 1.1794288e-10
  7.7990064e-10 4.5570864e-10]
 [4.4222889e-10 2.6322796e-12 4.3866147e-10 ... 6.7575470e-13
  8.8968671e-13 6.1795816e-13]]
[[3.9169354e-06 1.2125260e-05 2.1953695e-06 1.9860524e-06 3.2434675e-06
  5.9732411e-06 1.4858766e-05 1.4727696e-06 8.0362170e-06 8.6093078e-06
  2.2494935e-06 1.0398898e-05 4.8060451e-06 3.1183038e-06 2.7646608e-06
  4.2325159e-06 6.9189355e-06 5.7885704e-06 5.8264477e-06 1.0380465e-05
  1.3537680e-05 7.9882475e-06 3.0158508e-05 6.7472392e-06 5.6320087e-06
  4.8982752e-06 2.9702319e-06 5.9288880e-07 7.0241499e-06 1.5940041e-05
  9.5250098e-06 8.5805132e-06 7.7097911e-06 6.9734660e-06 4.1090498e-06
  1.8355406e-05 7.2086427e-06 8.2909510e-06 1.4645786e-05 6.1452747e-06
  2.3428263e-05 6.3582370e-06 6.9203311e-06 5.8388973e-06 4.9543487e-06
  7.3727747e-06 1.4616508e-05 6.4065698e-06 4.5235283e-06 8.9567466e-06
  1.6716383e-05 5.3503504e-06 8.2070810e-06 1.4038060e-06 6.3594111e-06
  5.5020696e-06 2.3416724e-05 9.5066343e-06 5.2107439e-06 2.7336255e-06]]
[[1.31402625e-10 1.20650420e-10 1.03417191e-10 9.34680042e-11
  1.11434174e-10 1.66177128e-10 2.64937100e-10 4.06421459e-11
  4.88931562e-10 6.71561584e-10 4.35175160e-11 1.88391136e-10
  5.31570621e-11 4.32421432e-10 8.62192540e-11 1.63428715e-10
  9.48011003e-10 8.81347842e-11 4.23979823e-10 9.43791600e-10
  4.52587356e-10 7.48869855e-10 1.92990046e-09 7.36572137e-10
  7.09744374e-10 4.92031305e-10 3.43455098e-10 1.49596446e-11
  7.57437668e-10 6.39503284e-10 3.63561098e-10 1.06573128e-09
  5.46151124e-10 3.73784226e-10 2.45496956e-10 2.36541631e-09
  5.93989080e-10 9.56272284e-10 4.67901939e-10 2.16114501e-10
  6.55235921e-10 8.47046600e-10 2.55914345e-10 2.11222942e-10
  3.77051640e-10 4.62643729e-10 3.97248540e-10 6.21251106e-10
  8.72263317e-10 8.72239725e-10 6.91918522e-10 2.56436844e-10
  5.94238214e-10 7.33138619e-11 1.30973843e-09 2.29610664e-10
  1.42516365e-09 5.43759648e-10 2.25870697e-10 1.86753071e-10]]
[[6.53533547e-08 4.76612968e-06 8.71501982e-08 1.92003171e-07
  1.18503507e-07 3.71466825e-07 7.67700001e-08 2.75218270e-07
  1.21273146e-07 2.63823767e-06]
 [9.54176258e-08 2.03742374e-07 1.23018367e-07 1.64777248e-06
  1.71775383e-07 5.58245326e-08 2.29795523e-06 1.35385378e-07
  4.87527352e-08 9.79578303e-08]
 [2.06765162e-06 6.12814074e-06 9.71619514e-08 3.50222444e-06
  1.43943950e-07 9.48806402e-08 9.27944370e-08 1.67479084e-06
  1.83563884e-08 8.25944468e-08]
 [1.56277508e-07 2.48341308e-07 1.27702421e-07 1.67333496e-07
  2.19412200e-07 1.17212338e-07 2.90566476e-07 1.04894468e-06
  1.84058308e-07 1.38158228e-07]
 [9.68177503e-08 2.36772664e-07 1.21458683e-07 2.02050444e-07
  1.01075017e-07 9.16787926e-08 1.29696787e-07 1.71901107e-07
  1.75309012e-07 2.02887554e-06]
 [8.31319795e-08 1.65372658e-08 1.45438560e-06 1.87463414e-07
  3.61687466e-06 1.30090484e-07 7.78762512e-08 8.10697429e-08
  1.11257805e-07 1.70106296e-06]
 [9.33838535e-08 2.72237298e-06 9.51316792e-07 1.44117655e-06
  1.42131751e-06 7.17789490e-08 7.53534621e-08 8.38386924e-08
  2.01626403e-06 3.25492323e-07]
 [1.17774839e-07 7.68206064e-07 1.48464892e-06 1.17317370e-07
  1.26669462e-07 6.82772594e-08 1.95182210e-07 8.81529800e-08
  4.43824547e-06 1.56983035e-07]
 [1.19827888e-07 2.77958520e-07 1.46971445e-07 9.98809242e-07
  3.88448234e-06 8.69483827e-08 1.13116080e-07 1.18640401e-07
  2.33059382e-06 2.01448597e-06]
 [1.23577922e-06 7.06490027e-06 2.49075811e-06 1.56076851e-06
  1.61956825e-06 1.17599313e-07 8.83358666e-08 8.10821632e-08
  1.68660435e-07 8.10590777e-08]
 [1.43141358e-06 3.82695617e-07 7.23312255e-08 7.48049217e-07
  1.23347675e-07 7.95112840e-07 1.46479707e-07 3.33121420e-06
  1.51708790e-07 2.17198294e-06]
 [1.78106382e-06 2.12827842e-07 1.13610088e-06 2.76967648e-06
  1.08424706e-06 1.01273692e-07 7.40731991e-08 3.03765475e-08
  1.64787807e-07 5.85221294e-08]
 [1.30823736e-07 2.51127432e-07 1.31670788e-07 1.69222631e-07
  2.60827392e-07 1.29958252e-07 3.68467767e-07 1.26430564e-07
  3.59895171e-06 3.44811338e-06]
 [1.51798304e-07 2.69613133e-06 2.56800672e-06 1.55448134e-07
  1.52278702e-07 9.32107582e-08 1.94039967e-06 1.77625864e-07
  4.22409379e-08 8.12824013e-08]
 [2.56635235e-06 4.87538955e-06 1.52750374e-06 2.07121232e-07
  1.13087005e-07 2.24341989e-06 1.57829533e-07 1.44549779e-06
  2.33921725e-07 1.32037803e-06]
 [2.02532920e-06 2.47823124e-07 2.11403574e-07 5.16736873e-06
  1.08008777e-07 1.55078666e-07 2.92200809e-07 1.83965881e-07
  3.06335380e-07 6.69365704e-07]
 [8.16205343e-08 6.89432227e-06 1.99347710e-06 1.15453122e-06
  1.41894915e-07 1.19167645e-07 1.47694834e-07 3.95622635e-07
  1.58640134e-07 1.00076448e-07]
 [1.80509062e-06 2.64969611e-08 8.78015456e-08 5.51924541e-06
  3.53350060e-06 2.35264494e-07 1.49613882e-07 9.33140498e-08
  1.29670596e-07 1.20735649e-07]
 [2.20635414e-07 3.03951197e-06 1.82602705e-07 1.57303873e-07
  1.32983462e-06 1.22348467e-07 1.37246070e-06 7.23871239e-08
  7.05208038e-07 1.11130582e-07]
 [3.25362919e-08 2.80654632e-07 1.81127575e-06 1.37456837e-07
  1.92785990e-07 1.78431469e-06 1.28833605e-07 4.71082444e-08
  2.39635739e-07 8.35249239e-08]
 [2.13469275e-06 7.71429495e-06 9.23707049e-08 1.75909022e-07
  3.66885683e-06 1.35296432e-07 1.17649222e-07 3.71250712e-06
  1.33732371e-07 9.18566272e-08]
 [1.98793572e-07 5.62606419e-06 1.56052153e-07 5.79014295e-06
  3.58457413e-07 6.67730475e-08 8.57222005e-07 4.36494020e-06
  1.30190955e-07 3.28931378e-06]
 [1.43863573e-07 2.79480150e-06 5.63694051e-08 2.32301034e-07
  1.72262014e-06 8.05209481e-08 6.95160836e-08 2.07464245e-06
  1.37735151e-06 4.57850220e-08]
 [1.14444006e-07 2.06169545e-07 8.97028372e-08 1.34232693e-07
  4.22593484e-06 1.64783978e-06 8.48871835e-08 1.38316864e-07
  2.39842302e-06 2.36037135e-06]
 [1.98503429e-07 7.26971834e-08 2.05855827e-07 2.42872773e-07
  1.67228040e-06 1.32042217e-07 2.96976964e-07 3.30310115e-07
  3.85695148e-06 3.96451787e-06]
 [1.07089228e-07 1.96026917e-07 7.32390504e-07 2.52495465e-06
  1.81404062e-07 5.53693098e-07 2.80166091e-07 9.91080583e-07
  2.31698053e-07 9.43707903e-08]
 [6.00002963e-08 2.00112893e-07 1.13786605e-07 4.00113822e-06
  2.65614631e-06 1.21110361e-06 9.13573572e-08 5.81066331e-07
  1.43642140e-07 7.79489469e-08]
 [1.51196423e-06 3.00126112e-06 1.51481689e-08 1.70171376e-07
  2.16928996e-07 5.27341228e-07 1.99957981e-07 1.36647600e-07
  2.33468171e-07 1.05508050e-07]
 [9.36368494e-08 7.47538388e-06 9.79376438e-08 2.15875366e-06
  1.66908194e-07 1.13769914e-07 8.03295137e-08 7.89392089e-08
  1.71501583e-07 8.91258480e-08]
 [1.26536906e-06 8.70500287e-07 1.27436309e-07 9.77376686e-08
  7.13334487e-07 5.94774235e-07 1.25006096e-07 7.79054830e-08
  2.24254404e-06 7.88720911e-08]
 [2.85731335e-06 2.72605803e-07 9.46016883e-08 3.87622140e-06
  1.11019403e-06 1.26157784e-06 1.08066182e-07 9.41935667e-08
  1.66686661e-07 1.20003548e-07]
 [1.54940437e-07 2.91781112e-06 1.29973358e-07 2.06289101e-07
  1.36259544e-07 1.20573574e-07 2.35397715e-06 1.59992203e-06
  4.11269230e-06 6.74178580e-07]
 [2.06973641e-06 2.57532037e-07 8.19357595e-08 2.58710520e-06
  1.57570832e-06 1.12323505e-06 2.20503331e-08 6.26304981e-08
  1.43570418e-07 5.18314032e-08]
 [1.02162545e-07 1.45198342e-07 7.30538972e-08 2.05073249e-07
  5.63053959e-07 7.14264132e-08 8.33122442e-07 9.29382864e-08
  1.40294730e-07 7.12605981e-07]
 [2.38382484e-07 2.27830142e-07 8.97401378e-07 2.40144573e-07
  1.29588400e-07 1.39259754e-07 1.17972967e-07 2.47747494e-06
  1.97796865e-07 9.67036868e-08]
 [1.05656433e-07 5.70841792e-07 1.32577100e-07 1.40242250e-07
  3.46618458e-06 5.52062716e-07 4.59596492e-07 1.50046071e-06
  1.20995310e-06 7.81797667e-07]
 [8.39415506e-08 8.68323525e-07 2.62466045e-07 1.39382576e-06
  1.02179786e-06 6.35280761e-09 5.97573546e-08 8.21021402e-08
  9.52647738e-08 1.13253338e-06]
 [1.59704996e-07 1.02640001e-06 9.22167430e-07 2.48166771e-07
  2.02030577e-07 8.84986804e-08 1.69433008e-06 4.91344144e-06
  4.33648302e-06 4.14578665e-07]
 [1.59087151e-07 1.98832851e-07 1.29587988e-07 1.88914669e-07
  1.20572523e-07 1.89494619e-06 1.47596472e-06 6.61891022e-08
  3.10045664e-07 3.48539153e-08]
 [3.69463010e-06 2.20330449e-07 1.52277494e-07 2.13852601e-07
  4.31149283e-06 2.17558454e-06 1.43834114e-07 2.05583234e-07
  2.08136089e-06 4.19564412e-06]
 [2.39293877e-06 1.73734904e-07 7.44035660e-08 3.94555599e-07
  1.43125405e-07 8.38382235e-08 3.80193751e-06 9.89671349e-08
  1.77701963e-07 2.09882978e-06]
 [1.24075456e-07 2.45181184e-07 1.18972224e-07 1.54072083e-07
  1.58701610e-07 1.26029931e-07 2.84362258e-08 2.08220357e-07
  1.86125575e-07 7.76510660e-08]
 [8.82773890e-08 1.84375466e-07 1.33504017e-07 1.64271313e-07
  3.54425447e-06 1.23553775e-07 1.00866409e-07 1.13904639e-06
  1.88521199e-07 2.12927080e-06]
 [1.40171011e-07 2.20994238e-07 1.42917031e-06 1.46230633e-07
  1.23880639e-07 5.89457052e-08 1.40349655e-07 1.23764934e-07
  1.51090177e-07 7.13218071e-08]
 [9.10291860e-08 8.31386728e-08 5.75365902e-07 1.37360956e-07
  1.25791914e-07 3.77481427e-07 1.16487804e-07 1.32744859e-07
  1.81754032e-07 1.76902233e-06]
 [1.11214845e-07 2.59027814e-07 9.03739661e-08 1.38219576e-07
  1.32562761e-07 2.48281185e-06 1.15497437e-06 1.54585862e-07
  1.29761901e-07 7.68234401e-08]
 [4.21748524e-07 2.91478131e-07 1.09076962e-06 1.16758955e-07
  1.19497869e-07 1.91112761e-07 1.61571120e-06 1.04102060e-06
  4.51857964e-08 6.54984049e-08]
 [1.60023069e-06 5.04015134e-06 8.82439082e-08 1.58519967e-07
  2.51582173e-06 3.82668560e-07 1.82872483e-07 7.33481684e-08
  9.29386914e-08 4.43688521e-07]
 [9.05562914e-08 1.15403009e-06 8.78877486e-08 2.97766883e-06
  2.41235057e-07 1.20639967e-07 1.59808837e-06 9.68267500e-07
  1.20439950e-07 3.58920076e-08]
 [1.74042282e-06 4.05386072e-06 8.03634236e-07 4.85249529e-07
  2.18616421e-07 1.48015474e-07 2.51101170e-07 2.77305418e-07
  3.19046808e-06 1.43315091e-07]
 [7.47469429e-08 5.70800921e-06 1.54258305e-06 1.35839116e-07
  6.50827644e-07 1.15398159e-07 7.87530439e-07 1.71645794e-07
  3.91061718e-07 9.85103839e-07]
 [1.65923257e-06 5.03321280e-06 1.89440357e-07 2.03436542e-07
  2.62492631e-06 2.03994475e-07 3.56006531e-08 1.12713963e-07
  1.51721053e-06 1.59193291e-06]
 [9.51066781e-08 4.32671004e-06 1.80154382e-06 1.85173212e-06
  1.70051578e-07 1.02028956e-07 1.48481945e-06 6.75868961e-08
  1.84428686e-07 1.25704261e-07]
 [2.43567820e-06 2.49255891e-07 1.04209413e-07 2.94734923e-06
  3.26625673e-06 1.15580427e-07 1.08435962e-07 8.61698339e-08
  1.04717878e-06 9.67420988e-07]
 [1.27918867e-07 4.39740552e-06 1.88023898e-06 3.78470901e-07
  1.70408981e-07 5.27449515e-07 1.76815570e-06 9.34466229e-08
  1.56340252e-06 1.33452986e-07]
 [3.54532790e-06 1.04050912e-07 1.12675600e-07 6.34466403e-07
  1.70359954e-07 1.14329839e-06 1.13908902e-06 1.91231493e-06
  3.91801541e-06 9.51534957e-08]
 [1.65897063e-07 3.39597545e-06 1.41392022e-07 1.47594079e-07
  3.89584920e-06 2.67851505e-07 2.20709694e-06 2.42305850e-06
  9.83862449e-08 3.81666865e-07]
 [2.60549086e-07 2.54262289e-07 1.47405740e-06 1.31153698e-07
  1.29365318e-07 8.23723951e-08 7.16937478e-08 1.29787225e-06
  1.32254513e-07 7.28525094e-07]
 [1.36308898e-07 2.49589277e-07 1.06224256e-07 1.39314477e-06
  2.10108837e-07 2.29296779e-06 1.21327133e-07 8.41536121e-08
  1.93296259e-07 2.37099741e-07]
 [7.73444100e-08 6.99541124e-06 1.99543297e-06 3.39122614e-08
  1.24564750e-07 8.71237233e-08 1.55992325e-06 1.15461546e-07
  1.22349107e-07 7.22414910e-08]]
[[2.73954956e-11 5.73265346e-09 4.10130784e-11 9.79264239e-11
  1.44132608e-08 2.95458271e-08 3.20999789e-11 1.16325172e-08
  7.12637518e-11 2.07927475e-09]
 [5.80854427e-11 1.38423190e-10 5.64749116e-11 1.16594450e-08
  9.89030177e-11 4.05437994e-08 1.03963416e-08 7.02493133e-11
  5.91386531e-08 1.02195212e-08]
 [1.34562184e-08 2.29904540e-08 4.97737337e-11 3.81745053e-08
  7.75385520e-11 5.41633162e-11 1.54667390e-08 4.63220617e-09
  6.48067342e-08 5.51187880e-11]
 [4.46444588e-08 1.80512405e-08 5.58028831e-11 2.24044729e-08
  8.54778577e-08 6.84259038e-11 2.24178560e-08 9.50632284e-09
  1.01828532e-10 9.14962481e-11]
 [4.90864190e-11 1.68780698e-10 5.67456672e-11 1.18588028e-10
  5.49934612e-11 1.08737694e-08 1.94011811e-08 5.31431645e-08
  9.43134945e-11 4.33895631e-09]
 [4.92204055e-11 1.05831582e-07 3.17003002e-09 2.65624127e-08
  7.54344764e-09 7.43924089e-11 3.99134163e-11 4.23408461e-11
  1.67765322e-08 2.77114953e-09]
 [5.45532161e-11 1.46919232e-08 3.07591037e-08 1.78214972e-08
  4.18836663e-08 4.35649780e-11 2.91847588e-11 4.20257058e-11
  3.16585016e-08 6.12352258e-09]
 [1.65896470e-08 1.63866805e-08 7.69620456e-09 5.90891364e-11
  6.98239175e-11 3.17148391e-11 6.65266939e-11 4.85032292e-11
  5.60560398e-09 9.14952766e-11]
 [6.36571074e-11 1.97875466e-10 6.84688417e-11 1.48100714e-08
  4.19265289e-09 1.02269251e-08 3.87701399e-11 6.26444313e-11
  5.57824258e-08 5.54742883e-08]
 [8.55603943e-09 6.16700602e-09 6.44926379e-09 1.42376066e-08
  4.34704184e-08 5.57608473e-11 3.29047484e-11 4.44688834e-11
  8.93199611e-11 5.68343810e-11]
 [2.80975527e-08 1.93235614e-08 3.42252233e-11 2.44672709e-08
  7.63886177e-11 2.38225866e-08 5.90519231e-11 4.89063634e-09
  6.99554720e-11 6.15149132e-09]
 [4.41233095e-09 1.54788779e-10 1.94642436e-08 1.21139072e-08
  5.98143535e-09 6.11645873e-11 3.12789898e-11 8.94542307e-09
  7.99482841e-11 6.12049300e-09]
 [1.58825646e-08 2.13938058e-08 5.98710387e-11 1.11798654e-10
  1.31227140e-10 6.13191442e-11 3.47292932e-08 7.19443047e-11
  2.53740069e-08 4.52979165e-09]
 [8.08976636e-11 5.08411127e-08 8.49256665e-09 9.11338643e-11
  8.04945555e-11 5.31195921e-11 3.60998897e-09 9.47616222e-11
  2.74747940e-08 2.25940999e-09]
 [3.98789224e-09 1.07591722e-08 3.54612517e-09 1.37669612e-10
  5.92015048e-11 2.47764054e-09 5.72856901e-11 3.80897376e-08
  3.01766612e-08 3.70620228e-08]
 [9.18356324e-09 1.65310543e-10 9.39407996e-11 1.20657742e-08
  7.85705737e-11 8.63395397e-11 1.35706418e-10 9.87835438e-11
  1.36784140e-10 9.94558480e-09]
 [4.42467347e-11 1.03375868e-08 8.66151684e-09 1.48821115e-08
  8.44972009e-11 6.94969568e-11 6.42364356e-11 2.38037305e-08
  1.90833518e-08 6.42457060e-11]
 [1.08727232e-08 7.69585426e-08 4.44459990e-11 5.70664449e-09
  6.57462440e-09 1.45606993e-08 2.68011474e-10 5.32656141e-11
  6.65839675e-11 7.95265173e-11]
 [3.67112101e-08 6.22026448e-08 7.65218236e-11 9.26577287e-11
  2.14343832e-08 6.45774337e-11 3.84654939e-08 3.91012292e-11
  1.26480213e-08 6.93813201e-11]
 [2.15611817e-11 1.85139265e-10 2.23275021e-09 1.45696113e-08
  7.95872743e-11 2.67642286e-09 5.88117263e-11 2.76491833e-11
  3.05339434e-08 6.02660213e-11]
 [5.88675064e-09 2.99675094e-08 1.23248016e-08 1.00313993e-10
  7.59032304e-09 7.43056103e-11 5.64982228e-11 4.45129622e-09
  8.21539156e-11 1.04934781e-08]
 [9.40628894e-11 3.74013815e-08 8.39126962e-11 7.47099627e-09
  1.87143134e-10 5.91307696e-08 3.15777449e-08 8.57875371e-09
  6.30393723e-11 4.59597160e-09]
 [6.02116759e-11 3.20949276e-08 7.87044030e-09 1.28932753e-10
  6.23916563e-09 3.81031318e-11 3.58947455e-11 2.40859221e-09
  7.43284989e-09 3.25926786e-11]
 [6.00517205e-11 1.78916721e-08 4.10676736e-11 7.35027525e-11
  8.78929196e-09 1.51225805e-08 5.23588772e-09 7.28338709e-11
  1.85449736e-08 2.38450131e-08]
 [1.02085285e-10 1.25632965e-07 9.59324634e-11 7.69519382e-09
  3.56674228e-08 7.57491569e-11 3.69272186e-08 1.75200091e-10
  5.86813131e-09 4.53238158e-09]
 [4.50659753e-11 1.48920334e-10 5.55123734e-08 1.08739879e-08
  8.82204032e-11 8.55023163e-09 1.49293982e-08 2.63371032e-08
  1.16238796e-10 6.47081763e-11]
 [3.76454909e-11 1.35717423e-10 5.48757186e-11 4.41080905e-09
  3.78495946e-09 3.28351568e-08 4.04647288e-11 7.73602427e-09
  7.46236753e-11 6.91296309e-09]
 [6.98791647e-09 5.15718384e-08 3.06347090e-08 8.35074510e-11
  1.12480539e-10 2.84710318e-08 7.94449576e-11 1.56676752e-08
  1.06741962e-10 6.41994444e-11]
 [4.89703417e-11 6.25739771e-09 4.71421756e-11 4.77103868e-09
  9.57757623e-11 1.30399584e-08 3.62663337e-11 4.31189633e-11
  1.94097431e-08 5.50606123e-11]
 [3.99614848e-08 1.01414763e-07 1.77982482e-08 6.43639309e-11
  7.01303335e-08 1.10072085e-08 5.53933635e-11 4.49212056e-11
  3.70768163e-08 5.96451291e-11]
 [3.20172133e-09 1.78332960e-10 4.38316987e-11 3.55349750e-09
  4.70667203e-08 6.68594025e-09 1.77313808e-08 5.01572534e-11
  9.16087900e-11 8.33659392e-11]
 [8.06023581e-11 8.13427619e-08 4.83077613e-08 1.27721347e-10
  7.83271434e-11 5.74774915e-11 1.12210534e-08 1.00532773e-08
  9.37427025e-09 3.62587791e-08]
 [2.82859802e-09 1.76471102e-10 3.92336233e-11 4.62633309e-09
  4.44344188e-08 2.93353271e-08 4.00261904e-08 7.76627207e-09
  8.26184884e-11 3.71998335e-11]
 [5.78949944e-11 5.08325915e-09 3.71891788e-11 4.12643892e-08
  4.98910708e-08 3.34623926e-11 1.33639864e-08 5.04541374e-11
  1.76057995e-08 2.24644463e-08]
 [3.97420550e-08 1.65028158e-10 3.58935779e-08 3.01817451e-08
  7.09318299e-11 8.15724363e-11 6.33504083e-11 1.54968269e-08
  9.78796835e-11 5.75759544e-11]
 [5.96838620e-11 1.30608541e-07 6.31954489e-11 8.93033217e-11
  4.46697213e-09 8.07114287e-09 9.45444611e-09 1.87199181e-08
  4.87568279e-08 5.06645499e-08]
 [5.25734734e-11 1.57283093e-08 1.50909756e-08 2.51046171e-08
  4.64429633e-08 3.12985513e-08 2.05887980e-11 4.46320689e-11
  5.38490814e-11 5.08293407e-09]
 [8.01659156e-11 9.93364679e-08 1.05985114e-08 1.42251724e-10
  1.23126259e-10 4.88078362e-11 3.44943096e-09 7.35099626e-09
  7.18164017e-09 4.29770930e-09]
 [6.64002742e-11 1.47710108e-10 5.98482791e-11 9.86308119e-11
  1.44594949e-08 6.33455066e-09 2.10539302e-08 4.30011339e-11
  1.94590495e-08 3.21745794e-08]
 [7.70838504e-09 1.48462881e-10 7.08835907e-11 1.01552440e-10
  1.44803822e-08 1.59684959e-08 5.82614026e-11 1.02071074e-10
  2.84870048e-08 5.45501866e-09]
 [1.15331344e-08 1.55035771e-08 3.24871414e-11 1.94827293e-10
  7.36846348e-11 5.17528312e-11 1.04021529e-08 5.17403828e-11
  7.67716585e-11 1.71783243e-09]
 [6.33287381e-11 1.95696028e-08 5.83745274e-11 8.67969308e-11
  8.42316217e-11 7.37398476e-11 2.52181280e-08 1.01893292e-10
  2.02203445e-08 7.15704696e-09]
 [5.17633714e-11 1.31587755e-10 1.85748377e-08 9.21366872e-11
  6.46280363e-09 6.58998342e-11 5.16679581e-11 2.10380744e-08
  8.88617305e-11 1.40323051e-08]
 [6.43998743e-11 1.46594265e-10 1.00497815e-08 9.55971968e-11
  6.60195024e-11 5.84772275e-09 6.88742882e-11 6.14016407e-11
  6.82594745e-11 4.30214232e-11]
 [4.86290140e-11 1.93773122e-08 3.80916489e-08 1.45425716e-08
  1.64732210e-08 6.99511737e-09 5.40327887e-11 7.00232858e-11
  8.55380419e-11 1.93005523e-09]
 [6.16993540e-11 1.82777155e-10 4.65687384e-11 7.78876894e-11
  1.64157328e-08 3.11128523e-09 4.06078726e-09 8.09690182e-09
  6.54603663e-11 6.05816716e-11]
 [4.07390850e-08 2.03295325e-10 2.27862156e-08 7.84360493e-11
  1.62325815e-08 1.05782920e-08 2.63930588e-09 1.59685651e-08
  1.98961576e-08 4.86351480e-11]
 [1.73059189e-09 1.19470398e-08 4.32860657e-11 8.60117325e-11
  3.64791042e-09 4.31491003e-08 7.76491996e-11 9.40511669e-09
  1.37872354e-08 2.99164782e-08]
 [4.83461049e-11 9.97427421e-08 4.59851324e-11 4.37932313e-09
  1.28483268e-08 3.56268082e-08 8.50999271e-09 1.87385769e-08
  6.34004516e-11 5.11611864e-09]
 [3.44382620e-08 4.44792425e-09 8.88774210e-08 2.38503217e-10
  1.07181236e-10 7.10977735e-11 4.06275582e-08 1.42395096e-10
  7.34816652e-08 7.26943228e-11]
 [4.10845941e-11 4.16798152e-08 5.95133498e-09 8.21898799e-11
  1.31533175e-08 7.21457546e-11 2.40356943e-08 3.86287198e-08
  6.44678622e-08 4.12530703e-08]
 [1.80263857e-08 7.02530523e-09 8.05721809e-11 1.30869607e-10
  1.86141893e-08 1.02804036e-10 4.80011693e-08 4.25625993e-11
  6.25731147e-08 1.80842041e-09]
 [3.38691675e-09 1.52062665e-08 1.03374003e-08 1.44146100e-08
  8.91212520e-11 6.17108378e-11 9.63652536e-09 4.59519756e-09
  9.44994569e-11 8.17631726e-11]
 [5.64426905e-09 1.62211827e-10 3.48670502e-11 3.28491456e-09
  1.69471868e-08 6.71599651e-11 4.27851088e-11 4.72239921e-11
  1.36469831e-08 4.05013338e-08]
 [6.93213542e-11 4.30947900e-08 1.16930954e-08 1.05590967e-08
  8.78390138e-11 7.83724108e-09 2.13309264e-08 5.42822350e-11
  4.52267699e-08 8.02652597e-11]
 [9.91458116e-09 6.87474036e-11 5.99283539e-11 1.22096637e-07
  9.51414503e-11 1.53844724e-08 2.57975064e-08 8.54775983e-09
  5.31489919e-09 5.68727565e-11]
 [8.79502790e-11 1.23494658e-07 6.21384333e-11 9.38219294e-11
  5.02138464e-09 4.85052496e-08 1.24135902e-08 7.88602161e-09
  5.87340107e-11 7.98914712e-09]
 [1.24301005e-08 1.83038404e-10 2.49688483e-08 8.33044952e-11
  7.77056544e-11 4.74106587e-11 2.59068756e-11 5.05382491e-09
  6.57848914e-11 7.17619875e-09]
 [6.95792521e-11 1.71556061e-10 1.62773546e-08 1.20700827e-08
  1.16215482e-10 1.55431916e-08 4.15552870e-11 5.23095005e-11
  8.73167233e-11 5.91076308e-08]
 [5.26931242e-11 9.21401089e-09 5.01728747e-09 3.04826209e-08
  8.05463751e-11 4.07299472e-11 1.82256983e-08 1.45602028e-08
  6.89097807e-11 5.12835226e-11]]
[[6.8831273e-06 5.9092228e-05 2.8569340e-05 6.5644796e-05 2.5411286e-05
  1.2249094e-05 7.8023222e-06 1.8342089e-05 1.1598387e-05 3.7247544e-05]]
[[2.9813056e-09 2.0313333e-09 3.8958241e-09 1.7665467e-09 3.1350182e-09
  2.2439197e-09 1.3206237e-09 2.5316829e-09 7.9413001e-09 1.1544655e-08]]
