

config:

HOME=/clusterFS/home/student/kopp13
PATH=/clusterFS/home/student/kopp13/miniconda3/envs/tensorflow/bin:/clusterFS/home/student/kopp13/miniconda3/bin:/clusterFS/home/student/kopp13/bin:/usr/local/bin:/usr/bin:/bin:/usr/local/games:/usr/games
LD_LIBRARY_PATH=
THEANO_FLAGS=floatX=float32,gpuarray.preallocate=0.9,dnn.library_path=/usr/lib/x86_64-linux-gnu,cxx=clang++-3.8,device=cuda,base_compiledir=/tmp/tmp.qtBs9L3TIH

=============================
CONFIG FILE

RNN CONFIG
{'data_multiplier': 1000.0,
 'gradient_clip_value': 0.5,
 'layer_configs': [{'layer_type': 'input'},
                   {'bc': {'init_m': 'xavier',
                           'init_v': -4.5,
                           'prior_m': 0.0,
                           'prior_v': 0.0,
                           'type': 'continuous'},
                    'bf': {'init_m': 'xavier',
                           'init_v': -4.5,
                           'prior_m': 0.0,
                           'prior_v': 0.0,
                           'type': 'continuous'},
                    'bi': {'init_m': 'xavier',
                           'init_v': -4.5,
                           'prior_m': 0.0,
                           'prior_v': 0.0,
                           'type': 'continuous'},
                    'bo': {'init_m': 'xavier',
                           'init_v': -4.5,
                           'prior_m': 0.0,
                           'prior_v': 0.0,
                           'type': 'continuous'},
                    'discrete_act': False,
                    'init_config': {'c': {'b': 'all_zero', 'w': 'xavier'},
                                    'f': {'b': 'all_one', 'w': 'all_zero'},
                                    'i': {'b': 'all_zero', 'w': 'xavier'},
                                    'o': {'b': 'all_zero', 'w': 'xavier'}},
                    'is_output': False,
                    'is_recurrent': True,
                    'layer_type': 'lstm',
                    'tau': 0.5,
                    'var_scope': 'lstm_0',
                    'wc': {'p0max': 0.95,
                           'p0min': 0.05,
                           'pmax': 0.99,
                           'pmin': 0.01,
                           'priors': [0.2, 0.6, 0.2],
                           'type': 'ternary'},
                    'wf': {'p0max': 0.95,
                           'p0min': 0.05,
                           'pmax': 0.99,
                           'pmin': 0.01,
                           'priors': [0.2, 0.6, 0.2],
                           'type': 'ternary'},
                    'wi': {'p0max': 0.95,
                           'p0min': 0.05,
                           'pmax': 0.99,
                           'pmin': 0.01,
                           'priors': [0.2, 0.6, 0.2],
                           'type': 'ternary'},
                    'wo': {'p0max': 0.95,
                           'p0min': 0.05,
                           'pmax': 0.99,
                           'pmin': 0.01,
                           'priors': [0.2, 0.6, 0.2],
                           'type': 'ternary'}},
                   {'bc': {'init_m': 'xavier',
                           'init_v': -4.5,
                           'prior_m': 0.0,
                           'prior_v': 0.0,
                           'type': 'continuous'},
                    'bf': {'init_m': 'xavier',
                           'init_v': -4.5,
                           'prior_m': 0.0,
                           'prior_v': 0.0,
                           'type': 'continuous'},
                    'bi': {'init_m': 'xavier',
                           'init_v': -4.5,
                           'prior_m': 0.0,
                           'prior_v': 0.0,
                           'type': 'continuous'},
                    'bo': {'init_m': 'xavier',
                           'init_v': -4.5,
                           'prior_m': 0.0,
                           'prior_v': 0.0,
                           'type': 'continuous'},
                    'discrete_act': False,
                    'init_config': {'c': {'b': 'all_zero', 'w': 'xavier'},
                                    'f': {'b': 'all_one', 'w': 'all_zero'},
                                    'i': {'b': 'all_zero', 'w': 'xavier'},
                                    'o': {'b': 'all_zero', 'w': 'xavier'}},
                    'is_output': False,
                    'is_recurrent': True,
                    'layer_type': 'lstm',
                    'tau': 0.5,
                    'var_scope': 'lstm_1',
                    'wc': {'p0max': 0.95,
                           'p0min': 0.05,
                           'pmax': 0.99,
                           'pmin': 0.01,
                           'priors': [0.2, 0.6, 0.2],
                           'type': 'ternary'},
                    'wf': {'p0max': 0.95,
                           'p0min': 0.05,
                           'pmax': 0.99,
                           'pmin': 0.01,
                           'priors': [0.2, 0.6, 0.2],
                           'type': 'ternary'},
                    'wi': {'p0max': 0.95,
                           'p0min': 0.05,
                           'pmax': 0.99,
                           'pmin': 0.01,
                           'priors': [0.2, 0.6, 0.2],
                           'type': 'ternary'},
                    'wo': {'p0max': 0.95,
                           'p0min': 0.05,
                           'pmax': 0.99,
                           'pmin': 0.01,
                           'priors': [0.2, 0.6, 0.2],
                           'type': 'ternary'}},
                   {'b': {'init_m': 'xavier',
                          'init_v': -4.5,
                          'prior_m': 0.0,
                          'prior_v': 0.0,
                          'type': 'continuous'},
                    'is_output': True,
                    'is_recurrent': False,
                    'layer_type': 'fc',
                    'regularization': {'mode': None, 'strength': 0.02},
                    'tau': 0.5,
                    'var_scope': 'output_layer',
                    'w': {'p0max': 0.95,
                          'p0min': 0.05,
                          'pmax': 0.99,
                          'pmin': 0.01,
                          'priors': [0.2, 0.6, 0.2],
                          'type': 'ternary'}}],
 'layout': [4, 60, 60, 10],
 'output_type': 'classification'}

DATA CONFIG
{'dataset': 'red_penstroke',
 'tr': {'in_seq_len': 30,
        'minibatch_enabled': True,
        'minibatch_size': 200,
        'out_seq_len': 5,
        'zero_padding': 20},
 'va': {'in_seq_len': 30,
        'minibatch_enabled': True,
        'minibatch_size': 200,
        'out_seq_len': 5,
        'zero_padding': 20}}

TRAINING CONFIG
{'beta_reg': 0.0,
 'is_pretrain': False,
 'learning_rate': 0.002,
 'mode': {'max_epochs': 0, 'min_error': 0.0, 'name': 'classic'},
 'task_id': 3,
 'type': 'g_sampling',
 'var_reg': 0.0}
==============================


[[4.5425537e-08 2.3631232e-05 1.1507367e-06 ... 2.1310136e-06
  5.8564718e-05 8.7298685e-07]
 [1.1621449e-06 5.3243070e-06 2.9305274e-05 ... 8.3052846e-06
  1.5012025e-05 3.4086293e-07]
 [9.9607549e-09 1.4380854e-09 9.3124811e-08 ... 3.1835592e-10
  4.0333314e-09 7.2850892e-10]
 ...
 [5.4857772e-09 3.3046625e-08 1.0589943e-07 ... 6.0430798e-06
  5.3658405e-06 4.9338514e-08]
 [1.2654883e-07 1.5241967e-07 2.0023883e-06 ... 4.4839226e-08
  2.8318282e-06 1.6518500e-07]
 [6.5405629e-08 1.0202757e-05 3.9412053e-06 ... 2.9116050e-06
  3.9763867e-07 1.2541678e-07]]
[[1.02216241e-07 5.57157000e-06 1.15901150e-10 ... 8.13276301e-07
  1.59947449e-05 3.19663599e-07]
 [3.15571640e-07 8.51263485e-06 3.27376837e-09 ... 3.55033444e-06
  1.49347001e-09 1.00865414e-07]
 [3.83834831e-09 4.01960326e-10 2.45726177e-08 ... 7.85513807e-11
  2.80230613e-11 1.69060349e-10]
 ...
 [2.08509188e-09 4.40820213e-06 1.04558133e-07 ... 1.79506742e-06
  4.36282610e-09 6.58175514e-09]
 [4.71128594e-08 4.75296069e-08 1.06051539e-06 ... 2.04966231e-08
  7.90453157e-07 7.53981377e-10]
 [1.67346226e-08 2.40067448e-06 3.97369304e-10 ... 1.37186692e-06
  2.18448349e-07 3.92320878e-08]]
[[1.22346522e-04 1.27516489e-03 1.30280771e-03 1.57282408e-03
  3.69502319e-04 1.37486641e-04 2.14152713e-03 7.20078126e-04
  5.47786884e-04 2.75975006e-04 1.57270941e-03 6.24196185e-03
  3.60176258e-04 1.46811153e-03 3.36639670e-04 1.03629311e-03
  2.71411892e-02 4.70857864e-04 1.59699921e-05 1.59823603e-03
  2.93750037e-03 1.25134236e-03 6.94474031e-04 5.03561641e-05
  9.52454648e-05 9.42868530e-04 1.92354049e-03 2.60774541e-04
  7.67110323e-04 6.98800664e-04 5.09337708e-03 1.42953882e-03
  2.90278881e-03 8.07845718e-05 2.41950329e-04 4.16672447e-05
  5.66971162e-03 1.75318957e-04 2.13187141e-03 1.72875158e-03
  9.36177792e-04 1.05621992e-03 3.90254689e-04 1.67430646e-03
  8.49098957e-04 5.69349853e-04 1.13983886e-04 3.98324162e-04
  2.96432711e-03 8.27071723e-03 1.25832434e-04 3.00361891e-04
  5.33547194e-04 1.55357469e-04 2.96360726e-04 2.27029217e-04
  6.59282028e-04 1.10238802e-03 1.42979780e-02 4.37523937e-04]]
[[1.84465364e-07 7.69266353e-06 6.89335320e-06 5.93172263e-06
  1.20658660e-06 3.07585680e-07 1.91436520e-05 8.63319383e-06
  1.80129035e-07 1.53470893e-07 2.85870419e-06 1.67577382e-05
  1.48895481e-07 2.85034321e-06 2.30430555e-06 2.72606530e-06
  5.96410573e-05 9.27999565e-07 1.00526925e-07 1.74368290e-06
  3.25887049e-06 2.53274629e-06 2.29888542e-06 8.01636091e-08
  2.97731077e-07 1.32415482e-06 5.12708220e-06 4.93589312e-07
  4.24941527e-06 1.03992568e-06 1.18156722e-05 1.71857891e-06
  3.77945867e-06 3.91450413e-07 1.63683026e-07 8.03533595e-08
  4.31539775e-05 1.63033533e-07 5.04298214e-06 3.62739002e-06
  7.86569444e-07 4.32010984e-06 3.24668775e-07 6.73492104e-06
  1.20500272e-06 5.63542244e-07 3.31291574e-07 1.21968242e-06
  3.35203322e-06 2.56917410e-05 2.63761564e-07 7.62640411e-07
  8.16953047e-07 5.37909898e-07 3.55562491e-07 9.97832714e-08
  4.14211996e-07 3.96326868e-06 2.36389405e-05 1.59127342e-06]]
[[8.6366117e-07 4.9688959e-05 4.7202408e-04 ... 2.9272310e-04
  5.7255494e-04 9.7467337e-06]
 [1.3797049e-06 9.4514457e-05 1.3135325e-06 ... 4.5847661e-05
  8.4554806e-04 1.6081100e-06]
 [1.0575415e-08 4.2896423e-10 2.4604010e-09 ... 3.5796933e-08
  3.3433750e-08 5.1823118e-10]
 ...
 [1.0734834e-07 8.6457852e-08 4.7521624e-07 ... 7.0237015e-06
  1.8759054e-05 5.6525761e-07]
 [6.4565278e-08 1.5011898e-06 2.1957483e-07 ... 7.4305797e-07
  1.1003473e-05 1.7138656e-06]
 [1.2222369e-08 2.0422078e-06 2.0251848e-07 ... 8.8213637e-06
  2.2552854e-06 1.9915251e-07]]
[[1.0769286e-06 1.5705398e-05 1.2008770e-04 ... 8.6190521e-05
  1.4935521e-04 2.6355629e-06]
 [3.9578978e-07 2.4285222e-05 4.2264108e-07 ... 1.2103479e-05
  2.3137269e-04 1.6204896e-10]
 [8.4361842e-09 7.1784489e-13 8.3125601e-10 ... 2.0611589e-08
  2.4051519e-09 5.4884675e-10]
 ...
 [2.5320279e-08 2.3993184e-08 1.2776327e-07 ... 2.9861774e-06
  5.1872362e-06 1.6622910e-07]
 [2.0061364e-08 4.7476672e-07 5.8237628e-08 ... 7.4472747e-11
  1.3089185e-06 1.5021200e-06]
 [3.9835300e-09 5.6214162e-07 8.8680181e-08 ... 2.0016346e-06
  8.8802653e-07 5.5221928e-08]]
[[0.0001535  0.00439303 0.0029026  0.00375038 0.00077684 0.00037249
  0.00287249 0.00570792 0.00268528 0.00015238 0.00366016 0.0086852
  0.00054135 0.00276223 0.00201303 0.00130802 0.03593563 0.0019752
  0.00013773 0.00421647 0.00155562 0.0016825  0.001836   0.00016477
  0.00030704 0.00314831 0.00233117 0.00170876 0.00329832 0.00167012
  0.0093824  0.00303538 0.00518522 0.00032823 0.00100015 0.00042282
  0.00498525 0.00078773 0.00430677 0.00182716 0.00533271 0.00129747
  0.00046772 0.00238396 0.00244762 0.00166374 0.00042885 0.0005648
  0.00604251 0.01609556 0.00060818 0.00139845 0.00057093 0.00074479
  0.00370121 0.00063879 0.00287242 0.00442795 0.02890928 0.00169759]]
[[2.04489382e-07 1.49379130e-05 1.44159249e-05 7.56151303e-06
  6.45661714e-07 3.06630170e-07 1.07921733e-05 2.56514022e-06
  4.99438875e-06 3.18992818e-07 3.88547733e-06 4.43514364e-06
  6.74716603e-07 1.11450654e-05 6.52256676e-06 1.12075304e-06
  2.75545986e-04 6.41555243e-06 3.02594430e-07 4.24051586e-06
  2.37950280e-06 4.94851201e-06 4.08044934e-06 7.73059242e-07
  1.46186721e-06 4.31810395e-06 7.64620472e-06 1.61026060e-06
  1.10372348e-05 5.98908446e-06 9.17278248e-06 5.63861840e-06
  2.03236664e-06 1.11534825e-06 5.14444366e-07 5.71207693e-07
  1.00988746e-06 3.83815035e-07 1.17562695e-05 1.61081664e-06
  6.07710535e-06 4.95959011e-06 2.01846404e-07 5.03049432e-06
  1.46264993e-05 3.32211198e-06 6.62328034e-07 6.31555622e-07
  1.19995530e-05 2.92438635e-05 5.50593654e-07 7.85512202e-06
  4.43853082e-07 1.58595196e-06 4.08808410e-06 1.85818863e-06
  3.48466756e-06 1.31007228e-05 2.25345466e-05 2.88108049e-06]]
[[5.4358614e-05 8.4593165e-04 1.4565300e-04 ... 7.6387878e-06
  3.4365128e-03 4.4411192e-07]
 [1.5929842e-05 6.4263557e-04 2.6262620e-05 ... 1.1927503e-03
  8.4917016e-02 1.0961491e-04]
 [5.8572262e-08 9.0731085e-09 6.7886665e-09 ... 3.2203147e-07
  8.8507181e-07 9.1463770e-09]
 ...
 [1.6827646e-05 1.3638438e-05 5.4994462e-07 ... 2.1959779e-06
  6.7179604e-04 7.0535611e-07]
 [2.8428683e-05 5.5788791e-05 4.6897085e-06 ... 5.9644617e-06
  5.0642982e-05 7.2408375e-07]
 [7.5511816e-06 7.1634699e-05 4.3079403e-05 ... 2.4008230e-05
  3.7689364e-04 1.4577428e-07]]
[[2.5433026e-05 9.0409549e-07 3.3647402e-06 ... 4.1026489e-09
  1.1451953e-03 1.0929184e-08]
 [4.7554840e-06 7.0694630e-04 5.2334140e-05 ... 2.7008555e-04
  2.4522232e-02 4.3792916e-05]
 [1.5190237e-08 9.0544949e-09 3.0318156e-10 ... 7.1148257e-08
  4.8213721e-08 2.3350015e-09]
 ...
 [4.1246958e-06 1.9057474e-06 1.4420500e-07 ... 2.5498090e-05
  1.9422850e-04 1.2377739e-10]
 [4.7361223e-07 3.3713892e-05 1.6665315e-06 ... 2.3975169e-06
  2.6594661e-04 1.6693066e-07]
 [1.6664677e-06 4.2328498e-05 1.1199737e-05 ... 5.2788832e-06
  1.8892487e-04 4.7818467e-08]]
[[0.01725023 0.02369584 0.01605279 0.12891479 0.04650819 0.03620202
  0.13123102 0.09521937 0.04896113 0.06570488 0.04714281 0.3483929
  0.05563405 0.02102087 0.01449441 0.24684356 0.49835783 0.00276852
  0.00242102 0.02191774 0.05467249 0.12037864 0.04135267 0.00807182
  0.01427372 0.04127805 0.06951125 0.01607    0.01515579 0.01175238
  0.04122369 0.03245165 0.21117602 0.01012327 0.01592191 0.00461373
  0.10354318 0.0208821  0.10591887 0.0461677  0.023301   0.05666732
  0.01207203 0.07801611 0.02227701 0.02278778 0.00318359 0.02527555
  0.15418918 0.6237728  0.00812777 0.01655446 0.02436424 0.00982225
  0.02461328 0.01063351 0.03963429 0.01585935 1.4199725  0.00625601]]
[[1.0673609e-05 6.4670377e-05 8.5698248e-06 1.0139754e-04 5.7149555e-05
  2.6054533e-05 3.4442157e-05 4.9093866e-04 2.0218873e-05 9.6255004e-05
  1.7475051e-05 5.0846738e-04 2.6778533e-04 1.4027121e-04 2.3886818e-05
  9.6993538e-04 9.5050497e-04 1.1726710e-05 3.8989601e-06 3.3334574e-05
  3.0723168e-05 8.0890626e-05 9.4030016e-05 4.6748512e-05 2.8714421e-05
  3.8554688e-05 2.0892474e-04 3.2504951e-05 1.3489052e-05 2.7611450e-05
  4.3198103e-05 1.3772934e-05 2.4465757e-04 1.9708596e-05 4.7453716e-05
  3.1743599e-05 1.7019381e-03 8.7725566e-05 5.2106974e-04 4.1108764e-05
  6.7106877e-05 1.3106993e-04 1.2272837e-05 5.2956711e-05 8.4395309e-05
  5.0826966e-05 6.7308597e-06 3.9413830e-05 1.4089704e-04 9.4960112e-04
  1.6229755e-05 4.9660899e-05 3.9225924e-05 7.8425110e-06 1.7760338e-05
  1.7807513e-05 1.2153810e-04 4.1012510e-05 4.7373716e-04 4.1507360e-06]]
[[1.43761156e-07 1.08229406e-05 6.42689565e-06 ... 1.52325820e-05
  8.11709924e-06 2.12181913e-05]
 [2.06449636e-06 2.09699874e-06 1.75433357e-07 ... 1.08410298e-07
  8.80785519e-05 4.19311846e-06]
 [4.19563628e-09 1.45387276e-08 1.16803520e-07 ... 6.12643769e-10
  1.49576840e-09 5.69535263e-09]
 ...
 [4.04559978e-06 5.17853232e-06 2.08929052e-07 ... 4.14625561e-07
  1.36415520e-05 4.84133125e-06]
 [4.71683643e-06 5.27765269e-06 5.59154046e-07 ... 1.67926455e-08
  2.21368509e-06 1.32927639e-07]
 [2.11052125e-07 6.34706851e-07 1.23357941e-05 ... 1.53940704e-07
  1.00225334e-05 6.28069483e-06]]
[[2.2399099e-07 2.4354306e-06 2.9858716e-06 ... 6.0552253e-08
  2.4116571e-06 2.1310202e-09]
 [6.3492047e-07 1.3048442e-05 1.5296496e-07 ... 7.2090538e-09
  5.0448593e-06 1.2843487e-06]
 [1.9239268e-09 1.4140454e-09 3.0292657e-08 ... 1.3932666e-10
  1.2792747e-08 3.4640701e-09]
 ...
 [1.1583976e-06 2.1841086e-06 5.0059967e-08 ... 1.1094485e-07
  3.9597594e-06 1.1315678e-06]
 [6.4633623e-09 9.0277053e-06 1.2667622e-06 ... 1.5454130e-08
  5.5042108e-07 9.0096911e-08]
 [5.2095771e-08 1.5390476e-07 3.2114156e-06 ... 2.0431085e-07
  2.9805929e-06 1.5863785e-06]]
[[0.00082528 0.00708964 0.00420149 0.01117101 0.0021399  0.00053569
  0.0050651  0.00314909 0.00244147 0.00215028 0.00431859 0.01006918
  0.00064366 0.00576104 0.00115982 0.00103204 0.01562298 0.0028448
  0.00020478 0.00290531 0.00385873 0.00376429 0.00335966 0.00037325
  0.00098551 0.00283009 0.00781126 0.00111977 0.00570568 0.00306242
  0.00203215 0.0054111  0.00424372 0.00075387 0.00071356 0.00026959
  0.00401771 0.00099879 0.00538136 0.00343261 0.00437335 0.00103819
  0.00578953 0.00290054 0.00635706 0.00452244 0.00057821 0.00178326
  0.01318438 0.01075229 0.00038955 0.00134381 0.0020746  0.00099616
  0.00727738 0.00122593 0.00306664 0.00087868 0.00801438 0.00318224]]
[[1.05350341e-06 1.28201655e-05 1.83552788e-06 1.01757832e-05
  7.14930366e-06 8.78671642e-07 4.54277779e-06 2.29051125e-06
  2.95580753e-06 2.38994689e-05 4.75827028e-06 5.70674965e-05
  9.03966793e-07 1.63674358e-05 2.94271945e-06 2.19908156e-06
  2.12973173e-05 7.29049634e-06 1.05888455e-06 8.92081152e-06
  3.75994841e-06 5.47177160e-06 3.95223969e-06 2.79983908e-07
  2.82968904e-06 1.22332103e-05 1.20698023e-05 9.53509755e-07
  2.25314234e-05 6.81722270e-07 1.07082333e-05 7.29509020e-06
  5.01304612e-06 1.82625251e-06 8.06176672e-07 2.92032013e-07
  4.96728535e-05 1.57132843e-06 1.70321823e-06 1.39753211e-05
  6.24914310e-06 9.18697606e-06 3.08436684e-05 1.41805976e-05
  8.59202100e-06 8.36324671e-06 1.53181543e-06 4.60258116e-06
  4.41541888e-05 9.04487206e-06 2.27999521e-06 2.34806362e-06
  1.24792505e-05 1.66894540e-06 7.26882490e-06 1.40358372e-06
  5.39920393e-06 2.24817086e-06 1.51887289e-05 1.21962239e-06]]
[[3.93803301e-09 2.76624075e-08 6.12169782e-09 ... 1.09092966e-08
  2.14700857e-09 2.74936274e-09]
 [2.47215137e-08 6.96567734e-11 2.92468538e-08 ... 1.82581450e-09
  2.09500040e-09 8.92895369e-10]
 [2.42159715e-09 1.00203215e-08 6.64701583e-09 ... 1.93864665e-07
  2.33509745e-09 2.42508431e-08]
 ...
 [2.98065217e-08 2.08381490e-08 2.78471589e-07 ... 1.05067759e-08
  3.50200513e-09 7.87444492e-08]
 [1.59905849e-08 4.64564248e-10 7.69374822e-08 ... 7.11526909e-08
  3.32362833e-06 5.24097636e-08]
 [3.30177552e-09 1.18106470e-06 5.27520143e-08 ... 4.42747128e-09
  4.18652093e-07 2.79212475e-08]]
[[9.02517727e-10 9.74151337e-09 3.15467297e-09 ... 3.58423534e-11
  4.64056399e-07 1.12680620e-09]
 [6.68900357e-09 1.81850108e-11 7.45842321e-09 ... 7.23877236e-10
  6.73702150e-10 3.45962758e-10]
 [1.81414483e-09 2.65998956e-09 2.27201546e-09 ... 5.02912094e-08
  7.67976960e-10 1.73818666e-08]
 ...
 [7.54024843e-09 6.05724493e-09 3.09603394e-07 ... 3.46536133e-08
  1.16903431e-09 3.24000737e-08]
 [3.96832966e-09 4.51193571e-09 1.99615950e-08 ... 1.74082597e-08
  3.32484956e-10 1.25424497e-08]
 [7.22622406e-09 2.91936573e-07 1.32228095e-08 ... 1.48564427e-09
  1.47316982e-07 2.16838125e-09]]
[[6.00323292e-05 3.03607048e-05 4.88874030e-05 1.79798371e-05
  2.04618278e-04 2.62848655e-04 2.73240119e-04 1.30631073e-04
  1.34552072e-04 8.53615256e-06 1.27294725e-05 6.14229884e-06
  2.69790704e-04 1.36565388e-04 6.59723592e-05 1.65530546e-05
  7.84452277e-05 5.29417412e-05 1.33150301e-04 4.80490387e-04
  2.43805171e-05 1.38464849e-04 5.13817431e-05 5.51832381e-05
  2.17831053e-04 4.85680248e-05 3.66656714e-05 5.26986623e-05
  1.07159358e-04 5.51456942e-05 7.84128861e-05 9.21740211e-05
  7.38868024e-04 3.84128543e-05 3.95945041e-04 2.05246429e-03
  5.59570944e-05 1.86187332e-04 5.50470286e-05 1.87288271e-04
  1.51082058e-05 4.19521057e-05 7.51639309e-05 6.41896841e-05
  1.81139170e-04 1.20052820e-04 4.65384073e-05 2.75614784e-05
  9.73818896e-06 2.08687252e-05 1.04646308e-04 1.99322109e-04
  9.58643068e-05 1.96206267e-04 1.75511639e-04 6.43233070e-05
  2.25290118e-04 1.48094565e-04 1.00779471e-04 2.38093871e-05]]
[[1.18049265e-07 1.88762414e-07 1.89572006e-07 1.63486238e-08
  5.23914068e-08 3.63518069e-07 3.92811074e-07 2.95973052e-07
  1.36088929e-07 3.68974740e-09 8.41610230e-08 4.95541386e-09
  5.26277802e-07 8.00847317e-08 2.62674689e-07 4.70894328e-08
  1.60506968e-08 1.43972755e-07 4.18074421e-07 2.56728640e-07
  6.53175007e-08 1.76567127e-07 1.82860745e-07 1.73629161e-07
  1.16334888e-06 1.80710231e-07 9.56002282e-08 2.73538319e-07
  1.00867751e-07 9.62720463e-08 8.96109000e-08 1.71600007e-07
  2.48663264e-06 1.22967691e-07 8.34998445e-07 4.23220126e-06
  6.36024140e-08 4.01005195e-07 1.62305483e-07 1.80140617e-07
  5.55151374e-08 1.78068589e-07 2.35604531e-07 9.27584054e-08
  6.91056670e-08 1.88270178e-07 1.62419767e-07 2.24596718e-07
  3.29508403e-08 6.59041604e-08 1.24625203e-07 5.78277422e-07
  8.86569964e-08 1.55587259e-07 8.70515890e-08 1.48626242e-07
  4.76328751e-07 6.79741049e-07 7.50235927e-08 1.13947742e-07]]
[[6.18500140e-10 7.19369595e-08 1.12678586e-08 ... 4.82433222e-08
  8.65916061e-10 8.31916793e-08]
 [2.03305572e-09 1.13121445e-07 5.03430684e-08 ... 5.68847458e-09
  1.27513966e-09 2.85171069e-08]
 [1.13677828e-07 9.36448032e-07 1.03373672e-07 ... 1.06228651e-06
  3.69704178e-09 2.76844418e-07]
 ...
 [4.09771168e-08 6.94929611e-07 1.54457325e-07 ... 1.60982623e-07
  1.00947375e-07 1.42072804e-06]
 [2.86203807e-08 4.74364299e-08 2.46779081e-07 ... 2.64262553e-07
  1.46593537e-09 2.42550982e-07]
 [1.24712273e-07 1.27575435e-08 1.30624670e-07 ... 5.41770021e-07
  6.04887660e-08 4.83021534e-09]]
[[1.64330216e-10 6.32028249e-11 3.83057275e-09 ... 7.02552327e-08
  2.70379951e-11 2.27852741e-08]
 [5.32337674e-10 3.34966330e-08 4.32087788e-08 ... 2.32690844e-09
  3.74693609e-09 8.77714790e-09]
 [3.76454494e-08 2.60764836e-07 2.57856403e-08 ... 4.20029778e-07
  9.20671095e-10 5.29450234e-11]
 ...
 [1.06203935e-08 2.45551357e-10 4.48358080e-08 ... 4.54934650e-08
  2.39924045e-08 3.52405181e-07]
 [9.01137032e-09 1.80158821e-08 5.52617649e-08 ... 6.90803361e-08
  7.67637953e-10 2.01316766e-07]
 [3.70486042e-08 3.85360677e-09 4.27423004e-08 ... 5.42141228e-11
  1.88712157e-08 1.28159261e-09]]
[[1.01120801e-04 3.20506151e-05 2.79636151e-04 5.90595591e-05
  4.02726495e-04 4.28535132e-04 1.42977500e-04 9.36562719e-05
  4.27206047e-04 6.04164146e-04 1.55150974e-05 5.05369389e-05
  1.85786354e-04 3.58817255e-04 2.23224342e-04 1.73376990e-04
  1.25162260e-04 6.28608395e-05 4.38793330e-04 3.35781462e-03
  7.45147190e-05 2.16810280e-04 1.27222185e-04 1.61023767e-04
  2.33394632e-04 3.79517354e-04 5.10602949e-05 1.88624967e-04
  1.31397901e-04 1.95751083e-04 1.55289148e-04 2.93805235e-04
  8.90780531e-04 6.11738578e-05 2.17305220e-04 1.20239472e-03
  3.70928930e-04 9.65248677e-04 1.45398066e-04 3.60575737e-04
  2.49860223e-05 4.42109362e-04 2.91354721e-04 2.10328319e-04
  3.62106250e-04 5.10002195e-04 2.18244095e-04 7.37521914e-05
  1.76804358e-04 4.91480969e-05 2.88851588e-04 5.10491896e-04
  2.04883632e-04 1.14365225e-03 4.85818746e-04 1.29477921e-04
  2.64166680e-04 4.33875801e-04 3.56077973e-04 1.21544115e-04]]
[[1.17892782e-07 6.99281841e-08 4.33965965e-07 9.51547960e-08
  3.59939378e-07 3.00499636e-07 1.22863142e-07 4.25089510e-08
  4.32688410e-07 3.88824077e-07 2.74015850e-08 9.58542898e-08
  6.51748508e-07 1.02060108e-06 3.44262645e-07 4.90993330e-07
  2.07581039e-07 8.80857911e-08 8.22640459e-07 2.86151476e-06
  4.64829988e-08 1.50445914e-07 5.25382973e-08 2.04064790e-07
  1.42030927e-07 6.03246008e-07 8.22394810e-08 1.50948267e-07
  1.27308795e-07 4.72221387e-07 2.53699085e-07 2.53791825e-07
  1.73912349e-06 1.15786705e-07 1.65564657e-07 5.71499697e-07
  6.82641314e-07 6.90889067e-07 3.43012346e-07 2.96926572e-07
  5.83002553e-08 9.40371592e-07 2.29465627e-07 4.60530345e-07
  6.71239604e-07 5.42629891e-07 3.89446939e-07 1.33293099e-07
  9.68936007e-08 4.91390395e-08 3.64000272e-07 1.27612850e-06
  2.00526415e-07 7.50839308e-06 9.68540917e-07 2.73292898e-07
  4.07447601e-07 1.17014611e-06 1.87247690e-06 1.31803702e-07]]
[[5.5801031e-08 1.1101137e-08 8.3308151e-08 ... 5.3340983e-07
  2.6957159e-07 1.8568454e-07]
 [2.5833273e-08 1.7481481e-08 6.7932085e-08 ... 1.2096316e-08
  6.2449296e-08 8.5086367e-07]
 [5.6283636e-08 1.4327338e-06 2.0598229e-07 ... 2.5897964e-06
  2.5064669e-06 1.7278364e-07]
 ...
 [9.3232848e-07 4.5153580e-08 2.7938864e-07 ... 6.9540165e-06
  2.7280808e-07 2.8845589e-06]
 [4.1575272e-09 3.8692644e-08 6.0611470e-08 ... 1.0523334e-05
  1.2749279e-08 1.0580819e-06]
 [6.2922865e-08 1.0976853e-05 8.5012537e-08 ... 9.5883884e-08
  7.1569997e-07 9.3020631e-09]]
[[1.5848618e-08 2.8995368e-09 2.8238917e-10 ... 2.1471760e-07
  2.5129012e-07 5.6189073e-08]
 [5.8307710e-09 5.2454228e-09 2.2049267e-08 ... 3.9879589e-09
  2.4382928e-08 2.1165366e-07]
 [7.7916923e-08 4.6728675e-07 6.7143198e-08 ... 3.1029610e-06
  7.6802479e-07 4.1333863e-08]
 ...
 [2.1190010e-07 3.3552404e-08 6.2373310e-08 ... 2.0361470e-06
  8.9208406e-08 3.6182289e-06]
 [2.5606439e-09 1.9704279e-08 1.8548461e-08 ... 3.8375651e-07
  6.9662434e-08 2.3372775e-07]
 [3.0307575e-08 2.6938858e-06 4.4556850e-10 ... 8.3689493e-08
  1.8465798e-07 2.8597242e-09]]
[[0.00063579 0.00069974 0.00062156 0.00118425 0.0051182  0.01659007
  0.02991756 0.00278675 0.00377708 0.02602821 0.0017134  0.000522
  0.00603081 0.00273957 0.01091172 0.00194468 0.00205695 0.00134875
  0.00054725 0.04287669 0.01314446 0.0054571  0.00147185 0.00472428
  0.01978601 0.00057892 0.00329056 0.0053169  0.00291249 0.00243707
  0.00973284 0.00281933 0.08443408 0.00168795 0.00831034 0.04883786
  0.0004727  0.01181581 0.00385287 0.00427851 0.00073749 0.02912335
  0.00061072 0.00145531 0.01267928 0.00486822 0.00310214 0.00146877
  0.00087042 0.0036589  0.00384568 0.0106562  0.00413517 0.00183987
  0.00599126 0.00163223 0.00528829 0.03129083 0.00300287 0.00133474]]
[[7.61821639e-07 1.43772070e-06 5.44093723e-07 3.83163950e-07
  7.82592269e-06 2.17932738e-05 2.79421947e-05 4.16482499e-06
  8.32358819e-06 9.08294169e-06 2.45865112e-06 3.90214609e-07
  2.47174030e-05 2.17027082e-06 1.32129553e-05 2.06314144e-06
  3.25564406e-06 3.64870402e-06 3.80207354e-07 5.14765452e-05
  8.68617644e-06 2.63333786e-05 2.04484377e-06 3.05118624e-06
  1.48360295e-05 4.76340944e-07 2.60820025e-06 3.46482170e-06
  1.79487074e-06 1.18602861e-06 1.48217277e-05 4.85469536e-06
  2.24243136e-04 2.55613372e-06 1.02480669e-06 2.63281981e-05
  5.75538593e-07 2.57439551e-05 3.29077966e-06 7.24061192e-06
  6.68089285e-07 9.05332126e-06 6.26194435e-07 1.98200928e-06
  9.41884718e-06 2.49174809e-06 2.60730053e-06 2.51457914e-06
  1.13770604e-07 2.44943067e-06 4.74305079e-06 5.66435774e-05
  5.91451226e-06 1.99571446e-06 1.85143676e-06 3.98898601e-06
  1.42579283e-05 3.07657751e-06 2.41644966e-06 1.00057730e-06]]
[[1.0122183e-07 8.6676152e-08 6.6300487e-08 ... 1.1588843e-08
  2.3901706e-08 1.1715475e-08]
 [2.6155692e-07 3.8012463e-10 5.1116043e-08 ... 4.6012620e-09
  1.5412611e-07 1.9218847e-08]
 [3.2757688e-07 4.4589203e-07 8.9761767e-07 ... 1.3921799e-08
  7.2150016e-07 2.3793480e-06]
 ...
 [1.1961275e-07 1.9083616e-07 7.5690500e-06 ... 3.1368643e-07
  2.4181517e-08 9.5865960e-07]
 [8.0952083e-07 1.3369023e-06 2.2973093e-06 ... 8.3280732e-08
  6.2806075e-06 5.5326709e-06]
 [5.0343800e-07 1.0369343e-09 4.2441548e-07 ... 3.3373620e-08
  2.1770792e-07 5.0692470e-06]]
[[1.16259173e-07 3.15319539e-08 4.68399222e-08 ... 3.48274365e-09
  1.31026008e-08 1.54725967e-07]
 [7.82627581e-08 6.17577234e-09 1.27121274e-08 ... 1.31797118e-09
  7.82873073e-08 1.94351111e-12]
 [9.48190220e-08 2.05695599e-07 2.11524252e-07 ... 3.82193077e-09
  4.28196898e-07 6.79758045e-07]
 ...
 [3.20902203e-08 6.15801866e-07 2.00459112e-06 ... 1.23861696e-07
  1.86141129e-08 2.12618872e-07]
 [2.39520682e-06 3.38084391e-07 1.38811299e-06 ... 2.84611641e-08
  1.58703415e-06 2.81201824e-06]
 [1.11203185e-07 7.24235616e-10 9.58415498e-08 ... 8.14196532e-09
  7.25722842e-08 1.08843085e-06]]
[[6.3298736e-04 1.0381571e-04 3.2233165e-04 2.4761396e-04 5.2199030e-04
  1.4720406e-04 9.0791023e-04 3.1308303e-04 2.2531777e-04 4.3828721e-04
  8.7160741e-05 1.9806650e-04 7.2624767e-04 7.0621044e-04 9.4786921e-04
  1.8419557e-03 9.7560586e-04 5.7716577e-05 7.9249201e-04 8.9802319e-04
  3.0987350e-05 2.5851539e-04 8.5974159e-04 6.2709517e-04 1.5284478e-03
  4.0129642e-04 3.7032066e-04 1.7566241e-04 9.4884446e-05 2.0293576e-04
  6.0583645e-04 4.5463844e-04 1.2776826e-03 1.4554278e-04 4.6713013e-04
  1.4253043e-03 4.1418307e-04 5.1803363e-04 7.8005204e-04 1.6818859e-04
  9.0875183e-05 4.2824040e-04 1.5621418e-04 4.2221611e-04 4.1087825e-04
  1.5429506e-03 2.1279103e-04 2.0097813e-04 2.3261475e-04 3.5457702e-05
  5.6725089e-04 1.0392028e-03 2.2912222e-04 7.6573470e-04 1.0452148e-03
  1.4419285e-04 3.9921154e-04 1.6677724e-04 7.2465022e-04 2.8259284e-04]]
[[6.6520209e-07 1.4272887e-07 1.5444945e-06 2.7577133e-07 5.5797506e-07
  8.0780914e-08 1.1734920e-06 4.9300036e-07 1.1617830e-06 9.4519982e-07
  2.0741625e-07 4.1316679e-07 1.7202719e-06 8.6782211e-07 1.4816484e-06
  5.6490726e-06 7.8352417e-07 9.2379608e-08 9.2009566e-07 6.1368411e-07
  7.4756706e-08 4.9524914e-07 2.2529580e-06 4.9385349e-06 1.2703504e-06
  1.8266053e-07 1.8856139e-06 6.3160726e-08 6.8386122e-08 2.5261986e-07
  6.5111101e-07 5.5093375e-07 9.2723968e-07 3.6442461e-07 7.0669319e-07
  2.7240292e-06 1.8445094e-07 5.0889889e-07 2.4427445e-06 3.3858780e-07
  1.9043888e-07 5.3832548e-07 1.0812363e-06 2.5664781e-07 4.5077050e-07
  1.7541439e-06 5.6434101e-07 5.6831686e-07 2.0010616e-07 9.7837919e-08
  1.2693584e-06 8.1864488e-07 2.1506266e-07 1.4274001e-06 1.4283869e-06
  2.4452643e-07 2.3645430e-06 1.7154638e-07 1.0144764e-06 4.6856204e-07]]
[[5.75224703e-06 4.11453075e-05 1.78876908e-05 6.13445372e-05
  9.48562883e-05 4.59193780e-06 9.11101870e-06 4.17466399e-05
  6.24989625e-05 2.15275668e-06]
 [7.06823121e-05 3.06850343e-05 7.53628046e-05 3.71259048e-05
  1.02596037e-04 5.90946775e-06 2.68141707e-06 1.95055312e-04
  5.28990859e-05 1.16484771e-05]
 [1.74510918e-04 5.97395883e-05 1.15763178e-05 1.84309265e-05
  2.30088612e-04 2.04868902e-05 6.69837561e-07 9.77518212e-05
  3.21841289e-05 1.36365188e-05]
 [1.77616530e-05 2.15916996e-04 1.78445134e-05 6.80235898e-05
  6.11383992e-04 7.66668163e-05 4.30447244e-06 4.63026518e-04
  7.58874303e-05 4.01687430e-06]
 [1.35119932e-04 3.14926228e-06 1.23585751e-05 4.31466324e-05
  2.39711408e-05 1.03320044e-05 4.72579723e-06 4.07082087e-04
  7.31242180e-05 9.71828129e-08]
 [4.78949278e-06 9.14764587e-06 1.89564715e-04 2.75466416e-04
  2.73135462e-04 2.73367859e-05 1.57642808e-05 6.59116413e-05
  1.11861118e-04 7.21871720e-06]
 [1.17275900e-04 2.82047949e-06 1.53370827e-04 5.34334674e-07
  7.16637078e-05 4.07082280e-06 7.88839679e-06 9.81170102e-04
  5.06578072e-05 1.84448836e-05]
 [2.24738851e-05 4.59784351e-05 6.76070631e-05 1.04522602e-04
  5.74507692e-04 4.76187452e-05 1.99592318e-06 5.47197589e-04
  1.00221216e-04 4.80507379e-06]
 [6.46810731e-05 1.93147047e-04 3.52329771e-05 2.66177631e-05
  1.10510482e-04 3.28607348e-05 1.63314271e-05 1.05144209e-04
  5.55673141e-05 7.44218198e-07]
 [2.46479380e-04 1.55994087e-04 1.05373756e-05 1.06378939e-05
  6.89915905e-05 7.20205981e-06 3.11234135e-06 5.54512895e-04
  3.03379638e-05 3.33630919e-06]
 [3.48125977e-05 3.52479226e-04 3.82718099e-05 6.11663345e-05
  5.26069023e-04 1.37317020e-05 1.22783931e-05 6.96820643e-05
  2.95719510e-05 1.32817440e-05]
 [7.99925110e-05 9.07726135e-05 2.22886374e-05 1.11361951e-05
  4.53208813e-05 1.36829867e-05 3.57907652e-06 4.60889976e-04
  5.09341153e-05 1.23815892e-06]
 [7.09367123e-06 5.95034071e-05 4.21731602e-05 1.52195325e-05
  1.24638132e-03 3.56323872e-05 1.61591038e-06 4.84473348e-05
  4.05296896e-06 2.01688323e-07]
 [3.01244927e-05 4.90919992e-05 1.45007274e-04 4.13722810e-05
  6.82696555e-05 2.01766693e-06 3.24119895e-07 1.10721194e-05
  1.09479588e-05 5.90491754e-06]
 [1.22645710e-04 1.09780258e-05 1.94906374e-04 1.84560292e-06
  3.79745616e-04 7.49247920e-05 5.73532043e-06 7.73167121e-05
  8.00819616e-05 1.62631064e-08]
 [3.53627547e-05 1.87393700e-04 7.60483181e-06 3.77562428e-05
  6.47739944e-05 5.49672404e-06 5.32259673e-06 7.09924934e-05
  4.89143313e-05 2.08530491e-06]
 [1.88007925e-05 3.84451734e-04 8.21311332e-05 1.17848576e-05
  2.42486512e-05 1.89211023e-05 2.44246598e-06 2.40762791e-04
  5.71134888e-06 1.18104972e-05]
 [6.49955327e-05 1.41057375e-04 9.23289263e-05 5.20226313e-05
  2.65424111e-04 2.90293192e-05 1.66914633e-05 6.61663262e-06
  1.92930547e-05 6.56671409e-06]
 [2.49880104e-04 4.84790420e-04 4.59343464e-05 6.64035542e-05
  2.17972221e-04 1.49771358e-05 3.29496402e-06 6.53705327e-04
  2.32575385e-05 1.23417431e-06]
 [1.66453232e-04 2.60216970e-04 6.90272791e-05 7.74000364e-05
  1.18736329e-03 3.84753148e-05 9.89744422e-06 2.86841587e-05
  4.77289468e-05 3.29774048e-05]
 [6.06673893e-05 5.02556388e-04 1.82727308e-05 9.37325385e-05
  1.41380064e-04 2.19920530e-05 1.66144650e-06 5.57355175e-04
  5.88935436e-05 2.21707751e-06]
 [1.22918093e-04 4.02402293e-05 1.54823792e-05 5.02234980e-05
  4.63277975e-05 1.65642468e-05 2.08129427e-06 6.57465367e-04
  2.37768782e-05 3.63280219e-06]
 [5.35154686e-05 3.47076020e-05 4.10630892e-05 9.51868060e-06
  1.31907136e-05 6.23224423e-06 6.19696857e-06 2.56129308e-04
  1.67286544e-05 6.86219619e-06]
 [1.36571049e-04 3.29703471e-04 4.71382446e-05 2.92863479e-05
  5.23650524e-05 2.57401789e-05 1.07323212e-05 3.97835629e-06
  1.69581181e-05 7.48282162e-07]
 [2.17689194e-06 1.45282364e-04 3.26929330e-05 4.49117988e-06
  2.18211033e-04 5.04634190e-05 1.01417772e-05 8.27513588e-07
  1.06656607e-05 8.30992212e-06]
 [1.54271838e-04 5.37557708e-06 3.73780895e-05 4.25961371e-05
  1.33143794e-05 1.04869960e-05 3.66534937e-06 3.96600226e-04
  1.14946042e-05 9.58107921e-06]
 [2.32119928e-05 6.67252534e-05 1.08504340e-04 2.54059141e-05
  1.44334848e-03 2.57787997e-05 4.27674786e-06 2.90800323e-04
  2.00103968e-05 1.89047012e-06]
 [2.91254037e-05 1.80200459e-05 2.68771018e-05 4.58643553e-05
  1.82514543e-06 2.63850234e-05 1.84863511e-05 2.80793301e-05
  1.04422303e-04 6.53811958e-06]
 [1.58812603e-04 1.27540743e-05 2.43057293e-05 1.76437970e-05
  1.01696106e-03 6.35003889e-05 1.45843705e-05 3.77413351e-04
  8.09830453e-05 8.66498976e-06]
 [2.99139865e-05 3.32750002e-04 1.49106723e-04 1.01725906e-04
  1.01154419e-05 2.57170304e-05 1.70137064e-05 5.86472452e-05
  9.10593553e-06 3.30157263e-06]
 [1.35124181e-04 1.31616805e-04 2.79479027e-05 6.92902177e-05
  2.37039974e-04 2.03947570e-06 1.60274376e-05 5.20749774e-04
  7.62699419e-05 2.61196624e-06]
 [1.18244490e-04 5.91902412e-04 1.61918986e-04 5.75258637e-05
  1.64772267e-04 2.01087532e-05 6.77585876e-06 4.34046902e-04
  1.03024948e-04 9.19238857e-07]
 [6.68971261e-05 3.25597124e-04 1.72954635e-04 5.81580789e-05
  1.20262534e-03 5.12870065e-06 7.22129062e-06 2.33439441e-05
  1.14587514e-04 1.81461346e-05]
 [1.11355585e-04 1.87715341e-04 5.24077223e-05 1.31395154e-05
  1.56100417e-04 1.60660038e-05 1.27338790e-05 1.06483894e-04
  2.39616270e-06 7.99809459e-06]
 [1.39198077e-04 6.39803284e-06 1.30811852e-04 4.48747378e-05
  2.68636795e-04 3.83448569e-05 1.53394194e-06 9.21667670e-05
  7.79290640e-05 4.74801027e-06]
 [3.79775411e-05 4.71559499e-04 1.29951644e-04 1.39279728e-04
  5.47133095e-05 5.01673276e-05 2.72865691e-06 1.22914891e-04
  3.31531992e-05 8.72629698e-06]
 [1.08996319e-04 8.62493398e-05 2.09153455e-04 2.64396440e-05
  1.16036019e-04 4.13512353e-05 7.57683665e-06 1.66842183e-05
  4.96854482e-05 1.37265204e-06]
 [8.21979702e-05 2.39084591e-04 2.40016398e-05 9.44549538e-05
  1.57529209e-03 3.21955595e-05 1.11949248e-05 3.23968670e-05
  4.33174573e-05 1.10913243e-05]
 [6.85593768e-05 3.11132404e-04 3.03736888e-05 9.76415686e-06
  3.35899531e-04 4.79248229e-05 4.18510263e-06 1.04987726e-03
  1.61306198e-05 1.96074725e-05]
 [6.26383626e-05 1.63409786e-05 8.16187749e-05 1.06950654e-06
  1.01495163e-04 1.13829526e-06 1.17011064e-06 1.97842346e-05
  2.75717557e-05 1.00136458e-05]
 [9.55638170e-05 6.77118951e-05 5.00749002e-06 9.03128384e-05
  1.17683929e-04 1.81371324e-05 4.46547710e-06 4.87083365e-04
  2.81207376e-05 9.29307225e-06]
 [9.65361032e-05 6.41344595e-05 8.14140803e-05 3.57521640e-05
  3.22800013e-04 5.50968161e-06 5.87134309e-06 4.37409384e-04
  4.74000335e-05 4.98790814e-06]
 [1.39241340e-04 1.41438097e-04 1.89227329e-04 2.33533974e-05
  1.11498637e-04 4.61542841e-05 4.58352952e-06 7.21539545e-04
  2.16408534e-06 6.15787258e-07]
 [1.01029189e-04 1.11227208e-04 3.87468026e-05 1.80085572e-05
  1.39570888e-03 7.01219506e-06 8.18600802e-06 8.48095573e-04
  6.47892593e-05 1.02615359e-05]
 [1.01515499e-04 5.10706923e-05 2.41191345e-04 2.77458821e-05
  1.39318736e-05 2.19249850e-05 4.38951020e-06 3.85036719e-06
  4.69209153e-05 2.71596891e-05]
 [1.43809102e-05 2.84832022e-05 3.13276432e-05 6.97056021e-06
  4.88306841e-06 2.11484094e-05 2.94521374e-06 9.65535466e-04
  5.32465783e-05 6.78975482e-07]
 [1.97684451e-04 2.75107323e-05 1.86669131e-04 2.98635532e-05
  1.38895551e-03 6.55283438e-05 1.82999574e-05 2.97742845e-05
  8.98907165e-05 2.04668468e-05]
 [1.23401915e-05 4.37404524e-05 3.78074837e-05 6.09642339e-05
  1.91317755e-04 4.03302074e-05 1.84243595e-06 2.49523175e-04
  6.77105854e-05 1.83477695e-07]
 [1.07605301e-04 2.06492077e-05 2.51433667e-05 5.35137406e-05
  1.01230922e-03 2.80246295e-05 2.61407877e-06 8.82080494e-05
  2.05220451e-04 4.11585233e-06]
 [8.49741336e-05 7.20266507e-06 3.65962987e-05 5.00978385e-05
  1.65429621e-04 2.51615870e-06 3.51576273e-06 2.50676130e-05
  4.87346770e-05 1.12524575e-07]
 [5.08354751e-05 8.46967669e-06 8.25855968e-05 2.57566116e-05
  8.58272659e-04 5.91131138e-05 6.22140169e-06 3.21136729e-04
  1.83121720e-05 1.14605364e-05]
 [6.91650421e-05 2.36740034e-05 8.91781965e-05 4.32236593e-05
  1.63904970e-05 2.40740937e-05 1.60771760e-05 6.48385685e-05
  2.33970768e-05 1.82269869e-05]
 [4.70787381e-05 2.24043179e-05 1.26364364e-04 1.17733965e-04
  1.14768010e-03 3.07142145e-05 2.08888696e-06 4.01505502e-04
  1.31851892e-04 2.01003841e-05]
 [6.28351427e-06 3.50054870e-05 1.14908999e-05 3.14357494e-05
  2.84894395e-05 1.58621275e-04 1.42366216e-05 3.95200826e-04
  2.08374659e-05 8.67102972e-06]
 [4.87507350e-05 2.14567335e-05 9.19493905e-05 4.30512882e-05
  2.83821777e-04 7.69356775e-05 1.79665749e-05 1.37874464e-04
  1.08924978e-04 8.47961564e-06]
 [2.72066827e-05 4.65277590e-05 1.35291639e-05 6.26640394e-05
  6.73372051e-05 3.02749868e-05 1.14647910e-05 1.06772163e-03
  9.53163271e-06 2.71722433e-06]
 [2.64988721e-05 5.98090592e-05 5.63000904e-05 4.66751517e-05
  3.21089698e-04 1.09384803e-06 4.29625516e-06 9.20682141e-05
  5.29309764e-05 6.48592447e-07]
 [5.12354854e-05 2.49968725e-04 2.76701117e-04 1.58193841e-04
  1.54522477e-05 2.89943819e-05 1.65782167e-05 3.58714140e-04
  3.44384607e-05 8.18690205e-06]
 [5.52708632e-04 3.22819455e-04 1.49060972e-04 2.93306020e-05
  6.38310041e-04 1.09564229e-04 3.14104113e-06 4.54282825e-04
  4.02470178e-05 2.01862031e-06]
 [1.56097070e-04 3.44212167e-05 6.89982426e-06 1.38127252e-05
  3.69610302e-06 9.74315917e-05 1.63742823e-06 4.28393629e-04
  5.19818168e-05 4.25949702e-06]]
[[1.21832716e-06 8.71883549e-06 6.80128278e-06 1.71130723e-05
  2.70534347e-05 2.62542744e-06 1.99997726e-06 4.83693884e-06
  1.60569070e-05 7.68533198e-07]
 [1.99097703e-05 8.19903653e-06 1.85379595e-05 1.51078184e-05
  7.68471727e-05 1.75736125e-06 2.99689577e-06 4.89808408e-05
  1.15140874e-05 2.57160195e-07]
 [5.18690795e-05 3.40609433e-04 5.34628407e-06 6.01497732e-06
  6.67491768e-05 6.67889026e-06 3.35529439e-05 2.75128997e-07
  1.05601157e-05 3.80602887e-06]
 [3.63002187e-06 3.00665619e-04 8.29791588e-06 3.25954284e-06
  1.50349646e-04 2.51554575e-05 1.05912159e-05 1.27060002e-06
  1.69850591e-05 2.41325074e-06]
 [3.93577175e-05 7.22867128e-07 8.87318947e-06 3.61066595e-05
  6.68546136e-06 2.75289302e-08 4.41063685e-06 1.11883215e-04
  1.87127207e-05 1.57174309e-05]
 [1.09500286e-06 2.28702811e-06 4.68719692e-04 1.92867242e-06
  1.73020788e-04 6.15619547e-06 1.57956437e-09 6.11791475e-05
  2.49066179e-05 1.88227989e-06]
 [3.29381473e-05 5.36582847e-05 4.83424446e-05 5.12493784e-07
  4.16056719e-05 1.46265575e-06 2.76603078e-06 2.52777012e-04
  1.29241489e-05 5.60900298e-06]
 [4.20053730e-05 1.10059491e-05 1.56249571e-05 2.48798951e-05
  1.22036930e-04 1.48612353e-05 9.42715587e-07 1.24779879e-04
  4.30964028e-05 1.46606817e-06]
 [6.48320375e-09 2.93657096e-04 3.47718232e-09 5.45388907e-08
  5.47743868e-04 3.64949670e-09 3.46700836e-06 2.70650398e-05
  2.26415013e-05 9.55242399e-07]
 [2.11899551e-05 4.86625026e-07 3.86180982e-05 1.50811786e-06
  1.80720017e-05 1.47999947e-06 7.63842422e-07 1.28173939e-04
  6.90487514e-06 1.28848490e-06]
 [8.65521633e-06 6.81899022e-04 1.20725408e-05 1.40403235e-05
  2.84714653e-04 3.91442523e-09 3.67547477e-06 1.61299959e-05
  1.54177742e-05 2.62235098e-05]
 [2.10583094e-05 2.26148768e-05 4.42834289e-06 4.07092193e-05
  1.14800114e-05 3.42512226e-06 7.74677630e-07 1.03316248e-04
  5.07069053e-05 8.07941714e-10]
 [9.11099505e-07 1.27937098e-03 1.36900862e-05 3.97066651e-06
  3.15728277e-04 3.59983265e-09 3.57594331e-07 1.87882069e-05
  1.25918598e-09 1.10097687e-07]
 [8.13141560e-06 9.13321128e-06 4.14746546e-06 4.60586052e-05
  2.04698572e-05 4.14961306e-07 1.34898045e-07 2.23929892e-05
  2.47542562e-06 1.59608169e-06]
 [2.62978665e-05 6.97917955e-08 4.68170583e-05 6.78069000e-07
  3.78987579e-08 4.87886567e-08 1.17449929e-06 1.02729255e-05
  1.61033004e-05 1.74800149e-07]
 [3.75857271e-05 8.26618489e-05 1.79104495e-06 9.50664253e-06
  1.35169721e-05 1.34606955e-06 1.37292693e-06 2.14464508e-05
  1.00805428e-05 5.66203084e-09]
 [9.00962641e-06 1.01486527e-04 1.70225867e-05 5.14476669e-05
  8.38061078e-06 6.41966153e-06 5.37909216e-07 1.68329477e-03
  1.57561208e-05 3.30611169e-06]
 [9.63100319e-06 8.51642617e-05 2.55374653e-05 1.30375784e-05
  8.01310380e-05 4.41181136e-08 3.86430611e-06 2.53490043e-06
  2.07923385e-05 3.00892248e-06]
 [5.43375681e-05 1.11250221e-04 1.17773607e-05 2.13718558e-05
  2.69014621e-04 6.18209242e-06 1.42493278e-07 1.63092540e-04
  6.59608349e-06 6.10562893e-07]
 [5.71917772e-05 2.63242086e-08 1.05505778e-05 6.49302747e-05
  2.82234803e-04 1.79839674e-07 5.59066939e-06 9.15274813e-06
  1.13313527e-05 6.41263205e-06]
 [1.49228845e-05 3.41085921e-04 2.93056337e-06 2.56055446e-05
  1.81025753e-05 1.01388550e-05 3.65327338e-07 7.75138744e-07
  1.49155521e-05 1.86166255e-06]
 [3.21474363e-05 5.21237052e-06 1.89490202e-05 3.78324876e-05
  3.36351695e-05 3.26137524e-06 3.41724800e-08 2.15554024e-07
  6.71216731e-06 6.92533376e-06]
 [1.37422512e-05 2.17354199e-07 9.77311865e-05 5.83899055e-06
  1.17643840e-05 1.30120111e-06 1.33831008e-06 2.97330030e-06
  4.28749627e-06 1.30115870e-06]
 [3.81226710e-05 3.03458796e-06 1.35651117e-05 6.92605909e-06
  5.15135525e-06 6.06359208e-06 2.82985457e-06 1.30755243e-05
  4.56331918e-06 1.95971197e-07]
 [1.21484811e-06 5.59977561e-05 6.56490965e-06 1.59093997e-06
  1.17890588e-04 2.08031070e-05 3.25450401e-06 4.87148668e-07
  3.75952800e-06 1.62043978e-06]
 [4.71998246e-05 1.35959669e-06 9.61948681e-05 7.88267243e-06
  3.09348820e-06 3.27029920e-05 5.29283497e-08 3.21649782e-06
  4.87307807e-06 2.68056601e-06]
 [5.85208545e-06 1.85268873e-05 3.44880500e-05 1.20685881e-05
  9.61300793e-06 5.36784410e-06 6.07531636e-10 8.21352078e-05
  9.11146071e-06 2.30597603e-08]
 [4.52414679e-05 1.03351413e-05 6.79661525e-06 2.88886185e-05
  4.97493545e-07 6.19514913e-06 4.71287058e-06 1.99393020e-04
  2.88429746e-05 1.60775824e-06]
 [3.78082805e-05 1.93816533e-07 4.74161516e-06 7.10511667e-05
  2.42386042e-04 4.54750671e-06 1.15721023e-05 2.50729237e-04
  9.19276226e-06 1.21188577e-05]
 [1.03930061e-05 8.09324920e-05 1.53769371e-08 4.58996425e-07
  7.39184452e-06 1.58122548e-05 3.75013383e-06 1.82250078e-05
  2.52846839e-05 7.50494564e-07]
 [7.74362150e-07 3.05363308e-08 9.64546143e-06 2.98098221e-05
  1.67639541e-07 5.73754987e-05 1.46193061e-05 1.23877850e-04
  1.90528954e-05 5.93491586e-06]
 [4.31472072e-05 1.37780749e-04 3.35308905e-05 1.55787875e-05
  3.83811494e-05 4.98205100e-06 4.13730049e-06 4.07392472e-05
  2.27308610e-05 1.94014959e-07]
 [2.55590265e-07 3.36610029e-08 4.82352625e-05 7.69367580e-06
  3.03556793e-04 1.02411320e-06 4.12862028e-06 3.25054815e-03
  2.31938120e-05 4.28196017e-06]
 [6.07876282e-05 4.02279111e-05 3.12466946e-05 3.14450540e-06
  5.25347168e-05 1.58391833e-09 1.32126968e-06 2.64806567e-05
  4.02191716e-07 2.11064526e-06]
 [2.79876749e-05 2.19267349e-06 2.77500047e-04 3.37008096e-05
  5.76908242e-05 1.08107079e-05 3.67590218e-07 4.41989187e-06
  1.63237364e-05 1.27542319e-06]
 [5.94023586e-05 1.46912891e-04 4.23208330e-05 3.70429007e-05
  3.83211591e-04 2.84551206e-05 1.27404735e-06 3.12850389e-05
  6.45228429e-05 3.48324329e-06]
 [1.49445448e-04 1.80221647e-07 2.79658252e-05 6.03524495e-05
  3.09103852e-05 1.06249190e-05 4.54382371e-06 1.13052592e-05
  1.44495261e-05 3.34618193e-07]
 [1.63469576e-05 5.56523275e-07 5.70823295e-06 2.13201693e-05
  3.67507106e-04 8.01165879e-06 2.08007407e-08 1.31495472e-05
  1.16520450e-05 1.17910395e-06]
 [2.06239984e-05 3.10966115e-08 6.75923047e-06 8.49629578e-05
  1.73902620e-07 1.01414698e-05 1.88567665e-05 2.76981649e-04
  1.24756303e-08 4.92519985e-06]
 [1.58241692e-05 1.04526907e-05 3.17103404e-05 5.66155450e-07
  9.01255044e-05 1.80674633e-07 3.32503987e-07 7.34944342e-06
  1.41495993e-05 4.27828752e-07]
 [1.14150019e-07 8.80284410e-04 1.15176636e-06 2.95421032e-05
  2.38082230e-05 2.37452280e-09 7.19683513e-08 1.87900383e-04
  5.95313531e-06 2.33420610e-06]
 [7.32436602e-05 1.29589171e-05 1.80824391e-05 9.76835872e-06
  1.34535861e-04 1.27611315e-06 1.63556672e-06 1.07047075e-04
  1.15335133e-05 3.49049678e-08]
 [2.94694546e-05 3.53101532e-05 3.72887007e-04 7.10714949e-06
  3.07887858e-05 1.09723978e-05 1.07672315e-06 3.68076542e-07
  4.32461462e-07 1.45485316e-07]
 [9.11768511e-05 1.02954218e-04 1.39838176e-05 5.30384932e-06
  4.47131461e-04 1.43562758e-07 7.13592999e-06 3.47089983e-04
  1.61040080e-05 2.38092298e-06]
 [2.47692860e-05 2.88662814e-05 5.21994552e-05 5.16086061e-07
  7.28218108e-09 5.63937920e-06 1.20040818e-06 3.07919117e-06
  1.52807715e-05 4.72320920e-08]
 [3.97407757e-06 7.90443210e-06 1.30706421e-05 1.55418240e-06
  7.31961780e-09 1.24530043e-05 3.09344591e-06 1.23524995e-04
  1.06972338e-05 3.92596775e-07]
 [4.63683282e-05 1.84695582e-05 3.99244491e-05 8.13239694e-06
  1.96409837e-06 1.02491686e-05 6.96343386e-06 9.23826974e-06
  1.85038189e-05 5.65864730e-06]
 [2.95644859e-04 4.50329098e-05 7.93182699e-06 2.46030068e-05
  8.58666666e-04 1.52048869e-05 2.32736716e-06 5.20288211e-07
  4.88089900e-05 4.64207091e-08]
 [2.54751412e-05 4.60242472e-06 9.55282030e-06 5.28603459e-06
  5.59637811e-05 1.36121525e-05 1.60258401e-06 3.02060143e-05
  5.23957788e-05 4.17579055e-10]
 [7.74728906e-05 2.31491928e-08 1.20661471e-05 5.28684385e-09
  7.87603494e-05 2.59162997e-10 6.57639112e-06 8.31729267e-06
  1.86692414e-05 5.17241361e-08]
 [2.13162530e-05 2.05203401e-06 1.34148150e-08 8.91060336e-06
  2.05585544e-04 9.75796688e-09 2.81535904e-06 6.10576608e-05
  4.41621478e-06 3.58784519e-06]
 [2.29209345e-05 6.68755183e-06 2.77913005e-05 1.59656174e-05
  3.52823954e-05 5.68854603e-06 3.71427745e-06 2.77139352e-05
  8.48540731e-06 1.31085756e-06]
 [1.23298933e-05 1.68866933e-07 9.73539281e-05 3.97499562e-08
  6.88620377e-04 7.28095483e-06 6.07966342e-07 1.89368657e-04
  2.95387272e-05 2.49480513e-06]
 [1.42685667e-05 5.64361399e-04 1.94508557e-05 8.41252768e-06
  3.04355108e-05 2.67647611e-05 5.17247099e-06 9.85030492e-05
  6.66372046e-07 1.70931605e-06]
 [1.24410944e-05 7.07543586e-06 1.58966955e-04 1.15245872e-04
  6.96287243e-05 7.22757420e-07 3.65341543e-06 4.51182568e-05
  2.29687575e-05 4.45371597e-06]
 [6.20456376e-06 1.09422845e-05 2.74637114e-06 3.84179766e-05
  2.29858178e-05 7.50297841e-06 2.47259823e-06 7.86461158e-07
  1.68602419e-05 6.56152565e-07]
 [4.66969368e-06 1.93038090e-07 1.91669478e-05 1.17799800e-05
  2.70897199e-05 3.71680528e-07 5.12634278e-06 3.53501228e-08
  1.90987412e-05 4.47460764e-07]
 [1.22356525e-07 1.25328486e-04 6.97536379e-05 3.46795168e-05
  2.20496399e-09 6.45260434e-06 6.01963347e-06 6.88406601e-07
  7.99085956e-06 5.06157812e-06]
 [9.10134404e-05 7.13340123e-05 3.20652798e-05 1.56472714e-04
  1.19575218e-03 3.24796056e-05 6.73587806e-07 1.28377578e-04
  2.44831699e-05 8.88230318e-07]
 [3.93194059e-05 7.87281078e-06 2.59011176e-06 5.94702442e-06
  3.33172029e-05 2.09015798e-05 3.88701949e-07 3.06146649e-06
  1.21045714e-05 1.07826804e-06]]
[[0.00041808 0.00529897 0.00087097 0.00481244 0.01722819 0.00069591
  0.00017663 0.01274342 0.00142767 0.00016882]]
[[7.0272330e-07 1.0385768e-06 5.6213923e-07 4.5215674e-07 4.3956861e-06
  5.6890121e-07 1.3945514e-08 4.7634303e-06 1.8595260e-07 8.3012856e-07]]
