

config:

HOME=/clusterFS/home/student/kopp13
PATH=/clusterFS/home/student/kopp13/miniconda3/envs/tensorflow/bin:/clusterFS/home/student/kopp13/miniconda3/bin:/clusterFS/home/student/kopp13/bin:/usr/local/bin:/usr/bin:/bin:/usr/local/games:/usr/games
LD_LIBRARY_PATH=
THEANO_FLAGS=floatX=float32,gpuarray.preallocate=0.9,dnn.library_path=/usr/lib/x86_64-linux-gnu,cxx=clang++-3.8,device=cuda,base_compiledir=/tmp/tmp.Le1sIhOdur

=============================
CONFIG FILE

RNN CONFIG
{'data_multiplier': 1000.0,
 'gradient_clip_value': 0.5,
 'layer_configs': [{'layer_type': 'input'},
                   {'bc': {'init_m': 'xavier',
                           'init_v': -4.5,
                           'prior_m': 0.0,
                           'prior_v': 0.0,
                           'type': 'continuous'},
                    'bf': {'init_m': 'xavier',
                           'init_v': -4.5,
                           'prior_m': 0.0,
                           'prior_v': 0.0,
                           'type': 'continuous'},
                    'bi': {'init_m': 'xavier',
                           'init_v': -4.5,
                           'prior_m': 0.0,
                           'prior_v': 0.0,
                           'type': 'continuous'},
                    'bo': {'init_m': 'xavier',
                           'init_v': -4.5,
                           'prior_m': 0.0,
                           'prior_v': 0.0,
                           'type': 'continuous'},
                    'discrete_act': False,
                    'init_config': {'c': {'b': 'all_zero', 'w': 'xavier'},
                                    'f': {'b': 'all_one', 'w': 'all_zero'},
                                    'i': {'b': 'all_zero', 'w': 'xavier'},
                                    'o': {'b': 'all_zero', 'w': 'xavier'}},
                    'is_output': False,
                    'is_recurrent': True,
                    'layer_type': 'lstm',
                    'tau': 0.5,
                    'var_scope': 'lstm_0',
                    'wc': {'p0max': 0.95,
                           'p0min': 0.05,
                           'pmax': 0.99,
                           'pmin': 0.01,
                           'priors': [0.2, 0.6, 0.2],
                           'type': 'ternary'},
                    'wf': {'p0max': 0.95,
                           'p0min': 0.05,
                           'pmax': 0.99,
                           'pmin': 0.01,
                           'priors': [0.2, 0.6, 0.2],
                           'type': 'ternary'},
                    'wi': {'p0max': 0.95,
                           'p0min': 0.05,
                           'pmax': 0.99,
                           'pmin': 0.01,
                           'priors': [0.2, 0.6, 0.2],
                           'type': 'ternary'},
                    'wo': {'p0max': 0.95,
                           'p0min': 0.05,
                           'pmax': 0.99,
                           'pmin': 0.01,
                           'priors': [0.2, 0.6, 0.2],
                           'type': 'ternary'}},
                   {'bc': {'init_m': 'xavier',
                           'init_v': -4.5,
                           'prior_m': 0.0,
                           'prior_v': 0.0,
                           'type': 'continuous'},
                    'bf': {'init_m': 'xavier',
                           'init_v': -4.5,
                           'prior_m': 0.0,
                           'prior_v': 0.0,
                           'type': 'continuous'},
                    'bi': {'init_m': 'xavier',
                           'init_v': -4.5,
                           'prior_m': 0.0,
                           'prior_v': 0.0,
                           'type': 'continuous'},
                    'bo': {'init_m': 'xavier',
                           'init_v': -4.5,
                           'prior_m': 0.0,
                           'prior_v': 0.0,
                           'type': 'continuous'},
                    'discrete_act': False,
                    'init_config': {'c': {'b': 'all_zero', 'w': 'xavier'},
                                    'f': {'b': 'all_one', 'w': 'all_zero'},
                                    'i': {'b': 'all_zero', 'w': 'xavier'},
                                    'o': {'b': 'all_zero', 'w': 'xavier'}},
                    'is_output': False,
                    'is_recurrent': True,
                    'layer_type': 'lstm',
                    'tau': 0.5,
                    'var_scope': 'lstm_1',
                    'wc': {'p0max': 0.95,
                           'p0min': 0.05,
                           'pmax': 0.99,
                           'pmin': 0.01,
                           'priors': [0.2, 0.6, 0.2],
                           'type': 'ternary'},
                    'wf': {'p0max': 0.95,
                           'p0min': 0.05,
                           'pmax': 0.99,
                           'pmin': 0.01,
                           'priors': [0.2, 0.6, 0.2],
                           'type': 'ternary'},
                    'wi': {'p0max': 0.95,
                           'p0min': 0.05,
                           'pmax': 0.99,
                           'pmin': 0.01,
                           'priors': [0.2, 0.6, 0.2],
                           'type': 'ternary'},
                    'wo': {'p0max': 0.95,
                           'p0min': 0.05,
                           'pmax': 0.99,
                           'pmin': 0.01,
                           'priors': [0.2, 0.6, 0.2],
                           'type': 'ternary'}},
                   {'b': {'init_m': 'xavier',
                          'init_v': -4.5,
                          'prior_m': 0.0,
                          'prior_v': 0.0,
                          'type': 'continuous'},
                    'is_output': True,
                    'is_recurrent': False,
                    'layer_type': 'fc',
                    'regularization': {'mode': None, 'strength': 0.02},
                    'tau': 0.5,
                    'var_scope': 'output_layer',
                    'w': {'p0max': 0.95,
                          'p0min': 0.05,
                          'pmax': 0.99,
                          'pmin': 0.01,
                          'priors': [0.2, 0.6, 0.2],
                          'type': 'ternary'}}],
 'layout': [4, 60, 60, 10],
 'output_type': 'classification'}

DATA CONFIG
{'dataset': 'red_penstroke',
 'tr': {'in_seq_len': 30,
        'minibatch_enabled': True,
        'minibatch_size': 200,
        'out_seq_len': 5,
        'zero_padding': 20},
 'va': {'in_seq_len': 30,
        'minibatch_enabled': True,
        'minibatch_size': 200,
        'out_seq_len': 5,
        'zero_padding': 20}}

TRAINING CONFIG
{'beta_reg': 0.0,
 'is_pretrain': False,
 'learning_rate': 0.002,
 'mode': {'max_epochs': 0, 'min_error': 0.0, 'name': 'classic'},
 'task_id': 4,
 'type': 'l_sampling',
 'var_reg': 0.0}
==============================


[[2.17634522e-07 9.00562895e-08 2.10834106e-08 ... 5.44537322e-08
  7.14345276e-07 5.64614773e-08]
 [8.02802447e-08 2.93029743e-08 3.01518241e-08 ... 4.46448752e-07
  3.16837190e-06 1.70385750e-08]
 [4.72434869e-11 1.65721367e-10 5.82647541e-11 ... 5.57723173e-11
  2.75044187e-09 1.20580310e-10]
 ...
 [9.28699562e-10 6.33917940e-09 7.62156338e-10 ... 2.42845211e-09
  4.00058564e-09 1.47683143e-10]
 [1.06041446e-10 2.75059194e-11 6.24275284e-12 ... 5.04546162e-11
  7.88490979e-08 1.17725441e-09]
 [3.48686691e-10 1.15289764e-10 1.77593461e-11 ... 1.38099129e-10
  6.44624520e-10 4.34157606e-11]]
[[1.33876043e-07 2.37418263e-08 4.84803734e-12 ... 1.29566260e-08
  1.56300160e-07 2.60052153e-11]
 [4.80291273e-09 1.64881957e-08 7.57662288e-09 ... 4.39488872e-08
  7.03641811e-10 7.98870747e-09]
 [1.50462143e-11 3.16834961e-11 1.47756200e-11 ... 1.01361029e-11
  9.77123160e-10 1.13740475e-11]
 ...
 [6.73831613e-09 9.17027509e-10 3.58468789e-13 ... 1.13566410e-08
  1.01216262e-08 1.47817825e-09]
 [2.90273500e-10 3.24978433e-10 8.31742314e-11 ... 9.36008715e-10
  3.93549499e-11 1.39905018e-10]
 [3.23419114e-09 1.12404297e-09 3.32648686e-10 ... 1.26928124e-09
  9.04983910e-09 1.46565893e-09]]
[[1.27431122e-04 3.40653569e-05 1.07321803e-05 2.29860772e-03
  1.45021004e-05 4.42471974e-05 1.75180510e-04 9.22294646e-07
  4.08935048e-05 9.21014180e-06 8.26066389e-06 5.87220075e-06
  8.36744493e-06 1.63112745e-05 3.04144614e-05 1.82809119e-04
  3.54292115e-06 8.30218414e-06 6.45226328e-06 1.05035775e-04
  3.08637354e-05 2.53285325e-05 1.08076210e-05 6.29537753e-05
  4.64714230e-06 8.64879039e-05 3.69049230e-04 4.08763008e-05
  4.16135190e-05 2.45545234e-04 1.08832028e-04 1.66129088e-03
  3.72092822e-04 5.43072747e-05 1.72889515e-04 4.74076023e-06
  9.71939880e-05 2.86277991e-05 2.13792373e-05 2.44667135e-05
  8.72380115e-05 1.37824638e-04 1.34796401e-05 2.35753323e-05
  9.93810136e-06 4.56278940e-05 2.00608974e-05 1.07114774e-05
  1.68439947e-04 6.11677297e-06 2.14947650e-05 5.52758866e-05
  1.02591963e-04 2.88778010e-05 3.71541537e-05 4.29603188e-06
  7.39969346e-06 5.01682007e-05 1.30138022e-03 2.68907388e-05]]
[[1.2431076e-09 8.9307350e-10 7.9236888e-11 8.0254274e-09 8.8133077e-11
  5.5428413e-09 1.0639948e-09 3.4610075e-11 1.8018240e-09 2.2940008e-10
  2.1717042e-10 2.7955571e-10 2.4334942e-10 2.5482100e-10 6.2890937e-10
  1.3005060e-09 1.1972526e-10 4.9657622e-10 1.6249821e-11 1.4775678e-09
  2.2249369e-10 1.4136332e-10 2.8342029e-10 3.1038041e-09 8.8413249e-11
  1.1475901e-09 1.3007505e-09 2.2043677e-10 2.5608402e-10 4.4616772e-09
  1.6606266e-09 4.3460040e-09 2.7945624e-09 2.6532330e-09 3.1526433e-09
  1.1851826e-10 1.1912734e-09 4.4752455e-09 1.6607170e-10 1.1033705e-10
  1.6547583e-09 1.4827646e-09 9.9344910e-10 7.4026374e-10 1.0329120e-10
  3.7370679e-10 5.1117705e-10 1.6897959e-10 1.5865474e-09 8.7832897e-10
  5.7754035e-10 4.6226387e-10 1.6131066e-09 4.1237999e-10 3.1518410e-10
  2.2016246e-10 2.6476946e-10 1.1835452e-08 1.2407760e-09 2.5611127e-10]]
[[5.6025283e-07 3.2468265e-07 8.9449607e-08 ... 1.2592149e-06
  4.2011930e-06 1.4079858e-07]
 [6.4754875e-07 1.8673096e-07 1.4939992e-07 ... 3.5287377e-07
  4.8859474e-06 2.2672343e-07]
 [4.2029846e-10 1.3083278e-09 2.5018482e-10 ... 8.7143459e-11
  1.6704268e-08 2.1079437e-11]
 ...
 [9.6920676e-09 2.1603952e-09 2.5111194e-10 ... 7.2110146e-10
  2.0200876e-08 4.2892925e-10]
 [1.7311895e-10 1.9667994e-10 1.9476877e-11 ... 5.8369296e-09
  7.0828371e-08 7.5061346e-11]
 [1.8452084e-09 4.0685424e-10 4.4976717e-11 ... 2.6565616e-10
  3.9287631e-09 1.2374668e-10]]
[[1.70055102e-07 9.27371318e-08 6.25019112e-08 ... 3.50419839e-07
  8.58996032e-07 1.13805285e-07]
 [1.56842859e-07 8.59609841e-08 3.09668842e-08 ... 7.02014731e-08
  2.69648215e-09 3.89917432e-08]
 [1.21783750e-10 9.89819338e-11 3.38776437e-11 ... 2.05019422e-11
  9.75736114e-09 6.56810153e-12]
 ...
 [8.77973516e-09 5.06532460e-09 8.56032134e-10 ... 7.06555925e-09
  2.56863018e-07 5.35423039e-09]
 [1.36680323e-09 8.76759332e-10 3.04688219e-10 ... 7.81792464e-10
  8.31921465e-09 8.12279632e-10]
 [3.63730535e-09 1.98553174e-09 5.41550194e-10 ... 3.65212283e-09
  7.85378447e-08 3.50693297e-09]]
[[1.37743162e-04 1.66838014e-04 5.36177467e-05 6.93166489e-03
  7.53269924e-05 1.54810870e-04 8.50292330e-04 9.67687447e-06
  1.48231411e-04 1.70141007e-04 6.51035516e-05 3.45469525e-05
  1.02994032e-04 2.81718094e-04 1.89892453e-04 5.88110473e-04
  4.07060325e-05 1.71832071e-05 6.51586306e-05 1.78852046e-04
  8.72551755e-05 5.56555933e-05 3.92494148e-05 2.37160944e-04
  2.20261900e-05 4.32494038e-04 2.03116611e-03 3.07912356e-04
  2.92853307e-04 5.95743360e-04 1.04685570e-03 4.60213050e-03
  4.07087442e-04 1.39054682e-04 7.83608062e-04 1.29075997e-04
  2.24463595e-03 7.58212773e-05 5.70622251e-05 2.22889808e-04
  2.75666360e-04 5.38527383e-04 1.05739855e-04 5.76831371e-05
  6.43703243e-05 1.07080872e-04 1.59003961e-04 9.91993584e-05
  1.54320180e-04 2.03112286e-05 8.38850465e-05 1.94064065e-04
  2.17704204e-04 1.23850026e-04 4.10925044e-04 1.58824205e-05
  2.96862618e-05 1.55993446e-04 1.92809140e-03 1.38815216e-04]]
[[4.0778594e-09 3.2054759e-09 3.7534237e-10 8.5104226e-09 1.9965653e-10
  7.1096187e-09 5.3866929e-09 1.9419799e-10 1.4915651e-09 1.1187224e-09
  1.7968872e-09 1.8879533e-09 2.7619038e-09 2.7068430e-09 1.6666502e-09
  8.4531599e-09 1.1682904e-09 1.8400039e-09 1.1299591e-09 3.7608818e-09
  2.8361946e-09 9.7813946e-10 1.2491265e-09 7.6880786e-09 1.3059662e-09
  9.4861408e-09 6.0532379e-09 1.1878113e-09 1.0852750e-09 8.3651992e-09
  2.4662958e-09 6.9971179e-08 8.7693248e-09 6.0491709e-09 2.7214495e-09
  2.7572484e-09 1.9803251e-08 2.0915192e-09 8.0053120e-10 7.6819429e-10
  2.6382942e-09 1.2796162e-08 1.0494018e-09 6.8980127e-10 4.4364046e-10
  1.8544168e-09 3.7436130e-09 2.4206064e-09 5.1622200e-09 2.1553257e-09
  2.1188544e-09 5.7457079e-09 1.7918635e-09 2.1703843e-09 6.2667711e-09
  9.8999120e-10 1.6630333e-09 7.7373796e-09 2.7469918e-08 3.2306382e-09]]
[[2.6889655e-05 4.3362684e-06 6.5582219e-07 ... 6.2795957e-06
  1.0172955e-05 6.3437193e-07]
 [1.8196908e-05 2.8608192e-06 1.1792448e-06 ... 1.6644524e-05
  3.1296775e-05 1.7278155e-06]
 [6.2529835e-09 5.3890781e-09 9.7375663e-10 ... 2.3165831e-09
  3.6945892e-08 5.1907562e-10]
 ...
 [1.0688217e-07 1.4688041e-07 2.3170317e-09 ... 2.6464397e-08
  8.9120761e-08 1.9489601e-08]
 [1.9407770e-07 9.4544517e-10 8.1373139e-09 ... 2.9414096e-09
  5.0405112e-07 4.6528954e-11]
 [1.3591206e-08 2.6621578e-09 4.2373019e-10 ... 2.3866069e-09
  5.2301270e-09 3.0729014e-10]]
[[1.5190413e-05 1.3840973e-06 2.0367057e-07 ... 1.7816400e-06
  4.9208847e-06 2.2093015e-07]
 [5.5329574e-06 1.3239051e-06 6.2769908e-07 ... 1.0718702e-05
  1.1131625e-05 4.9561510e-07]
 [1.1274308e-12 4.1791398e-10 3.6508058e-10 ... 2.5413638e-10
  1.8052917e-11 1.4352886e-10]
 ...
 [6.8835277e-07 2.7012675e-08 4.5104764e-09 ... 7.2830311e-08
  1.6184853e-07 2.6334623e-09]
 [2.5598860e-08 2.1953554e-08 4.0998745e-12 ... 1.2784815e-07
  7.2022246e-08 2.2414643e-09]
 [6.5958636e-07 3.2829714e-08 3.5131713e-09 ... 6.1062714e-08
  2.1635724e-07 2.3251556e-09]]
[[0.02145413 0.00174083 0.00165314 0.01151635 0.00323756 0.01098526
  0.02198782 0.00067541 0.00057951 0.00396421 0.00651985 0.0061192
  0.00218094 0.00672563 0.00091095 0.06606796 0.0015573  0.00017205
  0.00105075 0.00308488 0.00429082 0.00278707 0.00643457 0.01597374
  0.00012531 0.02381855 0.0331908  0.0011012  0.00079715 0.00617984
  0.00386227 0.01044285 0.04205436 0.01076906 0.00370534 0.00244734
  0.05208474 0.00163614 0.0015965  0.01474091 0.00350165 0.01099615
  0.00061416 0.00079781 0.00104609 0.00163533 0.00089196 0.00894421
  0.00993588 0.00169556 0.00143936 0.00507201 0.00308315 0.01560459
  0.00584853 0.00184832 0.00160588 0.01509714 0.03439084 0.00114704]]
[[2.70144813e-08 7.47899875e-09 1.70288672e-09 9.03638586e-09
  6.59252164e-09 4.02617539e-09 8.51027782e-09 1.48109329e-08
  4.07384393e-09 1.34515421e-09 2.31722908e-09 2.37628295e-09
  8.59780691e-09 1.02903916e-08 1.28906319e-09 7.62064118e-08
  1.11669152e-09 2.16013940e-09 2.70019540e-09 6.91703139e-10
  3.51219476e-09 3.18619553e-09 5.40864509e-09 3.77398450e-08
  8.23687896e-10 7.33842542e-09 1.11936238e-07 8.68461036e-09
  7.08642212e-09 1.48674415e-08 9.66248148e-09 3.73083520e-09
  1.91254195e-08 7.79895526e-09 1.18527266e-09 7.58008234e-09
  1.17076766e-07 8.95453312e-09 3.75256359e-09 9.24315025e-09
  2.31736639e-08 6.80832386e-08 4.78066520e-09 2.81206858e-09
  2.71227529e-09 4.24370894e-09 3.14185500e-09 1.32514533e-08
  4.26289803e-09 4.18764223e-09 8.29074809e-10 9.50100354e-09
  2.32047626e-09 3.98246058e-09 2.83938073e-09 1.29930147e-08
  2.42861180e-08 1.42050265e-08 7.10875492e-09 2.74856782e-09]]
[[5.21826394e-07 3.21423158e-07 3.15360751e-08 ... 3.97205355e-07
  2.48129794e-07 2.85048344e-07]
 [7.98486781e-07 3.32919029e-07 3.39591111e-08 ... 1.89079216e-07
  4.96293126e-07 7.50204734e-08]
 [8.73602024e-10 3.39836409e-10 2.95520483e-11 ... 5.08670536e-11
  3.39262979e-10 9.90363781e-12]
 ...
 [2.39073805e-09 2.63424327e-09 1.46334944e-09 ... 3.02486591e-10
  4.21878005e-10 4.79008722e-10]
 [9.17123461e-11 1.02926355e-10 1.56144282e-11 ... 1.25018451e-09
  5.40237910e-10 3.18594318e-11]
 [1.07698106e-09 5.63559976e-10 1.23632382e-09 ... 4.58928555e-11
  1.83927540e-10 1.18264731e-08]]
[[2.0340194e-07 1.5032033e-07 1.6797557e-08 ... 9.0473591e-08
  4.0797932e-08 9.3561568e-11]
 [1.7935812e-07 1.2704758e-07 1.3159760e-08 ... 4.8956807e-08
  1.0266852e-10 2.1701226e-08]
 [1.5248162e-10 4.0401273e-11 2.8440141e-12 ... 1.5872638e-11
  1.0791750e-10 2.3038778e-12]
 ...
 [1.0400439e-08 7.8875884e-09 6.8281188e-13 ... 3.4556296e-09
  5.9695138e-09 3.7398489e-09]
 [1.2180608e-09 1.0626809e-09 1.8306943e-10 ... 1.6774791e-10
  4.9528750e-09 1.0100930e-09]
 [4.3742721e-09 4.2360271e-09 6.1805666e-13 ... 8.8084490e-10
  3.0683918e-09 5.0162578e-12]]
[[1.5667472e-04 2.6790975e-04 2.6193353e-05 2.7194431e-03 4.1376661e-05
  7.2772636e-05 1.8232902e-04 1.0895972e-05 1.6201020e-04 8.8090521e-05
  2.9347086e-05 3.7926937e-05 1.2355359e-04 2.7425311e-04 1.3939607e-04
  3.1184472e-04 6.9228852e-05 2.2570155e-05 5.1994997e-05 1.5301505e-04
  1.3510458e-04 7.1837683e-05 2.2395228e-05 2.6394767e-04 2.2830221e-05
  2.5621700e-04 4.9160509e-03 1.6413728e-04 3.1092565e-04 1.6231369e-04
  2.6954373e-04 1.3856775e-03 7.2735944e-04 2.2067963e-04 3.8132799e-04
  1.4349884e-04 8.2644436e-04 2.1501265e-04 7.6529446e-05 1.9482858e-04
  3.8634468e-04 2.1163313e-04 3.2896575e-04 2.8792965e-05 6.1605511e-05
  1.2550854e-04 1.6026494e-04 1.1923988e-04 1.0737721e-04 2.0765794e-05
  3.5978359e-05 1.8793602e-04 1.3260152e-04 1.0680646e-04 3.8053453e-04
  3.3426393e-05 3.1422976e-05 4.4978096e-05 1.7126312e-04 8.5362954e-05]]
[[1.0719623e-08 1.4764687e-09 4.4589049e-10 6.7790804e-09 4.2206083e-10
  2.9230913e-09 1.3985564e-09 5.2289240e-10 2.9177731e-09 2.7856799e-09
  6.5653682e-10 5.9083866e-10 4.0247343e-09 4.6053050e-10 1.2076043e-09
  4.4118185e-09 1.0551175e-09 5.6751437e-10 7.2989720e-10 1.2441950e-09
  1.1477678e-09 1.1956808e-09 2.0644884e-09 5.7294343e-09 7.0289352e-10
  5.0338977e-09 4.4607185e-09 1.2253443e-09 7.6600359e-10 2.5033706e-09
  7.6798867e-10 2.6549454e-09 6.2522592e-09 2.3341968e-09 1.0241804e-09
  1.8964417e-09 3.3898502e-09 4.6128865e-09 1.4718944e-09 8.2194546e-10
  4.5568047e-09 6.0903860e-09 8.8754062e-09 8.5267299e-10 3.3973868e-10
  1.1868450e-09 1.9488060e-09 8.7449612e-09 4.8718701e-10 4.3048068e-10
  2.8109456e-10 2.5949349e-09 2.4863243e-09 1.4120559e-09 8.2672819e-10
  2.9639462e-09 2.5803033e-09 1.8233508e-09 7.5844458e-10 1.5840838e-09]]
[[3.8899529e-11 1.7202480e-10 4.3741483e-10 ... 3.5020628e-10
  1.4478474e-11 7.3495559e-12]
 [7.5860138e-11 3.5144208e-09 3.7225355e-11 ... 6.3689481e-10
  4.4732867e-11 1.7206334e-11]
 [2.3782717e-10 1.5788164e-11 3.5474387e-10 ... 3.4202027e-12
  1.3626171e-10 2.8641748e-12]
 ...
 [1.5890061e-10 2.3528815e-10 1.1186906e-09 ... 9.5180192e-12
  4.0151084e-11 5.6564291e-11]
 [1.2394594e-11 8.6449438e-11 6.6902744e-10 ... 1.7903110e-12
  2.2146576e-11 2.7675627e-11]
 [8.7525411e-11 3.0128425e-10 1.4452886e-09 ... 4.5083351e-12
  4.2491274e-11 8.2217469e-11]]
[[2.95694358e-10 5.22711041e-10 2.15699393e-13 ... 6.22364868e-11
  1.73725936e-10 1.32781439e-10]
 [2.26607483e-10 6.09164996e-10 1.82159066e-10 ... 1.06252167e-10
  1.17131332e-10 1.07517960e-10]
 [3.14825110e-11 3.99405925e-10 1.30554625e-13 ... 3.33632635e-11
  7.07255570e-14 3.30211310e-11]
 ...
 [3.59481889e-10 1.06033549e-09 1.26091659e-09 ... 1.08081454e-10
  2.70822170e-10 2.50327425e-10]
 [5.38563881e-11 4.14661666e-10 8.79547657e-10 ... 1.11167006e-10
  2.56744653e-10 7.85364898e-11]
 [2.84514412e-10 1.65905689e-09 1.93892347e-09 ... 1.23455673e-11
  2.17682386e-10 3.08482434e-10]]
[[6.35132756e-06 1.54306035e-05 9.54196912e-06 1.05080408e-05
  2.73966066e-06 4.28396270e-05 5.46131516e-04 1.20444656e-05
  4.67693390e-05 1.19784966e-06 2.77034724e-06 2.10891576e-05
  7.00388555e-05 4.66934489e-06 3.62494844e-04 1.00187741e-07
  1.67668095e-05 4.55230565e-06 1.48536164e-05 2.71430836e-05
  3.12233969e-05 1.03965895e-05 9.97341976e-06 5.85173723e-07
  6.00288558e-06 6.51633115e-07 4.19573325e-06 1.10773908e-05
  7.94198422e-06 2.54029001e-05 1.74582983e-05 2.35337338e-05
  7.40048781e-05 2.41600337e-05 2.86289142e-04 5.78209074e-06
  3.06147331e-06 1.38161777e-04 1.87698624e-05 4.18246009e-06
  4.71474305e-05 8.95913690e-05 6.78751485e-06 4.66932079e-06
  4.66309612e-05 6.11609794e-05 1.38063406e-05 4.68068038e-06
  1.34726236e-07 7.95205924e-05 2.80679842e-06 1.96258111e-06
  3.00372485e-05 5.87538068e-07 1.80454408e-05 3.86340653e-05
  1.64311155e-06 2.63917209e-05 7.26453800e-06 1.45371621e-06]]
[[4.37671323e-11 2.10510859e-10 7.87672497e-11 1.60361488e-10
  9.84840594e-12 3.00317021e-10 5.20161803e-10 6.92198104e-11
  4.02561595e-10 1.74267045e-10 2.10793761e-11 2.81242946e-10
  2.88654045e-10 1.48308740e-10 1.79288495e-09 1.82582074e-12
  1.17332699e-09 1.06016633e-10 6.23555096e-11 1.12633305e-10
  8.26239008e-11 2.00551298e-10 9.62762786e-11 1.12921963e-11
  8.50610138e-11 4.68733385e-12 2.19265248e-11 1.39641881e-10
  3.93938701e-11 2.87391749e-10 3.52955803e-10 9.52450674e-10
  2.25605548e-10 7.20345103e-11 4.33167147e-09 1.28519305e-11
  2.30923527e-11 3.20898752e-10 1.67034248e-10 1.20207511e-10
  8.37930766e-11 4.13168028e-10 6.79215989e-11 2.04915841e-11
  3.05814457e-10 2.53050719e-10 1.70976067e-10 2.35108825e-11
  6.01831215e-12 1.69396788e-10 3.27870994e-11 4.22847174e-11
  2.44236187e-10 2.02541126e-11 5.10748110e-10 4.77117124e-10
  5.07506849e-11 1.35584613e-10 1.28132199e-10 2.08779990e-11]]
[[5.11769585e-11 1.24008068e-10 8.92811033e-11 ... 4.74007189e-09
  6.31909236e-09 1.76753168e-10]
 [1.49474738e-10 1.18109106e-10 1.99216713e-10 ... 4.84748561e-08
  4.66885364e-10 4.24007218e-10]
 [1.77191890e-11 4.17355386e-11 9.56962079e-11 ... 1.76345039e-09
  1.32013511e-09 7.49271270e-11]
 ...
 [1.48117664e-11 1.56829993e-10 3.94740421e-11 ... 1.07293918e-09
  2.37562053e-11 4.83470521e-11]
 [6.07944120e-12 1.27749695e-11 1.30936139e-11 ... 8.37604042e-10
  1.91353981e-11 5.41657344e-12]
 [2.56760498e-11 2.06023354e-09 7.66688588e-11 ... 6.46124820e-10
  4.62365354e-11 5.78811270e-11]]
[[1.0606888e-10 5.7651961e-10 7.1277712e-10 ... 8.5761735e-09
  8.4866858e-10 4.8167681e-10]
 [6.3310368e-10 9.8190145e-10 5.2182603e-10 ... 3.8051534e-11
  2.2282673e-09 3.4987981e-09]
 [2.6441604e-10 3.6727194e-10 3.1645034e-10 ... 1.6548764e-08
  6.4413308e-13 1.1954896e-09]
 ...
 [9.0267342e-11 5.3479660e-10 2.3206330e-10 ... 8.3878433e-09
  4.0652473e-10 5.2511390e-10]
 [2.2380466e-11 2.8987152e-10 8.5090900e-11 ... 6.2064074e-09
  7.2070122e-10 3.5391683e-11]
 [1.3788851e-10 7.0594295e-13 3.8189921e-10 ... 1.0608799e-08
  6.6469791e-10 7.2702211e-10]]
[[1.0965741e-05 1.9947945e-05 1.6435297e-05 2.9188795e-05 1.5147332e-05
  3.0957471e-04 8.5566333e-04 1.3843804e-05 1.9266229e-04 6.0366056e-05
  1.3722436e-05 2.5119245e-04 4.5719586e-04 8.9414789e-05 3.2912320e-03
  6.2634786e-06 2.6581867e-05 2.2356762e-05 7.0721624e-05 1.3454318e-03
  5.2058842e-04 3.8076018e-05 2.3834722e-05 1.9016418e-06 1.4697359e-05
  2.0527223e-04 7.2557605e-06 3.6603822e-05 9.5499221e-05 6.4893211e-05
  1.0762615e-04 1.3864199e-04 1.9087566e-03 3.4946992e-05 7.5549603e-04
  5.0826488e-06 5.3604679e-05 2.7627198e-04 1.6351925e-05 1.1006513e-05
  4.2070656e-05 1.0452874e-03 5.8642985e-05 2.7013419e-05 1.3753990e-04
  1.0860405e-04 3.4481007e-05 9.9958479e-06 6.2565610e-05 1.1141908e-04
  6.6638636e-06 2.3081261e-06 7.2149007e-05 2.1827082e-05 4.4241209e-05
  6.6144443e-05 2.9212216e-04 1.8820580e-03 8.6446526e-05 4.9431172e-05]]
[[3.3935358e-11 2.8579655e-10 2.9664712e-10 6.1310440e-10 1.7643773e-10
  3.8501926e-09 2.6371152e-09 1.7204753e-10 5.0287891e-10 2.1113754e-10
  1.3087439e-10 2.1904800e-09 2.4649611e-09 2.5119637e-09 4.0691677e-09
  1.2022593e-10 1.8254676e-10 6.7752093e-10 2.1604270e-10 3.9171546e-09
  3.1510801e-09 1.3830610e-10 1.8572140e-10 1.8411178e-10 5.4559607e-10
  2.3392563e-10 5.6053818e-11 1.6293360e-09 3.2391712e-10 1.3754610e-09
  2.3553040e-10 9.6832287e-10 6.0729062e-09 7.5728823e-10 9.5533643e-09
  1.9560319e-10 5.4420396e-10 5.5330660e-09 4.7116222e-10 6.1120137e-11
  5.0528443e-10 1.3309828e-08 1.3200707e-09 3.6340642e-11 1.3019402e-09
  1.6445358e-09 3.6832895e-10 2.6461600e-10 9.3822936e-11 3.6392074e-09
  1.3582913e-10 6.6521740e-11 2.4270688e-09 1.7326944e-10 1.1163780e-09
  2.4936204e-09 2.7267377e-09 5.1781930e-09 5.8719019e-10 4.3482129e-10]]
[[1.9927601e-10 1.5273381e-10 1.8412825e-08 ... 2.8589987e-08
  6.9178158e-10 1.9157802e-09]
 [3.7988274e-10 3.3609124e-10 2.0024948e-09 ... 1.2380653e-07
  1.3525969e-09 9.5479770e-08]
 [7.2558770e-10 1.3266915e-08 6.1999801e-11 ... 3.6975600e-09
  4.3152204e-11 4.2276441e-10]
 ...
 [4.3901542e-11 1.6240392e-09 8.7192262e-08 ... 1.9264781e-09
  1.4869975e-10 3.1415052e-08]
 [2.6687229e-11 5.0474591e-10 2.9995495e-10 ... 2.5369087e-10
  3.8818209e-11 1.9165096e-09]
 [1.5595918e-10 2.0094191e-09 1.0947828e-09 ... 4.4697392e-09
  1.6852937e-10 4.9430269e-09]]
[[1.62199476e-09 5.15215071e-09 2.00813410e-09 ... 1.03583240e-07
  5.97569860e-09 1.01231405e-08]
 [4.07055806e-10 2.12008056e-09 8.23204793e-09 ... 2.40499247e-07
  2.61501976e-09 3.82864608e-11]
 [9.66849864e-11 6.01520092e-12 2.94162983e-09 ... 7.55335208e-08
  7.83857701e-10 8.02343347e-09]
 ...
 [3.09398795e-09 1.03181916e-08 1.11537393e-08 ... 1.03441643e-07
  2.72280465e-09 4.19242063e-09]
 [1.00892961e-09 4.87227458e-09 1.24129498e-08 ... 2.63421551e-08
  1.52763091e-09 2.74199941e-10]
 [3.12749315e-09 1.75593460e-08 3.89468156e-08 ... 4.24418438e-08
  1.83160509e-09 7.40035055e-09]]
[[7.53251152e-05 9.91717970e-05 3.13898199e-04 9.83429607e-04
  1.72929314e-04 6.71121618e-03 2.25014556e-02 4.92447405e-04
  2.26267776e-03 4.94536071e-04 3.68625304e-04 3.94118112e-03
  4.52146912e-03 3.07698472e-04 1.52608594e-02 5.92698622e-03
  3.45193036e-03 1.28052227e-04 5.51535231e-05 1.90824773e-02
  2.81568104e-03 4.14653099e-04 9.18049773e-05 5.26577678e-05
  2.99633062e-03 4.69227562e-05 1.22489524e-04 6.68049383e-04
  1.79614028e-04 5.52019861e-04 5.71723736e-04 1.65580178e-03
  8.03456083e-03 5.05487260e-04 2.15909928e-02 4.85747034e-04
  3.55482800e-04 7.68435700e-03 3.19738756e-04 1.96219888e-04
  3.80521553e-04 6.70055579e-03 2.33246305e-04 1.47202545e-05
  9.19903105e-04 3.37222969e-04 1.95139903e-04 1.62163167e-04
  8.40516805e-05 4.79415059e-03 3.94565977e-05 7.57424161e-04
  3.21890833e-03 7.83534197e-04 1.24817214e-03 2.05309567e-04
  8.50133318e-03 1.37123493e-02 5.80551336e-04 6.11771829e-04]]
[[1.1977619e-11 2.8152822e-10 1.2214173e-10 1.1003853e-09 1.0653984e-09
  2.9559428e-09 6.8945210e-09 1.6036845e-10 3.8072265e-09 3.4768646e-10
  4.6079845e-10 2.2267874e-09 4.4676152e-09 6.0415517e-10 1.6187505e-08
  3.9855768e-09 1.7100364e-09 6.7985825e-11 6.5732995e-11 4.4509711e-09
  1.2558163e-09 2.2967410e-09 2.6757438e-11 1.4098500e-10 3.3033543e-09
  9.3634517e-11 1.3298965e-10 1.2722088e-09 1.6384084e-10 4.9840043e-09
  4.3776641e-10 2.7649698e-09 1.5281276e-09 2.2450024e-09 2.1620826e-08
  4.6830506e-10 9.5714814e-10 1.8235768e-08 1.3268474e-10 3.4261538e-10
  3.7611603e-09 9.5018693e-10 1.2683101e-09 3.5628955e-11 1.5326269e-09
  7.3730261e-10 4.6398652e-10 3.9910059e-10 3.0260246e-11 2.8779943e-09
  5.4023827e-11 3.3493544e-10 2.1607780e-09 5.9524435e-10 1.5672320e-09
  1.2048254e-09 5.9871913e-10 2.9994485e-09 4.5302093e-10 6.8462097e-10]]
[[7.9240114e-11 2.4180502e-10 1.9644262e-09 ... 2.2720464e-10
  6.6503278e-09 9.7273085e-11]
 [1.0616265e-10 4.3886574e-09 8.8442073e-11 ... 1.5070204e-09
  2.1674211e-10 4.3141168e-10]
 [2.7523608e-11 1.0630916e-10 2.4255219e-11 ... 4.9693021e-11
  1.6681354e-09 4.9973050e-11]
 ...
 [1.7637895e-10 1.4602944e-10 1.2997085e-10 ... 8.3036350e-10
  3.9726814e-10 2.9167285e-10]
 [4.1890019e-11 8.1418644e-10 6.6631539e-10 ... 3.6955294e-09
  1.7964620e-10 1.6333666e-10]
 [1.4118040e-10 2.4370378e-10 3.1056724e-09 ... 3.5643416e-10
  4.5220680e-10 4.3154075e-10]]
[[2.6752814e-10 1.5740945e-09 2.7902131e-10 ... 1.8769504e-09
  8.2989027e-10 4.2794385e-10]
 [7.7684287e-10 7.8273121e-10 9.5478814e-10 ... 1.3014911e-08
  2.4100595e-09 3.0907830e-09]
 [3.3934272e-10 4.4609391e-10 2.0920089e-10 ... 5.8580873e-09
  6.7250616e-13 1.0830462e-09]
 ...
 [6.2777333e-10 3.4790132e-10 3.2839276e-10 ... 1.1973017e-08
  4.7509623e-09 1.4745709e-09]
 [1.3947563e-10 3.3725098e-13 9.5452750e-11 ... 5.2227600e-10
  1.7030406e-09 6.1555866e-10]
 [4.9802734e-10 8.7886309e-10 5.4335958e-10 ... 9.1484900e-09
  3.2760934e-09 3.2498537e-09]]
[[1.8213033e-05 1.9272264e-05 1.4198762e-05 3.6590583e-05 3.7264199e-05
  3.6659174e-05 1.3068371e-04 1.3291258e-05 2.1884759e-04 7.2955467e-05
  1.9084386e-05 3.9589228e-04 4.7833292e-04 1.3615578e-05 1.0586373e-03
  2.3855972e-04 1.1332132e-04 2.5859912e-05 1.1010962e-05 1.8698946e-04
  6.7587222e-05 3.4106462e-05 3.1325690e-05 2.9798985e-06 1.2029613e-04
  9.1382048e-05 9.9555591e-06 1.7190316e-05 5.2213447e-05 8.6629050e-05
  3.9319231e-05 9.6467455e-05 1.0789743e-03 7.7322882e-05 4.7973674e-04
  1.5598333e-05 1.2741953e-05 1.6488478e-04 6.1670195e-05 1.6643062e-05
  1.6621023e-04 9.0328256e-05 3.0757856e-05 1.4107227e-05 5.4396831e-05
  7.3304727e-05 3.7283415e-05 7.0385263e-06 1.9029554e-05 1.3384843e-04
  1.5091883e-05 1.2880493e-05 1.1155873e-04 4.4802855e-05 2.7102424e-05
  5.8734073e-05 2.0947133e-04 4.5442165e-04 6.2872612e-05 6.6729153e-05]]
[[2.1006358e-11 3.7794406e-10 1.3941610e-10 6.1939287e-10 2.3942870e-11
  4.2012553e-11 1.2598850e-10 3.8669151e-11 5.4523230e-10 6.7502490e-11
  3.0186284e-11 1.3506122e-09 3.5563424e-10 9.7417831e-11 1.2439348e-09
  6.3304735e-12 2.7284197e-10 1.2359302e-10 2.8901870e-10 2.0206470e-10
  6.8285676e-11 2.3237438e-10 2.7845667e-11 7.7143694e-11 2.6683430e-11
  8.3025732e-11 5.4313470e-11 4.6980315e-11 4.7129833e-10 2.8441241e-10
  1.0842911e-10 2.4485289e-10 4.0354714e-10 4.4307258e-10 1.6438451e-09
  5.1973776e-11 3.1323469e-10 6.2864203e-10 1.8289145e-10 1.1185142e-10
  4.8246807e-10 6.7690561e-11 3.0376124e-10 4.8249578e-11 2.8465208e-10
  8.4224752e-11 1.8752769e-10 3.1338907e-11 1.0223237e-11 1.2523474e-10
  3.9381495e-11 1.0604958e-10 1.2696250e-10 1.5419535e-11 4.6127346e-10
  3.1103006e-10 1.2246222e-10 7.1837036e-11 5.4159227e-10 1.3847505e-10]]
[[1.77201578e-08 1.81281106e-08 3.36070336e-08 1.95534842e-08
  5.69690251e-08 8.35145642e-09 8.46859205e-09 3.97565785e-08
  4.11479384e-08 1.09545759e-08]
 [1.30012330e-08 4.38595649e-09 2.64496371e-08 4.60003911e-08
  6.88394008e-09 3.43273809e-09 1.99758095e-08 6.89767132e-09
  3.30868914e-08 2.17066187e-08]
 [1.91945784e-08 1.39202383e-08 4.13591721e-08 2.08424495e-08
  8.66078409e-09 5.64237634e-09 3.34505934e-08 4.45835653e-08
  4.04209111e-08 9.76510517e-09]
 [2.23612826e-08 1.97598098e-08 4.15671018e-08 4.66444448e-08
  8.75869333e-09 6.03259442e-09 7.20029814e-09 4.78623399e-08
  4.01750206e-08 1.06062608e-08]
 [1.68137841e-08 3.61104147e-09 2.69386700e-08 3.63734145e-08
  5.89824234e-09 5.60916078e-08 1.61451670e-08 1.22689467e-08
  2.33537136e-08 2.65412190e-08]
 [2.88503603e-08 6.76674450e-09 4.33668475e-07 5.51888206e-08
  7.62329222e-09 7.68574004e-09 1.71859487e-08 2.15948948e-08
  4.42945911e-08 9.36937017e-09]
 [2.83744033e-08 1.38866589e-08 4.40778223e-07 4.32089138e-08
  1.03795852e-08 6.76689549e-09 9.52677315e-09 1.24207604e-08
  3.41778730e-08 4.22627444e-08]
 [1.72593261e-07 1.64788450e-08 3.92116029e-08 1.59369407e-08
  1.13708829e-08 6.74852458e-08 7.80351339e-09 1.30179121e-08
  4.39058887e-08 9.68945990e-09]
 [1.35298222e-07 2.20468399e-09 1.13080016e-08 3.92773565e-08
  3.94425426e-09 4.98755952e-08 1.88327132e-09 5.78122750e-09
  1.88560563e-08 3.77240283e-09]
 [2.33116335e-08 8.34831049e-09 4.23839225e-07 4.64665177e-08
  8.25411917e-09 1.05134879e-08 1.28770150e-08 1.71525780e-08
  6.04208594e-08 3.73123150e-08]
 [1.22434756e-08 1.12697673e-08 3.44876355e-07 9.73616743e-09
  6.52853416e-09 7.96345887e-08 4.33093428e-09 8.34296010e-09
  2.99352898e-08 3.78557168e-08]
 [1.07992925e-07 9.92323024e-09 3.17128695e-07 6.03343295e-08
  6.00894090e-09 3.52126062e-09 1.75919919e-08 7.79122278e-09
  1.94012451e-08 3.54536134e-08]
 [2.56496804e-07 1.10952767e-08 3.19670441e-08 2.44530689e-08
  2.81998886e-08 2.60064414e-08 2.91993132e-08 1.96636982e-08
  1.10640272e-07 9.04214659e-09]
 [9.81708759e-09 9.77909220e-09 3.83960952e-07 1.26251702e-08
  3.37194295e-09 7.98445665e-09 1.93754346e-08 3.67897535e-08
  3.61700927e-08 2.19995062e-08]
 [2.43689584e-08 3.07163965e-08 6.25620487e-07 1.64007474e-08
  2.19585594e-08 1.74299274e-07 9.01185260e-09 2.16623235e-07
  2.91490153e-07 6.88168589e-09]
 [1.55777631e-08 2.83326784e-09 2.34144917e-08 2.15819558e-08
  9.34065625e-09 1.08871179e-08 6.74944767e-09 8.72026007e-09
  2.81190804e-08 1.35758370e-07]
 [2.54633896e-08 1.48200963e-08 4.42770158e-07 3.54784326e-08
  9.19698362e-09 7.70404540e-09 1.91675849e-08 3.76792570e-08
  9.65361338e-08 7.19931759e-09]
 [1.85254635e-07 7.44553796e-09 2.42316620e-08 1.04997726e-08
  4.75391904e-09 5.15146894e-08 3.21200178e-09 7.12210646e-09
  2.63832352e-08 4.18841362e-09]
 [1.72827246e-08 5.28606803e-09 2.86357604e-08 1.39950052e-08
  6.47378329e-09 4.67409356e-09 5.57667690e-09 9.12236420e-09
  6.27303862e-08 7.78587061e-09]
 [1.63454530e-08 2.35404691e-08 4.05136802e-07 3.15923323e-08
  1.20781785e-08 4.79378315e-09 1.22148363e-08 1.20052102e-08
  8.20078014e-08 7.08957160e-09]
 [1.52056359e-07 1.39077567e-08 4.64659365e-07 1.62241616e-08
  4.67111647e-08 7.78437226e-08 8.14294410e-09 5.10043918e-08
  4.11426413e-08 3.44936240e-08]
 [1.97401153e-08 8.93286867e-09 2.83048252e-08 1.14308785e-08
  6.67814071e-09 3.96135080e-09 2.82505024e-08 6.04382393e-08
  4.10098799e-08 7.24437976e-09]
 [9.33111544e-09 2.32168973e-09 3.15683423e-07 1.17802772e-08
  2.92594819e-08 3.68240261e-09 3.47002227e-09 3.29921583e-08
  5.22373362e-08 2.65927613e-09]
 [1.56847655e-08 1.21155539e-08 2.93940765e-08 1.62161253e-08
  4.32746496e-08 3.70043485e-09 5.91874683e-09 1.07227383e-08
  3.08873673e-08 6.44573106e-09]
 [1.57741464e-08 9.73964553e-09 1.54176760e-08 1.07913243e-08
  5.66293750e-08 7.00433711e-09 2.63627662e-08 7.52093943e-09
  8.18127219e-08 6.78343284e-08]
 [2.07808828e-08 6.01198646e-09 3.28300359e-07 4.07858707e-08
  8.33468494e-09 6.13560687e-08 1.81319475e-08 1.17844108e-08
  4.07429468e-08 1.91026608e-08]
 [1.73742194e-08 4.86451146e-09 3.34214789e-08 1.43262664e-08
  5.44296022e-08 3.92156219e-09 5.02361130e-09 1.14381109e-08
  3.53524570e-08 4.01985822e-08]
 [1.38412773e-07 5.63959857e-09 2.81594037e-08 1.82882598e-08
  5.35273124e-08 5.09072651e-09 1.66708620e-08 3.75070677e-08
  3.91529298e-08 7.94918442e-09]
 [2.19925536e-08 9.46751388e-09 1.54103112e-08 3.54800811e-08
  1.27417517e-08 3.06666479e-08 7.26962801e-09 6.50676535e-09
  5.97964274e-08 1.80092599e-08]
 [2.19029062e-07 5.16503151e-09 4.00102863e-07 1.38985481e-08
  7.78733966e-09 8.51738733e-08 5.14581622e-09 9.29364052e-09
  3.50024045e-08 7.72576225e-09]
 [1.65653219e-07 6.21215301e-09 3.83170345e-07 1.57905351e-08
  8.21654567e-09 5.12602405e-09 1.91493292e-08 1.08273452e-08
  3.71661919e-08 6.63471234e-09]
 [2.10395825e-08 4.93124830e-09 2.89015585e-08 1.53710182e-08
  7.46434381e-09 5.03019937e-09 2.32523298e-08 4.25712905e-08
  3.34426460e-08 5.30761355e-08]
 [1.57888778e-07 2.88664488e-08 2.58806505e-08 5.37229958e-08
  9.97359262e-09 4.37961800e-09 1.19187984e-08 4.02931519e-08
  4.40477628e-08 9.66070690e-09]
 [1.73107875e-08 5.04991959e-09 2.81244361e-08 1.44686991e-08
  4.84565312e-08 5.52577806e-09 1.60022449e-08 1.01766648e-08
  6.31291854e-08 6.63811184e-09]
 [2.72182596e-08 6.66456046e-09 4.06886727e-07 4.67391637e-08
  1.26175292e-08 9.61403401e-09 1.17612657e-08 4.31377210e-08
  4.38162786e-08 1.16697159e-08]
 [1.31186670e-08 5.92099081e-09 1.82201649e-08 4.88124385e-08
  2.78042904e-08 8.83677060e-08 2.88209066e-08 7.92148214e-09
  1.02900550e-07 5.52631612e-08]
 [1.16843619e-08 3.02957126e-09 4.61862612e-07 4.58053684e-08
  4.96396391e-09 3.72451758e-09 2.78397083e-09 6.11447026e-09
  2.26294734e-08 4.39106307e-09]
 [1.51372088e-08 9.62039870e-09 3.98400175e-07 2.38443167e-08
  5.16595522e-09 8.46445136e-09 2.20083560e-08 6.23885867e-08
  6.06976158e-08 4.01510718e-08]
 [1.47573500e-08 4.62246375e-09 3.38957129e-08 1.63654832e-08
  7.72063729e-08 6.75183713e-08 5.66030955e-09 1.26476429e-08
  5.83375019e-08 1.84176034e-08]
 [2.17377973e-07 2.77915668e-09 1.56193209e-08 6.27940944e-09
  7.76666340e-08 2.74013590e-09 3.21698668e-09 6.27147534e-09
  2.56261234e-08 4.12688586e-08]
 [1.13355114e-07 9.67009850e-09 2.05026573e-08 8.09543099e-09
  5.06624831e-09 1.99218064e-09 2.84326749e-08 6.71422207e-09
  2.66349645e-08 6.83794932e-09]
 [3.50317464e-08 8.76218209e-09 3.52473002e-08 1.77211490e-08
  1.25086297e-08 7.64979191e-09 1.01555866e-08 1.25459838e-08
  1.01642627e-07 3.29332792e-08]
 [2.11201282e-07 5.05464204e-09 3.78068535e-07 1.42239021e-08
  4.92403522e-08 5.93794303e-09 4.70985650e-09 4.16924983e-08
  3.42981146e-08 4.34223857e-08]
 [1.20735972e-08 5.54836799e-09 3.82015429e-07 1.36533700e-08
  4.19056860e-08 6.06595876e-08 4.32965308e-09 9.08637965e-09
  3.47362352e-08 7.82879273e-09]
 [1.42717624e-08 3.69789510e-09 3.71562209e-07 4.74817909e-08
  4.73786379e-08 5.88827085e-08 3.54539775e-09 7.32461913e-09
  3.61663481e-08 3.08380308e-08]
 [2.52408228e-08 4.86470597e-09 2.58166466e-08 1.77976798e-08
  4.44789876e-08 4.44531301e-09 5.77005865e-09 4.23291908e-08
  3.84573866e-08 9.91255167e-09]
 [2.71953819e-08 7.69384645e-09 3.60155248e-08 2.24268142e-08
  6.82747654e-08 1.08636399e-07 6.79715972e-09 1.94876382e-08
  3.58877195e-08 7.51079732e-09]
 [1.24770168e-07 4.81699169e-09 2.54883439e-08 1.24703776e-08
  4.95388299e-08 4.02169942e-09 4.60775063e-09 5.43129239e-08
  9.70553629e-08 5.94360339e-09]
 [2.03360226e-08 5.12754772e-09 3.43116682e-08 4.37844463e-08
  4.76229118e-08 7.83070053e-09 1.52623780e-08 1.39767211e-08
  4.53056543e-08 5.49040280e-08]
 [2.14426976e-07 2.58226063e-08 3.64705208e-08 1.65916845e-08
  1.22026611e-08 1.02728755e-07 1.18658621e-08 1.02136660e-07
  3.90901356e-08 1.19230037e-07]
 [1.04562119e-08 3.05388559e-09 3.05740002e-07 8.98555808e-09
  3.61088972e-08 5.34201341e-08 2.97199865e-09 6.46238973e-09
  4.18285104e-08 5.10361176e-09]
 [1.44140246e-08 3.14967030e-09 2.19069793e-08 1.19761800e-08
  3.30368550e-08 3.02037462e-09 3.15148330e-09 5.70300651e-09
  2.24804619e-08 2.98039211e-08]
 [1.98322336e-08 5.24093968e-09 4.89834974e-07 4.09005416e-08
  9.72525456e-08 5.89475002e-09 4.29597913e-09 1.22656516e-08
  3.45186706e-08 8.72859047e-08]
 [1.39909815e-07 8.19268653e-09 3.15680602e-08 1.51515192e-08
  1.35550593e-08 7.25938563e-08 6.31337871e-09 9.97354022e-09
  5.61336542e-08 7.44250883e-09]
 [1.97465564e-08 4.06194944e-09 4.09314168e-07 4.27819131e-08
  5.92182081e-09 7.06363608e-08 5.30370103e-09 9.04132946e-09
  7.01474860e-08 6.69045708e-09]
 [1.67110358e-07 1.61552727e-08 3.32011822e-08 1.41808059e-08
  5.77499959e-09 8.27287536e-08 5.48739365e-09 5.42954943e-08
  7.85478491e-08 7.20033588e-09]
 [2.57684150e-08 1.09709575e-08 1.82764968e-08 1.06116209e-08
  6.45659100e-08 1.05318607e-08 8.93190588e-09 4.06778398e-08
  4.84475038e-08 5.02916926e-08]
 [2.02019166e-07 4.13554702e-09 2.32148256e-08 1.60407883e-08
  6.28973353e-08 6.12962925e-09 4.41863079e-09 5.16466905e-08
  3.01925134e-08 8.86088980e-09]
 [6.16422824e-09 2.37691289e-09 3.15043451e-07 3.85801471e-08
  2.88290924e-09 7.33925254e-10 2.34254092e-08 6.28066532e-09
  1.97215062e-08 2.03863149e-09]
 [1.37014595e-08 9.88579529e-09 3.91260443e-07 1.74313204e-08
  5.55994673e-09 4.09229850e-09 4.66846339e-09 2.91813382e-08
  3.38084476e-08 5.14275271e-08]]
[[5.13906393e-08 1.72062820e-09 1.42065005e-07 1.19171304e-08
  7.94186406e-09 2.16251497e-08 5.17254017e-09 6.76397205e-09
  4.78203646e-08 3.88811472e-09]
 [3.92602999e-08 5.32874855e-09 1.37263257e-07 6.15743145e-09
  1.25378277e-08 1.76568271e-08 4.27293889e-09 1.37723761e-08
  2.64861040e-08 4.78732920e-09]
 [6.81476138e-08 1.43737255e-09 2.02081722e-07 1.22217223e-08
  3.13380291e-08 3.04260084e-08 6.64115296e-09 8.62701111e-09
  4.07524396e-08 1.04205187e-08]
 [4.92888859e-08 1.71359327e-09 1.61737375e-07 9.76456693e-09
  1.48290180e-08 2.04280806e-08 5.69014524e-09 7.81399567e-09
  2.59019775e-08 1.34068063e-08]
 [3.62067993e-08 5.61829738e-09 1.50046304e-07 1.71343027e-11
  1.25525315e-08 8.01158073e-09 3.34320349e-09 1.39737670e-08
  2.58617927e-08 4.85963092e-09]
 [3.62090020e-08 7.62614061e-09 4.31387086e-08 1.04338476e-08
  1.82110025e-08 1.57826516e-08 4.46939577e-12 1.00936521e-08
  2.29327064e-08 9.75523751e-09]
 [6.18189802e-08 1.28423716e-09 4.51593714e-08 7.73919862e-09
  2.21108163e-08 2.78934973e-08 5.81260506e-09 1.12885497e-08
  1.92666594e-08 7.45523288e-09]
 [2.86183930e-08 1.72796033e-09 1.59808835e-07 1.25707080e-08
  2.30595329e-08 2.38745100e-11 4.68330308e-09 1.97561061e-08
  2.78886709e-08 1.33413733e-08]
 [5.33875236e-11 4.01411482e-09 1.10637359e-07 6.54925403e-09
  1.08739480e-08 7.64550379e-09 2.90154456e-09 9.55997326e-09
  1.69449414e-08 6.17752693e-09]
 [3.61721106e-08 8.64573657e-09 4.30096279e-08 9.57080815e-09
  1.72056733e-08 1.52956137e-08 3.42589535e-09 1.35533842e-08
  2.61829456e-08 1.18251320e-11]
 [3.59346792e-08 8.51584359e-10 2.06940201e-10 1.58945230e-08
  1.12208962e-08 1.25581696e-08 6.13094286e-09 1.25548247e-08
  2.29806929e-08 7.29292182e-09]
 [1.78109865e-08 8.47109449e-12 3.13617079e-08 1.02928421e-08
  9.94277638e-09 1.47021639e-08 4.93275516e-12 1.37001166e-08
  1.39559795e-08 6.61825528e-09]
 [4.02691178e-08 9.75766135e-10 1.84107108e-07 1.38489016e-08
  3.41922863e-08 4.75423327e-08 6.68830591e-09 4.84742770e-08
  1.81850250e-08 2.58362611e-08]
 [4.85122058e-08 6.22138896e-10 3.83092953e-08 1.21727641e-08
  5.72200154e-09 1.44654821e-08 4.22893365e-09 1.95070574e-11
  1.44258152e-08 6.09853235e-09]
 [9.92312721e-08 3.16941517e-09 7.28521812e-08 1.19426389e-07
  3.79338694e-08 2.07797424e-08 2.31099850e-08 2.80232673e-08
  3.56836374e-08 4.21109441e-08]
 [1.00204666e-07 4.96819874e-09 1.97099055e-07 4.28181615e-08
  3.30404148e-08 4.72641766e-08 1.38371092e-08 3.95616624e-08
  3.40233903e-08 1.90186178e-08]
 [4.19596127e-08 1.16473253e-09 4.58960407e-08 7.78111353e-09
  2.10649826e-08 2.45310954e-08 4.87887812e-12 8.19325585e-09
  1.94480041e-08 1.66780723e-08]
 [2.78696675e-08 8.70686162e-12 1.43432800e-07 1.20882522e-08
  7.86037280e-09 7.33463557e-09 2.59894706e-09 9.90659021e-09
  2.23370638e-08 7.51189511e-09]
 [3.58811043e-08 6.86472612e-09 1.50478058e-07 1.58600511e-08
  1.23003492e-08 2.04635384e-08 4.78764850e-09 1.80088779e-08
  1.68501959e-08 7.96149191e-09]
 [4.61272869e-08 1.95504272e-11 4.24095212e-08 8.32823144e-09
  1.95527523e-08 1.96339958e-08 3.29461991e-09 1.94894696e-08
  1.76455881e-08 1.53243001e-08]
 [2.71409917e-08 9.97554928e-10 4.60340601e-08 1.40540974e-08
  6.24598417e-09 2.57888242e-11 3.71405018e-09 8.43706438e-09
  2.01886561e-08 1.03471216e-11]
 [3.89295920e-08 5.68188496e-10 1.51741190e-07 1.75507182e-08
  1.57778626e-08 1.45694559e-08 5.32737943e-09 8.05585731e-09
  3.14647473e-08 1.13499263e-08]
 [3.07467651e-08 4.00683131e-09 3.28772529e-08 1.13396430e-08
  4.33098624e-09 1.68152212e-08 2.97679925e-09 5.62369618e-09
  1.15562564e-08 6.28037888e-09]
 [3.09096961e-08 7.28275995e-10 1.47367444e-07 1.12134515e-08
  6.18706153e-09 1.95981364e-08 3.76654619e-09 1.78002146e-08
  2.49911007e-08 8.39399750e-09]
 [3.23509788e-08 4.36296999e-10 1.45420856e-07 2.68783804e-08
  7.87164289e-09 1.82082811e-08 4.23749080e-09 4.17866666e-08
  1.32621576e-08 9.90713822e-09]
 [1.91255420e-08 6.71054190e-09 3.52406531e-08 8.40237835e-09
  1.01004547e-08 1.17664056e-08 6.42709175e-09 7.05877179e-09
  1.95822221e-08 5.55210088e-12]
 [4.82674061e-08 5.69205705e-09 1.31583775e-07 9.99775462e-09
  7.57120411e-09 1.75807600e-08 7.28619787e-09 1.36773028e-08
  3.37448256e-08 8.61641336e-09]
 [2.51724437e-08 7.43819450e-09 1.49806880e-07 1.70551608e-08
  2.05433032e-11 1.99093471e-08 4.09966462e-12 6.81147450e-09
  2.92540232e-08 1.01789004e-08]
 [2.01750190e-08 7.89199706e-10 1.09803736e-07 7.30680716e-09
  1.38396654e-08 6.82104107e-09 2.83005286e-09 8.06687961e-09
  1.76844281e-08 5.77318401e-12]
 [3.50924765e-08 7.75296627e-09 3.76745213e-08 1.34768667e-08
  1.95582626e-08 1.23501085e-08 3.45400886e-09 1.58505848e-08
  2.88114812e-08 9.95450566e-09]
 [3.09742134e-08 6.40062670e-09 2.23999000e-10 1.24098678e-08
  1.95635455e-08 1.80696738e-08 4.35816272e-09 1.78353705e-08
  2.47279655e-08 9.88395499e-09]
 [4.61638834e-08 8.49760795e-09 1.42783065e-07 1.22933255e-08
  1.81678619e-08 1.76432664e-08 5.60226443e-09 7.56221841e-09
  2.25582770e-08 8.84692941e-09]
 [2.42694931e-08 1.88255175e-11 1.48396154e-07 1.01648894e-08
  2.30651889e-08 3.59188590e-08 5.37239409e-09 6.77949918e-09
  3.91966459e-08 1.90503915e-08]
 [4.29634781e-08 5.77768233e-09 1.48117380e-07 9.72645608e-09
  7.66289965e-09 1.79582536e-08 4.00454780e-09 2.27022117e-08
  1.36057041e-08 1.20515038e-08]
 [3.53262379e-08 7.46236850e-09 4.47035227e-08 1.04540661e-08
  2.21798242e-08 2.38145521e-08 4.69834394e-09 9.02205333e-09
  3.96714164e-08 1.81757152e-08]
 [5.52156330e-08 7.17928364e-12 1.11880865e-07 1.86307220e-11
  4.80488049e-09 1.46197756e-08 4.66091743e-09 2.20499317e-08
  1.42658090e-08 1.03892317e-08]
 [4.43357635e-08 5.01567499e-09 5.19974925e-08 5.32300515e-09
  2.95990201e-08 2.44917402e-08 9.92227456e-09 1.61816889e-08
  4.86225034e-08 1.53677338e-08]
 [5.81452113e-08 5.33438183e-10 4.33549019e-08 1.17708404e-11
  1.37178011e-08 1.36596157e-08 4.17156798e-09 8.65572858e-09
  1.22384236e-08 7.29086480e-09]
 [4.13744985e-08 5.46640866e-09 1.20740850e-07 1.16857448e-08
  1.01805400e-08 1.15871197e-08 4.24197211e-09 2.76304064e-08
  1.32791822e-08 8.66034178e-09]
 [3.06328687e-08 4.64558747e-09 2.01058285e-07 2.03708588e-08
  1.06645599e-08 2.77575865e-08 4.76188777e-09 2.02286969e-08
  2.03760919e-08 5.98119776e-09]
 [1.79819590e-08 5.77448755e-10 1.12630687e-07 1.34506850e-08
  1.76748980e-08 1.53279096e-08 4.95312502e-09 2.17453735e-08
  2.69747957e-08 1.35606300e-08]
 [2.95444718e-08 5.59817248e-10 1.31169472e-07 1.22221424e-08
  2.27428281e-08 2.20077254e-08 6.11185591e-09 1.15968444e-08
  2.22021441e-08 6.16511997e-09]
 [7.73454426e-11 6.26648333e-09 3.75065596e-08 1.14272805e-08
  7.01088787e-09 2.41293918e-08 6.55716281e-09 6.64740840e-09
  2.80837238e-08 8.46048653e-09]
 [4.33280078e-08 6.47998233e-09 3.58463801e-08 6.70161926e-09
  2.09910908e-11 9.51281365e-09 3.22074745e-09 1.62425184e-08
  2.44954759e-08 9.31110034e-09]
 [2.53158507e-08 6.00264327e-09 3.31694459e-08 7.12847426e-09
  6.18684615e-09 8.81114737e-09 3.23324212e-09 1.33831266e-08
  1.94354470e-08 6.40535136e-09]
 [3.35245964e-08 6.15519591e-09 1.41345552e-07 1.32613511e-08
  5.80818993e-09 1.62383227e-08 2.65181810e-09 7.94441490e-09
  2.34333957e-08 7.31355110e-09]
 [3.58358569e-08 8.83085072e-09 1.69627199e-07 3.13708526e-08
  1.03559561e-08 1.71973511e-08 3.55707197e-09 2.65228906e-08
  2.09768363e-08 6.41629194e-09]
 [2.14989466e-08 6.19447516e-09 1.11140388e-07 1.41654262e-08
  7.07034920e-09 1.47704240e-08 4.22029878e-09 7.91176191e-09
  1.61026854e-08 7.45234541e-09]
 [4.08514396e-08 8.28817548e-09 1.35372147e-07 1.05250253e-08
  7.70627828e-09 1.41309542e-08 4.81214002e-09 1.77068884e-08
  1.94277714e-08 1.05914531e-11]
 [3.15633351e-08 3.02042036e-09 1.59780399e-07 2.58603752e-08
  2.31450539e-08 3.97842037e-11 6.51049437e-09 4.41039427e-11
  2.96735330e-08 4.66168701e-11]
 [2.80803469e-08 5.04619502e-09 3.11089572e-08 1.22917285e-08
  5.85313709e-09 2.03970851e-11 3.47560514e-09 9.64091296e-09
  9.74056746e-09 5.66917358e-09]
 [6.19748164e-08 5.69069680e-09 1.54283768e-07 2.72786362e-08
  4.90221419e-09 2.12095550e-08 6.08074968e-09 2.70219580e-08
  2.53547086e-08 5.53379476e-09]
 [5.65745779e-08 6.58857946e-09 5.21815835e-08 8.09309419e-09
  3.30636525e-11 2.73363838e-08 3.20130122e-09 1.86486293e-08
  2.60861057e-08 3.48790892e-11]
 [2.35366784e-08 9.11177730e-12 1.30585406e-07 7.44284856e-09
  1.44657690e-08 2.45668156e-11 5.22310151e-09 1.17880310e-08
  1.37370666e-08 9.48107015e-09]
 [4.06249399e-08 5.36780798e-09 3.93053234e-08 8.27545765e-09
  1.03525641e-08 1.15512480e-08 3.55290375e-09 1.53835398e-08
  1.42951322e-08 1.05557607e-08]
 [2.38857876e-08 1.39482679e-11 1.30467114e-07 2.02177688e-08
  1.69421899e-08 1.21586750e-08 5.49074830e-09 5.83874415e-09
  1.63659699e-08 6.91166235e-09]
 [3.00700513e-08 7.33361871e-10 1.40495899e-07 2.80487296e-08
  1.12986225e-08 1.17905463e-08 8.45722603e-09 8.39173087e-09
  2.03808277e-08 1.16672076e-08]
 [3.01220737e-08 7.95475952e-09 1.58130362e-07 1.14397665e-08
  1.99886340e-11 1.78940667e-08 4.55554749e-09 8.63316174e-09
  2.28282744e-08 1.51518229e-08]
 [4.02989748e-08 4.13290513e-09 3.14018109e-08 5.79166670e-09
  6.74622846e-09 1.25659154e-08 9.43710648e-12 8.50672333e-09
  2.24473187e-08 5.49300561e-09]
 [4.31381473e-08 7.14773685e-10 3.99622273e-08 8.19625523e-09
  1.50908566e-08 2.10923972e-08 3.52590002e-09 6.68321620e-09
  2.18755378e-08 1.46936820e-11]]
[[4.2174343e-06 1.0797782e-05 1.5494888e-04 2.1663433e-05 2.9963478e-05
  2.4804219e-06 9.4775743e-07 1.1150034e-05 3.3476987e-05 1.8890345e-06]]
[[1.1059986e-12 9.1107339e-12 2.9863259e-13 5.4950825e-13 1.2710660e-12
  1.8528395e-12 6.1285109e-12 7.2872307e-13 3.6370772e-12 1.8821051e-11]]
