

config:

HOME=/clusterFS/home/student/kopp13
PATH=/clusterFS/home/student/kopp13/miniconda3/envs/tensorflow/bin:/clusterFS/home/student/kopp13/miniconda3/bin:/clusterFS/home/student/kopp13/bin:/usr/local/bin:/usr/bin:/bin:/usr/local/games:/usr/games
LD_LIBRARY_PATH=
THEANO_FLAGS=floatX=float32,gpuarray.preallocate=0.9,dnn.library_path=/usr/lib/x86_64-linux-gnu,cxx=clang++-3.8,device=cuda,base_compiledir=/tmp/tmp.n91CAPpXNr

=============================
CONFIG FILE

RNN CONFIG
{'data_multiplier': 1000.0,
 'gradient_clip_value': 0.5,
 'layer_configs': [{'layer_type': 'input'},
                   {'bc': {'init_m': 'xavier',
                           'init_v': -4.5,
                           'prior_m': 0.0,
                           'prior_v': 0.0,
                           'type': 'continuous'},
                    'bf': {'init_m': 'xavier',
                           'init_v': -4.5,
                           'prior_m': 0.0,
                           'prior_v': 0.0,
                           'type': 'continuous'},
                    'bi': {'init_m': 'xavier',
                           'init_v': -4.5,
                           'prior_m': 0.0,
                           'prior_v': 0.0,
                           'type': 'continuous'},
                    'bo': {'init_m': 'xavier',
                           'init_v': -4.5,
                           'prior_m': 0.0,
                           'prior_v': 0.0,
                           'type': 'continuous'},
                    'discrete_act': False,
                    'init_config': {'c': {'b': 'all_zero', 'w': 'xavier'},
                                    'f': {'b': 'all_one', 'w': 'all_zero'},
                                    'i': {'b': 'all_zero', 'w': 'xavier'},
                                    'o': {'b': 'all_zero', 'w': 'xavier'}},
                    'is_output': False,
                    'is_recurrent': True,
                    'layer_type': 'lstm',
                    'tau': 0.5,
                    'var_scope': 'lstm_0',
                    'wc': {'p0max': 0.95,
                           'p0min': 0.05,
                           'pmax': 0.99,
                           'pmin': 0.01,
                           'priors': [0.2, 0.6, 0.2],
                           'type': 'ternary'},
                    'wf': {'p0max': 0.95,
                           'p0min': 0.05,
                           'pmax': 0.99,
                           'pmin': 0.01,
                           'priors': [0.2, 0.6, 0.2],
                           'type': 'ternary'},
                    'wi': {'p0max': 0.95,
                           'p0min': 0.05,
                           'pmax': 0.99,
                           'pmin': 0.01,
                           'priors': [0.2, 0.6, 0.2],
                           'type': 'ternary'},
                    'wo': {'p0max': 0.95,
                           'p0min': 0.05,
                           'pmax': 0.99,
                           'pmin': 0.01,
                           'priors': [0.2, 0.6, 0.2],
                           'type': 'ternary'}},
                   {'bc': {'init_m': 'xavier',
                           'init_v': -4.5,
                           'prior_m': 0.0,
                           'prior_v': 0.0,
                           'type': 'continuous'},
                    'bf': {'init_m': 'xavier',
                           'init_v': -4.5,
                           'prior_m': 0.0,
                           'prior_v': 0.0,
                           'type': 'continuous'},
                    'bi': {'init_m': 'xavier',
                           'init_v': -4.5,
                           'prior_m': 0.0,
                           'prior_v': 0.0,
                           'type': 'continuous'},
                    'bo': {'init_m': 'xavier',
                           'init_v': -4.5,
                           'prior_m': 0.0,
                           'prior_v': 0.0,
                           'type': 'continuous'},
                    'discrete_act': False,
                    'init_config': {'c': {'b': 'all_zero', 'w': 'xavier'},
                                    'f': {'b': 'all_one', 'w': 'all_zero'},
                                    'i': {'b': 'all_zero', 'w': 'xavier'},
                                    'o': {'b': 'all_zero', 'w': 'xavier'}},
                    'is_output': False,
                    'is_recurrent': True,
                    'layer_type': 'lstm',
                    'tau': 0.5,
                    'var_scope': 'lstm_1',
                    'wc': {'p0max': 0.95,
                           'p0min': 0.05,
                           'pmax': 0.99,
                           'pmin': 0.01,
                           'priors': [0.2, 0.6, 0.2],
                           'type': 'ternary'},
                    'wf': {'p0max': 0.95,
                           'p0min': 0.05,
                           'pmax': 0.99,
                           'pmin': 0.01,
                           'priors': [0.2, 0.6, 0.2],
                           'type': 'ternary'},
                    'wi': {'p0max': 0.95,
                           'p0min': 0.05,
                           'pmax': 0.99,
                           'pmin': 0.01,
                           'priors': [0.2, 0.6, 0.2],
                           'type': 'ternary'},
                    'wo': {'p0max': 0.95,
                           'p0min': 0.05,
                           'pmax': 0.99,
                           'pmin': 0.01,
                           'priors': [0.2, 0.6, 0.2],
                           'type': 'ternary'}},
                   {'b': {'init_m': 'xavier',
                          'init_v': -4.5,
                          'prior_m': 0.0,
                          'prior_v': 0.0,
                          'type': 'continuous'},
                    'is_output': True,
                    'is_recurrent': False,
                    'layer_type': 'fc',
                    'regularization': {'mode': None, 'strength': 0.02},
                    'tau': 0.5,
                    'var_scope': 'output_layer',
                    'w': {'p0max': 0.95,
                          'p0min': 0.05,
                          'pmax': 0.99,
                          'pmin': 0.01,
                          'priors': [0.2, 0.6, 0.2],
                          'type': 'ternary'}}],
 'layout': [4, 60, 60, 10],
 'output_type': 'classification'}

DATA CONFIG
{'dataset': 'red_penstroke',
 'tr': {'in_seq_len': 30,
        'minibatch_enabled': True,
        'minibatch_size': 200,
        'out_seq_len': 5,
        'zero_padding': 20},
 'va': {'in_seq_len': 30,
        'minibatch_enabled': True,
        'minibatch_size': 200,
        'out_seq_len': 5,
        'zero_padding': 20}}

TRAINING CONFIG
{'beta_reg': 0.0,
 'is_pretrain': False,
 'learning_rate': 0.002,
 'mode': {'max_epochs': 0, 'min_error': 0.0, 'name': 'classic'},
 'task_id': 9,
 'type': 'g_sampling',
 'var_reg': 0.0}
==============================


[[1.13290807e-04 1.28777026e-06 1.10256724e-05 ... 4.93431689e-05
  9.33314277e-06 1.01446540e-06]
 [1.33383855e-06 2.88778068e-08 3.57009213e-07 ... 3.18767743e-05
  4.57955466e-04 1.39932183e-07]
 [1.14612334e-10 1.30635891e-09 1.99496220e-09 ... 1.11973151e-08
  2.90333146e-10 8.78596640e-11]
 ...
 [1.08882837e-07 1.26744609e-07 5.05530195e-08 ... 3.36862031e-05
  7.83448559e-06 1.61355979e-06]
 [4.39381376e-09 1.02733779e-07 7.03761982e-09 ... 2.59287958e-06
  1.71595912e-05 9.38972562e-07]
 [8.04900395e-08 1.98310573e-07 3.42671370e-07 ... 6.91757532e-06
  1.03527564e-05 1.47543562e-06]]
[[2.8522170e-05 9.2759058e-07 1.1501163e-09 ... 3.2562206e-05
  2.2249410e-06 1.0247420e-10]
 [3.4944600e-07 8.7148067e-09 1.0733373e-07 ... 9.1031779e-06
  5.5219086e-08 3.2000212e-08]
 [1.9594467e-14 1.3185504e-13 2.3508837e-13 ... 3.5263496e-12
  9.7115571e-10 3.3651643e-14]
 ...
 [1.0248099e-06 8.6722700e-08 3.2103848e-08 ... 1.0402801e-05
  2.2173974e-06 1.3336995e-06]
 [9.1617558e-09 1.3255665e-07 1.2929024e-08 ... 2.6373434e-10
  1.7107663e-09 2.3944520e-07]
 [2.2606523e-08 5.3489341e-08 8.0699294e-08 ... 9.0565329e-04
  2.6788905e-06 3.2628100e-07]]
[[1.2962786e-03 2.1974323e-04 9.8270585e-04 5.3612224e-04 8.6184090e-04
  8.6073589e-05 5.7852685e-05 1.4263341e-03 3.7104115e-04 6.8233773e-04
  1.1238765e-03 1.1163598e-05 1.2262807e-03 3.2242836e-04 2.0140078e-04
  8.6573027e-03 6.3363550e-04 2.4405697e-03 3.0745097e-04 3.2483731e-04
  2.3662825e-03 1.2654408e-04 2.8303352e-03 2.5548536e-04 5.3774024e-04
  1.6199652e-03 1.0599419e-03 3.5409915e-04 1.4312986e-04 2.6091628e-03
  1.0101288e-02 2.1504417e-02 8.8691711e-04 2.0394620e-05 3.7868889e-03
  2.3675467e-04 1.5976303e-03 1.7610868e-04 1.1341977e-02 4.6489158e-04
  2.2969872e-03 3.2934330e-03 5.6172255e-05 4.4861491e-04 1.9652459e-04
  5.8150175e-04 4.2116828e-03 1.7218912e-04 2.0097051e-02 2.5230870e-03
  1.2439836e-03 5.7448298e-03 5.7750456e-03 2.0910004e-04 2.7436547e-03
  1.4096167e-04 5.4439483e-04 1.2225142e-02 4.7576264e-02 5.9629156e-04]]
[[6.4791203e-07 1.3159021e-07 6.2139270e-07 3.3694128e-08 1.2878827e-07
  1.8357407e-07 1.4968451e-08 8.2465073e-07 2.7549510e-07 2.7598051e-07
  4.2204485e-07 2.4646745e-08 1.1237991e-07 3.2883857e-08 2.4217130e-07
  6.9392286e-07 3.9620534e-08 3.1642904e-07 2.3358461e-07 5.6861619e-08
  2.8548282e-08 9.3815075e-08 9.6911863e-06 1.7626708e-06 2.5824026e-08
  2.1826851e-07 5.8318778e-07 2.1769115e-07 2.9269836e-07 3.8504982e-07
  8.3408332e-07 1.4414666e-05 1.2234489e-07 1.0555201e-08 2.8033065e-07
  2.8453110e-07 2.2731467e-07 1.8563519e-07 2.4183506e-05 1.4017847e-07
  2.0746795e-06 7.9434267e-07 4.3690147e-08 1.9420040e-07 3.8433992e-08
  4.3003692e-07 2.5152337e-06 9.8883945e-08 1.5504523e-07 1.2054016e-06
  1.2599384e-07 7.3818696e-06 2.0712378e-06 5.4472697e-08 5.8463888e-07
  2.9028524e-07 4.2904196e-07 1.6839280e-06 2.8418422e-06 2.7236669e-07]]
[[1.73979897e-05 1.03786556e-06 1.97694142e-04 ... 2.76336068e-04
  9.45952197e-05 5.15872438e-04]
 [4.30392902e-05 2.67804371e-05 1.38268058e-06 ... 3.41003727e-07
  7.39535922e-03 1.47702885e-05]
 [7.69683695e-08 2.10216857e-08 1.37725720e-09 ... 2.21813345e-09
  9.37038294e-07 8.47175574e-09]
 ...
 [1.13339393e-05 1.95840335e-06 1.10481142e-05 ... 8.65031143e-06
  5.67478928e-05 1.51246661e-06]
 [9.35192929e-07 3.04808850e-06 2.55611735e-06 ... 5.71702174e-07
  1.56463799e-03 1.34205564e-07]
 [3.29128557e-06 1.21721556e-07 1.18441922e-05 ... 4.82105224e-06
  4.97581241e-05 1.26415016e-05]]
[[1.3190490e-05 3.2681214e-07 4.2407402e-05 ... 1.0217799e-04
  3.8061924e-05 1.3920825e-04]
 [1.1057304e-05 8.0962836e-09 4.9104852e-07 ... 2.0214361e-06
  8.7877572e-07 1.4863117e-09]
 [4.1149181e-11 2.3468423e-12 4.4145243e-10 ... 7.4572855e-09
  6.3586832e-08 2.3104982e-09]
 ...
 [2.8469640e-06 7.2119656e-07 3.2012010e-06 ... 2.1485781e-04
  2.3905848e-05 3.6471647e-08]
 [4.1399926e-07 7.6643460e-07 2.7673673e-08 ... 7.3485662e-09
  3.0120573e-06 6.0323750e-08]
 [3.2898576e-10 3.7147704e-08 3.2748083e-06 ... 4.8139848e-10
  1.2311508e-05 1.2895922e-09]]
[[0.01058993 0.00269504 0.00634491 0.00401195 0.00492283 0.00273266
  0.00415692 0.00836172 0.00178419 0.00358532 0.00262409 0.00456922
  0.00715683 0.00459352 0.00275965 0.04173258 0.01569167 0.01007186
  0.00184929 0.00273711 0.00077829 0.00327949 0.01384182 0.00112119
  0.03500431 0.02351013 0.00195606 0.00271969 0.00096957 0.01767514
  0.17520027 0.05197329 0.0126765  0.00092724 0.00527518 0.00207306
  0.02839338 0.00079827 0.01192808 0.00958009 0.01065683 0.00418494
  0.00338229 0.00311069 0.0068132  0.0024669  0.00449947 0.00057711
  0.13896233 0.0115912  0.00925465 0.03598645 0.02532156 0.00527713
  0.0060835  0.0005526  0.00118676 0.02347711 0.3733855  0.00738993]]
[[4.10191575e-07 4.62061877e-07 1.73785827e-06 4.26726046e-07
  3.90686773e-06 1.63648099e-06 2.67444591e-07 1.75621528e-06
  5.07163747e-07 4.24537205e-07 8.97520692e-07 6.95549545e-07
  1.90470723e-06 7.83991879e-07 1.70169460e-06 3.53702717e-06
  2.36766004e-06 4.75306905e-07 8.60412342e-07 3.94676931e-07
  3.07248058e-07 5.70200655e-07 5.54493818e-06 6.92720505e-07
  2.58296805e-05 1.80992629e-06 1.05486515e-06 2.18726814e-06
  5.82223379e-07 6.13845987e-06 8.03557305e-06 2.63265201e-06
  4.32433217e-06 1.99512940e-07 6.79468599e-07 3.93896300e-07
  3.29239560e-06 3.33812238e-07 1.98864268e-06 1.60902076e-07
  2.79504638e-06 2.99730141e-06 4.02631485e-06 8.68838185e-07
  1.97229554e-07 5.60750721e-07 1.38770911e-05 4.42076981e-07
  2.79181084e-04 4.51442429e-06 6.45096577e-07 3.75192417e-06
  5.41609097e-06 4.95460711e-07 9.83545306e-07 6.86608189e-07
  6.05322100e-07 1.09073335e-05 3.59935007e-06 1.85287081e-06]]
[[2.5986051e-04 2.4262593e-04 2.9626995e-05 ... 8.8124309e-04
  1.3305190e-04 6.4637679e-05]
 [1.0809242e-04 1.1361201e-03 1.4561751e-04 ... 3.3225151e-04
  2.5332245e-04 6.2368650e-05]
 [1.0070706e-06 3.1351891e-07 2.3153570e-08 ... 5.6695875e-09
  5.7511083e-06 1.3062814e-07]
 ...
 [1.4427208e-04 7.9540092e-05 1.1816869e-06 ... 2.2787162e-06
  2.6659694e-04 4.2739775e-06]
 [9.4893716e-05 2.2457051e-07 6.8293366e-07 ... 3.0967294e-06
  5.5987530e-05 1.3518749e-08]
 [3.0299720e-05 3.4258428e-06 6.1352705e-07 ... 1.6464797e-06
  1.4586477e-05 8.8775314e-06]]
[[6.9885238e-05 1.3200793e-03 1.3794135e-03 ... 2.9880120e-04
  4.5544963e-05 5.7464467e-06]
 [7.9805586e-06 3.0157084e-04 3.6126690e-05 ... 1.1895119e-04
  5.5624888e-04 1.5924375e-05]
 [2.5393084e-07 1.0115521e-07 4.9191148e-11 ... 1.7985443e-09
  9.5684671e-10 1.3189794e-09]
 ...
 [3.6571808e-05 5.5549830e-05 5.4504761e-07 ... 1.3667663e-05
  6.8677909e-05 3.0810863e-06]
 [2.7206497e-07 1.5026478e-07 4.0610800e-07 ... 1.5143090e-06
  1.6767966e-05 6.6444295e-09]
 [8.4798321e-06 5.3810918e-06 8.8147772e-06 ... 5.8311383e-07
  3.6893841e-06 2.1502328e-06]]
[[0.23973294 0.04913962 0.01325859 0.02962709 0.28828487 0.109058
  0.02684149 0.28227925 0.00749198 1.1497761  0.10713511 0.20673677
  0.00140826 0.09784898 0.11803297 0.28471676 0.16458893 0.06052001
  0.01470664 0.02887905 1.1141615  0.04152599 0.13072631 0.03115053
  0.06873041 0.95036596 1.0850381  0.04156858 0.07789496 0.02450377
  0.02455694 0.05321442 0.15002862 0.66126376 0.02387414 0.00504665
  0.05174908 0.00599028 0.21257438 0.11051563 0.07832342 0.14582425
  0.00675121 0.00471191 0.83412075 0.07141975 0.04317813 0.06367467
  0.02644375 0.19325003 0.14624482 0.7180055  0.35915262 0.7633404
  0.02128005 0.01938284 0.06259204 0.23038542 0.38285008 0.00782847]]
[[7.93217077e-06 7.97208941e-06 8.41974781e-07 7.54603718e-07
  1.77626353e-05 3.56848841e-06 5.11638518e-07 3.18218154e-05
  2.00385648e-06 1.15571549e-06 2.74459603e-06 4.32332172e-06
  2.23381591e-07 3.42729800e-06 1.51592042e-06 1.02530343e-04
  5.72852514e-06 2.61753412e-05 1.90780406e-06 2.25692062e-07
  6.28721125e-07 9.01717556e-07 1.53878282e-05 3.35432742e-06
  1.14627910e-05 1.52014591e-05 5.31959580e-04 2.23799689e-05
  2.77460640e-05 2.11634324e-05 6.62482194e-08 2.80903555e-06
  2.23578036e-06 1.65445381e-04 6.41491397e-07 3.92445327e-06
  1.29764649e-05 1.77539994e-06 5.27591837e-05 3.94579729e-06
  1.85136796e-05 2.72861071e-05 7.25817245e-07 8.06040646e-07
  2.15255932e-05 4.01497027e-06 1.41958953e-05 1.84374051e-06
  8.60454463e-07 2.23900333e-05 1.37165525e-05 4.03692102e-05
  1.25563656e-05 1.51692320e-05 2.94358045e-07 3.31453271e-06
  1.18938251e-05 1.86519503e-06 1.05149547e-05 2.85057268e-07]]
[[2.28187473e-05 7.38830568e-05 1.08737577e-05 ... 3.79725020e-06
  9.14113189e-05 6.95612252e-05]
 [4.99008729e-06 8.21499561e-05 4.98846134e-07 ... 1.28850775e-06
  1.75898022e-04 1.11353199e-06]
 [4.07586542e-09 1.29100695e-08 1.73056378e-11 ... 1.35929168e-09
  4.10522354e-08 3.50229854e-08]
 ...
 [5.90136892e-07 1.93815890e-06 1.95840585e-06 ... 2.56761894e-07
  7.21570245e-07 3.66263350e-07]
 [6.99874931e-07 1.71618680e-07 2.49457480e-06 ... 4.03783048e-07
  6.44595445e-07 1.03838168e-07]
 [7.33641400e-07 3.79070957e-06 2.93492940e-06 ... 5.88191185e-09
  1.19509949e-08 1.68307054e-06]]
[[6.2993067e-06 3.2700809e-05 3.7954633e-05 ... 6.6886429e-07
  3.0298261e-05 1.7338107e-05]
 [2.0788716e-06 2.1742979e-05 1.5944474e-07 ... 3.4078522e-07
  1.7891887e-08 4.4648445e-07]
 [1.4703719e-09 1.5381259e-12 1.2194992e-11 ... 2.3374917e-12
  6.6994887e-10 3.5090951e-12]
 ...
 [2.3025493e-07 7.1518849e-07 5.3168333e-07 ... 6.9441334e-08
  1.7537717e-09 8.2633335e-08]
 [2.0878583e-07 7.4065628e-07 4.6129038e-08 ... 5.0376187e-08
  1.4988294e-07 3.5384687e-08]
 [1.0303700e-10 1.0990422e-06 9.8495337e-05 ... 2.7618356e-09
  9.0676737e-09 4.1231340e-07]]
[[1.2302696e-02 4.7783768e-03 2.0885766e-03 3.3426837e-03 1.5244937e-03
  4.5538936e-03 1.4596141e-04 6.0474565e-03 4.9742573e-04 1.6994794e-03
  1.3561948e-03 4.1857380e-03 3.7976413e-03 4.2700879e-03 2.5411467e-03
  2.0205392e-02 9.0907086e-03 1.9794906e-02 2.4125456e-04 6.1993522e-04
  4.6428544e-03 9.2467396e-03 1.1477563e-02 1.3074556e-03 1.0618406e-02
  4.9742847e-03 1.5991261e-03 1.6379154e-03 1.0660574e-03 7.2975219e-03
  8.0821477e-03 2.2886643e-02 4.2531467e-03 4.0243114e-03 1.1402248e-02
  4.3202662e-03 2.7080607e-03 9.1650168e-04 1.4684391e-02 1.4031272e-02
  7.8754267e-03 1.5132812e-02 2.9246502e-03 2.6650797e-03 1.1932514e-02
  1.7696490e-03 7.3780827e-03 9.6532761e-04 1.4624737e-01 2.9967041e-03
  2.6725444e-03 3.8730688e-02 5.1027229e-03 5.5061164e-03 8.5237054e-03
  1.1621707e-03 2.9854975e-03 8.4836269e-04 8.5758315e-03 9.0513751e-03]]
[[2.5165471e-06 9.6680003e-07 9.5422399e-07 6.1215405e-07 1.7466365e-06
  1.2870511e-06 5.0074451e-08 8.8025234e-07 2.0466769e-07 4.6601082e-07
  4.7779116e-07 3.2122668e-06 5.5926057e-07 8.8884315e-07 9.1811813e-07
  3.1739171e-05 1.5983514e-06 4.0572095e-07 1.6083511e-07 1.5997722e-07
  3.1817149e-06 1.6959255e-07 3.3034269e-06 4.6415371e-07 1.1494810e-05
  8.0927592e-08 4.6823340e-07 8.5589733e-07 4.9546799e-07 2.4995943e-06
  2.7768104e-07 4.5152906e-06 1.0875323e-07 2.0869709e-06 1.8226019e-05
  1.5399968e-06 3.1294633e-07 5.9560153e-07 5.1279180e-06 5.5858482e-07
  6.6933076e-06 1.2377044e-06 7.4815495e-07 1.6622189e-07 3.6715767e-07
  3.9034907e-07 2.2032964e-06 4.5441902e-07 1.0915753e-06 1.5763289e-06
  2.1094859e-06 1.1183174e-05 7.3133613e-08 2.6397902e-07 6.2679226e-07
  1.3308743e-07 3.4684970e-06 2.2553797e-07 2.1841729e-06 5.3139220e-06]]
[[9.9055000e-11 2.4888987e-08 1.2094714e-08 ... 1.3372220e-10
  1.3464378e-08 1.1563407e-09]
 [3.9755658e-08 1.6340627e-09 9.4413430e-08 ... 2.7976208e-09
  6.3740728e-08 3.8042032e-09]
 [1.7089695e-08 8.9460762e-08 1.5783263e-08 ... 5.5714955e-10
  4.0898991e-09 1.9576518e-08]
 ...
 [1.1579874e-08 6.5087001e-08 1.1024753e-08 ... 2.3470181e-09
  4.9219295e-09 1.7536695e-07]
 [1.5716966e-08 1.7795628e-07 3.8084571e-09 ... 1.3331330e-09
  7.7021284e-08 2.1401358e-09]
 [1.9964823e-09 2.5617851e-08 1.8281259e-09 ... 4.9520371e-10
  4.9476498e-09 8.9626020e-08]]
[[4.5529257e-11 1.1898189e-08 3.2471859e-09 ... 4.2725585e-08
  3.4156942e-09 2.9959754e-10]
 [8.9444789e-09 4.1675224e-10 2.5465534e-08 ... 6.9981060e-10
  2.0366244e-08 1.1606712e-09]
 [4.7384301e-09 2.2413991e-08 4.8266231e-09 ... 1.8437658e-10
  4.1044525e-13 7.7743048e-09]
 ...
 [4.2782968e-09 1.6973502e-08 2.7876186e-09 ... 5.8574495e-10
  1.2350834e-09 5.4641323e-08]
 [3.6682202e-09 5.5419370e-08 1.4263580e-09 ... 1.6050969e-09
  2.1009875e-08 3.6043662e-08]
 [6.8941525e-10 8.8218508e-09 4.3224924e-10 ... 1.4051860e-10
  2.2802775e-09 3.3155626e-08]]
[[3.07316550e-05 7.86738019e-05 7.73118445e-05 7.78431786e-05
  3.66467975e-05 1.07720633e-04 1.71362713e-04 1.58509996e-04
  3.28355491e-05 1.14547902e-05 1.02515223e-05 3.66863678e-05
  2.39711007e-05 2.88153587e-05 7.13917034e-05 5.07612531e-05
  1.70251311e-04 2.73952373e-05 1.58803537e-04 1.54012698e-04
  1.13933987e-04 7.94685402e-05 5.94280164e-06 2.78162988e-05
  5.89465417e-05 6.89540957e-06 3.13300643e-06 3.08033691e-06
  9.47048829e-05 1.04733030e-04 4.12186164e-05 9.95106711e-06
  2.72098878e-05 1.90061346e-05 5.68948635e-05 9.44322892e-05
  1.82279637e-05 1.03489045e-04 2.36946653e-05 4.78064212e-05
  2.76804756e-04 4.38940951e-05 2.85414917e-05 2.24261044e-06
  7.41703188e-05 1.59238785e-04 1.40581960e-05 3.50077134e-05
  6.34147636e-06 2.67000632e-05 4.36030059e-05 1.12510214e-04
  1.37156721e-05 6.99031352e-06 4.13831440e-05 5.37371234e-05
  3.69446354e-07 1.04838809e-05 2.29832352e-04 8.71406974e-06]]
[[4.79936269e-09 3.32622427e-08 3.16586330e-08 1.05542242e-08
  1.87300202e-08 2.48891325e-08 3.70696078e-08 1.34471776e-07
  1.44419605e-08 6.19211882e-09 2.85323143e-09 1.11441141e-08
  1.33244953e-08 6.59480648e-09 2.50810661e-08 2.14299654e-08
  2.34024256e-07 5.26549337e-09 2.65647451e-08 1.14982257e-07
  9.12913745e-09 1.69579550e-07 3.04894776e-09 5.84172843e-09
  2.18906440e-08 4.83293672e-09 1.26798039e-09 5.27535526e-09
  2.78494223e-08 1.25706194e-07 2.14534435e-08 9.31980182e-09
  1.94898000e-08 1.53119668e-08 4.45032633e-09 1.08731541e-07
  2.42574938e-08 1.62455294e-08 1.32348861e-08 3.61637085e-08
  1.92279003e-07 1.30419355e-08 1.76481123e-08 4.15336920e-09
  4.21518855e-08 4.40052261e-08 1.11404468e-08 1.03524105e-08
  4.90285768e-09 7.18316606e-09 1.46150594e-08 1.33805358e-07
  3.99969835e-09 4.47961623e-09 6.43637277e-09 5.30273354e-08
  2.12817389e-10 2.02437067e-09 1.34057572e-07 1.94419307e-08]]
[[4.8800175e-08 6.9613981e-09 5.4381463e-08 ... 1.4734912e-08
  6.1424196e-08 1.3571962e-09]
 [6.8596499e-08 1.9269247e-07 4.2145976e-07 ... 9.5552366e-08
  4.9684079e-08 6.3347159e-08]
 [3.8252949e-08 4.9656904e-08 1.1888235e-07 ... 1.2063788e-07
  9.8179441e-08 1.3213584e-07]
 ...
 [1.1248999e-08 4.3891135e-09 9.6513610e-08 ... 6.0103140e-08
  1.3300007e-07 3.1691133e-08]
 [3.6075306e-08 2.6468341e-09 8.4723801e-09 ... 2.3437408e-06
  1.2408085e-08 3.7029892e-08]
 [2.8750193e-08 1.5734397e-08 5.0902406e-07 ... 1.4361603e-07
  1.4238661e-07 1.7551228e-08]]
[[1.78038526e-08 2.33655939e-09 5.43797863e-12 ... 7.33038164e-09
  5.70857317e-08 7.28383520e-10]
 [1.60928111e-11 4.66927830e-08 4.90700600e-08 ... 2.03427234e-07
  8.28086613e-08 1.85125781e-08]
 [3.83675990e-12 1.39818015e-08 4.28458691e-08 ... 1.27323958e-07
  2.83467028e-08 3.31200809e-08]
 ...
 [2.70930522e-09 1.93790251e-09 3.46140503e-08 ... 1.36349954e-08
  6.40757776e-08 1.07014158e-08]
 [1.70588006e-08 7.89121213e-10 1.39470103e-07 ... 5.59726288e-07
  3.35250294e-09 9.68807345e-09]
 [7.69557396e-09 4.73315831e-09 1.12271941e-07 ... 6.31605843e-08
  2.23060567e-07 1.13643130e-08]]
[[1.55919741e-04 1.56575537e-04 6.36138779e-04 1.73666267e-04
  1.45952639e-04 7.64889293e-04 1.03154173e-03 3.41950363e-04
  2.37886867e-04 5.11301565e-04 1.64437297e-05 3.56023702e-05
  3.52928793e-04 1.81178169e-04 4.04504390e-04 3.19003739e-04
  3.17100843e-04 8.69385185e-05 1.87783517e-04 7.41599011e-04
  8.39663378e-04 3.53844924e-04 1.60808791e-04 1.56314461e-04
  5.36950771e-04 2.25040712e-04 1.44467967e-05 2.15136242e-05
  5.00307593e-04 3.15456622e-04 1.18626638e-04 7.05828206e-05
  2.46270560e-04 3.45564222e-05 1.00300391e-03 3.16863036e-04
  6.87857537e-05 2.87525239e-04 1.18658085e-04 1.92336287e-04
  2.87479634e-04 2.81212473e-04 1.48323132e-04 2.82919264e-05
  3.17872124e-04 5.43481801e-05 2.89400137e-04 1.17666961e-04
  1.68058410e-04 4.09722968e-04 2.15831315e-04 1.74776113e-04
  3.40034865e-04 7.59855320e-05 2.87172938e-04 1.47505547e-04
  7.24616519e-04 5.27460186e-04 3.98461852e-04 4.72765641e-05]]
[[4.2229896e-08 3.2470883e-08 4.9647170e-08 1.2038994e-07 6.9123480e-08
  7.6940282e-08 4.0149519e-08 6.9504885e-08 1.5529109e-08 1.6525978e-07
  1.4913534e-09 1.2796767e-08 8.6248882e-08 6.6574968e-09 7.5317196e-08
  4.5854335e-08 1.1590296e-07 2.4052005e-08 1.9045071e-08 2.2902059e-07
  1.9857900e-07 1.2198427e-07 1.4544051e-07 1.3031843e-07 2.6060042e-07
  1.2127100e-08 4.8252304e-09 6.7353820e-09 5.5829947e-08 3.1004507e-08
  1.2206686e-08 2.0246549e-08 6.6182459e-08 5.1215057e-08 1.9920469e-07
  3.7592667e-07 9.8775701e-08 5.0957311e-08 3.8429654e-08 7.7593405e-08
  1.2140580e-07 3.9816747e-08 2.7655771e-08 1.1287859e-08 1.9770749e-08
  6.0510916e-09 2.2008049e-08 4.0997165e-08 7.7909883e-09 1.5914663e-08
  5.6329186e-09 6.2674438e-08 1.9641295e-08 1.1805391e-08 2.5408760e-08
  6.7741965e-08 4.6939846e-08 5.5244975e-08 5.9120794e-08 3.2110734e-08]]
[[2.5916476e-08 2.6535999e-05 5.8938152e-08 ... 4.3540378e-08
  2.3042450e-07 2.5201215e-08]
 [1.3201526e-08 4.4490341e-07 3.2393238e-08 ... 5.6946025e-08
  5.0668238e-08 1.6857072e-08]
 [9.7060067e-09 4.6323328e-07 1.5175218e-08 ... 6.3291907e-08
  6.7880045e-08 8.2835470e-08]
 ...
 [9.0544677e-07 5.6226082e-07 2.6391174e-09 ... 1.0207047e-07
  6.9170618e-08 2.8016885e-07]
 [1.8359435e-07 6.7472420e-06 1.7701916e-08 ... 5.3475662e-07
  7.1647669e-08 6.1296140e-07]
 [8.6871765e-08 1.3295459e-08 6.1318368e-09 ... 8.2767838e-07
  2.5391097e-07 6.3893999e-08]]
[[9.18133569e-09 7.90495324e-06 1.84532283e-08 ... 2.20811174e-08
  6.59679245e-08 6.66968969e-09]
 [4.54956561e-09 5.98439687e-10 1.05351905e-08 ... 4.58302019e-08
  4.47814896e-09 1.23069611e-07]
 [3.08605785e-09 2.49185319e-07 7.11024484e-09 ... 1.95678407e-08
  2.38746072e-08 7.87027954e-09]
 ...
 [2.27256876e-07 1.71294857e-07 1.28790006e-10 ... 3.51635734e-08
  2.28077415e-08 1.71658215e-07]
 [7.87253214e-08 4.33355217e-06 4.74224437e-09 ... 1.57409858e-07
  1.32807884e-07 1.67202231e-07]
 [2.40909745e-08 6.36115693e-09 7.72502229e-10 ... 6.41926761e-07
  1.27341337e-07 1.73398469e-08]]
[[7.9179258e-04 3.3075570e-03 1.5535096e-04 2.1258176e-03 6.4944493e-04
  1.2175940e-03 4.0304321e-03 3.4944254e-03 2.6052252e-03 8.6313011e-03
  6.9099542e-04 7.6456199e-04 3.0413156e-03 5.3353072e-04 5.8195456e-03
  1.6705632e-03 5.5895112e-03 1.4741864e-03 8.0868060e-04 6.0792691e-03
  3.1448232e-03 3.9970381e-03 5.5621343e-04 9.4197522e-04 3.9288183e-03
  1.7012587e-04 1.7806728e-05 5.0683248e-05 3.8366667e-03 3.1969813e-03
  3.0340927e-04 3.8729180e-04 2.4353617e-03 3.1465129e-04 5.4555368e-03
  2.3551441e-03 4.4288029e-04 9.0559581e-03 2.5354829e-03 8.1136764e-04
  1.3418053e-02 2.1277997e-03 3.8946210e-04 1.1566573e-05 2.6881322e-03
  5.7000184e-04 7.5164610e-03 1.2492497e-03 1.0843269e-03 7.0804693e-03
  2.2134399e-04 3.3776606e-03 1.1102225e-03 9.5194037e-04 5.4769823e-03
  1.4702781e-03 4.5247809e-03 1.8154007e-03 1.1804359e-03 3.3001293e-04]]
[[1.67017177e-07 4.03292916e-07 2.49903098e-09 5.00520400e-07
  3.17520197e-08 7.78636533e-08 9.20375783e-07 4.72012509e-08
  2.48782243e-07 5.31551848e-07 9.97972620e-08 1.16705749e-07
  5.63267584e-08 1.80416322e-07 4.15364781e-07 1.00101303e-07
  1.00475006e-06 9.54432480e-08 3.51131888e-08 1.50688052e-07
  1.12637231e-07 1.19021945e-06 4.91956996e-07 1.09539556e-07
  7.95302171e-08 1.22699328e-09 1.48874901e-09 4.93567276e-09
  1.42765835e-08 2.91207766e-06 9.26833721e-09 1.89664089e-08
  2.63519837e-07 2.78876541e-07 4.55575275e-07 2.93446050e-07
  9.43589811e-08 2.50871324e-07 4.47524933e-08 2.11040323e-08
  5.54029566e-06 9.62810134e-08 3.79192677e-08 9.95021310e-09
  4.79936375e-07 2.58705732e-08 4.34676281e-07 1.77430977e-07
  2.50535130e-08 4.52277646e-07 5.64121514e-08 3.08711469e-06
  4.77300013e-08 7.77651010e-08 2.97580215e-07 6.95927554e-07
  3.56496237e-08 5.56990472e-08 1.63570064e-07 3.31313821e-08]]
[[2.4642741e-09 8.1276674e-08 6.0713994e-09 ... 2.6454472e-09
  2.0125681e-08 2.5828004e-07]
 [2.7745594e-07 5.6279674e-08 4.0805055e-08 ... 2.6047141e-08
  2.2291832e-08 1.2182795e-07]
 [3.7966063e-07 3.8862900e-09 5.4196079e-08 ... 2.6049923e-07
  1.7717499e-08 4.5338156e-06]
 ...
 [5.9056788e-08 2.7997737e-07 2.5242265e-08 ... 3.5726973e-08
  1.3940881e-07 2.5293716e-06]
 [8.1827073e-07 3.8133592e-07 6.7471433e-07 ... 7.5001374e-09
  2.4408578e-07 1.4517732e-06]
 [1.7738257e-08 1.8069975e-06 2.8576835e-08 ... 2.6116512e-08
  5.0561022e-07 8.6719983e-06]]
[[1.2122514e-09 4.8574172e-08 7.9297297e-10 ... 1.5898149e-10
  6.4997970e-08 7.1081828e-08]
 [7.7031082e-08 7.4430195e-09 1.1634733e-08 ... 6.7571695e-09
  1.1114397e-08 1.7585576e-07]
 [9.4789769e-08 5.5839524e-13 1.4697404e-08 ... 6.5419968e-08
  2.2615646e-12 9.5431369e-07]
 ...
 [2.0704865e-08 7.8002188e-08 7.8305895e-09 ... 1.1475633e-08
  7.7719825e-08 5.8897071e-10]
 [2.2223493e-07 1.5688038e-07 1.6336742e-07 ... 3.3460549e-07
  2.0583634e-07 3.3032069e-07]
 [5.8025189e-09 1.3537684e-06 9.6556372e-09 ... 1.2868613e-08
  1.2842372e-07 1.7401322e-06]]
[[1.2102962e-04 2.3024053e-04 4.3251777e-05 2.8460121e-04 4.3305947e-05
  3.0007755e-04 1.9394094e-04 1.4425709e-05 1.2438164e-04 2.5047845e-04
  1.9234863e-04 1.2021360e-04 2.0642556e-05 4.1973233e-04 5.4143111e-05
  5.3004536e-04 2.7417994e-04 9.1726375e-05 2.8633754e-04 8.4168700e-05
  3.1858905e-05 2.3374695e-04 1.4071167e-04 3.3434582e-04 1.2073084e-04
  6.5176899e-04 6.4527812e-05 5.7733974e-05 2.2831966e-05 2.8920092e-04
  5.2919193e-05 3.4829278e-05 1.8014475e-04 6.9225003e-05 1.7936369e-04
  7.0702466e-05 7.0800015e-05 9.3553106e-05 7.0795693e-05 1.9797188e-04
  4.4457815e-04 2.0395739e-04 7.4336713e-05 1.6533188e-05 3.2842570e-04
  1.3921279e-04 1.2638648e-05 6.2183215e-05 1.9252776e-04 1.0834867e-04
  2.5856393e-04 3.7199451e-04 6.8702479e-06 1.4846054e-05 2.1511839e-04
  7.9052727e-05 1.4141530e-03 2.6393740e-05 1.2743354e-04 4.0459936e-04]]
[[2.78663350e-08 7.53109788e-08 6.54185328e-09 1.11620203e-07
  1.21383907e-08 3.68893787e-08 2.61312572e-08 4.60780836e-09
  5.27041770e-08 7.07046226e-08 3.49628060e-08 2.40370017e-08
  2.26422192e-09 3.08187538e-07 3.20272653e-09 8.28241014e-08
  9.85423654e-08 1.59543028e-08 7.72022730e-08 1.90681391e-08
  3.77530185e-09 4.53921878e-08 5.13971372e-08 5.92384666e-08
  2.11466276e-08 3.93942052e-08 4.82317333e-08 1.31223530e-08
  2.33919972e-09 6.96202420e-08 5.78106540e-09 1.76234511e-08
  1.68337149e-08 2.74269798e-08 4.93175882e-08 3.12901278e-08
  7.79265363e-08 3.56333238e-08 1.79884569e-08 1.58795714e-08
  9.51429371e-08 4.91602563e-08 1.69073218e-08 7.84055931e-09
  8.96155612e-08 1.85588416e-08 3.29327365e-09 1.11007195e-08
  1.36764262e-08 4.10774064e-08 4.88176362e-08 5.30181580e-07
  1.07387199e-09 6.06546680e-09 3.28993686e-08 2.33580266e-08
  1.17643964e-07 7.92536525e-09 1.47983812e-08 1.90506705e-06]]
[[1.03048820e-04 1.60269556e-05 4.36982882e-05 1.80976267e-03
  3.24755791e-04 2.57691499e-05 2.58096970e-05 1.20330151e-04
  4.27005289e-05 1.72255824e-07]
 [1.64877783e-05 7.43283716e-04 2.98709085e-04 1.63478326e-04
  1.32694458e-05 1.13514886e-06 2.47999378e-05 1.23964113e-04
  1.48499326e-04 2.18595233e-07]
 [4.39139811e-04 5.40299399e-04 6.44892207e-05 3.95236799e-04
  1.63918914e-04 5.43018359e-05 1.56738133e-05 1.22355545e-04
  1.03346523e-04 1.32760633e-07]
 [3.05529131e-04 8.34605999e-06 1.00341958e-06 1.08471536e-03
  2.73583224e-04 3.16517835e-05 4.95262830e-05 1.62605618e-04
  1.70710904e-04 9.07492037e-08]
 [6.79946024e-05 3.40317783e-05 8.29496057e-05 1.00841273e-04
  4.86394274e-05 3.14005338e-05 1.43809541e-06 2.73408550e-05
  1.01510841e-05 8.03211037e-07]
 [4.33073983e-05 3.34903831e-04 1.04039980e-04 1.40069111e-04
  1.74565634e-04 1.31310867e-06 1.43421503e-05 9.47252101e-06
  5.15511747e-05 3.93947630e-06]
 [1.26675630e-04 9.97876559e-05 4.10390378e-04 1.38041843e-03
  1.88560953e-05 1.28012816e-05 3.85070780e-05 4.73715772e-05
  7.04930571e-05 1.09917153e-06]
 [6.05417990e-05 2.81155444e-05 2.63926522e-05 2.42213835e-04
  1.67379985e-04 1.35473183e-05 2.65079616e-05 6.71329268e-04
  6.21694271e-05 3.77793953e-07]
 [2.93584104e-04 1.00588612e-03 1.61223852e-05 1.91619401e-05
  8.53990714e-05 2.47938788e-05 5.60083427e-05 2.39573274e-04
  2.75914153e-05 1.60784202e-06]
 [7.74281652e-05 1.60888594e-03 5.76482504e-04 4.27274172e-05
  7.09044980e-05 4.82095686e-07 5.38209088e-06 1.27549807e-03
  7.68169557e-05 1.15754267e-06]
 [5.94289450e-05 3.16946862e-05 1.51854465e-06 5.40899055e-05
  3.09336574e-05 3.55750963e-05 2.29397901e-05 3.38780344e-04
  1.17443808e-04 3.62664565e-07]
 [1.61244374e-04 1.63137098e-03 1.60483708e-07 6.66217878e-04
  8.16014435e-05 2.12198247e-05 2.02314222e-05 1.98017224e-04
  2.06663099e-04 3.88881347e-07]
 [9.38332960e-05 7.15279544e-04 2.83164100e-05 2.98292085e-04
  5.53187165e-05 1.26452624e-05 4.07461121e-05 2.42348342e-05
  1.51352302e-04 3.31246866e-07]
 [1.29723185e-05 1.66885788e-04 2.96797316e-05 2.69093398e-05
  8.93955003e-05 4.46665354e-06 1.13526357e-06 1.54868740e-05
  7.76111774e-05 5.75442641e-07]
 [2.58947635e-04 1.84979159e-04 1.68465980e-04 3.24727735e-05
  2.29004203e-04 1.08550312e-05 5.56936675e-06 1.23930353e-04
  1.62319979e-04 2.47063645e-06]
 [6.74347975e-05 1.33342555e-05 1.31126668e-04 3.84170125e-04
  1.70430751e-04 3.01198579e-05 6.46958943e-05 3.81755730e-04
  2.25558484e-04 7.68319921e-07]
 [2.49503410e-05 8.13413935e-04 2.29063462e-05 1.86459190e-04
  9.90270855e-05 9.71147711e-06 2.93027897e-05 3.98776901e-05
  2.77439976e-04 1.15121668e-06]
 [9.63029670e-05 1.76480506e-03 9.84650105e-05 4.51035739e-04
  9.46879372e-05 9.17456600e-06 6.19310825e-08 1.77485690e-05
  1.05476392e-05 2.93097514e-07]
 [5.53416139e-05 9.52809569e-05 5.96426034e-05 9.29937174e-04
  4.77145586e-05 7.01141153e-06 1.08728591e-05 1.45942122e-05
  9.14851262e-05 1.02965305e-06]
 [9.93276335e-05 8.68919742e-05 9.87662934e-05 7.05154089e-05
  5.28029377e-05 1.45681333e-05 4.40411077e-06 1.69887210e-06
  1.89789222e-04 1.80528480e-06]
 [3.88315326e-04 2.97262086e-05 2.26019915e-06 2.82960864e-05
  3.62254534e-04 1.45463209e-05 4.32440174e-05 4.48786777e-05
  8.44912392e-06 1.34377331e-07]
 [8.85343889e-06 7.05873333e-07 5.31818514e-05 6.90348606e-05
  4.32377674e-05 3.26052177e-05 8.68664574e-06 3.71102127e-04
  7.19690161e-06 1.80010559e-07]
 [3.62320825e-05 1.38932560e-03 8.89396833e-05 1.65103714e-03
  4.64554178e-05 2.00142185e-05 1.49633852e-05 3.35644072e-05
  1.42694160e-04 2.39681526e-07]
 [2.35552434e-04 7.13039597e-04 1.45511785e-05 1.99748210e-05
  5.24433490e-05 1.30066201e-05 1.55249927e-05 1.62236829e-05
  7.85099910e-05 4.78640345e-07]
 [7.98590117e-05 1.23913796e-03 1.19162596e-05 9.06449801e-04
  2.76437804e-05 3.98558586e-05 1.61579028e-05 1.46660153e-04
  7.28824161e-05 5.74845842e-08]
 [7.29213789e-05 2.72061647e-04 5.10593100e-06 1.30580657e-03
  1.79194540e-05 4.60681576e-06 1.97802547e-06 6.59122043e-06
  3.46968118e-05 1.99115948e-06]
 [5.72889840e-05 1.28295668e-03 3.16730147e-05 5.86753376e-05
  1.66418220e-04 3.66821660e-05 3.96545431e-07 3.86420179e-05
  1.59855976e-04 1.74550205e-08]
 [4.13695197e-05 7.59962830e-04 1.29845848e-05 1.16917642e-03
  7.97430475e-05 1.55103789e-05 1.01695641e-05 9.43818959e-05
  1.34899719e-05 2.93530924e-08]
 [4.09490258e-06 1.02108090e-04 9.53697381e-05 8.83364919e-06
  9.77283853e-05 4.18355630e-05 1.45088188e-05 1.98394646e-05
  3.22771120e-05 6.09214703e-06]
 [8.30683530e-06 2.81730554e-05 2.20544825e-05 1.68392507e-05
  4.84092852e-05 1.95686735e-05 9.10484505e-06 2.82431265e-05
  2.64135597e-04 2.25548206e-07]
 [9.16818681e-05 1.81595806e-03 2.55744931e-06 2.54133134e-04
  2.62126705e-04 3.90728974e-06 3.07889168e-05 9.42406114e-05
  9.85679944e-05 4.87810212e-07]
 [1.40844888e-04 2.33193417e-03 5.04836044e-06 8.64350659e-05
  1.24885104e-04 1.89472121e-05 4.23474694e-06 2.73010846e-06
  1.80792136e-04 4.13151326e-07]
 [1.15337600e-04 1.16911915e-03 4.36562623e-05 3.88589659e-04
  1.11621512e-05 1.72137243e-05 7.57832322e-06 5.94455414e-05
  5.74227779e-05 2.50538324e-06]
 [2.82126595e-04 3.49753856e-04 1.71088715e-04 7.46570295e-04
  2.57856300e-05 1.71292795e-05 9.84408416e-06 1.44057313e-03
  3.36027301e-06 7.29282931e-07]
 [1.00175581e-04 3.11186234e-03 9.33376214e-05 1.46897786e-04
  1.27666071e-05 3.35592340e-05 9.49495279e-06 3.96893920e-05
  1.51070435e-05 2.53666368e-08]
 [6.96684583e-05 1.56315952e-03 1.05374504e-03 4.11732617e-05
  2.13503154e-04 1.17998195e-06 1.90807623e-06 8.59000647e-05
  1.08976492e-05 1.98590584e-08]
 [1.10228328e-04 4.92692168e-04 6.38768470e-05 1.25088074e-04
  5.42599810e-05 2.10674516e-05 3.54757358e-05 4.72579050e-05
  8.73324898e-05 1.19530785e-06]
 [1.01314879e-04 2.29742236e-05 4.13529269e-05 1.35869341e-04
  1.78169532e-04 3.06900802e-06 3.77749370e-06 1.36759281e-05
  6.27679328e-05 1.56407680e-07]
 [1.32697620e-04 2.33369414e-04 1.18416904e-06 1.92522164e-03
  1.32581508e-05 1.15652992e-05 2.60414936e-06 7.92997162e-05
  3.48084504e-05 6.50862830e-06]
 [6.50527145e-05 9.87471503e-06 2.66293464e-05 2.61578767e-04
  3.41559353e-05 5.05962453e-06 2.41310154e-05 2.44880794e-04
  8.59818829e-06 8.03947771e-08]
 [2.91362649e-05 2.07856647e-05 3.43221327e-05 1.42494509e-05
  2.45758911e-05 5.21691481e-06 1.80610061e-06 2.19369413e-05
  9.75001512e-06 7.62486593e-07]
 [6.83302642e-05 1.93832093e-04 6.26416950e-05 3.12718221e-05
  1.01425125e-04 5.31829537e-05 3.83741826e-06 1.11197432e-05
  4.11110115e-04 2.85835677e-06]
 [2.54252867e-04 1.95098668e-03 1.52351731e-06 3.11072357e-03
  4.51506639e-05 3.79746889e-05 1.15607281e-05 2.59289245e-05
  3.77329234e-05 1.01333420e-07]
 [6.11704454e-05 3.05927715e-05 3.50455593e-05 2.51586171e-04
  1.74289307e-05 1.18844137e-05 2.80148197e-05 5.01513459e-05
  8.95077683e-05 4.06515710e-07]
 [5.36770699e-07 1.67674196e-04 5.27985831e-05 3.35136952e-04
  1.84330238e-05 7.36996662e-06 1.26042587e-05 2.03773263e-04
  8.22536676e-05 1.60177319e-06]
 [1.67765698e-04 1.66639802e-04 3.30019361e-06 7.39825831e-04
  1.25017919e-04 1.20901095e-05 3.24731877e-06 1.70360436e-05
  1.70588210e-05 1.30334525e-08]
 [1.55395363e-04 2.85235787e-04 1.87789522e-06 8.47015064e-04
  1.98417583e-05 2.99262979e-06 7.68684549e-06 5.37549022e-06
  5.21107395e-05 1.70897113e-06]
 [1.08642198e-04 2.57671694e-04 2.27474193e-05 7.19074815e-05
  1.67148639e-04 8.56180577e-06 3.29700124e-05 1.68771257e-05
  3.41707600e-05 3.07857050e-07]
 [1.90124294e-04 1.44341122e-03 3.26373156e-05 3.01219523e-04
  2.05126616e-05 6.92792537e-06 1.60134891e-06 8.77443526e-04
  6.11566284e-05 2.72001671e-06]
 [9.37887817e-05 1.46297258e-04 1.67345977e-04 1.19712189e-04
  1.86929654e-04 2.92492696e-05 7.06122364e-06 1.82952397e-04
  5.52912352e-05 3.19337488e-07]
 [1.59774369e-04 1.40616205e-04 4.72272804e-05 6.67158456e-04
  3.48907088e-05 2.95687784e-07 3.69694608e-05 5.76076718e-06
  1.53910951e-04 2.24287334e-07]
 [5.64058464e-05 2.37544169e-04 5.99617715e-06 1.86891877e-04
  1.58695388e-04 2.94357942e-05 1.00049410e-05 1.95493303e-05
  5.40077999e-05 1.99301053e-06]
 [4.73833788e-04 8.81419965e-06 9.69408837e-04 1.54905756e-05
  1.63627396e-04 6.02763703e-06 2.42327897e-05 5.73609490e-04
  2.99719046e-04 1.18426556e-06]
 [1.73052642e-04 1.85507160e-04 5.28025848e-05 1.59374392e-03
  7.16718496e-05 2.22591225e-05 2.25214408e-05 3.17250408e-04
  8.66047048e-05 8.43035934e-07]
 [1.85722693e-05 1.09919498e-03 2.40592217e-05 1.22773112e-04
  4.01527905e-05 1.14074674e-05 7.80625487e-06 1.10808078e-05
  6.94205883e-05 6.17545027e-07]
 [6.98992808e-05 6.24551263e-04 2.80087661e-05 1.01644997e-04
  1.80311545e-04 4.66001939e-06 2.66858319e-06 8.88039649e-05
  4.94575943e-05 2.12824986e-07]
 [2.22122544e-04 3.48188223e-05 1.49049520e-05 1.00407786e-04
  5.28962737e-05 2.79914548e-05 5.47004784e-05 7.16378796e-04
  3.88461340e-05 8.31470075e-08]
 [8.34974780e-05 1.53785804e-05 4.50488515e-05 1.67829078e-03
  2.21325536e-05 1.63252062e-05 7.94931964e-07 3.42000043e-04
  1.23556092e-04 1.24670055e-06]
 [2.23691768e-05 8.11856997e-04 1.00963523e-04 3.29572987e-03
  4.89120939e-05 1.73195185e-05 7.23514950e-06 2.61422276e-04
  1.91653835e-05 1.19161939e-07]
 [3.93963892e-05 8.13440579e-07 3.43102402e-05 7.34958594e-05
  6.88153305e-05 2.44514649e-05 7.34188689e-06 7.61708507e-05
  6.91486930e-05 3.76532228e-08]]
[[2.40916415e-05 4.96754012e-07 1.46627108e-05 6.52535411e-04
  3.93320943e-06 5.85636508e-06 6.24826453e-06 6.31060684e-05
  5.76724997e-05 7.69669342e-08]
 [7.87167664e-06 1.75819223e-04 5.35270956e-04 9.50187678e-06
  3.76649587e-06 3.82667565e-07 3.50350504e-08 3.58528487e-05
  1.06481813e-04 2.14930185e-09]
 [8.25555253e-05 1.02707309e-04 1.53111960e-05 3.28571012e-04
  5.95935853e-05 1.07286060e-05 1.13954784e-05 7.53362201e-07
  2.77150175e-05 3.40921709e-08]
 [8.58271014e-05 9.88919965e-07 2.03732930e-06 1.52764391e-04
  8.46658877e-05 8.41335532e-06 1.11271638e-05 1.44394491e-07
  5.20435569e-05 3.03547090e-08]
 [1.58328457e-05 9.89235468e-06 2.48075066e-05 3.83848856e-05
  1.48094659e-05 1.99601459e-06 2.27860382e-05 5.65075316e-05
  3.96507630e-06 5.06466506e-07]
 [9.33217507e-06 7.51972548e-05 5.36659684e-07 5.40323845e-06
  4.58657232e-05 1.05401648e-06 1.43614598e-09 4.36621804e-06
  1.36909885e-05 9.63964339e-07]
 [2.47519694e-08 2.44231705e-06 1.09853136e-04 3.18878301e-04
  5.24438626e-08 2.39731116e-06 7.84667827e-06 2.59596673e-05
  2.45577903e-05 3.45330839e-08]
 [7.35619460e-06 2.60168361e-03 2.18469768e-06 1.83506359e-04
  3.59640326e-05 1.35902756e-09 6.85386158e-06 2.00455659e-04
  2.04661774e-05 1.42441237e-07]
 [8.00091439e-05 2.55496067e-04 5.22336495e-06 7.56874681e-04
  6.12830481e-05 4.55870650e-05 1.11957788e-05 9.05904453e-05
  8.58057410e-06 4.15000130e-07]
 [2.85422193e-05 8.05819582e-07 3.00807878e-04 1.23116153e-03
  2.53484995e-05 2.34481348e-07 1.30244589e-05 3.29318922e-04
  2.43757331e-05 3.09592508e-07]
 [1.42868894e-05 1.04357707e-04 1.70374936e-10 1.36962644e-05
  1.22249485e-05 2.46584041e-05 4.92877780e-06 1.97758959e-06
  3.48029462e-05 8.04129541e-10]
 [8.90898605e-07 2.08990855e-07 4.09523891e-05 1.25485512e-05
  1.98142297e-05 5.31504566e-06 3.12703397e-09 5.80010856e-05
  5.02238072e-05 1.47036305e-09]
 [2.48736711e-08 4.75936919e-04 2.56051080e-05 7.81408307e-05
  1.39666727e-05 2.78918196e-06 2.06304521e-05 5.96747940e-09
  1.58193842e-07 8.90036790e-06]
 [4.58596242e-06 4.51522938e-05 7.11841276e-05 6.18892409e-06
  2.35703446e-05 1.09686971e-06 8.59929870e-08 5.69241911e-06
  3.07015835e-05 1.74203848e-07]
 [6.14413366e-05 4.38843417e-04 2.49831459e-07 1.17175587e-05
  2.29870984e-08 5.81520435e-05 1.75839409e-06 7.48351749e-06
  6.31109955e-08 6.63235539e-07]
 [1.36542512e-04 2.74428157e-06 4.12923146e-05 9.47185399e-05
  5.38095519e-05 5.92500191e-06 1.28687361e-05 9.69830435e-04
  6.08003575e-05 6.03308958e-10]
 [5.91179742e-06 2.85308692e-04 1.13639437e-07 2.33242428e-03
  2.15150976e-05 2.61978130e-06 7.25621203e-06 2.58181814e-07
  6.83135613e-06 2.93271171e-07]
 [1.94756822e-07 6.23455271e-04 9.66325533e-05 1.33412087e-03
  2.07528537e-05 1.80509542e-05 2.01320489e-08 7.71448185e-07
  5.02684452e-06 7.57420153e-08]
 [1.18616466e-04 4.14872557e-06 4.72001557e-05 3.86032072e-04
  1.32647219e-05 1.61663638e-06 1.04951632e-05 1.06970874e-05
  6.17231353e-06 3.45947541e-07]
 [2.24558335e-05 1.01099618e-08 1.37411098e-05 6.45015234e-06
  1.05359850e-05 8.00728594e-06 1.03366517e-06 6.02982823e-07
  1.63994031e-07 4.61381688e-07]
 [9.28703084e-05 3.36510288e-06 1.09823004e-05 8.82189852e-06
  4.48084961e-07 3.35079505e-07 8.90611409e-06 1.29694396e-04
  3.09542907e-06 1.36826514e-11]
 [1.50463413e-04 2.61875641e-07 1.63992481e-05 9.18248224e-06
  8.94562691e-05 1.05751251e-05 1.20024538e-07 4.07537336e-05
  1.64938399e-06 6.25193053e-08]
 [8.53769052e-06 5.92796481e-04 1.01506976e-06 1.12587737e-03
  2.50468409e-04 6.06728372e-06 1.49519841e-09 9.32909916e-06
  1.36357048e-04 1.94395216e-06]
 [6.92622853e-05 6.59813755e-04 4.06343406e-06 6.29872829e-06
  9.45496231e-06 3.15323314e-06 6.95685321e-06 9.72740418e-06
  3.15678335e-05 1.42657356e-07]
 [2.71375302e-05 7.83481210e-06 4.20643300e-06 2.53854552e-04
  3.77105607e-05 1.33369294e-05 1.63390354e-07 2.54385792e-08
  3.72416514e-04 1.33761437e-08]
 [1.48731997e-05 6.70917070e-05 2.22435261e-07 3.99275123e-05
  1.50682999e-05 1.23023507e-04 5.15071724e-06 6.81907022e-06
  1.90927058e-05 2.02176262e-10]
 [3.45756271e-05 4.53268411e-04 1.93332016e-05 1.60270120e-05
  1.04854939e-06 8.11831251e-06 1.29402395e-07 1.50554490e-06
  4.81464558e-05 2.91757488e-07]
 [9.84331109e-06 2.72395933e-04 1.09356633e-05 2.89779244e-04
  8.74225048e-09 3.63377762e-06 1.01636122e-09 8.05512991e-06
  4.49345862e-06 1.00902255e-08]
 [1.46639320e-06 2.57003940e-05 9.57791002e-09 5.53200880e-05
  2.61540063e-05 5.59410955e-06 2.89842819e-06 5.76833008e-06
  7.07829315e-07 2.78522884e-06]
 [5.47046341e-07 1.02041722e-05 5.32704144e-06 9.76647698e-06
  1.11881500e-05 3.53416217e-05 5.65856726e-06 2.99017811e-05
  1.20769448e-06 5.32202904e-08]
 [3.10744849e-06 4.74636385e-04 1.28032696e-06 8.70458243e-05
  7.76036759e-05 4.54510518e-06 1.69716841e-05 1.00906155e-08
  1.66491159e-08 1.34862844e-07]
 [3.56927085e-05 6.82134181e-04 1.32765388e-06 1.95409466e-05
  4.28022577e-05 2.37545446e-05 6.90799016e-06 1.30789354e-04
  8.26657633e-05 8.75029173e-07]
 [3.25888017e-04 1.17220225e-07 1.13332526e-05 6.43548730e-04
  4.63316792e-06 3.68032306e-06 2.42307920e-06 3.45471085e-06
  1.55177295e-05 1.20025459e-06]
 [6.63078099e-05 8.22665315e-05 4.44046236e-05 2.02354902e-04
  1.44140472e-07 1.38929145e-05 4.48302131e-07 3.75259842e-04
  6.56032216e-06 2.03318208e-07]
 [2.78025673e-05 6.72383117e-04 4.66951815e-06 1.08899740e-05
  3.75890750e-06 2.84823836e-05 2.32152047e-06 3.38432910e-05
  1.40867314e-05 9.81219106e-09]
 [1.49714106e-05 6.70792724e-06 2.93802063e-04 1.07262849e-05
  2.26367501e-05 1.99053852e-06 5.09075619e-07 4.66678648e-05
  3.23768872e-05 2.44368898e-08]
 [1.11357608e-08 1.62032813e-06 2.11409613e-04 2.92057666e-06
  1.64385656e-05 5.81347695e-06 7.79541551e-06 3.58053148e-05
  3.50365881e-05 1.06959401e-08]
 [2.42626429e-05 5.96169411e-06 1.73897242e-05 1.86840605e-08
  3.90807036e-05 3.08156028e-10 1.15900889e-09 1.18582011e-05
  2.83154113e-05 2.56844803e-08]
 [3.60016311e-05 8.69729774e-05 8.70061103e-06 5.25945332e-04
  6.59954385e-05 9.48422985e-06 8.47759452e-07 4.66779748e-05
  5.65759721e-04 2.08695656e-06]
 [1.01208680e-05 9.80805104e-10 2.80450604e-05 6.59171710e-05
  1.42189783e-05 1.19909100e-06 5.79131029e-06 1.05162602e-04
  3.35188042e-06 6.29744790e-08]
 [2.03853633e-05 1.97618647e-04 2.43691593e-05 5.42178805e-06
  6.48038986e-06 2.80092083e-09 8.67355521e-09 5.56009491e-06
  2.93341554e-06 1.86371352e-07]
 [2.02823248e-05 3.39195212e-05 1.61115713e-05 1.50832439e-05
  2.14414540e-05 9.45609281e-06 1.13306089e-06 2.95208133e-06
  1.11654852e-04 1.27754930e-07]
 [5.36028274e-05 4.92849853e-04 1.40024995e-05 7.74944434e-04
  1.18694052e-05 1.08492522e-05 1.18059496e-09 3.44160895e-07
  4.17454794e-05 3.47290374e-08]
 [1.28522670e-05 8.01537590e-06 5.67694860e-06 6.81944875e-05
  5.53343948e-09 4.92907759e-07 4.09910772e-09 1.25339175e-05
  2.68016138e-05 9.92391023e-08]
 [9.23642119e-07 8.72871096e-05 2.82714263e-05 3.76181717e-08
  3.26935442e-05 2.60244360e-05 3.90589003e-06 1.01853140e-04
  2.65277158e-05 1.07054623e-08]
 [4.17466799e-05 3.65313899e-05 1.94904032e-06 2.67749128e-04
  3.57028341e-07 5.34711535e-06 8.17662169e-07 2.09198561e-06
  6.18774402e-06 4.88967311e-09]
 [2.41322196e-04 8.35401006e-05 2.74835793e-06 2.83693051e-04
  1.89702587e-05 1.13203396e-06 3.23490895e-05 1.47761693e-06
  4.01167199e-05 7.92457342e-07]
 [1.99826100e-04 6.46392436e-05 6.23238202e-06 6.35731500e-04
  1.23176695e-04 2.21081609e-06 8.04197134e-06 1.37642228e-05
  1.44713675e-04 7.85407508e-08]
 [3.30927542e-05 3.12000135e-04 1.52099883e-05 2.83572945e-07
  2.07380464e-04 2.22817175e-06 3.43115244e-06 2.57224514e-04
  1.39947406e-05 3.80743354e-10]
 [1.79731171e-04 2.06537297e-04 4.02740843e-05 3.67071661e-05
  4.21434888e-05 2.89751712e-09 6.69954170e-06 1.83395095e-08
  1.29604414e-05 3.29760143e-11]
 [3.43883439e-05 1.41383759e-06 8.82477980e-05 1.84686884e-04
  6.89826811e-06 2.99041868e-11 8.62600700e-06 1.80173777e-06
  3.56373319e-04 7.09860046e-08]
 [3.38727586e-05 4.13683807e-07 1.46783384e-06 4.07648477e-04
  3.85123803e-06 5.93086816e-06 1.86524960e-06 7.23764833e-06
  4.23804449e-05 9.07015874e-06]
 [9.63404455e-05 1.09904286e-05 3.31338699e-04 8.49726275e-05
  4.81483075e-05 6.05791972e-10 6.23446658e-06 1.45423357e-04
  8.16829561e-05 1.21671700e-10]
 [3.74033370e-05 2.16204725e-08 3.18963066e-05 4.48070030e-04
  1.48263580e-05 2.22013741e-09 6.58876797e-06 3.20722719e-08
  8.41839892e-07 2.09775934e-07]
 [1.11645259e-05 2.71063851e-04 4.93536709e-06 6.85865552e-06
  1.12478165e-05 1.43365787e-05 2.77320532e-06 1.03509265e-04
  1.59151623e-05 3.25049456e-07]
 [9.86742293e-07 2.54156213e-04 1.54382087e-05 6.63792753e-06
  1.78986674e-08 1.47741150e-06 1.05785011e-06 1.36200768e-07
  1.59697393e-05 7.53376312e-08]
 [6.52608796e-05 1.39856711e-05 7.69687995e-06 3.86936037e-04
  4.06175147e-08 5.91458684e-06 1.34839274e-05 1.60622963e-04
  1.26340319e-05 1.62310641e-07]
 [4.79051948e-07 4.11025803e-06 1.01938116e-04 4.07442654e-04
  2.26347829e-09 6.26939345e-06 1.99185394e-07 1.26846144e-05
  3.21210791e-05 3.40150905e-07]
 [5.53044265e-06 6.28522772e-04 2.69732254e-08 5.30255875e-07
  1.33226367e-05 3.65318101e-06 5.34001732e-09 6.28821290e-05
  6.51725304e-06 3.65187951e-08]
 [8.88900831e-06 2.27817077e-06 1.80759926e-05 8.11758218e-06
  1.19952630e-04 5.62834020e-06 1.57148236e-06 5.98947963e-06
  2.16244716e-05 4.17416537e-08]]
[[2.8913529e-04 2.4116889e-02 6.9676144e-03 3.2695390e-02 7.2097935e-04
  5.2824125e-05 1.7583731e-04 1.4600702e-02 7.6840208e-03 6.3465495e-04]]
[[3.21141904e-08 6.78258004e-07 3.88599517e-08 1.66237226e-06
  1.17039846e-07 4.47278197e-08 2.53929606e-08 1.66294640e-07
  2.74399490e-08 1.06320170e-08]]
