

config:

HOME=/clusterFS/home/student/kopp13
PATH=/clusterFS/home/student/kopp13/miniconda3/envs/tensorflow/bin:/clusterFS/home/student/kopp13/miniconda3/bin:/clusterFS/home/student/kopp13/bin:/usr/local/bin:/usr/bin:/bin:/usr/local/games:/usr/games
LD_LIBRARY_PATH=
THEANO_FLAGS=floatX=float32,gpuarray.preallocate=0.9,dnn.library_path=/usr/lib/x86_64-linux-gnu,cxx=clang++-3.8,device=cuda,base_compiledir=/tmp/tmp.C6R0ehEuEl

=============================
CONFIG FILE

RNN CONFIG
{'data_multiplier': 1000.0,
 'gradient_clip_value': 0.5,
 'layer_configs': [{'layer_type': 'input'},
                   {'bc': {'init_m': 'xavier',
                           'init_v': -4.5,
                           'prior_m': 0.0,
                           'prior_v': 0.0,
                           'type': 'continuous'},
                    'bf': {'init_m': 'xavier',
                           'init_v': -4.5,
                           'prior_m': 0.0,
                           'prior_v': 0.0,
                           'type': 'continuous'},
                    'bi': {'init_m': 'xavier',
                           'init_v': -4.5,
                           'prior_m': 0.0,
                           'prior_v': 0.0,
                           'type': 'continuous'},
                    'bo': {'init_m': 'xavier',
                           'init_v': -4.5,
                           'prior_m': 0.0,
                           'prior_v': 0.0,
                           'type': 'continuous'},
                    'discrete_act': False,
                    'init_config': {'c': {'b': 'all_zero', 'w': 'xavier'},
                                    'f': {'b': 'all_one', 'w': 'all_zero'},
                                    'i': {'b': 'all_zero', 'w': 'xavier'},
                                    'o': {'b': 'all_zero', 'w': 'xavier'}},
                    'is_output': False,
                    'is_recurrent': True,
                    'layer_type': 'lstm',
                    'tau': 0.5,
                    'var_scope': 'lstm_0',
                    'wc': {'p0max': 0.95,
                           'p0min': 0.05,
                           'pmax': 0.99,
                           'pmin': 0.01,
                           'priors': [0.2, 0.6, 0.2],
                           'type': 'ternary'},
                    'wf': {'p0max': 0.95,
                           'p0min': 0.05,
                           'pmax': 0.99,
                           'pmin': 0.01,
                           'priors': [0.2, 0.6, 0.2],
                           'type': 'ternary'},
                    'wi': {'p0max': 0.95,
                           'p0min': 0.05,
                           'pmax': 0.99,
                           'pmin': 0.01,
                           'priors': [0.2, 0.6, 0.2],
                           'type': 'ternary'},
                    'wo': {'p0max': 0.95,
                           'p0min': 0.05,
                           'pmax': 0.99,
                           'pmin': 0.01,
                           'priors': [0.2, 0.6, 0.2],
                           'type': 'ternary'}},
                   {'bc': {'init_m': 'xavier',
                           'init_v': -4.5,
                           'prior_m': 0.0,
                           'prior_v': 0.0,
                           'type': 'continuous'},
                    'bf': {'init_m': 'xavier',
                           'init_v': -4.5,
                           'prior_m': 0.0,
                           'prior_v': 0.0,
                           'type': 'continuous'},
                    'bi': {'init_m': 'xavier',
                           'init_v': -4.5,
                           'prior_m': 0.0,
                           'prior_v': 0.0,
                           'type': 'continuous'},
                    'bo': {'init_m': 'xavier',
                           'init_v': -4.5,
                           'prior_m': 0.0,
                           'prior_v': 0.0,
                           'type': 'continuous'},
                    'discrete_act': False,
                    'init_config': {'c': {'b': 'all_zero', 'w': 'xavier'},
                                    'f': {'b': 'all_one', 'w': 'all_zero'},
                                    'i': {'b': 'all_zero', 'w': 'xavier'},
                                    'o': {'b': 'all_zero', 'w': 'xavier'}},
                    'is_output': False,
                    'is_recurrent': True,
                    'layer_type': 'lstm',
                    'tau': 0.5,
                    'var_scope': 'lstm_1',
                    'wc': {'p0max': 0.95,
                           'p0min': 0.05,
                           'pmax': 0.99,
                           'pmin': 0.01,
                           'priors': [0.2, 0.6, 0.2],
                           'type': 'ternary'},
                    'wf': {'p0max': 0.95,
                           'p0min': 0.05,
                           'pmax': 0.99,
                           'pmin': 0.01,
                           'priors': [0.2, 0.6, 0.2],
                           'type': 'ternary'},
                    'wi': {'p0max': 0.95,
                           'p0min': 0.05,
                           'pmax': 0.99,
                           'pmin': 0.01,
                           'priors': [0.2, 0.6, 0.2],
                           'type': 'ternary'},
                    'wo': {'p0max': 0.95,
                           'p0min': 0.05,
                           'pmax': 0.99,
                           'pmin': 0.01,
                           'priors': [0.2, 0.6, 0.2],
                           'type': 'ternary'}},
                   {'b': {'init_m': 'xavier',
                          'init_v': -4.5,
                          'prior_m': 0.0,
                          'prior_v': 0.0,
                          'type': 'continuous'},
                    'is_output': True,
                    'is_recurrent': False,
                    'layer_type': 'fc',
                    'regularization': {'mode': None, 'strength': 0.02},
                    'tau': 0.5,
                    'var_scope': 'output_layer',
                    'w': {'p0max': 0.95,
                          'p0min': 0.05,
                          'pmax': 0.99,
                          'pmin': 0.01,
                          'priors': [0.2, 0.6, 0.2],
                          'type': 'ternary'}}],
 'layout': [4, 60, 60, 10],
 'output_type': 'classification'}

DATA CONFIG
{'dataset': 'red_penstroke',
 'tr': {'in_seq_len': 30,
        'minibatch_enabled': True,
        'minibatch_size': 200,
        'out_seq_len': 5,
        'zero_padding': 20},
 'va': {'in_seq_len': 30,
        'minibatch_enabled': True,
        'minibatch_size': 200,
        'out_seq_len': 5,
        'zero_padding': 20}}

TRAINING CONFIG
{'beta_reg': 0.0,
 'is_pretrain': False,
 'learning_rate': 0.002,
 'mode': {'max_epochs': 0, 'min_error': 0.0, 'name': 'classic'},
 'task_id': 6,
 'type': 'l_sampling',
 'var_reg': 0.0}
==============================


[[5.9491096e-08 4.6558430e-08 1.1939246e-08 ... 4.7454638e-08
  4.4366979e-07 1.8092210e-08]
 [2.1331559e-08 6.6988065e-08 1.7225727e-08 ... 3.0716908e-08
  1.9802410e-06 5.9852027e-08]
 [1.4179060e-09 9.2682823e-10 1.8633994e-11 ... 9.7608388e-10
  4.9723747e-10 9.3112289e-11]
 ...
 [1.2864334e-09 5.6187699e-10 8.8910636e-11 ... 7.1171757e-10
  3.2389587e-09 1.0211474e-10]
 [8.0650764e-11 9.4822060e-11 1.4493951e-11 ... 1.7979357e-10
  3.9338609e-08 3.4528849e-11]
 [6.6044858e-09 1.5417678e-10 8.1586515e-10 ... 8.5540544e-09
  7.0483192e-10 5.5762447e-11]]
[[3.1611449e-08 7.4571203e-09 6.5333659e-12 ... 2.0225270e-08
  1.4236878e-07 7.7189739e-09]
 [1.4273994e-08 2.8236490e-08 5.3816267e-09 ... 1.9130809e-08
  3.3667252e-10 1.0003014e-08]
 [2.2722330e-10 5.8343060e-13 5.6602844e-11 ... 4.1317602e-10
  1.7732563e-10 8.0562686e-14]
 ...
 [3.9026333e-09 4.2884545e-09 3.1105316e-10 ... 7.1506836e-09
  5.5867617e-09 1.4318565e-09]
 [5.1751665e-09 1.1906408e-09 8.9868508e-11 ... 1.9043820e-09
  2.1794590e-11 8.4625411e-11]
 [2.5173494e-12 1.9047359e-09 3.9216251e-13 ... 3.8331573e-12
  2.1860778e-09 1.6152167e-09]]
[[5.52483143e-05 4.41574957e-05 5.46633601e-06 9.26877765e-05
  9.75606963e-06 7.54022176e-06 1.03844541e-05 1.20099348e-05
  5.09262054e-06 1.96687870e-06 2.66010693e-06 1.57622799e-05
  1.35911341e-06 8.35989249e-06 4.21493314e-06 1.27146805e-05
  1.76586236e-05 2.09198879e-05 1.73866306e-06 3.77378965e-05
  8.93382094e-06 6.25659550e-06 7.70198676e-06 2.80444729e-05
  4.68256349e-06 5.54268763e-06 1.33797483e-04 6.89246417e-06
  8.45344289e-07 2.10096132e-05 2.99272451e-05 1.69916428e-04
  4.15084178e-05 2.81161510e-06 1.03731384e-06 4.78505672e-06
  4.19873177e-05 8.59626471e-06 1.09411712e-05 1.66512359e-06
  1.53300716e-05 4.36869777e-05 1.32991026e-05 1.52263874e-05
  1.08634185e-06 1.20558343e-05 1.75930800e-05 2.49874556e-05
  1.15963056e-04 6.32454321e-05 3.27033013e-05 2.19374619e-04
  1.10495741e-04 6.30554268e-06 2.55868454e-05 1.70604858e-06
  6.05495770e-05 3.57060053e-05 4.97477129e-04 1.59328392e-05]]
[[1.66060540e-10 4.10330853e-10 8.29732810e-12 1.49212837e-10
  1.84399607e-10 3.53809863e-11 1.76195603e-11 3.10564907e-10
  5.79128204e-11 4.80578043e-11 2.37407420e-11 4.76560770e-11
  3.85362402e-11 2.67975225e-11 2.83881130e-11 3.75461606e-11
  1.08813965e-10 3.37788755e-11 3.41759329e-11 3.40168102e-11
  3.22780171e-11 5.48577919e-11 5.10768199e-11 2.44408715e-10
  1.12333559e-10 1.01275481e-11 1.21433730e-09 3.72342643e-11
  2.31647132e-11 2.63616351e-10 7.59721036e-11 7.24443769e-11
  1.36103642e-10 9.64557115e-11 1.60207589e-12 9.37817463e-11
  3.55483115e-10 1.09365184e-10 7.87295229e-11 4.60021604e-11
  8.25664481e-10 2.18950663e-10 1.61830105e-10 5.12981775e-11
  2.00230752e-11 2.81339604e-11 8.41886283e-10 4.69632222e-10
  8.09558184e-11 3.28370359e-10 4.38861752e-10 2.49132670e-09
  4.03791202e-11 1.48556278e-10 2.20232180e-10 1.88286574e-11
  1.72121345e-10 1.92449945e-10 5.64247760e-10 1.54463484e-10]]
[[2.63252872e-07 1.39434192e-07 1.87317212e-07 ... 8.16120917e-07
  3.11495864e-06 1.06672935e-07]
 [4.78917855e-07 1.21662069e-07 1.38112213e-07 ... 1.83208485e-07
  1.10609371e-05 1.17587049e-07]
 [4.89140994e-08 8.94252894e-10 9.81440706e-10 ... 1.99527853e-10
  8.72748984e-09 2.13174856e-09]
 ...
 [2.09766959e-09 1.20050869e-09 1.08221909e-09 ... 5.67467295e-10
  2.66078590e-08 4.36498032e-10]
 [1.08242970e-08 2.49622711e-10 1.83844795e-09 ... 2.76651746e-09
  6.57202719e-08 6.14410814e-11]
 [1.76058901e-09 8.21203661e-11 3.03287062e-09 ... 3.10582587e-10
  3.61105101e-09 8.45110926e-11]]
[[1.10229024e-07 5.36058522e-08 1.36344482e-07 ... 1.66111832e-07
  3.49803685e-07 8.30000602e-08]
 [1.47350590e-07 6.21954968e-08 1.61193636e-08 ... 3.28113465e-08
  1.43949652e-09 1.94885175e-08]
 [1.46915449e-08 7.53557980e-11 8.13426049e-10 ... 4.79785378e-11
  1.22530608e-09 2.34778280e-10]
 ...
 [9.43971479e-09 2.41700882e-09 1.07498810e-09 ... 3.36245232e-09
  8.58635403e-08 2.29061947e-09]
 [4.88424275e-12 1.05373743e-09 2.63476491e-10 ... 3.89466015e-10
  9.41188283e-09 4.17079371e-10]
 [5.89555382e-09 1.64792135e-09 1.57288852e-12 ... 1.29399569e-09
  3.31725509e-08 1.03876441e-09]]
[[1.87966056e-04 7.62124837e-05 6.79007717e-05 1.46123944e-04
  8.17641776e-05 8.58215790e-05 3.29809351e-04 4.30854161e-05
  9.53003200e-06 3.44174623e-05 3.60043377e-05 1.53462446e-04
  3.30617900e-06 5.68496471e-05 1.04236686e-04 6.04034431e-05
  8.69057985e-05 3.89855413e-05 1.18849839e-05 8.10957208e-05
  9.76751544e-05 7.69488324e-05 1.01559293e-04 6.06915273e-05
  1.52525290e-05 1.10857080e-04 2.19222333e-04 4.17092124e-05
  5.28903092e-06 7.24831116e-05 1.74928879e-04 4.37052717e-04
  3.99671371e-05 2.75591974e-05 6.80502990e-06 2.68340627e-05
  3.95322772e-04 1.30950757e-05 6.41884762e-05 1.12642287e-04
  2.03452855e-05 3.57000208e-05 3.44113068e-04 3.59088008e-05
  9.25043787e-06 6.24997992e-05 9.82682468e-05 1.66181690e-05
  6.60857404e-05 1.90322637e-04 4.74498156e-05 3.67230416e-04
  1.92625710e-04 7.66046360e-05 4.32241504e-04 5.84141617e-06
  2.82471068e-04 1.06249878e-04 9.66447464e-04 4.36231057e-05]]
[[3.18226834e-10 8.61974825e-10 1.10733735e-10 2.19424381e-10
  3.50676238e-10 4.96689745e-10 1.77560952e-10 4.17713725e-10
  1.84061918e-10 1.27153635e-10 1.11091872e-10 1.81285598e-10
  3.37855854e-11 2.86713681e-10 2.89192142e-10 4.98548536e-10
  3.32497030e-10 7.97882801e-11 2.00119522e-11 7.72118827e-11
  4.51062021e-10 3.39004297e-10 5.49006784e-10 5.16485654e-09
  2.12038248e-10 2.32887570e-10 1.50741197e-09 1.21372509e-10
  2.69842704e-10 5.00735786e-10 1.30113462e-10 6.38500919e-10
  1.62599656e-11 3.76590786e-10 8.17071064e-11 2.87526225e-10
  4.59181221e-10 2.46236143e-10 7.64674990e-10 3.33179789e-10
  6.63062716e-10 4.49131038e-10 1.18559056e-08 3.66782854e-10
  7.41851192e-10 5.00530208e-11 3.64435149e-10 2.28981643e-11
  2.38218001e-10 5.71098613e-10 1.67128889e-09 3.96668831e-09
  9.75568307e-11 7.54310725e-10 3.61899177e-10 1.50110174e-10
  3.41322970e-09 4.84086105e-10 1.34441702e-09 9.13397413e-11]]
[[3.6027748e-06 1.6345253e-06 7.3592810e-07 ... 4.3102591e-06
  1.4215386e-05 1.1015084e-06]
 [2.2472823e-06 9.2539210e-07 3.8509393e-07 ... 4.7194612e-06
  1.4228406e-05 6.7321207e-07]
 [1.8160482e-07 7.0253896e-09 3.5624090e-10 ... 5.3049320e-09
  6.6431937e-08 3.6744838e-10]
 ...
 [1.1506080e-07 4.6915762e-08 1.3371391e-08 ... 7.9004447e-09
  2.4935250e-07 2.7335791e-09]
 [3.6078828e-07 3.7262127e-09 4.1289255e-10 ... 3.4453259e-07
  5.1625162e-09 6.1148164e-10]
 [1.7082296e-08 1.3031237e-09 3.6000221e-09 ... 1.2672909e-07
  1.3140716e-07 5.8664207e-10]]
[[3.6606853e-06 4.7506504e-07 2.3387393e-07 ... 1.4023229e-06
  4.9291289e-06 3.1177743e-07]
 [7.3164966e-07 6.1989965e-07 4.3336158e-07 ... 5.2689879e-06
  5.7100938e-06 6.8314620e-07]
 [2.1673063e-11 4.9047899e-09 8.7330122e-11 ... 2.9504241e-09
  1.6898271e-11 3.7975578e-11]
 ...
 [4.5434234e-07 9.8689341e-09 4.8009219e-09 ... 3.0256722e-08
  7.8389513e-07 6.5034786e-09]
 [3.8192496e-08 1.9189670e-08 7.5890147e-09 ... 1.6279185e-10
  6.6702995e-08 1.1153581e-08]
 [1.9641463e-07 6.4569292e-09 2.4514193e-09 ... 4.3360988e-11
  2.5464357e-07 6.8205970e-09]]
[[4.8078527e-03 1.9502616e-03 1.6145734e-03 5.1107648e-04 1.1238502e-03
  1.4071263e-03 1.2112714e-03 1.3572334e-03 2.9637275e-04 3.1914990e-03
  1.5697152e-03 6.4044941e-04 6.7960173e-05 1.4817244e-02 4.0342449e-03
  1.3467697e-03 3.9998288e-03 3.3953376e-04 2.4767609e-05 2.0097131e-04
  5.0192666e-03 6.3799261e-03 1.2414248e-03 7.4668927e-03 7.1435934e-04
  4.2606783e-03 2.9603660e-03 3.0919281e-03 1.4868320e-04 4.4082594e-04
  5.1663030e-04 7.8859756e-04 1.3733886e-02 7.1856887e-03 1.1316254e-04
  4.0261654e-04 6.7875376e-03 7.4839825e-04 4.4356688e-04 2.3164833e-03
  1.4829747e-03 6.7316159e-03 1.8267963e-03 5.4886815e-04 1.3748207e-03
  9.8885805e-04 2.5646135e-03 4.8213042e-03 3.2266236e-03 9.1233980e-03
  6.3992925e-03 1.9769713e-02 7.8582820e-03 2.8559007e-03 5.2391565e-03
  1.6722703e-04 1.9884109e-03 1.0495801e-02 1.2905432e-02 1.7105151e-03]]
[[5.1531848e-11 4.1288503e-10 3.8883993e-10 3.1220294e-11 8.0076980e-11
  2.2733511e-10 8.5602060e-11 5.6696320e-10 2.4116575e-10 1.6885406e-10
  6.3295015e-11 1.1817218e-10 1.8624395e-11 3.1325054e-10 3.3366726e-10
  3.2301020e-10 4.2446743e-10 1.8602011e-11 3.5900668e-12 9.2706034e-12
  1.2139841e-10 1.7732997e-10 5.4293309e-10 3.1700740e-09 1.0106230e-09
  9.9248013e-11 1.4954776e-09 7.6976409e-10 3.2336994e-10 2.5928887e-10
  3.1565906e-11 4.5302921e-11 1.7194561e-10 4.2954118e-10 2.2914670e-11
  8.1950857e-10 2.9644642e-09 5.0905807e-10 1.3278274e-09 3.3424344e-10
  2.4230271e-09 6.8101064e-10 8.0277379e-10 1.3136890e-10 9.4436445e-11
  5.0754161e-11 6.7833178e-10 1.0898807e-10 1.1027476e-10 2.4912883e-09
  1.8549549e-09 7.5634512e-09 4.4883066e-11 3.6768064e-11 3.7261838e-10
  3.1399459e-11 1.0732228e-09 2.8356917e-10 6.0298472e-10 3.3168301e-10]]
[[1.26870816e-07 7.52227777e-07 9.30709660e-08 ... 2.85891161e-07
  1.06629926e-07 2.35375364e-08]
 [6.38884146e-08 3.48554039e-07 8.94357868e-08 ... 1.92078915e-07
  5.79079028e-07 4.93898931e-08]
 [1.57263569e-09 8.65013339e-10 1.09430931e-09 ... 5.04372100e-10
  1.26499844e-09 1.06656954e-10]
 ...
 [6.76683987e-10 1.26381785e-08 1.76653164e-10 ... 4.66179872e-10
  4.64192951e-09 1.42373932e-10]
 [1.77166462e-10 2.44655629e-10 2.45548373e-11 ... 6.87278368e-09
  2.34364972e-10 2.53467629e-11]
 [9.11490217e-10 4.80908513e-09 2.06869255e-09 ... 3.38285649e-10
  1.74408557e-10 3.55182550e-11]]
[[9.6608481e-08 2.7780177e-07 5.3597084e-08 ... 1.7638271e-07
  3.1321953e-08 2.1657044e-08]
 [1.1405618e-07 1.8995649e-07 7.7376825e-09 ... 5.1667868e-08
  1.3325607e-10 1.2646883e-08]
 [3.8808858e-09 2.9127053e-13 2.6485630e-10 ... 2.5923777e-10
  4.4988505e-10 1.5945078e-13]
 ...
 [5.2877844e-09 2.5689946e-08 7.6233769e-10 ... 1.2901493e-08
  8.9670982e-10 1.3018712e-09]
 [2.9436522e-09 2.9285783e-09 3.3843989e-10 ... 7.7950252e-10
  2.7674638e-09 1.4813607e-10]
 [4.1822474e-09 1.4311749e-08 9.3418762e-13 ... 7.0501711e-09
  4.7005944e-10 8.0159235e-10]]
[[1.6444351e-04 3.3894554e-04 3.5431200e-05 5.0518905e-05 6.2580315e-05
  4.6364759e-05 1.3932572e-05 2.6309976e-05 2.2093584e-05 4.3831682e-05
  2.2873242e-05 1.9562885e-04 4.1283261e-06 8.1556442e-05 1.0996779e-04
  5.4486194e-05 2.0062675e-04 2.4419105e-05 9.5425812e-06 4.1181589e-05
  5.3380856e-05 1.0607644e-04 6.4275169e-05 8.3460603e-05 2.0664314e-05
  4.7279529e-05 4.9360754e-04 6.9793728e-06 5.0395533e-06 2.6677848e-05
  4.6019151e-05 4.3783424e-05 5.0388113e-05 5.4946384e-05 8.5488309e-06
  6.5989210e-05 4.0221977e-04 1.4820526e-05 3.6268855e-05 1.2149232e-04
  4.6462115e-05 1.7959342e-04 7.9971120e-05 2.3727767e-05 1.5938747e-05
  2.5250245e-05 1.1786740e-04 3.6755140e-05 2.8891538e-05 1.3531103e-04
  4.2645872e-05 3.3396782e-04 9.6915734e-05 6.6736320e-05 1.6566753e-04
  5.1669695e-06 2.7276459e-04 1.9031577e-04 1.2185346e-04 1.9338506e-05]]
[[5.56100201e-11 8.72193262e-10 1.34826914e-10 1.13350510e-10
  6.58161858e-11 4.45017079e-10 2.57247904e-11 3.70832615e-10
  2.77341136e-11 6.94877211e-10 1.35779471e-10 3.90150273e-10
  5.14798898e-11 7.87932636e-11 5.56549307e-10 7.28371113e-11
  2.79269691e-10 5.97546179e-11 5.71734283e-12 1.54172404e-11
  1.47039367e-10 1.50470594e-10 2.08124296e-10 8.90862217e-10
  3.90144472e-10 3.98328072e-11 1.36936601e-10 2.76153371e-11
  1.24666388e-10 5.32258508e-11 1.29095568e-10 4.10797958e-11
  2.08993985e-11 2.58103205e-10 6.62785174e-11 6.97802982e-10
  1.34527237e-10 2.70827610e-10 2.28077585e-10 1.07834804e-10
  1.33694431e-10 5.99529482e-10 1.12298226e-10 4.74276035e-11
  9.27564622e-11 4.08173842e-11 4.18775570e-10 7.98155222e-11
  1.14315578e-10 1.56006166e-10 1.79804935e-10 6.25161090e-10
  2.71344641e-10 1.20426363e-10 2.32965140e-11 3.27218599e-11
  4.76953255e-10 7.35826289e-10 2.23622038e-10 1.26541097e-10]]
[[2.64887244e-12 9.39864159e-12 5.12512255e-12 ... 1.14094525e-10
  8.32749564e-11 9.97679023e-11]
 [1.32837422e-11 4.55314703e-10 2.03316981e-11 ... 2.53496751e-10
  5.46885584e-12 1.39401352e-10]
 [9.03562121e-12 1.25622143e-11 4.67445310e-12 ... 2.56224382e-12
  1.58508113e-12 1.41330220e-12]
 ...
 [5.41692767e-11 9.98214983e-11 6.22574700e-11 ... 3.13386039e-10
  2.18048257e-12 5.24970935e-11]
 [3.15835726e-12 1.98882993e-11 4.87005661e-12 ... 4.37737780e-12
  1.15191530e-10 1.80134463e-10]
 [2.09167124e-12 5.08727158e-11 2.15058908e-11 ... 4.07732469e-13
  4.35901879e-12 1.92774130e-11]]
[[3.88274135e-11 6.38356312e-11 3.66350041e-11 ... 1.41165222e-11
  1.18503835e-11 9.93476829e-12]
 [6.48207460e-11 5.85187454e-11 3.39659793e-11 ... 4.89949088e-11
  5.36522181e-11 1.98389638e-11]
 [5.80864142e-11 9.84847759e-11 2.23631010e-11 ... 1.23266189e-11
  1.66211905e-11 1.37002484e-11]
 ...
 [1.66996250e-10 1.05095077e-09 1.31744074e-10 ... 2.53256048e-13
  3.58648215e-11 1.56412619e-10]
 [2.09526094e-11 1.97636033e-10 3.57788729e-11 ... 2.62433027e-11
  5.37856164e-14 3.07420582e-11]
 [9.24779611e-12 6.07459083e-10 2.92765291e-12 ... 8.47818343e-12
  5.58764363e-12 5.70078706e-11]]
[[4.22900166e-06 2.00244972e-06 3.83813131e-06 1.30804506e-06
  2.46439959e-06 8.41163001e-06 1.39256099e-05 1.28323345e-05
  6.51239634e-06 5.06416825e-07 8.83466214e-07 8.11612608e-06
  5.91249261e-07 8.35134870e-07 3.37234769e-06 2.36849459e-07
  1.09592827e-06 8.69206997e-06 1.02809245e-05 6.28134558e-06
  1.36185736e-06 1.98850285e-06 1.12555208e-05 1.24160306e-06
  2.04358821e-06 2.58638892e-07 2.30891837e-05 5.91722198e-07
  5.42150383e-06 9.30962017e-07 1.60332238e-05 3.51297831e-06
  4.42837836e-06 1.17924483e-05 5.03653291e-06 1.38885412e-06
  1.01362684e-06 2.18266541e-06 1.42120052e-05 8.01707665e-06
  3.99530973e-06 8.93011759e-07 9.97853704e-07 2.25422539e-07
  7.29474323e-06 2.04411081e-05 3.03104287e-07 4.80206950e-07
  1.86412694e-06 6.72918395e-06 6.84598353e-06 9.31491741e-06
  1.06259324e-06 1.38282971e-07 5.32126978e-06 2.38000684e-05
  2.20872110e-07 6.49512094e-06 3.25024848e-06 7.82286236e-07]]
[[1.3357885e-11 6.3650430e-12 9.2779976e-12 7.2817976e-12 1.2499036e-11
  6.3985015e-12 4.4030262e-11 2.9852364e-11 1.6055818e-11 1.1220356e-12
  8.9886501e-12 2.4766625e-12 2.8551147e-13 4.5228573e-12 1.3601729e-11
  9.2468849e-13 6.1108388e-12 5.2354805e-11 3.0365868e-12 1.7003668e-11
  6.6238902e-12 2.0801642e-11 3.9763084e-12 2.0793235e-12 4.0643936e-11
  1.8017606e-13 1.6057966e-11 2.3325473e-12 7.4488722e-12 5.6646896e-12
  2.7045819e-11 1.9034730e-12 1.3925536e-11 1.2507399e-11 1.4248816e-11
  3.1922850e-12 3.0706026e-12 4.0557176e-12 1.5795259e-11 2.4748381e-10
  2.2002083e-12 1.5776024e-12 3.7904901e-12 7.6660683e-13 3.6469650e-11
  1.6471853e-11 3.0103259e-12 2.2355132e-12 1.0618894e-11 7.8434282e-12
  1.2884185e-11 9.0725353e-12 2.3637728e-12 1.8120673e-12 2.0875286e-11
  1.2315171e-10 5.6819159e-12 1.5310420e-11 9.9344534e-12 1.0589680e-12]]
[[3.14008160e-11 1.14425153e-11 2.58735117e-11 ... 1.54163862e-10
  2.51210424e-11 3.66553787e-10]
 [3.17917567e-11 3.62551239e-10 4.38644988e-11 ... 5.14173149e-09
  1.73662085e-09 5.16392311e-11]
 [1.37700849e-11 1.92060465e-11 5.14022713e-10 ... 1.92520833e-10
  2.84770315e-11 1.11090789e-11]
 ...
 [1.25841603e-11 1.03966565e-10 1.88228585e-10 ... 3.59359681e-10
  4.57712410e-11 1.43107762e-10]
 [8.89668547e-12 1.96611200e-11 2.28441450e-11 ... 1.04522016e-10
  2.83575875e-12 2.40810479e-11]
 [6.29250731e-12 1.57031072e-11 5.43313727e-10 ... 9.79920867e-11
  4.18242741e-12 7.11596407e-12]]
[[2.3237900e-10 1.5017479e-10 4.5003296e-10 ... 5.1998583e-10
  1.3596228e-10 4.5034788e-11]
 [9.2756830e-11 5.7047624e-11 3.6933248e-10 ... 7.2190171e-10
  2.6694402e-10 1.7421316e-10]
 [1.3103317e-10 6.2382655e-11 3.2015409e-13 ... 5.9363608e-10
  1.4172540e-10 6.9790264e-11]
 ...
 [1.2316910e-10 3.0815794e-10 3.8773065e-10 ... 2.4892330e-09
  1.2524881e-10 5.3493826e-10]
 [2.3830108e-11 1.2512405e-10 2.2671259e-10 ... 8.9736246e-10
  5.8112987e-11 2.1895057e-10]
 [4.4136722e-11 3.5507566e-11 7.0168114e-11 ... 4.4296594e-10
  1.7766507e-11 9.8383655e-11]]
[[3.9290580e-06 3.6948397e-06 1.1688964e-05 1.5925864e-06 6.0021439e-06
  3.8017308e-05 1.0121802e-05 1.2012525e-05 1.5555632e-05 2.6677104e-05
  3.1691909e-06 1.0115165e-05 6.9140165e-06 1.9364261e-05 1.6293165e-05
  7.3042988e-06 2.8354025e-06 1.5355175e-05 1.7815933e-05 2.3255156e-05
  1.6342796e-05 3.0417482e-06 6.1889068e-06 2.9711371e-06 1.8032075e-05
  1.0427045e-05 1.7047874e-05 3.0213396e-06 1.8185347e-05 3.0629617e-06
  3.5262507e-05 1.1798393e-05 3.0170799e-05 3.6760794e-05 1.4090224e-05
  1.6719106e-05 3.3491567e-06 6.1608903e-06 2.2655515e-05 1.2374864e-05
  1.9632844e-06 1.5842932e-05 3.7381744e-06 3.8768053e-06 1.3073490e-05
  5.0452782e-05 2.0327861e-06 4.4641392e-06 1.0784889e-05 2.9845902e-05
  1.5785596e-05 1.2351182e-05 4.4990725e-06 1.2136392e-05 5.0149887e-05
  1.8099387e-05 4.5278233e-05 7.2857802e-05 4.0271566e-06 3.6716895e-06]]
[[1.2843858e-11 1.3131391e-11 1.5402285e-11 1.3204893e-11 1.9575489e-11
  1.1781426e-11 4.4218771e-11 5.0652680e-11 2.9891822e-11 4.5534336e-12
  9.1291030e-11 1.5425479e-11 7.9643991e-12 1.4536141e-11 2.0002019e-11
  8.1990343e-12 6.4729814e-12 2.9249766e-11 1.8288272e-11 5.5780935e-11
  1.8997878e-11 1.9291919e-11 3.7409394e-12 2.0726450e-11 6.7067310e-11
  1.0983633e-11 5.4741680e-11 4.1344254e-11 4.5801275e-12 5.8714721e-11
  4.7901478e-11 1.4892167e-11 5.3315911e-12 1.9727648e-11 2.1387061e-11
  5.9759586e-11 8.2541075e-12 2.1449329e-12 5.3838892e-11 1.1979871e-10
  3.0122866e-11 4.0196908e-12 2.1757277e-12 1.7889854e-12 2.4390297e-11
  5.6614463e-11 1.6380043e-12 8.6759853e-12 1.7544398e-11 1.5484085e-11
  1.6456640e-11 4.0636588e-11 1.2003486e-11 1.1441024e-11 3.5353734e-11
  1.6717742e-10 4.8711438e-11 1.0199237e-11 3.2349110e-11 5.3657790e-12]]
[[5.5565320e-11 6.0428343e-11 1.8977038e-09 ... 1.9962640e-10
  1.8354479e-11 4.5809179e-11]
 [1.2352722e-10 2.3908805e-10 4.3465637e-11 ... 5.2807542e-10
  1.1691108e-09 8.3680597e-11]
 [2.4660178e-09 1.1622245e-10 1.7890111e-11 ... 1.5130850e-09
  1.2658696e-10 4.4105455e-11]
 ...
 [2.9537837e-11 2.4355324e-09 6.8755908e-09 ... 1.8982062e-08
  1.1070909e-10 1.3422918e-08]
 [6.2779951e-12 4.6119455e-10 3.4240208e-11 ... 1.0456062e-10
  7.2022141e-12 9.3251476e-11]
 [4.1008749e-10 1.0310411e-09 2.5388336e-09 ... 9.9852210e-11
  1.8050290e-11 1.2071437e-09]]
[[3.3287895e-10 1.5514262e-09 2.4349928e-10 ... 1.5524569e-09
  1.7447403e-10 5.6917171e-10]
 [1.2857431e-09 3.9990895e-09 3.4977526e-10 ... 1.5579651e-09
  1.6270464e-10 8.8177182e-10]
 [3.5491796e-10 6.3983646e-10 1.1997234e-10 ... 2.0812005e-09
  3.1084146e-10 2.3258417e-10]
 ...
 [4.3270179e-10 9.3806065e-09 1.0341229e-09 ... 2.4176359e-09
  1.3185015e-09 1.5284791e-09]
 [2.1627383e-10 2.2703071e-09 4.6503512e-10 ... 1.5161777e-09
  2.2654405e-10 8.0025903e-10]
 [5.8964202e-11 2.1970790e-09 4.0716155e-10 ... 6.1230887e-10
  4.2349665e-11 1.4558205e-10]]
[[1.0467516e-04 5.5744124e-05 2.2755126e-05 1.4340819e-04 1.9807650e-05
  9.6655735e-05 2.3797025e-04 6.9954013e-04 2.0644818e-04 9.0257869e-05
  2.8939932e-05 1.6555905e-04 4.0461171e-05 4.0884006e-05 3.1571684e-04
  1.6787331e-04 2.1089001e-05 1.4467574e-04 1.2371838e-04 1.2283679e-04
  1.8045628e-04 1.4161608e-04 4.0053335e-04 3.7117308e-05 8.4877924e-05
  2.8081133e-06 3.0412004e-04 7.4515374e-05 4.4609772e-04 7.0045717e-05
  6.6680770e-04 1.4929336e-05 4.7563892e-05 2.2980123e-04 1.3763296e-04
  1.5038793e-04 9.2297996e-05 4.7975675e-05 3.5333098e-04 3.3065639e-04
  2.9639879e-05 5.1480925e-05 4.8539491e-06 3.5527941e-07 4.5881563e-05
  5.9301896e-05 1.5469421e-05 1.9773594e-05 1.0575358e-04 1.6642910e-04
  2.2294322e-05 6.5282150e-04 2.9140730e-05 8.0898499e-05 1.8516852e-04
  1.9525884e-04 4.8806382e-04 8.2658808e-05 7.1463721e-05 3.3420663e-05]]
[[1.4657896e-11 5.5575478e-11 4.0187242e-12 3.8103951e-11 5.6675849e-12
  4.1654410e-12 6.8539611e-11 7.1803054e-12 4.0190250e-11 3.1693862e-12
  3.5783475e-12 8.8850906e-12 3.6416447e-12 2.1371049e-11 2.3368146e-11
  5.3983064e-12 3.2034397e-12 7.6462926e-11 8.4171446e-12 4.4327528e-12
  6.7511925e-12 6.6985355e-11 3.4706478e-12 2.8024917e-12 5.0233543e-11
  9.9879772e-13 4.6352828e-11 6.2575821e-12 1.6698907e-12 3.1765559e-11
  2.4589137e-12 3.2402063e-12 1.4371586e-12 1.0279760e-10 6.6768389e-11
  4.4654263e-11 4.3535340e-12 7.3460699e-12 1.6733965e-11 2.1138782e-10
  1.2274874e-11 3.5028354e-12 4.6948865e-13 5.2843423e-13 3.9221647e-12
  7.7808133e-12 3.4469836e-12 7.0970664e-12 1.0926770e-11 6.2221053e-12
  7.9118778e-12 1.7423685e-10 1.5550457e-12 2.3591868e-12 1.5359301e-11
  7.8972225e-11 8.9491513e-12 3.0873947e-12 4.5088078e-12 7.5238713e-12]]
[[1.8825905e-10 8.5222602e-12 1.2313738e-09 ... 2.8680476e-11
  1.6929050e-09 2.8922537e-12]
 [1.9887185e-10 1.0908767e-11 6.1873305e-11 ... 4.4668037e-11
  5.6795346e-11 4.6807098e-12]
 [1.3027524e-10 5.4039503e-12 3.8784243e-11 ... 2.1058133e-11
  6.4177397e-10 5.4685987e-12]
 ...
 [1.3639628e-09 4.8225691e-11 2.6407129e-10 ... 6.1083028e-10
  3.2813272e-10 3.7652020e-11]
 [7.8934770e-09 7.3118005e-12 1.5174977e-10 ... 1.6909727e-11
  1.8997831e-10 2.3012467e-11]
 [9.7320885e-10 1.7571269e-11 2.6536762e-10 ... 3.1065306e-10
  5.3968763e-10 3.4688367e-11]]
[[3.18295473e-10 5.06398951e-11 1.66423417e-10 ... 2.28431454e-10
  2.46179799e-10 3.18032718e-11]
 [5.46052092e-10 5.16237574e-11 1.78037141e-10 ... 4.44710130e-10
  4.62022143e-10 3.86875636e-11]
 [2.86948298e-10 4.96063642e-11 1.33566713e-10 ... 1.68173878e-10
  2.56375569e-13 1.22668030e-11]
 ...
 [2.53486032e-09 2.12724088e-10 1.03642295e-09 ... 1.55565072e-09
  3.43257067e-09 1.38964257e-10]
 [2.02148714e-12 5.30981335e-11 3.56649738e-10 ... 1.91628893e-10
  1.35540090e-09 1.04008496e-10]
 [1.60214453e-09 2.97891295e-11 4.08144712e-10 ... 1.09732536e-13
  3.55899044e-09 1.07846010e-10]]
[[8.50977813e-06 1.67366670e-06 3.28396277e-06 3.70179464e-06
  1.57324121e-05 5.26960730e-06 1.18863909e-05 3.90553350e-06
  6.43915064e-06 9.05769684e-06 7.29367275e-06 1.20786781e-05
  2.17125103e-06 1.10350193e-05 1.74049558e-06 5.50589857e-06
  9.44923977e-06 1.49817822e-06 3.25704877e-06 3.90546666e-06
  4.00368208e-06 3.44140471e-06 5.60791420e-07 1.46632574e-05
  8.74920952e-05 1.75606438e-05 1.01970945e-05 6.84839051e-07
  1.67965245e-05 7.67881738e-06 6.88818818e-06 2.90464595e-06
  1.73493245e-05 2.46437630e-05 3.16065561e-05 5.12259612e-06
  2.38408575e-06 1.51750021e-06 3.70023954e-05 6.58555882e-06
  1.23748896e-06 1.27755652e-06 1.18722983e-06 1.93686515e-06
  7.43186229e-06 5.29606950e-05 2.09060977e-06 1.82294843e-06
  4.46445119e-06 6.04266097e-06 5.65793698e-06 3.47247374e-06
  4.89066224e-06 5.88172179e-06 2.41770431e-05 6.68065786e-06
  6.14282253e-05 1.33697531e-05 9.71944428e-06 1.05114577e-06]]
[[5.2028260e-12 5.2144925e-12 6.0424712e-13 2.0231414e-12 3.5843375e-12
  1.7499835e-12 5.9641307e-12 1.4740036e-11 9.9254702e-12 1.5279727e-12
  5.0680350e-12 1.1317621e-11 2.5074773e-12 1.7176495e-12 7.9918071e-13
  2.4135592e-12 8.8521872e-12 1.0613325e-11 2.7142548e-12 2.9405092e-12
  1.2773579e-12 3.8912137e-12 1.5970862e-12 4.8141573e-12 1.2176803e-11
  4.9539847e-12 6.2300707e-12 6.3853816e-13 2.8184464e-12 5.2189690e-11
  1.3803386e-11 5.0515005e-12 6.5017380e-12 1.9526226e-11 1.9799542e-11
  4.5555525e-12 6.1946850e-12 1.0183975e-12 2.4953431e-12 2.0078508e-11
  7.9632386e-12 2.5448085e-12 5.1016496e-12 6.6610524e-12 8.5153716e-12
  1.0209345e-11 2.5201154e-12 4.4273732e-13 6.0163363e-12 2.4325119e-12
  6.8125241e-12 2.2781718e-12 2.1136745e-12 5.5744324e-12 1.4076331e-12
  2.0171054e-11 1.0566383e-11 3.5139595e-12 3.2138214e-12 2.7028057e-13]]
[[2.07842277e-08 2.33721977e-07 2.68192029e-08 2.15681002e-08
  7.75929081e-08 1.09167111e-08 1.64176281e-08 1.40276368e-08
  1.54406674e-08 1.09055867e-08]
 [1.57887907e-08 5.21625658e-08 2.91703159e-08 7.50132472e-08
  2.98548635e-08 3.81999605e-08 6.61214772e-09 1.44084682e-08
  1.45954786e-08 3.96603355e-08]
 [1.65356333e-08 2.07389490e-07 2.72137832e-08 2.11657536e-08
  2.85836688e-08 5.87576965e-09 7.80235965e-08 1.25189699e-08
  1.17102923e-08 6.11870732e-09]
 [1.64825735e-08 2.26338145e-07 2.56635317e-08 7.10220789e-08
  3.49595979e-08 1.06143263e-08 8.45084180e-09 1.18736212e-08
  1.86743883e-08 5.98026162e-09]
 [1.44277914e-08 5.99317076e-08 2.69434732e-08 2.10791367e-08
  2.86585884e-08 4.14560972e-08 5.83673803e-08 1.35626870e-08
  1.52227155e-08 2.37103581e-08]
 [1.86710931e-08 5.26875539e-08 2.65785971e-08 6.72016753e-08
  3.23125988e-08 3.68769442e-08 1.16968963e-07 1.43148844e-08
  1.25495037e-08 7.04909553e-09]
 [3.39676163e-08 2.57977945e-07 2.85425976e-08 8.08913967e-08
  6.86290562e-08 9.41818179e-09 1.10023670e-08 1.55586459e-08
  1.51949155e-08 2.02528305e-08]
 [2.89491471e-08 1.78843081e-07 3.05352081e-08 2.11285833e-08
  3.49933806e-08 1.82561202e-08 1.54638204e-08 1.46628754e-08
  1.70289916e-08 9.67095115e-09]
 [1.26936648e-08 4.70729553e-08 2.28872441e-08 6.34111146e-08
  7.16006738e-08 1.89975147e-08 6.74772815e-09 1.43321168e-08
  1.79844193e-08 3.33082859e-08]
 [1.72125425e-08 4.85956591e-08 2.88426385e-08 7.08005743e-08
  3.20240012e-08 1.17880434e-08 8.59288107e-09 1.42362184e-08
  1.92425702e-08 2.29344490e-08]
 [1.48865791e-08 2.12601776e-07 2.92748297e-08 2.08655866e-08
  2.84736856e-08 2.14871374e-08 1.48264618e-08 1.39168828e-08
  1.71790635e-08 1.19563142e-08]
 [1.82736297e-08 2.10266776e-07 2.78912076e-08 7.94086006e-08
  9.37991373e-08 1.54643622e-08 4.01898745e-08 1.59220690e-08
  1.70408718e-08 2.14793001e-08]
 [4.97941670e-08 1.97505187e-07 2.51194905e-08 2.49479424e-08
  3.08476409e-08 2.05504627e-08 3.49247209e-08 1.48946508e-08
  5.59650317e-08 1.07064233e-08]
 [8.54259685e-09 1.75579899e-07 3.81468972e-08 1.49250070e-08
  2.12756195e-08 4.69158046e-09 4.92245711e-08 9.59055413e-09
  9.50993062e-09 5.50419887e-09]
 [1.80871691e-08 2.21979874e-07 2.25762111e-08 2.14527311e-08
  3.03058663e-08 2.05500346e-08 8.65905037e-09 1.19291430e-08
  6.09483664e-08 7.28304572e-09]
 [1.86450553e-08 5.94810921e-08 2.72512111e-08 2.39879210e-08
  2.87503639e-08 1.16147287e-08 8.23388113e-09 1.45250825e-08
  1.60982356e-08 2.17533440e-08]
 [1.34262974e-08 2.07710329e-07 2.46774956e-08 7.17963928e-08
  2.99979170e-08 6.12507201e-09 6.72605305e-09 1.44243826e-08
  5.49471899e-08 5.08690956e-09]
 [3.19556825e-08 5.92091212e-08 2.85554407e-08 7.66611805e-08
  3.17048929e-08 4.35662564e-08 6.68924738e-09 1.78859345e-08
  1.50742778e-08 4.81184159e-09]
 [1.66715637e-08 2.44169598e-07 2.83169026e-08 2.12200764e-08
  3.56030760e-08 7.03368030e-09 8.53021032e-09 1.58590030e-08
  5.43148815e-08 4.80380802e-09]
 [1.70113879e-08 6.31470698e-08 2.27732269e-08 7.00215921e-08
  3.01557108e-08 6.82526258e-09 8.00870907e-08 1.47888191e-08
  5.71694656e-08 6.20502449e-09]
 [2.73580429e-08 2.40795174e-07 2.67097171e-08 2.12708748e-08
  6.78745806e-08 6.90517243e-09 1.27032038e-08 1.44454591e-08
  1.90882155e-08 1.40903618e-08]
 [1.69990546e-08 2.22354657e-07 2.56340211e-08 7.80775480e-08
  3.16129736e-08 1.15097238e-08 5.72971857e-08 1.22891688e-08
  1.37249785e-08 7.91708388e-09]
 [1.27001121e-08 2.15841666e-07 3.40473250e-08 1.56758144e-08
  5.22680637e-08 3.66128527e-09 6.51878906e-09 1.43104515e-08
  1.80473947e-07 5.19847143e-09]
 [1.41144509e-08 2.04021589e-07 2.11974989e-08 1.74194614e-08
  4.93576060e-08 7.42501838e-09 7.77488118e-09 1.42228771e-08
  1.38065515e-08 5.41401768e-09]
 [1.80468192e-08 5.86607634e-08 2.58032138e-08 2.38579272e-08
  3.13526840e-08 1.58998414e-08 2.85779684e-08 1.57846269e-08
  1.63986709e-08 8.62620908e-09]
 [1.76165003e-08 5.66245610e-08 2.49095606e-08 7.26537124e-08
  3.16409121e-08 1.86660003e-08 3.98903346e-08 1.54822128e-08
  1.33047022e-08 1.07612808e-08]
 [1.42720467e-08 6.34514095e-08 2.92855731e-08 2.38508822e-08
  7.78880462e-08 9.82404025e-09 7.67194752e-09 1.34252520e-08
  1.55871067e-08 1.99653609e-08]
 [3.92378254e-08 6.00376637e-08 2.82736590e-08 2.08161683e-08
  6.60567636e-08 6.30061336e-09 4.79070579e-08 1.43453134e-08
  1.31227340e-08 4.89783858e-09]
 [1.79150330e-08 6.13729796e-08 2.77681149e-08 7.34952508e-08
  3.17286890e-08 2.75378813e-08 7.17962445e-09 1.40569467e-08
  7.36076586e-08 8.36535108e-09]
 [3.10960289e-08 5.15875698e-08 2.35285373e-08 1.94814493e-08
  3.39574804e-08 2.05014921e-08 7.78243692e-09 1.49296913e-08
  5.35348335e-08 6.10685369e-09]
 [3.13802673e-08 6.23501819e-08 3.19436246e-08 2.26812098e-08
  3.46459998e-08 1.44850691e-08 4.41240680e-08 1.46922901e-08
  1.94167722e-08 1.43138985e-08]
 [1.21044605e-08 5.22094581e-08 2.96097316e-08 2.04339656e-08
  3.09343484e-08 5.49879964e-09 4.81886886e-09 1.72807031e-08
  5.94715956e-08 3.04392458e-08]
 [6.43567830e-08 3.73741386e-07 2.59643631e-08 6.44833023e-08
  3.41803670e-08 8.15873769e-09 2.46492569e-08 1.36473508e-08
  1.93143936e-08 7.30372340e-09]
 [1.40713583e-08 4.79582347e-08 2.70904899e-08 2.18432294e-08
  7.49603544e-08 8.80568063e-09 5.32351407e-08 1.54460906e-08
  4.57891076e-08 6.54291910e-09]
 [2.47205367e-08 6.82213681e-08 2.37616238e-08 7.77896432e-08
  3.22925651e-08 1.43561296e-08 9.93610705e-09 1.25047022e-08
  1.84467162e-08 2.05507096e-08]
 [1.73501302e-08 2.12602600e-07 2.78289409e-08 2.48061074e-08
  9.04648019e-08 3.36301689e-08 5.99223853e-08 1.56543312e-08
  6.25501002e-08 7.92655630e-09]
 [1.52969104e-08 2.29051963e-07 2.57415120e-08 6.89306177e-08
  8.22987332e-08 7.06528080e-09 7.94677213e-09 1.47513326e-08
  1.45107544e-08 1.98922034e-08]
 [4.81290421e-08 5.47984875e-08 2.56508468e-08 8.11310841e-08
  3.19758406e-08 7.21767757e-09 6.45231708e-08 1.41149625e-08
  6.23236787e-08 2.15749942e-08]
 [1.35386111e-08 6.72384317e-08 2.69118434e-08 2.16865104e-08
  6.90653437e-08 1.11372280e-08 2.60789825e-08 1.85905833e-08
  5.39743326e-08 7.82107268e-09]
 [1.96551611e-07 3.89220617e-07 2.64430859e-08 2.21766054e-08
  1.20811890e-07 3.38768729e-08 5.45051204e-09 1.36631160e-08
  1.36961358e-08 4.19282280e-08]
 [1.07059890e-07 2.84354087e-07 2.81304668e-08 1.75279471e-08
  3.25353611e-08 8.38158876e-09 9.46468504e-08 1.07037890e-08
  1.75189676e-08 7.31491312e-09]
 [1.83398630e-08 2.14714561e-07 2.84104882e-08 2.19179306e-08
  3.41826691e-08 7.87847654e-09 9.34174427e-09 1.41220893e-08
  4.66821710e-08 1.10286074e-08]
 [1.72930985e-08 6.30014227e-08 2.33633610e-08 2.11838884e-08
  7.44733057e-08 9.66420544e-09 6.65351649e-08 1.36200029e-08
  1.64901337e-08 1.87068903e-08]
 [2.26698109e-08 6.33960013e-08 2.49830236e-08 2.64963358e-08
  2.95710141e-08 2.30223431e-08 7.75836639e-09 1.57143152e-08
  1.47430796e-08 5.19728705e-09]
 [7.98024935e-09 3.47054758e-08 1.85384632e-08 4.96656902e-08
  6.06242949e-08 2.29307258e-08 4.63708858e-08 9.46699874e-09
  1.26369759e-08 4.02313960e-09]
 [1.24222597e-08 4.86319855e-08 2.55297010e-08 1.64928480e-08
  8.40576320e-08 5.81528958e-09 4.83083120e-08 1.99648067e-08
  1.56274726e-08 6.37386011e-09]
 [3.50916842e-08 2.66441333e-07 2.94356877e-08 2.14829701e-08
  8.04257994e-08 2.08941007e-08 6.98294489e-09 1.60009908e-08
  1.58019695e-08 6.84062673e-09]
 [2.71595244e-08 2.16305580e-07 2.77974941e-08 6.73762131e-08
  3.48864333e-08 2.86149806e-08 7.24741689e-09 1.65321641e-08
  5.37960325e-08 5.79754911e-09]
 [1.67793157e-08 2.74799788e-07 3.12507211e-08 6.57492052e-08
  6.66016149e-08 7.93169175e-09 7.57485381e-08 1.43332120e-08
  1.84386391e-08 7.64932118e-09]
 [2.09758895e-08 2.29615367e-07 2.99251717e-08 2.38910438e-08
  3.42011113e-08 2.59078234e-08 1.79925230e-08 1.37119835e-08
  1.74018595e-08 1.36296592e-08]
 [1.58595537e-08 2.14864002e-07 2.30028974e-08 2.02210444e-08
  6.82268535e-08 2.74043117e-08 9.64609281e-09 1.56237103e-08
  1.70481211e-08 5.74977888e-09]
 [1.49207704e-08 2.55592283e-07 2.89471824e-08 6.61454465e-08
  6.54338024e-08 6.34224406e-09 6.51513599e-09 1.39071004e-08
  1.56752691e-08 2.28170531e-08]
 [1.23205925e-08 2.24436278e-07 2.93268805e-08 7.06821695e-08
  2.78252426e-08 6.50297549e-09 7.88543364e-09 1.39081111e-08
  1.10118847e-08 5.44223333e-09]
 [6.50122942e-08 4.33259935e-08 2.49180268e-08 2.10284110e-08
  8.79875017e-08 8.25915691e-08 7.88286236e-09 3.78617351e-08
  7.08400734e-08 5.82420467e-09]
 [1.71633818e-08 6.20142373e-08 2.29891732e-08 7.47148334e-08
  3.37399513e-08 1.60813514e-08 9.84849091e-09 1.49220458e-08
  1.57052700e-08 5.59511681e-09]
 [3.86683432e-08 5.60899487e-08 2.45091325e-08 1.38232153e-07
  2.55350248e-08 3.59659573e-08 9.77330483e-09 1.45240024e-08
  8.98350834e-08 6.90282320e-09]
 [2.28441568e-08 1.89046716e-07 2.26057288e-08 2.33421300e-08
  9.06890918e-08 1.85818347e-08 1.00976898e-08 1.89760065e-08
  1.54880926e-08 8.83751028e-09]
 [9.02944493e-08 6.51901004e-08 2.61332413e-08 2.25551489e-08
  8.08612413e-08 1.11003917e-08 1.06304823e-08 1.16078320e-08
  1.67832503e-08 6.66917188e-09]
 [1.42561660e-08 3.13718473e-08 5.09998976e-08 5.08674276e-08
  2.38687363e-08 4.53206495e-09 5.88634430e-09 1.54621524e-08
  1.17961081e-08 5.09116660e-09]
 [1.65927574e-08 2.55956792e-07 2.40571030e-08 2.33711486e-08
  3.35003314e-08 7.32134353e-09 6.70718148e-09 1.26730386e-08
  1.57228097e-08 5.46523937e-09]]
[[1.13586491e-08 2.80024182e-08 6.52740173e-09 2.40584708e-08
  1.35346543e-08 7.72932029e-09 8.71280470e-09 5.58800117e-09
  1.23341906e-08 3.40143735e-09]
 [5.19215515e-09 9.21772951e-08 7.59840457e-09 1.01409006e-08
  3.68701656e-08 6.33321839e-09 1.62569105e-08 2.75178924e-09
  1.57718638e-08 5.95538241e-09]
 [7.98650834e-09 2.67235780e-08 5.65196956e-09 2.39308200e-08
  2.68269975e-08 6.31391428e-09 1.26925448e-08 5.66491787e-09
  1.91304075e-08 2.99953418e-09]
 [5.29467492e-09 2.84037949e-08 5.99898131e-09 1.12757297e-08
  3.20317071e-08 4.17060519e-09 1.85412841e-08 6.31407060e-09
  1.29654740e-08 3.59579455e-09]
 [1.15475780e-08 7.85214809e-08 6.89058854e-09 3.01070457e-08
  2.94433651e-08 7.01393121e-09 8.91768437e-09 4.24511271e-09
  1.85152196e-08 4.85960294e-09]
 [1.42840433e-08 7.97699400e-08 9.96241578e-09 9.43016598e-09
  2.89166309e-08 1.78418825e-11 4.30301836e-11 2.60864574e-09
  2.01795718e-08 6.36638209e-09]
 [1.13763417e-11 3.03616794e-08 6.37388542e-09 1.22201174e-08
  1.19128210e-08 6.87775170e-09 2.68351137e-08 7.36596284e-10
  1.56376423e-08 4.50640592e-09]
 [8.24429414e-09 2.59678021e-08 6.30256647e-09 2.96672802e-08
  2.64679887e-08 6.76533309e-12 2.30742572e-08 6.70118627e-10
  1.29820643e-08 4.20804325e-09]
 [1.92416802e-08 7.08217485e-08 6.27439301e-09 8.95637431e-09
  1.06128484e-08 3.11488124e-09 1.90383389e-08 1.99778016e-09
  1.82357436e-08 5.45677770e-09]
 [1.69959797e-08 8.69509762e-08 9.58768975e-09 1.08617586e-08
  2.54772683e-08 1.40801300e-08 1.48867185e-08 2.57305843e-09
  1.82193407e-08 6.01944753e-12]
 [7.85497711e-09 2.81943358e-08 6.03126438e-09 2.46806238e-08
  2.41257307e-08 3.94350863e-09 1.52903183e-08 9.01209607e-10
  1.15605108e-08 3.56487107e-09]
 [4.70554928e-09 1.51309978e-10 5.96397332e-09 1.22983952e-08
  1.44628807e-08 4.92013141e-09 1.54391066e-11 6.33967101e-10
  1.13622605e-08 4.89509588e-09]
 [1.32989504e-08 2.52678358e-08 5.09169285e-09 2.68808211e-08
  3.06079357e-08 7.63528796e-09 8.41860981e-09 8.30604530e-10
  1.34330680e-08 1.31835576e-09]
 [1.33028202e-08 2.07187671e-08 9.59806545e-09 1.66530576e-08
  1.92403373e-08 8.49814086e-09 8.79307116e-09 6.45066134e-09
  2.54325201e-08 4.35315783e-09]
 [1.16924426e-08 2.88234752e-08 9.43291845e-09 2.72169878e-08
  3.57466767e-08 4.54405136e-09 1.80069293e-08 5.76154546e-09
  1.19578711e-08 1.04047544e-08]
 [1.94918517e-08 1.05787038e-07 5.71440451e-09 2.43800304e-08
  3.90947861e-08 1.49922421e-08 1.49831365e-08 1.81050530e-09
  1.37796539e-08 4.72487827e-09]
 [4.15026369e-09 2.53758596e-08 8.78517614e-09 1.05354285e-08
  2.82638322e-08 5.31055555e-09 1.06299254e-08 6.59680888e-09
  1.10181988e-08 4.93388752e-09]
 [7.50909468e-09 1.02755074e-07 1.17328812e-11 1.01882529e-08
  3.31014682e-08 7.19015381e-09 1.64360969e-08 2.95742749e-12
  2.02643040e-08 1.20701031e-08]
 [1.14121566e-08 3.05220631e-08 7.75434561e-09 2.78448855e-08
  3.46327198e-08 5.32755351e-09 1.06391616e-08 1.45404164e-12
  1.15774297e-08 6.77776235e-09]
 [8.13317502e-09 8.42448671e-08 8.80710527e-09 9.52174606e-09
  3.63599604e-08 5.92455152e-09 2.97876723e-11 7.96559929e-10
  1.21170753e-08 1.07799227e-08]
 [7.43804351e-09 3.08163202e-08 1.03170832e-08 2.84851644e-08
  1.00306607e-08 5.90792526e-09 1.34053657e-08 9.76782211e-10
  1.22323369e-08 3.10476493e-12]
 [1.07533520e-08 2.79216543e-08 6.01576655e-09 1.11476650e-08
  3.05714210e-08 5.55581270e-09 9.48032941e-09 6.40516884e-09
  1.50152921e-08 6.30326635e-09]
 [4.23803463e-08 2.70683991e-08 1.04317319e-08 1.99406536e-08
  6.64901600e-09 1.40021914e-08 1.07515774e-08 6.00674843e-09
  3.01027185e-08 6.34198605e-09]
 [1.39090925e-08 2.48717988e-08 6.73538958e-09 2.20871410e-08
  9.33873601e-09 6.75601397e-09 1.02943662e-08 2.04177120e-09
  1.60322813e-08 4.91085306e-09]
 [4.38468550e-09 7.51552420e-08 5.93842442e-09 2.69887472e-08
  3.08074029e-08 4.66227190e-09 7.06525771e-09 9.20438281e-10
  9.76108350e-09 3.36326123e-09]
 [6.34651665e-09 7.01178919e-08 6.73201450e-09 1.16414078e-08
  3.35603154e-08 6.10376949e-09 7.88178234e-09 7.95692123e-10
  9.98942795e-09 4.12644831e-12]
 [1.36457805e-08 9.71203278e-08 6.12630746e-09 2.85387589e-08
  1.24369750e-08 5.66939784e-09 2.03341575e-08 6.52873799e-09
  1.67439964e-08 4.43384351e-09]
 [8.26883007e-09 8.62052048e-08 5.46622747e-09 2.72272285e-08
  4.91660983e-11 7.13635462e-09 1.85686588e-11 6.50629328e-09
  1.50064405e-08 3.86757071e-09]
 [2.65499089e-09 8.41925001e-08 6.79570933e-09 1.00294457e-08
  4.06986977e-08 7.99898991e-09 8.48989501e-09 1.56649660e-09
  1.43137768e-08 3.11259396e-09]
 [7.54054330e-09 8.61027942e-08 9.05547637e-09 2.67417057e-08
  3.45837279e-08 4.94060881e-09 1.15100063e-08 1.41773605e-12
  1.07758638e-08 7.71269626e-09]
 [9.25415833e-09 9.23622565e-08 6.88592561e-09 2.71241980e-08
  3.30475771e-08 1.42699763e-08 1.05263460e-08 2.31304331e-09
  1.53723008e-08 4.05655376e-09]
 [1.12159144e-08 7.08195245e-08 5.12607734e-09 2.44312872e-08
  2.97374374e-08 9.11506959e-09 1.57638933e-08 6.06808559e-09
  1.12320633e-08 5.19764987e-09]
 [1.19462964e-08 2.15663348e-10 6.11726270e-09 1.08519700e-08
  3.28961143e-08 6.50774279e-09 2.51450309e-08 6.25493568e-09
  2.17707505e-08 1.77730008e-08]
 [9.32193167e-09 9.30900086e-08 5.18135179e-09 2.53250168e-08
  1.05832036e-08 5.68951330e-09 9.07038000e-09 5.46590384e-10
  9.59246105e-09 4.65605110e-09]
 [7.01971592e-09 8.23929796e-08 6.08694384e-09 1.19068302e-08
  3.06943377e-08 5.38476463e-09 1.31031070e-08 6.40328635e-09
  1.13724887e-08 5.65231239e-12]
 [7.63864616e-09 2.70719198e-08 6.13055251e-09 2.92261273e-08
  1.34945646e-08 7.44566275e-09 1.00021955e-08 7.54951213e-10
  1.17889050e-08 4.97596098e-09]
 [1.95230623e-08 3.09833368e-08 9.09605280e-09 1.07319735e-08
  1.06823732e-08 7.14244530e-09 1.20763053e-08 1.21214916e-09
  1.39959129e-08 3.63383257e-09]
 [2.44176537e-11 1.25907079e-07 9.77455716e-09 4.89087208e-11
  3.37954198e-08 1.59505547e-08 1.00626343e-08 3.15468340e-09
  1.18033912e-08 4.36038627e-09]
 [6.58661437e-09 6.91933479e-08 5.07050446e-09 2.50634287e-08
  1.11444010e-08 6.14061824e-09 6.06401818e-09 1.48468759e-12
  1.22182913e-08 2.37010345e-09]
 [2.88694739e-08 2.57497412e-10 1.53816799e-08 2.78250276e-08
  1.50191166e-08 5.50113688e-09 1.45773722e-08 6.76446188e-09
  1.82732744e-08 5.55122348e-09]
 [1.73123560e-08 3.78854672e-08 5.59988322e-09 2.52538044e-08
  3.09658006e-08 1.37866412e-08 1.35826363e-08 3.81848730e-09
  1.85341129e-08 7.75381626e-09]
 [5.92185367e-09 2.76170962e-08 5.61510527e-09 2.72489782e-08
  3.55670586e-08 3.38784090e-09 6.81891699e-09 9.32846800e-10
  1.13678613e-08 3.40354411e-09]
 [7.41572714e-09 8.59667111e-08 9.14813114e-09 2.79684791e-08
  1.13919914e-08 6.89794755e-09 2.42610602e-11 6.50426202e-09
  1.96995469e-08 3.85169363e-09]
 [1.06568417e-11 8.96134154e-08 8.48518500e-09 2.83190769e-08
  3.18352988e-08 5.94751981e-09 9.52809653e-09 7.35859540e-10
  1.09370557e-08 6.27123242e-09]
 [1.12068026e-08 6.77269867e-08 9.63564695e-09 8.99743480e-09
  6.69369404e-09 3.94086053e-09 1.78940838e-11 5.36007505e-09
  9.92746241e-09 4.42852555e-09]
 [1.33049607e-08 6.74286582e-08 7.11574311e-09 2.54388652e-08
  1.03362670e-08 7.60690178e-09 7.95318655e-09 6.67368205e-09
  1.25108492e-08 6.87386503e-09]
 [8.14127787e-09 1.73026524e-10 6.34200381e-09 3.16923625e-08
  1.18006378e-08 4.16064205e-09 1.23613049e-08 1.95014493e-09
  1.20512089e-08 8.11277623e-09]
 [7.28159399e-09 1.32717115e-10 7.04531988e-09 4.14348035e-11
  2.75811036e-08 5.43762768e-09 1.42786885e-08 6.83544377e-09
  1.14428689e-08 6.74567602e-09]
 [1.04500533e-08 3.30015411e-08 6.44585318e-09 9.16641874e-09
  1.05455493e-08 9.05463349e-09 1.40353809e-08 1.86177618e-09
  1.78992394e-08 4.15066426e-09]
 [7.00567471e-09 3.18113891e-08 6.87163615e-09 2.82044805e-08
  3.27236016e-08 9.16030966e-12 1.49814063e-08 8.97125690e-13
  1.37691094e-08 2.87509795e-12]
 [4.81551510e-09 2.44787568e-08 8.68947225e-09 2.58545292e-08
  1.02877609e-08 9.81276345e-12 8.45517079e-09 1.11000609e-09
  1.42643639e-08 5.91026028e-09]
 [1.21935146e-08 3.48657991e-08 6.77370027e-09 4.28068241e-11
  1.13807799e-08 9.69534408e-09 1.75803478e-08 1.02802389e-09
  1.65686984e-08 4.38956826e-09]
 [9.42188372e-09 2.83001604e-08 9.28507671e-09 9.80587878e-09
  2.66328737e-08 4.86667417e-09 1.60926863e-08 9.04375963e-10
  2.24254464e-08 4.75974371e-09]
 [1.07585150e-08 7.06823116e-08 5.35893596e-09 1.84617495e-08
  1.45182240e-08 3.06882401e-11 1.97716332e-08 1.20106815e-11
  1.37474627e-08 1.00508304e-08]
 [4.73858019e-09 8.35566638e-08 8.91241925e-09 1.05662963e-08
  3.04640899e-08 4.31710001e-09 1.05261622e-08 4.99687236e-10
  8.81593198e-09 1.89896388e-09]
 [6.86344936e-09 1.07097762e-07 1.92387546e-08 2.06977777e-08
  5.76653285e-08 7.09654646e-09 1.96316812e-08 3.28293104e-09
  1.47600563e-08 2.72724190e-08]
 [6.04928729e-09 2.49186023e-08 8.60319194e-09 2.39421798e-08
  1.35783909e-08 3.61291752e-09 3.86854460e-09 8.02298494e-09
  1.38251615e-08 3.15356896e-09]
 [1.75463519e-08 1.06661446e-07 9.05781494e-09 2.41726426e-08
  5.79026480e-11 1.00940243e-08 3.66198556e-08 6.33258779e-09
  2.34609541e-08 3.03500514e-08]
 [1.55482471e-08 6.13574613e-08 1.28367104e-08 8.52800763e-09
  2.96598497e-08 7.84801912e-09 7.83221665e-09 2.80458012e-09
  8.78903972e-09 3.93652355e-09]
 [8.38501624e-09 3.24123732e-08 9.17700405e-09 2.82727743e-08
  2.66060614e-08 4.97676567e-09 2.40603075e-08 6.64151933e-09
  1.72330896e-08 8.12732992e-09]]
[[1.1271127e-06 1.0459789e-04 7.2829371e-06 2.9952596e-05 4.6965037e-05
  2.4280698e-06 1.3846683e-06 1.0298826e-06 1.3091975e-05 1.8479128e-06]]
[[2.6921789e-13 1.2475849e-12 1.3908025e-13 4.9562032e-14 1.8849195e-13
  1.2032787e-13 4.7387208e-13 8.5161390e-14 2.9656120e-13 1.0816506e-12]]
