

config:

HOME=/clusterFS/home/student/kopp13
PATH=/clusterFS/home/student/kopp13/miniconda3/envs/tensorflow/bin:/clusterFS/home/student/kopp13/miniconda3/bin:/clusterFS/home/student/kopp13/bin:/usr/local/bin:/usr/bin:/bin:/usr/local/games:/usr/games
LD_LIBRARY_PATH=
THEANO_FLAGS=floatX=float32,gpuarray.preallocate=0.9,dnn.library_path=/usr/lib/x86_64-linux-gnu,cxx=clang++-3.8,device=cuda,base_compiledir=/tmp/tmp.N13Gzow2Uj

=============================
CONFIG FILE

RNN CONFIG
{'data_multiplier': 1000.0,
 'gradient_clip_value': 0.5,
 'layer_configs': [{'layer_type': 'input'},
                   {'bc': {'init_m': 'xavier',
                           'init_v': -4.5,
                           'prior_m': 0.0,
                           'prior_v': 0.0,
                           'type': 'continuous'},
                    'bf': {'init_m': 'xavier',
                           'init_v': -4.5,
                           'prior_m': 0.0,
                           'prior_v': 0.0,
                           'type': 'continuous'},
                    'bi': {'init_m': 'xavier',
                           'init_v': -4.5,
                           'prior_m': 0.0,
                           'prior_v': 0.0,
                           'type': 'continuous'},
                    'bo': {'init_m': 'xavier',
                           'init_v': -4.5,
                           'prior_m': 0.0,
                           'prior_v': 0.0,
                           'type': 'continuous'},
                    'discrete_act': False,
                    'init_config': {'c': {'b': 'all_zero', 'w': 'xavier'},
                                    'f': {'b': 'all_one', 'w': 'all_zero'},
                                    'i': {'b': 'all_zero', 'w': 'xavier'},
                                    'o': {'b': 'all_zero', 'w': 'xavier'}},
                    'is_output': False,
                    'is_recurrent': True,
                    'layer_type': 'lstm',
                    'tau': 0.5,
                    'var_scope': 'lstm_0',
                    'wc': {'p0max': 0.95,
                           'p0min': 0.05,
                           'pmax': 0.99,
                           'pmin': 0.01,
                           'priors': [0.2, 0.6, 0.2],
                           'type': 'ternary'},
                    'wf': {'p0max': 0.95,
                           'p0min': 0.05,
                           'pmax': 0.99,
                           'pmin': 0.01,
                           'priors': [0.2, 0.6, 0.2],
                           'type': 'ternary'},
                    'wi': {'p0max': 0.95,
                           'p0min': 0.05,
                           'pmax': 0.99,
                           'pmin': 0.01,
                           'priors': [0.2, 0.6, 0.2],
                           'type': 'ternary'},
                    'wo': {'p0max': 0.95,
                           'p0min': 0.05,
                           'pmax': 0.99,
                           'pmin': 0.01,
                           'priors': [0.2, 0.6, 0.2],
                           'type': 'ternary'}},
                   {'bc': {'init_m': 'xavier',
                           'init_v': -4.5,
                           'prior_m': 0.0,
                           'prior_v': 0.0,
                           'type': 'continuous'},
                    'bf': {'init_m': 'xavier',
                           'init_v': -4.5,
                           'prior_m': 0.0,
                           'prior_v': 0.0,
                           'type': 'continuous'},
                    'bi': {'init_m': 'xavier',
                           'init_v': -4.5,
                           'prior_m': 0.0,
                           'prior_v': 0.0,
                           'type': 'continuous'},
                    'bo': {'init_m': 'xavier',
                           'init_v': -4.5,
                           'prior_m': 0.0,
                           'prior_v': 0.0,
                           'type': 'continuous'},
                    'discrete_act': False,
                    'init_config': {'c': {'b': 'all_zero', 'w': 'xavier'},
                                    'f': {'b': 'all_one', 'w': 'all_zero'},
                                    'i': {'b': 'all_zero', 'w': 'xavier'},
                                    'o': {'b': 'all_zero', 'w': 'xavier'}},
                    'is_output': False,
                    'is_recurrent': True,
                    'layer_type': 'lstm',
                    'tau': 0.5,
                    'var_scope': 'lstm_1',
                    'wc': {'p0max': 0.95,
                           'p0min': 0.05,
                           'pmax': 0.99,
                           'pmin': 0.01,
                           'priors': [0.2, 0.6, 0.2],
                           'type': 'ternary'},
                    'wf': {'p0max': 0.95,
                           'p0min': 0.05,
                           'pmax': 0.99,
                           'pmin': 0.01,
                           'priors': [0.2, 0.6, 0.2],
                           'type': 'ternary'},
                    'wi': {'p0max': 0.95,
                           'p0min': 0.05,
                           'pmax': 0.99,
                           'pmin': 0.01,
                           'priors': [0.2, 0.6, 0.2],
                           'type': 'ternary'},
                    'wo': {'p0max': 0.95,
                           'p0min': 0.05,
                           'pmax': 0.99,
                           'pmin': 0.01,
                           'priors': [0.2, 0.6, 0.2],
                           'type': 'ternary'}},
                   {'b': {'init_m': 'xavier',
                          'init_v': -4.5,
                          'prior_m': 0.0,
                          'prior_v': 0.0,
                          'type': 'continuous'},
                    'is_output': True,
                    'is_recurrent': False,
                    'layer_type': 'fc',
                    'regularization': {'mode': None, 'strength': 0.02},
                    'tau': 0.5,
                    'var_scope': 'output_layer',
                    'w': {'p0max': 0.95,
                          'p0min': 0.05,
                          'pmax': 0.99,
                          'pmin': 0.01,
                          'priors': [0.2, 0.6, 0.2],
                          'type': 'ternary'}}],
 'layout': [4, 60, 60, 10],
 'output_type': 'classification'}

DATA CONFIG
{'dataset': 'red_penstroke',
 'tr': {'in_seq_len': 30,
        'minibatch_enabled': True,
        'minibatch_size': 200,
        'out_seq_len': 5,
        'zero_padding': 20},
 'va': {'in_seq_len': 30,
        'minibatch_enabled': True,
        'minibatch_size': 200,
        'out_seq_len': 5,
        'zero_padding': 20}}

TRAINING CONFIG
{'beta_reg': 0.0,
 'is_pretrain': False,
 'learning_rate': 0.002,
 'mode': {'max_epochs': 0, 'min_error': 0.0, 'name': 'classic'},
 'task_id': 10,
 'type': 'l_sampling',
 'var_reg': 0.0}
==============================


[[9.2416084e-09 6.3861415e-07 4.6462503e-08 ... 1.6584399e-07
  7.6258902e-07 2.0271113e-08]
 [1.5373155e-08 4.3052182e-08 1.1287062e-08 ... 3.0512507e-07
  4.1843632e-06 1.0627820e-07]
 [2.6114308e-10 3.0263650e-10 4.8823737e-11 ... 1.8206939e-10
  7.6093611e-09 9.6398570e-11]
 ...
 [8.8135150e-12 9.2734140e-11 2.6664033e-12 ... 1.7125890e-10
  6.2423502e-09 2.0942444e-11]
 [3.3912176e-10 1.5440554e-10 6.3494078e-11 ... 5.1032078e-11
  2.0463006e-07 3.0304387e-10]
 [4.8375846e-09 2.6205791e-09 3.4303903e-11 ... 4.8810445e-10
  7.7727302e-10 3.6001641e-10]]
[[3.0949451e-08 1.1994625e-07 1.1464046e-11 ... 4.9278434e-08
  2.5263861e-07 8.2935282e-12]
 [2.4778875e-09 1.9249368e-08 3.6376477e-09 ... 3.8949995e-08
  1.6743065e-09 3.7616275e-09]
 [9.3734716e-12 6.1476750e-14 6.2026430e-12 ... 4.6153251e-11
  2.3594529e-09 2.8395592e-14]
 ...
 [2.5799404e-10 1.2003302e-09 1.3936245e-10 ... 2.4363431e-09
  8.6548174e-10 1.0641158e-10]
 [1.3227674e-13 5.9106031e-10 8.5644221e-11 ... 1.1247191e-09
  9.3855854e-11 7.0713317e-11]
 [2.1480745e-12 9.3341468e-09 8.6013219e-10 ... 2.1932411e-09
  2.6650182e-09 2.2194251e-09]]
[[4.09351051e-05 1.35785958e-04 1.61969965e-05 2.82685040e-04
  9.33635238e-06 5.64451375e-06 9.05853376e-05 6.71205198e-05
  5.59337923e-06 7.98602116e-07 2.60752586e-05 5.81040865e-07
  5.30482066e-06 5.51333287e-05 2.74883132e-05 4.67994600e-04
  1.41852943e-05 2.07213470e-05 3.83997030e-05 1.48904335e-04
  6.10814232e-06 2.86814475e-06 2.28354475e-06 7.01716126e-05
  9.94768488e-05 7.68423561e-05 3.65500251e-04 4.01185316e-05
  8.41471337e-05 1.44836697e-04 9.84583094e-05 2.86564609e-04
  7.92559702e-04 1.58584456e-07 7.90091599e-06 1.38164105e-05
  8.70809963e-05 6.42920168e-06 3.70096386e-04 8.34253751e-06
  2.14244312e-04 4.57527844e-04 1.07762355e-06 1.35813361e-05
  5.97424545e-08 1.98129219e-05 5.70405609e-05 1.50220862e-04
  4.85801138e-05 3.84120176e-06 1.05175286e-05 1.42142462e-05
  6.06631620e-05 6.04692286e-06 1.88369129e-04 2.47800926e-05
  8.13855149e-05 6.60069054e-05 2.23776675e-03 8.08559071e-06]]
[[4.35171257e-12 2.02525788e-10 7.16135647e-13 1.28811293e-11
  1.32982655e-12 3.83911583e-11 3.70252752e-11 2.07666800e-10
  4.34707262e-12 1.75104983e-11 8.21516206e-12 3.63947978e-12
  2.60255879e-11 2.78021495e-11 3.47916751e-10 3.35818803e-11
  2.84533595e-11 1.71211413e-11 7.05240597e-12 2.17276197e-12
  2.82661633e-12 2.08643710e-11 5.62793085e-12 3.11657450e-10
  7.68257610e-11 8.27216073e-11 3.28970712e-10 5.15675384e-11
  9.02504252e-11 1.22678631e-10 1.00731715e-11 1.31904698e-12
  9.60008739e-11 4.25874570e-12 6.26470230e-12 1.49799964e-10
  3.64017358e-11 3.08889719e-11 3.72714026e-10 1.42188188e-11
  1.11023934e-09 2.43976284e-10 6.11712677e-12 8.62234329e-12
  2.74238878e-12 4.33730482e-12 6.81497428e-11 1.91122979e-10
  5.78063509e-12 5.20944290e-13 5.04679042e-11 1.51505145e-11
  5.95944214e-12 5.45283749e-11 3.04861136e-11 4.37798686e-11
  1.72615033e-10 3.51778710e-11 5.84760781e-11 6.46484463e-11]]
[[5.2427617e-07 1.2075643e-06 2.0705322e-07 ... 2.5472295e-07
  1.1381090e-05 1.7390033e-06]
 [1.9870611e-06 3.2016287e-06 6.1057818e-08 ... 6.8575582e-07
  1.2912452e-05 9.5684391e-07]
 [1.3350602e-09 7.0994871e-10 3.0884903e-10 ... 1.8796378e-10
  2.6675306e-08 1.3164698e-10]
 ...
 [2.9896041e-10 3.1501499e-10 2.9460063e-09 ... 2.0155350e-11
  9.0524033e-10 4.3315881e-10]
 [1.9437940e-09 1.4942166e-10 3.4951589e-10 ... 2.9921483e-09
  2.1607916e-07 1.9650612e-09]
 [6.6927330e-09 2.2522060e-09 1.6894350e-09 ... 3.6684553e-10
  2.3101752e-08 2.9172162e-10]]
[[3.69893513e-07 5.48446337e-07 6.77639491e-08 ... 5.76862931e-08
  1.96655861e-07 3.48604630e-07]
 [6.62763782e-08 1.40182209e-07 4.16058255e-09 ... 5.41097478e-08
  4.21271595e-09 2.12828972e-08]
 [3.17415733e-10 1.06552239e-13 4.33193238e-11 ... 4.73927252e-11
  1.80582145e-08 5.60783143e-14]
 ...
 [1.14142762e-09 2.04094186e-09 9.83177190e-13 ... 7.12178094e-10
  2.35867823e-08 3.64718744e-09]
 [9.77364240e-13 4.00013089e-09 6.23061047e-11 ... 3.08334830e-10
  2.91210362e-08 2.65450162e-10]
 [1.92726848e-08 1.40867265e-08 3.87000743e-09 ... 2.30173591e-09
  9.45136449e-08 2.98070568e-09]]
[[6.2308693e-04 6.0434552e-04 6.6290959e-05 1.8710033e-03 3.0446672e-05
  2.1864614e-04 1.3508790e-03 4.0437098e-04 1.1771364e-04 5.4311928e-05
  1.1959953e-04 6.8493398e-05 7.5588410e-05 1.1717100e-04 7.3086889e-04
  2.8562283e-03 3.6465391e-04 1.3333182e-04 1.4672347e-04 4.5947681e-04
  1.8951228e-04 3.0891341e-04 1.4438442e-05 3.5782228e-04 2.7007720e-04
  1.0201647e-03 1.3783972e-03 1.4630365e-04 3.8939863e-04 2.2819410e-04
  3.4102116e-04 1.1031446e-03 3.0870547e-03 2.3027567e-05 1.1421742e-04
  2.2135038e-04 2.4474412e-03 4.7130721e-05 6.3060800e-04 3.2181424e-04
  3.1877519e-04 8.6991745e-04 2.4940312e-04 8.4048042e-05 8.4204203e-06
  1.7562286e-04 3.1860158e-04 3.1367989e-04 2.4397607e-04 5.8133504e-05
  5.7183370e-05 4.8332586e-05 2.4871217e-04 8.1176881e-04 1.1933106e-03
  1.8844138e-04 4.2817584e-04 9.8041630e-05 3.2694482e-03 5.5639117e-05]]
[[5.04375430e-10 3.04489850e-10 4.74021829e-11 3.83496818e-10
  6.46436724e-12 5.60167364e-11 9.25988973e-12 4.12127971e-10
  1.22747940e-11 5.17741516e-10 7.39232547e-12 1.25276118e-11
  1.26023809e-11 4.10405099e-10 8.49357251e-10 3.19218496e-09
  3.76868398e-10 2.24501098e-10 8.69213035e-11 8.26507959e-11
  8.12080195e-11 9.69640257e-10 2.45080789e-10 1.64235070e-09
  4.22986979e-09 1.60450250e-10 3.52820356e-10 1.80136017e-10
  3.27451483e-10 2.26636487e-10 6.37355932e-11 1.40364326e-11
  6.04309658e-10 1.72179753e-11 4.47281934e-11 9.37750877e-10
  1.06545117e-09 8.21302193e-11 3.08568643e-10 1.04548266e-10
  4.98255170e-09 1.80994042e-09 4.90736167e-11 1.22806661e-11
  8.19604020e-12 1.04112448e-10 7.97677702e-10 1.63939709e-10
  2.95951791e-10 2.04607553e-10 1.24715183e-10 5.55535513e-11
  3.54687321e-11 6.25324736e-10 2.62008165e-10 1.51770196e-09
  1.45178425e-10 1.70895409e-10 1.39382939e-09 1.57272889e-10]]
[[3.29975887e-06 5.61670786e-05 1.84628175e-06 ... 6.94270966e-06
  3.61642451e-05 8.83250777e-07]
 [2.23508232e-06 8.50049037e-06 9.23435039e-07 ... 1.80086117e-05
  5.82533585e-06 4.31932858e-06]
 [2.22121130e-08 1.44699142e-08 7.60933094e-10 ... 1.53319735e-09
  2.09109352e-08 4.42192061e-09]
 ...
 [1.67901626e-09 1.71615923e-07 1.00062195e-10 ... 6.52726539e-09
  1.73224302e-09 2.21088828e-10]
 [6.10253466e-08 7.14983855e-07 2.52122073e-10 ... 2.09178648e-08
  6.70780453e-09 2.20988960e-09]
 [1.35055638e-08 1.30944358e-07 1.22366295e-09 ... 1.40403991e-08
  6.39882842e-07 1.57854851e-09]]
[[1.36011204e-05 1.46817856e-05 5.39110033e-07 ... 2.79149344e-06
  4.67491509e-06 3.15873507e-07]
 [6.67929839e-07 1.02564200e-05 1.46740820e-06 ... 1.45003023e-05
  2.61004288e-06 5.20029926e-06]
 [6.47781394e-12 1.92584815e-09 2.29204988e-10 ... 1.57928933e-12
  1.83292773e-11 8.33404734e-10]
 ...
 [8.93510474e-08 2.20045493e-08 4.67161465e-09 ... 3.22290958e-08
  2.75557426e-08 8.26299207e-09]
 [7.34105887e-09 2.86701496e-10 1.90413463e-08 ... 2.18025605e-07
  1.16016317e-07 3.15715525e-08]
 [6.22480457e-07 3.92754345e-07 1.92433394e-08 ... 4.94483992e-08
  1.14836716e-07 1.65807403e-08]]
[[1.9375196e-02 2.5540307e-02 2.7256974e-03 1.0525269e-02 1.6711121e-03
  1.7808157e-03 1.4823755e-02 2.5777428e-03 2.0111830e-04 1.7561907e-02
  2.9066433e-03 3.8180328e-03 7.7316753e-04 1.7282965e-04 7.7335513e-03
  1.9504059e-02 4.7909439e-02 8.3147432e-04 8.0517522e-05 2.0192156e-03
  5.5402690e-03 4.3227505e-02 1.4704722e-03 7.1542058e-03 8.1027765e-03
  2.7533989e-02 3.6468992e-03 3.3758965e-03 3.9083511e-03 8.0640018e-03
  1.0150307e-03 1.8639545e-03 9.5316008e-02 4.6030860e-03 1.1313991e-03
  9.2096068e-03 6.1373771e-03 2.4461505e-04 1.9522384e-02 1.1132453e-02
  7.4024843e-03 4.7009327e-02 3.4072966e-04 8.4135740e-04 1.3304630e-02
  2.1566951e-03 6.0666366e-03 1.9126194e-02 1.7222324e-02 1.5117294e-03
  3.2385800e-03 8.0797384e-03 8.8505177e-03 1.4526510e-02 9.7402986e-03
  1.4866163e-03 6.2495546e-04 1.7381852e-02 1.4725431e-02 6.4659398e-03]]
[[2.70535772e-09 2.02981365e-08 7.13087228e-11 7.46631021e-11
  3.25973688e-12 1.32301781e-10 9.96311436e-11 9.79109682e-10
  9.67601693e-12 4.31124247e-10 2.77386780e-10 9.38360833e-10
  4.01168404e-11 5.46896972e-11 2.73409212e-10 9.39474956e-11
  4.59983340e-09 2.20091900e-09 8.72769426e-11 5.99424260e-11
  1.11692811e-09 3.80415566e-09 1.96490646e-09 1.22809389e-08
  4.30019215e-10 3.46706708e-09 4.12852530e-10 4.12529610e-09
  2.56377497e-09 2.52297183e-09 3.47957427e-11 1.15500824e-10
  2.90920887e-09 4.27623006e-11 1.95207142e-10 5.00713160e-09
  4.19330154e-10 2.74175926e-09 1.05148434e-09 3.77005316e-09
  1.27674737e-09 1.84035187e-08 6.63828575e-11 3.18725532e-11
  1.10531466e-10 6.62955468e-10 4.76813700e-09 2.48327470e-11
  7.16545920e-12 8.42053163e-11 5.72336845e-09 2.19029808e-08
  6.54947252e-09 3.25830446e-10 7.19927173e-11 3.94952959e-09
  7.37181982e-10 5.39033679e-11 1.47765080e-08 1.03740683e-09]]
[[1.4849240e-06 1.0618082e-06 7.7597356e-08 ... 4.5920814e-07
  6.6679655e-07 5.8802538e-08]
 [4.8650895e-06 2.4348432e-07 1.0707210e-08 ... 6.2396305e-07
  2.7324254e-06 1.1237291e-08]
 [1.0593960e-09 6.2440364e-10 2.1167583e-10 ... 3.4448642e-11
  1.0096262e-09 8.2413958e-11]
 ...
 [3.3483913e-10 1.9373264e-10 4.3510208e-12 ... 1.7541363e-10
  1.4657242e-10 6.8636742e-11]
 [6.3251610e-10 4.1329648e-10 4.5408940e-10 ... 1.5394528e-08
  1.0450502e-09 4.7564896e-10]
 [1.0593436e-07 2.1946216e-09 1.5517449e-08 ... 2.0143858e-09
  3.6977235e-09 3.8576170e-11]]
[[3.4487138e-07 1.1613806e-06 6.2320666e-08 ... 2.0114882e-07
  7.6847215e-08 8.6617682e-08]
 [8.4804796e-08 2.5477766e-07 8.8965519e-09 ... 1.1869564e-07
  1.0609265e-09 4.9407274e-09]
 [4.1977608e-10 1.8631208e-13 6.1220050e-11 ... 1.3643955e-14
  4.4107062e-10 1.8645963e-14]
 ...
 [1.3689011e-09 5.5347527e-09 4.8582499e-10 ... 1.7626961e-09
  1.5727352e-09 1.1890253e-09]
 [6.1167071e-10 1.0635594e-08 5.9226082e-11 ... 2.7960096e-09
  3.0640567e-08 3.9017966e-11]
 [3.0311323e-11 4.3225157e-08 6.7454506e-12 ... 1.2167502e-08
  8.5449319e-09 7.8493412e-10]]
[[6.5612537e-04 1.3752098e-03 7.4962016e-05 5.4126309e-04 3.4926754e-05
  2.4480169e-04 3.1461077e-05 3.5252047e-05 6.0181104e-05 8.0162667e-05
  1.0462642e-05 5.7822774e-05 7.3179006e-05 6.4887718e-04 8.7000203e-04
  6.0365273e-04 1.0733695e-04 4.5865279e-04 6.8185036e-05 3.1704383e-04
  3.1735376e-04 6.0809084e-04 3.0038202e-06 3.3867289e-04 3.0592349e-04
  2.8285917e-04 1.5875930e-03 9.7121425e-05 8.6456706e-04 5.1020383e-04
  7.4155068e-05 2.0789473e-04 7.1697816e-04 4.2857631e-05 1.7411672e-04
  2.8300990e-04 1.4772810e-03 4.1823700e-05 3.2464799e-04 2.8236199e-04
  4.5043588e-04 6.3287537e-04 1.4908875e-04 1.9991212e-05 2.2321197e-05
  6.6130837e-05 2.1858704e-04 4.9110764e-04 1.3147728e-04 1.7438122e-05
  8.3031984e-05 4.6080855e-05 7.9854319e-05 6.5969187e-04 3.2070582e-04
  1.5603639e-04 1.5402147e-04 3.5828858e-04 1.0881366e-03 2.5265348e-05]]
[[4.46178261e-10 2.13559948e-09 1.79497736e-11 3.03657516e-11
  9.39540199e-12 8.43446354e-11 1.41125254e-11 6.11781667e-11
  5.75726584e-11 1.08819065e-09 2.46547747e-12 3.17987615e-11
  3.63667707e-11 9.72839587e-11 3.44487355e-10 4.53976544e-11
  3.14749893e-11 1.56927839e-11 6.08697953e-11 6.61680650e-12
  1.05869413e-09 3.22204180e-10 1.67395976e-11 1.38904471e-10
  8.20122234e-11 4.04242646e-11 1.70369663e-10 1.69098954e-11
  7.26006824e-11 3.99444818e-11 6.06321547e-12 2.64773169e-11
  1.89706209e-10 2.48960210e-11 1.66144085e-10 3.13950999e-09
  1.06054825e-10 1.34839110e-11 1.67073508e-10 1.67659206e-10
  3.30330763e-10 3.30844963e-10 2.08047427e-10 2.02727748e-11
  7.08546971e-11 9.32699265e-11 3.03420102e-11 1.77417372e-10
  4.56485197e-12 8.36225793e-12 2.06842030e-10 3.02384576e-11
  6.09063407e-12 1.24726518e-09 2.50971249e-12 1.22193479e-11
  2.99058382e-11 2.66635689e-11 7.90941868e-10 1.64768338e-11]]
[[3.1849790e-11 7.0488934e-11 7.9021728e-13 ... 1.4957901e-12
  5.2745711e-12 1.8475570e-12]
 [2.7504263e-11 1.0735700e-09 5.5690858e-13 ... 3.0081836e-11
  1.0755100e-12 1.3597705e-12]
 [7.5641620e-12 7.2946885e-11 1.6320361e-12 ... 1.7166364e-11
  4.8729163e-12 3.4899022e-12]
 ...
 [2.4817964e-11 5.7963745e-10 6.7495003e-12 ... 9.6242736e-12
  3.0066268e-12 2.3724172e-11]
 [2.8217154e-11 2.7577298e-09 3.5275064e-11 ... 2.2866556e-13
  2.5782176e-12 1.8244120e-11]
 [4.0790962e-10 1.5597695e-10 4.6651519e-12 ... 4.3142942e-14
  4.0399684e-12 1.4701599e-09]]
[[1.9142641e-14 4.4035886e-10 2.4414166e-12 ... 7.4517536e-12
  1.7546112e-11 6.4454782e-11]
 [9.2850928e-11 1.1873469e-10 4.6855271e-12 ... 5.1245865e-12
  1.7439336e-11 3.5361457e-11]
 [3.5418137e-11 4.2907708e-10 5.3911038e-12 ... 2.4467211e-11
  3.0727542e-11 3.8115577e-11]
 ...
 [6.1795701e-11 1.6715619e-09 6.9512998e-12 ... 1.1217862e-10
  6.7958979e-11 2.4009794e-10]
 [4.0797941e-11 8.6757820e-13 5.3793246e-15 ... 1.1428629e-11
  1.4357163e-10 2.2393602e-10]
 [1.0090559e-13 7.9420370e-10 3.7575438e-12 ... 7.3134667e-12
  3.1662530e-11 1.9678348e-10]]
[[3.30955845e-06 3.01370437e-05 3.46535558e-07 3.40597544e-05
  4.54245679e-07 9.03975706e-06 4.22516168e-05 3.92082029e-06
  4.68287726e-06 1.72120199e-05 5.55546592e-07 4.03632657e-06
  3.74508704e-06 2.97695010e-07 2.30927185e-06 2.02952742e-06
  2.22848166e-06 1.21056928e-05 3.04517398e-05 1.77098536e-06
  2.27025475e-06 2.58207365e-06 1.12635316e-05 3.15111834e-06
  1.99973715e-06 3.91767188e-08 2.44976782e-05 6.33767797e-07
  4.31082890e-06 2.02758201e-06 1.52725297e-05 1.57336035e-06
  5.45725607e-06 1.29214022e-05 3.05269691e-06 1.46800794e-05
  8.42114696e-06 2.47555431e-06 3.58634793e-06 5.04817945e-06
  6.88159480e-06 3.79421476e-06 1.11292156e-05 1.31089180e-07
  6.81950905e-06 9.23691277e-06 1.63069456e-06 3.10296230e-07
  2.47066373e-06 1.11729355e-06 7.91747607e-06 1.51130525e-05
  2.07713538e-06 7.53891925e-07 1.07055166e-05 7.10558816e-05
  5.40261453e-07 1.14044781e-06 1.03139246e-06 2.26163934e-06]]
[[1.5187024e-12 9.5519516e-11 5.8929706e-13 2.4278635e-10 3.9397671e-13
  1.6322227e-12 1.1248402e-11 1.7985101e-12 3.5573820e-12 1.7614187e-12
  2.8786875e-14 8.2444459e-12 1.2115406e-13 2.8466923e-13 2.4319557e-13
  1.3350242e-13 1.7361676e-12 1.3773708e-12 1.5882712e-12 1.3231464e-13
  9.8552839e-13 5.1255653e-12 1.4670268e-12 2.5376977e-12 1.9399917e-13
  1.5148153e-14 3.4874096e-12 2.7424449e-13 3.8221631e-13 1.2719772e-12
  1.1217278e-12 3.0147651e-13 6.0860361e-13 1.1966835e-12 1.9079185e-12
  1.9081858e-12 8.5632335e-12 1.6350130e-11 6.1853284e-13 3.9558686e-12
  6.3938709e-13 3.7761165e-13 8.3853202e-12 6.4557360e-13 3.1013562e-12
  1.0060423e-11 3.3568482e-13 1.0078966e-12 1.3966306e-12 2.7729609e-13
  2.0350541e-13 2.3742989e-12 7.6930250e-14 2.8270832e-13 1.2713714e-12
  1.6611634e-11 6.0045637e-13 9.4643380e-13 1.2274929e-12 2.9686891e-12]]
[[1.5606506e-09 2.3886862e-08 1.1018011e-11 ... 6.2951734e-11
  6.1511352e-12 4.0524329e-12]
 [3.5544705e-09 1.8571140e-10 4.0535429e-11 ... 2.1998494e-09
  5.0528583e-12 7.2939044e-10]
 [7.5957329e-10 2.7978111e-09 6.2723143e-10 ... 1.5082281e-09
  3.1842997e-11 1.6972106e-10]
 ...
 [2.8771796e-11 9.8988512e-11 1.2678027e-11 ... 3.2746410e-11
  2.6420708e-12 1.6605767e-11]
 [6.7170108e-10 4.5532134e-09 7.4310037e-12 ... 6.3774708e-11
  1.1193565e-12 9.5144836e-10]
 [6.0949662e-11 1.0281377e-10 1.6197637e-11 ... 2.8795888e-10
  1.1049238e-11 7.9307638e-10]]
[[2.3121273e-10 3.2322616e-09 7.2910879e-11 ... 5.1708748e-10
  1.4115172e-10 1.8602585e-10]
 [1.7610075e-12 2.7796925e-09 2.1467798e-10 ... 1.7720984e-10
  9.8466478e-11 1.0510073e-10]
 [2.1614550e-09 4.2848405e-09 3.7535404e-13 ... 3.3067373e-09
  3.3742042e-10 4.3764137e-10]
 ...
 [3.1039216e-10 1.1315777e-09 7.0153494e-11 ... 9.0437130e-10
  5.4458299e-11 1.4950106e-10]
 [4.4347159e-13 2.2224410e-12 7.1205430e-11 ... 1.9487050e-09
  7.0166810e-11 3.5318073e-13]
 [1.5828965e-10 1.4504661e-09 5.9699988e-11 ... 3.1865501e-09
  1.3215977e-10 1.1268226e-10]]
[[2.69211469e-05 3.24889785e-04 5.52067695e-06 1.60544023e-05
  1.70203966e-05 3.05044268e-05 1.73093707e-04 8.70521399e-05
  6.31772173e-06 8.94722587e-04 6.23924188e-06 4.51388369e-05
  7.58549068e-05 2.72963051e-04 7.29050007e-05 1.10014145e-04
  4.93759217e-05 2.09684367e-04 2.62783054e-04 5.48949174e-05
  1.21136844e-04 8.41608198e-06 8.04792144e-05 2.58413402e-05
  3.00417341e-05 5.54498547e-05 1.75905487e-04 3.37753931e-06
  1.79287017e-04 1.53840283e-05 2.88921670e-04 5.00927563e-05
  1.05619416e-04 1.09113302e-04 9.36480355e-05 1.94421315e-04
  6.19109487e-05 1.38554178e-05 2.03684267e-05 4.77174326e-05
  1.11133686e-05 7.87925455e-05 7.86755700e-05 2.97474662e-06
  2.19914495e-04 1.99794551e-04 1.01562364e-05 2.33868423e-06
  1.30325323e-04 3.98830707e-05 5.39943758e-05 3.89755478e-05
  4.94262385e-05 5.98718798e-05 2.06949189e-04 5.73163386e-04
  8.98317521e-05 3.22254600e-05 5.86960869e-06 1.13803308e-05]]
[[4.2787839e-11 6.1773919e-11 1.2200113e-12 2.5847461e-11 2.1922882e-12
  4.6955499e-12 9.6194552e-11 2.6768110e-12 9.1299841e-13 2.5877394e-11
  4.0750361e-11 3.6871777e-12 1.2683405e-12 4.4155239e-12 8.8744246e-13
  3.4776546e-13 2.0051363e-12 2.5447218e-12 8.0270972e-12 2.0155715e-13
  7.6221460e-12 1.0299677e-11 1.6621390e-12 2.9594865e-10 5.3175235e-11
  7.1926379e-13 8.5155258e-11 1.2777844e-13 7.9596971e-12 1.8427699e-12
  4.5454689e-11 4.9185409e-11 5.3959771e-11 8.6305324e-10 5.9851004e-12
  2.5550190e-10 7.4822135e-11 2.0317486e-11 2.0586412e-12 3.9494213e-11
  6.5385648e-12 1.1580675e-11 3.5009779e-12 1.7296959e-12 2.6684746e-12
  4.5353707e-11 2.3204737e-12 5.3691117e-13 3.6190221e-11 6.3670369e-13
  3.2422324e-12 1.5755737e-11 1.4303371e-12 7.3107975e-13 2.1708453e-12
  1.7076765e-10 1.1317130e-11 7.8752006e-13 1.5511852e-12 3.6944974e-12]]
[[2.64725082e-11 6.19739607e-11 1.61395652e-09 ... 1.97407729e-10
  4.97957064e-10 3.04439668e-11]
 [4.66913418e-11 1.83469559e-10 1.85226053e-11 ... 3.34347133e-10
  7.70108977e-11 7.14442741e-11]
 [5.74077896e-09 3.44848400e-10 1.27649044e-10 ... 8.73222650e-09
  1.50035913e-08 2.66490829e-10]
 ...
 [4.24719322e-11 4.83045035e-08 4.48821202e-09 ... 1.10036764e-10
  2.03978820e-10 7.63436425e-09]
 [3.79322442e-11 3.46578162e-08 2.94418778e-09 ... 1.26130009e-10
  3.87551692e-11 1.34674674e-10]
 [2.07276609e-11 8.50941095e-10 3.33340827e-10 ... 2.06845957e-10
  2.05789580e-10 1.29697364e-10]]
[[3.1545630e-10 1.4182354e-09 2.1767159e-10 ... 5.0783302e-09
  9.1287813e-09 9.6461339e-10]
 [5.1310883e-10 1.1656485e-09 9.9766452e-11 ... 2.2823021e-09
  1.2436799e-09 6.9426642e-10]
 [7.8715207e-10 1.6569416e-09 5.9085725e-10 ... 5.3258900e-09
  3.1408907e-09 2.6049738e-09]
 ...
 [3.3555647e-10 1.8441712e-11 4.1430676e-10 ... 5.9257427e-10
  4.3666426e-10 1.0441680e-09]
 [3.1987882e-10 5.1215174e-09 1.4087353e-12 ... 2.7576961e-09
  4.4330029e-10 1.3812563e-09]
 [2.7690017e-10 9.2016403e-09 1.2566548e-09 ... 1.8737443e-09
  7.8184514e-10 1.8932835e-09]]
[[5.44221766e-05 5.23061753e-05 3.10731702e-05 1.25189207e-03
  3.25274683e-04 1.46794424e-04 7.48220657e-04 1.49480577e-04
  6.51682436e-04 2.08733440e-03 1.84382821e-04 1.01896345e-04
  8.07102013e-04 4.98913554e-03 1.22283748e-03 1.12749990e-02
  4.96543362e-05 2.75113824e-04 2.33244617e-03 1.22895435e-04
  1.51010070e-04 3.41766194e-04 1.87940459e-04 1.52853827e-04
  4.24580940e-05 2.51730271e-05 4.50132211e-04 2.30339429e-04
  9.48501383e-06 2.54832237e-04 3.26176709e-03 5.25201431e-05
  4.63704066e-03 1.32208446e-03 2.59016408e-04 2.70657800e-03
  8.42414811e-05 8.20080657e-03 5.83800662e-04 1.89773695e-04
  1.02145474e-04 8.59332911e-04 3.02691351e-05 1.53000583e-04
  1.02095830e-03 6.44107931e-04 1.80225674e-04 2.83857571e-05
  4.08341468e-04 7.23419071e-05 1.82475560e-04 1.02701923e-03
  4.68883445e-05 2.49673903e-04 1.75139215e-03 1.03784165e-04
  9.25587898e-04 5.43207861e-04 3.49551468e-04 6.88111686e-05]]
[[7.5768547e-13 4.1703125e-12 1.2320789e-13 2.0284212e-11 1.2875395e-11
  5.5944875e-13 7.9563732e-13 5.5439296e-13 8.3989872e-12 7.0101308e-12
  3.6747428e-11 1.0264340e-12 3.7144632e-12 8.1559785e-12 4.8113219e-12
  2.6171659e-11 5.6503885e-13 1.3430394e-12 1.9123030e-11 5.2461291e-13
  4.5118826e-12 2.1123750e-11 9.7678603e-13 1.1050751e-11 1.2618367e-11
  3.8508639e-13 1.5782186e-11 2.2960134e-12 1.0942418e-12 1.6602289e-11
  1.7701862e-10 4.4908040e-12 2.4815056e-11 7.4588731e-11 3.2967511e-12
  2.2478966e-10 1.3470976e-12 2.2763985e-10 2.6515719e-12 4.5181293e-11
  8.6030670e-12 2.4982424e-10 4.1320189e-12 1.3308631e-10 1.3332978e-11
  1.1648267e-11 8.6008750e-13 2.1563823e-13 1.8292035e-12 1.3364145e-12
  1.9557599e-11 1.0807835e-10 2.5924252e-13 1.5864457e-12 9.8841282e-12
  3.7534909e-11 5.1523989e-12 1.0070360e-12 3.8726539e-12 5.6376220e-13]]
[[3.4921707e-10 9.1147356e-09 1.8633781e-10 ... 3.9660926e-12
  7.8093981e-10 4.3934422e-12]
 [4.1464377e-11 1.4911720e-08 3.7294161e-11 ... 4.7688489e-12
  1.7363510e-11 1.4311138e-11]
 [1.7866678e-10 9.8467477e-11 4.7943000e-11 ... 2.5210387e-10
  2.4153962e-10 4.3584227e-11]
 ...
 [2.6078614e-10 1.8475184e-08 1.5281061e-10 ... 2.3317895e-10
  3.8372906e-11 6.2334381e-11]
 [2.1488243e-10 2.6892041e-10 1.0272222e-10 ... 1.9729054e-09
  3.5303403e-11 3.6242703e-11]
 [2.1390335e-10 2.2691007e-10 1.2769370e-10 ... 1.5085440e-10
  2.6402909e-11 4.8422780e-11]]
[[3.72741754e-10 4.71823405e-12 2.76722117e-11 ... 8.83415216e-11
  1.07244144e-10 7.07371245e-11]
 [6.06455774e-10 1.76943260e-09 1.04107223e-10 ... 9.41535825e-12
  1.47040671e-10 9.19207627e-11]
 [8.21304635e-10 9.24181176e-09 1.27241009e-10 ... 9.68985363e-14
  6.11344697e-10 2.08657952e-10]
 ...
 [7.72812758e-10 8.23098794e-12 4.18128587e-10 ... 1.12643728e-09
  3.88501009e-10 2.07143469e-10]
 [7.61932961e-10 6.00997296e-09 3.48334195e-10 ... 3.66468078e-10
  5.00503361e-10 2.13107934e-10]
 [8.46768433e-10 5.67012926e-09 4.59396965e-10 ... 6.67342626e-10
  3.31108113e-10 2.04872799e-10]]
[[2.35779771e-05 2.94773927e-04 2.71621616e-06 1.00825549e-04
  8.28266093e-06 2.83397890e-06 2.02146075e-05 8.64594085e-07
  2.77868639e-06 5.26017975e-04 5.16772889e-06 8.04873707e-05
  1.11656518e-05 1.52369452e-04 3.41003829e-06 6.78522265e-05
  3.03314664e-05 9.00418745e-05 5.99437881e-05 8.24469225e-06
  3.42227509e-06 2.17628190e-06 1.09533496e-04 1.57559844e-05
  1.00678953e-05 8.71167358e-05 1.11737418e-05 1.64479911e-06
  1.72462260e-05 2.58563364e-06 2.01211195e-04 7.55150040e-06
  6.52897215e-05 7.04776248e-05 1.82093772e-05 3.01411801e-05
  3.28136266e-05 2.31695253e-06 2.34742984e-05 8.96983784e-06
  1.31383013e-05 1.25057604e-05 2.62352805e-05 5.11215603e-06
  6.34128082e-05 9.97806856e-05 4.06902882e-06 2.34231166e-07
  6.83994440e-05 7.16631184e-05 9.09045139e-06 3.22938431e-05
  6.68882240e-06 1.66262107e-04 2.83076170e-05 1.59869742e-04
  4.43981582e-04 3.86559259e-06 1.70034764e-05 5.93790446e-06]]
[[5.3215531e-12 2.9087442e-12 4.4247556e-13 1.2317411e-10 1.5331897e-12
  2.8466544e-13 3.7030431e-11 2.0026949e-13 3.9752083e-13 1.6409297e-12
  2.0750489e-12 1.8416661e-11 4.0190540e-13 5.1472147e-12 4.8665022e-13
  7.8699981e-12 8.0592793e-14 1.1315057e-11 4.4197159e-12 5.9433253e-13
  1.2845527e-13 8.4625683e-12 1.2556020e-12 1.1136159e-11 1.8216036e-12
  1.2334839e-12 1.1916030e-12 8.1394841e-13 2.6548238e-13 1.0806272e-12
  1.4909176e-11 1.8803169e-12 3.4091662e-12 1.7412835e-11 1.6065617e-13
  6.0500297e-13 2.7165325e-12 1.8585821e-12 1.0395577e-12 5.2395484e-12
  5.2568101e-13 5.0145682e-12 9.2960535e-12 3.3765354e-13 1.1192974e-12
  1.7732621e-11 9.4352672e-13 6.6649691e-13 2.4880673e-12 6.2513827e-12
  5.4649205e-13 6.5488601e-11 2.0552997e-12 4.2993620e-13 1.0174942e-12
  7.5967357e-12 1.1832690e-12 3.0038329e-14 3.7287416e-11 2.3588406e-12]]
[[3.82715086e-08 1.85184433e-07 4.08732035e-08 1.80813178e-08
  3.87854477e-08 1.19644596e-08 8.48281534e-09 2.57753943e-08
  1.96762002e-08 5.18420107e-09]
 [2.47344509e-08 4.12457091e-08 1.34867449e-07 2.15218314e-08
  2.34946320e-08 1.20496368e-08 8.27661211e-08 1.46439900e-08
  3.09456425e-08 6.85124704e-08]
 [3.10643493e-08 2.09360579e-07 4.29537472e-08 3.06106962e-08
  1.71079027e-08 9.90179405e-09 2.04028474e-08 2.62916124e-08
  2.20872671e-08 5.27782440e-09]
 [3.31606884e-08 2.01317221e-07 4.47608990e-08 3.15522080e-08
  2.31875887e-08 1.17585097e-08 9.36401090e-09 3.17159312e-08
  2.54285677e-08 6.98582658e-09]
 [8.86808493e-08 4.80025903e-08 4.33084182e-08 2.27185488e-08
  1.76693806e-08 1.11759299e-07 7.59106911e-08 1.46623949e-08
  2.22543441e-08 1.48704986e-08]
 [3.57672505e-08 5.19330463e-08 9.88200952e-08 2.96613720e-08
  2.02212949e-08 4.10246450e-08 2.67368048e-08 1.60862239e-08
  1.71759602e-08 6.31551700e-09]
 [3.29117249e-08 2.07269565e-07 4.12136778e-08 3.08729291e-08
  3.40480746e-08 1.05576241e-08 1.00137703e-08 1.55057993e-08
  1.98879775e-08 1.16495578e-08]
 [3.04131937e-08 2.07371968e-07 4.32904663e-08 1.95114094e-08
  1.92015737e-08 3.31032872e-08 9.40493194e-09 1.61312563e-08
  2.08630446e-08 9.91033389e-09]
 [3.37987665e-08 4.94884667e-08 9.54668593e-08 2.99116998e-08
  3.12545332e-08 4.27141842e-08 8.98755825e-09 1.61895350e-08
  1.90804013e-08 5.35737499e-09]
 [7.34863477e-08 4.56210785e-07 8.14631633e-08 6.94524260e-08
  6.92984372e-08 4.18635153e-08 4.01786409e-08 2.99824734e-08
  7.97675952e-08 4.25027977e-08]
 [3.50676572e-08 2.46578310e-07 4.07213570e-08 2.03574242e-08
  1.95860590e-08 1.03989199e-08 1.03624425e-08 2.95882359e-08
  8.58344933e-08 1.22308528e-08]
 [3.29523679e-08 4.81121702e-08 4.42004975e-08 2.95304101e-08
  1.63375731e-08 1.21785435e-08 3.14733022e-08 1.40136232e-08
  2.35254021e-08 1.52325477e-08]
 [3.99907343e-08 1.73636735e-07 5.22490708e-08 1.72476877e-08
  2.47586520e-08 2.71536695e-08 2.55887649e-08 4.92994623e-08
  9.13004428e-08 9.10753251e-09]
 [2.79272641e-08 2.71991013e-07 1.18523097e-07 1.99459613e-08
  1.88993905e-08 9.74083303e-09 6.12888655e-08 1.39204728e-08
  2.08183657e-08 9.54644541e-09]
 [3.24207790e-08 2.00030939e-07 1.04851885e-07 1.96232097e-08
  1.82281035e-08 4.83996523e-08 7.81668685e-09 2.33986839e-08
  6.60159429e-08 4.82841545e-09]
 [1.00383488e-07 4.54388669e-08 4.41273791e-08 1.79631012e-08
  1.87786267e-08 1.15033272e-08 1.02721120e-08 1.58517697e-08
  2.12248406e-08 1.81161042e-08]
 [3.12067421e-08 1.95245732e-07 9.65506075e-08 2.67601532e-08
  1.65281300e-08 4.15396215e-08 8.51619930e-09 2.70600911e-08
  5.39688045e-08 4.97497643e-09]
 [3.90510770e-08 5.05058075e-08 3.97365909e-08 3.00020595e-08
  1.62487463e-08 4.50005260e-08 7.59740804e-09 2.68310263e-08
  2.09619255e-08 5.30382360e-09]
 [3.18656426e-08 2.24751957e-07 4.16824584e-08 1.97550047e-08
  1.81683717e-08 9.44855838e-09 2.46569645e-08 1.50442698e-08
  9.89561713e-08 5.62315483e-09]
 [3.34062342e-08 2.20184759e-07 9.90547093e-08 3.11675379e-08
  3.34030581e-08 1.18359402e-08 2.69377285e-08 1.71546084e-08
  5.83385500e-08 5.23991250e-09]
 [4.95200929e-08 2.18522331e-07 9.07474700e-08 2.06822914e-08
  3.86553616e-08 9.20333676e-09 8.99691610e-09 2.53972718e-08
  2.01936032e-08 5.46748469e-09]
 [3.11213597e-08 1.97427468e-07 4.29751985e-08 3.21417595e-08
  1.93188079e-08 1.00053814e-08 4.97198336e-08 3.17601696e-08
  2.10186588e-08 5.24815258e-09]
 [3.36069057e-08 1.74045908e-07 1.07369011e-07 1.73418968e-08
  4.62868037e-08 9.09179487e-09 8.61392557e-09 2.32969199e-08
  4.17922479e-08 4.68619676e-09]
 [2.76509908e-08 1.85172027e-07 4.25786162e-08 1.72406054e-08
  3.86932797e-08 1.07413447e-08 9.24667898e-09 2.41224072e-08
  1.77994277e-08 5.52734436e-09]
 [2.93193754e-08 2.08490022e-07 4.28203606e-08 1.86276807e-08
  3.82482277e-08 1.05779243e-08 1.82227193e-08 1.62859184e-08
  6.88723105e-08 1.11790879e-08]
 [2.84776203e-08 4.74684185e-08 3.93198469e-08 3.52259129e-08
  1.87544256e-08 3.13751123e-08 3.66247939e-08 1.52596726e-08
  2.33305784e-08 1.21442607e-08]
 [3.31980594e-08 5.60240956e-08 4.53188811e-08 1.84585947e-08
  3.97789108e-08 1.18977530e-08 8.52288284e-09 2.59294630e-08
  2.35842474e-08 1.09414868e-08]
 [5.00132735e-08 5.07983948e-08 3.70942992e-08 1.86762374e-08
  1.70603158e-08 1.02427897e-08 4.16999448e-08 2.89715381e-08
  1.92404777e-08 5.70139536e-09]
 [2.95995406e-08 5.26597788e-08 5.26547161e-08 3.38006565e-08
  2.06508304e-08 1.75871815e-08 8.02446021e-09 1.95721981e-08
  6.94675535e-08 6.98774949e-09]
 [6.04063501e-08 5.02652000e-08 9.64316982e-08 1.88363103e-08
  1.75973724e-08 1.74802778e-07 9.74043601e-09 3.75845062e-08
  2.12513847e-08 3.45861793e-08]
 [5.44547909e-08 4.53623166e-08 5.40094227e-08 1.97777545e-08
  2.08216164e-08 1.41004959e-08 6.00361219e-08 3.93995272e-08
  2.65345861e-08 2.34505162e-08]
 [3.51708103e-08 4.20696011e-08 4.03834761e-08 2.03078088e-08
  2.09989253e-08 9.38251166e-09 1.02136264e-08 2.22074021e-08
  2.10466009e-08 1.31349225e-08]
 [5.24065804e-08 2.62707374e-07 4.99271557e-08 4.41600108e-08
  2.31584938e-08 3.32242749e-08 7.67752528e-09 2.43211336e-08
  2.34782984e-08 1.04233253e-08]
 [3.10795869e-08 4.54277114e-08 4.12180832e-08 2.04239949e-08
  3.79671370e-08 9.25583787e-09 2.87629316e-08 1.49744270e-08
  6.26265262e-08 5.66737413e-09]
 [3.15415569e-08 4.81557265e-08 1.04394879e-07 3.20829088e-08
  1.76965891e-08 1.05584306e-08 7.72718689e-09 2.21810303e-08
  1.84237638e-08 5.23410337e-09]
 [3.16558229e-08 2.23040985e-07 4.79804001e-08 3.77868083e-08
  3.53895473e-08 1.19661214e-08 7.84889664e-08 1.45698360e-08
  7.16727229e-08 1.30633264e-08]
 [4.32538307e-08 2.18290168e-07 1.05092987e-07 3.22686056e-08
  1.89174898e-08 9.83326309e-09 8.59776961e-09 1.40034118e-08
  2.22576233e-08 1.88365590e-08]
 [3.29748353e-08 2.00706111e-07 9.50706394e-08 2.76915131e-08
  1.91753120e-08 1.00116031e-08 2.29937847e-08 3.02117300e-08
  8.42700629e-08 1.38390837e-08]
 [3.07994803e-08 4.65344776e-08 1.18550936e-07 3.38006387e-08
  4.36956142e-08 9.69989156e-09 9.25419474e-09 3.41074866e-08
  6.54533707e-08 5.55945512e-09]
 [5.10243474e-08 3.18725057e-07 4.38102177e-08 1.94601846e-08
  4.36286562e-08 1.12446550e-07 9.08218656e-09 1.41635494e-08
  2.10270343e-08 2.52410537e-08]
 [6.61195187e-08 2.19718942e-07 4.09203942e-08 1.94369481e-08
  2.31611690e-08 1.18266970e-08 3.62542600e-08 1.48197881e-08
  1.90346796e-08 5.34043076e-09]
 [2.94237807e-08 1.99522006e-07 4.05352125e-08 1.40706105e-08
  1.91740046e-08 1.07455760e-08 8.94634145e-09 1.43722270e-08
  4.38384475e-08 1.18332144e-08]
 [3.24265201e-08 5.31100284e-08 1.06093395e-07 2.00417816e-08
  4.37284271e-08 1.05236477e-08 9.68554925e-09 2.09833555e-08
  2.00587280e-08 9.71165548e-09]
 [3.02957268e-08 4.44108572e-08 1.17659717e-07 1.57479132e-08
  5.11179827e-08 6.36517683e-08 8.52445083e-08 1.58906026e-08
  3.58605341e-08 4.82166840e-09]
 [3.16490159e-08 4.47928805e-08 4.02091302e-08 3.10343040e-08
  2.62790678e-08 3.99534734e-08 8.38963476e-09 1.46577461e-08
  1.91112353e-08 2.80145187e-08]
 [2.85654878e-08 4.44355983e-08 4.49541844e-08 1.83149815e-08
  3.58126506e-08 1.02649933e-08 9.59405799e-09 2.45272087e-08
  2.30028032e-08 6.20743101e-09]
 [3.35625323e-08 4.49839028e-08 3.93644299e-08 2.01873860e-08
  3.28301866e-08 6.59597248e-08 2.53038390e-08 1.51057549e-08
  2.16365272e-08 5.09177811e-09]
 [4.67399950e-08 4.74871129e-08 4.07696419e-08 2.08800124e-08
  1.90220550e-08 9.27750410e-09 1.01897228e-08 1.41559662e-08
  8.05203086e-08 4.96586194e-09]
 [4.14210177e-08 4.12482102e-08 7.31982581e-08 3.69806337e-08
  5.20756487e-08 1.75431598e-08 4.27405382e-08 1.75791204e-08
  3.69733932e-08 3.69958215e-08]
 [3.74880464e-08 2.02241367e-07 3.97268991e-08 1.85071283e-08
  1.88137239e-08 3.06647969e-08 7.66011610e-09 1.72197883e-08
  2.37910118e-08 1.01670770e-08]
 [3.24773737e-08 2.48426630e-07 9.76709842e-08 2.09545252e-08
  3.77683556e-08 5.96693539e-08 7.39620232e-09 1.53856270e-08
  2.17500631e-08 4.97755659e-09]
 [3.54876590e-08 2.18720530e-07 4.18400106e-08 2.10718980e-08
  3.01096463e-08 9.34003896e-09 9.24850507e-09 1.52346971e-08
  2.01478922e-08 1.06603792e-08]
 [3.09873442e-08 4.80905591e-08 9.60967057e-08 3.28862271e-08
  1.98352215e-08 3.10339949e-08 8.96382080e-09 1.73512582e-08
  2.33520367e-08 1.19110100e-08]
 [8.97849119e-08 2.69125167e-07 4.70214374e-08 1.84742497e-08
  1.81387296e-08 1.22114301e-07 6.67811229e-09 3.28410010e-08
  1.02860319e-07 7.77461562e-09]
 [3.20248894e-08 4.58940086e-08 9.94012339e-08 3.00777359e-08
  1.77306152e-08 5.19967926e-08 8.86664431e-09 1.55873643e-08
  2.09141753e-08 5.47341950e-09]
 [6.11118409e-08 4.25975308e-08 3.92346386e-08 3.18649640e-08
  1.91705833e-08 9.09401265e-09 8.27484570e-09 3.44895064e-08
  2.18710934e-08 4.66753924e-09]
 [3.29820828e-08 4.68495394e-08 4.43914772e-08 1.89872829e-08
  3.69756634e-08 9.25902555e-09 8.66227623e-09 3.33805410e-08
  2.34538273e-08 1.46123291e-08]
 [4.09201171e-08 4.91607004e-08 9.78588091e-08 1.81685547e-08
  3.76307803e-08 9.90493820e-09 8.14178769e-09 2.93304776e-08
  2.13047002e-08 5.32028155e-09]
 [3.24854028e-08 4.67266439e-08 1.06951106e-07 3.06690033e-08
  1.79211064e-08 1.15220118e-08 9.89986049e-09 1.60635576e-08
  1.95986711e-08 5.68556535e-09]
 [3.14492787e-08 1.98311866e-07 1.04424529e-07 1.80707946e-08
  1.92522283e-08 8.64236149e-09 9.77867476e-09 2.77177126e-08
  1.89254070e-08 5.36269962e-09]]
[[5.82863580e-09 2.51236685e-08 3.27253282e-08 1.33441613e-08
  6.56302213e-09 9.06776343e-09 5.42754597e-09 5.31720090e-09
  7.53416085e-09 3.73279319e-09]
 [3.93050463e-08 1.41011981e-07 5.50858525e-11 2.46718184e-08
  3.90841528e-08 3.58843870e-08 1.21570665e-08 2.38876936e-08
  3.09233421e-08 9.38119271e-09]
 [8.28604918e-09 2.51259973e-08 2.63846900e-08 5.46256862e-09
  1.61882596e-08 8.62765059e-09 4.39958958e-09 4.63783278e-09
  1.18016406e-08 3.67378195e-09]
 [8.21779622e-09 2.54930850e-08 2.70499214e-08 6.11269035e-09
  1.58654405e-08 5.16265919e-09 4.69727368e-09 6.25667962e-09
  1.30400268e-08 5.85092685e-09]
 [3.04156596e-11 1.40089227e-07 1.97847818e-08 1.85136386e-08
  2.58389772e-08 1.70729226e-08 1.13206697e-08 1.37703617e-08
  1.76664585e-08 2.23628338e-09]
 [1.37950584e-08 8.67901022e-08 2.20600285e-08 6.23433394e-09
  2.40417037e-08 1.16799001e-11 1.51701533e-11 1.22450725e-08
  9.86561233e-09 5.64475000e-09]
 [1.42426213e-08 2.58203698e-08 3.15911315e-08 6.39879483e-09
  5.36744560e-09 1.14638032e-08 7.24717530e-09 8.24900592e-09
  1.17159793e-08 1.69215508e-09]
 [1.15156462e-08 2.61282356e-08 2.64863083e-08 1.24968764e-08
  1.38466936e-08 7.31082035e-12 3.42989193e-09 1.04187921e-08
  1.31605891e-08 5.42938220e-12]
 [1.33002063e-08 8.16423267e-08 4.07107750e-11 5.30998001e-09
  4.46288961e-09 9.47016776e-09 1.08602078e-08 1.04552056e-08
  1.12877938e-08 4.39769465e-09]
 [6.85363517e-08 4.98823383e-08 2.70969380e-08 1.17927526e-08
  6.87115289e-08 3.47102542e-08 3.30051151e-08 1.53502384e-08
  3.30905436e-08 1.43999550e-08]
 [1.46409711e-08 3.01859693e-08 2.77977819e-08 1.30575559e-08
  2.28147883e-08 1.59585358e-08 1.52768624e-08 5.64306513e-09
  2.13449414e-11 1.75385673e-09]
 [4.71562212e-09 7.90047991e-08 2.61511257e-08 5.84970339e-09
  1.26342394e-08 6.20557339e-09 9.99167415e-12 1.20664430e-08
  1.02113287e-08 2.76826739e-09]
 [1.64150347e-08 2.56750141e-08 2.66972933e-08 1.09033573e-08
  1.60817066e-08 2.34021136e-09 1.05808011e-08 2.45822130e-11
  2.97079712e-08 2.45936849e-09]
 [6.10165785e-08 2.82928898e-08 2.56706940e-08 1.70183458e-08
  3.20133537e-08 3.80291851e-08 1.05399902e-08 1.14296412e-08
  1.22959145e-08 9.94460336e-09]
 [1.06638396e-08 2.52897561e-08 2.13955023e-08 1.34406379e-08
  1.75324910e-08 9.95494798e-09 1.48661279e-08 4.94844921e-09
  1.58073306e-08 5.82862958e-09]
 [2.51351970e-08 7.97248134e-08 3.64100750e-08 1.56065507e-08
  1.34091245e-08 2.02134398e-08 2.22919248e-08 2.15998384e-08
  1.92236183e-08 3.20317595e-09]
 [7.79615306e-09 2.46480667e-08 2.01474073e-08 5.90891425e-09
  1.32566127e-08 1.10041950e-11 6.78139900e-09 4.97079622e-09
  1.39014844e-08 4.99738118e-09]
 [1.37668597e-08 7.52532401e-08 2.56925397e-08 5.56846302e-09
  1.25216317e-08 9.53672252e-09 8.17410495e-09 1.84127609e-11
  1.32105242e-08 4.85221241e-09]
 [9.63001856e-09 2.79096941e-08 3.25341034e-08 1.35312241e-08
  1.85744344e-08 9.95511051e-09 5.28599609e-09 8.41674463e-09
  2.17117240e-08 5.73252956e-09]
 [9.63225411e-09 1.33582381e-10 2.19936211e-08 5.97351635e-09
  2.63994972e-11 5.49328094e-09 1.35325622e-11 9.66609726e-09
  1.52269362e-08 4.29258096e-09]
 [1.65253411e-08 2.64723443e-08 1.96832382e-08 1.24151125e-08
  5.25834531e-09 1.26217943e-08 6.52802701e-09 4.83283857e-09
  1.16114451e-08 5.21342125e-09]
 [6.82234358e-09 2.61269069e-08 2.64384603e-08 5.98855010e-09
  1.61422378e-08 1.52202233e-08 9.52214574e-09 5.96641492e-09
  1.40635228e-08 5.65592284e-09]
 [9.35945277e-09 2.18058656e-08 2.24203465e-08 1.34674449e-08
  6.70061473e-09 7.99439714e-09 5.37875344e-09 4.15690371e-09
  1.16747643e-08 3.91958555e-09]
 [1.13401386e-08 2.48918983e-08 3.11511030e-08 1.21707506e-08
  5.19956123e-09 1.06992220e-08 8.57764082e-09 1.82151898e-11
  7.86777843e-09 3.72742015e-09]
 [5.48232881e-09 2.52925449e-08 2.59769788e-08 1.33337963e-08
  6.19069773e-09 3.64141517e-09 4.52814808e-09 1.25566411e-08
  1.66467622e-08 2.16354712e-09]
 [9.60337143e-09 7.83817882e-08 2.60937316e-08 5.28838218e-09
  1.73253447e-08 7.44348849e-09 7.00746439e-09 1.11264722e-08
  9.71402780e-09 7.36867338e-12]
 [1.55692259e-08 7.59151249e-08 2.84882606e-08 1.45781787e-08
  6.83560453e-09 2.73424661e-08 8.64984973e-09 5.07537035e-09
  8.58733618e-09 1.88101912e-09]
 [1.49641437e-08 8.06163811e-08 2.72693317e-08 1.40494372e-08
  2.49764156e-08 8.32489722e-09 1.93770468e-11 5.33282085e-09
  1.17935830e-08 5.89970384e-09]
 [5.92526117e-09 7.69637367e-08 2.53828372e-08 6.51086784e-09
  1.45075711e-08 6.61788713e-09 5.25558264e-09 1.09402754e-08
  1.84927256e-08 3.10621262e-09]
 [1.81559479e-08 1.30199936e-07 2.00826307e-08 2.14340883e-08
  1.73392589e-08 2.60133071e-08 1.37787763e-08 2.33808979e-11
  1.92891036e-08 1.74689187e-11]
 [1.76505814e-08 9.47644025e-08 3.92474142e-08 1.75494961e-08
  2.17951932e-08 1.67956387e-08 7.63572494e-09 2.31404635e-11
  1.22791892e-08 6.55237287e-09]
 [1.30890871e-08 9.03754795e-08 2.85488593e-08 1.15975469e-08
  2.10501341e-08 1.26376110e-08 6.93855995e-09 4.57054838e-09
  9.74111014e-09 2.07829953e-09]
 [1.69805165e-08 1.57470273e-10 3.30480532e-08 7.55815321e-09
  2.31391191e-08 8.61061178e-09 2.00938661e-08 4.89145391e-09
  3.29875149e-08 9.83508031e-09]
 [8.67103633e-09 8.40893790e-08 2.85940889e-08 1.70617067e-08
  4.83185136e-09 1.45120547e-08 5.83370641e-09 8.69303740e-09
  1.45258836e-08 6.26176488e-09]
 [6.13738660e-09 7.22977447e-08 2.24576269e-08 5.42880541e-09
  1.96677732e-08 1.06948237e-08 1.04721183e-08 4.16391321e-09
  1.24882051e-08 5.90376414e-09]
 [8.62917471e-09 2.85419155e-08 3.40993331e-08 2.49976654e-11
  5.87153703e-09 1.16556560e-08 1.17339001e-08 1.31698439e-08
  1.68043908e-08 2.11059903e-09]
 [1.34817418e-11 2.67836082e-08 2.41693989e-08 5.91811400e-09
  1.55454369e-08 1.02925553e-08 4.09552880e-09 9.22489107e-09
  1.25176003e-08 3.30270211e-09]
 [9.78684334e-09 2.64014037e-08 2.05048885e-08 2.03883611e-11
  1.83703079e-08 1.06617426e-08 5.56466651e-09 4.22080015e-09
  2.08054054e-08 2.33263431e-09]
 [9.04428354e-09 6.98702038e-08 5.48021038e-11 2.54651716e-11
  7.00287739e-09 1.85221740e-08 1.24827544e-08 1.74593569e-11
  1.53463127e-08 6.44034825e-09]
 [1.33114106e-08 1.84396540e-10 3.64267727e-08 1.75552461e-08
  5.43878143e-09 1.78979978e-08 5.98292393e-09 1.28578419e-08
  1.45545238e-08 3.61332297e-09]
 [1.70055952e-08 2.82697155e-08 2.62817252e-08 1.74994845e-08
  2.62562629e-08 2.16549907e-08 6.01535177e-09 9.51746681e-09
  1.44518824e-08 6.26804875e-09]
 [6.69064670e-09 2.51991477e-08 2.52203893e-08 1.15316254e-08
  1.63337912e-08 4.70860861e-09 5.59166136e-09 1.45972781e-08
  1.21948034e-08 2.23087038e-09]
 [6.82729473e-09 8.99345665e-08 2.21792895e-08 1.32388713e-08
  5.82043169e-09 9.24228782e-09 8.20149992e-09 4.50960647e-09
  9.77772263e-09 1.69932013e-09]
 [2.02050785e-08 6.07307413e-08 1.96277359e-08 1.47279833e-08
  3.57130298e-11 1.19802248e-08 3.58353902e-11 1.25339179e-08
  1.59536620e-11 4.74764361e-09]
 [1.21084227e-08 8.23629520e-08 3.62060106e-08 5.57069058e-09
  4.13767776e-09 8.47164561e-09 6.20031670e-09 8.84089868e-09
  1.45119632e-08 4.33971969e-09]
 [5.41426814e-09 7.37394075e-08 2.83237540e-08 1.24741106e-08
  6.25665830e-09 8.63710614e-09 6.59102151e-09 5.05787634e-09
  1.38125307e-08 5.01816677e-09]
 [9.61665148e-09 8.64385967e-08 3.51123504e-08 1.21357049e-08
  4.93303265e-09 1.22375345e-08 5.54593083e-09 1.13002896e-08
  9.40578904e-09 6.34083763e-09]
 [1.45755221e-08 8.87739446e-08 2.83141919e-08 1.25726798e-08
  1.76068458e-08 1.17298935e-08 5.98125149e-09 7.68973685e-09
  1.95048067e-08 5.75810599e-09]
 [1.78519208e-08 1.01103012e-07 2.90237772e-08 6.14747053e-09
  7.35052508e-09 9.61738245e-09 6.04944361e-09 8.20846591e-09
  1.22444250e-08 7.96575306e-12]
 [1.42629100e-08 2.66587641e-08 2.71376503e-08 1.20433237e-08
  1.59563047e-08 6.06671310e-12 5.86127147e-09 9.78706449e-09
  8.52231885e-09 6.71628248e-12]
 [5.17295584e-09 2.80516197e-08 2.09690416e-08 1.27397399e-08
  6.40306030e-09 1.78866921e-11 1.04492317e-08 9.95180027e-09
  8.92946250e-09 4.43665282e-09]
 [7.84126630e-09 2.67185438e-08 2.69423932e-08 1.34415750e-08
  4.53706273e-09 1.01447410e-08 7.10913506e-09 9.54734070e-09
  1.23572059e-08 1.64355474e-09]
 [5.41145218e-09 7.36887031e-08 2.00583745e-08 6.49385434e-09
  1.20854864e-08 7.05002593e-12 6.94648250e-09 1.26272974e-08
  1.12937188e-08 6.67945387e-12]
 [1.99481232e-08 1.46862231e-10 3.74447211e-08 1.97996854e-08
  3.26269181e-08 3.75498937e-11 1.58922049e-08 1.73999062e-11
  2.40412472e-08 8.07114642e-09]
 [7.99899524e-09 8.16822521e-08 2.05422346e-08 5.91386806e-09
  1.39470666e-08 1.09361604e-08 5.94722405e-09 8.81441853e-09
  1.00423962e-08 3.85756405e-09]
 [1.64502740e-08 9.81001662e-08 3.56945868e-08 6.14549256e-09
  1.73051298e-08 2.21545839e-08 1.34756268e-08 6.89842095e-09
  1.65704357e-08 7.64802621e-09]
 [8.09424172e-09 8.14569106e-08 2.56795527e-08 1.18830341e-08
  4.94334884e-09 1.11174918e-08 5.01392394e-09 6.60684929e-09
  1.17655983e-08 2.39243581e-09]
 [1.30809141e-08 7.48918296e-08 2.04920401e-08 1.38309808e-08
  2.53048554e-11 9.59313695e-09 1.43307268e-08 5.23770494e-09
  1.17605135e-08 5.98195404e-09]
 [9.80132686e-09 7.01177427e-08 2.16293436e-08 6.30143093e-09
  1.45038825e-08 9.38303479e-09 7.11201054e-09 8.84978402e-09
  1.27239730e-08 5.60052271e-09]
 [6.52072174e-09 2.51557193e-08 2.12007691e-08 1.19719132e-08
  1.80898265e-08 7.04645142e-09 6.24258467e-09 4.63073624e-09
  1.44676902e-08 4.96644192e-09]]
[[3.1873085e-06 7.7159981e-05 2.8256291e-05 1.3973982e-05 1.6543858e-05
  2.2607205e-07 3.3297766e-07 1.1600535e-05 1.3436625e-05 3.4250870e-06]]
[[5.1036398e-14 8.9895674e-14 1.0915565e-13 2.4134486e-14 2.3343420e-13
  5.7903186e-14 3.6929044e-14 6.0678497e-13 1.4948585e-14 6.7832851e-14]]
