

config:

HOME=/clusterFS/home/student/kopp13
PATH=/clusterFS/home/student/kopp13/miniconda3/envs/tensorflow/bin:/clusterFS/home/student/kopp13/miniconda3/bin:/clusterFS/home/student/kopp13/bin:/usr/local/bin:/usr/bin:/bin:/usr/local/games:/usr/games
LD_LIBRARY_PATH=
THEANO_FLAGS=floatX=float32,gpuarray.preallocate=0.9,dnn.library_path=/usr/lib/x86_64-linux-gnu,cxx=clang++-3.8,device=cuda,base_compiledir=/tmp/tmp.pEYp7WbCtt

=============================
CONFIG FILE

RNN CONFIG
{'data_multiplier': 1000.0,
 'gradient_clip_value': 0.5,
 'layer_configs': [{'layer_type': 'input'},
                   {'bc': {'init_m': 'xavier',
                           'init_v': -4.5,
                           'prior_m': 0.0,
                           'prior_v': 0.0,
                           'type': 'continuous'},
                    'bf': {'init_m': 'xavier',
                           'init_v': -4.5,
                           'prior_m': 0.0,
                           'prior_v': 0.0,
                           'type': 'continuous'},
                    'bi': {'init_m': 'xavier',
                           'init_v': -4.5,
                           'prior_m': 0.0,
                           'prior_v': 0.0,
                           'type': 'continuous'},
                    'bo': {'init_m': 'xavier',
                           'init_v': -4.5,
                           'prior_m': 0.0,
                           'prior_v': 0.0,
                           'type': 'continuous'},
                    'discrete_act': False,
                    'init_config': {'c': {'b': 'all_zero', 'w': 'xavier'},
                                    'f': {'b': 'all_one', 'w': 'all_zero'},
                                    'i': {'b': 'all_zero', 'w': 'xavier'},
                                    'o': {'b': 'all_zero', 'w': 'xavier'}},
                    'is_output': False,
                    'is_recurrent': True,
                    'layer_type': 'lstm',
                    'tau': 0.5,
                    'var_scope': 'lstm_0',
                    'wc': {'p0max': 0.95,
                           'p0min': 0.05,
                           'pmax': 0.99,
                           'pmin': 0.01,
                           'priors': [0.2, 0.6, 0.2],
                           'type': 'ternary'},
                    'wf': {'p0max': 0.95,
                           'p0min': 0.05,
                           'pmax': 0.99,
                           'pmin': 0.01,
                           'priors': [0.2, 0.6, 0.2],
                           'type': 'ternary'},
                    'wi': {'p0max': 0.95,
                           'p0min': 0.05,
                           'pmax': 0.99,
                           'pmin': 0.01,
                           'priors': [0.2, 0.6, 0.2],
                           'type': 'ternary'},
                    'wo': {'p0max': 0.95,
                           'p0min': 0.05,
                           'pmax': 0.99,
                           'pmin': 0.01,
                           'priors': [0.2, 0.6, 0.2],
                           'type': 'ternary'}},
                   {'bc': {'init_m': 'xavier',
                           'init_v': -4.5,
                           'prior_m': 0.0,
                           'prior_v': 0.0,
                           'type': 'continuous'},
                    'bf': {'init_m': 'xavier',
                           'init_v': -4.5,
                           'prior_m': 0.0,
                           'prior_v': 0.0,
                           'type': 'continuous'},
                    'bi': {'init_m': 'xavier',
                           'init_v': -4.5,
                           'prior_m': 0.0,
                           'prior_v': 0.0,
                           'type': 'continuous'},
                    'bo': {'init_m': 'xavier',
                           'init_v': -4.5,
                           'prior_m': 0.0,
                           'prior_v': 0.0,
                           'type': 'continuous'},
                    'discrete_act': False,
                    'init_config': {'c': {'b': 'all_zero', 'w': 'xavier'},
                                    'f': {'b': 'all_one', 'w': 'all_zero'},
                                    'i': {'b': 'all_zero', 'w': 'xavier'},
                                    'o': {'b': 'all_zero', 'w': 'xavier'}},
                    'is_output': False,
                    'is_recurrent': True,
                    'layer_type': 'lstm',
                    'tau': 0.5,
                    'var_scope': 'lstm_1',
                    'wc': {'p0max': 0.95,
                           'p0min': 0.05,
                           'pmax': 0.99,
                           'pmin': 0.01,
                           'priors': [0.2, 0.6, 0.2],
                           'type': 'ternary'},
                    'wf': {'p0max': 0.95,
                           'p0min': 0.05,
                           'pmax': 0.99,
                           'pmin': 0.01,
                           'priors': [0.2, 0.6, 0.2],
                           'type': 'ternary'},
                    'wi': {'p0max': 0.95,
                           'p0min': 0.05,
                           'pmax': 0.99,
                           'pmin': 0.01,
                           'priors': [0.2, 0.6, 0.2],
                           'type': 'ternary'},
                    'wo': {'p0max': 0.95,
                           'p0min': 0.05,
                           'pmax': 0.99,
                           'pmin': 0.01,
                           'priors': [0.2, 0.6, 0.2],
                           'type': 'ternary'}},
                   {'b': {'init_m': 'xavier',
                          'init_v': -4.5,
                          'prior_m': 0.0,
                          'prior_v': 0.0,
                          'type': 'continuous'},
                    'is_output': True,
                    'is_recurrent': False,
                    'layer_type': 'fc',
                    'regularization': {'mode': None, 'strength': 0.02},
                    'tau': 0.5,
                    'var_scope': 'output_layer',
                    'w': {'p0max': 0.95,
                          'p0min': 0.05,
                          'pmax': 0.99,
                          'pmin': 0.01,
                          'priors': [0.2, 0.6, 0.2],
                          'type': 'ternary'}}],
 'layout': [4, 60, 60, 10],
 'output_type': 'classification'}

DATA CONFIG
{'dataset': 'red_penstroke',
 'tr': {'in_seq_len': 30,
        'minibatch_enabled': True,
        'minibatch_size': 200,
        'out_seq_len': 5,
        'zero_padding': 20},
 'va': {'in_seq_len': 30,
        'minibatch_enabled': True,
        'minibatch_size': 200,
        'out_seq_len': 5,
        'zero_padding': 20}}

TRAINING CONFIG
{'beta_reg': 0.0,
 'is_pretrain': False,
 'learning_rate': 0.002,
 'mode': {'max_epochs': 0, 'min_error': 0.0, 'name': 'classic'},
 'task_id': 1,
 'type': 'g_sampling',
 'var_reg': 0.0}
==============================


[[8.33368031e-05 3.36060148e-05 1.98230664e-05 ... 1.01054567e-04
  1.10918145e-05 3.85334279e-05]
 [6.97547439e-05 7.13188683e-06 3.92445436e-05 ... 5.68297037e-06
  3.07250994e-05 4.68024264e-05]
 [8.03194453e-08 1.96205652e-09 4.77965711e-09 ... 2.19351293e-08
  1.54795814e-07 2.37662761e-08]
 ...
 [2.08596884e-06 8.33713493e-05 5.98283214e-06 ... 9.82119400e-06
  9.25324912e-06 6.46863964e-06]
 [5.99374016e-06 6.25777432e-07 3.88751823e-06 ... 9.57029101e-07
  4.56798407e-05 1.90498195e-05]
 [1.63133063e-06 3.44275986e-06 3.30774456e-05 ... 5.03875117e-06
  1.10413714e-06 6.28926355e-05]]
[[5.6228021e-08 6.0404339e-09 1.9946329e-09 ... 2.5229217e-05
  6.1408869e-06 3.8626244e-09]
 [5.3406761e-06 3.3533507e-09 2.6300479e-06 ... 5.7243460e-10
  3.1138112e-09 2.0591815e-06]
 [9.8820466e-12 2.1182309e-13 4.8764822e-13 ... 7.7496951e-09
  6.4997060e-08 2.4377056e-12]
 ...
 [1.8793406e-05 2.8555800e-08 7.3938938e-10 ... 9.8410424e-10
  2.8897250e-06 2.8109023e-08]
 [3.3159296e-08 1.3833843e-06 6.5172030e-06 ... 2.0455208e-07
  4.6987694e-09 3.3226411e-06]
 [1.5766231e-07 3.5790010e-10 3.3140561e-09 ... 4.2902279e-06
  1.1573727e-10 2.8253680e-06]]
[[0.01454367 0.0233905  0.00811922 0.01650674 0.02550901 0.00629725
  0.00886345 0.00264525 0.01754718 0.00516223 0.00632418 0.03640046
  0.03215861 0.00452747 0.01539129 0.01565172 0.00545594 0.01081768
  0.01710037 0.00830836 0.02238804 0.00909965 0.01554924 0.00530009
  0.00379511 0.009412   0.02032474 0.03805133 0.01357276 0.01104413
  0.00661338 0.00919746 0.01386299 0.00678886 0.01565139 0.01475111
  0.03457803 0.01234822 0.01423496 0.00342995 0.02555623 0.01248941
  0.0363168  0.03784052 0.0507591  0.00706282 0.00291915 0.00849997
  0.02027754 0.01480716 0.01395955 0.00769976 0.02276021 0.04105847
  0.01188266 0.01901046 0.00537685 0.05221716 0.01683757 0.00609454]]
[[2.0221383e-05 9.4810683e-05 1.5790336e-05 1.6233329e-05 5.5157660e-05
  6.1622213e-06 1.5433998e-05 3.8291587e-06 1.1700532e-05 1.6877631e-05
  9.4671414e-06 1.3122060e-04 1.0004385e-04 1.1986001e-05 4.7103607e-05
  4.3777665e-05 9.7954726e-06 1.6623206e-05 1.4628650e-05 2.5036075e-05
  3.0599669e-05 2.2668595e-05 5.9793623e-05 1.6086837e-05 3.5899654e-06
  3.7971560e-05 3.6379904e-05 1.0779941e-04 1.5301697e-05 1.5191746e-05
  1.2745458e-05 9.2685432e-06 1.8597850e-05 1.6931988e-05 7.5646116e-05
  2.2919830e-05 1.3771851e-04 2.9523553e-05 2.2504471e-05 7.2285320e-06
  6.8409485e-05 1.5066056e-05 4.1332743e-05 6.0608836e-05 1.1062345e-04
  9.8823484e-06 4.2878050e-06 5.3677719e-05 3.0993735e-05 4.5227633e-05
  4.4918766e-06 2.7825401e-05 4.5925506e-05 1.3634621e-04 2.8400600e-05
  8.8678113e-05 6.4171368e-06 2.2409263e-04 1.7277094e-05 1.3337659e-05]]
[[8.64011690e-06 1.12414054e-04 1.47166827e-06 ... 1.12504070e-03
  3.20289037e-05 1.25803736e-05]
 [5.08545490e-05 9.28106329e-06 4.15291070e-05 ... 2.18264017e-06
  9.25813595e-07 1.84386608e-05]
 [7.34145544e-08 1.25471090e-07 2.13553815e-08 ... 2.57353672e-09
  1.03869691e-09 1.14482418e-07]
 ...
 [8.68658390e-06 1.15618504e-05 9.91158595e-06 ... 2.27228770e-06
  1.59011888e-05 2.95333757e-05]
 [1.07249582e-06 2.76685478e-06 1.76107293e-04 ... 1.02525228e-05
  8.07217148e-05 2.69633474e-05]
 [2.43214458e-06 1.14125714e-06 1.63283312e-05 ... 4.28609503e-08
  9.56922122e-07 2.98331111e-06]]
[[5.9594231e-06 6.6041852e-05 1.4904759e-10 ... 1.7153545e-06
  1.0297244e-06 1.2663053e-09]
 [2.6712005e-06 1.0757889e-06 1.2921280e-04 ... 5.0518846e-08
  1.2050012e-09 7.7297049e-09]
 [5.0011990e-09 1.4004165e-11 2.1362122e-12 ... 4.0269705e-13
  5.1673254e-08 1.1526167e-11]
 ...
 [8.8592927e-10 1.1642425e-09 1.1820688e-06 ... 2.3337154e-10
  9.7848962e-05 3.7646823e-06]
 [2.1853221e-08 5.4740053e-07 4.6805049e-08 ... 2.6828679e-06
  7.3978079e-08 3.5508126e-07]
 [5.7121876e-09 1.3822471e-10 1.6362599e-09 ... 4.3312025e-12
  9.5724491e-11 3.3297043e-10]]
[[0.02090146 0.02387995 0.01414823 0.01474799 0.04017442 0.00800542
  0.02562227 0.00593118 0.05354049 0.00992143 0.00946004 0.07428814
  0.10481396 0.00629601 0.02715064 0.0211928  0.01720198 0.0244356
  0.03430158 0.02048865 0.02022767 0.02066134 0.03840442 0.01089682
  0.01201923 0.01305977 0.05054466 0.0657244  0.02373613 0.01709559
  0.01385922 0.0222497  0.01367978 0.00724308 0.02543599 0.0403524
  0.07029398 0.01622043 0.02224389 0.01062149 0.02798379 0.0251836
  0.09984125 0.06382857 0.11381967 0.01476071 0.00873497 0.03154013
  0.05571525 0.03670283 0.03282407 0.00757907 0.03843089 0.10554149
  0.02634864 0.02447726 0.01466679 0.11535522 0.01444054 0.00700698]]
[[4.69128499e-05 6.43085805e-05 3.51962408e-05 4.12202462e-05
  1.61011849e-04 2.17097586e-05 1.23887628e-04 1.78930313e-05
  4.42984565e-05 3.23843706e-05 1.43574316e-05 1.45794475e-04
  8.61292589e-04 1.21295334e-05 1.03228776e-04 3.20107793e-05
  3.72963768e-05 6.39015125e-05 1.38197298e-04 7.60158146e-05
  6.80354933e-05 3.58238794e-05 7.67250021e-05 2.00919421e-05
  3.25519723e-05 7.71543637e-05 8.00068519e-05 8.12418439e-05
  1.56589231e-05 7.51967018e-05 6.15230092e-05 3.88851913e-05
  6.04699235e-05 1.11842410e-05 1.71533993e-05 3.35542827e-05
  5.86625945e-04 3.82020007e-05 1.12694925e-05 1.70020921e-05
  6.29691640e-05 5.06230899e-05 1.60532727e-04 1.53108937e-04
  6.16195684e-05 2.89836444e-05 1.45351778e-05 1.41674347e-04
  4.86408644e-05 1.06839514e-04 1.73287568e-04 1.23299787e-05
  1.15934417e-04 2.59358658e-05 2.56265976e-05 2.74959075e-05
  2.69847988e-05 7.29176536e-05 2.36076266e-05 1.61625358e-05]]
[[6.3021765e-03 1.4361063e-02 4.6098303e-02 ... 1.0983995e-02
  3.6126396e-04 1.5814825e-03]
 [2.1682693e-02 3.0608862e-04 2.7144037e-03 ... 2.4457434e-03
  7.2844615e-03 1.3482163e-03]
 [3.9296106e-07 5.2056180e-07 3.9703573e-05 ... 3.1525809e-07
  3.3207318e-06 2.3412035e-06]
 ...
 [3.2786236e-03 2.4684213e-02 1.1445740e-03 ... 1.0418721e-03
  1.3369106e-02 1.5667337e-03]
 [5.9864612e-04 8.5213527e-05 1.6133465e-03 ... 7.0066034e-04
  9.6769730e-04 2.8115726e-04]
 [3.4696495e-06 1.0639405e-03 4.6613030e-04 ... 7.8232748e-05
  2.2384836e-04 9.9840818e-04]]
[[2.8884685e-06 5.7881248e-06 1.5128174e-04 ... 2.6007334e-05
  4.1068717e-05 2.4675177e-03]
 [5.1944703e-06 3.1952315e-08 1.5099922e-02 ... 4.2468167e-04
  7.3330724e-05 1.3783409e-07]
 [4.1693860e-11 2.4025192e-07 1.2385495e-07 ... 3.3126508e-11
  1.9953879e-08 3.9322649e-07]
 ...
 [3.5799193e-04 2.9265674e-04 2.1373019e-04 ... 6.7872599e-05
  3.4315356e-03 9.1898080e-05]
 [4.3391574e-06 8.5374392e-09 1.6658919e-07 ... 7.0173712e-08
  2.6486327e-05 1.0369937e-04]
 [6.9668511e-07 2.3995657e-05 9.5279574e-07 ... 2.2268528e-05
  4.2990909e-05 2.0013953e-05]]
[[ 4.0435815 14.611227   7.312387   2.3432438  6.750493   1.2039148
   3.7589104  1.340835  11.063667   5.587897   7.921907   5.1200905
  13.709513   2.3330178  6.3973565  2.913163   5.604755   5.4120655
   5.5468783  1.8923744  4.261036   9.301862   3.369877   3.308938
   3.1950893  9.147416   6.1683216  7.773137   3.5740514  4.033306
   1.1921722  5.586967   5.2002907  2.9749954  3.1229088  3.5915227
   2.8841677  7.843509   4.313802   1.7558227  5.5667186  2.7494252
  13.88012    5.4619813  7.6285753  9.656416   1.7533065  4.6546326
  11.797015   2.8817623  7.290072  15.444366   3.480014  15.661345
   9.192977   6.1621127  1.6902552 17.912659   5.3442726  0.6723377]]
[[0.01379343 0.0228633  0.01066979 0.00490711 0.05806603 0.00316648
  0.0051042  0.00166299 0.0241574  0.00602865 0.00616399 0.07902251
  0.03808924 0.00381821 0.01381966 0.00763297 0.02152634 0.0192635
  0.00550978 0.00295039 0.00656523 0.00294678 0.00362747 0.01164776
  0.00230832 0.01126313 0.0283714  0.02355333 0.00233628 0.01168176
  0.00367606 0.00514927 0.03384707 0.01125824 0.00945096 0.02307166
  0.00669531 0.00230349 0.01565166 0.00414765 0.01041581 0.00344605
  0.05253961 0.00868218 0.10866132 0.01100986 0.00090596 0.01504194
  0.01064963 0.00265858 0.00423373 0.00405224 0.00046086 0.01834229
  0.0069683  0.00856915 0.00396376 0.13456433 0.00978332 0.00198693]]
[[6.9631497e-08 9.5583568e-04 4.4385972e-05 ... 9.3063711e-05
  5.3599273e-05 2.6443322e-06]
 [4.1323801e-04 1.0774477e-05 2.9298500e-04 ... 1.2191478e-04
  3.3043860e-05 2.4858376e-04]
 [2.0413968e-07 2.1322289e-07 1.3436304e-08 ... 1.3143074e-07
  2.5128717e-08 2.4476458e-08]
 ...
 [1.5482074e-05 7.6339638e-06 1.7871127e-05 ... 8.2804909e-05
  1.5457801e-04 3.8211070e-05]
 [2.1108637e-05 5.6858823e-07 3.9196348e-05 ... 3.0094910e-05
  8.2490362e-05 1.4481714e-05]
 [1.3793255e-05 6.1051505e-06 1.4390672e-07 ... 1.7822714e-04
  4.2246518e-07 2.9902480e-05]]
[[2.8039210e-08 3.6232690e-05 1.5200113e-06 ... 2.1019305e-07
  6.6583025e-06 2.6431474e-10]
 [1.6840273e-06 1.4216735e-06 1.6770531e-04 ... 1.1677216e-06
  3.3719045e-09 1.2666674e-04]
 [3.9774384e-10 2.4090152e-11 1.3923218e-12 ... 1.3404910e-11
  2.6941145e-11 2.6112385e-12]
 ...
 [1.5505395e-09 2.3976121e-08 2.3435647e-09 ... 8.5775875e-09
  2.3947226e-07 8.6289134e-07]
 [2.0253521e-05 5.7115201e-11 1.2662707e-06 ... 2.8661586e-07
  7.5382319e-05 2.0997983e-05]
 [1.4041441e-09 8.3490082e-10 2.7741899e-11 ... 1.7881270e-08
  5.6200666e-11 2.9927616e-09]]
[[0.02673333 0.02979152 0.01606518 0.02419253 0.06132699 0.00900519
  0.04162735 0.00768985 0.04381534 0.02169787 0.01633153 0.0799509
  0.12912211 0.01350944 0.03059002 0.02732483 0.02187877 0.02117128
  0.03621561 0.02862201 0.02380986 0.03320603 0.04075162 0.01222621
  0.01449703 0.02878772 0.04398954 0.06121134 0.05049375 0.02225372
  0.01196893 0.02305271 0.01541798 0.01428335 0.03733127 0.05544192
  0.08478275 0.04363522 0.03815477 0.0153323  0.05965374 0.02539743
  0.07939535 0.03889246 0.11803343 0.0116611  0.01487137 0.02829709
  0.07155589 0.03452821 0.05079942 0.00935934 0.04206727 0.08224623
  0.01712945 0.02611583 0.01204802 0.09194315 0.01082759 0.00910635]]
[[1.9828920e-05 3.0772997e-05 1.3353562e-05 5.4702541e-05 3.1972566e-05
  3.3940043e-05 1.0191266e-04 1.8972029e-05 3.8703904e-04 2.0336325e-05
  4.1162984e-05 2.8124687e-04 4.6128492e-04 1.8591134e-05 1.6020160e-05
  3.5057008e-05 1.8614775e-05 8.0502148e-05 4.9630129e-05 7.2303352e-05
  4.1133295e-05 7.7564218e-05 8.8114575e-05 4.4045857e-05 3.8604099e-05
  2.2946882e-05 2.8730177e-05 3.4612374e-05 5.9390313e-05 3.5941965e-05
  1.0784821e-05 5.7606750e-05 4.5578156e-05 3.4317720e-05 7.2400260e-05
  2.1980458e-04 5.6112272e-05 2.8593032e-04 7.1270268e-05 3.0383162e-05
  1.9492531e-04 2.5184278e-05 5.4455624e-04 5.6494617e-05 3.0888387e-04
  3.1490068e-05 1.5895990e-05 3.2946497e-05 2.3763755e-04 1.1610242e-04
  1.5218808e-05 8.9773912e-06 3.0068925e-04 2.8083238e-04 4.5724883e-05
  7.3922703e-05 1.4665843e-05 5.3991034e-04 2.5452162e-05 2.2656572e-05]]
[[4.57302036e-07 5.21236962e-06 2.89518056e-07 ... 2.90935418e-06
  2.40248301e-06 2.70584201e-06]
 [2.60840292e-08 4.19636308e-06 1.28441641e-07 ... 1.64315270e-06
  1.14802087e-05 2.54827683e-06]
 [6.37943174e-07 5.57363137e-07 9.58849455e-07 ... 7.89387286e-07
  4.52909177e-07 1.47616376e-07]
 ...
 [1.55438173e-07 1.50618155e-06 4.46272088e-06 ... 1.02298269e-04
  5.69935422e-04 5.28136979e-07]
 [9.24811673e-07 3.12551265e-06 8.27237898e-07 ... 6.39725840e-06
  1.03055791e-05 2.74362492e-06]
 [4.85535224e-07 1.78722087e-06 1.12389525e-05 ... 1.71824729e-06
  1.14673821e-05 4.74957187e-06]]
[[7.9112837e-08 2.7076027e-07 1.3023394e-07 ... 7.6696477e-07
  4.9736123e-08 1.7142114e-08]
 [1.0014283e-08 3.7009240e-08 2.1137010e-08 ... 3.0153977e-10
  2.4381036e-06 2.1615359e-07]
 [5.0802749e-09 1.7220946e-06 6.4538746e-08 ... 6.6070889e-08
  5.3277169e-09 1.5993682e-11]
 ...
 [1.6278262e-11 1.1625891e-06 2.6566673e-07 ... 1.0283923e-08
  1.3570105e-05 5.7527445e-11]
 [9.4081576e-11 3.4010594e-10 4.6884686e-08 ... 8.3088469e-07
  1.0363056e-09 3.5730022e-08]
 [5.0426951e-11 1.8138291e-10 1.5185606e-07 ... 2.1639324e-10
  3.3642744e-09 3.7472201e-08]]
[[0.00102645 0.00194811 0.00120332 0.00212177 0.00105471 0.0014121
  0.00574816 0.00267258 0.00225438 0.00179488 0.00078599 0.00070275
  0.00254981 0.01944206 0.00162371 0.00144346 0.00077429 0.00337025
  0.00126805 0.00144751 0.00505289 0.00131548 0.00235442 0.00835951
  0.00205892 0.00131613 0.00042536 0.00123042 0.00621132 0.00453211
  0.00166873 0.01388486 0.00431997 0.00099597 0.00121782 0.00248024
  0.00068683 0.01062148 0.00144601 0.00384399 0.01619927 0.00093336
  0.0027244  0.00379234 0.00170803 0.00298253 0.00110301 0.00572889
  0.00079202 0.00090616 0.00258236 0.00187538 0.00154142 0.00452243
  0.00078152 0.00720425 0.00132198 0.00290793 0.00445913 0.00064853]]
[[4.7951139e-06 4.6408618e-06 3.6889060e-06 5.0626395e-06 5.6944150e-06
  1.6258196e-05 6.6174703e-06 1.5954276e-05 7.3155020e-06 3.2648052e-06
  2.7452877e-06 1.0224858e-06 8.9533605e-06 3.5112949e-05 4.8805487e-06
  2.7667618e-06 3.9445831e-06 6.6502266e-06 6.0678472e-06 9.2041610e-06
  9.6764661e-06 3.7832981e-06 2.2744089e-06 3.5994792e-05 3.2518180e-06
  2.7038341e-06 6.8691384e-07 1.6109494e-06 3.9654115e-05 1.1713417e-05
  2.0529005e-06 2.1518983e-05 7.5020248e-06 2.1301755e-06 3.2714413e-06
  3.9153392e-06 2.0781420e-06 4.1764644e-05 7.7531658e-06 1.3304352e-06
  1.4894135e-05 1.2757322e-06 3.3812191e-06 4.7508449e-05 3.7578809e-06
  2.7416609e-05 1.8680943e-06 8.7398466e-06 1.3806650e-06 2.0021441e-06
  1.7322715e-06 7.1906261e-06 1.8555114e-06 3.2945497e-06 1.9739089e-06
  6.0542510e-07 6.1570136e-06 2.4139026e-06 5.5391588e-06 2.5247205e-06]]
[[1.5002659e-07 4.8688125e-06 7.1879840e-09 ... 3.9057891e-06
  2.3423147e-05 1.7489862e-07]
 [4.0627917e-08 2.2783689e-07 5.8017004e-06 ... 7.2597359e-06
  2.8618917e-06 1.8098359e-05]
 [1.3349459e-06 9.5902536e-08 1.5108033e-07 ... 4.5390625e-06
  1.7700693e-06 4.5603954e-07]
 ...
 [1.1396535e-06 3.1096346e-07 1.8578850e-06 ... 8.1022836e-07
  1.8103442e-06 1.0367530e-05]
 [1.0370735e-07 6.6568055e-07 7.9670608e-06 ... 1.6883425e-05
  6.4205784e-07 1.5749461e-07]
 [6.9180464e-06 2.3510799e-07 4.5188795e-06 ... 4.1324797e-06
  6.8690838e-06 1.6670862e-06]]
[[4.5419803e-08 5.3295959e-09 7.3380381e-13 ... 3.9496742e-10
  2.4366216e-09 3.5612146e-08]
 [1.8871074e-08 1.3066339e-07 3.4867514e-07 ... 1.1426651e-05
  9.4224055e-07 7.8047854e-08]
 [1.3401438e-10 9.6769285e-12 1.5616532e-11 ... 4.8460333e-07
  1.8907144e-10 4.5822273e-11]
 ...
 [3.8553985e-06 2.4508475e-07 1.8509623e-07 ... 8.8184376e-11
  3.3448960e-10 4.1238090e-07]
 [1.0507781e-11 7.7176876e-11 4.8759876e-09 ... 1.9505060e-07
  1.2572900e-08 1.5794597e-11]
 [6.9410694e-10 2.4299831e-11 9.8186383e-09 ... 4.1766968e-10
  6.9175926e-10 1.9426101e-07]]
[[0.00333993 0.00602544 0.0034288  0.00516406 0.00230018 0.00114076
  0.01542348 0.00297732 0.00486646 0.00338085 0.00082829 0.00170714
  0.00159589 0.04148521 0.00280639 0.00072059 0.002219   0.00449863
  0.00303758 0.00177639 0.01066017 0.00160934 0.00477606 0.02665678
  0.00370685 0.0035402  0.00161246 0.001752   0.00920108 0.00423839
  0.00226003 0.03920429 0.00954656 0.00314052 0.00262337 0.00294997
  0.00139678 0.01886495 0.00234632 0.00283817 0.01065879 0.0011611
  0.01458659 0.01030751 0.00527833 0.01710569 0.00112104 0.00950059
  0.00236514 0.00493134 0.00219928 0.00357126 0.00289333 0.00902683
  0.00203024 0.01493846 0.00265296 0.00967706 0.00180131 0.0014114 ]]
[[2.1673522e-05 6.6552657e-06 6.0480165e-06 6.4733263e-06 7.2877683e-06
  2.2570359e-06 1.0885860e-05 2.3550683e-05 2.5799691e-05 1.0334455e-05
  1.6860569e-06 4.7219687e-06 1.5740071e-06 8.6964479e-05 1.0544849e-05
  2.7756196e-06 4.4339527e-06 5.0780582e-06 4.8942629e-06 3.1532006e-06
  1.3773864e-04 7.4148802e-06 1.9231004e-05 4.0078879e-04 4.8627917e-06
  2.7594938e-06 6.4371866e-06 2.3873974e-06 7.4232621e-06 6.7319510e-05
  6.6093021e-06 5.0449571e-06 2.2982133e-05 2.2083100e-06 2.1229230e-06
  8.9070109e-06 1.4956547e-06 1.6660410e-05 6.5254194e-06 7.1074910e-06
  5.5241821e-06 4.2479396e-06 4.3142769e-05 2.6984453e-05 1.1443655e-05
  3.5883044e-05 1.5307716e-06 1.8629908e-05 4.9227833e-06 3.4732614e-06
  2.4970200e-06 3.1343438e-06 3.5172723e-06 1.0043695e-05 3.4677030e-06
  1.6251871e-04 3.4067389e-06 9.3740427e-06 6.5721433e-06 4.6368064e-06]]
[[1.26084169e-05 7.65508594e-05 2.43550094e-05 ... 1.23899430e-04
  1.42922329e-06 2.53702783e-05]
 [9.00636442e-05 2.35458556e-05 2.41996822e-04 ... 1.85358847e-04
  3.66864284e-03 7.10901895e-06]
 [1.37631199e-04 4.45156684e-06 7.89445185e-05 ... 1.75008317e-05
  5.92086508e-06 1.93001870e-06]
 ...
 [9.64215269e-06 6.10872739e-05 7.66537618e-04 ... 5.47450582e-05
  7.25508842e-04 1.18328899e-05]
 [6.57541896e-05 1.01011246e-04 4.13224880e-05 ... 1.09339913e-03
  7.13922782e-03 9.59013269e-05]
 [2.99941021e-05 1.31560573e-05 3.50182054e-05 ... 3.10741088e-05
  1.21449644e-04 8.03064722e-06]]
[[1.2893828e-09 3.8443632e-06 2.2501832e-05 ... 2.0575064e-05
  6.5649527e-07 2.5999263e-09]
 [2.3531725e-06 1.1112068e-05 1.9109800e-06 ... 1.9143513e-08
  3.0642657e-03 9.9068493e-06]
 [4.7921680e-05 4.5194981e-10 7.8956290e-09 ... 4.4745429e-06
  2.1709573e-06 1.0155935e-06]
 ...
 [4.6492323e-06 8.6590170e-08 6.6725093e-05 ... 4.2589327e-06
  1.4471819e-07 3.3321979e-07]
 [6.5825487e-09 1.6083574e-06 4.1392108e-09 ... 1.7379013e-04
  3.9441829e-06 3.0246465e-05]
 [9.0622808e-07 6.9194257e-06 1.9210273e-07 ... 8.4124767e-06
  3.2145974e-05 1.5993861e-06]]
[[0.25251597 0.69032085 0.38800907 0.5129212  0.31572172 0.1753532
  0.6938873  0.25249848 1.0218365  0.29779857 0.3847513  0.06830972
  0.75879455 1.3182077  0.21663049 0.14817914 1.138821   0.8016874
  0.33911094 1.1075456  1.3964556  0.16394024 0.36906332 0.8190014
  0.3815613  0.10452987 0.4483656  0.46373805 3.5809479  0.4615749
  0.18119936 3.1307056  0.2833823  0.14159495 0.23741385 0.33779913
  0.2477809  3.005223   0.6875866  0.27978584 0.36576715 0.41843057
  0.34332746 0.29241288 0.57894534 0.87374    0.7894224  0.6162515
  0.14638396 0.59870887 0.8249894  0.177731   1.0095662  0.7500138
  0.5952557  0.8730032  2.4835148  0.8690552  0.6744095  0.22775002]]
[[1.0836042e-04 6.4613746e-04 2.4434694e-04 1.6882600e-03 8.9124579e-04
  2.7182675e-04 1.6335467e-03 3.5179633e-04 1.8920179e-04 2.9980869e-04
  1.6306332e-04 1.3316485e-04 6.2147592e-04 9.9577717e-03 1.9373860e-04
  3.7262813e-04 1.7316490e-03 2.8881528e-03 7.3204393e-04 3.9824382e-03
  5.8623399e-03 4.1611982e-04 1.5380430e-04 8.4625359e-04 9.8323240e-04
  6.7977715e-05 5.2965508e-04 2.7410957e-04 4.1714340e-02 3.9611096e-04
  1.6818322e-04 3.5196468e-03 1.3025625e-04 2.6093121e-04 4.3298109e-04
  4.1057213e-04 5.7728577e-04 1.2765933e-02 9.7204174e-04 4.3368526e-04
  1.9422136e-03 8.5080269e-04 1.7063865e-03 1.3731895e-03 2.5609287e-04
  1.9166536e-03 1.1973035e-03 4.9669371e-04 2.4120639e-04 2.7739392e-03
  2.0778559e-03 3.4920734e-04 2.0775548e-03 5.5283341e-03 9.0324349e-04
  2.4412877e-04 2.1287075e-03 5.9358426e-03 3.0777936e-03 7.5450429e-04]]
[[2.7924630e-06 2.1448166e-07 2.9163946e-06 ... 1.5971166e-07
  1.1525100e-05 2.5037022e-07]
 [4.7272965e-06 4.5785505e-06 7.3985711e-06 ... 3.4996465e-06
  8.5332922e-06 7.0452325e-06]
 [3.4830614e-07 1.7246430e-05 1.3618099e-07 ... 2.8976680e-07
  2.0545450e-07 3.8950191e-07]
 ...
 [3.3488586e-06 9.9366589e-06 7.3926918e-07 ... 9.5485821e-06
  3.2236196e-05 1.8418482e-06]
 [4.1157123e-06 1.8218363e-05 4.5340938e-05 ... 5.4118505e-06
  2.5627951e-05 2.5416284e-06]
 [1.3127260e-06 7.1412919e-06 7.3404281e-06 ... 1.1076456e-06
  1.1678013e-05 3.2128937e-06]]
[[3.40666156e-06 1.38016048e-07 1.70389171e-07 ... 3.31940271e-08
  2.72509601e-06 6.01938677e-09]
 [3.04550213e-07 8.85183482e-09 5.37195035e-07 ... 3.60613484e-10
  2.61777757e-07 7.07863712e-10]
 [3.58159405e-11 1.72571235e-09 1.36585231e-11 ... 7.35924521e-09
  2.08062768e-11 3.90344944e-11]
 ...
 [9.61240403e-07 1.21368976e-06 2.61322235e-08 ... 1.68703682e-05
  3.39017170e-09 2.50360399e-10]
 [6.67304711e-10 1.32265825e-08 1.05213962e-06 ... 2.75080558e-09
  8.97003065e-06 1.00501580e-07]
 [3.98631315e-08 8.00203293e-10 6.20517483e-07 ... 1.10822053e-10
  1.22446631e-09 3.69739794e-10]]
[[0.00329144 0.00479482 0.0075176  0.00546348 0.00419774 0.00184853
  0.00435323 0.00226524 0.00222714 0.00494121 0.00243478 0.00107465
  0.00492343 0.0410122  0.00168313 0.00234076 0.001801   0.00227876
  0.00445446 0.00315425 0.00943753 0.00371762 0.00966484 0.00605883
  0.0087257  0.00304597 0.00432564 0.00642542 0.0098882  0.00338721
  0.00192357 0.06622765 0.00665443 0.00390191 0.00478916 0.0017771
  0.00174109 0.00829865 0.00349959 0.00347826 0.01676293 0.00129071
  0.01327835 0.00687004 0.005927   0.0217388  0.00179914 0.00593163
  0.00302941 0.00373968 0.00198783 0.0070837  0.00275285 0.01308971
  0.00327353 0.03830051 0.00322212 0.01038639 0.00303714 0.00256485]]
[[4.9482696e-06 1.6577480e-05 1.2689429e-05 4.6138030e-06 7.7082650e-06
  3.6063386e-06 1.3930967e-05 2.5717361e-06 3.8624967e-06 4.5831343e-06
  4.1876906e-06 1.2092966e-06 2.4114062e-05 6.3529755e-05 4.8179709e-06
  4.9539940e-06 1.6113125e-05 3.5347805e-06 1.3032608e-05 1.3053621e-05
  1.4936361e-05 1.0062364e-05 3.1041764e-05 1.2107703e-05 1.8735582e-05
  3.8277553e-06 5.4235679e-06 1.2617463e-05 1.8038414e-05 2.9158182e-06
  1.8348510e-06 6.1113335e-04 2.2480594e-05 3.4425218e-06 6.3415328e-06
  2.2015474e-06 8.7354783e-06 1.8051835e-05 3.7546595e-06 2.1094238e-05
  4.1474017e-05 4.1158111e-07 8.9797131e-06 4.1446001e-05 1.2768799e-05
  2.9491322e-05 2.2075794e-06 6.8757040e-06 8.8270745e-06 2.2333459e-05
  5.3834715e-06 6.8956692e-06 6.1338906e-06 1.7424281e-05 2.3497439e-06
  1.5302252e-05 1.2480662e-05 4.2376432e-05 8.9533660e-06 4.4719868e-06]]
[[2.51791298e-05 2.63817128e-05 3.65361871e-06 1.63477525e-05
  2.06846671e-05 2.60698780e-05 1.78707094e-08 1.69817213e-05
  3.14476238e-05 1.43567886e-04]
 [2.48838332e-05 6.64723439e-06 2.68704171e-05 1.26698957e-04
  2.86201157e-05 2.15418841e-05 4.93373664e-05 6.26865221e-05
  3.41833947e-05 1.85592915e-04]
 [1.24663580e-04 4.11255925e-04 1.43491256e-03 3.23299738e-03
  1.50231135e-05 5.78563013e-05 4.38325042e-05 2.85897579e-04
  7.46559002e-04 3.83125416e-06]
 [1.00767293e-05 2.43137038e-05 4.98928239e-06 2.17074092e-04
  2.04123426e-04 2.08683941e-05 9.82150086e-05 1.11701898e-04
  1.68045852e-04 3.39810540e-05]
 [4.33055538e-05 7.15340275e-06 1.56525257e-05 8.19491106e-04
  1.07479922e-04 4.57390670e-05 7.47912793e-07 1.05568732e-04
  1.09806762e-03 3.18610655e-05]
 [1.19290632e-06 6.91802961e-06 5.43260598e-04 1.52012857e-04
  5.58144930e-05 7.64099095e-05 8.25947282e-05 3.18379716e-05
  1.03820559e-04 5.35424333e-05]
 [6.14300661e-05 1.20447890e-04 2.09917343e-05 1.10618646e-04
  2.22479954e-04 5.40306719e-05 4.57219767e-06 7.28416580e-06
  5.53170103e-04 3.63016879e-05]
 [3.53455653e-05 7.02549514e-05 1.04654802e-03 2.83983945e-06
  5.33078128e-06 1.73224020e-04 2.09926839e-05 7.86821620e-05
  6.34712575e-04 1.22995145e-04]
 [2.57423071e-05 9.78688786e-06 2.29404061e-04 3.93494585e-04
  1.00555058e-04 2.75266393e-05 1.66236750e-05 1.39669864e-05
  3.68284207e-04 2.95349287e-06]
 [1.01134669e-04 8.65631562e-04 6.51689421e-04 2.19394802e-03
  6.32308074e-05 8.37409334e-06 1.17526251e-05 2.52395093e-05
  9.09788650e-05 2.48573929e-06]
 [5.20794347e-05 5.19251662e-05 1.89946022e-05 2.72793841e-04
  1.07090045e-06 7.68082464e-06 1.79048693e-05 1.27065898e-04
  1.55333200e-05 3.05230584e-04]
 [1.13444061e-04 8.18620776e-07 1.13965500e-04 3.30656854e-04
  1.77873822e-04 3.25911424e-05 1.07663095e-06 3.44387154e-05
  7.30869011e-04 6.40692087e-05]
 [2.51509618e-06 3.24316461e-05 4.35327365e-06 3.04599380e-05
  3.61178172e-05 1.58581151e-05 8.36836189e-05 7.20196795e-06
  1.53250148e-04 1.74285946e-04]
 [5.62316427e-06 2.47923745e-04 9.50581380e-05 1.93682383e-04
  2.12080595e-05 5.91462310e-07 5.05422686e-05 5.87176874e-06
  1.59539304e-05 4.14157921e-06]
 [1.96538196e-04 5.14556341e-05 1.03440441e-04 2.17821635e-03
  7.38957897e-06 1.46945109e-04 4.13806447e-05 1.65628313e-04
  4.47822713e-05 1.74269426e-05]
 [4.75103261e-05 7.03865180e-06 2.73645273e-05 4.28937050e-03
  7.15229453e-06 9.20658204e-06 6.51566279e-06 2.24192452e-04
  6.24687120e-04 1.80861010e-04]
 [5.53403079e-05 7.07304629e-04 1.67991244e-03 8.15966341e-04
  3.41732957e-05 1.89737948e-05 7.62412537e-06 1.75812485e-04
  1.49299201e-04 5.38940876e-05]
 [9.32793992e-05 6.12107178e-05 2.17188099e-05 1.61299002e-04
  1.37459545e-04 1.92249299e-05 7.11693428e-06 5.03336487e-05
  7.84858203e-05 1.23153313e-06]
 [2.04779208e-05 2.99874100e-05 7.60614988e-04 6.53528143e-04
  1.62858723e-05 2.61956939e-05 1.56922706e-05 8.29611690e-06
  4.50851017e-04 9.67489981e-08]
 [4.60569427e-05 1.27672693e-05 2.03315751e-04 4.47928323e-05
  1.87396802e-06 8.20786809e-05 1.98802832e-06 2.71127028e-05
  1.92807784e-04 4.56401176e-05]
 [1.79498573e-04 9.36487864e-04 4.01145116e-05 2.42464987e-04
  2.51937978e-04 6.27255140e-05 2.04413518e-05 2.07192512e-04
  8.74455436e-05 1.10945284e-05]
 [2.93191079e-06 6.94077287e-04 4.83199392e-06 2.61862110e-03
  6.54080714e-06 5.18144407e-06 2.18506902e-05 4.09994129e-04
  9.22252220e-05 1.18268013e-04]
 [5.33010061e-05 3.32286945e-05 3.29267750e-05 8.61410663e-05
  2.16442058e-04 9.69831017e-05 1.83177253e-05 5.41559239e-05
  5.04006923e-04 7.74684850e-06]
 [1.49217942e-06 2.36736396e-05 2.97558654e-06 1.05282548e-03
  2.34270774e-05 6.02687323e-05 1.17091276e-05 3.77831129e-05
  5.04904601e-04 2.78582738e-04]
 [2.89608647e-06 1.63952404e-06 1.02067470e-05 3.29146751e-05
  8.12478393e-05 5.99565974e-05 7.83098130e-06 1.08372944e-04
  2.07918187e-04 1.78758477e-04]
 [5.80986853e-05 4.26816450e-06 3.30282637e-05 6.45344495e-04
  1.26785790e-06 1.91912113e-04 2.56770236e-05 1.27658292e-04
  8.52183712e-06 9.71188274e-06]
 [6.50399015e-05 1.39426504e-06 3.79111952e-05 4.60748887e-03
  9.35679054e-05 5.38309359e-05 1.98392672e-06 1.29081323e-04
  9.15168221e-06 4.31089138e-05]
 [6.67538770e-05 7.44017825e-06 1.09452005e-04 1.81140975e-04
  2.41079815e-05 5.53499231e-05 2.64325149e-06 2.65922517e-05
  5.11572289e-05 1.62889173e-05]
 [7.31460887e-06 9.03319306e-05 2.62329213e-05 4.51740809e-03
  3.62279502e-06 1.60283871e-05 3.59257751e-06 3.41992913e-04
  7.78144313e-05 8.68395273e-06]
 [3.37677011e-05 3.50533924e-06 2.02376959e-05 9.41515027e-05
  6.46640910e-05 6.76582022e-06 1.14717723e-05 5.56526174e-06
  1.32139889e-04 3.75184936e-06]
 [5.50628065e-05 1.12740452e-06 6.32041483e-05 8.78201390e-04
  1.64441211e-04 2.16164990e-05 6.37347839e-05 1.91388085e-06
  1.56082155e-04 3.46221896e-06]
 [2.83385998e-06 9.16168428e-05 1.11235420e-06 6.83631049e-04
  6.99599550e-05 5.21711809e-06 1.78601713e-05 4.11772271e-05
  3.57339944e-04 1.66292411e-05]
 [3.01431191e-05 4.92681556e-06 8.91378950e-05 3.33637930e-03
  5.47216951e-05 1.68299921e-05 1.05677127e-05 6.68357234e-06
  2.62943213e-04 1.09111270e-05]
 [2.92576733e-05 2.95551872e-04 6.77067828e-06 4.43108365e-05
  8.70853837e-05 2.39479255e-06 3.20457402e-05 7.04250415e-05
  2.09766906e-04 1.31088673e-05]
 [4.40315234e-05 7.71884588e-05 7.90665392e-04 7.77760695e-04
  6.91229870e-05 2.93303710e-05 9.48814250e-06 2.10618600e-04
  3.63664556e-04 1.08666864e-04]
 [5.76754574e-05 5.15501488e-05 1.72714749e-06 5.65914124e-05
  3.64825100e-04 6.99830052e-05 6.38103229e-05 4.71437117e-04
  1.55727044e-04 1.23922742e-04]
 [5.25786600e-05 8.31580037e-05 3.12194388e-05 9.57142096e-04
  2.02226602e-05 4.34354333e-05 7.34518180e-05 1.26172918e-05
  2.39017303e-04 7.91863786e-05]
 [1.61942057e-06 4.06374784e-05 4.28969088e-06 2.72116195e-05
  4.35735137e-06 2.45753540e-06 5.74716760e-05 7.11971297e-05
  3.30050738e-04 4.28750354e-05]
 [1.56356309e-05 7.44456031e-07 3.34379570e-06 1.90262406e-04
  8.51733262e-07 2.92476150e-04 4.72989723e-06 2.45654046e-05
  2.12990533e-04 1.54646274e-04]
 [1.17237250e-04 3.27185830e-06 2.06018558e-05 3.94517265e-05
  2.06153025e-04 4.18908930e-05 8.58868316e-06 8.52597441e-05
  1.47791623e-04 2.64153612e-04]
 [5.12248016e-06 7.29164594e-06 1.29475268e-06 1.99921010e-06
  1.98513171e-05 1.35787850e-04 3.21569096e-05 1.14588065e-05
  9.97678217e-05 3.97705553e-05]
 [1.22862984e-05 1.76189584e-04 1.43401701e-06 1.16084957e-05
  1.06142738e-06 6.05445257e-06 6.38854181e-06 1.34727889e-04
  1.84144898e-04 6.06775347e-06]
 [3.59740875e-06 5.20169397e-06 2.02109921e-03 1.60684067e-05
  4.82184805e-05 9.62808917e-06 6.39177306e-05 4.10252724e-05
  7.40252144e-04 6.80965677e-05]
 [4.03873128e-06 9.16177942e-06 4.65593439e-05 2.19863232e-05
  4.47647517e-06 1.95119919e-05 8.28250086e-06 1.50204005e-06
  2.50179783e-05 2.21609002e-06]
 [2.95451391e-05 6.24597988e-06 1.63069548e-04 1.79593335e-04
  1.86208301e-04 5.42820089e-05 1.09685629e-06 2.74143658e-05
  5.03105075e-05 1.82703167e-04]
 [2.07395387e-05 2.82575857e-05 1.61392265e-04 3.64726111e-05
  1.01452006e-05 9.32427938e-05 4.10958128e-05 8.60707132e-06
  4.92805702e-05 2.94283109e-05]
 [5.93251680e-05 1.09430057e-05 8.67940616e-05 6.17755286e-05
  1.89341426e-05 2.93122448e-05 8.25939715e-05 1.64158308e-04
  3.95754847e-04 2.88103707e-04]
 [5.63867907e-05 1.75377991e-05 1.10260051e-04 1.56143913e-04
  1.27942069e-04 7.55158835e-05 1.25983543e-05 4.28887961e-06
  3.75965377e-04 6.81101810e-05]
 [1.02734950e-04 3.52788309e-04 1.72113287e-05 5.41416556e-03
  6.36734921e-06 2.29204556e-06 6.79812438e-05 1.94051478e-04
  4.00893805e-05 2.68577810e-06]
 [4.34431922e-06 9.84794387e-05 1.83205848e-05 5.52559868e-05
  3.48097492e-05 9.64781066e-05 2.75610182e-06 5.13912819e-05
  2.68982607e-04 8.63488458e-06]
 [4.61940945e-05 9.94757502e-05 3.03096895e-04 2.67411792e-06
  1.57123577e-05 4.80221825e-05 5.12277729e-05 1.55695870e-05
  1.60107535e-04 6.22933585e-05]
 [1.44191465e-04 3.33817385e-04 2.33752944e-04 1.27921805e-06
  4.04554958e-05 1.89430393e-05 3.43698484e-05 1.96440815e-05
  4.56086011e-04 1.02267477e-04]
 [1.60591007e-05 1.11201633e-04 1.82132341e-03 8.20567366e-05
  1.37327550e-06 2.54342667e-05 3.87213258e-05 5.63780486e-05
  2.97035964e-04 9.23537518e-05]
 [1.71242602e-04 7.49998662e-06 3.68564070e-04 1.81985000e-04
  2.54205748e-04 1.02681197e-05 3.66070963e-05 2.58352320e-05
  5.31535654e-04 1.21545439e-04]
 [6.59198395e-06 9.76355750e-06 2.79383257e-05 3.51155875e-04
  3.69264235e-05 1.02331120e-04 8.86183843e-05 5.52429719e-06
  2.17155262e-04 2.78600259e-04]
 [2.58564705e-05 5.07746445e-05 1.24463360e-04 7.06580118e-04
  9.61389546e-08 1.37057970e-04 1.23364425e-05 8.79555882e-05
  2.12378829e-04 1.85757781e-05]
 [6.61986924e-05 8.29341807e-05 3.96783362e-05 5.39508474e-04
  5.91116004e-05 3.85133171e-05 8.52863959e-05 1.78844464e-04
  6.87142820e-05 7.80615574e-06]
 [4.66284946e-05 6.91123432e-06 1.30306216e-04 5.80243868e-05
  1.09745260e-05 8.96718702e-05 3.57413728e-06 4.42520468e-05
  1.46814084e-04 2.11771639e-05]
 [3.26786248e-05 3.76007733e-07 4.14937502e-04 1.53945212e-03
  4.18720847e-05 1.09433517e-04 2.10609724e-05 2.73197747e-05
  5.38408582e-04 1.04078326e-05]
 [6.43164094e-06 5.42521360e-04 1.65709018e-04 7.75840657e-04
  5.71182754e-05 3.46243792e-06 5.47347227e-05 2.96299513e-05
  1.95585235e-04 1.06007910e-05]]
[[2.60076094e-09 1.12532564e-06 4.04510286e-10 2.30483508e-07
  6.10357674e-04 2.37758268e-05 1.80404162e-12 2.22647077e-06
  1.12472112e-08 1.55451296e-08]
 [2.53434163e-09 6.66497635e-10 2.76391674e-08 9.91207258e-08
  2.96671421e-09 1.73317076e-05 2.66245088e-08 6.25275343e-09
  1.68914376e-05 2.28211520e-05]
 [8.60184684e-07 2.73426053e-06 1.65173390e-07 6.08480195e-06
  1.56387592e-09 6.61987931e-09 2.26935612e-07 1.18935169e-07
  2.02316689e-04 3.88518218e-10]
 [9.44892406e-07 5.14880594e-06 1.79506358e-07 1.88973081e-05
  1.46706188e-05 2.09496553e-09 7.42970087e-06 3.26570948e-08
  2.01468282e-08 4.03753431e-09]
 [4.32192904e-09 7.21902482e-10 3.09389048e-09 8.19469506e-08
  1.07827915e-08 2.33333584e-08 1.45587742e-09 1.36320195e-05
  1.11042304e-07 2.57830152e-06]
 [1.21755842e-10 1.31532613e-06 6.01342492e-07 1.44006000e-04
  7.11549148e-08 7.68608555e-09 4.68397047e-07 3.18511653e-08
  1.27132462e-05 3.61267816e-08]
 [6.17448892e-09 8.16792124e-07 2.88488741e-06 1.42291805e-08
  2.31457398e-05 5.63339642e-09 4.97659691e-10 7.44799999e-10
  4.86653153e-04 1.37170696e-06]
 [3.43223655e-06 5.50518489e-05 2.01855505e-06 3.79320753e-09
  2.82978663e-09 1.73505974e-08 2.11304330e-09 8.47894377e-09
  9.29686337e-08 1.24054198e-08]
 [2.56426880e-09 9.83882309e-10 2.30787585e-08 1.40197514e-07
  1.30326132e-08 8.47077445e-07 1.67083147e-09 3.85178467e-09
  1.79582312e-05 4.02366624e-07]
 [3.62343380e-05 6.18595379e-07 9.08604392e-08 5.96060136e-06
  5.43994474e-07 8.37212522e-10 5.08744691e-09 1.01435855e-08
  2.22768666e-08 2.66518113e-10]
 [8.12960081e-07 3.16300793e-05 2.43802667e-09 1.27777341e-04
  1.13895391e-08 5.87391696e-07 1.89852134e-09 1.44497498e-08
  2.25653505e-08 1.37544457e-05]
 [1.11091083e-07 1.29942987e-10 2.66300844e-06 4.73912287e-08
  9.28064310e-06 3.83982668e-09 1.10871007e-10 2.95300233e-05
  7.40241930e-08 1.39869910e-04]
 [4.27508212e-06 5.92823199e-06 7.39204893e-08 4.47296156e-09
  3.63154951e-09 1.76041248e-09 8.65542279e-06 7.38976103e-10
  2.19173401e-07 1.55108665e-07]
 [5.64420732e-10 1.16837157e-06 3.99983016e-08 1.94819734e-08
  7.65897923e-08 6.53026452e-11 1.74551307e-08 2.68094595e-06
  2.83376994e-06 9.29425653e-07]
 [3.67035469e-08 4.49004176e-07 8.05917734e-05 2.17883269e-07
  7.43843265e-10 5.53563632e-06 5.20596144e-09 1.90788160e-06
  6.17603728e-05 1.44815313e-05]
 [5.24917305e-05 7.42441386e-10 2.82728863e-09 3.81634663e-06
  7.25010774e-10 6.25559414e-06 6.53040122e-10 4.87131274e-07
  6.76775471e-08 2.78567089e-08]
 [5.56734969e-09 1.27399630e-07 1.51689792e-05 1.11948339e-06
  3.66150865e-09 1.88450322e-09 8.49726844e-10 5.16752953e-05
  2.89959212e-06 5.39875566e-09]
 [9.50424184e-09 4.21323712e-05 5.11217344e-08 9.50219965e-06
  4.59213361e-08 3.32521552e-07 3.06801229e-09 5.10121678e-09
  1.12150680e-07 1.23903374e-10]
 [2.26206430e-06 1.80501900e-06 7.62204806e-08 1.44184511e-07
  4.05823954e-07 2.62028443e-09 2.15149129e-07 8.31453184e-10
  2.03567528e-04 2.61439120e-10]
 [4.59892524e-09 1.70396697e-09 2.70994883e-06 7.00869423e-05
  1.88673896e-10 1.64202678e-08 2.12305257e-10 2.88892865e-09
  1.00375665e-07 1.35560342e-07]
 [1.18984467e-07 1.05734598e-05 3.82348344e-06 2.44052831e-08
  1.62539848e-07 6.54661614e-09 2.04989670e-09 5.49338495e-08
  9.54830792e-09 1.88202279e-07]
 [2.93234631e-10 8.70689917e-07 7.73485942e-10 9.28448685e-07
  9.61343782e-10 5.99831708e-07 1.01585892e-05 8.06495063e-06
  5.74980277e-08 1.89582217e-08]
 [6.15413587e-09 3.57009668e-07 2.11256790e-08 1.41272620e-08
  5.58421925e-06 9.81197879e-09 1.84029070e-09 1.95705961e-05
  1.30926736e-07 8.37189595e-10]
 [1.49474433e-10 1.24199119e-07 5.64571112e-10 1.07169718e-07
  1.57838542e-08 1.85907084e-07 1.21455173e-07 3.78108611e-09
  2.88831070e-05 2.24805772e-05]
 [2.90632435e-10 4.99666896e-07 1.23336463e-09 8.37835444e-07
  4.89202876e-07 6.02749495e-09 6.21487743e-07 1.08749783e-08
  8.79667550e-06 3.35294033e-07]
 [5.82331383e-09 4.31867597e-10 1.89775164e-06 8.42192520e-08
  1.36296197e-10 6.60983630e-07 5.76468153e-08 3.33204434e-06
  9.48162548e-10 1.00146058e-09]
 [7.23282412e-09 1.41188450e-10 3.84501098e-09 1.28016200e-06
  1.13578118e-07 1.28600286e-05 1.97011560e-10 3.27579556e-07
  8.96490633e-07 4.36236951e-06]
 [5.88740647e-07 2.31547274e-05 1.98682057e-04 2.09762057e-08
  2.44805487e-09 7.82706047e-05 3.37686268e-10 1.21136691e-06
  4.84158181e-06 2.26351182e-09]
 [7.90345844e-10 2.07847251e-07 1.22919758e-07 4.85257942e-07
  6.09813255e-10 2.83493118e-09 3.65524833e-10 3.42041915e-08
  3.97343825e-07 8.75188366e-10]
 [2.94704319e-06 1.65221607e-07 9.64392893e-06 9.43306766e-09
  7.90552258e-06 1.35297671e-06 1.21195420e-09 7.33715089e-10
  9.73179976e-06 4.04338785e-10]
 [6.42081499e-09 1.87373089e-10 3.53289039e-07 1.05792566e-07
  2.78082098e-06 6.80706691e-08 1.62752549e-05 6.71469269e-10
  1.56157203e-08 3.50555168e-10]
 [2.83753104e-10 8.56775368e-05 3.07844857e-06 6.89523461e-08
  6.99849911e-09 1.08211577e-06 5.61399702e-07 5.09004572e-08
  7.18192652e-08 2.36129267e-07]
 [5.25388977e-09 5.20039456e-10 8.91429774e-09 6.93904622e-06
  7.26229018e-07 8.08187934e-08 1.91469917e-06 6.31796429e-05
  2.65088413e-08 1.09406328e-09]
 [2.99298653e-09 1.28551346e-06 7.60469465e-10 7.58557871e-06
  3.97203148e-05 1.70192873e-08 9.45728573e-07 2.01674251e-08
  8.84331257e-06 8.33910121e-07]
 [3.01493674e-06 7.85006549e-09 1.09446482e-05 9.42134466e-06
  7.00032299e-09 2.96260860e-09 9.75009407e-10 2.17838917e-07
  3.88049450e-08 1.13252492e-08]
 [5.90880900e-09 1.46055854e-05 1.78816059e-10 5.67768144e-09
  6.27078975e-08 1.46397259e-04 3.50984593e-08 1.59616741e-06
  2.19330304e-05 5.39423854e-06]
 [5.26294608e-09 2.88860538e-05 4.44242960e-06 1.31443103e-05
  1.15415496e-05 1.59105857e-05 3.02306908e-05 1.58072382e-07
  3.80116596e-08 6.02638693e-07]
 [9.33692679e-09 2.15181672e-06 2.74237973e-04 2.73291034e-09
  4.36580883e-10 4.30135511e-10 5.23901690e-06 3.97990116e-05
  3.50470160e-08 6.81861634e-09]
 [1.63159775e-09 7.53633336e-11 3.69123176e-10 1.91639717e-08
  6.47702764e-05 3.87892305e-06 2.40936430e-07 2.46320786e-09
  2.54106249e-06 5.61690395e-05]
 [4.45729036e-08 3.37014666e-10 3.78796150e-09 3.90494315e-05
  1.08683635e-05 9.21033632e-07 8.82166395e-10 8.59603855e-09
  1.87867845e-03 6.50991083e-08]
 [3.87686887e-05 1.93427263e-06 1.34002226e-10 2.00353678e-10
  1.98793693e-09 1.46470125e-08 6.88561173e-08 1.14739862e-09
  1.72706223e-08 4.16692236e-09]
 [1.24767874e-09 2.12477266e-06 1.61286984e-10 4.61882976e-08
  1.22774499e-10 6.47358078e-09 2.57886404e-06 1.39508591e-08
  4.34698222e-07 2.40638087e-06]
 [2.60434763e-06 4.67154715e-09 2.95982545e-06 8.39879188e-09
  1.11168092e-05 9.76387637e-10 2.26215025e-06 1.48992626e-07
  7.40987574e-08 1.36935242e-07]
 [1.62678404e-07 1.11874887e-09 2.21454357e-08 8.92635057e-07
  5.30396838e-10 7.24512503e-08 8.29158242e-10 1.53505264e-10
  2.51242138e-09 2.24758614e-10]
 [2.98794300e-09 4.45798747e-07 2.05508604e-06 1.60439836e-03
  8.39315533e-07 1.06617692e-08 1.10398746e-10 4.61232785e-09
  3.57260262e-07 1.24662347e-06]
 [2.24271690e-09 3.04084224e-09 1.61433711e-08 8.71849171e-09
  6.60051955e-05 3.76485161e-07 9.63705205e-08 3.29628840e-08
  4.91750463e-09 2.94452374e-09]
 [1.07323667e-05 1.11077281e-09 9.56803615e-06 6.87314028e-09
  3.50721639e-05 8.20099544e-08 1.57678475e-08 1.93340966e-04
  1.70143066e-05 2.87970128e-08]
 [8.39824423e-08 6.20640392e-08 1.10261045e-08 1.57795146e-08
  9.44946450e-08 1.28122401e-05 1.30294764e-09 7.05630384e-07
  8.28621523e-06 4.89565464e-05]
 [1.01730899e-08 2.91365668e-05 1.72123682e-09 6.29578324e-07
  4.67708610e-08 7.09892504e-07 3.79647327e-06 6.61320996e-07
  4.45738113e-09 4.32979874e-07]
 [1.14869761e-06 5.75819463e-08 3.42244988e-07 5.63419889e-09
  3.48551232e-09 9.69614078e-09 1.42179761e-06 5.14223286e-09
  3.28450624e-05 9.00825359e-10]
 [2.35080311e-08 3.54823982e-07 3.92218915e-08 3.01436653e-10
  2.25820841e-05 5.10019182e-09 1.89465382e-07 4.18476384e-06
  3.19004976e-05 4.68353983e-06]
 [8.00801627e-06 5.05782555e-06 2.33800499e-08 1.53050975e-10
  6.28607268e-07 1.91649252e-09 1.31726893e-05 2.97912384e-09
  4.07160078e-05 1.29206015e-08]
 [1.16395455e-07 1.29997905e-04 2.01911507e-06 1.70244457e-05
  1.39483355e-10 2.54086374e-09 2.72447724e-05 1.47189821e-05
  3.09425943e-08 9.31633526e-09]
 [1.93670417e-07 7.92685473e-10 3.70429731e-08 3.25060217e-04
  1.98360325e-07 5.71567455e-07 3.66220121e-09 3.49156548e-09
  1.64213870e-05 4.72181000e-06]
 [9.10116114e-07 6.78730203e-07 4.89973351e-09 5.04533546e-07
  8.34685832e-09 3.61303520e-08 3.87953060e-06 5.68371683e-10
  1.44310582e-06 2.78912857e-08]
 [7.01231738e-06 5.08706588e-09 1.25035742e-08 2.75050588e-05
  1.01619225e-11 3.24461325e-06 2.82400467e-08 1.96552173e-05
  2.83632602e-08 1.95957139e-09]
 [6.73574085e-09 3.56027590e-06 3.97000166e-09 5.40865841e-08
  7.60852199e-05 2.44449484e-06 2.19855588e-06 6.55374970e-06
  3.04101036e-07 7.79257281e-09]
 [2.38678162e-08 7.41891104e-10 3.89543914e-07 5.83290172e-09
  1.09645681e-09 8.97021923e-09 3.61625924e-10 1.22769549e-07
  1.52347130e-08 1.43749604e-03]
 [3.27102168e-09 5.24780823e-08 5.40092515e-07 4.47246038e-07
  8.10729404e-08 2.29386387e-07 2.08659623e-09 2.75481060e-09
  5.33881064e-08 4.71323938e-06]
 [6.41729503e-10 4.07182597e-06 7.05727174e-08 4.47301609e-05
  6.14496409e-09 3.46749018e-10 2.26822012e-05 1.15534090e-06
  1.95793248e-08 2.81611356e-09]]
[[0.0023649  0.00539609 0.02499143 0.04271127 0.00412312 0.00374938
  0.00105569 0.00404813 0.00333718 0.00384094]]
[[1.1277606e-05 2.3164339e-05 2.3116860e-04 6.6376662e-05 1.8079820e-05
  1.5764836e-05 3.6388683e-06 5.5291393e-06 2.6183614e-05 6.1760506e-06]]
