

config:

HOME=/clusterFS/home/student/kopp13
PATH=/clusterFS/home/student/kopp13/miniconda3/envs/tensorflow/bin:/clusterFS/home/student/kopp13/miniconda3/bin:/clusterFS/home/student/kopp13/bin:/usr/local/bin:/usr/bin:/bin:/usr/local/games:/usr/games
LD_LIBRARY_PATH=
THEANO_FLAGS=floatX=float32,gpuarray.preallocate=0.9,dnn.library_path=/usr/lib/x86_64-linux-gnu,cxx=clang++-3.8,device=cuda,base_compiledir=/tmp/tmp.CLShTtmfW6

=============================
CONFIG FILE

RNN CONFIG
{'data_multiplier': 1000.0,
 'gradient_clip_value': 0.5,
 'layer_configs': [{'layer_type': 'input'},
                   {'bc': {'init_m': 'xavier',
                           'init_v': -4.5,
                           'prior_m': 0.0,
                           'prior_v': 0.0,
                           'type': 'continuous'},
                    'bf': {'init_m': 'xavier',
                           'init_v': -4.5,
                           'prior_m': 0.0,
                           'prior_v': 0.0,
                           'type': 'continuous'},
                    'bi': {'init_m': 'xavier',
                           'init_v': -4.5,
                           'prior_m': 0.0,
                           'prior_v': 0.0,
                           'type': 'continuous'},
                    'bo': {'init_m': 'xavier',
                           'init_v': -4.5,
                           'prior_m': 0.0,
                           'prior_v': 0.0,
                           'type': 'continuous'},
                    'discrete_act': False,
                    'init_config': {'c': {'b': 'all_zero', 'w': 'xavier'},
                                    'f': {'b': 'all_one', 'w': 'all_zero'},
                                    'i': {'b': 'all_zero', 'w': 'xavier'},
                                    'o': {'b': 'all_zero', 'w': 'xavier'}},
                    'is_output': False,
                    'is_recurrent': True,
                    'layer_type': 'lstm',
                    'tau': 0.5,
                    'var_scope': 'lstm_0',
                    'wc': {'p0max': 0.95,
                           'p0min': 0.05,
                           'pmax': 0.99,
                           'pmin': 0.01,
                           'priors': [0.2, 0.6, 0.2],
                           'type': 'ternary'},
                    'wf': {'p0max': 0.95,
                           'p0min': 0.05,
                           'pmax': 0.99,
                           'pmin': 0.01,
                           'priors': [0.2, 0.6, 0.2],
                           'type': 'ternary'},
                    'wi': {'p0max': 0.95,
                           'p0min': 0.05,
                           'pmax': 0.99,
                           'pmin': 0.01,
                           'priors': [0.2, 0.6, 0.2],
                           'type': 'ternary'},
                    'wo': {'p0max': 0.95,
                           'p0min': 0.05,
                           'pmax': 0.99,
                           'pmin': 0.01,
                           'priors': [0.2, 0.6, 0.2],
                           'type': 'ternary'}},
                   {'bc': {'init_m': 'xavier',
                           'init_v': -4.5,
                           'prior_m': 0.0,
                           'prior_v': 0.0,
                           'type': 'continuous'},
                    'bf': {'init_m': 'xavier',
                           'init_v': -4.5,
                           'prior_m': 0.0,
                           'prior_v': 0.0,
                           'type': 'continuous'},
                    'bi': {'init_m': 'xavier',
                           'init_v': -4.5,
                           'prior_m': 0.0,
                           'prior_v': 0.0,
                           'type': 'continuous'},
                    'bo': {'init_m': 'xavier',
                           'init_v': -4.5,
                           'prior_m': 0.0,
                           'prior_v': 0.0,
                           'type': 'continuous'},
                    'discrete_act': False,
                    'init_config': {'c': {'b': 'all_zero', 'w': 'xavier'},
                                    'f': {'b': 'all_one', 'w': 'all_zero'},
                                    'i': {'b': 'all_zero', 'w': 'xavier'},
                                    'o': {'b': 'all_zero', 'w': 'xavier'}},
                    'is_output': False,
                    'is_recurrent': True,
                    'layer_type': 'lstm',
                    'tau': 0.5,
                    'var_scope': 'lstm_1',
                    'wc': {'p0max': 0.95,
                           'p0min': 0.05,
                           'pmax': 0.99,
                           'pmin': 0.01,
                           'priors': [0.2, 0.6, 0.2],
                           'type': 'ternary'},
                    'wf': {'p0max': 0.95,
                           'p0min': 0.05,
                           'pmax': 0.99,
                           'pmin': 0.01,
                           'priors': [0.2, 0.6, 0.2],
                           'type': 'ternary'},
                    'wi': {'p0max': 0.95,
                           'p0min': 0.05,
                           'pmax': 0.99,
                           'pmin': 0.01,
                           'priors': [0.2, 0.6, 0.2],
                           'type': 'ternary'},
                    'wo': {'p0max': 0.95,
                           'p0min': 0.05,
                           'pmax': 0.99,
                           'pmin': 0.01,
                           'priors': [0.2, 0.6, 0.2],
                           'type': 'ternary'}},
                   {'b': {'init_m': 'xavier',
                          'init_v': -4.5,
                          'prior_m': 0.0,
                          'prior_v': 0.0,
                          'type': 'continuous'},
                    'is_output': True,
                    'is_recurrent': False,
                    'layer_type': 'fc',
                    'regularization': {'mode': None, 'strength': 0.02},
                    'tau': 0.5,
                    'var_scope': 'output_layer',
                    'w': {'p0max': 0.95,
                          'p0min': 0.05,
                          'pmax': 0.99,
                          'pmin': 0.01,
                          'priors': [0.2, 0.6, 0.2],
                          'type': 'ternary'}}],
 'layout': [4, 60, 60, 10],
 'output_type': 'classification'}

DATA CONFIG
{'dataset': 'red_penstroke',
 'tr': {'in_seq_len': 30,
        'minibatch_enabled': True,
        'minibatch_size': 200,
        'out_seq_len': 5,
        'zero_padding': 20},
 'va': {'in_seq_len': 30,
        'minibatch_enabled': True,
        'minibatch_size': 200,
        'out_seq_len': 5,
        'zero_padding': 20}}

TRAINING CONFIG
{'beta_reg': 0.0,
 'is_pretrain': False,
 'learning_rate': 0.002,
 'mode': {'max_epochs': 0, 'min_error': 0.0, 'name': 'classic'},
 'task_id': 11,
 'type': 'g_sampling',
 'var_reg': 0.0}
==============================


[[7.0117143e-09 1.4289498e-05 3.2336933e-07 ... 3.6527138e-06
  2.3961171e-05 1.8190843e-07]
 [5.8847419e-08 1.6763833e-04 1.6560953e-05 ... 4.2108454e-06
  2.9141371e-04 6.1594541e-08]
 [5.0181942e-12 1.8775923e-09 5.6843941e-10 ... 5.5914121e-11
  8.9166479e-09 2.3853539e-09]
 ...
 [3.7309132e-08 3.1085605e-08 4.1266645e-08 ... 4.8568143e-07
  1.2201107e-07 7.3734888e-08]
 [1.5204494e-08 6.5770109e-06 9.1348646e-08 ... 4.8218464e-08
  1.8475479e-06 7.8878564e-08]
 [1.5520544e-06 1.2495790e-06 1.1671643e-08 ... 1.8646686e-07
  1.1421042e-06 7.5976607e-07]]
[[3.4799137e-09 5.2483128e-06 5.0348527e-11 ... 1.2595983e-06
  6.6016692e-06 1.4276040e-10]
 [2.6715366e-08 8.7756176e-05 5.7479228e-06 ... 1.0132557e-06
  2.9608651e-07 3.0996812e-08]
 [1.6082110e-12 1.8943630e-13 3.6114761e-10 ... 1.3847007e-10
  3.2299610e-09 2.5362083e-13]
 ...
 [1.6442476e-08 7.1142665e-09 1.1149645e-08 ... 1.7162236e-07
  3.8944858e-08 1.6980577e-08]
 [2.2128612e-12 1.7669956e-06 2.3092076e-08 ... 3.2174370e-08
  1.8494220e-10 1.2253044e-07]
 [1.5657220e-10 3.6724259e-07 2.9989953e-09 ... 5.3458596e-08
  2.8586550e-07 1.6574246e-07]]
[[2.2584709e-04 1.3727464e-03 1.8814970e-04 1.9749261e-03 1.9076192e-04
  3.0545692e-05 3.2442552e-04 9.1793318e-04 5.1880372e-05 7.2472241e-05
  3.7386443e-04 2.1248876e-05 2.4770407e-04 3.9151704e-04 2.2016899e-04
  2.9530476e-03 2.4524346e-04 3.8235320e-04 1.2521615e-04 3.1315177e-03
  5.9116026e-04 4.6351131e-05 3.8114103e-04 5.2364118e-04 4.7674039e-03
  2.0914625e-03 5.2652339e-04 2.1516047e-04 6.0256454e-04 5.2075949e-04
  8.4509072e-04 1.6771475e-03 1.7325423e-03 7.9013962e-06 1.3266323e-04
  1.1889759e-03 6.2461343e-04 1.6566652e-05 2.3055137e-03 1.8948637e-04
  1.2310550e-03 2.2151009e-03 8.3052937e-06 1.3557114e-04 1.1806380e-05
  3.9642758e-04 2.2599912e-04 5.7740638e-04 1.8083957e-03 1.0142319e-04
  1.6318850e-04 1.7818507e-04 6.5053324e-04 2.4483382e-04 8.7841199e-04
  2.9395166e-04 5.6270038e-04 8.1218360e-04 8.0108587e-03 2.2148638e-04]]
[[5.3116946e-08 1.1332026e-07 4.2062453e-08 1.0506094e-06 2.2511559e-08
  2.2998147e-08 7.7717331e-08 1.4154361e-06 1.4398263e-08 4.7564583e-08
  4.9783239e-08 3.1773006e-09 6.7193270e-08 2.9855784e-07 2.1480295e-07
  1.3737525e-06 3.9195140e-08 7.8229753e-08 7.4471501e-08 3.0596806e-07
  2.4568399e-08 4.2387722e-08 6.3673440e-08 2.1471739e-07 5.9880023e-07
  9.9394022e-08 1.0159462e-06 3.3193442e-07 4.6812428e-07 1.5949155e-07
  1.6352469e-07 1.4495065e-07 5.5682113e-07 1.4921295e-09 1.6718372e-08
  3.0420682e-07 1.6730327e-07 3.5880031e-08 7.2959137e-06 5.6166812e-07
  1.7506766e-06 3.5134892e-07 4.0903714e-08 1.3734894e-08 4.2378794e-09
  7.9629494e-08 3.3675104e-08 1.3398142e-07 6.1674726e-08 3.9615134e-08
  5.3892940e-08 1.9151509e-08 1.5826882e-07 4.8701821e-07 1.2073629e-07
  2.8869945e-07 7.7739003e-07 9.8776766e-08 1.3119457e-06 1.2464575e-08]]
[[9.8331024e-05 7.1973205e-05 5.4451434e-06 ... 2.0752788e-05
  1.5715300e-04 4.7758645e-06]
 [1.5973195e-05 4.7147052e-05 1.3487114e-06 ... 6.0705383e-06
  3.3583547e-04 1.4257897e-05]
 [2.4628556e-11 1.6868924e-09 2.7448852e-08 ... 1.4982592e-09
  9.0156448e-08 7.5546374e-08]
 ...
 [2.9377964e-07 3.1801122e-08 5.4961626e-09 ... 2.8503759e-09
  4.5513102e-06 7.5343500e-08]
 [3.0316798e-07 7.4178253e-08 1.4715833e-05 ... 2.1400780e-08
  2.9272771e-06 2.4068841e-08]
 [1.4015968e-07 3.3041775e-07 3.2144800e-07 ... 3.4894032e-07
  1.2830296e-04 4.4074932e-07]]
[[2.5499656e-05 1.6640644e-05 1.8094747e-06 ... 7.7708087e-08
  6.0496510e-05 2.0314328e-06]
 [4.0031700e-06 1.7663859e-05 4.1678624e-07 ... 1.9800675e-06
  3.3597555e-08 3.6140320e-06]
 [3.3577947e-09 1.6958104e-13 1.2689215e-08 ... 5.1592580e-10
  1.5661259e-09 7.5869788e-12]
 ...
 [7.0551280e-08 8.6622558e-09 5.5755574e-13 ... 1.3591347e-09
  1.6577779e-06 1.5283493e-07]
 [3.0335279e-11 2.4223189e-08 8.6861540e-08 ... 1.1242656e-07
  4.0822954e-08 1.5671871e-07]
 [8.7000991e-08 9.6315773e-08 7.5339642e-08 ... 9.1596519e-08
  2.8385790e-05 1.2622945e-07]]
[[9.36160237e-03 1.26175163e-02 1.94102072e-03 1.98447090e-02
  5.36416075e-04 2.33323756e-03 5.24858013e-03 1.80863459e-02
  1.65935012e-03 1.29654922e-03 2.98696500e-03 1.37025735e-03
  2.88838800e-03 2.33453931e-03 1.10068191e-02 4.09841724e-02
  4.85127140e-03 2.50365026e-03 6.09342416e-04 2.56723519e-02
  4.95874090e-03 1.46126468e-03 2.94870068e-03 3.41430306e-03
  2.04565991e-02 2.48093959e-02 3.63978348e-03 1.13125541e-03
  4.32276772e-03 3.33115063e-03 1.29618142e-02 2.19904594e-02
  8.42748489e-03 1.69537868e-03 3.22747044e-03 1.94810685e-02
  7.08453916e-03 8.07000106e-05 1.01832375e-02 1.21922670e-02
  1.85591273e-03 4.22113249e-03 3.02616390e-04 7.26335915e-03
  2.91448989e-04 2.95923068e-03 4.82186954e-03 6.82577631e-03
  5.21794381e-03 1.70873222e-03 7.30797416e-04 1.48083491e-03
  4.76354547e-03 3.64228822e-02 5.98085532e-03 9.00364714e-04
  6.39521843e-03 1.43839256e-03 3.58895771e-02 2.07156991e-03]]
[[1.4082436e-06 1.1182560e-06 2.5596504e-08 6.0091151e-07 7.2057851e-08
  3.7288632e-07 1.1051071e-07 4.4869089e-06 1.1177783e-07 7.4990318e-08
  3.6976382e-07 1.5008143e-07 1.8436297e-07 6.4419100e-07 8.6478394e-07
  7.7388868e-06 1.6072751e-06 3.4096118e-07 3.7403487e-07 6.7141864e-06
  1.2831215e-06 1.2086281e-07 3.1927718e-07 1.8854853e-06 1.7898579e-05
  1.5118913e-07 4.3081499e-07 9.7480699e-07 2.4619055e-06 1.2683402e-07
  1.0877884e-07 1.6846386e-06 1.7550067e-07 7.2331369e-07 9.6148858e-07
  1.6512478e-05 1.1102920e-06 2.7949525e-08 2.7337996e-06 1.4362992e-07
  1.2669215e-06 1.2196690e-06 2.0802466e-07 6.2452358e-08 5.6894876e-08
  9.8286216e-07 3.8393728e-06 1.2947750e-06 4.7583345e-07 2.2353181e-06
  8.4618492e-08 6.9360425e-08 1.9831404e-07 3.5696660e-06 2.3354113e-07
  4.2092176e-07 7.9651772e-07 2.4166923e-07 1.3680770e-05 1.3076253e-07]]
[[1.24585826e-03 1.42953068e-03 1.01469610e-04 ... 1.81998010e-04
  8.58070445e-04 4.58779032e-05]
 [9.97055304e-06 3.52590228e-04 1.12106805e-04 ... 1.43407900e-02
  1.67574632e-04 3.21610045e-04]
 [6.51107754e-08 3.23600119e-07 7.47907976e-08 ... 3.79977694e-09
  1.23015127e-07 1.30530296e-07]
 ...
 [1.50332489e-04 2.00401249e-04 1.38660118e-06 ... 2.35220386e-06
  3.31967494e-05 1.67738599e-05]
 [1.00133002e-05 4.76943060e-05 2.70419400e-06 ... 2.24447263e-06
  1.63092682e-05 4.82767427e-05]
 [1.13367743e-04 5.15608874e-04 7.99898771e-07 ... 2.10134885e-06
  1.69918512e-05 4.13766566e-06]]
[[2.6252645e-04 1.8969965e-04 2.2247441e-04 ... 3.5316609e-07
  4.3251718e-04 3.8186851e-08]
 [1.9717021e-07 8.9120789e-04 3.6866972e-05 ... 3.6274286e-03
  3.4300716e-05 9.6548276e-05]
 [6.7181070e-12 9.9752711e-08 8.2983975e-09 ... 3.9465954e-13
  1.4803273e-11 3.3257617e-08]
 ...
 [3.9879895e-05 1.4739899e-07 4.0855977e-07 ... 8.7252084e-07
  1.0963289e-05 4.6018654e-06]
 [5.4333810e-07 3.2561882e-08 7.7946993e-07 ... 6.0734197e-07
  1.2873526e-05 1.1974485e-05]
 [5.5254266e-05 2.2865456e-04 5.3588423e-07 ... 5.7664181e-07
  6.4537126e-06 1.1639845e-06]]
[[6.55363724e-02 2.78969139e-01 3.61027569e-01 9.75864902e-02
  1.73772778e-02 1.27244517e-02 3.85540165e-02 2.83143762e-02
  2.22763093e-03 2.15393044e-02 7.19904760e-03 1.68754637e-01
  6.53869808e-02 3.37911351e-03 1.81049064e-01 9.78412256e-02
  4.69454110e-01 1.17489472e-02 8.16311454e-04 4.30703387e-02
  1.15136333e-01 2.82145917e-01 2.72913221e-02 1.05984047e-01
  9.47857127e-02 2.55475193e-01 1.92660093e-02 5.23963645e-02
  5.98675907e-02 2.09476829e-01 2.58822162e-02 2.62890905e-02
  1.56728077e+00 1.03746302e-01 1.25051215e-02 2.37810910e-01
  2.38890536e-02 3.35162925e-03 2.43462443e-01 2.32122675e-01
  8.06567818e-02 2.59718299e-01 1.92426494e-03 1.73740461e-02
  1.41563445e-01 7.63303190e-02 3.13991755e-02 4.99211662e-02
  2.81295236e-02 3.90383489e-02 7.95071498e-02 2.85020377e-02
  7.19833225e-02 8.64809155e-02 6.10385500e-02 1.40925394e-02
  4.57546487e-03 1.77437156e-01 6.81411251e-02 7.54110143e-02]]
[[6.4989098e-07 1.5235089e-05 3.8017820e-06 5.4980291e-07 1.6489589e-07
  5.4734068e-07 1.7230716e-06 1.0944458e-05 8.1712477e-07 5.2279694e-07
  1.3487907e-07 2.1021813e-06 4.0800415e-07 6.9031806e-08 1.5647252e-05
  1.0559697e-06 1.1078106e-06 2.7365994e-07 4.8005369e-08 3.3447532e-07
  9.6788176e-07 2.6701425e-06 3.4808818e-06 1.3288297e-05 4.5275106e-06
  8.1231028e-06 1.9001251e-06 2.3518907e-05 1.2239299e-05 2.1555616e-05
  4.7337419e-08 2.3229684e-07 7.3934467e-07 4.3551349e-06 3.0560764e-07
  2.4208034e-06 4.0307859e-06 5.0810911e-07 2.4872596e-05 1.4486483e-06
  5.5574674e-06 1.8757461e-05 1.1622237e-07 7.7305543e-08 2.8619195e-06
  4.7565754e-06 3.0202325e-06 3.7036060e-07 1.7733124e-07 2.5117911e-06
  1.1715915e-05 3.1454674e-06 2.9002340e-06 1.6420743e-06 4.7191722e-07
  1.1812374e-06 4.9033838e-07 2.1662113e-07 1.6581988e-06 1.3614543e-06]]
[[2.9753621e-05 9.5770622e-05 7.1706228e-05 ... 3.2844942e-04
  1.6220440e-06 1.1509529e-05]
 [7.7288742e-06 5.4828246e-04 3.8093058e-06 ... 5.8308019e-06
  6.7330220e-05 1.1886463e-06]
 [1.1462762e-08 2.5247628e-09 8.2387180e-10 ... 4.3977431e-09
  3.9750621e-09 6.1473066e-10]
 ...
 [1.5267804e-06 1.8483352e-07 5.7059424e-08 ... 3.1912560e-07
  1.7037023e-07 3.9805914e-09]
 [3.3500998e-09 1.5289891e-07 1.7438566e-05 ... 7.4670590e-09
  6.2629952e-06 4.1898986e-08]
 [2.8765855e-06 1.7901279e-05 5.4183488e-07 ... 1.6873808e-05
  1.8420448e-06 7.0879037e-07]]
[[1.2279033e-05 2.1305319e-05 2.2632241e-05 ... 1.0122289e-04
  1.8701105e-06 3.2541161e-06]
 [3.8075611e-06 2.0279954e-04 1.1510667e-06 ... 2.9530613e-05
  6.8671180e-09 3.0045970e-07]
 [3.2102043e-09 4.2576719e-12 5.9911104e-10 ... 4.5831524e-13
  5.3438769e-09 6.3676257e-14]
 ...
 [4.0267571e-07 5.7128055e-08 5.3502571e-08 ... 8.3291283e-08
  6.2871990e-08 3.2630414e-09]
 [3.2383456e-09 2.8220472e-07 4.7046449e-08 ... 2.4708591e-10
  1.5755178e-06 4.3626801e-07]
 [2.9241612e-10 3.8102712e-06 6.0949636e-09 ... 6.9179650e-06
  5.1529048e-07 1.4708235e-07]]
[[1.20473867e-02 3.41344960e-02 1.82631786e-03 7.45368470e-03
  4.06728388e-04 2.64404784e-03 7.10886088e-05 2.45607411e-03
  9.75687231e-04 1.98406540e-03 2.45895731e-04 7.99355155e-04
  1.85199745e-03 1.29005490e-02 1.42989047e-02 7.87108298e-03
  2.03839922e-03 5.73152071e-03 2.97399412e-04 2.02708934e-02
  5.95419249e-03 5.09321503e-03 1.33923104e-03 3.13834986e-03
  2.51207724e-02 1.13380784e-02 4.55273781e-03 1.13098347e-03
  4.57865186e-03 6.65028626e-03 3.67590482e-03 4.23698872e-03
  4.24807752e-03 4.84352373e-03 5.68224955e-03 2.65295375e-02
  5.08395024e-03 1.10102534e-04 6.61892816e-03 7.39492383e-03
  3.76850320e-03 8.34566727e-03 3.14269215e-04 2.09894381e-03
  4.92454681e-04 1.15006533e-03 2.86275218e-03 2.07413663e-03
  4.69373772e-03 3.01738386e-04 6.02139218e-04 1.84620940e-03
  2.82691210e-03 2.31790114e-02 1.47526513e-03 8.08135665e-04
  3.55980895e-03 4.24694410e-03 7.69488420e-03 1.02364586e-03]]
[[3.2593852e-07 2.9786142e-07 2.1079603e-07 2.9603509e-06 8.9278970e-08
  2.3272689e-06 2.8479935e-08 9.5435382e-08 1.6864448e-07 8.6150078e-07
  1.8827720e-08 1.0710115e-07 2.2184611e-07 2.1331477e-06 8.2810402e-07
  2.0219470e-06 6.2695966e-07 3.7724644e-07 2.1092262e-07 5.8336539e-08
  2.6845223e-07 3.8755383e-07 6.0109033e-07 5.8308956e-07 6.8100235e-07
  6.4728505e-07 5.4913608e-07 2.9281301e-07 8.3640390e-07 5.1831205e-07
  3.2019273e-07 4.2137148e-07 1.2708695e-07 2.3134168e-08 2.2818865e-07
  3.2789762e-06 2.7025383e-06 2.4525225e-08 1.6699307e-06 5.8151702e-08
  7.2850861e-07 3.8537380e-07 1.6633680e-07 2.6908722e-08 3.3503618e-08
  5.7835888e-07 2.6179751e-07 4.3623345e-07 5.2213871e-08 6.1148675e-08
  2.4268812e-07 3.2184630e-07 5.6284613e-08 3.0544884e-06 9.0833097e-08
  1.6021404e-07 1.6998464e-06 1.6790316e-06 1.2105341e-05 2.7691388e-07]]
[[3.3202545e-11 2.3362164e-08 2.2817205e-10 ... 3.7863703e-09
  1.1639211e-08 6.6601419e-10]
 [1.4159367e-09 1.2777795e-08 3.6115219e-10 ... 1.7032940e-08
  3.3487602e-09 1.2031043e-07]
 [1.9306661e-09 6.0475806e-08 4.3661692e-09 ... 4.3922896e-09
  7.7628931e-11 1.9130894e-08]
 ...
 [2.0325950e-09 2.7017202e-09 7.4832036e-11 ... 3.4203401e-11
  3.0284517e-10 1.3791673e-07]
 [2.0294515e-09 2.1558355e-08 3.5870593e-10 ... 8.0114976e-10
  6.2744090e-07 3.7361320e-07]
 [1.8474323e-08 1.6469571e-08 6.8489237e-09 ... 8.4231011e-11
  4.5528655e-08 1.8595819e-07]]
[[4.2345155e-15 7.7579276e-09 6.4395891e-11 ... 1.9157145e-09
  3.4738818e-09 1.9458636e-10]
 [4.5793894e-10 2.0100135e-09 1.2984069e-10 ... 6.0403382e-10
  1.4612304e-09 2.9438779e-08]
 [5.0158036e-08 1.6063835e-08 1.1089911e-09 ... 2.3588107e-09
  7.4202017e-10 5.2080664e-09]
 ...
 [7.6480833e-10 6.8629835e-10 3.3061213e-11 ... 2.1836760e-11
  8.2312483e-11 3.2841957e-08]
 [7.1049627e-10 2.1734808e-12 3.6381583e-14 ... 1.9605757e-10
  4.1862523e-07 8.3758593e-08]
 [1.8451462e-12 8.9789198e-09 2.1656792e-09 ... 2.4413532e-11
  1.3463488e-08 1.9128237e-07]]
[[1.2074200e-03 4.8749859e-04 1.6478467e-05 1.0258446e-04 2.2641714e-05
  9.1866299e-05 9.2419266e-04 1.2464498e-04 5.1672581e-05 7.7918899e-05
  8.2844292e-04 1.9626939e-05 1.6704997e-05 3.9135716e-06 4.9781048e-04
  3.0097863e-06 1.8840507e-05 1.3415217e-04 1.1361688e-04 1.6352167e-05
  7.2533054e-05 4.4055196e-05 1.4478837e-05 3.3062432e-04 4.2796411e-05
  1.2270172e-06 6.4357631e-03 6.7967681e-05 2.5057199e-04 2.9609284e-05
  1.2853499e-04 2.0569627e-04 1.7942664e-04 1.3006524e-04 1.0463907e-04
  3.8210955e-04 1.1888779e-05 4.4064025e-05 5.0212548e-05 6.7927736e-05
  4.7910609e-04 2.6247884e-05 4.0418070e-04 8.3518506e-07 1.7349801e-05
  9.1922859e-04 8.6193650e-06 9.8340824e-06 2.6863892e-05 3.1780233e-05
  7.3396659e-05 8.9409860e-04 4.5268130e-06 3.5095691e-05 2.8857065e-05
  2.0251875e-03 1.2090260e-05 1.8920386e-05 5.1951531e-05 1.5904618e-05]]
[[6.11260376e-08 2.67965817e-07 1.63281921e-08 1.22762614e-07
  4.48800419e-09 8.94029384e-09 5.97623924e-08 4.01469400e-08
  7.21206650e-09 5.25981250e-08 4.83100109e-07 1.01830171e-08
  2.37396169e-09 3.07609577e-10 1.01714164e-07 3.05107994e-10
  1.11894956e-08 1.35006246e-08 7.02522795e-09 3.06924086e-09
  2.24220145e-08 8.74280559e-09 1.71112564e-08 1.25836435e-08
  1.05681126e-08 9.84696283e-11 1.42650638e-08 3.55736729e-09
  8.22778787e-08 1.07159108e-08 4.56177673e-09 1.36089229e-08
  2.70312537e-08 1.20715455e-07 1.25659030e-08 2.44461784e-08
  1.03138937e-08 6.16744034e-09 7.40450590e-09 6.59251427e-08
  7.00411462e-08 1.36370746e-08 3.84736609e-07 8.32140412e-10
  9.28775368e-09 1.38545602e-08 1.86265781e-09 4.99633046e-09
  3.53601215e-09 3.17714921e-09 7.30102556e-09 7.19940317e-06
  3.86485427e-10 1.54629767e-08 8.49363868e-09 2.78396868e-07
  5.73082870e-09 4.07626732e-09 6.33045039e-09 5.77383439e-08]]
[[1.3727298e-07 3.1229257e-07 4.6867794e-07 ... 4.1380954e-08
  1.5651533e-08 3.5045968e-08]
 [2.6614065e-05 1.0553897e-08 6.2929160e-09 ... 2.1043203e-07
  5.6332015e-09 2.4523851e-07]
 [1.2455344e-07 1.3449561e-06 1.8769055e-07 ... 2.0285141e-08
  5.4782432e-09 4.5512127e-08]
 ...
 [5.2342362e-09 2.1755532e-07 6.6289361e-09 ... 4.7518185e-09
  1.5838541e-08 1.7544961e-07]
 [3.8871137e-10 5.5779652e-09 1.1490519e-06 ... 5.5218599e-08
  2.3459414e-08 2.2046805e-07]
 [5.3831561e-10 6.5390502e-08 1.6856838e-08 ... 8.4573824e-09
  7.1093176e-09 2.3837572e-07]]
[[6.9224965e-10 7.8349878e-09 1.4070558e-07 ... 1.1361873e-08
  3.5320455e-09 9.2840571e-09]
 [2.7350964e-09 5.2669638e-09 2.7313745e-09 ... 2.0159207e-06
  1.8628530e-09 1.6241797e-10]
 [3.5482280e-08 4.2140681e-07 4.5576503e-09 ... 1.1018951e-08
  1.5196741e-09 1.7162852e-08]
 ...
 [1.3405621e-09 8.3317076e-08 3.0308227e-09 ... 1.6962615e-09
  4.8571773e-09 4.3391214e-08]
 [5.4310393e-11 3.2622180e-10 2.8395780e-07 ... 6.8148942e-08
  6.4407071e-09 2.3231205e-11]
 [2.1226405e-10 2.3785963e-08 4.3647588e-09 ... 4.4622310e-09
  1.9818405e-09 1.2544561e-10]]
[[3.17048677e-03 5.93484333e-03 6.99483615e-04 1.31723762e-04
  4.40549542e-04 4.52903518e-03 1.78189238e-03 6.70161936e-03
  5.26084390e-04 2.64270743e-03 2.60830973e-03 1.42532183e-04
  1.00168097e-03 1.04942806e-02 5.88012976e-04 1.78550981e-04
  1.15903269e-04 2.10620416e-03 1.07446464e-03 2.51063320e-04
  7.20178755e-03 2.24198186e-04 1.55166013e-03 5.87636186e-03
  4.45378886e-04 7.62210475e-05 1.95830110e-02 1.04732004e-04
  8.97591095e-03 1.82668198e-04 2.75763264e-03 2.91468599e-03
  1.10164896e-04 1.18260423e-03 2.63682683e-03 1.33207103e-03
  9.37151563e-05 1.60573167e-04 9.57168522e-04 1.98388952e-04
  3.95092356e-04 2.63890746e-04 1.63134595e-03 3.08028211e-05
  2.02079210e-03 6.35671662e-03 1.63886449e-04 1.47525032e-04
  7.45233323e-04 2.57263682e-03 5.04209194e-04 2.41663656e-03
  3.71337810e-04 3.11252940e-03 3.87800718e-03 1.34949163e-02
  1.32108355e-04 4.26960381e-04 6.40918675e-04 1.04256367e-04]]
[[6.76424392e-08 3.00881169e-07 9.06083883e-08 1.18300445e-08
  2.11368612e-08 5.26488009e-07 5.19705452e-07 1.96604361e-07
  2.00766603e-08 9.03399666e-08 3.63248176e-07 4.39388188e-08
  1.79503090e-07 6.93922175e-07 1.37336542e-08 4.45688331e-09
  1.89155802e-08 3.92363859e-07 1.59357043e-08 3.28273586e-09
  3.63638605e-07 2.49392187e-08 4.75979505e-08 2.74436070e-06
  4.08255261e-08 1.37736877e-09 4.87260820e-07 1.21066730e-08
  1.58723722e-07 2.98284561e-08 1.55239746e-07 6.82278824e-07
  2.00169925e-08 1.26839481e-07 7.24538936e-08 1.99066918e-07
  2.97806562e-08 2.79295289e-08 4.90959025e-08 5.05746591e-08
  1.46838829e-07 6.02539885e-08 2.91724316e-08 5.07435649e-09
  3.26404148e-08 5.58631683e-08 2.17736744e-08 2.78435994e-08
  1.67945977e-08 2.87128845e-08 9.96490499e-08 8.11164341e-07
  3.69955941e-08 2.28424248e-08 1.80159333e-07 1.14394152e-06
  1.16698491e-08 3.74721765e-08 4.31316849e-09 4.77447166e-08]]
[[1.3909482e-07 1.2269081e-07 5.6713965e-08 ... 9.9395592e-08
  2.1752799e-08 3.3966643e-08]
 [9.3423800e-08 6.5272388e-07 1.4380865e-09 ... 3.1750844e-07
  6.5371495e-07 6.5475312e-08]
 [4.9816566e-07 2.6327309e-06 2.7322319e-08 ... 7.3934820e-07
  6.4750431e-08 1.8833271e-06]
 ...
 [5.3974924e-07 1.5497163e-07 4.2831653e-07 ... 7.9255591e-10
  5.3929579e-08 2.0871703e-07]
 [1.3622746e-08 2.5688939e-06 5.4629683e-09 ... 9.9030660e-07
  2.8966945e-06 3.7159123e-06]
 [1.3687786e-07 4.3581731e-06 1.6611407e-08 ... 1.7259330e-08
  4.6280934e-07 4.2459037e-06]]
[[3.62136454e-08 4.87559824e-08 1.27613085e-08 ... 2.91308044e-08
  6.18670226e-09 9.44882572e-09]
 [4.34985274e-08 1.64246160e-07 5.39025879e-10 ... 9.25330212e-08
  4.33799784e-07 4.62734455e-08]
 [3.58183067e-10 6.66086805e-07 9.77615766e-09 ... 7.34732737e-07
  6.62882513e-08 5.09700783e-07]
 ...
 [3.37204995e-07 1.77022789e-11 2.81772522e-10 ... 1.40523948e-09
  1.50589496e-08 5.45589485e-09]
 [1.07187939e-08 3.70004187e-07 8.96315736e-13 ... 2.50816015e-07
  1.50836649e-06 9.32272542e-07]
 [1.04449732e-07 1.49672724e-06 9.48384393e-09 ... 4.48609727e-09
  1.35278952e-07 1.03673619e-06]]
[[2.0905478e-02 5.1916414e-04 5.9976790e-04 9.3489373e-03 6.4312709e-03
  9.1569114e-04 9.2796758e-03 6.5704198e-03 2.0007638e-02 6.8530850e-02
  1.3307184e-02 2.0621139e-04 7.3162967e-04 1.8822150e-03 6.7463876e-03
  1.7341787e-02 7.7350196e-05 4.0794876e-03 4.5359121e-03 7.2875008e-04
  2.5909627e-03 4.6616499e-04 6.6059357e-03 4.0494064e-03 6.7923375e-04
  1.0775613e-04 6.9161698e-02 5.2867378e-03 1.5143017e-04 5.4096770e-03
  6.3844286e-02 1.7729143e-03 6.3750498e-02 3.4067787e-02 5.9392140e-03
  6.9332710e-03 1.6931352e-03 4.5194370e-03 9.7890059e-03 1.2412205e-03
  5.0526869e-02 3.2692001e-04 8.5165049e-04 1.9563477e-04 2.8443286e-02
  1.5732979e-02 9.8386873e-04 4.5873094e-04 1.2598919e-03 9.0872040e-03
  8.7410538e-04 1.6226819e-03 3.5537069e-04 1.8147407e-03 2.4746105e-03
  5.7847187e-04 1.3200187e-02 4.2210161e-04 5.8566844e-03 4.5680636e-04]]
[[2.70008726e-08 1.64119726e-07 9.16589382e-09 3.08049465e-07
  1.70993687e-07 4.79939715e-08 2.51250782e-07 2.10024425e-07
  1.19066146e-06 1.69540874e-06 1.73735032e-06 7.14301152e-09
  2.89939042e-08 1.42089803e-07 4.19595011e-07 1.04420894e-06
  1.51844208e-08 2.50545362e-09 1.81298123e-08 6.82292054e-08
  6.84128452e-08 2.01880681e-07 2.61636529e-07 9.46906027e-07
  9.94874156e-08 7.67182651e-10 2.47184221e-06 5.78200172e-08
  1.01902620e-09 6.52853373e-07 1.31389243e-07 4.96598496e-08
  1.08766436e-07 2.93153812e-06 2.48258544e-07 1.14180705e-06
  2.60488719e-07 1.64873924e-07 3.53451469e-06 1.11775307e-07
  1.64937285e-06 1.22553928e-07 2.37971420e-07 6.71059084e-08
  5.07734761e-08 1.08493452e-07 1.54192072e-08 6.90834980e-08
  2.95761211e-08 1.81959695e-06 7.18416331e-08 2.83066157e-07
  1.29004691e-08 1.25214910e-07 1.20590713e-07 2.42146797e-07
  1.13276322e-07 5.68167469e-09 6.87886157e-08 4.32644605e-08]]
[[5.48060029e-07 1.28765691e-07 2.70567170e-07 ... 2.40840823e-08
  2.41362528e-07 6.88331383e-08]
 [1.02171200e-07 3.87794792e-08 8.60732314e-07 ... 8.23245916e-09
  4.52574795e-08 7.16440951e-08]
 [3.84826706e-07 6.59293903e-07 3.07828918e-09 ... 1.14119947e-09
  3.39476628e-07 1.44141765e-09]
 ...
 [1.44283078e-07 7.13985528e-08 4.32592913e-07 ... 6.15316287e-09
  8.67267858e-08 5.28334922e-08]
 [1.43989894e-06 3.47322413e-07 4.99125541e-08 ... 2.43157161e-10
  2.31185169e-08 7.92173580e-08]
 [1.14156386e-07 7.74222553e-09 4.98638019e-06 ... 2.21191021e-09
  6.04376226e-07 2.77072658e-08]]
[[2.19904024e-07 1.29110863e-11 8.63948357e-11 ... 6.59439081e-09
  2.25349933e-10 2.20029168e-08]
 [3.74081210e-08 2.27350103e-08 2.17485791e-07 ... 4.16344115e-09
  1.37927492e-08 1.99890895e-08]
 [9.02310262e-08 1.89751020e-07 1.01262587e-09 ... 1.41953222e-13
  8.83384459e-08 4.07211681e-10]
 ...
 [3.64508281e-08 7.50733677e-12 1.12545742e-07 ... 1.49928070e-08
  2.18671818e-08 3.06109236e-08]
 [3.62613804e-07 1.29585729e-07 1.20039223e-08 ... 8.64207924e-12
  1.07384635e-08 1.83692865e-08]
 [1.51241807e-06 3.55356922e-09 1.25029635e-06 ... 6.15136331e-10
  1.95231166e-07 7.32861167e-08]]
[[6.47673383e-03 1.89445913e-02 3.58265504e-04 1.87523267e-03
  7.32275876e-05 1.42587596e-04 1.31874287e-03 4.50078660e-05
  3.84242128e-04 5.31004625e-04 8.41503846e-04 1.06458203e-03
  1.01662146e-04 1.09654630e-03 1.47461702e-04 8.48229392e-05
  1.00213758e-04 7.48805935e-04 4.80878400e-04 5.90616037e-05
  6.62543243e-05 5.96536629e-05 1.23078865e-03 2.23555160e-03
  1.14845483e-04 2.23333656e-04 1.38646958e-03 9.94374204e-06
  1.42273097e-03 5.10655700e-05 7.26547604e-03 6.77695556e-04
  9.84461440e-05 1.01386302e-03 1.24415965e-03 5.98182145e-04
  1.34604707e-04 2.01588147e-04 6.86989923e-04 1.91972358e-05
  5.60610963e-04 2.94288708e-04 1.55051661e-04 1.48293257e-04
  1.51165552e-03 3.67575581e-03 7.59939758e-06 1.82294771e-05
  1.19373610e-03 2.32888712e-03 1.60601485e-04 1.11139892e-03
  3.16966616e-05 2.45205988e-03 3.51440720e-03 9.52702016e-03
  2.56176107e-03 6.24588438e-06 5.97147620e-04 4.38011884e-05]]
[[2.33807350e-06 6.27535826e-07 2.29581314e-08 1.19186396e-07
  5.58446311e-09 2.74674257e-08 7.56683392e-07 2.97083047e-09
  4.48367565e-09 2.33235209e-08 3.11904791e-09 6.37119513e-08
  9.41510336e-09 4.19333723e-08 1.91919440e-08 2.73226153e-09
  1.58918709e-08 8.57092814e-08 9.51564427e-09 1.12883152e-08
  1.98377226e-08 7.33413019e-09 8.32038651e-08 5.38482254e-07
  1.94283540e-08 3.00030649e-08 1.95170173e-07 2.14136331e-09
  5.19200967e-08 1.45209906e-08 2.45980573e-07 2.26223051e-07
  5.13778886e-09 1.02580564e-07 2.86733695e-08 2.89824253e-08
  7.15470492e-08 8.46542747e-09 9.80648380e-08 3.87481158e-09
  6.88638124e-08 4.37703790e-07 1.47808263e-08 1.55576494e-08
  5.04234492e-07 2.04082380e-06 2.30832442e-09 1.78268178e-09
  5.59161286e-08 2.20405667e-08 7.90604293e-09 5.56724622e-08
  2.43725684e-09 9.33143625e-08 1.83873411e-07 1.79193296e-06
  9.48609866e-08 3.80951160e-10 1.61120965e-08 2.63708220e-08]]
[[3.08864037e-05 4.15042850e-05 6.42195635e-04 7.57069502e-05
  7.27809311e-05 2.72560137e-04 1.61415446e-04 6.00218591e-05
  2.45208794e-04 3.69545972e-07]
 [2.91102479e-05 2.36880057e-03 5.62940877e-05 9.79935503e-05
  5.32531521e-06 9.65804502e-05 1.04122637e-05 6.75803449e-06
  1.05706422e-04 9.82799179e-07]
 [1.33960721e-05 1.87591603e-03 1.68083512e-04 1.47735424e-04
  1.42800454e-05 3.54981130e-05 5.52962774e-05 2.74525655e-06
  4.21939658e-05 4.00049146e-07]
 [2.68420790e-05 1.63716020e-03 1.20260811e-04 1.17472016e-04
  8.06726021e-05 2.16731438e-04 1.90319643e-05 1.58510302e-05
  2.24015559e-04 1.72277632e-05]
 [3.01549932e-07 2.88397702e-03 3.81886639e-05 6.57864512e-05
  7.11513203e-05 1.13474227e-04 1.94282056e-05 9.40165264e-05
  1.82597039e-04 5.26445911e-06]
 [1.81165760e-05 3.06789344e-03 3.68767578e-05 1.26010593e-04
  1.13863694e-04 1.18485441e-04 2.98469859e-05 1.48156987e-05
  2.74264632e-04 1.33225626e-06]
 [2.42071073e-05 1.87184976e-03 6.22275547e-05 1.49087529e-04
  9.67327287e-06 1.14658200e-04 7.46392179e-05 4.03009726e-05
  1.00220343e-04 7.04345302e-06]
 [3.04140976e-05 9.99141135e-04 1.43445213e-03 7.81943309e-05
  4.37980416e-05 1.64561588e-05 2.00437134e-05 2.50327703e-05
  1.79220704e-04 1.54207487e-06]
 [4.56374364e-05 6.43465156e-03 1.86361849e-05 9.63864877e-05
  1.92154330e-05 1.99345905e-05 5.07413024e-05 4.43613644e-05
  3.24095436e-06 2.73788601e-07]
 [1.45740742e-05 6.63908650e-05 1.52211884e-04 1.45469312e-04
  5.09910278e-05 2.54322549e-06 9.82199140e-07 1.07975075e-05
  5.26528980e-04 2.16221747e-06]
 [1.27153762e-05 6.83180464e-04 1.00364334e-04 4.79819428e-05
  1.28625388e-05 7.77173846e-05 3.32945310e-05 6.28168855e-05
  2.30927166e-04 5.43446731e-06]
 [3.30430012e-05 2.16334383e-03 3.11402022e-04 1.27636958e-04
  4.54581423e-05 1.32765999e-04 7.66022349e-05 4.61832569e-05
  9.48556117e-05 2.15656041e-06]
 [7.44491081e-06 4.21651825e-03 9.06688219e-05 8.22432485e-05
  2.03411164e-05 1.18609234e-04 1.01858408e-04 5.62048153e-05
  2.69326210e-05 8.62266916e-07]
 [5.82849425e-05 9.84822400e-04 9.03417531e-05 1.89784396e-06
  8.03406001e-05 2.90008611e-05 1.37462066e-05 3.32707932e-05
  4.45000245e-04 8.80215066e-06]
 [5.34992178e-05 6.49998756e-03 3.65270243e-05 1.10154593e-04
  7.38003218e-05 5.11887083e-05 5.99874620e-05 2.06459276e-06
  1.01116035e-04 3.88803301e-06]
 [2.24776595e-05 3.52792908e-03 1.07467735e-04 1.32458765e-04
  2.29764901e-05 1.45437720e-04 3.32312229e-05 3.93961382e-05
  4.21720499e-04 6.92151889e-06]
 [1.16224292e-05 1.08918210e-03 1.89136063e-06 8.21638023e-05
  1.72452183e-05 6.41603674e-06 1.38432879e-05 8.96947677e-05
  1.78168615e-04 2.64627852e-06]
 [3.60776030e-05 2.74371798e-03 2.28259465e-04 2.53244707e-05
  2.21849473e-06 5.03873925e-05 2.74028735e-05 6.56272969e-05
  1.07519074e-04 7.27581573e-06]
 [1.91238469e-05 2.77381553e-03 4.55438822e-05 1.63831413e-04
  6.64246181e-05 2.02072682e-04 6.13874317e-06 1.06963453e-04
  5.10943428e-05 5.69853182e-06]
 [9.87842850e-06 7.04407925e-03 8.47631090e-05 2.14054075e-04
  4.13031121e-05 9.89446635e-05 4.70051236e-06 4.07178413e-05
  1.02625811e-04 5.27230213e-06]
 [1.44611340e-05 1.56420562e-03 1.25297840e-04 1.21212419e-04
  1.24587517e-04 1.65196077e-04 4.11135879e-05 5.42603775e-05
  3.97798984e-04 6.13705311e-07]
 [1.40230022e-05 5.65319555e-03 4.04229104e-05 3.50630471e-05
  5.27201482e-05 4.92678337e-05 5.11958206e-05 1.93199652e-04
  2.45520700e-04 1.31718764e-06]
 [1.19983788e-05 1.12751535e-04 9.70092296e-05 1.97518981e-04
  3.13767232e-05 4.90335769e-05 7.24124675e-06 3.70387352e-05
  2.75643233e-05 8.70270185e-07]
 [4.21097211e-05 4.03168565e-03 8.43202142e-05 9.07496433e-05
  4.29129323e-05 7.79172042e-05 3.56795208e-05 7.36241145e-06
  1.70366475e-04 3.92523043e-06]
 [6.07319635e-05 5.16877184e-03 2.40421781e-04 1.14466740e-04
  5.16537657e-05 1.93276792e-04 5.51713420e-05 4.43562658e-06
  3.71078386e-05 5.19274590e-06]
 [1.74636716e-05 1.86486077e-03 1.72827131e-05 3.55045806e-04
  6.75888950e-05 9.30519745e-05 1.75974274e-05 4.21763252e-05
  1.49284475e-04 2.61726336e-06]
 [2.95303416e-05 1.08891400e-03 2.83030331e-05 2.69783603e-04
  5.27601114e-05 1.59313204e-04 3.37071142e-05 1.26964151e-05
  1.64778263e-04 2.66369489e-06]
 [2.81415450e-05 1.88502920e-04 1.75063906e-05 1.41347613e-04
  1.03666125e-05 3.84131126e-05 7.35199228e-06 9.04567696e-06
  1.40071803e-04 2.22163817e-06]
 [3.14411700e-05 2.88389111e-03 8.78080027e-05 1.28328378e-04
  4.05402570e-05 2.52143131e-04 3.98865996e-06 1.54995214e-05
  5.27555094e-05 7.44961199e-07]
 [4.31742446e-05 3.57108220e-04 5.48681146e-06 1.55174988e-04
  2.60030956e-05 8.96978963e-06 2.45394731e-05 2.18535915e-05
  2.33097147e-04 3.21488119e-06]
 [1.73334938e-05 1.89472386e-03 3.02506698e-04 2.27215482e-04
  2.70868804e-05 3.37103666e-05 4.40173499e-05 1.57762424e-05
  3.15682497e-04 1.25327779e-06]
 [2.75201874e-05 2.68428493e-03 1.48303239e-04 5.16608066e-04
  1.03298225e-05 9.18612932e-05 9.52075061e-06 2.10655908e-05
  1.12199727e-04 1.07384700e-07]
 [3.63982508e-05 1.11894857e-03 1.86249345e-05 5.03220595e-04
  2.58614073e-05 7.75772423e-05 7.66048106e-06 6.65209809e-05
  1.53920730e-04 1.13118733e-06]
 [7.73603551e-06 1.83370183e-04 2.44783907e-04 7.67492529e-05
  2.20963320e-05 1.07394080e-04 2.69986103e-05 2.81238099e-05
  4.84618358e-05 1.70444982e-05]
 [2.37550776e-05 1.88991276e-03 4.11992914e-05 1.48533654e-04
  1.15494831e-05 1.78544768e-04 1.74739853e-05 4.75339475e-05
  2.01237839e-04 1.95326197e-06]
 [7.44265753e-06 8.68654577e-04 5.42903908e-05 1.38700460e-04
  1.60294185e-05 4.72492320e-05 3.19871251e-05 2.87262956e-05
  2.37530447e-04 3.78044138e-06]
 [2.74651957e-05 2.88589834e-03 1.38212330e-04 2.27925630e-05
  1.78763112e-05 1.27329666e-04 2.66382885e-05 4.96336397e-05
  2.65322917e-04 1.09502425e-05]
 [8.89619605e-06 1.01013575e-03 1.03035869e-04 1.83118711e-04
  5.30925499e-05 2.36627689e-04 3.94589551e-05 4.11093279e-05
  1.15202951e-04 1.51924780e-06]
 [8.12447706e-06 1.31620246e-03 7.27740116e-05 8.69349751e-05
  4.41743759e-05 1.24049096e-04 3.22108790e-05 3.77782962e-05
  2.47623793e-05 3.70838194e-07]
 [1.95714965e-05 3.38646816e-03 2.21917304e-04 8.10252022e-05
  3.64381458e-06 3.46611632e-05 2.09290938e-05 5.45442117e-06
  2.79037722e-05 3.09065899e-06]
 [1.72965756e-05 5.51433885e-04 4.32534216e-05 1.03424267e-04
  2.38135253e-05 1.05198902e-04 1.95482135e-05 5.28557975e-05
  6.31379371e-05 3.42810608e-06]
 [3.55904695e-06 2.36377981e-03 4.85485871e-05 1.36097500e-04
  3.00842112e-06 3.55122815e-04 5.79170992e-05 3.29475224e-05
  6.23475935e-05 1.95725829e-06]
 [5.42823000e-05 8.53894465e-03 2.27464217e-04 3.68392939e-05
  1.09794841e-04 1.93542990e-04 3.36600788e-05 5.18904817e-05
  2.19365393e-04 3.70530159e-07]
 [1.58623097e-05 8.45503062e-04 5.33038256e-05 3.61065177e-05
  8.57558553e-05 7.58329261e-05 1.14918621e-05 3.19540850e-05
  1.00606696e-04 1.35575306e-07]
 [3.87052460e-05 1.19389710e-03 1.30311237e-04 3.03610450e-05
  2.61136324e-06 8.46069379e-05 8.51483310e-06 3.10455880e-06
  3.04396148e-04 4.89183321e-06]
 [7.97445409e-06 3.38211027e-03 1.72153767e-03 2.23153420e-05
  1.49285479e-04 4.10525718e-05 2.42557708e-05 3.85286185e-05
  1.55304675e-04 4.11638393e-06]
 [3.32271338e-05 5.90992917e-04 4.30716427e-05 1.09433371e-04
  9.55645955e-05 1.07737469e-04 2.16305434e-05 6.29537390e-05
  8.34390376e-05 1.05608606e-05]
 [3.34710530e-05 4.53811418e-03 1.10757072e-04 1.03535269e-04
  8.95272606e-05 1.32012166e-04 9.84457074e-06 2.67236646e-05
  1.93764557e-04 1.06220398e-06]
 [2.95911796e-05 4.03692853e-03 2.03415882e-04 3.85207386e-05
  2.79118485e-05 1.39678494e-04 4.85789496e-06 2.33486098e-05
  2.53248698e-04 1.49593382e-06]
 [2.21439714e-05 3.40362836e-04 1.66678059e-04 2.60230609e-05
  4.16838084e-05 7.71009290e-05 7.66310623e-05 1.58739553e-04
  1.07052860e-04 1.16763313e-05]
 [5.25389214e-06 3.55095416e-03 7.22242403e-05 1.05761508e-04
  4.93402767e-05 4.37892450e-05 2.34348554e-05 1.65541685e-04
  4.95099084e-05 1.35299990e-06]
 [3.09897268e-06 1.32315210e-03 2.70366931e-04 5.94087178e-05
  1.75586661e-06 5.61832667e-06 4.74584012e-05 5.75303930e-05
  5.11090329e-05 3.75332297e-06]
 [1.34653064e-05 1.27461657e-03 1.52449735e-04 1.86842110e-04
  1.70118336e-04 1.09397755e-04 2.58601740e-05 9.35212884e-05
  3.11007316e-05 1.07615078e-05]
 [1.32666028e-05 2.83639267e-04 2.49470395e-05 4.50492698e-05
  1.37123161e-05 5.69324766e-05 6.29029000e-06 2.44806070e-05
  3.44630738e-04 5.04317200e-07]
 [5.79006992e-05 1.09896492e-02 6.83823309e-05 1.18780219e-04
  9.92426649e-05 1.11206064e-04 2.29197612e-05 2.71993777e-05
  8.48857162e-05 2.64308255e-06]
 [3.22219494e-05 6.22654276e-04 2.40352856e-05 2.26669799e-05
  2.79015694e-05 8.04146985e-05 5.49485094e-06 8.70685108e-06
  1.84562203e-04 7.27451663e-07]
 [2.23688367e-05 1.41597248e-03 6.85669365e-05 2.78314783e-05
  1.47549054e-05 4.29141664e-06 3.13769197e-05 5.28710234e-06
  2.68076081e-04 3.80442975e-06]
 [1.61052831e-05 3.28856113e-04 1.56589958e-05 4.69575134e-05
  2.12611485e-05 1.68668252e-04 3.26680492e-05 2.33444589e-05
  2.65477836e-04 3.26755526e-06]
 [4.12975942e-06 1.92139321e-03 6.91816385e-05 9.62341655e-05
  2.10104517e-05 2.60866160e-04 1.74114430e-05 8.06184107e-06
  4.00414174e-05 3.24716962e-06]
 [1.14654476e-05 2.17564544e-03 5.96473637e-06 4.89825325e-05
  8.32283258e-05 3.24332395e-05 3.21285952e-05 2.95452246e-05
  5.23226263e-05 3.56519058e-06]]
[[6.04442903e-06 7.36246147e-05 1.65638732e-04 2.13791336e-05
  5.35473212e-08 7.24487181e-05 3.35948207e-05 6.71394946e-06
  2.72953359e-04 5.83029475e-07]
 [9.71697318e-06 5.26631949e-04 5.63495828e-09 3.63091967e-05
  3.77137280e-06 2.11568258e-05 3.92807323e-07 5.51856874e-06
  4.90447237e-05 1.21391679e-07]
 [3.60668105e-06 1.16027855e-04 4.59361218e-05 4.31693508e-04
  4.72081047e-06 8.27444455e-06 5.19569112e-05 1.06448454e-06
  1.01351916e-05 1.13826218e-07]
 [7.72917883e-06 7.64553915e-05 6.27201080e-05 2.69437733e-04
  1.75898804e-05 4.53120556e-05 4.36412483e-06 1.36043570e-06
  6.01313077e-05 5.10242944e-06]
 [3.12681409e-11 7.27649953e-04 1.56493861e-05 3.16481819e-05
  1.86556663e-05 6.97162113e-06 2.49473960e-05 1.88620270e-05
  4.19744865e-05 1.22053848e-06]
 [1.01430960e-05 7.87422177e-04 2.55004968e-04 1.48490450e-04
  3.46053203e-05 1.18447296e-08 2.98846525e-09 2.66532311e-06
  1.12476941e-04 2.80405629e-07]
 [5.79680409e-06 3.44335467e-06 1.92877196e-04 3.06683341e-06
  6.51021139e-08 3.49667753e-05 2.99337244e-05 1.64779904e-05
  2.61293644e-05 5.07111224e-08]
 [3.81701966e-07 1.13580720e-02 6.62814185e-04 1.49981124e-05
  1.08054528e-05 2.14648144e-09 4.57679880e-06 7.93374875e-06
  3.55388656e-05 1.54127780e-10]
 [1.04357432e-05 1.34948071e-03 2.15757456e-09 1.20405321e-06
  6.13014777e-07 6.49443564e-06 1.05510589e-05 1.16861311e-05
  2.06775985e-06 7.34860421e-08]
 [5.31044816e-06 1.98988034e-03 9.25315021e-07 5.49222818e-07
  1.82145595e-05 7.48737136e-07 2.62613355e-07 2.69831003e-06
  1.65409336e-04 5.37562130e-07]
 [4.18849813e-05 1.97321340e-03 2.67084724e-05 3.65558226e-05
  9.08940729e-06 6.31840594e-05 6.71752196e-06 1.23327016e-04
  5.72178724e-05 1.53208859e-07]
 [6.13481416e-06 5.62010391e-04 9.86519037e-04 3.22141523e-06
  1.12312127e-05 3.24769899e-05 4.89760396e-07 1.81220457e-05
  2.77096933e-05 7.22997768e-08]
 [9.42019312e-07 3.65800915e-05 1.17583681e-04 3.32590862e-05
  5.42507178e-06 4.27749183e-05 7.84345393e-05 1.93031351e-08
  2.73822570e-05 3.14570639e-06]
 [1.58178445e-05 2.79825472e-04 3.13235680e-04 6.21541687e-07
  2.61530058e-05 8.60620912e-06 1.00487967e-04 1.77910788e-05
  1.14640745e-04 2.27589499e-06]
 [1.14310960e-05 2.70745804e-04 4.46914243e-07 2.30323585e-05
  3.60963895e-05 3.80763464e-04 1.40157490e-05 3.42369333e-08
  1.92960433e-04 2.17111983e-06]
 [1.37801737e-06 8.52554338e-04 2.33014634e-05 3.38621612e-05
  1.48602549e-05 5.25311043e-05 3.43899301e-05 1.16865813e-04
  9.65974104e-05 2.34520847e-09]
 [3.86292913e-06 6.93935610e-04 1.24060141e-04 1.50701601e-06
  7.94330845e-06 6.58588850e-10 3.30808393e-06 9.11755615e-06
  9.75775379e-07 7.88845227e-07]
 [2.97940478e-05 4.84468415e-03 9.13331460e-05 6.20673077e-08
  9.00862915e-07 1.83068587e-05 1.01547221e-05 9.78015624e-09
  2.05896595e-05 3.93373148e-06]
 [6.26717292e-06 5.28260671e-07 1.54080790e-05 4.48611354e-05
  1.67120816e-05 5.16377550e-05 1.11818736e-05 2.70092514e-05
  5.49008337e-06 1.42037220e-06]
 [2.04111211e-06 2.72412668e-04 3.58160905e-04 1.41193188e-04
  4.13030321e-09 2.38318698e-05 4.72461070e-10 9.49966852e-06
  3.46576853e-04 1.00198588e-06]
 [1.16110499e-08 2.90960632e-03 6.58627187e-06 3.00245902e-05
  2.24851547e-07 3.57329591e-05 1.07266551e-05 1.51522755e-07
  8.18830304e-05 1.85302255e-07]
 [1.70718631e-05 1.94148174e-06 1.00301913e-05 5.17474364e-05
  3.49428628e-05 1.68618499e-05 1.43823593e-06 1.38726909e-06
  6.83216786e-05 2.03493732e-06]
 [5.50559207e-06 2.33517530e-05 5.50043673e-08 7.63251592e-05
  4.82083124e-05 2.98700816e-05 9.82098391e-06 1.01040823e-05
  1.05242316e-06 2.46942335e-07]
 [7.98991914e-06 2.00251932e-04 2.95859300e-05 1.78744485e-05
  1.65005025e-04 1.61994085e-05 8.47024148e-06 7.84804000e-10
  4.58691720e-05 1.17216564e-06]
 [1.14459772e-05 2.06488697e-03 6.28409834e-05 2.59623321e-05
  3.08801191e-07 4.38897951e-05 2.37312452e-05 1.14810518e-06
  1.23173877e-05 2.56441246e-09]
 [4.22254516e-06 6.17921818e-04 6.98606436e-06 4.55607712e-08
  1.48739091e-05 4.59465402e-04 3.63387044e-05 1.05876989e-05
  9.16179706e-05 2.61346916e-10]
 [7.23732228e-06 1.90519111e-03 7.41431859e-06 8.66718765e-05
  3.92501133e-05 5.30786601e-05 7.76633533e-06 2.34353778e-04
  3.63435247e-05 3.10051541e-06]
 [6.23814799e-07 4.55256552e-04 6.22079915e-06 3.62551909e-05
  1.28899901e-05 4.67326317e-05 8.48380810e-10 5.04147720e-05
  6.07246766e-05 5.24228426e-07]
 [7.83316409e-06 3.08922934e-03 2.08597885e-05 1.61145908e-05
  1.02607291e-05 3.55142292e-05 1.46772652e-06 4.89601962e-06
  9.45903375e-05 3.21021815e-07]
 [9.31563845e-05 4.35084477e-03 1.22442816e-05 4.87475372e-05
  1.14273598e-05 6.04886225e-07 6.21491654e-06 2.23759411e-09
  4.80368726e-05 3.58797381e-10]
 [1.73305370e-08 6.65989821e-04 8.02337890e-05 4.68787912e-05
  6.86492649e-06 8.29865621e-06 6.17688443e-07 1.56271407e-09
  1.05460029e-04 3.01727226e-07]
 [5.82870916e-06 6.61471102e-04 8.99587467e-05 1.71882872e-04
  2.77588742e-06 2.88385054e-05 2.30693672e-06 1.62511157e-07
  4.72581632e-05 3.43864826e-06]
 [3.56495775e-08 1.12090362e-07 8.38487722e-06 1.16116418e-04
  5.38926179e-06 1.27118125e-04 1.75310447e-06 1.32292887e-04
  3.66637214e-05 3.32202660e-07]
 [4.49972140e-06 3.90505520e-05 4.49348823e-04 2.63959955e-05
  1.13645627e-04 6.46246044e-05 2.61748919e-05 9.42954375e-06
  1.17051059e-05 5.39650546e-06]
 [9.90565059e-06 1.14966277e-03 7.24763959e-05 1.91953950e-04
  7.84115673e-06 3.67563480e-05 7.05384946e-06 2.66960651e-05
  4.68790713e-05 5.66545395e-07]
 [2.00316140e-06 3.88869375e-05 1.71072988e-05 1.39727776e-08
  9.47383596e-05 1.28434604e-05 1.54712566e-07 1.02494851e-05
  3.94755625e-05 6.46638864e-06]
 [2.75076295e-09 2.73357145e-05 4.01349462e-06 2.29219968e-05
  3.66660402e-06 2.71609351e-05 5.44917839e-06 3.94894596e-05
  6.26244801e-05 1.48648837e-07]
 [2.14483521e-06 9.94803031e-07 1.07435972e-06 1.93620195e-08
  1.33525418e-05 5.09931815e-05 1.07067135e-05 4.13011030e-08
  1.06145111e-04 1.68727001e-06]
 [1.99841770e-06 2.71856086e-04 8.17570101e-09 8.70252581e-09
  2.60875868e-06 4.83454496e-05 8.67032031e-06 3.82833099e-09
  2.07389476e-05 1.87424519e-07]
 [2.32284310e-06 3.38982545e-07 6.76203126e-05 1.84584260e-05
  1.33731286e-04 9.91477555e-06 1.76204721e-05 1.39774556e-06
  7.43582723e-06 1.55224882e-06]
 [2.47089645e-07 1.96404417e-05 4.09977001e-05 4.51361593e-05
  1.27075300e-05 6.55939948e-05 1.11402039e-06 2.04192456e-05
  1.45326776e-05 2.35690891e-06]
 [8.49442301e-07 3.36213713e-03 1.63315835e-05 3.26129812e-05
  4.56034868e-05 1.64846773e-04 1.34232487e-05 9.82934580e-06
  3.76844667e-07 2.31826988e-07]
 [1.12806019e-05 1.42953428e-03 8.62372872e-06 1.01246378e-05
  8.74960108e-07 3.54087315e-05 9.32460989e-06 2.83540135e-06
  5.53125828e-05 3.08565836e-06]
 [4.63652623e-06 1.66675221e-04 3.48272471e-04 1.01483629e-05
  8.62141381e-09 2.59086028e-05 1.35692058e-09 8.67023846e-06
  1.00481081e-08 4.25175095e-08]
 [8.13265160e-06 6.33923570e-04 7.41813346e-05 1.92527896e-05
  2.10932340e-04 6.03210779e-08 4.05820629e-06 1.29398468e-04
  7.35184512e-05 1.47803419e-07]
 [1.83905399e-06 8.16438638e-04 4.42070101e-04 7.71695250e-06
  5.69697186e-05 5.51680569e-05 6.01634565e-06 1.09387929e-06
  3.84625455e-05 9.48107754e-07]
 [1.38569112e-05 1.80177987e-04 1.45714657e-05 4.27666455e-05
  3.81932114e-05 3.08961200e-04 5.38612403e-05 1.47327346e-05
  2.48253418e-05 2.53775215e-06]
 [2.42525715e-07 1.31574564e-03 2.70646633e-05 2.71523368e-05
  1.94763434e-05 8.26332835e-05 2.88553747e-06 7.36715674e-06
  1.89389448e-05 1.16595925e-06]
 [1.99672795e-05 9.17576661e-04 6.55707190e-05 3.32622731e-05
  7.27071878e-08 2.88193569e-05 6.14874298e-05 7.26010057e-06
  8.60969085e-05 1.51471016e-10]
 [4.39187922e-08 4.86106037e-05 1.67387479e-04 1.35312957e-05
  1.13927408e-05 1.69646039e-08 2.34742256e-05 3.57827048e-05
  3.76916687e-05 1.16709009e-09]
 [1.93096571e-06 7.92616419e-03 9.41425151e-06 2.44351759e-05
  7.28312045e-07 4.30128377e-09 5.17650369e-06 4.05430837e-05
  2.29491689e-05 1.15383466e-06]
 [7.85992825e-07 2.08567362e-03 8.21397552e-05 2.20866259e-05
  1.16060197e-04 2.17528668e-06 1.09389839e-05 2.23836778e-05
  1.14763288e-05 4.87395425e-07]
 [3.29867862e-06 2.72029749e-04 3.29218395e-08 3.24409513e-04
  4.58815994e-05 1.28327011e-08 6.26180690e-06 1.94777949e-05
  1.23939317e-05 1.07943965e-09]
 [4.52976337e-07 3.25424736e-08 3.81099599e-05 1.16562414e-05
  3.01837167e-06 5.62592062e-09 1.44719195e-06 2.45990472e-09
  1.97585486e-03 1.37673865e-07]
 [5.71105193e-05 2.57647457e-03 1.31861625e-05 9.68705507e-08
  1.99505594e-05 9.06101923e-06 1.24314274e-05 6.20228275e-06
  1.75980149e-05 1.22711947e-06]
 [5.43246927e-07 1.80118892e-04 7.17362718e-06 8.86520720e-05
  6.65006883e-06 2.28200206e-05 1.37022585e-06 2.41096404e-06
  3.95312418e-05 1.95418821e-07]
 [1.19973274e-05 4.07824846e-04 2.27175624e-05 8.49473599e-06
  5.20226104e-06 1.06313871e-06 1.86708130e-05 1.21462297e-04
  8.68626885e-05 1.20125524e-05]
 [7.23100675e-05 1.20964221e-04 8.08637833e-06 2.41456510e-05
  2.21107110e-09 3.52839779e-05 7.65548066e-06 1.84104412e-08
  5.30232319e-05 8.61981277e-07]
 [1.38516111e-06 5.97301521e-04 8.75639216e-07 5.87442264e-05
  7.06497940e-06 7.62642812e-05 4.37535891e-06 2.97428187e-06
  9.44674503e-06 7.96095321e-07]
 [2.47742423e-06 1.62117969e-04 3.95919142e-06 1.49207081e-05
  2.32513503e-05 7.22744517e-06 8.71315297e-06 2.05636983e-08
  1.11454156e-05 9.83435029e-07]]
[[3.2862299e-04 2.1249356e-02 1.1999976e-02 4.4619977e-03 1.4128239e-03
  2.0672214e-05 1.9973351e-05 1.8937702e-03 1.5024007e-03 2.9188613e-04]]
[[1.7271632e-09 1.8667600e-06 5.2719638e-08 1.3951326e-07 9.1300256e-09
  8.1895109e-08 4.9395506e-08 4.6021196e-08 6.6784511e-09 3.6104996e-08]]
