

config:

HOME=/clusterFS/home/student/kopp13
PATH=/clusterFS/home/student/kopp13/miniconda3/envs/tensorflow/bin:/clusterFS/home/student/kopp13/miniconda3/bin:/clusterFS/home/student/kopp13/bin:/usr/local/bin:/usr/bin:/bin:/usr/local/games:/usr/games
LD_LIBRARY_PATH=
THEANO_FLAGS=floatX=float32,gpuarray.preallocate=0.9,dnn.library_path=/usr/lib/x86_64-linux-gnu,cxx=clang++-3.8,device=cuda,base_compiledir=/tmp/tmp.DbegqB7apU

=============================
CONFIG FILE

RNN CONFIG
{'data_multiplier': 1000.0,
 'gradient_clip_value': 0.5,
 'layer_configs': [{'layer_type': 'input'},
                   {'bc': {'init_m': 'xavier',
                           'init_v': -4.5,
                           'prior_m': 0.0,
                           'prior_v': 0.0,
                           'type': 'continuous'},
                    'bf': {'init_m': 'xavier',
                           'init_v': -4.5,
                           'prior_m': 0.0,
                           'prior_v': 0.0,
                           'type': 'continuous'},
                    'bi': {'init_m': 'xavier',
                           'init_v': -4.5,
                           'prior_m': 0.0,
                           'prior_v': 0.0,
                           'type': 'continuous'},
                    'bo': {'init_m': 'xavier',
                           'init_v': -4.5,
                           'prior_m': 0.0,
                           'prior_v': 0.0,
                           'type': 'continuous'},
                    'discrete_act': False,
                    'init_config': {'c': {'b': 'all_zero', 'w': 'xavier'},
                                    'f': {'b': 'all_one', 'w': 'all_zero'},
                                    'i': {'b': 'all_zero', 'w': 'xavier'},
                                    'o': {'b': 'all_zero', 'w': 'xavier'}},
                    'is_output': False,
                    'is_recurrent': True,
                    'layer_type': 'lstm',
                    'tau': 0.5,
                    'var_scope': 'lstm_0',
                    'wc': {'p0max': 0.95,
                           'p0min': 0.05,
                           'pmax': 0.99,
                           'pmin': 0.01,
                           'priors': [0.2, 0.6, 0.2],
                           'type': 'ternary'},
                    'wf': {'p0max': 0.95,
                           'p0min': 0.05,
                           'pmax': 0.99,
                           'pmin': 0.01,
                           'priors': [0.2, 0.6, 0.2],
                           'type': 'ternary'},
                    'wi': {'p0max': 0.95,
                           'p0min': 0.05,
                           'pmax': 0.99,
                           'pmin': 0.01,
                           'priors': [0.2, 0.6, 0.2],
                           'type': 'ternary'},
                    'wo': {'p0max': 0.95,
                           'p0min': 0.05,
                           'pmax': 0.99,
                           'pmin': 0.01,
                           'priors': [0.2, 0.6, 0.2],
                           'type': 'ternary'}},
                   {'bc': {'init_m': 'xavier',
                           'init_v': -4.5,
                           'prior_m': 0.0,
                           'prior_v': 0.0,
                           'type': 'continuous'},
                    'bf': {'init_m': 'xavier',
                           'init_v': -4.5,
                           'prior_m': 0.0,
                           'prior_v': 0.0,
                           'type': 'continuous'},
                    'bi': {'init_m': 'xavier',
                           'init_v': -4.5,
                           'prior_m': 0.0,
                           'prior_v': 0.0,
                           'type': 'continuous'},
                    'bo': {'init_m': 'xavier',
                           'init_v': -4.5,
                           'prior_m': 0.0,
                           'prior_v': 0.0,
                           'type': 'continuous'},
                    'discrete_act': False,
                    'init_config': {'c': {'b': 'all_zero', 'w': 'xavier'},
                                    'f': {'b': 'all_one', 'w': 'all_zero'},
                                    'i': {'b': 'all_zero', 'w': 'xavier'},
                                    'o': {'b': 'all_zero', 'w': 'xavier'}},
                    'is_output': False,
                    'is_recurrent': True,
                    'layer_type': 'lstm',
                    'tau': 0.5,
                    'var_scope': 'lstm_1',
                    'wc': {'p0max': 0.95,
                           'p0min': 0.05,
                           'pmax': 0.99,
                           'pmin': 0.01,
                           'priors': [0.2, 0.6, 0.2],
                           'type': 'ternary'},
                    'wf': {'p0max': 0.95,
                           'p0min': 0.05,
                           'pmax': 0.99,
                           'pmin': 0.01,
                           'priors': [0.2, 0.6, 0.2],
                           'type': 'ternary'},
                    'wi': {'p0max': 0.95,
                           'p0min': 0.05,
                           'pmax': 0.99,
                           'pmin': 0.01,
                           'priors': [0.2, 0.6, 0.2],
                           'type': 'ternary'},
                    'wo': {'p0max': 0.95,
                           'p0min': 0.05,
                           'pmax': 0.99,
                           'pmin': 0.01,
                           'priors': [0.2, 0.6, 0.2],
                           'type': 'ternary'}},
                   {'b': {'init_m': 'xavier',
                          'init_v': -4.5,
                          'prior_m': 0.0,
                          'prior_v': 0.0,
                          'type': 'continuous'},
                    'is_output': True,
                    'is_recurrent': False,
                    'layer_type': 'fc',
                    'regularization': {'mode': None, 'strength': 0.02},
                    'tau': 0.5,
                    'var_scope': 'output_layer',
                    'w': {'p0max': 0.95,
                          'p0min': 0.05,
                          'pmax': 0.99,
                          'pmin': 0.01,
                          'priors': [0.2, 0.6, 0.2],
                          'type': 'ternary'}}],
 'layout': [4, 60, 60, 10],
 'output_type': 'classification'}

DATA CONFIG
{'dataset': 'red_penstroke',
 'tr': {'in_seq_len': 30,
        'minibatch_enabled': True,
        'minibatch_size': 200,
        'out_seq_len': 5,
        'zero_padding': 20},
 'va': {'in_seq_len': 30,
        'minibatch_enabled': True,
        'minibatch_size': 200,
        'out_seq_len': 5,
        'zero_padding': 20}}

TRAINING CONFIG
{'beta_reg': 0.0,
 'is_pretrain': False,
 'learning_rate': 0.002,
 'mode': {'max_epochs': 0, 'min_error': 0.0, 'name': 'classic'},
 'task_id': 7,
 'type': 'g_sampling',
 'var_reg': 0.0}
==============================


[[1.3240051e-06 2.8329072e-07 1.3044108e-06 ... 1.0852239e-06
  8.6614509e-06 3.9699040e-07]
 [4.2230400e-07 1.4832750e-05 5.5736376e-07 ... 8.7332364e-07
  1.6245684e-05 4.2459255e-06]
 [9.2977959e-11 4.2409098e-10 5.8109424e-11 ... 5.4196612e-09
  1.0515143e-08 5.8531918e-10]
 ...
 [1.8196335e-08 1.1381097e-07 1.7562253e-07 ... 8.3379143e-07
  1.7745847e-07 2.4809117e-07]
 [3.1938491e-08 8.9619033e-07 1.0367767e-07 ... 2.9359459e-09
  3.1292873e-06 2.8785792e-07]
 [1.7899323e-08 2.7714100e-07 3.1383536e-08 ... 1.6474728e-07
  3.1160409e-06 3.9703711e-08]]
[[3.82549615e-07 2.03545511e-07 1.31325437e-10 ... 4.17110982e-07
  1.81897201e-06 2.89722436e-07]
 [3.23616945e-07 3.79010226e-06 2.99079147e-06 ... 2.25235766e-07
  3.08941428e-09 1.84912619e-06]
 [6.04379186e-11 4.28342359e-14 1.55071372e-11 ... 1.97702188e-09
  3.60560366e-11 5.85320095e-14]
 ...
 [2.34197781e-08 5.25734727e-08 5.28218962e-08 ... 4.27026578e-07
  5.54954624e-08 6.37410409e-08]
 [1.02615294e-08 2.52295848e-07 4.43886634e-08 ... 2.59854005e-09
  3.11635273e-10 9.18740000e-08]
 [1.79713904e-12 7.80328975e-08 3.29241864e-12 ... 1.64822548e-11
  9.17108139e-07 1.05800355e-08]]
[[3.12214397e-04 4.16473864e-04 1.38771138e-04 8.56512692e-04
  2.95569014e-04 3.50467977e-04 1.74684956e-05 1.04231010e-04
  2.12157043e-04 3.71888564e-05 7.48574748e-05 2.47711578e-04
  8.04007504e-05 1.26755636e-04 5.47285526e-05 3.23212240e-04
  1.85637953e-04 3.83205566e-04 2.21939728e-04 2.33737243e-04
  6.33393865e-05 9.43173800e-05 1.73702909e-04 4.94940730e-04
  1.35787981e-04 9.76733645e-05 6.13350014e-04 1.35361406e-04
  2.06305140e-05 2.48555851e-04 6.16996607e-04 4.77891136e-03
  1.56189781e-03 3.67657594e-05 7.50083927e-05 8.46128023e-05
  8.08586541e-04 1.98795344e-04 1.14374343e-04 7.75661974e-05
  4.05260653e-04 4.19339078e-04 1.59982286e-04 1.86831036e-04
  1.79428844e-05 1.44207326e-04 1.11604124e-04 7.97586472e-05
  1.71536428e-03 5.35690167e-04 9.10388015e-04 1.33305171e-03
  1.06214592e-03 5.61120323e-05 5.65134396e-04 1.33387090e-04
  2.62702088e-04 3.15001176e-04 3.87956132e-03 3.10644158e-04]]
[[2.89904136e-07 8.76472313e-07 2.25220873e-08 3.97953471e-07
  3.68547433e-07 3.67653342e-07 1.58199498e-08 1.86992665e-07
  7.89359831e-08 1.16498153e-08 1.07844855e-07 2.44208422e-07
  1.19007694e-07 1.01638200e-07 3.73319260e-08 3.25211573e-07
  6.86898076e-08 1.96925981e-07 9.58663406e-08 1.06432758e-07
  2.36237483e-08 1.17772082e-07 1.18385373e-07 1.05882816e-06
  1.56127300e-07 6.96396185e-08 2.69273733e-06 4.36629826e-08
  2.78770891e-08 9.88537749e-07 6.46090143e-07 7.46671788e-07
  3.89739483e-07 3.74130771e-08 2.64526960e-08 1.73412872e-07
  1.01752266e-06 1.10135420e-06 1.59249808e-07 1.54326671e-07
  6.03503679e-07 2.64999507e-08 1.45370251e-07 8.22822557e-08
  3.22901776e-08 3.54019249e-08 1.07119881e-07 7.27853617e-08
  6.31052728e-07 7.11280052e-07 3.97249977e-07 3.66354527e-07
  7.94997845e-07 1.17797121e-07 6.03570882e-08 1.05869027e-07
  2.96165211e-07 1.29540879e-07 8.14154373e-06 1.42214560e-07]]
[[2.3290754e-06 4.0501882e-06 3.0093026e-05 ... 2.6942344e-05
  1.1099961e-06 4.9255876e-05]
 [3.6531655e-06 4.1484855e-06 7.4221675e-06 ... 7.3759351e-05
  1.4760181e-04 3.0849346e-06]
 [2.9336979e-08 7.1593592e-10 3.6342407e-10 ... 6.0653966e-09
  5.0147502e-08 3.4686647e-09]
 ...
 [9.1902351e-08 1.6219360e-07 1.8281968e-06 ... 7.7029404e-07
  1.5394770e-06 1.9971750e-08]
 [3.0153231e-07 9.0251609e-07 1.4287592e-07 ... 2.4518002e-08
  3.4354414e-06 2.4699564e-06]
 [3.8984322e-06 9.8405529e-08 7.6617744e-07 ... 4.3564839e-07
  4.9294445e-06 1.5050246e-07]]
[[5.4250131e-07 1.1088053e-06 7.8038092e-06 ... 7.2467418e-07
  2.9474040e-07 1.6998370e-05]
 [9.7000520e-07 1.3342305e-06 2.0051730e-06 ... 2.4393370e-05
  6.7094675e-08 1.4463293e-06]
 [1.9912546e-11 2.6842512e-10 1.6325730e-10 ... 1.7700850e-09
  2.1382951e-10 9.1755037e-10]
 ...
 [2.7858125e-08 5.7730728e-07 4.2767437e-07 ... 2.8008685e-07
  4.6441519e-07 6.4582970e-09]
 [3.0253272e-11 2.2461599e-07 1.1167620e-06 ... 9.5813961e-09
  4.5641435e-05 5.8300594e-07]
 [1.0398813e-06 3.0506765e-08 7.6688420e-11 ... 1.4662643e-07
  1.4981539e-06 3.9951988e-08]]
[[0.00226905 0.00087674 0.00158994 0.00325352 0.00203085 0.00239104
  0.00138342 0.00032414 0.00032418 0.00059966 0.00114155 0.00072893
  0.00036543 0.00057787 0.00148674 0.00087331 0.00077021 0.00062106
  0.00071054 0.00077579 0.00058706 0.00138053 0.00151739 0.00076445
  0.00031175 0.00196793 0.00110671 0.00045434 0.00010708 0.00074578
  0.00184489 0.00824766 0.00085723 0.00013374 0.00036704 0.00051012
  0.00241198 0.0006888  0.0003787  0.00059881 0.00064148 0.00056251
  0.00380441 0.00042169 0.00018047 0.00044348 0.00113605 0.00089063
  0.00254027 0.00147116 0.0014564  0.00184213 0.00216654 0.00040908
  0.00727356 0.00029249 0.00109825 0.00109572 0.00685027 0.00070333]]
[[2.1494836e-06 8.1261641e-07 1.1261191e-06 4.4459521e-06 1.1307498e-06
  7.1916764e-07 1.6997231e-07 6.3354622e-07 2.8173366e-07 5.2665911e-07
  7.5393280e-07 6.3530842e-07 6.6441032e-07 2.2775328e-07 3.9754568e-06
  1.6297148e-06 2.2320725e-07 2.7926117e-07 2.0082014e-06 7.2397955e-07
  5.2501656e-07 1.6296572e-07 3.5419534e-06 1.7410628e-06 3.9499452e-07
  1.2635492e-06 2.3173056e-06 1.4814658e-07 2.7537865e-07 3.2886805e-07
  2.7649689e-06 2.3562604e-06 4.6264702e-07 6.0192079e-08 1.4577132e-07
  2.2796662e-07 1.0501052e-07 5.5994633e-07 8.6540382e-07 9.7752704e-08
  1.0811825e-06 5.7977542e-07 7.8758922e-06 3.8944151e-07 1.9844036e-07
  2.6371322e-07 3.6628171e-07 4.4737766e-07 5.0855425e-07 9.0705771e-07
  9.5556459e-07 2.7484036e-06 1.3147876e-06 3.8907024e-07 7.8518667e-07
  1.1271693e-06 1.1946346e-05 6.4354299e-07 5.1492134e-06 2.0278290e-07]]
[[9.05046647e-04 2.13302174e-05 1.60462459e-05 ... 1.31138411e-04
  7.41878903e-05 5.74721053e-05]
 [1.87777823e-05 2.00812297e-04 2.75383882e-05 ... 2.10999046e-03
  1.23528892e-03 1.51162618e-04]
 [3.16768727e-08 2.04880820e-07 2.87498386e-10 ... 2.35720687e-08
  1.50831420e-06 1.00083595e-08]
 ...
 [2.08190031e-05 1.03378420e-06 2.01551320e-05 ... 1.11978234e-05
  1.57187878e-06 1.36889066e-05]
 [1.73628978e-05 3.09141724e-05 2.38993689e-05 ... 8.15746826e-05
  2.20237980e-05 1.64232879e-05]
 [2.83373834e-06 4.61442568e-07 2.93375047e-06 ... 4.17619194e-05
  7.83776486e-05 3.05117010e-06]]
[[2.0398611e-04 1.3608148e-04 3.8954294e-08 ... 2.0937519e-05
  2.9065328e-05 1.6484712e-04]
 [1.5288024e-05 1.0361150e-04 7.9573492e-06 ... 4.3795207e-03
  6.3451490e-04 3.8704475e-05]
 [3.7136886e-12 7.1167861e-08 7.5908684e-09 ... 3.9827000e-08
  1.5132220e-10 1.3584540e-09]
 ...
 [4.4549292e-06 3.6292378e-05 6.7597516e-06 ... 6.7864980e-06
  6.9503079e-07 4.4033241e-06]
 [1.1682487e-05 1.1198050e-05 5.9430649e-06 ... 1.5486241e-07
  4.8148172e-06 3.7812149e-06]
 [1.0609341e-06 1.8870413e-07 7.6116152e-07 ... 4.1894572e-09
  2.2996926e-05 1.4313079e-06]]
[[0.02057864 0.01253911 0.02252196 0.00686797 0.00622625 0.00783864
  0.00648104 0.00680576 0.00481766 0.00575617 0.00474322 0.00572355
  0.00161353 0.05924268 0.01992465 0.02826596 0.05127782 0.00499295
  0.00052815 0.00741471 0.01280243 0.05151438 0.01099981 0.01614752
  0.00375678 0.02117804 0.00836328 0.01810862 0.00056575 0.00238611
  0.00587741 0.01377042 0.09178184 0.03274155 0.00066988 0.00267556
  0.08405315 0.00421541 0.00534766 0.04087371 0.01554325 0.04142492
  0.01003792 0.00192931 0.01026451 0.00599744 0.01053882 0.02539179
  0.02294286 0.05489512 0.02892648 0.08462562 0.02789241 0.004517
  0.04579411 0.00180047 0.01083759 0.04903589 0.05879811 0.03216203]]
[[1.1517615e-06 1.2825095e-06 3.3448446e-06 1.6414319e-06 1.2191857e-06
  3.0975143e-06 4.8469650e-07 4.6144451e-06 1.4374897e-06 9.2785797e-07
  2.2727555e-07 1.2052225e-06 1.7581210e-07 1.3306923e-05 2.5403731e-06
  1.3150554e-05 5.7642210e-06 2.5412950e-07 6.9369953e-08 1.3455835e-07
  4.9975176e-07 1.1798309e-06 9.6132462e-06 2.3781116e-05 3.3612673e-06
  5.0342569e-06 5.3155863e-06 2.6925234e-05 1.2681081e-06 1.4541986e-06
  4.5555899e-07 1.6108058e-06 1.1461353e-05 8.2871165e-06 1.6540061e-07
  8.3713729e-07 2.0592186e-05 5.1152970e-06 2.2081697e-06 5.3891567e-06
  1.4019992e-05 1.6131453e-05 6.9772036e-06 4.8221392e-07 3.5032044e-06
  1.0527780e-06 4.6650857e-06 1.6684809e-06 1.1636572e-06 2.1111209e-05
  2.5649309e-05 1.0758690e-04 3.1815043e-06 3.4858175e-07 2.5658101e-06
  1.0199483e-06 6.0867942e-06 7.9858100e-06 8.6799628e-06 1.1198187e-05]]
[[9.01641033e-06 4.34583171e-06 6.49874551e-07 ... 1.55758062e-05
  4.01309399e-06 7.02615716e-06]
 [6.23990388e-07 3.82688886e-05 2.40440272e-06 ... 7.76225988e-07
  1.61963744e-05 3.59757614e-05]
 [4.60798094e-10 1.05515525e-08 8.93548613e-09 ... 1.95492267e-09
  1.81558060e-10 2.81091678e-10]
 ...
 [7.46746537e-07 3.90726683e-07 2.57556394e-07 ... 1.75409127e-07
  1.40617090e-07 1.49957756e-07]
 [8.96810661e-08 1.66724931e-06 7.67619724e-07 ... 5.76584753e-08
  2.81055895e-06 6.67087576e-08]
 [1.61136859e-06 8.97416825e-08 7.36726008e-07 ... 2.03944452e-07
  4.02089285e-07 1.74839101e-07]]
[[3.6449098e-06 1.9388501e-05 2.4071770e-07 ... 3.9354891e-06
  1.1516201e-08 2.2892036e-06]
 [2.0564202e-07 1.8519537e-05 6.5320228e-07 ... 3.3758467e-06
  1.6450565e-09 1.0332403e-05]
 [2.5983760e-10 1.0556783e-12 3.8851100e-09 ... 1.0529342e-09
  7.2650731e-12 2.7992103e-14]
 ...
 [1.7502300e-07 7.9950034e-08 9.7085092e-08 ... 9.4107186e-08
  5.2065502e-10 1.1016421e-07]
 [8.1751026e-08 4.8524362e-07 1.8952829e-07 ... 5.0457672e-08
  6.4418316e-07 1.4578551e-08]
 [3.6540422e-07 2.6452335e-08 7.3385277e-11 ... 5.9979904e-08
  7.2516633e-07 4.3802903e-08]]
[[1.5142352e-03 1.8258892e-03 5.3912174e-04 9.0331916e-04 1.1978443e-03
  1.8614230e-03 4.2231688e-05 2.8228894e-04 7.2401803e-04 7.0804573e-04
  9.0249686e-04 9.3169307e-04 6.6331262e-04 1.7424728e-03 9.4996538e-04
  1.0412764e-03 1.6564939e-03 5.7365978e-04 7.1237423e-04 3.9001845e-04
  4.3530832e-04 1.9068646e-03 1.3002004e-03 1.5457328e-03 5.1090546e-04
  5.8811757e-04 4.7944421e-03 2.4455434e-04 1.0976932e-04 4.2113097e-04
  3.1304173e-04 1.4499007e-03 1.4363748e-03 1.0633043e-03 4.9662613e-04
  1.7881778e-03 2.3138048e-03 3.8930608e-04 4.5271369e-04 8.4179681e-04
  1.5963803e-03 5.5646286e-03 1.1945436e-03 2.2823353e-04 2.1709583e-04
  3.9082425e-04 1.5363392e-03 9.7724074e-04 1.2876086e-03 1.7256361e-03
  1.4794603e-03 1.5021788e-03 1.3763963e-03 2.9027127e-04 2.9859408e-03
  2.2682529e-04 1.7343540e-03 3.9691330e-04 3.6996359e-04 4.5275819e-04]]
[[5.12843314e-07 1.12556302e-06 4.17776675e-07 5.63775416e-07
  6.23921608e-07 1.95083067e-06 1.87973512e-08 3.67995739e-07
  3.40636745e-07 8.24928634e-07 7.18797196e-07 1.15696344e-06
  2.82516254e-07 4.53699954e-07 1.17757077e-06 1.14869181e-06
  6.20722290e-07 3.71933794e-07 4.93412074e-07 1.25733408e-07
  4.91650042e-07 6.07403592e-07 1.67662404e-06 3.23901122e-06
  6.99165298e-07 1.06330056e-07 1.89181867e-06 2.26782234e-07
  2.99694221e-07 3.96394768e-07 3.91859516e-07 1.44810451e-06
  9.32005122e-08 1.04937646e-06 3.84788336e-07 6.03771696e-06
  9.08392792e-07 3.17174425e-07 3.21031251e-07 1.67978499e-07
  4.08141159e-06 2.05729089e-06 3.54534734e-07 5.02742978e-07
  8.21081301e-08 4.67874372e-07 1.30272031e-06 2.82704519e-07
  3.74047119e-07 3.23937570e-07 9.65261279e-07 3.42089493e-07
  1.82915755e-06 4.78252389e-08 2.97309043e-07 1.43714871e-07
  4.14880742e-06 4.85546877e-07 6.41992472e-07 3.89282206e-07]]
[[3.6542505e-10 2.8155718e-08 2.9225244e-09 ... 1.5536582e-09
  3.3502403e-09 5.4572952e-10]
 [1.2939086e-07 1.0311440e-08 1.1817247e-08 ... 2.3761606e-08
  4.7709047e-08 1.3294579e-10]
 [1.4154414e-08 5.6677729e-10 5.1825227e-10 ... 2.2050240e-11
  8.0767609e-10 6.7327192e-11]
 ...
 [4.8880981e-08 1.3232516e-08 2.0108601e-08 ... 2.6556546e-09
  4.8329262e-08 1.0245698e-09]
 [2.3528113e-09 7.8819413e-09 6.1841372e-09 ... 4.4644493e-09
  6.5731940e-09 7.0161112e-09]
 [7.2239076e-10 9.5685508e-08 3.3675085e-10 ... 3.7138306e-10
  6.5717230e-11 9.4989261e-09]]
[[1.13970899e-09 1.77058670e-08 9.70173941e-10 ... 1.17553722e-09
  2.74036978e-12 1.63956668e-10]
 [2.87803292e-08 2.61947157e-08 2.93314617e-09 ... 3.45063889e-08
  1.32066065e-08 2.75028750e-10]
 [7.02926561e-09 3.48332696e-10 1.16293773e-10 ... 1.05417914e-11
  1.93835892e-10 1.26058289e-10]
 ...
 [1.22172095e-08 5.84002846e-09 5.19838972e-09 ... 2.90140579e-13
  2.42701628e-08 3.32017802e-10]
 [8.37573011e-10 2.26150498e-09 2.23472085e-09 ... 1.51095059e-09
  1.44205665e-12 5.74212344e-10]
 [2.26275707e-10 2.88623170e-08 1.10143275e-11 ... 1.36161041e-10
  1.89802202e-11 3.72065223e-09]]
[[2.1185089e-04 5.9105154e-05 2.5998232e-05 5.7106961e-05 1.5312326e-05
  6.5030436e-05 2.3471868e-04 3.1029369e-04 1.6558211e-05 5.4824545e-06
  7.7104369e-06 5.3175877e-06 8.6035652e-06 6.1098835e-06 1.2027470e-05
  5.4310999e-06 2.3845703e-05 6.6560919e-05 8.6620523e-05 1.3853284e-05
  8.8880501e-05 1.4271979e-05 5.2690553e-05 6.1440405e-06 7.4792260e-05
  8.8800152e-06 3.6614519e-04 4.7664460e-05 9.6198812e-05 7.9306819e-06
  9.9127690e-05 2.8736877e-05 1.2038910e-04 2.4745152e-05 8.6641368e-05
  7.9885285e-06 6.4735718e-06 1.4487240e-05 1.1202498e-04 4.2191594e-05
  1.6067718e-04 1.4327905e-05 1.4009437e-04 5.7186767e-06 2.9372015e-05
  6.3042928e-05 4.1584567e-06 1.3066286e-05 7.1332875e-06 8.2921579e-05
  8.1958206e-05 1.2964314e-04 4.3121261e-05 6.6380148e-06 6.7964022e-05
  3.1618736e-04 2.4387289e-06 6.4970605e-05 8.8953828e-05 7.2479666e-06]]
[[5.49662040e-08 2.02557917e-08 1.95252561e-08 6.12807298e-08
  4.11989598e-09 5.09293407e-08 1.78183512e-07 1.26618829e-07
  9.51531565e-09 3.95988664e-09 1.14123173e-08 4.78213380e-09
  4.61539829e-09 2.45258480e-08 2.72729253e-08 2.36699749e-09
  2.05890083e-09 4.71401407e-08 1.14446635e-07 9.60385904e-09
  8.13421579e-08 1.31531142e-08 8.91269636e-09 8.18818258e-09
  7.31996366e-08 1.48663259e-09 5.27041664e-08 7.41368833e-09
  5.49372068e-08 1.81097697e-08 8.97169841e-08 8.87228424e-09
  3.42551232e-08 1.28580604e-08 4.08817726e-08 4.54320093e-09
  1.14059615e-08 5.03748776e-09 1.43911606e-07 6.93920654e-08
  6.64252937e-08 5.56811708e-09 2.00482916e-07 1.54248134e-08
  2.32016752e-08 8.82676261e-08 9.86333948e-09 3.81936793e-08
  3.38804291e-08 5.39126681e-08 5.71016727e-08 3.14663637e-08
  6.60760548e-08 7.60808838e-09 3.22640616e-08 3.45683844e-07
  2.71626166e-09 4.50142750e-08 1.40854297e-07 1.07017595e-08]]
[[2.7552369e-08 5.4260095e-08 1.7011283e-08 ... 3.2323457e-09
  8.3512566e-09 3.6624073e-07]
 [2.1385652e-07 7.7421598e-09 3.1243975e-08 ... 3.2488680e-07
  1.1028410e-07 9.4762420e-08]
 [4.1206110e-09 2.2649269e-09 9.4177246e-08 ... 1.8222948e-08
  1.6640558e-07 1.3117338e-07]
 ...
 [6.1482787e-08 1.4985613e-08 1.9961560e-07 ... 3.2108670e-07
  5.9171101e-10 1.0690353e-07]
 [5.7583772e-08 1.0712321e-08 1.3801823e-08 ... 1.8737959e-06
  2.3125171e-08 2.0696296e-08]
 [9.7266351e-10 2.2721906e-07 1.5490947e-07 ... 1.3002917e-08
  1.4447582e-08 7.9091286e-08]]
[[6.6850201e-09 1.7302504e-08 5.5299743e-08 ... 9.2092156e-10
  2.2783782e-09 5.8867283e-10]
 [5.4687128e-08 2.8278924e-08 8.4206615e-09 ... 1.8518188e-10
  2.4989905e-10 2.8134926e-08]
 [4.5232027e-09 7.0336776e-09 9.8239047e-12 ... 3.9641950e-08
  4.6662674e-08 4.2086171e-08]
 ...
 [1.7691683e-08 4.6657322e-09 8.7756028e-08 ... 8.8128239e-08
  5.1896476e-10 2.9920567e-08]
 [2.8539967e-08 3.1764573e-09 2.5056355e-08 ... 5.6262991e-07
  5.1985007e-09 1.0380821e-08]
 [2.7241967e-10 5.4686385e-08 1.6207949e-07 ... 3.3652314e-09
  3.8226950e-09 2.1532934e-08]]
[[1.9857023e-04 6.7581590e-05 1.2569940e-04 7.4691976e-05 5.6040775e-05
  5.5415725e-04 4.2864581e-04 1.7413789e-04 1.8042198e-04 2.3859511e-04
  3.5420991e-05 6.8473957e-05 9.1044763e-05 1.9772246e-04 2.2531326e-04
  7.3040930e-05 1.3863208e-04 1.5888701e-04 2.6090536e-04 4.1579705e-04
  2.7703072e-04 2.2884644e-05 2.4296642e-04 2.4290546e-05 3.6461226e-04
  4.6178920e-04 2.1021477e-04 1.4108272e-04 4.2353055e-04 1.5683969e-05
  3.8292236e-04 9.4043382e-05 2.1650742e-03 1.1688467e-04 5.5246527e-04
  2.0260956e-04 9.0994996e-05 1.1227721e-04 9.3386581e-05 1.0800480e-04
  6.8418820e-05 2.2180786e-04 2.1733751e-04 5.6597386e-05 7.8527206e-05
  3.2017476e-04 1.9271902e-05 4.6739864e-05 5.9144841e-05 4.0981927e-04
  2.6300712e-04 1.5131391e-04 4.0982544e-04 2.6339581e-04 5.4356642e-04
  2.4825218e-04 5.0569500e-04 1.4690304e-03 1.9899879e-04 2.9792922e-04]]
[[1.51872683e-08 3.00346663e-08 5.92020086e-08 3.52226657e-08
  3.67222484e-08 1.61842578e-07 5.69551446e-07 1.78960935e-08
  8.13325869e-08 6.86491575e-08 6.12566637e-08 7.96845399e-08
  3.08423864e-08 1.91816181e-08 6.93646456e-08 1.09837144e-08
  3.83208096e-08 1.44898991e-08 4.50613733e-08 5.34034896e-08
  6.51701626e-08 1.44080641e-08 1.65943334e-07 2.53652424e-08
  1.35284409e-07 1.90575122e-07 9.38765368e-08 1.99468602e-07
  4.57373766e-08 6.52450050e-09 1.63330597e-07 4.40242474e-08
  1.01246194e-07 6.32552641e-08 2.22762679e-07 1.20611034e-07
  1.08068301e-08 3.13788853e-08 1.58176050e-08 2.19125084e-07
  2.13379039e-08 1.02035337e-07 4.95132859e-08 9.74161480e-08
  4.40401884e-08 1.44670935e-07 5.27953148e-09 2.76607679e-08
  6.37967323e-09 4.99547141e-08 4.11758350e-07 2.73918403e-07
  2.30327075e-07 7.85039376e-08 1.03174692e-07 9.90484295e-07
  1.09927285e-07 2.75639422e-07 2.48257408e-07 1.35183882e-08]]
[[5.39673870e-08 1.14626698e-06 1.99304093e-08 ... 5.77337254e-08
  4.32985731e-10 1.41667272e-07]
 [1.45046002e-07 1.76823590e-07 4.66255273e-07 ... 1.85977365e-06
  1.65996816e-08 6.83550994e-08]
 [6.65397337e-08 8.75850219e-07 1.85370190e-08 ... 4.87380092e-09
  8.09511480e-09 2.22471197e-08]
 ...
 [1.03743155e-07 1.24346179e-05 7.63019301e-08 ... 1.59223855e-05
  3.03492925e-07 5.31398655e-06]
 [1.51593209e-08 8.31626721e-07 2.09027351e-09 ... 3.34225177e-07
  1.80620771e-06 2.56837591e-08]
 [6.77064516e-10 2.25304279e-06 6.82178403e-09 ... 1.23614203e-08
  2.30461428e-09 1.58044156e-06]]
[[1.9515637e-08 3.2580152e-07 2.0252951e-10 ... 7.8772793e-08
  5.7068561e-10 4.3595790e-08]
 [3.9169532e-08 4.7868255e-08 1.2620177e-07 ... 4.7505742e-07
  8.5545535e-09 2.5470746e-08]
 [1.2302198e-09 2.7240102e-07 5.0087534e-09 ... 1.3720489e-08
  2.5491018e-09 7.2814963e-09]
 ...
 [3.2125303e-08 7.3235324e-06 9.1602442e-10 ... 1.0514945e-07
  9.0159290e-08 3.3740926e-06]
 [4.8363127e-09 2.2515034e-07 6.0641409e-10 ... 9.4248236e-08
  4.5309682e-07 1.1145289e-08]
 [6.0576771e-10 5.6782977e-07 1.9530262e-10 ... 3.9764272e-09
  7.2552270e-10 5.9902807e-09]]
[[1.7876325e-03 2.7618285e-03 5.8455655e-04 5.7877920e-04 3.5867406e-04
  9.8685408e-04 1.0242165e-03 4.0482953e-03 1.9352442e-03 6.8414089e-04
  9.1160706e-05 2.6869134e-03 5.0300732e-04 2.4772938e-03 3.9063976e-03
  6.5259850e-03 9.5591058e-05 9.7216840e-04 2.6257231e-03 1.4219279e-03
  1.8492306e-03 2.5687678e-04 1.1334227e-03 4.5890076e-04 1.9839271e-03
  1.9651011e-04 4.6219942e-03 1.4156059e-03 7.8490289e-04 8.1468018e-04
  5.6741312e-03 9.0310990e-05 6.4915423e-03 2.2374720e-03 2.2193647e-03
  1.5949166e-03 3.7082037e-04 3.8979736e-03 1.6467599e-03 4.4699297e-03
  1.0216339e-03 1.4332646e-03 2.3095764e-03 6.1270343e-06 8.3164487e-04
  4.0632868e-04 7.8418438e-05 3.9392748e-04 4.4974699e-04 1.6075284e-03
  2.3462476e-04 9.0023093e-03 2.5804207e-04 3.2743646e-04 2.3568403e-03
  7.1680956e-03 5.2807094e-03 2.4609931e-03 8.2797761e-04 4.6846787e-03]]
[[2.7121641e-07 8.6130774e-07 1.8316948e-07 2.3257708e-07 5.2768190e-08
  1.6606998e-07 2.3828565e-07 4.4712056e-07 1.0359576e-06 8.9130850e-08
  2.9010961e-08 6.3126367e-07 1.5742141e-07 7.1794500e-07 2.0414836e-06
  4.3557330e-07 1.3056292e-07 3.4029506e-07 5.1412479e-07 2.7878767e-07
  3.8761596e-07 1.5709192e-07 1.2256264e-07 9.3248460e-08 2.8298333e-08
  4.0207652e-08 1.5462227e-06 4.6764825e-07 3.5565947e-08 3.2659941e-07
  1.7293983e-07 5.9168112e-08 4.9090872e-06 8.6367299e-07 6.5092172e-07
  1.8357350e-06 2.5615551e-08 8.5429434e-08 5.4568670e-07 2.8936970e-06
  4.5751543e-07 5.0645117e-08 7.0579756e-07 2.3655780e-09 7.4525595e-08
  2.6952085e-08 2.4460039e-08 3.2593420e-07 1.7557173e-07 1.5129550e-07
  2.9164932e-08 9.6915119e-06 1.2302628e-07 1.5664594e-07 1.0939733e-07
  2.8867464e-06 8.0021965e-07 2.7004859e-07 5.7656980e-08 4.4964563e-07]]
[[4.7811007e-08 4.0781063e-09 4.3219916e-07 ... 4.1767436e-08
  2.2733278e-07 1.9536124e-09]
 [8.8151204e-08 6.2458763e-09 1.5027177e-07 ... 4.3856904e-08
  1.2529023e-07 3.1280656e-08]
 [2.4226276e-08 1.4531252e-09 4.6643105e-08 ... 1.2407932e-09
  7.8408732e-08 2.2339934e-09]
 ...
 [2.4494616e-06 6.3525846e-08 3.0350847e-07 ... 3.7669062e-07
  3.1870879e-06 3.5485004e-07]
 [3.9099700e-06 3.8066053e-09 4.5952939e-07 ... 1.4940461e-07
  3.5757438e-07 4.0392849e-09]
 [2.5521065e-06 9.8440944e-10 3.0557985e-06 ... 4.2725418e-08
  1.3204931e-06 4.6766090e-08]]
[[1.9514196e-08 3.6936434e-09 1.4461078e-07 ... 1.1562397e-08
  2.3922946e-09 1.8761634e-09]
 [3.1815134e-08 1.8507036e-09 4.4281908e-08 ... 1.1206659e-08
  3.1597196e-08 7.9679392e-09]
 [5.4344498e-09 3.8014192e-10 1.3238535e-08 ... 8.6408791e-10
  1.2183369e-11 5.7686861e-10]
 ...
 [9.3730779e-07 1.6503119e-08 9.9116498e-08 ... 1.0059543e-07
  8.5694785e-07 9.5447469e-08]
 [4.6325174e-10 1.0995637e-09 1.3926035e-07 ... 4.7595307e-08
  5.4503545e-07 4.7716064e-08]
 [2.1462696e-05 6.7954544e-09 8.1486104e-07 ... 4.4223080e-11
  3.2571771e-07 1.7890439e-08]]
[[1.2455540e-03 3.7020061e-05 3.4002075e-04 1.7640181e-04 1.7946899e-04
  8.0727521e-05 3.3745065e-04 1.9296512e-04 1.2008727e-04 1.9522023e-04
  8.0790705e-05 5.5690907e-05 1.1104897e-04 1.3098993e-03 5.6711804e-05
  2.0286917e-04 1.7171154e-04 2.4936202e-05 5.6718622e-05 6.1855375e-05
  5.5773398e-05 4.7459958e-05 9.0953457e-05 5.3922110e-04 1.0852594e-03
  4.1089221e-04 9.7045086e-05 2.7433938e-05 4.0192818e-04 1.8390438e-04
  1.0697133e-04 2.1564527e-05 6.7161134e-04 1.6452443e-04 5.5065856e-04
  4.0702904e-05 1.0930500e-04 9.9525569e-06 3.5949153e-04 3.3752920e-05
  2.5907782e-04 9.8300588e-06 5.3571814e-05 1.8200144e-05 1.3912210e-04
  4.4852367e-04 5.9260452e-05 2.4088886e-05 7.2778741e-05 5.1884555e-05
  9.3476592e-05 3.5358872e-04 1.9082632e-04 1.9459658e-04 2.7237472e-04
  2.8435633e-04 8.8372902e-04 1.4867166e-04 3.0132462e-04 2.6837233e-05]]
[[5.63348749e-07 2.82165011e-08 2.54163268e-08 3.57025165e-08
  6.28736458e-08 1.39389273e-08 8.38367612e-07 9.01298094e-08
  1.63279253e-07 1.10732742e-07 1.83318445e-08 3.59692649e-08
  2.48422083e-08 2.32943921e-06 2.37717792e-08 5.32676978e-08
  5.43363512e-07 2.15526406e-08 4.45173960e-08 6.74097933e-08
  1.75251742e-08 2.31282442e-08 1.15323381e-07 3.75239296e-07
  1.35094410e-07 2.91275644e-08 2.09085833e-08 9.73769243e-09
  6.04019306e-08 2.34354459e-07 2.63559841e-08 2.58781352e-09
  9.75052288e-08 4.52867255e-08 2.02589035e-07 3.35829711e-08
  1.68610455e-07 2.92685987e-09 2.19663292e-08 7.38958192e-08
  6.45142748e-08 8.21740720e-09 3.31382992e-08 5.22272936e-09
  1.02201717e-07 2.54354092e-07 7.57989227e-09 6.36472564e-09
  1.03909315e-07 6.52464927e-09 2.50236781e-07 5.49484156e-08
  4.08165270e-08 1.25838028e-07 2.83117139e-08 4.17225294e-07
  6.13909094e-07 4.26850768e-08 1.81451497e-07 4.59994842e-09]]
[[8.66571554e-07 3.32666351e-03 1.95761590e-04 1.55063695e-04
  1.38796633e-03 1.34834670e-04 5.25958167e-05 1.86674733e-05
  4.15311748e-04 9.28119425e-06]
 [1.14021772e-04 2.01796996e-03 3.61213242e-05 1.60861600e-04
  1.10707209e-04 3.13000201e-05 3.70485668e-06 2.51180209e-05
  2.05879682e-04 8.03057992e-06]
 [1.48492516e-04 8.33052560e-04 2.73863203e-04 2.34232677e-04
  3.18387698e-04 1.06367725e-05 1.18118005e-05 1.46135098e-05
  2.18895555e-04 1.65453764e-06]
 [1.75524052e-04 1.49748506e-04 1.69932944e-04 2.29958168e-04
  2.95018544e-04 6.68220018e-05 6.00128697e-05 3.24317771e-05
  5.63790709e-05 1.93250289e-05]
 [1.32211237e-04 1.80060204e-04 1.67410457e-04 4.39022435e-04
  4.04757360e-04 2.12177312e-07 2.74539580e-05 1.33161648e-05
  7.77987152e-05 1.11978370e-05]
 [2.71746394e-04 1.25388359e-03 1.05415522e-04 2.16684450e-04
  5.82543362e-05 2.62254216e-05 4.48191131e-05 2.40711834e-05
  6.35102857e-04 3.50502410e-06]
 [2.06000608e-04 1.14451139e-03 6.06394715e-05 2.47145363e-04
  1.44487387e-03 7.52361302e-06 4.08137239e-05 3.02286298e-05
  5.82976791e-05 5.73740408e-06]
 [1.49692089e-04 3.68513400e-04 3.45179928e-04 3.40957304e-05
  4.83149643e-06 3.41101513e-05 1.65941874e-05 3.12091724e-05
  8.63876339e-05 4.15700924e-07]
 [9.71773479e-05 1.87418808e-03 1.27283696e-04 7.64356155e-05
  1.56680908e-05 1.14816885e-05 3.73128864e-06 2.60380421e-06
  2.66205578e-04 8.03564399e-06]
 [1.29751163e-04 4.30736318e-03 3.24953784e-04 1.91684521e-04
  6.40840299e-05 1.52210938e-04 4.68748258e-05 4.25528160e-05
  1.36014860e-04 3.32228456e-06]
 [1.68554499e-04 6.48146681e-03 8.96667261e-05 1.04235289e-04
  5.06826211e-04 4.70513369e-05 2.39707260e-05 2.36291035e-05
  3.21441243e-04 1.00761708e-05]
 [1.24082057e-04 1.56784314e-04 5.50386940e-05 2.81398650e-04
  2.35947431e-03 2.27464712e-04 2.42704282e-05 8.19935485e-06
  3.06990696e-04 1.89890909e-06]
 [3.14867793e-05 3.38068907e-03 1.80807852e-04 3.68671870e-04
  3.64683126e-03 5.41015652e-06 4.07513398e-05 1.03316679e-05
  3.99782002e-04 2.19900558e-05]
 [5.46299743e-05 9.26254783e-04 1.77175662e-05 1.09572626e-04
  1.55286558e-04 2.72408888e-05 4.15415843e-06 5.16163163e-06
  1.04503095e-04 1.58131741e-06]
 [1.36625495e-05 2.37341248e-03 1.48495688e-04 4.74256121e-05
  1.86735808e-04 4.65887388e-06 4.94025790e-06 2.63916481e-05
  2.23157709e-04 2.64276719e-06]
 [8.66284245e-05 3.96199495e-04 1.53962246e-04 6.15676181e-05
  8.23079434e-04 8.91678719e-05 4.56955058e-05 1.64809626e-05
  9.17444122e-05 2.67834530e-05]
 [1.13145878e-04 9.31073737e-04 1.69699215e-05 1.32860616e-04
  2.04079319e-04 6.98134463e-05 7.50048002e-07 1.20325722e-05
  4.40986660e-05 2.00597628e-06]
 [9.73288406e-05 4.29385900e-03 3.68322246e-04 3.34183453e-04
  1.29286564e-04 8.35445644e-06 1.56553542e-05 6.06951835e-06
  1.37116631e-05 5.21966456e-07]
 [7.33216730e-05 5.81072364e-03 4.69813560e-04 2.44280876e-04
  2.98162602e-04 4.24327227e-05 2.38196353e-05 9.21710671e-06
  8.74016259e-05 6.52808967e-06]
 [1.26693296e-04 3.26321344e-03 1.15031806e-04 2.30838836e-04
  8.38996377e-04 1.62359036e-04 2.79323217e-06 1.54374106e-06
  7.52346432e-06 6.46750459e-06]
 [1.71723601e-04 1.59034168e-03 1.66077458e-04 2.96333601e-04
  4.58227696e-05 5.05777316e-05 4.72886168e-05 3.28379792e-05
  1.67785824e-04 6.21188656e-06]
 [9.20212988e-05 1.06499635e-03 4.84967495e-05 5.43332135e-05
  2.00997689e-03 4.58881332e-05 8.64859885e-06 3.71156711e-05
  1.90300809e-04 1.06402613e-05]
 [1.21738507e-04 4.18028049e-03 2.00411727e-04 1.83629498e-04
  4.74950939e-04 1.90161954e-05 8.10991537e-07 1.54512491e-05
  2.63411239e-05 1.26689812e-07]
 [3.58347461e-05 3.12989648e-03 1.08809189e-04 1.73602257e-05
  3.29407834e-04 4.05845785e-05 1.12491989e-05 1.91473773e-05
  5.45753574e-05 1.23590398e-05]
 [1.15960602e-05 4.86662379e-03 3.29228089e-04 1.18306802e-04
  9.44238491e-06 5.83355541e-05 3.75577547e-05 2.61782607e-05
  5.41613517e-05 4.13588077e-06]
 [8.03336661e-05 1.20169803e-04 3.08741030e-04 8.60490909e-05
  6.05477944e-05 9.75038711e-05 3.67266730e-05 2.35582520e-05
  5.07334771e-05 1.84790970e-05]
 [2.17477907e-04 1.88923860e-03 1.69016537e-04 2.05848788e-04
  1.83785916e-04 4.50884945e-05 1.54814115e-05 6.61427748e-06
  7.19004966e-05 1.23181517e-05]
 [4.42618730e-05 1.40987150e-03 1.63115721e-04 2.87915464e-05
  7.14984839e-04 4.81545831e-05 4.07314064e-06 6.35903780e-06
  5.92536235e-05 4.45367550e-06]
 [4.16443334e-04 6.37757825e-03 5.66463394e-04 1.67792023e-04
  3.76460011e-05 6.73685863e-05 1.35518876e-05 6.91746573e-06
  3.88097724e-05 3.26985901e-06]
 [1.82030664e-04 4.42976416e-05 2.23001072e-04 2.66911575e-05
  9.62753431e-04 3.49134352e-05 3.66800168e-06 2.76436385e-05
  3.30560317e-04 1.35143819e-05]
 [1.06877327e-04 2.19903374e-03 2.76778243e-04 1.68549450e-05
  8.23992246e-04 1.26579966e-04 6.69228393e-06 1.64776720e-05
  2.04340002e-04 1.41616638e-05]
 [6.92855829e-05 4.05988330e-03 1.02710408e-04 3.37275997e-05
  4.48105129e-04 5.88342191e-05 2.91624110e-05 1.75788227e-06
  5.43250644e-05 3.02900759e-07]
 [1.41077573e-04 3.26890906e-04 2.20811678e-04 3.23829241e-04
  3.66798346e-03 4.42397431e-05 3.17506851e-06 9.77607306e-06
  3.36863814e-05 7.88197940e-06]
 [2.11083287e-04 4.17981343e-03 3.05350841e-04 1.84589226e-06
  1.99962058e-04 5.58456304e-05 1.27813910e-05 3.23385466e-05
  1.82669552e-04 1.60565141e-05]
 [1.18937198e-04 1.83817837e-03 1.78487229e-04 1.67422550e-05
  1.40280943e-04 8.28272823e-05 2.31615031e-05 1.68096012e-05
  3.26898007e-04 1.65860854e-06]
 [2.11794977e-04 4.18794341e-04 2.07150242e-05 4.29748179e-04
  2.60603987e-03 1.90059018e-05 1.94867916e-05 2.89319669e-05
  3.21354601e-05 3.23975542e-06]
 [8.13212391e-05 4.03115479e-03 2.33814688e-04 1.43075478e-04
  4.28523577e-04 1.29606153e-04 1.39716340e-05 8.10938036e-06
  2.83625377e-05 5.00450199e-07]
 [1.90676801e-04 4.42574546e-03 2.28874036e-04 3.11900018e-04
  1.50805514e-03 4.65970079e-05 3.61576203e-05 1.90766218e-06
  2.63959257e-04 1.03733182e-05]
 [2.56751664e-04 5.09751076e-03 1.61071599e-04 1.10325709e-04
  6.66872889e-04 2.04402804e-05 9.69587109e-06 2.20082748e-05
  1.12415410e-05 1.50156757e-06]
 [7.05555576e-05 2.47418910e-04 1.32434739e-04 1.93062166e-04
  2.11493403e-04 5.03015035e-05 3.85817975e-06 9.20799084e-06
  1.03883300e-04 1.90532501e-06]
 [2.05905642e-04 1.68472252e-04 8.01812712e-05 1.92917705e-05
  8.95973295e-04 3.76960670e-05 9.90168132e-07 1.97988902e-05
  2.28079574e-04 2.55741702e-06]
 [4.90577549e-05 2.86604953e-03 2.58763233e-04 1.75217690e-04
  2.14036857e-03 8.08281548e-05 2.56862495e-05 1.26637433e-05
  2.77276371e-07 1.07226306e-05]
 [1.13810522e-04 6.63991272e-03 4.91389481e-04 3.82186317e-06
  5.50105411e-04 8.43125308e-05 1.06619655e-05 1.40878083e-05
  3.54861986e-04 1.09846787e-05]
 [1.84720950e-04 1.97437289e-03 1.61137737e-04 3.76768839e-05
  1.31455035e-05 4.68037688e-05 4.22761468e-06 2.97071656e-05
  4.71498497e-05 1.70985425e-06]
 [2.29477926e-04 3.08360695e-03 4.04423154e-05 2.26548771e-04
  3.74471466e-03 4.55270019e-05 2.79067990e-05 1.62320321e-05
  8.41516157e-05 1.58893579e-06]
 [6.14614182e-05 3.18777584e-03 1.09309382e-04 1.71752152e-04
  1.52475390e-04 6.32756492e-05 1.12788621e-05 1.42635236e-05
  3.99724886e-05 6.21793035e-08]
 [1.50346139e-04 4.76024300e-03 1.01807906e-04 7.98015972e-05
  1.40050424e-05 1.17404205e-04 5.42083289e-05 1.49894422e-05
  2.51150050e-04 1.57162594e-06]
 [4.75303968e-05 3.68998991e-03 3.37203033e-04 2.38390930e-04
  7.46421108e-04 2.85760489e-05 5.85818198e-05 5.04373838e-06
  3.24551598e-04 3.89758452e-06]
 [1.25288221e-04 4.74206405e-03 2.65448780e-05 1.26690255e-04
  1.58817158e-04 7.61862393e-05 5.27738339e-05 1.44368769e-05
  4.08359105e-04 1.94161748e-06]
 [8.30743011e-05 6.56575384e-03 2.80927488e-04 4.15462302e-04
  7.47592348e-05 1.49127918e-05 4.69491424e-05 2.67558644e-05
  1.54421738e-04 1.41959288e-06]
 [1.99004571e-04 1.37499522e-03 4.85547425e-05 2.96078884e-04
  1.22376790e-04 6.73062532e-05 4.62159369e-06 4.37087465e-06
  4.15759161e-04 2.35118532e-05]
 [2.09753183e-04 2.49921868e-04 1.75103938e-04 2.82792927e-04
  3.84655374e-04 8.06935350e-05 9.54240113e-06 3.52664647e-05
  7.49573592e-05 1.00118750e-05]
 [1.56763010e-04 2.30110646e-03 4.30543150e-05 1.19640477e-04
  3.71766655e-04 1.15367611e-05 3.27544581e-06 1.97938934e-05
  9.96176896e-05 1.97545796e-05]
 [2.90681255e-05 4.16449708e-04 1.12066977e-04 1.56094058e-04
  8.63007619e-04 1.19955057e-05 2.53920971e-05 1.83748434e-05
  2.43656905e-04 1.35968082e-06]
 [1.82886884e-04 5.32062491e-03 2.09318445e-04 3.23467655e-04
  8.97244681e-05 8.49767239e-05 4.59255134e-05 1.43272064e-06
  1.72664484e-04 1.43989610e-05]
 [1.90614162e-06 2.85351230e-03 2.73631395e-05 6.36497061e-05
  7.15401038e-05 5.92831530e-05 8.95153062e-06 6.25973780e-06
  1.98548936e-04 4.11863721e-06]
 [1.41831260e-04 2.36671092e-03 4.17789823e-04 1.97107918e-04
  4.20132448e-04 1.06205174e-04 2.73280402e-05 1.30171720e-05
  2.85282033e-04 2.59479020e-06]
 [5.00093120e-05 4.98135667e-03 1.96226407e-04 2.22805233e-04
  7.96523673e-05 6.56843768e-05 5.51805715e-06 9.41041890e-07
  5.67965799e-05 4.30163368e-07]
 [1.72777276e-04 6.38228096e-03 1.40480726e-04 8.68714342e-05
  7.14940019e-04 6.80436933e-05 1.50844771e-05 6.76791205e-06
  1.13427464e-04 1.97126501e-05]
 [3.21694861e-05 5.33642573e-03 1.34132453e-04 3.74325144e-04
  1.86086993e-03 3.79845551e-05 2.00732375e-05 7.25840380e-07
  1.78802384e-05 1.41703122e-05]]
[[4.47644823e-07 6.17799305e-05 4.06514555e-05 7.74210348e-05
  3.13277211e-04 2.80895256e-05 1.06205343e-05 3.32922609e-05
  9.79510442e-05 2.63024208e-06]
 [2.35469834e-05 8.52861383e-04 8.92955268e-06 2.96655810e-04
  6.02996915e-05 6.93246989e-08 1.33113554e-06 9.59853332e-06
  5.34194551e-05 5.98535280e-07]
 [4.31376866e-05 1.33955664e-05 9.53776107e-05 4.75507804e-05
  1.58135270e-04 3.06083007e-06 1.21493741e-07 8.59307026e-09
  5.26940712e-05 3.23789834e-07]
 [3.79719895e-05 1.74897828e-03 3.83953338e-05 4.76465630e-06
  7.33481138e-05 2.23679395e-04 1.19958640e-05 2.36387632e-06
  1.22481033e-05 6.65179323e-06]
 [9.33909541e-05 2.42622133e-04 3.96637952e-05 9.03871114e-05
  1.69501436e-04 1.59215469e-05 2.23036732e-05 2.96566395e-06
  1.61743901e-05 1.62052544e-07]
 [8.44947572e-05 2.99442443e-04 2.68031926e-07 8.40482926e-07
  1.42030185e-05 2.64058775e-09 4.51819293e-09 5.33656203e-06
  1.52753331e-04 2.69339603e-06]
 [1.97860834e-04 5.05446270e-03 1.71779484e-05 4.59026196e-04
  1.11290865e-04 2.07838684e-06 8.31777743e-06 6.29128226e-06
  1.27758658e-05 3.91554795e-06]
 [2.51706956e-06 2.27437427e-04 1.75502966e-04 2.02869578e-05
  1.82134772e-06 3.48240392e-09 3.13461760e-06 7.73223110e-06
  1.96020919e-05 9.47076444e-08]
 [2.48590914e-05 6.22597814e-04 3.35584919e-05 9.50408958e-06
  3.16917176e-05 1.60687196e-05 1.02426452e-06 5.89439310e-07
  1.38375821e-04 3.58000051e-07]
 [2.53901944e-05 1.57187798e-03 9.76003065e-08 1.79010257e-07
  3.41508101e-04 3.16745027e-05 1.07091737e-05 8.10681922e-06
  5.78508225e-05 3.35472761e-10]
 [3.84857303e-05 3.28199542e-03 4.06045838e-05 2.22637464e-05
  1.52935711e-04 2.05006727e-04 2.02675346e-05 6.23862570e-06
  6.48609930e-05 3.90403920e-06]
 [3.09625611e-05 2.17215081e-08 3.00406282e-05 1.05703157e-06
  1.99724876e-04 4.83607619e-05 2.45663623e-09 2.01582998e-06
  6.70297159e-05 4.61208538e-09]
 [7.07752406e-06 2.36874656e-03 3.73850671e-05 8.31896687e-05
  9.11903626e-04 1.79831420e-06 1.08650223e-04 2.23420875e-06
  5.36248190e-05 4.99724683e-06]
 [8.29144119e-05 2.96676927e-03 8.21051060e-07 2.12095565e-05
  4.13755552e-05 7.41420536e-06 5.11925293e-08 2.49272762e-06
  2.73962323e-05 4.39519624e-07]
 [4.59858893e-06 1.81528139e-05 7.84152726e-05 1.58297025e-05
  5.03604679e-05 6.85154155e-05 1.70910766e-06 5.26463737e-06
  7.15952879e-08 6.00602561e-07]
 [3.73672920e-05 7.33409761e-05 3.67322828e-05 1.36416793e-05
  2.41529167e-04 1.79756189e-05 1.15755129e-05 5.82871553e-06
  3.41564810e-05 1.30839521e-06]
 [2.40665177e-05 1.75314053e-04 4.75974775e-06 2.03280663e-07
  4.07123967e-04 1.62428933e-05 3.26746090e-07 3.24066356e-08
  5.22496748e-06 5.40302779e-07]
 [2.54795225e-07 9.20603634e-04 3.68086575e-08 1.69763462e-06
  3.00922911e-05 2.83769987e-06 1.03916263e-05 6.58185340e-10
  4.89369959e-05 1.84761987e-07]
 [1.87022761e-05 2.78878633e-05 9.19489175e-05 5.45935218e-05
  1.73563691e-04 1.00373190e-05 7.10376617e-06 2.53201108e-07
  2.21403340e-07 1.69743612e-06]
 [2.89607797e-05 7.59866030e-04 3.17660160e-04 1.91408321e-06
  2.34810883e-04 3.61181483e-05 1.21658289e-07 1.55411453e-06
  1.42842055e-06 1.78626544e-06]
 [5.13049017e-05 9.30803617e-06 5.66997016e-07 6.71555244e-05
  2.18137728e-07 1.61514472e-05 1.20057248e-05 3.13307683e-05
  3.98417178e-05 2.97519716e-08]
 [2.29517664e-05 6.13216253e-05 1.06229063e-05 3.53756768e-05
  4.85750556e-04 1.52505190e-05 9.18317767e-07 3.64192238e-05
  3.92169859e-05 2.59947592e-06]
 [2.63717830e-05 3.10713563e-06 2.45783156e-07 3.83730403e-05
  1.16672588e-07 1.26103459e-05 1.80057398e-07 2.60917659e-06
  2.95022210e-06 7.89317127e-08]
 [9.03773071e-06 4.13452035e-05 4.20850920e-05 5.02700232e-06
  1.71637046e-03 1.27992680e-05 2.76127389e-06 1.24032194e-05
  4.42290329e-05 2.89758009e-06]
 [1.68684019e-05 1.58520543e-03 7.04087797e-05 3.35890327e-05
  3.88354129e-05 1.41122664e-05 6.58441138e-07 6.67489167e-06
  8.30221907e-05 1.79436529e-06]
 [8.49831849e-05 2.99968651e-05 3.24876979e-04 2.05823014e-07
  1.59557694e-05 8.73783065e-05 1.94715540e-05 1.24606668e-05
  1.09444882e-05 4.47048514e-08]
 [4.74667249e-05 4.06714040e-04 3.51532071e-05 4.58988288e-05
  8.82988570e-06 1.01004625e-05 2.81496068e-06 5.24423314e-08
  2.31128779e-05 3.38348877e-06]
 [4.82223697e-07 4.04665101e-04 4.09264576e-05 5.63185586e-06
  7.14618977e-08 1.76607628e-05 4.63319383e-10 1.33101930e-05
  1.30157077e-05 9.02518025e-07]
 [7.56701411e-05 1.58916297e-03 1.18956545e-04 2.49083241e-04
  1.72832461e-05 2.32669493e-07 2.84273051e-06 1.62726462e-06
  7.13607005e-06 9.04233445e-07]
 [2.83504733e-06 7.52183187e-05 1.87049537e-07 7.00618648e-06
  2.44083305e-04 8.02864463e-07 1.34666016e-06 2.73040257e-09
  3.97836091e-04 3.69680447e-06]
 [1.88300066e-04 6.26057503e-04 6.59861616e-05 5.78664094e-06
  2.02430951e-04 4.01677316e-05 1.04053557e-04 4.89950025e-06
  4.60690680e-05 3.27843895e-06]
 [4.23354686e-05 1.15089025e-03 7.27461083e-05 1.19390288e-05
  1.12858244e-04 2.31722333e-05 4.70130635e-06 3.69488873e-07
  2.52206344e-04 1.76753439e-08]
 [1.07987260e-04 3.37627881e-08 5.10312238e-05 2.67227908e-04
  1.05040113e-03 1.38786827e-05 1.05614674e-06 1.95167486e-05
  7.59128079e-06 1.62843719e-06]
 [9.32513722e-05 1.27784454e-03 6.09912495e-05 5.36392804e-07
  9.42382030e-08 1.57271497e-05 1.36001188e-06 8.04772571e-06
  5.28188320e-05 3.83818724e-06]
 [3.08236122e-05 4.50710679e-04 4.56097769e-05 4.33631129e-07
  3.89991328e-05 3.74502779e-05 5.86568240e-06 4.35907346e-08
  6.72437745e-05 1.64064942e-10]
 [5.18276102e-05 4.33672312e-06 1.29366590e-05 1.01661433e-04
  8.63682601e-07 6.53265524e-05 3.94056272e-08 6.30978047e-06
  2.35588177e-05 7.51170660e-07]
 [1.77249785e-05 2.87967880e-04 5.15360036e-04 6.57364581e-07
  7.18732338e-07 2.77546969e-05 2.74413901e-06 2.01750572e-06
  1.09169341e-05 2.02524348e-06]
 [1.90310967e-08 1.13508326e-03 3.62761130e-05 3.17585673e-08
  5.17780427e-04 9.57997054e-06 9.69931335e-09 4.75398679e-07
  1.69772629e-05 5.93841094e-07]
 [6.97511132e-05 1.24114344e-03 4.61709351e-05 2.93947087e-05
  7.18981497e-08 5.03632327e-06 5.27846566e-07 2.22031478e-08
  6.35599417e-06 3.07336478e-07]
 [3.40495637e-04 2.55011994e-08 5.95622951e-05 5.39624416e-05
  8.83108805e-06 1.20910663e-05 1.18206822e-06 2.16090621e-06
  2.18937530e-05 1.33687816e-09]
 [2.76040254e-07 5.35803009e-03 3.52616298e-05 1.16088107e-04
  1.99528149e-04 8.77593448e-06 3.66954955e-05 4.75185880e-06
  4.58879040e-05 7.36160359e-07]
 [1.15945149e-05 1.07029268e-06 9.28398513e-05 4.00546851e-05
  7.07516389e-04 1.70138974e-05 5.67179586e-06 3.19622154e-06
  5.12010418e-04 5.77875703e-08]
 [3.88075678e-05 1.49677659e-03 3.96370451e-04 8.11981636e-07
  1.79616996e-04 4.62640855e-05 1.06520837e-09 3.59078649e-06
  1.39506286e-04 1.31060756e-06]
 [1.78614492e-08 4.43263125e-04 1.88973907e-04 7.77796959e-06
  4.60016918e-06 3.65365658e-08 1.37114284e-05 5.53962082e-06
  1.41866449e-05 1.20665732e-06]
 [7.50479157e-05 7.40665942e-04 8.79949584e-06 5.56872374e-06
  3.80327874e-05 3.60844552e-07 2.80202150e-09 3.48039771e-06
  2.64480168e-05 4.06159955e-07]
 [1.24178696e-05 7.46901613e-04 2.22183044e-05 3.80458441e-05
  6.59700902e-07 2.01188868e-05 1.65164454e-06 1.07293579e-06
  1.07083342e-05 5.90986531e-08]
 [2.56695216e-06 4.79166033e-07 2.58049913e-05 1.82651729e-05
  4.66167103e-06 1.54940630e-04 9.24194319e-06 4.84668544e-06
  5.98784645e-05 3.25898952e-07]
 [9.95676164e-05 3.65407374e-07 3.82218277e-04 2.40429223e-08
  2.10962040e-04 3.68098372e-05 1.33742269e-05 1.56087899e-05
  5.03943411e-05 1.58249441e-06]
 [3.20300242e-05 2.09515565e-03 8.37011521e-06 4.18195443e-04
  2.43561090e-07 3.10083160e-05 3.13412585e-07 3.38160248e-06
  9.37582154e-05 6.85182158e-07]
 [2.14008451e-05 1.98111820e-06 7.12787150e-05 1.26289335e-04
  2.05016695e-05 2.71961138e-08 1.92969419e-05 2.72140732e-09
  3.78188779e-05 1.41524348e-10]
 [5.09161036e-05 1.91226238e-04 3.45091848e-08 8.62353700e-05
  1.06163270e-05 7.89807686e-09 1.48386721e-06 1.54121517e-06
  7.86750679e-05 6.12151325e-06]
 [8.44121168e-05 5.74960932e-03 3.89686211e-05 2.83864185e-08
  2.89004305e-07 1.88610447e-05 2.58771956e-06 1.23657701e-05
  2.34424097e-05 9.54413881e-09]
 [7.19867967e-05 8.33087228e-03 6.55644726e-07 8.13584775e-04
  1.09230685e-04 8.49911612e-06 7.32563535e-07 4.64271488e-06
  2.54631686e-05 5.34570199e-06]
 [4.18734504e-04 1.29931286e-04 6.47023553e-05 4.15888244e-05
  2.94661848e-04 5.61928815e-09 6.71650059e-06 1.05463629e-08
  3.29515132e-07 3.05755975e-07]
 [3.73426919e-05 1.10586022e-03 7.09319938e-05 1.54816377e-07
  4.93531988e-04 4.53939356e-06 1.37003753e-05 9.17509908e-07
  4.95007007e-05 3.37203141e-06]
 [2.36119590e-07 1.13259710e-03 7.12829615e-06 1.31412946e-07
  1.85210392e-05 8.31341822e-05 2.34234540e-06 2.97139763e-06
  1.83325508e-04 1.12516568e-06]
 [6.94769842e-05 8.25535040e-03 9.06241912e-05 4.66960373e-05
  3.52293432e-06 3.77513716e-05 6.19461343e-06 6.85188262e-09
  5.96502978e-05 1.21300764e-05]
 [7.93779748e-07 1.05261616e-03 2.05487231e-04 5.07065670e-05
  3.36498402e-08 1.71665688e-05 1.47658830e-06 5.37410742e-05
  3.00118059e-04 9.92146383e-08]
 [9.18060759e-05 2.29055388e-03 2.24982243e-04 7.51078971e-07
  1.97410831e-04 1.84566979e-05 5.03893671e-06 1.70285387e-06
  2.93045032e-05 4.34912272e-06]
 [6.80075709e-06 4.03229096e-05 2.49625533e-04 7.60082476e-05
  5.34258201e-04 9.24877077e-06 5.17409717e-06 4.51775413e-05
  1.23255377e-05 3.28207034e-06]]
[[6.9406211e-05 3.2248598e-02 5.8219436e-04 1.2417728e-03 2.4787314e-02
  8.6175998e-05 4.9967515e-05 8.7282991e-05 1.4380814e-03 1.7145122e-04]]
[[3.7835303e-08 6.4696292e-06 1.5745006e-07 1.5399418e-07 1.4029573e-06
  8.6141362e-08 7.3742584e-08 3.9519769e-08 8.0067096e-08 1.0380535e-07]]
