

config:

HOME=/clusterFS/home/student/kopp13
PATH=/clusterFS/home/student/kopp13/miniconda3/envs/tensorflow/bin:/clusterFS/home/student/kopp13/miniconda3/bin:/clusterFS/home/student/kopp13/bin:/usr/local/bin:/usr/bin:/bin:/usr/local/games:/usr/games
LD_LIBRARY_PATH=
THEANO_FLAGS=floatX=float32,gpuarray.preallocate=0.9,dnn.library_path=/usr/lib/x86_64-linux-gnu,cxx=clang++-3.8,device=cuda,base_compiledir=/tmp/tmp.GFoBazmDtw

=============================
CONFIG FILE

RNN CONFIG
{'data_multiplier': 1000.0,
 'gradient_clip_value': 0.5,
 'layer_configs': [{'layer_type': 'input'},
                   {'bc': {'init_m': 'xavier',
                           'init_v': -4.5,
                           'prior_m': 0.0,
                           'prior_v': 0.0,
                           'type': 'continuous'},
                    'bf': {'init_m': 'xavier',
                           'init_v': -4.5,
                           'prior_m': 0.0,
                           'prior_v': 0.0,
                           'type': 'continuous'},
                    'bi': {'init_m': 'xavier',
                           'init_v': -4.5,
                           'prior_m': 0.0,
                           'prior_v': 0.0,
                           'type': 'continuous'},
                    'bo': {'init_m': 'xavier',
                           'init_v': -4.5,
                           'prior_m': 0.0,
                           'prior_v': 0.0,
                           'type': 'continuous'},
                    'discrete_act': False,
                    'init_config': {'c': {'b': 'all_zero', 'w': 'xavier'},
                                    'f': {'b': 'all_one', 'w': 'all_zero'},
                                    'i': {'b': 'all_zero', 'w': 'xavier'},
                                    'o': {'b': 'all_zero', 'w': 'xavier'}},
                    'is_output': False,
                    'is_recurrent': True,
                    'layer_type': 'lstm',
                    'tau': 0.5,
                    'var_scope': 'lstm_0',
                    'wc': {'p0max': 0.95,
                           'p0min': 0.05,
                           'pmax': 0.99,
                           'pmin': 0.01,
                           'priors': [0.2, 0.6, 0.2],
                           'type': 'ternary'},
                    'wf': {'p0max': 0.95,
                           'p0min': 0.05,
                           'pmax': 0.99,
                           'pmin': 0.01,
                           'priors': [0.2, 0.6, 0.2],
                           'type': 'ternary'},
                    'wi': {'p0max': 0.95,
                           'p0min': 0.05,
                           'pmax': 0.99,
                           'pmin': 0.01,
                           'priors': [0.2, 0.6, 0.2],
                           'type': 'ternary'},
                    'wo': {'p0max': 0.95,
                           'p0min': 0.05,
                           'pmax': 0.99,
                           'pmin': 0.01,
                           'priors': [0.2, 0.6, 0.2],
                           'type': 'ternary'}},
                   {'bc': {'init_m': 'xavier',
                           'init_v': -4.5,
                           'prior_m': 0.0,
                           'prior_v': 0.0,
                           'type': 'continuous'},
                    'bf': {'init_m': 'xavier',
                           'init_v': -4.5,
                           'prior_m': 0.0,
                           'prior_v': 0.0,
                           'type': 'continuous'},
                    'bi': {'init_m': 'xavier',
                           'init_v': -4.5,
                           'prior_m': 0.0,
                           'prior_v': 0.0,
                           'type': 'continuous'},
                    'bo': {'init_m': 'xavier',
                           'init_v': -4.5,
                           'prior_m': 0.0,
                           'prior_v': 0.0,
                           'type': 'continuous'},
                    'discrete_act': False,
                    'init_config': {'c': {'b': 'all_zero', 'w': 'xavier'},
                                    'f': {'b': 'all_one', 'w': 'all_zero'},
                                    'i': {'b': 'all_zero', 'w': 'xavier'},
                                    'o': {'b': 'all_zero', 'w': 'xavier'}},
                    'is_output': False,
                    'is_recurrent': True,
                    'layer_type': 'lstm',
                    'tau': 0.5,
                    'var_scope': 'lstm_1',
                    'wc': {'p0max': 0.95,
                           'p0min': 0.05,
                           'pmax': 0.99,
                           'pmin': 0.01,
                           'priors': [0.2, 0.6, 0.2],
                           'type': 'ternary'},
                    'wf': {'p0max': 0.95,
                           'p0min': 0.05,
                           'pmax': 0.99,
                           'pmin': 0.01,
                           'priors': [0.2, 0.6, 0.2],
                           'type': 'ternary'},
                    'wi': {'p0max': 0.95,
                           'p0min': 0.05,
                           'pmax': 0.99,
                           'pmin': 0.01,
                           'priors': [0.2, 0.6, 0.2],
                           'type': 'ternary'},
                    'wo': {'p0max': 0.95,
                           'p0min': 0.05,
                           'pmax': 0.99,
                           'pmin': 0.01,
                           'priors': [0.2, 0.6, 0.2],
                           'type': 'ternary'}},
                   {'b': {'init_m': 'xavier',
                          'init_v': -4.5,
                          'prior_m': 0.0,
                          'prior_v': 0.0,
                          'type': 'continuous'},
                    'is_output': True,
                    'is_recurrent': False,
                    'layer_type': 'fc',
                    'regularization': {'mode': None, 'strength': 0.02},
                    'tau': 0.5,
                    'var_scope': 'output_layer',
                    'w': {'p0max': 0.95,
                          'p0min': 0.05,
                          'pmax': 0.99,
                          'pmin': 0.01,
                          'priors': [0.2, 0.6, 0.2],
                          'type': 'ternary'}}],
 'layout': [4, 60, 60, 10],
 'output_type': 'classification'}

DATA CONFIG
{'dataset': 'red_penstroke',
 'tr': {'in_seq_len': 30,
        'minibatch_enabled': True,
        'minibatch_size': 200,
        'out_seq_len': 5,
        'zero_padding': 20},
 'va': {'in_seq_len': 30,
        'minibatch_enabled': True,
        'minibatch_size': 200,
        'out_seq_len': 5,
        'zero_padding': 20}}

TRAINING CONFIG
{'beta_reg': 0.0,
 'is_pretrain': False,
 'learning_rate': 0.002,
 'mode': {'max_epochs': 0, 'min_error': 0.0, 'name': 'classic'},
 'task_id': 8,
 'type': 'l_sampling',
 'var_reg': 0.0}
==============================


[[7.1332828e-08 1.3321395e-08 7.8537731e-08 ... 1.9578657e-07
  2.1460248e-06 9.3912583e-08]
 [1.0201626e-07 2.1690534e-08 2.9278118e-08 ... 4.4142431e-07
  6.4180358e-06 2.9999892e-08]
 [1.7440189e-09 2.0058331e-09 1.4128576e-09 ... 2.9678593e-09
  1.6589615e-08 1.1831698e-10]
 ...
 [5.5095355e-09 2.3995528e-10 4.3757390e-11 ... 5.1774434e-09
  1.8853410e-08 1.7705053e-10]
 [6.0249132e-11 4.8547093e-11 1.8022523e-11 ... 8.2101081e-09
  2.7296591e-07 1.8500623e-11]
 [1.6660033e-10 5.9585573e-11 2.3793403e-11 ... 2.1680945e-08
  2.1723601e-09 1.1326815e-10]]
[[1.2204176e-08 2.0770983e-09 3.4092713e-12 ... 7.0263717e-08
  2.0693800e-07 1.1361531e-11]
 [1.3148309e-08 7.5805771e-09 8.7233785e-09 ... 1.4179446e-07
  1.6771987e-09 5.8142327e-09]
 [1.2873803e-13 9.2498519e-14 4.1634373e-14 ... 1.1058763e-12
  5.6415952e-09 2.1468534e-13]
 ...
 [1.0829341e-09 9.5571084e-10 5.3035587e-10 ... 2.5089001e-08
  2.8179315e-08 8.0449275e-10]
 [4.0085760e-10 2.5827165e-10 9.1351406e-11 ... 3.6476156e-12
  1.2792836e-10 1.3420355e-10]
 [1.1013452e-09 6.5148970e-10 1.3455136e-10 ... 2.6154945e-09
  9.9714583e-09 1.4539079e-09]]
[[3.39431426e-05 5.62554851e-06 7.44979161e-06 2.31945451e-04
  8.25662119e-06 4.63643664e-06 2.57117645e-05 4.89951053e-04
  8.56135957e-05 5.37088999e-06 1.05299896e-05 5.29982799e-07
  2.34408890e-05 1.69985233e-05 7.33201841e-06 2.03378615e-04
  2.20189049e-05 1.30134067e-05 4.53699176e-05 1.14671799e-04
  4.94230881e-05 1.08974791e-06 9.00895684e-05 3.04667046e-05
  2.69566067e-06 2.21948594e-05 1.05640669e-04 1.41475575e-05
  5.26951135e-06 2.00940340e-04 4.98102512e-04 5.92749845e-03
  2.41350190e-05 1.02825584e-06 2.52633527e-05 4.46257900e-06
  3.22535576e-04 6.93041102e-06 1.00651849e-03 3.92499760e-06
  2.89711043e-05 1.24353901e-04 1.19559900e-06 1.71142819e-05
  4.14637441e-07 4.14633723e-05 5.41268018e-05 3.22687220e-06
  2.06631783e-04 3.27801099e-04 1.28119005e-04 8.78164064e-05
  1.41120458e-04 1.19415961e-06 4.45543876e-04 2.61579862e-06
  4.48855862e-05 1.36051982e-04 1.82836270e-03 1.86969282e-05]]
[[9.21177370e-11 1.14551049e-10 1.06154373e-11 6.26182231e-11
  4.37326841e-11 8.43077413e-11 6.92064184e-11 3.54273916e-10
  1.08753874e-10 6.86669124e-11 3.77555149e-12 1.06491005e-11
  2.11798929e-11 2.36693668e-11 1.97793500e-11 8.69064473e-11
  3.65288327e-10 1.95513661e-10 2.66411782e-10 1.10386396e-11
  1.42784092e-11 9.15981353e-12 1.95442051e-10 8.68719374e-10
  4.91126202e-11 8.11091749e-11 2.28498581e-10 6.57623234e-10
  9.99806904e-11 3.84573928e-10 5.75782234e-11 2.04145256e-09
  4.06406540e-11 5.10007175e-11 1.38974552e-11 3.74176301e-10
  1.74380205e-10 2.79922838e-11 5.97796035e-09 2.88427823e-11
  2.95787811e-10 3.30142608e-10 5.39037218e-12 3.07552629e-11
  2.60855291e-12 1.80998150e-11 2.38692094e-10 2.14690227e-11
  1.27661756e-10 3.06158626e-10 6.55210539e-11 5.19929155e-10
  1.78164136e-10 7.32083925e-12 2.77554091e-10 4.40991341e-11
  6.43312237e-10 3.62812752e-10 3.27661426e-10 4.34094115e-11]]
[[5.29745876e-07 7.09517224e-07 5.67258439e-07 ... 1.58654041e-06
  5.14631256e-06 7.30684576e-07]
 [2.32418614e-07 1.64550599e-07 2.23096819e-07 ... 1.49991217e-06
  8.40329722e-06 7.64737138e-07]
 [3.00723030e-10 6.16399543e-10 1.23168435e-08 ... 3.79088005e-09
  7.00596985e-08 2.41481390e-09]
 ...
 [1.48065182e-09 1.03483766e-09 5.86673987e-10 ... 7.81059484e-09
  3.17551354e-08 1.50857868e-08]
 [2.18294341e-10 1.17056698e-10 2.23151098e-09 ... 1.15052181e-08
  1.51525512e-07 3.45339113e-09]
 [9.68586811e-09 2.54394783e-10 1.73460871e-10 ... 1.61861742e-08
  5.69440983e-09 1.04265361e-08]]
[[8.38422949e-08 1.35955133e-07 1.81530595e-07 ... 1.43917669e-06
  9.97530947e-07 1.97615620e-07]
 [5.29636992e-08 7.58587717e-08 9.92330200e-08 ... 3.27983003e-07
  2.16512341e-09 1.34089087e-10]
 [1.27366645e-10 1.11541256e-13 1.26091493e-09 ... 5.21090449e-10
  3.15674207e-08 8.37247383e-10]
 ...
 [1.49814772e-09 4.76309570e-09 7.81096432e-09 ... 9.39226208e-09
  2.51340140e-07 2.58847899e-09]
 [9.69590186e-10 5.62798197e-10 2.61305033e-10 ... 1.34853062e-09
  2.09348396e-08 4.12828688e-10]
 [4.30874694e-12 9.54753721e-10 1.33893985e-09 ... 7.26380197e-12
  3.21469251e-08 4.52345800e-12]]
[[1.68027938e-04 5.55603583e-05 8.06685930e-05 3.43788386e-04
  6.46896515e-05 7.37021910e-05 2.44556461e-03 2.06966395e-03
  3.13434139e-04 1.91082232e-04 6.87820866e-05 6.83230101e-05
  1.65817037e-04 4.75672568e-04 2.25965210e-04 1.09971082e-03
  2.33348808e-04 6.85340274e-05 1.10832523e-04 3.00531799e-04
  4.05407554e-05 4.07019397e-05 3.86448548e-04 8.41982692e-05
  1.26723928e-04 1.77400128e-04 4.51421511e-04 5.10971950e-05
  3.48168651e-05 6.26765133e-04 1.42487010e-03 1.09571218e-02
  1.98303605e-04 3.00315405e-05 2.16377259e-04 7.91402927e-05
  2.38776975e-03 5.49827419e-05 8.38547654e-04 7.57648741e-05
  2.18044501e-04 4.45451224e-05 7.29783642e-05 1.11226786e-04
  4.24453065e-05 1.86244157e-04 3.40214930e-04 5.17145854e-05
  1.03520520e-04 1.22975907e-03 4.31345426e-04 2.33355808e-04
  3.38547485e-04 6.37669218e-05 2.02069874e-04 1.70229541e-05
  1.02531965e-04 3.19593208e-04 1.31278369e-03 3.36756493e-04]]
[[1.5329486e-10 7.0019418e-10 1.0465190e-10 1.6124205e-10 2.1003439e-10
  2.6970942e-10 1.9059133e-10 6.5206013e-10 2.1282211e-10 5.8302485e-10
  2.5810810e-11 4.7181259e-10 7.2052926e-11 2.4391025e-10 2.8218733e-10
  1.9922641e-09 1.3145858e-10 5.6192134e-10 4.4187223e-10 1.1196034e-10
  4.6628763e-11 8.6552231e-11 8.1594070e-10 4.1714224e-10 1.5827299e-10
  1.4225329e-10 3.2615360e-10 1.0495590e-09 5.8742879e-11 2.4290531e-10
  1.5528376e-10 5.7017246e-10 5.2066684e-10 5.0721854e-11 1.8537243e-10
  3.5362752e-10 1.9565628e-10 9.2768693e-10 7.1328436e-09 3.6031089e-10
  2.3090695e-10 3.0847383e-10 1.2122653e-10 1.2732064e-10 5.2699359e-11
  3.4710543e-10 2.4384257e-09 6.3289846e-11 8.3895946e-11 1.6304005e-09
  6.4906802e-10 5.4979821e-10 2.0123936e-10 1.8149218e-10 2.7043301e-10
  1.1726475e-10 6.3401273e-10 4.0226025e-10 3.2812886e-10 1.2690183e-09]]
[[5.1849820e-06 2.4241544e-06 8.4509156e-07 ... 3.2601260e-05
  1.2907795e-05 4.6067339e-07]
 [9.7768971e-06 1.4685365e-05 1.2117408e-06 ... 4.4453111e-05
  2.3668772e-05 4.9704857e-07]
 [7.1939560e-08 2.5570253e-07 8.9449442e-10 ... 1.7270021e-07
  3.2377648e-07 2.0441002e-09]
 ...
 [2.2626786e-08 3.0702432e-07 1.6182016e-09 ... 5.8650620e-08
  1.9190622e-07 1.8230674e-08]
 [1.8252486e-07 6.0732908e-09 3.8719236e-10 ... 1.5942126e-08
  3.0699020e-08 7.1561718e-10]
 [3.7786596e-09 1.5199205e-08 3.0967151e-08 ... 6.6393319e-08
  1.9664631e-08 1.1805256e-09]]
[[3.8190187e-06 8.4073326e-07 2.8746328e-07 ... 9.8688470e-06
  3.2659013e-06 1.4089629e-07]
 [2.6821522e-06 1.3763119e-05 9.0281219e-07 ... 3.7189951e-05
  1.1493726e-05 4.0066962e-07]
 [1.1553884e-08 2.2241460e-08 1.9831105e-10 ... 3.1263852e-08
  1.0442712e-10 7.1833606e-10]
 ...
 [1.7784751e-07 4.6090662e-08 1.0237369e-08 ... 2.4511019e-07
  2.1828818e-07 2.5366094e-09]
 [2.2469322e-08 6.9520596e-08 1.1955759e-08 ... 2.3346684e-07
  3.1626470e-07 4.2941188e-09]
 [5.1903282e-08 2.7438978e-07 4.1983443e-09 ... 1.0318003e-06
  2.3533414e-07 3.7236374e-09]]
[[0.00196087 0.01890873 0.00208473 0.01295872 0.00115073 0.0017299
  0.00513048 0.03994732 0.00147849 0.00281669 0.00129149 0.00937342
  0.00040536 0.00781252 0.00090176 0.02735539 0.04412181 0.00038167
  0.00206476 0.00042388 0.00377137 0.00213187 0.01381278 0.00555503
  0.00253111 0.00382172 0.00546222 0.00206867 0.00146548 0.00499253
  0.0010768  0.02488686 0.04999853 0.02645856 0.0003665  0.00037045
  0.01375224 0.00022648 0.04112513 0.02164711 0.0122782  0.00396237
  0.00099066 0.00030885 0.01146591 0.01463281 0.00059837 0.00342951
  0.01392349 0.0150952  0.0280796  0.00943647 0.01452812 0.00120834
  0.00923743 0.00038618 0.00409716 0.0771595  0.02940584 0.00125154]]
[[1.69006528e-11 8.29001701e-10 5.24392821e-11 2.10526568e-10
  1.17104784e-10 4.95660075e-11 7.37685607e-11 1.47894541e-09
  1.10840379e-10 1.40469303e-11 1.00679725e-11 1.16764265e-10
  1.01739742e-10 4.50396637e-10 1.00029693e-10 1.49664059e-09
  1.05831656e-10 9.95054594e-11 6.89557578e-10 2.91561892e-12
  2.13590576e-10 2.93340664e-11 6.81335321e-10 2.14719753e-09
  9.97829874e-11 1.98763454e-11 1.61582603e-09 3.94576238e-09
  8.16789036e-09 8.04814271e-10 1.29774594e-10 3.51237289e-10
  8.15275972e-11 2.80831441e-10 2.86993415e-11 2.01272776e-10
  2.06010786e-09 4.77344657e-11 2.86874102e-09 7.90825738e-10
  7.61776420e-10 4.18823282e-10 1.12643284e-10 1.82716516e-11
  1.48300844e-10 2.60080346e-10 2.01966041e-10 1.42316700e-10
  4.99138265e-11 2.72075779e-10 4.52834575e-10 8.30089952e-09
  2.09589859e-10 1.21699283e-11 1.65412597e-11 3.26255384e-10
  1.37853104e-10 2.95067443e-10 1.76621315e-10 1.88073737e-10]]
[[1.8705614e-07 8.8632356e-07 6.2933303e-08 ... 5.4073803e-07
  9.5023108e-07 3.1512158e-07]
 [7.5905263e-07 6.7970080e-07 2.7466527e-08 ... 2.3374997e-07
  9.9507145e-07 3.0041602e-07]
 [8.0522011e-10 1.1166253e-09 4.5320875e-10 ... 4.9161636e-10
  3.7609214e-09 1.5763341e-09]
 ...
 [1.9802557e-09 4.0579402e-09 2.7480204e-10 ... 5.4934135e-10
  2.6353863e-08 1.2023694e-09]
 [4.5346502e-10 8.6137825e-10 1.1479426e-09 ... 1.0390631e-09
  1.5873889e-09 3.2391283e-09]
 [2.1882958e-08 1.8966861e-09 2.0348978e-10 ... 1.4814013e-10
  2.7056793e-10 4.5584084e-10]]
[[1.2183951e-07 5.0087499e-07 4.4383484e-08 ... 1.3763874e-07
  4.5671801e-08 1.2820378e-07]
 [9.3719756e-08 2.7939461e-07 2.6103224e-08 ... 2.3456520e-08
  2.4628269e-10 7.6260498e-08]
 [4.8497206e-11 1.3304220e-13 1.5404998e-10 ... 2.0603265e-13
  1.3596620e-09 6.0146148e-13]
 ...
 [4.8526076e-09 1.9035491e-08 2.9527227e-09 ... 1.4683984e-09
  3.3006131e-09 5.5398401e-09]
 [1.4382132e-09 3.2551062e-09 1.3036350e-10 ... 1.5438964e-10
  1.0009822e-08 4.3033022e-10]
 [7.6682133e-12 2.1612789e-09 5.7497274e-10 ... 1.7626334e-10
  2.4992359e-09 4.4751038e-09]]
[[2.61756708e-04 2.05662145e-04 2.52208083e-05 1.90524341e-04
  1.69968826e-05 6.19684070e-05 6.75758783e-05 1.45971123e-03
  8.95376797e-05 5.29266654e-05 4.03937192e-05 7.19938034e-05
  1.46023784e-04 4.93404688e-04 1.18221767e-04 6.51009323e-04
  1.94930093e-04 9.60398975e-05 1.73789376e-05 6.28454436e-05
  1.80170129e-04 9.66708467e-05 2.64903298e-04 1.55147733e-04
  5.39044486e-05 5.74323822e-05 5.12172293e-04 5.27103221e-05
  3.54881522e-05 2.47533346e-04 1.80413102e-04 3.10406066e-03
  8.11552673e-05 1.64682409e-04 2.90752272e-04 1.22456433e-04
  3.94031755e-04 4.66902529e-05 1.96375628e-03 1.12115966e-04
  2.01030416e-04 4.54604276e-04 4.21653458e-05 5.76603234e-05
  1.52186127e-04 1.38533025e-04 6.23819884e-04 2.27197852e-05
  1.30864326e-04 4.41583717e-04 1.07171429e-04 4.79227368e-04
  1.31262015e-04 3.12496013e-05 4.74512373e-04 1.63454151e-05
  3.26150330e-04 1.38455380e-05 2.50699755e-04 3.12494230e-04]]
[[2.9472580e-10 9.2044611e-10 3.3172035e-11 6.9554307e-11 9.6493482e-12
  2.1055349e-10 1.7907923e-11 1.5096283e-10 3.3167476e-11 1.6999128e-10
  6.0278130e-11 7.0906409e-10 2.5022459e-10 2.5886504e-10 2.7908731e-11
  1.4315116e-09 3.4945932e-10 1.9633434e-10 1.9691642e-11 7.3672915e-11
  3.4888026e-10 2.3436431e-10 8.9379387e-10 2.3603315e-09 9.9914639e-11
  1.1675440e-10 2.7382810e-11 1.7331706e-10 6.6385911e-11 1.0738064e-10
  3.8871219e-11 9.9675834e-10 1.7013430e-10 4.7383164e-10 4.2346085e-10
  4.5290952e-10 1.4270359e-10 1.2017391e-10 9.2095770e-10 1.4743012e-10
  1.7683138e-10 8.4030442e-11 4.3695481e-11 4.9953059e-11 1.7279810e-10
  2.2690294e-10 7.3585665e-10 7.6758051e-11 8.6734307e-11 4.6598669e-10
  4.0499076e-11 4.2637846e-10 2.1875685e-11 5.1399621e-11 1.5261746e-10
  2.6989433e-10 1.0898158e-09 8.3170193e-11 2.3857794e-10 2.9312325e-10]]
[[2.70605175e-12 1.65016004e-11 2.37439842e-11 ... 4.18696189e-11
  4.89755597e-11 3.14824816e-12]
 [1.73030097e-11 1.19324842e-10 8.54704640e-11 ... 8.65296897e-12
  2.01893485e-11 4.02438196e-12]
 [2.23099469e-12 5.23787394e-12 2.38111076e-11 ... 8.18388152e-12
  3.61665725e-10 5.59024051e-12]
 ...
 [2.62420762e-11 8.86835189e-11 6.13431441e-12 ... 1.26123920e-11
  3.33658535e-12 1.76764523e-11]
 [1.11235257e-10 1.13446003e-10 3.61061979e-11 ... 7.28046876e-12
  5.05716580e-11 2.76279225e-11]
 [1.36962134e-11 3.93105271e-11 1.45292797e-11 ... 6.89432777e-13
  3.34043860e-12 1.57007775e-11]]
[[3.33041823e-11 1.11154606e-10 8.44738585e-11 ... 9.49681306e-12
  1.47574439e-10 2.28547754e-11]
 [7.62155894e-11 1.63484379e-10 2.61615257e-10 ... 1.66462920e-11
  1.55004953e-10 5.76653100e-11]
 [4.60478079e-11 7.86327947e-11 5.59519098e-11 ... 2.21300599e-11
  1.71251807e-13 6.32510849e-11]
 ...
 [2.04639763e-10 4.00212918e-10 6.30903108e-11 ... 2.50491971e-11
  2.25272544e-11 2.19248994e-10]
 [9.21409449e-10 5.66986735e-10 1.10624489e-10 ... 4.92627640e-11
  7.11910808e-10 2.61740962e-10]
 [8.66033079e-11 2.23648045e-10 2.99792066e-11 ... 7.07948674e-12
  8.01410951e-11 2.48530668e-10]]
[[7.1169479e-06 2.0245776e-05 1.8073177e-05 6.5688341e-06 1.1432098e-05
  2.6338035e-05 1.6876476e-04 1.3192264e-05 5.7846287e-06 1.7482078e-06
  3.3239871e-06 1.2196477e-05 1.1922854e-06 1.6161710e-05 4.9785216e-05
  1.1552927e-05 1.9925428e-05 2.8050306e-05 2.5515528e-05 6.8147609e-05
  7.6724336e-06 2.8311195e-05 3.6022991e-06 2.5319939e-06 2.5971815e-06
  1.9029886e-06 2.5995942e-06 1.3843460e-06 5.1970586e-05 1.1801236e-05
  3.6660051e-06 1.9709962e-06 1.4830829e-05 1.5165888e-06 1.3783066e-05
  5.8724909e-06 4.2229353e-06 4.1768490e-06 2.1998028e-06 1.1921678e-05
  2.5238813e-05 8.6475447e-06 5.9519840e-05 5.4229019e-07 8.8816683e-05
  1.8109826e-05 1.9365805e-06 1.2226704e-05 3.3496016e-07 8.2162842e-06
  2.6028532e-05 9.7008378e-06 2.1951585e-06 1.6340962e-06 6.7199926e-06
  1.7153059e-05 7.9448313e-08 3.1106058e-06 2.0958189e-05 1.4619221e-06]]
[[2.27585073e-12 3.34686272e-11 1.92913376e-11 7.80399877e-12
  1.24616003e-11 4.24005362e-12 3.99503174e-11 1.86532994e-11
  9.44514172e-12 1.22765340e-12 1.54524180e-12 9.85824530e-12
  3.85839662e-13 1.70317874e-11 2.03993870e-11 7.16839001e-12
  3.90236177e-11 4.55777647e-12 3.56316365e-12 4.10363132e-11
  1.26324634e-12 6.22979168e-11 5.85232687e-12 4.34102060e-12
  1.80508700e-12 4.90477288e-13 2.11750300e-12 4.67359701e-12
  2.88560408e-12 4.31983529e-12 3.17398820e-12 3.51635799e-12
  6.75695524e-12 5.72591670e-12 1.07422725e-11 2.84398091e-12
  4.94132513e-13 2.41997459e-12 2.70898256e-12 2.26960829e-11
  6.81429357e-11 2.24437482e-12 5.68435646e-11 7.16356390e-13
  3.01438249e-11 1.22248765e-11 3.39476646e-12 2.51659154e-12
  2.73513026e-12 4.55308404e-12 1.11141554e-12 1.37446513e-11
  4.36985170e-12 3.40096278e-13 5.80539794e-13 1.12972800e-11
  1.94096001e-13 2.07732507e-12 2.84566641e-11 3.69845257e-12]]
[[1.7021884e-11 6.4028637e-11 4.0477870e-09 ... 5.3668048e-10
  8.0019449e-09 1.0414954e-11]
 [7.8349471e-10 6.3596760e-11 7.8262179e-09 ... 1.3021904e-08
  3.5831385e-10 2.8922382e-11]
 [7.4663292e-10 4.2778420e-11 3.2746597e-10 ... 3.8711648e-10
  2.1949904e-10 1.6425328e-11]
 ...
 [1.0540443e-11 5.5862117e-11 6.4761869e-11 ... 2.4798560e-10
  8.2860004e-11 1.0445223e-11]
 [5.0704364e-11 7.6637370e-11 5.9010650e-09 ... 8.8889895e-10
  1.8631505e-10 3.8189566e-11]
 [7.2196290e-12 2.5259309e-11 2.7356428e-09 ... 2.4318395e-10
  1.8034534e-10 2.1409922e-11]]
[[2.4321567e-10 5.7772853e-10 1.9345229e-12 ... 1.1202247e-09
  6.5763273e-10 9.1890322e-11]
 [2.9072664e-13 1.1366693e-09 1.2377415e-09 ... 1.6851092e-09
  1.5325150e-09 3.4574746e-10]
 [3.7329086e-13 3.2497119e-10 5.4404792e-10 ... 1.3413317e-09
  7.9611767e-10 3.2065081e-10]
 ...
 [9.5098193e-11 4.4207160e-10 4.8490584e-10 ... 2.3018223e-09
  5.8649030e-10 2.1102294e-10]
 [5.2422294e-10 7.1312917e-10 7.5699186e-10 ... 4.4214037e-09
  1.0435781e-09 2.7292169e-10]
 [1.2473127e-10 2.8427041e-10 2.3050860e-10 ... 1.3956348e-09
  1.9811639e-09 5.0748539e-10]]
[[3.08528761e-05 7.72351359e-06 2.54542945e-04 1.01999522e-05
  2.66669667e-05 1.50049149e-04 8.68179486e-05 3.52835959e-05
  1.46886423e-05 6.29113856e-05 4.03874583e-06 1.41198962e-05
  6.33199525e-05 1.73599110e-04 3.56654637e-04 7.40341784e-05
  4.48483152e-05 1.59534466e-04 7.33339184e-05 3.40944069e-04
  1.27577121e-04 1.15888462e-04 5.70003904e-05 8.58868316e-06
  3.90261303e-05 8.96285128e-05 1.50848400e-05 8.53652273e-06
  9.59043682e-05 7.18147421e-05 8.91475884e-06 2.47997868e-05
  1.08854845e-04 2.17619481e-06 5.84794616e-04 2.23399311e-05
  1.34249058e-05 1.84525888e-05 1.45104250e-05 6.92950343e-05
  3.93658993e-05 5.02710172e-05 1.50462962e-04 1.10965457e-05
  3.23033746e-04 1.19547176e-05 2.46382588e-05 4.25684848e-05
  1.13851156e-05 5.04225100e-05 2.35653293e-04 2.99260719e-05
  5.16845321e-05 1.11661611e-05 9.69359462e-05 3.12842822e-05
  4.33659909e-04 2.28448480e-04 5.59107393e-05 1.06020334e-05]]
[[3.36931004e-12 1.64159381e-11 1.06178399e-11 5.95493446e-11
  2.26166082e-11 1.17133135e-11 2.34792862e-11 1.37528773e-11
  3.25388362e-11 8.89068263e-11 1.62833375e-12 4.05388050e-11
  5.78520565e-12 3.70265667e-12 5.28302966e-12 7.51918233e-12
  2.90953039e-10 6.26931016e-12 2.08020406e-12 2.88653212e-10
  2.86808442e-11 3.65305702e-10 7.26267865e-11 2.49718354e-11
  8.66925455e-12 1.80341766e-12 3.21263155e-12 2.66105193e-12
  4.01684111e-12 1.52041449e-10 3.26335378e-12 2.54576633e-12
  6.74941908e-11 1.00526436e-11 6.91219193e-10 1.41635766e-11
  4.92640199e-11 1.25219973e-12 1.19990988e-11 3.69478857e-11
  2.66233754e-11 2.84208559e-11 2.01848122e-11 3.91168565e-12
  1.30447597e-10 4.87042698e-12 7.52836161e-12 1.65811653e-11
  1.98993860e-12 1.36405271e-11 7.85152412e-12 6.96115596e-11
  6.35715178e-12 2.39327200e-12 8.05747413e-11 1.52752588e-10
  1.21526868e-11 1.16616074e-11 4.69283327e-11 1.84001616e-11]]
[[1.2595996e-10 1.9989121e-10 6.4134094e-11 ... 8.7444735e-10
  2.2042218e-10 3.4483871e-11]
 [6.7353373e-11 1.1322935e-08 1.2839853e-10 ... 1.3093507e-09
  6.2552399e-09 4.9442210e-09]
 [8.7830293e-10 5.6803862e-10 8.7766350e-11 ... 4.5976365e-09
  3.9099562e-10 8.0846319e-10]
 ...
 [8.8315709e-11 3.0428409e-09 1.0183951e-10 ... 1.7346595e-09
  1.7969425e-10 1.0933021e-08]
 [2.1792984e-10 2.0558213e-08 1.4780474e-11 ... 6.7243411e-10
  3.2124470e-10 2.1034169e-10]
 [5.4287071e-11 6.0746563e-10 1.5555041e-10 ... 5.0751314e-10
  1.1741080e-10 4.1236507e-11]]
[[1.50362583e-10 2.79036549e-09 2.01057462e-10 ... 3.08130788e-09
  5.08587972e-09 3.06008607e-10]
 [5.82699444e-10 1.45017542e-09 6.43119502e-10 ... 5.10885867e-09
  6.29040597e-10 7.50739748e-10]
 [1.08348920e-10 4.01057010e-09 6.86610990e-10 ... 5.31846389e-09
  2.63713162e-09 9.54631582e-11]
 ...
 [4.83564966e-09 6.52119514e-09 1.15337444e-11 ... 7.92433319e-09
  3.86264842e-09 1.01332986e-09]
 [4.95176167e-09 3.59159502e-09 2.02017555e-10 ... 8.62056293e-09
  2.25050334e-09 3.45045992e-09]
 [6.83022194e-10 6.05490103e-09 1.96185464e-11 ... 7.55959473e-09
  2.04999573e-09 8.94048058e-10]]
[[7.51951811e-05 2.95909704e-04 4.00910867e-05 5.71982819e-04
  1.00180472e-03 7.49220955e-04 1.88719330e-03 3.58906866e-04
  2.33655307e-03 1.07886840e-03 3.54654447e-04 2.02690670e-03
  2.55537307e-04 2.72590696e-05 2.18893890e-03 6.27562753e-04
  1.79892778e-03 1.81391428e-04 4.42800345e-04 2.54889317e-02
  1.61084914e-04 1.34747359e-03 2.26513774e-04 1.33800087e-04
  2.02962372e-04 2.86540671e-06 1.22990605e-05 4.97802421e-06
  2.72672041e-04 1.41878170e-03 6.99613520e-05 4.28872081e-05
  9.75222094e-04 7.84197255e-05 3.31279333e-03 8.96725687e-05
  9.61019832e-05 8.77505881e-05 4.81047580e-04 3.16103862e-04
  3.62090330e-04 4.17123054e-04 4.53525456e-04 8.17582986e-07
  1.41091063e-03 7.05524872e-05 5.05539181e-04 1.11253794e-04
  1.21699733e-04 2.39437236e-03 2.74556078e-04 9.07969312e-04
  2.16763496e-04 4.04107886e-05 1.76813116e-03 2.15964229e-03
  4.20336938e-03 8.31632351e-04 5.23192633e-04 8.43437156e-05]]
[[9.5784632e-13 1.6029561e-10 1.3100828e-13 4.7509110e-12 7.4210759e-12
  3.5759466e-12 3.7749720e-11 4.8641612e-12 4.2414215e-11 4.6790002e-11
  5.0414405e-11 2.2982094e-10 2.4528312e-13 1.3225660e-12 9.7853357e-12
  1.6266924e-11 1.1260733e-11 6.7536159e-12 9.1360001e-12 2.1271981e-11
  1.6762521e-12 9.3107355e-11 3.3316305e-11 4.4394623e-12 9.0155028e-12
  7.2897682e-14 6.6197823e-13 2.4741693e-12 7.6446179e-13 1.1828055e-10
  2.2358554e-12 8.8085849e-12 7.4620614e-12 7.1385044e-11 1.7516247e-11
  4.7039668e-12 1.2777020e-12 1.1591246e-12 3.4665064e-12 1.3970557e-11
  6.4649196e-11 2.6703049e-12 2.3872024e-11 3.7507645e-12 3.7594306e-11
  7.0643448e-13 4.3069563e-12 2.8207347e-12 5.1548100e-13 4.5499857e-11
  4.8215147e-12 9.6800935e-11 3.1940262e-12 1.8042336e-12 6.4224095e-12
  4.8925314e-10 1.0147811e-12 1.3842156e-11 5.0244364e-11 2.0921160e-12]]
[[6.90450128e-12 3.84347588e-11 1.84597407e-10 ... 8.88633722e-10
  1.43605117e-09 1.11663324e-10]
 [1.64869368e-11 2.51752175e-09 4.35377671e-11 ... 6.28206862e-11
  4.21873057e-11 1.66421821e-10]
 [3.05988151e-11 1.80496895e-09 3.28434502e-11 ... 8.37018475e-12
  1.39716294e-09 1.72354811e-10]
 ...
 [2.59753635e-10 2.47342230e-10 1.17551538e-10 ... 1.56040167e-10
  1.48319065e-10 1.03944897e-08]
 [2.49555404e-10 2.24762695e-10 1.44654677e-10 ... 1.21150401e-09
  3.52751245e-10 6.38927911e-10]
 [1.38635090e-10 1.03862745e-10 7.11107562e-11 ... 3.70217572e-11
  1.36663320e-10 3.46005280e-10]]
[[5.1749553e-11 5.9063499e-10 3.3134624e-11 ... 1.1942737e-10
  2.0348345e-10 1.2032233e-09]
 [1.0267546e-10 3.9038309e-10 6.0534820e-11 ... 5.3742127e-10
  2.0786028e-10 1.6226621e-09]
 [6.9267800e-11 7.7026796e-13 7.4269361e-11 ... 4.0333301e-10
  5.2636872e-13 2.1626734e-09]
 ...
 [9.2147595e-10 1.7108506e-09 3.8079212e-10 ... 1.6476349e-09
  1.1790962e-09 3.1640669e-12]
 [7.1122458e-10 3.8013859e-09 4.2630993e-10 ... 1.6021337e-10
  2.2736464e-09 3.1829854e-09]
 [3.9039824e-10 1.1209887e-09 2.4236299e-10 ... 5.6922123e-10
  7.9077161e-10 3.0962826e-09]]
[[7.73316242e-06 9.80771983e-06 1.29969376e-05 1.90102764e-05
  1.44006199e-05 5.11332873e-05 1.53748806e-05 1.26192970e-06
  9.68742370e-06 6.03722619e-05 1.81934392e-05 1.09951419e-04
  9.05109482e-06 8.13934603e-05 1.08611130e-04 1.91671861e-04
  4.79067821e-05 4.37836097e-05 7.03079713e-05 4.25340040e-05
  3.33910998e-06 3.69979643e-05 9.69203757e-05 1.83742668e-05
  1.68027839e-06 1.46941471e-04 2.03457075e-05 4.17467663e-06
  4.68928056e-06 2.47095886e-05 9.73185615e-06 7.39493635e-06
  3.64089501e-05 2.79005098e-06 1.01848571e-04 9.52232585e-06
  7.35522281e-06 2.14759393e-06 5.97847429e-06 1.57398354e-05
  3.47823661e-05 8.82054956e-05 5.38651439e-05 1.11916970e-05
  1.09762026e-04 2.53644521e-05 2.98026794e-06 1.34516476e-05
  1.86008165e-05 9.28201007e-06 2.91843869e-04 9.28574882e-05
  2.43519594e-06 4.54524070e-06 1.41785804e-05 1.34401607e-05
  4.72479209e-04 2.34567451e-05 1.14282357e-05 2.46626405e-05]]
[[3.1379380e-12 1.7265940e-11 2.6506256e-12 2.0392034e-11 2.8368623e-12
  2.3527261e-12 2.3308083e-12 3.3107469e-13 3.4900661e-12 2.8309347e-12
  5.3026763e-12 3.3996889e-11 5.0456622e-13 6.4082875e-12 6.8323298e-12
  5.4005147e-12 2.3514263e-12 8.3909225e-12 6.4738067e-12 8.9441536e-12
  3.2171553e-13 1.8583798e-11 7.3839858e-12 4.1078378e-12 3.6757411e-13
  9.4622574e-13 4.2873493e-11 1.1334773e-13 1.6671308e-13 8.9770908e-12
  1.0700887e-12 9.6271569e-13 2.3079030e-12 1.6689115e-11 6.8743730e-12
  3.3718072e-12 7.0775573e-12 1.3724372e-12 1.0773045e-12 1.7713150e-11
  8.5843464e-11 1.1672025e-11 1.4031789e-11 1.4029251e-12 5.0495801e-12
  2.4563487e-12 9.8720012e-13 2.2312944e-12 2.5754349e-12 1.5455464e-12
  7.9534218e-12 6.6631985e-11 8.8481582e-13 2.3706037e-12 4.7267447e-13
  2.6195292e-12 6.4125593e-12 1.7313296e-12 2.6850807e-12 3.3657820e-12]]
[[9.22636012e-09 8.32615683e-08 4.87324776e-08 2.09511040e-08
  3.11437702e-08 5.65469804e-09 4.66266314e-09 5.36488898e-08
  1.15784120e-08 3.39708728e-09]
 [8.68557049e-09 1.27601911e-08 4.23810569e-08 1.52416035e-07
  8.14482792e-09 5.00397812e-09 3.65180917e-08 1.20027686e-08
  1.20830084e-08 4.13406447e-08]
 [1.34419027e-08 7.83414009e-08 5.86401150e-08 1.45323227e-07
  1.33100704e-08 5.38521849e-09 4.19750528e-08 3.67982480e-08
  1.17711938e-08 2.74453136e-08]
 [1.20640999e-08 7.43862074e-08 5.52247279e-08 1.53074055e-07
  1.39474468e-08 9.95741978e-09 4.77786610e-09 3.92089525e-08
  1.46492534e-08 7.49177964e-09]
 [5.92861937e-09 1.28026203e-08 4.49383251e-08 1.95381897e-08
  8.48127346e-09 4.54165203e-08 4.50071482e-08 1.05053974e-08
  9.04960373e-09 2.27214780e-09]
 [7.46963380e-09 1.68469025e-08 7.86016514e-08 1.51182533e-07
  1.21308243e-08 4.46848381e-09 4.74459405e-08 9.65978941e-09
  1.24421362e-08 4.97920993e-09]
 [1.29069477e-07 8.93405385e-08 4.45388082e-08 1.58896412e-07
  5.16911065e-08 4.65342787e-09 5.87753179e-09 1.04767093e-08
  1.14111147e-08 3.38657067e-08]
 [6.12672508e-08 7.17611570e-08 8.38017158e-08 1.93756176e-08
  1.07210472e-08 6.67965594e-08 7.77521869e-09 1.28860469e-08
  1.05271303e-08 2.58143085e-09]
 [1.07854543e-08 1.42692507e-08 5.50346968e-08 1.40307861e-07
  3.77664584e-08 4.62320529e-08 3.96798594e-09 1.16188428e-08
  1.47489150e-08 5.05805176e-09]
 [4.65062797e-08 5.92059202e-08 1.13272279e-07 2.61086001e-07
  2.28951116e-08 1.99133758e-08 3.56521568e-08 1.37446472e-08
  3.40281865e-08 2.48116745e-08]
 [7.92859201e-09 7.87246250e-08 5.82989408e-08 2.19012417e-08
  7.69347874e-09 1.75223462e-08 2.86251733e-09 7.53881366e-08
  9.53716395e-09 2.92127638e-08]
 [5.61967681e-08 6.03535213e-08 4.94930710e-08 1.86489828e-07
  9.33958955e-09 5.77732706e-09 4.06882172e-08 1.19985790e-08
  1.11035794e-08 5.41850191e-08]
 [6.30512602e-08 7.64967112e-08 5.77423585e-08 2.44183465e-08
  1.51431720e-08 1.24984867e-08 4.75276458e-08 4.06902387e-08
  3.96924733e-08 8.64962857e-09]
 [3.29276939e-09 7.28196454e-08 6.07577419e-08 1.22894761e-08
  4.41975123e-09 1.96040539e-09 2.48263152e-08 6.24193008e-09
  7.59788055e-09 1.16563614e-09]
 [1.50093964e-08 1.08096081e-07 7.83203618e-08 1.94413214e-08
  9.07869904e-08 3.86857053e-08 9.27608124e-09 7.66450796e-08
  7.58519079e-08 4.28282343e-09]
 [4.49045814e-08 2.32839703e-08 6.24438599e-08 3.15003028e-08
  2.70438463e-08 2.28311112e-08 1.59095741e-08 3.29953274e-08
  4.71482799e-08 2.93221873e-08]
 [2.03559107e-08 1.44267478e-08 7.83850851e-08 1.12048994e-07
  1.68263412e-08 7.79839926e-09 8.39197334e-09 6.02921446e-08
  6.15244957e-08 1.21982318e-08]
 [6.53842207e-08 1.39692595e-08 4.59939891e-08 1.60040781e-08
  8.54879367e-09 3.01548191e-08 4.03709510e-09 1.35713918e-07
  8.14315815e-09 4.01133260e-09]
 [5.14885334e-09 9.78883890e-08 4.14618953e-08 1.98415790e-08
  8.10644352e-09 3.32325700e-09 4.01098035e-08 9.94294691e-09
  7.50840314e-08 2.34403208e-09]
 [1.98287538e-08 1.05029379e-07 9.59169242e-08 1.33939992e-07
  1.13453167e-08 5.15817895e-08 1.17313572e-08 1.18746168e-08
  5.32008926e-08 3.81536225e-09]
 [6.40372733e-08 6.99126659e-08 4.65340300e-08 2.30089601e-08
  2.34247413e-08 4.71730885e-08 1.02883000e-08 4.20584065e-08
  1.63885883e-08 1.93778771e-08]
 [1.13401111e-08 1.35272140e-08 5.47517978e-08 9.58415356e-08
  1.01662820e-08 5.25980370e-09 5.51452182e-08 9.18372720e-08
  1.16364420e-08 2.65938738e-09]
 [6.89526747e-09 1.49853427e-08 4.64203751e-08 1.66046679e-08
  5.11166540e-08 3.58635965e-09 3.62621115e-08 6.83839332e-08
  5.07013276e-08 2.32299624e-09]
 [1.02550439e-08 7.96640123e-08 5.32436211e-08 2.20032579e-08
  4.28630358e-08 8.89659901e-09 4.54224303e-09 1.24991857e-08
  4.46603181e-08 4.16456158e-09]
 [8.70341310e-09 6.72407126e-08 4.87825815e-08 2.48055301e-08
  5.43356791e-08 4.90917351e-09 3.61686467e-08 7.94861705e-08
  4.39586181e-08 3.42220829e-08]
 [1.01953841e-08 1.34019533e-08 5.66037741e-08 1.34078434e-07
  8.88268392e-09 2.77149184e-08 3.06730961e-08 1.01883861e-08
  9.91953186e-09 7.12497705e-09]
 [5.70513281e-09 1.49601398e-08 3.77810672e-08 2.01612362e-08
  6.02881869e-08 3.61375685e-09 2.10199302e-09 7.14830080e-08
  9.71217862e-09 2.34589521e-08]
 [7.92488564e-09 1.23016637e-08 4.23110613e-08 1.47605261e-08
  5.11316962e-08 4.76832795e-09 3.25110712e-08 5.80630264e-08
  1.03992894e-08 2.16448548e-09]
 [1.80628330e-08 1.86142124e-08 6.29356407e-08 1.45231297e-07
  1.94554843e-08 4.45676065e-08 7.74036568e-09 1.61193014e-08
  8.00249609e-08 2.37456756e-08]
 [5.80505386e-08 1.02753548e-08 1.67031928e-07 2.09064073e-08
  9.74524461e-09 5.20259142e-08 2.87488522e-09 9.77273107e-09
  4.84579452e-08 2.17984342e-09]
 [7.87782497e-08 1.54722564e-08 4.60882461e-08 2.30197550e-08
  1.05233351e-08 3.89607013e-09 4.73999684e-08 7.10075270e-08
  7.05373751e-08 4.11709600e-09]
 [6.90542068e-09 1.43245718e-08 5.05841200e-08 1.66932068e-08
  9.63880531e-09 4.64256855e-09 3.76516240e-09 6.50797105e-08
  1.08883311e-08 3.65575659e-08]
 [9.18256546e-08 1.03038580e-07 4.80896993e-08 1.24907359e-07
  1.10630536e-08 4.27530011e-09 5.16961274e-09 6.30003427e-08
  1.47453036e-08 4.11997192e-09]
 [9.05961617e-09 1.49422323e-08 4.40303722e-08 2.24040946e-08
  4.83988245e-08 3.74264619e-09 3.66506328e-08 1.07380131e-08
  4.38627232e-08 3.90670740e-09]
 [1.17275940e-08 1.49039501e-08 4.96315664e-08 1.25455074e-07
  1.29121069e-08 6.74236400e-09 3.30534422e-09 3.28768763e-08
  1.12199157e-08 4.12415346e-09]
 [9.85365922e-09 8.43059027e-08 5.87371787e-08 1.87063769e-08
  5.11497724e-08 3.81979248e-08 3.85472951e-08 1.21759181e-08
  5.17829726e-08 5.23632693e-09]
 [5.81002979e-08 8.81691875e-08 6.55679600e-08 1.61403293e-07
  1.02642330e-08 4.67103334e-09 3.80589738e-09 1.12506946e-08
  1.20326975e-08 3.40450121e-08]
 [7.48948725e-09 1.32427740e-08 5.52748283e-08 1.27484824e-07
  8.88052298e-09 3.72091975e-08 3.78330576e-08 7.59970220e-08
  8.34755109e-09 3.02148813e-08]
 [1.95010355e-08 1.95476506e-08 5.30690336e-08 2.66446136e-08
  1.11644319e-07 1.37279059e-07 7.84476928e-09 1.68027174e-08
  1.32656140e-07 1.70984205e-08]
 [7.62107604e-08 8.05535478e-08 4.42440857e-08 1.78509332e-08
  8.61514060e-09 3.65647956e-09 4.52440441e-09 9.71485203e-09
  7.68533681e-09 5.61287408e-08]
 [2.47949544e-07 2.24842594e-07 4.49974884e-08 1.94246752e-08
  7.66739561e-09 9.58808570e-08 1.25837218e-07 8.80429507e-09
  8.08782641e-09 5.87072302e-09]
 [9.17334830e-09 6.84719410e-08 4.81490154e-08 2.40724454e-08
  1.40382257e-08 6.36947872e-09 4.94070518e-09 1.13737872e-08
  3.54425929e-08 5.54432269e-08]
 [6.33656017e-09 1.51388786e-08 8.26711073e-08 1.97485495e-08
  1.09150369e-08 3.43794793e-09 7.59644720e-08 6.31759391e-08
  7.19475466e-08 4.05325817e-09]
 [4.97935426e-09 1.02335473e-08 9.00379789e-08 1.77046893e-08
  8.63280505e-08 3.48441844e-08 3.30830119e-08 9.53860280e-09
  1.06490647e-08 1.37663481e-09]
 [6.14416784e-09 1.45837804e-08 4.80196007e-08 5.78574316e-07
  3.29970362e-07 1.28432220e-07 3.18795612e-09 1.02134186e-08
  1.36552787e-08 8.81505642e-08]
 [7.18212201e-09 1.28330200e-08 4.29683276e-08 1.93599963e-08
  5.99915495e-08 4.42750281e-09 4.46278126e-09 7.45142259e-08
  1.21867103e-08 2.92271629e-09]
 [8.51464499e-09 1.35505589e-08 5.07600539e-08 2.03254391e-08
  2.47412487e-07 1.38491032e-07 8.76750832e-08 8.53595594e-09
  1.22401440e-08 4.73255390e-09]
 [8.86860079e-08 1.26830306e-08 4.75060062e-08 1.86938589e-08
  8.30192448e-09 3.51314777e-09 4.04448652e-09 1.02055333e-08
  7.83832022e-08 2.98376812e-09]
 [9.64497815e-09 1.95336387e-08 5.22459835e-08 1.64762739e-07
  4.78322697e-08 6.35108011e-09 5.51548816e-08 1.66490768e-08
  1.74549548e-08 2.69288485e-08]
 [7.48814841e-08 7.66032500e-08 5.38541087e-08 2.68861555e-08
  1.62688263e-08 1.06940718e-07 2.82062840e-09 3.70004081e-08
  1.35770719e-08 4.93222565e-08]
 [6.35430908e-09 5.73617527e-08 7.16089303e-08 1.37422358e-08
  5.25026280e-08 5.56117001e-08 2.94935099e-09 5.26614308e-09
  5.32873905e-08 2.25911845e-09]
 [7.36292227e-09 1.00504074e-07 3.82423160e-08 1.96678087e-08
  3.53605358e-08 4.09736023e-09 3.55378060e-09 1.09951017e-08
  1.10039231e-08 3.29517533e-08]
 [9.17323995e-09 7.84747343e-08 5.93176921e-08 1.35494815e-07
  1.26792061e-08 4.75254858e-08 3.87819910e-09 1.28991298e-08
  1.30919222e-08 5.55414950e-08]
 [6.34228456e-08 7.50452571e-08 4.45482584e-08 2.05724557e-08
  1.02585238e-08 4.63938363e-08 3.51274609e-09 4.96146662e-08
  6.41452402e-08 3.47138718e-09]
 [1.04683773e-08 1.49979531e-08 7.14812245e-08 1.23044018e-07
  1.18208519e-08 3.51089859e-08 7.09214110e-09 1.07638760e-08
  1.08635989e-08 4.40165904e-09]
 [7.95438240e-08 1.36689966e-08 3.97436217e-08 1.34184660e-07
  8.15705832e-08 3.23985039e-09 4.04489553e-09 1.31260691e-07
  1.13977530e-08 3.05221382e-09]
 [4.86828533e-08 7.39243475e-08 6.69602329e-08 2.02512513e-08
  3.54856446e-08 1.81276167e-08 3.32245946e-08 4.02054212e-08
  4.16552801e-08 2.51410128e-08]
 [9.16666707e-08 1.47956944e-08 5.11388762e-08 2.06729229e-08
  1.00638701e-07 5.05968423e-09 4.50939686e-09 8.44794315e-08
  1.20725687e-08 2.47386822e-09]
 [9.30110211e-09 1.44707784e-08 5.81898725e-08 1.77648900e-07
  6.90667301e-09 5.34903011e-09 5.88579496e-08 1.16747199e-08
  1.19976207e-08 3.70861719e-09]
 [7.69608199e-09 4.73002650e-08 5.44519096e-08 8.98795776e-08
  6.43407683e-09 3.76301168e-09 2.47092458e-09 5.84399409e-08
  1.07980913e-08 1.10915577e-09]]
[[2.02797192e-08 8.09480927e-09 2.93527123e-08 5.55206121e-08
  5.75676662e-09 1.08779190e-08 1.22927180e-08 1.03028350e-08
  8.97820307e-09 1.08230349e-08]
 [2.61184798e-08 3.33478845e-08 2.10528093e-08 1.51178554e-08
  1.31021505e-08 8.13279399e-09 5.65528424e-09 1.68353722e-08
  1.15076224e-08 4.56053950e-09]
 [1.14025980e-08 6.48144427e-09 2.32708430e-08 1.75167720e-08
  8.88883811e-09 1.03187734e-08 7.18594517e-09 6.47474652e-09
  1.12110392e-08 1.96318725e-11]
 [1.88577296e-08 6.33837915e-09 2.18436469e-08 1.72860855e-08
  1.13737615e-08 1.08420535e-08 1.55304516e-08 6.94169078e-09
  1.70351093e-08 1.39165222e-08]
 [1.92511536e-08 3.29618928e-08 2.31888073e-08 6.16526776e-08
  2.09171631e-08 5.70103698e-09 6.83499790e-09 2.37583233e-08
  1.32452973e-08 1.59396141e-08]
 [1.83672597e-08 3.22518048e-08 1.73050019e-08 1.59939866e-08
  1.14634320e-08 1.75181842e-08 1.75331642e-11 1.24348922e-08
  1.03068070e-08 1.02602487e-08]
 [6.34740038e-11 7.93336241e-09 2.08339941e-08 1.76514217e-08
  1.00426236e-08 1.12012390e-08 2.77625318e-08 1.53300395e-08
  1.15575407e-08 3.44031514e-09]
 [7.99720734e-09 5.17086463e-09 1.60066271e-08 6.63826398e-08
  2.21585523e-08 3.16802279e-11 1.16474226e-08 2.45216984e-08
  1.97295495e-08 1.64205431e-08]
 [2.02383852e-08 3.64253872e-08 2.68581406e-08 1.52729989e-08
  7.18662463e-09 7.55224239e-09 1.40995224e-08 1.24515340e-08
  1.14345999e-08 2.06855155e-08]
 [4.06915994e-08 6.88978519e-09 2.34636257e-08 2.83976682e-08
  2.97159026e-08 2.83565136e-08 1.86216340e-08 3.08872998e-08
  1.48547592e-08 1.27850344e-08]
 [1.50475810e-08 5.95134475e-09 4.36742829e-11 6.48874590e-08
  1.27473285e-08 2.15879870e-09 6.70294531e-09 1.24899078e-08
  1.13839000e-08 3.25998584e-09]
 [9.57640012e-09 5.21425646e-11 2.80438268e-08 2.06104271e-08
  1.19213652e-08 1.46870098e-08 1.57946885e-11 2.05135624e-08
  1.28437767e-08 5.21513677e-09]
 [1.20749029e-08 6.26075902e-09 2.25058550e-08 6.07043162e-08
  1.05152766e-08 7.59361818e-09 6.87540958e-09 1.55944337e-11
  8.36878122e-09 1.16899264e-08]
 [1.56233995e-08 5.40547962e-09 9.89247084e-09 3.94413213e-08
  1.28446578e-08 9.04997766e-09 3.52173890e-09 1.37796361e-08
  1.61718816e-08 4.13144230e-09]
 [3.21336984e-08 1.01536122e-08 1.97485637e-08 4.61148595e-08
  3.39471853e-11 5.17436138e-09 1.11065779e-08 1.07642313e-08
  1.35205838e-08 2.40759874e-08]
 [1.45774637e-08 3.65811417e-08 2.21040271e-08 4.49663560e-08
  7.81175746e-09 1.74531234e-08 9.46105150e-09 1.27538682e-08
  9.98555993e-09 8.06281530e-09]
 [3.49879095e-08 3.54706415e-08 1.83894944e-08 1.43890526e-08
  1.60528550e-08 1.93132461e-08 2.00475867e-08 9.27952470e-09
  1.05880096e-08 1.32846960e-08]
 [8.74819239e-09 3.21581481e-08 3.40366562e-08 4.64857308e-08
  2.45331702e-08 4.41124959e-09 1.44842653e-08 5.96255961e-11
  2.08187512e-08 2.40578348e-08]
 [2.48248995e-08 5.98839156e-09 2.56489798e-08 5.16662766e-08
  1.73612023e-08 1.17602772e-08 6.22985175e-09 2.91243953e-08
  1.26251853e-08 1.26246693e-08]
 [4.07867233e-08 7.53859336e-11 2.20536371e-08 1.55253446e-08
  2.19218510e-08 7.25677296e-09 8.06175837e-09 2.90720603e-08
  1.24643593e-08 2.22499690e-08]
 [1.60924145e-08 7.76810172e-09 1.51443835e-08 5.23153858e-08
  6.27635099e-09 1.90326088e-11 1.26444579e-08 6.65982069e-09
  9.61594537e-09 1.31608127e-11]
 [3.63790988e-08 3.50576421e-08 5.37656355e-08 1.55149440e-08
  2.33553301e-08 2.91502840e-08 8.31905123e-09 1.44927768e-08
  1.93448155e-08 4.90180589e-08]
 [1.32161970e-08 4.20077200e-08 1.19414487e-08 5.09673121e-08
  8.53184279e-09 6.62968835e-09 1.46061375e-11 9.80875292e-09
  1.00677777e-08 9.97616567e-09]
 [1.56407154e-08 6.03723871e-09 2.37186413e-08 4.72517918e-08
  7.49275042e-09 3.12597201e-08 8.44392201e-09 1.70553225e-08
  1.04018971e-08 1.56455222e-08]
 [1.69978378e-08 5.14320453e-09 2.35265851e-08 6.60958293e-08
  9.03534580e-09 3.15122826e-08 5.59082247e-09 3.33052995e-11
  9.34036315e-09 3.60781738e-09]
 [8.63950955e-09 3.25441221e-08 1.38221763e-08 1.56357398e-08
  8.45015258e-09 4.88079532e-09 5.54115864e-09 1.75012467e-08
  8.57978666e-09 7.08847087e-12]
 [1.24552066e-08 3.77383955e-08 2.82658092e-08 5.33493427e-08
  1.02675406e-08 1.21469297e-08 6.84668588e-09 1.05771987e-08
  1.67993708e-08 2.34343034e-09]
 [1.50252539e-08 3.51912419e-08 2.20618723e-08 4.97349752e-08
  2.10073712e-11 7.31842720e-09 1.16592716e-11 9.68756986e-09
  1.29044642e-08 9.08134634e-09]
 [2.59896371e-08 3.82658634e-08 4.62928307e-11 1.76275350e-08
  7.28589322e-09 1.18977059e-08 2.00870947e-08 1.02188711e-08
  1.76990369e-08 2.19240928e-08]
 [7.79357023e-09 3.80309046e-08 2.97864187e-08 9.53738422e-08
  3.31245751e-08 6.55796484e-09 7.60649588e-09 2.66241447e-08
  8.79392204e-09 1.66058332e-08]
 [1.16724941e-08 3.88930594e-08 2.60423718e-08 5.62256020e-08
  1.71516081e-08 1.25012454e-08 6.60210953e-09 2.93845365e-11
  2.12369532e-11 1.45793928e-08]
 [1.28091244e-08 3.53444456e-08 2.49982577e-08 5.33600186e-08
  1.09031015e-08 9.40601641e-09 9.18055498e-09 1.03408144e-08
  9.80006032e-09 3.84206134e-09]
 [1.21901680e-08 7.52150842e-11 2.77271877e-08 1.53817137e-08
  1.77452701e-08 1.79421278e-08 1.49268224e-08 1.03888524e-08
  1.83247693e-08 3.64679273e-08]
 [1.76931341e-08 3.99872242e-08 3.61692720e-08 5.22923784e-08
  8.59589200e-09 1.48530130e-08 5.64905100e-09 1.73010246e-08
  7.99321942e-09 1.77713702e-08]
 [1.13319878e-08 3.33893659e-08 1.64546634e-08 1.61583635e-08
  1.47005821e-08 1.09732738e-08 9.21627219e-09 6.37208730e-09
  9.95590455e-09 1.05211706e-08]
 [1.67235861e-08 6.94409996e-09 2.67237752e-08 4.52903173e-08
  9.06156838e-09 4.31043023e-09 6.13306250e-09 1.63270606e-08
  1.00602087e-08 9.70362013e-09]
 [2.73116200e-11 6.66197542e-09 1.60842664e-08 1.75942727e-08
  1.35232483e-08 1.01955697e-08 1.09495080e-08 2.28929409e-08
  1.23342003e-08 3.66781561e-09]
 [1.28192035e-08 3.56243781e-08 1.32110385e-08 8.87592499e-11
  1.48457735e-08 1.73891335e-11 6.39157482e-09 1.13509273e-08
  9.75273196e-09 3.10922910e-09]
 [3.10884545e-08 4.98927797e-08 3.99494020e-08 5.03502413e-08
  1.51455062e-08 2.16137970e-08 2.23388330e-08 3.17517852e-08
  2.29445583e-08 3.68372213e-08]
 [1.07494733e-08 5.87553547e-11 2.43053755e-08 7.16745276e-08
  3.38683677e-08 1.85860305e-08 1.08188010e-08 3.61541197e-08
  2.33530546e-08 5.63004310e-09]
 [3.53207597e-08 2.64766111e-08 9.08153055e-08 2.30903808e-07
  8.81910296e-08 4.70226670e-11 1.48243151e-08 4.66883456e-08
  2.68720797e-08 1.52263482e-08]
 [2.42950957e-08 5.24440580e-09 1.79914696e-08 4.96790733e-08
  8.74678197e-09 9.95194682e-09 2.10597246e-08 1.33155247e-08
  7.84692400e-09 6.17060048e-09]
 [1.97447942e-08 3.61386476e-08 1.60171041e-08 5.20172279e-08
  1.11580469e-08 1.40552858e-08 3.03001027e-11 9.15850773e-09
  2.73938094e-11 1.68937220e-08]
 [2.31791457e-08 2.97793523e-08 1.47006443e-08 7.67731549e-08
  3.53015499e-11 5.36581224e-09 1.32138528e-11 2.79440897e-08
  1.85615185e-08 8.34945713e-09]
 [5.75765782e-08 7.06361050e-08 1.37540596e-07 6.92780588e-08
  4.37992895e-08 1.58479310e-08 2.87986897e-08 6.38592965e-08
  1.05318065e-07 1.12873533e-08]
 [1.55894657e-08 3.63452486e-08 2.10768523e-08 4.35730705e-08
  9.73537073e-09 5.72367043e-09 7.76533593e-09 1.11358220e-08
  7.73895170e-09 1.22990640e-08]
 [3.66953152e-08 5.77284638e-08 7.88776546e-08 1.09847846e-07
  3.45701672e-08 1.59325939e-08 1.01062598e-08 5.48960166e-08
  4.03293861e-08 4.07872349e-08]
 [1.07788241e-08 3.40311459e-08 2.78150996e-08 5.32275628e-08
  1.85129050e-08 7.79966669e-09 9.87103821e-09 2.69258127e-08
  1.39620724e-08 1.69215237e-08]
 [3.72422519e-08 3.44668791e-08 2.48644643e-08 1.84032629e-08
  8.38250802e-09 1.59479541e-08 8.26404278e-09 1.18225563e-08
  1.71392234e-08 1.62956107e-11]
 [1.20504522e-08 7.87223353e-09 2.36692550e-08 4.81542628e-08
  2.24870984e-08 5.13306342e-11 1.94690912e-08 1.73316309e-11
  1.96384686e-08 3.20880648e-11]
 [2.15271196e-08 4.21809876e-09 1.23247688e-08 6.36460058e-08
  9.47498435e-09 2.41308900e-11 1.03041806e-08 1.65632397e-08
  1.05882556e-08 6.61042421e-09]
 [4.03390246e-08 8.75359252e-09 2.93166877e-08 6.21260128e-08
  6.10604012e-09 1.15929639e-08 1.50722705e-08 1.87045739e-08
  2.62596007e-08 3.34523942e-09]
 [1.81132247e-08 6.45804654e-09 1.53220121e-08 1.61890874e-08
  1.50777275e-08 2.33042804e-11 1.41104994e-08 1.21398793e-08
  1.35464537e-08 3.30479290e-11]
 [9.09952558e-09 5.90290178e-11 3.41706503e-08 4.83171831e-08
  2.09406519e-08 1.95805247e-11 1.04859961e-08 2.64018078e-11
  1.06562057e-08 1.20312773e-08]
 [2.01034744e-08 3.40459252e-08 1.70921854e-08 1.29972433e-08
  2.30541684e-08 4.47725190e-09 1.60518638e-08 3.63722350e-08
  1.84374223e-08 1.89223854e-08]
 [1.12193410e-08 4.12234051e-08 2.48211105e-08 1.23576953e-08
  2.76987270e-11 1.19245955e-08 9.50121049e-09 1.85267499e-08
  1.26597923e-08 1.39898280e-08]
 [6.41264952e-09 5.76923931e-09 1.94091800e-08 4.45123867e-08
  9.23283849e-09 6.40475140e-09 4.20898605e-09 1.11475451e-08
  8.69913475e-09 1.11972032e-08]
 [1.16132197e-08 4.06191845e-08 2.39252156e-08 4.73897259e-08
  4.22435420e-11 1.22909709e-08 1.45570986e-08 1.26625599e-08
  1.18498198e-08 1.75610619e-08]
 [2.91540445e-08 3.98756654e-08 1.38573339e-08 1.93929033e-08
  1.41618974e-08 1.58580775e-08 2.21656738e-11 1.95053858e-08
  1.19007089e-08 1.91513525e-08]
 [1.55599054e-08 4.69111328e-09 1.07572484e-08 1.06889342e-08
  8.99976804e-09 7.91355514e-09 5.76724535e-09 9.00803165e-09
  1.50658419e-08 6.58116184e-09]]
[[3.3124340e-06 3.7173908e-05 2.1291547e-05 6.5227017e-05 9.8355840e-06
  6.4097168e-07 1.9484971e-06 9.4624938e-06 1.5035656e-05 7.3310243e-06]]
[[5.9133830e-14 5.2590180e-13 4.7608541e-14 2.5134488e-14 5.6971599e-14
  1.6435589e-13 4.6774975e-13 3.4997114e-13 7.4294256e-14 3.2569450e-13]]
