

config:

HOME=/clusterFS/home/student/kopp13
PATH=/clusterFS/home/student/kopp13/miniconda3/envs/tensorflow/bin:/clusterFS/home/student/kopp13/miniconda3/bin:/clusterFS/home/student/kopp13/bin:/usr/local/bin:/usr/bin:/bin:/usr/local/games:/usr/games
LD_LIBRARY_PATH=
THEANO_FLAGS=floatX=float32,gpuarray.preallocate=0.9,dnn.library_path=/usr/lib/x86_64-linux-gnu,cxx=clang++-3.8,device=cuda,base_compiledir=/tmp/tmp.lcqe1uQDkT

=============================
CONFIG FILE

RNN CONFIG
{'data_multiplier': 1000.0,
 'gradient_clip_value': 0.5,
 'layer_configs': [{'layer_type': 'input'},
                   {'bc': {'init_m': 'xavier',
                           'init_v': -4.5,
                           'prior_m': 0.0,
                           'prior_v': 0.0,
                           'type': 'continuous'},
                    'bf': {'init_m': 'xavier',
                           'init_v': -4.5,
                           'prior_m': 0.0,
                           'prior_v': 0.0,
                           'type': 'continuous'},
                    'bi': {'init_m': 'xavier',
                           'init_v': -4.5,
                           'prior_m': 0.0,
                           'prior_v': 0.0,
                           'type': 'continuous'},
                    'bo': {'init_m': 'xavier',
                           'init_v': -4.5,
                           'prior_m': 0.0,
                           'prior_v': 0.0,
                           'type': 'continuous'},
                    'discrete_act': False,
                    'init_config': {'c': {'b': 'all_zero', 'w': 'xavier'},
                                    'f': {'b': 'all_one', 'w': 'all_zero'},
                                    'i': {'b': 'all_zero', 'w': 'xavier'},
                                    'o': {'b': 'all_zero', 'w': 'xavier'}},
                    'is_output': False,
                    'is_recurrent': True,
                    'layer_type': 'lstm',
                    'tau': 0.5,
                    'var_scope': 'lstm_0',
                    'wc': {'p0max': 0.95,
                           'p0min': 0.05,
                           'pmax': 0.99,
                           'pmin': 0.01,
                           'priors': [0.2, 0.6, 0.2],
                           'type': 'ternary'},
                    'wf': {'p0max': 0.95,
                           'p0min': 0.05,
                           'pmax': 0.99,
                           'pmin': 0.01,
                           'priors': [0.2, 0.6, 0.2],
                           'type': 'ternary'},
                    'wi': {'p0max': 0.95,
                           'p0min': 0.05,
                           'pmax': 0.99,
                           'pmin': 0.01,
                           'priors': [0.2, 0.6, 0.2],
                           'type': 'ternary'},
                    'wo': {'p0max': 0.95,
                           'p0min': 0.05,
                           'pmax': 0.99,
                           'pmin': 0.01,
                           'priors': [0.2, 0.6, 0.2],
                           'type': 'ternary'}},
                   {'bc': {'init_m': 'xavier',
                           'init_v': -4.5,
                           'prior_m': 0.0,
                           'prior_v': 0.0,
                           'type': 'continuous'},
                    'bf': {'init_m': 'xavier',
                           'init_v': -4.5,
                           'prior_m': 0.0,
                           'prior_v': 0.0,
                           'type': 'continuous'},
                    'bi': {'init_m': 'xavier',
                           'init_v': -4.5,
                           'prior_m': 0.0,
                           'prior_v': 0.0,
                           'type': 'continuous'},
                    'bo': {'init_m': 'xavier',
                           'init_v': -4.5,
                           'prior_m': 0.0,
                           'prior_v': 0.0,
                           'type': 'continuous'},
                    'discrete_act': False,
                    'init_config': {'c': {'b': 'all_zero', 'w': 'xavier'},
                                    'f': {'b': 'all_one', 'w': 'all_zero'},
                                    'i': {'b': 'all_zero', 'w': 'xavier'},
                                    'o': {'b': 'all_zero', 'w': 'xavier'}},
                    'is_output': False,
                    'is_recurrent': True,
                    'layer_type': 'lstm',
                    'tau': 0.5,
                    'var_scope': 'lstm_1',
                    'wc': {'p0max': 0.95,
                           'p0min': 0.05,
                           'pmax': 0.99,
                           'pmin': 0.01,
                           'priors': [0.2, 0.6, 0.2],
                           'type': 'ternary'},
                    'wf': {'p0max': 0.95,
                           'p0min': 0.05,
                           'pmax': 0.99,
                           'pmin': 0.01,
                           'priors': [0.2, 0.6, 0.2],
                           'type': 'ternary'},
                    'wi': {'p0max': 0.95,
                           'p0min': 0.05,
                           'pmax': 0.99,
                           'pmin': 0.01,
                           'priors': [0.2, 0.6, 0.2],
                           'type': 'ternary'},
                    'wo': {'p0max': 0.95,
                           'p0min': 0.05,
                           'pmax': 0.99,
                           'pmin': 0.01,
                           'priors': [0.2, 0.6, 0.2],
                           'type': 'ternary'}},
                   {'b': {'init_m': 'xavier',
                          'init_v': -4.5,
                          'prior_m': 0.0,
                          'prior_v': 0.0,
                          'type': 'continuous'},
                    'is_output': True,
                    'is_recurrent': False,
                    'layer_type': 'fc',
                    'regularization': {'mode': None, 'strength': 0.02},
                    'tau': 0.5,
                    'var_scope': 'output_layer',
                    'w': {'p0max': 0.95,
                          'p0min': 0.05,
                          'pmax': 0.99,
                          'pmin': 0.01,
                          'priors': [0.2, 0.6, 0.2],
                          'type': 'ternary'}}],
 'layout': [4, 60, 60, 10],
 'output_type': 'classification'}

DATA CONFIG
{'dataset': 'red_penstroke',
 'tr': {'in_seq_len': 30,
        'minibatch_enabled': True,
        'minibatch_size': 200,
        'out_seq_len': 5,
        'zero_padding': 20},
 'va': {'in_seq_len': 30,
        'minibatch_enabled': True,
        'minibatch_size': 200,
        'out_seq_len': 5,
        'zero_padding': 20}}

TRAINING CONFIG
{'beta_reg': 0.0,
 'is_pretrain': False,
 'learning_rate': 0.002,
 'mode': {'max_epochs': 0, 'min_error': 0.0, 'name': 'classic'},
 'task_id': 5,
 'type': 'g_sampling',
 'var_reg': 0.0}
==============================


[[2.7587207e-06 5.2477448e-05 7.2958431e-07 ... 4.2813002e-07
  3.7862363e-05 4.8047123e-06]
 [1.2150823e-05 5.6496322e-07 1.8178596e-05 ... 2.3006164e-06
  1.3650335e-04 1.9115123e-06]
 [2.8707710e-09 1.7688941e-10 2.4494209e-09 ... 1.0469616e-09
  2.4049799e-08 2.3158939e-10]
 ...
 [1.6701947e-06 9.0332725e-07 1.4946828e-06 ... 2.4194344e-06
  6.0261068e-06 1.0369401e-06]
 [1.5635275e-10 4.8160700e-07 3.6648511e-09 ... 5.0476558e-07
  3.2180957e-05 1.5046760e-08]
 [6.8313284e-06 2.7285635e-06 3.2443950e-05 ... 1.7738546e-07
  1.7715712e-06 4.5888069e-06]]
[[6.74679256e-07 7.58812075e-06 9.36279605e-08 ... 3.59886030e-06
  5.54870603e-05 4.82037077e-10]
 [3.44561363e-06 1.76355130e-07 3.07295989e-09 ... 1.17261629e-06
  1.39345735e-08 9.14957764e-06]
 [8.91191232e-10 5.41176860e-11 7.12567949e-10 ... 3.24203692e-10
  4.36827137e-12 5.98264216e-11]
 ...
 [7.59066552e-07 5.81812742e-07 1.53228874e-10 ... 4.94217772e-07
  1.49356470e-06 2.71239315e-07]
 [3.46382451e-10 1.34558022e-07 1.33292022e-09 ... 1.25265885e-07
  3.23819727e-09 1.74590813e-08]
 [1.81456562e-06 9.33977219e-07 8.39718814e-06 ... 4.67313050e-08
  4.69108954e-07 1.78966138e-06]]
[[6.70542766e-04 1.56447489e-03 4.58264258e-03 1.08479038e-02
  1.01037112e-04 4.49321087e-04 6.39457256e-04 1.92448788e-05
  1.56385853e-04 2.74705322e-04 3.88471177e-04 1.08853827e-04
  1.61231577e-03 5.73580619e-04 4.12862049e-04 1.07268244e-03
  1.86555786e-04 1.46111139e-04 6.06605754e-05 2.63335160e-03
  3.59956757e-04 1.05536135e-03 1.96913839e-04 4.74250322e-04
  2.92818266e-04 1.17506960e-03 1.31936185e-03 6.54631469e-04
  1.08661281e-03 8.04449548e-04 7.51380750e-04 1.38668891e-03
  5.42180846e-03 1.97167305e-04 2.03955849e-03 2.71272584e-05
  5.31834667e-04 9.45255160e-04 3.09409777e-04 6.32108364e-04
  1.89565925e-03 1.09901186e-03 9.39442107e-05 4.56511392e-04
  1.50510110e-04 2.27990444e-03 4.02529724e-04 5.02918090e-04
  6.54103060e-04 7.32967572e-04 1.30577391e-04 9.21615283e-05
  1.41956415e-02 2.67350464e-04 2.36872729e-04 1.44048579e-04
  4.43800927e-05 2.03631492e-03 7.08040595e-03 9.83064878e-04]]
[[3.41925244e-07 7.42984867e-07 2.60570550e-06 1.07251863e-05
  1.03072260e-07 3.17118150e-07 2.72024977e-07 2.93487918e-08
  4.67666382e-07 1.17131215e-07 5.86808966e-08 3.71138668e-07
  1.67830606e-07 1.92014409e-06 1.64502046e-06 1.04713172e-06
  4.78901896e-08 1.25142179e-07 6.35361772e-08 4.65696394e-06
  3.03244946e-07 9.94592597e-07 4.71320789e-07 7.12220981e-07
  5.24230359e-07 3.95316391e-07 2.11610313e-06 2.01268494e-06
  3.46839306e-06 4.86158001e-07 8.58628312e-07 1.20877166e-06
  1.26543841e-06 2.33544114e-07 1.29650095e-06 4.02531342e-08
  1.42940200e-06 2.27651503e-06 9.47865715e-07 2.04978136e-07
  1.57415036e-06 7.45689158e-06 1.71046423e-07 1.89836248e-06
  4.93765242e-07 2.71312524e-06 2.82483438e-06 3.70102725e-07
  4.46743024e-06 2.00251193e-07 6.80201211e-08 4.12362397e-07
  1.87017176e-05 3.07807909e-07 5.45472915e-07 2.79193927e-07
  5.92229270e-08 1.24208088e-06 1.72087039e-06 5.53897280e-07]]
[[1.1922548e-06 2.2258259e-04 5.7106977e-06 ... 1.0053624e-03
  1.2689034e-05 1.1488745e-06]
 [1.1855030e-05 8.1168600e-06 5.0419635e-06 ... 1.8997152e-06
  1.2083137e-04 4.6752112e-07]
 [5.3320934e-09 8.0148199e-09 2.2777471e-09 ... 2.6301547e-10
  4.0778037e-08 2.1016942e-09]
 ...
 [4.9713913e-06 3.5942449e-07 2.3861580e-06 ... 6.9579064e-06
  7.5135845e-06 1.1965727e-07]
 [8.1735685e-08 7.2773602e-08 1.8411245e-07 ... 5.9118724e-07
  3.5445023e-06 1.6492615e-08]
 [5.8127234e-06 4.1660048e-08 7.0296312e-07 ... 1.1580014e-06
  8.8159877e-06 1.6923699e-06]]
[[3.8498513e-07 6.9181879e-05 1.6051600e-06 ... 2.7932835e-04
  4.8287739e-06 3.3246602e-07]
 [3.3949550e-06 2.2010199e-06 1.3320996e-06 ... 8.2021171e-07
  2.6267458e-08 3.4267146e-07]
 [2.5297678e-12 1.9087552e-09 6.5796485e-10 ... 6.6722586e-11
  7.9745654e-08 5.4937677e-10]
 ...
 [1.2441946e-06 9.1706710e-08 8.7890248e-07 ... 1.9770494e-06
  1.7152017e-06 5.0060287e-08]
 [2.3087283e-08 3.1824015e-08 8.5125166e-08 ... 1.9593081e-08
  1.0645049e-07 1.5096184e-08]
 [1.6882614e-06 3.3895179e-07 2.8517178e-07 ... 3.2707109e-07
  2.4647770e-06 5.2184134e-07]]
[[0.0073988  0.01102416 0.0141809  0.02982802 0.00041133 0.00167277
  0.00995945 0.00014696 0.00046473 0.00491114 0.00341166 0.00047495
  0.00290866 0.00337481 0.00524189 0.00481703 0.00254672 0.00094462
  0.0007885  0.00606169 0.00373289 0.00165019 0.00057419 0.0011947
  0.00260149 0.00417006 0.00923283 0.00422078 0.00618938 0.00547637
  0.00442707 0.00417387 0.00424943 0.00045986 0.005003   0.00061405
  0.0071849  0.00236101 0.00169232 0.00195898 0.00491527 0.00515882
  0.0007299  0.00128911 0.00058657 0.00665991 0.00345981 0.00550503
  0.001396   0.00384479 0.0004424  0.00043341 0.00417905 0.00076861
  0.00556829 0.00101253 0.0004937  0.00590548 0.014035   0.004585  ]]
[[1.5195844e-06 1.0992412e-05 7.1442946e-07 9.0563326e-06 3.8380887e-07
  3.4469263e-06 1.5109539e-06 2.8052145e-07 8.2036479e-07 2.0133411e-06
  6.2430308e-07 3.2173520e-07 2.9990920e-06 3.2813919e-06 1.1693446e-06
  2.6192790e-06 1.7109087e-06 1.4392402e-06 3.3653859e-07 3.9014863e-06
  4.7876197e-06 6.4341583e-07 2.3293708e-07 1.5159776e-06 6.8182430e-07
  5.9325262e-06 5.0201493e-06 1.4222198e-06 1.4843292e-05 5.1790244e-06
  2.4564899e-06 3.3675767e-06 1.5444448e-05 3.2717836e-07 1.8489051e-06
  6.9226962e-07 5.9703793e-06 3.7948009e-06 3.2935861e-07 6.7583869e-07
  2.0027859e-05 7.6954793e-06 1.9671420e-06 1.6766022e-07 1.1313064e-06
  1.2785194e-05 2.1888618e-06 5.3124595e-06 2.2731178e-06 6.0376028e-06
  1.0997221e-07 1.4189441e-06 5.6130548e-06 1.1959931e-06 4.2848446e-06
  3.8455070e-07 2.2897416e-06 6.4487463e-06 2.5243100e-05 4.1604176e-06]]
[[2.7975256e-03 1.4124208e-06 7.0204956e-06 ... 3.2071769e-04
  1.3420704e-03 3.8978455e-06]
 [1.6250367e-05 1.1627288e-03 3.0070779e-04 ... 5.4403546e-04
  1.4152190e-02 6.6754656e-05]
 [8.0991846e-08 8.2448253e-07 1.8590061e-09 ... 8.6288449e-10
  2.0682766e-07 8.6501595e-10]
 ...
 [2.2718021e-05 3.2057291e-05 2.5965498e-06 ... 2.9026933e-05
  2.7496799e-05 1.1740616e-07]
 [2.0044688e-05 1.9137160e-06 2.5114118e-06 ... 4.4856943e-06
  2.4876921e-05 1.7883193e-06]
 [1.7310953e-04 7.6316544e-05 2.8354768e-07 ... 8.1561666e-06
  1.4565891e-05 7.9910691e-08]]
[[7.17738469e-04 1.52285487e-04 6.58485959e-08 ... 3.17917438e-05
  4.13923175e-04 1.55987691e-05]
 [1.43444404e-05 3.85224470e-04 8.01062124e-05 ... 1.45180573e-04
  4.26985789e-03 2.37524637e-05]
 [8.14033303e-12 2.48005676e-07 5.07953402e-11 ... 1.14682253e-09
  2.83654888e-11 3.79565276e-13]
 ...
 [6.97694577e-06 7.97300174e-07 7.11959103e-07 ... 8.19588604e-06
  1.16049605e-05 8.86481200e-09]
 [1.82665099e-05 6.76724767e-07 2.51761528e-10 ... 3.01661544e-06
  2.24424798e-06 4.53377993e-07]
 [3.99566743e-05 2.35192747e-05 1.07848159e-07 ... 2.42597230e-06
  4.98406644e-06 4.81300049e-08]]
[[0.09789397 0.04473747 0.10518286 0.06959281 0.03786666 0.01879283
  0.10176469 0.00298393 0.00285958 0.02401295 0.03443598 0.02803981
  0.03276915 0.09929945 0.02892951 1.0655656  0.04575849 0.00122875
  0.01140993 0.04253231 0.09144173 0.03562763 0.02337207 0.1777112
  0.0115142  0.10988221 0.16306469 0.05106508 0.01822641 0.03283755
  0.03014208 0.02993204 0.2468708  0.16479403 0.01224787 0.00868936
  0.35153046 0.05177914 0.03545285 0.24158049 0.04646743 0.1816013
  0.00585405 0.01095662 0.01807894 0.0580935  0.02333394 0.10271388
  0.08595454 0.07677631 0.02424566 0.04924889 0.1938907  0.05254263
  0.02798482 0.0145422  0.01624545 0.2582474  0.5551524  0.00927339]]
[[1.30842627e-05 1.28434567e-05 3.00652246e-05 3.30382754e-05
  1.01664236e-05 6.15477984e-06 3.07136324e-05 1.29381078e-05
  2.71680119e-06 9.93659228e-07 3.11328245e-06 1.36874169e-05
  8.07651395e-06 2.17105280e-05 2.11884981e-06 3.50402854e-03
  6.04133811e-06 1.03406126e-06 8.18673016e-06 1.04011533e-05
  5.82011353e-07 7.25389464e-06 3.18194288e-05 4.35969268e-05
  1.31654942e-05 1.17801010e-05 5.35674517e-05 3.91832145e-04
  1.36797989e-05 6.03397166e-05 1.31689762e-06 5.89008505e-06
  3.86614847e-05 7.97984540e-05 3.58215607e-06 1.13960505e-05
  8.30460122e-05 6.57187338e-05 1.21555531e-05 5.90265809e-05
  1.45166141e-05 3.15936661e-04 2.33182664e-06 2.53028429e-06
  1.03699394e-05 7.79262609e-06 2.21721293e-05 7.10201948e-06
  1.98719936e-05 4.69786537e-05 2.29110242e-06 1.84291366e-05
  5.99525811e-05 1.29529917e-05 1.81198379e-06 4.01612378e-05
  6.38991742e-06 2.31182257e-05 5.56892919e-05 3.03228921e-06]]
[[2.12570430e-05 2.33596074e-04 7.76782617e-05 ... 2.60279514e-04
  5.27068596e-06 8.41834408e-05]
 [4.80493909e-05 8.35781611e-06 1.27037247e-05 ... 8.54904793e-05
  1.10573428e-05 3.18778511e-05]
 [2.65763789e-09 1.09349876e-10 3.64845307e-11 ... 1.39076417e-10
  7.38474726e-10 5.01715336e-10]
 ...
 [1.91609161e-06 1.84373437e-06 2.24922246e-06 ... 1.32239768e-06
  8.72336386e-07 2.02061256e-06]
 [4.29532463e-07 3.19205697e-07 7.00789599e-07 ... 2.49618807e-07
  2.53559392e-07 2.15680487e-07]
 [1.66822429e-06 3.50707774e-06 7.28568602e-06 ... 5.61980414e-07
  5.97747999e-07 2.38855796e-06]]
[[9.2239025e-06 7.3470328e-05 2.0692760e-05 ... 1.0394727e-07
  1.4985602e-06 8.6668006e-09]
 [1.4351022e-05 7.8331068e-06 6.3275861e-06 ... 1.5144876e-07
  1.6398266e-08 7.9964075e-06]
 [6.5369810e-10 3.5449761e-11 1.0978959e-11 ... 8.9492053e-11
  1.4618499e-09 1.3304613e-10]
 ...
 [5.1448080e-07 9.6127792e-07 4.3318293e-10 ... 4.5147456e-07
  2.3735133e-07 5.0892601e-07]
 [1.3127578e-07 1.0810837e-07 1.8695586e-07 ... 6.0352626e-08
  7.5496223e-07 6.6281686e-08]
 [5.7153409e-07 1.3737297e-06 1.7846100e-09 ... 8.0523921e-07
  2.0171063e-07 2.4161562e-10]]
[[0.00630713 0.01587553 0.00858039 0.00620599 0.00027293 0.00137867
  0.00236771 0.00020239 0.00051653 0.00289894 0.0005177  0.00097185
  0.00696434 0.00268553 0.00342467 0.00236066 0.00669405 0.00119047
  0.00054005 0.00481707 0.00539156 0.00359296 0.00040271 0.00200869
  0.00321689 0.0036849  0.01596638 0.00306213 0.01310896 0.00113108
  0.0013871  0.00177673 0.00436486 0.00127284 0.002808   0.00092669
  0.00250179 0.00680964 0.00236723 0.00178324 0.01116006 0.00263266
  0.0015756  0.00087143 0.00077613 0.00660462 0.00255381 0.00810893
  0.00235411 0.0030599  0.00025424 0.00050252 0.00458254 0.00091568
  0.00479017 0.00229911 0.00030022 0.00221551 0.000878   0.0024623 ]]
[[1.59227920e-06 1.95900157e-05 4.88633232e-05 5.72877479e-06
  4.79858727e-07 1.98913835e-06 2.45163824e-06 2.68965607e-07
  1.66676102e-06 3.48672165e-06 1.88814141e-07 6.33259901e-07
  3.35613458e-06 3.33492289e-06 3.26192662e-06 2.12516966e-06
  2.09792006e-06 5.99664816e-07 1.42210865e-06 3.60888339e-06
  3.39630856e-06 2.86482896e-06 1.36307028e-06 9.12443170e-07
  3.82201642e-06 2.29980401e-06 1.60378950e-05 1.09722566e-06
  1.14609984e-05 1.12465455e-06 6.83311214e-07 7.21313199e-07
  9.13168333e-06 1.39380052e-06 4.11566771e-06 1.47412698e-06
  5.50623042e-07 5.23032395e-05 5.40514156e-06 8.22300990e-07
  4.04342245e-06 9.35508160e-06 3.92251968e-06 3.25905603e-06
  1.90833180e-06 7.23774747e-06 1.22369065e-05 2.29940797e-05
  1.19250714e-07 1.14000750e-05 2.82594840e-07 1.96766018e-06
  6.47918432e-06 1.01576222e-06 2.25620306e-06 4.34159944e-07
  3.76359594e-07 1.12788587e-06 6.17705439e-07 3.02750095e-06]]
[[5.44955810e-07 2.31391297e-07 3.65396424e-08 ... 2.34383215e-08
  9.96307747e-08 1.34014968e-08]
 [9.50737302e-08 7.35375977e-07 6.38801179e-10 ... 4.97809660e-09
  2.83449419e-09 2.57095305e-08]
 [4.01600175e-09 5.14085947e-08 2.77844151e-07 ... 1.32396085e-08
  7.09330905e-09 2.17975483e-07]
 ...
 [1.19231842e-07 2.33459062e-07 9.65244240e-08 ... 1.73729420e-09
  2.47188030e-08 1.28631200e-06]
 [2.72645506e-09 6.31447605e-08 1.04118374e-06 ... 7.25000016e-09
  6.75414427e-08 8.15826013e-07]
 [1.73830486e-07 1.28598401e-06 1.39473158e-07 ... 1.12732501e-09
  4.77141420e-08 1.75648907e-07]]
[[1.5432931e-07 9.2696631e-08 3.6785011e-12 ... 6.1930203e-09
  2.5399549e-08 3.9412895e-09]
 [2.4399261e-08 1.8127556e-10 1.1769835e-09 ... 2.7831426e-11
  8.1003920e-10 7.2954989e-09]
 [4.6849490e-08 2.1968079e-07 2.8330359e-11 ... 3.3239167e-09
  7.1515748e-13 6.2069923e-08]
 ...
 [4.0260385e-08 1.5729061e-07 2.5644002e-08 ... 5.2249938e-10
  7.6553812e-09 4.8205123e-07]
 [2.5293068e-09 1.7295838e-08 4.6145712e-07 ... 1.8061572e-09
  3.2681612e-08 2.0657090e-07]
 [4.9683415e-08 3.5751200e-06 4.0475186e-08 ... 3.4548234e-10
  1.1438272e-08 1.9118390e-07]]
[[3.1848761e-04 1.4602393e-03 1.2994863e-04 8.0988088e-05 1.0869020e-04
  1.4887581e-04 1.2448942e-03 4.6725283e-04 2.1201430e-04 3.0935298e-05
  2.2228477e-04 7.7351760e-05 1.6848316e-03 1.7239778e-04 3.5759469e-03
  6.2647547e-07 7.5703188e-05 6.2483428e-05 1.7301268e-04 4.5962774e-05
  2.1331235e-04 5.4956923e-05 5.1257398e-04 3.1844815e-04 8.9563262e-05
  2.1720689e-05 1.5326282e-03 3.5694982e-05 2.2385326e-04 8.4580737e-05
  2.9999280e-04 1.5729149e-04 1.7903431e-04 4.5670453e-04 2.6314930e-04
  9.5073361e-04 1.8805171e-04 3.9639306e-04 5.0993898e-04 4.2211000e-04
  6.3023594e-04 4.7862646e-04 2.7463506e-03 1.3740240e-04 1.6302022e-04
  3.1208276e-04 2.8906413e-04 5.6526147e-05 3.0396709e-06 6.3862879e-04
  6.4167813e-05 7.2801596e-04 4.3409047e-04 2.8925331e-05 2.0718384e-04
  1.1541591e-03 8.6265336e-06 6.2075371e-05 9.0072157e-05 5.1505129e-05]]
[[6.9066317e-07 1.4991889e-06 3.4152902e-07 1.0699490e-07 2.4351698e-07
  2.1499658e-07 1.1051467e-06 7.5930288e-08 5.8384785e-07 1.7590467e-07
  1.8423682e-07 9.2911911e-08 9.4918113e-07 1.0582677e-07 6.6692828e-06
  1.1154451e-09 5.2039635e-08 4.0979032e-08 7.2890565e-08 6.2397980e-08
  1.1330663e-07 9.1330946e-08 3.5465582e-06 1.0563830e-06 3.9185490e-08
  2.3255131e-08 7.5496077e-06 7.9450288e-08 4.9877866e-07 6.4489633e-08
  1.8819476e-07 1.4913066e-07 1.7603278e-07 5.6592830e-07 7.0891900e-07
  7.8327975e-07 1.7595015e-07 2.2304843e-07 5.2223970e-07 5.8013921e-07
  2.3530818e-07 5.3462094e-07 3.0815497e-06 4.6608261e-07 2.5539060e-07
  2.0588875e-07 3.1558261e-07 1.3490841e-08 7.1253972e-09 2.6484955e-07
  1.5392686e-07 7.8558622e-07 3.9470774e-07 6.5734739e-08 5.4826842e-07
  1.4242731e-06 1.8771578e-08 2.9093621e-07 5.3108710e-08 9.4236412e-08]]
[[4.60722802e-08 8.12160561e-09 8.70589290e-08 ... 5.25879341e-06
  4.99711064e-08 4.77039521e-07]
 [1.26986095e-07 4.57680116e-09 3.68973332e-07 ... 4.11249090e-07
  2.04084563e-06 4.25424709e-08]
 [3.96023525e-09 7.77677922e-09 1.19922888e-07 ... 4.88477419e-08
  1.03806400e-07 1.50870596e-06]
 ...
 [3.55313823e-09 7.69294047e-07 6.13918338e-09 ... 9.61393766e-07
  4.08539300e-08 3.66191806e-08]
 [2.02864694e-08 3.24204757e-06 1.54617084e-08 ... 9.92126274e-08
  2.51252999e-07 1.28720373e-07]
 [8.38621617e-09 1.05887864e-07 1.41333549e-08 ... 4.64217180e-08
  8.24555073e-08 2.77566386e-07]]
[[1.3628710e-08 2.3424518e-09 7.0263617e-08 ... 1.4037831e-06
  4.4611609e-10 1.4748382e-07]
 [4.8614005e-08 1.4116958e-09 9.5019112e-07 ... 4.2190314e-11
  5.1312952e-07 9.9518118e-09]
 [2.0358897e-09 3.0094633e-09 2.7781718e-08 ... 1.6607581e-08
  1.0552635e-11 3.5665201e-07]
 ...
 [2.2701603e-09 2.0818369e-07 1.8867445e-09 ... 6.6088074e-07
  1.1497371e-08 9.5159711e-09]
 [5.9475491e-09 8.1803870e-07 6.8892319e-09 ... 6.9913909e-08
  1.1863545e-07 3.1337258e-08]
 [2.4720190e-09 1.0679472e-11 9.2604209e-09 ... 7.8262261e-08
  2.3134399e-08 5.8229102e-08]]
[[0.00066506 0.00375325 0.00040559 0.0003631  0.00016805 0.0013822
  0.00894201 0.00132136 0.00082554 0.00129511 0.00100405 0.00115355
  0.00868119 0.00125434 0.0100042  0.00012539 0.00018077 0.00030876
  0.00140424 0.0018183  0.00185201 0.00017509 0.00314444 0.00084095
  0.00075193 0.00572134 0.00204539 0.00018154 0.00258177 0.00017735
  0.00080069 0.00054291 0.00275407 0.00024423 0.00121166 0.00148337
  0.000173   0.00106402 0.00130863 0.00262731 0.00036961 0.00663109
  0.02115557 0.0016166  0.00023549 0.00052377 0.00386295 0.00077638
  0.00102159 0.00201051 0.00018211 0.00116623 0.00107819 0.00018466
  0.00038515 0.00293899 0.00220684 0.00375173 0.00085399 0.00025822]]
[[1.65194450e-07 4.32149545e-06 1.58284706e-07 2.75432228e-07
  6.93396416e-08 3.65731353e-07 5.26050235e-06 1.16569902e-06
  8.26730002e-07 8.39253929e-08 4.22826588e-07 4.00391684e-07
  1.00010193e-05 4.98952829e-07 1.00224042e-05 5.98674887e-08
  6.98081166e-08 1.73618574e-07 4.44447949e-07 7.69967642e-07
  2.15646833e-06 1.60122781e-07 8.60745104e-07 2.55700616e-06
  2.46081953e-07 1.77632853e-06 6.31223543e-07 3.44772786e-07
  7.36043148e-07 1.10275536e-07 1.46343325e-07 1.79581377e-07
  2.44869989e-06 7.23323524e-07 1.40277041e-06 1.92872506e-07
  9.45731173e-08 1.26001714e-06 1.89797379e-06 1.84747535e-06
  1.76595492e-07 9.72605721e-06 4.37793233e-07 2.13146359e-06
  4.67478174e-07 4.55861908e-07 1.32798903e-06 2.97635239e-07
  1.87464806e-07 2.07370476e-06 4.81264522e-08 2.07961875e-06
  4.54253353e-07 1.41204481e-07 4.57747291e-07 1.05661013e-06
  1.10903682e-06 2.40123177e-06 1.38655969e-06 3.95131906e-07]]
[[4.94903190e-07 1.04858077e-06 1.59926017e-07 ... 2.88412321e-06
  1.11784736e-07 1.70616389e-07]
 [3.94759184e-07 2.75196853e-05 7.87587950e-08 ... 1.94195309e-06
  6.72050930e-07 1.64467438e-05]
 [1.36800367e-07 4.69093152e-07 7.07242918e-07 ... 2.56396766e-06
  1.13987858e-06 1.97200563e-07]
 ...
 [5.72820689e-08 1.28975109e-04 9.13187796e-06 ... 2.81297321e-06
  1.71558713e-06 2.50690135e-07]
 [5.71157102e-07 6.81096799e-06 3.85224496e-07 ... 3.67435291e-06
  4.54375453e-07 1.07682911e-06]
 [2.02252139e-07 1.29309146e-05 4.14287200e-07 ... 5.49271810e-08
  9.98489895e-08 2.99596280e-07]]
[[1.29837247e-07 6.23560823e-07 8.79480453e-08 ... 7.37488506e-07
  3.70895670e-08 1.71694310e-07]
 [1.07892113e-07 7.82580628e-06 2.86863838e-07 ... 4.98170152e-07
  3.05010190e-07 2.71077893e-09]
 [9.80148962e-10 4.71341507e-11 1.77589428e-07 ... 5.94927940e-07
  5.53797406e-07 3.03846662e-07]
 ...
 [1.48725663e-08 3.27246453e-05 2.15592109e-07 ... 6.80513665e-07
  4.35784102e-07 6.58161071e-07]
 [1.60339766e-07 6.14255669e-06 1.34767831e-07 ... 1.63519815e-06
  1.22898925e-07 1.14760625e-10]
 [9.84308244e-08 4.35035645e-06 1.37400207e-07 ... 2.21326726e-08
  8.71062298e-08 6.90530371e-08]]
[[3.1245600e-03 5.0447672e-03 1.2901789e-03 5.0825193e-03 5.9098937e-03
  3.5141613e-02 9.1352634e-02 8.8610752e-03 9.7991163e-03 1.5562959e-02
  1.1269279e-03 9.2764571e-03 3.4950711e-02 2.9975083e-03 2.2615187e-01
  6.6072561e-02 1.6134683e-02 2.0313838e-03 2.9677476e-03 4.8533019e-01
  1.3307218e-02 1.6283309e-03 8.6950744e-04 2.9322424e-03 1.0379036e-01
  3.1940555e-03 1.1626929e-02 5.4497528e-03 1.6340612e-02 2.0774622e-03
  8.9107361e-03 6.4491723e-03 1.6050821e-02 4.4687573e-02 7.3124357e-02
  1.0061141e-02 9.7559122e-03 2.8097427e-02 1.6814344e-02 5.3504580e-03
  3.9790557e-03 4.0477611e-02 7.4001537e-03 1.9142454e-04 3.3557003e-03
  2.4758019e-03 1.1444175e+00 3.3026158e-03 1.4225725e-03 1.2088004e-02
  1.5080137e-03 4.2324487e-02 3.5332490e-02 1.4256642e-02 7.5652958e-03
  8.9079877e-03 5.4360721e-02 3.9343845e-02 5.2081337e-03 3.7618594e-03]]
[[3.09715944e-07 3.88497165e-06 8.24059725e-07 4.30058435e-06
  9.89560021e-07 3.70962471e-06 1.36817089e-05 1.36629671e-06
  5.94035009e-06 9.33173624e-07 5.17775220e-07 3.50280675e-06
  3.23575696e-05 2.56807903e-06 1.56854483e-04 9.88928969e-06
  1.75530331e-05 1.14486943e-06 2.46442511e-07 2.05885808e-04
  3.05653907e-06 1.20352581e-06 5.56139355e-07 1.07171707e-06
  1.22453435e-04 4.28420634e-07 4.56246107e-06 4.42206101e-06
  1.01043097e-05 2.59307808e-06 2.15371571e-07 4.39955920e-06
  1.50085168e-06 5.64841002e-06 2.09022346e-05 1.10441613e-06
  1.34062075e-05 2.49329369e-05 3.50875325e-06 1.09334214e-05
  4.57362694e-06 1.03151042e-05 2.36538290e-06 6.84990539e-07
  1.43469936e-06 1.74148738e-06 1.74701170e-04 3.71565108e-07
  1.28814548e-07 1.61973423e-06 5.44889872e-07 1.44851338e-05
  2.15647378e-05 1.15574210e-06 3.57306112e-06 5.23492781e-06
  4.42873352e-06 7.62675381e-06 9.52199287e-07 3.40183465e-06]]
[[9.9795591e-07 3.3210142e-07 4.7023061e-08 ... 4.4935285e-07
  4.0375204e-07 5.9681781e-07]
 [3.2059432e-07 4.5889186e-07 7.5425719e-09 ... 5.3737452e-08
  3.1962886e-09 5.1684371e-08]
 [1.6037288e-07 4.5427395e-08 6.1121611e-08 ... 7.4344393e-07
  1.8561259e-07 3.1305920e-09]
 ...
 [2.1867548e-07 2.4168635e-06 2.4946781e-08 ... 2.0939926e-06
  1.3500009e-05 8.6547590e-07]
 [4.6428599e-07 1.3825701e-07 6.8438830e-08 ... 8.1760720e-07
  2.6992569e-07 1.0080374e-06]
 [2.0720871e-07 8.9185995e-08 1.9312594e-08 ... 1.2936443e-06
  1.2968969e-06 4.5021827e-07]]
[[2.50586169e-07 9.07434909e-08 1.09909311e-10 ... 1.40036533e-07
  1.40894463e-06 2.03419020e-07]
 [1.36872259e-07 2.21433268e-07 2.87623858e-09 ... 1.47218664e-08
  1.48035528e-09 1.88731253e-08]
 [5.30819406e-08 1.51919579e-08 2.45278144e-08 ... 1.89759035e-07
  1.85940534e-11 4.38894565e-09]
 ...
 [6.18713045e-08 1.38728581e-06 1.36185898e-08 ... 7.60912201e-07
  4.20697779e-06 3.34121381e-07]
 [1.18248060e-07 1.42695283e-11 8.43106207e-09 ... 9.91869115e-07
  9.88755389e-08 2.39476293e-07]
 [7.27454150e-08 1.05280655e-07 2.21305363e-10 ... 3.24299208e-07
  4.31444334e-07 3.37445431e-06]]
[[0.00326976 0.01318294 0.00062187 0.00035943 0.00185787 0.00027719
  0.00776109 0.00112377 0.00115544 0.0010073  0.00070043 0.00208457
  0.0029314  0.00081548 0.00239558 0.00071855 0.0012307  0.00031462
  0.00025013 0.00027614 0.00021808 0.00017174 0.00170575 0.00201413
  0.00194804 0.00386371 0.00438112 0.00038657 0.00714444 0.00020251
  0.00024311 0.00121623 0.00163581 0.00173541 0.00138048 0.00525959
  0.00027773 0.00108513 0.0041893  0.00304274 0.00105345 0.00051124
  0.00717724 0.00057387 0.00052756 0.00064981 0.00127464 0.00024281
  0.00043224 0.00128603 0.00051745 0.00056318 0.00084624 0.0005216
  0.00045894 0.00416741 0.00268944 0.00096901 0.00119176 0.00055242]]
[[2.4054120e-07 5.3673222e-05 3.2502740e-07 3.9388681e-07 7.4725026e-06
  1.8216257e-07 8.0004088e-07 2.2224751e-06 8.0830461e-07 1.3090423e-07
  6.1413618e-07 2.4335857e-06 5.6610952e-07 3.7022045e-07 3.0935789e-06
  4.9009728e-08 6.9381804e-07 2.7971524e-07 9.6472810e-08 2.0076347e-07
  2.5548238e-07 1.9063339e-07 5.0863059e-07 7.0430710e-06 4.5326271e-07
  1.6799231e-06 2.2515228e-06 7.1588168e-08 4.7871813e-06 3.3129916e-07
  5.7791004e-07 2.4270707e-07 5.1385922e-07 1.4126462e-06 6.7486462e-07
  1.3015381e-05 4.3356815e-07 1.7460259e-06 6.9910942e-07 2.3137920e-06
  8.8268365e-07 3.0146902e-07 3.8471705e-07 1.4488988e-06 3.8073165e-07
  3.4941024e-07 9.4158196e-07 1.5249739e-07 1.3568170e-07 3.5748079e-07
  2.9798355e-07 4.9273825e-07 6.4232512e-07 1.6421536e-07 7.9728494e-07
  2.6930641e-06 6.9474476e-07 5.0195553e-07 1.5357542e-06 5.4989829e-07]]
[[1.97091667e-05 3.18628554e-06 2.41738890e-05 1.19116761e-04
  4.02817022e-07 2.32049242e-05 1.84172422e-05 6.57531200e-05
  1.05871970e-06 1.30901913e-06]
 [2.91230981e-06 6.75399724e-06 4.01473080e-04 2.09866612e-05
  6.49096910e-06 1.96607034e-05 1.33160702e-05 3.61141929e-06
  2.71369991e-05 3.02833911e-07]
 [1.62529541e-05 1.40243444e-07 1.71590480e-03 6.31448929e-05
  2.34285403e-06 2.29052821e-05 2.07936791e-05 1.47617557e-05
  4.93966036e-06 6.63028629e-07]
 [4.27479827e-05 2.42324804e-05 1.82190517e-04 1.16653151e-04
  2.62599151e-05 5.13913028e-06 3.03600373e-05 1.81989853e-05
  8.13614349e-07 1.67959934e-06]
 [3.97256335e-05 3.58618536e-07 5.25248703e-04 5.01616705e-05
  3.60910008e-06 5.90979789e-06 1.22498695e-05 7.55853898e-06
  9.29880662e-06 2.05132892e-06]
 [1.28935571e-05 6.24895547e-05 2.52164504e-03 2.59411809e-05
  1.71155898e-05 2.36053365e-05 3.33397511e-05 2.06264565e-04
  1.24043610e-04 3.92262329e-08]
 [1.46595004e-04 7.34633068e-05 1.68894767e-04 1.02467609e-04
  2.26318425e-05 2.99877811e-05 2.76490773e-05 5.63342073e-05
  7.46911428e-06 3.19249040e-07]
 [7.82679854e-06 5.15476313e-05 5.26408665e-04 1.28935964e-04
  2.35033531e-06 2.57896645e-05 7.70085244e-05 3.20914769e-05
  9.39243819e-06 9.43760824e-07]
 [9.99180920e-05 3.95976213e-06 1.57626683e-03 6.12674849e-05
  7.18331785e-06 4.04389675e-06 3.52611933e-05 2.29116537e-07
  7.72717613e-06 1.42923432e-06]
 [5.49178139e-06 1.69647183e-06 1.59307767e-03 2.36560809e-05
  5.80920278e-06 9.40847531e-06 8.55892631e-06 3.14386853e-05
  1.04584964e-04 5.58201145e-06]
 [2.14210850e-05 1.01035175e-06 1.11113128e-04 3.78489960e-04
  1.87005796e-07 6.80770700e-06 3.56829014e-06 2.78977859e-05
  1.68134065e-05 2.37832455e-06]
 [3.71771057e-06 9.93774484e-06 1.24473168e-04 1.03259139e-04
  5.04992431e-06 1.30220160e-05 9.18625301e-06 1.11617061e-04
  4.43591598e-05 9.00653845e-07]
 [5.35675863e-05 2.39655001e-05 2.45825481e-03 1.11153240e-04
  3.02576809e-05 5.57502472e-06 3.12622433e-05 1.24211992e-05
  2.94860711e-05 3.84337272e-06]
 [8.90784486e-06 5.33360200e-08 1.49586282e-04 1.13190668e-04
  3.03777051e-06 1.38756432e-05 4.24184327e-06 1.38543226e-04
  6.86227795e-05 2.97637553e-06]
 [3.58090329e-05 3.25899487e-06 1.83109703e-04 1.37168684e-06
  1.20178229e-05 2.92503387e-06 2.87257590e-05 6.72011884e-05
  1.16783405e-04 9.65123718e-07]
 [8.31677607e-06 2.98582177e-06 2.67778203e-04 2.81966950e-05
  4.89088507e-07 1.18756554e-06 1.54271220e-05 2.66005827e-06
  4.58379782e-06 7.56182601e-07]
 [9.93975773e-05 7.20982825e-06 2.31511169e-03 1.66945349e-04
  2.86477116e-05 1.18501421e-05 7.81416293e-06 1.66418235e-04
  4.26437737e-06 3.45506592e-08]
 [7.03732940e-06 3.88716253e-05 8.03101109e-04 5.50939876e-05
  3.48508684e-06 4.97926021e-06 1.54583304e-05 2.18536898e-05
  1.16026868e-05 1.09335074e-08]
 [6.33227246e-05 6.32822321e-07 1.66371267e-03 6.31791409e-05
  1.02268750e-05 1.01320402e-05 2.55928971e-05 3.50515329e-05
  1.13230613e-04 8.84030214e-07]
 [4.54408219e-05 2.49751562e-08 1.74323807e-03 1.01432423e-04
  4.32578236e-05 7.18508227e-06 1.80628649e-06 9.53085400e-05
  2.59551825e-07 4.28266640e-06]
 [1.19255628e-05 3.01578069e-07 4.03111475e-03 1.19357892e-05
  7.13903091e-06 9.34951549e-06 1.27104813e-05 7.62680647e-05
  1.18349853e-04 1.06361961e-06]
 [1.26230561e-05 2.10083840e-07 1.26587495e-03 1.76967194e-04
  3.71026981e-05 5.87613749e-06 2.40505451e-05 1.25334836e-07
  4.06870095e-05 5.74246599e-07]
 [5.31002588e-05 6.48545537e-08 6.73268456e-04 1.69408686e-05
  1.62511901e-06 5.38786423e-07 2.84266571e-05 6.55961594e-06
  1.30876679e-05 3.96301978e-08]
 [6.40022449e-07 6.32607509e-07 2.59691360e-03 1.16323121e-04
  3.35409313e-05 1.79811159e-05 1.72196160e-05 1.77139350e-06
  6.89462104e-05 2.81325555e-07]
 [6.00514704e-06 2.28594818e-05 9.87956650e-04 2.11810711e-05
  9.26549944e-07 1.25227780e-06 1.26636178e-05 5.53947903e-05
  3.61844359e-05 1.76813273e-06]
 [1.63283810e-04 6.26873032e-07 4.65028570e-04 7.93203890e-06
  1.99072565e-05 2.23344814e-05 2.04907337e-05 5.00285532e-05
  9.17095258e-06 5.57306976e-07]
 [4.33530222e-05 8.73560475e-06 1.22281071e-03 1.73792960e-05
  1.91512881e-05 2.91838514e-05 2.42053848e-05 1.49235511e-05
  1.24212411e-05 2.65312815e-06]
 [4.48203864e-05 1.71806842e-05 6.17645448e-04 4.31762383e-05
  3.51823328e-05 1.19818651e-05 2.33153810e-06 5.07737604e-05
  8.44979877e-06 2.14594955e-08]
 [1.01853067e-04 6.99139321e-07 3.71693284e-04 6.52514282e-05
  6.66465712e-06 1.86579909e-05 7.79075162e-06 2.22568433e-05
  5.39146058e-05 4.36636219e-06]
 [1.34385755e-05 1.65941026e-06 2.53606797e-03 3.81698692e-06
  3.48548820e-05 6.91638343e-06 1.04115827e-06 1.31258203e-05
  2.01897547e-05 3.90739132e-07]
 [4.78076327e-05 2.64202731e-06 1.79355883e-03 1.91571860e-04
  1.28588488e-06 1.38572723e-05 2.66877432e-05 1.71004797e-06
  7.71175110e-06 2.08707047e-06]
 [1.26904895e-04 7.75313219e-06 3.16011510e-03 1.00876161e-04
  4.30871069e-07 3.88537592e-05 1.29028585e-05 5.01855466e-05
  5.06330252e-05 2.90784214e-06]
 [7.59028480e-05 3.39260150e-05 3.52624047e-04 8.09721896e-05
  8.91911532e-06 2.16707012e-05 1.20644963e-05 3.30320800e-05
  3.35424011e-05 4.82396729e-07]
 [2.33159553e-05 1.26500174e-06 2.07975725e-04 3.49334368e-05
  1.33495428e-06 1.17327436e-05 2.68237745e-05 4.22957237e-05
  9.63375805e-06 6.05268866e-08]
 [1.55868311e-05 1.00512607e-05 8.18623448e-05 1.20994882e-05
  9.31052364e-06 9.88004922e-06 2.19897083e-05 5.01762115e-05
  6.63847968e-05 4.49319168e-06]
 [6.26356996e-06 3.73117882e-06 8.96449026e-04 2.30802223e-04
  5.73020452e-06 9.74191425e-06 4.40304830e-05 7.92348419e-06
  5.52444681e-06 4.93452035e-07]
 [4.82249970e-06 2.91649917e-06 8.71350232e-04 3.22092365e-06
  1.48384245e-07 5.46890442e-06 6.34530370e-05 1.21314970e-05
  3.34232527e-06 1.26744806e-06]
 [7.49189894e-06 6.22425418e-08 1.62925222e-03 4.61071650e-05
  1.94905851e-06 1.83706852e-05 3.33265125e-05 2.39436554e-06
  7.97267858e-05 1.59687900e-07]
 [1.52952907e-05 6.60122851e-07 9.28722497e-04 4.18884629e-05
  2.63306702e-05 8.22474249e-06 2.28831013e-05 3.56910186e-06
  6.59564685e-05 1.28803464e-07]
 [1.40164921e-05 1.88393315e-07 2.20119036e-05 2.23646950e-07
  7.55017936e-07 8.96593065e-07 6.67738141e-06 1.06310699e-06
  9.26325265e-06 3.54471268e-07]
 [2.00118961e-06 2.25930726e-05 1.98484072e-03 1.38518899e-05
  2.07825997e-05 1.10749343e-05 2.48283936e-06 1.79756444e-06
  3.33755816e-05 4.44594036e-07]
 [5.05016505e-05 1.83444099e-05 2.25443961e-04 1.86938400e-04
  2.88421688e-06 5.93986306e-06 2.53176258e-05 9.80337354e-05
  3.01597970e-06 5.70650229e-07]
 [7.97452376e-05 4.13448973e-08 8.94736004e-05 1.12841823e-04
  2.04499283e-05 1.16513029e-05 3.78792320e-05 5.49150609e-05
  3.55290722e-05 1.00762418e-06]
 [2.54696679e-05 2.75417642e-06 1.03329832e-03 5.36725747e-05
  6.86654812e-06 4.27291934e-06 1.29778755e-05 5.49021097e-05
  4.68942926e-05 2.99517325e-07]
 [1.22862893e-05 3.75924998e-07 2.17055273e-03 8.97745122e-05
  3.09964605e-07 6.59889849e-07 4.37269482e-05 2.52167829e-05
  5.29232202e-05 1.04012543e-06]
 [9.41658800e-05 9.89739988e-07 1.87442102e-03 4.43678946e-05
  1.23478603e-05 2.59818280e-05 1.48197596e-05 3.35629884e-05
  1.38842093e-04 1.75869206e-06]
 [9.84884027e-05 3.45782319e-05 2.48450979e-05 3.10471660e-05
  4.72231222e-05 9.30623082e-06 2.13393414e-05 5.42391681e-05
  7.30784377e-05 3.03556419e-07]
 [1.34339070e-05 1.22802358e-05 1.12899242e-03 1.17948155e-04
  1.93788674e-06 1.67735034e-05 4.27562263e-05 7.10336972e-05
  7.80876962e-06 1.70019871e-06]
 [5.57032181e-05 1.50630115e-07 1.49152271e-04 5.34442952e-05
  3.39687831e-05 1.42281469e-05 1.79211802e-05 4.28840440e-06
  1.42308309e-05 6.09279914e-06]
 [6.29616188e-05 1.34790014e-07 2.09838082e-03 1.32730565e-04
  7.59546265e-06 2.32898783e-05 2.34002418e-05 1.03502716e-05
  3.11008844e-05 2.14244238e-07]
 [2.08547572e-05 4.97773035e-05 7.11690402e-04 1.63257607e-06
  1.66220470e-05 6.46633816e-06 4.16089679e-05 6.54109499e-06
  1.93817255e-06 6.90608022e-06]
 [3.00667443e-06 9.65745883e-08 2.68811738e-04 2.57604988e-05
  1.84338351e-05 9.45634747e-06 3.46015768e-05 9.14092197e-06
  3.04454011e-06 1.19264496e-06]
 [7.34586065e-05 1.17732598e-05 1.14147806e-04 4.81156894e-06
  1.98597249e-07 8.31502348e-06 5.57611929e-06 6.49418798e-05
  1.94556924e-05 5.42207363e-06]
 [1.48103009e-05 6.06067871e-08 1.50841979e-05 6.71566013e-05
  1.01555734e-05 6.18288868e-06 2.47048847e-05 4.07980497e-06
  5.05316893e-05 1.92996168e-07]
 [6.56851844e-05 1.45905478e-05 2.78085703e-03 4.28168678e-05
  9.24208234e-06 4.33112064e-06 2.87234216e-05 8.68089410e-06
  1.05398040e-05 1.82338601e-06]
 [5.21831571e-05 5.12389852e-06 1.49151645e-04 4.85545970e-05
  9.63900675e-07 8.09795529e-06 1.12094103e-05 2.19332302e-04
  1.12743073e-05 2.85909579e-07]
 [1.56389342e-06 3.54251824e-05 3.79668985e-04 1.98139951e-05
  4.35691027e-06 8.88364639e-07 2.11198167e-05 2.56919939e-05
  3.60319814e-06 6.53914594e-06]
 [8.26166433e-05 5.43148644e-06 2.60028435e-04 2.39915433e-04
  1.50042642e-05 1.03293823e-05 5.26360327e-06 2.92928980e-05
  7.74092114e-05 8.31772184e-07]
 [5.36097514e-06 1.11444342e-06 1.89472991e-03 4.38661264e-05
  2.94894477e-07 7.99421059e-07 6.36465338e-05 1.38535706e-05
  1.65768997e-05 1.88826721e-06]
 [1.84025121e-05 5.39094515e-07 9.12178017e-04 6.85214909e-05
  7.64663582e-06 1.74872039e-05 2.85996566e-06 7.10049972e-06
  1.09595558e-05 2.52179319e-07]]
[[9.71030295e-06 8.22926864e-08 9.62888953e-06 2.65275376e-05
  8.83826942e-06 5.60830222e-06 4.48897026e-06 1.11386487e-06
  6.54017015e-07 3.83699387e-07]
 [1.19101014e-06 2.38518192e-06 1.78094138e-04 5.34013296e-08
  1.85479712e-06 4.33836613e-06 7.22586435e-08 1.21175412e-06
  6.41959105e-06 5.38546431e-07]
 [3.29084105e-05 2.96664507e-06 6.17957208e-04 1.73147273e-05
  1.00871193e-06 5.29128783e-06 6.35348158e-07 1.04286060e-04
  1.30271894e-06 6.12015640e-07]
 [1.06504640e-05 2.58067452e-08 4.97713263e-05 7.88873038e-08
  6.53916595e-06 1.31099159e-06 1.08021741e-05 2.88353331e-05
  2.34605764e-07 4.62678571e-07]
 [8.28520024e-06 1.52291989e-07 1.27648687e-04 1.37480596e-08
  8.44849239e-07 2.19343001e-05 4.02558771e-06 2.74641548e-06
  2.09131213e-06 7.63028584e-06]
 [4.91992478e-06 1.47324690e-05 4.31736453e-07 1.34061111e-05
  1.10993733e-05 1.25749648e-05 5.81251847e-08 7.73269494e-05
  3.11996009e-05 7.38526964e-08]
 [2.99894818e-05 7.33569232e-06 1.68867933e-03 2.39442670e-05
  6.08101254e-06 6.12430767e-06 7.99988265e-06 1.32686282e-05
  3.08190397e-06 2.64210276e-09]
 [5.14986823e-07 1.14980301e-08 1.27760606e-04 3.49000802e-05
  6.09615029e-07 2.59919131e-09 2.24167925e-05 9.95219943e-06
  2.28186468e-06 2.79819233e-07]
 [5.82492212e-05 2.18161294e-05 4.08321561e-04 2.29570517e-07
  1.61590901e-06 1.48589447e-06 1.00121870e-05 1.21861802e-07
  5.30904117e-06 3.91928239e-07]
 [8.20720652e-06 3.41513839e-07 5.72517142e-03 9.03289443e-09
  1.72556111e-06 2.38746429e-06 2.22155109e-06 1.95364391e-05
  2.24660089e-05 5.59139568e-10]
 [5.96572136e-06 2.89524155e-10 1.10833982e-08 8.80712396e-05
  7.80088385e-07 1.95046432e-08 2.27875489e-06 1.26317946e-05
  1.79696544e-05 5.61315176e-07]
 [3.88157263e-04 1.60079338e-07 1.17995910e-06 9.20666935e-05
  1.88866989e-06 3.07891696e-06 9.20094778e-10 3.26524496e-05
  3.42984968e-05 1.64968426e-07]
 [2.94319108e-07 7.42081193e-06 6.46558590e-04 8.01907445e-05
  8.41567362e-06 3.47974424e-06 3.20689978e-05 5.63148888e-06
  3.67358894e-07 1.01595174e-06]
 [6.17251590e-06 1.49799874e-07 4.76779169e-05 2.78933403e-05
  7.47027855e-07 2.67352630e-06 1.46729477e-07 1.52100519e-08
  1.66601039e-05 1.58921921e-06]
 [8.52458197e-06 3.07421644e-08 1.44018937e-04 4.41490613e-07
  2.91911647e-06 6.05418381e-06 1.01027817e-05 3.17066622e-08
  4.90632556e-06 3.83354575e-07]
 [2.72478951e-06 1.07312621e-06 9.01071544e-05 7.88784291e-06
  4.57419765e-06 3.23270825e-07 1.02814956e-05 3.14362137e-06
  1.26451448e-06 3.61890670e-06]
 [1.97198515e-05 3.32517038e-06 1.37565985e-06 4.48537758e-04
  7.09928145e-06 2.89067134e-06 1.04026943e-09 1.93368305e-05
  5.32257654e-05 8.73663719e-09]
 [1.50986998e-05 3.90626465e-09 1.97554124e-04 1.35615010e-05
  9.73999022e-07 1.91780387e-07 4.54214796e-06 1.34233987e-05
  4.36660548e-06 1.27947102e-08]
 [1.51069635e-05 3.31388094e-07 3.37262551e-04 1.79457274e-05
  2.80176437e-06 2.46185004e-06 1.12225025e-05 1.20342911e-05
  1.61163971e-05 3.53480004e-07]
 [1.07532487e-05 2.50819222e-12 1.02073852e-06 1.05447762e-05
  1.12086200e-05 2.08385541e-06 1.24466339e-06 5.61091329e-05
  3.45592099e-07 1.23171901e-06]
 [4.32663655e-05 3.12667270e-09 2.05471064e-04 8.28978318e-06
  4.69111983e-05 9.34794464e-10 4.81148027e-06 1.92786581e-04
  4.08192755e-05 1.87938221e-10]
 [5.56717750e-05 1.46745936e-06 5.27421187e-04 4.81391908e-05
  9.03504952e-06 1.41966575e-06 4.72990469e-05 6.24493079e-09
  2.09574791e-05 1.57945450e-07]
 [1.86655179e-05 1.56220850e-08 2.48279389e-06 4.33029800e-06
  2.36566211e-06 1.37186404e-07 1.13865872e-05 4.98506267e-07
  2.70670512e-06 1.74040284e-08]
 [1.93961910e-07 1.15180546e-06 6.79585733e-04 5.24217758e-05
  1.15245039e-05 4.56148655e-06 4.24058817e-06 3.76474702e-07
  4.03866252e-05 8.19982446e-08]
 [1.53125916e-06 1.00155312e-07 3.24291526e-04 1.58679377e-05
  2.13862245e-06 2.62216219e-07 3.46717684e-06 1.77783822e-05
  1.06638479e-04 3.88097078e-07]
 [4.49896288e-05 2.15894872e-07 8.88319802e-04 3.70631739e-08
  5.33431921e-06 9.25213608e-05 2.98804734e-05 1.22606816e-05
  4.52886025e-06 5.65696968e-11]
 [4.93699808e-05 2.70061241e-06 6.10988587e-04 4.09207541e-06
  1.20999241e-04 8.12102280e-06 1.86983470e-05 1.34727743e-05
  4.02418118e-06 4.35981917e-08]
 [8.08826226e-05 4.22007724e-06 1.74784422e-04 1.93404867e-05
  3.58489949e-09 4.97630435e-06 1.52013413e-07 1.66271464e-04
  3.59000887e-06 8.28343172e-09]
 [2.14286392e-05 3.48399443e-09 8.96101410e-05 7.69389226e-06
  1.64774633e-06 3.46329472e-08 3.80337133e-06 5.04573063e-06
  5.54335111e-06 4.41159387e-10]
 [8.95447897e-07 6.08519713e-07 1.43053956e-04 4.97935571e-06
  1.03076127e-05 4.14262445e-07 1.20512652e-06 4.80215840e-06
  4.68035978e-06 9.62964037e-08]
 [1.56752139e-05 2.58933073e-06 5.13144005e-06 4.46308804e-05
  4.38864134e-07 7.03769319e-06 9.17061094e-09 3.96147726e-07
  1.27339026e-05 5.27631471e-07]
 [2.56862750e-05 1.92041898e-06 1.14113651e-03 2.11848273e-05
  1.66096513e-07 9.55086216e-06 2.16636017e-05 2.27819078e-06
  1.51305285e-05 3.58298724e-09]
 [7.55717201e-06 3.79288689e-09 2.23114941e-04 5.63823619e-07
  2.66041570e-06 5.48839580e-06 3.59315050e-06 8.91296440e-05
  2.17038214e-05 1.13904647e-07]
 [1.16519823e-05 1.41806981e-06 8.08383629e-05 1.40603561e-05
  3.76108424e-08 1.21834755e-05 1.53385390e-05 1.01378027e-05
  7.55648955e-07 1.60400333e-08]
 [5.53241080e-06 2.60832803e-06 5.36515074e-07 4.18830808e-04
  2.70344481e-06 2.58011278e-06 6.41814086e-06 6.97915821e-05
  2.06053650e-04 1.63976858e-06]
 [3.13009309e-06 1.93484762e-09 2.21624854e-04 2.50102961e-08
  8.58053227e-06 1.15654025e-07 9.38219884e-08 2.14217725e-05
  1.94688369e-07 1.32931135e-07]
 [3.99731744e-06 7.41780980e-07 7.84303575e-06 2.94660140e-06
  1.88128638e-07 1.85107217e-06 2.21007140e-05 4.14784199e-06
  1.11977499e-06 1.98462590e-06]
 [2.33616151e-06 1.99990069e-07 3.67692468e-04 8.51308624e-09
  2.16409189e-05 3.95745292e-06 8.78315120e-07 2.37561903e-06
  5.15110150e-05 2.58629910e-07]
 [4.19162325e-06 1.71037115e-07 2.66218471e-04 1.06343850e-05
  2.50314457e-07 1.55712132e-06 5.42360431e-06 2.61729429e-06
  3.32594510e-07 9.15526499e-08]
 [6.27710790e-07 5.90330274e-08 6.17797969e-06 9.72792762e-08
  3.28990666e-07 3.47743111e-07 6.72485885e-06 2.11921906e-06
  3.57449676e-06 7.60564717e-07]
 [2.22587096e-06 2.05496781e-06 5.20413043e-04 1.28316242e-05
  5.52350093e-06 3.86015381e-06 1.66900247e-06 4.39894052e-07
  8.63355672e-06 5.23926360e-07]
 [1.31578508e-05 3.96229598e-06 7.78111644e-05 3.43756728e-05
  2.13789735e-06 2.05012407e-06 1.17823301e-05 2.57846204e-05
  2.48351833e-04 4.51324951e-08]
 [7.71446977e-08 1.03366995e-08 3.23217937e-05 9.08457660e-05
  2.42612186e-05 2.63739616e-06 3.71830829e-05 1.50622527e-05
  2.77325307e-05 9.31132078e-08]
 [7.77798596e-06 1.34941786e-06 2.99918087e-04 1.67976814e-05
  7.19723336e-10 2.85867991e-05 3.34860670e-06 1.24501412e-05
  1.63599088e-05 9.41134672e-08]
 [3.74439514e-06 1.41216248e-07 8.47739329e-07 2.49237564e-06
  6.48164331e-08 1.75351561e-05 9.70690053e-06 8.88300838e-06
  1.17286472e-05 5.01895325e-09]
 [2.40498011e-05 2.34991674e-07 4.85751982e-04 1.32545720e-05
  1.20199593e-08 5.48671233e-06 1.21153944e-05 8.08778132e-05
  3.33572243e-05 5.62031119e-07]
 [2.41278449e-05 8.94733603e-06 6.32221418e-06 2.26110205e-05
  2.78591619e-06 2.38014945e-06 1.64293142e-05 1.59463598e-05
  2.07005014e-05 1.46142085e-07]
 [4.48553443e-08 3.26048098e-06 2.97340594e-04 2.90598800e-05
  1.50522146e-06 4.32503884e-06 1.30255094e-05 9.88247962e-07
  8.04534238e-07 5.24315283e-07]
 [1.31713532e-05 3.88506010e-08 4.36629525e-05 1.96831097e-04
  1.02365412e-07 4.62658909e-06 1.09050095e-04 1.57675061e-06
  3.85509156e-06 6.08695261e-10]
 [2.35317245e-07 8.51352411e-07 5.24605392e-04 5.69231343e-05
  9.00568739e-06 2.33015185e-09 5.41948839e-06 1.05955156e-09
  1.04803257e-05 2.16590218e-11]
 [5.21762195e-06 1.19094784e-05 1.09352528e-04 4.17027309e-07
  6.19213279e-06 6.46080023e-10 2.77843938e-05 2.10235748e-06
  2.46727923e-05 1.69670943e-06]
 [8.13155168e-07 2.32851704e-07 7.78112808e-05 6.63896344e-06
  1.38010932e-07 2.58464229e-06 1.55576981e-05 3.64151106e-06
  5.00625492e-06 1.95842942e-09]
 [1.62495526e-05 3.13510395e-06 3.68844019e-04 7.11251346e-07
  5.00145377e-11 2.00519980e-06 1.90123092e-06 1.69488430e-05
  3.80566598e-05 5.45001821e-10]
 [1.59669838e-07 1.29919903e-11 1.04018236e-05 2.27708206e-05
  9.23621155e-06 6.89098945e-10 5.68987934e-06 9.28850284e-07
  7.24766238e-08 5.62588589e-08]
 [1.44158166e-05 3.70906560e-06 3.34283541e-05 5.29304680e-06
  2.37652694e-06 3.40854278e-08 7.77467085e-06 2.25049052e-06
  3.58550949e-08 4.74871683e-07]
 [2.15988976e-07 5.21221677e-10 2.99773383e-05 1.44517380e-05
  2.25717841e-07 1.15123194e-05 3.96298992e-06 4.34109097e-07
  1.64239353e-07 8.34198417e-08]
 [5.39005896e-07 5.58348345e-09 1.06878098e-04 5.32131207e-06
  7.55206929e-06 6.61999877e-07 5.04569425e-06 1.49498135e-07
  1.27529051e-06 5.52378978e-08]
 [1.39401483e-04 1.36473773e-06 7.48822131e-05 4.71960848e-05
  1.50263435e-09 2.44608782e-06 1.22132747e-06 2.08018673e-06
  1.87902970e-05 2.56907356e-07]
 [1.31776233e-06 9.09475375e-07 1.61732987e-06 3.27489455e-04
  8.43346299e-08 2.09977074e-07 6.38021680e-09 4.10753273e-06
  3.87780983e-06 4.79372375e-07]
 [6.52228709e-06 2.20959127e-08 1.63813849e-04 1.43851321e-05
  2.01020885e-06 4.40185340e-06 7.89188675e-07 9.11868265e-05
  2.32437742e-06 2.53863892e-11]]
[[0.00046624 0.00059843 0.03191456 0.00182606 0.00269402 0.0002217
  0.00078428 0.00553865 0.00367495 0.00030355]]
[[1.8434403e-07 7.7806384e-08 4.1743606e-06 1.8084302e-07 7.5684405e-08
  1.3421632e-08 1.0375829e-07 1.6384922e-07 1.6190663e-07 3.1915974e-07]]
