
=============================
CONFIG FILE

RNN CONFIG
{'data_multiplier': 0.001,
 'gradient_clip_value': 0.5,
 'layer_configs': [{'layer_type': 'input'},
                   {'bc': {'init_m': 'xavier',
                           'init_v': -4.5,
                           'prior_m': 0.0,
                           'prior_v': 0.0,
                           'type': 'continuous'},
                    'bf': {'init_m': 'xavier',
                           'init_v': -4.5,
                           'prior_m': 0.0,
                           'prior_v': 0.0,
                           'type': 'continuous'},
                    'bi': {'init_m': 'xavier',
                           'init_v': -4.5,
                           'prior_m': 0.0,
                           'prior_v': 0.0,
                           'type': 'continuous'},
                    'bo': {'init_m': 'xavier',
                           'init_v': -4.5,
                           'prior_m': 0.0,
                           'prior_v': 0.0,
                           'type': 'continuous'},
                    'init_config': {'c': {'b': 'all_zero', 'w': 'xavier'},
                                    'f': {'b': 'all_one', 'w': 'all_zero'},
                                    'i': {'b': 'all_zero', 'w': 'xavier'},
                                    'o': {'b': 'all_zero', 'w': 'xavier'}},
                    'is_output': False,
                    'is_recurrent': True,
                    'layer_type': 'lstm',
                    'var_scope': 'lstm_0',
                    'wc': {'init_m': 'xavier',
                           'init_v': -4.5,
                           'prior_m': 0.0,
                           'prior_v': 0.0,
                           'type': 'continuous'},
                    'wf': {'init_m': 'xavier',
                           'init_v': -4.5,
                           'prior_m': 0.0,
                           'prior_v': 0.0,
                           'type': 'continuous'},
                    'wi': {'init_m': 'xavier',
                           'init_v': -4.5,
                           'prior_m': 0.0,
                           'prior_v': 0.0,
                           'type': 'continuous'},
                    'wo': {'init_m': 'xavier',
                           'init_v': -4.5,
                           'prior_m': 0.0,
                           'prior_v': 0.0,
                           'type': 'continuous'}},
                   {'bc': {'init_m': 'xavier',
                           'init_v': -4.5,
                           'prior_m': 0.0,
                           'prior_v': 0.0,
                           'type': 'continuous'},
                    'bf': {'init_m': 'xavier',
                           'init_v': -4.5,
                           'prior_m': 0.0,
                           'prior_v': 0.0,
                           'type': 'continuous'},
                    'bi': {'init_m': 'xavier',
                           'init_v': -4.5,
                           'prior_m': 0.0,
                           'prior_v': 0.0,
                           'type': 'continuous'},
                    'bo': {'init_m': 'xavier',
                           'init_v': -4.5,
                           'prior_m': 0.0,
                           'prior_v': 0.0,
                           'type': 'continuous'},
                    'init_config': {'c': {'b': 'all_zero', 'w': 'xavier'},
                                    'f': {'b': 'all_one', 'w': 'all_zero'},
                                    'i': {'b': 'all_zero', 'w': 'xavier'},
                                    'o': {'b': 'all_zero', 'w': 'xavier'}},
                    'is_output': False,
                    'is_recurrent': True,
                    'layer_type': 'lstm',
                    'var_scope': 'lstm_1',
                    'wc': {'init_m': 'xavier',
                           'init_v': -4.5,
                           'prior_m': 0.0,
                           'prior_v': 0.0,
                           'type': 'continuous'},
                    'wf': {'init_m': 'xavier',
                           'init_v': -4.5,
                           'prior_m': 0.0,
                           'prior_v': 0.0,
                           'type': 'continuous'},
                    'wi': {'init_m': 'xavier',
                           'init_v': -4.5,
                           'prior_m': 0.0,
                           'prior_v': 0.0,
                           'type': 'continuous'},
                    'wo': {'init_m': 'xavier',
                           'init_v': -4.5,
                           'prior_m': 0.0,
                           'prior_v': 0.0,
                           'type': 'continuous'}},
                   {'b': {'init_m': 'xavier',
                          'init_v': -4.5,
                          'prior_m': 0.0,
                          'prior_v': 0.0,
                          'type': 'continuous'},
                    'is_output': True,
                    'is_recurrent': False,
                    'layer_type': 'fc',
                    'regularization': {'mode': None, 'strength': 0.02},
                    'var_scope': 'output_layer',
                    'w': {'init_m': 'xavier',
                          'init_v': -4.5,
                          'prior_m': 0.0,
                          'prior_v': 0.0,
                          'type': 'continuous'}}],
 'layout': [4, 60, 60, 10],
 'output_type': 'classification'}

DATA CONFIG
{'dataset': 'red_penstroke',
 'tr': {'in_seq_len': 30,
        'minibatch_enabled': True,
        'minibatch_size': 1000,
        'out_seq_len': 5,
        'zero_padding': 20},
 'va': {'in_seq_len': 30,
        'minibatch_enabled': True,
        'minibatch_size': 1000,
        'out_seq_len': 5,
        'zero_padding': 20}}

TRAINING CONFIG
{'beta_reg': 0.0,
 'is_pretrain': False,
 'learning_rate': 0.002,
 'mode': {'max_epochs': 200, 'min_error': 0.0, 'name': 'classic'},
 'task_id': 1,
 'type': 'l_sampling',
 'var_reg': 0.0}
==============================


  0,  0 | TrAcc: 0.1104, TrLoss: 544.77335, VaAcc: 0.1209, VaLoss: 2751.99841	 10 sampled NNs | VaAcc: 0.1230 +- 0.0000 | VaLoss: 2.3045 +- 0.0000
  1,  0 | TrAcc: 0.3270, TrLoss: 497.75923, VaAcc: 0.3317, VaLoss: 2515.99514	 10 sampled NNs | VaAcc: 0.3719 +- 0.0004 | VaLoss: 1.6655 +- 0.0002
  2,  0 | TrAcc: 0.3995, TrLoss: 453.32173, VaAcc: 0.3849, VaLoss: 2291.43028	 10 sampled NNs | VaAcc: 0.4102 +- 0.0003 | VaLoss: 1.5149 +- 0.0002
  3,  0 | TrAcc: 0.4110, TrLoss: 409.43061, VaAcc: 0.4122, VaLoss: 2069.00128	 10 sampled NNs | VaAcc: 0.4717 +- 0.0004 | VaLoss: 1.4434 +- 0.0004
  4,  0 | TrAcc: 0.4315, TrLoss: 366.06634, VaAcc: 0.4191, VaLoss: 1849.41873	 10 sampled NNs | VaAcc: 0.4838 +- 0.0008 | VaLoss: 1.4501 +- 0.0006
  5,  0 | TrAcc: 0.3900, TrLoss: 323.55687, VaAcc: 0.3972, VaLoss: 1633.46701	 10 sampled NNs | VaAcc: 0.4940 +- 0.0011 | VaLoss: 1.4850 +- 0.0004
  6,  0 | TrAcc: 0.3620, TrLoss: 282.00327, VaAcc: 0.3637, VaLoss: 1422.39754	 10 sampled NNs | VaAcc: 0.4946 +- 0.0024 | VaLoss: 1.4711 +- 0.0021
  7,  0 | TrAcc: 0.3523, TrLoss: 241.71062, VaAcc: 0.3479, VaLoss: 1218.12743	 10 sampled NNs | VaAcc: 0.4587 +- 0.0078 | VaLoss: 1.5327 +- 0.0065
  8,  0 | TrAcc: 0.3093, TrLoss: 203.10754, VaAcc: 0.2968, VaLoss: 1022.06265	 10 sampled NNs | VaAcc: 0.4101 +- 0.0024 | VaLoss: 1.5986 +- 0.0072
  9,  0 | TrAcc: 0.2519, TrLoss: 166.67405, VaAcc: 0.2542, VaLoss: 836.64771	 10 sampled NNs | VaAcc: 0.3464 +- 0.0031 | VaLoss: 1.6506 +- 0.0069
 10,  0 | TrAcc: 0.2190, TrLoss: 132.85274, VaAcc: 0.2156, VaLoss: 664.81574	 10 sampled NNs | VaAcc: 0.3193 +- 0.0048 | VaLoss: 1.7081 +- 0.0055
 11,  0 | TrAcc: 0.1962, TrLoss: 102.31882, VaAcc: 0.1935, VaLoss: 509.61728	 10 sampled NNs | VaAcc: 0.2909 +- 0.0074 | VaLoss: 1.8382 +- 0.0215
 12,  0 | TrAcc: 0.1639, TrLoss: 75.65790, VaAcc: 0.1558, VaLoss: 373.97455	 10 sampled NNs | VaAcc: 0.2865 +- 0.0040 | VaLoss: 1.9229 +- 0.0072
 13,  0 | TrAcc: 0.1453, TrLoss: 53.41524, VaAcc: 0.1341, VaLoss: 260.73967	 10 sampled NNs | VaAcc: 0.2390 +- 0.0112 | VaLoss: 1.9950 +- 0.0089
 14,  0 | TrAcc: 0.1302, TrLoss: 35.87005, VaAcc: 0.1229, VaLoss: 171.30528	 10 sampled NNs | VaAcc: 0.2091 +- 0.0200 | VaLoss: 2.0891 +- 0.0220
 15,  0 | TrAcc: 0.1174, TrLoss: 22.93818, VaAcc: 0.1123, VaLoss: 105.24386	 10 sampled NNs | VaAcc: 0.1289 +- 0.0126 | VaLoss: 2.2629 +- 0.0178
 16,  0 | TrAcc: 0.1165, TrLoss: 14.19990, VaAcc: 0.1089, VaLoss: 60.71353	 10 sampled NNs | VaAcc: 0.1302 +- 0.0112 | VaLoss: 2.3387 +- 0.0419
 17,  0 | TrAcc: 0.1140, TrLoss:  8.90880, VaAcc: 0.1084, VaLoss: 33.50698	 10 sampled NNs | VaAcc: 0.1057 +- 0.0118 | VaLoss: 2.4483 +- 0.0460
 18,  0 | TrAcc: 0.1117, TrLoss:  6.03452, VaAcc: 0.1063, VaLoss: 18.64751	 10 sampled NNs | VaAcc: 0.1042 +- 0.0154 | VaLoss: 2.5701 +- 0.0824
 19,  0 | TrAcc: 0.1113, TrLoss:  4.64631, VaAcc: 0.1079, VaLoss: 11.36436	 10 sampled NNs | VaAcc: 0.1023 +- 0.0108 | VaLoss: 2.6556 +- 0.0933
 20,  0 | TrAcc: 0.1139, TrLoss:  4.05368, VaAcc: 0.1081, VaLoss:  8.17998	 10 sampled NNs | VaAcc: 0.1050 +- 0.0124 | VaLoss: 2.7012 +- 0.0690
 21,  0 | TrAcc: 0.1105, TrLoss:  3.83628, VaAcc: 0.1063, VaLoss:  6.92805	 10 sampled NNs | VaAcc: 0.1051 +- 0.0098 | VaLoss: 2.7104 +- 0.0767
 22,  0 | TrAcc: 0.1109, TrLoss:  3.75823, VaAcc: 0.1066, VaLoss:  6.44140	 10 sampled NNs | VaAcc: 0.1110 +- 0.0103 | VaLoss: 2.6971 +- 0.0667
 23,  0 | TrAcc: 0.1152, TrLoss:  3.72066, VaAcc: 0.1081, VaLoss:  6.27033	 10 sampled NNs | VaAcc: 0.1105 +- 0.0138 | VaLoss: 2.7596 +- 0.0910
 24,  0 | TrAcc: 0.1070, TrLoss:  3.74372, VaAcc: 0.1088, VaLoss:  6.20963	 10 sampled NNs | VaAcc: 0.1055 +- 0.0143 | VaLoss: 2.7468 +- 0.1174
 25,  0 | TrAcc: 0.1094, TrLoss:  3.73970, VaAcc: 0.1066, VaLoss:  6.18504	 10 sampled NNs | VaAcc: 0.1073 +- 0.0065 | VaLoss: 2.7047 +- 0.0819
 26,  0 | TrAcc: 0.1094, TrLoss:  3.73081, VaAcc: 0.1062, VaLoss:  6.18113	 10 sampled NNs | VaAcc: 0.1123 +- 0.0077 | VaLoss: 2.6816 +- 0.0733
 27,  0 | TrAcc: 0.1092, TrLoss:  3.73076, VaAcc: 0.1059, VaLoss:  6.17296	 10 sampled NNs | VaAcc: 0.1100 +- 0.0089 | VaLoss: 2.6928 +- 0.0989
 28,  0 | TrAcc: 0.1144, TrLoss:  3.70928, VaAcc: 0.1072, VaLoss:  6.17175	 10 sampled NNs | VaAcc: 0.1076 +- 0.0107 | VaLoss: 2.7373 +- 0.1171
 29,  0 | TrAcc: 0.1155, TrLoss:  3.70492, VaAcc: 0.1071, VaLoss:  6.15672	 10 sampled NNs | VaAcc: 0.1084 +- 0.0118 | VaLoss: 2.7010 +- 0.0601
 30,  0 | TrAcc: 0.1095, TrLoss:  3.72982, VaAcc: 0.1071, VaLoss:  6.16286	 10 sampled NNs | VaAcc: 0.1065 +- 0.0117 | VaLoss: 2.6931 +- 0.0704
 31,  0 | TrAcc: 0.1118, TrLoss:  3.72323, VaAcc: 0.1083, VaLoss:  6.18273	 10 sampled NNs | VaAcc: 0.1009 +- 0.0074 | VaLoss: 2.7048 +- 0.0812
 32,  0 | TrAcc: 0.1106, TrLoss:  3.72780, VaAcc: 0.1078, VaLoss:  6.16790	 10 sampled NNs | VaAcc: 0.1076 +- 0.0100 | VaLoss: 2.7104 +- 0.0942
 33,  0 | TrAcc: 0.1152, TrLoss:  3.69988, VaAcc: 0.1088, VaLoss:  6.16865	 10 sampled NNs | VaAcc: 0.1094 +- 0.0094 | VaLoss: 2.6774 +- 0.0960
 34,  0 | TrAcc: 0.1113, TrLoss:  3.73156, VaAcc: 0.1064, VaLoss:  6.17660	 10 sampled NNs | VaAcc: 0.1081 +- 0.0119 | VaLoss: 2.7105 +- 0.0793
 35,  0 | TrAcc: 0.1081, TrLoss:  3.74578, VaAcc: 0.1060, VaLoss:  6.16918	 10 sampled NNs | VaAcc: 0.1098 +- 0.0106 | VaLoss: 2.6981 +- 0.0636
 36,  0 | TrAcc: 0.1103, TrLoss:  3.73075, VaAcc: 0.1067, VaLoss:  6.18671	 10 sampled NNs | VaAcc: 0.1086 +- 0.0117 | VaLoss: 2.7616 +- 0.0940
 37,  0 | TrAcc: 0.1112, TrLoss:  3.72691, VaAcc: 0.1069, VaLoss:  6.15930	 10 sampled NNs | VaAcc: 0.1076 +- 0.0112 | VaLoss: 2.7102 +- 0.0538
 38,  0 | TrAcc: 0.1095, TrLoss:  3.72547, VaAcc: 0.1091, VaLoss:  6.16261	 10 sampled NNs | VaAcc: 0.1126 +- 0.0120 | VaLoss: 2.6738 +- 0.1018
 39,  0 | TrAcc: 0.1130, TrLoss:  3.71187, VaAcc: 0.1065, VaLoss:  6.18327	 10 sampled NNs | VaAcc: 0.1123 +- 0.0123 | VaLoss: 2.7094 +- 0.0699
 40,  0 | TrAcc: 0.1118, TrLoss:  3.71889, VaAcc: 0.1064, VaLoss:  6.17278	 10 sampled NNs | VaAcc: 0.1010 +- 0.0082 | VaLoss: 2.7149 +- 0.0652
 41,  0 | TrAcc: 0.1172, TrLoss:  3.69682, VaAcc: 0.1082, VaLoss:  6.16769	 10 sampled NNs | VaAcc: 0.1134 +- 0.0096 | VaLoss: 2.7306 +- 0.0265
 42,  0 | TrAcc: 0.1112, TrLoss:  3.71885, VaAcc: 0.1067, VaLoss:  6.16996	 10 sampled NNs | VaAcc: 0.1082 +- 0.0069 | VaLoss: 2.7188 +- 0.1050
 43,  0 | TrAcc: 0.1118, TrLoss:  3.71784, VaAcc: 0.1067, VaLoss:  6.17562	 10 sampled NNs | VaAcc: 0.1084 +- 0.0084 | VaLoss: 2.7327 +- 0.0947
 44,  0 | TrAcc: 0.1112, TrLoss:  3.72778, VaAcc: 0.1065, VaLoss:  6.18895	 10 sampled NNs | VaAcc: 0.1062 +- 0.0103 | VaLoss: 2.7020 +- 0.0708
 45,  0 | TrAcc: 0.1114, TrLoss:  3.72566, VaAcc: 0.1062, VaLoss:  6.18454	 10 sampled NNs | VaAcc: 0.1024 +- 0.0151 | VaLoss: 2.7159 +- 0.1076
 46,  0 | TrAcc: 0.1103, TrLoss:  3.72077, VaAcc: 0.1077, VaLoss:  6.15007	 10 sampled NNs | VaAcc: 0.1105 +- 0.0081 | VaLoss: 2.7213 +- 0.0800
 47,  0 | TrAcc: 0.1089, TrLoss:  3.73317, VaAcc: 0.1072, VaLoss:  6.16845	 10 sampled NNs | VaAcc: 0.1067 +- 0.0080 | VaLoss: 2.6804 +- 0.0660
 48,  0 | TrAcc: 0.1107, TrLoss:  3.72200, VaAcc: 0.1079, VaLoss:  6.16113	 10 sampled NNs | VaAcc: 0.1036 +- 0.0058 | VaLoss: 2.6948 +- 0.0686
 49,  0 | TrAcc: 0.1102, TrLoss:  3.72858, VaAcc: 0.1068, VaLoss:  6.16239	 10 sampled NNs | VaAcc: 0.1084 +- 0.0110 | VaLoss: 2.7659 +- 0.1105
 50,  0 | TrAcc: 0.1102, TrLoss:  3.72948, VaAcc: 0.1063, VaLoss:  6.16343	 10 sampled NNs | VaAcc: 0.1042 +- 0.0107 | VaLoss: 2.7081 +- 0.0730
 51,  0 | TrAcc: 0.1132, TrLoss:  3.71173, VaAcc: 0.1091, VaLoss:  6.14353	 10 sampled NNs | VaAcc: 0.1081 +- 0.0109 | VaLoss: 2.6997 +- 0.1166
 52,  0 | TrAcc: 0.1193, TrLoss:  3.68447, VaAcc: 0.1081, VaLoss:  6.13830	 10 sampled NNs | VaAcc: 0.1084 +- 0.0102 | VaLoss: 2.7005 +- 0.0605
 53,  0 | TrAcc: 0.1117, TrLoss:  3.72038, VaAcc: 0.1076, VaLoss:  6.15045	 10 sampled NNs | VaAcc: 0.1065 +- 0.0101 | VaLoss: 2.7057 +- 0.0477
 54,  0 | TrAcc: 0.1114, TrLoss:  3.72653, VaAcc: 0.1083, VaLoss:  6.14325	 10 sampled NNs | VaAcc: 0.1043 +- 0.0144 | VaLoss: 2.7333 +- 0.0871
 55,  0 | TrAcc: 0.1137, TrLoss:  3.71300, VaAcc: 0.1070, VaLoss:  6.16260	 10 sampled NNs | VaAcc: 0.1109 +- 0.0110 | VaLoss: 2.7035 +- 0.1006
 56,  0 | TrAcc: 0.1150, TrLoss:  3.69952, VaAcc: 0.1083, VaLoss:  6.17359	 10 sampled NNs | VaAcc: 0.1045 +- 0.0055 | VaLoss: 2.7227 +- 0.0749
 57,  0 | TrAcc: 0.1126, TrLoss:  3.71032, VaAcc: 0.1064, VaLoss:  6.15681	 10 sampled NNs | VaAcc: 0.1134 +- 0.0124 | VaLoss: 2.6792 +- 0.0664
 58,  0 | TrAcc: 0.1133, TrLoss:  3.71225, VaAcc: 0.1075, VaLoss:  6.17745	 10 sampled NNs | VaAcc: 0.1100 +- 0.0103 | VaLoss: 2.7009 +- 0.0700
 59,  0 | TrAcc: 0.1115, TrLoss:  3.72593, VaAcc: 0.1076, VaLoss:  6.15509	 10 sampled NNs | VaAcc: 0.1005 +- 0.0096 | VaLoss: 2.7560 +- 0.0842
 60,  0 | TrAcc: 0.1111, TrLoss:  3.72447, VaAcc: 0.1079, VaLoss:  6.18102	 10 sampled NNs | VaAcc: 0.1110 +- 0.0094 | VaLoss: 2.7451 +- 0.1377
 61,  0 | TrAcc: 0.1116, TrLoss:  3.71944, VaAcc: 0.1068, VaLoss:  6.16619	 10 sampled NNs | VaAcc: 0.1047 +- 0.0068 | VaLoss: 2.7278 +- 0.1225
 62,  0 | TrAcc: 0.1094, TrLoss:  3.73338, VaAcc: 0.1065, VaLoss:  6.17263	 10 sampled NNs | VaAcc: 0.1058 +- 0.0115 | VaLoss: 2.6716 +- 0.0497
 63,  0 | TrAcc: 0.1104, TrLoss:  3.72851, VaAcc: 0.1068, VaLoss:  6.17240	 10 sampled NNs | VaAcc: 0.0996 +- 0.0093 | VaLoss: 2.7447 +- 0.0837
 64,  0 | TrAcc: 0.1128, TrLoss:  3.71521, VaAcc: 0.1091, VaLoss:  6.14601	 10 sampled NNs | VaAcc: 0.1087 +- 0.0123 | VaLoss: 2.7191 +- 0.0992
 65,  0 | TrAcc: 0.1136, TrLoss:  3.70418, VaAcc: 0.1077, VaLoss:  6.17857	 10 sampled NNs | VaAcc: 0.1095 +- 0.0084 | VaLoss: 2.7155 +- 0.0881
 66,  0 | TrAcc: 0.1119, TrLoss:  3.71799, VaAcc: 0.1063, VaLoss:  6.18584	 10 sampled NNs | VaAcc: 0.1042 +- 0.0124 | VaLoss: 2.6859 +- 0.0467
 67,  0 | TrAcc: 0.1103, TrLoss:  3.71872, VaAcc: 0.1085, VaLoss:  6.14897	 10 sampled NNs | VaAcc: 0.1040 +- 0.0077 | VaLoss: 2.6722 +- 0.0495
 68,  0 | TrAcc: 0.1128, TrLoss:  3.71475, VaAcc: 0.1074, VaLoss:  6.16941	 10 sampled NNs | VaAcc: 0.1064 +- 0.0078 | VaLoss: 2.7305 +- 0.0664
 69,  0 | TrAcc: 0.1123, TrLoss:  3.71350, VaAcc: 0.1081, VaLoss:  6.16813	 10 sampled NNs | VaAcc: 0.1088 +- 0.0086 | VaLoss: 2.6838 +- 0.0884
 70,  0 | TrAcc: 0.1105, TrLoss:  3.72982, VaAcc: 0.1079, VaLoss:  6.16750	 10 sampled NNs | VaAcc: 0.1091 +- 0.0104 | VaLoss: 2.6905 +- 0.0871
 71,  0 | TrAcc: 0.1107, TrLoss:  3.72591, VaAcc: 0.1075, VaLoss:  6.16085	 10 sampled NNs | VaAcc: 0.1046 +- 0.0124 | VaLoss: 2.7161 +- 0.0792
 72,  0 | TrAcc: 0.1072, TrLoss:  3.74722, VaAcc: 0.1041, VaLoss:  6.17845	 10 sampled NNs | VaAcc: 0.1062 +- 0.0096 | VaLoss: 2.6562 +- 0.0711
 73,  0 | TrAcc: 0.1104, TrLoss:  3.72705, VaAcc: 0.1065, VaLoss:  6.18221	 10 sampled NNs | VaAcc: 0.1100 +- 0.0056 | VaLoss: 2.6699 +- 0.0517
 74,  0 | TrAcc: 0.1116, TrLoss:  3.73356, VaAcc: 0.1061, VaLoss:  6.17841	 10 sampled NNs | VaAcc: 0.1026 +- 0.0088 | VaLoss: 2.7090 +- 0.1093
 75,  0 | TrAcc: 0.1119, TrLoss:  3.72392, VaAcc: 0.1088, VaLoss:  6.19395	 10 sampled NNs | VaAcc: 0.1057 +- 0.0125 | VaLoss: 2.7444 +- 0.1083
 76,  0 | TrAcc: 0.1151, TrLoss:  3.70761, VaAcc: 0.1081, VaLoss:  6.15596	 10 sampled NNs | VaAcc: 0.1122 +- 0.0128 | VaLoss: 2.7172 +- 0.0769
 77,  0 | TrAcc: 0.1131, TrLoss:  3.71613, VaAcc: 0.1080, VaLoss:  6.16549	 10 sampled NNs | VaAcc: 0.1009 +- 0.0117 | VaLoss: 2.7899 +- 0.1197
 78,  0 | TrAcc: 0.1144, TrLoss:  3.70845, VaAcc: 0.1067, VaLoss:  6.17347	 10 sampled NNs | VaAcc: 0.1062 +- 0.0092 | VaLoss: 2.7351 +- 0.1040
 79,  0 | TrAcc: 0.1128, TrLoss:  3.72264, VaAcc: 0.1063, VaLoss:  6.16056	 10 sampled NNs | VaAcc: 0.1147 +- 0.0089 | VaLoss: 2.7056 +- 0.0699
 80,  0 | TrAcc: 0.1087, TrLoss:  3.73746, VaAcc: 0.1071, VaLoss:  6.17678	 10 sampled NNs | VaAcc: 0.1031 +- 0.0079 | VaLoss: 2.7361 +- 0.0696
 81,  0 | TrAcc: 0.1128, TrLoss:  3.70526, VaAcc: 0.1079, VaLoss:  6.18675	 10 sampled NNs | VaAcc: 0.1055 +- 0.0080 | VaLoss: 2.7057 +- 0.0728
 82,  0 | TrAcc: 0.1120, TrLoss:  3.72384, VaAcc: 0.1074, VaLoss:  6.17125	 10 sampled NNs | VaAcc: 0.1071 +- 0.0109 | VaLoss: 2.7168 +- 0.0658
 83,  0 | TrAcc: 0.1103, TrLoss:  3.73012, VaAcc: 0.1072, VaLoss:  6.18374	 10 sampled NNs | VaAcc: 0.1001 +- 0.0077 | VaLoss: 2.7166 +- 0.0738
 84,  0 | TrAcc: 0.1113, TrLoss:  3.72883, VaAcc: 0.1064, VaLoss:  6.17323	 10 sampled NNs | VaAcc: 0.1071 +- 0.0061 | VaLoss: 2.7026 +- 0.0707
 85,  0 | TrAcc: 0.1136, TrLoss:  3.70915, VaAcc: 0.1074, VaLoss:  6.16527	 10 sampled NNs | VaAcc: 0.1065 +- 0.0088 | VaLoss: 2.7433 +- 0.0986
 86,  0 | TrAcc: 0.1160, TrLoss:  3.70030, VaAcc: 0.1082, VaLoss:  6.16100	 10 sampled NNs | VaAcc: 0.1062 +- 0.0077 | VaLoss: 2.7049 +- 0.0496
 87,  0 | TrAcc: 0.1113, TrLoss:  3.71955, VaAcc: 0.1077, VaLoss:  6.18590	 10 sampled NNs | VaAcc: 0.1051 +- 0.0116 | VaLoss: 2.7612 +- 0.0978
 88,  0 | TrAcc: 0.1099, TrLoss:  3.72996, VaAcc: 0.1060, VaLoss:  6.17691	 10 sampled NNs | VaAcc: 0.1068 +- 0.0086 | VaLoss: 2.7469 +- 0.0765
 89,  0 | TrAcc: 0.1131, TrLoss:  3.71250, VaAcc: 0.1067, VaLoss:  6.16673	 10 sampled NNs | VaAcc: 0.1039 +- 0.0072 | VaLoss: 2.6899 +- 0.0655
 90,  0 | TrAcc: 0.1100, TrLoss:  3.72659, VaAcc: 0.1071, VaLoss:  6.16413	 10 sampled NNs | VaAcc: 0.1078 +- 0.0075 | VaLoss: 2.7247 +- 0.0651
 91,  0 | TrAcc: 0.1129, TrLoss:  3.71613, VaAcc: 0.1071, VaLoss:  6.15417	 10 sampled NNs | VaAcc: 0.0995 +- 0.0113 | VaLoss: 2.7286 +- 0.0581
 92,  0 | TrAcc: 0.1167, TrLoss:  3.68739, VaAcc: 0.1086, VaLoss:  6.13620	 10 sampled NNs | VaAcc: 0.1074 +- 0.0079 | VaLoss: 2.7099 +- 0.0797
 93,  0 | TrAcc: 0.1174, TrLoss:  3.70430, VaAcc: 0.1071, VaLoss:  6.16344	 10 sampled NNs | VaAcc: 0.1048 +- 0.0113 | VaLoss: 2.7559 +- 0.0778
 94,  0 | TrAcc: 0.1169, TrLoss:  3.69555, VaAcc: 0.1071, VaLoss:  6.16468	 10 sampled NNs | VaAcc: 0.1105 +- 0.0086 | VaLoss: 2.7099 +- 0.0822
 95,  0 | TrAcc: 0.1140, TrLoss:  3.71119, VaAcc: 0.1073, VaLoss:  6.15338	 10 sampled NNs | VaAcc: 0.1015 +- 0.0087 | VaLoss: 2.7326 +- 0.0854
 96,  0 | TrAcc: 0.1131, TrLoss:  3.71085, VaAcc: 0.1069, VaLoss:  6.16511	 10 sampled NNs | VaAcc: 0.1109 +- 0.0081 | VaLoss: 2.6922 +- 0.0660
 97,  0 | TrAcc: 0.1117, TrLoss:  3.71738, VaAcc: 0.1052, VaLoss:  6.18843	 10 sampled NNs | VaAcc: 0.1061 +- 0.0119 | VaLoss: 2.7309 +- 0.0827
 98,  0 | TrAcc: 0.1148, TrLoss:  3.71783, VaAcc: 0.1070, VaLoss:  6.16140	 10 sampled NNs | VaAcc: 0.1094 +- 0.0085 | VaLoss: 2.7357 +- 0.0860
 99,  0 | TrAcc: 0.1108, TrLoss:  3.72226, VaAcc: 0.1059, VaLoss:  6.18580	 10 sampled NNs | VaAcc: 0.1033 +- 0.0090 | VaLoss: 2.7479 +- 0.0899
100,  0 | TrAcc: 0.1112, TrLoss:  3.72543, VaAcc: 0.1072, VaLoss:  6.15816	 10 sampled NNs | VaAcc: 0.1095 +- 0.0040 | VaLoss: 2.6903 +- 0.0687
101,  0 | TrAcc: 0.1100, TrLoss:  3.73374, VaAcc: 0.1091, VaLoss:  6.19276	 10 sampled NNs | VaAcc: 0.1047 +- 0.0108 | VaLoss: 2.7267 +- 0.0751
102,  0 | TrAcc: 0.1151, TrLoss:  3.70325, VaAcc: 0.1085, VaLoss:  6.16986	 10 sampled NNs | VaAcc: 0.1088 +- 0.0094 | VaLoss: 2.7156 +- 0.0724
103,  0 | TrAcc: 0.1100, TrLoss:  3.72470, VaAcc: 0.1080, VaLoss:  6.16567	 10 sampled NNs | VaAcc: 0.1037 +- 0.0094 | VaLoss: 2.7088 +- 0.0957
104,  0 | TrAcc: 0.1159, TrLoss:  3.70627, VaAcc: 0.1065, VaLoss:  6.15528	 10 sampled NNs | VaAcc: 0.1063 +- 0.0107 | VaLoss: 2.7280 +- 0.0686
105,  0 | TrAcc: 0.1123, TrLoss:  3.71349, VaAcc: 0.1084, VaLoss:  6.13519	 10 sampled NNs | VaAcc: 0.1076 +- 0.0121 | VaLoss: 2.7148 +- 0.0753
106,  0 | TrAcc: 0.1156, TrLoss:  3.70399, VaAcc: 0.1077, VaLoss:  6.14314	 10 sampled NNs | VaAcc: 0.1035 +- 0.0112 | VaLoss: 2.7352 +- 0.0910
107,  0 | TrAcc: 0.1085, TrLoss:  3.74237, VaAcc: 0.1059, VaLoss:  6.17459	 10 sampled NNs | VaAcc: 0.1135 +- 0.0111 | VaLoss: 2.6492 +- 0.0769
108,  0 | TrAcc: 0.1085, TrLoss:  3.73424, VaAcc: 0.1065, VaLoss:  6.14885	 10 sampled NNs | VaAcc: 0.1029 +- 0.0094 | VaLoss: 2.6956 +- 0.0912
109,  0 | TrAcc: 0.1115, TrLoss:  3.72125, VaAcc: 0.1065, VaLoss:  6.17567	 10 sampled NNs | VaAcc: 0.1039 +- 0.0097 | VaLoss: 2.7426 +- 0.0885
110,  0 | TrAcc: 0.1103, TrLoss:  3.72548, VaAcc: 0.1082, VaLoss:  6.17053	 10 sampled NNs | VaAcc: 0.1106 +- 0.0084 | VaLoss: 2.6666 +- 0.0848
111,  0 | TrAcc: 0.1131, TrLoss:  3.71611, VaAcc: 0.1061, VaLoss:  6.17693	 10 sampled NNs | VaAcc: 0.1069 +- 0.0104 | VaLoss: 2.6937 +- 0.0899
112,  0 | TrAcc: 0.1126, TrLoss:  3.71904, VaAcc: 0.1063, VaLoss:  6.17685	 10 sampled NNs | VaAcc: 0.1089 +- 0.0073 | VaLoss: 2.7119 +- 0.0969
113,  0 | TrAcc: 0.1132, TrLoss:  3.71372, VaAcc: 0.1064, VaLoss:  6.14878	 10 sampled NNs | VaAcc: 0.1036 +- 0.0102 | VaLoss: 2.7326 +- 0.1108
114,  0 | TrAcc: 0.1133, TrLoss:  3.71090, VaAcc: 0.1093, VaLoss:  6.17178	 10 sampled NNs | VaAcc: 0.1105 +- 0.0052 | VaLoss: 2.6655 +- 0.0487
115,  0 | TrAcc: 0.1102, TrLoss:  3.71864, VaAcc: 0.1084, VaLoss:  6.12225	 10 sampled NNs | VaAcc: 0.1060 +- 0.0089 | VaLoss: 2.7028 +- 0.0861
116,  0 | TrAcc: 0.1123, TrLoss:  3.72684, VaAcc: 0.1075, VaLoss:  6.19677	 10 sampled NNs | VaAcc: 0.1080 +- 0.0104 | VaLoss: 2.7112 +- 0.0841
117,  0 | TrAcc: 0.1128, TrLoss:  3.72206, VaAcc: 0.1065, VaLoss:  6.17389	 10 sampled NNs | VaAcc: 0.1066 +- 0.0091 | VaLoss: 2.6927 +- 0.0492
118,  0 | TrAcc: 0.1099, TrLoss:  3.72997, VaAcc: 0.1054, VaLoss:  6.20280	 10 sampled NNs | VaAcc: 0.1106 +- 0.0080 | VaLoss: 2.7140 +- 0.0412
119,  0 | TrAcc: 0.1125, TrLoss:  3.72348, VaAcc: 0.1078, VaLoss:  6.15852	 10 sampled NNs | VaAcc: 0.1077 +- 0.0088 | VaLoss: 2.7029 +- 0.0681
120,  0 | TrAcc: 0.1087, TrLoss:  3.73295, VaAcc: 0.1055, VaLoss:  6.17454	 10 sampled NNs | VaAcc: 0.1054 +- 0.0127 | VaLoss: 2.7068 +- 0.0789
121,  0 | TrAcc: 0.1102, TrLoss:  3.72537, VaAcc: 0.1076, VaLoss:  6.14592	 10 sampled NNs | VaAcc: 0.1063 +- 0.0047 | VaLoss: 2.6746 +- 0.0753
122,  0 | TrAcc: 0.1131, TrLoss:  3.70937, VaAcc: 0.1083, VaLoss:  6.15049	 10 sampled NNs | VaAcc: 0.1088 +- 0.0110 | VaLoss: 2.6855 +- 0.0616
123,  0 | TrAcc: 0.1115, TrLoss:  3.71810, VaAcc: 0.1084, VaLoss:  6.16661	 10 sampled NNs | VaAcc: 0.1051 +- 0.0054 | VaLoss: 2.6876 +- 0.0417
124,  0 | TrAcc: 0.1149, TrLoss:  3.71191, VaAcc: 0.1067, VaLoss:  6.15671	 10 sampled NNs | VaAcc: 0.1163 +- 0.0105 | VaLoss: 2.7098 +- 0.0686
125,  0 | TrAcc: 0.1115, TrLoss:  3.72321, VaAcc: 0.1062, VaLoss:  6.14913	 10 sampled NNs | VaAcc: 0.1103 +- 0.0143 | VaLoss: 2.7214 +- 0.1035
126,  0 | TrAcc: 0.1088, TrLoss:  3.74183, VaAcc: 0.1040, VaLoss:  6.17294	 10 sampled NNs | VaAcc: 0.1049 +- 0.0107 | VaLoss: 2.6826 +- 0.0512
127,  0 | TrAcc: 0.1124, TrLoss:  3.71336, VaAcc: 0.1069, VaLoss:  6.15592	 10 sampled NNs | VaAcc: 0.1072 +- 0.0080 | VaLoss: 2.6937 +- 0.0684
128,  0 | TrAcc: 0.1160, TrLoss:  3.70314, VaAcc: 0.1085, VaLoss:  6.14205	 10 sampled NNs | VaAcc: 0.1060 +- 0.0089 | VaLoss: 2.6756 +- 0.1224
129,  0 | TrAcc: 0.1119, TrLoss:  3.72790, VaAcc: 0.1056, VaLoss:  6.16570	 10 sampled NNs | VaAcc: 0.1069 +- 0.0061 | VaLoss: 2.7044 +- 0.0968
130,  0 | TrAcc: 0.1124, TrLoss:  3.72437, VaAcc: 0.1073, VaLoss:  6.15988	 10 sampled NNs | VaAcc: 0.1035 +- 0.0083 | VaLoss: 2.7435 +- 0.0809
131,  0 | TrAcc: 0.1121, TrLoss:  3.71462, VaAcc: 0.1053, VaLoss:  6.16675	 10 sampled NNs | VaAcc: 0.1047 +- 0.0084 | VaLoss: 2.7529 +- 0.0828
132,  0 | TrAcc: 0.1104, TrLoss:  3.72630, VaAcc: 0.1064, VaLoss:  6.16046	 10 sampled NNs | VaAcc: 0.1030 +- 0.0085 | VaLoss: 2.7482 +- 0.0881
133,  0 | TrAcc: 0.1153, TrLoss:  3.69949, VaAcc: 0.1088, VaLoss:  6.17240	 10 sampled NNs | VaAcc: 0.1055 +- 0.0106 | VaLoss: 2.7266 +- 0.0829
134,  0 | TrAcc: 0.1126, TrLoss:  3.71333, VaAcc: 0.1074, VaLoss:  6.14690	 10 sampled NNs | VaAcc: 0.1108 +- 0.0106 | VaLoss: 2.7216 +- 0.0690
135,  0 | TrAcc: 0.1125, TrLoss:  3.73340, VaAcc: 0.1072, VaLoss:  6.17987	 10 sampled NNs | VaAcc: 0.1086 +- 0.0123 | VaLoss: 2.6981 +- 0.0883
136,  0 | TrAcc: 0.1127, TrLoss:  3.71822, VaAcc: 0.1074, VaLoss:  6.17826	 10 sampled NNs | VaAcc: 0.1032 +- 0.0107 | VaLoss: 2.7214 +- 0.0792
137,  0 | TrAcc: 0.1098, TrLoss:  3.72772, VaAcc: 0.1072, VaLoss:  6.13809	 10 sampled NNs | VaAcc: 0.1045 +- 0.0095 | VaLoss: 2.7426 +- 0.0833
138,  0 | TrAcc: 0.1104, TrLoss:  3.72138, VaAcc: 0.1079, VaLoss:  6.16571	 10 sampled NNs | VaAcc: 0.1005 +- 0.0069 | VaLoss: 2.7318 +- 0.0740
139,  0 | TrAcc: 0.1120, TrLoss:  3.72285, VaAcc: 0.1062, VaLoss:  6.18884	 10 sampled NNs | VaAcc: 0.1100 +- 0.0070 | VaLoss: 2.6689 +- 0.0632
140,  0 | TrAcc: 0.1115, TrLoss:  3.71780, VaAcc: 0.1045, VaLoss:  6.15775	 10 sampled NNs | VaAcc: 0.1000 +- 0.0103 | VaLoss: 2.7071 +- 0.0848
141,  0 | TrAcc: 0.1133, TrLoss:  3.69807, VaAcc: 0.1082, VaLoss:  6.17215	 10 sampled NNs | VaAcc: 0.1031 +- 0.0115 | VaLoss: 2.7407 +- 0.0751
142,  0 | TrAcc: 0.1090, TrLoss:  3.74033, VaAcc: 0.1077, VaLoss:  6.16357	 10 sampled NNs | VaAcc: 0.1091 +- 0.0098 | VaLoss: 2.6973 +- 0.0672
143,  0 | TrAcc: 0.1108, TrLoss:  3.72182, VaAcc: 0.1082, VaLoss:  6.16288	 10 sampled NNs | VaAcc: 0.1110 +- 0.0091 | VaLoss: 2.6512 +- 0.0679
144,  0 | TrAcc: 0.1095, TrLoss:  3.73411, VaAcc: 0.1057, VaLoss:  6.15978	 10 sampled NNs | VaAcc: 0.1090 +- 0.0133 | VaLoss: 2.7129 +- 0.0831
145,  0 | TrAcc: 0.1127, TrLoss:  3.71210, VaAcc: 0.1069, VaLoss:  6.14750	 10 sampled NNs | VaAcc: 0.1066 +- 0.0063 | VaLoss: 2.7023 +- 0.0913
146,  0 | TrAcc: 0.1111, TrLoss:  3.71787, VaAcc: 0.1064, VaLoss:  6.17564	 10 sampled NNs | VaAcc: 0.1079 +- 0.0124 | VaLoss: 2.7289 +- 0.0802
147,  0 | TrAcc: 0.1117, TrLoss:  3.72157, VaAcc: 0.1067, VaLoss:  6.18127	 10 sampled NNs | VaAcc: 0.1035 +- 0.0096 | VaLoss: 2.7131 +- 0.0623
148,  0 | TrAcc: 0.1087, TrLoss:  3.73115, VaAcc: 0.1088, VaLoss:  6.16210	 10 sampled NNs | VaAcc: 0.1126 +- 0.0113 | VaLoss: 2.6470 +- 0.0638
149,  0 | TrAcc: 0.1105, TrLoss:  3.72150, VaAcc: 0.1060, VaLoss:  6.17825	 10 sampled NNs | VaAcc: 0.1077 +- 0.0117 | VaLoss: 2.6673 +- 0.0418
150,  0 | TrAcc: 0.1164, TrLoss:  3.69992, VaAcc: 0.1093, VaLoss:  6.13392	 10 sampled NNs | VaAcc: 0.1053 +- 0.0075 | VaLoss: 2.7412 +- 0.0882
151,  0 | TrAcc: 0.1161, TrLoss:  3.70160, VaAcc: 0.1071, VaLoss:  6.15810	 10 sampled NNs | VaAcc: 0.1056 +- 0.0095 | VaLoss: 2.7238 +- 0.0568
152,  0 | TrAcc: 0.1116, TrLoss:  3.72217, VaAcc: 0.1079, VaLoss:  6.15850	 10 sampled NNs | VaAcc: 0.1043 +- 0.0083 | VaLoss: 2.6891 +- 0.0714
153,  0 | TrAcc: 0.1139, TrLoss:  3.70907, VaAcc: 0.1088, VaLoss:  6.16648	 10 sampled NNs | VaAcc: 0.1057 +- 0.0046 | VaLoss: 2.7493 +- 0.0744
154,  0 | TrAcc: 0.1131, TrLoss:  3.71902, VaAcc: 0.1077, VaLoss:  6.16618	 10 sampled NNs | VaAcc: 0.1122 +- 0.0111 | VaLoss: 2.6547 +- 0.0532
155,  0 | TrAcc: 0.1164, TrLoss:  3.68980, VaAcc: 0.1074, VaLoss:  6.15798	 10 sampled NNs | VaAcc: 0.1107 +- 0.0074 | VaLoss: 2.6948 +- 0.0690
156,  0 | TrAcc: 0.1121, TrLoss:  3.71148, VaAcc: 0.1057, VaLoss:  6.16717	 10 sampled NNs | VaAcc: 0.1037 +- 0.0091 | VaLoss: 2.7011 +- 0.0675
157,  0 | TrAcc: 0.1145, TrLoss:  3.70236, VaAcc: 0.1080, VaLoss:  6.16059	 10 sampled NNs | VaAcc: 0.1099 +- 0.0085 | VaLoss: 2.6878 +- 0.0935
158,  0 | TrAcc: 0.1079, TrLoss:  3.73970, VaAcc: 0.1072, VaLoss:  6.16818	 10 sampled NNs | VaAcc: 0.1024 +- 0.0172 | VaLoss: 2.7271 +- 0.1277
159,  0 | TrAcc: 0.1146, TrLoss:  3.71432, VaAcc: 0.1075, VaLoss:  6.19662	 10 sampled NNs | VaAcc: 0.1082 +- 0.0096 | VaLoss: 2.7115 +- 0.1003
160,  0 | TrAcc: 0.1124, TrLoss:  3.72410, VaAcc: 0.1070, VaLoss:  6.14269	 10 sampled NNs | VaAcc: 0.1089 +- 0.0112 | VaLoss: 2.7173 +- 0.0442
161,  0 | TrAcc: 0.1100, TrLoss:  3.73018, VaAcc: 0.1058, VaLoss:  6.17475	 10 sampled NNs | VaAcc: 0.1077 +- 0.0105 | VaLoss: 2.7300 +- 0.0759
162,  0 | TrAcc: 0.1133, TrLoss:  3.71875, VaAcc: 0.1068, VaLoss:  6.17249	 10 sampled NNs | VaAcc: 0.1064 +- 0.0075 | VaLoss: 2.7055 +- 0.0929
163,  0 | TrAcc: 0.1117, TrLoss:  3.72286, VaAcc: 0.1074, VaLoss:  6.17973	 10 sampled NNs | VaAcc: 0.1108 +- 0.0100 | VaLoss: 2.6832 +- 0.0883
164,  0 | TrAcc: 0.1119, TrLoss:  3.72184, VaAcc: 0.1076, VaLoss:  6.16713	 10 sampled NNs | VaAcc: 0.1023 +- 0.0091 | VaLoss: 2.7276 +- 0.1090
165,  0 | TrAcc: 0.1097, TrLoss:  3.72772, VaAcc: 0.1071, VaLoss:  6.18247	 10 sampled NNs | VaAcc: 0.1029 +- 0.0066 | VaLoss: 2.6510 +- 0.0581
166,  0 | TrAcc: 0.1129, TrLoss:  3.71856, VaAcc: 0.1078, VaLoss:  6.17310	 10 sampled NNs | VaAcc: 0.0991 +- 0.0102 | VaLoss: 2.7393 +- 0.0689
167,  0 | TrAcc: 0.1114, TrLoss:  3.72207, VaAcc: 0.1073, VaLoss:  6.17020	 10 sampled NNs | VaAcc: 0.1052 +- 0.0093 | VaLoss: 2.7076 +- 0.0606
168,  0 | TrAcc: 0.1133, TrLoss:  3.71193, VaAcc: 0.1083, VaLoss:  6.17825	 10 sampled NNs | VaAcc: 0.1068 +- 0.0110 | VaLoss: 2.7542 +- 0.0835
169,  0 | TrAcc: 0.1152, TrLoss:  3.69938, VaAcc: 0.1080, VaLoss:  6.16778	 10 sampled NNs | VaAcc: 0.1053 +- 0.0100 | VaLoss: 2.7561 +- 0.0766
170,  0 | TrAcc: 0.1161, TrLoss:  3.70349, VaAcc: 0.1070, VaLoss:  6.18687	 10 sampled NNs | VaAcc: 0.1056 +- 0.0107 | VaLoss: 2.7251 +- 0.0589
171,  0 | TrAcc: 0.1073, TrLoss:  3.74856, VaAcc: 0.1043, VaLoss:  6.19893	 10 sampled NNs | VaAcc: 0.1068 +- 0.0097 | VaLoss: 2.7051 +- 0.1059
172,  0 | TrAcc: 0.1146, TrLoss:  3.70902, VaAcc: 0.1066, VaLoss:  6.15965	 10 sampled NNs | VaAcc: 0.1115 +- 0.0107 | VaLoss: 2.6837 +- 0.0527
173,  0 | TrAcc: 0.1131, TrLoss:  3.71705, VaAcc: 0.1074, VaLoss:  6.16028	 10 sampled NNs | VaAcc: 0.1077 +- 0.0114 | VaLoss: 2.7002 +- 0.0779
174,  0 | TrAcc: 0.1123, TrLoss:  3.71983, VaAcc: 0.1075, VaLoss:  6.18574	 10 sampled NNs | VaAcc: 0.1120 +- 0.0118 | VaLoss: 2.6809 +- 0.0672
175,  0 | TrAcc: 0.1119, TrLoss:  3.71804, VaAcc: 0.1068, VaLoss:  6.16582	 10 sampled NNs | VaAcc: 0.1048 +- 0.0107 | VaLoss: 2.7152 +- 0.1024
176,  0 | TrAcc: 0.1116, TrLoss:  3.71429, VaAcc: 0.1090, VaLoss:  6.14626	 10 sampled NNs | VaAcc: 0.1024 +- 0.0110 | VaLoss: 2.7534 +- 0.1047
177,  0 | TrAcc: 0.1133, TrLoss:  3.71063, VaAcc: 0.1077, VaLoss:  6.14801	 10 sampled NNs | VaAcc: 0.1021 +- 0.0074 | VaLoss: 2.7750 +- 0.1044
178,  0 | TrAcc: 0.1145, TrLoss:  3.70673, VaAcc: 0.1074, VaLoss:  6.15731	 10 sampled NNs | VaAcc: 0.1149 +- 0.0096 | VaLoss: 2.6641 +- 0.0950
179,  0 | TrAcc: 0.1165, TrLoss:  3.69258, VaAcc: 0.1076, VaLoss:  6.16242	 10 sampled NNs | VaAcc: 0.0997 +- 0.0051 | VaLoss: 2.7166 +- 0.0579
180,  0 | TrAcc: 0.1116, TrLoss:  3.72306, VaAcc: 0.1062, VaLoss:  6.16805	 10 sampled NNs | VaAcc: 0.1079 +- 0.0090 | VaLoss: 2.7101 +- 0.0650
181,  0 | TrAcc: 0.1088, TrLoss:  3.74386, VaAcc: 0.1073, VaLoss:  6.15691	 10 sampled NNs | VaAcc: 0.1096 +- 0.0113 | VaLoss: 2.7007 +- 0.0383
182,  0 | TrAcc: 0.1116, TrLoss:  3.72564, VaAcc: 0.1080, VaLoss:  6.17621	 10 sampled NNs | VaAcc: 0.1102 +- 0.0099 | VaLoss: 2.6910 +- 0.0851
183,  0 | TrAcc: 0.1125, TrLoss:  3.71423, VaAcc: 0.1088, VaLoss:  6.16752	 10 sampled NNs | VaAcc: 0.1055 +- 0.0090 | VaLoss: 2.7222 +- 0.1011
184,  0 | TrAcc: 0.1103, TrLoss:  3.73306, VaAcc: 0.1070, VaLoss:  6.17260	 10 sampled NNs | VaAcc: 0.1013 +- 0.0107 | VaLoss: 2.7233 +- 0.1164
185,  0 | TrAcc: 0.1098, TrLoss:  3.73222, VaAcc: 0.1067, VaLoss:  6.14740	 10 sampled NNs | VaAcc: 0.1011 +- 0.0107 | VaLoss: 2.7262 +- 0.0642
186,  0 | TrAcc: 0.1123, TrLoss:  3.71672, VaAcc: 0.1075, VaLoss:  6.18254	 10 sampled NNs | VaAcc: 0.1104 +- 0.0100 | VaLoss: 2.6839 +- 0.0939
187,  0 | TrAcc: 0.1126, TrLoss:  3.71968, VaAcc: 0.1082, VaLoss:  6.17118	 10 sampled NNs | VaAcc: 0.1037 +- 0.0108 | VaLoss: 2.6632 +- 0.0609
188,  0 | TrAcc: 0.1179, TrLoss:  3.68628, VaAcc: 0.1075, VaLoss:  6.16080	 10 sampled NNs | VaAcc: 0.1069 +- 0.0129 | VaLoss: 2.7904 +- 0.0636
189,  0 | TrAcc: 0.1111, TrLoss:  3.72003, VaAcc: 0.1077, VaLoss:  6.15977	 10 sampled NNs | VaAcc: 0.1092 +- 0.0048 | VaLoss: 2.6941 +- 0.0990
190,  0 | TrAcc: 0.1094, TrLoss:  3.73510, VaAcc: 0.1066, VaLoss:  6.15857	 10 sampled NNs | VaAcc: 0.1062 +- 0.0097 | VaLoss: 2.6773 +- 0.0903
191,  0 | TrAcc: 0.1126, TrLoss:  3.71333, VaAcc: 0.1090, VaLoss:  6.17290	 10 sampled NNs | VaAcc: 0.1043 +- 0.0080 | VaLoss: 2.7412 +- 0.0690
192,  0 | TrAcc: 0.1117, TrLoss:  3.72891, VaAcc: 0.1087, VaLoss:  6.14947	 10 sampled NNs | VaAcc: 0.1081 +- 0.0076 | VaLoss: 2.7211 +- 0.0694
193,  0 | TrAcc: 0.1111, TrLoss:  3.71679, VaAcc: 0.1086, VaLoss:  6.16666	 10 sampled NNs | VaAcc: 0.1040 +- 0.0086 | VaLoss: 2.7323 +- 0.0586
194,  0 | TrAcc: 0.1130, TrLoss:  3.71154, VaAcc: 0.1067, VaLoss:  6.17873	 10 sampled NNs | VaAcc: 0.1037 +- 0.0081 | VaLoss: 2.7017 +- 0.0584
195,  0 | TrAcc: 0.1170, TrLoss:  3.68944, VaAcc: 0.1093, VaLoss:  6.15183	 10 sampled NNs | VaAcc: 0.1065 +- 0.0062 | VaLoss: 2.7331 +- 0.0487
196,  0 | TrAcc: 0.1149, TrLoss:  3.70742, VaAcc: 0.1076, VaLoss:  6.14704	 10 sampled NNs | VaAcc: 0.1061 +- 0.0078 | VaLoss: 2.7109 +- 0.0566
197,  0 | TrAcc: 0.1099, TrLoss:  3.73074, VaAcc: 0.1070, VaLoss:  6.16644	 10 sampled NNs | VaAcc: 0.1042 +- 0.0150 | VaLoss: 2.7302 +- 0.0653
198,  0 | TrAcc: 0.1133, TrLoss:  3.70733, VaAcc: 0.1080, VaLoss:  6.15219	 10 sampled NNs | VaAcc: 0.1075 +- 0.0054 | VaLoss: 2.7108 +- 0.1129
199,  0 | TrAcc: 0.1106, TrLoss:  3.72079, VaAcc: 0.1070, VaLoss:  6.16310	 10 sampled NNs | VaAcc: 0.1040 +- 0.0132 | VaLoss: 2.6667 +- 0.0592
9941.137162
----------------------------
