
=============================
CONFIG FILE

RNN CONFIG
{'data_multiplier': 0.01,
 'gradient_clip_value': 0.5,
 'layer_configs': [{'layer_type': 'input'},
                   {'bc': {'init_m': 'xavier',
                           'init_v': -4.5,
                           'prior_m': 0.0,
                           'prior_v': 0.0,
                           'type': 'continuous'},
                    'bf': {'init_m': 'xavier',
                           'init_v': -4.5,
                           'prior_m': 0.0,
                           'prior_v': 0.0,
                           'type': 'continuous'},
                    'bi': {'init_m': 'xavier',
                           'init_v': -4.5,
                           'prior_m': 0.0,
                           'prior_v': 0.0,
                           'type': 'continuous'},
                    'bo': {'init_m': 'xavier',
                           'init_v': -4.5,
                           'prior_m': 0.0,
                           'prior_v': 0.0,
                           'type': 'continuous'},
                    'init_config': {'c': {'b': 'all_zero', 'w': 'xavier'},
                                    'f': {'b': 'all_one', 'w': 'all_zero'},
                                    'i': {'b': 'all_zero', 'w': 'xavier'},
                                    'o': {'b': 'all_zero', 'w': 'xavier'}},
                    'is_output': False,
                    'is_recurrent': True,
                    'layer_type': 'lstm',
                    'var_scope': 'lstm_0',
                    'wc': {'init_m': 'xavier',
                           'init_v': -4.5,
                           'prior_m': 0.0,
                           'prior_v': 0.0,
                           'type': 'continuous'},
                    'wf': {'init_m': 'xavier',
                           'init_v': -4.5,
                           'prior_m': 0.0,
                           'prior_v': 0.0,
                           'type': 'continuous'},
                    'wi': {'init_m': 'xavier',
                           'init_v': -4.5,
                           'prior_m': 0.0,
                           'prior_v': 0.0,
                           'type': 'continuous'},
                    'wo': {'init_m': 'xavier',
                           'init_v': -4.5,
                           'prior_m': 0.0,
                           'prior_v': 0.0,
                           'type': 'continuous'}},
                   {'bc': {'init_m': 'xavier',
                           'init_v': -4.5,
                           'prior_m': 0.0,
                           'prior_v': 0.0,
                           'type': 'continuous'},
                    'bf': {'init_m': 'xavier',
                           'init_v': -4.5,
                           'prior_m': 0.0,
                           'prior_v': 0.0,
                           'type': 'continuous'},
                    'bi': {'init_m': 'xavier',
                           'init_v': -4.5,
                           'prior_m': 0.0,
                           'prior_v': 0.0,
                           'type': 'continuous'},
                    'bo': {'init_m': 'xavier',
                           'init_v': -4.5,
                           'prior_m': 0.0,
                           'prior_v': 0.0,
                           'type': 'continuous'},
                    'init_config': {'c': {'b': 'all_zero', 'w': 'xavier'},
                                    'f': {'b': 'all_one', 'w': 'all_zero'},
                                    'i': {'b': 'all_zero', 'w': 'xavier'},
                                    'o': {'b': 'all_zero', 'w': 'xavier'}},
                    'is_output': False,
                    'is_recurrent': True,
                    'layer_type': 'lstm',
                    'var_scope': 'lstm_1',
                    'wc': {'init_m': 'xavier',
                           'init_v': -4.5,
                           'prior_m': 0.0,
                           'prior_v': 0.0,
                           'type': 'continuous'},
                    'wf': {'init_m': 'xavier',
                           'init_v': -4.5,
                           'prior_m': 0.0,
                           'prior_v': 0.0,
                           'type': 'continuous'},
                    'wi': {'init_m': 'xavier',
                           'init_v': -4.5,
                           'prior_m': 0.0,
                           'prior_v': 0.0,
                           'type': 'continuous'},
                    'wo': {'init_m': 'xavier',
                           'init_v': -4.5,
                           'prior_m': 0.0,
                           'prior_v': 0.0,
                           'type': 'continuous'}},
                   {'b': {'init_m': 'xavier',
                          'init_v': -4.5,
                          'prior_m': 0.0,
                          'prior_v': 0.0,
                          'type': 'continuous'},
                    'is_output': True,
                    'is_recurrent': False,
                    'layer_type': 'fc',
                    'regularization': {'mode': None, 'strength': 0.02},
                    'var_scope': 'output_layer',
                    'w': {'init_m': 'xavier',
                          'init_v': -4.5,
                          'prior_m': 0.0,
                          'prior_v': 0.0,
                          'type': 'continuous'}}],
 'layout': [4, 60, 60, 10],
 'output_type': 'classification'}

DATA CONFIG
{'dataset': 'red_penstroke',
 'tr': {'in_seq_len': 30,
        'minibatch_enabled': True,
        'minibatch_size': 1000,
        'out_seq_len': 5,
        'zero_padding': 20},
 'va': {'in_seq_len': 30,
        'minibatch_enabled': True,
        'minibatch_size': 1000,
        'out_seq_len': 5,
        'zero_padding': 20}}

TRAINING CONFIG
{'beta_reg': 0.0,
 'is_pretrain': False,
 'learning_rate': 0.002,
 'mode': {'max_epochs': 200, 'min_error': 0.0, 'name': 'classic'},
 'task_id': 2,
 'type': 'l_sampling',
 'var_reg': 0.0}
==============================


  0,  0 | TrAcc: 0.0996, TrLoss: 56.61799, VaAcc: 0.0999, VaLoss: 277.32515	 10 sampled NNs | VaAcc: 0.1099 +- 0.0002 | VaLoss: 2.3553 +- 0.0000
  1,  0 | TrAcc: 0.5273, TrLoss: 50.97748, VaAcc: 0.4720, VaLoss: 253.46266	 10 sampled NNs | VaAcc: 0.5093 +- 0.0002 | VaLoss: 1.3932 +- 0.0001
  2,  0 | TrAcc: 0.6610, TrLoss: 46.27347, VaAcc: 0.5706, VaLoss: 231.19521	 10 sampled NNs | VaAcc: 0.6130 +- 0.0006 | VaLoss: 1.2210 +- 0.0003
  3,  0 | TrAcc: 0.6917, TrLoss: 41.87499, VaAcc: 0.6119, VaLoss: 209.17192	 10 sampled NNs | VaAcc: 0.6670 +- 0.0003 | VaLoss: 1.1229 +- 0.0004
  4,  0 | TrAcc: 0.7146, TrLoss: 37.54559, VaAcc: 0.6268, VaLoss: 187.43541	 10 sampled NNs | VaAcc: 0.6734 +- 0.0006 | VaLoss: 1.0890 +- 0.0009
  5,  0 | TrAcc: 0.6841, TrLoss: 33.40598, VaAcc: 0.6294, VaLoss: 166.05225	 10 sampled NNs | VaAcc: 0.6942 +- 0.0007 | VaLoss: 1.0752 +- 0.0008
  6,  0 | TrAcc: 0.6766, TrLoss: 29.32787, VaAcc: 0.6245, VaLoss: 145.19148	 10 sampled NNs | VaAcc: 0.6845 +- 0.0008 | VaLoss: 1.0424 +- 0.0014
  7,  0 | TrAcc: 0.6579, TrLoss: 25.39445, VaAcc: 0.6148, VaLoss: 125.08271	 10 sampled NNs | VaAcc: 0.6778 +- 0.0012 | VaLoss: 1.1089 +- 0.0022
  8,  0 | TrAcc: 0.6394, TrLoss: 21.68924, VaAcc: 0.5859, VaLoss: 105.95073	 10 sampled NNs | VaAcc: 0.6537 +- 0.0020 | VaLoss: 1.1825 +- 0.0033
  9,  0 | TrAcc: 0.6111, TrLoss: 18.18591, VaAcc: 0.5825, VaLoss: 87.88637	 10 sampled NNs | VaAcc: 0.6549 +- 0.0020 | VaLoss: 1.1890 +- 0.0063
 10,  0 | TrAcc: 0.5743, TrLoss: 14.98118, VaAcc: 0.5529, VaLoss: 71.18337	 10 sampled NNs | VaAcc: 0.6740 +- 0.0035 | VaLoss: 1.1152 +- 0.0098
 11,  0 | TrAcc: 0.5423, TrLoss: 12.09962, VaAcc: 0.5282, VaLoss: 56.10396	 10 sampled NNs | VaAcc: 0.6599 +- 0.0032 | VaLoss: 1.1168 +- 0.0143
 12,  0 | TrAcc: 0.5529, TrLoss:  9.48956, VaAcc: 0.5200, VaLoss: 43.05360	 10 sampled NNs | VaAcc: 0.6306 +- 0.0060 | VaLoss: 1.1602 +- 0.0149
 13,  0 | TrAcc: 0.5053, TrLoss:  7.44098, VaAcc: 0.4890, VaLoss: 32.09785	 10 sampled NNs | VaAcc: 0.6183 +- 0.0062 | VaLoss: 1.1975 +- 0.0227
 14,  0 | TrAcc: 0.5064, TrLoss:  5.70854, VaAcc: 0.4751, VaLoss: 23.37637	 10 sampled NNs | VaAcc: 0.6099 +- 0.0110 | VaLoss: 1.1922 +- 0.0270
 15,  0 | TrAcc: 0.4653, TrLoss:  4.50392, VaAcc: 0.4646, VaLoss: 16.76126	 10 sampled NNs | VaAcc: 0.5763 +- 0.0254 | VaLoss: 1.2319 +- 0.0542
 16,  0 | TrAcc: 0.4868, TrLoss:  3.55712, VaAcc: 0.4642, VaLoss: 12.24889	 10 sampled NNs | VaAcc: 0.5702 +- 0.0208 | VaLoss: 1.2475 +- 0.0493
 17,  0 | TrAcc: 0.4858, TrLoss:  2.97796, VaAcc: 0.4634, VaLoss:  9.34438	 10 sampled NNs | VaAcc: 0.5627 +- 0.0201 | VaLoss: 1.2683 +- 0.0455
 18,  0 | TrAcc: 0.4764, TrLoss:  2.66105, VaAcc: 0.4624, VaLoss:  7.61964	 10 sampled NNs | VaAcc: 0.5307 +- 0.0394 | VaLoss: 1.4011 +- 0.1633
 19,  0 | TrAcc: 0.4631, TrLoss:  2.48382, VaAcc: 0.4561, VaLoss:  6.63191	 10 sampled NNs | VaAcc: 0.5097 +- 0.0229 | VaLoss: 1.4017 +- 0.0474
 20,  0 | TrAcc: 0.4812, TrLoss:  2.35194, VaAcc: 0.4642, VaLoss:  6.14398	 10 sampled NNs | VaAcc: 0.4965 +- 0.0482 | VaLoss: 1.4422 +- 0.1388
 21,  0 | TrAcc: 0.4788, TrLoss:  2.32429, VaAcc: 0.4638, VaLoss:  5.91687	 10 sampled NNs | VaAcc: 0.4732 +- 0.0268 | VaLoss: 1.5337 +- 0.1587
 22,  0 | TrAcc: 0.5085, TrLoss:  2.23877, VaAcc: 0.4859, VaLoss:  5.79524	 10 sampled NNs | VaAcc: 0.5036 +- 0.0230 | VaLoss: 1.4306 +- 0.0627
 23,  0 | TrAcc: 0.5098, TrLoss:  2.19739, VaAcc: 0.4948, VaLoss:  5.69142	 10 sampled NNs | VaAcc: 0.5068 +- 0.0279 | VaLoss: 1.4539 +- 0.1992
 24,  0 | TrAcc: 0.5269, TrLoss:  2.18336, VaAcc: 0.5044, VaLoss:  5.67550	 10 sampled NNs | VaAcc: 0.4999 +- 0.0258 | VaLoss: 1.4617 +- 0.0723
 25,  0 | TrAcc: 0.4961, TrLoss:  2.25585, VaAcc: 0.5047, VaLoss:  5.58768	 10 sampled NNs | VaAcc: 0.4717 +- 0.0384 | VaLoss: 1.5087 +- 0.1067
 26,  0 | TrAcc: 0.4998, TrLoss:  2.19054, VaAcc: 0.4932, VaLoss:  5.54720	 10 sampled NNs | VaAcc: 0.4779 +- 0.0437 | VaLoss: 1.5394 +- 0.2016
 27,  0 | TrAcc: 0.5126, TrLoss:  2.18156, VaAcc: 0.5022, VaLoss:  5.54757	 10 sampled NNs | VaAcc: 0.5008 +- 0.0440 | VaLoss: 1.4675 +- 0.2178
 28,  0 | TrAcc: 0.5070, TrLoss:  2.18233, VaAcc: 0.5054, VaLoss:  5.53055	 10 sampled NNs | VaAcc: 0.5093 +- 0.0374 | VaLoss: 1.4108 +- 0.1125
 29,  0 | TrAcc: 0.5210, TrLoss:  2.15422, VaAcc: 0.5040, VaLoss:  5.50607	 10 sampled NNs | VaAcc: 0.5082 +- 0.0287 | VaLoss: 1.4230 +- 0.0873
 30,  0 | TrAcc: 0.5427, TrLoss:  2.10120, VaAcc: 0.5178, VaLoss:  5.53504	 10 sampled NNs | VaAcc: 0.5067 +- 0.0362 | VaLoss: 1.3977 +- 0.1083
 31,  0 | TrAcc: 0.5237, TrLoss:  2.18312, VaAcc: 0.5148, VaLoss:  5.52132	 10 sampled NNs | VaAcc: 0.5157 +- 0.0419 | VaLoss: 1.3934 +- 0.1071
 32,  0 | TrAcc: 0.5445, TrLoss:  2.10830, VaAcc: 0.5231, VaLoss:  5.51702	 10 sampled NNs | VaAcc: 0.5179 +- 0.0261 | VaLoss: 1.3738 +- 0.0968
 33,  0 | TrAcc: 0.5349, TrLoss:  2.12360, VaAcc: 0.5203, VaLoss:  5.49863	 10 sampled NNs | VaAcc: 0.5096 +- 0.0573 | VaLoss: 1.4876 +- 0.2707
 34,  0 | TrAcc: 0.5311, TrLoss:  2.14179, VaAcc: 0.5203, VaLoss:  5.50019	 10 sampled NNs | VaAcc: 0.5162 +- 0.0434 | VaLoss: 1.4287 +- 0.1416
 35,  0 | TrAcc: 0.5223, TrLoss:  2.15906, VaAcc: 0.5138, VaLoss:  5.45861	 10 sampled NNs | VaAcc: 0.5255 +- 0.0325 | VaLoss: 1.3956 +- 0.1471
 36,  0 | TrAcc: 0.5388, TrLoss:  2.10437, VaAcc: 0.5250, VaLoss:  5.44237	 10 sampled NNs | VaAcc: 0.5276 +- 0.0268 | VaLoss: 1.3262 +- 0.0567
 37,  0 | TrAcc: 0.5289, TrLoss:  2.11543, VaAcc: 0.5130, VaLoss:  5.46744	 10 sampled NNs | VaAcc: 0.4947 +- 0.0417 | VaLoss: 1.4771 +- 0.1649
 38,  0 | TrAcc: 0.5080, TrLoss:  2.16358, VaAcc: 0.5173, VaLoss:  5.41010	 10 sampled NNs | VaAcc: 0.5110 +- 0.0334 | VaLoss: 1.3983 +- 0.0729
 39,  0 | TrAcc: 0.5262, TrLoss:  2.14591, VaAcc: 0.5282, VaLoss:  5.39119	 10 sampled NNs | VaAcc: 0.5228 +- 0.0231 | VaLoss: 1.3681 +- 0.0926
 40,  0 | TrAcc: 0.5416, TrLoss:  2.10062, VaAcc: 0.5296, VaLoss:  5.39830	 10 sampled NNs | VaAcc: 0.5174 +- 0.0268 | VaLoss: 1.3847 +- 0.0713
 41,  0 | TrAcc: 0.5407, TrLoss:  2.09761, VaAcc: 0.5288, VaLoss:  5.41669	 10 sampled NNs | VaAcc: 0.5213 +- 0.0525 | VaLoss: 1.4366 +- 0.2674
 42,  0 | TrAcc: 0.5396, TrLoss:  2.09628, VaAcc: 0.5267, VaLoss:  5.41246	 10 sampled NNs | VaAcc: 0.5305 +- 0.0390 | VaLoss: 1.3483 +- 0.1045
 43,  0 | TrAcc: 0.5575, TrLoss:  2.09404, VaAcc: 0.5262, VaLoss:  5.44894	 10 sampled NNs | VaAcc: 0.5462 +- 0.0143 | VaLoss: 1.2948 +- 0.0424
 44,  0 | TrAcc: 0.5287, TrLoss:  2.11257, VaAcc: 0.5251, VaLoss:  5.39850	 10 sampled NNs | VaAcc: 0.5174 +- 0.0331 | VaLoss: 1.3940 +- 0.0935
 45,  0 | TrAcc: 0.5505, TrLoss:  2.06520, VaAcc: 0.5345, VaLoss:  5.41112	 10 sampled NNs | VaAcc: 0.5254 +- 0.0346 | VaLoss: 1.3866 +- 0.1140
 46,  0 | TrAcc: 0.5270, TrLoss:  2.11850, VaAcc: 0.5219, VaLoss:  5.41396	 10 sampled NNs | VaAcc: 0.5144 +- 0.0387 | VaLoss: 1.3847 +- 0.1245
 47,  0 | TrAcc: 0.5173, TrLoss:  2.15754, VaAcc: 0.5304, VaLoss:  5.41646	 10 sampled NNs | VaAcc: 0.5549 +- 0.0333 | VaLoss: 1.2948 +- 0.0800
 48,  0 | TrAcc: 0.5528, TrLoss:  2.05683, VaAcc: 0.5364, VaLoss:  5.45738	 10 sampled NNs | VaAcc: 0.5138 +- 0.0501 | VaLoss: 1.4418 +- 0.2326
 49,  0 | TrAcc: 0.5540, TrLoss:  2.06258, VaAcc: 0.5286, VaLoss:  5.44707	 10 sampled NNs | VaAcc: 0.5169 +- 0.0410 | VaLoss: 1.4417 +- 0.1715
 50,  0 | TrAcc: 0.5464, TrLoss:  2.09667, VaAcc: 0.5304, VaLoss:  5.43799	 10 sampled NNs | VaAcc: 0.5326 +- 0.0353 | VaLoss: 1.4038 +- 0.1462
 51,  0 | TrAcc: 0.5324, TrLoss:  2.11894, VaAcc: 0.5312, VaLoss:  5.42587	 10 sampled NNs | VaAcc: 0.5429 +- 0.0302 | VaLoss: 1.3285 +- 0.0998
 52,  0 | TrAcc: 0.5544, TrLoss:  2.08935, VaAcc: 0.5312, VaLoss:  5.43289	 10 sampled NNs | VaAcc: 0.5354 +- 0.0436 | VaLoss: 1.3819 +- 0.2062
 53,  0 | TrAcc: 0.5593, TrLoss:  2.05965, VaAcc: 0.5388, VaLoss:  5.42189	 10 sampled NNs | VaAcc: 0.5250 +- 0.0423 | VaLoss: 1.3932 +- 0.1915
 54,  0 | TrAcc: 0.5464, TrLoss:  2.07117, VaAcc: 0.5340, VaLoss:  5.42068	 10 sampled NNs | VaAcc: 0.5419 +- 0.0302 | VaLoss: 1.3165 +- 0.1028
 55,  0 | TrAcc: 0.5609, TrLoss:  2.07238, VaAcc: 0.5311, VaLoss:  5.43426	 10 sampled NNs | VaAcc: 0.5206 +- 0.0346 | VaLoss: 1.3724 +- 0.1791
 56,  0 | TrAcc: 0.5349, TrLoss:  2.11100, VaAcc: 0.5296, VaLoss:  5.40344	 10 sampled NNs | VaAcc: 0.5138 +- 0.0377 | VaLoss: 1.4266 +- 0.1770
 57,  0 | TrAcc: 0.5482, TrLoss:  2.09921, VaAcc: 0.5275, VaLoss:  5.36678	 10 sampled NNs | VaAcc: 0.5153 +- 0.0440 | VaLoss: 1.3503 +- 0.1143
 58,  0 | TrAcc: 0.5316, TrLoss:  2.11308, VaAcc: 0.5134, VaLoss:  5.40033	 10 sampled NNs | VaAcc: 0.5231 +- 0.0371 | VaLoss: 1.3503 +- 0.1286
 59,  0 | TrAcc: 0.5404, TrLoss:  2.08917, VaAcc: 0.5302, VaLoss:  5.37884	 10 sampled NNs | VaAcc: 0.5482 +- 0.0354 | VaLoss: 1.3260 +- 0.1088
 60,  0 | TrAcc: 0.5436, TrLoss:  2.09882, VaAcc: 0.5249, VaLoss:  5.37235	 10 sampled NNs | VaAcc: 0.5247 +- 0.0388 | VaLoss: 1.4356 +- 0.1851
 61,  0 | TrAcc: 0.5721, TrLoss:  2.01591, VaAcc: 0.5380, VaLoss:  5.39549	 10 sampled NNs | VaAcc: 0.5418 +- 0.0279 | VaLoss: 1.2785 +- 0.0582
 62,  0 | TrAcc: 0.5514, TrLoss:  2.06862, VaAcc: 0.5229, VaLoss:  5.38562	 10 sampled NNs | VaAcc: 0.5206 +- 0.0455 | VaLoss: 1.4225 +- 0.2582
 63,  0 | TrAcc: 0.5190, TrLoss:  2.13419, VaAcc: 0.5240, VaLoss:  5.32742	 10 sampled NNs | VaAcc: 0.5260 +- 0.0271 | VaLoss: 1.3682 +- 0.0990
 64,  0 | TrAcc: 0.5274, TrLoss:  2.10892, VaAcc: 0.5276, VaLoss:  5.36257	 10 sampled NNs | VaAcc: 0.5370 +- 0.0472 | VaLoss: 1.3709 +- 0.2627
 65,  0 | TrAcc: 0.5694, TrLoss:  2.02910, VaAcc: 0.5345, VaLoss:  5.39470	 10 sampled NNs | VaAcc: 0.5449 +- 0.0326 | VaLoss: 1.3547 +- 0.1235
 66,  0 | TrAcc: 0.5351, TrLoss:  2.10278, VaAcc: 0.5352, VaLoss:  5.36843	 10 sampled NNs | VaAcc: 0.5355 +- 0.0457 | VaLoss: 1.3268 +- 0.1489
 67,  0 | TrAcc: 0.5362, TrLoss:  2.13039, VaAcc: 0.5274, VaLoss:  5.34566	 10 sampled NNs | VaAcc: 0.5255 +- 0.0361 | VaLoss: 1.3327 +- 0.0986
 68,  0 | TrAcc: 0.5282, TrLoss:  2.13107, VaAcc: 0.5379, VaLoss:  5.31400	 10 sampled NNs | VaAcc: 0.5158 +- 0.0394 | VaLoss: 1.3999 +- 0.1481
 69,  0 | TrAcc: 0.5495, TrLoss:  2.05877, VaAcc: 0.5279, VaLoss:  5.37779	 10 sampled NNs | VaAcc: 0.5541 +- 0.0373 | VaLoss: 1.2827 +- 0.1280
 70,  0 | TrAcc: 0.5464, TrLoss:  2.08705, VaAcc: 0.5343, VaLoss:  5.35298	 10 sampled NNs | VaAcc: 0.5416 +- 0.0458 | VaLoss: 1.3185 +- 0.1139
 71,  0 | TrAcc: 0.5311, TrLoss:  2.10773, VaAcc: 0.5390, VaLoss:  5.31252	 10 sampled NNs | VaAcc: 0.5374 +- 0.0380 | VaLoss: 1.3067 +- 0.1089
 72,  0 | TrAcc: 0.5319, TrLoss:  2.08202, VaAcc: 0.5329, VaLoss:  5.32912	 10 sampled NNs | VaAcc: 0.5203 +- 0.0409 | VaLoss: 1.4088 +- 0.1737
 73,  0 | TrAcc: 0.5542, TrLoss:  2.06394, VaAcc: 0.5369, VaLoss:  5.34226	 10 sampled NNs | VaAcc: 0.5388 +- 0.0428 | VaLoss: 1.3462 +- 0.1817
 74,  0 | TrAcc: 0.5401, TrLoss:  2.06227, VaAcc: 0.5262, VaLoss:  5.31083	 10 sampled NNs | VaAcc: 0.5423 +- 0.0224 | VaLoss: 1.3230 +- 0.0945
 75,  0 | TrAcc: 0.5515, TrLoss:  2.06591, VaAcc: 0.5339, VaLoss:  5.32646	 10 sampled NNs | VaAcc: 0.5403 +- 0.0162 | VaLoss: 1.2897 +- 0.0530
 76,  0 | TrAcc: 0.5456, TrLoss:  2.04828, VaAcc: 0.5290, VaLoss:  5.33251	 10 sampled NNs | VaAcc: 0.5423 +- 0.0459 | VaLoss: 1.3465 +- 0.1842
 77,  0 | TrAcc: 0.5613, TrLoss:  2.01706, VaAcc: 0.5322, VaLoss:  5.34133	 10 sampled NNs | VaAcc: 0.5391 +- 0.0328 | VaLoss: 1.3325 +- 0.1420
 78,  0 | TrAcc: 0.5508, TrLoss:  2.07949, VaAcc: 0.5311, VaLoss:  5.34712	 10 sampled NNs | VaAcc: 0.5298 +- 0.0480 | VaLoss: 1.4003 +- 0.1780
 79,  0 | TrAcc: 0.5316, TrLoss:  2.09528, VaAcc: 0.5321, VaLoss:  5.32469	 10 sampled NNs | VaAcc: 0.5344 +- 0.0389 | VaLoss: 1.3680 +- 0.1487
 80,  0 | TrAcc: 0.5382, TrLoss:  2.08824, VaAcc: 0.5351, VaLoss:  5.29567	 10 sampled NNs | VaAcc: 0.5221 +- 0.0424 | VaLoss: 1.3540 +- 0.1484
 81,  0 | TrAcc: 0.5451, TrLoss:  2.08123, VaAcc: 0.5389, VaLoss:  5.32991	 10 sampled NNs | VaAcc: 0.5544 +- 0.0293 | VaLoss: 1.2859 +- 0.0869
 82,  0 | TrAcc: 0.5479, TrLoss:  2.08598, VaAcc: 0.5359, VaLoss:  5.33757	 10 sampled NNs | VaAcc: 0.5381 +- 0.0258 | VaLoss: 1.3194 +- 0.0832
 83,  0 | TrAcc: 0.5659, TrLoss:  2.03008, VaAcc: 0.5311, VaLoss:  5.37631	 10 sampled NNs | VaAcc: 0.5265 +- 0.0406 | VaLoss: 1.3722 +- 0.1534
 84,  0 | TrAcc: 0.5446, TrLoss:  2.05711, VaAcc: 0.5307, VaLoss:  5.30930	 10 sampled NNs | VaAcc: 0.5140 +- 0.0555 | VaLoss: 1.4099 +- 0.2529
 85,  0 | TrAcc: 0.5532, TrLoss:  2.06012, VaAcc: 0.5272, VaLoss:  5.35431	 10 sampled NNs | VaAcc: 0.5139 +- 0.0443 | VaLoss: 1.4772 +- 0.2174
 86,  0 | TrAcc: 0.5649, TrLoss:  2.03436, VaAcc: 0.5429, VaLoss:  5.32523	 10 sampled NNs | VaAcc: 0.5326 +- 0.0296 | VaLoss: 1.3344 +- 0.0860
 87,  0 | TrAcc: 0.5606, TrLoss:  2.05804, VaAcc: 0.5464, VaLoss:  5.35965	 10 sampled NNs | VaAcc: 0.5539 +- 0.0404 | VaLoss: 1.2993 +- 0.0955
 88,  0 | TrAcc: 0.5520, TrLoss:  2.08225, VaAcc: 0.5393, VaLoss:  5.33841	 10 sampled NNs | VaAcc: 0.5334 +- 0.0457 | VaLoss: 1.3660 +- 0.1724
 89,  0 | TrAcc: 0.5557, TrLoss:  2.03874, VaAcc: 0.5366, VaLoss:  5.34737	 10 sampled NNs | VaAcc: 0.5356 +- 0.0312 | VaLoss: 1.3334 +- 0.0921
 90,  0 | TrAcc: 0.5249, TrLoss:  2.14764, VaAcc: 0.5335, VaLoss:  5.30287	 10 sampled NNs | VaAcc: 0.5145 +- 0.0354 | VaLoss: 1.4035 +- 0.1204
 91,  0 | TrAcc: 0.5557, TrLoss:  2.04848, VaAcc: 0.5342, VaLoss:  5.35566	 10 sampled NNs | VaAcc: 0.5166 +- 0.0489 | VaLoss: 1.4713 +- 0.2859
 92,  0 | TrAcc: 0.5438, TrLoss:  2.05867, VaAcc: 0.5335, VaLoss:  5.30836	 10 sampled NNs | VaAcc: 0.5657 +- 0.0184 | VaLoss: 1.2429 +- 0.0367
 93,  0 | TrAcc: 0.5663, TrLoss:  2.02871, VaAcc: 0.5360, VaLoss:  5.34784	 10 sampled NNs | VaAcc: 0.5431 +- 0.0322 | VaLoss: 1.3049 +- 0.0865
 94,  0 | TrAcc: 0.5556, TrLoss:  2.04892, VaAcc: 0.5395, VaLoss:  5.33182	 10 sampled NNs | VaAcc: 0.5219 +- 0.0458 | VaLoss: 1.4585 +- 0.2411
 95,  0 | TrAcc: 0.5606, TrLoss:  2.01762, VaAcc: 0.5381, VaLoss:  5.30104	 10 sampled NNs | VaAcc: 0.5355 +- 0.0445 | VaLoss: 1.3760 +- 0.2013
 96,  0 | TrAcc: 0.5540, TrLoss:  2.04784, VaAcc: 0.5335, VaLoss:  5.29618	 10 sampled NNs | VaAcc: 0.5326 +- 0.0372 | VaLoss: 1.3098 +- 0.0787
 97,  0 | TrAcc: 0.5504, TrLoss:  2.04547, VaAcc: 0.5325, VaLoss:  5.29056	 10 sampled NNs | VaAcc: 0.5393 +- 0.0386 | VaLoss: 1.3621 +- 0.1870
 98,  0 | TrAcc: 0.5512, TrLoss:  2.05543, VaAcc: 0.5376, VaLoss:  5.31328	 10 sampled NNs | VaAcc: 0.5170 +- 0.0407 | VaLoss: 1.4038 +- 0.1455
 99,  0 | TrAcc: 0.5463, TrLoss:  2.07500, VaAcc: 0.5335, VaLoss:  5.32323	 10 sampled NNs | VaAcc: 0.5473 +- 0.0182 | VaLoss: 1.2801 +- 0.0749
100,  0 | TrAcc: 0.5724, TrLoss:  2.03239, VaAcc: 0.5370, VaLoss:  5.31967	 10 sampled NNs | VaAcc: 0.5254 +- 0.0329 | VaLoss: 1.3447 +- 0.0937
101,  0 | TrAcc: 0.5710, TrLoss:  2.00663, VaAcc: 0.5353, VaLoss:  5.31700	 10 sampled NNs | VaAcc: 0.5330 +- 0.0571 | VaLoss: 1.3406 +- 0.1707
102,  0 | TrAcc: 0.5303, TrLoss:  2.09617, VaAcc: 0.5216, VaLoss:  5.26705	 10 sampled NNs | VaAcc: 0.5190 +- 0.0294 | VaLoss: 1.3795 +- 0.0930
103,  0 | TrAcc: 0.5736, TrLoss:  2.01011, VaAcc: 0.5371, VaLoss:  5.31227	 10 sampled NNs | VaAcc: 0.5048 +- 0.0663 | VaLoss: 1.4681 +- 0.2773
104,  0 | TrAcc: 0.5252, TrLoss:  2.11680, VaAcc: 0.5395, VaLoss:  5.28646	 10 sampled NNs | VaAcc: 0.5380 +- 0.0371 | VaLoss: 1.3350 +- 0.1393
105,  0 | TrAcc: 0.5507, TrLoss:  2.06910, VaAcc: 0.5237, VaLoss:  5.31596	 10 sampled NNs | VaAcc: 0.5031 +- 0.0614 | VaLoss: 1.5035 +- 0.3312
106,  0 | TrAcc: 0.5538, TrLoss:  2.04439, VaAcc: 0.5359, VaLoss:  5.28493	 10 sampled NNs | VaAcc: 0.5285 +- 0.0376 | VaLoss: 1.3776 +- 0.1346
107,  0 | TrAcc: 0.5328, TrLoss:  2.08150, VaAcc: 0.5264, VaLoss:  5.23456	 10 sampled NNs | VaAcc: 0.5144 +- 0.0368 | VaLoss: 1.4216 +- 0.1328
108,  0 | TrAcc: 0.5630, TrLoss:  2.03285, VaAcc: 0.5331, VaLoss:  5.25833	 10 sampled NNs | VaAcc: 0.5453 +- 0.0202 | VaLoss: 1.2720 +- 0.0553
109,  0 | TrAcc: 0.5272, TrLoss:  2.10223, VaAcc: 0.5238, VaLoss:  5.26083	 10 sampled NNs | VaAcc: 0.5152 +- 0.0395 | VaLoss: 1.3896 +- 0.1092
110,  0 | TrAcc: 0.5401, TrLoss:  2.08699, VaAcc: 0.5251, VaLoss:  5.26662	 10 sampled NNs | VaAcc: 0.5270 +- 0.0373 | VaLoss: 1.3366 +- 0.0925
111,  0 | TrAcc: 0.5423, TrLoss:  2.07532, VaAcc: 0.5305, VaLoss:  5.26593	 10 sampled NNs | VaAcc: 0.5389 +- 0.0393 | VaLoss: 1.3276 +- 0.1773
112,  0 | TrAcc: 0.5316, TrLoss:  2.13735, VaAcc: 0.5380, VaLoss:  5.22178	 10 sampled NNs | VaAcc: 0.5378 +- 0.0328 | VaLoss: 1.3494 +- 0.1571
113,  0 | TrAcc: 0.5598, TrLoss:  2.06053, VaAcc: 0.5381, VaLoss:  5.28344	 10 sampled NNs | VaAcc: 0.5370 +- 0.0411 | VaLoss: 1.3409 +- 0.1538
114,  0 | TrAcc: 0.5371, TrLoss:  2.09108, VaAcc: 0.5302, VaLoss:  5.27732	 10 sampled NNs | VaAcc: 0.5076 +- 0.0470 | VaLoss: 1.4362 +- 0.2215
115,  0 | TrAcc: 0.5594, TrLoss:  2.03105, VaAcc: 0.5273, VaLoss:  5.26161	 10 sampled NNs | VaAcc: 0.5379 +- 0.0343 | VaLoss: 1.3636 +- 0.1335
116,  0 | TrAcc: 0.5454, TrLoss:  2.06422, VaAcc: 0.5230, VaLoss:  5.25776	 10 sampled NNs | VaAcc: 0.5205 +- 0.0364 | VaLoss: 1.3577 +- 0.0845
117,  0 | TrAcc: 0.5531, TrLoss:  2.07336, VaAcc: 0.5304, VaLoss:  5.26604	 10 sampled NNs | VaAcc: 0.5152 +- 0.0653 | VaLoss: 1.4169 +- 0.2284
118,  0 | TrAcc: 0.5490, TrLoss:  2.04646, VaAcc: 0.5385, VaLoss:  5.26863	 10 sampled NNs | VaAcc: 0.5345 +- 0.0314 | VaLoss: 1.3290 +- 0.0907
119,  0 | TrAcc: 0.5643, TrLoss:  2.02045, VaAcc: 0.5377, VaLoss:  5.30726	 10 sampled NNs | VaAcc: 0.5336 +- 0.0307 | VaLoss: 1.3354 +- 0.1112
120,  0 | TrAcc: 0.5448, TrLoss:  2.10300, VaAcc: 0.5392, VaLoss:  5.27736	 10 sampled NNs | VaAcc: 0.5186 +- 0.0568 | VaLoss: 1.4412 +- 0.1942
121,  0 | TrAcc: 0.5442, TrLoss:  2.07601, VaAcc: 0.5337, VaLoss:  5.29489	 10 sampled NNs | VaAcc: 0.5382 +- 0.0264 | VaLoss: 1.3288 +- 0.0817
122,  0 | TrAcc: 0.5185, TrLoss:  2.11560, VaAcc: 0.5350, VaLoss:  5.23619	 10 sampled NNs | VaAcc: 0.5419 +- 0.0262 | VaLoss: 1.2923 +- 0.0702
123,  0 | TrAcc: 0.5390, TrLoss:  2.08981, VaAcc: 0.5293, VaLoss:  5.29760	 10 sampled NNs | VaAcc: 0.5440 +- 0.0321 | VaLoss: 1.3086 +- 0.0866
124,  0 | TrAcc: 0.5410, TrLoss:  2.06359, VaAcc: 0.5293, VaLoss:  5.24720	 10 sampled NNs | VaAcc: 0.5309 +- 0.0322 | VaLoss: 1.3477 +- 0.1363
125,  0 | TrAcc: 0.5531, TrLoss:  2.03945, VaAcc: 0.5273, VaLoss:  5.24909	 10 sampled NNs | VaAcc: 0.5335 +- 0.0242 | VaLoss: 1.3171 +- 0.0857
126,  0 | TrAcc: 0.5602, TrLoss:  2.01880, VaAcc: 0.5203, VaLoss:  5.26574	 10 sampled NNs | VaAcc: 0.5067 +- 0.0602 | VaLoss: 1.4452 +- 0.2521
127,  0 | TrAcc: 0.5221, TrLoss:  2.08029, VaAcc: 0.5288, VaLoss:  5.20367	 10 sampled NNs | VaAcc: 0.5434 +- 0.0230 | VaLoss: 1.3045 +- 0.0846
128,  0 | TrAcc: 0.5524, TrLoss:  2.06975, VaAcc: 0.5374, VaLoss:  5.27173	 10 sampled NNs | VaAcc: 0.5338 +- 0.0378 | VaLoss: 1.3196 +- 0.1135
129,  0 | TrAcc: 0.5466, TrLoss:  2.07187, VaAcc: 0.5327, VaLoss:  5.27822	 10 sampled NNs | VaAcc: 0.5470 +- 0.0294 | VaLoss: 1.3316 +- 0.0929
130,  0 | TrAcc: 0.5331, TrLoss:  2.08494, VaAcc: 0.5255, VaLoss:  5.29291	 10 sampled NNs | VaAcc: 0.5319 +- 0.0410 | VaLoss: 1.3828 +- 0.1159
131,  0 | TrAcc: 0.5576, TrLoss:  2.03842, VaAcc: 0.5301, VaLoss:  5.25437	 10 sampled NNs | VaAcc: 0.5407 +- 0.0350 | VaLoss: 1.3360 +- 0.1501
132,  0 | TrAcc: 0.5439, TrLoss:  2.05732, VaAcc: 0.5380, VaLoss:  5.27526	 10 sampled NNs | VaAcc: 0.5525 +- 0.0290 | VaLoss: 1.2826 +- 0.0637
133,  0 | TrAcc: 0.5478, TrLoss:  2.06951, VaAcc: 0.5379, VaLoss:  5.26395	 10 sampled NNs | VaAcc: 0.5354 +- 0.0337 | VaLoss: 1.3527 +- 0.1662
134,  0 | TrAcc: 0.5530, TrLoss:  2.04540, VaAcc: 0.5357, VaLoss:  5.31049	 10 sampled NNs | VaAcc: 0.5138 +- 0.0378 | VaLoss: 1.3666 +- 0.0815
135,  0 | TrAcc: 0.5377, TrLoss:  2.08511, VaAcc: 0.5376, VaLoss:  5.29726	 10 sampled NNs | VaAcc: 0.5280 +- 0.0553 | VaLoss: 1.4015 +- 0.2926
136,  0 | TrAcc: 0.5276, TrLoss:  2.10738, VaAcc: 0.5405, VaLoss:  5.27821	 10 sampled NNs | VaAcc: 0.5509 +- 0.0306 | VaLoss: 1.2856 +- 0.0799
137,  0 | TrAcc: 0.5433, TrLoss:  2.07313, VaAcc: 0.5381, VaLoss:  5.25348	 10 sampled NNs | VaAcc: 0.5570 +- 0.0280 | VaLoss: 1.3170 +- 0.1545
138,  0 | TrAcc: 0.5399, TrLoss:  2.10197, VaAcc: 0.5377, VaLoss:  5.30713	 10 sampled NNs | VaAcc: 0.5447 +- 0.0362 | VaLoss: 1.3378 +- 0.1453
139,  0 | TrAcc: 0.5552, TrLoss:  2.04721, VaAcc: 0.5357, VaLoss:  5.31216	 10 sampled NNs | VaAcc: 0.5379 +- 0.0376 | VaLoss: 1.3773 +- 0.2191
140,  0 | TrAcc: 0.5719, TrLoss:  2.02892, VaAcc: 0.5421, VaLoss:  5.29838	 10 sampled NNs | VaAcc: 0.5344 +- 0.0489 | VaLoss: 1.3707 +- 0.1816
141,  0 | TrAcc: 0.5792, TrLoss:  1.98697, VaAcc: 0.5352, VaLoss:  5.34401	 10 sampled NNs | VaAcc: 0.5412 +- 0.0340 | VaLoss: 1.3787 +- 0.1785
142,  0 | TrAcc: 0.5375, TrLoss:  2.09665, VaAcc: 0.5329, VaLoss:  5.29333	 10 sampled NNs | VaAcc: 0.5278 +- 0.0342 | VaLoss: 1.3557 +- 0.1313
143,  0 | TrAcc: 0.5430, TrLoss:  2.09325, VaAcc: 0.5401, VaLoss:  5.26390	 10 sampled NNs | VaAcc: 0.5483 +- 0.0336 | VaLoss: 1.3207 +- 0.1168
144,  0 | TrAcc: 0.5641, TrLoss:  2.03345, VaAcc: 0.5369, VaLoss:  5.28102	 10 sampled NNs | VaAcc: 0.5356 +- 0.0413 | VaLoss: 1.3467 +- 0.1798
145,  0 | TrAcc: 0.5496, TrLoss:  2.06260, VaAcc: 0.5312, VaLoss:  5.31830	 10 sampled NNs | VaAcc: 0.5437 +- 0.0308 | VaLoss: 1.3010 +- 0.0793
146,  0 | TrAcc: 0.5533, TrLoss:  2.06137, VaAcc: 0.5348, VaLoss:  5.29115	 10 sampled NNs | VaAcc: 0.5379 +- 0.0328 | VaLoss: 1.3264 +- 0.1032
147,  0 | TrAcc: 0.5509, TrLoss:  2.06345, VaAcc: 0.5333, VaLoss:  5.30764	 10 sampled NNs | VaAcc: 0.5293 +- 0.0240 | VaLoss: 1.3490 +- 0.0728
148,  0 | TrAcc: 0.5638, TrLoss:  2.01465, VaAcc: 0.5336, VaLoss:  5.33373	 10 sampled NNs | VaAcc: 0.5404 +- 0.0209 | VaLoss: 1.2890 +- 0.0569
149,  0 | TrAcc: 0.5537, TrLoss:  2.06524, VaAcc: 0.5378, VaLoss:  5.33485	 10 sampled NNs | VaAcc: 0.5351 +- 0.0492 | VaLoss: 1.3317 +- 0.1783
150,  0 | TrAcc: 0.5285, TrLoss:  2.09580, VaAcc: 0.5297, VaLoss:  5.30300	 10 sampled NNs | VaAcc: 0.5504 +- 0.0402 | VaLoss: 1.2920 +- 0.1160
151,  0 | TrAcc: 0.5529, TrLoss:  2.06681, VaAcc: 0.5375, VaLoss:  5.32275	 10 sampled NNs | VaAcc: 0.5467 +- 0.0546 | VaLoss: 1.3273 +- 0.1976
152,  0 | TrAcc: 0.5629, TrLoss:  2.02195, VaAcc: 0.5450, VaLoss:  5.34936	 10 sampled NNs | VaAcc: 0.5556 +- 0.0172 | VaLoss: 1.2786 +- 0.0559
153,  0 | TrAcc: 0.5444, TrLoss:  2.08589, VaAcc: 0.5422, VaLoss:  5.32527	 10 sampled NNs | VaAcc: 0.5426 +- 0.0310 | VaLoss: 1.3177 +- 0.1328
154,  0 | TrAcc: 0.5493, TrLoss:  2.07443, VaAcc: 0.5408, VaLoss:  5.34866	 10 sampled NNs | VaAcc: 0.5232 +- 0.0492 | VaLoss: 1.4449 +- 0.2654
155,  0 | TrAcc: 0.5461, TrLoss:  2.06227, VaAcc: 0.5356, VaLoss:  5.34603	 10 sampled NNs | VaAcc: 0.5407 +- 0.0318 | VaLoss: 1.2927 +- 0.0871
156,  0 | TrAcc: 0.5515, TrLoss:  2.06493, VaAcc: 0.5478, VaLoss:  5.31449	 10 sampled NNs | VaAcc: 0.5666 +- 0.0214 | VaLoss: 1.2381 +- 0.0514
157,  0 | TrAcc: 0.5649, TrLoss:  2.04252, VaAcc: 0.5400, VaLoss:  5.33941	 10 sampled NNs | VaAcc: 0.5520 +- 0.0343 | VaLoss: 1.3003 +- 0.0831
158,  0 | TrAcc: 0.5502, TrLoss:  2.05829, VaAcc: 0.5387, VaLoss:  5.34980	 10 sampled NNs | VaAcc: 0.5337 +- 0.0375 | VaLoss: 1.3087 +- 0.1096
159,  0 | TrAcc: 0.5503, TrLoss:  2.06303, VaAcc: 0.5436, VaLoss:  5.28082	 10 sampled NNs | VaAcc: 0.5273 +- 0.0412 | VaLoss: 1.3942 +- 0.1875
160,  0 | TrAcc: 0.5495, TrLoss:  2.07012, VaAcc: 0.5424, VaLoss:  5.28259	 10 sampled NNs | VaAcc: 0.5238 +- 0.0380 | VaLoss: 1.3828 +- 0.1353
161,  0 | TrAcc: 0.5415, TrLoss:  2.08335, VaAcc: 0.5315, VaLoss:  5.26254	 10 sampled NNs | VaAcc: 0.5325 +- 0.0167 | VaLoss: 1.3420 +- 0.1025
162,  0 | TrAcc: 0.5543, TrLoss:  2.05629, VaAcc: 0.5318, VaLoss:  5.30134	 10 sampled NNs | VaAcc: 0.5542 +- 0.0340 | VaLoss: 1.2618 +- 0.0850
163,  0 | TrAcc: 0.5398, TrLoss:  2.06279, VaAcc: 0.5272, VaLoss:  5.31666	 10 sampled NNs | VaAcc: 0.5326 +- 0.0330 | VaLoss: 1.3183 +- 0.0960
164,  0 | TrAcc: 0.5532, TrLoss:  2.04914, VaAcc: 0.5375, VaLoss:  5.28936	 10 sampled NNs | VaAcc: 0.5198 +- 0.0445 | VaLoss: 1.4423 +- 0.1851
165,  0 | TrAcc: 0.5675, TrLoss:  2.02614, VaAcc: 0.5439, VaLoss:  5.35064	 10 sampled NNs | VaAcc: 0.5270 +- 0.0578 | VaLoss: 1.3571 +- 0.1877
166,  0 | TrAcc: 0.5477, TrLoss:  2.07530, VaAcc: 0.5403, VaLoss:  5.28951	 10 sampled NNs | VaAcc: 0.5526 +- 0.0272 | VaLoss: 1.2744 +- 0.0941
167,  0 | TrAcc: 0.5529, TrLoss:  2.05855, VaAcc: 0.5374, VaLoss:  5.27918	 10 sampled NNs | VaAcc: 0.5377 +- 0.0295 | VaLoss: 1.2943 +- 0.0838
168,  0 | TrAcc: 0.5713, TrLoss:  2.00096, VaAcc: 0.5317, VaLoss:  5.31152	 10 sampled NNs | VaAcc: 0.5325 +- 0.0409 | VaLoss: 1.3602 +- 0.1655
169,  0 | TrAcc: 0.5553, TrLoss:  2.04170, VaAcc: 0.5437, VaLoss:  5.29452	 10 sampled NNs | VaAcc: 0.5198 +- 0.0456 | VaLoss: 1.4358 +- 0.2413
170,  0 | TrAcc: 0.5464, TrLoss:  2.06149, VaAcc: 0.5300, VaLoss:  5.27639	 10 sampled NNs | VaAcc: 0.5311 +- 0.0244 | VaLoss: 1.3077 +- 0.1085
171,  0 | TrAcc: 0.5625, TrLoss:  2.02675, VaAcc: 0.5474, VaLoss:  5.29920	 10 sampled NNs | VaAcc: 0.5229 +- 0.0392 | VaLoss: 1.3970 +- 0.1591
172,  0 | TrAcc: 0.5490, TrLoss:  2.06105, VaAcc: 0.5307, VaLoss:  5.35724	 10 sampled NNs | VaAcc: 0.5417 +- 0.0286 | VaLoss: 1.3178 +- 0.0615
173,  0 | TrAcc: 0.5624, TrLoss:  2.04001, VaAcc: 0.5425, VaLoss:  5.29999	 10 sampled NNs | VaAcc: 0.5456 +- 0.0261 | VaLoss: 1.2846 +- 0.0883
174,  0 | TrAcc: 0.5245, TrLoss:  2.11175, VaAcc: 0.5286, VaLoss:  5.26265	 10 sampled NNs | VaAcc: 0.5299 +- 0.0298 | VaLoss: 1.3540 +- 0.1251
175,  0 | TrAcc: 0.5327, TrLoss:  2.09551, VaAcc: 0.5286, VaLoss:  5.26040	 10 sampled NNs | VaAcc: 0.5200 +- 0.0675 | VaLoss: 1.4240 +- 0.2896
176,  0 | TrAcc: 0.5443, TrLoss:  2.04683, VaAcc: 0.5284, VaLoss:  5.26151	 10 sampled NNs | VaAcc: 0.5445 +- 0.0407 | VaLoss: 1.3415 +- 0.1443
177,  0 | TrAcc: 0.5565, TrLoss:  2.03219, VaAcc: 0.5376, VaLoss:  5.27572	 10 sampled NNs | VaAcc: 0.5464 +- 0.0206 | VaLoss: 1.2852 +- 0.0900
178,  0 | TrAcc: 0.5376, TrLoss:  2.07997, VaAcc: 0.5286, VaLoss:  5.24263	 10 sampled NNs | VaAcc: 0.5558 +- 0.0206 | VaLoss: 1.2813 +- 0.0820
179,  0 | TrAcc: 0.5053, TrLoss:  2.12807, VaAcc: 0.5173, VaLoss:  5.21340	 10 sampled NNs | VaAcc: 0.5031 +- 0.0513 | VaLoss: 1.4323 +- 0.1759
180,  0 | TrAcc: 0.5540, TrLoss:  2.04443, VaAcc: 0.5288, VaLoss:  5.27251	 10 sampled NNs | VaAcc: 0.5339 +- 0.0371 | VaLoss: 1.3569 +- 0.1304
181,  0 | TrAcc: 0.5232, TrLoss:  2.11454, VaAcc: 0.5217, VaLoss:  5.25922	 10 sampled NNs | VaAcc: 0.5125 +- 0.0482 | VaLoss: 1.4470 +- 0.2542
182,  0 | TrAcc: 0.5418, TrLoss:  2.08483, VaAcc: 0.5283, VaLoss:  5.27045	 10 sampled NNs | VaAcc: 0.5392 +- 0.0402 | VaLoss: 1.3326 +- 0.1376
183,  0 | TrAcc: 0.5392, TrLoss:  2.04225, VaAcc: 0.5288, VaLoss:  5.24998	 10 sampled NNs | VaAcc: 0.5472 +- 0.0402 | VaLoss: 1.2853 +- 0.0919
184,  0 | TrAcc: 0.5714, TrLoss:  2.00768, VaAcc: 0.5492, VaLoss:  5.30233	 10 sampled NNs | VaAcc: 0.5284 +- 0.0507 | VaLoss: 1.4506 +- 0.2601
185,  0 | TrAcc: 0.5472, TrLoss:  2.08211, VaAcc: 0.5389, VaLoss:  5.27178	 10 sampled NNs | VaAcc: 0.5529 +- 0.0200 | VaLoss: 1.2705 +- 0.0477
186,  0 | TrAcc: 0.5573, TrLoss:  2.02079, VaAcc: 0.5360, VaLoss:  5.29476	 10 sampled NNs | VaAcc: 0.5288 +- 0.0683 | VaLoss: 1.4110 +- 0.3457
187,  0 | TrAcc: 0.5465, TrLoss:  2.07636, VaAcc: 0.5459, VaLoss:  5.29603	 10 sampled NNs | VaAcc: 0.5367 +- 0.0332 | VaLoss: 1.3699 +- 0.1701
188,  0 | TrAcc: 0.5386, TrLoss:  2.07306, VaAcc: 0.5355, VaLoss:  5.27352	 10 sampled NNs | VaAcc: 0.5440 +- 0.0401 | VaLoss: 1.3204 +- 0.1622
189,  0 | TrAcc: 0.5379, TrLoss:  2.05737, VaAcc: 0.5319, VaLoss:  5.25736	 10 sampled NNs | VaAcc: 0.5394 +- 0.0387 | VaLoss: 1.3140 +- 0.1158
190,  0 | TrAcc: 0.5476, TrLoss:  2.03314, VaAcc: 0.5278, VaLoss:  5.22122	 10 sampled NNs | VaAcc: 0.5493 +- 0.0292 | VaLoss: 1.2695 +- 0.0656
191,  0 | TrAcc: 0.5342, TrLoss:  2.06673, VaAcc: 0.5298, VaLoss:  5.20234	 10 sampled NNs | VaAcc: 0.5341 +- 0.0259 | VaLoss: 1.3102 +- 0.0795
192,  0 | TrAcc: 0.5419, TrLoss:  2.06151, VaAcc: 0.5308, VaLoss:  5.20604	 10 sampled NNs | VaAcc: 0.5236 +- 0.0230 | VaLoss: 1.3825 +- 0.1420
193,  0 | TrAcc: 0.5657, TrLoss:  2.04865, VaAcc: 0.5426, VaLoss:  5.25179	 10 sampled NNs | VaAcc: 0.5251 +- 0.0341 | VaLoss: 1.3552 +- 0.1251
194,  0 | TrAcc: 0.5343, TrLoss:  2.05741, VaAcc: 0.5289, VaLoss:  5.23291	 10 sampled NNs | VaAcc: 0.5497 +- 0.0181 | VaLoss: 1.2897 +- 0.0592
195,  0 | TrAcc: 0.5383, TrLoss:  2.06717, VaAcc: 0.5299, VaLoss:  5.24707	 10 sampled NNs | VaAcc: 0.5281 +- 0.0268 | VaLoss: 1.3472 +- 0.1547
196,  0 | TrAcc: 0.5491, TrLoss:  2.02981, VaAcc: 0.5232, VaLoss:  5.25871	 10 sampled NNs | VaAcc: 0.5427 +- 0.0243 | VaLoss: 1.2957 +- 0.0648
197,  0 | TrAcc: 0.5635, TrLoss:  2.02848, VaAcc: 0.5314, VaLoss:  5.25663	 10 sampled NNs | VaAcc: 0.5272 +- 0.0337 | VaLoss: 1.3980 +- 0.1481
198,  0 | TrAcc: 0.5462, TrLoss:  2.05306, VaAcc: 0.5372, VaLoss:  5.22483	 10 sampled NNs | VaAcc: 0.5285 +- 0.0643 | VaLoss: 1.3976 +- 0.2681
199,  0 | TrAcc: 0.5384, TrLoss:  2.08357, VaAcc: 0.5222, VaLoss:  5.24220	 10 sampled NNs | VaAcc: 0.5592 +- 0.0189 | VaLoss: 1.2630 +- 0.0373
9643.963044
----------------------------
