
=============================
CONFIG FILE

RNN CONFIG
{'data_multiplier': 0.0001,
 'gradient_clip_value': 0.5,
 'layer_configs': [{'layer_type': 'input'},
                   {'bc': {'init_m': 'xavier',
                           'init_v': -4.5,
                           'prior_m': 0.0,
                           'prior_v': 0.0,
                           'type': 'continuous'},
                    'bf': {'init_m': 'xavier',
                           'init_v': -4.5,
                           'prior_m': 0.0,
                           'prior_v': 0.0,
                           'type': 'continuous'},
                    'bi': {'init_m': 'xavier',
                           'init_v': -4.5,
                           'prior_m': 0.0,
                           'prior_v': 0.0,
                           'type': 'continuous'},
                    'bo': {'init_m': 'xavier',
                           'init_v': -4.5,
                           'prior_m': 0.0,
                           'prior_v': 0.0,
                           'type': 'continuous'},
                    'init_config': {'c': {'b': 'all_zero', 'w': 'xavier'},
                                    'f': {'b': 'all_one', 'w': 'all_zero'},
                                    'i': {'b': 'all_zero', 'w': 'xavier'},
                                    'o': {'b': 'all_zero', 'w': 'xavier'}},
                    'is_output': False,
                    'is_recurrent': True,
                    'layer_type': 'lstm',
                    'var_scope': 'lstm_0',
                    'wc': {'init_m': 'xavier',
                           'init_v': -4.5,
                           'prior_m': 0.0,
                           'prior_v': 0.0,
                           'type': 'continuous'},
                    'wf': {'init_m': 'xavier',
                           'init_v': -4.5,
                           'prior_m': 0.0,
                           'prior_v': 0.0,
                           'type': 'continuous'},
                    'wi': {'init_m': 'xavier',
                           'init_v': -4.5,
                           'prior_m': 0.0,
                           'prior_v': 0.0,
                           'type': 'continuous'},
                    'wo': {'init_m': 'xavier',
                           'init_v': -4.5,
                           'prior_m': 0.0,
                           'prior_v': 0.0,
                           'type': 'continuous'}},
                   {'bc': {'init_m': 'xavier',
                           'init_v': -4.5,
                           'prior_m': 0.0,
                           'prior_v': 0.0,
                           'type': 'continuous'},
                    'bf': {'init_m': 'xavier',
                           'init_v': -4.5,
                           'prior_m': 0.0,
                           'prior_v': 0.0,
                           'type': 'continuous'},
                    'bi': {'init_m': 'xavier',
                           'init_v': -4.5,
                           'prior_m': 0.0,
                           'prior_v': 0.0,
                           'type': 'continuous'},
                    'bo': {'init_m': 'xavier',
                           'init_v': -4.5,
                           'prior_m': 0.0,
                           'prior_v': 0.0,
                           'type': 'continuous'},
                    'init_config': {'c': {'b': 'all_zero', 'w': 'xavier'},
                                    'f': {'b': 'all_one', 'w': 'all_zero'},
                                    'i': {'b': 'all_zero', 'w': 'xavier'},
                                    'o': {'b': 'all_zero', 'w': 'xavier'}},
                    'is_output': False,
                    'is_recurrent': True,
                    'layer_type': 'lstm',
                    'var_scope': 'lstm_1',
                    'wc': {'init_m': 'xavier',
                           'init_v': -4.5,
                           'prior_m': 0.0,
                           'prior_v': 0.0,
                           'type': 'continuous'},
                    'wf': {'init_m': 'xavier',
                           'init_v': -4.5,
                           'prior_m': 0.0,
                           'prior_v': 0.0,
                           'type': 'continuous'},
                    'wi': {'init_m': 'xavier',
                           'init_v': -4.5,
                           'prior_m': 0.0,
                           'prior_v': 0.0,
                           'type': 'continuous'},
                    'wo': {'init_m': 'xavier',
                           'init_v': -4.5,
                           'prior_m': 0.0,
                           'prior_v': 0.0,
                           'type': 'continuous'}},
                   {'b': {'init_m': 'xavier',
                          'init_v': -4.5,
                          'prior_m': 0.0,
                          'prior_v': 0.0,
                          'type': 'continuous'},
                    'is_output': True,
                    'is_recurrent': False,
                    'layer_type': 'fc',
                    'regularization': {'mode': None, 'strength': 0.02},
                    'var_scope': 'output_layer',
                    'w': {'init_m': 'xavier',
                          'init_v': -4.5,
                          'prior_m': 0.0,
                          'prior_v': 0.0,
                          'type': 'continuous'}}],
 'layout': [4, 60, 60, 10],
 'output_type': 'classification'}

DATA CONFIG
{'dataset': 'red_penstroke',
 'tr': {'in_seq_len': 30,
        'minibatch_enabled': True,
        'minibatch_size': 1000,
        'out_seq_len': 5,
        'zero_padding': 20},
 'va': {'in_seq_len': 30,
        'minibatch_enabled': True,
        'minibatch_size': 1000,
        'out_seq_len': 5,
        'zero_padding': 20}}

TRAINING CONFIG
{'beta_reg': 0.0,
 'is_pretrain': False,
 'learning_rate': 0.002,
 'mode': {'max_epochs': 200, 'min_error': 0.0, 'name': 'classic'},
 'task_id': 0,
 'type': 'l_sampling',
 'var_reg': 0.0}
==============================


  0,  0 | TrAcc: 0.1194, TrLoss: 5427.04392, VaAcc: 0.1016, VaLoss: 27499.68177	 10 sampled NNs | VaAcc: 0.1017 +- 0.0000 | VaLoss: 2.4359 +- 0.0000
  1,  0 | TrAcc: 0.1176, TrLoss: 4960.44187, VaAcc: 0.1049, VaLoss: 25134.97839	 10 sampled NNs | VaAcc: 0.1017 +- 0.0000 | VaLoss: 2.3111 +- 0.0000
  2,  0 | TrAcc: 0.1499, TrLoss: 4516.64664, VaAcc: 0.1155, VaLoss: 22885.42948	 10 sampled NNs | VaAcc: 0.1225 +- 0.0000 | VaLoss: 2.3004 +- 0.0000
  3,  0 | TrAcc: 0.1359, TrLoss: 4077.31515, VaAcc: 0.1144, VaLoss: 20658.48065	 10 sampled NNs | VaAcc: 0.1225 +- 0.0000 | VaLoss: 2.2861 +- 0.0000
  4,  0 | TrAcc: 0.1518, TrLoss: 3643.44622, VaAcc: 0.1168, VaLoss: 18459.26947	 10 sampled NNs | VaAcc: 0.1225 +- 0.0000 | VaLoss: 2.2802 +- 0.0001
  5,  0 | TrAcc: 0.1226, TrLoss: 3216.89135, VaAcc: 0.1137, VaLoss: 16296.95872	 10 sampled NNs | VaAcc: 0.1153 +- 0.0000 | VaLoss: 2.2789 +- 0.0001
  6,  0 | TrAcc: 0.1338, TrLoss: 2799.99536, VaAcc: 0.1138, VaLoss: 14183.75479	 10 sampled NNs | VaAcc: 0.1225 +- 0.0000 | VaLoss: 2.2802 +- 0.0003
  7,  0 | TrAcc: 0.1260, TrLoss: 2395.86048, VaAcc: 0.1128, VaLoss: 12135.09860	 10 sampled NNs | VaAcc: 0.1225 +- 0.0000 | VaLoss: 2.2745 +- 0.0003
  8,  0 | TrAcc: 0.1231, TrLoss: 2008.31921, VaAcc: 0.1118, VaLoss: 10170.55195	 10 sampled NNs | VaAcc: 0.1225 +- 0.0000 | VaLoss: 2.2761 +- 0.0010
  9,  0 | TrAcc: 0.1202, TrLoss: 1642.08561, VaAcc: 0.1078, VaLoss: 8313.88863	 10 sampled NNs | VaAcc: 0.1225 +- 0.0000 | VaLoss: 2.2851 +- 0.0008
 10,  0 | TrAcc: 0.1117, TrLoss: 1302.65423, VaAcc: 0.1074, VaLoss: 6592.94169	 10 sampled NNs | VaAcc: 0.1189 +- 0.0038 | VaLoss: 2.2719 +- 0.0016
 11,  0 | TrAcc: 0.1121, TrLoss: 996.07385, VaAcc: 0.1072, VaLoss: 5038.42890	 10 sampled NNs | VaAcc: 0.1225 +- 0.0000 | VaLoss: 2.2808 +- 0.0022
 12,  0 | TrAcc: 0.1106, TrLoss: 728.41466, VaAcc: 0.1062, VaLoss: 3681.04333	 10 sampled NNs | VaAcc: 0.1205 +- 0.0038 | VaLoss: 2.2772 +- 0.0033
 13,  0 | TrAcc: 0.1077, TrLoss: 504.83132, VaAcc: 0.1051, VaLoss: 2546.87769	 10 sampled NNs | VaAcc: 0.1237 +- 0.0042 | VaLoss: 2.2861 +- 0.0064
 14,  0 | TrAcc: 0.1082, TrLoss: 328.30646, VaAcc: 0.1056, VaLoss: 1651.20486	 10 sampled NNs | VaAcc: 0.1175 +- 0.0176 | VaLoss: 2.3244 +- 0.0205
 15,  0 | TrAcc: 0.1090, TrLoss: 198.44228, VaAcc: 0.1049, VaLoss: 992.00280	 10 sampled NNs | VaAcc: 0.1041 +- 0.0144 | VaLoss: 2.5112 +- 0.0716
 16,  0 | TrAcc: 0.1054, TrLoss: 110.77290, VaAcc: 0.1041, VaLoss: 546.60814	 10 sampled NNs | VaAcc: 0.1003 +- 0.0142 | VaLoss: 2.7850 +- 0.1185
 17,  0 | TrAcc: 0.1067, TrLoss: 57.22739, VaAcc: 0.1035, VaLoss: 274.42760	 10 sampled NNs | VaAcc: 0.1082 +- 0.0189 | VaLoss: 3.1981 +- 0.1726
 18,  0 | TrAcc: 0.1064, TrLoss: 28.02004, VaAcc: 0.1023, VaLoss: 125.71602	 10 sampled NNs | VaAcc: 0.1016 +- 0.0116 | VaLoss: 3.6414 +- 0.2727
 19,  0 | TrAcc: 0.1054, TrLoss: 13.90486, VaAcc: 0.1053, VaLoss: 53.58230	 10 sampled NNs | VaAcc: 0.1047 +- 0.0065 | VaLoss: 3.9033 +- 0.1797
 20,  0 | TrAcc: 0.1043, TrLoss:  7.88700, VaAcc: 0.1029, VaLoss: 22.67203	 10 sampled NNs | VaAcc: 0.1130 +- 0.0130 | VaLoss: 4.0881 +- 0.2380
 21,  0 | TrAcc: 0.1053, TrLoss:  5.60950, VaAcc: 0.1041, VaLoss: 10.93181	 10 sampled NNs | VaAcc: 0.1060 +- 0.0064 | VaLoss: 4.2461 +- 0.2408
 22,  0 | TrAcc: 0.1063, TrLoss:  4.84246, VaAcc: 0.1022, VaLoss:  6.97442	 10 sampled NNs | VaAcc: 0.1029 +- 0.0110 | VaLoss: 4.5094 +- 0.2883
 23,  0 | TrAcc: 0.1058, TrLoss:  4.61836, VaAcc: 0.1029, VaLoss:  5.74814	 10 sampled NNs | VaAcc: 0.1042 +- 0.0084 | VaLoss: 4.6139 +- 0.3106
 24,  0 | TrAcc: 0.1039, TrLoss:  4.57926, VaAcc: 0.1034, VaLoss:  5.37701	 10 sampled NNs | VaAcc: 0.1028 +- 0.0116 | VaLoss: 4.5531 +- 0.2955
 25,  0 | TrAcc: 0.1075, TrLoss:  4.53956, VaAcc: 0.1031, VaLoss:  5.33851	 10 sampled NNs | VaAcc: 0.0982 +- 0.0112 | VaLoss: 4.6142 +- 0.3274
 26,  0 | TrAcc: 0.1055, TrLoss:  4.54598, VaAcc: 0.1046, VaLoss:  5.29524	 10 sampled NNs | VaAcc: 0.1061 +- 0.0056 | VaLoss: 4.6671 +- 0.1822
 27,  0 | TrAcc: 0.1067, TrLoss:  4.54073, VaAcc: 0.1048, VaLoss:  5.30436	 10 sampled NNs | VaAcc: 0.1005 +- 0.0096 | VaLoss: 4.6019 +- 0.2735
 28,  0 | TrAcc: 0.1050, TrLoss:  4.54834, VaAcc: 0.1041, VaLoss:  5.28244	 10 sampled NNs | VaAcc: 0.0936 +- 0.0141 | VaLoss: 4.7206 +- 0.5080
 29,  0 | TrAcc: 0.1046, TrLoss:  4.55382, VaAcc: 0.1029, VaLoss:  5.26563	 10 sampled NNs | VaAcc: 0.1042 +- 0.0047 | VaLoss: 4.5989 +- 0.2026
 30,  0 | TrAcc: 0.1043, TrLoss:  4.55518, VaAcc: 0.1032, VaLoss:  5.26006	 10 sampled NNs | VaAcc: 0.1060 +- 0.0109 | VaLoss: 4.6926 +- 0.2988
 31,  0 | TrAcc: 0.1065, TrLoss:  4.54406, VaAcc: 0.1040, VaLoss:  5.29314	 10 sampled NNs | VaAcc: 0.0997 +- 0.0130 | VaLoss: 4.6650 +- 0.2877
 32,  0 | TrAcc: 0.1044, TrLoss:  4.55758, VaAcc: 0.1032, VaLoss:  5.25775	 10 sampled NNs | VaAcc: 0.0974 +- 0.0137 | VaLoss: 4.7532 +- 0.3035
 33,  0 | TrAcc: 0.1062, TrLoss:  4.54576, VaAcc: 0.1043, VaLoss:  5.28085	 10 sampled NNs | VaAcc: 0.1056 +- 0.0077 | VaLoss: 4.5573 +- 0.2858
 34,  0 | TrAcc: 0.1034, TrLoss:  4.55946, VaAcc: 0.1029, VaLoss:  5.26271	 10 sampled NNs | VaAcc: 0.1086 +- 0.0088 | VaLoss: 4.5280 +- 0.2911
 35,  0 | TrAcc: 0.1058, TrLoss:  4.55383, VaAcc: 0.1037, VaLoss:  5.28495	 10 sampled NNs | VaAcc: 0.1007 +- 0.0106 | VaLoss: 4.7250 +- 0.3749
 36,  0 | TrAcc: 0.1051, TrLoss:  4.55355, VaAcc: 0.1043, VaLoss:  5.27228	 10 sampled NNs | VaAcc: 0.1022 +- 0.0125 | VaLoss: 4.6771 +- 0.3865
 37,  0 | TrAcc: 0.1070, TrLoss:  4.53570, VaAcc: 0.1042, VaLoss:  5.31042	 10 sampled NNs | VaAcc: 0.0988 +- 0.0096 | VaLoss: 4.5250 +- 0.2714
 38,  0 | TrAcc: 0.1040, TrLoss:  4.55781, VaAcc: 0.1042, VaLoss:  5.25568	 10 sampled NNs | VaAcc: 0.1083 +- 0.0114 | VaLoss: 4.6997 +- 0.2839
 39,  0 | TrAcc: 0.1042, TrLoss:  4.55178, VaAcc: 0.1031, VaLoss:  5.27627	 10 sampled NNs | VaAcc: 0.0982 +- 0.0115 | VaLoss: 4.8831 +- 0.2613
 40,  0 | TrAcc: 0.1064, TrLoss:  4.54391, VaAcc: 0.1037, VaLoss:  5.31112	 10 sampled NNs | VaAcc: 0.1062 +- 0.0121 | VaLoss: 4.6544 +- 0.3260
 41,  0 | TrAcc: 0.1051, TrLoss:  4.55538, VaAcc: 0.1047, VaLoss:  5.25580	 10 sampled NNs | VaAcc: 0.1015 +- 0.0068 | VaLoss: 4.6429 +- 0.2546
 42,  0 | TrAcc: 0.1032, TrLoss:  4.56491, VaAcc: 0.1029, VaLoss:  5.24600	 10 sampled NNs | VaAcc: 0.1039 +- 0.0115 | VaLoss: 4.8144 +- 0.5464
 43,  0 | TrAcc: 0.1041, TrLoss:  4.55268, VaAcc: 0.1045, VaLoss:  5.25571	 10 sampled NNs | VaAcc: 0.1066 +- 0.0084 | VaLoss: 4.5518 +- 0.2766
 44,  0 | TrAcc: 0.1052, TrLoss:  4.54813, VaAcc: 0.1040, VaLoss:  5.30913	 10 sampled NNs | VaAcc: 0.1069 +- 0.0072 | VaLoss: 4.5728 +- 0.2379
 45,  0 | TrAcc: 0.1034, TrLoss:  4.56433, VaAcc: 0.1012, VaLoss:  5.25734	 10 sampled NNs | VaAcc: 0.1030 +- 0.0080 | VaLoss: 4.8084 +- 0.2553
 46,  0 | TrAcc: 0.1044, TrLoss:  4.54958, VaAcc: 0.1041, VaLoss:  5.27441	 10 sampled NNs | VaAcc: 0.1018 +- 0.0123 | VaLoss: 4.6717 +- 0.2021
 47,  0 | TrAcc: 0.1048, TrLoss:  4.54957, VaAcc: 0.1032, VaLoss:  5.28293	 10 sampled NNs | VaAcc: 0.1085 +- 0.0160 | VaLoss: 4.5611 +- 0.3570
 48,  0 | TrAcc: 0.1052, TrLoss:  4.55158, VaAcc: 0.1029, VaLoss:  5.28947	 10 sampled NNs | VaAcc: 0.1103 +- 0.0119 | VaLoss: 4.5888 +- 0.3660
 49,  0 | TrAcc: 0.1048, TrLoss:  4.55250, VaAcc: 0.1026, VaLoss:  5.26898	 10 sampled NNs | VaAcc: 0.1015 +- 0.0072 | VaLoss: 4.7264 +- 0.4916
 50,  0 | TrAcc: 0.1045, TrLoss:  4.55034, VaAcc: 0.1034, VaLoss:  5.27307	 10 sampled NNs | VaAcc: 0.1046 +- 0.0111 | VaLoss: 4.5574 +- 0.2379
 51,  0 | TrAcc: 0.1047, TrLoss:  4.55539, VaAcc: 0.1024, VaLoss:  5.27835	 10 sampled NNs | VaAcc: 0.1072 +- 0.0103 | VaLoss: 4.6229 +- 0.3224
 52,  0 | TrAcc: 0.1042, TrLoss:  4.55989, VaAcc: 0.1027, VaLoss:  5.25761	 10 sampled NNs | VaAcc: 0.1038 +- 0.0090 | VaLoss: 4.5460 +- 0.1955
 53,  0 | TrAcc: 0.1055, TrLoss:  4.54457, VaAcc: 0.1042, VaLoss:  5.27821	 10 sampled NNs | VaAcc: 0.1022 +- 0.0130 | VaLoss: 4.5949 +- 0.2569
 54,  0 | TrAcc: 0.1051, TrLoss:  4.54492, VaAcc: 0.1040, VaLoss:  5.26289	 10 sampled NNs | VaAcc: 0.0972 +- 0.0091 | VaLoss: 4.6736 +- 0.2146
 55,  0 | TrAcc: 0.1061, TrLoss:  4.54264, VaAcc: 0.1021, VaLoss:  5.29143	 10 sampled NNs | VaAcc: 0.1102 +- 0.0100 | VaLoss: 4.5708 +- 0.2689
 56,  0 | TrAcc: 0.1055, TrLoss:  4.54646, VaAcc: 0.1029, VaLoss:  5.28247	 10 sampled NNs | VaAcc: 0.0980 +- 0.0120 | VaLoss: 4.7279 +- 0.3775
 57,  0 | TrAcc: 0.1055, TrLoss:  4.55114, VaAcc: 0.1029, VaLoss:  5.28000	 10 sampled NNs | VaAcc: 0.1031 +- 0.0100 | VaLoss: 4.6265 +- 0.2621
 58,  0 | TrAcc: 0.1041, TrLoss:  4.56158, VaAcc: 0.1034, VaLoss:  5.26464	 10 sampled NNs | VaAcc: 0.1015 +- 0.0088 | VaLoss: 4.6180 +- 0.2917
 59,  0 | TrAcc: 0.1054, TrLoss:  4.54336, VaAcc: 0.1025, VaLoss:  5.28333	 10 sampled NNs | VaAcc: 0.0988 +- 0.0100 | VaLoss: 4.5959 +- 0.3991
 60,  0 | TrAcc: 0.1041, TrLoss:  4.56026, VaAcc: 0.1022, VaLoss:  5.26185	 10 sampled NNs | VaAcc: 0.1010 +- 0.0072 | VaLoss: 4.7607 +- 0.4045
 61,  0 | TrAcc: 0.1047, TrLoss:  4.55490, VaAcc: 0.1040, VaLoss:  5.26945	 10 sampled NNs | VaAcc: 0.1023 +- 0.0116 | VaLoss: 4.7305 +- 0.3451
 62,  0 | TrAcc: 0.1045, TrLoss:  4.55674, VaAcc: 0.1030, VaLoss:  5.27514	 10 sampled NNs | VaAcc: 0.0985 +- 0.0140 | VaLoss: 4.8531 +- 0.3879
 63,  0 | TrAcc: 0.1075, TrLoss:  4.53710, VaAcc: 0.1038, VaLoss:  5.31006	 10 sampled NNs | VaAcc: 0.1065 +- 0.0097 | VaLoss: 4.5836 +- 0.2176
 64,  0 | TrAcc: 0.1039, TrLoss:  4.55316, VaAcc: 0.1038, VaLoss:  5.27316	 10 sampled NNs | VaAcc: 0.1054 +- 0.0125 | VaLoss: 4.6845 +- 0.3891
 65,  0 | TrAcc: 0.1043, TrLoss:  4.56018, VaAcc: 0.1025, VaLoss:  5.27155	 10 sampled NNs | VaAcc: 0.1062 +- 0.0100 | VaLoss: 4.6482 +- 0.3832
 66,  0 | TrAcc: 0.1055, TrLoss:  4.54424, VaAcc: 0.1041, VaLoss:  5.29525	 10 sampled NNs | VaAcc: 0.1069 +- 0.0120 | VaLoss: 4.7782 +- 0.3497
 67,  0 | TrAcc: 0.1060, TrLoss:  4.54262, VaAcc: 0.1034, VaLoss:  5.31284	 10 sampled NNs | VaAcc: 0.1014 +- 0.0078 | VaLoss: 4.6383 +- 0.3583
 68,  0 | TrAcc: 0.1051, TrLoss:  4.55496, VaAcc: 0.1034, VaLoss:  5.27930	 10 sampled NNs | VaAcc: 0.1046 +- 0.0086 | VaLoss: 4.6732 +- 0.2161
 69,  0 | TrAcc: 0.1051, TrLoss:  4.55130, VaAcc: 0.1035, VaLoss:  5.29086	 10 sampled NNs | VaAcc: 0.1030 +- 0.0083 | VaLoss: 4.5814 +- 0.3470
 70,  0 | TrAcc: 0.1037, TrLoss:  4.56017, VaAcc: 0.1030, VaLoss:  5.25578	 10 sampled NNs | VaAcc: 0.1065 +- 0.0067 | VaLoss: 4.6104 +- 0.2472
 71,  0 | TrAcc: 0.1048, TrLoss:  4.55559, VaAcc: 0.1038, VaLoss:  5.27129	 10 sampled NNs | VaAcc: 0.0998 +- 0.0085 | VaLoss: 4.6199 +- 0.2629
 72,  0 | TrAcc: 0.1074, TrLoss:  4.53682, VaAcc: 0.1039, VaLoss:  5.30673	 10 sampled NNs | VaAcc: 0.1024 +- 0.0101 | VaLoss: 4.5574 +- 0.3191
 73,  0 | TrAcc: 0.1048, TrLoss:  4.55238, VaAcc: 0.1033, VaLoss:  5.27304	 10 sampled NNs | VaAcc: 0.0972 +- 0.0088 | VaLoss: 4.8530 +- 0.3844
 74,  0 | TrAcc: 0.1045, TrLoss:  4.55201, VaAcc: 0.1034, VaLoss:  5.27565	 10 sampled NNs | VaAcc: 0.1025 +- 0.0104 | VaLoss: 4.6268 +- 0.3322
 75,  0 | TrAcc: 0.1041, TrLoss:  4.56123, VaAcc: 0.1044, VaLoss:  5.26671	 10 sampled NNs | VaAcc: 0.1028 +- 0.0106 | VaLoss: 4.5764 +- 0.2633
 76,  0 | TrAcc: 0.1064, TrLoss:  4.54078, VaAcc: 0.1035, VaLoss:  5.30605	 10 sampled NNs | VaAcc: 0.1012 +- 0.0066 | VaLoss: 4.5235 +- 0.2325
 77,  0 | TrAcc: 0.1043, TrLoss:  4.55734, VaAcc: 0.1034, VaLoss:  5.26908	 10 sampled NNs | VaAcc: 0.1034 +- 0.0128 | VaLoss: 4.7538 +- 0.2848
 78,  0 | TrAcc: 0.1052, TrLoss:  4.55040, VaAcc: 0.1029, VaLoss:  5.28244	 10 sampled NNs | VaAcc: 0.1029 +- 0.0111 | VaLoss: 4.7900 +- 0.3359
 79,  0 | TrAcc: 0.1055, TrLoss:  4.55015, VaAcc: 0.1036, VaLoss:  5.28544	 10 sampled NNs | VaAcc: 0.1005 +- 0.0103 | VaLoss: 4.5811 +- 0.2066
 80,  0 | TrAcc: 0.1060, TrLoss:  4.54820, VaAcc: 0.1032, VaLoss:  5.29143	 10 sampled NNs | VaAcc: 0.1076 +- 0.0109 | VaLoss: 4.6168 +- 0.2009
 81,  0 | TrAcc: 0.1060, TrLoss:  4.55129, VaAcc: 0.1034, VaLoss:  5.29049	 10 sampled NNs | VaAcc: 0.1010 +- 0.0078 | VaLoss: 4.5750 +- 0.2339
 82,  0 | TrAcc: 0.1043, TrLoss:  4.56072, VaAcc: 0.1024, VaLoss:  5.27314	 10 sampled NNs | VaAcc: 0.1034 +- 0.0129 | VaLoss: 4.6297 +- 0.1847
 83,  0 | TrAcc: 0.1039, TrLoss:  4.55112, VaAcc: 0.1035, VaLoss:  5.26850	 10 sampled NNs | VaAcc: 0.0992 +- 0.0079 | VaLoss: 4.5080 +- 0.2552
 84,  0 | TrAcc: 0.1044, TrLoss:  4.55666, VaAcc: 0.1046, VaLoss:  5.24586	 10 sampled NNs | VaAcc: 0.0951 +- 0.0074 | VaLoss: 4.8107 +- 0.3578
 85,  0 | TrAcc: 0.1072, TrLoss:  4.53683, VaAcc: 0.1042, VaLoss:  5.31473	 10 sampled NNs | VaAcc: 0.0947 +- 0.0086 | VaLoss: 4.6929 +- 0.2951
 86,  0 | TrAcc: 0.1049, TrLoss:  4.55836, VaAcc: 0.1033, VaLoss:  5.27530	 10 sampled NNs | VaAcc: 0.0971 +- 0.0100 | VaLoss: 4.8117 +- 0.2897
 87,  0 | TrAcc: 0.1049, TrLoss:  4.55519, VaAcc: 0.1043, VaLoss:  5.27009	 10 sampled NNs | VaAcc: 0.0958 +- 0.0104 | VaLoss: 4.7817 +- 0.2410
 88,  0 | TrAcc: 0.1048, TrLoss:  4.55276, VaAcc: 0.1043, VaLoss:  5.27472	 10 sampled NNs | VaAcc: 0.1097 +- 0.0120 | VaLoss: 4.5603 +- 0.2998
 89,  0 | TrAcc: 0.1057, TrLoss:  4.54877, VaAcc: 0.1033, VaLoss:  5.29927	 10 sampled NNs | VaAcc: 0.1012 +- 0.0091 | VaLoss: 4.5882 +- 0.3614
 90,  0 | TrAcc: 0.1038, TrLoss:  4.56425, VaAcc: 0.1025, VaLoss:  5.26016	 10 sampled NNs | VaAcc: 0.1040 +- 0.0090 | VaLoss: 4.5127 +- 0.3136
 91,  0 | TrAcc: 0.1066, TrLoss:  4.54076, VaAcc: 0.1041, VaLoss:  5.30255	 10 sampled NNs | VaAcc: 0.1033 +- 0.0066 | VaLoss: 4.6896 +- 0.2235
 92,  0 | TrAcc: 0.1041, TrLoss:  4.55867, VaAcc: 0.1043, VaLoss:  5.25832	 10 sampled NNs | VaAcc: 0.1005 +- 0.0067 | VaLoss: 4.5688 +- 0.1184
 93,  0 | TrAcc: 0.1055, TrLoss:  4.54763, VaAcc: 0.1039, VaLoss:  5.29678	 10 sampled NNs | VaAcc: 0.0981 +- 0.0127 | VaLoss: 4.7084 +- 0.2191
 94,  0 | TrAcc: 0.1057, TrLoss:  4.54736, VaAcc: 0.1036, VaLoss:  5.31321	 10 sampled NNs | VaAcc: 0.1058 +- 0.0134 | VaLoss: 4.6793 +- 0.3017
 95,  0 | TrAcc: 0.1051, TrLoss:  4.54918, VaAcc: 0.1031, VaLoss:  5.27821	 10 sampled NNs | VaAcc: 0.1028 +- 0.0097 | VaLoss: 4.6731 +- 0.2343
 96,  0 | TrAcc: 0.1052, TrLoss:  4.54893, VaAcc: 0.1028, VaLoss:  5.27724	 10 sampled NNs | VaAcc: 0.1079 +- 0.0086 | VaLoss: 4.5862 +- 0.3134
 97,  0 | TrAcc: 0.1053, TrLoss:  4.55424, VaAcc: 0.1038, VaLoss:  5.27080	 10 sampled NNs | VaAcc: 0.1036 +- 0.0099 | VaLoss: 4.6111 +- 0.3435
 98,  0 | TrAcc: 0.1048, TrLoss:  4.55000, VaAcc: 0.1024, VaLoss:  5.30179	 10 sampled NNs | VaAcc: 0.1000 +- 0.0091 | VaLoss: 4.6873 +- 0.1993
 99,  0 | TrAcc: 0.1078, TrLoss:  4.53667, VaAcc: 0.1036, VaLoss:  5.31654	 10 sampled NNs | VaAcc: 0.1068 +- 0.0066 | VaLoss: 4.6432 +- 0.2420
100,  0 | TrAcc: 0.1051, TrLoss:  4.55353, VaAcc: 0.1035, VaLoss:  5.26935	 10 sampled NNs | VaAcc: 0.0995 +- 0.0094 | VaLoss: 4.6515 +- 0.3012
101,  0 | TrAcc: 0.1053, TrLoss:  4.54966, VaAcc: 0.1031, VaLoss:  5.29122	 10 sampled NNs | VaAcc: 0.0990 +- 0.0098 | VaLoss: 4.6940 +- 0.3881
102,  0 | TrAcc: 0.1056, TrLoss:  4.54502, VaAcc: 0.1039, VaLoss:  5.30503	 10 sampled NNs | VaAcc: 0.1050 +- 0.0073 | VaLoss: 4.8084 +- 0.2388
103,  0 | TrAcc: 0.1045, TrLoss:  4.55564, VaAcc: 0.1029, VaLoss:  5.26554	 10 sampled NNs | VaAcc: 0.1008 +- 0.0128 | VaLoss: 4.7142 +- 0.3667
104,  0 | TrAcc: 0.1045, TrLoss:  4.55608, VaAcc: 0.1035, VaLoss:  5.26460	 10 sampled NNs | VaAcc: 0.0997 +- 0.0115 | VaLoss: 4.7924 +- 0.2616
105,  0 | TrAcc: 0.1058, TrLoss:  4.54557, VaAcc: 0.1041, VaLoss:  5.28742	 10 sampled NNs | VaAcc: 0.1039 +- 0.0101 | VaLoss: 4.6322 +- 0.2615
106,  0 | TrAcc: 0.1043, TrLoss:  4.55779, VaAcc: 0.1029, VaLoss:  5.26881	 10 sampled NNs | VaAcc: 0.1024 +- 0.0138 | VaLoss: 4.7204 +- 0.2822
107,  0 | TrAcc: 0.1047, TrLoss:  4.55475, VaAcc: 0.1040, VaLoss:  5.27675	 10 sampled NNs | VaAcc: 0.0999 +- 0.0105 | VaLoss: 4.5969 +- 0.3238
108,  0 | TrAcc: 0.1032, TrLoss:  4.56171, VaAcc: 0.1017, VaLoss:  5.24204	 10 sampled NNs | VaAcc: 0.1022 +- 0.0112 | VaLoss: 4.7916 +- 0.2904
109,  0 | TrAcc: 0.1052, TrLoss:  4.54984, VaAcc: 0.1045, VaLoss:  5.28982	 10 sampled NNs | VaAcc: 0.1062 +- 0.0097 | VaLoss: 4.5731 +- 0.2293
110,  0 | TrAcc: 0.1047, TrLoss:  4.55227, VaAcc: 0.1048, VaLoss:  5.27468	 10 sampled NNs | VaAcc: 0.1048 +- 0.0095 | VaLoss: 4.6717 +- 0.2833
111,  0 | TrAcc: 0.1046, TrLoss:  4.54884, VaAcc: 0.1047, VaLoss:  5.26942	 10 sampled NNs | VaAcc: 0.1058 +- 0.0107 | VaLoss: 4.6048 +- 0.1437
112,  0 | TrAcc: 0.1045, TrLoss:  4.55939, VaAcc: 0.1035, VaLoss:  5.25161	 10 sampled NNs | VaAcc: 0.1025 +- 0.0096 | VaLoss: 4.6070 +- 0.3422
113,  0 | TrAcc: 0.1048, TrLoss:  4.55136, VaAcc: 0.1049, VaLoss:  5.27861	 10 sampled NNs | VaAcc: 0.1073 +- 0.0099 | VaLoss: 4.7378 +- 0.2163
114,  0 | TrAcc: 0.1050, TrLoss:  4.55154, VaAcc: 0.1032, VaLoss:  5.28843	 10 sampled NNs | VaAcc: 0.1006 +- 0.0098 | VaLoss: 4.6948 +- 0.3488
115,  0 | TrAcc: 0.1046, TrLoss:  4.55559, VaAcc: 0.1041, VaLoss:  5.25074	 10 sampled NNs | VaAcc: 0.1050 +- 0.0082 | VaLoss: 4.6235 +- 0.3238
116,  0 | TrAcc: 0.1046, TrLoss:  4.55305, VaAcc: 0.1039, VaLoss:  5.25962	 10 sampled NNs | VaAcc: 0.1053 +- 0.0105 | VaLoss: 4.6142 +- 0.2929
117,  0 | TrAcc: 0.1050, TrLoss:  4.54984, VaAcc: 0.1026, VaLoss:  5.27120	 10 sampled NNs | VaAcc: 0.1090 +- 0.0073 | VaLoss: 4.6204 +- 0.3374
118,  0 | TrAcc: 0.1044, TrLoss:  4.55294, VaAcc: 0.1042, VaLoss:  5.28280	 10 sampled NNs | VaAcc: 0.1065 +- 0.0144 | VaLoss: 4.5921 +- 0.1506
119,  0 | TrAcc: 0.1049, TrLoss:  4.54829, VaAcc: 0.1042, VaLoss:  5.30051	 10 sampled NNs | VaAcc: 0.1027 +- 0.0094 | VaLoss: 4.5956 +- 0.2801
120,  0 | TrAcc: 0.1039, TrLoss:  4.55628, VaAcc: 0.1021, VaLoss:  5.26949	 10 sampled NNs | VaAcc: 0.1050 +- 0.0083 | VaLoss: 4.7442 +- 0.4536
121,  0 | TrAcc: 0.1041, TrLoss:  4.56255, VaAcc: 0.1036, VaLoss:  5.25533	 10 sampled NNs | VaAcc: 0.1066 +- 0.0082 | VaLoss: 4.5463 +- 0.1608
122,  0 | TrAcc: 0.1055, TrLoss:  4.54946, VaAcc: 0.1052, VaLoss:  5.27719	 10 sampled NNs | VaAcc: 0.1092 +- 0.0122 | VaLoss: 4.6572 +- 0.2568
123,  0 | TrAcc: 0.1049, TrLoss:  4.55326, VaAcc: 0.1025, VaLoss:  5.27029	 10 sampled NNs | VaAcc: 0.1054 +- 0.0104 | VaLoss: 4.5893 +- 0.2861
124,  0 | TrAcc: 0.1047, TrLoss:  4.55354, VaAcc: 0.1034, VaLoss:  5.27087	 10 sampled NNs | VaAcc: 0.0986 +- 0.0112 | VaLoss: 4.7650 +- 0.1466
125,  0 | TrAcc: 0.1037, TrLoss:  4.55795, VaAcc: 0.1022, VaLoss:  5.25699	 10 sampled NNs | VaAcc: 0.0998 +- 0.0138 | VaLoss: 4.5281 +- 0.3170
126,  0 | TrAcc: 0.1053, TrLoss:  4.54189, VaAcc: 0.1040, VaLoss:  5.27018	 10 sampled NNs | VaAcc: 0.1074 +- 0.0120 | VaLoss: 4.7573 +- 0.3336
127,  0 | TrAcc: 0.1057, TrLoss:  4.54777, VaAcc: 0.1034, VaLoss:  5.28530	 10 sampled NNs | VaAcc: 0.1030 +- 0.0082 | VaLoss: 4.7094 +- 0.3969
128,  0 | TrAcc: 0.1054, TrLoss:  4.54747, VaAcc: 0.1044, VaLoss:  5.28750	 10 sampled NNs | VaAcc: 0.1004 +- 0.0113 | VaLoss: 4.8113 +- 0.1827
129,  0 | TrAcc: 0.1051, TrLoss:  4.54970, VaAcc: 0.1035, VaLoss:  5.26784	 10 sampled NNs | VaAcc: 0.1020 +- 0.0116 | VaLoss: 4.7446 +- 0.2841
130,  0 | TrAcc: 0.1053, TrLoss:  4.54824, VaAcc: 0.1033, VaLoss:  5.27742	 10 sampled NNs | VaAcc: 0.1035 +- 0.0097 | VaLoss: 4.6022 +- 0.2329
131,  0 | TrAcc: 0.1060, TrLoss:  4.53871, VaAcc: 0.1045, VaLoss:  5.28684	 10 sampled NNs | VaAcc: 0.1120 +- 0.0090 | VaLoss: 4.6741 +- 0.2686
132,  0 | TrAcc: 0.1056, TrLoss:  4.54934, VaAcc: 0.1046, VaLoss:  5.28943	 10 sampled NNs | VaAcc: 0.0919 +- 0.0107 | VaLoss: 4.7039 +- 0.3074
133,  0 | TrAcc: 0.1053, TrLoss:  4.55470, VaAcc: 0.1038, VaLoss:  5.29423	 10 sampled NNs | VaAcc: 0.1022 +- 0.0085 | VaLoss: 4.4711 +- 0.1686
134,  0 | TrAcc: 0.1067, TrLoss:  4.54686, VaAcc: 0.1037, VaLoss:  5.29921	 10 sampled NNs | VaAcc: 0.1038 +- 0.0110 | VaLoss: 4.5364 +- 0.2269
135,  0 | TrAcc: 0.1046, TrLoss:  4.55570, VaAcc: 0.1039, VaLoss:  5.27103	 10 sampled NNs | VaAcc: 0.1046 +- 0.0065 | VaLoss: 4.6389 +- 0.2606
136,  0 | TrAcc: 0.1063, TrLoss:  4.53966, VaAcc: 0.1026, VaLoss:  5.31024	 10 sampled NNs | VaAcc: 0.1068 +- 0.0093 | VaLoss: 4.7078 +- 0.4698
137,  0 | TrAcc: 0.1052, TrLoss:  4.55040, VaAcc: 0.1025, VaLoss:  5.30396	 10 sampled NNs | VaAcc: 0.1010 +- 0.0118 | VaLoss: 4.5984 +- 0.3436
138,  0 | TrAcc: 0.1053, TrLoss:  4.54891, VaAcc: 0.1047, VaLoss:  5.28180	 10 sampled NNs | VaAcc: 0.1056 +- 0.0078 | VaLoss: 4.6366 +- 0.2981
139,  0 | TrAcc: 0.1055, TrLoss:  4.54562, VaAcc: 0.1034, VaLoss:  5.28955	 10 sampled NNs | VaAcc: 0.0976 +- 0.0076 | VaLoss: 4.6058 +- 0.2195
140,  0 | TrAcc: 0.1050, TrLoss:  4.55456, VaAcc: 0.1027, VaLoss:  5.26705	 10 sampled NNs | VaAcc: 0.1024 +- 0.0127 | VaLoss: 4.6973 +- 0.3473
141,  0 | TrAcc: 0.1041, TrLoss:  4.55448, VaAcc: 0.1036, VaLoss:  5.27443	 10 sampled NNs | VaAcc: 0.1019 +- 0.0082 | VaLoss: 4.5053 +- 0.1427
142,  0 | TrAcc: 0.1069, TrLoss:  4.53775, VaAcc: 0.1042, VaLoss:  5.33150	 10 sampled NNs | VaAcc: 0.1066 +- 0.0061 | VaLoss: 4.7120 +- 0.3613
143,  0 | TrAcc: 0.1060, TrLoss:  4.54663, VaAcc: 0.1035, VaLoss:  5.29367	 10 sampled NNs | VaAcc: 0.1045 +- 0.0105 | VaLoss: 4.5809 +- 0.2314
144,  0 | TrAcc: 0.1052, TrLoss:  4.55291, VaAcc: 0.1045, VaLoss:  5.26673	 10 sampled NNs | VaAcc: 0.0998 +- 0.0080 | VaLoss: 4.6911 +- 0.1545
145,  0 | TrAcc: 0.1046, TrLoss:  4.55168, VaAcc: 0.1013, VaLoss:  5.25782	 10 sampled NNs | VaAcc: 0.1049 +- 0.0126 | VaLoss: 4.6710 +- 0.3499
146,  0 | TrAcc: 0.1037, TrLoss:  4.56359, VaAcc: 0.1029, VaLoss:  5.25351	 10 sampled NNs | VaAcc: 0.1006 +- 0.0135 | VaLoss: 4.7651 +- 0.2827
147,  0 | TrAcc: 0.1048, TrLoss:  4.55158, VaAcc: 0.1045, VaLoss:  5.27093	 10 sampled NNs | VaAcc: 0.1078 +- 0.0094 | VaLoss: 4.5692 +- 0.2161
148,  0 | TrAcc: 0.1062, TrLoss:  4.54560, VaAcc: 0.1041, VaLoss:  5.29249	 10 sampled NNs | VaAcc: 0.1003 +- 0.0087 | VaLoss: 4.5057 +- 0.3155
149,  0 | TrAcc: 0.1053, TrLoss:  4.55410, VaAcc: 0.1028, VaLoss:  5.29126	 10 sampled NNs | VaAcc: 0.0997 +- 0.0080 | VaLoss: 4.5947 +- 0.3242
150,  0 | TrAcc: 0.1034, TrLoss:  4.56666, VaAcc: 0.1027, VaLoss:  5.25275	 10 sampled NNs | VaAcc: 0.1000 +- 0.0085 | VaLoss: 4.7321 +- 0.2614
151,  0 | TrAcc: 0.1056, TrLoss:  4.54860, VaAcc: 0.1026, VaLoss:  5.28976	 10 sampled NNs | VaAcc: 0.1019 +- 0.0131 | VaLoss: 4.6389 +- 0.1623
152,  0 | TrAcc: 0.1049, TrLoss:  4.55393, VaAcc: 0.1038, VaLoss:  5.27685	 10 sampled NNs | VaAcc: 0.1038 +- 0.0138 | VaLoss: 4.7450 +- 0.3209
153,  0 | TrAcc: 0.1036, TrLoss:  4.55991, VaAcc: 0.1034, VaLoss:  5.26841	 10 sampled NNs | VaAcc: 0.1106 +- 0.0127 | VaLoss: 4.7395 +- 0.3789
154,  0 | TrAcc: 0.1047, TrLoss:  4.55162, VaAcc: 0.1038, VaLoss:  5.27278	 10 sampled NNs | VaAcc: 0.0981 +- 0.0137 | VaLoss: 4.6596 +- 0.3223
155,  0 | TrAcc: 0.1058, TrLoss:  4.54819, VaAcc: 0.1041, VaLoss:  5.28910	 10 sampled NNs | VaAcc: 0.1006 +- 0.0074 | VaLoss: 4.5615 +- 0.2408
156,  0 | TrAcc: 0.1044, TrLoss:  4.56271, VaAcc: 0.1036, VaLoss:  5.26414	 10 sampled NNs | VaAcc: 0.1065 +- 0.0091 | VaLoss: 4.6138 +- 0.1877
157,  0 | TrAcc: 0.1032, TrLoss:  4.56227, VaAcc: 0.1023, VaLoss:  5.24433	 10 sampled NNs | VaAcc: 0.1053 +- 0.0069 | VaLoss: 4.7256 +- 0.2169
158,  0 | TrAcc: 0.1048, TrLoss:  4.55402, VaAcc: 0.1032, VaLoss:  5.28401	 10 sampled NNs | VaAcc: 0.1008 +- 0.0111 | VaLoss: 4.6834 +- 0.2313
159,  0 | TrAcc: 0.1051, TrLoss:  4.54787, VaAcc: 0.1033, VaLoss:  5.28228	 10 sampled NNs | VaAcc: 0.1063 +- 0.0099 | VaLoss: 4.4515 +- 0.1842
160,  0 | TrAcc: 0.1037, TrLoss:  4.56025, VaAcc: 0.1028, VaLoss:  5.26447	 10 sampled NNs | VaAcc: 0.1026 +- 0.0132 | VaLoss: 4.8276 +- 0.2450
161,  0 | TrAcc: 0.1050, TrLoss:  4.55135, VaAcc: 0.1019, VaLoss:  5.28522	 10 sampled NNs | VaAcc: 0.1023 +- 0.0088 | VaLoss: 4.6190 +- 0.1783
162,  0 | TrAcc: 0.1036, TrLoss:  4.55983, VaAcc: 0.1027, VaLoss:  5.26330	 10 sampled NNs | VaAcc: 0.0994 +- 0.0095 | VaLoss: 4.7890 +- 0.2102
163,  0 | TrAcc: 0.1050, TrLoss:  4.55252, VaAcc: 0.1025, VaLoss:  5.29040	 10 sampled NNs | VaAcc: 0.1057 +- 0.0098 | VaLoss: 4.6441 +- 0.2812
164,  0 | TrAcc: 0.1053, TrLoss:  4.54936, VaAcc: 0.1030, VaLoss:  5.27536	 10 sampled NNs | VaAcc: 0.0955 +- 0.0131 | VaLoss: 4.8163 +- 0.2574
165,  0 | TrAcc: 0.1047, TrLoss:  4.55529, VaAcc: 0.1042, VaLoss:  5.27464	 10 sampled NNs | VaAcc: 0.1060 +- 0.0130 | VaLoss: 4.5076 +- 0.2198
166,  0 | TrAcc: 0.1065, TrLoss:  4.53503, VaAcc: 0.1037, VaLoss:  5.32541	 10 sampled NNs | VaAcc: 0.1062 +- 0.0121 | VaLoss: 4.8060 +- 0.5100
167,  0 | TrAcc: 0.1062, TrLoss:  4.54698, VaAcc: 0.1036, VaLoss:  5.30230	 10 sampled NNs | VaAcc: 0.1018 +- 0.0137 | VaLoss: 4.5552 +- 0.3359
168,  0 | TrAcc: 0.1061, TrLoss:  4.54787, VaAcc: 0.1044, VaLoss:  5.30099	 10 sampled NNs | VaAcc: 0.1004 +- 0.0120 | VaLoss: 4.6260 +- 0.3800
169,  0 | TrAcc: 0.1038, TrLoss:  4.55879, VaAcc: 0.1035, VaLoss:  5.26243	 10 sampled NNs | VaAcc: 0.1032 +- 0.0081 | VaLoss: 4.5920 +- 0.2831
170,  0 | TrAcc: 0.1042, TrLoss:  4.56316, VaAcc: 0.1034, VaLoss:  5.26842	 10 sampled NNs | VaAcc: 0.0995 +- 0.0141 | VaLoss: 4.6836 +- 0.2151
171,  0 | TrAcc: 0.1049, TrLoss:  4.55526, VaAcc: 0.1048, VaLoss:  5.23884	 10 sampled NNs | VaAcc: 0.1082 +- 0.0127 | VaLoss: 4.5744 +- 0.3023
172,  0 | TrAcc: 0.1047, TrLoss:  4.55537, VaAcc: 0.1039, VaLoss:  5.26474	 10 sampled NNs | VaAcc: 0.0969 +- 0.0115 | VaLoss: 4.7391 +- 0.3167
173,  0 | TrAcc: 0.1043, TrLoss:  4.55494, VaAcc: 0.1029, VaLoss:  5.27358	 10 sampled NNs | VaAcc: 0.1060 +- 0.0105 | VaLoss: 4.4917 +- 0.2289
174,  0 | TrAcc: 0.1055, TrLoss:  4.55455, VaAcc: 0.1035, VaLoss:  5.28233	 10 sampled NNs | VaAcc: 0.1059 +- 0.0085 | VaLoss: 4.6496 +- 0.2881
175,  0 | TrAcc: 0.1061, TrLoss:  4.54702, VaAcc: 0.1056, VaLoss:  5.28228	 10 sampled NNs | VaAcc: 0.1046 +- 0.0103 | VaLoss: 4.6101 +- 0.1502
176,  0 | TrAcc: 0.1056, TrLoss:  4.54371, VaAcc: 0.1034, VaLoss:  5.28287	 10 sampled NNs | VaAcc: 0.1064 +- 0.0094 | VaLoss: 4.5810 +- 0.2669
177,  0 | TrAcc: 0.1050, TrLoss:  4.55504, VaAcc: 0.1033, VaLoss:  5.27931	 10 sampled NNs | VaAcc: 0.1030 +- 0.0130 | VaLoss: 4.6263 +- 0.2894
178,  0 | TrAcc: 0.1035, TrLoss:  4.56234, VaAcc: 0.1023, VaLoss:  5.24804	 10 sampled NNs | VaAcc: 0.1046 +- 0.0098 | VaLoss: 4.7157 +- 0.2915
179,  0 | TrAcc: 0.1057, TrLoss:  4.54941, VaAcc: 0.1028, VaLoss:  5.29379	 10 sampled NNs | VaAcc: 0.1088 +- 0.0083 | VaLoss: 4.5269 +- 0.3134
180,  0 | TrAcc: 0.1044, TrLoss:  4.55586, VaAcc: 0.1021, VaLoss:  5.29171	 10 sampled NNs | VaAcc: 0.1032 +- 0.0082 | VaLoss: 4.7439 +- 0.3623
181,  0 | TrAcc: 0.1060, TrLoss:  4.54305, VaAcc: 0.1032, VaLoss:  5.32063	 10 sampled NNs | VaAcc: 0.0997 +- 0.0052 | VaLoss: 4.8228 +- 0.4903
182,  0 | TrAcc: 0.1056, TrLoss:  4.54895, VaAcc: 0.1041, VaLoss:  5.27895	 10 sampled NNs | VaAcc: 0.1015 +- 0.0059 | VaLoss: 4.6218 +- 0.2031
183,  0 | TrAcc: 0.1034, TrLoss:  4.56155, VaAcc: 0.1033, VaLoss:  5.24559	 10 sampled NNs | VaAcc: 0.0976 +- 0.0080 | VaLoss: 4.7712 +- 0.2044
184,  0 | TrAcc: 0.1043, TrLoss:  4.55176, VaAcc: 0.1044, VaLoss:  5.27764	 10 sampled NNs | VaAcc: 0.1012 +- 0.0142 | VaLoss: 4.5852 +- 0.3338
185,  0 | TrAcc: 0.1043, TrLoss:  4.55768, VaAcc: 0.1037, VaLoss:  5.25989	 10 sampled NNs | VaAcc: 0.1020 +- 0.0086 | VaLoss: 4.5739 +- 0.2565
186,  0 | TrAcc: 0.1052, TrLoss:  4.54447, VaAcc: 0.1051, VaLoss:  5.27999	 10 sampled NNs | VaAcc: 0.1039 +- 0.0130 | VaLoss: 4.7159 +- 0.2777
187,  0 | TrAcc: 0.1065, TrLoss:  4.53605, VaAcc: 0.1035, VaLoss:  5.31242	 10 sampled NNs | VaAcc: 0.1059 +- 0.0144 | VaLoss: 4.5108 +- 0.2384
188,  0 | TrAcc: 0.1048, TrLoss:  4.56150, VaAcc: 0.1027, VaLoss:  5.25835	 10 sampled NNs | VaAcc: 0.1023 +- 0.0085 | VaLoss: 4.5685 +- 0.3261
189,  0 | TrAcc: 0.1047, TrLoss:  4.55706, VaAcc: 0.1026, VaLoss:  5.28919	 10 sampled NNs | VaAcc: 0.1021 +- 0.0086 | VaLoss: 4.8047 +- 0.2628
190,  0 | TrAcc: 0.1040, TrLoss:  4.55444, VaAcc: 0.1049, VaLoss:  5.27451	 10 sampled NNs | VaAcc: 0.1041 +- 0.0064 | VaLoss: 4.7472 +- 0.2438
191,  0 | TrAcc: 0.1091, TrLoss:  4.52679, VaAcc: 0.1058, VaLoss:  5.34378	 10 sampled NNs | VaAcc: 0.1033 +- 0.0119 | VaLoss: 4.6726 +- 0.3376
192,  0 | TrAcc: 0.1064, TrLoss:  4.54131, VaAcc: 0.1034, VaLoss:  5.29274	 10 sampled NNs | VaAcc: 0.1005 +- 0.0096 | VaLoss: 4.6139 +- 0.2439
193,  0 | TrAcc: 0.1043, TrLoss:  4.55961, VaAcc: 0.1021, VaLoss:  5.25834	 10 sampled NNs | VaAcc: 0.1003 +- 0.0130 | VaLoss: 4.5677 +- 0.3624
194,  0 | TrAcc: 0.1039, TrLoss:  4.55935, VaAcc: 0.1042, VaLoss:  5.27152	 10 sampled NNs | VaAcc: 0.1032 +- 0.0198 | VaLoss: 4.5826 +- 0.4757
195,  0 | TrAcc: 0.1033, TrLoss:  4.56941, VaAcc: 0.1032, VaLoss:  5.24744	 10 sampled NNs | VaAcc: 0.1055 +- 0.0154 | VaLoss: 4.5588 +- 0.2537
196,  0 | TrAcc: 0.1057, TrLoss:  4.54646, VaAcc: 0.1037, VaLoss:  5.29106	 10 sampled NNs | VaAcc: 0.1039 +- 0.0115 | VaLoss: 4.7040 +- 0.2555
197,  0 | TrAcc: 0.1042, TrLoss:  4.55938, VaAcc: 0.1046, VaLoss:  5.26966	 10 sampled NNs | VaAcc: 0.1011 +- 0.0131 | VaLoss: 4.6966 +- 0.1941
198,  0 | TrAcc: 0.1057, TrLoss:  4.54454, VaAcc: 0.1040, VaLoss:  5.28007	 10 sampled NNs | VaAcc: 0.1031 +- 0.0098 | VaLoss: 4.6976 +- 0.3644
199,  0 | TrAcc: 0.1058, TrLoss:  4.54445, VaAcc: 0.1038, VaLoss:  5.29060	 10 sampled NNs | VaAcc: 0.1004 +- 0.0104 | VaLoss: 4.7487 +- 0.2892
9953.579864
----------------------------
