
=============================
CONFIG FILE

RNN CONFIG
{'data_multiplier': 0.1,
 'gradient_clip_value': 0.5,
 'layer_configs': [{'layer_type': 'input'},
                   {'bc': {'init_m': 'xavier',
                           'init_v': -4.5,
                           'prior_m': 0.0,
                           'prior_v': 0.0,
                           'type': 'continuous'},
                    'bf': {'init_m': 'xavier',
                           'init_v': -4.5,
                           'prior_m': 0.0,
                           'prior_v': 0.0,
                           'type': 'continuous'},
                    'bi': {'init_m': 'xavier',
                           'init_v': -4.5,
                           'prior_m': 0.0,
                           'prior_v': 0.0,
                           'type': 'continuous'},
                    'bo': {'init_m': 'xavier',
                           'init_v': -4.5,
                           'prior_m': 0.0,
                           'prior_v': 0.0,
                           'type': 'continuous'},
                    'init_config': {'c': {'b': 'all_zero', 'w': 'xavier'},
                                    'f': {'b': 'all_one', 'w': 'all_zero'},
                                    'i': {'b': 'all_zero', 'w': 'xavier'},
                                    'o': {'b': 'all_zero', 'w': 'xavier'}},
                    'is_output': False,
                    'is_recurrent': True,
                    'layer_type': 'lstm',
                    'var_scope': 'lstm_0',
                    'wc': {'init_m': 'xavier',
                           'init_v': -4.5,
                           'prior_m': 0.0,
                           'prior_v': 0.0,
                           'type': 'continuous'},
                    'wf': {'init_m': 'xavier',
                           'init_v': -4.5,
                           'prior_m': 0.0,
                           'prior_v': 0.0,
                           'type': 'continuous'},
                    'wi': {'init_m': 'xavier',
                           'init_v': -4.5,
                           'prior_m': 0.0,
                           'prior_v': 0.0,
                           'type': 'continuous'},
                    'wo': {'init_m': 'xavier',
                           'init_v': -4.5,
                           'prior_m': 0.0,
                           'prior_v': 0.0,
                           'type': 'continuous'}},
                   {'bc': {'init_m': 'xavier',
                           'init_v': -4.5,
                           'prior_m': 0.0,
                           'prior_v': 0.0,
                           'type': 'continuous'},
                    'bf': {'init_m': 'xavier',
                           'init_v': -4.5,
                           'prior_m': 0.0,
                           'prior_v': 0.0,
                           'type': 'continuous'},
                    'bi': {'init_m': 'xavier',
                           'init_v': -4.5,
                           'prior_m': 0.0,
                           'prior_v': 0.0,
                           'type': 'continuous'},
                    'bo': {'init_m': 'xavier',
                           'init_v': -4.5,
                           'prior_m': 0.0,
                           'prior_v': 0.0,
                           'type': 'continuous'},
                    'init_config': {'c': {'b': 'all_zero', 'w': 'xavier'},
                                    'f': {'b': 'all_one', 'w': 'all_zero'},
                                    'i': {'b': 'all_zero', 'w': 'xavier'},
                                    'o': {'b': 'all_zero', 'w': 'xavier'}},
                    'is_output': False,
                    'is_recurrent': True,
                    'layer_type': 'lstm',
                    'var_scope': 'lstm_1',
                    'wc': {'init_m': 'xavier',
                           'init_v': -4.5,
                           'prior_m': 0.0,
                           'prior_v': 0.0,
                           'type': 'continuous'},
                    'wf': {'init_m': 'xavier',
                           'init_v': -4.5,
                           'prior_m': 0.0,
                           'prior_v': 0.0,
                           'type': 'continuous'},
                    'wi': {'init_m': 'xavier',
                           'init_v': -4.5,
                           'prior_m': 0.0,
                           'prior_v': 0.0,
                           'type': 'continuous'},
                    'wo': {'init_m': 'xavier',
                           'init_v': -4.5,
                           'prior_m': 0.0,
                           'prior_v': 0.0,
                           'type': 'continuous'}},
                   {'b': {'init_m': 'xavier',
                          'init_v': -4.5,
                          'prior_m': 0.0,
                          'prior_v': 0.0,
                          'type': 'continuous'},
                    'is_output': True,
                    'is_recurrent': False,
                    'layer_type': 'fc',
                    'regularization': {'mode': None, 'strength': 0.02},
                    'var_scope': 'output_layer',
                    'w': {'init_m': 'xavier',
                          'init_v': -4.5,
                          'prior_m': 0.0,
                          'prior_v': 0.0,
                          'type': 'continuous'}}],
 'layout': [4, 60, 60, 10],
 'output_type': 'classification'}

DATA CONFIG
{'dataset': 'red_penstroke',
 'tr': {'in_seq_len': 30,
        'minibatch_enabled': True,
        'minibatch_size': 1000,
        'out_seq_len': 5,
        'zero_padding': 20},
 'va': {'in_seq_len': 30,
        'minibatch_enabled': True,
        'minibatch_size': 1000,
        'out_seq_len': 5,
        'zero_padding': 20}}

TRAINING CONFIG
{'beta_reg': 0.0,
 'is_pretrain': False,
 'learning_rate': 0.002,
 'mode': {'max_epochs': 200, 'min_error': 0.0, 'name': 'classic'},
 'task_id': 3,
 'type': 'l_sampling',
 'var_reg': 0.0}
==============================


  0,  0 | TrAcc: 0.1096, TrLoss:  7.79426, VaAcc: 0.1170, VaLoss: 29.83442	 10 sampled NNs | VaAcc: 0.1370 +- 0.0003 | VaLoss: 2.3275 +- 0.0000
  1,  0 | TrAcc: 0.5913, TrLoss:  6.13241, VaAcc: 0.5335, VaLoss: 26.68266	 10 sampled NNs | VaAcc: 0.5732 +- 0.0004 | VaLoss: 1.2444 +- 0.0001
  2,  0 | TrAcc: 0.7277, TrLoss:  5.35890, VaAcc: 0.6062, VaLoss: 24.51370	 10 sampled NNs | VaAcc: 0.6389 +- 0.0005 | VaLoss: 1.1299 +- 0.0002
  3,  0 | TrAcc: 0.7830, TrLoss:  4.82348, VaAcc: 0.6302, VaLoss: 22.49781	 10 sampled NNs | VaAcc: 0.6407 +- 0.0002 | VaLoss: 1.1771 +- 0.0003
  4,  0 | TrAcc: 0.7830, TrLoss:  4.41415, VaAcc: 0.6603, VaLoss: 20.42821	 10 sampled NNs | VaAcc: 0.6936 +- 0.0006 | VaLoss: 1.0780 +- 0.0002
  5,  0 | TrAcc: 0.7862, TrLoss:  4.01589, VaAcc: 0.6493, VaLoss: 18.47829	 10 sampled NNs | VaAcc: 0.6633 +- 0.0005 | VaLoss: 1.1152 +- 0.0009
  6,  0 | TrAcc: 0.7745, TrLoss:  3.66396, VaAcc: 0.6678, VaLoss: 16.51811	 10 sampled NNs | VaAcc: 0.6927 +- 0.0004 | VaLoss: 1.0570 +- 0.0014
  7,  0 | TrAcc: 0.7799, TrLoss:  3.30073, VaAcc: 0.6758, VaLoss: 14.66778	 10 sampled NNs | VaAcc: 0.7075 +- 0.0007 | VaLoss: 1.0005 +- 0.0021
  8,  0 | TrAcc: 0.7651, TrLoss:  2.98396, VaAcc: 0.6622, VaLoss: 12.97827	 10 sampled NNs | VaAcc: 0.6915 +- 0.0013 | VaLoss: 1.0301 +- 0.0017
  9,  0 | TrAcc: 0.7677, TrLoss:  2.67644, VaAcc: 0.6771, VaLoss: 11.31536	 10 sampled NNs | VaAcc: 0.7070 +- 0.0009 | VaLoss: 1.0084 +- 0.0023
 10,  0 | TrAcc: 0.7581, TrLoss:  2.43564, VaAcc: 0.6760, VaLoss:  9.79795	 10 sampled NNs | VaAcc: 0.7079 +- 0.0024 | VaLoss: 0.9323 +- 0.0055
 11,  0 | TrAcc: 0.7611, TrLoss:  2.16245, VaAcc: 0.6909, VaLoss:  8.39529	 10 sampled NNs | VaAcc: 0.7210 +- 0.0024 | VaLoss: 0.8984 +- 0.0066
 12,  0 | TrAcc: 0.7453, TrLoss:  1.97088, VaAcc: 0.6792, VaLoss:  7.28320	 10 sampled NNs | VaAcc: 0.7265 +- 0.0032 | VaLoss: 0.9215 +- 0.0091
 13,  0 | TrAcc: 0.7205, TrLoss:  1.83830, VaAcc: 0.6764, VaLoss:  6.34486	 10 sampled NNs | VaAcc: 0.7180 +- 0.0048 | VaLoss: 0.9340 +- 0.0124
 14,  0 | TrAcc: 0.7231, TrLoss:  1.69090, VaAcc: 0.6748, VaLoss:  5.53920	 10 sampled NNs | VaAcc: 0.7011 +- 0.0043 | VaLoss: 0.9672 +- 0.0207
 15,  0 | TrAcc: 0.7169, TrLoss:  1.58596, VaAcc: 0.6737, VaLoss:  4.84685	 10 sampled NNs | VaAcc: 0.7113 +- 0.0068 | VaLoss: 0.8860 +- 0.0170
 16,  0 | TrAcc: 0.7258, TrLoss:  1.44168, VaAcc: 0.6684, VaLoss:  4.40156	 10 sampled NNs | VaAcc: 0.6950 +- 0.0064 | VaLoss: 0.9897 +- 0.0197
 17,  0 | TrAcc: 0.7202, TrLoss:  1.40507, VaAcc: 0.6798, VaLoss:  4.01759	 10 sampled NNs | VaAcc: 0.7073 +- 0.0068 | VaLoss: 0.8805 +- 0.0167
 18,  0 | TrAcc: 0.7268, TrLoss:  1.32263, VaAcc: 0.6736, VaLoss:  3.77441	 10 sampled NNs | VaAcc: 0.6990 +- 0.0033 | VaLoss: 0.9239 +- 0.0178
 19,  0 | TrAcc: 0.7379, TrLoss:  1.25107, VaAcc: 0.6869, VaLoss:  3.52328	 10 sampled NNs | VaAcc: 0.7153 +- 0.0095 | VaLoss: 0.8588 +- 0.0221
 20,  0 | TrAcc: 0.7232, TrLoss:  1.27879, VaAcc: 0.6873, VaLoss:  3.40340	 10 sampled NNs | VaAcc: 0.7131 +- 0.0091 | VaLoss: 0.8805 +- 0.0293
 21,  0 | TrAcc: 0.7351, TrLoss:  1.22898, VaAcc: 0.6902, VaLoss:  3.30296	 10 sampled NNs | VaAcc: 0.7191 +- 0.0083 | VaLoss: 0.8640 +- 0.0213
 22,  0 | TrAcc: 0.7188, TrLoss:  1.24159, VaAcc: 0.6846, VaLoss:  3.23635	 10 sampled NNs | VaAcc: 0.6964 +- 0.0085 | VaLoss: 0.9241 +- 0.0287
 23,  0 | TrAcc: 0.7201, TrLoss:  1.24423, VaAcc: 0.6889, VaLoss:  3.19203	 10 sampled NNs | VaAcc: 0.7003 +- 0.0097 | VaLoss: 0.9128 +- 0.0431
 24,  0 | TrAcc: 0.7471, TrLoss:  1.15154, VaAcc: 0.7019, VaLoss:  3.10036	 10 sampled NNs | VaAcc: 0.7083 +- 0.0101 | VaLoss: 0.9000 +- 0.0273
 25,  0 | TrAcc: 0.7424, TrLoss:  1.14792, VaAcc: 0.7027, VaLoss:  3.05967	 10 sampled NNs | VaAcc: 0.7179 +- 0.0128 | VaLoss: 0.8615 +- 0.0253
 26,  0 | TrAcc: 0.7312, TrLoss:  1.19051, VaAcc: 0.6915, VaLoss:  3.03636	 10 sampled NNs | VaAcc: 0.7160 +- 0.0100 | VaLoss: 0.8683 +- 0.0321
 27,  0 | TrAcc: 0.7447, TrLoss:  1.10623, VaAcc: 0.6945, VaLoss:  2.97043	 10 sampled NNs | VaAcc: 0.7037 +- 0.0126 | VaLoss: 0.9063 +- 0.0244
 28,  0 | TrAcc: 0.7431, TrLoss:  1.13997, VaAcc: 0.6954, VaLoss:  2.94016	 10 sampled NNs | VaAcc: 0.7077 +- 0.0096 | VaLoss: 0.8921 +- 0.0239
 29,  0 | TrAcc: 0.7472, TrLoss:  1.09660, VaAcc: 0.6999, VaLoss:  2.90591	 10 sampled NNs | VaAcc: 0.7136 +- 0.0097 | VaLoss: 0.8849 +- 0.0274
 30,  0 | TrAcc: 0.7488, TrLoss:  1.10784, VaAcc: 0.7058, VaLoss:  2.92183	 10 sampled NNs | VaAcc: 0.7202 +- 0.0048 | VaLoss: 0.8904 +- 0.0216
 31,  0 | TrAcc: 0.7556, TrLoss:  1.07490, VaAcc: 0.6973, VaLoss:  2.89580	 10 sampled NNs | VaAcc: 0.7177 +- 0.0106 | VaLoss: 0.8775 +- 0.0349
 32,  0 | TrAcc: 0.7609, TrLoss:  1.05186, VaAcc: 0.7116, VaLoss:  2.84406	 10 sampled NNs | VaAcc: 0.7292 +- 0.0098 | VaLoss: 0.8338 +- 0.0265
 33,  0 | TrAcc: 0.7778, TrLoss:  1.01711, VaAcc: 0.7147, VaLoss:  2.79599	 10 sampled NNs | VaAcc: 0.7324 +- 0.0070 | VaLoss: 0.8309 +- 0.0167
 34,  0 | TrAcc: 0.7610, TrLoss:  1.05321, VaAcc: 0.7017, VaLoss:  2.79519	 10 sampled NNs | VaAcc: 0.7122 +- 0.0077 | VaLoss: 0.8662 +- 0.0186
 35,  0 | TrAcc: 0.7571, TrLoss:  1.05446, VaAcc: 0.7041, VaLoss:  2.77969	 10 sampled NNs | VaAcc: 0.7172 +- 0.0139 | VaLoss: 0.8597 +- 0.0314
 36,  0 | TrAcc: 0.7696, TrLoss:  1.00415, VaAcc: 0.7020, VaLoss:  2.79898	 10 sampled NNs | VaAcc: 0.7219 +- 0.0093 | VaLoss: 0.8720 +- 0.0195
 37,  0 | TrAcc: 0.7654, TrLoss:  1.03044, VaAcc: 0.7011, VaLoss:  2.78705	 10 sampled NNs | VaAcc: 0.7065 +- 0.0049 | VaLoss: 0.8982 +- 0.0191
 38,  0 | TrAcc: 0.7671, TrLoss:  1.01226, VaAcc: 0.7042, VaLoss:  2.79042	 10 sampled NNs | VaAcc: 0.7148 +- 0.0163 | VaLoss: 0.8980 +- 0.0387
 39,  0 | TrAcc: 0.7761, TrLoss:  1.00906, VaAcc: 0.7065, VaLoss:  2.76811	 10 sampled NNs | VaAcc: 0.7129 +- 0.0070 | VaLoss: 0.8867 +- 0.0210
 40,  0 | TrAcc: 0.7662, TrLoss:  1.01815, VaAcc: 0.7158, VaLoss:  2.72272	 10 sampled NNs | VaAcc: 0.7292 +- 0.0092 | VaLoss: 0.8385 +- 0.0173
 41,  0 | TrAcc: 0.7760, TrLoss:  1.00011, VaAcc: 0.6975, VaLoss:  2.77887	 10 sampled NNs | VaAcc: 0.7095 +- 0.0108 | VaLoss: 0.9169 +- 0.0378
 42,  0 | TrAcc: 0.7743, TrLoss:  1.00075, VaAcc: 0.7124, VaLoss:  2.73149	 10 sampled NNs | VaAcc: 0.7251 +- 0.0085 | VaLoss: 0.8580 +- 0.0304
 43,  0 | TrAcc: 0.7856, TrLoss:  0.98141, VaAcc: 0.7069, VaLoss:  2.71997	 10 sampled NNs | VaAcc: 0.7206 +- 0.0063 | VaLoss: 0.8557 +- 0.0315
 44,  0 | TrAcc: 0.7619, TrLoss:  1.03178, VaAcc: 0.7134, VaLoss:  2.69354	 10 sampled NNs | VaAcc: 0.7221 +- 0.0071 | VaLoss: 0.8360 +- 0.0302
 45,  0 | TrAcc: 0.7627, TrLoss:  1.02213, VaAcc: 0.7024, VaLoss:  2.69922	 10 sampled NNs | VaAcc: 0.7100 +- 0.0101 | VaLoss: 0.8606 +- 0.0212
 46,  0 | TrAcc: 0.7711, TrLoss:  1.00820, VaAcc: 0.7014, VaLoss:  2.69135	 10 sampled NNs | VaAcc: 0.7157 +- 0.0088 | VaLoss: 0.8505 +- 0.0255
 47,  0 | TrAcc: 0.7801, TrLoss:  0.96405, VaAcc: 0.7030, VaLoss:  2.70066	 10 sampled NNs | VaAcc: 0.7210 +- 0.0085 | VaLoss: 0.8592 +- 0.0259
 48,  0 | TrAcc: 0.7733, TrLoss:  1.00563, VaAcc: 0.7084, VaLoss:  2.68327	 10 sampled NNs | VaAcc: 0.7173 +- 0.0065 | VaLoss: 0.8452 +- 0.0192
 49,  0 | TrAcc: 0.7956, TrLoss:  0.93752, VaAcc: 0.7166, VaLoss:  2.66331	 10 sampled NNs | VaAcc: 0.7246 +- 0.0073 | VaLoss: 0.8490 +- 0.0321
 50,  0 | TrAcc: 0.7986, TrLoss:  0.92044, VaAcc: 0.7174, VaLoss:  2.66094	 10 sampled NNs | VaAcc: 0.7211 +- 0.0055 | VaLoss: 0.8627 +- 0.0172
 51,  0 | TrAcc: 0.7778, TrLoss:  0.96578, VaAcc: 0.7158, VaLoss:  2.67227	 10 sampled NNs | VaAcc: 0.7272 +- 0.0072 | VaLoss: 0.8757 +- 0.0177
 52,  0 | TrAcc: 0.7657, TrLoss:  0.99657, VaAcc: 0.7090, VaLoss:  2.65161	 10 sampled NNs | VaAcc: 0.7235 +- 0.0088 | VaLoss: 0.8612 +- 0.0253
 53,  0 | TrAcc: 0.7915, TrLoss:  0.93460, VaAcc: 0.7157, VaLoss:  2.67132	 10 sampled NNs | VaAcc: 0.7225 +- 0.0074 | VaLoss: 0.8943 +- 0.0220
 54,  0 | TrAcc: 0.7769, TrLoss:  0.95717, VaAcc: 0.7159, VaLoss:  2.64572	 10 sampled NNs | VaAcc: 0.7223 +- 0.0073 | VaLoss: 0.8542 +- 0.0250
 55,  0 | TrAcc: 0.7744, TrLoss:  0.98327, VaAcc: 0.7155, VaLoss:  2.63614	 10 sampled NNs | VaAcc: 0.7212 +- 0.0104 | VaLoss: 0.8513 +- 0.0231
 56,  0 | TrAcc: 0.7766, TrLoss:  0.96811, VaAcc: 0.7150, VaLoss:  2.64720	 10 sampled NNs | VaAcc: 0.7244 +- 0.0061 | VaLoss: 0.8672 +- 0.0264
 57,  0 | TrAcc: 0.7722, TrLoss:  0.97615, VaAcc: 0.7159, VaLoss:  2.62287	 10 sampled NNs | VaAcc: 0.7263 +- 0.0099 | VaLoss: 0.8295 +- 0.0299
 58,  0 | TrAcc: 0.7877, TrLoss:  0.94732, VaAcc: 0.7105, VaLoss:  2.62674	 10 sampled NNs | VaAcc: 0.7165 +- 0.0086 | VaLoss: 0.8477 +- 0.0309
 59,  0 | TrAcc: 0.7770, TrLoss:  0.97257, VaAcc: 0.7212, VaLoss:  2.61097	 10 sampled NNs | VaAcc: 0.7315 +- 0.0076 | VaLoss: 0.8167 +- 0.0275
 60,  0 | TrAcc: 0.7830, TrLoss:  0.93673, VaAcc: 0.7193, VaLoss:  2.59482	 10 sampled NNs | VaAcc: 0.7312 +- 0.0099 | VaLoss: 0.8097 +- 0.0274
 61,  0 | TrAcc: 0.7915, TrLoss:  0.91497, VaAcc: 0.7143, VaLoss:  2.61367	 10 sampled NNs | VaAcc: 0.7262 +- 0.0110 | VaLoss: 0.8404 +- 0.0282
 62,  0 | TrAcc: 0.7965, TrLoss:  0.91441, VaAcc: 0.7093, VaLoss:  2.59761	 10 sampled NNs | VaAcc: 0.7143 +- 0.0091 | VaLoss: 0.8484 +- 0.0192
 63,  0 | TrAcc: 0.7810, TrLoss:  0.96703, VaAcc: 0.7056, VaLoss:  2.61994	 10 sampled NNs | VaAcc: 0.7124 +- 0.0109 | VaLoss: 0.8638 +- 0.0242
 64,  0 | TrAcc: 0.7732, TrLoss:  0.96940, VaAcc: 0.7156, VaLoss:  2.60729	 10 sampled NNs | VaAcc: 0.7226 +- 0.0056 | VaLoss: 0.8588 +- 0.0230
 65,  0 | TrAcc: 0.7696, TrLoss:  0.98985, VaAcc: 0.7199, VaLoss:  2.61942	 10 sampled NNs | VaAcc: 0.7280 +- 0.0102 | VaLoss: 0.8628 +- 0.0289
 66,  0 | TrAcc: 0.7932, TrLoss:  0.91634, VaAcc: 0.7191, VaLoss:  2.59726	 10 sampled NNs | VaAcc: 0.7384 +- 0.0066 | VaLoss: 0.8143 +- 0.0164
 67,  0 | TrAcc: 0.7848, TrLoss:  0.96029, VaAcc: 0.7237, VaLoss:  2.58104	 10 sampled NNs | VaAcc: 0.7321 +- 0.0063 | VaLoss: 0.8192 +- 0.0174
 68,  0 | TrAcc: 0.7813, TrLoss:  0.94976, VaAcc: 0.7200, VaLoss:  2.61526	 10 sampled NNs | VaAcc: 0.7341 +- 0.0069 | VaLoss: 0.8435 +- 0.0245
 69,  0 | TrAcc: 0.7867, TrLoss:  0.93784, VaAcc: 0.7051, VaLoss:  2.64748	 10 sampled NNs | VaAcc: 0.7185 +- 0.0120 | VaLoss: 0.8646 +- 0.0359
 70,  0 | TrAcc: 0.7749, TrLoss:  0.96464, VaAcc: 0.7129, VaLoss:  2.58401	 10 sampled NNs | VaAcc: 0.7276 +- 0.0085 | VaLoss: 0.8065 +- 0.0268
 71,  0 | TrAcc: 0.7909, TrLoss:  0.92537, VaAcc: 0.7157, VaLoss:  2.60541	 10 sampled NNs | VaAcc: 0.7249 +- 0.0106 | VaLoss: 0.8520 +- 0.0255
 72,  0 | TrAcc: 0.7893, TrLoss:  0.91516, VaAcc: 0.7304, VaLoss:  2.56531	 10 sampled NNs | VaAcc: 0.7434 +- 0.0061 | VaLoss: 0.8107 +- 0.0164
 73,  0 | TrAcc: 0.7937, TrLoss:  0.92230, VaAcc: 0.7207, VaLoss:  2.57580	 10 sampled NNs | VaAcc: 0.7338 +- 0.0092 | VaLoss: 0.8156 +- 0.0220
 74,  0 | TrAcc: 0.7869, TrLoss:  0.93687, VaAcc: 0.7093, VaLoss:  2.61560	 10 sampled NNs | VaAcc: 0.7288 +- 0.0053 | VaLoss: 0.8402 +- 0.0236
 75,  0 | TrAcc: 0.7983, TrLoss:  0.90339, VaAcc: 0.7232, VaLoss:  2.59666	 10 sampled NNs | VaAcc: 0.7364 +- 0.0044 | VaLoss: 0.8353 +- 0.0140
 76,  0 | TrAcc: 0.7880, TrLoss:  0.92214, VaAcc: 0.7269, VaLoss:  2.56138	 10 sampled NNs | VaAcc: 0.7360 +- 0.0078 | VaLoss: 0.8325 +- 0.0299
 77,  0 | TrAcc: 0.8017, TrLoss:  0.88864, VaAcc: 0.7113, VaLoss:  2.62210	 10 sampled NNs | VaAcc: 0.7212 +- 0.0092 | VaLoss: 0.8689 +- 0.0298
 78,  0 | TrAcc: 0.7838, TrLoss:  0.93718, VaAcc: 0.7275, VaLoss:  2.59592	 10 sampled NNs | VaAcc: 0.7439 +- 0.0085 | VaLoss: 0.8462 +- 0.0159
 79,  0 | TrAcc: 0.7836, TrLoss:  0.94901, VaAcc: 0.7153, VaLoss:  2.61612	 10 sampled NNs | VaAcc: 0.7209 +- 0.0058 | VaLoss: 0.8758 +- 0.0189
 80,  0 | TrAcc: 0.7863, TrLoss:  0.92944, VaAcc: 0.7163, VaLoss:  2.57513	 10 sampled NNs | VaAcc: 0.7292 +- 0.0075 | VaLoss: 0.8217 +- 0.0224
 81,  0 | TrAcc: 0.8009, TrLoss:  0.90024, VaAcc: 0.7180, VaLoss:  2.61901	 10 sampled NNs | VaAcc: 0.7274 +- 0.0069 | VaLoss: 0.8728 +- 0.0198
 82,  0 | TrAcc: 0.7844, TrLoss:  0.95796, VaAcc: 0.7196, VaLoss:  2.57993	 10 sampled NNs | VaAcc: 0.7263 +- 0.0136 | VaLoss: 0.8480 +- 0.0449
 83,  0 | TrAcc: 0.7857, TrLoss:  0.91996, VaAcc: 0.7123, VaLoss:  2.58303	 10 sampled NNs | VaAcc: 0.7261 +- 0.0058 | VaLoss: 0.8387 +- 0.0323
 84,  0 | TrAcc: 0.7996, TrLoss:  0.91797, VaAcc: 0.7145, VaLoss:  2.61464	 10 sampled NNs | VaAcc: 0.7276 +- 0.0072 | VaLoss: 0.8586 +- 0.0206
 85,  0 | TrAcc: 0.8028, TrLoss:  0.90333, VaAcc: 0.7105, VaLoss:  2.63314	 10 sampled NNs | VaAcc: 0.7250 +- 0.0074 | VaLoss: 0.8809 +- 0.0246
 86,  0 | TrAcc: 0.7897, TrLoss:  0.93380, VaAcc: 0.7226, VaLoss:  2.56894	 10 sampled NNs | VaAcc: 0.7360 +- 0.0093 | VaLoss: 0.8154 +- 0.0335
 87,  0 | TrAcc: 0.8017, TrLoss:  0.89610, VaAcc: 0.7152, VaLoss:  2.63493	 10 sampled NNs | VaAcc: 0.7233 +- 0.0105 | VaLoss: 0.8916 +- 0.0347
 88,  0 | TrAcc: 0.8006, TrLoss:  0.90706, VaAcc: 0.7209, VaLoss:  2.60139	 10 sampled NNs | VaAcc: 0.7328 +- 0.0075 | VaLoss: 0.8590 +- 0.0359
 89,  0 | TrAcc: 0.7857, TrLoss:  0.93438, VaAcc: 0.7221, VaLoss:  2.56290	 10 sampled NNs | VaAcc: 0.7349 +- 0.0074 | VaLoss: 0.8100 +- 0.0276
 90,  0 | TrAcc: 0.7957, TrLoss:  0.90661, VaAcc: 0.7210, VaLoss:  2.58130	 10 sampled NNs | VaAcc: 0.7357 +- 0.0087 | VaLoss: 0.8205 +- 0.0264
 91,  0 | TrAcc: 0.7963, TrLoss:  0.89505, VaAcc: 0.7090, VaLoss:  2.63574	 10 sampled NNs | VaAcc: 0.7234 +- 0.0050 | VaLoss: 0.8627 +- 0.0188
 92,  0 | TrAcc: 0.7943, TrLoss:  0.91235, VaAcc: 0.7160, VaLoss:  2.60320	 10 sampled NNs | VaAcc: 0.7265 +- 0.0070 | VaLoss: 0.8325 +- 0.0283
 93,  0 | TrAcc: 0.7902, TrLoss:  0.93555, VaAcc: 0.7238, VaLoss:  2.59792	 10 sampled NNs | VaAcc: 0.7363 +- 0.0086 | VaLoss: 0.8324 +- 0.0267
 94,  0 | TrAcc: 0.7972, TrLoss:  0.91475, VaAcc: 0.7139, VaLoss:  2.60229	 10 sampled NNs | VaAcc: 0.7251 +- 0.0057 | VaLoss: 0.8322 +- 0.0303
 95,  0 | TrAcc: 0.8028, TrLoss:  0.88966, VaAcc: 0.7201, VaLoss:  2.59436	 10 sampled NNs | VaAcc: 0.7309 +- 0.0086 | VaLoss: 0.8481 +- 0.0165
 96,  0 | TrAcc: 0.7962, TrLoss:  0.89745, VaAcc: 0.7104, VaLoss:  2.62130	 10 sampled NNs | VaAcc: 0.7155 +- 0.0066 | VaLoss: 0.8843 +- 0.0147
 97,  0 | TrAcc: 0.8021, TrLoss:  0.90362, VaAcc: 0.7137, VaLoss:  2.60244	 10 sampled NNs | VaAcc: 0.7334 +- 0.0101 | VaLoss: 0.8468 +- 0.0191
 98,  0 | TrAcc: 0.7834, TrLoss:  0.94354, VaAcc: 0.7280, VaLoss:  2.55557	 10 sampled NNs | VaAcc: 0.7429 +- 0.0079 | VaLoss: 0.8186 +- 0.0232
 99,  0 | TrAcc: 0.8125, TrLoss:  0.87897, VaAcc: 0.7187, VaLoss:  2.56744	 10 sampled NNs | VaAcc: 0.7286 +- 0.0058 | VaLoss: 0.8346 +- 0.0179
100,  0 | TrAcc: 0.7918, TrLoss:  0.90993, VaAcc: 0.7275, VaLoss:  2.53537	 10 sampled NNs | VaAcc: 0.7403 +- 0.0070 | VaLoss: 0.7882 +- 0.0210
101,  0 | TrAcc: 0.7939, TrLoss:  0.92455, VaAcc: 0.7186, VaLoss:  2.57672	 10 sampled NNs | VaAcc: 0.7305 +- 0.0070 | VaLoss: 0.8357 +- 0.0172
102,  0 | TrAcc: 0.7951, TrLoss:  0.91341, VaAcc: 0.7192, VaLoss:  2.57216	 10 sampled NNs | VaAcc: 0.7339 +- 0.0063 | VaLoss: 0.8237 +- 0.0152
103,  0 | TrAcc: 0.8058, TrLoss:  0.88347, VaAcc: 0.7174, VaLoss:  2.57412	 10 sampled NNs | VaAcc: 0.7276 +- 0.0078 | VaLoss: 0.8274 +- 0.0204
104,  0 | TrAcc: 0.7877, TrLoss:  0.93472, VaAcc: 0.7213, VaLoss:  2.55921	 10 sampled NNs | VaAcc: 0.7361 +- 0.0067 | VaLoss: 0.7978 +- 0.0219
105,  0 | TrAcc: 0.7981, TrLoss:  0.91536, VaAcc: 0.7242, VaLoss:  2.56587	 10 sampled NNs | VaAcc: 0.7346 +- 0.0060 | VaLoss: 0.8176 +- 0.0196
106,  0 | TrAcc: 0.8050, TrLoss:  0.90759, VaAcc: 0.7146, VaLoss:  2.64325	 10 sampled NNs | VaAcc: 0.7311 +- 0.0091 | VaLoss: 0.8925 +- 0.0309
107,  0 | TrAcc: 0.7910, TrLoss:  0.92714, VaAcc: 0.7206, VaLoss:  2.59617	 10 sampled NNs | VaAcc: 0.7334 +- 0.0092 | VaLoss: 0.8408 +- 0.0305
108,  0 | TrAcc: 0.7794, TrLoss:  0.95606, VaAcc: 0.7256, VaLoss:  2.56774	 10 sampled NNs | VaAcc: 0.7382 +- 0.0056 | VaLoss: 0.8229 +- 0.0175
109,  0 | TrAcc: 0.7799, TrLoss:  0.95408, VaAcc: 0.7145, VaLoss:  2.58578	 10 sampled NNs | VaAcc: 0.7276 +- 0.0061 | VaLoss: 0.8309 +- 0.0181
110,  0 | TrAcc: 0.8000, TrLoss:  0.88616, VaAcc: 0.7291, VaLoss:  2.57956	 10 sampled NNs | VaAcc: 0.7421 +- 0.0056 | VaLoss: 0.8203 +- 0.0186
111,  0 | TrAcc: 0.7917, TrLoss:  0.92860, VaAcc: 0.7239, VaLoss:  2.57263	 10 sampled NNs | VaAcc: 0.7376 +- 0.0036 | VaLoss: 0.8240 +- 0.0189
112,  0 | TrAcc: 0.8152, TrLoss:  0.86964, VaAcc: 0.7169, VaLoss:  2.61576	 10 sampled NNs | VaAcc: 0.7323 +- 0.0120 | VaLoss: 0.8594 +- 0.0398
113,  0 | TrAcc: 0.7927, TrLoss:  0.92359, VaAcc: 0.7195, VaLoss:  2.60045	 10 sampled NNs | VaAcc: 0.7373 +- 0.0123 | VaLoss: 0.8401 +- 0.0288
114,  0 | TrAcc: 0.7995, TrLoss:  0.89288, VaAcc: 0.7234, VaLoss:  2.58465	 10 sampled NNs | VaAcc: 0.7377 +- 0.0058 | VaLoss: 0.8121 +- 0.0174
115,  0 | TrAcc: 0.7917, TrLoss:  0.91238, VaAcc: 0.7191, VaLoss:  2.59120	 10 sampled NNs | VaAcc: 0.7281 +- 0.0091 | VaLoss: 0.8383 +- 0.0195
116,  0 | TrAcc: 0.7974, TrLoss:  0.89788, VaAcc: 0.7193, VaLoss:  2.59375	 10 sampled NNs | VaAcc: 0.7302 +- 0.0069 | VaLoss: 0.8248 +- 0.0232
117,  0 | TrAcc: 0.8105, TrLoss:  0.86105, VaAcc: 0.7267, VaLoss:  2.60155	 10 sampled NNs | VaAcc: 0.7449 +- 0.0073 | VaLoss: 0.7981 +- 0.0215
118,  0 | TrAcc: 0.8069, TrLoss:  0.87714, VaAcc: 0.7241, VaLoss:  2.58290	 10 sampled NNs | VaAcc: 0.7416 +- 0.0050 | VaLoss: 0.8015 +- 0.0108
119,  0 | TrAcc: 0.7953, TrLoss:  0.90064, VaAcc: 0.7238, VaLoss:  2.57025	 10 sampled NNs | VaAcc: 0.7359 +- 0.0078 | VaLoss: 0.8044 +- 0.0145
120,  0 | TrAcc: 0.7850, TrLoss:  0.93878, VaAcc: 0.7163, VaLoss:  2.60761	 10 sampled NNs | VaAcc: 0.7331 +- 0.0091 | VaLoss: 0.8452 +- 0.0166
121,  0 | TrAcc: 0.8092, TrLoss:  0.88554, VaAcc: 0.7269, VaLoss:  2.58362	 10 sampled NNs | VaAcc: 0.7378 +- 0.0054 | VaLoss: 0.8289 +- 0.0232
122,  0 | TrAcc: 0.8030, TrLoss:  0.88740, VaAcc: 0.7282, VaLoss:  2.58043	 10 sampled NNs | VaAcc: 0.7442 +- 0.0084 | VaLoss: 0.8059 +- 0.0259
123,  0 | TrAcc: 0.8011, TrLoss:  0.90376, VaAcc: 0.7215, VaLoss:  2.56119	 10 sampled NNs | VaAcc: 0.7320 +- 0.0055 | VaLoss: 0.7882 +- 0.0246
124,  0 | TrAcc: 0.7848, TrLoss:  0.93565, VaAcc: 0.7198, VaLoss:  2.57712	 10 sampled NNs | VaAcc: 0.7307 +- 0.0076 | VaLoss: 0.8161 +- 0.0175
125,  0 | TrAcc: 0.7930, TrLoss:  0.92627, VaAcc: 0.7184, VaLoss:  2.58444	 10 sampled NNs | VaAcc: 0.7259 +- 0.0078 | VaLoss: 0.8293 +- 0.0191
126,  0 | TrAcc: 0.7991, TrLoss:  0.90268, VaAcc: 0.7200, VaLoss:  2.56536	 10 sampled NNs | VaAcc: 0.7364 +- 0.0105 | VaLoss: 0.8199 +- 0.0278
127,  0 | TrAcc: 0.8232, TrLoss:  0.83356, VaAcc: 0.7232, VaLoss:  2.59650	 10 sampled NNs | VaAcc: 0.7371 +- 0.0056 | VaLoss: 0.8626 +- 0.0139
128,  0 | TrAcc: 0.8190, TrLoss:  0.85847, VaAcc: 0.7157, VaLoss:  2.60206	 10 sampled NNs | VaAcc: 0.7250 +- 0.0040 | VaLoss: 0.8527 +- 0.0169
129,  0 | TrAcc: 0.7909, TrLoss:  0.90811, VaAcc: 0.7256, VaLoss:  2.54326	 10 sampled NNs | VaAcc: 0.7427 +- 0.0085 | VaLoss: 0.7874 +- 0.0130
130,  0 | TrAcc: 0.7930, TrLoss:  0.90731, VaAcc: 0.7203, VaLoss:  2.59528	 10 sampled NNs | VaAcc: 0.7312 +- 0.0058 | VaLoss: 0.8420 +- 0.0165
131,  0 | TrAcc: 0.8259, TrLoss:  0.83996, VaAcc: 0.7292, VaLoss:  2.55997	 10 sampled NNs | VaAcc: 0.7483 +- 0.0050 | VaLoss: 0.8022 +- 0.0103
132,  0 | TrAcc: 0.7830, TrLoss:  0.94342, VaAcc: 0.7208, VaLoss:  2.54125	 10 sampled NNs | VaAcc: 0.7302 +- 0.0086 | VaLoss: 0.7962 +- 0.0156
133,  0 | TrAcc: 0.8233, TrLoss:  0.84375, VaAcc: 0.7238, VaLoss:  2.53499	 10 sampled NNs | VaAcc: 0.7425 +- 0.0076 | VaLoss: 0.7824 +- 0.0143
134,  0 | TrAcc: 0.8080, TrLoss:  0.86548, VaAcc: 0.7227, VaLoss:  2.57983	 10 sampled NNs | VaAcc: 0.7407 +- 0.0089 | VaLoss: 0.8230 +- 0.0247
135,  0 | TrAcc: 0.7983, TrLoss:  0.89751, VaAcc: 0.7184, VaLoss:  2.59336	 10 sampled NNs | VaAcc: 0.7354 +- 0.0069 | VaLoss: 0.8320 +- 0.0150
136,  0 | TrAcc: 0.7881, TrLoss:  0.91025, VaAcc: 0.7282, VaLoss:  2.54224	 10 sampled NNs | VaAcc: 0.7402 +- 0.0064 | VaLoss: 0.8007 +- 0.0179
137,  0 | TrAcc: 0.7949, TrLoss:  0.91749, VaAcc: 0.7234, VaLoss:  2.57676	 10 sampled NNs | VaAcc: 0.7361 +- 0.0060 | VaLoss: 0.8214 +- 0.0096
138,  0 | TrAcc: 0.8033, TrLoss:  0.89827, VaAcc: 0.7199, VaLoss:  2.57633	 10 sampled NNs | VaAcc: 0.7315 +- 0.0095 | VaLoss: 0.8248 +- 0.0216
139,  0 | TrAcc: 0.8155, TrLoss:  0.86317, VaAcc: 0.7223, VaLoss:  2.56545	 10 sampled NNs | VaAcc: 0.7350 +- 0.0071 | VaLoss: 0.8013 +- 0.0183
140,  0 | TrAcc: 0.8048, TrLoss:  0.87311, VaAcc: 0.7166, VaLoss:  2.56752	 10 sampled NNs | VaAcc: 0.7250 +- 0.0057 | VaLoss: 0.8144 +- 0.0212
141,  0 | TrAcc: 0.7970, TrLoss:  0.90768, VaAcc: 0.7228, VaLoss:  2.54576	 10 sampled NNs | VaAcc: 0.7376 +- 0.0080 | VaLoss: 0.7726 +- 0.0185
142,  0 | TrAcc: 0.8098, TrLoss:  0.86497, VaAcc: 0.7206, VaLoss:  2.55565	 10 sampled NNs | VaAcc: 0.7350 +- 0.0078 | VaLoss: 0.7937 +- 0.0238
143,  0 | TrAcc: 0.8008, TrLoss:  0.89204, VaAcc: 0.7181, VaLoss:  2.56709	 10 sampled NNs | VaAcc: 0.7330 +- 0.0070 | VaLoss: 0.8260 +- 0.0261
144,  0 | TrAcc: 0.7914, TrLoss:  0.92091, VaAcc: 0.7191, VaLoss:  2.56223	 10 sampled NNs | VaAcc: 0.7335 +- 0.0054 | VaLoss: 0.8007 +- 0.0196
145,  0 | TrAcc: 0.8020, TrLoss:  0.88614, VaAcc: 0.7239, VaLoss:  2.55567	 10 sampled NNs | VaAcc: 0.7401 +- 0.0059 | VaLoss: 0.7929 +- 0.0158
146,  0 | TrAcc: 0.8013, TrLoss:  0.88062, VaAcc: 0.7238, VaLoss:  2.55514	 10 sampled NNs | VaAcc: 0.7404 +- 0.0071 | VaLoss: 0.7979 +- 0.0202
147,  0 | TrAcc: 0.8071, TrLoss:  0.86102, VaAcc: 0.7200, VaLoss:  2.55347	 10 sampled NNs | VaAcc: 0.7290 +- 0.0043 | VaLoss: 0.7992 +- 0.0151
148,  0 | TrAcc: 0.7981, TrLoss:  0.89829, VaAcc: 0.7314, VaLoss:  2.52137	 10 sampled NNs | VaAcc: 0.7417 +- 0.0060 | VaLoss: 0.7721 +- 0.0133
149,  0 | TrAcc: 0.7789, TrLoss:  0.94804, VaAcc: 0.7334, VaLoss:  2.49205	 10 sampled NNs | VaAcc: 0.7441 +- 0.0091 | VaLoss: 0.7404 +- 0.0140
150,  0 | TrAcc: 0.8028, TrLoss:  0.89366, VaAcc: 0.7397, VaLoss:  2.50513	 10 sampled NNs | VaAcc: 0.7551 +- 0.0050 | VaLoss: 0.7436 +- 0.0161
151,  0 | TrAcc: 0.7925, TrLoss:  0.92080, VaAcc: 0.7284, VaLoss:  2.54203	 10 sampled NNs | VaAcc: 0.7401 +- 0.0070 | VaLoss: 0.7939 +- 0.0149
152,  0 | TrAcc: 0.7881, TrLoss:  0.92932, VaAcc: 0.7122, VaLoss:  2.59104	 10 sampled NNs | VaAcc: 0.7270 +- 0.0094 | VaLoss: 0.8222 +- 0.0206
153,  0 | TrAcc: 0.8209, TrLoss:  0.85790, VaAcc: 0.7223, VaLoss:  2.59245	 10 sampled NNs | VaAcc: 0.7400 +- 0.0056 | VaLoss: 0.8222 +- 0.0121
154,  0 | TrAcc: 0.8098, TrLoss:  0.87730, VaAcc: 0.7288, VaLoss:  2.56770	 10 sampled NNs | VaAcc: 0.7453 +- 0.0061 | VaLoss: 0.7928 +- 0.0163
155,  0 | TrAcc: 0.8061, TrLoss:  0.86991, VaAcc: 0.7258, VaLoss:  2.54526	 10 sampled NNs | VaAcc: 0.7412 +- 0.0042 | VaLoss: 0.7759 +- 0.0099
156,  0 | TrAcc: 0.8028, TrLoss:  0.89435, VaAcc: 0.7251, VaLoss:  2.54692	 10 sampled NNs | VaAcc: 0.7435 +- 0.0045 | VaLoss: 0.7768 +- 0.0175
157,  0 | TrAcc: 0.8165, TrLoss:  0.85005, VaAcc: 0.7235, VaLoss:  2.57664	 10 sampled NNs | VaAcc: 0.7354 +- 0.0060 | VaLoss: 0.8288 +- 0.0191
158,  0 | TrAcc: 0.8043, TrLoss:  0.90078, VaAcc: 0.7216, VaLoss:  2.58449	 10 sampled NNs | VaAcc: 0.7389 +- 0.0084 | VaLoss: 0.8249 +- 0.0204
159,  0 | TrAcc: 0.8093, TrLoss:  0.89096, VaAcc: 0.7270, VaLoss:  2.55974	 10 sampled NNs | VaAcc: 0.7424 +- 0.0055 | VaLoss: 0.7971 +- 0.0138
160,  0 | TrAcc: 0.8029, TrLoss:  0.88309, VaAcc: 0.7438, VaLoss:  2.50844	 10 sampled NNs | VaAcc: 0.7562 +- 0.0093 | VaLoss: 0.7574 +- 0.0280
161,  0 | TrAcc: 0.7889, TrLoss:  0.94218, VaAcc: 0.7357, VaLoss:  2.52272	 10 sampled NNs | VaAcc: 0.7481 +- 0.0080 | VaLoss: 0.7736 +- 0.0227
162,  0 | TrAcc: 0.7954, TrLoss:  0.91786, VaAcc: 0.7374, VaLoss:  2.53678	 10 sampled NNs | VaAcc: 0.7542 +- 0.0043 | VaLoss: 0.7728 +- 0.0111
163,  0 | TrAcc: 0.8083, TrLoss:  0.87761, VaAcc: 0.7322, VaLoss:  2.54580	 10 sampled NNs | VaAcc: 0.7470 +- 0.0094 | VaLoss: 0.7949 +- 0.0262
164,  0 | TrAcc: 0.7897, TrLoss:  0.92458, VaAcc: 0.7270, VaLoss:  2.56844	 10 sampled NNs | VaAcc: 0.7416 +- 0.0065 | VaLoss: 0.8005 +- 0.0227
165,  0 | TrAcc: 0.7885, TrLoss:  0.91846, VaAcc: 0.7192, VaLoss:  2.54651	 10 sampled NNs | VaAcc: 0.7307 +- 0.0053 | VaLoss: 0.8044 +- 0.0144
166,  0 | TrAcc: 0.8088, TrLoss:  0.87621, VaAcc: 0.7196, VaLoss:  2.56651	 10 sampled NNs | VaAcc: 0.7394 +- 0.0068 | VaLoss: 0.8001 +- 0.0197
167,  0 | TrAcc: 0.7864, TrLoss:  0.94715, VaAcc: 0.7224, VaLoss:  2.57055	 10 sampled NNs | VaAcc: 0.7356 +- 0.0059 | VaLoss: 0.8137 +- 0.0112
168,  0 | TrAcc: 0.7964, TrLoss:  0.90160, VaAcc: 0.7290, VaLoss:  2.53955	 10 sampled NNs | VaAcc: 0.7442 +- 0.0034 | VaLoss: 0.7991 +- 0.0126
169,  0 | TrAcc: 0.8128, TrLoss:  0.88126, VaAcc: 0.7319, VaLoss:  2.56587	 10 sampled NNs | VaAcc: 0.7443 +- 0.0087 | VaLoss: 0.8075 +- 0.0205
170,  0 | TrAcc: 0.8111, TrLoss:  0.86593, VaAcc: 0.7250, VaLoss:  2.56021	 10 sampled NNs | VaAcc: 0.7335 +- 0.0060 | VaLoss: 0.8240 +- 0.0228
171,  0 | TrAcc: 0.7873, TrLoss:  0.94508, VaAcc: 0.7274, VaLoss:  2.54438	 10 sampled NNs | VaAcc: 0.7403 +- 0.0052 | VaLoss: 0.8009 +- 0.0241
172,  0 | TrAcc: 0.8004, TrLoss:  0.89079, VaAcc: 0.7309, VaLoss:  2.53069	 10 sampled NNs | VaAcc: 0.7440 +- 0.0050 | VaLoss: 0.7691 +- 0.0196
173,  0 | TrAcc: 0.7935, TrLoss:  0.91031, VaAcc: 0.7191, VaLoss:  2.59172	 10 sampled NNs | VaAcc: 0.7318 +- 0.0085 | VaLoss: 0.8325 +- 0.0184
174,  0 | TrAcc: 0.8195, TrLoss:  0.85553, VaAcc: 0.7346, VaLoss:  2.55180	 10 sampled NNs | VaAcc: 0.7513 +- 0.0051 | VaLoss: 0.7834 +- 0.0174
175,  0 | TrAcc: 0.7856, TrLoss:  0.94436, VaAcc: 0.7207, VaLoss:  2.59169	 10 sampled NNs | VaAcc: 0.7373 +- 0.0057 | VaLoss: 0.8293 +- 0.0172
176,  0 | TrAcc: 0.8151, TrLoss:  0.86300, VaAcc: 0.7172, VaLoss:  2.60701	 10 sampled NNs | VaAcc: 0.7278 +- 0.0054 | VaLoss: 0.8500 +- 0.0207
177,  0 | TrAcc: 0.8149, TrLoss:  0.85228, VaAcc: 0.7164, VaLoss:  2.61349	 10 sampled NNs | VaAcc: 0.7297 +- 0.0069 | VaLoss: 0.8505 +- 0.0213
178,  0 | TrAcc: 0.7996, TrLoss:  0.91180, VaAcc: 0.7312, VaLoss:  2.57821	 10 sampled NNs | VaAcc: 0.7463 +- 0.0057 | VaLoss: 0.7980 +- 0.0193
179,  0 | TrAcc: 0.8118, TrLoss:  0.85913, VaAcc: 0.7127, VaLoss:  2.61014	 10 sampled NNs | VaAcc: 0.7259 +- 0.0048 | VaLoss: 0.8486 +- 0.0224
180,  0 | TrAcc: 0.8175, TrLoss:  0.86817, VaAcc: 0.7190, VaLoss:  2.57486	 10 sampled NNs | VaAcc: 0.7295 +- 0.0041 | VaLoss: 0.8307 +- 0.0232
181,  0 | TrAcc: 0.8142, TrLoss:  0.84629, VaAcc: 0.7196, VaLoss:  2.59508	 10 sampled NNs | VaAcc: 0.7373 +- 0.0086 | VaLoss: 0.8401 +- 0.0270
182,  0 | TrAcc: 0.8100, TrLoss:  0.87654, VaAcc: 0.7211, VaLoss:  2.57443	 10 sampled NNs | VaAcc: 0.7366 +- 0.0120 | VaLoss: 0.8246 +- 0.0351
183,  0 | TrAcc: 0.8090, TrLoss:  0.87902, VaAcc: 0.7162, VaLoss:  2.60448	 10 sampled NNs | VaAcc: 0.7257 +- 0.0070 | VaLoss: 0.8324 +- 0.0207
184,  0 | TrAcc: 0.8016, TrLoss:  0.89467, VaAcc: 0.7228, VaLoss:  2.57745	 10 sampled NNs | VaAcc: 0.7395 +- 0.0067 | VaLoss: 0.8031 +- 0.0140
185,  0 | TrAcc: 0.7959, TrLoss:  0.91073, VaAcc: 0.7140, VaLoss:  2.59529	 10 sampled NNs | VaAcc: 0.7234 +- 0.0083 | VaLoss: 0.8430 +- 0.0304
186,  0 | TrAcc: 0.8079, TrLoss:  0.89373, VaAcc: 0.7284, VaLoss:  2.54727	 10 sampled NNs | VaAcc: 0.7411 +- 0.0074 | VaLoss: 0.7952 +- 0.0204
187,  0 | TrAcc: 0.8116, TrLoss:  0.88492, VaAcc: 0.7379, VaLoss:  2.52394	 10 sampled NNs | VaAcc: 0.7528 +- 0.0078 | VaLoss: 0.7504 +- 0.0178
188,  0 | TrAcc: 0.7923, TrLoss:  0.90613, VaAcc: 0.7319, VaLoss:  2.55048	 10 sampled NNs | VaAcc: 0.7483 +- 0.0069 | VaLoss: 0.7938 +- 0.0253
189,  0 | TrAcc: 0.7865, TrLoss:  0.92903, VaAcc: 0.7316, VaLoss:  2.57271	 10 sampled NNs | VaAcc: 0.7472 +- 0.0052 | VaLoss: 0.8090 +- 0.0125
190,  0 | TrAcc: 0.8050, TrLoss:  0.88522, VaAcc: 0.7187, VaLoss:  2.56396	 10 sampled NNs | VaAcc: 0.7357 +- 0.0055 | VaLoss: 0.7959 +- 0.0146
191,  0 | TrAcc: 0.7930, TrLoss:  0.91751, VaAcc: 0.7154, VaLoss:  2.61709	 10 sampled NNs | VaAcc: 0.7300 +- 0.0050 | VaLoss: 0.8397 +- 0.0178
192,  0 | TrAcc: 0.8036, TrLoss:  0.87533, VaAcc: 0.7141, VaLoss:  2.63682	 10 sampled NNs | VaAcc: 0.7347 +- 0.0050 | VaLoss: 0.8481 +- 0.0206
193,  0 | TrAcc: 0.7994, TrLoss:  0.90315, VaAcc: 0.7236, VaLoss:  2.58317	 10 sampled NNs | VaAcc: 0.7402 +- 0.0056 | VaLoss: 0.8117 +- 0.0219
194,  0 | TrAcc: 0.8109, TrLoss:  0.87890, VaAcc: 0.7239, VaLoss:  2.58642	 10 sampled NNs | VaAcc: 0.7376 +- 0.0054 | VaLoss: 0.8002 +- 0.0154
195,  0 | TrAcc: 0.8105, TrLoss:  0.87510, VaAcc: 0.7202, VaLoss:  2.60443	 10 sampled NNs | VaAcc: 0.7321 +- 0.0095 | VaLoss: 0.8356 +- 0.0212
196,  0 | TrAcc: 0.8042, TrLoss:  0.89314, VaAcc: 0.7150, VaLoss:  2.60517	 10 sampled NNs | VaAcc: 0.7283 +- 0.0036 | VaLoss: 0.8307 +- 0.0154
197,  0 | TrAcc: 0.8191, TrLoss:  0.85008, VaAcc: 0.7207, VaLoss:  2.56803	 10 sampled NNs | VaAcc: 0.7356 +- 0.0043 | VaLoss: 0.7998 +- 0.0158
198,  0 | TrAcc: 0.8003, TrLoss:  0.89010, VaAcc: 0.7276, VaLoss:  2.57052	 10 sampled NNs | VaAcc: 0.7404 +- 0.0056 | VaLoss: 0.7888 +- 0.0219
199,  0 | TrAcc: 0.8043, TrLoss:  0.89864, VaAcc: 0.7125, VaLoss:  2.62767	 10 sampled NNs | VaAcc: 0.7288 +- 0.0057 | VaLoss: 0.8471 +- 0.0141
9678.627161
----------------------------
