

config:

HOME=/clusterFS/home/student/kopp13
PATH=/clusterFS/home/student/kopp13/miniconda3/envs/tensorflow/bin:/clusterFS/home/student/kopp13/miniconda3/bin:/clusterFS/home/student/kopp13/bin:/usr/local/bin:/usr/bin:/bin:/usr/local/games:/usr/games
LD_LIBRARY_PATH=
THEANO_FLAGS=floatX=float32,gpuarray.preallocate=0.9,dnn.library_path=/usr/lib/x86_64-linux-gnu,cxx=clang++-3.8,device=cuda,base_compiledir=/tmp/tmp.AtKSz6jIBY

=============================
CONFIG FILE

RNN CONFIG
{'data_multiplier': 0.2,
 'gradient_clip_value': 0.5,
 'layer_configs': [{'layer_type': 'input'},
                   {'bc': {'init_m': 'xavier',
                           'init_v': -4.5,
                           'prior_m': 0.0,
                           'prior_v': 0.0,
                           'type': 'continuous'},
                    'bf': {'init_m': 'xavier',
                           'init_v': -4.5,
                           'prior_m': 0.0,
                           'prior_v': 0.0,
                           'type': 'continuous'},
                    'bi': {'init_m': 'xavier',
                           'init_v': -4.5,
                           'prior_m': 0.0,
                           'prior_v': 0.0,
                           'type': 'continuous'},
                    'bo': {'init_m': 'xavier',
                           'init_v': -4.5,
                           'prior_m': 0.0,
                           'prior_v': 0.0,
                           'type': 'continuous'},
                    'discrete_act': True,
                    'init_config': {'c': {'b': 'all_zero', 'w': 'xavier'},
                                    'f': {'b': 'all_one', 'w': 'all_zero'},
                                    'i': {'b': 'all_zero', 'w': 'xavier'},
                                    'o': {'b': 'all_zero', 'w': 'xavier'}},
                    'is_output': False,
                    'is_recurrent': True,
                    'layer_type': 'lstm',
                    'tau': 0.8,
                    'var_scope': 'lstm_0',
                    'wc': {'p0max': 0.95,
                           'p0min': 0.05,
                           'pmax': 0.99,
                           'pmin': 0.01,
                           'priors': [0.1, 0.8, 0.1],
                           'type': 'ternary'},
                    'wf': {'p0max': 0.95,
                           'p0min': 0.05,
                           'pmax': 0.99,
                           'pmin': 0.01,
                           'priors': [0.1, 0.8, 0.1],
                           'type': 'ternary'},
                    'wi': {'p0max': 0.95,
                           'p0min': 0.05,
                           'pmax': 0.99,
                           'pmin': 0.01,
                           'priors': [0.1, 0.8, 0.1],
                           'type': 'ternary'},
                    'wo': {'p0max': 0.95,
                           'p0min': 0.05,
                           'pmax': 0.99,
                           'pmin': 0.01,
                           'priors': [0.1, 0.8, 0.1],
                           'type': 'ternary'}},
                   {'bc': {'init_m': 'xavier',
                           'init_v': -4.5,
                           'prior_m': 0.0,
                           'prior_v': 0.0,
                           'type': 'continuous'},
                    'bf': {'init_m': 'xavier',
                           'init_v': -4.5,
                           'prior_m': 0.0,
                           'prior_v': 0.0,
                           'type': 'continuous'},
                    'bi': {'init_m': 'xavier',
                           'init_v': -4.5,
                           'prior_m': 0.0,
                           'prior_v': 0.0,
                           'type': 'continuous'},
                    'bo': {'init_m': 'xavier',
                           'init_v': -4.5,
                           'prior_m': 0.0,
                           'prior_v': 0.0,
                           'type': 'continuous'},
                    'discrete_act': True,
                    'init_config': {'c': {'b': 'all_zero', 'w': 'xavier'},
                                    'f': {'b': 'all_one', 'w': 'all_zero'},
                                    'i': {'b': 'all_zero', 'w': 'xavier'},
                                    'o': {'b': 'all_zero', 'w': 'xavier'}},
                    'is_output': False,
                    'is_recurrent': True,
                    'layer_type': 'lstm',
                    'tau': 0.8,
                    'var_scope': 'lstm_1',
                    'wc': {'p0max': 0.95,
                           'p0min': 0.05,
                           'pmax': 0.99,
                           'pmin': 0.01,
                           'priors': [0.1, 0.8, 0.1],
                           'type': 'ternary'},
                    'wf': {'p0max': 0.95,
                           'p0min': 0.05,
                           'pmax': 0.99,
                           'pmin': 0.01,
                           'priors': [0.1, 0.8, 0.1],
                           'type': 'ternary'},
                    'wi': {'p0max': 0.95,
                           'p0min': 0.05,
                           'pmax': 0.99,
                           'pmin': 0.01,
                           'priors': [0.1, 0.8, 0.1],
                           'type': 'ternary'},
                    'wo': {'p0max': 0.95,
                           'p0min': 0.05,
                           'pmax': 0.99,
                           'pmin': 0.01,
                           'priors': [0.1, 0.8, 0.1],
                           'type': 'ternary'}},
                   {'b': {'init_m': 'xavier',
                          'init_v': -4.5,
                          'prior_m': 0.0,
                          'prior_v': 0.0,
                          'type': 'continuous'},
                    'is_output': True,
                    'is_recurrent': False,
                    'layer_type': 'fc',
                    'regularization': {'mode': None, 'strength': 0.02},
                    'tau': 0.8,
                    'var_scope': 'output_layer',
                    'w': {'p0max': 0.95,
                          'p0min': 0.05,
                          'pmax': 0.99,
                          'pmin': 0.01,
                          'priors': [0.1, 0.8, 0.1],
                          'type': 'ternary'}}],
 'layout': [4, 60, 60, 10],
 'output_type': 'classification'}

DATA CONFIG
{'dataset': 'red_penstroke',
 'tr': {'in_seq_len': 30,
        'minibatch_enabled': True,
        'minibatch_size': 200,
        'out_seq_len': 5,
        'zero_padding': 20},
 'va': {'in_seq_len': 30,
        'minibatch_enabled': True,
        'minibatch_size': 200,
        'out_seq_len': 5,
        'zero_padding': 20}}

TRAINING CONFIG
{'beta_reg': 0.0,
 'is_pretrain': False,
 'learning_rate': 0.002,
 'mode': {'max_epochs': 400, 'min_error': 0.0, 'name': 'classic'},
 'task_id': 1,
 'type': 'l_sampling',
 'var_reg': 0.0}
==============================


  0,  0 | TrAcc: 0.0976, TrLoss:  2.73959, VaAcc: 0.1012, VaLoss:  3.44723	 20 sampled NNs | VaAcc: 0.0990 +- 0.0103 | VaLoss: 3.3385 +- 0.1362
  1,  0 | TrAcc: 0.1497, TrLoss:  2.37803, VaAcc: 0.1034, VaLoss:  2.96747	 20 sampled NNs | VaAcc: 0.0996 +- 0.0122 | VaLoss: 2.6755 +- 0.0808
  2,  0 | TrAcc: 0.1437, TrLoss:  2.30935, VaAcc: 0.1335, VaLoss:  2.65270	 20 sampled NNs | VaAcc: 0.1065 +- 0.0139 | VaLoss: 2.4458 +- 0.0861
  3,  0 | TrAcc: 0.1797, TrLoss:  2.17505, VaAcc: 0.1764, VaLoss:  2.43106	 20 sampled NNs | VaAcc: 0.1069 +- 0.0152 | VaLoss: 2.4865 +- 0.1291
  4,  0 | TrAcc: 0.2429, TrLoss:  2.05516, VaAcc: 0.2465, VaLoss:  2.30099	 20 sampled NNs | VaAcc: 0.1066 +- 0.0164 | VaLoss: 2.5638 +- 0.1161
  5,  0 | TrAcc: 0.3247, TrLoss:  1.83773, VaAcc: 0.3395, VaLoss:  2.06021	 20 sampled NNs | VaAcc: 0.1327 +- 0.0147 | VaLoss: 2.5072 +- 0.0859
  6,  0 | TrAcc: 0.3215, TrLoss:  1.81139, VaAcc: 0.3329, VaLoss:  2.01546	 20 sampled NNs | VaAcc: 0.1261 +- 0.0219 | VaLoss: 2.5659 +- 0.0885
  7,  0 | TrAcc: 0.3458, TrLoss:  1.77010, VaAcc: 0.3553, VaLoss:  1.97941	 20 sampled NNs | VaAcc: 0.1381 +- 0.0224 | VaLoss: 2.5412 +- 0.1602
  8,  0 | TrAcc: 0.3521, TrLoss:  1.74261, VaAcc: 0.3982, VaLoss:  1.93801	 20 sampled NNs | VaAcc: 0.1381 +- 0.0238 | VaLoss: 2.5128 +- 0.1056
  9,  0 | TrAcc: 0.3762, TrLoss:  1.67136, VaAcc: 0.4353, VaLoss:  1.89144	 20 sampled NNs | VaAcc: 0.1276 +- 0.0312 | VaLoss: 2.4686 +- 0.1057
 10,  0 | TrAcc: 0.4089, TrLoss:  1.63116, VaAcc: 0.4323, VaLoss:  1.88223	 20 sampled NNs | VaAcc: 0.1427 +- 0.0328 | VaLoss: 2.5054 +- 0.1596
 11,  0 | TrAcc: 0.4271, TrLoss:  1.61091, VaAcc: 0.4484, VaLoss:  1.85217	 20 sampled NNs | VaAcc: 0.1504 +- 0.0228 | VaLoss: 2.4994 +- 0.1095
 12,  0 | TrAcc: 0.4411, TrLoss:  1.56009, VaAcc: 0.4777, VaLoss:  1.85600	 20 sampled NNs | VaAcc: 0.1853 +- 0.0413 | VaLoss: 2.3294 +- 0.1504
 13,  0 | TrAcc: 0.4365, TrLoss:  1.59425, VaAcc: 0.4705, VaLoss:  1.86734	 20 sampled NNs | VaAcc: 0.1811 +- 0.0389 | VaLoss: 2.4013 +- 0.1434
 14,  0 | TrAcc: 0.4651, TrLoss:  1.55515, VaAcc: 0.4794, VaLoss:  1.86235	 20 sampled NNs | VaAcc: 0.1934 +- 0.0366 | VaLoss: 2.3254 +- 0.1202
 15,  0 | TrAcc: 0.4826, TrLoss:  1.49684, VaAcc: 0.4746, VaLoss:  1.88470	 20 sampled NNs | VaAcc: 0.1596 +- 0.0277 | VaLoss: 2.4829 +- 0.0959
 16,  0 | TrAcc: 0.4824, TrLoss:  1.45631, VaAcc: 0.4973, VaLoss:  1.84660	 20 sampled NNs | VaAcc: 0.1794 +- 0.0315 | VaLoss: 2.4102 +- 0.1533
 17,  0 | TrAcc: 0.4770, TrLoss:  1.50168, VaAcc: 0.4972, VaLoss:  1.86364	 20 sampled NNs | VaAcc: 0.1855 +- 0.0372 | VaLoss: 2.4112 +- 0.1236
 18,  0 | TrAcc: 0.5066, TrLoss:  1.42299, VaAcc: 0.5009, VaLoss:  1.84110	 20 sampled NNs | VaAcc: 0.1989 +- 0.0201 | VaLoss: 2.3029 +- 0.1164
 19,  0 | TrAcc: 0.5124, TrLoss:  1.42054, VaAcc: 0.4958, VaLoss:  1.86312	 20 sampled NNs | VaAcc: 0.1994 +- 0.0343 | VaLoss: 2.3802 +- 0.1613
 20,  0 | TrAcc: 0.5091, TrLoss:  1.41610, VaAcc: 0.5079, VaLoss:  1.85597	 20 sampled NNs | VaAcc: 0.2169 +- 0.0268 | VaLoss: 2.2980 +- 0.1138
 21,  0 | TrAcc: 0.5299, TrLoss:  1.40427, VaAcc: 0.5394, VaLoss:  1.82096	 20 sampled NNs | VaAcc: 0.2079 +- 0.0320 | VaLoss: 2.3376 +- 0.1229
 22,  0 | TrAcc: 0.5309, TrLoss:  1.37425, VaAcc: 0.5063, VaLoss:  1.87594	 20 sampled NNs | VaAcc: 0.2180 +- 0.0373 | VaLoss: 2.2987 +- 0.1478
 23,  0 | TrAcc: 0.5405, TrLoss:  1.38070, VaAcc: 0.5351, VaLoss:  1.85950	 20 sampled NNs | VaAcc: 0.2171 +- 0.0424 | VaLoss: 2.3099 +- 0.1372
 24,  0 | TrAcc: 0.5513, TrLoss:  1.36885, VaAcc: 0.5343, VaLoss:  1.85418	 20 sampled NNs | VaAcc: 0.2227 +- 0.0326 | VaLoss: 2.2669 +- 0.1140
 25,  0 | TrAcc: 0.5570, TrLoss:  1.34216, VaAcc: 0.5630, VaLoss:  1.81049	 20 sampled NNs | VaAcc: 0.2260 +- 0.0392 | VaLoss: 2.2134 +- 0.1059
 26,  0 | TrAcc: 0.5689, TrLoss:  1.34638, VaAcc: 0.5669, VaLoss:  1.81842	 20 sampled NNs | VaAcc: 0.2391 +- 0.0446 | VaLoss: 2.2784 +- 0.1562
 27,  0 | TrAcc: 0.5680, TrLoss:  1.35650, VaAcc: 0.5594, VaLoss:  1.83820	 20 sampled NNs | VaAcc: 0.2398 +- 0.0409 | VaLoss: 2.2756 +- 0.1438
 28,  0 | TrAcc: 0.5614, TrLoss:  1.34411, VaAcc: 0.5384, VaLoss:  1.86808	 20 sampled NNs | VaAcc: 0.2540 +- 0.0476 | VaLoss: 2.2046 +- 0.1553
 29,  0 | TrAcc: 0.5551, TrLoss:  1.35900, VaAcc: 0.5369, VaLoss:  1.86003	 20 sampled NNs | VaAcc: 0.2658 +- 0.0494 | VaLoss: 2.1347 +- 0.1445
 30,  0 | TrAcc: 0.5643, TrLoss:  1.32401, VaAcc: 0.5537, VaLoss:  1.85241	 20 sampled NNs | VaAcc: 0.2280 +- 0.0364 | VaLoss: 2.2604 +- 0.1448
 31,  0 | TrAcc: 0.5531, TrLoss:  1.35102, VaAcc: 0.5393, VaLoss:  1.87279	 20 sampled NNs | VaAcc: 0.2310 +- 0.0518 | VaLoss: 2.2466 +- 0.1666
 32,  0 | TrAcc: 0.6001, TrLoss:  1.25968, VaAcc: 0.5706, VaLoss:  1.82863	 20 sampled NNs | VaAcc: 0.2722 +- 0.0499 | VaLoss: 2.1026 +- 0.1177
 33,  0 | TrAcc: 0.5771, TrLoss:  1.28670, VaAcc: 0.5690, VaLoss:  1.84461	 20 sampled NNs | VaAcc: 0.2559 +- 0.0393 | VaLoss: 2.1703 +- 0.1235
 34,  0 | TrAcc: 0.5774, TrLoss:  1.32031, VaAcc: 0.5616, VaLoss:  1.87151	 20 sampled NNs | VaAcc: 0.2674 +- 0.0391 | VaLoss: 2.1611 +- 0.1329
 35,  0 | TrAcc: 0.5922, TrLoss:  1.27530, VaAcc: 0.5609, VaLoss:  1.85481	 20 sampled NNs | VaAcc: 0.2717 +- 0.0394 | VaLoss: 2.1456 +- 0.1473
 36,  0 | TrAcc: 0.6032, TrLoss:  1.23629, VaAcc: 0.5463, VaLoss:  1.87510	 20 sampled NNs | VaAcc: 0.2625 +- 0.0464 | VaLoss: 2.1900 +- 0.1972
 37,  0 | TrAcc: 0.5744, TrLoss:  1.30818, VaAcc: 0.5763, VaLoss:  1.84683	 20 sampled NNs | VaAcc: 0.2722 +- 0.0402 | VaLoss: 2.1404 +- 0.1352
 38,  0 | TrAcc: 0.5885, TrLoss:  1.28964, VaAcc: 0.5592, VaLoss:  1.85494	 20 sampled NNs | VaAcc: 0.2720 +- 0.0434 | VaLoss: 2.1476 +- 0.1782
 39,  0 | TrAcc: 0.5733, TrLoss:  1.33431, VaAcc: 0.5597, VaLoss:  1.86454	 20 sampled NNs | VaAcc: 0.2664 +- 0.0402 | VaLoss: 2.1918 +- 0.1698
 40,  0 | TrAcc: 0.6060, TrLoss:  1.25154, VaAcc: 0.5744, VaLoss:  1.83669	 20 sampled NNs | VaAcc: 0.2767 +- 0.0332 | VaLoss: 2.1247 +- 0.1571
 41,  0 | TrAcc: 0.5805, TrLoss:  1.30853, VaAcc: 0.5632, VaLoss:  1.83037	 20 sampled NNs | VaAcc: 0.2866 +- 0.0464 | VaLoss: 2.1161 +- 0.1430
 42,  0 | TrAcc: 0.6008, TrLoss:  1.27470, VaAcc: 0.5664, VaLoss:  1.84336	 20 sampled NNs | VaAcc: 0.2853 +- 0.0307 | VaLoss: 2.0532 +- 0.1157
 43,  0 | TrAcc: 0.5733, TrLoss:  1.31903, VaAcc: 0.5819, VaLoss:  1.83312	 20 sampled NNs | VaAcc: 0.2851 +- 0.0388 | VaLoss: 2.0737 +- 0.0946
 44,  0 | TrAcc: 0.5885, TrLoss:  1.29060, VaAcc: 0.5909, VaLoss:  1.80725	 20 sampled NNs | VaAcc: 0.2927 +- 0.0428 | VaLoss: 2.1169 +- 0.1775
 45,  0 | TrAcc: 0.6058, TrLoss:  1.22708, VaAcc: 0.5737, VaLoss:  1.84711	 20 sampled NNs | VaAcc: 0.2843 +- 0.0419 | VaLoss: 2.1037 +- 0.1416
 46,  0 | TrAcc: 0.6320, TrLoss:  1.18241, VaAcc: 0.5862, VaLoss:  1.81272	 20 sampled NNs | VaAcc: 0.3062 +- 0.0289 | VaLoss: 2.0174 +- 0.1044
 47,  0 | TrAcc: 0.6014, TrLoss:  1.29445, VaAcc: 0.5687, VaLoss:  1.83542	 20 sampled NNs | VaAcc: 0.2846 +- 0.0437 | VaLoss: 2.0875 +- 0.1275
 48,  0 | TrAcc: 0.5993, TrLoss:  1.22958, VaAcc: 0.5766, VaLoss:  1.83175	 20 sampled NNs | VaAcc: 0.2860 +- 0.0395 | VaLoss: 2.0536 +- 0.1135
 49,  0 | TrAcc: 0.5928, TrLoss:  1.29217, VaAcc: 0.6010, VaLoss:  1.79780	 20 sampled NNs | VaAcc: 0.3205 +- 0.0397 | VaLoss: 1.9758 +- 0.1008
 50,  0 | TrAcc: 0.5900, TrLoss:  1.23496, VaAcc: 0.5683, VaLoss:  1.85829	 20 sampled NNs | VaAcc: 0.3066 +- 0.0327 | VaLoss: 1.9969 +- 0.1280
 51,  0 | TrAcc: 0.5818, TrLoss:  1.31524, VaAcc: 0.6053, VaLoss:  1.80901	 20 sampled NNs | VaAcc: 0.3245 +- 0.0260 | VaLoss: 1.9902 +- 0.0986
 52,  0 | TrAcc: 0.6061, TrLoss:  1.27336, VaAcc: 0.6230, VaLoss:  1.76680	 20 sampled NNs | VaAcc: 0.3301 +- 0.0454 | VaLoss: 2.0223 +- 0.1524
 53,  0 | TrAcc: 0.5921, TrLoss:  1.28969, VaAcc: 0.5620, VaLoss:  1.86907	 20 sampled NNs | VaAcc: 0.3197 +- 0.0390 | VaLoss: 1.9981 +- 0.1345
 54,  0 | TrAcc: 0.6261, TrLoss:  1.20346, VaAcc: 0.6164, VaLoss:  1.78817	 20 sampled NNs | VaAcc: 0.3158 +- 0.0419 | VaLoss: 2.0049 +- 0.1059
 55,  0 | TrAcc: 0.6183, TrLoss:  1.22130, VaAcc: 0.5963, VaLoss:  1.81334	 20 sampled NNs | VaAcc: 0.3251 +- 0.0387 | VaLoss: 1.9777 +- 0.1421
 56,  0 | TrAcc: 0.6135, TrLoss:  1.23715, VaAcc: 0.5949, VaLoss:  1.82947	 20 sampled NNs | VaAcc: 0.3119 +- 0.0311 | VaLoss: 2.0274 +- 0.1082
 57,  0 | TrAcc: 0.6345, TrLoss:  1.17100, VaAcc: 0.6143, VaLoss:  1.78732	 20 sampled NNs | VaAcc: 0.3111 +- 0.0344 | VaLoss: 2.0045 +- 0.1383
 58,  0 | TrAcc: 0.6307, TrLoss:  1.17194, VaAcc: 0.6037, VaLoss:  1.82774	 20 sampled NNs | VaAcc: 0.3107 +- 0.0490 | VaLoss: 2.0671 +- 0.1358
 59,  0 | TrAcc: 0.6410, TrLoss:  1.16849, VaAcc: 0.6265, VaLoss:  1.77647	 20 sampled NNs | VaAcc: 0.3282 +- 0.0312 | VaLoss: 1.9745 +- 0.1217
 60,  0 | TrAcc: 0.6178, TrLoss:  1.23917, VaAcc: 0.6047, VaLoss:  1.80456	 20 sampled NNs | VaAcc: 0.3084 +- 0.0385 | VaLoss: 2.0246 +- 0.1464
 61,  0 | TrAcc: 0.6136, TrLoss:  1.25646, VaAcc: 0.6264, VaLoss:  1.79541	 20 sampled NNs | VaAcc: 0.3267 +- 0.0385 | VaLoss: 1.9670 +- 0.1336
 62,  0 | TrAcc: 0.5980, TrLoss:  1.29895, VaAcc: 0.6013, VaLoss:  1.83769	 20 sampled NNs | VaAcc: 0.3092 +- 0.0398 | VaLoss: 2.0278 +- 0.1718
 63,  0 | TrAcc: 0.6334, TrLoss:  1.19732, VaAcc: 0.6006, VaLoss:  1.83582	 20 sampled NNs | VaAcc: 0.3212 +- 0.0356 | VaLoss: 2.0163 +- 0.1556
 64,  0 | TrAcc: 0.6221, TrLoss:  1.21799, VaAcc: 0.6072, VaLoss:  1.84861	 20 sampled NNs | VaAcc: 0.3340 +- 0.0395 | VaLoss: 1.9893 +- 0.1371
 65,  0 | TrAcc: 0.6233, TrLoss:  1.20240, VaAcc: 0.6060, VaLoss:  1.83258	 20 sampled NNs | VaAcc: 0.3183 +- 0.0378 | VaLoss: 2.0312 +- 0.1401
 66,  0 | TrAcc: 0.6166, TrLoss:  1.22403, VaAcc: 0.6045, VaLoss:  1.82492	 20 sampled NNs | VaAcc: 0.3103 +- 0.0392 | VaLoss: 2.0069 +- 0.1468
 67,  0 | TrAcc: 0.6255, TrLoss:  1.20584, VaAcc: 0.6157, VaLoss:  1.80312	 20 sampled NNs | VaAcc: 0.3266 +- 0.0397 | VaLoss: 1.9634 +- 0.1099
 68,  0 | TrAcc: 0.6199, TrLoss:  1.25290, VaAcc: 0.6160, VaLoss:  1.82070	 20 sampled NNs | VaAcc: 0.3048 +- 0.0389 | VaLoss: 2.0194 +- 0.1200
 69,  0 | TrAcc: 0.6344, TrLoss:  1.18503, VaAcc: 0.6258, VaLoss:  1.79177	 20 sampled NNs | VaAcc: 0.3623 +- 0.0332 | VaLoss: 1.8790 +- 0.1227
 70,  0 | TrAcc: 0.6285, TrLoss:  1.22782, VaAcc: 0.6254, VaLoss:  1.81037	 20 sampled NNs | VaAcc: 0.3116 +- 0.0450 | VaLoss: 2.0684 +- 0.1370
 71,  0 | TrAcc: 0.6348, TrLoss:  1.17254, VaAcc: 0.6351, VaLoss:  1.77893	 20 sampled NNs | VaAcc: 0.3237 +- 0.0513 | VaLoss: 1.9814 +- 0.1323
 72,  0 | TrAcc: 0.6098, TrLoss:  1.25456, VaAcc: 0.6253, VaLoss:  1.78764	 20 sampled NNs | VaAcc: 0.3520 +- 0.0407 | VaLoss: 1.9361 +- 0.1221
 73,  0 | TrAcc: 0.6298, TrLoss:  1.20049, VaAcc: 0.6406, VaLoss:  1.78873	 20 sampled NNs | VaAcc: 0.3449 +- 0.0380 | VaLoss: 1.9285 +- 0.1388
 74,  0 | TrAcc: 0.6289, TrLoss:  1.22746, VaAcc: 0.6249, VaLoss:  1.79506	 20 sampled NNs | VaAcc: 0.3221 +- 0.0415 | VaLoss: 2.0297 +- 0.1639
 75,  0 | TrAcc: 0.6607, TrLoss:  1.14398, VaAcc: 0.6347, VaLoss:  1.78912	 20 sampled NNs | VaAcc: 0.3310 +- 0.0435 | VaLoss: 1.9467 +- 0.1452
 76,  0 | TrAcc: 0.6581, TrLoss:  1.14281, VaAcc: 0.6335, VaLoss:  1.80181	 20 sampled NNs | VaAcc: 0.3460 +- 0.0414 | VaLoss: 1.9706 +- 0.1252
 77,  0 | TrAcc: 0.6138, TrLoss:  1.26182, VaAcc: 0.6257, VaLoss:  1.78554	 20 sampled NNs | VaAcc: 0.3413 +- 0.0425 | VaLoss: 1.9279 +- 0.1378
 78,  0 | TrAcc: 0.6264, TrLoss:  1.19707, VaAcc: 0.6425, VaLoss:  1.77587	 20 sampled NNs | VaAcc: 0.3260 +- 0.0290 | VaLoss: 2.0232 +- 0.1363
 79,  0 | TrAcc: 0.6424, TrLoss:  1.19986, VaAcc: 0.6369, VaLoss:  1.78601	 20 sampled NNs | VaAcc: 0.3517 +- 0.0394 | VaLoss: 1.8923 +- 0.1289
 80,  0 | TrAcc: 0.6190, TrLoss:  1.24006, VaAcc: 0.6490, VaLoss:  1.76663	 20 sampled NNs | VaAcc: 0.3633 +- 0.0350 | VaLoss: 1.8613 +- 0.1196
 81,  0 | TrAcc: 0.6207, TrLoss:  1.21629, VaAcc: 0.6434, VaLoss:  1.77311	 20 sampled NNs | VaAcc: 0.3857 +- 0.0272 | VaLoss: 1.8059 +- 0.0743
 82,  0 | TrAcc: 0.6238, TrLoss:  1.23175, VaAcc: 0.6294, VaLoss:  1.79132	 20 sampled NNs | VaAcc: 0.3761 +- 0.0271 | VaLoss: 1.8533 +- 0.0824
 83,  0 | TrAcc: 0.6268, TrLoss:  1.20120, VaAcc: 0.6389, VaLoss:  1.79090	 20 sampled NNs | VaAcc: 0.3400 +- 0.0357 | VaLoss: 1.9325 +- 0.1485
 84,  0 | TrAcc: 0.6434, TrLoss:  1.20439, VaAcc: 0.6404, VaLoss:  1.77270	 20 sampled NNs | VaAcc: 0.3506 +- 0.0356 | VaLoss: 1.9005 +- 0.1042
 85,  0 | TrAcc: 0.6299, TrLoss:  1.22077, VaAcc: 0.6447, VaLoss:  1.79084	 20 sampled NNs | VaAcc: 0.3443 +- 0.0322 | VaLoss: 1.9133 +- 0.0925
 86,  0 | TrAcc: 0.6300, TrLoss:  1.22446, VaAcc: 0.6446, VaLoss:  1.78194	 20 sampled NNs | VaAcc: 0.3543 +- 0.0424 | VaLoss: 1.9214 +- 0.1640
 87,  0 | TrAcc: 0.6601, TrLoss:  1.11806, VaAcc: 0.6419, VaLoss:  1.76910	 20 sampled NNs | VaAcc: 0.3718 +- 0.0333 | VaLoss: 1.8678 +- 0.1006
 88,  0 | TrAcc: 0.6118, TrLoss:  1.22031, VaAcc: 0.6333, VaLoss:  1.79857	 20 sampled NNs | VaAcc: 0.3680 +- 0.0431 | VaLoss: 1.8654 +- 0.1071
 89,  0 | TrAcc: 0.6487, TrLoss:  1.16463, VaAcc: 0.6485, VaLoss:  1.76896	 20 sampled NNs | VaAcc: 0.3533 +- 0.0337 | VaLoss: 1.9100 +- 0.1332
 90,  0 | TrAcc: 0.6552, TrLoss:  1.15386, VaAcc: 0.6403, VaLoss:  1.79782	 20 sampled NNs | VaAcc: 0.3484 +- 0.0564 | VaLoss: 1.9272 +- 0.1613
 91,  0 | TrAcc: 0.6495, TrLoss:  1.16005, VaAcc: 0.6250, VaLoss:  1.80211	 20 sampled NNs | VaAcc: 0.3332 +- 0.0536 | VaLoss: 1.9467 +- 0.1797
 92,  0 | TrAcc: 0.6463, TrLoss:  1.19286, VaAcc: 0.6388, VaLoss:  1.79787	 20 sampled NNs | VaAcc: 0.3695 +- 0.0292 | VaLoss: 1.8673 +- 0.1122
 93,  0 | TrAcc: 0.6474, TrLoss:  1.18548, VaAcc: 0.6465, VaLoss:  1.76838	 20 sampled NNs | VaAcc: 0.3725 +- 0.0380 | VaLoss: 1.8599 +- 0.1285
 94,  0 | TrAcc: 0.6554, TrLoss:  1.15213, VaAcc: 0.6480, VaLoss:  1.78432	 20 sampled NNs | VaAcc: 0.3569 +- 0.0394 | VaLoss: 1.9301 +- 0.1784
 95,  0 | TrAcc: 0.6550, TrLoss:  1.15714, VaAcc: 0.6347, VaLoss:  1.80444	 20 sampled NNs | VaAcc: 0.3744 +- 0.0406 | VaLoss: 1.8413 +- 0.1134
 96,  0 | TrAcc: 0.6419, TrLoss:  1.18101, VaAcc: 0.6409, VaLoss:  1.79388	 20 sampled NNs | VaAcc: 0.3663 +- 0.0421 | VaLoss: 1.8761 +- 0.1123
 97,  0 | TrAcc: 0.6474, TrLoss:  1.16233, VaAcc: 0.6486, VaLoss:  1.76930	 20 sampled NNs | VaAcc: 0.3603 +- 0.0491 | VaLoss: 1.9195 +- 0.1589
 98,  0 | TrAcc: 0.6357, TrLoss:  1.17963, VaAcc: 0.6288, VaLoss:  1.80914	 20 sampled NNs | VaAcc: 0.3431 +- 0.0362 | VaLoss: 1.9611 +- 0.1438
 99,  0 | TrAcc: 0.6450, TrLoss:  1.16722, VaAcc: 0.6321, VaLoss:  1.82237	 20 sampled NNs | VaAcc: 0.3364 +- 0.0390 | VaLoss: 1.9447 +- 0.1462
100,  0 | TrAcc: 0.6419, TrLoss:  1.18067, VaAcc: 0.6421, VaLoss:  1.79005	 20 sampled NNs | VaAcc: 0.3545 +- 0.0441 | VaLoss: 1.9049 +- 0.1562
101,  0 | TrAcc: 0.6531, TrLoss:  1.13808, VaAcc: 0.6423, VaLoss:  1.78873	 20 sampled NNs | VaAcc: 0.3618 +- 0.0352 | VaLoss: 1.8971 +- 0.0874
102,  0 | TrAcc: 0.6548, TrLoss:  1.18056, VaAcc: 0.6344, VaLoss:  1.79833	 20 sampled NNs | VaAcc: 0.3737 +- 0.0397 | VaLoss: 1.8203 +- 0.1078
103,  0 | TrAcc: 0.6366, TrLoss:  1.20989, VaAcc: 0.6382, VaLoss:  1.79760	 20 sampled NNs | VaAcc: 0.3500 +- 0.0430 | VaLoss: 1.9118 +- 0.1473
104,  0 | TrAcc: 0.6650, TrLoss:  1.14459, VaAcc: 0.6464, VaLoss:  1.79926	 20 sampled NNs | VaAcc: 0.3550 +- 0.0299 | VaLoss: 1.9037 +- 0.0923
105,  0 | TrAcc: 0.6577, TrLoss:  1.15627, VaAcc: 0.6559, VaLoss:  1.79236	 20 sampled NNs | VaAcc: 0.3550 +- 0.0382 | VaLoss: 1.8804 +- 0.1283
106,  0 | TrAcc: 0.6616, TrLoss:  1.12251, VaAcc: 0.6602, VaLoss:  1.75865	 20 sampled NNs | VaAcc: 0.3754 +- 0.0332 | VaLoss: 1.8600 +- 0.1118
107,  0 | TrAcc: 0.6503, TrLoss:  1.15043, VaAcc: 0.6078, VaLoss:  1.88399	 20 sampled NNs | VaAcc: 0.3414 +- 0.0514 | VaLoss: 1.9231 +- 0.1395
108,  0 | TrAcc: 0.6649, TrLoss:  1.13713, VaAcc: 0.6446, VaLoss:  1.78873	 20 sampled NNs | VaAcc: 0.3602 +- 0.0456 | VaLoss: 1.8802 +- 0.1451
109,  0 | TrAcc: 0.6549, TrLoss:  1.16842, VaAcc: 0.6399, VaLoss:  1.79364	 20 sampled NNs | VaAcc: 0.3760 +- 0.0436 | VaLoss: 1.8246 +- 0.1568
110,  0 | TrAcc: 0.6646, TrLoss:  1.12785, VaAcc: 0.6377, VaLoss:  1.79476	 20 sampled NNs | VaAcc: 0.3642 +- 0.0553 | VaLoss: 1.9097 +- 0.1914
111,  0 | TrAcc: 0.6448, TrLoss:  1.20149, VaAcc: 0.6516, VaLoss:  1.78420	 20 sampled NNs | VaAcc: 0.3761 +- 0.0407 | VaLoss: 1.8848 +- 0.1642
112,  0 | TrAcc: 0.6434, TrLoss:  1.19329, VaAcc: 0.6501, VaLoss:  1.75096	 20 sampled NNs | VaAcc: 0.3891 +- 0.0442 | VaLoss: 1.7895 +- 0.1239
113,  0 | TrAcc: 0.6552, TrLoss:  1.16336, VaAcc: 0.6464, VaLoss:  1.77565	 20 sampled NNs | VaAcc: 0.3900 +- 0.0270 | VaLoss: 1.7914 +- 0.1156
114,  0 | TrAcc: 0.6507, TrLoss:  1.14310, VaAcc: 0.6607, VaLoss:  1.75681	 20 sampled NNs | VaAcc: 0.3899 +- 0.0271 | VaLoss: 1.8097 +- 0.0961
115,  0 | TrAcc: 0.6511, TrLoss:  1.17334, VaAcc: 0.6538, VaLoss:  1.79119	 20 sampled NNs | VaAcc: 0.3792 +- 0.0611 | VaLoss: 1.8455 +- 0.2428
116,  0 | TrAcc: 0.6360, TrLoss:  1.22731, VaAcc: 0.6428, VaLoss:  1.79329	 20 sampled NNs | VaAcc: 0.3778 +- 0.0369 | VaLoss: 1.8470 +- 0.1276
117,  0 | TrAcc: 0.6642, TrLoss:      nan, VaAcc: 0.6376, VaLoss:      nan	 20 sampled NNs | VaAcc: 0.3800 +- 0.0415 | VaLoss: 1.8000 +- 0.1005
118,  0 | TrAcc: 0.6656, TrLoss:  1.11494, VaAcc: 0.6501, VaLoss:  1.76276	 20 sampled NNs | VaAcc: 0.3810 +- 0.0403 | VaLoss: 1.7959 +- 0.1221
119,  0 | TrAcc: 0.6469, TrLoss:  1.16775, VaAcc: 0.6175, VaLoss:  1.82735	 20 sampled NNs | VaAcc: 0.3587 +- 0.0405 | VaLoss: 1.8996 +- 0.1445
120,  0 | TrAcc: 0.6746, TrLoss:  1.10926, VaAcc: 0.6438, VaLoss:  1.78803	 20 sampled NNs | VaAcc: 0.3686 +- 0.0496 | VaLoss: 1.8783 +- 0.1560
121,  0 | TrAcc: 0.6621, TrLoss:  1.15653, VaAcc: 0.6581, VaLoss:  1.76425	 20 sampled NNs | VaAcc: 0.3959 +- 0.0337 | VaLoss: 1.7669 +- 0.1034
122,  0 | TrAcc: 0.6713, TrLoss:  1.13761, VaAcc: 0.6578, VaLoss:  1.77704	 20 sampled NNs | VaAcc: 0.3791 +- 0.0378 | VaLoss: 1.8353 +- 0.1393
123,  0 | TrAcc: 0.6387, TrLoss:  1.19237, VaAcc: 0.6653, VaLoss:  1.75934	 20 sampled NNs | VaAcc: 0.3833 +- 0.0505 | VaLoss: 1.8222 +- 0.1538
124,  0 | TrAcc: 0.6743, TrLoss:  1.09310, VaAcc: 0.6494, VaLoss:  1.81054	 20 sampled NNs | VaAcc: 0.3675 +- 0.0437 | VaLoss: 1.8830 +- 0.1108
125,  0 | TrAcc: 0.6542, TrLoss:  1.16602, VaAcc: 0.6321, VaLoss:  1.82946	 20 sampled NNs | VaAcc: 0.3795 +- 0.0299 | VaLoss: 1.8424 +- 0.1037
126,  0 | TrAcc: 0.6678, TrLoss:  1.13164, VaAcc: 0.6462, VaLoss:  1.79572	 20 sampled NNs | VaAcc: 0.3971 +- 0.0335 | VaLoss: 1.7697 +- 0.1349
127,  0 | TrAcc: 0.6746, TrLoss:  1.10993, VaAcc: 0.6699, VaLoss:  1.76870	 20 sampled NNs | VaAcc: 0.3915 +- 0.0364 | VaLoss: 1.7872 +- 0.1326
128,  0 | TrAcc: 0.6730, TrLoss:  1.12949, VaAcc: 0.6687, VaLoss:  1.75668	 20 sampled NNs | VaAcc: 0.3940 +- 0.0306 | VaLoss: 1.7758 +- 0.1009
129,  0 | TrAcc: 0.6581, TrLoss:  1.18386, VaAcc: 0.6687, VaLoss:  1.74684	 20 sampled NNs | VaAcc: 0.3742 +- 0.0373 | VaLoss: 1.8096 +- 0.1336
130,  0 | TrAcc: 0.6484, TrLoss:  1.15723, VaAcc: 0.6486, VaLoss:  1.78215	 20 sampled NNs | VaAcc: 0.3614 +- 0.0415 | VaLoss: 1.8767 +- 0.1207
131,  0 | TrAcc: 0.6565, TrLoss:  1.15271, VaAcc: 0.6417, VaLoss:  1.78793	 20 sampled NNs | VaAcc: 0.3753 +- 0.0433 | VaLoss: 1.8445 +- 0.1395
132,  0 | TrAcc: 0.6636, TrLoss:  1.16114, VaAcc: 0.6510, VaLoss:  1.79406	 20 sampled NNs | VaAcc: 0.3868 +- 0.0420 | VaLoss: 1.8043 +- 0.1693
133,  0 | TrAcc: 0.6640, TrLoss:  1.12121, VaAcc: 0.6623, VaLoss:  1.77961	 20 sampled NNs | VaAcc: 0.3761 +- 0.0542 | VaLoss: 1.8410 +- 0.1674
134,  0 | TrAcc: 0.6615, TrLoss:  1.15962, VaAcc: 0.6434, VaLoss:  1.78510	 20 sampled NNs | VaAcc: 0.3791 +- 0.0446 | VaLoss: 1.8214 +- 0.1337
135,  0 | TrAcc: 0.6424, TrLoss:  1.17527, VaAcc: 0.6551, VaLoss:  1.78401	 20 sampled NNs | VaAcc: 0.3993 +- 0.0394 | VaLoss: 1.8097 +- 0.1270
136,  0 | TrAcc: 0.6487, TrLoss:  1.16810, VaAcc: 0.6508, VaLoss:  1.76510	 20 sampled NNs | VaAcc: 0.3705 +- 0.0326 | VaLoss: 1.8512 +- 0.1135
137,  0 | TrAcc: 0.6596, TrLoss:  1.18046, VaAcc: 0.6532, VaLoss:  1.79255	 20 sampled NNs | VaAcc: 0.3951 +- 0.0469 | VaLoss: 1.7751 +- 0.1641
138,  0 | TrAcc: 0.6541, TrLoss:  1.16495, VaAcc: 0.6612, VaLoss:  1.77845	 20 sampled NNs | VaAcc: 0.3803 +- 0.0481 | VaLoss: 1.8137 +- 0.1769
139,  0 | TrAcc: 0.6812, TrLoss:  1.08591, VaAcc: 0.6701, VaLoss:  1.74308	 20 sampled NNs | VaAcc: 0.3952 +- 0.0342 | VaLoss: 1.7416 +- 0.1292
140,  0 | TrAcc: 0.6454, TrLoss:  1.17972, VaAcc: 0.6613, VaLoss:  1.76874	 20 sampled NNs | VaAcc: 0.3762 +- 0.0307 | VaLoss: 1.8248 +- 0.0986
141,  0 | TrAcc: 0.6602, TrLoss:  1.10565, VaAcc: 0.6537, VaLoss:  1.78050	 20 sampled NNs | VaAcc: 0.3775 +- 0.0401 | VaLoss: 1.8302 +- 0.1211
142,  0 | TrAcc: 0.6756, TrLoss:  1.11552, VaAcc: 0.6587, VaLoss:  1.80280	 20 sampled NNs | VaAcc: 0.3836 +- 0.0428 | VaLoss: 1.8651 +- 0.1532
143,  0 | TrAcc: 0.6597, TrLoss:  1.14260, VaAcc: 0.6674, VaLoss:  1.77462	 20 sampled NNs | VaAcc: 0.3753 +- 0.0384 | VaLoss: 1.8208 +- 0.1414
144,  0 | TrAcc: 0.6534, TrLoss:  1.15868, VaAcc: 0.6558, VaLoss:  1.79291	 20 sampled NNs | VaAcc: 0.3754 +- 0.0366 | VaLoss: 1.8456 +- 0.1428
145,  0 | TrAcc: 0.6395, TrLoss:  1.18461, VaAcc: 0.6419, VaLoss:  1.79965	 20 sampled NNs | VaAcc: 0.3895 +- 0.0295 | VaLoss: 1.8123 +- 0.1031
146,  0 | TrAcc: 0.6754, TrLoss:  1.11077, VaAcc: 0.6462, VaLoss:  1.81757	 20 sampled NNs | VaAcc: 0.3793 +- 0.0432 | VaLoss: 1.8231 +- 0.1449
147,  0 | TrAcc: 0.6705, TrLoss:  1.11415, VaAcc: 0.6456, VaLoss:  1.79789	 20 sampled NNs | VaAcc: 0.3852 +- 0.0409 | VaLoss: 1.7955 +- 0.1429
148,  0 | TrAcc: 0.6607, TrLoss:  1.16254, VaAcc: 0.6765, VaLoss:  1.73432	 20 sampled NNs | VaAcc: 0.4046 +- 0.0395 | VaLoss: 1.7607 +- 0.1341
149,  0 | TrAcc: 0.6716, TrLoss:  1.12196, VaAcc: 0.6700, VaLoss:  1.76005	 20 sampled NNs | VaAcc: 0.3912 +- 0.0360 | VaLoss: 1.8264 +- 0.1227
150,  0 | TrAcc: 0.6669, TrLoss:  1.16285, VaAcc: 0.6719, VaLoss:  1.76024	 20 sampled NNs | VaAcc: 0.4080 +- 0.0407 | VaLoss: 1.7706 +- 0.1397
151,  0 | TrAcc: 0.6544, TrLoss:  1.15544, VaAcc: 0.6621, VaLoss:  1.76310	 20 sampled NNs | VaAcc: 0.4067 +- 0.0355 | VaLoss: 1.7328 +- 0.0979
152,  0 | TrAcc: 0.6657, TrLoss:  1.14555, VaAcc: 0.6671, VaLoss:  1.76896	 20 sampled NNs | VaAcc: 0.3848 +- 0.0363 | VaLoss: 1.7908 +- 0.1085
153,  0 | TrAcc: 0.6618, TrLoss:  1.14589, VaAcc: 0.6624, VaLoss:  1.76793	 20 sampled NNs | VaAcc: 0.4014 +- 0.0368 | VaLoss: 1.7548 +- 0.1093
154,  0 | TrAcc: 0.6640, TrLoss:  1.13375, VaAcc: 0.6695, VaLoss:  1.76255	 20 sampled NNs | VaAcc: 0.4111 +- 0.0355 | VaLoss: 1.7150 +- 0.1305
155,  0 | TrAcc: 0.6476, TrLoss:  1.17235, VaAcc: 0.6673, VaLoss:  1.76017	 20 sampled NNs | VaAcc: 0.4034 +- 0.0350 | VaLoss: 1.7330 +- 0.0862
156,  0 | TrAcc: 0.6689, TrLoss:  1.17913, VaAcc: 0.6481, VaLoss:  1.78969	 20 sampled NNs | VaAcc: 0.3989 +- 0.0342 | VaLoss: 1.7526 +- 0.1043
157,  0 | TrAcc: 0.6721, TrLoss:  1.11141, VaAcc: 0.6628, VaLoss:  1.77284	 20 sampled NNs | VaAcc: 0.4107 +- 0.0338 | VaLoss: 1.7210 +- 0.0843
158,  0 | TrAcc: 0.6815, TrLoss:  1.08757, VaAcc: 0.6553, VaLoss:  1.79242	 20 sampled NNs | VaAcc: 0.3775 +- 0.0375 | VaLoss: 1.8400 +- 0.1480
159,  0 | TrAcc: 0.6765, TrLoss:  1.10557, VaAcc: 0.6532, VaLoss:  1.79134	 20 sampled NNs | VaAcc: 0.3846 +- 0.0316 | VaLoss: 1.7760 +- 0.0769
160,  0 | TrAcc: 0.6554, TrLoss:  1.16260, VaAcc: 0.6414, VaLoss:  1.78929	 20 sampled NNs | VaAcc: 0.4035 +- 0.0226 | VaLoss: 1.7468 +- 0.0940
161,  0 | TrAcc: 0.6488, TrLoss:  1.16304, VaAcc: 0.6513, VaLoss:  1.79621	 20 sampled NNs | VaAcc: 0.4081 +- 0.0353 | VaLoss: 1.7176 +- 0.1114
162,  0 | TrAcc: 0.6725, TrLoss:  1.10785, VaAcc: 0.6459, VaLoss:  1.82261	 20 sampled NNs | VaAcc: 0.3705 +- 0.0350 | VaLoss: 1.8429 +- 0.0851
163,  0 | TrAcc: 0.6600, TrLoss:  1.14766, VaAcc: 0.6523, VaLoss:  1.78926	 20 sampled NNs | VaAcc: 0.3833 +- 0.0265 | VaLoss: 1.7669 +- 0.0816
164,  0 | TrAcc: 0.6497, TrLoss:  1.18598, VaAcc: 0.6574, VaLoss:  1.78174	 20 sampled NNs | VaAcc: 0.3945 +- 0.0308 | VaLoss: 1.7546 +- 0.1006
165,  0 | TrAcc: 0.6645, TrLoss:  1.14488, VaAcc: 0.6531, VaLoss:  1.78766	 20 sampled NNs | VaAcc: 0.4082 +- 0.0314 | VaLoss: 1.7206 +- 0.0866
166,  0 | TrAcc: 0.6797, TrLoss:  1.10818, VaAcc: 0.6487, VaLoss:  1.80252	 20 sampled NNs | VaAcc: 0.3850 +- 0.0435 | VaLoss: 1.7962 +- 0.1318
167,  0 | TrAcc: 0.6563, TrLoss:  1.15831, VaAcc: 0.6562, VaLoss:  1.79590	 20 sampled NNs | VaAcc: 0.3837 +- 0.0364 | VaLoss: 1.7685 +- 0.1145
168,  0 | TrAcc: 0.6949, TrLoss:  1.07249, VaAcc: 0.6394, VaLoss:  1.80341	 20 sampled NNs | VaAcc: 0.3820 +- 0.0403 | VaLoss: 1.8107 +- 0.1346
169,  0 | TrAcc: 0.6641, TrLoss:  1.13076, VaAcc: 0.6572, VaLoss:  1.76955	 20 sampled NNs | VaAcc: 0.3974 +- 0.0389 | VaLoss: 1.7412 +- 0.1320
170,  0 | TrAcc: 0.6674, TrLoss:  1.11845, VaAcc: 0.6411, VaLoss:  1.82431	 20 sampled NNs | VaAcc: 0.3792 +- 0.0600 | VaLoss: 1.7978 +- 0.1847
171,  0 | TrAcc: 0.6683, TrLoss:  1.12907, VaAcc: 0.6563, VaLoss:  1.78683	 20 sampled NNs | VaAcc: 0.4162 +- 0.0455 | VaLoss: 1.6932 +- 0.1246
172,  0 | TrAcc: 0.6789, TrLoss:  1.10699, VaAcc: 0.6489, VaLoss:  1.81812	 20 sampled NNs | VaAcc: 0.3921 +- 0.0373 | VaLoss: 1.7922 +- 0.1373
173,  0 | TrAcc: 0.6889, TrLoss:  1.09987, VaAcc: 0.6766, VaLoss:  1.76243	 20 sampled NNs | VaAcc: 0.4092 +- 0.0465 | VaLoss: 1.7463 +- 0.1656
174,  0 | TrAcc: 0.6422, TrLoss:  1.20911, VaAcc: 0.6596, VaLoss:  1.79892	 20 sampled NNs | VaAcc: 0.4000 +- 0.0383 | VaLoss: 1.7436 +- 0.0860
175,  0 | TrAcc: 0.6398, TrLoss:  1.21590, VaAcc: 0.6464, VaLoss:  1.82711	 20 sampled NNs | VaAcc: 0.3705 +- 0.0246 | VaLoss: 1.8762 +- 0.1007
176,  0 | TrAcc: 0.6796, TrLoss:  1.09811, VaAcc: 0.6518, VaLoss:  1.80101	 20 sampled NNs | VaAcc: 0.4310 +- 0.0369 | VaLoss: 1.6461 +- 0.1007
177,  0 | TrAcc: 0.6691, TrLoss:  1.14565, VaAcc: 0.6511, VaLoss:  1.78035	 20 sampled NNs | VaAcc: 0.4044 +- 0.0348 | VaLoss: 1.7161 +- 0.1120
178,  0 | TrAcc: 0.6814, TrLoss:  1.11368, VaAcc: 0.6399, VaLoss:  1.80478	 20 sampled NNs | VaAcc: 0.3684 +- 0.0435 | VaLoss: 1.8779 +- 0.1562
179,  0 | TrAcc: 0.6544, TrLoss:  1.12262, VaAcc: 0.6461, VaLoss:  1.82776	 20 sampled NNs | VaAcc: 0.3701 +- 0.0455 | VaLoss: 1.8284 +- 0.1327
180,  0 | TrAcc: 0.6987, TrLoss:  1.04107, VaAcc: 0.6683, VaLoss:  1.78520	 20 sampled NNs | VaAcc: 0.3958 +- 0.0443 | VaLoss: 1.7679 +- 0.1444
181,  0 | TrAcc: 0.6759, TrLoss:  1.09741, VaAcc: 0.6585, VaLoss:  1.80543	 20 sampled NNs | VaAcc: 0.3936 +- 0.0465 | VaLoss: 1.7565 +- 0.1142
182,  0 | TrAcc: 0.6870, TrLoss:  1.09276, VaAcc: 0.6696, VaLoss:  1.76825	 20 sampled NNs | VaAcc: 0.4240 +- 0.0413 | VaLoss: 1.6989 +- 0.1195
183,  0 | TrAcc: 0.6779, TrLoss:  1.10853, VaAcc: 0.6650, VaLoss:  1.78862	 20 sampled NNs | VaAcc: 0.4085 +- 0.0497 | VaLoss: 1.7500 +- 0.1311
184,  0 | TrAcc: 0.6684, TrLoss:  1.13918, VaAcc: 0.6648, VaLoss:  1.78518	 20 sampled NNs | VaAcc: 0.4253 +- 0.0404 | VaLoss: 1.6891 +- 0.0879
185,  0 | TrAcc: 0.6788, TrLoss:  1.11775, VaAcc: 0.6539, VaLoss:  1.80150	 20 sampled NNs | VaAcc: 0.4071 +- 0.0339 | VaLoss: 1.7494 +- 0.1078
186,  0 | TrAcc: 0.6559, TrLoss:  1.15166, VaAcc: 0.6673, VaLoss:  1.78607	 20 sampled NNs | VaAcc: 0.4013 +- 0.0384 | VaLoss: 1.7253 +- 0.1072
187,  0 | TrAcc: 0.6699, TrLoss:  1.12208, VaAcc: 0.6545, VaLoss:  1.79082	 20 sampled NNs | VaAcc: 0.3834 +- 0.0374 | VaLoss: 1.7985 +- 0.1435
188,  0 | TrAcc: 0.6551, TrLoss:  1.15999, VaAcc: 0.6660, VaLoss:  1.79187	 20 sampled NNs | VaAcc: 0.4053 +- 0.0366 | VaLoss: 1.7410 +- 0.0978
189,  0 | TrAcc: 0.6582, TrLoss:  1.18387, VaAcc: 0.6426, VaLoss:  1.80688	 20 sampled NNs | VaAcc: 0.4085 +- 0.0432 | VaLoss: 1.7370 +- 0.1422
190,  0 | TrAcc: 0.6640, TrLoss:  1.13586, VaAcc: 0.6652, VaLoss:  1.78400	 20 sampled NNs | VaAcc: 0.4096 +- 0.0318 | VaLoss: 1.7076 +- 0.0985
191,  0 | TrAcc: 0.6770, TrLoss:  1.12779, VaAcc: 0.6785, VaLoss:  1.76376	 20 sampled NNs | VaAcc: 0.4050 +- 0.0293 | VaLoss: 1.7198 +- 0.1120
192,  0 | TrAcc: 0.6482, TrLoss:  1.17799, VaAcc: 0.6528, VaLoss:  1.82320	 20 sampled NNs | VaAcc: 0.3900 +- 0.0319 | VaLoss: 1.7571 +- 0.1236
193,  0 | TrAcc: 0.6638, TrLoss:  1.15870, VaAcc: 0.6590, VaLoss:  1.78428	 20 sampled NNs | VaAcc: 0.3998 +- 0.0356 | VaLoss: 1.7426 +- 0.1063
194,  0 | TrAcc: 0.6924, TrLoss:  1.09004, VaAcc: 0.6513, VaLoss:  1.79934	 20 sampled NNs | VaAcc: 0.3994 +- 0.0482 | VaLoss: 1.7521 +- 0.1325
195,  0 | TrAcc: 0.6646, TrLoss:  1.16095, VaAcc: 0.6493, VaLoss:  1.81349	 20 sampled NNs | VaAcc: 0.3914 +- 0.0385 | VaLoss: 1.7748 +- 0.1125
196,  0 | TrAcc: 0.6846, TrLoss:  1.08564, VaAcc: 0.6380, VaLoss:  1.82342	 20 sampled NNs | VaAcc: 0.3896 +- 0.0344 | VaLoss: 1.8446 +- 0.1185
197,  0 | TrAcc: 0.6535, TrLoss:  1.15970, VaAcc: 0.6522, VaLoss:  1.79926	 20 sampled NNs | VaAcc: 0.4064 +- 0.0340 | VaLoss: 1.7534 +- 0.1122
198,  0 | TrAcc: 0.6688, TrLoss:  1.13625, VaAcc: 0.6535, VaLoss:  1.80239	 20 sampled NNs | VaAcc: 0.4174 +- 0.0338 | VaLoss: 1.7143 +- 0.1018
199,  0 | TrAcc: 0.6650, TrLoss:  1.12760, VaAcc: 0.6526, VaLoss:  1.80037	 20 sampled NNs | VaAcc: 0.4014 +- 0.0330 | VaLoss: 1.7745 +- 0.1150
200,  0 | TrAcc: 0.6850, TrLoss:  1.08809, VaAcc: 0.6666, VaLoss:  1.78809	 20 sampled NNs | VaAcc: 0.4280 +- 0.0285 | VaLoss: 1.6930 +- 0.0871
201,  0 | TrAcc: 0.6858, TrLoss:  1.07253, VaAcc: 0.6530, VaLoss:  1.83197	 20 sampled NNs | VaAcc: 0.4016 +- 0.0242 | VaLoss: 1.7777 +- 0.0784
202,  0 | TrAcc: 0.6677, TrLoss:  1.13151, VaAcc: 0.6474, VaLoss:  1.82125	 20 sampled NNs | VaAcc: 0.3814 +- 0.0434 | VaLoss: 1.8277 +- 0.1600
203,  0 | TrAcc: 0.6794, TrLoss:  1.10371, VaAcc: 0.6724, VaLoss:  1.78636	 20 sampled NNs | VaAcc: 0.4089 +- 0.0385 | VaLoss: 1.6915 +- 0.1107
204,  0 | TrAcc: 0.6563, TrLoss:  1.14946, VaAcc: 0.6484, VaLoss:  1.84178	 20 sampled NNs | VaAcc: 0.4094 +- 0.0374 | VaLoss: 1.7582 +- 0.0890
205,  0 | TrAcc: 0.6886, TrLoss:  1.07637, VaAcc: 0.6574, VaLoss:  1.79701	 20 sampled NNs | VaAcc: 0.4088 +- 0.0399 | VaLoss: 1.7370 +- 0.1276
206,  0 | TrAcc: 0.6503, TrLoss:  1.19039, VaAcc: 0.6518, VaLoss:  1.80796	 20 sampled NNs | VaAcc: 0.3635 +- 0.0316 | VaLoss: 1.8515 +- 0.1042
207,  0 | TrAcc: 0.6473, TrLoss:  1.18583, VaAcc: 0.6575, VaLoss:  1.78642	 20 sampled NNs | VaAcc: 0.4168 +- 0.0328 | VaLoss: 1.7222 +- 0.1187
208,  0 | TrAcc: 0.6518, TrLoss:  1.16554, VaAcc: 0.6497, VaLoss:  1.80613	 20 sampled NNs | VaAcc: 0.4124 +- 0.0308 | VaLoss: 1.7330 +- 0.0947
209,  0 | TrAcc: 0.6692, TrLoss:  1.13036, VaAcc: 0.6577, VaLoss:  1.78511	 20 sampled NNs | VaAcc: 0.4032 +- 0.0392 | VaLoss: 1.7303 +- 0.1077
210,  0 | TrAcc: 0.6895, TrLoss:  1.09009, VaAcc: 0.6593, VaLoss:  1.79463	 20 sampled NNs | VaAcc: 0.4130 +- 0.0282 | VaLoss: 1.6931 +- 0.0897
211,  0 | TrAcc: 0.6680, TrLoss:  1.13515, VaAcc: 0.6667, VaLoss:  1.78645	 20 sampled NNs | VaAcc: 0.4071 +- 0.0420 | VaLoss: 1.7248 +- 0.1554
212,  0 | TrAcc: 0.6478, TrLoss:  1.16404, VaAcc: 0.6608, VaLoss:  1.78449	 20 sampled NNs | VaAcc: 0.4220 +- 0.0290 | VaLoss: 1.6601 +- 0.0715
213,  0 | TrAcc: 0.6768, TrLoss:  1.11772, VaAcc: 0.6747, VaLoss:  1.77766	 20 sampled NNs | VaAcc: 0.4054 +- 0.0582 | VaLoss: 1.7589 +- 0.1830
214,  0 | TrAcc: 0.6496, TrLoss:  1.16082, VaAcc: 0.6584, VaLoss:  1.80059	 20 sampled NNs | VaAcc: 0.3817 +- 0.0423 | VaLoss: 1.7769 +- 0.1092
215,  0 | TrAcc: 0.6695, TrLoss:  1.15679, VaAcc: 0.6428, VaLoss:  1.80007	 20 sampled NNs | VaAcc: 0.3944 +- 0.0260 | VaLoss: 1.7267 +- 0.0765
216,  0 | TrAcc: 0.6863, TrLoss:  1.08644, VaAcc: 0.6490, VaLoss:  1.80642	 20 sampled NNs | VaAcc: 0.3870 +- 0.0317 | VaLoss: 1.7433 +- 0.0844
217,  0 | TrAcc: 0.6731, TrLoss:  1.11799, VaAcc: 0.6556, VaLoss:  1.80062	 20 sampled NNs | VaAcc: 0.4166 +- 0.0359 | VaLoss: 1.7420 +- 0.1246
218,  0 | TrAcc: 0.6785, TrLoss:  1.09404, VaAcc: 0.6550, VaLoss:  1.77945	 20 sampled NNs | VaAcc: 0.4107 +- 0.0480 | VaLoss: 1.7016 +- 0.1254
219,  0 | TrAcc: 0.6745, TrLoss:  1.12671, VaAcc: 0.6616, VaLoss:  1.77386	 20 sampled NNs | VaAcc: 0.4066 +- 0.0493 | VaLoss: 1.7349 +- 0.1731
220,  0 | TrAcc: 0.6768, TrLoss:  1.08752, VaAcc: 0.6443, VaLoss:  1.80586	 20 sampled NNs | VaAcc: 0.3881 +- 0.0312 | VaLoss: 1.8066 +- 0.1110
221,  0 | TrAcc: 0.6785, TrLoss:  1.13661, VaAcc: 0.6724, VaLoss:  1.76351	 20 sampled NNs | VaAcc: 0.4113 +- 0.0275 | VaLoss: 1.7020 +- 0.0691
222,  0 | TrAcc: 0.6795, TrLoss:  1.09652, VaAcc: 0.6468, VaLoss:  1.78158	 20 sampled NNs | VaAcc: 0.4097 +- 0.0386 | VaLoss: 1.7052 +- 0.1179
223,  0 | TrAcc: 0.6693, TrLoss:  1.15295, VaAcc: 0.6538, VaLoss:  1.77565	 20 sampled NNs | VaAcc: 0.4018 +- 0.0449 | VaLoss: 1.7200 +- 0.1541
224,  0 | TrAcc: 0.6715, TrLoss:  1.13139, VaAcc: 0.6509, VaLoss:  1.78812	 20 sampled NNs | VaAcc: 0.4006 +- 0.0271 | VaLoss: 1.7267 +- 0.0877
225,  0 | TrAcc: 0.6533, TrLoss:  1.14918, VaAcc: 0.6506, VaLoss:  1.80336	 20 sampled NNs | VaAcc: 0.4050 +- 0.0229 | VaLoss: 1.7474 +- 0.0904
226,  0 | TrAcc: 0.6648, TrLoss:  1.15798, VaAcc: 0.6594, VaLoss:  1.78442	 20 sampled NNs | VaAcc: 0.4074 +- 0.0334 | VaLoss: 1.7218 +- 0.1052
227,  0 | TrAcc: 0.6663, TrLoss:  1.13492, VaAcc: 0.6759, VaLoss:  1.74719	 20 sampled NNs | VaAcc: 0.4123 +- 0.0393 | VaLoss: 1.6956 +- 0.1092
228,  0 | TrAcc: 0.6777, TrLoss:  1.10862, VaAcc: 0.6700, VaLoss:  1.77100	 20 sampled NNs | VaAcc: 0.4331 +- 0.0362 | VaLoss: 1.6450 +- 0.0816
229,  0 | TrAcc: 0.6560, TrLoss:  1.13537, VaAcc: 0.6652, VaLoss:  1.78990	 20 sampled NNs | VaAcc: 0.4056 +- 0.0294 | VaLoss: 1.7101 +- 0.1058
230,  0 | TrAcc: 0.6898, TrLoss:  1.07575, VaAcc: 0.6697, VaLoss:  1.76403	 20 sampled NNs | VaAcc: 0.4092 +- 0.0304 | VaLoss: 1.6743 +- 0.0892
231,  0 | TrAcc: 0.6750, TrLoss:  1.11925, VaAcc: 0.6557, VaLoss:  1.79363	 20 sampled NNs | VaAcc: 0.4104 +- 0.0326 | VaLoss: 1.6959 +- 0.1032
232,  0 | TrAcc: 0.6737, TrLoss:  1.09326, VaAcc: 0.6739, VaLoss:  1.75950	 20 sampled NNs | VaAcc: 0.4205 +- 0.0436 | VaLoss: 1.7195 +- 0.1654
233,  0 | TrAcc: 0.6925, TrLoss:  1.06610, VaAcc: 0.6596, VaLoss:  1.79874	 20 sampled NNs | VaAcc: 0.4119 +- 0.0299 | VaLoss: 1.7210 +- 0.0901
234,  0 | TrAcc: 0.6790, TrLoss:  1.08218, VaAcc: 0.6605, VaLoss:  1.77430	 20 sampled NNs | VaAcc: 0.4137 +- 0.0341 | VaLoss: 1.7239 +- 0.1290
235,  0 | TrAcc: 0.6705, TrLoss:  1.10194, VaAcc: 0.6701, VaLoss:  1.78429	 20 sampled NNs | VaAcc: 0.4289 +- 0.0433 | VaLoss: 1.6866 +- 0.0949
236,  0 | TrAcc: 0.6831, TrLoss:  1.11335, VaAcc: 0.6580, VaLoss:  1.79203	 20 sampled NNs | VaAcc: 0.4065 +- 0.0387 | VaLoss: 1.7194 +- 0.0966
237,  0 | TrAcc: 0.6949, TrLoss:  1.10507, VaAcc: 0.6571, VaLoss:  1.79430	 20 sampled NNs | VaAcc: 0.4083 +- 0.0523 | VaLoss: 1.7448 +- 0.1289
238,  0 | TrAcc: 0.6814, TrLoss:  1.10881, VaAcc: 0.6598, VaLoss:  1.76826	 20 sampled NNs | VaAcc: 0.4147 +- 0.0294 | VaLoss: 1.6948 +- 0.1111
239,  0 | TrAcc: 0.6852, TrLoss:  1.06687, VaAcc: 0.6615, VaLoss:  1.78501	 20 sampled NNs | VaAcc: 0.4154 +- 0.0383 | VaLoss: 1.6870 +- 0.1271
240,  0 | TrAcc: 0.6790, TrLoss:  1.10013, VaAcc: 0.6706, VaLoss:  1.77197	 20 sampled NNs | VaAcc: 0.4094 +- 0.0270 | VaLoss: 1.7038 +- 0.0821
241,  0 | TrAcc: 0.6732, TrLoss:  1.12101, VaAcc: 0.6605, VaLoss:  1.80129	 20 sampled NNs | VaAcc: 0.3954 +- 0.0349 | VaLoss: 1.7738 +- 0.1258
242,  0 | TrAcc: 0.6863, TrLoss:  1.07459, VaAcc: 0.6573, VaLoss:  1.77970	 20 sampled NNs | VaAcc: 0.4101 +- 0.0363 | VaLoss: 1.7578 +- 0.1365
243,  0 | TrAcc: 0.6838, TrLoss:  1.06627, VaAcc: 0.6590, VaLoss:  1.78431	 20 sampled NNs | VaAcc: 0.4225 +- 0.0462 | VaLoss: 1.6728 +- 0.1520
244,  0 | TrAcc: 0.6841, TrLoss:  1.11083, VaAcc: 0.6674, VaLoss:  1.77362	 20 sampled NNs | VaAcc: 0.3920 +- 0.0271 | VaLoss: 1.7812 +- 0.1074
245,  0 | TrAcc: 0.6700, TrLoss:  1.11570, VaAcc: 0.6685, VaLoss:  1.78972	 20 sampled NNs | VaAcc: 0.4072 +- 0.0393 | VaLoss: 1.7340 +- 0.0950
246,  0 | TrAcc: 0.6759, TrLoss:  1.09946, VaAcc: 0.6790, VaLoss:  1.77680	 20 sampled NNs | VaAcc: 0.4135 +- 0.0390 | VaLoss: 1.7262 +- 0.1433
247,  0 | TrAcc: 0.6951, TrLoss:  1.08129, VaAcc: 0.6578, VaLoss:  1.78358	 20 sampled NNs | VaAcc: 0.4044 +- 0.0373 | VaLoss: 1.7437 +- 0.1280
248,  0 | TrAcc: 0.6748, TrLoss:  1.08301, VaAcc: 0.6677, VaLoss:  1.78300	 20 sampled NNs | VaAcc: 0.4160 +- 0.0422 | VaLoss: 1.7453 +- 0.1590
249,  0 | TrAcc: 0.6924, TrLoss:  1.06811, VaAcc: 0.6704, VaLoss:  1.76243	 20 sampled NNs | VaAcc: 0.4129 +- 0.0375 | VaLoss: 1.6892 +- 0.1291
250,  0 | TrAcc: 0.6934, TrLoss:  1.08388, VaAcc: 0.6649, VaLoss:  1.77648	 20 sampled NNs | VaAcc: 0.4089 +- 0.0331 | VaLoss: 1.6964 +- 0.0766
251,  0 | TrAcc: 0.6843, TrLoss:  1.08601, VaAcc: 0.6705, VaLoss:  1.76401	 20 sampled NNs | VaAcc: 0.4009 +- 0.0405 | VaLoss: 1.7271 +- 0.1172
252,  0 | TrAcc: 0.6784, TrLoss:  1.12409, VaAcc: 0.6628, VaLoss:  1.79462	 20 sampled NNs | VaAcc: 0.4106 +- 0.0264 | VaLoss: 1.7058 +- 0.0793
253,  0 | TrAcc: 0.6662, TrLoss:  1.13517, VaAcc: 0.6641, VaLoss:  1.76822	 20 sampled NNs | VaAcc: 0.4230 +- 0.0369 | VaLoss: 1.6567 +- 0.1106
254,  0 | TrAcc: 0.6571, TrLoss:  1.16051, VaAcc: 0.6724, VaLoss:  1.76474	 20 sampled NNs | VaAcc: 0.4151 +- 0.0303 | VaLoss: 1.7316 +- 0.1092
255,  0 | TrAcc: 0.6878, TrLoss:  1.10155, VaAcc: 0.6626, VaLoss:  1.77859	 20 sampled NNs | VaAcc: 0.4203 +- 0.0309 | VaLoss: 1.7200 +- 0.1170
256,  0 | TrAcc: 0.6629, TrLoss:  1.13720, VaAcc: 0.6563, VaLoss:  1.81753	 20 sampled NNs | VaAcc: 0.3995 +- 0.0418 | VaLoss: 1.7480 +- 0.1072
257,  0 | TrAcc: 0.6736, TrLoss:  1.12748, VaAcc: 0.6628, VaLoss:  1.77302	 20 sampled NNs | VaAcc: 0.4144 +- 0.0304 | VaLoss: 1.6812 +- 0.0855
258,  0 | TrAcc: 0.6802, TrLoss:  1.09257, VaAcc: 0.6611, VaLoss:  1.80423	 20 sampled NNs | VaAcc: 0.4178 +- 0.0399 | VaLoss: 1.6865 +- 0.1240
259,  0 | TrAcc: 0.6682, TrLoss:  1.13419, VaAcc: 0.6741, VaLoss:  1.78348	 20 sampled NNs | VaAcc: 0.4018 +- 0.0404 | VaLoss: 1.6968 +- 0.1166
260,  0 | TrAcc: 0.6998, TrLoss:  1.06539, VaAcc: 0.6614, VaLoss:  1.78559	 20 sampled NNs | VaAcc: 0.4272 +- 0.0352 | VaLoss: 1.6698 +- 0.1005
261,  0 | TrAcc: 0.6693, TrLoss:  1.11240, VaAcc: 0.6582, VaLoss:  1.79375	 20 sampled NNs | VaAcc: 0.4124 +- 0.0482 | VaLoss: 1.7271 +- 0.1593
262,  0 | TrAcc: 0.6868, TrLoss:  1.08967, VaAcc: 0.6449, VaLoss:  1.80806	 20 sampled NNs | VaAcc: 0.4012 +- 0.0379 | VaLoss: 1.7742 +- 0.1414
263,  0 | TrAcc: 0.6731, TrLoss:  1.10678, VaAcc: 0.6640, VaLoss:  1.78382	 20 sampled NNs | VaAcc: 0.4175 +- 0.0343 | VaLoss: 1.6933 +- 0.1089
264,  0 | TrAcc: 0.6994, TrLoss:  1.08618, VaAcc: 0.6671, VaLoss:  1.76262	 20 sampled NNs | VaAcc: 0.4321 +- 0.0273 | VaLoss: 1.6762 +- 0.0718
265,  0 | TrAcc: 0.6535, TrLoss:  1.19212, VaAcc: 0.6633, VaLoss:  1.78357	 20 sampled NNs | VaAcc: 0.4083 +- 0.0390 | VaLoss: 1.6938 +- 0.1079
266,  0 | TrAcc: 0.6771, TrLoss:  1.12587, VaAcc: 0.6580, VaLoss:  1.79523	 20 sampled NNs | VaAcc: 0.4043 +- 0.0299 | VaLoss: 1.7058 +- 0.0770
267,  0 | TrAcc: 0.6713, TrLoss:  1.13606, VaAcc: 0.6693, VaLoss:  1.77661	 20 sampled NNs | VaAcc: 0.4051 +- 0.0256 | VaLoss: 1.7157 +- 0.0706
268,  0 | TrAcc: 0.6952, TrLoss:  1.06644, VaAcc: 0.6465, VaLoss:  1.82490	 20 sampled NNs | VaAcc: 0.4051 +- 0.0393 | VaLoss: 1.7197 +- 0.1092
269,  0 | TrAcc: 0.6978, TrLoss:  1.06198, VaAcc: 0.6580, VaLoss:  1.78799	 20 sampled NNs | VaAcc: 0.4135 +- 0.0299 | VaLoss: 1.6878 +- 0.0922
270,  0 | TrAcc: 0.7031, TrLoss:  1.05434, VaAcc: 0.6605, VaLoss:  1.80869	 20 sampled NNs | VaAcc: 0.4380 +- 0.0369 | VaLoss: 1.6434 +- 0.1013
271,  0 | TrAcc: 0.6727, TrLoss:  1.13943, VaAcc: 0.6481, VaLoss:  1.82049	 20 sampled NNs | VaAcc: 0.4083 +- 0.0405 | VaLoss: 1.7268 +- 0.1375
272,  0 | TrAcc: 0.6726, TrLoss:  1.12230, VaAcc: 0.6415, VaLoss:  1.82911	 20 sampled NNs | VaAcc: 0.4143 +- 0.0187 | VaLoss: 1.7163 +- 0.0486
273,  0 | TrAcc: 0.6887, TrLoss:  1.06750, VaAcc: 0.6742, VaLoss:  1.76436	 20 sampled NNs | VaAcc: 0.4406 +- 0.0494 | VaLoss: 1.6370 +- 0.1262
274,  0 | TrAcc: 0.7076, TrLoss:  1.02092, VaAcc: 0.6727, VaLoss:  1.76066	 20 sampled NNs | VaAcc: 0.4263 +- 0.0259 | VaLoss: 1.6254 +- 0.0807
275,  0 | TrAcc: 0.6810, TrLoss:  1.09045, VaAcc: 0.6621, VaLoss:  1.77928	 20 sampled NNs | VaAcc: 0.4278 +- 0.0341 | VaLoss: 1.6737 +- 0.1179
276,  0 | TrAcc: 0.6721, TrLoss:  1.13170, VaAcc: 0.6653, VaLoss:  1.77561	 20 sampled NNs | VaAcc: 0.4271 +- 0.0330 | VaLoss: 1.6676 +- 0.0929
277,  0 | TrAcc: 0.6743, TrLoss:  1.12255, VaAcc: 0.6597, VaLoss:  1.79691	 20 sampled NNs | VaAcc: 0.4003 +- 0.0355 | VaLoss: 1.7664 +- 0.1266
278,  0 | TrAcc: 0.6507, TrLoss:  1.18267, VaAcc: 0.6761, VaLoss:  1.76309	 20 sampled NNs | VaAcc: 0.4302 +- 0.0306 | VaLoss: 1.6666 +- 0.0815
279,  0 | TrAcc: 0.6655, TrLoss:  1.13749, VaAcc: 0.6692, VaLoss:  1.75504	 20 sampled NNs | VaAcc: 0.4354 +- 0.0404 | VaLoss: 1.6290 +- 0.1414
280,  0 | TrAcc: 0.6945, TrLoss:  1.08855, VaAcc: 0.6699, VaLoss:  1.78602	 20 sampled NNs | VaAcc: 0.4266 +- 0.0449 | VaLoss: 1.7046 +- 0.1401
281,  0 | TrAcc: 0.6497, TrLoss:  1.17874, VaAcc: 0.6695, VaLoss:  1.77999	 20 sampled NNs | VaAcc: 0.4086 +- 0.0529 | VaLoss: 1.7422 +- 0.1702
282,  0 | TrAcc: 0.6955, TrLoss:  1.06868, VaAcc: 0.6700, VaLoss:  1.77593	 20 sampled NNs | VaAcc: 0.3910 +- 0.0405 | VaLoss: 1.7748 +- 0.1251
283,  0 | TrAcc: 0.6673, TrLoss:  1.13138, VaAcc: 0.6620, VaLoss:  1.79230	 20 sampled NNs | VaAcc: 0.4084 +- 0.0401 | VaLoss: 1.7213 +- 0.1230
284,  0 | TrAcc: 0.6581, TrLoss:  1.15622, VaAcc: 0.6725, VaLoss:  1.75729	 20 sampled NNs | VaAcc: 0.4385 +- 0.0298 | VaLoss: 1.6425 +- 0.0966
285,  0 | TrAcc: 0.6847, TrLoss:  1.08848, VaAcc: 0.6758, VaLoss:  1.75644	 20 sampled NNs | VaAcc: 0.4249 +- 0.0340 | VaLoss: 1.6928 +- 0.1105
286,  0 | TrAcc: 0.6890, TrLoss:  1.06459, VaAcc: 0.6779, VaLoss:  1.76094	 20 sampled NNs | VaAcc: 0.4052 +- 0.0313 | VaLoss: 1.7324 +- 0.0981
287,  0 | TrAcc: 0.6600, TrLoss:  1.12360, VaAcc: 0.6649, VaLoss:  1.76512	 20 sampled NNs | VaAcc: 0.3945 +- 0.0439 | VaLoss: 1.7911 +- 0.1605
288,  0 | TrAcc: 0.6811, TrLoss:  1.10104, VaAcc: 0.6583, VaLoss:  1.77473	 20 sampled NNs | VaAcc: 0.4348 +- 0.0226 | VaLoss: 1.6119 +- 0.0920
289,  0 | TrAcc: 0.6733, TrLoss:  1.11095, VaAcc: 0.6635, VaLoss:  1.78266	 20 sampled NNs | VaAcc: 0.4013 +- 0.0334 | VaLoss: 1.7603 +- 0.0608
290,  0 | TrAcc: 0.6523, TrLoss:  1.15547, VaAcc: 0.6534, VaLoss:  1.79687	 20 sampled NNs | VaAcc: 0.3921 +- 0.0416 | VaLoss: 1.7661 +- 0.1175
291,  0 | TrAcc: 0.6995, TrLoss:  1.04698, VaAcc: 0.6694, VaLoss:  1.78621	 20 sampled NNs | VaAcc: 0.4216 +- 0.0410 | VaLoss: 1.6619 +- 0.1044
292,  0 | TrAcc: 0.6874, TrLoss:  1.08841, VaAcc: 0.6612, VaLoss:  1.79208	 20 sampled NNs | VaAcc: 0.4059 +- 0.0391 | VaLoss: 1.7346 +- 0.1302
293,  0 | TrAcc: 0.6815, TrLoss:  1.09089, VaAcc: 0.6419, VaLoss:  1.81241	 20 sampled NNs | VaAcc: 0.3868 +- 0.0338 | VaLoss: 1.8472 +- 0.1394
294,  0 | TrAcc: 0.6868, TrLoss:  1.07308, VaAcc: 0.6587, VaLoss:  1.77323	 20 sampled NNs | VaAcc: 0.3980 +- 0.0240 | VaLoss: 1.7291 +- 0.0664
295,  0 | TrAcc: 0.6682, TrLoss:  1.12796, VaAcc: 0.6603, VaLoss:  1.79551	 20 sampled NNs | VaAcc: 0.4122 +- 0.0299 | VaLoss: 1.7356 +- 0.1025
296,  0 | TrAcc: 0.6566, TrLoss:  1.17348, VaAcc: 0.6444, VaLoss:  1.83156	 20 sampled NNs | VaAcc: 0.3783 +- 0.0470 | VaLoss: 1.8439 +- 0.1621
297,  0 | TrAcc: 0.6826, TrLoss:  1.11173, VaAcc: 0.6619, VaLoss:  1.78099	 20 sampled NNs | VaAcc: 0.4123 +- 0.0296 | VaLoss: 1.6784 +- 0.0843
298,  0 | TrAcc: 0.6747, TrLoss:  1.11043, VaAcc: 0.6575, VaLoss:  1.79902	 20 sampled NNs | VaAcc: 0.4008 +- 0.0274 | VaLoss: 1.7431 +- 0.0930
299,  0 | TrAcc: 0.6730, TrLoss:  1.10399, VaAcc: 0.6689, VaLoss:  1.76495	 20 sampled NNs | VaAcc: 0.4125 +- 0.0405 | VaLoss: 1.6924 +- 0.0960
300,  0 | TrAcc: 0.6897, TrLoss:  1.11197, VaAcc: 0.6676, VaLoss:  1.79151	 20 sampled NNs | VaAcc: 0.4186 +- 0.0360 | VaLoss: 1.6650 +- 0.1277
301,  0 | TrAcc: 0.6788, TrLoss:  1.12371, VaAcc: 0.6596, VaLoss:  1.79037	 20 sampled NNs | VaAcc: 0.4115 +- 0.0485 | VaLoss: 1.7173 +- 0.1543
302,  0 | TrAcc: 0.6884, TrLoss:  1.07212, VaAcc: 0.6630, VaLoss:  1.78283	 20 sampled NNs | VaAcc: 0.4152 +- 0.0540 | VaLoss: 1.6686 +- 0.1591
303,  0 | TrAcc: 0.6735, TrLoss:  1.10503, VaAcc: 0.6512, VaLoss:  1.79366	 20 sampled NNs | VaAcc: 0.4134 +- 0.0301 | VaLoss: 1.7102 +- 0.0979
304,  0 | TrAcc: 0.6708, TrLoss:  1.13429, VaAcc: 0.6598, VaLoss:  1.79459	 20 sampled NNs | VaAcc: 0.4095 +- 0.0379 | VaLoss: 1.7073 +- 0.1045
305,  0 | TrAcc: 0.6678, TrLoss:  1.13884, VaAcc: 0.6680, VaLoss:  1.77887	 20 sampled NNs | VaAcc: 0.4344 +- 0.0349 | VaLoss: 1.6797 +- 0.1348
306,  0 | TrAcc: 0.6595, TrLoss:  1.14944, VaAcc: 0.6552, VaLoss:  1.81789	 20 sampled NNs | VaAcc: 0.4134 +- 0.0477 | VaLoss: 1.7218 +- 0.1698
307,  0 | TrAcc: 0.6575, TrLoss:  1.18314, VaAcc: 0.6545, VaLoss:  1.79582	 20 sampled NNs | VaAcc: 0.3914 +- 0.0299 | VaLoss: 1.7365 +- 0.1037
308,  0 | TrAcc: 0.6767, TrLoss:  1.09082, VaAcc: 0.6483, VaLoss:  1.81201	 20 sampled NNs | VaAcc: 0.4098 +- 0.0252 | VaLoss: 1.7045 +- 0.0700
309,  0 | TrAcc: 0.6802, TrLoss:  1.09352, VaAcc: 0.6515, VaLoss:  1.80073	 20 sampled NNs | VaAcc: 0.4074 +- 0.0281 | VaLoss: 1.7344 +- 0.0994
310,  0 | TrAcc: 0.6688, TrLoss:  1.13737, VaAcc: 0.6638, VaLoss:  1.77566	 20 sampled NNs | VaAcc: 0.4120 +- 0.0370 | VaLoss: 1.7303 +- 0.1481
311,  0 | TrAcc: 0.6791, TrLoss:  1.10675, VaAcc: 0.6623, VaLoss:  1.80173	 20 sampled NNs | VaAcc: 0.4070 +- 0.0351 | VaLoss: 1.7228 +- 0.1373
312,  0 | TrAcc: 0.6825, TrLoss:  1.10180, VaAcc: 0.6567, VaLoss:  1.80924	 20 sampled NNs | VaAcc: 0.4007 +- 0.0287 | VaLoss: 1.7497 +- 0.1275
313,  0 | TrAcc: 0.6750, TrLoss:  1.10352, VaAcc: 0.6567, VaLoss:  1.82617	 20 sampled NNs | VaAcc: 0.3976 +- 0.0373 | VaLoss: 1.7677 +- 0.1162
314,  0 | TrAcc: 0.6771, TrLoss:  1.10167, VaAcc: 0.6558, VaLoss:  1.77108	 20 sampled NNs | VaAcc: 0.4262 +- 0.0259 | VaLoss: 1.6672 +- 0.0753
315,  0 | TrAcc: 0.6719, TrLoss:  1.13098, VaAcc: 0.6516, VaLoss:  1.78794	 20 sampled NNs | VaAcc: 0.4091 +- 0.0368 | VaLoss: 1.6932 +- 0.1003
316,  0 | TrAcc: 0.6715, TrLoss:  1.14240, VaAcc: 0.6707, VaLoss:  1.76397	 20 sampled NNs | VaAcc: 0.4315 +- 0.0330 | VaLoss: 1.6528 +- 0.1506
317,  0 | TrAcc: 0.6864, TrLoss:  1.07676, VaAcc: 0.6704, VaLoss:  1.77946	 20 sampled NNs | VaAcc: 0.4169 +- 0.0330 | VaLoss: 1.7158 +- 0.1096
318,  0 | TrAcc: 0.6716, TrLoss:  1.10753, VaAcc: 0.6484, VaLoss:  1.80859	 20 sampled NNs | VaAcc: 0.3852 +- 0.0284 | VaLoss: 1.7939 +- 0.1135
319,  0 | TrAcc: 0.7082, TrLoss:  1.02449, VaAcc: 0.6845, VaLoss:  1.75779	 20 sampled NNs | VaAcc: 0.4326 +- 0.0375 | VaLoss: 1.6687 +- 0.1010
320,  0 | TrAcc: 0.6749, TrLoss:  1.10107, VaAcc: 0.6608, VaLoss:  1.78443	 20 sampled NNs | VaAcc: 0.4145 +- 0.0413 | VaLoss: 1.7149 +- 0.1108
321,  0 | TrAcc: 0.6910, TrLoss:  1.05664, VaAcc: 0.6752, VaLoss:  1.76123	 20 sampled NNs | VaAcc: 0.4456 +- 0.0348 | VaLoss: 1.6305 +- 0.1084
322,  0 | TrAcc: 0.6679, TrLoss:  1.11546, VaAcc: 0.6530, VaLoss:  1.80862	 20 sampled NNs | VaAcc: 0.4059 +- 0.0354 | VaLoss: 1.7729 +- 0.1092
323,  0 | TrAcc: 0.6531, TrLoss:  1.16679, VaAcc: 0.6652, VaLoss:  1.77629	 20 sampled NNs | VaAcc: 0.4144 +- 0.0253 | VaLoss: 1.6764 +- 0.0881
324,  0 | TrAcc: 0.6759, TrLoss:  1.12114, VaAcc: 0.6648, VaLoss:  1.77349	 20 sampled NNs | VaAcc: 0.4017 +- 0.0327 | VaLoss: 1.7521 +- 0.1115
325,  0 | TrAcc: 0.6725, TrLoss:  1.08958, VaAcc: 0.6641, VaLoss:  1.77503	 20 sampled NNs | VaAcc: 0.4225 +- 0.0269 | VaLoss: 1.6836 +- 0.0622
326,  0 | TrAcc: 0.6698, TrLoss:  1.12659, VaAcc: 0.6713, VaLoss:  1.77937	 20 sampled NNs | VaAcc: 0.4050 +- 0.0294 | VaLoss: 1.7105 +- 0.0839
327,  0 | TrAcc: 0.6796, TrLoss:  1.12355, VaAcc: 0.6681, VaLoss:  1.79087	 20 sampled NNs | VaAcc: 0.4211 +- 0.0291 | VaLoss: 1.6823 +- 0.1051
328,  0 | TrAcc: 0.6734, TrLoss:  1.11540, VaAcc: 0.6492, VaLoss:  1.81646	 20 sampled NNs | VaAcc: 0.4243 +- 0.0455 | VaLoss: 1.6884 +- 0.1646
329,  0 | TrAcc: 0.6897, TrLoss:  1.05049, VaAcc: 0.6697, VaLoss:  1.77602	 20 sampled NNs | VaAcc: 0.4219 +- 0.0287 | VaLoss: 1.6612 +- 0.0765
330,  0 | TrAcc: 0.6774, TrLoss:  1.10408, VaAcc: 0.6519, VaLoss:  1.79386	 20 sampled NNs | VaAcc: 0.3964 +- 0.0480 | VaLoss: 1.7409 +- 0.1268
331,  0 | TrAcc: 0.6728, TrLoss:  1.10905, VaAcc: 0.6676, VaLoss:  1.75523	 20 sampled NNs | VaAcc: 0.4163 +- 0.0240 | VaLoss: 1.6781 +- 0.0972
332,  0 | TrAcc: 0.7062, TrLoss:  1.05898, VaAcc: 0.6612, VaLoss:  1.78553	 20 sampled NNs | VaAcc: 0.4074 +- 0.0398 | VaLoss: 1.7243 +- 0.1267
333,  0 | TrAcc: 0.6775, TrLoss:  1.10029, VaAcc: 0.6596, VaLoss:  1.77998	 20 sampled NNs | VaAcc: 0.4068 +- 0.0424 | VaLoss: 1.7037 +- 0.1138
334,  0 | TrAcc: 0.6745, TrLoss:  1.08825, VaAcc: 0.6731, VaLoss:  1.74423	 20 sampled NNs | VaAcc: 0.4248 +- 0.0404 | VaLoss: 1.6929 +- 0.1124
335,  0 | TrAcc: 0.7167, TrLoss:  1.01712, VaAcc: 0.6594, VaLoss:  1.78411	 20 sampled NNs | VaAcc: 0.4369 +- 0.0272 | VaLoss: 1.6710 +- 0.0949
336,  0 | TrAcc: 0.6997, TrLoss:  1.07291, VaAcc: 0.6593, VaLoss:  1.78296	 20 sampled NNs | VaAcc: 0.4262 +- 0.0261 | VaLoss: 1.6924 +- 0.0834
337,  0 | TrAcc: 0.6860, TrLoss:  1.10169, VaAcc: 0.6764, VaLoss:  1.75684	 20 sampled NNs | VaAcc: 0.4182 +- 0.0366 | VaLoss: 1.7183 +- 0.1203
338,  0 | TrAcc: 0.6857, TrLoss:  1.07872, VaAcc: 0.6422, VaLoss:  1.80538	 20 sampled NNs | VaAcc: 0.3862 +- 0.0445 | VaLoss: 1.7868 +- 0.1190
339,  0 | TrAcc: 0.6893, TrLoss:  1.10762, VaAcc: 0.6672, VaLoss:  1.77424	 20 sampled NNs | VaAcc: 0.4210 +- 0.0452 | VaLoss: 1.7033 +- 0.1473
340,  0 | TrAcc: 0.6898, TrLoss:  1.06213, VaAcc: 0.6600, VaLoss:  1.80032	 20 sampled NNs | VaAcc: 0.4192 +- 0.0326 | VaLoss: 1.7005 +- 0.1013
341,  0 | TrAcc: 0.6870, TrLoss:  1.07918, VaAcc: 0.6522, VaLoss:  1.81064	 20 sampled NNs | VaAcc: 0.4057 +- 0.0326 | VaLoss: 1.7316 +- 0.0973
342,  0 | TrAcc: 0.6704, TrLoss:  1.11799, VaAcc: 0.6724, VaLoss:  1.76776	 20 sampled NNs | VaAcc: 0.4150 +- 0.0344 | VaLoss: 1.7032 +- 0.1144
343,  0 | TrAcc: 0.7072, TrLoss:  1.03644, VaAcc: 0.6422, VaLoss:  1.82266	 20 sampled NNs | VaAcc: 0.4110 +- 0.0348 | VaLoss: 1.7397 +- 0.1287
344,  0 | TrAcc: 0.6854, TrLoss:  1.08523, VaAcc: 0.6504, VaLoss:  1.81189	 20 sampled NNs | VaAcc: 0.4281 +- 0.0259 | VaLoss: 1.6478 +- 0.0780
345,  0 | TrAcc: 0.6868, TrLoss:  1.06995, VaAcc: 0.6640, VaLoss:  1.77623	 20 sampled NNs | VaAcc: 0.4304 +- 0.0381 | VaLoss: 1.6629 +- 0.0976
346,  0 | TrAcc: 0.6700, TrLoss:  1.11445, VaAcc: 0.6682, VaLoss:  1.77716	 20 sampled NNs | VaAcc: 0.4161 +- 0.0339 | VaLoss: 1.7125 +- 0.0930
347,  0 | TrAcc: 0.6942, TrLoss:  1.08395, VaAcc: 0.6767, VaLoss:  1.74924	 20 sampled NNs | VaAcc: 0.4242 +- 0.0367 | VaLoss: 1.6771 +- 0.0913
348,  0 | TrAcc: 0.6864, TrLoss:  1.05487, VaAcc: 0.6642, VaLoss:  1.76684	 20 sampled NNs | VaAcc: 0.4050 +- 0.0364 | VaLoss: 1.7024 +- 0.1032
349,  0 | TrAcc: 0.6784, TrLoss:  1.09526, VaAcc: 0.6623, VaLoss:  1.79387	 20 sampled NNs | VaAcc: 0.4160 +- 0.0320 | VaLoss: 1.6925 +- 0.1007
350,  0 | TrAcc: 0.6911, TrLoss:  1.09465, VaAcc: 0.6585, VaLoss:  1.80042	 20 sampled NNs | VaAcc: 0.4215 +- 0.0270 | VaLoss: 1.7095 +- 0.0849
351,  0 | TrAcc: 0.6824, TrLoss:  1.10109, VaAcc: 0.6480, VaLoss:  1.81458	 20 sampled NNs | VaAcc: 0.4230 +- 0.0358 | VaLoss: 1.6959 +- 0.1047
352,  0 | TrAcc: 0.6744, TrLoss:  1.12100, VaAcc: 0.6711, VaLoss:  1.76444	 20 sampled NNs | VaAcc: 0.4133 +- 0.0300 | VaLoss: 1.6971 +- 0.0932
353,  0 | TrAcc: 0.6831, TrLoss:  1.07771, VaAcc: 0.6650, VaLoss:  1.77272	 20 sampled NNs | VaAcc: 0.4030 +- 0.0395 | VaLoss: 1.7696 +- 0.1455
354,  0 | TrAcc: 0.6846, TrLoss:  1.08333, VaAcc: 0.6537, VaLoss:  1.80802	 20 sampled NNs | VaAcc: 0.4196 +- 0.0271 | VaLoss: 1.6961 +- 0.0795
355,  0 | TrAcc: 0.7050, TrLoss:  1.03944, VaAcc: 0.6612, VaLoss:  1.79305	 20 sampled NNs | VaAcc: 0.4002 +- 0.0309 | VaLoss: 1.7606 +- 0.1129
356,  0 | TrAcc: 0.7159, TrLoss:  1.02069, VaAcc: 0.6750, VaLoss:  1.75277	 20 sampled NNs | VaAcc: 0.4300 +- 0.0322 | VaLoss: 1.6608 +- 0.0896
357,  0 | TrAcc: 0.6800, TrLoss:  1.10985, VaAcc: 0.6698, VaLoss:  1.77581	 20 sampled NNs | VaAcc: 0.4117 +- 0.0383 | VaLoss: 1.7096 +- 0.0871
358,  0 | TrAcc: 0.6562, TrLoss:  1.16457, VaAcc: 0.6516, VaLoss:  1.81726	 20 sampled NNs | VaAcc: 0.3582 +- 0.0336 | VaLoss: 1.8807 +- 0.1148
359,  0 | TrAcc: 0.6865, TrLoss:  1.08373, VaAcc: 0.6497, VaLoss:  1.83078	 20 sampled NNs | VaAcc: 0.4244 +- 0.0266 | VaLoss: 1.6898 +- 0.1046
360,  0 | TrAcc: 0.7056, TrLoss:  1.04995, VaAcc: 0.6742, VaLoss:  1.77566	 20 sampled NNs | VaAcc: 0.4095 +- 0.0522 | VaLoss: 1.7726 +- 0.1657
361,  0 | TrAcc: 0.6844, TrLoss:  1.08816, VaAcc: 0.6734, VaLoss:  1.76226	 20 sampled NNs | VaAcc: 0.4342 +- 0.0290 | VaLoss: 1.7073 +- 0.1102
362,  0 | TrAcc: 0.6826, TrLoss:  1.10091, VaAcc: 0.6644, VaLoss:  1.78656	 20 sampled NNs | VaAcc: 0.4103 +- 0.0287 | VaLoss: 1.7268 +- 0.1125
363,  0 | TrAcc: 0.6937, TrLoss:  1.06996, VaAcc: 0.6728, VaLoss:  1.76634	 20 sampled NNs | VaAcc: 0.4021 +- 0.0389 | VaLoss: 1.7563 +- 0.1393
364,  0 | TrAcc: 0.6917, TrLoss:  1.06019, VaAcc: 0.6615, VaLoss:  1.79226	 20 sampled NNs | VaAcc: 0.3935 +- 0.0409 | VaLoss: 1.7723 +- 0.1125
365,  0 | TrAcc: 0.6913, TrLoss:  1.06088, VaAcc: 0.6705, VaLoss:  1.75947	 20 sampled NNs | VaAcc: 0.4113 +- 0.0382 | VaLoss: 1.6963 +- 0.1088
366,  0 | TrAcc: 0.6924, TrLoss:  1.08486, VaAcc: 0.6712, VaLoss:  1.76744	 20 sampled NNs | VaAcc: 0.4042 +- 0.0317 | VaLoss: 1.7213 +- 0.0844
367,  0 | TrAcc: 0.7006, TrLoss:  1.06164, VaAcc: 0.6799, VaLoss:  1.76173	 20 sampled NNs | VaAcc: 0.4071 +- 0.0423 | VaLoss: 1.7348 +- 0.1053
368,  0 | TrAcc: 0.6737, TrLoss:  1.08758, VaAcc: 0.6724, VaLoss:  1.77320	 20 sampled NNs | VaAcc: 0.4115 +- 0.0267 | VaLoss: 1.7445 +- 0.0897
369,  0 | TrAcc: 0.6694, TrLoss:  1.12247, VaAcc: 0.6631, VaLoss:  1.77508	 20 sampled NNs | VaAcc: 0.4215 +- 0.0372 | VaLoss: 1.6736 +- 0.1324
370,  0 | TrAcc: 0.6852, TrLoss:  1.09109, VaAcc: 0.6613, VaLoss:  1.78709	 20 sampled NNs | VaAcc: 0.4258 +- 0.0342 | VaLoss: 1.7108 +- 0.1178
371,  0 | TrAcc: 0.6856, TrLoss:  1.12817, VaAcc: 0.6662, VaLoss:  1.79450	 20 sampled NNs | VaAcc: 0.4148 +- 0.0401 | VaLoss: 1.7542 +- 0.1452
372,  0 | TrAcc: 0.6719, TrLoss:  1.11997, VaAcc: 0.6687, VaLoss:  1.78386	 20 sampled NNs | VaAcc: 0.4103 +- 0.0393 | VaLoss: 1.7227 +- 0.1320
373,  0 | TrAcc: 0.6856, TrLoss:  1.09709, VaAcc: 0.6817, VaLoss:  1.74088	 20 sampled NNs | VaAcc: 0.4257 +- 0.0331 | VaLoss: 1.6649 +- 0.0991
374,  0 | TrAcc: 0.6858, TrLoss:  1.08104, VaAcc: 0.6687, VaLoss:  1.79355	 20 sampled NNs | VaAcc: 0.4131 +- 0.0379 | VaLoss: 1.7169 +- 0.1068
375,  0 | TrAcc: 0.6897, TrLoss:  1.06962, VaAcc: 0.6702, VaLoss:  1.78280	 20 sampled NNs | VaAcc: 0.4329 +- 0.0379 | VaLoss: 1.6791 +- 0.1279
376,  0 | TrAcc: 0.6683, TrLoss:  1.12351, VaAcc: 0.6596, VaLoss:  1.79105	 20 sampled NNs | VaAcc: 0.3910 +- 0.0484 | VaLoss: 1.7870 +- 0.1489
377,  0 | TrAcc: 0.6763, TrLoss:  1.10096, VaAcc: 0.6609, VaLoss:  1.78275	 20 sampled NNs | VaAcc: 0.4225 +- 0.0438 | VaLoss: 1.6543 +- 0.1430
378,  0 | TrAcc: 0.6672, TrLoss:  1.13099, VaAcc: 0.6613, VaLoss:  1.78988	 20 sampled NNs | VaAcc: 0.4096 +- 0.0330 | VaLoss: 1.6904 +- 0.1011
379,  0 | TrAcc: 0.6895, TrLoss:  1.09520, VaAcc: 0.6756, VaLoss:  1.77647	 20 sampled NNs | VaAcc: 0.4116 +- 0.0466 | VaLoss: 1.7087 +- 0.1207
380,  0 | TrAcc: 0.6603, TrLoss:  1.16097, VaAcc: 0.6679, VaLoss:  1.77627	 20 sampled NNs | VaAcc: 0.4101 +- 0.0365 | VaLoss: 1.7124 +- 0.1001
381,  0 | TrAcc: 0.6779, TrLoss:  1.13004, VaAcc: 0.6555, VaLoss:  1.80921	 20 sampled NNs | VaAcc: 0.4072 +- 0.0309 | VaLoss: 1.7229 +- 0.0866
382,  0 | TrAcc: 0.7011, TrLoss:  1.03957, VaAcc: 0.6644, VaLoss:  1.79214	 20 sampled NNs | VaAcc: 0.4055 +- 0.0371 | VaLoss: 1.7382 +- 0.1070
383,  0 | TrAcc: 0.6738, TrLoss:  1.10293, VaAcc: 0.6478, VaLoss:  1.84013	 20 sampled NNs | VaAcc: 0.4033 +- 0.0405 | VaLoss: 1.7136 +- 0.1103
384,  0 | TrAcc: 0.6862, TrLoss:  1.09640, VaAcc: 0.6626, VaLoss:  1.79357	 20 sampled NNs | VaAcc: 0.4181 +- 0.0335 | VaLoss: 1.6896 +- 0.0981
385,  0 | TrAcc: 0.6751, TrLoss:  1.09316, VaAcc: 0.6367, VaLoss:  1.86425	 20 sampled NNs | VaAcc: 0.4028 +- 0.0319 | VaLoss: 1.7423 +- 0.1006
386,  0 | TrAcc: 0.6630, TrLoss:  1.14258, VaAcc: 0.6549, VaLoss:  1.82666	 20 sampled NNs | VaAcc: 0.3865 +- 0.0369 | VaLoss: 1.8122 +- 0.0931
387,  0 | TrAcc: 0.7067, TrLoss:  1.04988, VaAcc: 0.6721, VaLoss:  1.76115	 20 sampled NNs | VaAcc: 0.4154 +- 0.0366 | VaLoss: 1.6861 +- 0.1330
388,  0 | TrAcc: 0.6836, TrLoss:  1.09895, VaAcc: 0.6530, VaLoss:  1.78587	 20 sampled NNs | VaAcc: 0.4066 +- 0.0455 | VaLoss: 1.7100 +- 0.1371
389,  0 | TrAcc: 0.6824, TrLoss:  1.10453, VaAcc: 0.6598, VaLoss:  1.79986	 20 sampled NNs | VaAcc: 0.3871 +- 0.0464 | VaLoss: 1.7894 +- 0.1612
390,  0 | TrAcc: 0.6957, TrLoss:  1.07074, VaAcc: 0.6785, VaLoss:  1.75241	 20 sampled NNs | VaAcc: 0.4220 +- 0.0258 | VaLoss: 1.6831 +- 0.1084
391,  0 | TrAcc: 0.6863, TrLoss:  1.07432, VaAcc: 0.6542, VaLoss:  1.81829	 20 sampled NNs | VaAcc: 0.3852 +- 0.0440 | VaLoss: 1.7880 +- 0.1211
392,  0 | TrAcc: 0.6728, TrLoss:  1.13800, VaAcc: 0.6741, VaLoss:  1.75754	 20 sampled NNs | VaAcc: 0.4250 +- 0.0303 | VaLoss: 1.6505 +- 0.0871
393,  0 | TrAcc: 0.6768, TrLoss:  1.11538, VaAcc: 0.6696, VaLoss:  1.79168	 20 sampled NNs | VaAcc: 0.4048 +- 0.0338 | VaLoss: 1.7092 +- 0.0941
394,  0 | TrAcc: 0.6709, TrLoss:  1.15272, VaAcc: 0.6560, VaLoss:  1.79722	 20 sampled NNs | VaAcc: 0.4197 +- 0.0281 | VaLoss: 1.7143 +- 0.1116
395,  0 | TrAcc: 0.6860, TrLoss:  1.08362, VaAcc: 0.6596, VaLoss:  1.78572	 20 sampled NNs | VaAcc: 0.4282 +- 0.0298 | VaLoss: 1.6487 +- 0.1069
396,  0 | TrAcc: 0.6798, TrLoss:  1.11523, VaAcc: 0.6750, VaLoss:  1.76488	 20 sampled NNs | VaAcc: 0.4422 +- 0.0431 | VaLoss: 1.6324 +- 0.1365
397,  0 | TrAcc: 0.6922, TrLoss:  1.07637, VaAcc: 0.6685, VaLoss:  1.76764	 20 sampled NNs | VaAcc: 0.3930 +- 0.0403 | VaLoss: 1.7464 +- 0.1128
398,  0 | TrAcc: 0.7161, TrLoss:  1.01735, VaAcc: 0.6641, VaLoss:  1.76997	 20 sampled NNs | VaAcc: 0.3797 +- 0.0489 | VaLoss: 1.8322 +- 0.1708
399,  0 | TrAcc: 0.6718, TrLoss:  1.10319, VaAcc: 0.6656, VaLoss:  1.77643	 20 sampled NNs | VaAcc: 0.4279 +- 0.0269 | VaLoss: 1.6506 +- 0.0984
109260.44078
----------------------------
