

config:

HOME=/clusterFS/home/student/kopp13
PATH=/clusterFS/home/student/kopp13/miniconda3/envs/tensorflow/bin:/clusterFS/home/student/kopp13/miniconda3/bin:/clusterFS/home/student/kopp13/bin:/usr/local/bin:/usr/bin:/bin:/usr/local/games:/usr/games
LD_LIBRARY_PATH=
THEANO_FLAGS=floatX=float32,gpuarray.preallocate=0.9,dnn.library_path=/usr/lib/x86_64-linux-gnu,cxx=clang++-3.8,device=cuda,base_compiledir=/tmp/tmp.q0r9h9ZdYa

=============================
CONFIG FILE

RNN CONFIG
{'data_multiplier': 5.0,
 'gradient_clip_value': 0.5,
 'layer_configs': [{'layer_type': 'input'},
                   {'bc': {'init_m': 'xavier',
                           'init_v': -4.5,
                           'prior_m': 0.0,
                           'prior_v': 0.0,
                           'type': 'continuous'},
                    'bf': {'init_m': 'xavier',
                           'init_v': -4.5,
                           'prior_m': 0.0,
                           'prior_v': 0.0,
                           'type': 'continuous'},
                    'bi': {'init_m': 'xavier',
                           'init_v': -4.5,
                           'prior_m': 0.0,
                           'prior_v': 0.0,
                           'type': 'continuous'},
                    'bo': {'init_m': 'xavier',
                           'init_v': -4.5,
                           'prior_m': 0.0,
                           'prior_v': 0.0,
                           'type': 'continuous'},
                    'discrete_act': True,
                    'init_config': {'c': {'b': 'all_zero', 'w': 'xavier'},
                                    'f': {'b': 'all_one', 'w': 'all_zero'},
                                    'i': {'b': 'all_zero', 'w': 'xavier'},
                                    'o': {'b': 'all_zero', 'w': 'xavier'}},
                    'is_output': False,
                    'is_recurrent': True,
                    'layer_type': 'lstm',
                    'tau': 0.8,
                    'var_scope': 'lstm_0',
                    'wc': {'p0max': 0.95,
                           'p0min': 0.05,
                           'pmax': 0.99,
                           'pmin': 0.01,
                           'priors': [0.1, 0.8, 0.1],
                           'type': 'ternary'},
                    'wf': {'p0max': 0.95,
                           'p0min': 0.05,
                           'pmax': 0.99,
                           'pmin': 0.01,
                           'priors': [0.1, 0.8, 0.1],
                           'type': 'ternary'},
                    'wi': {'p0max': 0.95,
                           'p0min': 0.05,
                           'pmax': 0.99,
                           'pmin': 0.01,
                           'priors': [0.1, 0.8, 0.1],
                           'type': 'ternary'},
                    'wo': {'p0max': 0.95,
                           'p0min': 0.05,
                           'pmax': 0.99,
                           'pmin': 0.01,
                           'priors': [0.1, 0.8, 0.1],
                           'type': 'ternary'}},
                   {'bc': {'init_m': 'xavier',
                           'init_v': -4.5,
                           'prior_m': 0.0,
                           'prior_v': 0.0,
                           'type': 'continuous'},
                    'bf': {'init_m': 'xavier',
                           'init_v': -4.5,
                           'prior_m': 0.0,
                           'prior_v': 0.0,
                           'type': 'continuous'},
                    'bi': {'init_m': 'xavier',
                           'init_v': -4.5,
                           'prior_m': 0.0,
                           'prior_v': 0.0,
                           'type': 'continuous'},
                    'bo': {'init_m': 'xavier',
                           'init_v': -4.5,
                           'prior_m': 0.0,
                           'prior_v': 0.0,
                           'type': 'continuous'},
                    'discrete_act': True,
                    'init_config': {'c': {'b': 'all_zero', 'w': 'xavier'},
                                    'f': {'b': 'all_one', 'w': 'all_zero'},
                                    'i': {'b': 'all_zero', 'w': 'xavier'},
                                    'o': {'b': 'all_zero', 'w': 'xavier'}},
                    'is_output': False,
                    'is_recurrent': True,
                    'layer_type': 'lstm',
                    'tau': 0.8,
                    'var_scope': 'lstm_1',
                    'wc': {'p0max': 0.95,
                           'p0min': 0.05,
                           'pmax': 0.99,
                           'pmin': 0.01,
                           'priors': [0.1, 0.8, 0.1],
                           'type': 'ternary'},
                    'wf': {'p0max': 0.95,
                           'p0min': 0.05,
                           'pmax': 0.99,
                           'pmin': 0.01,
                           'priors': [0.1, 0.8, 0.1],
                           'type': 'ternary'},
                    'wi': {'p0max': 0.95,
                           'p0min': 0.05,
                           'pmax': 0.99,
                           'pmin': 0.01,
                           'priors': [0.1, 0.8, 0.1],
                           'type': 'ternary'},
                    'wo': {'p0max': 0.95,
                           'p0min': 0.05,
                           'pmax': 0.99,
                           'pmin': 0.01,
                           'priors': [0.1, 0.8, 0.1],
                           'type': 'ternary'}},
                   {'b': {'init_m': 'xavier',
                          'init_v': -4.5,
                          'prior_m': 0.0,
                          'prior_v': 0.0,
                          'type': 'continuous'},
                    'is_output': True,
                    'is_recurrent': False,
                    'layer_type': 'fc',
                    'regularization': {'mode': None, 'strength': 0.02},
                    'tau': 0.8,
                    'var_scope': 'output_layer',
                    'w': {'p0max': 0.95,
                          'p0min': 0.05,
                          'pmax': 0.99,
                          'pmin': 0.01,
                          'priors': [0.1, 0.8, 0.1],
                          'type': 'ternary'}}],
 'layout': [4, 60, 60, 10],
 'output_type': 'classification'}

DATA CONFIG
{'dataset': 'red_penstroke',
 'tr': {'in_seq_len': 30,
        'minibatch_enabled': True,
        'minibatch_size': 200,
        'out_seq_len': 5,
        'zero_padding': 20},
 'va': {'in_seq_len': 30,
        'minibatch_enabled': True,
        'minibatch_size': 200,
        'out_seq_len': 5,
        'zero_padding': 20}}

TRAINING CONFIG
{'beta_reg': 0.0,
 'is_pretrain': False,
 'learning_rate': 0.002,
 'mode': {'max_epochs': 400, 'min_error': 0.0, 'name': 'classic'},
 'task_id': 3,
 'type': 'l_sampling',
 'var_reg': 0.0}
==============================


  0,  0 | TrAcc: 0.0983, TrLoss:  2.57281, VaAcc: 0.1016, VaLoss:  2.58989	 20 sampled NNs | VaAcc: 0.1007 +- 0.0099 | VaLoss: 3.3485 +- 0.1528
  1,  0 | TrAcc: 0.1382, TrLoss:  2.27218, VaAcc: 0.1027, VaLoss:  2.34440	 20 sampled NNs | VaAcc: 0.1060 +- 0.0109 | VaLoss: 2.4907 +- 0.1171
  2,  0 | TrAcc: 0.1799, TrLoss:  2.15787, VaAcc: 0.1404, VaLoss:  2.24589	 20 sampled NNs | VaAcc: 0.0990 +- 0.0076 | VaLoss: 2.3393 +- 0.0338
  3,  0 | TrAcc: 0.2406, TrLoss:  1.98618, VaAcc: 0.2346, VaLoss:  2.02913	 20 sampled NNs | VaAcc: 0.1227 +- 0.0164 | VaLoss: 2.3838 +- 0.0540
  4,  0 | TrAcc: 0.2736, TrLoss:  1.88745, VaAcc: 0.2447, VaLoss:  1.92640	 20 sampled NNs | VaAcc: 0.1144 +- 0.0258 | VaLoss: 2.4795 +- 0.1029
  5,  0 | TrAcc: 0.3265, TrLoss:  1.77548, VaAcc: 0.3120, VaLoss:  1.79055	 20 sampled NNs | VaAcc: 0.1182 +- 0.0326 | VaLoss: 2.4125 +- 0.1178
  6,  0 | TrAcc: 0.3665, TrLoss:  1.68336, VaAcc: 0.3634, VaLoss:  1.70858	 20 sampled NNs | VaAcc: 0.1223 +- 0.0321 | VaLoss: 2.4460 +- 0.0893
  7,  0 | TrAcc: 0.4077, TrLoss:  1.57955, VaAcc: 0.3929, VaLoss:  1.65215	 20 sampled NNs | VaAcc: 0.1531 +- 0.0253 | VaLoss: 2.4194 +- 0.1103
  8,  0 | TrAcc: 0.4447, TrLoss:  1.53351, VaAcc: 0.4256, VaLoss:  1.61320	 20 sampled NNs | VaAcc: 0.1477 +- 0.0304 | VaLoss: 2.4350 +- 0.1257
  9,  0 | TrAcc: 0.4667, TrLoss:  1.47075, VaAcc: 0.4608, VaLoss:  1.52391	 20 sampled NNs | VaAcc: 0.1512 +- 0.0390 | VaLoss: 2.4957 +- 0.1323
 10,  0 | TrAcc: 0.4841, TrLoss:  1.40079, VaAcc: 0.4544, VaLoss:  1.53104	 20 sampled NNs | VaAcc: 0.1567 +- 0.0343 | VaLoss: 2.5040 +- 0.1522
 11,  0 | TrAcc: 0.5184, TrLoss:  1.29110, VaAcc: 0.4789, VaLoss:  1.50659	 20 sampled NNs | VaAcc: 0.1795 +- 0.0340 | VaLoss: 2.5208 +- 0.1890
 12,  0 | TrAcc: 0.5139, TrLoss:  1.32736, VaAcc: 0.4985, VaLoss:  1.46408	 20 sampled NNs | VaAcc: 0.1665 +- 0.0330 | VaLoss: 2.5078 +- 0.1582
 13,  0 | TrAcc: 0.5372, TrLoss:  1.29360, VaAcc: 0.5066, VaLoss:  1.44312	 20 sampled NNs | VaAcc: 0.1678 +- 0.0297 | VaLoss: 2.4671 +- 0.1619
 14,  0 | TrAcc: 0.5266, TrLoss:  1.31118, VaAcc: 0.5276, VaLoss:  1.41020	 20 sampled NNs | VaAcc: 0.1766 +- 0.0309 | VaLoss: 2.4873 +- 0.1773
 15,  0 | TrAcc: 0.5646, TrLoss:  1.22388, VaAcc: 0.5401, VaLoss:  1.36801	 20 sampled NNs | VaAcc: 0.1807 +- 0.0386 | VaLoss: 2.4726 +- 0.1589
 16,  0 | TrAcc: 0.5640, TrLoss:  1.22960, VaAcc: 0.5334, VaLoss:  1.37212	 20 sampled NNs | VaAcc: 0.2019 +- 0.0378 | VaLoss: 2.3815 +- 0.1692
 17,  0 | TrAcc: 0.5806, TrLoss:  1.19836, VaAcc: 0.5554, VaLoss:  1.34137	 20 sampled NNs | VaAcc: 0.1791 +- 0.0332 | VaLoss: 2.4947 +- 0.1705
 18,  0 | TrAcc: 0.5883, TrLoss:  1.14725, VaAcc: 0.5685, VaLoss:  1.31369	 20 sampled NNs | VaAcc: 0.2015 +- 0.0398 | VaLoss: 2.3882 +- 0.1845
 19,  0 | TrAcc: 0.5858, TrLoss:  1.21740, VaAcc: 0.5734, VaLoss:  1.30322	 20 sampled NNs | VaAcc: 0.2144 +- 0.0400 | VaLoss: 2.4109 +- 0.1884
 20,  0 | TrAcc: 0.6126, TrLoss:  1.10010, VaAcc: 0.5867, VaLoss:  1.29500	 20 sampled NNs | VaAcc: 0.1986 +- 0.0344 | VaLoss: 2.4428 +- 0.1411
 21,  0 | TrAcc: 0.6096, TrLoss:  1.09346, VaAcc: 0.5874, VaLoss:  1.29398	 20 sampled NNs | VaAcc: 0.1828 +- 0.0174 | VaLoss: 2.5249 +- 0.1159
 22,  0 | TrAcc: 0.6246, TrLoss:  1.08424, VaAcc: 0.5938, VaLoss:  1.26528	 20 sampled NNs | VaAcc: 0.2102 +- 0.0484 | VaLoss: 2.4525 +- 0.1958
 23,  0 | TrAcc: 0.6232, TrLoss:  1.04524, VaAcc: 0.6007, VaLoss:  1.27056	 20 sampled NNs | VaAcc: 0.2437 +- 0.0379 | VaLoss: 2.3033 +- 0.1949
 24,  0 | TrAcc: 0.6289, TrLoss:  1.11086, VaAcc: 0.6014, VaLoss:  1.23688	 20 sampled NNs | VaAcc: 0.2071 +- 0.0363 | VaLoss: 2.3487 +- 0.1421
 25,  0 | TrAcc: 0.6627, TrLoss:  0.98346, VaAcc: 0.5902, VaLoss:  1.26307	 20 sampled NNs | VaAcc: 0.2376 +- 0.0432 | VaLoss: 2.3068 +- 0.1542
 26,  0 | TrAcc: 0.6387, TrLoss:  1.03503, VaAcc: 0.6004, VaLoss:  1.21527	 20 sampled NNs | VaAcc: 0.2220 +- 0.0253 | VaLoss: 2.2803 +- 0.1582
 27,  0 | TrAcc: 0.6536, TrLoss:  1.03300, VaAcc: 0.6119, VaLoss:  1.21186	 20 sampled NNs | VaAcc: 0.2186 +- 0.0487 | VaLoss: 2.3776 +- 0.1709
 28,  0 | TrAcc: 0.6439, TrLoss:  1.05382, VaAcc: 0.6016, VaLoss:  1.24207	 20 sampled NNs | VaAcc: 0.2547 +- 0.0313 | VaLoss: 2.2419 +- 0.1530
 29,  0 | TrAcc: 0.6300, TrLoss:  1.07626, VaAcc: 0.6178, VaLoss:  1.20749	 20 sampled NNs | VaAcc: 0.2462 +- 0.0414 | VaLoss: 2.3217 +- 0.1751
 30,  0 | TrAcc: 0.6549, TrLoss:  0.98059, VaAcc: 0.6160, VaLoss:  1.18992	 20 sampled NNs | VaAcc: 0.2229 +- 0.0406 | VaLoss: 2.3482 +- 0.1895
 31,  0 | TrAcc: 0.6639, TrLoss:  0.97517, VaAcc: 0.6110, VaLoss:  1.18013	 20 sampled NNs | VaAcc: 0.2382 +- 0.0448 | VaLoss: 2.4124 +- 0.1887
 32,  0 | TrAcc: 0.6727, TrLoss:  0.93354, VaAcc: 0.6313, VaLoss:  1.15399	 20 sampled NNs | VaAcc: 0.2373 +- 0.0389 | VaLoss: 2.3738 +- 0.1717
 33,  0 | TrAcc: 0.6659, TrLoss:  0.97324, VaAcc: 0.6185, VaLoss:  1.18568	 20 sampled NNs | VaAcc: 0.2374 +- 0.0319 | VaLoss: 2.3367 +- 0.1429
 34,  0 | TrAcc: 0.6685, TrLoss:  0.99743, VaAcc: 0.6192, VaLoss:  1.19509	 20 sampled NNs | VaAcc: 0.2585 +- 0.0416 | VaLoss: 2.2768 +- 0.1787
 35,  0 | TrAcc: 0.6593, TrLoss:  1.01852, VaAcc: 0.6270, VaLoss:  1.19692	 20 sampled NNs | VaAcc: 0.2617 +- 0.0451 | VaLoss: 2.2163 +- 0.1730
 36,  0 | TrAcc: 0.6581, TrLoss:  0.96474, VaAcc: 0.6136, VaLoss:  1.18841	 20 sampled NNs | VaAcc: 0.2564 +- 0.0388 | VaLoss: 2.2787 +- 0.1618
 37,  0 | TrAcc: 0.6636, TrLoss:  0.98665, VaAcc: 0.6305, VaLoss:  1.15980	 20 sampled NNs | VaAcc: 0.2680 +- 0.0334 | VaLoss: 2.2257 +- 0.1336
 38,  0 | TrAcc: 0.6492, TrLoss:  1.02425, VaAcc: 0.6345, VaLoss:  1.13525	 20 sampled NNs | VaAcc: 0.2603 +- 0.0353 | VaLoss: 2.2724 +- 0.1386
 39,  0 | TrAcc: 0.6819, TrLoss:  0.92507, VaAcc: 0.6410, VaLoss:  1.13048	 20 sampled NNs | VaAcc: 0.2462 +- 0.0443 | VaLoss: 2.3555 +- 0.2113
 40,  0 | TrAcc: 0.6703, TrLoss:  0.95323, VaAcc: 0.6435, VaLoss:  1.15197	 20 sampled NNs | VaAcc: 0.2497 +- 0.0351 | VaLoss: 2.3550 +- 0.1642
 41,  0 | TrAcc: 0.6739, TrLoss:  0.92593, VaAcc: 0.6306, VaLoss:  1.17475	 20 sampled NNs | VaAcc: 0.2617 +- 0.0342 | VaLoss: 2.2491 +- 0.1281
 42,  0 | TrAcc: 0.6563, TrLoss:  0.97114, VaAcc: 0.6338, VaLoss:  1.18662	 20 sampled NNs | VaAcc: 0.2519 +- 0.0396 | VaLoss: 2.3552 +- 0.2278
 43,  0 | TrAcc: 0.6741, TrLoss:  0.93894, VaAcc: 0.6283, VaLoss:  1.15122	 20 sampled NNs | VaAcc: 0.2655 +- 0.0312 | VaLoss: 2.2544 +- 0.1323
 44,  0 | TrAcc: 0.6802, TrLoss:  0.90825, VaAcc: 0.6415, VaLoss:  1.11258	 20 sampled NNs | VaAcc: 0.2619 +- 0.0339 | VaLoss: 2.2336 +- 0.1552
 45,  0 | TrAcc: 0.6859, TrLoss:  0.91836, VaAcc: 0.6386, VaLoss:  1.13480	 20 sampled NNs | VaAcc: 0.2535 +- 0.0318 | VaLoss: 2.2986 +- 0.1545
 46,  0 | TrAcc: 0.6808, TrLoss:  0.95797, VaAcc: 0.6490, VaLoss:  1.14642	 20 sampled NNs | VaAcc: 0.2792 +- 0.0349 | VaLoss: 2.1722 +- 0.1400
 47,  0 | TrAcc: 0.6863, TrLoss:  0.88771, VaAcc: 0.6283, VaLoss:  1.15681	 20 sampled NNs | VaAcc: 0.2541 +- 0.0376 | VaLoss: 2.3026 +- 0.2007
 48,  0 | TrAcc: 0.6879, TrLoss:  0.88398, VaAcc: 0.6454, VaLoss:  1.14245	 20 sampled NNs | VaAcc: 0.2848 +- 0.0350 | VaLoss: 2.1962 +- 0.1454
 49,  0 | TrAcc: 0.6942, TrLoss:  0.88322, VaAcc: 0.6384, VaLoss:  1.16425	 20 sampled NNs | VaAcc: 0.2825 +- 0.0415 | VaLoss: 2.1620 +- 0.1815
 50,  0 | TrAcc: 0.6795, TrLoss:  0.91874, VaAcc: 0.6421, VaLoss:  1.13925	 20 sampled NNs | VaAcc: 0.3112 +- 0.0372 | VaLoss: 2.1082 +- 0.1507
 51,  0 | TrAcc: 0.6824, TrLoss:  0.91791, VaAcc: 0.6487, VaLoss:  1.15999	 20 sampled NNs | VaAcc: 0.2655 +- 0.0414 | VaLoss: 2.2736 +- 0.2196
 52,  0 | TrAcc: 0.7065, TrLoss:  0.85930, VaAcc: 0.6509, VaLoss:  1.11886	 20 sampled NNs | VaAcc: 0.2760 +- 0.0307 | VaLoss: 2.2413 +- 0.1631
 53,  0 | TrAcc: 0.7088, TrLoss:  0.83296, VaAcc: 0.6471, VaLoss:  1.11901	 20 sampled NNs | VaAcc: 0.2964 +- 0.0375 | VaLoss: 2.2362 +- 0.1469
 54,  0 | TrAcc: 0.7133, TrLoss:  0.86666, VaAcc: 0.6470, VaLoss:  1.14418	 20 sampled NNs | VaAcc: 0.2796 +- 0.0408 | VaLoss: 2.2524 +- 0.1962
 55,  0 | TrAcc: 0.6873, TrLoss:  0.90402, VaAcc: 0.6423, VaLoss:  1.15974	 20 sampled NNs | VaAcc: 0.2931 +- 0.0233 | VaLoss: 2.2171 +- 0.1377
 56,  0 | TrAcc: 0.6914, TrLoss:  0.92201, VaAcc: 0.6422, VaLoss:  1.16206	 20 sampled NNs | VaAcc: 0.2711 +- 0.0356 | VaLoss: 2.3061 +- 0.1933
 57,  0 | TrAcc: 0.6939, TrLoss:  0.89246, VaAcc: 0.6438, VaLoss:  1.15504	 20 sampled NNs | VaAcc: 0.2891 +- 0.0322 | VaLoss: 2.1659 +- 0.1389
 58,  0 | TrAcc: 0.6928, TrLoss:  0.89547, VaAcc: 0.6521, VaLoss:  1.11915	 20 sampled NNs | VaAcc: 0.2769 +- 0.0388 | VaLoss: 2.2014 +- 0.1677
 59,  0 | TrAcc: 0.7072, TrLoss:  0.85439, VaAcc: 0.6555, VaLoss:  1.10728	 20 sampled NNs | VaAcc: 0.3022 +- 0.0453 | VaLoss: 2.1213 +- 0.1560
 60,  0 | TrAcc: 0.6981, TrLoss:  0.87391, VaAcc: 0.6444, VaLoss:  1.13441	 20 sampled NNs | VaAcc: 0.3271 +- 0.0339 | VaLoss: 2.0352 +- 0.1253
 61,  0 | TrAcc: 0.7202, TrLoss:  0.82647, VaAcc: 0.6642, VaLoss:  1.09198	 20 sampled NNs | VaAcc: 0.2891 +- 0.0349 | VaLoss: 2.2048 +- 0.1520
 62,  0 | TrAcc: 0.6993, TrLoss:  0.85470, VaAcc: 0.6499, VaLoss:  1.12545	 20 sampled NNs | VaAcc: 0.2958 +- 0.0368 | VaLoss: 2.2116 +- 0.1481
 63,  0 | TrAcc: 0.7092, TrLoss:  0.85407, VaAcc: 0.6594, VaLoss:  1.10331	 20 sampled NNs | VaAcc: 0.3112 +- 0.0402 | VaLoss: 2.2258 +- 0.1588
 64,  0 | TrAcc: 0.7227, TrLoss:  0.82499, VaAcc: 0.6426, VaLoss:  1.15553	 20 sampled NNs | VaAcc: 0.3073 +- 0.0262 | VaLoss: 2.1645 +- 0.1112
 65,  0 | TrAcc: 0.7068, TrLoss:  0.85471, VaAcc: 0.6653, VaLoss:  1.10388	 20 sampled NNs | VaAcc: 0.3282 +- 0.0315 | VaLoss: 2.0592 +- 0.1247
 66,  0 | TrAcc: 0.7126, TrLoss:  0.84151, VaAcc: 0.6544, VaLoss:  1.14986	 20 sampled NNs | VaAcc: 0.3280 +- 0.0378 | VaLoss: 2.0661 +- 0.1575
 67,  0 | TrAcc: 0.7043, TrLoss:  0.88720, VaAcc: 0.6659, VaLoss:  1.08296	 20 sampled NNs | VaAcc: 0.3090 +- 0.0351 | VaLoss: 2.1724 +- 0.1697
 68,  0 | TrAcc: 0.7062, TrLoss:  0.85927, VaAcc: 0.6562, VaLoss:  1.11427	 20 sampled NNs | VaAcc: 0.3300 +- 0.0357 | VaLoss: 2.0501 +- 0.1404
 69,  0 | TrAcc: 0.7082, TrLoss:  0.83837, VaAcc: 0.6569, VaLoss:  1.08420	 20 sampled NNs | VaAcc: 0.3136 +- 0.0324 | VaLoss: 2.1046 +- 0.1379
 70,  0 | TrAcc: 0.7077, TrLoss:  0.84946, VaAcc: 0.6658, VaLoss:  1.06864	 20 sampled NNs | VaAcc: 0.3160 +- 0.0363 | VaLoss: 2.0887 +- 0.1493
 71,  0 | TrAcc: 0.7005, TrLoss:  0.86937, VaAcc: 0.6709, VaLoss:  1.08397	 20 sampled NNs | VaAcc: 0.3192 +- 0.0406 | VaLoss: 2.1297 +- 0.1824
 72,  0 | TrAcc: 0.7195, TrLoss:  0.82497, VaAcc: 0.6463, VaLoss:  1.15156	 20 sampled NNs | VaAcc: 0.2956 +- 0.0312 | VaLoss: 2.2134 +- 0.1351
 73,  0 | TrAcc: 0.7011, TrLoss:  0.88832, VaAcc: 0.6572, VaLoss:  1.09624	 20 sampled NNs | VaAcc: 0.3298 +- 0.0316 | VaLoss: 1.9999 +- 0.1401
 74,  0 | TrAcc: 0.7310, TrLoss:  0.80458, VaAcc: 0.6680, VaLoss:  1.07076	 20 sampled NNs | VaAcc: 0.3474 +- 0.0423 | VaLoss: 1.9645 +- 0.1385
 75,  0 | TrAcc: 0.7085, TrLoss:  0.85267, VaAcc: 0.6477, VaLoss:  1.11303	 20 sampled NNs | VaAcc: 0.3122 +- 0.0449 | VaLoss: 2.0904 +- 0.1619
 76,  0 | TrAcc: 0.7101, TrLoss:  0.85807, VaAcc: 0.6589, VaLoss:  1.08880	 20 sampled NNs | VaAcc: 0.3297 +- 0.0308 | VaLoss: 2.0556 +- 0.1336
 77,  0 | TrAcc: 0.7287, TrLoss:  0.78156, VaAcc: 0.6715, VaLoss:  1.04644	 20 sampled NNs | VaAcc: 0.3374 +- 0.0331 | VaLoss: 2.0189 +- 0.1483
 78,  0 | TrAcc: 0.7155, TrLoss:  0.83640, VaAcc: 0.6604, VaLoss:  1.09118	 20 sampled NNs | VaAcc: 0.3313 +- 0.0347 | VaLoss: 2.0600 +- 0.1297
 79,  0 | TrAcc: 0.7012, TrLoss:  0.88643, VaAcc: 0.6524, VaLoss:  1.11874	 20 sampled NNs | VaAcc: 0.3067 +- 0.0277 | VaLoss: 2.0515 +- 0.1083
 80,  0 | TrAcc: 0.7267, TrLoss:  0.81103, VaAcc: 0.6664, VaLoss:  1.07200	 20 sampled NNs | VaAcc: 0.3322 +- 0.0262 | VaLoss: 2.0086 +- 0.1300
 81,  0 | TrAcc: 0.7172, TrLoss:  0.83587, VaAcc: 0.6600, VaLoss:  1.08208	 20 sampled NNs | VaAcc: 0.3288 +- 0.0399 | VaLoss: 2.0263 +- 0.1342
 82,  0 | TrAcc: 0.7176, TrLoss:  0.82127, VaAcc: 0.6696, VaLoss:  1.07482	 20 sampled NNs | VaAcc: 0.3458 +- 0.0290 | VaLoss: 1.9815 +- 0.0979
 83,  0 | TrAcc: 0.7040, TrLoss:  0.85730, VaAcc: 0.6696, VaLoss:  1.08457	 20 sampled NNs | VaAcc: 0.3075 +- 0.0352 | VaLoss: 2.0993 +- 0.1460
 84,  0 | TrAcc: 0.7219, TrLoss:  0.80958, VaAcc: 0.6671, VaLoss:  1.09477	 20 sampled NNs | VaAcc: 0.3334 +- 0.0309 | VaLoss: 2.0454 +- 0.1310
 85,  0 | TrAcc: 0.7379, TrLoss:  0.77420, VaAcc: 0.6776, VaLoss:  1.05271	 20 sampled NNs | VaAcc: 0.3370 +- 0.0304 | VaLoss: 2.0561 +- 0.1110
 86,  0 | TrAcc: 0.7106, TrLoss:  0.85081, VaAcc: 0.6723, VaLoss:  1.10424	 20 sampled NNs | VaAcc: 0.3295 +- 0.0385 | VaLoss: 2.0719 +- 0.1428
 87,  0 | TrAcc: 0.7092, TrLoss:  0.87674, VaAcc: 0.6698, VaLoss:  1.09378	 20 sampled NNs | VaAcc: 0.3432 +- 0.0410 | VaLoss: 2.0077 +- 0.1492
 88,  0 | TrAcc: 0.7311, TrLoss:  0.79155, VaAcc: 0.6683, VaLoss:  1.07315	 20 sampled NNs | VaAcc: 0.3508 +- 0.0390 | VaLoss: 1.9671 +- 0.1530
 89,  0 | TrAcc: 0.7310, TrLoss:  0.79388, VaAcc: 0.6816, VaLoss:  1.06673	 20 sampled NNs | VaAcc: 0.3650 +- 0.0369 | VaLoss: 1.8679 +- 0.1315
 90,  0 | TrAcc: 0.7178, TrLoss:  0.82694, VaAcc: 0.6694, VaLoss:  1.09620	 20 sampled NNs | VaAcc: 0.3481 +- 0.0324 | VaLoss: 2.0282 +- 0.1204
 91,  0 | TrAcc: 0.7107, TrLoss:  0.87292, VaAcc: 0.6725, VaLoss:  1.06003	 20 sampled NNs | VaAcc: 0.3209 +- 0.0323 | VaLoss: 2.0413 +- 0.0714
 92,  0 | TrAcc: 0.7336, TrLoss:  0.78777, VaAcc: 0.6755, VaLoss:  1.07676	 20 sampled NNs | VaAcc: 0.3470 +- 0.0431 | VaLoss: 1.9517 +- 0.1466
 93,  0 | TrAcc: 0.6982, TrLoss:  0.86243, VaAcc: 0.6783, VaLoss:  1.04593	 20 sampled NNs | VaAcc: 0.3365 +- 0.0341 | VaLoss: 1.9893 +- 0.1208
 94,  0 | TrAcc: 0.7345, TrLoss:  0.80820, VaAcc: 0.6637, VaLoss:  1.12347	 20 sampled NNs | VaAcc: 0.3520 +- 0.0308 | VaLoss: 1.9204 +- 0.1270
 95,  0 | TrAcc: 0.7357, TrLoss:  0.79810, VaAcc: 0.6695, VaLoss:  1.09578	 20 sampled NNs | VaAcc: 0.3495 +- 0.0271 | VaLoss: 1.9528 +- 0.0822
 96,  0 | TrAcc: 0.7328, TrLoss:  0.78520, VaAcc: 0.6739, VaLoss:  1.08060	 20 sampled NNs | VaAcc: 0.3641 +- 0.0455 | VaLoss: 1.9146 +- 0.1574
 97,  0 | TrAcc: 0.7184, TrLoss:  0.81243, VaAcc: 0.6667, VaLoss:  1.09390	 20 sampled NNs | VaAcc: 0.3430 +- 0.0337 | VaLoss: 2.0125 +- 0.1252
 98,  0 | TrAcc: 0.7386, TrLoss:  0.78563, VaAcc: 0.6745, VaLoss:  1.07713	 20 sampled NNs | VaAcc: 0.3484 +- 0.0355 | VaLoss: 1.9818 +- 0.1547
 99,  0 | TrAcc: 0.7271, TrLoss:  0.82065, VaAcc: 0.6793, VaLoss:  1.07043	 20 sampled NNs | VaAcc: 0.3408 +- 0.0312 | VaLoss: 2.0185 +- 0.1241
100,  0 | TrAcc: 0.7237, TrLoss:  0.80369, VaAcc: 0.6735, VaLoss:  1.05549	 20 sampled NNs | VaAcc: 0.3544 +- 0.0349 | VaLoss: 1.9474 +- 0.1197
101,  0 | TrAcc: 0.7554, TrLoss:  0.73294, VaAcc: 0.6795, VaLoss:  1.08139	 20 sampled NNs | VaAcc: 0.3358 +- 0.0453 | VaLoss: 2.0111 +- 0.1588
102,  0 | TrAcc: 0.7093, TrLoss:  0.83850, VaAcc: 0.6652, VaLoss:  1.12884	 20 sampled NNs | VaAcc: 0.3261 +- 0.0260 | VaLoss: 2.0381 +- 0.1172
103,  0 | TrAcc: 0.7182, TrLoss:  0.82340, VaAcc: 0.6867, VaLoss:  1.03347	 20 sampled NNs | VaAcc: 0.3586 +- 0.0426 | VaLoss: 1.9886 +- 0.1656
104,  0 | TrAcc: 0.7168, TrLoss:  0.84501, VaAcc: 0.6888, VaLoss:  1.02987	 20 sampled NNs | VaAcc: 0.3575 +- 0.0279 | VaLoss: 2.0333 +- 0.1197
105,  0 | TrAcc: 0.7209, TrLoss:  0.81877, VaAcc: 0.6713, VaLoss:  1.06678	 20 sampled NNs | VaAcc: 0.3477 +- 0.0269 | VaLoss: 1.9894 +- 0.1211
106,  0 | TrAcc: 0.7113, TrLoss:  0.87618, VaAcc: 0.6779, VaLoss:  1.10222	 20 sampled NNs | VaAcc: 0.3594 +- 0.0344 | VaLoss: 1.9434 +- 0.1206
107,  0 | TrAcc: 0.7357, TrLoss:  0.78025, VaAcc: 0.6879, VaLoss:  1.05525	 20 sampled NNs | VaAcc: 0.3726 +- 0.0345 | VaLoss: 1.9085 +- 0.1054
108,  0 | TrAcc: 0.7233, TrLoss:  0.80818, VaAcc: 0.6839, VaLoss:  1.06865	 20 sampled NNs | VaAcc: 0.3548 +- 0.0330 | VaLoss: 1.9146 +- 0.0914
109,  0 | TrAcc: 0.7101, TrLoss:  0.84386, VaAcc: 0.6794, VaLoss:  1.07052	 20 sampled NNs | VaAcc: 0.3553 +- 0.0303 | VaLoss: 1.9552 +- 0.1072
110,  0 | TrAcc: 0.7315, TrLoss:  0.78138, VaAcc: 0.6790, VaLoss:  1.04609	 20 sampled NNs | VaAcc: 0.3510 +- 0.0500 | VaLoss: 2.0014 +- 0.2014
111,  0 | TrAcc: 0.7267, TrLoss:  0.80514, VaAcc: 0.6673, VaLoss:  1.10092	 20 sampled NNs | VaAcc: 0.3641 +- 0.0293 | VaLoss: 1.9234 +- 0.1135
112,  0 | TrAcc: 0.7426, TrLoss:  0.77828, VaAcc: 0.6870, VaLoss:  1.05139	 20 sampled NNs | VaAcc: 0.3700 +- 0.0261 | VaLoss: 1.8953 +- 0.0997
113,  0 | TrAcc: 0.7277, TrLoss:  0.79742, VaAcc: 0.6767, VaLoss:  1.07592	 20 sampled NNs | VaAcc: 0.3637 +- 0.0232 | VaLoss: 1.9576 +- 0.0739
114,  0 | TrAcc: 0.7559, TrLoss:  0.74308, VaAcc: 0.6861, VaLoss:  1.06928	 20 sampled NNs | VaAcc: 0.3666 +- 0.0266 | VaLoss: 1.9269 +- 0.0861
115,  0 | TrAcc: 0.7297, TrLoss:  0.78498, VaAcc: 0.6798, VaLoss:  1.06608	 20 sampled NNs | VaAcc: 0.3761 +- 0.0336 | VaLoss: 1.8858 +- 0.1024
116,  0 | TrAcc: 0.7279, TrLoss:  0.79640, VaAcc: 0.6755, VaLoss:  1.07107	 20 sampled NNs | VaAcc: 0.3690 +- 0.0389 | VaLoss: 1.8989 +- 0.1328
117,  0 | TrAcc: 0.7370, TrLoss:  0.77676, VaAcc: 0.6880, VaLoss:  1.07257	 20 sampled NNs | VaAcc: 0.3955 +- 0.0285 | VaLoss: 1.8381 +- 0.1099
118,  0 | TrAcc: 0.7272, TrLoss:  0.79448, VaAcc: 0.6853, VaLoss:  1.04112	 20 sampled NNs | VaAcc: 0.3961 +- 0.0343 | VaLoss: 1.8417 +- 0.1272
119,  0 | TrAcc: 0.7248, TrLoss:  0.80857, VaAcc: 0.6836, VaLoss:  1.05116	 20 sampled NNs | VaAcc: 0.3929 +- 0.0438 | VaLoss: 1.8582 +- 0.1574
120,  0 | TrAcc: 0.7397, TrLoss:  0.76125, VaAcc: 0.6732, VaLoss:  1.05926	 20 sampled NNs | VaAcc: 0.3703 +- 0.0287 | VaLoss: 1.9391 +- 0.1030
121,  0 | TrAcc: 0.7284, TrLoss:  0.80508, VaAcc: 0.6855, VaLoss:  1.05978	 20 sampled NNs | VaAcc: 0.3405 +- 0.0382 | VaLoss: 2.0195 +- 0.1585
122,  0 | TrAcc: 0.7146, TrLoss:  0.84908, VaAcc: 0.6822, VaLoss:  1.04512	 20 sampled NNs | VaAcc: 0.3716 +- 0.0239 | VaLoss: 1.8805 +- 0.0998
123,  0 | TrAcc: 0.7302, TrLoss:  0.78524, VaAcc: 0.6845, VaLoss:  1.04312	 20 sampled NNs | VaAcc: 0.3803 +- 0.0339 | VaLoss: 1.8686 +- 0.1483
124,  0 | TrAcc: 0.7413, TrLoss:  0.74973, VaAcc: 0.6875, VaLoss:  1.03128	 20 sampled NNs | VaAcc: 0.3958 +- 0.0407 | VaLoss: 1.8166 +- 0.1297
125,  0 | TrAcc: 0.7412, TrLoss:  0.75767, VaAcc: 0.6864, VaLoss:  1.03713	 20 sampled NNs | VaAcc: 0.3692 +- 0.0410 | VaLoss: 1.9437 +- 0.1418
126,  0 | TrAcc: 0.7392, TrLoss:  0.75328, VaAcc: 0.6756, VaLoss:  1.06564	 20 sampled NNs | VaAcc: 0.3956 +- 0.0348 | VaLoss: 1.8580 +- 0.0877
127,  0 | TrAcc: 0.7380, TrLoss:  0.77739, VaAcc: 0.6924, VaLoss:  1.03785	 20 sampled NNs | VaAcc: 0.3672 +- 0.0263 | VaLoss: 1.8814 +- 0.0736
128,  0 | TrAcc: 0.7552, TrLoss:  0.71070, VaAcc: 0.6946, VaLoss:  1.04728	 20 sampled NNs | VaAcc: 0.4077 +- 0.0323 | VaLoss: 1.7910 +- 0.0980
129,  0 | TrAcc: 0.7269, TrLoss:  0.80867, VaAcc: 0.6733, VaLoss:  1.06712	 20 sampled NNs | VaAcc: 0.3755 +- 0.0295 | VaLoss: 1.8689 +- 0.0803
130,  0 | TrAcc: 0.7428, TrLoss:  0.75163, VaAcc: 0.6832, VaLoss:  1.07709	 20 sampled NNs | VaAcc: 0.3970 +- 0.0284 | VaLoss: 1.8131 +- 0.0910
131,  0 | TrAcc: 0.7387, TrLoss:  0.78324, VaAcc: 0.6746, VaLoss:  1.05939	 20 sampled NNs | VaAcc: 0.3807 +- 0.0306 | VaLoss: 1.8936 +- 0.1181
132,  0 | TrAcc: 0.7309, TrLoss:  0.76936, VaAcc: 0.6807, VaLoss:  1.06149	 20 sampled NNs | VaAcc: 0.3773 +- 0.0307 | VaLoss: 1.8766 +- 0.0968
133,  0 | TrAcc: 0.7394, TrLoss:  0.76382, VaAcc: 0.6809, VaLoss:  1.06296	 20 sampled NNs | VaAcc: 0.3584 +- 0.0330 | VaLoss: 1.9648 +- 0.1068
134,  0 | TrAcc: 0.7383, TrLoss:  0.75676, VaAcc: 0.6593, VaLoss:  1.10134	 20 sampled NNs | VaAcc: 0.3973 +- 0.0355 | VaLoss: 1.8130 +- 0.1214
135,  0 | TrAcc: 0.7457, TrLoss:  0.77227, VaAcc: 0.6854, VaLoss:  1.04024	 20 sampled NNs | VaAcc: 0.3847 +- 0.0295 | VaLoss: 1.8930 +- 0.0983
136,  0 | TrAcc: 0.7253, TrLoss:  0.79986, VaAcc: 0.6782, VaLoss:  1.05345	 20 sampled NNs | VaAcc: 0.3609 +- 0.0270 | VaLoss: 1.9453 +- 0.0986
137,  0 | TrAcc: 0.7351, TrLoss:  0.78200, VaAcc: 0.6842, VaLoss:  1.04931	 20 sampled NNs | VaAcc: 0.3973 +- 0.0213 | VaLoss: 1.8158 +- 0.0691
138,  0 | TrAcc: 0.7443, TrLoss:  0.74789, VaAcc: 0.6856, VaLoss:  1.05955	 20 sampled NNs | VaAcc: 0.4047 +- 0.0338 | VaLoss: 1.7984 +- 0.1182
139,  0 | TrAcc: 0.7456, TrLoss:  0.74007, VaAcc: 0.6844, VaLoss:  1.07921	 20 sampled NNs | VaAcc: 0.3852 +- 0.0244 | VaLoss: 1.8607 +- 0.0899
140,  0 | TrAcc: 0.7230, TrLoss:  0.79946, VaAcc: 0.6945, VaLoss:  1.04726	 20 sampled NNs | VaAcc: 0.3941 +- 0.0386 | VaLoss: 1.8418 +- 0.1237
141,  0 | TrAcc: 0.7698, TrLoss:  0.66997, VaAcc: 0.7014, VaLoss:  1.01519	 20 sampled NNs | VaAcc: 0.3971 +- 0.0314 | VaLoss: 1.8099 +- 0.1161
142,  0 | TrAcc: 0.7433, TrLoss:  0.75966, VaAcc: 0.6873, VaLoss:  1.06555	 20 sampled NNs | VaAcc: 0.3732 +- 0.0260 | VaLoss: 1.8751 +- 0.0977
143,  0 | TrAcc: 0.7169, TrLoss:  0.79681, VaAcc: 0.6830, VaLoss:  1.06170	 20 sampled NNs | VaAcc: 0.3535 +- 0.0316 | VaLoss: 1.9749 +- 0.1375
144,  0 | TrAcc: 0.7461, TrLoss:  0.75186, VaAcc: 0.6793, VaLoss:  1.08928	 20 sampled NNs | VaAcc: 0.3810 +- 0.0240 | VaLoss: 1.9045 +- 0.0875
145,  0 | TrAcc: 0.7586, TrLoss:  0.70567, VaAcc: 0.6851, VaLoss:  1.07207	 20 sampled NNs | VaAcc: 0.3856 +- 0.0333 | VaLoss: 1.8687 +- 0.1149
146,  0 | TrAcc: 0.7399, TrLoss:  0.75340, VaAcc: 0.6889, VaLoss:  1.04586	 20 sampled NNs | VaAcc: 0.3768 +- 0.0407 | VaLoss: 1.8776 +- 0.1296
147,  0 | TrAcc: 0.7526, TrLoss:  0.73924, VaAcc: 0.6838, VaLoss:  1.05537	 20 sampled NNs | VaAcc: 0.3797 +- 0.0332 | VaLoss: 1.9318 +- 0.1485
148,  0 | TrAcc: 0.7357, TrLoss:  0.76635, VaAcc: 0.6901, VaLoss:  1.02762	 20 sampled NNs | VaAcc: 0.3880 +- 0.0301 | VaLoss: 1.8718 +- 0.1032
149,  0 | TrAcc: 0.7331, TrLoss:  0.77795, VaAcc: 0.6857, VaLoss:  1.06836	 20 sampled NNs | VaAcc: 0.3881 +- 0.0292 | VaLoss: 1.8747 +- 0.1163
150,  0 | TrAcc: 0.7369, TrLoss:  0.74747, VaAcc: 0.6918, VaLoss:  1.02118	 20 sampled NNs | VaAcc: 0.3841 +- 0.0376 | VaLoss: 1.8346 +- 0.0960
151,  0 | TrAcc: 0.7414, TrLoss:  0.78229, VaAcc: 0.6813, VaLoss:  1.05699	 20 sampled NNs | VaAcc: 0.3900 +- 0.0484 | VaLoss: 1.8279 +- 0.1669
152,  0 | TrAcc: 0.7575, TrLoss:  0.71976, VaAcc: 0.6864, VaLoss:  1.05160	 20 sampled NNs | VaAcc: 0.4030 +- 0.0300 | VaLoss: 1.7936 +- 0.1085
153,  0 | TrAcc: 0.7550, TrLoss:  0.72198, VaAcc: 0.6774, VaLoss:  1.08099	 20 sampled NNs | VaAcc: 0.4224 +- 0.0313 | VaLoss: 1.7528 +- 0.0901
154,  0 | TrAcc: 0.7573, TrLoss:  0.72102, VaAcc: 0.6879, VaLoss:  1.05760	 20 sampled NNs | VaAcc: 0.3915 +- 0.0256 | VaLoss: 1.8265 +- 0.0834
155,  0 | TrAcc: 0.7630, TrLoss:  0.69854, VaAcc: 0.6987, VaLoss:  1.05116	 20 sampled NNs | VaAcc: 0.4221 +- 0.0308 | VaLoss: 1.7480 +- 0.0932
156,  0 | TrAcc: 0.7427, TrLoss:  0.75950, VaAcc: 0.6969, VaLoss:  1.03291	 20 sampled NNs | VaAcc: 0.4149 +- 0.0233 | VaLoss: 1.7700 +- 0.0736
157,  0 | TrAcc: 0.7633, TrLoss:  0.72057, VaAcc: 0.6945, VaLoss:  1.01831	 20 sampled NNs | VaAcc: 0.3905 +- 0.0283 | VaLoss: 1.8351 +- 0.1172
158,  0 | TrAcc: 0.7471, TrLoss:  0.76160, VaAcc: 0.6917, VaLoss:  1.03216	 20 sampled NNs | VaAcc: 0.4122 +- 0.0285 | VaLoss: 1.7703 +- 0.0936
159,  0 | TrAcc: 0.7524, TrLoss:  0.73356, VaAcc: 0.6896, VaLoss:  1.03772	 20 sampled NNs | VaAcc: 0.3936 +- 0.0357 | VaLoss: 1.8609 +- 0.1006
160,  0 | TrAcc: 0.7315, TrLoss:      nan, VaAcc: 0.6850, VaLoss:      nan	 20 sampled NNs | VaAcc: 0.3999 +- 0.0271 | VaLoss: 1.8167 +- 0.0853
161,  0 | TrAcc: 0.7493, TrLoss:  0.76139, VaAcc: 0.6960, VaLoss:  1.03907	 20 sampled NNs | VaAcc: 0.4075 +- 0.0311 | VaLoss: 1.8255 +- 0.1171
162,  0 | TrAcc: 0.7195, TrLoss:  0.82130, VaAcc: 0.6867, VaLoss:  1.07462	 20 sampled NNs | VaAcc: 0.3875 +- 0.0436 | VaLoss: 1.8845 +- 0.1533
163,  0 | TrAcc: 0.7491, TrLoss:  0.75579, VaAcc: 0.6839, VaLoss:  1.06906	 20 sampled NNs | VaAcc: 0.4236 +- 0.0222 | VaLoss: 1.7510 +- 0.0617
164,  0 | TrAcc: 0.7396, TrLoss:  0.75406, VaAcc: 0.6806, VaLoss:  1.05253	 20 sampled NNs | VaAcc: 0.4264 +- 0.0264 | VaLoss: 1.7531 +- 0.0874
165,  0 | TrAcc: 0.7340, TrLoss:  0.77201, VaAcc: 0.6889, VaLoss:  1.04369	 20 sampled NNs | VaAcc: 0.4044 +- 0.0572 | VaLoss: 1.8479 +- 0.2668
166,  0 | TrAcc: 0.7543, TrLoss:  0.72298, VaAcc: 0.6772, VaLoss:  1.09640	 20 sampled NNs | VaAcc: 0.3823 +- 0.0380 | VaLoss: 1.8589 +- 0.1276
167,  0 | TrAcc: 0.7533, TrLoss:  0.73826, VaAcc: 0.6909, VaLoss:  1.05695	 20 sampled NNs | VaAcc: 0.4009 +- 0.0383 | VaLoss: 1.7938 +- 0.1256
168,  0 | TrAcc: 0.7567, TrLoss:  0.70995, VaAcc: 0.6761, VaLoss:  1.07526	 20 sampled NNs | VaAcc: 0.3979 +- 0.0236 | VaLoss: 1.8930 +- 0.0887
169,  0 | TrAcc: 0.7701, TrLoss:  0.69311, VaAcc: 0.6920, VaLoss:  1.04764	 20 sampled NNs | VaAcc: 0.4255 +- 0.0320 | VaLoss: 1.7673 +- 0.1152
170,  0 | TrAcc: 0.7413, TrLoss:  0.79647, VaAcc: 0.6851, VaLoss:  1.05337	 20 sampled NNs | VaAcc: 0.3872 +- 0.0315 | VaLoss: 1.8382 +- 0.1105
171,  0 | TrAcc: 0.7400, TrLoss:  0.76470, VaAcc: 0.6974, VaLoss:  1.01853	 20 sampled NNs | VaAcc: 0.4243 +- 0.0283 | VaLoss: 1.7281 +- 0.0803
172,  0 | TrAcc: 0.7673, TrLoss:  0.69451, VaAcc: 0.7028, VaLoss:  1.01907	 20 sampled NNs | VaAcc: 0.4053 +- 0.0295 | VaLoss: 1.8132 +- 0.1136
173,  0 | TrAcc: 0.7687, TrLoss:  0.66907, VaAcc: 0.7020, VaLoss:  1.02751	 20 sampled NNs | VaAcc: 0.4193 +- 0.0294 | VaLoss: 1.7392 +- 0.0950
174,  0 | TrAcc: 0.7394, TrLoss:  0.74987, VaAcc: 0.6882, VaLoss:  1.04338	 20 sampled NNs | VaAcc: 0.4058 +- 0.0311 | VaLoss: 1.7935 +- 0.0873
175,  0 | TrAcc: 0.7403, TrLoss:  0.74662, VaAcc: 0.6770, VaLoss:  1.06325	 20 sampled NNs | VaAcc: 0.4061 +- 0.0248 | VaLoss: 1.8030 +- 0.0901
176,  0 | TrAcc: 0.7461, TrLoss:  0.74317, VaAcc: 0.6912, VaLoss:  1.03100	 20 sampled NNs | VaAcc: 0.4060 +- 0.0353 | VaLoss: 1.8314 +- 0.1704
177,  0 | TrAcc: 0.7339, TrLoss:  0.78362, VaAcc: 0.6902, VaLoss:  1.04607	 20 sampled NNs | VaAcc: 0.3971 +- 0.0291 | VaLoss: 1.8357 +- 0.1205
178,  0 | TrAcc: 0.7673, TrLoss:  0.68021, VaAcc: 0.6965, VaLoss:  1.02160	 20 sampled NNs | VaAcc: 0.4227 +- 0.0384 | VaLoss: 1.7789 +- 0.1516
179,  0 | TrAcc: 0.7405, TrLoss:  0.75392, VaAcc: 0.6834, VaLoss:  1.04349	 20 sampled NNs | VaAcc: 0.4018 +- 0.0374 | VaLoss: 1.8255 +- 0.1244
180,  0 | TrAcc: 0.7507, TrLoss:  0.72618, VaAcc: 0.6904, VaLoss:  1.06136	 20 sampled NNs | VaAcc: 0.3985 +- 0.0332 | VaLoss: 1.7815 +- 0.1265
181,  0 | TrAcc: 0.7374, TrLoss:  0.77810, VaAcc: 0.6896, VaLoss:  1.03931	 20 sampled NNs | VaAcc: 0.4031 +- 0.0282 | VaLoss: 1.8583 +- 0.1194
182,  0 | TrAcc: 0.7523, TrLoss:  0.74960, VaAcc: 0.6900, VaLoss:  1.03170	 20 sampled NNs | VaAcc: 0.4078 +- 0.0360 | VaLoss: 1.7692 +- 0.1277
183,  0 | TrAcc: 0.7458, TrLoss:  0.76536, VaAcc: 0.6831, VaLoss:  1.05876	 20 sampled NNs | VaAcc: 0.4036 +- 0.0393 | VaLoss: 1.8087 +- 0.1513
184,  0 | TrAcc: 0.7559, TrLoss:  0.72316, VaAcc: 0.6838, VaLoss:  1.07557	 20 sampled NNs | VaAcc: 0.3698 +- 0.0259 | VaLoss: 1.8927 +- 0.0795
185,  0 | TrAcc: 0.7306, TrLoss:  0.79782, VaAcc: 0.6834, VaLoss:  1.06890	 20 sampled NNs | VaAcc: 0.4121 +- 0.0350 | VaLoss: 1.7699 +- 0.0988
186,  0 | TrAcc: 0.7558, TrLoss:  0.73490, VaAcc: 0.7052, VaLoss:  1.02149	 20 sampled NNs | VaAcc: 0.4289 +- 0.0257 | VaLoss: 1.7388 +- 0.0823
187,  0 | TrAcc: 0.7598, TrLoss:  0.73270, VaAcc: 0.6883, VaLoss:  1.05152	 20 sampled NNs | VaAcc: 0.4364 +- 0.0247 | VaLoss: 1.7135 +- 0.0896
188,  0 | TrAcc: 0.7598, TrLoss:  0.71534, VaAcc: 0.6928, VaLoss:  1.05329	 20 sampled NNs | VaAcc: 0.4005 +- 0.0264 | VaLoss: 1.7977 +- 0.0885
189,  0 | TrAcc: 0.7248, TrLoss:  0.79932, VaAcc: 0.6835, VaLoss:  1.06922	 20 sampled NNs | VaAcc: 0.4246 +- 0.0309 | VaLoss: 1.7465 +- 0.0849
190,  0 | TrAcc: 0.7498, TrLoss:  0.75025, VaAcc: 0.7018, VaLoss:  1.03680	 20 sampled NNs | VaAcc: 0.4265 +- 0.0339 | VaLoss: 1.7190 +- 0.0992
191,  0 | TrAcc: 0.7609, TrLoss:  0.71729, VaAcc: 0.6885, VaLoss:  1.07455	 20 sampled NNs | VaAcc: 0.4217 +- 0.0255 | VaLoss: 1.7589 +- 0.0996
192,  0 | TrAcc: 0.7488, TrLoss:  0.72993, VaAcc: 0.6863, VaLoss:  1.06703	 20 sampled NNs | VaAcc: 0.4250 +- 0.0160 | VaLoss: 1.7407 +- 0.0606
193,  0 | TrAcc: 0.7591, TrLoss:  0.73409, VaAcc: 0.6985, VaLoss:  1.03100	 20 sampled NNs | VaAcc: 0.4361 +- 0.0312 | VaLoss: 1.6406 +- 0.1155
194,  0 | TrAcc: 0.7752, TrLoss:  0.66734, VaAcc: 0.7002, VaLoss:  1.02013	 20 sampled NNs | VaAcc: 0.4119 +- 0.0300 | VaLoss: 1.7808 +- 0.1122
195,  0 | TrAcc: 0.7607, TrLoss:  0.73817, VaAcc: 0.6923, VaLoss:  1.04390	 20 sampled NNs | VaAcc: 0.4495 +- 0.0320 | VaLoss: 1.6560 +- 0.0821
196,  0 | TrAcc: 0.7381, TrLoss:  0.76883, VaAcc: 0.6940, VaLoss:  1.03520	 20 sampled NNs | VaAcc: 0.4098 +- 0.0341 | VaLoss: 1.7783 +- 0.1283
197,  0 | TrAcc: 0.7509, TrLoss:  0.72526, VaAcc: 0.6846, VaLoss:  1.06612	 20 sampled NNs | VaAcc: 0.4196 +- 0.0261 | VaLoss: 1.7384 +- 0.1030
198,  0 | TrAcc: 0.7583, TrLoss:  0.71494, VaAcc: 0.6734, VaLoss:  1.07832	 20 sampled NNs | VaAcc: 0.4397 +- 0.0256 | VaLoss: 1.7002 +- 0.1042
199,  0 | TrAcc: 0.7612, TrLoss:  0.71539, VaAcc: 0.6975, VaLoss:  1.04333	 20 sampled NNs | VaAcc: 0.4235 +- 0.0318 | VaLoss: 1.7690 +- 0.1013
200,  0 | TrAcc: 0.7620, TrLoss:  0.70093, VaAcc: 0.6852, VaLoss:  1.06279	 20 sampled NNs | VaAcc: 0.4077 +- 0.0350 | VaLoss: 1.7939 +- 0.0993
201,  0 | TrAcc: 0.7755, TrLoss:  0.68970, VaAcc: 0.6912, VaLoss:  1.04592	 20 sampled NNs | VaAcc: 0.4213 +- 0.0183 | VaLoss: 1.7246 +- 0.0856
202,  0 | TrAcc: 0.7408, TrLoss:  0.75739, VaAcc: 0.6865, VaLoss:  1.06870	 20 sampled NNs | VaAcc: 0.4149 +- 0.0223 | VaLoss: 1.7561 +- 0.0730
203,  0 | TrAcc: 0.7604, TrLoss:  0.70999, VaAcc: 0.6928, VaLoss:  1.05014	 20 sampled NNs | VaAcc: 0.4159 +- 0.0470 | VaLoss: 1.7619 +- 0.1892
204,  0 | TrAcc: 0.7511, TrLoss:  0.72797, VaAcc: 0.6888, VaLoss:  1.05672	 20 sampled NNs | VaAcc: 0.4161 +- 0.0295 | VaLoss: 1.7698 +- 0.1115
205,  0 | TrAcc: 0.7574, TrLoss:  0.74743, VaAcc: 0.6969, VaLoss:  1.05610	 20 sampled NNs | VaAcc: 0.4566 +- 0.0285 | VaLoss: 1.6103 +- 0.0948
206,  0 | TrAcc: 0.7477, TrLoss:  0.73331, VaAcc: 0.6879, VaLoss:  1.05300	 20 sampled NNs | VaAcc: 0.4322 +- 0.0261 | VaLoss: 1.7113 +- 0.0783
207,  0 | TrAcc: 0.7567, TrLoss:  0.72292, VaAcc: 0.6903, VaLoss:  1.06384	 20 sampled NNs | VaAcc: 0.4211 +- 0.0242 | VaLoss: 1.7402 +- 0.0987
208,  0 | TrAcc: 0.7483, TrLoss:  0.74375, VaAcc: 0.6903, VaLoss:  1.05836	 20 sampled NNs | VaAcc: 0.4400 +- 0.0308 | VaLoss: 1.6890 +- 0.1099
209,  0 | TrAcc: 0.7589, TrLoss:  0.71904, VaAcc: 0.6837, VaLoss:  1.09369	 20 sampled NNs | VaAcc: 0.4255 +- 0.0283 | VaLoss: 1.7647 +- 0.0965
210,  0 | TrAcc: 0.7508, TrLoss:  0.74246, VaAcc: 0.6905, VaLoss:  1.05778	 20 sampled NNs | VaAcc: 0.4349 +- 0.0296 | VaLoss: 1.7207 +- 0.1003
211,  0 | TrAcc: 0.7353, TrLoss:  0.74447, VaAcc: 0.6880, VaLoss:  1.06748	 20 sampled NNs | VaAcc: 0.3859 +- 0.0273 | VaLoss: 1.8307 +- 0.0936
212,  0 | TrAcc: 0.7542, TrLoss:  0.72519, VaAcc: 0.6890, VaLoss:  1.05368	 20 sampled NNs | VaAcc: 0.4196 +- 0.0220 | VaLoss: 1.7141 +- 0.0497
213,  0 | TrAcc: 0.7627, TrLoss:  0.72373, VaAcc: 0.6831, VaLoss:  1.07327	 20 sampled NNs | VaAcc: 0.4097 +- 0.0214 | VaLoss: 1.8232 +- 0.0728
214,  0 | TrAcc: 0.7417, TrLoss:  0.74155, VaAcc: 0.6925, VaLoss:  1.04297	 20 sampled NNs | VaAcc: 0.4173 +- 0.0334 | VaLoss: 1.8017 +- 0.1048
215,  0 | TrAcc: 0.7541, TrLoss:  0.72116, VaAcc: 0.6860, VaLoss:  1.06491	 20 sampled NNs | VaAcc: 0.4211 +- 0.0348 | VaLoss: 1.7726 +- 0.1036
216,  0 | TrAcc: 0.7574, TrLoss:  0.70189, VaAcc: 0.6839, VaLoss:  1.07131	 20 sampled NNs | VaAcc: 0.4150 +- 0.0309 | VaLoss: 1.7784 +- 0.1151
217,  0 | TrAcc: 0.7744, TrLoss:  0.66811, VaAcc: 0.7007, VaLoss:  1.02519	 20 sampled NNs | VaAcc: 0.4339 +- 0.0266 | VaLoss: 1.7063 +- 0.0799
218,  0 | TrAcc: 0.7708, TrLoss:  0.66974, VaAcc: 0.6939, VaLoss:  1.04643	 20 sampled NNs | VaAcc: 0.4329 +- 0.0349 | VaLoss: 1.6855 +- 0.0916
219,  0 | TrAcc: 0.7503, TrLoss:  0.72005, VaAcc: 0.6920, VaLoss:  1.04540	 20 sampled NNs | VaAcc: 0.4229 +- 0.0295 | VaLoss: 1.8307 +- 0.1026
220,  0 | TrAcc: 0.7650, TrLoss:  0.67560, VaAcc: 0.6977, VaLoss:  1.04551	 20 sampled NNs | VaAcc: 0.4221 +- 0.0219 | VaLoss: 1.7339 +- 0.0720
221,  0 | TrAcc: 0.7663, TrLoss:  0.69457, VaAcc: 0.6960, VaLoss:  1.04132	 20 sampled NNs | VaAcc: 0.4506 +- 0.0270 | VaLoss: 1.6386 +- 0.0862
222,  0 | TrAcc: 0.7490, TrLoss:  0.73965, VaAcc: 0.6870, VaLoss:  1.05984	 20 sampled NNs | VaAcc: 0.4214 +- 0.0260 | VaLoss: 1.7581 +- 0.0617
223,  0 | TrAcc: 0.7568, TrLoss:  0.73146, VaAcc: 0.7021, VaLoss:  1.03950	 20 sampled NNs | VaAcc: 0.4315 +- 0.0341 | VaLoss: 1.7148 +- 0.1153
224,  0 | TrAcc: 0.7834, TrLoss:  0.65149, VaAcc: 0.6994, VaLoss:  1.03483	 20 sampled NNs | VaAcc: 0.4304 +- 0.0310 | VaLoss: 1.7161 +- 0.0929
225,  0 | TrAcc: 0.7491, TrLoss:  0.73417, VaAcc: 0.7090, VaLoss:  0.99702	 20 sampled NNs | VaAcc: 0.4281 +- 0.0320 | VaLoss: 1.7012 +- 0.1104
226,  0 | TrAcc: 0.7572, TrLoss:  0.72224, VaAcc: 0.6951, VaLoss:  1.04183	 20 sampled NNs | VaAcc: 0.4211 +- 0.0235 | VaLoss: 1.7598 +- 0.0842
227,  0 | TrAcc: 0.7677, TrLoss:  0.68769, VaAcc: 0.7011, VaLoss:  1.01323	 20 sampled NNs | VaAcc: 0.4165 +- 0.0257 | VaLoss: 1.7145 +- 0.0937
228,  0 | TrAcc: 0.7502, TrLoss:  0.72001, VaAcc: 0.6865, VaLoss:  1.05069	 20 sampled NNs | VaAcc: 0.4079 +- 0.0291 | VaLoss: 1.8153 +- 0.1242
229,  0 | TrAcc: 0.7736, TrLoss:  0.68073, VaAcc: 0.6887, VaLoss:  1.07075	 20 sampled NNs | VaAcc: 0.4237 +- 0.0234 | VaLoss: 1.7828 +- 0.0984
230,  0 | TrAcc: 0.7493, TrLoss:  0.74372, VaAcc: 0.6962, VaLoss:  1.03906	 20 sampled NNs | VaAcc: 0.4072 +- 0.0212 | VaLoss: 1.7717 +- 0.0894
231,  0 | TrAcc: 0.7429, TrLoss:  0.76438, VaAcc: 0.6945, VaLoss:  1.03672	 20 sampled NNs | VaAcc: 0.4243 +- 0.0316 | VaLoss: 1.7554 +- 0.1281
232,  0 | TrAcc: 0.7461, TrLoss:  0.72866, VaAcc: 0.6915, VaLoss:  1.05299	 20 sampled NNs | VaAcc: 0.4294 +- 0.0294 | VaLoss: 1.7392 +- 0.0756
233,  0 | TrAcc: 0.7594, TrLoss:  0.71158, VaAcc: 0.7104, VaLoss:  1.00026	 20 sampled NNs | VaAcc: 0.4522 +- 0.0282 | VaLoss: 1.6502 +- 0.1068
234,  0 | TrAcc: 0.7516, TrLoss:  0.72637, VaAcc: 0.7074, VaLoss:  1.01948	 20 sampled NNs | VaAcc: 0.4398 +- 0.0422 | VaLoss: 1.6575 +- 0.1365
235,  0 | TrAcc: 0.7525, TrLoss:  0.72841, VaAcc: 0.7020, VaLoss:  1.01621	 20 sampled NNs | VaAcc: 0.4162 +- 0.0271 | VaLoss: 1.7221 +- 0.0835
236,  0 | TrAcc: 0.7485, TrLoss:  0.74486, VaAcc: 0.6944, VaLoss:  1.04089	 20 sampled NNs | VaAcc: 0.4378 +- 0.0320 | VaLoss: 1.7145 +- 0.1141
237,  0 | TrAcc: 0.7608, TrLoss:  0.70347, VaAcc: 0.6863, VaLoss:  1.08665	 20 sampled NNs | VaAcc: 0.4249 +- 0.0252 | VaLoss: 1.7645 +- 0.0746
238,  0 | TrAcc: 0.7553, TrLoss:  0.73632, VaAcc: 0.6887, VaLoss:  1.08083	 20 sampled NNs | VaAcc: 0.4199 +- 0.0297 | VaLoss: 1.6919 +- 0.0909
239,  0 | TrAcc: 0.7684, TrLoss:  0.67610, VaAcc: 0.6991, VaLoss:  1.03946	 20 sampled NNs | VaAcc: 0.4452 +- 0.0299 | VaLoss: 1.7419 +- 0.1279
240,  0 | TrAcc: 0.7779, TrLoss:  0.67528, VaAcc: 0.6931, VaLoss:  1.04507	 20 sampled NNs | VaAcc: 0.4375 +- 0.0458 | VaLoss: 1.7302 +- 0.2034
241,  0 | TrAcc: 0.7635, TrLoss:  0.69250, VaAcc: 0.6891, VaLoss:  1.05932	 20 sampled NNs | VaAcc: 0.4444 +- 0.0289 | VaLoss: 1.6818 +- 0.0935
242,  0 | TrAcc: 0.7742, TrLoss:  0.67066, VaAcc: 0.7001, VaLoss:  1.05191	 20 sampled NNs | VaAcc: 0.4341 +- 0.0193 | VaLoss: 1.6775 +- 0.0661
243,  0 | TrAcc: 0.7742, TrLoss:  0.68597, VaAcc: 0.6998, VaLoss:  1.05356	 20 sampled NNs | VaAcc: 0.4538 +- 0.0317 | VaLoss: 1.6475 +- 0.1009
244,  0 | TrAcc: 0.7652, TrLoss:  0.70513, VaAcc: 0.6975, VaLoss:  1.04149	 20 sampled NNs | VaAcc: 0.4401 +- 0.0296 | VaLoss: 1.6440 +- 0.1015
245,  0 | TrAcc: 0.7529, TrLoss:  0.73314, VaAcc: 0.6855, VaLoss:  1.08783	 20 sampled NNs | VaAcc: 0.4180 +- 0.0221 | VaLoss: 1.7831 +- 0.0840
246,  0 | TrAcc: 0.7307, TrLoss:  0.78957, VaAcc: 0.6886, VaLoss:  1.07256	 20 sampled NNs | VaAcc: 0.3950 +- 0.0268 | VaLoss: 1.7799 +- 0.1028
247,  0 | TrAcc: 0.7670, TrLoss:  0.69998, VaAcc: 0.6896, VaLoss:  1.04828	 20 sampled NNs | VaAcc: 0.4428 +- 0.0240 | VaLoss: 1.7241 +- 0.0915
248,  0 | TrAcc: 0.7725, TrLoss:  0.69033, VaAcc: 0.6967, VaLoss:  1.06850	 20 sampled NNs | VaAcc: 0.4453 +- 0.0272 | VaLoss: 1.7171 +- 0.1124
249,  0 | TrAcc: 0.7605, TrLoss:  0.70524, VaAcc: 0.6915, VaLoss:  1.05685	 20 sampled NNs | VaAcc: 0.4271 +- 0.0424 | VaLoss: 1.7069 +- 0.1628
250,  0 | TrAcc: 0.7765, TrLoss:  0.68731, VaAcc: 0.6952, VaLoss:  1.04115	 20 sampled NNs | VaAcc: 0.4350 +- 0.0274 | VaLoss: 1.7224 +- 0.1066
251,  0 | TrAcc: 0.7621, TrLoss:  0.71936, VaAcc: 0.6998, VaLoss:  1.03197	 20 sampled NNs | VaAcc: 0.4377 +- 0.0303 | VaLoss: 1.6943 +- 0.0893
252,  0 | TrAcc: 0.7604, TrLoss:  0.71318, VaAcc: 0.6970, VaLoss:  1.04601	 20 sampled NNs | VaAcc: 0.4127 +- 0.0395 | VaLoss: 1.7861 +- 0.1927
253,  0 | TrAcc: 0.7639, TrLoss:  0.70355, VaAcc: 0.6924, VaLoss:  1.04924	 20 sampled NNs | VaAcc: 0.4346 +- 0.0292 | VaLoss: 1.7573 +- 0.1027
254,  0 | TrAcc: 0.7769, TrLoss:  0.67008, VaAcc: 0.7010, VaLoss:  1.03526	 20 sampled NNs | VaAcc: 0.4505 +- 0.0338 | VaLoss: 1.6323 +- 0.1028
255,  0 | TrAcc: 0.7541, TrLoss:  0.71860, VaAcc: 0.6858, VaLoss:  1.05462	 20 sampled NNs | VaAcc: 0.4383 +- 0.0291 | VaLoss: 1.6937 +- 0.0986
256,  0 | TrAcc: 0.7552, TrLoss:  0.70553, VaAcc: 0.7036, VaLoss:  1.01661	 20 sampled NNs | VaAcc: 0.4498 +- 0.0249 | VaLoss: 1.6930 +- 0.1038
257,  0 | TrAcc: 0.7729, TrLoss:  0.65998, VaAcc: 0.7035, VaLoss:  1.01306	 20 sampled NNs | VaAcc: 0.4441 +- 0.0261 | VaLoss: 1.6879 +- 0.0734
258,  0 | TrAcc: 0.7688, TrLoss:  0.69881, VaAcc: 0.7000, VaLoss:  1.04968	 20 sampled NNs | VaAcc: 0.4466 +- 0.0244 | VaLoss: 1.6969 +- 0.0940
259,  0 | TrAcc: 0.7777, TrLoss:  0.66413, VaAcc: 0.6992, VaLoss:  1.05658	 20 sampled NNs | VaAcc: 0.4367 +- 0.0231 | VaLoss: 1.6956 +- 0.0856
260,  0 | TrAcc: 0.7478, TrLoss:  0.74043, VaAcc: 0.6968, VaLoss:  1.05208	 20 sampled NNs | VaAcc: 0.4445 +- 0.0436 | VaLoss: 1.6843 +- 0.2200
261,  0 | TrAcc: 0.7458, TrLoss:  0.74335, VaAcc: 0.7023, VaLoss:  1.04258	 20 sampled NNs | VaAcc: 0.4536 +- 0.0305 | VaLoss: 1.6402 +- 0.0966
262,  0 | TrAcc: 0.7676, TrLoss:  0.70772, VaAcc: 0.6937, VaLoss:  1.03666	 20 sampled NNs | VaAcc: 0.4301 +- 0.0349 | VaLoss: 1.7193 +- 0.1157
263,  0 | TrAcc: 0.7859, TrLoss:  0.64885, VaAcc: 0.6889, VaLoss:  1.08549	 20 sampled NNs | VaAcc: 0.4337 +- 0.0322 | VaLoss: 1.7392 +- 0.0876
264,  0 | TrAcc: 0.7590, TrLoss:  0.71219, VaAcc: 0.6783, VaLoss:  1.07402	 20 sampled NNs | VaAcc: 0.4278 +- 0.0528 | VaLoss: 1.8364 +- 0.2470
265,  0 | TrAcc: 0.7739, TrLoss:  0.67293, VaAcc: 0.7047, VaLoss:  1.00890	 20 sampled NNs | VaAcc: 0.4336 +- 0.0556 | VaLoss: 1.7867 +- 0.2903
266,  0 | TrAcc: 0.7579, TrLoss:  0.70998, VaAcc: 0.6955, VaLoss:  1.04927	 20 sampled NNs | VaAcc: 0.4116 +- 0.0334 | VaLoss: 1.7910 +- 0.1312
267,  0 | TrAcc: 0.7609, TrLoss:  0.72018, VaAcc: 0.7056, VaLoss:  1.02527	 20 sampled NNs | VaAcc: 0.4603 +- 0.0214 | VaLoss: 1.6379 +- 0.0696
268,  0 | TrAcc: 0.7587, TrLoss:  0.71879, VaAcc: 0.7150, VaLoss:  1.00507	 20 sampled NNs | VaAcc: 0.4624 +- 0.0353 | VaLoss: 1.6316 +- 0.0940
269,  0 | TrAcc: 0.7738, TrLoss:  0.68847, VaAcc: 0.6981, VaLoss:  1.02288	 20 sampled NNs | VaAcc: 0.4455 +- 0.0294 | VaLoss: 1.7035 +- 0.1133
270,  0 | TrAcc: 0.7632, TrLoss:  0.70810, VaAcc: 0.7031, VaLoss:  1.03656	 20 sampled NNs | VaAcc: 0.4483 +- 0.0434 | VaLoss: 1.6474 +- 0.1426
271,  0 | TrAcc: 0.7507, TrLoss:  0.74046, VaAcc: 0.6987, VaLoss:  1.04349	 20 sampled NNs | VaAcc: 0.4188 +- 0.0349 | VaLoss: 1.7778 +- 0.1460
272,  0 | TrAcc: 0.7710, TrLoss:  0.68086, VaAcc: 0.7102, VaLoss:  0.99242	 20 sampled NNs | VaAcc: 0.4291 +- 0.0383 | VaLoss: 1.7706 +- 0.1799
273,  0 | TrAcc: 0.7647, TrLoss:  0.69137, VaAcc: 0.6959, VaLoss:  1.03299	 20 sampled NNs | VaAcc: 0.4386 +- 0.0349 | VaLoss: 1.7160 +- 0.1223
274,  0 | TrAcc: 0.7574, TrLoss:  0.71174, VaAcc: 0.6936, VaLoss:  1.03318	 20 sampled NNs | VaAcc: 0.4229 +- 0.0352 | VaLoss: 1.7425 +- 0.1473
275,  0 | TrAcc: 0.7504, TrLoss:  0.73876, VaAcc: 0.6935, VaLoss:  1.03772	 20 sampled NNs | VaAcc: 0.4310 +- 0.0366 | VaLoss: 1.7083 +- 0.1725
276,  0 | TrAcc: 0.7784, TrLoss:  0.66787, VaAcc: 0.7027, VaLoss:  1.01941	 20 sampled NNs | VaAcc: 0.4277 +- 0.0308 | VaLoss: 1.7211 +- 0.0933
277,  0 | TrAcc: 0.7666, TrLoss:  0.67144, VaAcc: 0.7052, VaLoss:  1.03748	 20 sampled NNs | VaAcc: 0.4635 +- 0.0226 | VaLoss: 1.5952 +- 0.0822
278,  0 | TrAcc: 0.7615, TrLoss:  0.71337, VaAcc: 0.7037, VaLoss:  1.03269	 20 sampled NNs | VaAcc: 0.4608 +- 0.0316 | VaLoss: 1.6016 +- 0.1028
279,  0 | TrAcc: 0.7725, TrLoss:  0.67771, VaAcc: 0.6944, VaLoss:  1.04950	 20 sampled NNs | VaAcc: 0.4408 +- 0.0219 | VaLoss: 1.7249 +- 0.0922
280,  0 | TrAcc: 0.7729, TrLoss:  0.67678, VaAcc: 0.6962, VaLoss:  1.03625	 20 sampled NNs | VaAcc: 0.4677 +- 0.0230 | VaLoss: 1.6135 +- 0.0918
281,  0 | TrAcc: 0.7744, TrLoss:  0.67222, VaAcc: 0.7003, VaLoss:  1.03528	 20 sampled NNs | VaAcc: 0.4546 +- 0.0387 | VaLoss: 1.6547 +- 0.1574
282,  0 | TrAcc: 0.7515, TrLoss:  0.70703, VaAcc: 0.6876, VaLoss:  1.08608	 20 sampled NNs | VaAcc: 0.4517 +- 0.0252 | VaLoss: 1.6354 +- 0.1063
283,  0 | TrAcc: 0.7510, TrLoss:  0.74133, VaAcc: 0.7032, VaLoss:  1.03797	 20 sampled NNs | VaAcc: 0.4615 +- 0.0257 | VaLoss: 1.6429 +- 0.0956
284,  0 | TrAcc: 0.7754, TrLoss:  0.67971, VaAcc: 0.6997, VaLoss:  1.05486	 20 sampled NNs | VaAcc: 0.4629 +- 0.0251 | VaLoss: 1.5981 +- 0.0929
285,  0 | TrAcc: 0.7860, TrLoss:  0.64268, VaAcc: 0.7014, VaLoss:  1.04520	 20 sampled NNs | VaAcc: 0.4623 +- 0.0242 | VaLoss: 1.6037 +- 0.0875
286,  0 | TrAcc: 0.7801, TrLoss:  0.67216, VaAcc: 0.6889, VaLoss:  1.08558	 20 sampled NNs | VaAcc: 0.4381 +- 0.0279 | VaLoss: 1.7245 +- 0.1024
287,  0 | TrAcc: 0.7738, TrLoss:  0.68676, VaAcc: 0.6923, VaLoss:  1.06077	 20 sampled NNs | VaAcc: 0.4447 +- 0.0297 | VaLoss: 1.6999 +- 0.1085
288,  0 | TrAcc: 0.7731, TrLoss:  0.70109, VaAcc: 0.6892, VaLoss:  1.08923	 20 sampled NNs | VaAcc: 0.4409 +- 0.0296 | VaLoss: 1.6624 +- 0.1007
289,  0 | TrAcc: 0.7734, TrLoss:  0.65186, VaAcc: 0.7002, VaLoss:  1.05267	 20 sampled NNs | VaAcc: 0.4578 +- 0.0265 | VaLoss: 1.6474 +- 0.0796
290,  0 | TrAcc: 0.7731, TrLoss:  0.66784, VaAcc: 0.6965, VaLoss:  1.05652	 20 sampled NNs | VaAcc: 0.4615 +- 0.0290 | VaLoss: 1.6267 +- 0.0880
291,  0 | TrAcc: 0.7515, TrLoss:  0.72671, VaAcc: 0.6873, VaLoss:  1.07402	 20 sampled NNs | VaAcc: 0.4474 +- 0.0232 | VaLoss: 1.6903 +- 0.0881
292,  0 | TrAcc: 0.7743, TrLoss:  0.65652, VaAcc: 0.7047, VaLoss:  1.03901	 20 sampled NNs | VaAcc: 0.4391 +- 0.0243 | VaLoss: 1.6670 +- 0.0678
293,  0 | TrAcc: 0.7677, TrLoss:  0.70298, VaAcc: 0.6955, VaLoss:  1.05000	 20 sampled NNs | VaAcc: 0.4339 +- 0.0266 | VaLoss: 1.6872 +- 0.0929
294,  0 | TrAcc: 0.7647, TrLoss:  0.69683, VaAcc: 0.6907, VaLoss:  1.08301	 20 sampled NNs | VaAcc: 0.4414 +- 0.0373 | VaLoss: 1.7170 +- 0.1232
295,  0 | TrAcc: 0.7675, TrLoss:  0.69169, VaAcc: 0.6892, VaLoss:  1.08161	 20 sampled NNs | VaAcc: 0.4295 +- 0.0277 | VaLoss: 1.7318 +- 0.0889
296,  0 | TrAcc: 0.7740, TrLoss:  0.68652, VaAcc: 0.6909, VaLoss:  1.07113	 20 sampled NNs | VaAcc: 0.4112 +- 0.0396 | VaLoss: 1.7940 +- 0.1305
297,  0 | TrAcc: 0.7591, TrLoss:  0.73703, VaAcc: 0.6974, VaLoss:  1.06695	 20 sampled NNs | VaAcc: 0.4466 +- 0.0277 | VaLoss: 1.7025 +- 0.1150
298,  0 | TrAcc: 0.7646, TrLoss:  0.71002, VaAcc: 0.7022, VaLoss:  1.02548	 20 sampled NNs | VaAcc: 0.4321 +- 0.0267 | VaLoss: 1.7005 +- 0.1001
299,  0 | TrAcc: 0.7558, TrLoss:  0.72786, VaAcc: 0.6924, VaLoss:  1.04741	 20 sampled NNs | VaAcc: 0.4311 +- 0.0264 | VaLoss: 1.6930 +- 0.0726
300,  0 | TrAcc: 0.7670, TrLoss:  0.70721, VaAcc: 0.6951, VaLoss:  1.04905	 20 sampled NNs | VaAcc: 0.4331 +- 0.0408 | VaLoss: 1.7301 +- 0.1568
301,  0 | TrAcc: 0.7888, TrLoss:  0.63166, VaAcc: 0.7142, VaLoss:  0.99282	 20 sampled NNs | VaAcc: 0.4411 +- 0.0195 | VaLoss: 1.6880 +- 0.0634
302,  0 | TrAcc: 0.7593, TrLoss:  0.69864, VaAcc: 0.7050, VaLoss:  1.02429	 20 sampled NNs | VaAcc: 0.4423 +- 0.0356 | VaLoss: 1.6922 +- 0.1002
303,  0 | TrAcc: 0.7565, TrLoss:  0.72391, VaAcc: 0.6988, VaLoss:  1.04828	 20 sampled NNs | VaAcc: 0.4577 +- 0.0232 | VaLoss: 1.6398 +- 0.0798
304,  0 | TrAcc: 0.7651, TrLoss:  0.69542, VaAcc: 0.6918, VaLoss:  1.05172	 20 sampled NNs | VaAcc: 0.4559 +- 0.0335 | VaLoss: 1.6597 +- 0.1501
305,  0 | TrAcc: 0.7822, TrLoss:  0.65534, VaAcc: 0.6969, VaLoss:  1.06356	 20 sampled NNs | VaAcc: 0.4463 +- 0.0326 | VaLoss: 1.6748 +- 0.1198
306,  0 | TrAcc: 0.7812, TrLoss:  0.66213, VaAcc: 0.6977, VaLoss:  1.03602	 20 sampled NNs | VaAcc: 0.4531 +- 0.0195 | VaLoss: 1.5946 +- 0.0715
307,  0 | TrAcc: 0.7585, TrLoss:  0.69890, VaAcc: 0.6993, VaLoss:  1.04692	 20 sampled NNs | VaAcc: 0.4398 +- 0.0226 | VaLoss: 1.6682 +- 0.0676
308,  0 | TrAcc: 0.7677, TrLoss:  0.69912, VaAcc: 0.7094, VaLoss:  1.00724	 20 sampled NNs | VaAcc: 0.4627 +- 0.0260 | VaLoss: 1.6002 +- 0.0858
309,  0 | TrAcc: 0.7691, TrLoss:  0.68487, VaAcc: 0.6984, VaLoss:  1.02958	 20 sampled NNs | VaAcc: 0.4713 +- 0.0241 | VaLoss: 1.6041 +- 0.0757
310,  0 | TrAcc: 0.7695, TrLoss:  0.67020, VaAcc: 0.6918, VaLoss:  1.05069	 20 sampled NNs | VaAcc: 0.4394 +- 0.0330 | VaLoss: 1.7064 +- 0.1077
311,  0 | TrAcc: 0.7839, TrLoss:  0.64951, VaAcc: 0.7075, VaLoss:  1.04547	 20 sampled NNs | VaAcc: 0.4672 +- 0.0333 | VaLoss: 1.6249 +- 0.1226
312,  0 | TrAcc: 0.7742, TrLoss:  0.66922, VaAcc: 0.6954, VaLoss:  1.06655	 20 sampled NNs | VaAcc: 0.4481 +- 0.0229 | VaLoss: 1.6453 +- 0.0738
313,  0 | TrAcc: 0.7836, TrLoss:  0.63749, VaAcc: 0.7070, VaLoss:  1.02644	 20 sampled NNs | VaAcc: 0.4703 +- 0.0290 | VaLoss: 1.5941 +- 0.0963
314,  0 | TrAcc: 0.7616, TrLoss:  0.68877, VaAcc: 0.7152, VaLoss:  1.02332	 20 sampled NNs | VaAcc: 0.4694 +- 0.0286 | VaLoss: 1.5813 +- 0.0838
315,  0 | TrAcc: 0.7777, TrLoss:  0.65116, VaAcc: 0.6929, VaLoss:  1.06708	 20 sampled NNs | VaAcc: 0.4552 +- 0.0264 | VaLoss: 1.6866 +- 0.0787
316,  0 | TrAcc: 0.7638, TrLoss:  0.71496, VaAcc: 0.7004, VaLoss:  1.06243	 20 sampled NNs | VaAcc: 0.4574 +- 0.0314 | VaLoss: 1.6220 +- 0.0897
317,  0 | TrAcc: 0.7751, TrLoss:  0.66479, VaAcc: 0.6988, VaLoss:  1.05001	 20 sampled NNs | VaAcc: 0.4519 +- 0.0279 | VaLoss: 1.6412 +- 0.0584
318,  0 | TrAcc: 0.7409, TrLoss:  0.75530, VaAcc: 0.6965, VaLoss:  1.07584	 20 sampled NNs | VaAcc: 0.4442 +- 0.0233 | VaLoss: 1.6626 +- 0.1046
319,  0 | TrAcc: 0.7909, TrLoss:  0.64070, VaAcc: 0.7004, VaLoss:  1.04750	 20 sampled NNs | VaAcc: 0.4647 +- 0.0200 | VaLoss: 1.6153 +- 0.0614
320,  0 | TrAcc: 0.7706, TrLoss:  0.67299, VaAcc: 0.7099, VaLoss:  1.02266	 20 sampled NNs | VaAcc: 0.4643 +- 0.0225 | VaLoss: 1.6428 +- 0.0565
321,  0 | TrAcc: 0.7591, TrLoss:  0.73028, VaAcc: 0.6923, VaLoss:  1.07325	 20 sampled NNs | VaAcc: 0.4267 +- 0.0329 | VaLoss: 1.7267 +- 0.1092
322,  0 | TrAcc: 0.7756, TrLoss:  0.68059, VaAcc: 0.6997, VaLoss:  1.05469	 20 sampled NNs | VaAcc: 0.4490 +- 0.0350 | VaLoss: 1.6427 +- 0.1021
323,  0 | TrAcc: 0.7564, TrLoss:  0.71791, VaAcc: 0.7031, VaLoss:  1.04189	 20 sampled NNs | VaAcc: 0.4506 +- 0.0299 | VaLoss: 1.6592 +- 0.1083
324,  0 | TrAcc: 0.7666, TrLoss:  0.69003, VaAcc: 0.7062, VaLoss:  1.03091	 20 sampled NNs | VaAcc: 0.4496 +- 0.0217 | VaLoss: 1.6491 +- 0.0848
325,  0 | TrAcc: 0.7695, TrLoss:  0.68861, VaAcc: 0.6978, VaLoss:  1.05499	 20 sampled NNs | VaAcc: 0.4457 +- 0.0273 | VaLoss: 1.6551 +- 0.0992
326,  0 | TrAcc: 0.7404, TrLoss:  0.74277, VaAcc: 0.6972, VaLoss:  1.06788	 20 sampled NNs | VaAcc: 0.4295 +- 0.0259 | VaLoss: 1.7316 +- 0.0829
327,  0 | TrAcc: 0.7686, TrLoss:  0.68314, VaAcc: 0.7044, VaLoss:  1.05171	 20 sampled NNs | VaAcc: 0.4390 +- 0.0229 | VaLoss: 1.7059 +- 0.0777
328,  0 | TrAcc: 0.7749, TrLoss:  0.66993, VaAcc: 0.6993, VaLoss:  1.06482	 20 sampled NNs | VaAcc: 0.4602 +- 0.0287 | VaLoss: 1.6435 +- 0.1182
329,  0 | TrAcc: 0.7864, TrLoss:  0.63918, VaAcc: 0.7041, VaLoss:  1.06606	 20 sampled NNs | VaAcc: 0.4609 +- 0.0296 | VaLoss: 1.6265 +- 0.0917
330,  0 | TrAcc: 0.7587, TrLoss:  0.70041, VaAcc: 0.7013, VaLoss:  1.03210	 20 sampled NNs | VaAcc: 0.4568 +- 0.0231 | VaLoss: 1.6524 +- 0.0892
331,  0 | TrAcc: 0.7706, TrLoss:  0.68514, VaAcc: 0.7041, VaLoss:  1.03642	 20 sampled NNs | VaAcc: 0.4537 +- 0.0333 | VaLoss: 1.6328 +- 0.0900
332,  0 | TrAcc: 0.7781, TrLoss:  0.64404, VaAcc: 0.7029, VaLoss:  1.03284	 20 sampled NNs | VaAcc: 0.4399 +- 0.0264 | VaLoss: 1.6999 +- 0.0838
333,  0 | TrAcc: 0.7815, TrLoss:  0.64968, VaAcc: 0.7036, VaLoss:  1.03368	 20 sampled NNs | VaAcc: 0.4371 +- 0.0427 | VaLoss: 1.6890 +- 0.1482
334,  0 | TrAcc: 0.7535, TrLoss:  0.76069, VaAcc: 0.6894, VaLoss:  1.08662	 20 sampled NNs | VaAcc: 0.4371 +- 0.0247 | VaLoss: 1.7355 +- 0.1321
335,  0 | TrAcc: 0.7568, TrLoss:  0.71863, VaAcc: 0.7001, VaLoss:  1.04822	 20 sampled NNs | VaAcc: 0.4399 +- 0.0215 | VaLoss: 1.7159 +- 0.0728
336,  0 | TrAcc: 0.7671, TrLoss:  0.70799, VaAcc: 0.7007, VaLoss:  1.04832	 20 sampled NNs | VaAcc: 0.4478 +- 0.0284 | VaLoss: 1.6509 +- 0.1173
337,  0 | TrAcc: 0.7703, TrLoss:  0.67355, VaAcc: 0.6898, VaLoss:  1.06574	 20 sampled NNs | VaAcc: 0.4464 +- 0.0248 | VaLoss: 1.6402 +- 0.0974
338,  0 | TrAcc: 0.7582, TrLoss:  0.71778, VaAcc: 0.6980, VaLoss:  1.06308	 20 sampled NNs | VaAcc: 0.4448 +- 0.0359 | VaLoss: 1.6618 +- 0.1092
339,  0 | TrAcc: 0.7790, TrLoss:  0.65680, VaAcc: 0.6988, VaLoss:  1.05388	 20 sampled NNs | VaAcc: 0.4759 +- 0.0232 | VaLoss: 1.5531 +- 0.0756
340,  0 | TrAcc: 0.7658, TrLoss:  0.67909, VaAcc: 0.6930, VaLoss:  1.06548	 20 sampled NNs | VaAcc: 0.4476 +- 0.0229 | VaLoss: 1.6726 +- 0.0774
341,  0 | TrAcc: 0.7644, TrLoss:  0.71951, VaAcc: 0.6844, VaLoss:  1.08311	 20 sampled NNs | VaAcc: 0.4383 +- 0.0207 | VaLoss: 1.6914 +- 0.0996
342,  0 | TrAcc: 0.7911, TrLoss:  0.61688, VaAcc: 0.7082, VaLoss:  1.02948	 20 sampled NNs | VaAcc: 0.4663 +- 0.0231 | VaLoss: 1.6096 +- 0.0726
343,  0 | TrAcc: 0.7762, TrLoss:  0.67171, VaAcc: 0.6974, VaLoss:  1.04681	 20 sampled NNs | VaAcc: 0.4666 +- 0.0225 | VaLoss: 1.5906 +- 0.0726
344,  0 | TrAcc: 0.7583, TrLoss:  0.71868, VaAcc: 0.7013, VaLoss:  1.03022	 20 sampled NNs | VaAcc: 0.4584 +- 0.0270 | VaLoss: 1.6538 +- 0.0871
345,  0 | TrAcc: 0.7474, TrLoss:  0.74810, VaAcc: 0.6916, VaLoss:  1.09472	 20 sampled NNs | VaAcc: 0.4368 +- 0.0278 | VaLoss: 1.7684 +- 0.1401
346,  0 | TrAcc: 0.7630, TrLoss:  0.70132, VaAcc: 0.7073, VaLoss:  1.04882	 20 sampled NNs | VaAcc: 0.4605 +- 0.0257 | VaLoss: 1.6569 +- 0.0838
347,  0 | TrAcc: 0.7614, TrLoss:  0.69286, VaAcc: 0.7060, VaLoss:  1.03244	 20 sampled NNs | VaAcc: 0.4557 +- 0.0309 | VaLoss: 1.6426 +- 0.1209
348,  0 | TrAcc: 0.7621, TrLoss:  0.68784, VaAcc: 0.6810, VaLoss:  1.09041	 20 sampled NNs | VaAcc: 0.4500 +- 0.0238 | VaLoss: 1.6882 +- 0.0618
349,  0 | TrAcc: 0.7619, TrLoss:  0.72692, VaAcc: 0.6947, VaLoss:  1.06062	 20 sampled NNs | VaAcc: 0.4690 +- 0.0267 | VaLoss: 1.5993 +- 0.0855
350,  0 | TrAcc: 0.7855, TrLoss:  0.64795, VaAcc: 0.7033, VaLoss:  1.05778	 20 sampled NNs | VaAcc: 0.4720 +- 0.0300 | VaLoss: 1.5923 +- 0.0987
351,  0 | TrAcc: 0.7755, TrLoss:  0.68643, VaAcc: 0.7049, VaLoss:  1.05987	 20 sampled NNs | VaAcc: 0.4579 +- 0.0317 | VaLoss: 1.6550 +- 0.1759
352,  0 | TrAcc: 0.7764, TrLoss:  0.70386, VaAcc: 0.7031, VaLoss:  1.04965	 20 sampled NNs | VaAcc: 0.4560 +- 0.0294 | VaLoss: 1.6170 +- 0.1073
353,  0 | TrAcc: 0.7618, TrLoss:  0.72417, VaAcc: 0.6923, VaLoss:  1.08405	 20 sampled NNs | VaAcc: 0.4458 +- 0.0331 | VaLoss: 1.6470 +- 0.1049
354,  0 | TrAcc: 0.7696, TrLoss:  0.69899, VaAcc: 0.7111, VaLoss:  1.02997	 20 sampled NNs | VaAcc: 0.4676 +- 0.0302 | VaLoss: 1.5957 +- 0.0841
355,  0 | TrAcc: 0.7737, TrLoss:  0.66802, VaAcc: 0.6868, VaLoss:  1.05972	 20 sampled NNs | VaAcc: 0.4647 +- 0.0313 | VaLoss: 1.6111 +- 0.0866
356,  0 | TrAcc: 0.7665, TrLoss:  0.69880, VaAcc: 0.7002, VaLoss:  1.03026	 20 sampled NNs | VaAcc: 0.4329 +- 0.0220 | VaLoss: 1.7079 +- 0.0848
357,  0 | TrAcc: 0.7667, TrLoss:  0.69203, VaAcc: 0.7004, VaLoss:  1.03447	 20 sampled NNs | VaAcc: 0.4586 +- 0.0286 | VaLoss: 1.6301 +- 0.1222
358,  0 | TrAcc: 0.7519, TrLoss:  0.74783, VaAcc: 0.6986, VaLoss:  1.05444	 20 sampled NNs | VaAcc: 0.4566 +- 0.0127 | VaLoss: 1.6275 +- 0.0566
359,  0 | TrAcc: 0.7700, TrLoss:  0.67746, VaAcc: 0.7051, VaLoss:  1.04090	 20 sampled NNs | VaAcc: 0.4760 +- 0.0253 | VaLoss: 1.5535 +- 0.0785
360,  0 | TrAcc: 0.7741, TrLoss:  0.67864, VaAcc: 0.6964, VaLoss:  1.06062	 20 sampled NNs | VaAcc: 0.4827 +- 0.0235 | VaLoss: 1.5613 +- 0.0703
361,  0 | TrAcc: 0.7683, TrLoss:  0.67717, VaAcc: 0.6891, VaLoss:  1.07141	 20 sampled NNs | VaAcc: 0.4300 +- 0.0227 | VaLoss: 1.6928 +- 0.0877
362,  0 | TrAcc: 0.7869, TrLoss:  0.65709, VaAcc: 0.7090, VaLoss:  1.02975	 20 sampled NNs | VaAcc: 0.4622 +- 0.0268 | VaLoss: 1.6322 +- 0.0921
363,  0 | TrAcc: 0.7732, TrLoss:  0.67478, VaAcc: 0.7041, VaLoss:  1.05430	 20 sampled NNs | VaAcc: 0.4664 +- 0.0249 | VaLoss: 1.6073 +- 0.0899
364,  0 | TrAcc: 0.7738, TrLoss:  0.69441, VaAcc: 0.7099, VaLoss:  1.02428	 20 sampled NNs | VaAcc: 0.4661 +- 0.0262 | VaLoss: 1.6068 +- 0.0928
365,  0 | TrAcc: 0.7758, TrLoss:  0.65441, VaAcc: 0.6967, VaLoss:  1.05653	 20 sampled NNs | VaAcc: 0.4577 +- 0.0309 | VaLoss: 1.6503 +- 0.0960
366,  0 | TrAcc: 0.7901, TrLoss:  0.63920, VaAcc: 0.7007, VaLoss:  1.02624	 20 sampled NNs | VaAcc: 0.4712 +- 0.0273 | VaLoss: 1.5927 +- 0.0754
367,  0 | TrAcc: 0.7707, TrLoss:  0.69886, VaAcc: 0.7026, VaLoss:  1.05550	 20 sampled NNs | VaAcc: 0.4668 +- 0.0226 | VaLoss: 1.6098 +- 0.0676
368,  0 | TrAcc: 0.7655, TrLoss:  0.69997, VaAcc: 0.6986, VaLoss:  1.05789	 20 sampled NNs | VaAcc: 0.4523 +- 0.0266 | VaLoss: 1.6040 +- 0.1036
369,  0 | TrAcc: 0.7815, TrLoss:  0.66492, VaAcc: 0.7045, VaLoss:  1.05394	 20 sampled NNs | VaAcc: 0.4790 +- 0.0278 | VaLoss: 1.5652 +- 0.0917
370,  0 | TrAcc: 0.7606, TrLoss:  0.70521, VaAcc: 0.7077, VaLoss:  1.02173	 20 sampled NNs | VaAcc: 0.4589 +- 0.0240 | VaLoss: 1.5894 +- 0.1073
371,  0 | TrAcc: 0.7856, TrLoss:  0.64313, VaAcc: 0.7023, VaLoss:  1.02824	 20 sampled NNs | VaAcc: 0.4602 +- 0.0248 | VaLoss: 1.6476 +- 0.0918
372,  0 | TrAcc: 0.7616, TrLoss:  0.71976, VaAcc: 0.7032, VaLoss:  1.05419	 20 sampled NNs | VaAcc: 0.4635 +- 0.0363 | VaLoss: 1.6213 +- 0.1148
373,  0 | TrAcc: 0.7705, TrLoss:  0.67775, VaAcc: 0.6983, VaLoss:  1.03858	 20 sampled NNs | VaAcc: 0.4654 +- 0.0426 | VaLoss: 1.6324 +- 0.2377
374,  0 | TrAcc: 0.7716, TrLoss:  0.68801, VaAcc: 0.6879, VaLoss:  1.08976	 20 sampled NNs | VaAcc: 0.4340 +- 0.0565 | VaLoss: 1.7240 +- 0.2428
375,  0 | TrAcc: 0.7464, TrLoss:  0.73163, VaAcc: 0.7137, VaLoss:  1.02219	 20 sampled NNs | VaAcc: 0.4800 +- 0.0296 | VaLoss: 1.5350 +- 0.1015
376,  0 | TrAcc: 0.7626, TrLoss:  0.71725, VaAcc: 0.7024, VaLoss:  1.05023	 20 sampled NNs | VaAcc: 0.4744 +- 0.0236 | VaLoss: 1.5531 +- 0.0595
377,  0 | TrAcc: 0.7613, TrLoss:  0.70146, VaAcc: 0.7011, VaLoss:  1.05191	 20 sampled NNs | VaAcc: 0.4774 +- 0.0341 | VaLoss: 1.5818 +- 0.1436
378,  0 | TrAcc: 0.7774, TrLoss:  0.68851, VaAcc: 0.6877, VaLoss:  1.07273	 20 sampled NNs | VaAcc: 0.4264 +- 0.0266 | VaLoss: 1.6616 +- 0.0788
379,  0 | TrAcc: 0.7751, TrLoss:  0.68361, VaAcc: 0.6971, VaLoss:  1.07575	 20 sampled NNs | VaAcc: 0.4320 +- 0.0516 | VaLoss: 1.7575 +- 0.2938
380,  0 | TrAcc: 0.7820, TrLoss:  0.66396, VaAcc: 0.6904, VaLoss:  1.08539	 20 sampled NNs | VaAcc: 0.4419 +- 0.0296 | VaLoss: 1.7017 +- 0.0665
381,  0 | TrAcc: 0.7938, TrLoss:  0.62567, VaAcc: 0.7003, VaLoss:  1.05672	 20 sampled NNs | VaAcc: 0.4617 +- 0.0225 | VaLoss: 1.6539 +- 0.0639
382,  0 | TrAcc: 0.7829, TrLoss:  0.63972, VaAcc: 0.7065, VaLoss:  1.02623	 20 sampled NNs | VaAcc: 0.4722 +- 0.0359 | VaLoss: 1.6072 +- 0.1368
383,  0 | TrAcc: 0.7643, TrLoss:  0.72529, VaAcc: 0.7073, VaLoss:  1.02614	 20 sampled NNs | VaAcc: 0.4704 +- 0.0277 | VaLoss: 1.6031 +- 0.0829
384,  0 | TrAcc: 0.7752, TrLoss:  0.65585, VaAcc: 0.7208, VaLoss:  1.02639	 20 sampled NNs | VaAcc: 0.4715 +- 0.0244 | VaLoss: 1.5782 +- 0.0693
385,  0 | TrAcc: 0.7546, TrLoss:  0.72042, VaAcc: 0.7075, VaLoss:  1.03818	 20 sampled NNs | VaAcc: 0.4629 +- 0.0282 | VaLoss: 1.6207 +- 0.1080
386,  0 | TrAcc: 0.7703, TrLoss:  0.68373, VaAcc: 0.6960, VaLoss:  1.08049	 20 sampled NNs | VaAcc: 0.4761 +- 0.0253 | VaLoss: 1.5775 +- 0.1010
387,  0 | TrAcc: 0.7566, TrLoss:  0.72693, VaAcc: 0.6971, VaLoss:  1.05255	 20 sampled NNs | VaAcc: 0.4649 +- 0.0335 | VaLoss: 1.6107 +- 0.0984
388,  0 | TrAcc: 0.7439, TrLoss:  0.74105, VaAcc: 0.7027, VaLoss:  1.02453	 20 sampled NNs | VaAcc: 0.4697 +- 0.0376 | VaLoss: 1.5948 +- 0.1268
389,  0 | TrAcc: 0.7598, TrLoss:  0.68944, VaAcc: 0.6970, VaLoss:  1.03762	 20 sampled NNs | VaAcc: 0.4641 +- 0.0193 | VaLoss: 1.6116 +- 0.0850
390,  0 | TrAcc: 0.7670, TrLoss:  0.70574, VaAcc: 0.6952, VaLoss:  1.05628	 20 sampled NNs | VaAcc: 0.4520 +- 0.0301 | VaLoss: 1.6179 +- 0.0886
391,  0 | TrAcc: 0.7717, TrLoss:  0.69120, VaAcc: 0.7067, VaLoss:  1.02550	 20 sampled NNs | VaAcc: 0.4620 +- 0.0317 | VaLoss: 1.5865 +- 0.0893
392,  0 | TrAcc: 0.7821, TrLoss:  0.65556, VaAcc: 0.7026, VaLoss:  1.04218	 20 sampled NNs | VaAcc: 0.4679 +- 0.0295 | VaLoss: 1.6077 +- 0.0890
393,  0 | TrAcc: 0.7529, TrLoss:  0.72149, VaAcc: 0.6964, VaLoss:  1.05324	 20 sampled NNs | VaAcc: 0.4586 +- 0.0387 | VaLoss: 1.6564 +- 0.2262
394,  0 | TrAcc: 0.7606, TrLoss:  0.71148, VaAcc: 0.7007, VaLoss:  1.05148	 20 sampled NNs | VaAcc: 0.4679 +- 0.0270 | VaLoss: 1.5659 +- 0.0702
395,  0 | TrAcc: 0.7572, TrLoss:  0.72064, VaAcc: 0.7007, VaLoss:  1.05555	 20 sampled NNs | VaAcc: 0.4608 +- 0.0326 | VaLoss: 1.6168 +- 0.0951
396,  0 | TrAcc: 0.7726, TrLoss:  0.68206, VaAcc: 0.7019, VaLoss:  1.05021	 20 sampled NNs | VaAcc: 0.4606 +- 0.0271 | VaLoss: 1.6219 +- 0.0907
397,  0 | TrAcc: 0.7759, TrLoss:  0.66161, VaAcc: 0.7067, VaLoss:  1.05028	 20 sampled NNs | VaAcc: 0.4578 +- 0.0271 | VaLoss: 1.6318 +- 0.0968
398,  0 | TrAcc: 0.7707, TrLoss:  0.68272, VaAcc: 0.6838, VaLoss:  1.10351	 20 sampled NNs | VaAcc: 0.4470 +- 0.0225 | VaLoss: 1.6520 +- 0.0633
399,  0 | TrAcc: 0.7549, TrLoss:  0.71561, VaAcc: 0.6966, VaLoss:  1.05361	 20 sampled NNs | VaAcc: 0.4670 +- 0.0222 | VaLoss: 1.6084 +- 0.0898
111715.942842
----------------------------
