

config:

HOME=/clusterFS/home/student/kopp13
PATH=/clusterFS/home/student/kopp13/miniconda3/envs/tensorflow/bin:/clusterFS/home/student/kopp13/miniconda3/bin:/clusterFS/home/student/kopp13/bin:/usr/local/bin:/usr/bin:/bin:/usr/local/games:/usr/games
LD_LIBRARY_PATH=
THEANO_FLAGS=floatX=float32,gpuarray.preallocate=0.9,dnn.library_path=/usr/lib/x86_64-linux-gnu,cxx=clang++-3.8,device=cuda,base_compiledir=/tmp/tmp.P2ptGU1UMW

=============================
CONFIG FILE

RNN CONFIG
{'data_multiplier': 0.05,
 'gradient_clip_value': 0.5,
 'layer_configs': [{'layer_type': 'input'},
                   {'bc': {'init_m': 'xavier',
                           'init_v': -4.5,
                           'prior_m': 0.0,
                           'prior_v': 0.0,
                           'type': 'continuous'},
                    'bf': {'init_m': 'xavier',
                           'init_v': -4.5,
                           'prior_m': 0.0,
                           'prior_v': 0.0,
                           'type': 'continuous'},
                    'bi': {'init_m': 'xavier',
                           'init_v': -4.5,
                           'prior_m': 0.0,
                           'prior_v': 0.0,
                           'type': 'continuous'},
                    'bo': {'init_m': 'xavier',
                           'init_v': -4.5,
                           'prior_m': 0.0,
                           'prior_v': 0.0,
                           'type': 'continuous'},
                    'discrete_act': True,
                    'init_config': {'c': {'b': 'all_zero', 'w': 'xavier'},
                                    'f': {'b': 'all_one', 'w': 'all_zero'},
                                    'i': {'b': 'all_zero', 'w': 'xavier'},
                                    'o': {'b': 'all_zero', 'w': 'xavier'}},
                    'is_output': False,
                    'is_recurrent': True,
                    'layer_type': 'lstm',
                    'tau': 0.8,
                    'var_scope': 'lstm_0',
                    'wc': {'p0max': 0.95,
                           'p0min': 0.05,
                           'pmax': 0.99,
                           'pmin': 0.01,
                           'priors': [0.1, 0.8, 0.1],
                           'type': 'ternary'},
                    'wf': {'p0max': 0.95,
                           'p0min': 0.05,
                           'pmax': 0.99,
                           'pmin': 0.01,
                           'priors': [0.1, 0.8, 0.1],
                           'type': 'ternary'},
                    'wi': {'p0max': 0.95,
                           'p0min': 0.05,
                           'pmax': 0.99,
                           'pmin': 0.01,
                           'priors': [0.1, 0.8, 0.1],
                           'type': 'ternary'},
                    'wo': {'p0max': 0.95,
                           'p0min': 0.05,
                           'pmax': 0.99,
                           'pmin': 0.01,
                           'priors': [0.1, 0.8, 0.1],
                           'type': 'ternary'}},
                   {'bc': {'init_m': 'xavier',
                           'init_v': -4.5,
                           'prior_m': 0.0,
                           'prior_v': 0.0,
                           'type': 'continuous'},
                    'bf': {'init_m': 'xavier',
                           'init_v': -4.5,
                           'prior_m': 0.0,
                           'prior_v': 0.0,
                           'type': 'continuous'},
                    'bi': {'init_m': 'xavier',
                           'init_v': -4.5,
                           'prior_m': 0.0,
                           'prior_v': 0.0,
                           'type': 'continuous'},
                    'bo': {'init_m': 'xavier',
                           'init_v': -4.5,
                           'prior_m': 0.0,
                           'prior_v': 0.0,
                           'type': 'continuous'},
                    'discrete_act': True,
                    'init_config': {'c': {'b': 'all_zero', 'w': 'xavier'},
                                    'f': {'b': 'all_one', 'w': 'all_zero'},
                                    'i': {'b': 'all_zero', 'w': 'xavier'},
                                    'o': {'b': 'all_zero', 'w': 'xavier'}},
                    'is_output': False,
                    'is_recurrent': True,
                    'layer_type': 'lstm',
                    'tau': 0.8,
                    'var_scope': 'lstm_1',
                    'wc': {'p0max': 0.95,
                           'p0min': 0.05,
                           'pmax': 0.99,
                           'pmin': 0.01,
                           'priors': [0.1, 0.8, 0.1],
                           'type': 'ternary'},
                    'wf': {'p0max': 0.95,
                           'p0min': 0.05,
                           'pmax': 0.99,
                           'pmin': 0.01,
                           'priors': [0.1, 0.8, 0.1],
                           'type': 'ternary'},
                    'wi': {'p0max': 0.95,
                           'p0min': 0.05,
                           'pmax': 0.99,
                           'pmin': 0.01,
                           'priors': [0.1, 0.8, 0.1],
                           'type': 'ternary'},
                    'wo': {'p0max': 0.95,
                           'p0min': 0.05,
                           'pmax': 0.99,
                           'pmin': 0.01,
                           'priors': [0.1, 0.8, 0.1],
                           'type': 'ternary'}},
                   {'b': {'init_m': 'xavier',
                          'init_v': -4.5,
                          'prior_m': 0.0,
                          'prior_v': 0.0,
                          'type': 'continuous'},
                    'is_output': True,
                    'is_recurrent': False,
                    'layer_type': 'fc',
                    'regularization': {'mode': None, 'strength': 0.02},
                    'tau': 0.8,
                    'var_scope': 'output_layer',
                    'w': {'p0max': 0.95,
                          'p0min': 0.05,
                          'pmax': 0.99,
                          'pmin': 0.01,
                          'priors': [0.1, 0.8, 0.1],
                          'type': 'ternary'}}],
 'layout': [4, 60, 60, 10],
 'output_type': 'classification'}

DATA CONFIG
{'dataset': 'red_penstroke',
 'tr': {'in_seq_len': 30,
        'minibatch_enabled': True,
        'minibatch_size': 200,
        'out_seq_len': 5,
        'zero_padding': 20},
 'va': {'in_seq_len': 30,
        'minibatch_enabled': True,
        'minibatch_size': 200,
        'out_seq_len': 5,
        'zero_padding': 20}}

TRAINING CONFIG
{'beta_reg': 0.0,
 'is_pretrain': False,
 'learning_rate': 0.002,
 'mode': {'max_epochs': 400, 'min_error': 0.0, 'name': 'classic'},
 'task_id': 0,
 'type': 'l_sampling',
 'var_reg': 0.0}
==============================


  0,  0 | TrAcc: 0.0976, TrLoss:  3.25065, VaAcc: 0.0974, VaLoss:  6.12605	 20 sampled NNs | VaAcc: 0.0968 +- 0.0139 | VaLoss: 3.3650 +- 0.1703
  1,  0 | TrAcc: 0.1591, TrLoss:  2.63050, VaAcc: 0.1405, VaLoss:  4.12375	 20 sampled NNs | VaAcc: 0.1100 +- 0.0161 | VaLoss: 2.6168 +- 0.1004
  2,  0 | TrAcc: 0.1774, TrLoss:  2.32217, VaAcc: 0.1459, VaLoss:  2.82992	 20 sampled NNs | VaAcc: 0.1313 +- 0.0103 | VaLoss: 2.3891 +- 0.0745
  3,  0 | TrAcc: 0.1672, TrLoss:  2.25866, VaAcc: 0.2094, VaLoss:  2.49252	 20 sampled NNs | VaAcc: 0.1458 +- 0.0289 | VaLoss: 2.3684 +- 0.1037
  4,  0 | TrAcc: 0.1816, TrLoss:  2.17931, VaAcc: 0.1791, VaLoss:  2.46353	 20 sampled NNs | VaAcc: 0.1272 +- 0.0168 | VaLoss: 2.3705 +- 0.0983
  5,  0 | TrAcc: 0.1859, TrLoss:  2.18513, VaAcc: 0.2182, VaLoss:  2.43454	 20 sampled NNs | VaAcc: 0.1451 +- 0.0261 | VaLoss: 2.3741 +- 0.0797
  6,  0 | TrAcc: 0.2482, TrLoss:  2.10646, VaAcc: 0.2621, VaLoss:  2.40636	 20 sampled NNs | VaAcc: 0.1581 +- 0.0248 | VaLoss: 2.3404 +- 0.0743
  7,  0 | TrAcc: 0.2322, TrLoss:  2.12253, VaAcc: 0.2574, VaLoss:  2.35874	 20 sampled NNs | VaAcc: 0.1605 +- 0.0165 | VaLoss: 2.3418 +- 0.0475
  8,  0 | TrAcc: 0.2291, TrLoss:  2.09244, VaAcc: 0.2730, VaLoss:  2.36578	 20 sampled NNs | VaAcc: 0.1491 +- 0.0228 | VaLoss: 2.3824 +- 0.0585
  9,  0 | TrAcc: 0.2375, TrLoss:  2.08089, VaAcc: 0.2743, VaLoss:  2.35907	 20 sampled NNs | VaAcc: 0.1300 +- 0.0202 | VaLoss: 2.3941 +- 0.0613
 10,  0 | TrAcc: 0.2701, TrLoss:  2.04524, VaAcc: 0.2677, VaLoss:  2.35357	 20 sampled NNs | VaAcc: 0.1627 +- 0.0168 | VaLoss: 2.3690 +- 0.0725
 11,  0 | TrAcc: 0.2653, TrLoss:  2.04059, VaAcc: 0.2562, VaLoss:  2.37687	 20 sampled NNs | VaAcc: 0.1484 +- 0.0251 | VaLoss: 2.3509 +- 0.0554
 12,  0 | TrAcc: 0.2456, TrLoss:  2.04261, VaAcc: 0.2726, VaLoss:  2.35373	 20 sampled NNs | VaAcc: 0.1432 +- 0.0217 | VaLoss: 2.3755 +- 0.0623
 13,  0 | TrAcc: 0.2537, TrLoss:  2.05030, VaAcc: 0.2902, VaLoss:  2.36861	 20 sampled NNs | VaAcc: 0.1559 +- 0.0254 | VaLoss: 2.4070 +- 0.0936
 14,  0 | TrAcc: 0.2567, TrLoss:  2.06478, VaAcc: 0.2855, VaLoss:  2.34339	 20 sampled NNs | VaAcc: 0.1556 +- 0.0247 | VaLoss: 2.3879 +- 0.1046
 15,  0 | TrAcc: 0.2579, TrLoss:  2.05488, VaAcc: 0.2731, VaLoss:  2.37470	 20 sampled NNs | VaAcc: 0.1594 +- 0.0231 | VaLoss: 2.3629 +- 0.1475
 16,  0 | TrAcc: 0.2659, TrLoss:  2.03188, VaAcc: 0.2858, VaLoss:  2.33168	 20 sampled NNs | VaAcc: 0.1676 +- 0.0179 | VaLoss: 2.3338 +- 0.0988
 17,  0 | TrAcc: 0.2791, TrLoss:  1.96955, VaAcc: 0.3007, VaLoss:  2.32836	 20 sampled NNs | VaAcc: 0.1646 +- 0.0283 | VaLoss: 2.3561 +- 0.1078
 18,  0 | TrAcc: 0.2902, TrLoss:  1.96433, VaAcc: 0.3075, VaLoss:  2.30844	 20 sampled NNs | VaAcc: 0.1539 +- 0.0212 | VaLoss: 2.3635 +- 0.1173
 19,  0 | TrAcc: 0.2776, TrLoss:  2.00024, VaAcc: 0.2724, VaLoss:  2.32443	 20 sampled NNs | VaAcc: 0.1512 +- 0.0337 | VaLoss: 2.3484 +- 0.0950
 20,  0 | TrAcc: 0.2769, TrLoss:  1.95590, VaAcc: 0.2999, VaLoss:  2.29148	 20 sampled NNs | VaAcc: 0.1757 +- 0.0261 | VaLoss: 2.3827 +- 0.1331
 21,  0 | TrAcc: 0.2787, TrLoss:  1.96601, VaAcc: 0.2958, VaLoss:  2.27884	 20 sampled NNs | VaAcc: 0.1490 +- 0.0252 | VaLoss: 2.4048 +- 0.1160
 22,  0 | TrAcc: 0.3044, TrLoss:  1.92247, VaAcc: 0.3277, VaLoss:  2.25424	 20 sampled NNs | VaAcc: 0.1682 +- 0.0322 | VaLoss: 2.3697 +- 0.1378
 23,  0 | TrAcc: 0.3070, TrLoss:  1.89865, VaAcc: 0.2917, VaLoss:  2.29021	 20 sampled NNs | VaAcc: 0.1684 +- 0.0298 | VaLoss: 2.2972 +- 0.0892
 24,  0 | TrAcc: 0.3013, TrLoss:  1.91656, VaAcc: 0.3104, VaLoss:  2.24405	 20 sampled NNs | VaAcc: 0.1899 +- 0.0363 | VaLoss: 2.2790 +- 0.1346
 25,  0 | TrAcc: 0.3163, TrLoss:  1.87609, VaAcc: 0.3285, VaLoss:  2.25029	 20 sampled NNs | VaAcc: 0.1771 +- 0.0305 | VaLoss: 2.2883 +- 0.1236
 26,  0 | TrAcc: 0.2942, TrLoss:  1.93020, VaAcc: 0.2787, VaLoss:  2.28830	 20 sampled NNs | VaAcc: 0.1543 +- 0.0358 | VaLoss: 2.3472 +- 0.1308
 27,  0 | TrAcc: 0.3116, TrLoss:  1.89395, VaAcc: 0.3160, VaLoss:  2.27222	 20 sampled NNs | VaAcc: 0.1874 +- 0.0380 | VaLoss: 2.2586 +- 0.1063
 28,  0 | TrAcc: 0.3125, TrLoss:  1.86878, VaAcc: 0.3002, VaLoss:  2.25562	 20 sampled NNs | VaAcc: 0.1728 +- 0.0294 | VaLoss: 2.2238 +- 0.1135
 29,  0 | TrAcc: 0.3252, TrLoss:  1.84362, VaAcc: 0.2904, VaLoss:  2.28415	 20 sampled NNs | VaAcc: 0.1716 +- 0.0213 | VaLoss: 2.2447 +- 0.1163
 30,  0 | TrAcc: 0.3284, TrLoss:  1.86313, VaAcc: 0.3444, VaLoss:  2.24862	 20 sampled NNs | VaAcc: 0.1831 +- 0.0384 | VaLoss: 2.2823 +- 0.1637
 31,  0 | TrAcc: 0.3235, TrLoss:  1.84229, VaAcc: 0.3227, VaLoss:  2.25559	 20 sampled NNs | VaAcc: 0.1815 +- 0.0269 | VaLoss: 2.2087 +- 0.1041
 32,  0 | TrAcc: 0.3328, TrLoss:  1.86313, VaAcc: 0.3664, VaLoss:  2.24156	 20 sampled NNs | VaAcc: 0.1977 +- 0.0262 | VaLoss: 2.2028 +- 0.0739
 33,  0 | TrAcc: 0.3077, TrLoss:  1.89395, VaAcc: 0.3497, VaLoss:  2.23950	 20 sampled NNs | VaAcc: 0.1843 +- 0.0445 | VaLoss: 2.2191 +- 0.1343
 34,  0 | TrAcc: 0.2990, TrLoss:  1.88764, VaAcc: 0.3216, VaLoss:  2.25738	 20 sampled NNs | VaAcc: 0.2141 +- 0.0418 | VaLoss: 2.1623 +- 0.1267
 35,  0 | TrAcc: 0.3152, TrLoss:  1.85145, VaAcc: 0.3481, VaLoss:  2.24324	 20 sampled NNs | VaAcc: 0.1920 +- 0.0447 | VaLoss: 2.1923 +- 0.1200
 36,  0 | TrAcc: 0.3162, TrLoss:  1.85251, VaAcc: 0.3151, VaLoss:  2.26805	 20 sampled NNs | VaAcc: 0.1699 +- 0.0307 | VaLoss: 2.2054 +- 0.1118
 37,  0 | TrAcc: 0.3395, TrLoss:  1.86535, VaAcc: 0.3431, VaLoss:  2.24927	 20 sampled NNs | VaAcc: 0.1793 +- 0.0349 | VaLoss: 2.1833 +- 0.0988
 38,  0 | TrAcc: 0.3070, TrLoss:  1.87924, VaAcc: 0.2955, VaLoss:  2.27321	 20 sampled NNs | VaAcc: 0.1716 +- 0.0384 | VaLoss: 2.1605 +- 0.1050
 39,  0 | TrAcc: 0.3353, TrLoss:  1.82793, VaAcc: 0.3345, VaLoss:  2.25927	 20 sampled NNs | VaAcc: 0.1858 +- 0.0339 | VaLoss: 2.2026 +- 0.1467
 40,  0 | TrAcc: 0.3111, TrLoss:  1.85766, VaAcc: 0.2990, VaLoss:  2.27322	 20 sampled NNs | VaAcc: 0.1800 +- 0.0274 | VaLoss: 2.1743 +- 0.1187
 41,  0 | TrAcc: 0.3199, TrLoss:  1.83338, VaAcc: 0.2980, VaLoss:  2.28658	 20 sampled NNs | VaAcc: 0.1868 +- 0.0313 | VaLoss: 2.2174 +- 0.1189
 42,  0 | TrAcc: 0.2998, TrLoss:  1.81560, VaAcc: 0.3224, VaLoss:  2.24826	 20 sampled NNs | VaAcc: 0.2024 +- 0.0386 | VaLoss: 2.1687 +- 0.1428
 43,  0 | TrAcc: 0.3406, TrLoss:  1.83977, VaAcc: 0.3760, VaLoss:  2.23444	 20 sampled NNs | VaAcc: 0.1896 +- 0.0435 | VaLoss: 2.1727 +- 0.1391
 44,  0 | TrAcc: 0.3451, TrLoss:  1.84276, VaAcc: 0.3563, VaLoss:  2.24031	 20 sampled NNs | VaAcc: 0.1976 +- 0.0309 | VaLoss: 2.1389 +- 0.1163
 45,  0 | TrAcc: 0.3329, TrLoss:  1.85869, VaAcc: 0.3750, VaLoss:  2.22495	 20 sampled NNs | VaAcc: 0.1951 +- 0.0428 | VaLoss: 2.1783 +- 0.1443
 46,  0 | TrAcc: 0.3042, TrLoss:  1.86832, VaAcc: 0.3195, VaLoss:  2.25188	 20 sampled NNs | VaAcc: 0.1980 +- 0.0404 | VaLoss: 2.1242 +- 0.1051
 47,  0 | TrAcc: 0.3229, TrLoss:  1.86041, VaAcc: 0.3225, VaLoss:  2.24048	 20 sampled NNs | VaAcc: 0.1778 +- 0.0246 | VaLoss: 2.0969 +- 0.0749
 48,  0 | TrAcc: 0.3232, TrLoss:  1.82659, VaAcc: 0.3354, VaLoss:  2.25832	 20 sampled NNs | VaAcc: 0.2004 +- 0.0274 | VaLoss: 2.1964 +- 0.1656
 49,  0 | TrAcc: 0.3176, TrLoss:  1.83680, VaAcc: 0.3202, VaLoss:  2.25711	 20 sampled NNs | VaAcc: 0.2122 +- 0.0278 | VaLoss: 2.1367 +- 0.0991
 50,  0 | TrAcc: 0.3178, TrLoss:  1.85336, VaAcc: 0.2892, VaLoss:  2.28534	 20 sampled NNs | VaAcc: 0.1771 +- 0.0202 | VaLoss: 2.1638 +- 0.1176
 51,  0 | TrAcc: 0.3301, TrLoss:  1.87522, VaAcc: 0.3489, VaLoss:  2.25054	 20 sampled NNs | VaAcc: 0.1985 +- 0.0315 | VaLoss: 2.1246 +- 0.0950
 52,  0 | TrAcc: 0.3271, TrLoss:  1.82181, VaAcc: 0.3396, VaLoss:  2.25312	 20 sampled NNs | VaAcc: 0.2079 +- 0.0414 | VaLoss: 2.1741 +- 0.1558
 53,  0 | TrAcc: 0.3359, TrLoss:  1.80662, VaAcc: 0.3370, VaLoss:  2.23818	 20 sampled NNs | VaAcc: 0.2109 +- 0.0318 | VaLoss: 2.1303 +- 0.1326
 54,  0 | TrAcc: 0.3196, TrLoss:  1.83734, VaAcc: 0.3606, VaLoss:  2.22732	 20 sampled NNs | VaAcc: 0.1965 +- 0.0439 | VaLoss: 2.1539 +- 0.1696
 55,  0 | TrAcc: 0.3138, TrLoss:  1.88032, VaAcc: 0.3121, VaLoss:  2.28577	 20 sampled NNs | VaAcc: 0.1962 +- 0.0349 | VaLoss: 2.1532 +- 0.1071
 56,  0 | TrAcc: 0.3138, TrLoss:  1.82293, VaAcc: 0.3425, VaLoss:  2.24286	 20 sampled NNs | VaAcc: 0.2112 +- 0.0383 | VaLoss: 2.1013 +- 0.1169
 57,  0 | TrAcc: 0.3281, TrLoss:  1.84162, VaAcc: 0.3122, VaLoss:  2.27267	 20 sampled NNs | VaAcc: 0.1701 +- 0.0475 | VaLoss: 2.1351 +- 0.1234
 58,  0 | TrAcc: 0.2863, TrLoss:  1.82499, VaAcc: 0.3456, VaLoss:  2.24732	 20 sampled NNs | VaAcc: 0.1935 +- 0.0417 | VaLoss: 2.1256 +- 0.1119
 59,  0 | TrAcc: 0.3189, TrLoss:  1.85100, VaAcc: 0.3678, VaLoss:  2.23054	 20 sampled NNs | VaAcc: 0.2121 +- 0.0338 | VaLoss: 2.1109 +- 0.1064
 60,  0 | TrAcc: 0.3150, TrLoss:  1.84688, VaAcc: 0.3318, VaLoss:  2.24514	 20 sampled NNs | VaAcc: 0.2137 +- 0.0315 | VaLoss: 2.0752 +- 0.0819
 61,  0 | TrAcc: 0.3453, TrLoss:  1.80899, VaAcc: 0.3221, VaLoss:  2.24521	 20 sampled NNs | VaAcc: 0.2058 +- 0.0385 | VaLoss: 2.1132 +- 0.1137
 62,  0 | TrAcc: 0.3207, TrLoss:  1.82729, VaAcc: 0.3579, VaLoss:  2.26560	 20 sampled NNs | VaAcc: 0.1782 +- 0.0417 | VaLoss: 2.1794 +- 0.1469
 63,  0 | TrAcc: 0.3230, TrLoss:  1.83441, VaAcc: 0.3094, VaLoss:  2.24063	 20 sampled NNs | VaAcc: 0.1881 +- 0.0319 | VaLoss: 2.1740 +- 0.1172
 64,  0 | TrAcc: 0.3470, TrLoss:  1.80903, VaAcc: 0.3671, VaLoss:  2.24450	 20 sampled NNs | VaAcc: 0.1949 +- 0.0309 | VaLoss: 2.1667 +- 0.1134
 65,  0 | TrAcc: 0.2833, TrLoss:  1.80550, VaAcc: 0.3102, VaLoss:  2.26331	 20 sampled NNs | VaAcc: 0.1808 +- 0.0301 | VaLoss: 2.1396 +- 0.0966
 66,  0 | TrAcc: 0.2858, TrLoss:  1.85978, VaAcc: 0.3329, VaLoss:  2.25077	 20 sampled NNs | VaAcc: 0.2009 +- 0.0331 | VaLoss: 2.1535 +- 0.1071
 67,  0 | TrAcc: 0.3281, TrLoss:  1.81745, VaAcc: 0.3081, VaLoss:  2.27017	 20 sampled NNs | VaAcc: 0.1677 +- 0.0283 | VaLoss: 2.2348 +- 0.1438
 68,  0 | TrAcc: 0.3037, TrLoss:  1.87072, VaAcc: 0.3153, VaLoss:  2.25344	 20 sampled NNs | VaAcc: 0.1783 +- 0.0305 | VaLoss: 2.1440 +- 0.1120
 69,  0 | TrAcc: 0.3331, TrLoss:  1.85863, VaAcc: 0.3427, VaLoss:  2.26295	 20 sampled NNs | VaAcc: 0.1856 +- 0.0351 | VaLoss: 2.1517 +- 0.0987
 70,  0 | TrAcc: 0.3603, TrLoss:  1.80431, VaAcc: 0.3667, VaLoss:  2.23667	 20 sampled NNs | VaAcc: 0.2078 +- 0.0338 | VaLoss: 2.1401 +- 0.0921
 71,  0 | TrAcc: 0.3280, TrLoss:  1.85144, VaAcc: 0.2933, VaLoss:  2.27556	 20 sampled NNs | VaAcc: 0.1666 +- 0.0361 | VaLoss: 2.1764 +- 0.1080
 72,  0 | TrAcc: 0.3443, TrLoss:  1.81360, VaAcc: 0.3212, VaLoss:  2.26114	 20 sampled NNs | VaAcc: 0.1902 +- 0.0365 | VaLoss: 2.1712 +- 0.1074
 73,  0 | TrAcc: 0.3742, TrLoss:  1.81274, VaAcc: 0.3617, VaLoss:  2.25749	 20 sampled NNs | VaAcc: 0.1910 +- 0.0484 | VaLoss: 2.1560 +- 0.1695
 74,  0 | TrAcc: 0.3346, TrLoss:  1.82837, VaAcc: 0.3689, VaLoss:  2.25277	 20 sampled NNs | VaAcc: 0.2031 +- 0.0355 | VaLoss: 2.1326 +- 0.0995
 75,  0 | TrAcc: 0.2907, TrLoss:  1.85160, VaAcc: 0.3394, VaLoss:  2.26872	 20 sampled NNs | VaAcc: 0.2171 +- 0.0357 | VaLoss: 2.1201 +- 0.1301
 76,  0 | TrAcc: 0.3197, TrLoss:  1.88498, VaAcc: 0.3440, VaLoss:  2.25410	 20 sampled NNs | VaAcc: 0.1777 +- 0.0393 | VaLoss: 2.1425 +- 0.0943
 77,  0 | TrAcc: 0.3361, TrLoss:  1.84681, VaAcc: 0.3351, VaLoss:  2.26405	 20 sampled NNs | VaAcc: 0.1958 +- 0.0329 | VaLoss: 2.1519 +- 0.0970
 78,  0 | TrAcc: 0.3431, TrLoss:  1.82618, VaAcc: 0.3452, VaLoss:  2.26042	 20 sampled NNs | VaAcc: 0.2198 +- 0.0378 | VaLoss: 2.0867 +- 0.0950
 79,  0 | TrAcc: 0.3029, TrLoss:  1.83639, VaAcc: 0.3045, VaLoss:  2.26146	 20 sampled NNs | VaAcc: 0.1990 +- 0.0363 | VaLoss: 2.1756 +- 0.1560
 80,  0 | TrAcc: 0.3489, TrLoss:  1.81972, VaAcc: 0.3699, VaLoss:  2.24776	 20 sampled NNs | VaAcc: 0.1968 +- 0.0365 | VaLoss: 2.1280 +- 0.1205
 81,  0 | TrAcc: 0.3538, TrLoss:  1.83356, VaAcc: 0.3701, VaLoss:  2.25038	 20 sampled NNs | VaAcc: 0.1972 +- 0.0381 | VaLoss: 2.2084 +- 0.1527
 82,  0 | TrAcc: 0.3126, TrLoss:  1.85303, VaAcc: 0.2764, VaLoss:  2.27356	 20 sampled NNs | VaAcc: 0.1770 +- 0.0278 | VaLoss: 2.1779 +- 0.1207
 83,  0 | TrAcc: 0.3545, TrLoss:  1.79112, VaAcc: 0.3263, VaLoss:  2.26190	 20 sampled NNs | VaAcc: 0.1781 +- 0.0259 | VaLoss: 2.1719 +- 0.0905
 84,  0 | TrAcc: 0.3216, TrLoss:  1.82263, VaAcc: 0.3004, VaLoss:  2.26411	 20 sampled NNs | VaAcc: 0.1481 +- 0.0321 | VaLoss: 2.2281 +- 0.1279
 85,  0 | TrAcc: 0.3202, TrLoss:  1.81241, VaAcc: 0.3610, VaLoss:  2.24482	 20 sampled NNs | VaAcc: 0.1689 +- 0.0378 | VaLoss: 2.1993 +- 0.0877
 86,  0 | TrAcc: 0.2997, TrLoss:  1.80708, VaAcc: 0.2893, VaLoss:  2.26157	 20 sampled NNs | VaAcc: 0.1638 +- 0.0255 | VaLoss: 2.2293 +- 0.1528
 87,  0 | TrAcc: 0.3519, TrLoss:  1.87185, VaAcc: 0.3677, VaLoss:  2.25808	 20 sampled NNs | VaAcc: 0.1851 +- 0.0365 | VaLoss: 2.1523 +- 0.1016
 88,  0 | TrAcc: 0.3391, TrLoss:  1.84063, VaAcc: 0.3677, VaLoss:  2.24359	 20 sampled NNs | VaAcc: 0.2260 +- 0.0388 | VaLoss: 2.0914 +- 0.1305
 89,  0 | TrAcc: 0.3572, TrLoss:  1.76648, VaAcc: 0.3323, VaLoss:  2.25033	 20 sampled NNs | VaAcc: 0.1726 +- 0.0368 | VaLoss: 2.1686 +- 0.1051
 90,  0 | TrAcc: 0.3457, TrLoss:  1.83347, VaAcc: 0.3763, VaLoss:  2.25711	 20 sampled NNs | VaAcc: 0.1995 +- 0.0447 | VaLoss: 2.1428 +- 0.1415
 91,  0 | TrAcc: 0.3412, TrLoss:  1.77372, VaAcc: 0.3500, VaLoss:  2.24374	 20 sampled NNs | VaAcc: 0.1893 +- 0.0319 | VaLoss: 2.1360 +- 0.0888
 92,  0 | TrAcc: 0.3556, TrLoss:  1.79975, VaAcc: 0.3649, VaLoss:  2.24424	 20 sampled NNs | VaAcc: 0.1935 +- 0.0351 | VaLoss: 2.1955 +- 0.1345
 93,  0 | TrAcc: 0.3447, TrLoss:  1.84190, VaAcc: 0.3599, VaLoss:  2.24582	 20 sampled NNs | VaAcc: 0.2025 +- 0.0229 | VaLoss: 2.1071 +- 0.0965
 94,  0 | TrAcc: 0.3487, TrLoss:  1.81274, VaAcc: 0.3616, VaLoss:  2.23846	 20 sampled NNs | VaAcc: 0.1945 +- 0.0419 | VaLoss: 2.1250 +- 0.1092
 95,  0 | TrAcc: 0.3349, TrLoss:  1.83392, VaAcc: 0.3323, VaLoss:  2.27587	 20 sampled NNs | VaAcc: 0.2005 +- 0.0329 | VaLoss: 2.1309 +- 0.1361
 96,  0 | TrAcc: 0.3285, TrLoss:  1.82861, VaAcc: 0.3311, VaLoss:  2.27382	 20 sampled NNs | VaAcc: 0.1882 +- 0.0495 | VaLoss: 2.1694 +- 0.1391
 97,  0 | TrAcc: 0.3688, TrLoss:  1.77711, VaAcc: 0.3658, VaLoss:  2.22687	 20 sampled NNs | VaAcc: 0.2150 +- 0.0371 | VaLoss: 2.1629 +- 0.1497
 98,  0 | TrAcc: 0.3280, TrLoss:  1.81509, VaAcc: 0.3671, VaLoss:  2.23582	 20 sampled NNs | VaAcc: 0.1905 +- 0.0438 | VaLoss: 2.1450 +- 0.1361
 99,  0 | TrAcc: 0.3462, TrLoss:  1.80121, VaAcc: 0.3181, VaLoss:  2.25142	 20 sampled NNs | VaAcc: 0.1928 +- 0.0378 | VaLoss: 2.1740 +- 0.1342
100,  0 | TrAcc: 0.3463, TrLoss:  1.79532, VaAcc: 0.3505, VaLoss:  2.25478	 20 sampled NNs | VaAcc: 0.1973 +- 0.0400 | VaLoss: 2.1227 +- 0.1238
101,  0 | TrAcc: 0.3290, TrLoss:  1.80862, VaAcc: 0.3398, VaLoss:  2.26344	 20 sampled NNs | VaAcc: 0.1771 +- 0.0332 | VaLoss: 2.1858 +- 0.1079
102,  0 | TrAcc: 0.3416, TrLoss:  1.84062, VaAcc: 0.3809, VaLoss:  2.25464	 20 sampled NNs | VaAcc: 0.1808 +- 0.0421 | VaLoss: 2.1555 +- 0.0993
103,  0 | TrAcc: 0.3159, TrLoss:  1.87844, VaAcc: 0.3758, VaLoss:  2.23257	 20 sampled NNs | VaAcc: 0.2041 +- 0.0305 | VaLoss: 2.1464 +- 0.1327
104,  0 | TrAcc: 0.3278, TrLoss:  1.80526, VaAcc: 0.2990, VaLoss:  2.27694	 20 sampled NNs | VaAcc: 0.1863 +- 0.0367 | VaLoss: 2.1884 +- 0.1544
105,  0 | TrAcc: 0.3519, TrLoss:  1.81108, VaAcc: 0.3388, VaLoss:  2.23927	 20 sampled NNs | VaAcc: 0.1979 +- 0.0389 | VaLoss: 2.2043 +- 0.1546
106,  0 | TrAcc: 0.3624, TrLoss:  1.77193, VaAcc: 0.3651, VaLoss:  2.25153	 20 sampled NNs | VaAcc: 0.1920 +- 0.0283 | VaLoss: 2.1698 +- 0.1074
107,  0 | TrAcc: 0.3391, TrLoss:  1.83129, VaAcc: 0.3322, VaLoss:  2.26283	 20 sampled NNs | VaAcc: 0.1938 +- 0.0363 | VaLoss: 2.1357 +- 0.1251
108,  0 | TrAcc: 0.3207, TrLoss:  1.83170, VaAcc: 0.3494, VaLoss:  2.25218	 20 sampled NNs | VaAcc: 0.2111 +- 0.0409 | VaLoss: 2.0894 +- 0.1100
109,  0 | TrAcc: 0.3488, TrLoss:  1.80201, VaAcc: 0.3297, VaLoss:  2.26373	 20 sampled NNs | VaAcc: 0.1801 +- 0.0436 | VaLoss: 2.2330 +- 0.1396
110,  0 | TrAcc: 0.3624, TrLoss:  1.79999, VaAcc: 0.3749, VaLoss:  2.23381	 20 sampled NNs | VaAcc: 0.2070 +- 0.0327 | VaLoss: 2.1673 +- 0.1322
111,  0 | TrAcc: 0.3381, TrLoss:  1.79022, VaAcc: 0.3305, VaLoss:  2.25672	 20 sampled NNs | VaAcc: 0.1889 +- 0.0268 | VaLoss: 2.2006 +- 0.1554
112,  0 | TrAcc: 0.3574, TrLoss:  1.78588, VaAcc: 0.3623, VaLoss:  2.24979	 20 sampled NNs | VaAcc: 0.2123 +- 0.0503 | VaLoss: 2.1433 +- 0.1466
113,  0 | TrAcc: 0.3347, TrLoss:  1.80913, VaAcc: 0.3737, VaLoss:  2.24455	 20 sampled NNs | VaAcc: 0.1930 +- 0.0347 | VaLoss: 2.1553 +- 0.1232
114,  0 | TrAcc: 0.3387, TrLoss:  1.81653, VaAcc: 0.3589, VaLoss:  2.24165	 20 sampled NNs | VaAcc: 0.1927 +- 0.0365 | VaLoss: 2.1337 +- 0.1107
115,  0 | TrAcc: 0.3228, TrLoss:  1.82713, VaAcc: 0.3251, VaLoss:  2.25197	 20 sampled NNs | VaAcc: 0.1870 +- 0.0404 | VaLoss: 2.1670 +- 0.1678
116,  0 | TrAcc: 0.3337, TrLoss:  1.83152, VaAcc: 0.3320, VaLoss:  2.26308	 20 sampled NNs | VaAcc: 0.2009 +- 0.0328 | VaLoss: 2.1420 +- 0.1238
117,  0 | TrAcc: 0.3712, TrLoss:  1.77707, VaAcc: 0.3679, VaLoss:  2.24167	 20 sampled NNs | VaAcc: 0.2080 +- 0.0375 | VaLoss: 2.1503 +- 0.1877
118,  0 | TrAcc: 0.3725, TrLoss:  1.79777, VaAcc: 0.3728, VaLoss:  2.24030	 20 sampled NNs | VaAcc: 0.2083 +- 0.0475 | VaLoss: 2.1437 +- 0.1726
119,  0 | TrAcc: 0.3328, TrLoss:  1.82689, VaAcc: 0.3780, VaLoss:  2.23593	 20 sampled NNs | VaAcc: 0.2173 +- 0.0425 | VaLoss: 2.1171 +- 0.1442
120,  0 | TrAcc: 0.3408, TrLoss:  1.83004, VaAcc: 0.3499, VaLoss:  2.25917	 20 sampled NNs | VaAcc: 0.1552 +- 0.0334 | VaLoss: 2.1762 +- 0.1457
121,  0 | TrAcc: 0.2981, TrLoss:  1.86008, VaAcc: 0.3075, VaLoss:  2.25900	 20 sampled NNs | VaAcc: 0.2082 +- 0.0322 | VaLoss: 2.1048 +- 0.1341
122,  0 | TrAcc: 0.3325, TrLoss:  1.83844, VaAcc: 0.3643, VaLoss:  2.23324	 20 sampled NNs | VaAcc: 0.1893 +- 0.0349 | VaLoss: 2.1747 +- 0.1497
123,  0 | TrAcc: 0.3775, TrLoss:  1.78467, VaAcc: 0.3604, VaLoss:  2.25584	 20 sampled NNs | VaAcc: 0.1995 +- 0.0327 | VaLoss: 2.1525 +- 0.1061
124,  0 | TrAcc: 0.3575, TrLoss:  1.80653, VaAcc: 0.3594, VaLoss:  2.23920	 20 sampled NNs | VaAcc: 0.1792 +- 0.0303 | VaLoss: 2.1683 +- 0.1384
125,  0 | TrAcc: 0.3119, TrLoss:  1.84625, VaAcc: 0.3114, VaLoss:  2.27748	 20 sampled NNs | VaAcc: 0.2020 +- 0.0340 | VaLoss: 2.1195 +- 0.1128
126,  0 | TrAcc: 0.3437, TrLoss:  1.85122, VaAcc: 0.3612, VaLoss:  2.25250	 20 sampled NNs | VaAcc: 0.2153 +- 0.0372 | VaLoss: 2.1398 +- 0.1493
127,  0 | TrAcc: 0.3589, TrLoss:  1.77116, VaAcc: 0.3692, VaLoss:  2.25647	 20 sampled NNs | VaAcc: 0.2261 +- 0.0315 | VaLoss: 2.0930 +- 0.1277
128,  0 | TrAcc: 0.3609, TrLoss:  1.84046, VaAcc: 0.3758, VaLoss:  2.26436	 20 sampled NNs | VaAcc: 0.2266 +- 0.0513 | VaLoss: 2.1043 +- 0.1719
129,  0 | TrAcc: 0.3495, TrLoss:  1.83026, VaAcc: 0.3570, VaLoss:  2.25797	 20 sampled NNs | VaAcc: 0.1887 +- 0.0336 | VaLoss: 2.1386 +- 0.1154
130,  0 | TrAcc: 0.3432, TrLoss:  1.79958, VaAcc: 0.3306, VaLoss:  2.25822	 20 sampled NNs | VaAcc: 0.2182 +- 0.0346 | VaLoss: 2.1003 +- 0.0949
131,  0 | TrAcc: 0.3488, TrLoss:  1.80757, VaAcc: 0.3509, VaLoss:  2.24757	 20 sampled NNs | VaAcc: 0.2217 +- 0.0378 | VaLoss: 2.0694 +- 0.1405
132,  0 | TrAcc: 0.3570, TrLoss:  1.78345, VaAcc: 0.3525, VaLoss:  2.26778	 20 sampled NNs | VaAcc: 0.2237 +- 0.0444 | VaLoss: 2.1349 +- 0.1418
133,  0 | TrAcc: 0.3440, TrLoss:  1.80271, VaAcc: 0.3339, VaLoss:  2.28052	 20 sampled NNs | VaAcc: 0.1711 +- 0.0423 | VaLoss: 2.2045 +- 0.1273
134,  0 | TrAcc: 0.3127, TrLoss:  1.82460, VaAcc: 0.3462, VaLoss:  2.26042	 20 sampled NNs | VaAcc: 0.1928 +- 0.0414 | VaLoss: 2.1283 +- 0.1353
135,  0 | TrAcc: 0.3487, TrLoss:  1.77715, VaAcc: 0.3744, VaLoss:  2.23034	 20 sampled NNs | VaAcc: 0.2325 +- 0.0452 | VaLoss: 2.0324 +- 0.1246
136,  0 | TrAcc: 0.3123, TrLoss:  1.83733, VaAcc: 0.2742, VaLoss:  2.28405	 20 sampled NNs | VaAcc: 0.1816 +- 0.0252 | VaLoss: 2.2128 +- 0.1360
137,  0 | TrAcc: 0.3634, TrLoss:  1.79595, VaAcc: 0.3052, VaLoss:  2.31520	 20 sampled NNs | VaAcc: 0.1896 +- 0.0494 | VaLoss: 2.1851 +- 0.1426
138,  0 | TrAcc: 0.3435, TrLoss:  1.80557, VaAcc: 0.3567, VaLoss:  2.24235	 20 sampled NNs | VaAcc: 0.2115 +- 0.0366 | VaLoss: 2.1015 +- 0.1479
139,  0 | TrAcc: 0.3144, TrLoss:  1.81925, VaAcc: 0.3108, VaLoss:  2.28785	 20 sampled NNs | VaAcc: 0.1969 +- 0.0382 | VaLoss: 2.1376 +- 0.1515
140,  0 | TrAcc: 0.3495, TrLoss:  1.84970, VaAcc: 0.3334, VaLoss:  2.27907	 20 sampled NNs | VaAcc: 0.1825 +- 0.0412 | VaLoss: 2.1673 +- 0.1358
141,  0 | TrAcc: 0.3228, TrLoss:  1.84673, VaAcc: 0.3133, VaLoss:  2.25935	 20 sampled NNs | VaAcc: 0.1931 +- 0.0262 | VaLoss: 2.1346 +- 0.0946
142,  0 | TrAcc: 0.3529, TrLoss:  1.82869, VaAcc: 0.3079, VaLoss:  2.29772	 20 sampled NNs | VaAcc: 0.1853 +- 0.0474 | VaLoss: 2.1879 +- 0.1195
143,  0 | TrAcc: 0.3062, TrLoss:  1.82037, VaAcc: 0.3085, VaLoss:  2.27287	 20 sampled NNs | VaAcc: 0.1652 +- 0.0374 | VaLoss: 2.2104 +- 0.1482
144,  0 | TrAcc: 0.3333, TrLoss:  1.83390, VaAcc: 0.3647, VaLoss:  2.24933	 20 sampled NNs | VaAcc: 0.2179 +- 0.0405 | VaLoss: 2.0662 +- 0.1228
145,  0 | TrAcc: 0.3664, TrLoss:  1.78053, VaAcc: 0.3713, VaLoss:  2.23574	 20 sampled NNs | VaAcc: 0.2104 +- 0.0394 | VaLoss: 2.1531 +- 0.1311
146,  0 | TrAcc: 0.3780, TrLoss:  1.77444, VaAcc: 0.3544, VaLoss:  2.25576	 20 sampled NNs | VaAcc: 0.2226 +- 0.0390 | VaLoss: 2.0503 +- 0.1356
147,  0 | TrAcc: 0.3566, TrLoss:  1.82305, VaAcc: 0.3588, VaLoss:  2.25595	 20 sampled NNs | VaAcc: 0.2095 +- 0.0457 | VaLoss: 2.1224 +- 0.1346
148,  0 | TrAcc: 0.3119, TrLoss:  1.83990, VaAcc: 0.3486, VaLoss:  2.24016	 20 sampled NNs | VaAcc: 0.2080 +- 0.0366 | VaLoss: 2.1105 +- 0.0930
149,  0 | TrAcc: 0.3346, TrLoss:  1.83276, VaAcc: 0.3710, VaLoss:  2.23712	 20 sampled NNs | VaAcc: 0.1891 +- 0.0330 | VaLoss: 2.1853 +- 0.1448
150,  0 | TrAcc: 0.3471, TrLoss:  1.79915, VaAcc: 0.3523, VaLoss:  2.24949	 20 sampled NNs | VaAcc: 0.2250 +- 0.0391 | VaLoss: 2.1209 +- 0.0981
151,  0 | TrAcc: 0.3677, TrLoss:  1.78918, VaAcc: 0.3755, VaLoss:  2.24000	 20 sampled NNs | VaAcc: 0.2007 +- 0.0364 | VaLoss: 2.1423 +- 0.0987
152,  0 | TrAcc: 0.2915, TrLoss:  1.84358, VaAcc: 0.2947, VaLoss:  2.27623	 20 sampled NNs | VaAcc: 0.2071 +- 0.0372 | VaLoss: 2.1230 +- 0.1228
153,  0 | TrAcc: 0.3709, TrLoss:  1.77665, VaAcc: 0.3764, VaLoss:  2.24069	 20 sampled NNs | VaAcc: 0.2191 +- 0.0398 | VaLoss: 2.1156 +- 0.1674
154,  0 | TrAcc: 0.3739, TrLoss:  1.76847, VaAcc: 0.3471, VaLoss:  2.25216	 20 sampled NNs | VaAcc: 0.1993 +- 0.0415 | VaLoss: 2.0757 +- 0.1107
155,  0 | TrAcc: 0.3446, TrLoss:  1.79140, VaAcc: 0.3507, VaLoss:  2.24721	 20 sampled NNs | VaAcc: 0.2149 +- 0.0403 | VaLoss: 2.0412 +- 0.1315
156,  0 | TrAcc: 0.3229, TrLoss:  1.82046, VaAcc: 0.3243, VaLoss:  2.23943	 20 sampled NNs | VaAcc: 0.2098 +- 0.0351 | VaLoss: 2.1053 +- 0.1355
157,  0 | TrAcc: 0.3577, TrLoss:  1.78618, VaAcc: 0.3608, VaLoss:  2.23981	 20 sampled NNs | VaAcc: 0.2219 +- 0.0345 | VaLoss: 2.0442 +- 0.1167
158,  0 | TrAcc: 0.3027, TrLoss:  1.82193, VaAcc: 0.3199, VaLoss:  2.26467	 20 sampled NNs | VaAcc: 0.2055 +- 0.0351 | VaLoss: 2.0924 +- 0.1160
159,  0 | TrAcc: 0.3206, TrLoss:  1.79901, VaAcc: 0.3500, VaLoss:  2.23634	 20 sampled NNs | VaAcc: 0.2209 +- 0.0358 | VaLoss: 2.0292 +- 0.0917
160,  0 | TrAcc: 0.3613, TrLoss:  1.78515, VaAcc: 0.3400, VaLoss:  2.26427	 20 sampled NNs | VaAcc: 0.2317 +- 0.0269 | VaLoss: 2.0805 +- 0.0814
161,  0 | TrAcc: 0.3436, TrLoss:  1.80944, VaAcc: 0.3509, VaLoss:  2.23791	 20 sampled NNs | VaAcc: 0.2072 +- 0.0386 | VaLoss: 2.1224 +- 0.1348
162,  0 | TrAcc: 0.3795, TrLoss:  1.82263, VaAcc: 0.3804, VaLoss:  2.23957	 20 sampled NNs | VaAcc: 0.1972 +- 0.0291 | VaLoss: 2.1269 +- 0.1232
163,  0 | TrAcc: 0.3565, TrLoss:  1.79941, VaAcc: 0.3720, VaLoss:  2.26771	 20 sampled NNs | VaAcc: 0.1888 +- 0.0335 | VaLoss: 2.1856 +- 0.0997
164,  0 | TrAcc: 0.3469, TrLoss:  1.77925, VaAcc: 0.3677, VaLoss:  2.23282	 20 sampled NNs | VaAcc: 0.2154 +- 0.0331 | VaLoss: 2.1114 +- 0.0705
165,  0 | TrAcc: 0.3395, TrLoss:  1.79709, VaAcc: 0.3631, VaLoss:  2.24366	 20 sampled NNs | VaAcc: 0.2272 +- 0.0416 | VaLoss: 2.0564 +- 0.0988
166,  0 | TrAcc: 0.3447, TrLoss:  1.81898, VaAcc: 0.3577, VaLoss:  2.24246	 20 sampled NNs | VaAcc: 0.1739 +- 0.0347 | VaLoss: 2.1435 +- 0.1110
167,  0 | TrAcc: 0.3575, TrLoss:  1.78352, VaAcc: 0.3434, VaLoss:  2.23633	 20 sampled NNs | VaAcc: 0.2070 +- 0.0355 | VaLoss: 2.0950 +- 0.0963
168,  0 | TrAcc: 0.3195, TrLoss:  1.77612, VaAcc: 0.3539, VaLoss:  2.24829	 20 sampled NNs | VaAcc: 0.2120 +- 0.0259 | VaLoss: 2.0867 +- 0.0823
169,  0 | TrAcc: 0.3472, TrLoss:  1.78125, VaAcc: 0.3718, VaLoss:  2.23899	 20 sampled NNs | VaAcc: 0.2055 +- 0.0457 | VaLoss: 2.1011 +- 0.1557
170,  0 | TrAcc: 0.3435, TrLoss:  1.80930, VaAcc: 0.3700, VaLoss:  2.24175	 20 sampled NNs | VaAcc: 0.2219 +- 0.0364 | VaLoss: 2.0968 +- 0.1581
171,  0 | TrAcc: 0.3307, TrLoss:  1.82664, VaAcc: 0.3119, VaLoss:  2.25574	 20 sampled NNs | VaAcc: 0.2052 +- 0.0230 | VaLoss: 2.0586 +- 0.0830
172,  0 | TrAcc: 0.3473, TrLoss:  1.80111, VaAcc: 0.3447, VaLoss:  2.23735	 20 sampled NNs | VaAcc: 0.2005 +- 0.0447 | VaLoss: 2.1194 +- 0.1248
173,  0 | TrAcc: 0.3165, TrLoss:  1.79521, VaAcc: 0.2779, VaLoss:  2.27402	 20 sampled NNs | VaAcc: 0.1998 +- 0.0302 | VaLoss: 2.0682 +- 0.1044
174,  0 | TrAcc: 0.3517, TrLoss:  1.80684, VaAcc: 0.3240, VaLoss:  2.27984	 20 sampled NNs | VaAcc: 0.1801 +- 0.0413 | VaLoss: 2.1697 +- 0.1061
175,  0 | TrAcc: 0.3351, TrLoss:  1.80820, VaAcc: 0.3585, VaLoss:  2.24692	 20 sampled NNs | VaAcc: 0.2067 +- 0.0366 | VaLoss: 2.1486 +- 0.1295
176,  0 | TrAcc: 0.3340, TrLoss:  1.81183, VaAcc: 0.3511, VaLoss:  2.24090	 20 sampled NNs | VaAcc: 0.2218 +- 0.0402 | VaLoss: 2.1329 +- 0.1298
177,  0 | TrAcc: 0.3572, TrLoss:  1.77690, VaAcc: 0.3521, VaLoss:  2.23174	 20 sampled NNs | VaAcc: 0.2172 +- 0.0300 | VaLoss: 2.0820 +- 0.0617
178,  0 | TrAcc: 0.3531, TrLoss:  1.76766, VaAcc: 0.3759, VaLoss:  2.24846	 20 sampled NNs | VaAcc: 0.2257 +- 0.0289 | VaLoss: 2.0821 +- 0.1038
179,  0 | TrAcc: 0.3327, TrLoss:  1.82903, VaAcc: 0.3473, VaLoss:  2.23767	 20 sampled NNs | VaAcc: 0.2386 +- 0.0449 | VaLoss: 2.0197 +- 0.1032
180,  0 | TrAcc: 0.3986, TrLoss:  1.78703, VaAcc: 0.3750, VaLoss:  2.24608	 20 sampled NNs | VaAcc: 0.1840 +- 0.0480 | VaLoss: 2.1451 +- 0.1741
181,  0 | TrAcc: 0.3545, TrLoss:  1.83367, VaAcc: 0.3535, VaLoss:  2.26674	 20 sampled NNs | VaAcc: 0.2255 +- 0.0370 | VaLoss: 2.0671 +- 0.1028
182,  0 | TrAcc: 0.3396, TrLoss:  1.80656, VaAcc: 0.3268, VaLoss:  2.26936	 20 sampled NNs | VaAcc: 0.2062 +- 0.0489 | VaLoss: 2.0833 +- 0.1610
183,  0 | TrAcc: 0.3490, TrLoss:  1.79993, VaAcc: 0.3791, VaLoss:  2.23742	 20 sampled NNs | VaAcc: 0.2286 +- 0.0392 | VaLoss: 2.0540 +- 0.1013
184,  0 | TrAcc: 0.3519, TrLoss:  1.83952, VaAcc: 0.3179, VaLoss:  2.29987	 20 sampled NNs | VaAcc: 0.1990 +- 0.0434 | VaLoss: 2.1284 +- 0.1512
185,  0 | TrAcc: 0.3713, TrLoss:  1.79425, VaAcc: 0.3725, VaLoss:  2.25750	 20 sampled NNs | VaAcc: 0.2280 +- 0.0370 | VaLoss: 2.0109 +- 0.1174
186,  0 | TrAcc: 0.3781, TrLoss:  1.78103, VaAcc: 0.3774, VaLoss:  2.22784	 20 sampled NNs | VaAcc: 0.2170 +- 0.0283 | VaLoss: 2.0567 +- 0.1174
187,  0 | TrAcc: 0.3503, TrLoss:  1.75772, VaAcc: 0.3246, VaLoss:  2.26664	 20 sampled NNs | VaAcc: 0.1832 +- 0.0465 | VaLoss: 2.1471 +- 0.1375
188,  0 | TrAcc: 0.3726, TrLoss:  1.77338, VaAcc: 0.3810, VaLoss:  2.24212	 20 sampled NNs | VaAcc: 0.2120 +- 0.0319 | VaLoss: 2.1338 +- 0.1295
189,  0 | TrAcc: 0.3687, TrLoss:  1.80841, VaAcc: 0.3673, VaLoss:  2.24071	 20 sampled NNs | VaAcc: 0.1826 +- 0.0375 | VaLoss: 2.1069 +- 0.1091
190,  0 | TrAcc: 0.3641, TrLoss:  1.84210, VaAcc: 0.3561, VaLoss:  2.25342	 20 sampled NNs | VaAcc: 0.1999 +- 0.0323 | VaLoss: 2.0675 +- 0.0816
191,  0 | TrAcc: 0.3556, TrLoss:  1.78970, VaAcc: 0.3518, VaLoss:  2.24307	 20 sampled NNs | VaAcc: 0.2387 +- 0.0277 | VaLoss: 2.0385 +- 0.0776
192,  0 | TrAcc: 0.3658, TrLoss:  1.80285, VaAcc: 0.3680, VaLoss:  2.24184	 20 sampled NNs | VaAcc: 0.2145 +- 0.0360 | VaLoss: 2.0585 +- 0.1218
193,  0 | TrAcc: 0.3650, TrLoss:  1.75222, VaAcc: 0.3493, VaLoss:  2.22977	 20 sampled NNs | VaAcc: 0.1964 +- 0.0348 | VaLoss: 2.1157 +- 0.1364
194,  0 | TrAcc: 0.3738, TrLoss:  1.81730, VaAcc: 0.3582, VaLoss:  2.25819	 20 sampled NNs | VaAcc: 0.1878 +- 0.0302 | VaLoss: 2.0495 +- 0.0948
195,  0 | TrAcc: 0.3731, TrLoss:  1.80437, VaAcc: 0.3704, VaLoss:  2.25117	 20 sampled NNs | VaAcc: 0.2236 +- 0.0336 | VaLoss: 2.0465 +- 0.0941
196,  0 | TrAcc: 0.3516, TrLoss:  1.78093, VaAcc: 0.3617, VaLoss:  2.23892	 20 sampled NNs | VaAcc: 0.2165 +- 0.0378 | VaLoss: 2.0822 +- 0.1144
197,  0 | TrAcc: 0.3448, TrLoss:  1.79249, VaAcc: 0.3177, VaLoss:  2.28410	 20 sampled NNs | VaAcc: 0.1940 +- 0.0336 | VaLoss: 2.1538 +- 0.1162
198,  0 | TrAcc: 0.3455, TrLoss:  1.80638, VaAcc: 0.3467, VaLoss:  2.27418	 20 sampled NNs | VaAcc: 0.2235 +- 0.0315 | VaLoss: 2.1130 +- 0.1149
199,  0 | TrAcc: 0.3598, TrLoss:  1.77704, VaAcc: 0.3855, VaLoss:  2.24532	 20 sampled NNs | VaAcc: 0.2303 +- 0.0524 | VaLoss: 2.0764 +- 0.1533
200,  0 | TrAcc: 0.3425, TrLoss:  1.76010, VaAcc: 0.3523, VaLoss:  2.24917	 20 sampled NNs | VaAcc: 0.2233 +- 0.0288 | VaLoss: 2.1001 +- 0.1131
201,  0 | TrAcc: 0.3395, TrLoss:  1.83589, VaAcc: 0.3590, VaLoss:  2.25792	 20 sampled NNs | VaAcc: 0.1956 +- 0.0439 | VaLoss: 2.1022 +- 0.1185
202,  0 | TrAcc: 0.3364, TrLoss:  1.80079, VaAcc: 0.3758, VaLoss:  2.24296	 20 sampled NNs | VaAcc: 0.2565 +- 0.0404 | VaLoss: 1.9812 +- 0.0902
203,  0 | TrAcc: 0.3315, TrLoss:  1.78836, VaAcc: 0.3497, VaLoss:  2.23893	 20 sampled NNs | VaAcc: 0.2320 +- 0.0358 | VaLoss: 2.0488 +- 0.1137
204,  0 | TrAcc: 0.3618, TrLoss:  1.79627, VaAcc: 0.3424, VaLoss:  2.27355	 20 sampled NNs | VaAcc: 0.2140 +- 0.0323 | VaLoss: 2.0271 +- 0.0725
205,  0 | TrAcc: 0.3284, TrLoss:  1.77898, VaAcc: 0.3483, VaLoss:  2.26579	 20 sampled NNs | VaAcc: 0.2163 +- 0.0378 | VaLoss: 2.0727 +- 0.1703
206,  0 | TrAcc: 0.3707, TrLoss:  1.82543, VaAcc: 0.3949, VaLoss:  2.22295	 20 sampled NNs | VaAcc: 0.2293 +- 0.0389 | VaLoss: 2.0005 +- 0.0960
207,  0 | TrAcc: 0.3501, TrLoss:  1.79761, VaAcc: 0.3505, VaLoss:  2.24933	 20 sampled NNs | VaAcc: 0.2471 +- 0.0461 | VaLoss: 1.9736 +- 0.0769
208,  0 | TrAcc: 0.3403, TrLoss:  1.77633, VaAcc: 0.3229, VaLoss:  2.25938	 20 sampled NNs | VaAcc: 0.2064 +- 0.0240 | VaLoss: 2.1020 +- 0.1224
209,  0 | TrAcc: 0.3402, TrLoss:  1.81803, VaAcc: 0.3574, VaLoss:  2.24557	 20 sampled NNs | VaAcc: 0.2355 +- 0.0403 | VaLoss: 2.0679 +- 0.1247
210,  0 | TrAcc: 0.3640, TrLoss:  1.77947, VaAcc: 0.3725, VaLoss:  2.25026	 20 sampled NNs | VaAcc: 0.2153 +- 0.0313 | VaLoss: 2.0890 +- 0.1369
211,  0 | TrAcc: 0.3537, TrLoss:  1.79058, VaAcc: 0.3405, VaLoss:  2.25686	 20 sampled NNs | VaAcc: 0.2103 +- 0.0270 | VaLoss: 2.0619 +- 0.0782
212,  0 | TrAcc: 0.3951, TrLoss:  1.75011, VaAcc: 0.3706, VaLoss:  2.23328	 20 sampled NNs | VaAcc: 0.2382 +- 0.0399 | VaLoss: 2.0479 +- 0.1119
213,  0 | TrAcc: 0.3564, TrLoss:  1.81906, VaAcc: 0.3582, VaLoss:  2.24839	 20 sampled NNs | VaAcc: 0.2163 +- 0.0447 | VaLoss: 2.1186 +- 0.0854
214,  0 | TrAcc: 0.3283, TrLoss:  1.80732, VaAcc: 0.3249, VaLoss:  2.26454	 20 sampled NNs | VaAcc: 0.1714 +- 0.0312 | VaLoss: 2.1483 +- 0.0976
215,  0 | TrAcc: 0.3471, TrLoss:  1.79254, VaAcc: 0.3764, VaLoss:  2.23245	 20 sampled NNs | VaAcc: 0.2277 +- 0.0416 | VaLoss: 2.0798 +- 0.1109
216,  0 | TrAcc: 0.3668, TrLoss:  1.78903, VaAcc: 0.3701, VaLoss:  2.24204	 20 sampled NNs | VaAcc: 0.1895 +- 0.0568 | VaLoss: 2.1087 +- 0.1579
217,  0 | TrAcc: 0.3569, TrLoss:  1.76983, VaAcc: 0.3545, VaLoss:  2.24268	 20 sampled NNs | VaAcc: 0.2112 +- 0.0425 | VaLoss: 2.0962 +- 0.0990
218,  0 | TrAcc: 0.3491, TrLoss:  1.80024, VaAcc: 0.3472, VaLoss:  2.24799	 20 sampled NNs | VaAcc: 0.2014 +- 0.0446 | VaLoss: 2.0818 +- 0.1205
219,  0 | TrAcc: 0.3682, TrLoss:  1.75823, VaAcc: 0.3367, VaLoss:  2.25076	 20 sampled NNs | VaAcc: 0.2079 +- 0.0320 | VaLoss: 2.0914 +- 0.0917
220,  0 | TrAcc: 0.3459, TrLoss:  1.78157, VaAcc: 0.3229, VaLoss:  2.26660	 20 sampled NNs | VaAcc: 0.2309 +- 0.0422 | VaLoss: 2.0773 +- 0.1093
221,  0 | TrAcc: 0.3626, TrLoss:  1.76909, VaAcc: 0.3673, VaLoss:  2.25598	 20 sampled NNs | VaAcc: 0.2129 +- 0.0471 | VaLoss: 2.0620 +- 0.1091
222,  0 | TrAcc: 0.3866, TrLoss:  1.76013, VaAcc: 0.3886, VaLoss:  2.22341	 20 sampled NNs | VaAcc: 0.2224 +- 0.0317 | VaLoss: 2.0249 +- 0.1004
223,  0 | TrAcc: 0.3480, TrLoss:  1.80023, VaAcc: 0.3420, VaLoss:  2.25147	 20 sampled NNs | VaAcc: 0.1856 +- 0.0333 | VaLoss: 2.1403 +- 0.0940
224,  0 | TrAcc: 0.3830, TrLoss:  1.75916, VaAcc: 0.3766, VaLoss:  2.24067	 20 sampled NNs | VaAcc: 0.2148 +- 0.0353 | VaLoss: 2.0411 +- 0.0893
225,  0 | TrAcc: 0.3032, TrLoss:  1.84295, VaAcc: 0.3336, VaLoss:  2.26294	 20 sampled NNs | VaAcc: 0.2065 +- 0.0375 | VaLoss: 2.1100 +- 0.1727
226,  0 | TrAcc: 0.3765, TrLoss:  1.79556, VaAcc: 0.3531, VaLoss:  2.26610	 20 sampled NNs | VaAcc: 0.2049 +- 0.0426 | VaLoss: 2.0964 +- 0.1289
227,  0 | TrAcc: 0.3332, TrLoss:  1.80880, VaAcc: 0.3755, VaLoss:  2.24648	 20 sampled NNs | VaAcc: 0.2087 +- 0.0403 | VaLoss: 2.0974 +- 0.0958
228,  0 | TrAcc: 0.3562, TrLoss:  1.79103, VaAcc: 0.3742, VaLoss:  2.23757	 20 sampled NNs | VaAcc: 0.2303 +- 0.0354 | VaLoss: 2.0449 +- 0.1297
229,  0 | TrAcc: 0.3620, TrLoss:  1.80898, VaAcc: 0.3883, VaLoss:  2.22849	 20 sampled NNs | VaAcc: 0.2390 +- 0.0420 | VaLoss: 2.0212 +- 0.0997
230,  0 | TrAcc: 0.3434, TrLoss:  1.82254, VaAcc: 0.3624, VaLoss:  2.23728	 20 sampled NNs | VaAcc: 0.2175 +- 0.0391 | VaLoss: 2.0429 +- 0.1210
231,  0 | TrAcc: 0.3903, TrLoss:  1.74952, VaAcc: 0.3767, VaLoss:  2.22919	 20 sampled NNs | VaAcc: 0.2195 +- 0.0369 | VaLoss: 2.0330 +- 0.0918
232,  0 | TrAcc: 0.3413, TrLoss:  1.77305, VaAcc: 0.3339, VaLoss:  2.27389	 20 sampled NNs | VaAcc: 0.1900 +- 0.0345 | VaLoss: 2.1265 +- 0.1000
233,  0 | TrAcc: 0.3367, TrLoss:  1.81926, VaAcc: 0.3029, VaLoss:  2.29088	 20 sampled NNs | VaAcc: 0.1863 +- 0.0445 | VaLoss: 2.0798 +- 0.1368
234,  0 | TrAcc: 0.3420, TrLoss:  1.78909, VaAcc: 0.3721, VaLoss:  2.23349	 20 sampled NNs | VaAcc: 0.2577 +- 0.0276 | VaLoss: 2.0117 +- 0.1027
235,  0 | TrAcc: 0.3285, TrLoss:  1.74033, VaAcc: 0.3072, VaLoss:  2.27145	 20 sampled NNs | VaAcc: 0.2009 +- 0.0279 | VaLoss: 2.0525 +- 0.1246
236,  0 | TrAcc: 0.3674, TrLoss:  1.78461, VaAcc: 0.3711, VaLoss:  2.24342	 20 sampled NNs | VaAcc: 0.2340 +- 0.0343 | VaLoss: 2.0573 +- 0.0940
237,  0 | TrAcc: 0.3284, TrLoss:  1.79696, VaAcc: 0.3532, VaLoss:  2.23204	 20 sampled NNs | VaAcc: 0.2189 +- 0.0355 | VaLoss: 2.0746 +- 0.1061
238,  0 | TrAcc: 0.3739, TrLoss:  1.79954, VaAcc: 0.3451, VaLoss:  2.29264	 20 sampled NNs | VaAcc: 0.2047 +- 0.0384 | VaLoss: 2.0644 +- 0.0964
239,  0 | TrAcc: 0.3528, TrLoss:  1.77901, VaAcc: 0.3333, VaLoss:  2.26345	 20 sampled NNs | VaAcc: 0.2224 +- 0.0563 | VaLoss: 2.0753 +- 0.1568
240,  0 | TrAcc: 0.3337, TrLoss:  1.83221, VaAcc: 0.3139, VaLoss:  2.27685	 20 sampled NNs | VaAcc: 0.2017 +- 0.0358 | VaLoss: 2.0700 +- 0.1238
241,  0 | TrAcc: 0.3294, TrLoss:  1.80656, VaAcc: 0.3537, VaLoss:  2.23099	 20 sampled NNs | VaAcc: 0.2190 +- 0.0411 | VaLoss: 2.0736 +- 0.1355
242,  0 | TrAcc: 0.3472, TrLoss:  1.80066, VaAcc: 0.3570, VaLoss:  2.24817	 20 sampled NNs | VaAcc: 0.2227 +- 0.0301 | VaLoss: 2.0523 +- 0.1206
243,  0 | TrAcc: 0.3500, TrLoss:  1.81086, VaAcc: 0.3680, VaLoss:  2.22805	 20 sampled NNs | VaAcc: 0.2325 +- 0.0336 | VaLoss: 2.0551 +- 0.1119
244,  0 | TrAcc: 0.3512, TrLoss:  1.83844, VaAcc: 0.3902, VaLoss:  2.23027	 20 sampled NNs | VaAcc: 0.2095 +- 0.0411 | VaLoss: 2.1052 +- 0.1023
245,  0 | TrAcc: 0.3316, TrLoss:  1.78608, VaAcc: 0.3122, VaLoss:  2.26169	 20 sampled NNs | VaAcc: 0.1887 +- 0.0337 | VaLoss: 2.0963 +- 0.0943
246,  0 | TrAcc: 0.3038, TrLoss:  1.80161, VaAcc: 0.3284, VaLoss:  2.26207	 20 sampled NNs | VaAcc: 0.2192 +- 0.0393 | VaLoss: 2.0942 +- 0.1358
247,  0 | TrAcc: 0.3394, TrLoss:  1.78618, VaAcc: 0.3577, VaLoss:  2.23031	 20 sampled NNs | VaAcc: 0.2191 +- 0.0487 | VaLoss: 2.0845 +- 0.1242
248,  0 | TrAcc: 0.3729, TrLoss:  1.79066, VaAcc: 0.3428, VaLoss:  2.26980	 20 sampled NNs | VaAcc: 0.2105 +- 0.0293 | VaLoss: 2.0382 +- 0.1029
249,  0 | TrAcc: 0.3366, TrLoss:  1.78676, VaAcc: 0.3262, VaLoss:  2.25973	 20 sampled NNs | VaAcc: 0.2013 +- 0.0287 | VaLoss: 2.0843 +- 0.0671
250,  0 | TrAcc: 0.3164, TrLoss:  1.79539, VaAcc: 0.3178, VaLoss:  2.25851	 20 sampled NNs | VaAcc: 0.2096 +- 0.0378 | VaLoss: 2.0626 +- 0.1264
251,  0 | TrAcc: 0.3736, TrLoss:  1.76125, VaAcc: 0.3648, VaLoss:  2.23601	 20 sampled NNs | VaAcc: 0.2119 +- 0.0394 | VaLoss: 2.1151 +- 0.1529
252,  0 | TrAcc: 0.3912, TrLoss:  1.74071, VaAcc: 0.3505, VaLoss:  2.26237	 20 sampled NNs | VaAcc: 0.2109 +- 0.0399 | VaLoss: 2.1156 +- 0.1220
253,  0 | TrAcc: 0.3370, TrLoss:  1.81095, VaAcc: 0.3771, VaLoss:  2.23707	 20 sampled NNs | VaAcc: 0.2077 +- 0.0404 | VaLoss: 2.1033 +- 0.1075
254,  0 | TrAcc: 0.3589, TrLoss:  1.78519, VaAcc: 0.3840, VaLoss:  2.23037	 20 sampled NNs | VaAcc: 0.2361 +- 0.0341 | VaLoss: 2.0445 +- 0.1039
255,  0 | TrAcc: 0.2974, TrLoss:  1.83205, VaAcc: 0.2993, VaLoss:  2.29379	 20 sampled NNs | VaAcc: 0.1936 +- 0.0332 | VaLoss: 2.0324 +- 0.0938
256,  0 | TrAcc: 0.3669, TrLoss:  1.79530, VaAcc: 0.3718, VaLoss:  2.25134	 20 sampled NNs | VaAcc: 0.2298 +- 0.0455 | VaLoss: 2.0309 +- 0.1544
257,  0 | TrAcc: 0.3236, TrLoss:  1.80372, VaAcc: 0.3529, VaLoss:  2.24415	 20 sampled NNs | VaAcc: 0.2311 +- 0.0362 | VaLoss: 2.0307 +- 0.0935
258,  0 | TrAcc: 0.3915, TrLoss:  1.77277, VaAcc: 0.3960, VaLoss:  2.22102	 20 sampled NNs | VaAcc: 0.2060 +- 0.0407 | VaLoss: 2.1547 +- 0.1423
259,  0 | TrAcc: 0.3321, TrLoss:  1.80916, VaAcc: 0.3323, VaLoss:  2.27623	 20 sampled NNs | VaAcc: 0.1812 +- 0.0374 | VaLoss: 2.0757 +- 0.0957
260,  0 | TrAcc: 0.3487, TrLoss:  1.79330, VaAcc: 0.3844, VaLoss:  2.23845	 20 sampled NNs | VaAcc: 0.2183 +- 0.0368 | VaLoss: 2.0395 +- 0.1094
261,  0 | TrAcc: 0.3349, TrLoss:  1.80909, VaAcc: 0.3751, VaLoss:  2.22517	 20 sampled NNs | VaAcc: 0.1988 +- 0.0379 | VaLoss: 2.0813 +- 0.1126
262,  0 | TrAcc: 0.3597, TrLoss:  1.81492, VaAcc: 0.3865, VaLoss:  2.21595	 20 sampled NNs | VaAcc: 0.1973 +- 0.0447 | VaLoss: 2.1006 +- 0.1535
263,  0 | TrAcc: 0.4154, TrLoss:  1.73777, VaAcc: 0.3718, VaLoss:  2.23965	 20 sampled NNs | VaAcc: 0.2198 +- 0.0337 | VaLoss: 2.0698 +- 0.1236
264,  0 | TrAcc: 0.3476, TrLoss:  1.78729, VaAcc: 0.3826, VaLoss:  2.24368	 20 sampled NNs | VaAcc: 0.2156 +- 0.0434 | VaLoss: 2.0546 +- 0.1594
265,  0 | TrAcc: 0.3798, TrLoss:  1.77204, VaAcc: 0.3341, VaLoss:  2.26579	 20 sampled NNs | VaAcc: 0.1942 +- 0.0477 | VaLoss: 2.0727 +- 0.1365
266,  0 | TrAcc: 0.3260, TrLoss:  1.78215, VaAcc: 0.3454, VaLoss:  2.25869	 20 sampled NNs | VaAcc: 0.1930 +- 0.0295 | VaLoss: 2.1403 +- 0.1155
267,  0 | TrAcc: 0.3621, TrLoss:  1.79174, VaAcc: 0.3807, VaLoss:  2.24864	 20 sampled NNs | VaAcc: 0.2377 +- 0.0533 | VaLoss: 2.0543 +- 0.1449
268,  0 | TrAcc: 0.3582, TrLoss:  1.76188, VaAcc: 0.3537, VaLoss:  2.25993	 20 sampled NNs | VaAcc: 0.2040 +- 0.0501 | VaLoss: 2.1048 +- 0.1755
269,  0 | TrAcc: 0.3667, TrLoss:  1.78295, VaAcc: 0.3858, VaLoss:  2.23640	 20 sampled NNs | VaAcc: 0.2104 +- 0.0297 | VaLoss: 2.1090 +- 0.0791
270,  0 | TrAcc: 0.3754, TrLoss:  1.79325, VaAcc: 0.3411, VaLoss:  2.29180	 20 sampled NNs | VaAcc: 0.2074 +- 0.0248 | VaLoss: 2.0560 +- 0.0982
271,  0 | TrAcc: 0.3447, TrLoss:  1.85821, VaAcc: 0.3625, VaLoss:  2.25690	 20 sampled NNs | VaAcc: 0.1768 +- 0.0381 | VaLoss: 2.1390 +- 0.1219
272,  0 | TrAcc: 0.3432, TrLoss:  1.79098, VaAcc: 0.3375, VaLoss:  2.24697	 20 sampled NNs | VaAcc: 0.2091 +- 0.0463 | VaLoss: 2.0983 +- 0.1585
273,  0 | TrAcc: 0.3411, TrLoss:  1.77746, VaAcc: 0.3336, VaLoss:  2.26739	 20 sampled NNs | VaAcc: 0.2086 +- 0.0416 | VaLoss: 2.0807 +- 0.1197
274,  0 | TrAcc: 0.3748, TrLoss:  1.77102, VaAcc: 0.3242, VaLoss:  2.26741	 20 sampled NNs | VaAcc: 0.1969 +- 0.0256 | VaLoss: 2.1299 +- 0.1100
275,  0 | TrAcc: 0.3546, TrLoss:  1.82193, VaAcc: 0.3797, VaLoss:  2.25480	 20 sampled NNs | VaAcc: 0.2350 +- 0.0392 | VaLoss: 2.0459 +- 0.1001
276,  0 | TrAcc: 0.3467, TrLoss:  1.82907, VaAcc: 0.3503, VaLoss:  2.26968	 20 sampled NNs | VaAcc: 0.2186 +- 0.0396 | VaLoss: 2.1013 +- 0.1332
277,  0 | TrAcc: 0.3845, TrLoss:  1.75905, VaAcc: 0.3586, VaLoss:  2.24844	 20 sampled NNs | VaAcc: 0.2120 +- 0.0371 | VaLoss: 2.0478 +- 0.1201
278,  0 | TrAcc: 0.3603, TrLoss:  1.78275, VaAcc: 0.3904, VaLoss:  2.22923	 20 sampled NNs | VaAcc: 0.2025 +- 0.0376 | VaLoss: 2.0763 +- 0.1157
279,  0 | TrAcc: 0.3833, TrLoss:  1.78424, VaAcc: 0.3799, VaLoss:  2.23537	 20 sampled NNs | VaAcc: 0.2066 +- 0.0381 | VaLoss: 2.0845 +- 0.1314
280,  0 | TrAcc: 0.3647, TrLoss:  1.77529, VaAcc: 0.3861, VaLoss:  2.22663	 20 sampled NNs | VaAcc: 0.1980 +- 0.0425 | VaLoss: 2.1025 +- 0.1736
281,  0 | TrAcc: 0.3511, TrLoss:  1.76978, VaAcc: 0.3599, VaLoss:  2.25162	 20 sampled NNs | VaAcc: 0.2173 +- 0.0430 | VaLoss: 2.0859 +- 0.1366
282,  0 | TrAcc: 0.3751, TrLoss:  1.78184, VaAcc: 0.3662, VaLoss:  2.24136	 20 sampled NNs | VaAcc: 0.2344 +- 0.0320 | VaLoss: 2.0555 +- 0.0909
283,  0 | TrAcc: 0.3691, TrLoss:  1.79822, VaAcc: 0.3662, VaLoss:  2.24938	 20 sampled NNs | VaAcc: 0.1993 +- 0.0323 | VaLoss: 2.0653 +- 0.1120
284,  0 | TrAcc: 0.3449, TrLoss:  1.83603, VaAcc: 0.3388, VaLoss:  2.27168	 20 sampled NNs | VaAcc: 0.1957 +- 0.0397 | VaLoss: 2.1060 +- 0.1338
285,  0 | TrAcc: 0.3474, TrLoss:  1.79788, VaAcc: 0.3646, VaLoss:  2.23603	 20 sampled NNs | VaAcc: 0.2022 +- 0.0343 | VaLoss: 2.0993 +- 0.0971
286,  0 | TrAcc: 0.3451, TrLoss:  1.78660, VaAcc: 0.3748, VaLoss:  2.24183	 20 sampled NNs | VaAcc: 0.2249 +- 0.0249 | VaLoss: 2.0628 +- 0.0750
287,  0 | TrAcc: 0.3728, TrLoss:  1.79305, VaAcc: 0.3815, VaLoss:  2.23089	 20 sampled NNs | VaAcc: 0.2208 +- 0.0381 | VaLoss: 2.0763 +- 0.1508
288,  0 | TrAcc: 0.3459, TrLoss:  1.77228, VaAcc: 0.3831, VaLoss:  2.22711	 20 sampled NNs | VaAcc: 0.2477 +- 0.0421 | VaLoss: 2.0026 +- 0.1030
289,  0 | TrAcc: 0.3827, TrLoss:  1.75392, VaAcc: 0.3790, VaLoss:  2.24555	 20 sampled NNs | VaAcc: 0.2087 +- 0.0400 | VaLoss: 2.1280 +- 0.1287
290,  0 | TrAcc: 0.3835, TrLoss:  1.80435, VaAcc: 0.3928, VaLoss:  2.24098	 20 sampled NNs | VaAcc: 0.2255 +- 0.0438 | VaLoss: 2.0269 +- 0.1314
291,  0 | TrAcc: 0.3658, TrLoss:  1.78455, VaAcc: 0.3635, VaLoss:  2.23766	 20 sampled NNs | VaAcc: 0.2214 +- 0.0377 | VaLoss: 2.0731 +- 0.1141
292,  0 | TrAcc: 0.3425, TrLoss:  1.78538, VaAcc: 0.3760, VaLoss:  2.23472	 20 sampled NNs | VaAcc: 0.2134 +- 0.0403 | VaLoss: 2.0769 +- 0.1410
293,  0 | TrAcc: 0.3562, TrLoss:  1.77885, VaAcc: 0.3758, VaLoss:  2.24420	 20 sampled NNs | VaAcc: 0.2418 +- 0.0371 | VaLoss: 2.0108 +- 0.1075
294,  0 | TrAcc: 0.3551, TrLoss:  1.77633, VaAcc: 0.3615, VaLoss:  2.24684	 20 sampled NNs | VaAcc: 0.2230 +- 0.0473 | VaLoss: 2.0378 +- 0.1306
295,  0 | TrAcc: 0.3746, TrLoss:  1.78642, VaAcc: 0.3360, VaLoss:  2.29295	 20 sampled NNs | VaAcc: 0.1934 +- 0.0348 | VaLoss: 2.1132 +- 0.1256
296,  0 | TrAcc: 0.3471, TrLoss:  1.82182, VaAcc: 0.3818, VaLoss:  2.22901	 20 sampled NNs | VaAcc: 0.2207 +- 0.0454 | VaLoss: 2.1005 +- 0.1561
297,  0 | TrAcc: 0.3452, TrLoss:  1.74391, VaAcc: 0.3479, VaLoss:  2.26135	 20 sampled NNs | VaAcc: 0.2371 +- 0.0546 | VaLoss: 2.0687 +- 0.1627
298,  0 | TrAcc: 0.3652, TrLoss:  1.80291, VaAcc: 0.3754, VaLoss:  2.23869	 20 sampled NNs | VaAcc: 0.2137 +- 0.0459 | VaLoss: 2.1059 +- 0.1421
299,  0 | TrAcc: 0.3548, TrLoss:  1.81569, VaAcc: 0.3546, VaLoss:  2.26025	 20 sampled NNs | VaAcc: 0.2215 +- 0.0472 | VaLoss: 2.0335 +- 0.1076
300,  0 | TrAcc: 0.3667, TrLoss:  1.80526, VaAcc: 0.3651, VaLoss:  2.26261	 20 sampled NNs | VaAcc: 0.2134 +- 0.0343 | VaLoss: 2.1118 +- 0.1363
301,  0 | TrAcc: 0.3677, TrLoss:  1.83343, VaAcc: 0.3713, VaLoss:  2.25824	 20 sampled NNs | VaAcc: 0.2089 +- 0.0334 | VaLoss: 2.1160 +- 0.1039
302,  0 | TrAcc: 0.2860, TrLoss:  1.86472, VaAcc: 0.3163, VaLoss:  2.25190	 20 sampled NNs | VaAcc: 0.2009 +- 0.0279 | VaLoss: 2.0531 +- 0.0905
303,  0 | TrAcc: 0.3572, TrLoss:  1.78479, VaAcc: 0.3663, VaLoss:  2.25141	 20 sampled NNs | VaAcc: 0.2320 +- 0.0392 | VaLoss: 2.0714 +- 0.1125
304,  0 | TrAcc: 0.3536, TrLoss:  1.76734, VaAcc: 0.3567, VaLoss:  2.24570	 20 sampled NNs | VaAcc: 0.2330 +- 0.0415 | VaLoss: 2.0497 +- 0.1307
305,  0 | TrAcc: 0.3355, TrLoss:  1.79494, VaAcc: 0.3353, VaLoss:  2.25176	 20 sampled NNs | VaAcc: 0.2041 +- 0.0292 | VaLoss: 2.1207 +- 0.1735
306,  0 | TrAcc: 0.3745, TrLoss:  1.81514, VaAcc: 0.3608, VaLoss:  2.25388	 20 sampled NNs | VaAcc: 0.2179 +- 0.0368 | VaLoss: 2.0707 +- 0.1134
307,  0 | TrAcc: 0.3477, TrLoss:  1.76885, VaAcc: 0.3392, VaLoss:  2.27378	 20 sampled NNs | VaAcc: 0.2029 +- 0.0360 | VaLoss: 2.1218 +- 0.1079
308,  0 | TrAcc: 0.3282, TrLoss:  1.78057, VaAcc: 0.3417, VaLoss:  2.24769	 20 sampled NNs | VaAcc: 0.2239 +- 0.0404 | VaLoss: 2.0100 +- 0.1312
309,  0 | TrAcc: 0.3418, TrLoss:  1.79002, VaAcc: 0.3425, VaLoss:  2.24833	 20 sampled NNs | VaAcc: 0.1980 +- 0.0317 | VaLoss: 2.1163 +- 0.1343
310,  0 | TrAcc: 0.3553, TrLoss:  1.78255, VaAcc: 0.3573, VaLoss:  2.24783	 20 sampled NNs | VaAcc: 0.2326 +- 0.0411 | VaLoss: 2.0264 +- 0.1020
311,  0 | TrAcc: 0.3593, TrLoss:  1.84845, VaAcc: 0.3542, VaLoss:  2.25196	 20 sampled NNs | VaAcc: 0.1855 +- 0.0383 | VaLoss: 2.1220 +- 0.1134
312,  0 | TrAcc: 0.3530, TrLoss:  1.79276, VaAcc: 0.3749, VaLoss:  2.23339	 20 sampled NNs | VaAcc: 0.2337 +- 0.0403 | VaLoss: 2.0642 +- 0.1378
313,  0 | TrAcc: 0.3678, TrLoss:  1.77895, VaAcc: 0.3808, VaLoss:  2.23018	 20 sampled NNs | VaAcc: 0.2268 +- 0.0406 | VaLoss: 2.0707 +- 0.1452
314,  0 | TrAcc: 0.3377, TrLoss:  1.80140, VaAcc: 0.3376, VaLoss:  2.26294	 20 sampled NNs | VaAcc: 0.2235 +- 0.0443 | VaLoss: 2.0596 +- 0.1593
315,  0 | TrAcc: 0.3698, TrLoss:  1.81527, VaAcc: 0.3838, VaLoss:  2.22456	 20 sampled NNs | VaAcc: 0.2217 +- 0.0345 | VaLoss: 2.0614 +- 0.1055
316,  0 | TrAcc: 0.3579, TrLoss:  1.84198, VaAcc: 0.3500, VaLoss:  2.25334	 20 sampled NNs | VaAcc: 0.2198 +- 0.0377 | VaLoss: 2.0875 +- 0.1051
317,  0 | TrAcc: 0.3472, TrLoss:  1.77493, VaAcc: 0.3277, VaLoss:  2.27445	 20 sampled NNs | VaAcc: 0.2226 +- 0.0369 | VaLoss: 2.0783 +- 0.1609
318,  0 | TrAcc: 0.3429, TrLoss:  1.81149, VaAcc: 0.2975, VaLoss:  2.28553	 20 sampled NNs | VaAcc: 0.1891 +- 0.0333 | VaLoss: 2.1713 +- 0.1678
319,  0 | TrAcc: 0.3417, TrLoss:  1.82688, VaAcc: 0.3751, VaLoss:  2.23256	 20 sampled NNs | VaAcc: 0.2250 +- 0.0294 | VaLoss: 2.0927 +- 0.1332
320,  0 | TrAcc: 0.3594, TrLoss:  1.76194, VaAcc: 0.3658, VaLoss:  2.26759	 20 sampled NNs | VaAcc: 0.2329 +- 0.0522 | VaLoss: 2.0373 +- 0.1464
321,  0 | TrAcc: 0.3691, TrLoss:  1.77422, VaAcc: 0.3566, VaLoss:  2.26900	 20 sampled NNs | VaAcc: 0.2241 +- 0.0397 | VaLoss: 2.0581 +- 0.1673
322,  0 | TrAcc: 0.3767, TrLoss:  1.78073, VaAcc: 0.3578, VaLoss:  2.26009	 20 sampled NNs | VaAcc: 0.2086 +- 0.0418 | VaLoss: 2.0908 +- 0.1090
323,  0 | TrAcc: 0.3282, TrLoss:  1.77980, VaAcc: 0.3561, VaLoss:  2.23548	 20 sampled NNs | VaAcc: 0.2122 +- 0.0466 | VaLoss: 2.1103 +- 0.1405
324,  0 | TrAcc: 0.3419, TrLoss:  1.78318, VaAcc: 0.3311, VaLoss:  2.25748	 20 sampled NNs | VaAcc: 0.2111 +- 0.0311 | VaLoss: 2.0734 +- 0.1352
325,  0 | TrAcc: 0.3308, TrLoss:  1.78816, VaAcc: 0.3183, VaLoss:  2.26154	 20 sampled NNs | VaAcc: 0.2129 +- 0.0330 | VaLoss: 2.0737 +- 0.1497
326,  0 | TrAcc: 0.3541, TrLoss:  1.78219, VaAcc: 0.3497, VaLoss:  2.24943	 20 sampled NNs | VaAcc: 0.2284 +- 0.0359 | VaLoss: 1.9869 +- 0.1041
327,  0 | TrAcc: 0.3294, TrLoss:  1.79846, VaAcc: 0.3602, VaLoss:  2.25178	 20 sampled NNs | VaAcc: 0.2192 +- 0.0528 | VaLoss: 2.0713 +- 0.1584
328,  0 | TrAcc: 0.3573, TrLoss:  1.84557, VaAcc: 0.3830, VaLoss:  2.26743	 20 sampled NNs | VaAcc: 0.2225 +- 0.0401 | VaLoss: 2.0705 +- 0.1428
329,  0 | TrAcc: 0.3440, TrLoss:  1.82533, VaAcc: 0.3651, VaLoss:  2.23550	 20 sampled NNs | VaAcc: 0.2144 +- 0.0334 | VaLoss: 2.1050 +- 0.1222
330,  0 | TrAcc: 0.3450, TrLoss:  1.78831, VaAcc: 0.3579, VaLoss:  2.25522	 20 sampled NNs | VaAcc: 0.2228 +- 0.0343 | VaLoss: 2.0723 +- 0.1164
331,  0 | TrAcc: 0.3569, TrLoss:  1.82573, VaAcc: 0.3755, VaLoss:  2.24040	 20 sampled NNs | VaAcc: 0.2107 +- 0.0400 | VaLoss: 2.0852 +- 0.1171
332,  0 | TrAcc: 0.3259, TrLoss:  1.80484, VaAcc: 0.3397, VaLoss:  2.26435	 20 sampled NNs | VaAcc: 0.1981 +- 0.0336 | VaLoss: 2.0992 +- 0.1218
333,  0 | TrAcc: 0.3450, TrLoss:  1.81022, VaAcc: 0.3567, VaLoss:  2.26075	 20 sampled NNs | VaAcc: 0.2123 +- 0.0430 | VaLoss: 2.0234 +- 0.1179
334,  0 | TrAcc: 0.3568, TrLoss:  1.78260, VaAcc: 0.3543, VaLoss:  2.23306	 20 sampled NNs | VaAcc: 0.2135 +- 0.0278 | VaLoss: 2.0199 +- 0.0855
335,  0 | TrAcc: 0.3878, TrLoss:  1.75564, VaAcc: 0.3979, VaLoss:  2.22951	 20 sampled NNs | VaAcc: 0.2361 +- 0.0378 | VaLoss: 2.0125 +- 0.1123
336,  0 | TrAcc: 0.3633, TrLoss:  1.76014, VaAcc: 0.3706, VaLoss:  2.24397	 20 sampled NNs | VaAcc: 0.2330 +- 0.0462 | VaLoss: 2.0322 +- 0.1547
337,  0 | TrAcc: 0.3750, TrLoss:  1.75802, VaAcc: 0.3779, VaLoss:  2.24230	 20 sampled NNs | VaAcc: 0.2047 +- 0.0292 | VaLoss: 2.0481 +- 0.0809
338,  0 | TrAcc: 0.3811, TrLoss:  1.80783, VaAcc: 0.3893, VaLoss:  2.24102	 20 sampled NNs | VaAcc: 0.2112 +- 0.0356 | VaLoss: 2.0645 +- 0.1138
339,  0 | TrAcc: 0.3472, TrLoss:  1.80964, VaAcc: 0.3530, VaLoss:  2.30045	 20 sampled NNs | VaAcc: 0.2232 +- 0.0356 | VaLoss: 2.1109 +- 0.1076
340,  0 | TrAcc: 0.3647, TrLoss:  1.78015, VaAcc: 0.3850, VaLoss:  2.25380	 20 sampled NNs | VaAcc: 0.2273 +- 0.0357 | VaLoss: 2.0436 +- 0.1266
341,  0 | TrAcc: 0.3452, TrLoss:  1.79787, VaAcc: 0.3606, VaLoss:  2.23920	 20 sampled NNs | VaAcc: 0.2239 +- 0.0421 | VaLoss: 2.0449 +- 0.1049
342,  0 | TrAcc: 0.3130, TrLoss:  1.78501, VaAcc: 0.3650, VaLoss:  2.22791	 20 sampled NNs | VaAcc: 0.2191 +- 0.0436 | VaLoss: 2.0279 +- 0.0801
343,  0 | TrAcc: 0.3782, TrLoss:  1.82060, VaAcc: 0.3984, VaLoss:  2.25764	 20 sampled NNs | VaAcc: 0.2328 +- 0.0449 | VaLoss: 2.0672 +- 0.1604
344,  0 | TrAcc: 0.3292, TrLoss:  1.80462, VaAcc: 0.3464, VaLoss:  2.24286	 20 sampled NNs | VaAcc: 0.2181 +- 0.0422 | VaLoss: 2.1111 +- 0.1470
345,  0 | TrAcc: 0.3714, TrLoss:  1.76168, VaAcc: 0.3722, VaLoss:  2.25366	 20 sampled NNs | VaAcc: 0.2313 +- 0.0387 | VaLoss: 2.0686 +- 0.1320
346,  0 | TrAcc: 0.3197, TrLoss:  1.76913, VaAcc: 0.3155, VaLoss:  2.25830	 20 sampled NNs | VaAcc: 0.2023 +- 0.0301 | VaLoss: 2.0665 +- 0.1129
347,  0 | TrAcc: 0.3795, TrLoss:  1.76106, VaAcc: 0.3499, VaLoss:  2.26548	 20 sampled NNs | VaAcc: 0.1655 +- 0.0259 | VaLoss: 2.1461 +- 0.1118
348,  0 | TrAcc: 0.3660, TrLoss:  1.79433, VaAcc: 0.3456, VaLoss:  2.29229	 20 sampled NNs | VaAcc: 0.2065 +- 0.0408 | VaLoss: 2.1177 +- 0.1500
349,  0 | TrAcc: 0.3347, TrLoss:  1.80416, VaAcc: 0.3336, VaLoss:  2.26222	 20 sampled NNs | VaAcc: 0.2118 +- 0.0365 | VaLoss: 2.0803 +- 0.0894
350,  0 | TrAcc: 0.3621, TrLoss:  1.80649, VaAcc: 0.3604, VaLoss:  2.25838	 20 sampled NNs | VaAcc: 0.1991 +- 0.0384 | VaLoss: 2.0587 +- 0.1198
351,  0 | TrAcc: 0.3426, TrLoss:  1.83571, VaAcc: 0.3838, VaLoss:  2.23438	 20 sampled NNs | VaAcc: 0.2386 +- 0.0333 | VaLoss: 2.0560 +- 0.1000
352,  0 | TrAcc: 0.3618, TrLoss:  1.79415, VaAcc: 0.3821, VaLoss:  2.23591	 20 sampled NNs | VaAcc: 0.2155 +- 0.0406 | VaLoss: 2.0879 +- 0.0980
353,  0 | TrAcc: 0.3794, TrLoss:  1.79504, VaAcc: 0.3930, VaLoss:  2.25363	 20 sampled NNs | VaAcc: 0.2286 +- 0.0352 | VaLoss: 2.0567 +- 0.1039
354,  0 | TrAcc: 0.3773, TrLoss:  1.79913, VaAcc: 0.4006, VaLoss:  2.21888	 20 sampled NNs | VaAcc: 0.2047 +- 0.0385 | VaLoss: 2.0850 +- 0.1176
355,  0 | TrAcc: 0.3545, TrLoss:  1.80429, VaAcc: 0.3661, VaLoss:  2.25657	 20 sampled NNs | VaAcc: 0.1980 +- 0.0368 | VaLoss: 2.1080 +- 0.1183
356,  0 | TrAcc: 0.3667, TrLoss:  1.75540, VaAcc: 0.3292, VaLoss:  2.28726	 20 sampled NNs | VaAcc: 0.2034 +- 0.0317 | VaLoss: 2.0901 +- 0.1112
357,  0 | TrAcc: 0.3584, TrLoss:  1.76674, VaAcc: 0.3606, VaLoss:  2.25825	 20 sampled NNs | VaAcc: 0.2211 +- 0.0456 | VaLoss: 2.0266 +- 0.1588
358,  0 | TrAcc: 0.3695, TrLoss:  1.81249, VaAcc: 0.3719, VaLoss:  2.25036	 20 sampled NNs | VaAcc: 0.2023 +- 0.0388 | VaLoss: 2.0687 +- 0.1216
359,  0 | TrAcc: 0.3471, TrLoss:  1.78600, VaAcc: 0.3487, VaLoss:  2.24923	 20 sampled NNs | VaAcc: 0.1947 +- 0.0302 | VaLoss: 2.0914 +- 0.0984
360,  0 | TrAcc: 0.3412, TrLoss:  1.80107, VaAcc: 0.3448, VaLoss:  2.24776	 20 sampled NNs | VaAcc: 0.2253 +- 0.0288 | VaLoss: 2.0447 +- 0.0800
361,  0 | TrAcc: 0.3541, TrLoss:  1.76404, VaAcc: 0.3526, VaLoss:  2.25229	 20 sampled NNs | VaAcc: 0.2284 +- 0.0234 | VaLoss: 2.0291 +- 0.1013
362,  0 | TrAcc: 0.3612, TrLoss:  1.76209, VaAcc: 0.3562, VaLoss:  2.26690	 20 sampled NNs | VaAcc: 0.2002 +- 0.0417 | VaLoss: 2.0829 +- 0.1086
363,  0 | TrAcc: 0.3278, TrLoss:  1.78024, VaAcc: 0.2850, VaLoss:  2.26712	 20 sampled NNs | VaAcc: 0.1934 +- 0.0355 | VaLoss: 2.1030 +- 0.1123
364,  0 | TrAcc: 0.3556, TrLoss:  1.84028, VaAcc: 0.3671, VaLoss:  2.24746	 20 sampled NNs | VaAcc: 0.2195 +- 0.0301 | VaLoss: 2.0857 +- 0.1051
365,  0 | TrAcc: 0.3660, TrLoss:  1.79101, VaAcc: 0.3651, VaLoss:  2.26179	 20 sampled NNs | VaAcc: 0.2145 +- 0.0310 | VaLoss: 2.1100 +- 0.1418
366,  0 | TrAcc: 0.3774, TrLoss:  1.78442, VaAcc: 0.3768, VaLoss:  2.26047	 20 sampled NNs | VaAcc: 0.2002 +- 0.0384 | VaLoss: 2.1189 +- 0.1164
367,  0 | TrAcc: 0.3513, TrLoss:  1.74979, VaAcc: 0.3423, VaLoss:  2.25446	 20 sampled NNs | VaAcc: 0.2235 +- 0.0437 | VaLoss: 1.9827 +- 0.1025
368,  0 | TrAcc: 0.3445, TrLoss:  1.81549, VaAcc: 0.3670, VaLoss:  2.25219	 20 sampled NNs | VaAcc: 0.2381 +- 0.0510 | VaLoss: 2.0318 +- 0.1682
369,  0 | TrAcc: 0.3588, TrLoss:  1.77602, VaAcc: 0.3702, VaLoss:  2.26062	 20 sampled NNs | VaAcc: 0.2593 +- 0.0452 | VaLoss: 2.0393 +- 0.1272
370,  0 | TrAcc: 0.3889, TrLoss:  1.78326, VaAcc: 0.3808, VaLoss:  2.24940	 20 sampled NNs | VaAcc: 0.2472 +- 0.0317 | VaLoss: 1.9964 +- 0.1131
371,  0 | TrAcc: 0.3378, TrLoss:  1.80629, VaAcc: 0.3457, VaLoss:  2.25234	 20 sampled NNs | VaAcc: 0.1994 +- 0.0389 | VaLoss: 2.0970 +- 0.1415
372,  0 | TrAcc: 0.3725, TrLoss:  1.80399, VaAcc: 0.3984, VaLoss:  2.23884	 20 sampled NNs | VaAcc: 0.2253 +- 0.0473 | VaLoss: 2.0427 +- 0.1260
373,  0 | TrAcc: 0.3756, TrLoss:  1.74458, VaAcc: 0.3722, VaLoss:  2.23631	 20 sampled NNs | VaAcc: 0.2459 +- 0.0318 | VaLoss: 2.0081 +- 0.1151
374,  0 | TrAcc: 0.3797, TrLoss:  1.79547, VaAcc: 0.3752, VaLoss:  2.25568	 20 sampled NNs | VaAcc: 0.2141 +- 0.0444 | VaLoss: 2.0087 +- 0.1124
375,  0 | TrAcc: 0.3318, TrLoss:  1.80876, VaAcc: 0.3810, VaLoss:  2.23121	 20 sampled NNs | VaAcc: 0.1977 +- 0.0333 | VaLoss: 2.0919 +- 0.0977
376,  0 | TrAcc: 0.3306, TrLoss:  1.82186, VaAcc: 0.3356, VaLoss:  2.24172	 20 sampled NNs | VaAcc: 0.2235 +- 0.0422 | VaLoss: 2.0541 +- 0.1418
377,  0 | TrAcc: 0.3476, TrLoss:  1.80933, VaAcc: 0.3608, VaLoss:  2.28404	 20 sampled NNs | VaAcc: 0.2426 +- 0.0418 | VaLoss: 1.9699 +- 0.1046
378,  0 | TrAcc: 0.3602, TrLoss:  1.80916, VaAcc: 0.3681, VaLoss:  2.25649	 20 sampled NNs | VaAcc: 0.2175 +- 0.0392 | VaLoss: 2.0626 +- 0.1176
379,  0 | TrAcc: 0.3629, TrLoss:  1.78357, VaAcc: 0.3377, VaLoss:  2.26771	 20 sampled NNs | VaAcc: 0.1995 +- 0.0303 | VaLoss: 2.0686 +- 0.1294
380,  0 | TrAcc: 0.3522, TrLoss:  1.77939, VaAcc: 0.3739, VaLoss:  2.27261	 20 sampled NNs | VaAcc: 0.2212 +- 0.0255 | VaLoss: 2.0926 +- 0.0676
381,  0 | TrAcc: 0.3371, TrLoss:  1.80898, VaAcc: 0.3447, VaLoss:  2.27133	 20 sampled NNs | VaAcc: 0.2180 +- 0.0356 | VaLoss: 2.0872 +- 0.0966
382,  0 | TrAcc: 0.3770, TrLoss:  1.77896, VaAcc: 0.3554, VaLoss:  2.24311	 20 sampled NNs | VaAcc: 0.1944 +- 0.0510 | VaLoss: 2.0905 +- 0.1478
383,  0 | TrAcc: 0.3550, TrLoss:  1.79279, VaAcc: 0.3533, VaLoss:  2.25124	 20 sampled NNs | VaAcc: 0.1948 +- 0.0391 | VaLoss: 2.0379 +- 0.1317
384,  0 | TrAcc: 0.3758, TrLoss:  1.75446, VaAcc: 0.3583, VaLoss:  2.25951	 20 sampled NNs | VaAcc: 0.2374 +- 0.0497 | VaLoss: 2.0696 +- 0.1638
385,  0 | TrAcc: 0.3517, TrLoss:  1.83429, VaAcc: 0.3286, VaLoss:  2.29227	 20 sampled NNs | VaAcc: 0.1990 +- 0.0236 | VaLoss: 2.0948 +- 0.1034
386,  0 | TrAcc: 0.3539, TrLoss:  1.78494, VaAcc: 0.3622, VaLoss:  2.25324	 20 sampled NNs | VaAcc: 0.2315 +- 0.0392 | VaLoss: 2.0624 +- 0.1201
387,  0 | TrAcc: 0.3494, TrLoss:  1.78443, VaAcc: 0.3331, VaLoss:  2.27322	 20 sampled NNs | VaAcc: 0.1836 +- 0.0324 | VaLoss: 2.0821 +- 0.0820
388,  0 | TrAcc: 0.3867, TrLoss:  1.73796, VaAcc: 0.3787, VaLoss:  2.23744	 20 sampled NNs | VaAcc: 0.2329 +- 0.0423 | VaLoss: 2.0096 +- 0.0942
389,  0 | TrAcc: 0.3743, TrLoss:  1.77190, VaAcc: 0.3855, VaLoss:  2.23982	 20 sampled NNs | VaAcc: 0.2418 +- 0.0424 | VaLoss: 2.0059 +- 0.1272
390,  0 | TrAcc: 0.3545, TrLoss:  1.80003, VaAcc: 0.3657, VaLoss:  2.24558	 20 sampled NNs | VaAcc: 0.2376 +- 0.0387 | VaLoss: 2.0471 +- 0.0830
391,  0 | TrAcc: 0.3409, TrLoss:  1.85623, VaAcc: 0.3363, VaLoss:  2.31647	 20 sampled NNs | VaAcc: 0.1897 +- 0.0246 | VaLoss: 2.1219 +- 0.0720
392,  0 | TrAcc: 0.3610, TrLoss:  1.81981, VaAcc: 0.3525, VaLoss:  2.29167	 20 sampled NNs | VaAcc: 0.1862 +- 0.0374 | VaLoss: 2.1251 +- 0.1253
393,  0 | TrAcc: 0.3489, TrLoss:  1.83568, VaAcc: 0.3691, VaLoss:  2.25971	 20 sampled NNs | VaAcc: 0.2302 +- 0.0406 | VaLoss: 2.0572 +- 0.1148
394,  0 | TrAcc: 0.3369, TrLoss:  1.81663, VaAcc: 0.3390, VaLoss:  2.26963	 20 sampled NNs | VaAcc: 0.2205 +- 0.0307 | VaLoss: 2.0495 +- 0.0915
395,  0 | TrAcc: 0.3701, TrLoss:  1.76003, VaAcc: 0.3674, VaLoss:  2.26146	 20 sampled NNs | VaAcc: 0.2394 +- 0.0511 | VaLoss: 2.0386 +- 0.1480
396,  0 | TrAcc: 0.3833, TrLoss:  1.81906, VaAcc: 0.3603, VaLoss:  2.27542	 20 sampled NNs | VaAcc: 0.2217 +- 0.0399 | VaLoss: 2.0241 +- 0.1188
397,  0 | TrAcc: 0.4049, TrLoss:  1.77552, VaAcc: 0.3693, VaLoss:  2.26075	 20 sampled NNs | VaAcc: 0.2007 +- 0.0404 | VaLoss: 2.0918 +- 0.1112
398,  0 | TrAcc: 0.3550, TrLoss:  1.79847, VaAcc: 0.3718, VaLoss:  2.26331	 20 sampled NNs | VaAcc: 0.2274 +- 0.0463 | VaLoss: 2.0416 +- 0.1423
399,  0 | TrAcc: 0.3697, TrLoss:  1.81395, VaAcc: 0.3806, VaLoss:  2.25598	 20 sampled NNs | VaAcc: 0.2322 +- 0.0429 | VaLoss: 2.0072 +- 0.1131
117360.988718
----------------------------
