

config:

HOME=/clusterFS/home/student/kopp13
PATH=/clusterFS/home/student/kopp13/miniconda3/envs/tensorflow/bin:/clusterFS/home/student/kopp13/miniconda3/bin:/clusterFS/home/student/kopp13/bin:/usr/local/bin:/usr/bin:/bin:/usr/local/games:/usr/games
LD_LIBRARY_PATH=
THEANO_FLAGS=floatX=float32,gpuarray.preallocate=0.9,dnn.library_path=/usr/lib/x86_64-linux-gnu,cxx=clang++-3.8,device=cuda,base_compiledir=/tmp/tmp.hDMwfbcQhg

=============================
CONFIG FILE

RNN CONFIG
{'data_multiplier': 1.0,
 'gradient_clip_value': 0.5,
 'layer_configs': [{'layer_type': 'input'},
                   {'bc': {'init_m': 'xavier',
                           'init_v': -4.5,
                           'prior_m': 0.0,
                           'prior_v': 0.0,
                           'type': 'continuous'},
                    'bf': {'init_m': 'xavier',
                           'init_v': -4.5,
                           'prior_m': 0.0,
                           'prior_v': 0.0,
                           'type': 'continuous'},
                    'bi': {'init_m': 'xavier',
                           'init_v': -4.5,
                           'prior_m': 0.0,
                           'prior_v': 0.0,
                           'type': 'continuous'},
                    'bo': {'init_m': 'xavier',
                           'init_v': -4.5,
                           'prior_m': 0.0,
                           'prior_v': 0.0,
                           'type': 'continuous'},
                    'discrete_act': True,
                    'init_config': {'c': {'b': 'all_zero', 'w': 'xavier'},
                                    'f': {'b': 'all_one', 'w': 'all_zero'},
                                    'i': {'b': 'all_zero', 'w': 'xavier'},
                                    'o': {'b': 'all_zero', 'w': 'xavier'}},
                    'is_output': False,
                    'is_recurrent': True,
                    'layer_type': 'lstm',
                    'tau': 0.8,
                    'var_scope': 'lstm_0',
                    'wc': {'p0max': 0.95,
                           'p0min': 0.05,
                           'pmax': 0.99,
                           'pmin': 0.01,
                           'priors': [0.1, 0.8, 0.1],
                           'type': 'ternary'},
                    'wf': {'p0max': 0.95,
                           'p0min': 0.05,
                           'pmax': 0.99,
                           'pmin': 0.01,
                           'priors': [0.1, 0.8, 0.1],
                           'type': 'ternary'},
                    'wi': {'p0max': 0.95,
                           'p0min': 0.05,
                           'pmax': 0.99,
                           'pmin': 0.01,
                           'priors': [0.1, 0.8, 0.1],
                           'type': 'ternary'},
                    'wo': {'p0max': 0.95,
                           'p0min': 0.05,
                           'pmax': 0.99,
                           'pmin': 0.01,
                           'priors': [0.1, 0.8, 0.1],
                           'type': 'ternary'}},
                   {'bc': {'init_m': 'xavier',
                           'init_v': -4.5,
                           'prior_m': 0.0,
                           'prior_v': 0.0,
                           'type': 'continuous'},
                    'bf': {'init_m': 'xavier',
                           'init_v': -4.5,
                           'prior_m': 0.0,
                           'prior_v': 0.0,
                           'type': 'continuous'},
                    'bi': {'init_m': 'xavier',
                           'init_v': -4.5,
                           'prior_m': 0.0,
                           'prior_v': 0.0,
                           'type': 'continuous'},
                    'bo': {'init_m': 'xavier',
                           'init_v': -4.5,
                           'prior_m': 0.0,
                           'prior_v': 0.0,
                           'type': 'continuous'},
                    'discrete_act': True,
                    'init_config': {'c': {'b': 'all_zero', 'w': 'xavier'},
                                    'f': {'b': 'all_one', 'w': 'all_zero'},
                                    'i': {'b': 'all_zero', 'w': 'xavier'},
                                    'o': {'b': 'all_zero', 'w': 'xavier'}},
                    'is_output': False,
                    'is_recurrent': True,
                    'layer_type': 'lstm',
                    'tau': 0.8,
                    'var_scope': 'lstm_1',
                    'wc': {'p0max': 0.95,
                           'p0min': 0.05,
                           'pmax': 0.99,
                           'pmin': 0.01,
                           'priors': [0.1, 0.8, 0.1],
                           'type': 'ternary'},
                    'wf': {'p0max': 0.95,
                           'p0min': 0.05,
                           'pmax': 0.99,
                           'pmin': 0.01,
                           'priors': [0.1, 0.8, 0.1],
                           'type': 'ternary'},
                    'wi': {'p0max': 0.95,
                           'p0min': 0.05,
                           'pmax': 0.99,
                           'pmin': 0.01,
                           'priors': [0.1, 0.8, 0.1],
                           'type': 'ternary'},
                    'wo': {'p0max': 0.95,
                           'p0min': 0.05,
                           'pmax': 0.99,
                           'pmin': 0.01,
                           'priors': [0.1, 0.8, 0.1],
                           'type': 'ternary'}},
                   {'b': {'init_m': 'xavier',
                          'init_v': -4.5,
                          'prior_m': 0.0,
                          'prior_v': 0.0,
                          'type': 'continuous'},
                    'is_output': True,
                    'is_recurrent': False,
                    'layer_type': 'fc',
                    'regularization': {'mode': None, 'strength': 0.02},
                    'tau': 0.8,
                    'var_scope': 'output_layer',
                    'w': {'p0max': 0.95,
                          'p0min': 0.05,
                          'pmax': 0.99,
                          'pmin': 0.01,
                          'priors': [0.1, 0.8, 0.1],
                          'type': 'ternary'}}],
 'layout': [4, 60, 60, 10],
 'output_type': 'classification'}

DATA CONFIG
{'dataset': 'red_penstroke',
 'tr': {'in_seq_len': 30,
        'minibatch_enabled': True,
        'minibatch_size': 200,
        'out_seq_len': 5,
        'zero_padding': 20},
 'va': {'in_seq_len': 30,
        'minibatch_enabled': True,
        'minibatch_size': 200,
        'out_seq_len': 5,
        'zero_padding': 20}}

TRAINING CONFIG
{'beta_reg': 0.0,
 'is_pretrain': False,
 'learning_rate': 0.002,
 'mode': {'max_epochs': 400, 'min_error': 0.0, 'name': 'classic'},
 'task_id': 2,
 'type': 'l_sampling',
 'var_reg': 0.0}
==============================


  0,  0 | TrAcc: 0.0986, TrLoss:  2.60017, VaAcc: 0.0988, VaLoss:  2.75177	 20 sampled NNs | VaAcc: 0.0965 +- 0.0130 | VaLoss: 3.3575 +- 0.1104
  1,  0 | TrAcc: 0.1280, TrLoss:  2.29900, VaAcc: 0.1032, VaLoss:  2.46801	 20 sampled NNs | VaAcc: 0.1073 +- 0.0107 | VaLoss: 2.5272 +- 0.1174
  2,  0 | TrAcc: 0.1384, TrLoss:  2.24593, VaAcc: 0.1171, VaLoss:  2.35858	 20 sampled NNs | VaAcc: 0.1078 +- 0.0111 | VaLoss: 2.3585 +- 0.0631
  3,  0 | TrAcc: 0.2065, TrLoss:  2.13403, VaAcc: 0.1863, VaLoss:  2.26553	 20 sampled NNs | VaAcc: 0.1265 +- 0.0104 | VaLoss: 2.3768 +- 0.0311
  4,  0 | TrAcc: 0.2651, TrLoss:  1.98841, VaAcc: 0.2572, VaLoss:  2.07443	 20 sampled NNs | VaAcc: 0.1249 +- 0.0175 | VaLoss: 2.4227 +- 0.0552
  5,  0 | TrAcc: 0.3318, TrLoss:  1.83481, VaAcc: 0.3198, VaLoss:  1.89504	 20 sampled NNs | VaAcc: 0.1500 +- 0.0319 | VaLoss: 2.4715 +- 0.0981
  6,  0 | TrAcc: 0.3515, TrLoss:  1.69576, VaAcc: 0.3421, VaLoss:  1.80331	 20 sampled NNs | VaAcc: 0.1462 +- 0.0260 | VaLoss: 2.4740 +- 0.1255
  7,  0 | TrAcc: 0.3912, TrLoss:  1.65000, VaAcc: 0.3936, VaLoss:  1.72087	 20 sampled NNs | VaAcc: 0.1385 +- 0.0350 | VaLoss: 2.4957 +- 0.1439
  8,  0 | TrAcc: 0.4203, TrLoss:  1.55248, VaAcc: 0.3937, VaLoss:  1.69596	 20 sampled NNs | VaAcc: 0.1407 +- 0.0362 | VaLoss: 2.5163 +- 0.1842
  9,  0 | TrAcc: 0.4636, TrLoss:  1.48985, VaAcc: 0.4495, VaLoss:  1.61186	 20 sampled NNs | VaAcc: 0.1501 +- 0.0413 | VaLoss: 2.4690 +- 0.1660
 10,  0 | TrAcc: 0.4870, TrLoss:  1.46514, VaAcc: 0.4718, VaLoss:  1.59196	 20 sampled NNs | VaAcc: 0.1714 +- 0.0413 | VaLoss: 2.3683 +- 0.1610
 11,  0 | TrAcc: 0.5124, TrLoss:  1.39783, VaAcc: 0.5092, VaLoss:  1.52289	 20 sampled NNs | VaAcc: 0.1702 +- 0.0340 | VaLoss: 2.4660 +- 0.2048
 12,  0 | TrAcc: 0.5219, TrLoss:  1.38025, VaAcc: 0.5152, VaLoss:  1.52388	 20 sampled NNs | VaAcc: 0.1649 +- 0.0351 | VaLoss: 2.4539 +- 0.1424
 13,  0 | TrAcc: 0.5028, TrLoss:  1.41932, VaAcc: 0.5296, VaLoss:  1.49244	 20 sampled NNs | VaAcc: 0.1662 +- 0.0315 | VaLoss: 2.4238 +- 0.1491
 14,  0 | TrAcc: 0.5595, TrLoss:  1.28154, VaAcc: 0.5437, VaLoss:  1.47066	 20 sampled NNs | VaAcc: 0.1681 +- 0.0333 | VaLoss: 2.4487 +- 0.1495
 15,  0 | TrAcc: 0.5876, TrLoss:  1.23308, VaAcc: 0.5647, VaLoss:  1.43352	 20 sampled NNs | VaAcc: 0.1941 +- 0.0345 | VaLoss: 2.4326 +- 0.2291
 16,  0 | TrAcc: 0.5869, TrLoss:  1.23201, VaAcc: 0.5556, VaLoss:  1.43349	 20 sampled NNs | VaAcc: 0.1825 +- 0.0310 | VaLoss: 2.4440 +- 0.1511
 17,  0 | TrAcc: 0.5943, TrLoss:  1.17343, VaAcc: 0.5813, VaLoss:  1.39079	 20 sampled NNs | VaAcc: 0.1820 +- 0.0373 | VaLoss: 2.4300 +- 0.1899
 18,  0 | TrAcc: 0.5939, TrLoss:  1.19713, VaAcc: 0.5688, VaLoss:  1.41305	 20 sampled NNs | VaAcc: 0.1884 +- 0.0428 | VaLoss: 2.5260 +- 0.2070
 19,  0 | TrAcc: 0.6070, TrLoss:  1.14534, VaAcc: 0.5771, VaLoss:  1.40144	 20 sampled NNs | VaAcc: 0.1903 +- 0.0350 | VaLoss: 2.5094 +- 0.1557
 20,  0 | TrAcc: 0.6017, TrLoss:  1.18612, VaAcc: 0.6006, VaLoss:  1.35572	 20 sampled NNs | VaAcc: 0.2078 +- 0.0355 | VaLoss: 2.3232 +- 0.1646
 21,  0 | TrAcc: 0.6086, TrLoss:  1.14520, VaAcc: 0.6010, VaLoss:  1.35716	 20 sampled NNs | VaAcc: 0.1924 +- 0.0360 | VaLoss: 2.4033 +- 0.1499
 22,  0 | TrAcc: 0.6185, TrLoss:  1.12535, VaAcc: 0.6001, VaLoss:  1.35813	 20 sampled NNs | VaAcc: 0.2272 +- 0.0379 | VaLoss: 2.2370 +- 0.1413
 23,  0 | TrAcc: 0.6299, TrLoss:  1.12069, VaAcc: 0.6188, VaLoss:  1.33392	 20 sampled NNs | VaAcc: 0.2162 +- 0.0288 | VaLoss: 2.3402 +- 0.1344
 24,  0 | TrAcc: 0.6259, TrLoss:  1.10939, VaAcc: 0.6158, VaLoss:  1.36105	 20 sampled NNs | VaAcc: 0.2078 +- 0.0374 | VaLoss: 2.4460 +- 0.1635
 25,  0 | TrAcc: 0.6149, TrLoss:  1.11952, VaAcc: 0.6066, VaLoss:  1.33355	 20 sampled NNs | VaAcc: 0.2123 +- 0.0350 | VaLoss: 2.3618 +- 0.1302
 26,  0 | TrAcc: 0.6355, TrLoss:  1.12143, VaAcc: 0.6152, VaLoss:  1.35141	 20 sampled NNs | VaAcc: 0.2174 +- 0.0373 | VaLoss: 2.3378 +- 0.1470
 27,  0 | TrAcc: 0.6326, TrLoss:  1.07259, VaAcc: 0.6121, VaLoss:  1.35392	 20 sampled NNs | VaAcc: 0.2407 +- 0.0456 | VaLoss: 2.2456 +- 0.1811
 28,  0 | TrAcc: 0.6487, TrLoss:  1.05553, VaAcc: 0.6085, VaLoss:  1.35198	 20 sampled NNs | VaAcc: 0.2164 +- 0.0300 | VaLoss: 2.4408 +- 0.1609
 29,  0 | TrAcc: 0.6421, TrLoss:  1.05772, VaAcc: 0.6262, VaLoss:  1.33231	 20 sampled NNs | VaAcc: 0.2215 +- 0.0291 | VaLoss: 2.3866 +- 0.1597
 30,  0 | TrAcc: 0.6632, TrLoss:  1.03276, VaAcc: 0.6428, VaLoss:  1.31573	 20 sampled NNs | VaAcc: 0.2370 +- 0.0449 | VaLoss: 2.3170 +- 0.2046
 31,  0 | TrAcc: 0.6353, TrLoss:  1.08046, VaAcc: 0.6257, VaLoss:  1.32354	 20 sampled NNs | VaAcc: 0.2389 +- 0.0304 | VaLoss: 2.2651 +- 0.1295
 32,  0 | TrAcc: 0.6416, TrLoss:  1.05157, VaAcc: 0.6463, VaLoss:  1.27674	 20 sampled NNs | VaAcc: 0.2180 +- 0.0284 | VaLoss: 2.3403 +- 0.1211
 33,  0 | TrAcc: 0.6541, TrLoss:  1.03431, VaAcc: 0.6391, VaLoss:  1.29034	 20 sampled NNs | VaAcc: 0.2434 +- 0.0379 | VaLoss: 2.2681 +- 0.1666
 34,  0 | TrAcc: 0.6607, TrLoss:  1.00769, VaAcc: 0.6430, VaLoss:  1.27431	 20 sampled NNs | VaAcc: 0.2485 +- 0.0426 | VaLoss: 2.2620 +- 0.1539
 35,  0 | TrAcc: 0.6570, TrLoss:  1.01858, VaAcc: 0.6407, VaLoss:  1.30226	 20 sampled NNs | VaAcc: 0.2553 +- 0.0429 | VaLoss: 2.2032 +- 0.1641
 36,  0 | TrAcc: 0.6468, TrLoss:  1.06319, VaAcc: 0.6429, VaLoss:  1.29704	 20 sampled NNs | VaAcc: 0.2297 +- 0.0477 | VaLoss: 2.3430 +- 0.2163
 37,  0 | TrAcc: 0.6768, TrLoss:  0.97711, VaAcc: 0.6460, VaLoss:  1.28391	 20 sampled NNs | VaAcc: 0.2383 +- 0.0351 | VaLoss: 2.3392 +- 0.1452
 38,  0 | TrAcc: 0.6535, TrLoss:  1.02951, VaAcc: 0.6385, VaLoss:  1.30232	 20 sampled NNs | VaAcc: 0.2238 +- 0.0334 | VaLoss: 2.3653 +- 0.1467
 39,  0 | TrAcc: 0.6507, TrLoss:  1.07705, VaAcc: 0.6436, VaLoss:  1.30439	 20 sampled NNs | VaAcc: 0.2327 +- 0.0354 | VaLoss: 2.2425 +- 0.1116
 40,  0 | TrAcc: 0.6544, TrLoss:  1.03323, VaAcc: 0.6386, VaLoss:  1.31424	 20 sampled NNs | VaAcc: 0.2544 +- 0.0376 | VaLoss: 2.2171 +- 0.1703
 41,  0 | TrAcc: 0.6666, TrLoss:  0.99881, VaAcc: 0.6474, VaLoss:  1.28524	 20 sampled NNs | VaAcc: 0.2487 +- 0.0277 | VaLoss: 2.3030 +- 0.2231
 42,  0 | TrAcc: 0.6868, TrLoss:  0.98115, VaAcc: 0.6497, VaLoss:  1.30575	 20 sampled NNs | VaAcc: 0.2647 +- 0.0359 | VaLoss: 2.1902 +- 0.1812
 43,  0 | TrAcc: 0.6662, TrLoss:  0.99156, VaAcc: 0.6466, VaLoss:  1.28977	 20 sampled NNs | VaAcc: 0.2497 +- 0.0407 | VaLoss: 2.3284 +- 0.1606
 44,  0 | TrAcc: 0.6632, TrLoss:  1.01773, VaAcc: 0.6368, VaLoss:  1.33706	 20 sampled NNs | VaAcc: 0.2610 +- 0.0457 | VaLoss: 2.2173 +- 0.1949
 45,  0 | TrAcc: 0.6608, TrLoss:  1.03587, VaAcc: 0.6638, VaLoss:  1.26989	 20 sampled NNs | VaAcc: 0.2641 +- 0.0305 | VaLoss: 2.2753 +- 0.1460
 46,  0 | TrAcc: 0.6735, TrLoss:  1.00114, VaAcc: 0.6450, VaLoss:  1.32220	 20 sampled NNs | VaAcc: 0.2829 +- 0.0444 | VaLoss: 2.1784 +- 0.2008
 47,  0 | TrAcc: 0.6840, TrLoss:  0.96703, VaAcc: 0.6585, VaLoss:  1.28556	 20 sampled NNs | VaAcc: 0.2532 +- 0.0341 | VaLoss: 2.3037 +- 0.1779
 48,  0 | TrAcc: 0.6913, TrLoss:  0.95971, VaAcc: 0.6605, VaLoss:  1.27210	 20 sampled NNs | VaAcc: 0.2658 +- 0.0270 | VaLoss: 2.2174 +- 0.1300
 49,  0 | TrAcc: 0.6759, TrLoss:  0.99251, VaAcc: 0.6419, VaLoss:  1.32400	 20 sampled NNs | VaAcc: 0.2586 +- 0.0402 | VaLoss: 2.3144 +- 0.1773
 50,  0 | TrAcc: 0.6731, TrLoss:  0.98155, VaAcc: 0.6539, VaLoss:  1.28506	 20 sampled NNs | VaAcc: 0.2702 +- 0.0485 | VaLoss: 2.2264 +- 0.1540
 51,  0 | TrAcc: 0.6805, TrLoss:  0.97175, VaAcc: 0.6608, VaLoss:  1.28053	 20 sampled NNs | VaAcc: 0.2869 +- 0.0411 | VaLoss: 2.1362 +- 0.1358
 52,  0 | TrAcc: 0.6829, TrLoss:  0.96257, VaAcc: 0.6648, VaLoss:  1.26800	 20 sampled NNs | VaAcc: 0.2596 +- 0.0333 | VaLoss: 2.2192 +- 0.1455
 53,  0 | TrAcc: 0.6965, TrLoss:  0.94891, VaAcc: 0.6573, VaLoss:  1.28452	 20 sampled NNs | VaAcc: 0.2645 +- 0.0355 | VaLoss: 2.2257 +- 0.1536
 54,  0 | TrAcc: 0.6838, TrLoss:  0.98917, VaAcc: 0.6656, VaLoss:  1.26738	 20 sampled NNs | VaAcc: 0.2723 +- 0.0375 | VaLoss: 2.1283 +- 0.1546
 55,  0 | TrAcc: 0.6612, TrLoss:  1.01263, VaAcc: 0.6562, VaLoss:  1.29182	 20 sampled NNs | VaAcc: 0.2952 +- 0.0396 | VaLoss: 2.1375 +- 0.1460
 56,  0 | TrAcc: 0.6893, TrLoss:  0.95191, VaAcc: 0.6616, VaLoss:  1.28446	 20 sampled NNs | VaAcc: 0.2504 +- 0.0297 | VaLoss: 2.2517 +- 0.1133
 57,  0 | TrAcc: 0.6791, TrLoss:  0.98066, VaAcc: 0.6448, VaLoss:  1.32786	 20 sampled NNs | VaAcc: 0.2735 +- 0.0306 | VaLoss: 2.1746 +- 0.1430
 58,  0 | TrAcc: 0.6722, TrLoss:  1.00017, VaAcc: 0.6652, VaLoss:  1.28287	 20 sampled NNs | VaAcc: 0.2761 +- 0.0357 | VaLoss: 2.1486 +- 0.1434
 59,  0 | TrAcc: 0.6838, TrLoss:  0.96335, VaAcc: 0.6584, VaLoss:  1.28390	 20 sampled NNs | VaAcc: 0.2671 +- 0.0390 | VaLoss: 2.1867 +- 0.1407
 60,  0 | TrAcc: 0.6960, TrLoss:  0.94234, VaAcc: 0.6758, VaLoss:  1.25144	 20 sampled NNs | VaAcc: 0.2777 +- 0.0436 | VaLoss: 2.1409 +- 0.1431
 61,  0 | TrAcc: 0.7166, TrLoss:  0.87658, VaAcc: 0.6586, VaLoss:  1.30643	 20 sampled NNs | VaAcc: 0.2754 +- 0.0371 | VaLoss: 2.1798 +- 0.1602
 62,  0 | TrAcc: 0.7028, TrLoss:  0.92497, VaAcc: 0.6651, VaLoss:  1.29430	 20 sampled NNs | VaAcc: 0.3054 +- 0.0315 | VaLoss: 2.0574 +- 0.1240
 63,  0 | TrAcc: 0.7147, TrLoss:  0.89848, VaAcc: 0.6675, VaLoss:  1.26297	 20 sampled NNs | VaAcc: 0.3176 +- 0.0369 | VaLoss: 1.9820 +- 0.1233
 64,  0 | TrAcc: 0.7156, TrLoss:  0.89686, VaAcc: 0.6765, VaLoss:  1.27011	 20 sampled NNs | VaAcc: 0.3225 +- 0.0270 | VaLoss: 2.0237 +- 0.1130
 65,  0 | TrAcc: 0.6910, TrLoss:  0.95547, VaAcc: 0.6691, VaLoss:  1.26173	 20 sampled NNs | VaAcc: 0.3116 +- 0.0346 | VaLoss: 2.0262 +- 0.1464
 66,  0 | TrAcc: 0.7122, TrLoss:  0.92592, VaAcc: 0.6591, VaLoss:  1.27501	 20 sampled NNs | VaAcc: 0.2753 +- 0.0301 | VaLoss: 2.1315 +- 0.1026
 67,  0 | TrAcc: 0.7059, TrLoss:  0.90035, VaAcc: 0.6610, VaLoss:  1.29103	 20 sampled NNs | VaAcc: 0.2803 +- 0.0389 | VaLoss: 2.2010 +- 0.1253
 68,  0 | TrAcc: 0.7168, TrLoss:  0.85784, VaAcc: 0.6727, VaLoss:  1.26258	 20 sampled NNs | VaAcc: 0.2750 +- 0.0340 | VaLoss: 2.1273 +- 0.1361
 69,  0 | TrAcc: 0.6868, TrLoss:  0.97092, VaAcc: 0.6680, VaLoss:  1.28523	 20 sampled NNs | VaAcc: 0.3152 +- 0.0376 | VaLoss: 1.9968 +- 0.1224
 70,  0 | TrAcc: 0.6932, TrLoss:  0.97506, VaAcc: 0.6755, VaLoss:  1.25514	 20 sampled NNs | VaAcc: 0.2877 +- 0.0288 | VaLoss: 2.1439 +- 0.1525
 71,  0 | TrAcc: 0.7139, TrLoss:  0.92498, VaAcc: 0.6663, VaLoss:  1.30551	 20 sampled NNs | VaAcc: 0.3092 +- 0.0313 | VaLoss: 2.0663 +- 0.1216
 72,  0 | TrAcc: 0.7236, TrLoss:  0.87621, VaAcc: 0.6723, VaLoss:  1.28621	 20 sampled NNs | VaAcc: 0.3208 +- 0.0468 | VaLoss: 1.9630 +- 0.1540
 73,  0 | TrAcc: 0.7075, TrLoss:  0.89363, VaAcc: 0.6781, VaLoss:  1.28211	 20 sampled NNs | VaAcc: 0.3215 +- 0.0322 | VaLoss: 2.0082 +- 0.0997
 74,  0 | TrAcc: 0.7170, TrLoss:  0.91296, VaAcc: 0.6765, VaLoss:  1.29161	 20 sampled NNs | VaAcc: 0.3026 +- 0.0332 | VaLoss: 2.0600 +- 0.1359
 75,  0 | TrAcc: 0.7213, TrLoss:  0.87966, VaAcc: 0.6772, VaLoss:  1.26832	 20 sampled NNs | VaAcc: 0.3304 +- 0.0404 | VaLoss: 1.9909 +- 0.1291
 76,  0 | TrAcc: 0.7194, TrLoss:  0.87795, VaAcc: 0.6685, VaLoss:  1.29873	 20 sampled NNs | VaAcc: 0.3394 +- 0.0356 | VaLoss: 1.9568 +- 0.1196
 77,  0 | TrAcc: 0.7192, TrLoss:  0.86623, VaAcc: 0.6709, VaLoss:  1.30223	 20 sampled NNs | VaAcc: 0.3362 +- 0.0384 | VaLoss: 1.9979 +- 0.1470
 78,  0 | TrAcc: 0.7346, TrLoss:  0.82854, VaAcc: 0.6746, VaLoss:  1.29261	 20 sampled NNs | VaAcc: 0.3243 +- 0.0315 | VaLoss: 1.9866 +- 0.1199
 79,  0 | TrAcc: 0.7128, TrLoss:  0.90010, VaAcc: 0.6741, VaLoss:  1.28257	 20 sampled NNs | VaAcc: 0.3478 +- 0.0413 | VaLoss: 1.9302 +- 0.1566
 80,  0 | TrAcc: 0.7181, TrLoss:  0.87789, VaAcc: 0.6709, VaLoss:  1.27797	 20 sampled NNs | VaAcc: 0.3073 +- 0.0388 | VaLoss: 2.0667 +- 0.1751
 81,  0 | TrAcc: 0.6973, TrLoss:  0.92877, VaAcc: 0.6691, VaLoss:  1.30007	 20 sampled NNs | VaAcc: 0.3488 +- 0.0270 | VaLoss: 1.8897 +- 0.0901
 82,  0 | TrAcc: 0.7136, TrLoss:  0.89943, VaAcc: 0.6797, VaLoss:  1.28400	 20 sampled NNs | VaAcc: 0.3014 +- 0.0411 | VaLoss: 2.0687 +- 0.1452
 83,  0 | TrAcc: 0.7182, TrLoss:  0.87056, VaAcc: 0.6831, VaLoss:  1.26735	 20 sampled NNs | VaAcc: 0.3135 +- 0.0393 | VaLoss: 2.0319 +- 0.1504
 84,  0 | TrAcc: 0.7087, TrLoss:  0.90557, VaAcc: 0.6724, VaLoss:  1.29437	 20 sampled NNs | VaAcc: 0.3197 +- 0.0346 | VaLoss: 2.0343 +- 0.1409
 85,  0 | TrAcc: 0.6974, TrLoss:  0.94571, VaAcc: 0.6819, VaLoss:  1.24727	 20 sampled NNs | VaAcc: 0.3038 +- 0.0411 | VaLoss: 2.0711 +- 0.1625
 86,  0 | TrAcc: 0.6964, TrLoss:  0.94678, VaAcc: 0.6675, VaLoss:  1.28234	 20 sampled NNs | VaAcc: 0.3309 +- 0.0292 | VaLoss: 1.9870 +- 0.1421
 87,  0 | TrAcc: 0.7299, TrLoss:  0.86770, VaAcc: 0.6674, VaLoss:  1.29718	 20 sampled NNs | VaAcc: 0.3164 +- 0.0428 | VaLoss: 2.0089 +- 0.1502
 88,  0 | TrAcc: 0.6902, TrLoss:  0.94057, VaAcc: 0.6866, VaLoss:  1.23669	 20 sampled NNs | VaAcc: 0.3268 +- 0.0375 | VaLoss: 1.9651 +- 0.1287
 89,  0 | TrAcc: 0.7062, TrLoss:  0.89770, VaAcc: 0.6857, VaLoss:  1.25805	 20 sampled NNs | VaAcc: 0.3393 +- 0.0354 | VaLoss: 1.9566 +- 0.1312
 90,  0 | TrAcc: 0.6821, TrLoss:  0.96060, VaAcc: 0.6803, VaLoss:  1.27178	 20 sampled NNs | VaAcc: 0.3161 +- 0.0299 | VaLoss: 2.0046 +- 0.1310
 91,  0 | TrAcc: 0.7164, TrLoss:  0.89234, VaAcc: 0.6693, VaLoss:  1.29017	 20 sampled NNs | VaAcc: 0.3354 +- 0.0398 | VaLoss: 1.9579 +- 0.1545
 92,  0 | TrAcc: 0.7090, TrLoss:  0.90275, VaAcc: 0.6869, VaLoss:  1.24712	 20 sampled NNs | VaAcc: 0.3314 +- 0.0352 | VaLoss: 1.9676 +- 0.1414
 93,  0 | TrAcc: 0.7179, TrLoss:  0.88744, VaAcc: 0.6873, VaLoss:  1.26166	 20 sampled NNs | VaAcc: 0.3416 +- 0.0370 | VaLoss: 1.9428 +- 0.1177
 94,  0 | TrAcc: 0.7186, TrLoss:  0.87228, VaAcc: 0.6929, VaLoss:  1.23552	 20 sampled NNs | VaAcc: 0.3217 +- 0.0354 | VaLoss: 1.9907 +- 0.1129
 95,  0 | TrAcc: 0.7228, TrLoss:  0.88034, VaAcc: 0.6817, VaLoss:  1.26290	 20 sampled NNs | VaAcc: 0.3222 +- 0.0349 | VaLoss: 1.9823 +- 0.1515
 96,  0 | TrAcc: 0.7249, TrLoss:  0.86627, VaAcc: 0.6829, VaLoss:  1.27616	 20 sampled NNs | VaAcc: 0.3470 +- 0.0353 | VaLoss: 1.8946 +- 0.1279
 97,  0 | TrAcc: 0.7306, TrLoss:  0.86244, VaAcc: 0.6742, VaLoss:  1.26584	 20 sampled NNs | VaAcc: 0.3202 +- 0.0351 | VaLoss: 2.0542 +- 0.1278
 98,  0 | TrAcc: 0.7441, TrLoss:  0.81385, VaAcc: 0.6930, VaLoss:  1.24508	 20 sampled NNs | VaAcc: 0.3491 +- 0.0411 | VaLoss: 1.8664 +- 0.1282
 99,  0 | TrAcc: 0.7129, TrLoss:  0.89868, VaAcc: 0.6749, VaLoss:  1.28869	 20 sampled NNs | VaAcc: 0.3222 +- 0.0378 | VaLoss: 2.0279 +- 0.1549
100,  0 | TrAcc: 0.7412, TrLoss:  0.82407, VaAcc: 0.6733, VaLoss:  1.28359	 20 sampled NNs | VaAcc: 0.3260 +- 0.0361 | VaLoss: 2.0038 +- 0.1266
101,  0 | TrAcc: 0.7175, TrLoss:  0.86929, VaAcc: 0.6863, VaLoss:  1.27844	 20 sampled NNs | VaAcc: 0.3187 +- 0.0430 | VaLoss: 1.9897 +- 0.1533
102,  0 | TrAcc: 0.7274, TrLoss:  0.86520, VaAcc: 0.6796, VaLoss:  1.26807	 20 sampled NNs | VaAcc: 0.3430 +- 0.0422 | VaLoss: 1.9620 +- 0.1581
103,  0 | TrAcc: 0.7099, TrLoss:  0.91901, VaAcc: 0.6784, VaLoss:  1.28280	 20 sampled NNs | VaAcc: 0.3542 +- 0.0540 | VaLoss: 1.9082 +- 0.1485
104,  0 | TrAcc: 0.7257, TrLoss:  0.85875, VaAcc: 0.6767, VaLoss:  1.29289	 20 sampled NNs | VaAcc: 0.3474 +- 0.0367 | VaLoss: 1.9639 +- 0.1636
105,  0 | TrAcc: 0.7203, TrLoss:  0.86378, VaAcc: 0.6760, VaLoss:  1.27872	 20 sampled NNs | VaAcc: 0.3309 +- 0.0415 | VaLoss: 1.9610 +- 0.1181
106,  0 | TrAcc: 0.7293, TrLoss:  0.84180, VaAcc: 0.6735, VaLoss:  1.31138	 20 sampled NNs | VaAcc: 0.3790 +- 0.0384 | VaLoss: 1.8323 +- 0.1096
107,  0 | TrAcc: 0.7296, TrLoss:  0.86822, VaAcc: 0.6839, VaLoss:  1.28057	 20 sampled NNs | VaAcc: 0.3484 +- 0.0266 | VaLoss: 1.9056 +- 0.0801
108,  0 | TrAcc: 0.7081, TrLoss:  0.89815, VaAcc: 0.6740, VaLoss:  1.27740	 20 sampled NNs | VaAcc: 0.3288 +- 0.0376 | VaLoss: 1.9667 +- 0.1088
109,  0 | TrAcc: 0.7263, TrLoss:  0.87649, VaAcc: 0.6800, VaLoss:  1.29393	 20 sampled NNs | VaAcc: 0.3253 +- 0.0396 | VaLoss: 2.0032 +- 0.1188
110,  0 | TrAcc: 0.7184, TrLoss:  0.87648, VaAcc: 0.6702, VaLoss:  1.28211	 20 sampled NNs | VaAcc: 0.3540 +- 0.0258 | VaLoss: 1.8525 +- 0.1209
111,  0 | TrAcc: 0.7317, TrLoss:  0.84319, VaAcc: 0.6842, VaLoss:  1.28562	 20 sampled NNs | VaAcc: 0.3323 +- 0.0415 | VaLoss: 1.9351 +- 0.1395
112,  0 | TrAcc: 0.7191, TrLoss:  0.85692, VaAcc: 0.6724, VaLoss:  1.29561	 20 sampled NNs | VaAcc: 0.3243 +- 0.0325 | VaLoss: 2.0054 +- 0.0979
113,  0 | TrAcc: 0.7363, TrLoss:  0.85642, VaAcc: 0.6899, VaLoss:  1.25703	 20 sampled NNs | VaAcc: 0.3571 +- 0.0407 | VaLoss: 1.8852 +- 0.1016
114,  0 | TrAcc: 0.7460, TrLoss:  0.81978, VaAcc: 0.6843, VaLoss:  1.27709	 20 sampled NNs | VaAcc: 0.3533 +- 0.0426 | VaLoss: 1.9092 +- 0.1334
115,  0 | TrAcc: 0.7398, TrLoss:  0.80655, VaAcc: 0.6924, VaLoss:  1.25821	 20 sampled NNs | VaAcc: 0.3509 +- 0.0314 | VaLoss: 1.9045 +- 0.1046
116,  0 | TrAcc: 0.7308, TrLoss:  0.87244, VaAcc: 0.6952, VaLoss:  1.27320	 20 sampled NNs | VaAcc: 0.3409 +- 0.0400 | VaLoss: 1.9524 +- 0.1266
117,  0 | TrAcc: 0.7352, TrLoss:  0.82078, VaAcc: 0.6878, VaLoss:  1.29740	 20 sampled NNs | VaAcc: 0.3437 +- 0.0363 | VaLoss: 1.9104 +- 0.1115
118,  0 | TrAcc: 0.7191, TrLoss:  0.87728, VaAcc: 0.6929, VaLoss:  1.25424	 20 sampled NNs | VaAcc: 0.3724 +- 0.0297 | VaLoss: 1.8727 +- 0.0953
119,  0 | TrAcc: 0.7405, TrLoss:  0.80970, VaAcc: 0.6947, VaLoss:  1.27686	 20 sampled NNs | VaAcc: 0.3473 +- 0.0457 | VaLoss: 1.9044 +- 0.1504
120,  0 | TrAcc: 0.7288, TrLoss:  0.85435, VaAcc: 0.6826, VaLoss:  1.29187	 20 sampled NNs | VaAcc: 0.3285 +- 0.0481 | VaLoss: 1.9989 +- 0.1866
121,  0 | TrAcc: 0.7108, TrLoss:  0.90570, VaAcc: 0.6832, VaLoss:  1.28839	 20 sampled NNs | VaAcc: 0.3739 +- 0.0340 | VaLoss: 1.8117 +- 0.1342
122,  0 | TrAcc: 0.7279, TrLoss:  0.85011, VaAcc: 0.6954, VaLoss:  1.24754	 20 sampled NNs | VaAcc: 0.3497 +- 0.0408 | VaLoss: 1.9172 +- 0.1646
123,  0 | TrAcc: 0.7403, TrLoss:  0.82045, VaAcc: 0.6753, VaLoss:  1.33903	 20 sampled NNs | VaAcc: 0.3493 +- 0.0451 | VaLoss: 1.9060 +- 0.1512
124,  0 | TrAcc: 0.7413, TrLoss:  0.85546, VaAcc: 0.6799, VaLoss:  1.30947	 20 sampled NNs | VaAcc: 0.3542 +- 0.0500 | VaLoss: 1.9402 +- 0.1632
125,  0 | TrAcc: 0.7153, TrLoss:  0.87986, VaAcc: 0.6837, VaLoss:  1.27989	 20 sampled NNs | VaAcc: 0.3259 +- 0.0265 | VaLoss: 1.9528 +- 0.1127
126,  0 | TrAcc: 0.7411, TrLoss:  0.81390, VaAcc: 0.6935, VaLoss:  1.27288	 20 sampled NNs | VaAcc: 0.3739 +- 0.0378 | VaLoss: 1.7813 +- 0.1221
127,  0 | TrAcc: 0.7311, TrLoss:  0.84689, VaAcc: 0.6893, VaLoss:  1.29899	 20 sampled NNs | VaAcc: 0.3559 +- 0.0387 | VaLoss: 1.9233 +- 0.1324
128,  0 | TrAcc: 0.7349, TrLoss:  0.82500, VaAcc: 0.6728, VaLoss:  1.30199	 20 sampled NNs | VaAcc: 0.3577 +- 0.0359 | VaLoss: 1.8835 +- 0.1257
129,  0 | TrAcc: 0.7319, TrLoss:  0.83651, VaAcc: 0.6863, VaLoss:  1.28962	 20 sampled NNs | VaAcc: 0.3544 +- 0.0478 | VaLoss: 1.9236 +- 0.1767
130,  0 | TrAcc: 0.7243, TrLoss:  0.84066, VaAcc: 0.6748, VaLoss:  1.31958	 20 sampled NNs | VaAcc: 0.3384 +- 0.0362 | VaLoss: 1.9667 +- 0.1430
131,  0 | TrAcc: 0.7439, TrLoss:  0.77947, VaAcc: 0.6900, VaLoss:  1.27854	 20 sampled NNs | VaAcc: 0.3617 +- 0.0427 | VaLoss: 1.9121 +- 0.1375
132,  0 | TrAcc: 0.7374, TrLoss:  0.84033, VaAcc: 0.6872, VaLoss:  1.29406	 20 sampled NNs | VaAcc: 0.3936 +- 0.0430 | VaLoss: 1.8024 +- 0.1508
133,  0 | TrAcc: 0.7338, TrLoss:  0.85060, VaAcc: 0.6870, VaLoss:  1.28596	 20 sampled NNs | VaAcc: 0.3964 +- 0.0444 | VaLoss: 1.7998 +- 0.1387
134,  0 | TrAcc: 0.7318, TrLoss:  0.86321, VaAcc: 0.6952, VaLoss:  1.27273	 20 sampled NNs | VaAcc: 0.3877 +- 0.0277 | VaLoss: 1.8193 +- 0.1040
135,  0 | TrAcc: 0.7255, TrLoss:  0.88723, VaAcc: 0.6816, VaLoss:  1.30026	 20 sampled NNs | VaAcc: 0.3360 +- 0.0462 | VaLoss: 1.9548 +- 0.1532
136,  0 | TrAcc: 0.7361, TrLoss:  0.86315, VaAcc: 0.6921, VaLoss:  1.28437	 20 sampled NNs | VaAcc: 0.3522 +- 0.0433 | VaLoss: 1.9322 +- 0.1524
137,  0 | TrAcc: 0.7422, TrLoss:  0.81412, VaAcc: 0.6918, VaLoss:  1.27235	 20 sampled NNs | VaAcc: 0.3279 +- 0.0494 | VaLoss: 2.0098 +- 0.1915
138,  0 | TrAcc: 0.7099, TrLoss:  0.90832, VaAcc: 0.6880, VaLoss:  1.29410	 20 sampled NNs | VaAcc: 0.3685 +- 0.0486 | VaLoss: 1.8485 +- 0.1689
139,  0 | TrAcc: 0.7300, TrLoss:  0.85064, VaAcc: 0.6813, VaLoss:  1.29589	 20 sampled NNs | VaAcc: 0.3691 +- 0.0357 | VaLoss: 1.8561 +- 0.1292
140,  0 | TrAcc: 0.7237, TrLoss:  0.87582, VaAcc: 0.6760, VaLoss:  1.31615	 20 sampled NNs | VaAcc: 0.3435 +- 0.0302 | VaLoss: 2.0213 +- 0.1079
141,  0 | TrAcc: 0.7317, TrLoss:  0.84863, VaAcc: 0.6800, VaLoss:  1.29063	 20 sampled NNs | VaAcc: 0.3564 +- 0.0302 | VaLoss: 1.8869 +- 0.0980
142,  0 | TrAcc: 0.7446, TrLoss:  0.79361, VaAcc: 0.6888, VaLoss:  1.28206	 20 sampled NNs | VaAcc: 0.3791 +- 0.0321 | VaLoss: 1.8273 +- 0.1207
143,  0 | TrAcc: 0.7400, TrLoss:  0.82404, VaAcc: 0.6801, VaLoss:  1.30741	 20 sampled NNs | VaAcc: 0.3588 +- 0.0496 | VaLoss: 1.8792 +- 0.1569
144,  0 | TrAcc: 0.7384, TrLoss:  0.82514, VaAcc: 0.6925, VaLoss:  1.26427	 20 sampled NNs | VaAcc: 0.3742 +- 0.0449 | VaLoss: 1.8206 +- 0.1423
145,  0 | TrAcc: 0.7417, TrLoss:  0.81398, VaAcc: 0.6997, VaLoss:  1.25809	 20 sampled NNs | VaAcc: 0.3433 +- 0.0402 | VaLoss: 1.9540 +- 0.1027
146,  0 | TrAcc: 0.7218, TrLoss:  0.85956, VaAcc: 0.6956, VaLoss:  1.28424	 20 sampled NNs | VaAcc: 0.3757 +- 0.0295 | VaLoss: 1.8081 +- 0.1181
147,  0 | TrAcc: 0.7346, TrLoss:  0.85016, VaAcc: 0.6966, VaLoss:  1.28836	 20 sampled NNs | VaAcc: 0.3756 +- 0.0397 | VaLoss: 1.8816 +- 0.1383
148,  0 | TrAcc: 0.7235, TrLoss:  0.87193, VaAcc: 0.6934, VaLoss:  1.28034	 20 sampled NNs | VaAcc: 0.3751 +- 0.0371 | VaLoss: 1.8034 +- 0.1510
149,  0 | TrAcc: 0.7580, TrLoss:  0.77836, VaAcc: 0.6993, VaLoss:  1.24387	 20 sampled NNs | VaAcc: 0.3774 +- 0.0330 | VaLoss: 1.8195 +- 0.1331
150,  0 | TrAcc: 0.7338, TrLoss:  0.84360, VaAcc: 0.6961, VaLoss:  1.27996	 20 sampled NNs | VaAcc: 0.3903 +- 0.0302 | VaLoss: 1.7865 +- 0.0952
151,  0 | TrAcc: 0.7421, TrLoss:  0.82211, VaAcc: 0.7001, VaLoss:  1.24881	 20 sampled NNs | VaAcc: 0.3867 +- 0.0371 | VaLoss: 1.7754 +- 0.1434
152,  0 | TrAcc: 0.7251, TrLoss:  0.84398, VaAcc: 0.6855, VaLoss:  1.28828	 20 sampled NNs | VaAcc: 0.3757 +- 0.0474 | VaLoss: 1.8812 +- 0.2343
153,  0 | TrAcc: 0.7330, TrLoss:  0.84529, VaAcc: 0.6926, VaLoss:  1.28307	 20 sampled NNs | VaAcc: 0.3552 +- 0.0303 | VaLoss: 1.8643 +- 0.0947
154,  0 | TrAcc: 0.7465, TrLoss:  0.81072, VaAcc: 0.6932, VaLoss:  1.26281	 20 sampled NNs | VaAcc: 0.4009 +- 0.0444 | VaLoss: 1.7368 +- 0.1174
155,  0 | TrAcc: 0.7244, TrLoss:  0.87450, VaAcc: 0.6902, VaLoss:  1.29798	 20 sampled NNs | VaAcc: 0.3616 +- 0.0295 | VaLoss: 1.9005 +- 0.1158
156,  0 | TrAcc: 0.7240, TrLoss:  0.86653, VaAcc: 0.6904, VaLoss:  1.29387	 20 sampled NNs | VaAcc: 0.3809 +- 0.0297 | VaLoss: 1.8281 +- 0.1081
157,  0 | TrAcc: 0.7573, TrLoss:  0.78712, VaAcc: 0.7100, VaLoss:  1.25669	 20 sampled NNs | VaAcc: 0.4047 +- 0.0427 | VaLoss: 1.7322 +- 0.1254
158,  0 | TrAcc: 0.7320, TrLoss:      nan, VaAcc: 0.6912, VaLoss:      nan	 20 sampled NNs | VaAcc: 0.3836 +- 0.0362 | VaLoss: 1.8000 +- 0.1094
159,  0 | TrAcc: 0.7017, TrLoss:  0.94213, VaAcc: 0.6997, VaLoss:  1.29200	 20 sampled NNs | VaAcc: 0.3883 +- 0.0314 | VaLoss: 1.8397 +- 0.0958
160,  0 | TrAcc: 0.7171, TrLoss:  0.88415, VaAcc: 0.6871, VaLoss:  1.30794	 20 sampled NNs | VaAcc: 0.3797 +- 0.0325 | VaLoss: 1.7932 +- 0.1077
161,  0 | TrAcc: 0.7213, TrLoss:  0.89403, VaAcc: 0.6810, VaLoss:  1.31801	 20 sampled NNs | VaAcc: 0.3663 +- 0.0324 | VaLoss: 1.8633 +- 0.1226
162,  0 | TrAcc: 0.7529, TrLoss:  0.80676, VaAcc: 0.6906, VaLoss:  1.31036	 20 sampled NNs | VaAcc: 0.4009 +- 0.0331 | VaLoss: 1.7332 +- 0.0977
163,  0 | TrAcc: 0.7403, TrLoss:  0.84331, VaAcc: 0.6978, VaLoss:  1.30213	 20 sampled NNs | VaAcc: 0.3989 +- 0.0474 | VaLoss: 1.7880 +- 0.1477
164,  0 | TrAcc: 0.7265, TrLoss:  0.86002, VaAcc: 0.6945, VaLoss:  1.30407	 20 sampled NNs | VaAcc: 0.3893 +- 0.0491 | VaLoss: 1.7833 +- 0.1436
165,  0 | TrAcc: 0.7369, TrLoss:  0.84685, VaAcc: 0.6810, VaLoss:  1.30520	 20 sampled NNs | VaAcc: 0.3933 +- 0.0388 | VaLoss: 1.7240 +- 0.1271
166,  0 | TrAcc: 0.7410, TrLoss:  0.81671, VaAcc: 0.6963, VaLoss:  1.28919	 20 sampled NNs | VaAcc: 0.4009 +- 0.0330 | VaLoss: 1.7102 +- 0.0813
167,  0 | TrAcc: 0.7413, TrLoss:  0.82641, VaAcc: 0.6837, VaLoss:  1.29782	 20 sampled NNs | VaAcc: 0.3942 +- 0.0362 | VaLoss: 1.7421 +- 0.1090
168,  0 | TrAcc: 0.7482, TrLoss:  0.81317, VaAcc: 0.6947, VaLoss:  1.26913	 20 sampled NNs | VaAcc: 0.4083 +- 0.0402 | VaLoss: 1.7328 +- 0.1275
169,  0 | TrAcc: 0.7385, TrLoss:  0.84066, VaAcc: 0.6937, VaLoss:  1.27333	 20 sampled NNs | VaAcc: 0.4027 +- 0.0368 | VaLoss: 1.7695 +- 0.1480
170,  0 | TrAcc: 0.7293, TrLoss:  0.85014, VaAcc: 0.6935, VaLoss:  1.28522	 20 sampled NNs | VaAcc: 0.3722 +- 0.0411 | VaLoss: 1.8274 +- 0.1337
171,  0 | TrAcc: 0.7333, TrLoss:  0.85676, VaAcc: 0.6903, VaLoss:  1.29737	 20 sampled NNs | VaAcc: 0.3994 +- 0.0358 | VaLoss: 1.7531 +- 0.1146
172,  0 | TrAcc: 0.7408, TrLoss:  0.82370, VaAcc: 0.7037, VaLoss:  1.26427	 20 sampled NNs | VaAcc: 0.3845 +- 0.0342 | VaLoss: 1.7963 +- 0.1216
173,  0 | TrAcc: 0.7430, TrLoss:  0.81678, VaAcc: 0.6918, VaLoss:  1.28350	 20 sampled NNs | VaAcc: 0.4003 +- 0.0359 | VaLoss: 1.7415 +- 0.1016
174,  0 | TrAcc: 0.7157, TrLoss:  0.89038, VaAcc: 0.6809, VaLoss:  1.33558	 20 sampled NNs | VaAcc: 0.3836 +- 0.0294 | VaLoss: 1.7692 +- 0.0839
175,  0 | TrAcc: 0.7547, TrLoss:  0.78743, VaAcc: 0.6958, VaLoss:  1.27438	 20 sampled NNs | VaAcc: 0.4035 +- 0.0544 | VaLoss: 1.7445 +- 0.1210
176,  0 | TrAcc: 0.7353, TrLoss:  0.83852, VaAcc: 0.6895, VaLoss:  1.28464	 20 sampled NNs | VaAcc: 0.3670 +- 0.0415 | VaLoss: 1.8374 +- 0.1519
177,  0 | TrAcc: 0.7509, TrLoss:  0.79978, VaAcc: 0.6957, VaLoss:  1.28562	 20 sampled NNs | VaAcc: 0.4274 +- 0.0438 | VaLoss: 1.6633 +- 0.1574
178,  0 | TrAcc: 0.7418, TrLoss:  0.84335, VaAcc: 0.6964, VaLoss:  1.29676	 20 sampled NNs | VaAcc: 0.4223 +- 0.0381 | VaLoss: 1.6943 +- 0.0926
179,  0 | TrAcc: 0.7567, TrLoss:  0.76240, VaAcc: 0.6921, VaLoss:  1.28576	 20 sampled NNs | VaAcc: 0.3809 +- 0.0391 | VaLoss: 1.7744 +- 0.1292
180,  0 | TrAcc: 0.7168, TrLoss:  0.86871, VaAcc: 0.6976, VaLoss:  1.26706	 20 sampled NNs | VaAcc: 0.3717 +- 0.0336 | VaLoss: 1.8225 +- 0.1131
181,  0 | TrAcc: 0.7334, TrLoss:  0.83929, VaAcc: 0.6882, VaLoss:  1.29133	 20 sampled NNs | VaAcc: 0.3716 +- 0.0462 | VaLoss: 1.8528 +- 0.1793
182,  0 | TrAcc: 0.7410, TrLoss:  0.84044, VaAcc: 0.6963, VaLoss:  1.28115	 20 sampled NNs | VaAcc: 0.3929 +- 0.0432 | VaLoss: 1.8059 +- 0.1324
183,  0 | TrAcc: 0.7283, TrLoss:  0.85335, VaAcc: 0.6836, VaLoss:  1.30697	 20 sampled NNs | VaAcc: 0.3691 +- 0.0346 | VaLoss: 1.7871 +- 0.1015
184,  0 | TrAcc: 0.7282, TrLoss:  0.86135, VaAcc: 0.6897, VaLoss:  1.30453	 20 sampled NNs | VaAcc: 0.3855 +- 0.0320 | VaLoss: 1.8104 +- 0.0854
185,  0 | TrAcc: 0.7615, TrLoss:  0.77012, VaAcc: 0.6787, VaLoss:  1.33066	 20 sampled NNs | VaAcc: 0.3864 +- 0.0370 | VaLoss: 1.7680 +- 0.1208
186,  0 | TrAcc: 0.7473, TrLoss:  0.78545, VaAcc: 0.6887, VaLoss:  1.30909	 20 sampled NNs | VaAcc: 0.3860 +- 0.0467 | VaLoss: 1.8369 +- 0.2015
187,  0 | TrAcc: 0.7314, TrLoss:  0.83997, VaAcc: 0.6913, VaLoss:  1.29253	 20 sampled NNs | VaAcc: 0.3751 +- 0.0405 | VaLoss: 1.8012 +- 0.1203
188,  0 | TrAcc: 0.7411, TrLoss:  0.82157, VaAcc: 0.6896, VaLoss:  1.30013	 20 sampled NNs | VaAcc: 0.3738 +- 0.0421 | VaLoss: 1.7693 +- 0.1038
189,  0 | TrAcc: 0.7506, TrLoss:  0.80804, VaAcc: 0.7023, VaLoss:  1.29965	 20 sampled NNs | VaAcc: 0.3927 +- 0.0413 | VaLoss: 1.7681 +- 0.1499
190,  0 | TrAcc: 0.7162, TrLoss:  0.88877, VaAcc: 0.6915, VaLoss:  1.30231	 20 sampled NNs | VaAcc: 0.3838 +- 0.0557 | VaLoss: 1.7343 +- 0.1510
191,  0 | TrAcc: 0.7194, TrLoss:  0.87117, VaAcc: 0.6874, VaLoss:  1.28846	 20 sampled NNs | VaAcc: 0.3853 +- 0.0430 | VaLoss: 1.8092 +- 0.1666
192,  0 | TrAcc: 0.7447, TrLoss:  0.82327, VaAcc: 0.6850, VaLoss:  1.31564	 20 sampled NNs | VaAcc: 0.3952 +- 0.0333 | VaLoss: 1.7535 +- 0.1016
193,  0 | TrAcc: 0.7217, TrLoss:  0.83293, VaAcc: 0.6912, VaLoss:  1.28959	 20 sampled NNs | VaAcc: 0.4026 +- 0.0406 | VaLoss: 1.6985 +- 0.1327
194,  0 | TrAcc: 0.7150, TrLoss:  0.90038, VaAcc: 0.6973, VaLoss:  1.29849	 20 sampled NNs | VaAcc: 0.4052 +- 0.0434 | VaLoss: 1.7861 +- 0.1368
195,  0 | TrAcc: 0.7440, TrLoss:  0.82137, VaAcc: 0.6984, VaLoss:  1.28106	 20 sampled NNs | VaAcc: 0.4066 +- 0.0428 | VaLoss: 1.7266 +- 0.1513
196,  0 | TrAcc: 0.7376, TrLoss:  0.82236, VaAcc: 0.6930, VaLoss:  1.29164	 20 sampled NNs | VaAcc: 0.3742 +- 0.0499 | VaLoss: 1.8147 +- 0.1516
197,  0 | TrAcc: 0.7470, TrLoss:  0.80703, VaAcc: 0.7067, VaLoss:  1.26736	 20 sampled NNs | VaAcc: 0.3983 +- 0.0371 | VaLoss: 1.7573 +- 0.1315
198,  0 | TrAcc: 0.7391, TrLoss:  0.82968, VaAcc: 0.7005, VaLoss:  1.27981	 20 sampled NNs | VaAcc: 0.3912 +- 0.0286 | VaLoss: 1.7992 +- 0.1164
199,  0 | TrAcc: 0.7457, TrLoss:  0.82421, VaAcc: 0.6994, VaLoss:  1.28945	 20 sampled NNs | VaAcc: 0.3712 +- 0.0348 | VaLoss: 1.8685 +- 0.1389
200,  0 | TrAcc: 0.7456, TrLoss:  0.80998, VaAcc: 0.6978, VaLoss:  1.29231	 20 sampled NNs | VaAcc: 0.3844 +- 0.0406 | VaLoss: 1.8518 +- 0.1337
201,  0 | TrAcc: 0.7415, TrLoss:  0.82657, VaAcc: 0.7002, VaLoss:  1.28504	 20 sampled NNs | VaAcc: 0.4024 +- 0.0414 | VaLoss: 1.7555 +- 0.1394
202,  0 | TrAcc: 0.7357, TrLoss:  0.84568, VaAcc: 0.7052, VaLoss:  1.26309	 20 sampled NNs | VaAcc: 0.4136 +- 0.0442 | VaLoss: 1.7154 +- 0.1347
203,  0 | TrAcc: 0.7671, TrLoss:  0.76596, VaAcc: 0.7096, VaLoss:  1.26368	 20 sampled NNs | VaAcc: 0.3910 +- 0.0262 | VaLoss: 1.7633 +- 0.1072
204,  0 | TrAcc: 0.7423, TrLoss:  0.81808, VaAcc: 0.6960, VaLoss:  1.28862	 20 sampled NNs | VaAcc: 0.3753 +- 0.0326 | VaLoss: 1.8614 +- 0.1299
205,  0 | TrAcc: 0.7247, TrLoss:  0.86487, VaAcc: 0.7005, VaLoss:  1.28435	 20 sampled NNs | VaAcc: 0.3812 +- 0.0436 | VaLoss: 1.8158 +- 0.1275
206,  0 | TrAcc: 0.7404, TrLoss:  0.81591, VaAcc: 0.6970, VaLoss:  1.28461	 20 sampled NNs | VaAcc: 0.3944 +- 0.0381 | VaLoss: 1.7772 +- 0.1208
207,  0 | TrAcc: 0.7420, TrLoss:  0.83033, VaAcc: 0.6935, VaLoss:  1.28374	 20 sampled NNs | VaAcc: 0.3656 +- 0.0472 | VaLoss: 1.8666 +- 0.1538
208,  0 | TrAcc: 0.7467, TrLoss:  0.80413, VaAcc: 0.6960, VaLoss:  1.29271	 20 sampled NNs | VaAcc: 0.4128 +- 0.0348 | VaLoss: 1.6779 +- 0.1163
209,  0 | TrAcc: 0.7585, TrLoss:  0.78151, VaAcc: 0.6978, VaLoss:  1.27855	 20 sampled NNs | VaAcc: 0.4033 +- 0.0421 | VaLoss: 1.7176 +- 0.1137
210,  0 | TrAcc: 0.7561, TrLoss:  0.81015, VaAcc: 0.7041, VaLoss:  1.26809	 20 sampled NNs | VaAcc: 0.4176 +- 0.0326 | VaLoss: 1.6994 +- 0.0979
211,  0 | TrAcc: 0.7393, TrLoss:  0.84005, VaAcc: 0.6994, VaLoss:  1.28886	 20 sampled NNs | VaAcc: 0.3964 +- 0.0521 | VaLoss: 1.7419 +- 0.1462
212,  0 | TrAcc: 0.7378, TrLoss:  0.83162, VaAcc: 0.6919, VaLoss:  1.31429	 20 sampled NNs | VaAcc: 0.4079 +- 0.0386 | VaLoss: 1.7261 +- 0.1115
213,  0 | TrAcc: 0.7505, TrLoss:  0.79777, VaAcc: 0.6974, VaLoss:  1.29304	 20 sampled NNs | VaAcc: 0.3869 +- 0.0449 | VaLoss: 1.7627 +- 0.1408
214,  0 | TrAcc: 0.7470, TrLoss:  0.81575, VaAcc: 0.6970, VaLoss:  1.29212	 20 sampled NNs | VaAcc: 0.3885 +- 0.0495 | VaLoss: 1.7980 +- 0.1730
215,  0 | TrAcc: 0.7576, TrLoss:      nan, VaAcc: 0.6994, VaLoss:      nan	 20 sampled NNs | VaAcc: 0.3960 +- 0.0268 | VaLoss: 1.8109 +- 0.1179
216,  0 | TrAcc: 0.7429, TrLoss:  0.81915, VaAcc: 0.6938, VaLoss:  1.30934	 20 sampled NNs | VaAcc: 0.3991 +- 0.0424 | VaLoss: 1.7623 +- 0.1264
217,  0 | TrAcc: 0.7664, TrLoss:  0.76427, VaAcc: 0.7069, VaLoss:  1.26353	 20 sampled NNs | VaAcc: 0.3762 +- 0.0304 | VaLoss: 1.8425 +- 0.1009
218,  0 | TrAcc: 0.7491, TrLoss:  0.79974, VaAcc: 0.7034, VaLoss:  1.27108	 20 sampled NNs | VaAcc: 0.3855 +- 0.0428 | VaLoss: 1.7838 +- 0.1531
219,  0 | TrAcc: 0.7520, TrLoss:  0.80893, VaAcc: 0.7022, VaLoss:  1.27866	 20 sampled NNs | VaAcc: 0.4073 +- 0.0299 | VaLoss: 1.7012 +- 0.0961
220,  0 | TrAcc: 0.7640, TrLoss:  0.74623, VaAcc: 0.7089, VaLoss:  1.27235	 20 sampled NNs | VaAcc: 0.4221 +- 0.0345 | VaLoss: 1.6899 +- 0.1058
221,  0 | TrAcc: 0.7398, TrLoss:  0.82592, VaAcc: 0.6930, VaLoss:  1.32984	 20 sampled NNs | VaAcc: 0.3990 +- 0.0337 | VaLoss: 1.7380 +- 0.1116
222,  0 | TrAcc: 0.7430, TrLoss:  0.81283, VaAcc: 0.6906, VaLoss:  1.29871	 20 sampled NNs | VaAcc: 0.4052 +- 0.0385 | VaLoss: 1.7440 +- 0.1362
223,  0 | TrAcc: 0.7583, TrLoss:  0.77766, VaAcc: 0.6774, VaLoss:  1.34834	 20 sampled NNs | VaAcc: 0.3791 +- 0.0373 | VaLoss: 1.8504 +- 0.1261
224,  0 | TrAcc: 0.7113, TrLoss:  0.89422, VaAcc: 0.6853, VaLoss:  1.31135	 20 sampled NNs | VaAcc: 0.3730 +- 0.0215 | VaLoss: 1.8219 +- 0.0801
225,  0 | TrAcc: 0.7483, TrLoss:  0.79631, VaAcc: 0.6933, VaLoss:  1.30296	 20 sampled NNs | VaAcc: 0.3798 +- 0.0334 | VaLoss: 1.8168 +- 0.1153
226,  0 | TrAcc: 0.7483, TrLoss:  0.81669, VaAcc: 0.6903, VaLoss:  1.30902	 20 sampled NNs | VaAcc: 0.4028 +- 0.0341 | VaLoss: 1.7231 +- 0.1258
227,  0 | TrAcc: 0.7426, TrLoss:  0.83308, VaAcc: 0.7036, VaLoss:  1.27764	 20 sampled NNs | VaAcc: 0.4172 +- 0.0459 | VaLoss: 1.7079 +- 0.1652
228,  0 | TrAcc: 0.7296, TrLoss:  0.85308, VaAcc: 0.7000, VaLoss:  1.28690	 20 sampled NNs | VaAcc: 0.4114 +- 0.0462 | VaLoss: 1.7099 +- 0.1509
229,  0 | TrAcc: 0.7266, TrLoss:  0.83378, VaAcc: 0.6987, VaLoss:  1.28998	 20 sampled NNs | VaAcc: 0.3887 +- 0.0448 | VaLoss: 1.7956 +- 0.1319
230,  0 | TrAcc: 0.7422, TrLoss:  0.81950, VaAcc: 0.6999, VaLoss:  1.28608	 20 sampled NNs | VaAcc: 0.3712 +- 0.0278 | VaLoss: 1.8147 +- 0.1139
231,  0 | TrAcc: 0.7560, TrLoss:  0.78705, VaAcc: 0.6932, VaLoss:  1.31568	 20 sampled NNs | VaAcc: 0.3824 +- 0.0421 | VaLoss: 1.8200 +- 0.1479
232,  0 | TrAcc: 0.7473, TrLoss:  0.79388, VaAcc: 0.6913, VaLoss:  1.29257	 20 sampled NNs | VaAcc: 0.3574 +- 0.0277 | VaLoss: 1.9343 +- 0.1385
233,  0 | TrAcc: 0.7269, TrLoss:  0.86867, VaAcc: 0.6875, VaLoss:  1.33294	 20 sampled NNs | VaAcc: 0.3663 +- 0.0343 | VaLoss: 1.8791 +- 0.1106
234,  0 | TrAcc: 0.7445, TrLoss:  0.81414, VaAcc: 0.6868, VaLoss:  1.32495	 20 sampled NNs | VaAcc: 0.3925 +- 0.0362 | VaLoss: 1.7968 +- 0.1070
235,  0 | TrAcc: 0.7558, TrLoss:  0.77500, VaAcc: 0.6967, VaLoss:  1.30349	 20 sampled NNs | VaAcc: 0.4120 +- 0.0428 | VaLoss: 1.6916 +- 0.1522
236,  0 | TrAcc: 0.7505, TrLoss:  0.79077, VaAcc: 0.6906, VaLoss:  1.30480	 20 sampled NNs | VaAcc: 0.4012 +- 0.0528 | VaLoss: 1.7842 +- 0.2681
237,  0 | TrAcc: 0.7476, TrLoss:  0.80914, VaAcc: 0.6875, VaLoss:  1.33585	 20 sampled NNs | VaAcc: 0.3581 +- 0.0354 | VaLoss: 1.9062 +- 0.1352
238,  0 | TrAcc: 0.7483, TrLoss:  0.79030, VaAcc: 0.6867, VaLoss:  1.30346	 20 sampled NNs | VaAcc: 0.3816 +- 0.0498 | VaLoss: 1.8285 +- 0.1577
239,  0 | TrAcc: 0.7369, TrLoss:  0.82018, VaAcc: 0.6896, VaLoss:  1.30264	 20 sampled NNs | VaAcc: 0.3999 +- 0.0405 | VaLoss: 1.7786 +- 0.1502
240,  0 | TrAcc: 0.7467, TrLoss:  0.79828, VaAcc: 0.6885, VaLoss:  1.30403	 20 sampled NNs | VaAcc: 0.3806 +- 0.0309 | VaLoss: 1.8146 +- 0.0958
241,  0 | TrAcc: 0.7669, TrLoss:  0.74723, VaAcc: 0.7001, VaLoss:  1.27073	 20 sampled NNs | VaAcc: 0.3872 +- 0.0398 | VaLoss: 1.8129 +- 0.1316
242,  0 | TrAcc: 0.7654, TrLoss:  0.75418, VaAcc: 0.7048, VaLoss:  1.29269	 20 sampled NNs | VaAcc: 0.4044 +- 0.0347 | VaLoss: 1.7433 +- 0.1026
243,  0 | TrAcc: 0.7669, TrLoss:  0.76321, VaAcc: 0.7113, VaLoss:  1.27621	 20 sampled NNs | VaAcc: 0.4114 +- 0.0466 | VaLoss: 1.7545 +- 0.1879
244,  0 | TrAcc: 0.7464, TrLoss:  0.79415, VaAcc: 0.6914, VaLoss:  1.31090	 20 sampled NNs | VaAcc: 0.3815 +- 0.0411 | VaLoss: 1.8769 +- 0.1582
245,  0 | TrAcc: 0.7436, TrLoss:  0.83226, VaAcc: 0.6960, VaLoss:  1.30298	 20 sampled NNs | VaAcc: 0.4038 +- 0.0510 | VaLoss: 1.7337 +- 0.1287
246,  0 | TrAcc: 0.7421, TrLoss:  0.83343, VaAcc: 0.7064, VaLoss:  1.26854	 20 sampled NNs | VaAcc: 0.3726 +- 0.0496 | VaLoss: 1.8339 +- 0.1503
247,  0 | TrAcc: 0.7670, TrLoss:  0.74312, VaAcc: 0.7020, VaLoss:  1.29581	 20 sampled NNs | VaAcc: 0.3843 +- 0.0263 | VaLoss: 1.8543 +- 0.1139
248,  0 | TrAcc: 0.7525, TrLoss:  0.80541, VaAcc: 0.6999, VaLoss:  1.29464	 20 sampled NNs | VaAcc: 0.3856 +- 0.0408 | VaLoss: 1.8461 +- 0.1451
249,  0 | TrAcc: 0.7631, TrLoss:  0.76756, VaAcc: 0.7010, VaLoss:  1.28840	 20 sampled NNs | VaAcc: 0.4214 +- 0.0249 | VaLoss: 1.6856 +- 0.0946
250,  0 | TrAcc: 0.7378, TrLoss:  0.79928, VaAcc: 0.6882, VaLoss:  1.33180	 20 sampled NNs | VaAcc: 0.3760 +- 0.0246 | VaLoss: 1.8265 +- 0.1064
251,  0 | TrAcc: 0.7683, TrLoss:  0.76442, VaAcc: 0.7107, VaLoss:  1.26431	 20 sampled NNs | VaAcc: 0.4219 +- 0.0381 | VaLoss: 1.6620 +- 0.1148
252,  0 | TrAcc: 0.7517, TrLoss:  0.82227, VaAcc: 0.7047, VaLoss:  1.28329	 20 sampled NNs | VaAcc: 0.3922 +- 0.0379 | VaLoss: 1.7922 +- 0.1295
253,  0 | TrAcc: 0.7392, TrLoss:  0.81580, VaAcc: 0.6936, VaLoss:  1.30790	 20 sampled NNs | VaAcc: 0.4069 +- 0.0341 | VaLoss: 1.7539 +- 0.1412
254,  0 | TrAcc: 0.7526, TrLoss:  0.78020, VaAcc: 0.6965, VaLoss:  1.29417	 20 sampled NNs | VaAcc: 0.4260 +- 0.0317 | VaLoss: 1.6791 +- 0.0975
255,  0 | TrAcc: 0.7593, TrLoss:  0.74116, VaAcc: 0.7091, VaLoss:  1.26882	 20 sampled NNs | VaAcc: 0.4166 +- 0.0348 | VaLoss: 1.6435 +- 0.0936
256,  0 | TrAcc: 0.7582, TrLoss:  0.77345, VaAcc: 0.6920, VaLoss:  1.32562	 20 sampled NNs | VaAcc: 0.3809 +- 0.0484 | VaLoss: 1.7962 +- 0.1448
257,  0 | TrAcc: 0.7531, TrLoss:  0.79919, VaAcc: 0.6868, VaLoss:  1.32803	 20 sampled NNs | VaAcc: 0.3801 +- 0.0333 | VaLoss: 1.8193 +- 0.1478
258,  0 | TrAcc: 0.7375, TrLoss:  0.83693, VaAcc: 0.6713, VaLoss:  1.36349	 20 sampled NNs | VaAcc: 0.3685 +- 0.0253 | VaLoss: 1.8629 +- 0.1247
259,  0 | TrAcc: 0.7586, TrLoss:  0.77801, VaAcc: 0.6928, VaLoss:  1.30748	 20 sampled NNs | VaAcc: 0.3895 +- 0.0340 | VaLoss: 1.7822 +- 0.0970
260,  0 | TrAcc: 0.7459, TrLoss:  0.82306, VaAcc: 0.6934, VaLoss:  1.33060	 20 sampled NNs | VaAcc: 0.4155 +- 0.0343 | VaLoss: 1.7304 +- 0.1193
261,  0 | TrAcc: 0.7589, TrLoss:  0.77628, VaAcc: 0.6823, VaLoss:  1.35205	 20 sampled NNs | VaAcc: 0.3986 +- 0.0321 | VaLoss: 1.7603 +- 0.1223
262,  0 | TrAcc: 0.7522, TrLoss:  0.81247, VaAcc: 0.6941, VaLoss:  1.30701	 20 sampled NNs | VaAcc: 0.4114 +- 0.0441 | VaLoss: 1.7079 +- 0.1386
263,  0 | TrAcc: 0.7621, TrLoss:  0.76702, VaAcc: 0.7028, VaLoss:  1.27770	 20 sampled NNs | VaAcc: 0.3836 +- 0.0359 | VaLoss: 1.7854 +- 0.1265
264,  0 | TrAcc: 0.7655, TrLoss:  0.76610, VaAcc: 0.6863, VaLoss:  1.33141	 20 sampled NNs | VaAcc: 0.3925 +- 0.0296 | VaLoss: 1.8313 +- 0.1389
265,  0 | TrAcc: 0.7683, TrLoss:  0.77889, VaAcc: 0.7038, VaLoss:  1.28845	 20 sampled NNs | VaAcc: 0.4113 +- 0.0443 | VaLoss: 1.7354 +- 0.1429
266,  0 | TrAcc: 0.7492, TrLoss:  0.81797, VaAcc: 0.6974, VaLoss:  1.32361	 20 sampled NNs | VaAcc: 0.4302 +- 0.0399 | VaLoss: 1.6926 +- 0.1387
267,  0 | TrAcc: 0.7597, TrLoss:  0.77154, VaAcc: 0.6904, VaLoss:  1.31512	 20 sampled NNs | VaAcc: 0.3987 +- 0.0425 | VaLoss: 1.7890 +- 0.1529
268,  0 | TrAcc: 0.7525, TrLoss:  0.79675, VaAcc: 0.6960, VaLoss:  1.31183	 20 sampled NNs | VaAcc: 0.4064 +- 0.0335 | VaLoss: 1.7349 +- 0.0905
269,  0 | TrAcc: 0.7657, TrLoss:  0.75766, VaAcc: 0.6905, VaLoss:  1.30548	 20 sampled NNs | VaAcc: 0.4086 +- 0.0281 | VaLoss: 1.7700 +- 0.1004
270,  0 | TrAcc: 0.7628, TrLoss:  0.76300, VaAcc: 0.7078, VaLoss:  1.27879	 20 sampled NNs | VaAcc: 0.3928 +- 0.0441 | VaLoss: 1.7846 +- 0.1430
271,  0 | TrAcc: 0.7518, TrLoss:  0.80361, VaAcc: 0.6892, VaLoss:  1.30071	 20 sampled NNs | VaAcc: 0.3893 +- 0.0355 | VaLoss: 1.7677 +- 0.1163
272,  0 | TrAcc: 0.7452, TrLoss:  0.83782, VaAcc: 0.6877, VaLoss:  1.31928	 20 sampled NNs | VaAcc: 0.3956 +- 0.0293 | VaLoss: 1.7524 +- 0.0965
273,  0 | TrAcc: 0.7677, TrLoss:  0.75250, VaAcc: 0.7065, VaLoss:  1.27795	 20 sampled NNs | VaAcc: 0.4202 +- 0.0376 | VaLoss: 1.7394 +- 0.1321
274,  0 | TrAcc: 0.7337, TrLoss:      nan, VaAcc: 0.6936, VaLoss:      nan	 20 sampled NNs | VaAcc: 0.3997 +- 0.0464 | VaLoss: 1.7214 +- 0.1511
275,  0 | TrAcc: 0.7607, TrLoss:  0.80138, VaAcc: 0.7049, VaLoss:  1.27965	 20 sampled NNs | VaAcc: 0.4258 +- 0.0348 | VaLoss: 1.6817 +- 0.1075
276,  0 | TrAcc: 0.7647, TrLoss:  0.75779, VaAcc: 0.6967, VaLoss:  1.30969	 20 sampled NNs | VaAcc: 0.3803 +- 0.0444 | VaLoss: 1.8366 +- 0.1298
277,  0 | TrAcc: 0.7587, TrLoss:  0.78347, VaAcc: 0.6979, VaLoss:  1.28970	 20 sampled NNs | VaAcc: 0.4199 +- 0.0413 | VaLoss: 1.7334 +- 0.1399
278,  0 | TrAcc: 0.7518, TrLoss:      nan, VaAcc: 0.6942, VaLoss:      nan	 20 sampled NNs | VaAcc: 0.4271 +- 0.0352 | VaLoss: 1.6398 +- 0.1263
279,  0 | TrAcc: 0.7233, TrLoss:  0.84938, VaAcc: 0.7017, VaLoss:  1.28509	 20 sampled NNs | VaAcc: 0.4117 +- 0.0374 | VaLoss: 1.7157 +- 0.0947
280,  0 | TrAcc: 0.7364, TrLoss:  0.83772, VaAcc: 0.7001, VaLoss:  1.29021	 20 sampled NNs | VaAcc: 0.3793 +- 0.0421 | VaLoss: 1.8276 +- 0.1356
281,  0 | TrAcc: 0.7737, TrLoss:  0.74921, VaAcc: 0.6926, VaLoss:  1.31373	 20 sampled NNs | VaAcc: 0.3717 +- 0.0443 | VaLoss: 1.9024 +- 0.1894
282,  0 | TrAcc: 0.7582, TrLoss:  0.78626, VaAcc: 0.7001, VaLoss:  1.29915	 20 sampled NNs | VaAcc: 0.3918 +- 0.0453 | VaLoss: 1.8130 +- 0.1492
283,  0 | TrAcc: 0.7584, TrLoss:  0.79260, VaAcc: 0.7041, VaLoss:  1.28086	 20 sampled NNs | VaAcc: 0.3881 +- 0.0488 | VaLoss: 1.7922 +- 0.1516
284,  0 | TrAcc: 0.7460, TrLoss:  0.79762, VaAcc: 0.6923, VaLoss:  1.31941	 20 sampled NNs | VaAcc: 0.4122 +- 0.0429 | VaLoss: 1.7105 +- 0.1345
285,  0 | TrAcc: 0.7483, TrLoss:  0.82746, VaAcc: 0.6897, VaLoss:  1.32329	 20 sampled NNs | VaAcc: 0.3872 +- 0.0302 | VaLoss: 1.7932 +- 0.0892
286,  0 | TrAcc: 0.7610, TrLoss:  0.76647, VaAcc: 0.7065, VaLoss:  1.29342	 20 sampled NNs | VaAcc: 0.4169 +- 0.0315 | VaLoss: 1.6874 +- 0.0971
287,  0 | TrAcc: 0.7569, TrLoss:  0.79671, VaAcc: 0.6956, VaLoss:  1.30847	 20 sampled NNs | VaAcc: 0.4356 +- 0.0256 | VaLoss: 1.6778 +- 0.0932
288,  0 | TrAcc: 0.7685, TrLoss:  0.75228, VaAcc: 0.7034, VaLoss:  1.29068	 20 sampled NNs | VaAcc: 0.4084 +- 0.0289 | VaLoss: 1.7278 +- 0.0952
289,  0 | TrAcc: 0.7414, TrLoss:  0.82185, VaAcc: 0.6977, VaLoss:  1.27689	 20 sampled NNs | VaAcc: 0.4012 +- 0.0467 | VaLoss: 1.7508 +- 0.1474
290,  0 | TrAcc: 0.7293, TrLoss:  0.85279, VaAcc: 0.6989, VaLoss:  1.31134	 20 sampled NNs | VaAcc: 0.4457 +- 0.0396 | VaLoss: 1.6024 +- 0.1202
291,  0 | TrAcc: 0.7633, TrLoss:  0.77707, VaAcc: 0.6969, VaLoss:  1.32629	 20 sampled NNs | VaAcc: 0.3959 +- 0.0392 | VaLoss: 1.7869 +- 0.1328
292,  0 | TrAcc: 0.7365, TrLoss:  0.85018, VaAcc: 0.6929, VaLoss:  1.31458	 20 sampled NNs | VaAcc: 0.3960 +- 0.0339 | VaLoss: 1.8261 +- 0.1220
293,  0 | TrAcc: 0.7558, TrLoss:  0.78265, VaAcc: 0.7022, VaLoss:  1.30964	 20 sampled NNs | VaAcc: 0.3979 +- 0.0425 | VaLoss: 1.7897 +- 0.1405
294,  0 | TrAcc: 0.7362, TrLoss:  0.83289, VaAcc: 0.7079, VaLoss:  1.28218	 20 sampled NNs | VaAcc: 0.4027 +- 0.0390 | VaLoss: 1.7640 +- 0.1237
295,  0 | TrAcc: 0.7615, TrLoss:  0.78171, VaAcc: 0.7052, VaLoss:  1.27095	 20 sampled NNs | VaAcc: 0.4314 +- 0.0377 | VaLoss: 1.6921 +- 0.1469
296,  0 | TrAcc: 0.7533, TrLoss:  0.80917, VaAcc: 0.7037, VaLoss:  1.31105	 20 sampled NNs | VaAcc: 0.4325 +- 0.0266 | VaLoss: 1.6960 +- 0.1005
297,  0 | TrAcc: 0.7640, TrLoss:  0.77020, VaAcc: 0.7024, VaLoss:  1.29173	 20 sampled NNs | VaAcc: 0.4227 +- 0.0418 | VaLoss: 1.6674 +- 0.1568
298,  0 | TrAcc: 0.7477, TrLoss:  0.80413, VaAcc: 0.7067, VaLoss:  1.29109	 20 sampled NNs | VaAcc: 0.4149 +- 0.0436 | VaLoss: 1.6785 +- 0.1239
299,  0 | TrAcc: 0.7769, TrLoss:  0.73172, VaAcc: 0.7002, VaLoss:  1.29234	 20 sampled NNs | VaAcc: 0.4184 +- 0.0415 | VaLoss: 1.7078 +- 0.1507
300,  0 | TrAcc: 0.7614, TrLoss:  0.77080, VaAcc: 0.6980, VaLoss:  1.30955	 20 sampled NNs | VaAcc: 0.4044 +- 0.0323 | VaLoss: 1.7553 +- 0.1107
301,  0 | TrAcc: 0.7653, TrLoss:  0.76214, VaAcc: 0.7112, VaLoss:  1.25549	 20 sampled NNs | VaAcc: 0.4277 +- 0.0277 | VaLoss: 1.6618 +- 0.0989
302,  0 | TrAcc: 0.7422, TrLoss:  0.82948, VaAcc: 0.6980, VaLoss:  1.28906	 20 sampled NNs | VaAcc: 0.4010 +- 0.0441 | VaLoss: 1.7543 +- 0.1389
303,  0 | TrAcc: 0.7606, TrLoss:  0.80168, VaAcc: 0.7015, VaLoss:  1.29497	 20 sampled NNs | VaAcc: 0.3900 +- 0.0483 | VaLoss: 1.7886 +- 0.1476
304,  0 | TrAcc: 0.7639, TrLoss:  0.76393, VaAcc: 0.7038, VaLoss:  1.29767	 20 sampled NNs | VaAcc: 0.4142 +- 0.0423 | VaLoss: 1.6914 +- 0.1400
305,  0 | TrAcc: 0.7526, TrLoss:  0.80302, VaAcc: 0.7011, VaLoss:  1.28308	 20 sampled NNs | VaAcc: 0.3970 +- 0.0460 | VaLoss: 1.7329 +- 0.1461
306,  0 | TrAcc: 0.7609, TrLoss:  0.76668, VaAcc: 0.6950, VaLoss:  1.33017	 20 sampled NNs | VaAcc: 0.3876 +- 0.0323 | VaLoss: 1.7617 +- 0.1184
307,  0 | TrAcc: 0.7688, TrLoss:  0.76156, VaAcc: 0.7090, VaLoss:  1.30240	 20 sampled NNs | VaAcc: 0.4141 +- 0.0364 | VaLoss: 1.7001 +- 0.1437
308,  0 | TrAcc: 0.7344, TrLoss:  0.84131, VaAcc: 0.6945, VaLoss:  1.30653	 20 sampled NNs | VaAcc: 0.4270 +- 0.0447 | VaLoss: 1.6589 +- 0.1211
309,  0 | TrAcc: 0.7466, TrLoss:      nan, VaAcc: 0.7105, VaLoss:      nan	 20 sampled NNs | VaAcc: 0.4114 +- 0.0360 | VaLoss: 1.6612 +- 0.1197
310,  0 | TrAcc: 0.7619, TrLoss:  0.76075, VaAcc: 0.7010, VaLoss:  1.33223	 20 sampled NNs | VaAcc: 0.4024 +- 0.0366 | VaLoss: 1.7517 +- 0.1199
311,  0 | TrAcc: 0.7435, TrLoss:  0.81635, VaAcc: 0.7057, VaLoss:  1.28645	 20 sampled NNs | VaAcc: 0.4261 +- 0.0379 | VaLoss: 1.6638 +- 0.1088
312,  0 | TrAcc: 0.7648, TrLoss:  0.77483, VaAcc: 0.7018, VaLoss:  1.29657	 20 sampled NNs | VaAcc: 0.4136 +- 0.0406 | VaLoss: 1.7466 +- 0.1450
313,  0 | TrAcc: 0.7561, TrLoss:  0.77073, VaAcc: 0.6952, VaLoss:  1.31835	 20 sampled NNs | VaAcc: 0.4026 +- 0.0389 | VaLoss: 1.7642 +- 0.1664
314,  0 | TrAcc: 0.7477, TrLoss:  0.78887, VaAcc: 0.7047, VaLoss:  1.28494	 20 sampled NNs | VaAcc: 0.4057 +- 0.0416 | VaLoss: 1.7163 +- 0.1447
315,  0 | TrAcc: 0.7472, TrLoss:  0.82888, VaAcc: 0.7028, VaLoss:  1.30230	 20 sampled NNs | VaAcc: 0.4295 +- 0.0466 | VaLoss: 1.6833 +- 0.1370
316,  0 | TrAcc: 0.7513, TrLoss:  0.80481, VaAcc: 0.7005, VaLoss:  1.30647	 20 sampled NNs | VaAcc: 0.4117 +- 0.0462 | VaLoss: 1.6811 +- 0.1347
317,  0 | TrAcc: 0.7313, TrLoss:  0.83520, VaAcc: 0.7001, VaLoss:  1.30242	 20 sampled NNs | VaAcc: 0.4015 +- 0.0383 | VaLoss: 1.7511 +- 0.1352
318,  0 | TrAcc: 0.7570, TrLoss:  0.79601, VaAcc: 0.6907, VaLoss:  1.32626	 20 sampled NNs | VaAcc: 0.4244 +- 0.0478 | VaLoss: 1.7027 +- 0.1867
319,  0 | TrAcc: 0.7493, TrLoss:  0.79251, VaAcc: 0.6973, VaLoss:  1.33397	 20 sampled NNs | VaAcc: 0.3820 +- 0.0442 | VaLoss: 1.8287 +- 0.1639
320,  0 | TrAcc: 0.7666, TrLoss:  0.76652, VaAcc: 0.7016, VaLoss:  1.31417	 20 sampled NNs | VaAcc: 0.4214 +- 0.0435 | VaLoss: 1.6848 +- 0.1718
321,  0 | TrAcc: 0.7405, TrLoss:  0.80423, VaAcc: 0.7057, VaLoss:  1.30162	 20 sampled NNs | VaAcc: 0.4452 +- 0.0231 | VaLoss: 1.6413 +- 0.0961
322,  0 | TrAcc: 0.7524, TrLoss:  0.78750, VaAcc: 0.7010, VaLoss:  1.31622	 20 sampled NNs | VaAcc: 0.4340 +- 0.0282 | VaLoss: 1.7018 +- 0.1046
323,  0 | TrAcc: 0.7740, TrLoss:  0.74607, VaAcc: 0.7078, VaLoss:  1.28266	 20 sampled NNs | VaAcc: 0.4368 +- 0.0472 | VaLoss: 1.6643 +- 0.1325
324,  0 | TrAcc: 0.7555, TrLoss:  0.79296, VaAcc: 0.7103, VaLoss:  1.27964	 20 sampled NNs | VaAcc: 0.4389 +- 0.0293 | VaLoss: 1.6213 +- 0.0866
325,  0 | TrAcc: 0.7380, TrLoss:  0.84564, VaAcc: 0.7005, VaLoss:  1.29342	 20 sampled NNs | VaAcc: 0.4038 +- 0.0450 | VaLoss: 1.7445 +- 0.1461
326,  0 | TrAcc: 0.7626, TrLoss:  0.78015, VaAcc: 0.7052, VaLoss:  1.27951	 20 sampled NNs | VaAcc: 0.4020 +- 0.0361 | VaLoss: 1.7199 +- 0.1158
327,  0 | TrAcc: 0.7449, TrLoss:  0.79646, VaAcc: 0.6976, VaLoss:  1.30871	 20 sampled NNs | VaAcc: 0.3727 +- 0.0443 | VaLoss: 1.8231 +- 0.1535
328,  0 | TrAcc: 0.7537, TrLoss:  0.78613, VaAcc: 0.7129, VaLoss:  1.28287	 20 sampled NNs | VaAcc: 0.4013 +- 0.0516 | VaLoss: 1.7692 +- 0.2448
329,  0 | TrAcc: 0.7654, TrLoss:  0.76759, VaAcc: 0.7024, VaLoss:  1.29790	 20 sampled NNs | VaAcc: 0.4392 +- 0.0362 | VaLoss: 1.6724 +- 0.1051
330,  0 | TrAcc: 0.7726, TrLoss:  0.74518, VaAcc: 0.6926, VaLoss:  1.33087	 20 sampled NNs | VaAcc: 0.4459 +- 0.0397 | VaLoss: 1.6487 +- 0.1182
331,  0 | TrAcc: 0.7420, TrLoss:  0.85488, VaAcc: 0.6977, VaLoss:  1.31790	 20 sampled NNs | VaAcc: 0.4166 +- 0.0225 | VaLoss: 1.7167 +- 0.0933
332,  0 | TrAcc: 0.7566, TrLoss:  0.77481, VaAcc: 0.7052, VaLoss:  1.28804	 20 sampled NNs | VaAcc: 0.4579 +- 0.0340 | VaLoss: 1.5749 +- 0.0770
333,  0 | TrAcc: 0.7744, TrLoss:  0.74252, VaAcc: 0.7022, VaLoss:  1.31842	 20 sampled NNs | VaAcc: 0.4253 +- 0.0381 | VaLoss: 1.6920 +- 0.1323
334,  0 | TrAcc: 0.7651, TrLoss:  0.76427, VaAcc: 0.7036, VaLoss:  1.28409	 20 sampled NNs | VaAcc: 0.4043 +- 0.0349 | VaLoss: 1.7386 +- 0.1433
335,  0 | TrAcc: 0.7511, TrLoss:  0.80370, VaAcc: 0.7049, VaLoss:  1.29216	 20 sampled NNs | VaAcc: 0.4202 +- 0.0432 | VaLoss: 1.6928 +- 0.1447
336,  0 | TrAcc: 0.7507, TrLoss:  0.79449, VaAcc: 0.6977, VaLoss:  1.31371	 20 sampled NNs | VaAcc: 0.4080 +- 0.0375 | VaLoss: 1.7437 +- 0.1233
337,  0 | TrAcc: 0.7369, TrLoss:  0.84863, VaAcc: 0.7061, VaLoss:  1.28112	 20 sampled NNs | VaAcc: 0.4223 +- 0.0412 | VaLoss: 1.7196 +- 0.1610
338,  0 | TrAcc: 0.7706, TrLoss:  0.74810, VaAcc: 0.6954, VaLoss:  1.33579	 20 sampled NNs | VaAcc: 0.4133 +- 0.0280 | VaLoss: 1.7343 +- 0.0841
339,  0 | TrAcc: 0.7515, TrLoss:  0.80873, VaAcc: 0.7017, VaLoss:  1.31414	 20 sampled NNs | VaAcc: 0.4163 +- 0.0384 | VaLoss: 1.7147 +- 0.1242
340,  0 | TrAcc: 0.7621, TrLoss:  0.77117, VaAcc: 0.7041, VaLoss:  1.29756	 20 sampled NNs | VaAcc: 0.4119 +- 0.0366 | VaLoss: 1.7091 +- 0.1127
341,  0 | TrAcc: 0.7754, TrLoss:  0.72718, VaAcc: 0.6968, VaLoss:  1.31911	 20 sampled NNs | VaAcc: 0.3954 +- 0.0396 | VaLoss: 1.7527 +- 0.1260
342,  0 | TrAcc: 0.7593, TrLoss:  0.78259, VaAcc: 0.7072, VaLoss:  1.28518	 20 sampled NNs | VaAcc: 0.3944 +- 0.0404 | VaLoss: 1.7351 +- 0.1302
343,  0 | TrAcc: 0.7666, TrLoss:  0.76535, VaAcc: 0.7013, VaLoss:  1.29667	 20 sampled NNs | VaAcc: 0.4304 +- 0.0376 | VaLoss: 1.6488 +- 0.1228
344,  0 | TrAcc: 0.7545, TrLoss:  0.78089, VaAcc: 0.6985, VaLoss:  1.31284	 20 sampled NNs | VaAcc: 0.4062 +- 0.0354 | VaLoss: 1.7650 +- 0.1252
345,  0 | TrAcc: 0.7611, TrLoss:  0.80008, VaAcc: 0.6986, VaLoss:  1.30863	 20 sampled NNs | VaAcc: 0.4401 +- 0.0396 | VaLoss: 1.6997 +- 0.1510
346,  0 | TrAcc: 0.7477, TrLoss:  0.80320, VaAcc: 0.6887, VaLoss:  1.33394	 20 sampled NNs | VaAcc: 0.4051 +- 0.0280 | VaLoss: 1.7565 +- 0.1379
347,  0 | TrAcc: 0.7565, TrLoss:  0.77701, VaAcc: 0.7032, VaLoss:  1.28649	 20 sampled NNs | VaAcc: 0.4087 +- 0.0443 | VaLoss: 1.7509 +- 0.1857
348,  0 | TrAcc: 0.7714, TrLoss:  0.76746, VaAcc: 0.7061, VaLoss:  1.28645	 20 sampled NNs | VaAcc: 0.4238 +- 0.0319 | VaLoss: 1.7138 +- 0.1184
349,  0 | TrAcc: 0.7354, TrLoss:  0.83647, VaAcc: 0.7003, VaLoss:  1.30078	 20 sampled NNs | VaAcc: 0.4000 +- 0.0295 | VaLoss: 1.7960 +- 0.1363
350,  0 | TrAcc: 0.7590, TrLoss:  0.78189, VaAcc: 0.6992, VaLoss:  1.30816	 20 sampled NNs | VaAcc: 0.4194 +- 0.0490 | VaLoss: 1.7345 +- 0.1693
351,  0 | TrAcc: 0.7628, TrLoss:  0.77516, VaAcc: 0.6927, VaLoss:  1.31300	 20 sampled NNs | VaAcc: 0.3967 +- 0.0418 | VaLoss: 1.7708 +- 0.1728
352,  0 | TrAcc: 0.7359, TrLoss:  0.82973, VaAcc: 0.6983, VaLoss:  1.30026	 20 sampled NNs | VaAcc: 0.4464 +- 0.0413 | VaLoss: 1.6283 +- 0.1382
353,  0 | TrAcc: 0.7742, TrLoss:  0.75836, VaAcc: 0.7080, VaLoss:  1.28533	 20 sampled NNs | VaAcc: 0.4538 +- 0.0300 | VaLoss: 1.5948 +- 0.1055
354,  0 | TrAcc: 0.7364, TrLoss:  0.82663, VaAcc: 0.6963, VaLoss:  1.29306	 20 sampled NNs | VaAcc: 0.4135 +- 0.0380 | VaLoss: 1.6952 +- 0.1108
355,  0 | TrAcc: 0.7582, TrLoss:  0.76068, VaAcc: 0.7021, VaLoss:  1.28596	 20 sampled NNs | VaAcc: 0.3869 +- 0.0415 | VaLoss: 1.8640 +- 0.1510
356,  0 | TrAcc: 0.7570, TrLoss:  0.77952, VaAcc: 0.7030, VaLoss:  1.30257	 20 sampled NNs | VaAcc: 0.3902 +- 0.0331 | VaLoss: 1.7965 +- 0.1096
357,  0 | TrAcc: 0.7559, TrLoss:  0.77891, VaAcc: 0.6971, VaLoss:  1.31863	 20 sampled NNs | VaAcc: 0.4128 +- 0.0372 | VaLoss: 1.7294 +- 0.1349
358,  0 | TrAcc: 0.7802, TrLoss:  0.71008, VaAcc: 0.6963, VaLoss:  1.31210	 20 sampled NNs | VaAcc: 0.4008 +- 0.0465 | VaLoss: 1.7704 +- 0.2075
359,  0 | TrAcc: 0.7489, TrLoss:      nan, VaAcc: 0.7095, VaLoss:      nan	 20 sampled NNs | VaAcc: 0.4154 +- 0.0450 | VaLoss: 1.7248 +- 0.1426
360,  0 | TrAcc: 0.7458, TrLoss:  0.80151, VaAcc: 0.7056, VaLoss:  1.28118	 20 sampled NNs | VaAcc: 0.4304 +- 0.0235 | VaLoss: 1.6609 +- 0.1112
361,  0 | TrAcc: 0.7614, TrLoss:  0.77365, VaAcc: 0.7063, VaLoss:  1.28900	 20 sampled NNs | VaAcc: 0.4481 +- 0.0383 | VaLoss: 1.6085 +- 0.1505
362,  0 | TrAcc: 0.7614, TrLoss:  0.76901, VaAcc: 0.6982, VaLoss:  1.30609	 20 sampled NNs | VaAcc: 0.4214 +- 0.0307 | VaLoss: 1.7386 +- 0.1557
363,  0 | TrAcc: 0.7771, TrLoss:  0.72989, VaAcc: 0.6991, VaLoss:  1.32033	 20 sampled NNs | VaAcc: 0.4171 +- 0.0413 | VaLoss: 1.7411 +- 0.1153
364,  0 | TrAcc: 0.7655, TrLoss:  0.76108, VaAcc: 0.6991, VaLoss:  1.29778	 20 sampled NNs | VaAcc: 0.4021 +- 0.0475 | VaLoss: 1.7331 +- 0.1961
365,  0 | TrAcc: 0.7717, TrLoss:  0.75502, VaAcc: 0.7064, VaLoss:  1.28551	 20 sampled NNs | VaAcc: 0.4316 +- 0.0367 | VaLoss: 1.6431 +- 0.1114
366,  0 | TrAcc: 0.7625, TrLoss:  0.75968, VaAcc: 0.6983, VaLoss:  1.30460	 20 sampled NNs | VaAcc: 0.4517 +- 0.0374 | VaLoss: 1.6160 +- 0.1440
367,  0 | TrAcc: 0.7546, TrLoss:  0.77659, VaAcc: 0.6942, VaLoss:  1.32800	 20 sampled NNs | VaAcc: 0.4233 +- 0.0350 | VaLoss: 1.6691 +- 0.1240
368,  0 | TrAcc: 0.7624, TrLoss:  0.77321, VaAcc: 0.6957, VaLoss:  1.31512	 20 sampled NNs | VaAcc: 0.4185 +- 0.0346 | VaLoss: 1.6899 +- 0.0975
369,  0 | TrAcc: 0.7666, TrLoss:  0.75750, VaAcc: 0.6873, VaLoss:  1.32764	 20 sampled NNs | VaAcc: 0.4277 +- 0.0287 | VaLoss: 1.6697 +- 0.1139
370,  0 | TrAcc: 0.7585, TrLoss:  0.77409, VaAcc: 0.7003, VaLoss:  1.29737	 20 sampled NNs | VaAcc: 0.4245 +- 0.0413 | VaLoss: 1.6553 +- 0.1316
371,  0 | TrAcc: 0.7592, TrLoss:  0.77757, VaAcc: 0.7026, VaLoss:  1.29425	 20 sampled NNs | VaAcc: 0.4084 +- 0.0478 | VaLoss: 1.7812 +- 0.1873
372,  0 | TrAcc: 0.7321, TrLoss:  0.86044, VaAcc: 0.6992, VaLoss:  1.31963	 20 sampled NNs | VaAcc: 0.4007 +- 0.0414 | VaLoss: 1.7338 +- 0.1173
373,  0 | TrAcc: 0.7694, TrLoss:  0.73679, VaAcc: 0.6999, VaLoss:  1.31219	 20 sampled NNs | VaAcc: 0.4288 +- 0.0292 | VaLoss: 1.7059 +- 0.1129
374,  0 | TrAcc: 0.7560, TrLoss:  0.78316, VaAcc: 0.7074, VaLoss:  1.27611	 20 sampled NNs | VaAcc: 0.4352 +- 0.0345 | VaLoss: 1.6561 +- 0.1125
375,  0 | TrAcc: 0.7379, TrLoss:  0.80216, VaAcc: 0.7027, VaLoss:  1.30874	 20 sampled NNs | VaAcc: 0.4367 +- 0.0396 | VaLoss: 1.6396 +- 0.1174
376,  0 | TrAcc: 0.7397, TrLoss:  0.84304, VaAcc: 0.6962, VaLoss:  1.32784	 20 sampled NNs | VaAcc: 0.4143 +- 0.0320 | VaLoss: 1.7073 +- 0.1213
377,  0 | TrAcc: 0.7483, TrLoss:  0.80054, VaAcc: 0.6904, VaLoss:  1.32299	 20 sampled NNs | VaAcc: 0.4040 +- 0.0374 | VaLoss: 1.7421 +- 0.1549
378,  0 | TrAcc: 0.7599, TrLoss:  0.77263, VaAcc: 0.6963, VaLoss:  1.30309	 20 sampled NNs | VaAcc: 0.4064 +- 0.0308 | VaLoss: 1.7243 +- 0.1128
379,  0 | TrAcc: 0.7477, TrLoss:  0.79962, VaAcc: 0.7028, VaLoss:  1.28584	 20 sampled NNs | VaAcc: 0.4239 +- 0.0305 | VaLoss: 1.6572 +- 0.1300
380,  0 | TrAcc: 0.7663, TrLoss:  0.75414, VaAcc: 0.6957, VaLoss:  1.32344	 20 sampled NNs | VaAcc: 0.4144 +- 0.0391 | VaLoss: 1.7233 +- 0.1461
381,  0 | TrAcc: 0.7701, TrLoss:  0.74027, VaAcc: 0.7027, VaLoss:  1.30684	 20 sampled NNs | VaAcc: 0.4538 +- 0.0352 | VaLoss: 1.5657 +- 0.1013
382,  0 | TrAcc: 0.7615, TrLoss:  0.75190, VaAcc: 0.7021, VaLoss:  1.30011	 20 sampled NNs | VaAcc: 0.4460 +- 0.0462 | VaLoss: 1.6345 +- 0.1280
383,  0 | TrAcc: 0.7596, TrLoss:  0.77602, VaAcc: 0.6969, VaLoss:  1.33765	 20 sampled NNs | VaAcc: 0.4036 +- 0.0513 | VaLoss: 1.7481 +- 0.1706
384,  0 | TrAcc: 0.7620, TrLoss:  0.78271, VaAcc: 0.7154, VaLoss:  1.26764	 20 sampled NNs | VaAcc: 0.4444 +- 0.0338 | VaLoss: 1.6085 +- 0.1079
385,  0 | TrAcc: 0.7598, TrLoss:  0.77616, VaAcc: 0.7124, VaLoss:  1.27723	 20 sampled NNs | VaAcc: 0.4125 +- 0.0257 | VaLoss: 1.7497 +- 0.1137
386,  0 | TrAcc: 0.7751, TrLoss:  0.74486, VaAcc: 0.6976, VaLoss:  1.30080	 20 sampled NNs | VaAcc: 0.4300 +- 0.0400 | VaLoss: 1.6971 +- 0.1429
387,  0 | TrAcc: 0.7606, TrLoss:  0.77804, VaAcc: 0.6942, VaLoss:  1.31355	 20 sampled NNs | VaAcc: 0.4411 +- 0.0295 | VaLoss: 1.6403 +- 0.0962
388,  0 | TrAcc: 0.7633, TrLoss:  0.78436, VaAcc: 0.7044, VaLoss:  1.30059	 20 sampled NNs | VaAcc: 0.4104 +- 0.0364 | VaLoss: 1.7415 +- 0.0990
389,  0 | TrAcc: 0.7482, TrLoss:  0.80577, VaAcc: 0.6906, VaLoss:  1.31859	 20 sampled NNs | VaAcc: 0.4145 +- 0.0424 | VaLoss: 1.7166 +- 0.1273
390,  0 | TrAcc: 0.7662, TrLoss:  0.75906, VaAcc: 0.7003, VaLoss:  1.30267	 20 sampled NNs | VaAcc: 0.4238 +- 0.0374 | VaLoss: 1.6720 +- 0.1098
391,  0 | TrAcc: 0.7587, TrLoss:  0.77979, VaAcc: 0.7013, VaLoss:  1.30039	 20 sampled NNs | VaAcc: 0.4136 +- 0.0561 | VaLoss: 1.7621 +- 0.2531
392,  0 | TrAcc: 0.7651, TrLoss:  0.73953, VaAcc: 0.7079, VaLoss:  1.26734	 20 sampled NNs | VaAcc: 0.4284 +- 0.0638 | VaLoss: 1.6674 +- 0.2806
393,  0 | TrAcc: 0.7513, TrLoss:  0.78757, VaAcc: 0.6904, VaLoss:  1.32560	 20 sampled NNs | VaAcc: 0.4225 +- 0.0339 | VaLoss: 1.6803 +- 0.1379
394,  0 | TrAcc: 0.7449, TrLoss:  0.81746, VaAcc: 0.6912, VaLoss:  1.32183	 20 sampled NNs | VaAcc: 0.4062 +- 0.0439 | VaLoss: 1.7300 +- 0.1558
395,  0 | TrAcc: 0.7494, TrLoss:  0.79934, VaAcc: 0.7064, VaLoss:  1.31297	 20 sampled NNs | VaAcc: 0.4196 +- 0.0504 | VaLoss: 1.7016 +- 0.1521
396,  0 | TrAcc: 0.7738, TrLoss:  0.75659, VaAcc: 0.6985, VaLoss:  1.30075	 20 sampled NNs | VaAcc: 0.4308 +- 0.0558 | VaLoss: 1.6922 +- 0.1722
397,  0 | TrAcc: 0.7327, TrLoss:  0.84353, VaAcc: 0.6988, VaLoss:  1.32956	 20 sampled NNs | VaAcc: 0.4268 +- 0.0393 | VaLoss: 1.6955 +- 0.1222
398,  0 | TrAcc: 0.7461, TrLoss:  0.80476, VaAcc: 0.6880, VaLoss:  1.32787	 20 sampled NNs | VaAcc: 0.3950 +- 0.0203 | VaLoss: 1.7405 +- 0.0900
399,  0 | TrAcc: 0.7552, TrLoss:  0.77169, VaAcc: 0.6983, VaLoss:  1.33048	 20 sampled NNs | VaAcc: 0.4424 +- 0.0329 | VaLoss: 1.6282 +- 0.1059
111316.44042500001
----------------------------
