

config:

HOME=/clusterFS/home/student/kopp13
PATH=/clusterFS/home/student/kopp13/miniconda3/envs/tensorflow/bin:/clusterFS/home/student/kopp13/miniconda3/bin:/clusterFS/home/student/kopp13/bin:/usr/local/bin:/usr/bin:/bin:/usr/local/games:/usr/games
LD_LIBRARY_PATH=
THEANO_FLAGS=floatX=float32,gpuarray.preallocate=0.9,dnn.library_path=/usr/lib/x86_64-linux-gnu,cxx=clang++-3.8,device=cuda,base_compiledir=/tmp/tmp.wk4Ye7pXtV

=============================
CONFIG FILE

RNN CONFIG
{'data_multiplier': 1.0,
 'gradient_clip_value': 0.5,
 'layer_configs': [{'layer_type': 'input'},
                   {'bc': {'init_m': 'xavier',
                           'init_v': -4.5,
                           'prior_m': 0.0,
                           'prior_v': 0.0,
                           'type': 'continuous'},
                    'bf': {'init_m': 'xavier',
                           'init_v': -4.5,
                           'prior_m': 0.0,
                           'prior_v': 0.0,
                           'type': 'continuous'},
                    'bi': {'init_m': 'xavier',
                           'init_v': -4.5,
                           'prior_m': 0.0,
                           'prior_v': 0.0,
                           'type': 'continuous'},
                    'bo': {'init_m': 'xavier',
                           'init_v': -4.5,
                           'prior_m': 0.0,
                           'prior_v': 0.0,
                           'type': 'continuous'},
                    'init_config': {'c': {'b': 'all_zero', 'w': 'xavier'},
                                    'f': {'b': 'all_one', 'w': 'all_zero'},
                                    'i': {'b': 'all_zero', 'w': 'xavier'},
                                    'o': {'b': 'all_zero', 'w': 'xavier'}},
                    'is_output': False,
                    'is_recurrent': True,
                    'layer_type': 'lstm',
                    'tau': 0.5,
                    'var_scope': 'lstm_0',
                    'wc': {'p0max': 0.95,
                           'p0min': 0.05,
                           'pmax': 0.99,
                           'pmin': 0.01,
                           'priors': [0.2, 0.6, 0.2],
                           'type': 'ternary'},
                    'wf': {'p0max': 0.95,
                           'p0min': 0.05,
                           'pmax': 0.99,
                           'pmin': 0.01,
                           'priors': [0.2, 0.6, 0.2],
                           'type': 'ternary'},
                    'wi': {'p0max': 0.95,
                           'p0min': 0.05,
                           'pmax': 0.99,
                           'pmin': 0.01,
                           'priors': [0.2, 0.6, 0.2],
                           'type': 'ternary'},
                    'wo': {'p0max': 0.95,
                           'p0min': 0.05,
                           'pmax': 0.99,
                           'pmin': 0.01,
                           'priors': [0.2, 0.6, 0.2],
                           'type': 'ternary'}},
                   {'bc': {'init_m': 'xavier',
                           'init_v': -4.5,
                           'prior_m': 0.0,
                           'prior_v': 0.0,
                           'type': 'continuous'},
                    'bf': {'init_m': 'xavier',
                           'init_v': -4.5,
                           'prior_m': 0.0,
                           'prior_v': 0.0,
                           'type': 'continuous'},
                    'bi': {'init_m': 'xavier',
                           'init_v': -4.5,
                           'prior_m': 0.0,
                           'prior_v': 0.0,
                           'type': 'continuous'},
                    'bo': {'init_m': 'xavier',
                           'init_v': -4.5,
                           'prior_m': 0.0,
                           'prior_v': 0.0,
                           'type': 'continuous'},
                    'init_config': {'c': {'b': 'all_zero', 'w': 'xavier'},
                                    'f': {'b': 'all_one', 'w': 'all_zero'},
                                    'i': {'b': 'all_zero', 'w': 'xavier'},
                                    'o': {'b': 'all_zero', 'w': 'xavier'}},
                    'is_output': False,
                    'is_recurrent': True,
                    'layer_type': 'lstm',
                    'tau': 0.5,
                    'var_scope': 'lstm_1',
                    'wc': {'p0max': 0.95,
                           'p0min': 0.05,
                           'pmax': 0.99,
                           'pmin': 0.01,
                           'priors': [0.2, 0.6, 0.2],
                           'type': 'ternary'},
                    'wf': {'p0max': 0.95,
                           'p0min': 0.05,
                           'pmax': 0.99,
                           'pmin': 0.01,
                           'priors': [0.2, 0.6, 0.2],
                           'type': 'ternary'},
                    'wi': {'p0max': 0.95,
                           'p0min': 0.05,
                           'pmax': 0.99,
                           'pmin': 0.01,
                           'priors': [0.2, 0.6, 0.2],
                           'type': 'ternary'},
                    'wo': {'p0max': 0.95,
                           'p0min': 0.05,
                           'pmax': 0.99,
                           'pmin': 0.01,
                           'priors': [0.2, 0.6, 0.2],
                           'type': 'ternary'}},
                   {'b': {'init_m': 'xavier',
                          'init_v': -4.5,
                          'prior_m': 0.0,
                          'prior_v': 0.0,
                          'type': 'continuous'},
                    'is_output': True,
                    'is_recurrent': False,
                    'layer_type': 'fc',
                    'regularization': {'mode': None, 'strength': 0.02},
                    'tau': 0.5,
                    'var_scope': 'output_layer',
                    'w': {'p0max': 0.95,
                          'p0min': 0.05,
                          'pmax': 0.99,
                          'pmin': 0.01,
                          'priors': [0.2, 0.6, 0.2],
                          'type': 'ternary'}}],
 'layout': [4, 60, 60, 10],
 'output_type': 'classification'}

DATA CONFIG
{'dataset': 'red_penstroke',
 'tr': {'in_seq_len': 30,
        'minibatch_enabled': True,
        'minibatch_size': 200,
        'out_seq_len': 5,
        'zero_padding': 20},
 'va': {'in_seq_len': 30,
        'minibatch_enabled': True,
        'minibatch_size': 200,
        'out_seq_len': 5,
        'zero_padding': 20}}

TRAINING CONFIG
{'beta_reg': 0.0,
 'is_pretrain': False,
 'learning_rate': 0.002,
 'mode': {'max_epochs': 300, 'min_error': 0.0, 'name': 'classic'},
 'task_id': 4,
 'type': 'g_sampling',
 'var_reg': 0.01}
==============================


  0,  0 | TrAcc: 0.1006, TrLoss:  4.03631, VaAcc: 0.1001, VaLoss:  4.28723	 20 sampled NNs | VaAcc: 0.1018 +- 0.0327 | VaLoss: 3.8347 +- 0.5445
  1,  0 | TrAcc: 0.1451, TrLoss:  2.40009, VaAcc: 0.1093, VaLoss:  2.83606	 20 sampled NNs | VaAcc: 0.1042 +- 0.0167 | VaLoss: 2.4480 +- 0.1118
  2,  0 | TrAcc: 0.1435, TrLoss:  2.37628, VaAcc: 0.1086, VaLoss:  2.77627	 20 sampled NNs | VaAcc: 0.1022 +- 0.0155 | VaLoss: 2.3338 +- 0.0420
  3,  0 | TrAcc: 0.1415, TrLoss:  2.34508, VaAcc: 0.1121, VaLoss:  2.75669	 20 sampled NNs | VaAcc: 0.1060 +- 0.0176 | VaLoss: 2.3133 +- 0.0345
  4,  0 | TrAcc: 0.1653, TrLoss:  2.35012, VaAcc: 0.1073, VaLoss:  2.77028	 20 sampled NNs | VaAcc: 0.1065 +- 0.0117 | VaLoss: 2.3327 +- 0.0417
  5,  0 | TrAcc: 0.1550, TrLoss:  2.33389, VaAcc: 0.0969, VaLoss:  2.75965	 20 sampled NNs | VaAcc: 0.1088 +- 0.0121 | VaLoss: 2.3055 +- 0.0284
  6,  0 | TrAcc: 0.1605, TrLoss:  2.31907, VaAcc: 0.1221, VaLoss:  2.72270	 20 sampled NNs | VaAcc: 0.1201 +- 0.0248 | VaLoss: 2.2938 +- 0.0300
  7,  0 | TrAcc: 0.1702, TrLoss:  2.26560, VaAcc: 0.1174, VaLoss:  2.69528	 20 sampled NNs | VaAcc: 0.1151 +- 0.0171 | VaLoss: 2.2758 +- 0.0443
  8,  0 | TrAcc: 0.1706, TrLoss:  2.27943, VaAcc: 0.1229, VaLoss:  2.69252	 20 sampled NNs | VaAcc: 0.1145 +- 0.0177 | VaLoss: 2.3023 +- 0.0515
  9,  0 | TrAcc: 0.1755, TrLoss:  2.23928, VaAcc: 0.1686, VaLoss:  2.59982	 20 sampled NNs | VaAcc: 0.1444 +- 0.0246 | VaLoss: 2.2186 +- 0.0743
 10,  0 | TrAcc: 0.1889, TrLoss:  2.20789, VaAcc: 0.1892, VaLoss:  2.54281	 20 sampled NNs | VaAcc: 0.1549 +- 0.0358 | VaLoss: 2.2191 +- 0.0969
 11,  0 | TrAcc: 0.2097, TrLoss:  2.14981, VaAcc: 0.1760, VaLoss:  2.56000	 20 sampled NNs | VaAcc: 0.1533 +- 0.0349 | VaLoss: 2.1902 +- 0.0854
 12,  0 | TrAcc: 0.2453, TrLoss:  2.09350, VaAcc: 0.2331, VaLoss:  2.47873	 20 sampled NNs | VaAcc: 0.1850 +- 0.0432 | VaLoss: 2.1463 +- 0.1049
 13,  0 | TrAcc: 0.2649, TrLoss:  2.03560, VaAcc: 0.2583, VaLoss:  2.41456	 20 sampled NNs | VaAcc: 0.2016 +- 0.0466 | VaLoss: 2.1181 +- 0.1287
 14,  0 | TrAcc: 0.2873, TrLoss:  1.97028, VaAcc: 0.2961, VaLoss:  2.33288	 20 sampled NNs | VaAcc: 0.2539 +- 0.0374 | VaLoss: 1.9887 +- 0.0692
 15,  0 | TrAcc: 0.2990, TrLoss:  1.94922, VaAcc: 0.3092, VaLoss:  2.28463	 20 sampled NNs | VaAcc: 0.2720 +- 0.0503 | VaLoss: 1.9472 +- 0.0884
 16,  0 | TrAcc: 0.3219, TrLoss:  1.89284, VaAcc: 0.3394, VaLoss:  2.19141	 20 sampled NNs | VaAcc: 0.2575 +- 0.0428 | VaLoss: 1.9057 +- 0.0870
 17,  0 | TrAcc: 0.3301, TrLoss:  1.85307, VaAcc: 0.3505, VaLoss:  2.17488	 20 sampled NNs | VaAcc: 0.2991 +- 0.0455 | VaLoss: 1.8833 +- 0.0974
 18,  0 | TrAcc: 0.3839, TrLoss:  1.75467, VaAcc: 0.3602, VaLoss:  2.15625	 20 sampled NNs | VaAcc: 0.3193 +- 0.0465 | VaLoss: 1.8315 +- 0.1225
 19,  0 | TrAcc: 0.3535, TrLoss:  1.78711, VaAcc: 0.3985, VaLoss:  2.05848	 20 sampled NNs | VaAcc: 0.3435 +- 0.0400 | VaLoss: 1.7707 +- 0.1083
 20,  0 | TrAcc: 0.3991, TrLoss:  1.70512, VaAcc: 0.4314, VaLoss:  2.00384	 20 sampled NNs | VaAcc: 0.3926 +- 0.0354 | VaLoss: 1.6771 +- 0.0855
 21,  0 | TrAcc: 0.3964, TrLoss:  1.68697, VaAcc: 0.3976, VaLoss:  2.03430	 20 sampled NNs | VaAcc: 0.3582 +- 0.0381 | VaLoss: 1.6811 +- 0.0674
 22,  0 | TrAcc: 0.4162, TrLoss:  1.62103, VaAcc: 0.4200, VaLoss:  1.98615	 20 sampled NNs | VaAcc: 0.3698 +- 0.0310 | VaLoss: 1.6730 +- 0.0865
 23,  0 | TrAcc: 0.4118, TrLoss:  1.63299, VaAcc: 0.4413, VaLoss:  1.94751	 20 sampled NNs | VaAcc: 0.3872 +- 0.0418 | VaLoss: 1.6126 +- 0.0780
 24,  0 | TrAcc: 0.4512, TrLoss:  1.56238, VaAcc: 0.4249, VaLoss:  1.98083	 20 sampled NNs | VaAcc: 0.3824 +- 0.0431 | VaLoss: 1.6415 +- 0.0856
 25,  0 | TrAcc: 0.4525, TrLoss:  1.56576, VaAcc: 0.4685, VaLoss:  1.89948	 20 sampled NNs | VaAcc: 0.4221 +- 0.0319 | VaLoss: 1.5610 +- 0.0595
 26,  0 | TrAcc: 0.4817, TrLoss:  1.48027, VaAcc: 0.4771, VaLoss:  1.85869	 20 sampled NNs | VaAcc: 0.4327 +- 0.0414 | VaLoss: 1.5208 +- 0.0743
 27,  0 | TrAcc: 0.4883, TrLoss:  1.49022, VaAcc: 0.5044, VaLoss:  1.83565	 20 sampled NNs | VaAcc: 0.4579 +- 0.0367 | VaLoss: 1.4840 +- 0.0775
 28,  0 | TrAcc: 0.4867, TrLoss:  1.47283, VaAcc: 0.5105, VaLoss:  1.84385	 20 sampled NNs | VaAcc: 0.4373 +- 0.0385 | VaLoss: 1.5177 +- 0.0861
 29,  0 | TrAcc: 0.5093, TrLoss:  1.43647, VaAcc: 0.5180, VaLoss:  1.83022	 20 sampled NNs | VaAcc: 0.4387 +- 0.0491 | VaLoss: 1.5195 +- 0.0786
 30,  0 | TrAcc: 0.4871, TrLoss:  1.46922, VaAcc: 0.5123, VaLoss:  1.82025	 20 sampled NNs | VaAcc: 0.4512 +- 0.0305 | VaLoss: 1.4769 +- 0.0708
 31,  0 | TrAcc: 0.5245, TrLoss:  1.37656, VaAcc: 0.5189, VaLoss:  1.79302	 20 sampled NNs | VaAcc: 0.4631 +- 0.0601 | VaLoss: 1.4766 +- 0.1260
 32,  0 | TrAcc: 0.5433, TrLoss:  1.37434, VaAcc: 0.5414, VaLoss:  1.76897	 20 sampled NNs | VaAcc: 0.4953 +- 0.0341 | VaLoss: 1.3969 +- 0.0621
 33,  0 | TrAcc: 0.5449, TrLoss:  1.35567, VaAcc: 0.5311, VaLoss:  1.75068	 20 sampled NNs | VaAcc: 0.4892 +- 0.0373 | VaLoss: 1.3711 +- 0.0818
 34,  0 | TrAcc: 0.5501, TrLoss:  1.35642, VaAcc: 0.5556, VaLoss:  1.73546	 20 sampled NNs | VaAcc: 0.5108 +- 0.0294 | VaLoss: 1.3763 +- 0.1048
 35,  0 | TrAcc: 0.5578, TrLoss:  1.28895, VaAcc: 0.5721, VaLoss:  1.69764	 20 sampled NNs | VaAcc: 0.5188 +- 0.0305 | VaLoss: 1.3373 +- 0.0653
 36,  0 | TrAcc: 0.5762, TrLoss:  1.25193, VaAcc: 0.5633, VaLoss:  1.71710	 20 sampled NNs | VaAcc: 0.5029 +- 0.0374 | VaLoss: 1.3720 +- 0.0791
 37,  0 | TrAcc: 0.5813, TrLoss:  1.25417, VaAcc: 0.5566, VaLoss:  1.73226	 20 sampled NNs | VaAcc: 0.4884 +- 0.0399 | VaLoss: 1.3825 +- 0.0868
 38,  0 | TrAcc: 0.5948, TrLoss:  1.24469, VaAcc: 0.5872, VaLoss:  1.69485	 20 sampled NNs | VaAcc: 0.5349 +- 0.0363 | VaLoss: 1.3267 +- 0.0761
 39,  0 | TrAcc: 0.5782, TrLoss:  1.27958, VaAcc: 0.5911, VaLoss:  1.67161	 20 sampled NNs | VaAcc: 0.5425 +- 0.0377 | VaLoss: 1.2929 +- 0.0969
 40,  0 | TrAcc: 0.6091, TrLoss:  1.21088, VaAcc: 0.5949, VaLoss:  1.65146	 20 sampled NNs | VaAcc: 0.5483 +- 0.0362 | VaLoss: 1.2774 +- 0.1014
 41,  0 | TrAcc: 0.5808, TrLoss:  1.29664, VaAcc: 0.5771, VaLoss:  1.70834	 20 sampled NNs | VaAcc: 0.5280 +- 0.0435 | VaLoss: 1.3195 +- 0.1058
 42,  0 | TrAcc: 0.6477, TrLoss:  1.09259, VaAcc: 0.6070, VaLoss:  1.64134	 20 sampled NNs | VaAcc: 0.5603 +- 0.0322 | VaLoss: 1.2636 +- 0.1000
 43,  0 | TrAcc: 0.6209, TrLoss:  1.15843, VaAcc: 0.6091, VaLoss:  1.64438	 20 sampled NNs | VaAcc: 0.5778 +- 0.0310 | VaLoss: 1.2253 +- 0.0672
 44,  0 | TrAcc: 0.6381, TrLoss:  1.12934, VaAcc: 0.5982, VaLoss:  1.65196	 20 sampled NNs | VaAcc: 0.5709 +- 0.0293 | VaLoss: 1.2094 +- 0.0752
 45,  0 | TrAcc: 0.6272, TrLoss:  1.15239, VaAcc: 0.6246, VaLoss:  1.61097	 20 sampled NNs | VaAcc: 0.5866 +- 0.0258 | VaLoss: 1.2058 +- 0.0652
 46,  0 | TrAcc: 0.6207, TrLoss:  1.18043, VaAcc: 0.6207, VaLoss:  1.61545	 20 sampled NNs | VaAcc: 0.5900 +- 0.0312 | VaLoss: 1.1712 +- 0.0631
 47,  0 | TrAcc: 0.6175, TrLoss:  1.17583, VaAcc: 0.6216, VaLoss:  1.59403	 20 sampled NNs | VaAcc: 0.5836 +- 0.0296 | VaLoss: 1.1826 +- 0.0641
 48,  0 | TrAcc: 0.6422, TrLoss:  1.10076, VaAcc: 0.6307, VaLoss:  1.60952	 20 sampled NNs | VaAcc: 0.5916 +- 0.0355 | VaLoss: 1.1765 +- 0.0699
 49,  0 | TrAcc: 0.6538, TrLoss:  1.09116, VaAcc: 0.6384, VaLoss:  1.58276	 20 sampled NNs | VaAcc: 0.5964 +- 0.0211 | VaLoss: 1.1508 +- 0.0585
 50,  0 | TrAcc: 0.6449, TrLoss:  1.10710, VaAcc: 0.6551, VaLoss:  1.53138	 20 sampled NNs | VaAcc: 0.6137 +- 0.0317 | VaLoss: 1.0888 +- 0.0613
 51,  0 | TrAcc: 0.6382, TrLoss:  1.13754, VaAcc: 0.6562, VaLoss:  1.52212	 20 sampled NNs | VaAcc: 0.6232 +- 0.0326 | VaLoss: 1.0938 +- 0.0606
 52,  0 | TrAcc: 0.6500, TrLoss:  1.07532, VaAcc: 0.6337, VaLoss:  1.59364	 20 sampled NNs | VaAcc: 0.6052 +- 0.0293 | VaLoss: 1.1395 +- 0.0846
 53,  0 | TrAcc: 0.6231, TrLoss:  1.16818, VaAcc: 0.6626, VaLoss:  1.51398	 20 sampled NNs | VaAcc: 0.6206 +- 0.0274 | VaLoss: 1.0724 +- 0.0580
 54,  0 | TrAcc: 0.6807, TrLoss:  0.99790, VaAcc: 0.6593, VaLoss:  1.53627	 20 sampled NNs | VaAcc: 0.6295 +- 0.0342 | VaLoss: 1.0578 +- 0.0751
 55,  0 | TrAcc: 0.6983, TrLoss:  0.98305, VaAcc: 0.6670, VaLoss:  1.52867	 20 sampled NNs | VaAcc: 0.6246 +- 0.0416 | VaLoss: 1.0997 +- 0.1274
 56,  0 | TrAcc: 0.7017, TrLoss:  0.96925, VaAcc: 0.6654, VaLoss:  1.51550	 20 sampled NNs | VaAcc: 0.6219 +- 0.0356 | VaLoss: 1.0565 +- 0.0941
 57,  0 | TrAcc: 0.6841, TrLoss:  1.03621, VaAcc: 0.6695, VaLoss:  1.50468	 20 sampled NNs | VaAcc: 0.6500 +- 0.0150 | VaLoss: 1.0092 +- 0.0363
 58,  0 | TrAcc: 0.6770, TrLoss:  1.00746, VaAcc: 0.6739, VaLoss:  1.51993	 20 sampled NNs | VaAcc: 0.6510 +- 0.0194 | VaLoss: 1.0298 +- 0.0433
 59,  0 | TrAcc: 0.6809, TrLoss:  1.03337, VaAcc: 0.6665, VaLoss:  1.53080	 20 sampled NNs | VaAcc: 0.6442 +- 0.0276 | VaLoss: 1.0346 +- 0.0583
 60,  0 | TrAcc: 0.6585, TrLoss:  1.09036, VaAcc: 0.6749, VaLoss:  1.52178	 20 sampled NNs | VaAcc: 0.6355 +- 0.0249 | VaLoss: 1.0492 +- 0.0571
 61,  0 | TrAcc: 0.6784, TrLoss:  1.03350, VaAcc: 0.6618, VaLoss:  1.55613	 20 sampled NNs | VaAcc: 0.6414 +- 0.0210 | VaLoss: 1.0506 +- 0.0671
 62,  0 | TrAcc: 0.6524, TrLoss:  1.09478, VaAcc: 0.6697, VaLoss:  1.53076	 20 sampled NNs | VaAcc: 0.6397 +- 0.0253 | VaLoss: 1.0270 +- 0.0573
 63,  0 | TrAcc: 0.6868, TrLoss:  1.01065, VaAcc: 0.6819, VaLoss:  1.49445	 20 sampled NNs | VaAcc: 0.6485 +- 0.0188 | VaLoss: 1.0201 +- 0.0487
 64,  0 | TrAcc: 0.6919, TrLoss:  1.00389, VaAcc: 0.6537, VaLoss:  1.57812	 20 sampled NNs | VaAcc: 0.6369 +- 0.0245 | VaLoss: 1.0441 +- 0.0554
 65,  0 | TrAcc: 0.6949, TrLoss:  0.98362, VaAcc: 0.6736, VaLoss:  1.54165	 20 sampled NNs | VaAcc: 0.6468 +- 0.0248 | VaLoss: 1.0305 +- 0.0639
 66,  0 | TrAcc: 0.7038, TrLoss:  0.95640, VaAcc: 0.6829, VaLoss:  1.48409	 20 sampled NNs | VaAcc: 0.6583 +- 0.0270 | VaLoss: 0.9891 +- 0.0579
 67,  0 | TrAcc: 0.7152, TrLoss:  0.92724, VaAcc: 0.6918, VaLoss:  1.49502	 20 sampled NNs | VaAcc: 0.6621 +- 0.0256 | VaLoss: 0.9868 +- 0.0654
 68,  0 | TrAcc: 0.6991, TrLoss:  0.95843, VaAcc: 0.6838, VaLoss:  1.52720	 20 sampled NNs | VaAcc: 0.6574 +- 0.0220 | VaLoss: 1.0027 +- 0.0583
 69,  0 | TrAcc: 0.6873, TrLoss:  1.01714, VaAcc: 0.6909, VaLoss:  1.48908	 20 sampled NNs | VaAcc: 0.6678 +- 0.0279 | VaLoss: 0.9643 +- 0.0593
 70,  0 | TrAcc: 0.7343, TrLoss:  0.88617, VaAcc: 0.7001, VaLoss:  1.47538	 20 sampled NNs | VaAcc: 0.6782 +- 0.0191 | VaLoss: 0.9359 +- 0.0441
 71,  0 | TrAcc: 0.7144, TrLoss:  0.92758, VaAcc: 0.6932, VaLoss:  1.49474	 20 sampled NNs | VaAcc: 0.6727 +- 0.0201 | VaLoss: 0.9497 +- 0.0417
 72,  0 | TrAcc: 0.6953, TrLoss:  0.96248, VaAcc: 0.7035, VaLoss:  1.48094	 20 sampled NNs | VaAcc: 0.6825 +- 0.0197 | VaLoss: 0.9331 +- 0.0452
 73,  0 | TrAcc: 0.7230, TrLoss:  0.90525, VaAcc: 0.7048, VaLoss:  1.47106	 20 sampled NNs | VaAcc: 0.6775 +- 0.0159 | VaLoss: 0.9490 +- 0.0351
 74,  0 | TrAcc: 0.7253, TrLoss:  0.91724, VaAcc: 0.6865, VaLoss:  1.49354	 20 sampled NNs | VaAcc: 0.6583 +- 0.0279 | VaLoss: 0.9640 +- 0.0625
 75,  0 | TrAcc: 0.6926, TrLoss:  1.03156, VaAcc: 0.6853, VaLoss:  1.51417	 20 sampled NNs | VaAcc: 0.6700 +- 0.0228 | VaLoss: 0.9614 +- 0.0470
 76,  0 | TrAcc: 0.7241, TrLoss:  0.89346, VaAcc: 0.6913, VaLoss:  1.51826	 20 sampled NNs | VaAcc: 0.6619 +- 0.0240 | VaLoss: 0.9936 +- 0.0667
 77,  0 | TrAcc: 0.7013, TrLoss:  0.97247, VaAcc: 0.6886, VaLoss:  1.52567	 20 sampled NNs | VaAcc: 0.6633 +- 0.0213 | VaLoss: 0.9855 +- 0.0484
 78,  0 | TrAcc: 0.7028, TrLoss:  0.98107, VaAcc: 0.6910, VaLoss:  1.50420	 20 sampled NNs | VaAcc: 0.6650 +- 0.0178 | VaLoss: 0.9494 +- 0.0406
 79,  0 | TrAcc: 0.7124, TrLoss:  0.93562, VaAcc: 0.6877, VaLoss:  1.54475	 20 sampled NNs | VaAcc: 0.6721 +- 0.0205 | VaLoss: 0.9719 +- 0.0474
 80,  0 | TrAcc: 0.7260, TrLoss:  0.93048, VaAcc: 0.6889, VaLoss:  1.50732	 20 sampled NNs | VaAcc: 0.6622 +- 0.0164 | VaLoss: 0.9700 +- 0.0432
 81,  0 | TrAcc: 0.7134, TrLoss:  0.93722, VaAcc: 0.6915, VaLoss:  1.52681	 20 sampled NNs | VaAcc: 0.6675 +- 0.0212 | VaLoss: 0.9674 +- 0.0564
 82,  0 | TrAcc: 0.7275, TrLoss:  0.89963, VaAcc: 0.6971, VaLoss:  1.52333	 20 sampled NNs | VaAcc: 0.6816 +- 0.0182 | VaLoss: 0.9402 +- 0.0432
 83,  0 | TrAcc: 0.7279, TrLoss:  0.90705, VaAcc: 0.7019, VaLoss:  1.49947	 20 sampled NNs | VaAcc: 0.6806 +- 0.0281 | VaLoss: 0.9409 +- 0.0625
 84,  0 | TrAcc: 0.7258, TrLoss:  0.87421, VaAcc: 0.6926, VaLoss:  1.51334	 20 sampled NNs | VaAcc: 0.6723 +- 0.0194 | VaLoss: 0.9464 +- 0.0639
 85,  0 | TrAcc: 0.7272, TrLoss:  0.89320, VaAcc: 0.7039, VaLoss:  1.50992	 20 sampled NNs | VaAcc: 0.6829 +- 0.0156 | VaLoss: 0.9444 +- 0.0333
 86,  0 | TrAcc: 0.7225, TrLoss:  0.89865, VaAcc: 0.6944, VaLoss:  1.50464	 20 sampled NNs | VaAcc: 0.6715 +- 0.0192 | VaLoss: 0.9318 +- 0.0394
 87,  0 | TrAcc: 0.7195, TrLoss:  0.92307, VaAcc: 0.7147, VaLoss:  1.48667	 20 sampled NNs | VaAcc: 0.6880 +- 0.0206 | VaLoss: 0.9364 +- 0.0638
 88,  0 | TrAcc: 0.7408, TrLoss:  0.87508, VaAcc: 0.6983, VaLoss:  1.52812	 20 sampled NNs | VaAcc: 0.6722 +- 0.0219 | VaLoss: 0.9502 +- 0.0433
 89,  0 | TrAcc: 0.7396, TrLoss:  0.87995, VaAcc: 0.7079, VaLoss:  1.53662	 20 sampled NNs | VaAcc: 0.6880 +- 0.0270 | VaLoss: 0.9462 +- 0.0596
 90,  0 | TrAcc: 0.7490, TrLoss:  0.87277, VaAcc: 0.7056, VaLoss:  1.50025	 20 sampled NNs | VaAcc: 0.6882 +- 0.0231 | VaLoss: 0.9089 +- 0.0436
 91,  0 | TrAcc: 0.7375, TrLoss:  0.87218, VaAcc: 0.7188, VaLoss:  1.47513	 20 sampled NNs | VaAcc: 0.6975 +- 0.0207 | VaLoss: 0.8935 +- 0.0430
 92,  0 | TrAcc: 0.7306, TrLoss:  0.92546, VaAcc: 0.7253, VaLoss:  1.45923	 20 sampled NNs | VaAcc: 0.6965 +- 0.0419 | VaLoss: 0.8937 +- 0.1041
 93,  0 | TrAcc: 0.7188, TrLoss:  0.92983, VaAcc: 0.7309, VaLoss:  1.44834	 20 sampled NNs | VaAcc: 0.7102 +- 0.0227 | VaLoss: 0.8565 +- 0.0585
 94,  0 | TrAcc: 0.7374, TrLoss:  0.87632, VaAcc: 0.7138, VaLoss:  1.49524	 20 sampled NNs | VaAcc: 0.6918 +- 0.0154 | VaLoss: 0.8938 +- 0.0296
 95,  0 | TrAcc: 0.7352, TrLoss:  0.87025, VaAcc: 0.7027, VaLoss:  1.49961	 20 sampled NNs | VaAcc: 0.6793 +- 0.0269 | VaLoss: 0.9152 +- 0.0535
 96,  0 | TrAcc: 0.7409, TrLoss:  0.85182, VaAcc: 0.7329, VaLoss:  1.47428	 20 sampled NNs | VaAcc: 0.7241 +- 0.0172 | VaLoss: 0.8644 +- 0.0370
 97,  0 | TrAcc: 0.7316, TrLoss:  0.90121, VaAcc: 0.7243, VaLoss:  1.48469	 20 sampled NNs | VaAcc: 0.6967 +- 0.0176 | VaLoss: 0.9031 +- 0.0449
 98,  0 | TrAcc: 0.7138, TrLoss:  0.92159, VaAcc: 0.7158, VaLoss:  1.49187	 20 sampled NNs | VaAcc: 0.7041 +- 0.0218 | VaLoss: 0.8708 +- 0.0418
 99,  0 | TrAcc: 0.7425, TrLoss:  0.85834, VaAcc: 0.7316, VaLoss:  1.45370	 20 sampled NNs | VaAcc: 0.7172 +- 0.0186 | VaLoss: 0.8452 +- 0.0420
100,  0 | TrAcc: 0.7462, TrLoss:  0.85297, VaAcc: 0.7213, VaLoss:  1.46965	 20 sampled NNs | VaAcc: 0.6967 +- 0.0146 | VaLoss: 0.8758 +- 0.0327
101,  0 | TrAcc: 0.7402, TrLoss:  0.86934, VaAcc: 0.7142, VaLoss:  1.49673	 20 sampled NNs | VaAcc: 0.6961 +- 0.0158 | VaLoss: 0.8858 +- 0.0349
102,  0 | TrAcc: 0.7456, TrLoss:  0.85974, VaAcc: 0.7194, VaLoss:  1.47151	 20 sampled NNs | VaAcc: 0.7029 +- 0.0160 | VaLoss: 0.8573 +- 0.0436
103,  0 | TrAcc: 0.7390, TrLoss:  0.86752, VaAcc: 0.7222, VaLoss:  1.46758	 20 sampled NNs | VaAcc: 0.7033 +- 0.0176 | VaLoss: 0.8529 +- 0.0465
104,  0 | TrAcc: 0.7435, TrLoss:  0.85785, VaAcc: 0.7184, VaLoss:  1.51480	 20 sampled NNs | VaAcc: 0.6936 +- 0.0179 | VaLoss: 0.9148 +- 0.0525
105,  0 | TrAcc: 0.7257, TrLoss:  0.86095, VaAcc: 0.7150, VaLoss:  1.51744	 20 sampled NNs | VaAcc: 0.7008 +- 0.0219 | VaLoss: 0.8798 +- 0.0465
106,  0 | TrAcc: 0.7394, TrLoss:  0.86902, VaAcc: 0.7280, VaLoss:  1.47239	 20 sampled NNs | VaAcc: 0.7082 +- 0.0203 | VaLoss: 0.8547 +- 0.0389
107,  0 | TrAcc: 0.7510, TrLoss:  0.85964, VaAcc: 0.7000, VaLoss:  1.52239	 20 sampled NNs | VaAcc: 0.6734 +- 0.0214 | VaLoss: 0.9198 +- 0.0511
108,  0 | TrAcc: 0.7475, TrLoss:  0.84991, VaAcc: 0.7231, VaLoss:  1.47894	 20 sampled NNs | VaAcc: 0.7044 +- 0.0123 | VaLoss: 0.8568 +- 0.0224
109,  0 | TrAcc: 0.7532, TrLoss:  0.81478, VaAcc: 0.7348, VaLoss:  1.46314	 20 sampled NNs | VaAcc: 0.7145 +- 0.0188 | VaLoss: 0.8399 +- 0.0443
110,  0 | TrAcc: 0.7298, TrLoss:  0.87379, VaAcc: 0.7095, VaLoss:  1.52368	 20 sampled NNs | VaAcc: 0.6881 +- 0.0171 | VaLoss: 0.9009 +- 0.0346
111,  0 | TrAcc: 0.7566, TrLoss:  0.78310, VaAcc: 0.7239, VaLoss:  1.46596	 20 sampled NNs | VaAcc: 0.6947 +- 0.0154 | VaLoss: 0.8653 +- 0.0384
112,  0 | TrAcc: 0.7522, TrLoss:  0.84833, VaAcc: 0.7202, VaLoss:  1.48390	 20 sampled NNs | VaAcc: 0.6972 +- 0.0174 | VaLoss: 0.8623 +- 0.0425
113,  0 | TrAcc: 0.7576, TrLoss:  0.81633, VaAcc: 0.7351, VaLoss:  1.45878	 20 sampled NNs | VaAcc: 0.7223 +- 0.0153 | VaLoss: 0.8216 +- 0.0344
114,  0 | TrAcc: 0.7405, TrLoss:  0.85665, VaAcc: 0.7404, VaLoss:  1.45628	 20 sampled NNs | VaAcc: 0.7183 +- 0.0119 | VaLoss: 0.8374 +- 0.0338
115,  0 | TrAcc: 0.7492, TrLoss:  0.84432, VaAcc: 0.7320, VaLoss:  1.47034	 20 sampled NNs | VaAcc: 0.7146 +- 0.0128 | VaLoss: 0.8317 +- 0.0209
116,  0 | TrAcc: 0.7539, TrLoss:  0.85021, VaAcc: 0.7258, VaLoss:  1.47825	 20 sampled NNs | VaAcc: 0.7056 +- 0.0202 | VaLoss: 0.8511 +- 0.0548
117,  0 | TrAcc: 0.7551, TrLoss:  0.82483, VaAcc: 0.7147, VaLoss:  1.52808	 20 sampled NNs | VaAcc: 0.6940 +- 0.0235 | VaLoss: 0.9032 +- 0.0628
118,  0 | TrAcc: 0.7387, TrLoss:  0.88241, VaAcc: 0.7241, VaLoss:  1.49874	 20 sampled NNs | VaAcc: 0.7045 +- 0.0214 | VaLoss: 0.8647 +- 0.0553
119,  0 | TrAcc: 0.7500, TrLoss:  0.83460, VaAcc: 0.7409, VaLoss:  1.47226	 20 sampled NNs | VaAcc: 0.7172 +- 0.0146 | VaLoss: 0.8385 +- 0.0409
120,  0 | TrAcc: 0.7773, TrLoss:  0.77562, VaAcc: 0.7305, VaLoss:  1.50640	 20 sampled NNs | VaAcc: 0.7148 +- 0.0166 | VaLoss: 0.8445 +- 0.0406
121,  0 | TrAcc: 0.7395, TrLoss:  0.86114, VaAcc: 0.7326, VaLoss:  1.49794	 20 sampled NNs | VaAcc: 0.7072 +- 0.0218 | VaLoss: 0.8655 +- 0.0463
122,  0 | TrAcc: 0.7713, TrLoss:  0.79891, VaAcc: 0.7401, VaLoss:  1.46211	 20 sampled NNs | VaAcc: 0.7213 +- 0.0165 | VaLoss: 0.8182 +- 0.0433
123,  0 | TrAcc: 0.7487, TrLoss:  0.84332, VaAcc: 0.7320, VaLoss:  1.49515	 20 sampled NNs | VaAcc: 0.7176 +- 0.0184 | VaLoss: 0.8446 +- 0.0334
124,  0 | TrAcc: 0.7739, TrLoss:  0.78050, VaAcc: 0.7194, VaLoss:  1.55361	 20 sampled NNs | VaAcc: 0.7000 +- 0.0204 | VaLoss: 0.9155 +- 0.0534
125,  0 | TrAcc: 0.7670, TrLoss:  0.81265, VaAcc: 0.7398, VaLoss:  1.49470	 20 sampled NNs | VaAcc: 0.7249 +- 0.0150 | VaLoss: 0.8325 +- 0.0385
126,  0 | TrAcc: 0.7478, TrLoss:  0.83868, VaAcc: 0.7207, VaLoss:  1.51979	 20 sampled NNs | VaAcc: 0.6992 +- 0.0236 | VaLoss: 0.8817 +- 0.0537
127,  0 | TrAcc: 0.7421, TrLoss:  0.83834, VaAcc: 0.7439, VaLoss:  1.46422	 20 sampled NNs | VaAcc: 0.7276 +- 0.0173 | VaLoss: 0.8177 +- 0.0378
128,  0 | TrAcc: 0.7544, TrLoss:  0.82950, VaAcc: 0.7164, VaLoss:  1.55753	 20 sampled NNs | VaAcc: 0.7036 +- 0.0143 | VaLoss: 0.9007 +- 0.0464
129,  0 | TrAcc: 0.7715, TrLoss:  0.77427, VaAcc: 0.7370, VaLoss:  1.47612	 20 sampled NNs | VaAcc: 0.7179 +- 0.0194 | VaLoss: 0.8294 +- 0.0478
130,  0 | TrAcc: 0.7547, TrLoss:  0.84611, VaAcc: 0.7232, VaLoss:  1.54111	 20 sampled NNs | VaAcc: 0.7060 +- 0.0130 | VaLoss: 0.8840 +- 0.0329
131,  0 | TrAcc: 0.7668, TrLoss:  0.80152, VaAcc: 0.7293, VaLoss:  1.51712	 20 sampled NNs | VaAcc: 0.7146 +- 0.0203 | VaLoss: 0.8588 +- 0.0414
132,  0 | TrAcc: 0.7532, TrLoss:  0.82734, VaAcc: 0.7314, VaLoss:  1.50216	 20 sampled NNs | VaAcc: 0.7202 +- 0.0157 | VaLoss: 0.8428 +- 0.0497
133,  0 | TrAcc: 0.7480, TrLoss:  0.84699, VaAcc: 0.7356, VaLoss:  1.52292	 20 sampled NNs | VaAcc: 0.7190 +- 0.0192 | VaLoss: 0.8534 +- 0.0328
134,  0 | TrAcc: 0.7569, TrLoss:  0.83791, VaAcc: 0.7331, VaLoss:  1.50120	 20 sampled NNs | VaAcc: 0.7121 +- 0.0114 | VaLoss: 0.8499 +- 0.0412
135,  0 | TrAcc: 0.7747, TrLoss:  0.78473, VaAcc: 0.7417, VaLoss:  1.49002	 20 sampled NNs | VaAcc: 0.7261 +- 0.0201 | VaLoss: 0.8282 +- 0.0432
136,  0 | TrAcc: 0.7625, TrLoss:  0.81572, VaAcc: 0.7210, VaLoss:  1.50257	 20 sampled NNs | VaAcc: 0.7040 +- 0.0146 | VaLoss: 0.8425 +- 0.0413
137,  0 | TrAcc: 0.7672, TrLoss:  0.80514, VaAcc: 0.7438, VaLoss:  1.46977	 20 sampled NNs | VaAcc: 0.7308 +- 0.0190 | VaLoss: 0.8064 +- 0.0497
138,  0 | TrAcc: 0.7545, TrLoss:  0.83437, VaAcc: 0.7213, VaLoss:  1.50688	 20 sampled NNs | VaAcc: 0.7100 +- 0.0167 | VaLoss: 0.8343 +- 0.0380
139,  0 | TrAcc: 0.7570, TrLoss:  0.82446, VaAcc: 0.7308, VaLoss:  1.52279	 20 sampled NNs | VaAcc: 0.7143 +- 0.0137 | VaLoss: 0.8504 +- 0.0390
140,  0 | TrAcc: 0.7934, TrLoss:  0.71347, VaAcc: 0.7354, VaLoss:  1.50715	 20 sampled NNs | VaAcc: 0.7241 +- 0.0177 | VaLoss: 0.8346 +- 0.0456
141,  0 | TrAcc: 0.7838, TrLoss:  0.75818, VaAcc: 0.7448, VaLoss:  1.50884	 20 sampled NNs | VaAcc: 0.7251 +- 0.0127 | VaLoss: 0.8404 +- 0.0313
142,  0 | TrAcc: 0.7927, TrLoss:  0.72418, VaAcc: 0.7389, VaLoss:  1.48802	 20 sampled NNs | VaAcc: 0.7230 +- 0.0157 | VaLoss: 0.8256 +- 0.0407
143,  0 | TrAcc: 0.7539, TrLoss:  0.81733, VaAcc: 0.7178, VaLoss:  1.52170	 20 sampled NNs | VaAcc: 0.7029 +- 0.0149 | VaLoss: 0.8459 +- 0.0406
144,  0 | TrAcc: 0.7621, TrLoss:  0.80802, VaAcc: 0.7542, VaLoss:  1.47808	 20 sampled NNs | VaAcc: 0.7405 +- 0.0128 | VaLoss: 0.8046 +- 0.0354
145,  0 | TrAcc: 0.7725, TrLoss:  0.78809, VaAcc: 0.7370, VaLoss:  1.51365	 20 sampled NNs | VaAcc: 0.7216 +- 0.0203 | VaLoss: 0.8380 +- 0.0551
146,  0 | TrAcc: 0.7953, TrLoss:  0.73946, VaAcc: 0.7585, VaLoss:  1.44892	 20 sampled NNs | VaAcc: 0.7416 +- 0.0128 | VaLoss: 0.7879 +- 0.0304
147,  0 | TrAcc: 0.7604, TrLoss:  0.82154, VaAcc: 0.7352, VaLoss:  1.51801	 20 sampled NNs | VaAcc: 0.7216 +- 0.0206 | VaLoss: 0.8263 +- 0.0451
148,  0 | TrAcc: 0.7399, TrLoss:  0.87074, VaAcc: 0.7365, VaLoss:  1.50436	 20 sampled NNs | VaAcc: 0.7208 +- 0.0183 | VaLoss: 0.8205 +- 0.0403
149,  0 | TrAcc: 0.7747, TrLoss:  0.76627, VaAcc: 0.7399, VaLoss:  1.53140	 20 sampled NNs | VaAcc: 0.7258 +- 0.0117 | VaLoss: 0.8423 +- 0.0289
150,  0 | TrAcc: 0.7660, TrLoss:  0.77961, VaAcc: 0.7560, VaLoss:  1.47623	 20 sampled NNs | VaAcc: 0.7366 +- 0.0173 | VaLoss: 0.7980 +- 0.0442
151,  0 | TrAcc: 0.7590, TrLoss:  0.81656, VaAcc: 0.7550, VaLoss:  1.47332	 20 sampled NNs | VaAcc: 0.7361 +- 0.0135 | VaLoss: 0.7895 +- 0.0267
152,  0 | TrAcc: 0.7641, TrLoss:  0.81610, VaAcc: 0.7461, VaLoss:  1.49315	 20 sampled NNs | VaAcc: 0.7287 +- 0.0118 | VaLoss: 0.8216 +- 0.0315
153,  0 | TrAcc: 0.7828, TrLoss:  0.77063, VaAcc: 0.7418, VaLoss:  1.54678	 20 sampled NNs | VaAcc: 0.7282 +- 0.0157 | VaLoss: 0.8626 +- 0.0508
154,  0 | TrAcc: 0.7606, TrLoss:  0.80587, VaAcc: 0.7218, VaLoss:  1.56790	 20 sampled NNs | VaAcc: 0.7105 +- 0.0195 | VaLoss: 0.8652 +- 0.0365
155,  0 | TrAcc: 0.7636, TrLoss:  0.83835, VaAcc: 0.7224, VaLoss:  1.55995	 20 sampled NNs | VaAcc: 0.7119 +- 0.0150 | VaLoss: 0.8745 +- 0.0530
156,  0 | TrAcc: 0.7617, TrLoss:  0.81619, VaAcc: 0.7251, VaLoss:  1.56541	 20 sampled NNs | VaAcc: 0.7096 +- 0.0191 | VaLoss: 0.8697 +- 0.0403
157,  0 | TrAcc: 0.7751, TrLoss:  0.76612, VaAcc: 0.7471, VaLoss:  1.50213	 20 sampled NNs | VaAcc: 0.7302 +- 0.0156 | VaLoss: 0.8123 +- 0.0389
158,  0 | TrAcc: 0.7758, TrLoss:  0.78634, VaAcc: 0.7410, VaLoss:  1.52174	 20 sampled NNs | VaAcc: 0.7262 +- 0.0138 | VaLoss: 0.8322 +- 0.0310
159,  0 | TrAcc: 0.7813, TrLoss:  0.74907, VaAcc: 0.7427, VaLoss:  1.52657	 20 sampled NNs | VaAcc: 0.7230 +- 0.0117 | VaLoss: 0.8392 +- 0.0363
160,  0 | TrAcc: 0.7783, TrLoss:  0.74509, VaAcc: 0.7499, VaLoss:  1.51332	 20 sampled NNs | VaAcc: 0.7360 +- 0.0167 | VaLoss: 0.8224 +- 0.0414
161,  0 | TrAcc: 0.7923, TrLoss:  0.73391, VaAcc: 0.7420, VaLoss:  1.53255	 20 sampled NNs | VaAcc: 0.7272 +- 0.0131 | VaLoss: 0.8318 +- 0.0341
162,  0 | TrAcc: 0.7622, TrLoss:  0.79701, VaAcc: 0.7301, VaLoss:  1.53553	 20 sampled NNs | VaAcc: 0.7137 +- 0.0155 | VaLoss: 0.8396 +- 0.0441
163,  0 | TrAcc: 0.7568, TrLoss:  0.80408, VaAcc: 0.7335, VaLoss:  1.53598	 20 sampled NNs | VaAcc: 0.7146 +- 0.0168 | VaLoss: 0.8464 +- 0.0394
164,  0 | TrAcc: 0.7624, TrLoss:  0.80060, VaAcc: 0.7545, VaLoss:  1.51402	 20 sampled NNs | VaAcc: 0.7406 +- 0.0175 | VaLoss: 0.8012 +- 0.0353
165,  0 | TrAcc: 0.7849, TrLoss:  0.73941, VaAcc: 0.7331, VaLoss:  1.58662	 20 sampled NNs | VaAcc: 0.7189 +- 0.0140 | VaLoss: 0.8707 +- 0.0322
166,  0 | TrAcc: 0.7659, TrLoss:  0.80424, VaAcc: 0.7533, VaLoss:  1.52131	 20 sampled NNs | VaAcc: 0.7355 +- 0.0129 | VaLoss: 0.8158 +- 0.0352
167,  0 | TrAcc: 0.7816, TrLoss:  0.74696, VaAcc: 0.7372, VaLoss:  1.55401	 20 sampled NNs | VaAcc: 0.7305 +- 0.0165 | VaLoss: 0.8408 +- 0.0493
168,  0 | TrAcc: 0.7997, TrLoss:  0.72112, VaAcc: 0.7354, VaLoss:  1.53970	 20 sampled NNs | VaAcc: 0.7209 +- 0.0165 | VaLoss: 0.8304 +- 0.0451
169,  0 | TrAcc: 0.7842, TrLoss:  0.74530, VaAcc: 0.7660, VaLoss:  1.50084	 20 sampled NNs | VaAcc: 0.7460 +- 0.0180 | VaLoss: 0.7944 +- 0.0339
170,  0 | TrAcc: 0.7734, TrLoss:  0.77158, VaAcc: 0.7445, VaLoss:  1.53110	 20 sampled NNs | VaAcc: 0.7228 +- 0.0192 | VaLoss: 0.8354 +- 0.0443
171,  0 | TrAcc: 0.7893, TrLoss:  0.75308, VaAcc: 0.7338, VaLoss:  1.54054	 20 sampled NNs | VaAcc: 0.7155 +- 0.0162 | VaLoss: 0.8518 +- 0.0424
172,  0 | TrAcc: 0.7851, TrLoss:  0.78120, VaAcc: 0.7351, VaLoss:  1.56103	 20 sampled NNs | VaAcc: 0.7230 +- 0.0128 | VaLoss: 0.8455 +- 0.0339
173,  0 | TrAcc: 0.7713, TrLoss:  0.75414, VaAcc: 0.7446, VaLoss:  1.57005	 20 sampled NNs | VaAcc: 0.7353 +- 0.0123 | VaLoss: 0.8500 +- 0.0335
174,  0 | TrAcc: 0.7652, TrLoss:  0.79413, VaAcc: 0.7375, VaLoss:  1.57532	 20 sampled NNs | VaAcc: 0.7232 +- 0.0149 | VaLoss: 0.8626 +- 0.0332
175,  0 | TrAcc: 0.7847, TrLoss:  0.76065, VaAcc: 0.7348, VaLoss:  1.58383	 20 sampled NNs | VaAcc: 0.7226 +- 0.0143 | VaLoss: 0.8478 +- 0.0409
176,  0 | TrAcc: 0.7963, TrLoss:  0.74732, VaAcc: 0.7194, VaLoss:  1.59917	 20 sampled NNs | VaAcc: 0.7000 +- 0.0197 | VaLoss: 0.9065 +- 0.0529
177,  0 | TrAcc: 0.7614, TrLoss:  0.80004, VaAcc: 0.7319, VaLoss:  1.56719	 20 sampled NNs | VaAcc: 0.7093 +- 0.0174 | VaLoss: 0.8690 +- 0.0391
178,  0 | TrAcc: 0.7788, TrLoss:  0.75492, VaAcc: 0.7342, VaLoss:  1.57794	 20 sampled NNs | VaAcc: 0.7194 +- 0.0162 | VaLoss: 0.8616 +- 0.0406
179,  0 | TrAcc: 0.7925, TrLoss:  0.73300, VaAcc: 0.7487, VaLoss:  1.53133	 20 sampled NNs | VaAcc: 0.7289 +- 0.0156 | VaLoss: 0.8306 +- 0.0350
180,  0 | TrAcc: 0.7940, TrLoss:  0.73589, VaAcc: 0.7400, VaLoss:  1.56311	 20 sampled NNs | VaAcc: 0.7210 +- 0.0193 | VaLoss: 0.8627 +- 0.0434
181,  0 | TrAcc: 0.7913, TrLoss:  0.73347, VaAcc: 0.7516, VaLoss:  1.53103	 20 sampled NNs | VaAcc: 0.7348 +- 0.0135 | VaLoss: 0.8289 +- 0.0390
182,  0 | TrAcc: 0.8072, TrLoss:  0.68718, VaAcc: 0.7462, VaLoss:  1.52724	 20 sampled NNs | VaAcc: 0.7302 +- 0.0167 | VaLoss: 0.8106 +- 0.0329
183,  0 | TrAcc: 0.7915, TrLoss:  0.72883, VaAcc: 0.7538, VaLoss:  1.51598	 20 sampled NNs | VaAcc: 0.7417 +- 0.0154 | VaLoss: 0.7995 +- 0.0374
184,  0 | TrAcc: 0.8030, TrLoss:  0.68898, VaAcc: 0.7341, VaLoss:  1.58075	 20 sampled NNs | VaAcc: 0.7231 +- 0.0113 | VaLoss: 0.8551 +- 0.0162
185,  0 | TrAcc: 0.7885, TrLoss:  0.75537, VaAcc: 0.7492, VaLoss:  1.55242	 20 sampled NNs | VaAcc: 0.7335 +- 0.0161 | VaLoss: 0.8348 +- 0.0371
186,  0 | TrAcc: 0.7905, TrLoss:  0.75467, VaAcc: 0.7237, VaLoss:  1.56931	 20 sampled NNs | VaAcc: 0.7182 +- 0.0198 | VaLoss: 0.8328 +- 0.0454
187,  0 | TrAcc: 0.7979, TrLoss:  0.71105, VaAcc: 0.7261, VaLoss:  1.59598	 20 sampled NNs | VaAcc: 0.7119 +- 0.0218 | VaLoss: 0.8811 +- 0.0547
188,  0 | TrAcc: 0.7723, TrLoss:  0.75689, VaAcc: 0.7293, VaLoss:  1.61645	 20 sampled NNs | VaAcc: 0.7205 +- 0.0127 | VaLoss: 0.8781 +- 0.0506
189,  0 | TrAcc: 0.7874, TrLoss:  0.75487, VaAcc: 0.7499, VaLoss:  1.56763	 20 sampled NNs | VaAcc: 0.7355 +- 0.0117 | VaLoss: 0.8305 +- 0.0363
190,  0 | TrAcc: 0.7992, TrLoss:  0.71521, VaAcc: 0.7406, VaLoss:  1.58369	 20 sampled NNs | VaAcc: 0.7332 +- 0.0135 | VaLoss: 0.8375 +- 0.0431
191,  0 | TrAcc: 0.7855, TrLoss:  0.73062, VaAcc: 0.7411, VaLoss:  1.54184	 20 sampled NNs | VaAcc: 0.7276 +- 0.0145 | VaLoss: 0.8189 +- 0.0370
192,  0 | TrAcc: 0.7812, TrLoss:  0.76654, VaAcc: 0.7358, VaLoss:  1.58506	 20 sampled NNs | VaAcc: 0.7289 +- 0.0121 | VaLoss: 0.8386 +- 0.0401
193,  0 | TrAcc: 0.7786, TrLoss:  0.75179, VaAcc: 0.7364, VaLoss:  1.57341	 20 sampled NNs | VaAcc: 0.7244 +- 0.0149 | VaLoss: 0.8318 +- 0.0264
194,  0 | TrAcc: 0.7995, TrLoss:  0.71120, VaAcc: 0.7340, VaLoss:  1.57263	 20 sampled NNs | VaAcc: 0.7199 +- 0.0131 | VaLoss: 0.8459 +- 0.0375
195,  0 | TrAcc: 0.7916, TrLoss:  0.72248, VaAcc: 0.7501, VaLoss:  1.55417	 20 sampled NNs | VaAcc: 0.7372 +- 0.0163 | VaLoss: 0.8173 +- 0.0425
196,  0 | TrAcc: 0.7870, TrLoss:  0.71897, VaAcc: 0.7661, VaLoss:  1.53914	 20 sampled NNs | VaAcc: 0.7515 +- 0.0147 | VaLoss: 0.8152 +- 0.0329
197,  0 | TrAcc: 0.7869, TrLoss:  0.72650, VaAcc: 0.7541, VaLoss:  1.55790	 20 sampled NNs | VaAcc: 0.7453 +- 0.0194 | VaLoss: 0.8118 +- 0.0414
198,  0 | TrAcc: 0.7908, TrLoss:  0.73162, VaAcc: 0.7647, VaLoss:  1.55047	 20 sampled NNs | VaAcc: 0.7349 +- 0.0173 | VaLoss: 0.8164 +- 0.0392
199,  0 | TrAcc: 0.7807, TrLoss:  0.73823, VaAcc: 0.7375, VaLoss:  1.58902	 20 sampled NNs | VaAcc: 0.7219 +- 0.0141 | VaLoss: 0.8495 +- 0.0337
200,  0 | TrAcc: 0.8050, TrLoss:  0.70172, VaAcc: 0.7606, VaLoss:  1.53443	 20 sampled NNs | VaAcc: 0.7482 +- 0.0135 | VaLoss: 0.7911 +- 0.0355
201,  0 | TrAcc: 0.7847, TrLoss:  0.77089, VaAcc: 0.7675, VaLoss:  1.52447	 20 sampled NNs | VaAcc: 0.7553 +- 0.0134 | VaLoss: 0.7779 +- 0.0265
202,  0 | TrAcc: 0.7688, TrLoss:  0.82649, VaAcc: 0.7468, VaLoss:  1.57912	 20 sampled NNs | VaAcc: 0.7363 +- 0.0158 | VaLoss: 0.8452 +- 0.0366
203,  0 | TrAcc: 0.7998, TrLoss:  0.72279, VaAcc: 0.7498, VaLoss:  1.54227	 20 sampled NNs | VaAcc: 0.7310 +- 0.0173 | VaLoss: 0.8099 +- 0.0433
204,  0 | TrAcc: 0.7952, TrLoss:  0.74305, VaAcc: 0.7542, VaLoss:  1.53346	 20 sampled NNs | VaAcc: 0.7416 +- 0.0170 | VaLoss: 0.7857 +- 0.0309
205,  0 | TrAcc: 0.7660, TrLoss:  0.78625, VaAcc: 0.7532, VaLoss:  1.52887	 20 sampled NNs | VaAcc: 0.7409 +- 0.0154 | VaLoss: 0.7821 +- 0.0402
206,  0 | TrAcc: 0.7760, TrLoss:  0.77576, VaAcc: 0.7430, VaLoss:  1.56342	 20 sampled NNs | VaAcc: 0.7319 +- 0.0147 | VaLoss: 0.8090 +- 0.0411
207,  0 | TrAcc: 0.7900, TrLoss:  0.73718, VaAcc: 0.7520, VaLoss:  1.52841	 20 sampled NNs | VaAcc: 0.7335 +- 0.0181 | VaLoss: 0.7997 +- 0.0534
208,  0 | TrAcc: 0.7708, TrLoss:  0.79558, VaAcc: 0.7446, VaLoss:  1.55041	 20 sampled NNs | VaAcc: 0.7307 +- 0.0140 | VaLoss: 0.8110 +- 0.0423
209,  0 | TrAcc: 0.7729, TrLoss:  0.77500, VaAcc: 0.7471, VaLoss:  1.54349	 20 sampled NNs | VaAcc: 0.7355 +- 0.0133 | VaLoss: 0.7944 +- 0.0332
210,  0 | TrAcc: 0.7659, TrLoss:  0.79411, VaAcc: 0.7352, VaLoss:  1.55325	 20 sampled NNs | VaAcc: 0.7173 +- 0.0126 | VaLoss: 0.8258 +- 0.0330
211,  0 | TrAcc: 0.7868, TrLoss:  0.74443, VaAcc: 0.7371, VaLoss:  1.58867	 20 sampled NNs | VaAcc: 0.7342 +- 0.0133 | VaLoss: 0.8174 +- 0.0316
212,  0 | TrAcc: 0.7919, TrLoss:  0.72180, VaAcc: 0.7400, VaLoss:  1.58623	 20 sampled NNs | VaAcc: 0.7284 +- 0.0156 | VaLoss: 0.8340 +- 0.0324
213,  0 | TrAcc: 0.8064, TrLoss:  0.67532, VaAcc: 0.7494, VaLoss:  1.57499	 20 sampled NNs | VaAcc: 0.7382 +- 0.0130 | VaLoss: 0.8179 +- 0.0319
214,  0 | TrAcc: 0.7998, TrLoss:  0.70296, VaAcc: 0.7446, VaLoss:  1.58975	 20 sampled NNs | VaAcc: 0.7335 +- 0.0130 | VaLoss: 0.8403 +- 0.0426
215,  0 | TrAcc: 0.7751, TrLoss:  0.78668, VaAcc: 0.7275, VaLoss:  1.64437	 20 sampled NNs | VaAcc: 0.7082 +- 0.0118 | VaLoss: 0.9074 +- 0.0315
216,  0 | TrAcc: 0.7972, TrLoss:  0.71958, VaAcc: 0.7290, VaLoss:  1.61543	 20 sampled NNs | VaAcc: 0.7210 +- 0.0109 | VaLoss: 0.8490 +- 0.0303
217,  0 | TrAcc: 0.8208, TrLoss:  0.64663, VaAcc: 0.7611, VaLoss:  1.55534	 20 sampled NNs | VaAcc: 0.7491 +- 0.0137 | VaLoss: 0.8069 +- 0.0377
218,  0 | TrAcc: 0.8013, TrLoss:  0.70363, VaAcc: 0.7543, VaLoss:  1.58210	 20 sampled NNs | VaAcc: 0.7360 +- 0.0139 | VaLoss: 0.8305 +- 0.0318
219,  0 | TrAcc: 0.7944, TrLoss:  0.71099, VaAcc: 0.7523, VaLoss:  1.60500	 20 sampled NNs | VaAcc: 0.7367 +- 0.0148 | VaLoss: 0.8441 +- 0.0408
220,  0 | TrAcc: 0.7847, TrLoss:  0.73604, VaAcc: 0.7354, VaLoss:  1.60638	 20 sampled NNs | VaAcc: 0.7224 +- 0.0162 | VaLoss: 0.8524 +- 0.0443
221,  0 | TrAcc: 0.7893, TrLoss:  0.74921, VaAcc: 0.7516, VaLoss:  1.54348	 20 sampled NNs | VaAcc: 0.7406 +- 0.0124 | VaLoss: 0.7835 +- 0.0283
222,  0 | TrAcc: 0.8163, TrLoss:  0.66962, VaAcc: 0.7410, VaLoss:  1.56180	 20 sampled NNs | VaAcc: 0.7281 +- 0.0139 | VaLoss: 0.8201 +- 0.0421
223,  0 | TrAcc: 0.8077, TrLoss:  0.69302, VaAcc: 0.7478, VaLoss:  1.56483	 20 sampled NNs | VaAcc: 0.7386 +- 0.0131 | VaLoss: 0.8078 +- 0.0308
224,  0 | TrAcc: 0.7813, TrLoss:  0.76828, VaAcc: 0.7336, VaLoss:  1.61001	 20 sampled NNs | VaAcc: 0.7242 +- 0.0113 | VaLoss: 0.8470 +- 0.0317
225,  0 | TrAcc: 0.7944, TrLoss:  0.73028, VaAcc: 0.7352, VaLoss:  1.59424	 20 sampled NNs | VaAcc: 0.7267 +- 0.0151 | VaLoss: 0.8374 +- 0.0441
226,  0 | TrAcc: 0.8044, TrLoss:  0.72239, VaAcc: 0.7325, VaLoss:  1.62358	 20 sampled NNs | VaAcc: 0.7202 +- 0.0178 | VaLoss: 0.8622 +- 0.0505
227,  0 | TrAcc: 0.7881, TrLoss:  0.73427, VaAcc: 0.7758, VaLoss:  1.52919	 20 sampled NNs | VaAcc: 0.7609 +- 0.0116 | VaLoss: 0.7732 +- 0.0275
228,  0 | TrAcc: 0.7864, TrLoss:  0.75226, VaAcc: 0.7621, VaLoss:  1.57611	 20 sampled NNs | VaAcc: 0.7542 +- 0.0148 | VaLoss: 0.7960 +- 0.0454
229,  0 | TrAcc: 0.7986, TrLoss:  0.70096, VaAcc: 0.7477, VaLoss:  1.57257	 20 sampled NNs | VaAcc: 0.7324 +- 0.0118 | VaLoss: 0.8287 +- 0.0335
230,  0 | TrAcc: 0.8040, TrLoss:  0.70114, VaAcc: 0.7433, VaLoss:  1.58371	 20 sampled NNs | VaAcc: 0.7294 +- 0.0159 | VaLoss: 0.8227 +- 0.0358
231,  0 | TrAcc: 0.7961, TrLoss:  0.73341, VaAcc: 0.7528, VaLoss:  1.57798	 20 sampled NNs | VaAcc: 0.7463 +- 0.0156 | VaLoss: 0.8015 +- 0.0307
232,  0 | TrAcc: 0.7667, TrLoss:  0.81034, VaAcc: 0.7326, VaLoss:  1.58716	 20 sampled NNs | VaAcc: 0.7161 +- 0.0190 | VaLoss: 0.8316 +- 0.0356
233,  0 | TrAcc: 0.7913, TrLoss:  0.72881, VaAcc: 0.7418, VaLoss:  1.58928	 20 sampled NNs | VaAcc: 0.7287 +- 0.0194 | VaLoss: 0.8175 +- 0.0392
234,  0 | TrAcc: 0.8138, TrLoss:  0.67550, VaAcc: 0.7210, VaLoss:  1.62458	 20 sampled NNs | VaAcc: 0.7134 +- 0.0127 | VaLoss: 0.8599 +- 0.0391
235,  0 | TrAcc: 0.7981, TrLoss:  0.72614, VaAcc: 0.7489, VaLoss:  1.58309	 20 sampled NNs | VaAcc: 0.7421 +- 0.0127 | VaLoss: 0.8014 +- 0.0426
236,  0 | TrAcc: 0.7830, TrLoss:  0.78160, VaAcc: 0.7520, VaLoss:  1.56601	 20 sampled NNs | VaAcc: 0.7415 +- 0.0076 | VaLoss: 0.7985 +- 0.0280
237,  0 | TrAcc: 0.7949, TrLoss:  0.72662, VaAcc: 0.7464, VaLoss:  1.60340	 20 sampled NNs | VaAcc: 0.7273 +- 0.0155 | VaLoss: 0.8413 +- 0.0329
238,  0 | TrAcc: 0.8027, TrLoss:  0.72319, VaAcc: 0.7582, VaLoss:  1.55411	 20 sampled NNs | VaAcc: 0.7359 +- 0.0153 | VaLoss: 0.8010 +- 0.0410
239,  0 | TrAcc: 0.7942, TrLoss:  0.75656, VaAcc: 0.7560, VaLoss:  1.56927	 20 sampled NNs | VaAcc: 0.7430 +- 0.0103 | VaLoss: 0.7978 +- 0.0251
240,  0 | TrAcc: 0.8230, TrLoss:  0.66888, VaAcc: 0.7783, VaLoss:  1.51649	 20 sampled NNs | VaAcc: 0.7683 +- 0.0108 | VaLoss: 0.7332 +- 0.0280
241,  0 | TrAcc: 0.8091, TrLoss:  0.69571, VaAcc: 0.7483, VaLoss:  1.59297	 20 sampled NNs | VaAcc: 0.7402 +- 0.0106 | VaLoss: 0.8077 +- 0.0409
242,  0 | TrAcc: 0.7934, TrLoss:  0.73876, VaAcc: 0.7416, VaLoss:  1.62648	 20 sampled NNs | VaAcc: 0.7395 +- 0.0115 | VaLoss: 0.8288 +- 0.0319
243,  0 | TrAcc: 0.7846, TrLoss:  0.76641, VaAcc: 0.7637, VaLoss:  1.57735	 20 sampled NNs | VaAcc: 0.7536 +- 0.0143 | VaLoss: 0.7990 +- 0.0330
244,  0 | TrAcc: 0.8177, TrLoss:  0.67714, VaAcc: 0.7464, VaLoss:  1.60334	 20 sampled NNs | VaAcc: 0.7401 +- 0.0124 | VaLoss: 0.8216 +- 0.0337
245,  0 | TrAcc: 0.8100, TrLoss:  0.70252, VaAcc: 0.7347, VaLoss:  1.61147	 20 sampled NNs | VaAcc: 0.7193 +- 0.0186 | VaLoss: 0.8414 +- 0.0409
246,  0 | TrAcc: 0.7977, TrLoss:  0.74000, VaAcc: 0.7351, VaLoss:  1.64380	 20 sampled NNs | VaAcc: 0.7216 +- 0.0138 | VaLoss: 0.8707 +- 0.0322
247,  0 | TrAcc: 0.8215, TrLoss:  0.67151, VaAcc: 0.7459, VaLoss:  1.59226	 20 sampled NNs | VaAcc: 0.7348 +- 0.0138 | VaLoss: 0.8178 +- 0.0356
248,  0 | TrAcc: 0.7950, TrLoss:  0.74289, VaAcc: 0.7312, VaLoss:  1.64814	 20 sampled NNs | VaAcc: 0.7186 +- 0.0114 | VaLoss: 0.8643 +- 0.0305
249,  0 | TrAcc: 0.8143, TrLoss:  0.67884, VaAcc: 0.7396, VaLoss:  1.66465	 20 sampled NNs | VaAcc: 0.7352 +- 0.0134 | VaLoss: 0.8789 +- 0.0489
250,  0 | TrAcc: 0.8192, TrLoss:  0.65123, VaAcc: 0.7616, VaLoss:  1.57974	 20 sampled NNs | VaAcc: 0.7504 +- 0.0143 | VaLoss: 0.8012 +- 0.0412
251,  0 | TrAcc: 0.8014, TrLoss:  0.72913, VaAcc: 0.7411, VaLoss:  1.58627	 20 sampled NNs | VaAcc: 0.7298 +- 0.0122 | VaLoss: 0.8123 +- 0.0294
252,  0 | TrAcc: 0.8049, TrLoss:  0.69791, VaAcc: 0.7083, VaLoss:  1.68433	 20 sampled NNs | VaAcc: 0.7024 +- 0.0134 | VaLoss: 0.8969 +- 0.0373
253,  0 | TrAcc: 0.8054, TrLoss:  0.70395, VaAcc: 0.7411, VaLoss:  1.68359	 20 sampled NNs | VaAcc: 0.7286 +- 0.0124 | VaLoss: 0.8958 +- 0.0424
254,  0 | TrAcc: 0.8008, TrLoss:  0.70529, VaAcc: 0.7397, VaLoss:  1.63119	 20 sampled NNs | VaAcc: 0.7283 +- 0.0153 | VaLoss: 0.8490 +- 0.0403
255,  0 | TrAcc: 0.8086, TrLoss:  0.71476, VaAcc: 0.7253, VaLoss:  1.68295	 20 sampled NNs | VaAcc: 0.7141 +- 0.0167 | VaLoss: 0.9027 +- 0.0448
256,  0 | TrAcc: 0.8002, TrLoss:  0.73257, VaAcc: 0.7452, VaLoss:  1.62393	 20 sampled NNs | VaAcc: 0.7341 +- 0.0139 | VaLoss: 0.8444 +- 0.0342
257,  0 | TrAcc: 0.8265, TrLoss:  0.64584, VaAcc: 0.7476, VaLoss:  1.61596	 20 sampled NNs | VaAcc: 0.7372 +- 0.0166 | VaLoss: 0.8330 +- 0.0451
258,  0 | TrAcc: 0.8046, TrLoss:  0.68245, VaAcc: 0.7666, VaLoss:  1.56177	 20 sampled NNs | VaAcc: 0.7531 +- 0.0111 | VaLoss: 0.7849 +- 0.0228
259,  0 | TrAcc: 0.8094, TrLoss:  0.71104, VaAcc: 0.7463, VaLoss:  1.58870	 20 sampled NNs | VaAcc: 0.7368 +- 0.0159 | VaLoss: 0.7935 +- 0.0390
260,  0 | TrAcc: 0.7993, TrLoss:  0.70097, VaAcc: 0.7507, VaLoss:  1.64442	 20 sampled NNs | VaAcc: 0.7372 +- 0.0113 | VaLoss: 0.8483 +- 0.0346
261,  0 | TrAcc: 0.7990, TrLoss:  0.71372, VaAcc: 0.7475, VaLoss:  1.60952	 20 sampled NNs | VaAcc: 0.7330 +- 0.0114 | VaLoss: 0.8249 +- 0.0296
262,  0 | TrAcc: 0.8338, TrLoss:  0.64893, VaAcc: 0.7477, VaLoss:  1.63972	 20 sampled NNs | VaAcc: 0.7318 +- 0.0158 | VaLoss: 0.8620 +- 0.0358
263,  0 | TrAcc: 0.8081, TrLoss:  0.69423, VaAcc: 0.7578, VaLoss:  1.65576	 20 sampled NNs | VaAcc: 0.7442 +- 0.0157 | VaLoss: 0.8631 +- 0.0404
264,  0 | TrAcc: 0.8220, TrLoss:  0.67357, VaAcc: 0.7597, VaLoss:  1.59984	 20 sampled NNs | VaAcc: 0.7505 +- 0.0105 | VaLoss: 0.8152 +- 0.0269
265,  0 | TrAcc: 0.7794, TrLoss:  0.81064, VaAcc: 0.7594, VaLoss:  1.57625	 20 sampled NNs | VaAcc: 0.7495 +- 0.0164 | VaLoss: 0.7875 +- 0.0378
266,  0 | TrAcc: 0.8208, TrLoss:  0.65706, VaAcc: 0.7782, VaLoss:  1.56359	 20 sampled NNs | VaAcc: 0.7638 +- 0.0120 | VaLoss: 0.7659 +- 0.0342
267,  0 | TrAcc: 0.8094, TrLoss:  0.68400, VaAcc: 0.7563, VaLoss:  1.63305	 20 sampled NNs | VaAcc: 0.7416 +- 0.0111 | VaLoss: 0.8393 +- 0.0228
268,  0 | TrAcc: 0.8016, TrLoss:  0.72109, VaAcc: 0.7637, VaLoss:  1.59833	 20 sampled NNs | VaAcc: 0.7570 +- 0.0106 | VaLoss: 0.7942 +- 0.0394
269,  0 | TrAcc: 0.8097, TrLoss:  0.69673, VaAcc: 0.7234, VaLoss:  1.73336	 20 sampled NNs | VaAcc: 0.7107 +- 0.0187 | VaLoss: 0.9567 +- 0.0448
270,  0 | TrAcc: 0.8076, TrLoss:  0.71684, VaAcc: 0.7521, VaLoss:  1.63802	 20 sampled NNs | VaAcc: 0.7418 +- 0.0104 | VaLoss: 0.8434 +- 0.0308
271,  0 | TrAcc: 0.8053, TrLoss:  0.71394, VaAcc: 0.7741, VaLoss:  1.56122	 20 sampled NNs | VaAcc: 0.7654 +- 0.0109 | VaLoss: 0.7597 +- 0.0321
272,  0 | TrAcc: 0.8100, TrLoss:  0.70121, VaAcc: 0.7472, VaLoss:  1.61561	 20 sampled NNs | VaAcc: 0.7362 +- 0.0113 | VaLoss: 0.8300 +- 0.0387
273,  0 | TrAcc: 0.8172, TrLoss:  0.67302, VaAcc: 0.7504, VaLoss:  1.58386	 20 sampled NNs | VaAcc: 0.7410 +- 0.0110 | VaLoss: 0.7982 +- 0.0357
274,  0 | TrAcc: 0.8020, TrLoss:  0.73926, VaAcc: 0.7600, VaLoss:  1.56140	 20 sampled NNs | VaAcc: 0.7450 +- 0.0133 | VaLoss: 0.7706 +- 0.0277
275,  0 | TrAcc: 0.7993, TrLoss:  0.71466, VaAcc: 0.7598, VaLoss:  1.64142	 20 sampled NNs | VaAcc: 0.7449 +- 0.0159 | VaLoss: 0.8622 +- 0.0390
276,  0 | TrAcc: 0.8003, TrLoss:  0.71817, VaAcc: 0.7495, VaLoss:  1.59410	 20 sampled NNs | VaAcc: 0.7388 +- 0.0164 | VaLoss: 0.8014 +- 0.0351
277,  0 | TrAcc: 0.8327, TrLoss:  0.65954, VaAcc: 0.7397, VaLoss:  1.65135	 20 sampled NNs | VaAcc: 0.7331 +- 0.0154 | VaLoss: 0.8492 +- 0.0418
278,  0 | TrAcc: 0.8021, TrLoss:  0.72158, VaAcc: 0.7500, VaLoss:  1.58531	 20 sampled NNs | VaAcc: 0.7400 +- 0.0106 | VaLoss: 0.7964 +- 0.0298
279,  0 | TrAcc: 0.7893, TrLoss:  0.73764, VaAcc: 0.7389, VaLoss:  1.65321	 20 sampled NNs | VaAcc: 0.7274 +- 0.0125 | VaLoss: 0.8539 +- 0.0357
280,  0 | TrAcc: 0.7967, TrLoss:  0.74632, VaAcc: 0.7544, VaLoss:  1.63942	 20 sampled NNs | VaAcc: 0.7426 +- 0.0113 | VaLoss: 0.8481 +- 0.0391
281,  0 | TrAcc: 0.8106, TrLoss:  0.67915, VaAcc: 0.7490, VaLoss:  1.63000	 20 sampled NNs | VaAcc: 0.7433 +- 0.0119 | VaLoss: 0.8166 +- 0.0322
282,  0 | TrAcc: 0.8192, TrLoss:  0.66564, VaAcc: 0.7300, VaLoss:  1.66501	 20 sampled NNs | VaAcc: 0.7191 +- 0.0100 | VaLoss: 0.8618 +- 0.0361
283,  0 | TrAcc: 0.8206, TrLoss:  0.67687, VaAcc: 0.7438, VaLoss:  1.65991	 20 sampled NNs | VaAcc: 0.7350 +- 0.0105 | VaLoss: 0.8583 +- 0.0327
284,  0 | TrAcc: 0.8079, TrLoss:  0.70674, VaAcc: 0.7430, VaLoss:  1.66366	 20 sampled NNs | VaAcc: 0.7379 +- 0.0197 | VaLoss: 0.8621 +- 0.0418
285,  0 | TrAcc: 0.7926, TrLoss:  0.74303, VaAcc: 0.7549, VaLoss:  1.61412	 20 sampled NNs | VaAcc: 0.7476 +- 0.0126 | VaLoss: 0.8021 +- 0.0284
286,  0 | TrAcc: 0.7984, TrLoss:  0.71535, VaAcc: 0.7566, VaLoss:  1.64393	 20 sampled NNs | VaAcc: 0.7440 +- 0.0115 | VaLoss: 0.8391 +- 0.0427
287,  0 | TrAcc: 0.8063, TrLoss:  0.70255, VaAcc: 0.7655, VaLoss:  1.59801	 20 sampled NNs | VaAcc: 0.7509 +- 0.0157 | VaLoss: 0.8059 +- 0.0407
288,  0 | TrAcc: 0.7843, TrLoss:  0.77951, VaAcc: 0.7501, VaLoss:  1.60979	 20 sampled NNs | VaAcc: 0.7361 +- 0.0123 | VaLoss: 0.8143 +- 0.0430
289,  0 | TrAcc: 0.8147, TrLoss:  0.67653, VaAcc: 0.7405, VaLoss:  1.65825	 20 sampled NNs | VaAcc: 0.7274 +- 0.0130 | VaLoss: 0.8656 +- 0.0433
290,  0 | TrAcc: 0.8126, TrLoss:  0.69346, VaAcc: 0.7589, VaLoss:  1.60145	 20 sampled NNs | VaAcc: 0.7536 +- 0.0114 | VaLoss: 0.7844 +- 0.0301
291,  0 | TrAcc: 0.8019, TrLoss:  0.69138, VaAcc: 0.7550, VaLoss:  1.59846	 20 sampled NNs | VaAcc: 0.7435 +- 0.0150 | VaLoss: 0.7954 +- 0.0347
292,  0 | TrAcc: 0.8085, TrLoss:  0.69929, VaAcc: 0.7588, VaLoss:  1.62417	 20 sampled NNs | VaAcc: 0.7487 +- 0.0082 | VaLoss: 0.8136 +- 0.0231
293,  0 | TrAcc: 0.7980, TrLoss:  0.72674, VaAcc: 0.7492, VaLoss:  1.64655	 20 sampled NNs | VaAcc: 0.7381 +- 0.0138 | VaLoss: 0.8364 +- 0.0479
294,  0 | TrAcc: 0.8205, TrLoss:  0.65282, VaAcc: 0.7432, VaLoss:  1.64554	 20 sampled NNs | VaAcc: 0.7284 +- 0.0097 | VaLoss: 0.8464 +- 0.0246
295,  0 | TrAcc: 0.8030, TrLoss:  0.71020, VaAcc: 0.7503, VaLoss:  1.67440	 20 sampled NNs | VaAcc: 0.7367 +- 0.0129 | VaLoss: 0.8707 +- 0.0393
296,  0 | TrAcc: 0.7952, TrLoss:  0.73571, VaAcc: 0.7439, VaLoss:  1.63101	 20 sampled NNs | VaAcc: 0.7301 +- 0.0131 | VaLoss: 0.8418 +- 0.0330
297,  0 | TrAcc: 0.8043, TrLoss:  0.70512, VaAcc: 0.7747, VaLoss:  1.56052	 20 sampled NNs | VaAcc: 0.7666 +- 0.0111 | VaLoss: 0.7588 +- 0.0232
298,  0 | TrAcc: 0.7926, TrLoss:  0.76776, VaAcc: 0.7558, VaLoss:  1.61386	 20 sampled NNs | VaAcc: 0.7479 +- 0.0133 | VaLoss: 0.8074 +- 0.0314
299,  0 | TrAcc: 0.8011, TrLoss:  0.69800, VaAcc: 0.7552, VaLoss:  1.61604	 20 sampled NNs | VaAcc: 0.7471 +- 0.0126 | VaLoss: 0.8038 +- 0.0293
17870.374846000002
----------------------------
