

config:

HOME=/clusterFS/home/student/kopp13
PATH=/clusterFS/home/student/kopp13/miniconda3/envs/tensorflow/bin:/clusterFS/home/student/kopp13/miniconda3/bin:/clusterFS/home/student/kopp13/bin:/usr/local/bin:/usr/bin:/bin:/usr/local/games:/usr/games
LD_LIBRARY_PATH=
THEANO_FLAGS=floatX=float32,gpuarray.preallocate=0.9,dnn.library_path=/usr/lib/x86_64-linux-gnu,cxx=clang++-3.8,device=cuda,base_compiledir=/tmp/tmp.3LfWZJ0wc6

=============================
CONFIG FILE

RNN CONFIG
{'data_multiplier': 0.01,
 'gradient_clip_value': 0.5,
 'layer_configs': [{'layer_type': 'input'},
                   {'bc': {'init_m': 'xavier',
                           'init_v': -4.5,
                           'prior_m': 0.0,
                           'prior_v': 0.0,
                           'type': 'continuous'},
                    'bf': {'init_m': 'xavier',
                           'init_v': -4.5,
                           'prior_m': 0.0,
                           'prior_v': 0.0,
                           'type': 'continuous'},
                    'bi': {'init_m': 'xavier',
                           'init_v': -4.5,
                           'prior_m': 0.0,
                           'prior_v': 0.0,
                           'type': 'continuous'},
                    'bo': {'init_m': 'xavier',
                           'init_v': -4.5,
                           'prior_m': 0.0,
                           'prior_v': 0.0,
                           'type': 'continuous'},
                    'init_config': {'c': {'b': 'all_zero', 'w': 'xavier'},
                                    'f': {'b': 'all_one', 'w': 'all_zero'},
                                    'i': {'b': 'all_zero', 'w': 'xavier'},
                                    'o': {'b': 'all_zero', 'w': 'xavier'}},
                    'is_output': False,
                    'is_recurrent': True,
                    'layer_type': 'lstm',
                    'tau': 0.5,
                    'var_scope': 'lstm_0',
                    'wc': {'p0max': 0.95,
                           'p0min': 0.05,
                           'pmax': 0.99,
                           'pmin': 0.01,
                           'priors': [0.2, 0.6, 0.2],
                           'type': 'ternary'},
                    'wf': {'p0max': 0.95,
                           'p0min': 0.05,
                           'pmax': 0.99,
                           'pmin': 0.01,
                           'priors': [0.2, 0.6, 0.2],
                           'type': 'ternary'},
                    'wi': {'p0max': 0.95,
                           'p0min': 0.05,
                           'pmax': 0.99,
                           'pmin': 0.01,
                           'priors': [0.2, 0.6, 0.2],
                           'type': 'ternary'},
                    'wo': {'p0max': 0.95,
                           'p0min': 0.05,
                           'pmax': 0.99,
                           'pmin': 0.01,
                           'priors': [0.2, 0.6, 0.2],
                           'type': 'ternary'}},
                   {'bc': {'init_m': 'xavier',
                           'init_v': -4.5,
                           'prior_m': 0.0,
                           'prior_v': 0.0,
                           'type': 'continuous'},
                    'bf': {'init_m': 'xavier',
                           'init_v': -4.5,
                           'prior_m': 0.0,
                           'prior_v': 0.0,
                           'type': 'continuous'},
                    'bi': {'init_m': 'xavier',
                           'init_v': -4.5,
                           'prior_m': 0.0,
                           'prior_v': 0.0,
                           'type': 'continuous'},
                    'bo': {'init_m': 'xavier',
                           'init_v': -4.5,
                           'prior_m': 0.0,
                           'prior_v': 0.0,
                           'type': 'continuous'},
                    'init_config': {'c': {'b': 'all_zero', 'w': 'xavier'},
                                    'f': {'b': 'all_one', 'w': 'all_zero'},
                                    'i': {'b': 'all_zero', 'w': 'xavier'},
                                    'o': {'b': 'all_zero', 'w': 'xavier'}},
                    'is_output': False,
                    'is_recurrent': True,
                    'layer_type': 'lstm',
                    'tau': 0.5,
                    'var_scope': 'lstm_1',
                    'wc': {'p0max': 0.95,
                           'p0min': 0.05,
                           'pmax': 0.99,
                           'pmin': 0.01,
                           'priors': [0.2, 0.6, 0.2],
                           'type': 'ternary'},
                    'wf': {'p0max': 0.95,
                           'p0min': 0.05,
                           'pmax': 0.99,
                           'pmin': 0.01,
                           'priors': [0.2, 0.6, 0.2],
                           'type': 'ternary'},
                    'wi': {'p0max': 0.95,
                           'p0min': 0.05,
                           'pmax': 0.99,
                           'pmin': 0.01,
                           'priors': [0.2, 0.6, 0.2],
                           'type': 'ternary'},
                    'wo': {'p0max': 0.95,
                           'p0min': 0.05,
                           'pmax': 0.99,
                           'pmin': 0.01,
                           'priors': [0.2, 0.6, 0.2],
                           'type': 'ternary'}},
                   {'b': {'init_m': 'xavier',
                          'init_v': -4.5,
                          'prior_m': 0.0,
                          'prior_v': 0.0,
                          'type': 'continuous'},
                    'is_output': True,
                    'is_recurrent': False,
                    'layer_type': 'fc',
                    'regularization': {'mode': None, 'strength': 0.02},
                    'tau': 0.5,
                    'var_scope': 'output_layer',
                    'w': {'p0max': 0.95,
                          'p0min': 0.05,
                          'pmax': 0.99,
                          'pmin': 0.01,
                          'priors': [0.2, 0.6, 0.2],
                          'type': 'ternary'}}],
 'layout': [4, 60, 60, 10],
 'output_type': 'classification'}

DATA CONFIG
{'dataset': 'red_penstroke',
 'tr': {'in_seq_len': 30,
        'minibatch_enabled': True,
        'minibatch_size': 200,
        'out_seq_len': 5,
        'zero_padding': 20},
 'va': {'in_seq_len': 30,
        'minibatch_enabled': True,
        'minibatch_size': 200,
        'out_seq_len': 5,
        'zero_padding': 20}}

TRAINING CONFIG
{'beta_reg': 0.0,
 'is_pretrain': False,
 'learning_rate': 0.002,
 'mode': {'max_epochs': 300, 'min_error': 0.0, 'name': 'classic'},
 'task_id': 0,
 'type': 'g_sampling',
 'var_reg': 0.01}
==============================


  0,  0 | TrAcc: 0.1011, TrLoss: 13.21419, VaAcc: 0.1012, VaLoss: 52.06348	 20 sampled NNs | VaAcc: 0.1005 +- 0.0192 | VaLoss: 3.8121 +- 0.4667
  1,  0 | TrAcc: 0.1375, TrLoss: 10.96877, VaAcc: 0.1268, VaLoss: 47.26909	 20 sampled NNs | VaAcc: 0.1180 +- 0.0223 | VaLoss: 2.4025 +- 0.1010
  2,  0 | TrAcc: 0.1202, TrLoss: 10.01606, VaAcc: 0.1204, VaLoss: 42.35496	 20 sampled NNs | VaAcc: 0.1125 +- 0.0191 | VaLoss: 2.3467 +- 0.0746
  3,  0 | TrAcc: 0.1890, TrLoss:  8.69032, VaAcc: 0.1290, VaLoss: 35.83862	 20 sampled NNs | VaAcc: 0.1242 +- 0.0192 | VaLoss: 2.4108 +- 0.0576
  4,  0 | TrAcc: 0.1396, TrLoss:  7.26639, VaAcc: 0.1072, VaLoss: 28.22150	 20 sampled NNs | VaAcc: 0.1089 +- 0.0197 | VaLoss: 2.4101 +- 0.0660
  5,  0 | TrAcc: 0.1458, TrLoss:  5.92588, VaAcc: 0.1207, VaLoss: 21.36568	 20 sampled NNs | VaAcc: 0.1167 +- 0.0231 | VaLoss: 2.3984 +- 0.0684
  6,  0 | TrAcc: 0.1355, TrLoss:  4.97297, VaAcc: 0.1141, VaLoss: 16.32617	 20 sampled NNs | VaAcc: 0.1138 +- 0.0273 | VaLoss: 2.4187 +- 0.0798
  7,  0 | TrAcc: 0.1583, TrLoss:  4.29423, VaAcc: 0.1263, VaLoss: 12.82491	 20 sampled NNs | VaAcc: 0.1134 +- 0.0245 | VaLoss: 2.4192 +- 0.0984
  8,  0 | TrAcc: 0.1462, TrLoss:  3.80949, VaAcc: 0.1237, VaLoss: 10.34609	 20 sampled NNs | VaAcc: 0.1211 +- 0.0218 | VaLoss: 2.3851 +- 0.0682
  9,  0 | TrAcc: 0.1331, TrLoss:  3.46745, VaAcc: 0.1154, VaLoss:  8.53528	 20 sampled NNs | VaAcc: 0.1127 +- 0.0179 | VaLoss: 2.4213 +- 0.0723
 10,  0 | TrAcc: 0.1565, TrLoss:  3.15869, VaAcc: 0.1256, VaLoss:  7.20731	 20 sampled NNs | VaAcc: 0.1232 +- 0.0180 | VaLoss: 2.4042 +- 0.0881
 11,  0 | TrAcc: 0.1633, TrLoss:  2.99089, VaAcc: 0.1313, VaLoss:  6.19818	 20 sampled NNs | VaAcc: 0.1129 +- 0.0146 | VaLoss: 2.4169 +- 0.0546
 12,  0 | TrAcc: 0.1427, TrLoss:  2.85806, VaAcc: 0.1234, VaLoss:  5.48224	 20 sampled NNs | VaAcc: 0.1138 +- 0.0184 | VaLoss: 2.4210 +- 0.0991
 13,  0 | TrAcc: 0.1473, TrLoss:  2.73962, VaAcc: 0.1303, VaLoss:  4.93605	 20 sampled NNs | VaAcc: 0.1164 +- 0.0235 | VaLoss: 2.3944 +- 0.0715
 14,  0 | TrAcc: 0.1540, TrLoss:  2.68123, VaAcc: 0.1302, VaLoss:  4.55619	 20 sampled NNs | VaAcc: 0.1183 +- 0.0198 | VaLoss: 2.4331 +- 0.0769
 15,  0 | TrAcc: 0.1531, TrLoss:  2.59045, VaAcc: 0.1299, VaLoss:  4.24834	 20 sampled NNs | VaAcc: 0.1263 +- 0.0225 | VaLoss: 2.3761 +- 0.0739
 16,  0 | TrAcc: 0.1496, TrLoss:  2.54362, VaAcc: 0.1265, VaLoss:  4.03617	 20 sampled NNs | VaAcc: 0.1304 +- 0.0210 | VaLoss: 2.3819 +- 0.0631
 17,  0 | TrAcc: 0.1613, TrLoss:  2.52552, VaAcc: 0.1350, VaLoss:  3.87727	 20 sampled NNs | VaAcc: 0.1211 +- 0.0178 | VaLoss: 2.4269 +- 0.0786
 18,  0 | TrAcc: 0.1653, TrLoss:  2.49320, VaAcc: 0.1383, VaLoss:  3.73026	 20 sampled NNs | VaAcc: 0.1265 +- 0.0303 | VaLoss: 2.3814 +- 0.0524
 19,  0 | TrAcc: 0.1490, TrLoss:  2.47714, VaAcc: 0.1276, VaLoss:  3.61956	 20 sampled NNs | VaAcc: 0.1264 +- 0.0231 | VaLoss: 2.3684 +- 0.0595
 20,  0 | TrAcc: 0.1623, TrLoss:  2.44152, VaAcc: 0.1340, VaLoss:  3.55291	 20 sampled NNs | VaAcc: 0.1154 +- 0.0174 | VaLoss: 2.4115 +- 0.0651
 21,  0 | TrAcc: 0.1730, TrLoss:  2.42958, VaAcc: 0.1453, VaLoss:  3.47629	 20 sampled NNs | VaAcc: 0.1332 +- 0.0220 | VaLoss: 2.3744 +- 0.0748
 22,  0 | TrAcc: 0.1639, TrLoss:  2.42912, VaAcc: 0.1405, VaLoss:  3.40448	 20 sampled NNs | VaAcc: 0.1298 +- 0.0219 | VaLoss: 2.3762 +- 0.0680
 23,  0 | TrAcc: 0.1656, TrLoss:  2.39712, VaAcc: 0.1384, VaLoss:  3.38556	 20 sampled NNs | VaAcc: 0.1192 +- 0.0223 | VaLoss: 2.3816 +- 0.0879
 24,  0 | TrAcc: 0.1485, TrLoss:  2.43681, VaAcc: 0.1329, VaLoss:  3.34373	 20 sampled NNs | VaAcc: 0.1181 +- 0.0251 | VaLoss: 2.3741 +- 0.0509
 25,  0 | TrAcc: 0.1844, TrLoss:  2.37606, VaAcc: 0.1442, VaLoss:  3.30962	 20 sampled NNs | VaAcc: 0.1304 +- 0.0199 | VaLoss: 2.4025 +- 0.1052
 26,  0 | TrAcc: 0.1806, TrLoss:  2.40039, VaAcc: 0.1535, VaLoss:  3.30717	 20 sampled NNs | VaAcc: 0.1255 +- 0.0199 | VaLoss: 2.3847 +- 0.0688
 27,  0 | TrAcc: 0.1625, TrLoss:  2.38908, VaAcc: 0.1405, VaLoss:  3.27459	 20 sampled NNs | VaAcc: 0.1405 +- 0.0196 | VaLoss: 2.3751 +- 0.0792
 28,  0 | TrAcc: 0.1615, TrLoss:  2.39561, VaAcc: 0.1360, VaLoss:  3.24724	 20 sampled NNs | VaAcc: 0.1259 +- 0.0232 | VaLoss: 2.3779 +- 0.0903
 29,  0 | TrAcc: 0.1789, TrLoss:  2.38812, VaAcc: 0.1453, VaLoss:  3.23224	 20 sampled NNs | VaAcc: 0.1341 +- 0.0191 | VaLoss: 2.3829 +- 0.0975
 30,  0 | TrAcc: 0.1904, TrLoss:  2.36631, VaAcc: 0.1478, VaLoss:  3.25733	 20 sampled NNs | VaAcc: 0.1397 +- 0.0214 | VaLoss: 2.4011 +- 0.0983
 31,  0 | TrAcc: 0.1883, TrLoss:  2.37142, VaAcc: 0.1470, VaLoss:  3.24799	 20 sampled NNs | VaAcc: 0.1217 +- 0.0262 | VaLoss: 2.3909 +- 0.0849
 32,  0 | TrAcc: 0.1875, TrLoss:  2.35811, VaAcc: 0.1498, VaLoss:  3.24114	 20 sampled NNs | VaAcc: 0.1180 +- 0.0246 | VaLoss: 2.4247 +- 0.1382
 33,  0 | TrAcc: 0.1772, TrLoss:  2.37766, VaAcc: 0.1562, VaLoss:  3.23220	 20 sampled NNs | VaAcc: 0.1319 +- 0.0178 | VaLoss: 2.3712 +- 0.1046
 34,  0 | TrAcc: 0.1805, TrLoss:  2.36819, VaAcc: 0.1502, VaLoss:  3.24881	 20 sampled NNs | VaAcc: 0.1312 +- 0.0211 | VaLoss: 2.3615 +- 0.0806
 35,  0 | TrAcc: 0.2045, TrLoss:  2.32579, VaAcc: 0.1514, VaLoss:  3.25916	 20 sampled NNs | VaAcc: 0.1355 +- 0.0323 | VaLoss: 2.3535 +- 0.0724
 36,  0 | TrAcc: 0.2003, TrLoss:  2.34431, VaAcc: 0.1518, VaLoss:  3.26132	 20 sampled NNs | VaAcc: 0.1368 +- 0.0232 | VaLoss: 2.3726 +- 0.0984
 37,  0 | TrAcc: 0.1970, TrLoss:  2.35836, VaAcc: 0.1620, VaLoss:  3.24784	 20 sampled NNs | VaAcc: 0.1421 +- 0.0287 | VaLoss: 2.3281 +- 0.0741
 38,  0 | TrAcc: 0.1869, TrLoss:  2.35318, VaAcc: 0.1536, VaLoss:  3.27248	 20 sampled NNs | VaAcc: 0.1337 +- 0.0223 | VaLoss: 2.3527 +- 0.0854
 39,  0 | TrAcc: 0.1888, TrLoss:  2.33873, VaAcc: 0.1588, VaLoss:  3.24907	 20 sampled NNs | VaAcc: 0.1352 +- 0.0316 | VaLoss: 2.3409 +- 0.0645
 40,  0 | TrAcc: 0.1959, TrLoss:  2.31957, VaAcc: 0.1548, VaLoss:  3.30322	 20 sampled NNs | VaAcc: 0.1341 +- 0.0258 | VaLoss: 2.3878 +- 0.1078
 41,  0 | TrAcc: 0.1906, TrLoss:  2.34101, VaAcc: 0.1611, VaLoss:  3.28140	 20 sampled NNs | VaAcc: 0.1422 +- 0.0225 | VaLoss: 2.3582 +- 0.0825
 42,  0 | TrAcc: 0.2078, TrLoss:  2.32840, VaAcc: 0.1737, VaLoss:  3.28018	 20 sampled NNs | VaAcc: 0.1566 +- 0.0227 | VaLoss: 2.3378 +- 0.1106
 43,  0 | TrAcc: 0.1925, TrLoss:  2.35558, VaAcc: 0.1570, VaLoss:  3.22829	 20 sampled NNs | VaAcc: 0.1335 +- 0.0189 | VaLoss: 2.3227 +- 0.0569
 44,  0 | TrAcc: 0.2017, TrLoss:  2.33543, VaAcc: 0.1724, VaLoss:  3.25179	 20 sampled NNs | VaAcc: 0.1427 +- 0.0220 | VaLoss: 2.3090 +- 0.0662
 45,  0 | TrAcc: 0.1832, TrLoss:  2.35909, VaAcc: 0.1635, VaLoss:  3.24759	 20 sampled NNs | VaAcc: 0.1416 +- 0.0365 | VaLoss: 2.3142 +- 0.0569
 46,  0 | TrAcc: 0.1825, TrLoss:  2.33753, VaAcc: 0.1575, VaLoss:  3.28668	 20 sampled NNs | VaAcc: 0.1322 +- 0.0197 | VaLoss: 2.3390 +- 0.0769
 47,  0 | TrAcc: 0.1846, TrLoss:  2.32474, VaAcc: 0.1610, VaLoss:  3.27087	 20 sampled NNs | VaAcc: 0.1374 +- 0.0299 | VaLoss: 2.3124 +- 0.0775
 48,  0 | TrAcc: 0.1930, TrLoss:  2.34265, VaAcc: 0.1721, VaLoss:  3.26470	 20 sampled NNs | VaAcc: 0.1508 +- 0.0290 | VaLoss: 2.2885 +- 0.0680
 49,  0 | TrAcc: 0.1967, TrLoss:  2.33300, VaAcc: 0.1647, VaLoss:  3.29132	 20 sampled NNs | VaAcc: 0.1390 +- 0.0260 | VaLoss: 2.3707 +- 0.0994
 50,  0 | TrAcc: 0.1977, TrLoss:  2.32787, VaAcc: 0.1685, VaLoss:  3.27733	 20 sampled NNs | VaAcc: 0.1393 +- 0.0213 | VaLoss: 2.3230 +- 0.0834
 51,  0 | TrAcc: 0.2002, TrLoss:  2.32538, VaAcc: 0.1625, VaLoss:  3.30706	 20 sampled NNs | VaAcc: 0.1421 +- 0.0266 | VaLoss: 2.2987 +- 0.0733
 52,  0 | TrAcc: 0.2142, TrLoss:  2.30036, VaAcc: 0.1761, VaLoss:  3.29662	 20 sampled NNs | VaAcc: 0.1478 +- 0.0268 | VaLoss: 2.3068 +- 0.0814
 53,  0 | TrAcc: 0.2033, TrLoss:  2.34696, VaAcc: 0.1798, VaLoss:  3.27094	 20 sampled NNs | VaAcc: 0.1498 +- 0.0273 | VaLoss: 2.3296 +- 0.0906
 54,  0 | TrAcc: 0.2079, TrLoss:  2.33104, VaAcc: 0.1781, VaLoss:  3.28825	 20 sampled NNs | VaAcc: 0.1578 +- 0.0271 | VaLoss: 2.3212 +- 0.0809
 55,  0 | TrAcc: 0.1895, TrLoss:  2.32013, VaAcc: 0.1785, VaLoss:  3.28831	 20 sampled NNs | VaAcc: 0.1497 +- 0.0272 | VaLoss: 2.3427 +- 0.1137
 56,  0 | TrAcc: 0.1955, TrLoss:  2.33128, VaAcc: 0.1748, VaLoss:  3.30785	 20 sampled NNs | VaAcc: 0.1452 +- 0.0180 | VaLoss: 2.3251 +- 0.0966
 57,  0 | TrAcc: 0.2225, TrLoss:  2.30428, VaAcc: 0.1779, VaLoss:  3.32439	 20 sampled NNs | VaAcc: 0.1583 +- 0.0277 | VaLoss: 2.3069 +- 0.1029
 58,  0 | TrAcc: 0.2158, TrLoss:  2.29846, VaAcc: 0.1819, VaLoss:  3.36898	 20 sampled NNs | VaAcc: 0.1586 +- 0.0325 | VaLoss: 2.3284 +- 0.1060
 59,  0 | TrAcc: 0.2106, TrLoss:  2.31973, VaAcc: 0.1968, VaLoss:  3.31094	 20 sampled NNs | VaAcc: 0.1589 +- 0.0304 | VaLoss: 2.2489 +- 0.0774
 60,  0 | TrAcc: 0.2165, TrLoss:  2.30190, VaAcc: 0.1921, VaLoss:  3.33026	 20 sampled NNs | VaAcc: 0.1608 +- 0.0245 | VaLoss: 2.2666 +- 0.0638
 61,  0 | TrAcc: 0.2164, TrLoss:  2.30126, VaAcc: 0.1849, VaLoss:  3.32630	 20 sampled NNs | VaAcc: 0.1525 +- 0.0255 | VaLoss: 2.3102 +- 0.1374
 62,  0 | TrAcc: 0.2208, TrLoss:  2.29634, VaAcc: 0.1875, VaLoss:  3.33246	 20 sampled NNs | VaAcc: 0.1650 +- 0.0242 | VaLoss: 2.3089 +- 0.0638
 63,  0 | TrAcc: 0.1944, TrLoss:  2.33702, VaAcc: 0.1801, VaLoss:  3.35031	 20 sampled NNs | VaAcc: 0.1631 +- 0.0256 | VaLoss: 2.2725 +- 0.0974
 64,  0 | TrAcc: 0.2391, TrLoss:  2.25765, VaAcc: 0.1958, VaLoss:  3.37926	 20 sampled NNs | VaAcc: 0.1746 +- 0.0257 | VaLoss: 2.2551 +- 0.0666
 65,  0 | TrAcc: 0.2295, TrLoss:  2.28987, VaAcc: 0.2002, VaLoss:  3.36142	 20 sampled NNs | VaAcc: 0.1712 +- 0.0270 | VaLoss: 2.2590 +- 0.0738
 66,  0 | TrAcc: 0.2363, TrLoss:  2.25794, VaAcc: 0.2160, VaLoss:  3.37517	 20 sampled NNs | VaAcc: 0.1802 +- 0.0219 | VaLoss: 2.2249 +- 0.0469
 67,  0 | TrAcc: 0.2276, TrLoss:  2.27098, VaAcc: 0.2096, VaLoss:  3.38133	 20 sampled NNs | VaAcc: 0.1682 +- 0.0289 | VaLoss: 2.2488 +- 0.0732
 68,  0 | TrAcc: 0.2364, TrLoss:  2.23785, VaAcc: 0.2049, VaLoss:  3.40223	 20 sampled NNs | VaAcc: 0.1660 +- 0.0280 | VaLoss: 2.2734 +- 0.0837
 69,  0 | TrAcc: 0.2501, TrLoss:  2.24577, VaAcc: 0.2205, VaLoss:  3.41662	 20 sampled NNs | VaAcc: 0.1749 +- 0.0313 | VaLoss: 2.2674 +- 0.0826
 70,  0 | TrAcc: 0.2334, TrLoss:  2.26650, VaAcc: 0.2114, VaLoss:  3.37328	 20 sampled NNs | VaAcc: 0.1730 +- 0.0237 | VaLoss: 2.2093 +- 0.0730
 71,  0 | TrAcc: 0.2099, TrLoss:  2.31134, VaAcc: 0.2008, VaLoss:  3.38433	 20 sampled NNs | VaAcc: 0.1650 +- 0.0257 | VaLoss: 2.2508 +- 0.1033
 72,  0 | TrAcc: 0.2293, TrLoss:  2.27028, VaAcc: 0.2106, VaLoss:  3.39654	 20 sampled NNs | VaAcc: 0.1858 +- 0.0259 | VaLoss: 2.2345 +- 0.0942
 73,  0 | TrAcc: 0.2637, TrLoss:  2.24557, VaAcc: 0.2170, VaLoss:  3.41588	 20 sampled NNs | VaAcc: 0.1881 +- 0.0329 | VaLoss: 2.2070 +- 0.0990
 74,  0 | TrAcc: 0.2574, TrLoss:  2.23318, VaAcc: 0.2228, VaLoss:  3.41429	 20 sampled NNs | VaAcc: 0.1822 +- 0.0300 | VaLoss: 2.2302 +- 0.1235
 75,  0 | TrAcc: 0.2253, TrLoss:  2.28104, VaAcc: 0.2079, VaLoss:  3.40191	 20 sampled NNs | VaAcc: 0.1733 +- 0.0335 | VaLoss: 2.2028 +- 0.0885
 76,  0 | TrAcc: 0.2278, TrLoss:  2.26550, VaAcc: 0.2078, VaLoss:  3.39055	 20 sampled NNs | VaAcc: 0.1765 +- 0.0275 | VaLoss: 2.1862 +- 0.1087
 77,  0 | TrAcc: 0.2254, TrLoss:  2.30084, VaAcc: 0.2326, VaLoss:  3.40676	 20 sampled NNs | VaAcc: 0.1828 +- 0.0297 | VaLoss: 2.2024 +- 0.0875
 78,  0 | TrAcc: 0.2342, TrLoss:  2.25579, VaAcc: 0.2162, VaLoss:  3.40129	 20 sampled NNs | VaAcc: 0.1900 +- 0.0273 | VaLoss: 2.1546 +- 0.0841
 79,  0 | TrAcc: 0.2355, TrLoss:  2.23872, VaAcc: 0.2117, VaLoss:  3.42873	 20 sampled NNs | VaAcc: 0.1744 +- 0.0333 | VaLoss: 2.2303 +- 0.1167
 80,  0 | TrAcc: 0.2427, TrLoss:  2.24701, VaAcc: 0.2298, VaLoss:  3.39875	 20 sampled NNs | VaAcc: 0.1807 +- 0.0317 | VaLoss: 2.2054 +- 0.1155
 81,  0 | TrAcc: 0.2283, TrLoss:  2.28839, VaAcc: 0.2151, VaLoss:  3.38184	 20 sampled NNs | VaAcc: 0.1838 +- 0.0317 | VaLoss: 2.1925 +- 0.1095
 82,  0 | TrAcc: 0.2534, TrLoss:  2.25005, VaAcc: 0.2261, VaLoss:  3.36648	 20 sampled NNs | VaAcc: 0.1960 +- 0.0259 | VaLoss: 2.1618 +- 0.0794
 83,  0 | TrAcc: 0.2568, TrLoss:  2.23799, VaAcc: 0.2360, VaLoss:  3.39408	 20 sampled NNs | VaAcc: 0.1939 +- 0.0201 | VaLoss: 2.1560 +- 0.1091
 84,  0 | TrAcc: 0.2359, TrLoss:  2.26118, VaAcc: 0.2180, VaLoss:  3.39654	 20 sampled NNs | VaAcc: 0.1799 +- 0.0299 | VaLoss: 2.1450 +- 0.0858
 85,  0 | TrAcc: 0.2691, TrLoss:  2.23001, VaAcc: 0.2450, VaLoss:  3.41787	 20 sampled NNs | VaAcc: 0.1990 +- 0.0267 | VaLoss: 2.1518 +- 0.0697
 86,  0 | TrAcc: 0.2435, TrLoss:  2.24620, VaAcc: 0.2287, VaLoss:  3.42857	 20 sampled NNs | VaAcc: 0.2009 +- 0.0336 | VaLoss: 2.1177 +- 0.0754
 87,  0 | TrAcc: 0.2347, TrLoss:  2.26335, VaAcc: 0.2207, VaLoss:  3.42223	 20 sampled NNs | VaAcc: 0.1884 +- 0.0318 | VaLoss: 2.1737 +- 0.1116
 88,  0 | TrAcc: 0.2538, TrLoss:  2.24976, VaAcc: 0.2408, VaLoss:  3.41753	 20 sampled NNs | VaAcc: 0.1960 +- 0.0267 | VaLoss: 2.1557 +- 0.0628
 89,  0 | TrAcc: 0.2702, TrLoss:  2.21754, VaAcc: 0.2355, VaLoss:  3.45322	 20 sampled NNs | VaAcc: 0.2053 +- 0.0338 | VaLoss: 2.1590 +- 0.0807
 90,  0 | TrAcc: 0.2382, TrLoss:  2.23165, VaAcc: 0.2211, VaLoss:  3.46487	 20 sampled NNs | VaAcc: 0.1691 +- 0.0344 | VaLoss: 2.2097 +- 0.1021
 91,  0 | TrAcc: 0.2601, TrLoss:  2.23331, VaAcc: 0.2330, VaLoss:  3.45258	 20 sampled NNs | VaAcc: 0.1908 +- 0.0275 | VaLoss: 2.1681 +- 0.1023
 92,  0 | TrAcc: 0.2643, TrLoss:  2.19494, VaAcc: 0.2345, VaLoss:  3.46630	 20 sampled NNs | VaAcc: 0.1954 +- 0.0229 | VaLoss: 2.1483 +- 0.0649
 93,  0 | TrAcc: 0.2499, TrLoss:  2.20443, VaAcc: 0.2250, VaLoss:  3.45319	 20 sampled NNs | VaAcc: 0.1890 +- 0.0270 | VaLoss: 2.1594 +- 0.1341
 94,  0 | TrAcc: 0.2311, TrLoss:  2.24274, VaAcc: 0.2177, VaLoss:  3.46871	 20 sampled NNs | VaAcc: 0.1794 +- 0.0281 | VaLoss: 2.1454 +- 0.0736
 95,  0 | TrAcc: 0.2671, TrLoss:  2.22259, VaAcc: 0.2479, VaLoss:  3.44617	 20 sampled NNs | VaAcc: 0.1986 +- 0.0248 | VaLoss: 2.0969 +- 0.0716
 96,  0 | TrAcc: 0.2535, TrLoss:  2.22195, VaAcc: 0.2263, VaLoss:  3.47045	 20 sampled NNs | VaAcc: 0.1839 +- 0.0305 | VaLoss: 2.1350 +- 0.0777
 97,  0 | TrAcc: 0.2411, TrLoss:  2.23489, VaAcc: 0.2305, VaLoss:  3.49004	 20 sampled NNs | VaAcc: 0.2010 +- 0.0357 | VaLoss: 2.1385 +- 0.0993
 98,  0 | TrAcc: 0.2788, TrLoss:  2.18734, VaAcc: 0.2289, VaLoss:  3.47937	 20 sampled NNs | VaAcc: 0.2049 +- 0.0296 | VaLoss: 2.1408 +- 0.0912
 99,  0 | TrAcc: 0.2637, TrLoss:  2.22534, VaAcc: 0.2433, VaLoss:  3.48012	 20 sampled NNs | VaAcc: 0.2004 +- 0.0386 | VaLoss: 2.1296 +- 0.0882
100,  0 | TrAcc: 0.2340, TrLoss:  2.25619, VaAcc: 0.2171, VaLoss:  3.46453	 20 sampled NNs | VaAcc: 0.1895 +- 0.0282 | VaLoss: 2.1366 +- 0.1132
101,  0 | TrAcc: 0.2824, TrLoss:  2.22094, VaAcc: 0.2467, VaLoss:  3.46168	 20 sampled NNs | VaAcc: 0.2081 +- 0.0255 | VaLoss: 2.1007 +- 0.0867
102,  0 | TrAcc: 0.2529, TrLoss:  2.23909, VaAcc: 0.2423, VaLoss:  3.45769	 20 sampled NNs | VaAcc: 0.1939 +- 0.0300 | VaLoss: 2.1415 +- 0.1238
103,  0 | TrAcc: 0.2610, TrLoss:  2.20533, VaAcc: 0.2355, VaLoss:  3.49381	 20 sampled NNs | VaAcc: 0.1902 +- 0.0342 | VaLoss: 2.1571 +- 0.1519
104,  0 | TrAcc: 0.2571, TrLoss:  2.19143, VaAcc: 0.2247, VaLoss:  3.47169	 20 sampled NNs | VaAcc: 0.1967 +- 0.0303 | VaLoss: 2.0894 +- 0.0710
105,  0 | TrAcc: 0.2561, TrLoss:  2.21381, VaAcc: 0.2247, VaLoss:  3.50009	 20 sampled NNs | VaAcc: 0.1921 +- 0.0179 | VaLoss: 2.1679 +- 0.1015
106,  0 | TrAcc: 0.2645, TrLoss:  2.20504, VaAcc: 0.2297, VaLoss:  3.49362	 20 sampled NNs | VaAcc: 0.1883 +- 0.0237 | VaLoss: 2.1984 +- 0.1152
107,  0 | TrAcc: 0.2483, TrLoss:  2.23348, VaAcc: 0.2350, VaLoss:  3.47675	 20 sampled NNs | VaAcc: 0.2037 +- 0.0220 | VaLoss: 2.0905 +- 0.0705
108,  0 | TrAcc: 0.2559, TrLoss:  2.19851, VaAcc: 0.2280, VaLoss:  3.47461	 20 sampled NNs | VaAcc: 0.1962 +- 0.0247 | VaLoss: 2.1190 +- 0.1036
109,  0 | TrAcc: 0.2744, TrLoss:  2.20795, VaAcc: 0.2521, VaLoss:  3.48668	 20 sampled NNs | VaAcc: 0.2017 +- 0.0366 | VaLoss: 2.1691 +- 0.1168
110,  0 | TrAcc: 0.2495, TrLoss:  2.22568, VaAcc: 0.2338, VaLoss:  3.48786	 20 sampled NNs | VaAcc: 0.1829 +- 0.0343 | VaLoss: 2.1140 +- 0.1078
111,  0 | TrAcc: 0.2729, TrLoss:  2.19508, VaAcc: 0.2443, VaLoss:  3.51578	 20 sampled NNs | VaAcc: 0.2115 +- 0.0409 | VaLoss: 2.0791 +- 0.1058
112,  0 | TrAcc: 0.2578, TrLoss:  2.21270, VaAcc: 0.2327, VaLoss:  3.51549	 20 sampled NNs | VaAcc: 0.1913 +- 0.0298 | VaLoss: 2.1535 +- 0.1400
113,  0 | TrAcc: 0.2716, TrLoss:  2.21331, VaAcc: 0.2574, VaLoss:  3.46208	 20 sampled NNs | VaAcc: 0.2038 +- 0.0235 | VaLoss: 2.1221 +- 0.0806
114,  0 | TrAcc: 0.2560, TrLoss:  2.23806, VaAcc: 0.2474, VaLoss:  3.46175	 20 sampled NNs | VaAcc: 0.1996 +- 0.0349 | VaLoss: 2.1331 +- 0.1144
115,  0 | TrAcc: 0.2621, TrLoss:  2.22332, VaAcc: 0.2356, VaLoss:  3.47847	 20 sampled NNs | VaAcc: 0.1969 +- 0.0277 | VaLoss: 2.1352 +- 0.1023
116,  0 | TrAcc: 0.2732, TrLoss:  2.23407, VaAcc: 0.2517, VaLoss:  3.52693	 20 sampled NNs | VaAcc: 0.2051 +- 0.0321 | VaLoss: 2.1276 +- 0.0862
117,  0 | TrAcc: 0.2677, TrLoss:  2.21759, VaAcc: 0.2461, VaLoss:  3.47776	 20 sampled NNs | VaAcc: 0.2147 +- 0.0303 | VaLoss: 2.1288 +- 0.1110
118,  0 | TrAcc: 0.2756, TrLoss:  2.20254, VaAcc: 0.2400, VaLoss:  3.49715	 20 sampled NNs | VaAcc: 0.2011 +- 0.0318 | VaLoss: 2.1044 +- 0.0968
119,  0 | TrAcc: 0.2823, TrLoss:  2.18814, VaAcc: 0.2538, VaLoss:  3.51395	 20 sampled NNs | VaAcc: 0.2185 +- 0.0307 | VaLoss: 2.1133 +- 0.0931
120,  0 | TrAcc: 0.2567, TrLoss:  2.24203, VaAcc: 0.2354, VaLoss:  3.50559	 20 sampled NNs | VaAcc: 0.2023 +- 0.0207 | VaLoss: 2.1137 +- 0.0701
121,  0 | TrAcc: 0.2938, TrLoss:  2.20901, VaAcc: 0.2562, VaLoss:  3.52840	 20 sampled NNs | VaAcc: 0.2084 +- 0.0306 | VaLoss: 2.1247 +- 0.0706
122,  0 | TrAcc: 0.2790, TrLoss:  2.18512, VaAcc: 0.2533, VaLoss:  3.53421	 20 sampled NNs | VaAcc: 0.1958 +- 0.0324 | VaLoss: 2.1364 +- 0.0824
123,  0 | TrAcc: 0.2647, TrLoss:  2.20878, VaAcc: 0.2467, VaLoss:  3.53619	 20 sampled NNs | VaAcc: 0.1843 +- 0.0258 | VaLoss: 2.1350 +- 0.1005
124,  0 | TrAcc: 0.2691, TrLoss:  2.21232, VaAcc: 0.2502, VaLoss:  3.51158	 20 sampled NNs | VaAcc: 0.2143 +- 0.0330 | VaLoss: 2.0959 +- 0.1295
125,  0 | TrAcc: 0.2611, TrLoss:  2.21142, VaAcc: 0.2330, VaLoss:  3.55870	 20 sampled NNs | VaAcc: 0.1853 +- 0.0285 | VaLoss: 2.1208 +- 0.1003
126,  0 | TrAcc: 0.2695, TrLoss:  2.21884, VaAcc: 0.2363, VaLoss:  3.54519	 20 sampled NNs | VaAcc: 0.2045 +- 0.0295 | VaLoss: 2.1360 +- 0.0954
127,  0 | TrAcc: 0.2632, TrLoss:  2.22172, VaAcc: 0.2502, VaLoss:  3.52435	 20 sampled NNs | VaAcc: 0.2105 +- 0.0255 | VaLoss: 2.0810 +- 0.0875
128,  0 | TrAcc: 0.2825, TrLoss:  2.20153, VaAcc: 0.2624, VaLoss:  3.53118	 20 sampled NNs | VaAcc: 0.2196 +- 0.0205 | VaLoss: 2.0948 +- 0.0860
129,  0 | TrAcc: 0.2653, TrLoss:  2.22017, VaAcc: 0.2379, VaLoss:  3.52993	 20 sampled NNs | VaAcc: 0.1892 +- 0.0300 | VaLoss: 2.1314 +- 0.0941
130,  0 | TrAcc: 0.2756, TrLoss:  2.18622, VaAcc: 0.2559, VaLoss:  3.55294	 20 sampled NNs | VaAcc: 0.2178 +- 0.0294 | VaLoss: 2.1413 +- 0.1318
131,  0 | TrAcc: 0.2975, TrLoss:  2.17946, VaAcc: 0.2644, VaLoss:  3.53514	 20 sampled NNs | VaAcc: 0.2180 +- 0.0365 | VaLoss: 2.0557 +- 0.0781
132,  0 | TrAcc: 0.2697, TrLoss:  2.22047, VaAcc: 0.2576, VaLoss:  3.54087	 20 sampled NNs | VaAcc: 0.2122 +- 0.0305 | VaLoss: 2.0911 +- 0.0811
133,  0 | TrAcc: 0.2606, TrLoss:  2.23402, VaAcc: 0.2415, VaLoss:  3.51131	 20 sampled NNs | VaAcc: 0.2135 +- 0.0238 | VaLoss: 2.0810 +- 0.0899
134,  0 | TrAcc: 0.2607, TrLoss:  2.24328, VaAcc: 0.2570, VaLoss:  3.50732	 20 sampled NNs | VaAcc: 0.2156 +- 0.0263 | VaLoss: 2.0951 +- 0.1025
135,  0 | TrAcc: 0.2788, TrLoss:  2.21215, VaAcc: 0.2543, VaLoss:  3.52463	 20 sampled NNs | VaAcc: 0.2032 +- 0.0297 | VaLoss: 2.1212 +- 0.0902
136,  0 | TrAcc: 0.2700, TrLoss:  2.19284, VaAcc: 0.2470, VaLoss:  3.52243	 20 sampled NNs | VaAcc: 0.2089 +- 0.0294 | VaLoss: 2.0801 +- 0.0853
137,  0 | TrAcc: 0.2895, TrLoss:  2.20119, VaAcc: 0.2592, VaLoss:  3.51359	 20 sampled NNs | VaAcc: 0.2195 +- 0.0253 | VaLoss: 2.0670 +- 0.0870
138,  0 | TrAcc: 0.2802, TrLoss:  2.17987, VaAcc: 0.2590, VaLoss:  3.53721	 20 sampled NNs | VaAcc: 0.2061 +- 0.0330 | VaLoss: 2.0976 +- 0.0914
139,  0 | TrAcc: 0.2824, TrLoss:  2.19529, VaAcc: 0.2671, VaLoss:  3.55576	 20 sampled NNs | VaAcc: 0.2179 +- 0.0236 | VaLoss: 2.0967 +- 0.0840
140,  0 | TrAcc: 0.2885, TrLoss:  2.17039, VaAcc: 0.2434, VaLoss:  3.55169	 20 sampled NNs | VaAcc: 0.1998 +- 0.0313 | VaLoss: 2.1245 +- 0.1306
141,  0 | TrAcc: 0.2881, TrLoss:  2.20781, VaAcc: 0.2512, VaLoss:  3.54411	 20 sampled NNs | VaAcc: 0.2294 +- 0.0282 | VaLoss: 2.0509 +- 0.1124
142,  0 | TrAcc: 0.2607, TrLoss:  2.20916, VaAcc: 0.2465, VaLoss:  3.54551	 20 sampled NNs | VaAcc: 0.1994 +- 0.0246 | VaLoss: 2.1009 +- 0.0898
143,  0 | TrAcc: 0.2777, TrLoss:  2.19985, VaAcc: 0.2486, VaLoss:  3.55584	 20 sampled NNs | VaAcc: 0.2213 +- 0.0269 | VaLoss: 2.0353 +- 0.0711
144,  0 | TrAcc: 0.2836, TrLoss:  2.18721, VaAcc: 0.2578, VaLoss:  3.55190	 20 sampled NNs | VaAcc: 0.2070 +- 0.0407 | VaLoss: 2.1325 +- 0.1078
145,  0 | TrAcc: 0.2652, TrLoss:  2.22276, VaAcc: 0.2668, VaLoss:  3.54216	 20 sampled NNs | VaAcc: 0.2157 +- 0.0404 | VaLoss: 2.0719 +- 0.1018
146,  0 | TrAcc: 0.2835, TrLoss:  2.18069, VaAcc: 0.2462, VaLoss:  3.54102	 20 sampled NNs | VaAcc: 0.2019 +- 0.0283 | VaLoss: 2.0978 +- 0.1054
147,  0 | TrAcc: 0.2623, TrLoss:  2.20751, VaAcc: 0.2318, VaLoss:  3.53637	 20 sampled NNs | VaAcc: 0.2102 +- 0.0290 | VaLoss: 2.0769 +- 0.0856
148,  0 | TrAcc: 0.2672, TrLoss:  2.19357, VaAcc: 0.2508, VaLoss:  3.55462	 20 sampled NNs | VaAcc: 0.2062 +- 0.0353 | VaLoss: 2.1331 +- 0.1553
149,  0 | TrAcc: 0.2612, TrLoss:  2.20287, VaAcc: 0.2439, VaLoss:  3.55634	 20 sampled NNs | VaAcc: 0.2056 +- 0.0275 | VaLoss: 2.0901 +- 0.0946
150,  0 | TrAcc: 0.2654, TrLoss:  2.21234, VaAcc: 0.2544, VaLoss:  3.52064	 20 sampled NNs | VaAcc: 0.1908 +- 0.0339 | VaLoss: 2.1204 +- 0.1122
151,  0 | TrAcc: 0.2660, TrLoss:  2.22765, VaAcc: 0.2555, VaLoss:  3.54898	 20 sampled NNs | VaAcc: 0.2089 +- 0.0313 | VaLoss: 2.1280 +- 0.1279
152,  0 | TrAcc: 0.2719, TrLoss:  2.19889, VaAcc: 0.2635, VaLoss:  3.52474	 20 sampled NNs | VaAcc: 0.2116 +- 0.0232 | VaLoss: 2.0754 +- 0.0869
153,  0 | TrAcc: 0.2732, TrLoss:  2.19531, VaAcc: 0.2643, VaLoss:  3.52731	 20 sampled NNs | VaAcc: 0.2229 +- 0.0244 | VaLoss: 2.0762 +- 0.1290
154,  0 | TrAcc: 0.2681, TrLoss:  2.17595, VaAcc: 0.2395, VaLoss:  3.56888	 20 sampled NNs | VaAcc: 0.2071 +- 0.0250 | VaLoss: 2.1149 +- 0.1016
155,  0 | TrAcc: 0.2964, TrLoss:  2.18821, VaAcc: 0.2644, VaLoss:  3.52816	 20 sampled NNs | VaAcc: 0.2214 +- 0.0265 | VaLoss: 2.0827 +- 0.1076
156,  0 | TrAcc: 0.3006, TrLoss:  2.14831, VaAcc: 0.2481, VaLoss:  3.56774	 20 sampled NNs | VaAcc: 0.2074 +- 0.0312 | VaLoss: 2.1194 +- 0.1009
157,  0 | TrAcc: 0.2845, TrLoss:  2.18320, VaAcc: 0.2400, VaLoss:  3.54571	 20 sampled NNs | VaAcc: 0.2135 +- 0.0265 | VaLoss: 2.0704 +- 0.1082
158,  0 | TrAcc: 0.2660, TrLoss:  2.19426, VaAcc: 0.2543, VaLoss:  3.53673	 20 sampled NNs | VaAcc: 0.2113 +- 0.0244 | VaLoss: 2.0452 +- 0.0883
159,  0 | TrAcc: 0.2760, TrLoss:  2.20125, VaAcc: 0.2558, VaLoss:  3.54854	 20 sampled NNs | VaAcc: 0.2247 +- 0.0274 | VaLoss: 2.0581 +- 0.0825
160,  0 | TrAcc: 0.2708, TrLoss:  2.21753, VaAcc: 0.2541, VaLoss:  3.52051	 20 sampled NNs | VaAcc: 0.2072 +- 0.0348 | VaLoss: 2.0690 +- 0.0915
161,  0 | TrAcc: 0.3012, TrLoss:  2.16302, VaAcc: 0.2583, VaLoss:  3.57134	 20 sampled NNs | VaAcc: 0.2097 +- 0.0275 | VaLoss: 2.0953 +- 0.1166
162,  0 | TrAcc: 0.2770, TrLoss:  2.17242, VaAcc: 0.2416, VaLoss:  3.58531	 20 sampled NNs | VaAcc: 0.2102 +- 0.0244 | VaLoss: 2.0973 +- 0.1085
163,  0 | TrAcc: 0.3098, TrLoss:  2.15851, VaAcc: 0.2592, VaLoss:  3.58226	 20 sampled NNs | VaAcc: 0.2162 +- 0.0262 | VaLoss: 2.0703 +- 0.0885
164,  0 | TrAcc: 0.2763, TrLoss:  2.18501, VaAcc: 0.2648, VaLoss:  3.54897	 20 sampled NNs | VaAcc: 0.2008 +- 0.0308 | VaLoss: 2.1225 +- 0.1206
165,  0 | TrAcc: 0.2980, TrLoss:  2.16192, VaAcc: 0.2698, VaLoss:  3.54495	 20 sampled NNs | VaAcc: 0.2287 +- 0.0310 | VaLoss: 2.0460 +- 0.0864
166,  0 | TrAcc: 0.2905, TrLoss:  2.19003, VaAcc: 0.2534, VaLoss:  3.53229	 20 sampled NNs | VaAcc: 0.2206 +- 0.0271 | VaLoss: 2.0657 +- 0.0917
167,  0 | TrAcc: 0.2640, TrLoss:  2.19685, VaAcc: 0.2418, VaLoss:  3.54095	 20 sampled NNs | VaAcc: 0.2125 +- 0.0311 | VaLoss: 2.0703 +- 0.0987
168,  0 | TrAcc: 0.2958, TrLoss:  2.17383, VaAcc: 0.2584, VaLoss:  3.53938	 20 sampled NNs | VaAcc: 0.2179 +- 0.0266 | VaLoss: 2.0576 +- 0.0736
169,  0 | TrAcc: 0.2643, TrLoss:  2.19601, VaAcc: 0.2648, VaLoss:  3.53904	 20 sampled NNs | VaAcc: 0.2169 +- 0.0272 | VaLoss: 2.0784 +- 0.0831
170,  0 | TrAcc: 0.3027, TrLoss:  2.16325, VaAcc: 0.2711, VaLoss:  3.56032	 20 sampled NNs | VaAcc: 0.2243 +- 0.0435 | VaLoss: 2.1097 +- 0.1821
171,  0 | TrAcc: 0.2751, TrLoss:  2.16668, VaAcc: 0.2655, VaLoss:  3.56210	 20 sampled NNs | VaAcc: 0.2133 +- 0.0321 | VaLoss: 2.0641 +- 0.1050
172,  0 | TrAcc: 0.2726, TrLoss:  2.20871, VaAcc: 0.2636, VaLoss:  3.54399	 20 sampled NNs | VaAcc: 0.2297 +- 0.0303 | VaLoss: 2.0150 +- 0.0907
173,  0 | TrAcc: 0.2868, TrLoss:  2.14984, VaAcc: 0.2605, VaLoss:  3.53938	 20 sampled NNs | VaAcc: 0.2203 +- 0.0334 | VaLoss: 2.0994 +- 0.1200
174,  0 | TrAcc: 0.2918, TrLoss:  2.17285, VaAcc: 0.2437, VaLoss:  3.59582	 20 sampled NNs | VaAcc: 0.2164 +- 0.0235 | VaLoss: 2.0885 +- 0.0945
175,  0 | TrAcc: 0.2702, TrLoss:  2.19894, VaAcc: 0.2575, VaLoss:  3.57514	 20 sampled NNs | VaAcc: 0.2131 +- 0.0264 | VaLoss: 2.0911 +- 0.1221
176,  0 | TrAcc: 0.2591, TrLoss:  2.17271, VaAcc: 0.2512, VaLoss:  3.55202	 20 sampled NNs | VaAcc: 0.2031 +- 0.0312 | VaLoss: 2.0479 +- 0.0760
177,  0 | TrAcc: 0.2790, TrLoss:  2.18984, VaAcc: 0.2647, VaLoss:  3.54075	 20 sampled NNs | VaAcc: 0.2159 +- 0.0347 | VaLoss: 2.0949 +- 0.1286
178,  0 | TrAcc: 0.2701, TrLoss:  2.15386, VaAcc: 0.2545, VaLoss:  3.55828	 20 sampled NNs | VaAcc: 0.2066 +- 0.0297 | VaLoss: 2.0946 +- 0.1385
179,  0 | TrAcc: 0.2659, TrLoss:  2.21045, VaAcc: 0.2494, VaLoss:  3.57327	 20 sampled NNs | VaAcc: 0.2125 +- 0.0318 | VaLoss: 2.0578 +- 0.1218
180,  0 | TrAcc: 0.2799, TrLoss:  2.19023, VaAcc: 0.2548, VaLoss:  3.55387	 20 sampled NNs | VaAcc: 0.2079 +- 0.0250 | VaLoss: 2.0855 +- 0.0853
181,  0 | TrAcc: 0.2583, TrLoss:  2.21354, VaAcc: 0.2507, VaLoss:  3.54980	 20 sampled NNs | VaAcc: 0.2074 +- 0.0297 | VaLoss: 2.0548 +- 0.0692
182,  0 | TrAcc: 0.2811, TrLoss:  2.13880, VaAcc: 0.2554, VaLoss:  3.56959	 20 sampled NNs | VaAcc: 0.2159 +- 0.0276 | VaLoss: 2.0864 +- 0.1448
183,  0 | TrAcc: 0.2834, TrLoss:  2.17308, VaAcc: 0.2811, VaLoss:  3.56855	 20 sampled NNs | VaAcc: 0.2364 +- 0.0301 | VaLoss: 2.0390 +- 0.0860
184,  0 | TrAcc: 0.2873, TrLoss:  2.18722, VaAcc: 0.2586, VaLoss:  3.54727	 20 sampled NNs | VaAcc: 0.2249 +- 0.0298 | VaLoss: 2.0507 +- 0.1053
185,  0 | TrAcc: 0.2916, TrLoss:  2.16113, VaAcc: 0.2506, VaLoss:  3.57604	 20 sampled NNs | VaAcc: 0.2160 +- 0.0344 | VaLoss: 2.0546 +- 0.1240
186,  0 | TrAcc: 0.2934, TrLoss:  2.17132, VaAcc: 0.2611, VaLoss:  3.55941	 20 sampled NNs | VaAcc: 0.2199 +- 0.0207 | VaLoss: 2.0348 +- 0.0931
187,  0 | TrAcc: 0.2914, TrLoss:  2.18017, VaAcc: 0.2582, VaLoss:  3.56502	 20 sampled NNs | VaAcc: 0.2054 +- 0.0305 | VaLoss: 2.0779 +- 0.1109
188,  0 | TrAcc: 0.2903, TrLoss:  2.13828, VaAcc: 0.2640, VaLoss:  3.56760	 20 sampled NNs | VaAcc: 0.2142 +- 0.0337 | VaLoss: 2.0596 +- 0.0808
189,  0 | TrAcc: 0.2808, TrLoss:  2.17857, VaAcc: 0.2752, VaLoss:  3.54969	 20 sampled NNs | VaAcc: 0.2345 +- 0.0275 | VaLoss: 2.0442 +- 0.0762
190,  0 | TrAcc: 0.2868, TrLoss:  2.19663, VaAcc: 0.2543, VaLoss:  3.53945	 20 sampled NNs | VaAcc: 0.2171 +- 0.0316 | VaLoss: 2.0634 +- 0.1258
191,  0 | TrAcc: 0.2952, TrLoss:  2.15765, VaAcc: 0.2712, VaLoss:  3.56924	 20 sampled NNs | VaAcc: 0.2349 +- 0.0275 | VaLoss: 2.0459 +- 0.0830
192,  0 | TrAcc: 0.2894, TrLoss:  2.18417, VaAcc: 0.2706, VaLoss:  3.54594	 20 sampled NNs | VaAcc: 0.2302 +- 0.0336 | VaLoss: 2.0252 +- 0.0992
193,  0 | TrAcc: 0.2751, TrLoss:  2.16221, VaAcc: 0.2619, VaLoss:  3.57703	 20 sampled NNs | VaAcc: 0.2147 +- 0.0299 | VaLoss: 2.0301 +- 0.1020
194,  0 | TrAcc: 0.3065, TrLoss:  2.14036, VaAcc: 0.2626, VaLoss:  3.56039	 20 sampled NNs | VaAcc: 0.2210 +- 0.0298 | VaLoss: 2.0112 +- 0.1088
195,  0 | TrAcc: 0.2715, TrLoss:  2.18389, VaAcc: 0.2498, VaLoss:  3.59949	 20 sampled NNs | VaAcc: 0.2110 +- 0.0339 | VaLoss: 2.0578 +- 0.1171
196,  0 | TrAcc: 0.2686, TrLoss:  2.17733, VaAcc: 0.2604, VaLoss:  3.57203	 20 sampled NNs | VaAcc: 0.2163 +- 0.0335 | VaLoss: 2.0584 +- 0.1191
197,  0 | TrAcc: 0.2814, TrLoss:  2.18533, VaAcc: 0.2522, VaLoss:  3.56614	 20 sampled NNs | VaAcc: 0.2088 +- 0.0275 | VaLoss: 2.0800 +- 0.1030
198,  0 | TrAcc: 0.3021, TrLoss:  2.14549, VaAcc: 0.2688, VaLoss:  3.56340	 20 sampled NNs | VaAcc: 0.2208 +- 0.0254 | VaLoss: 2.0319 +- 0.1064
199,  0 | TrAcc: 0.2750, TrLoss:  2.17125, VaAcc: 0.2754, VaLoss:  3.57058	 20 sampled NNs | VaAcc: 0.2275 +- 0.0284 | VaLoss: 2.0234 +- 0.0877
200,  0 | TrAcc: 0.3040, TrLoss:  2.15019, VaAcc: 0.2745, VaLoss:  3.57210	 20 sampled NNs | VaAcc: 0.2289 +- 0.0289 | VaLoss: 2.0277 +- 0.0799
201,  0 | TrAcc: 0.3054, TrLoss:  2.12435, VaAcc: 0.2663, VaLoss:  3.56969	 20 sampled NNs | VaAcc: 0.2385 +- 0.0324 | VaLoss: 1.9989 +- 0.0819
202,  0 | TrAcc: 0.2786, TrLoss:  2.20289, VaAcc: 0.2808, VaLoss:  3.52930	 20 sampled NNs | VaAcc: 0.2304 +- 0.0278 | VaLoss: 2.0394 +- 0.1139
203,  0 | TrAcc: 0.2865, TrLoss:  2.16210, VaAcc: 0.2783, VaLoss:  3.55194	 20 sampled NNs | VaAcc: 0.2139 +- 0.0287 | VaLoss: 2.0386 +- 0.0846
204,  0 | TrAcc: 0.2908, TrLoss:  2.18435, VaAcc: 0.2667, VaLoss:  3.58370	 20 sampled NNs | VaAcc: 0.2152 +- 0.0357 | VaLoss: 2.0951 +- 0.1390
205,  0 | TrAcc: 0.2743, TrLoss:  2.16794, VaAcc: 0.2583, VaLoss:  3.57880	 20 sampled NNs | VaAcc: 0.2202 +- 0.0254 | VaLoss: 2.0076 +- 0.0632
206,  0 | TrAcc: 0.2899, TrLoss:  2.16625, VaAcc: 0.2725, VaLoss:  3.54836	 20 sampled NNs | VaAcc: 0.2269 +- 0.0292 | VaLoss: 2.0177 +- 0.1845
207,  0 | TrAcc: 0.2873, TrLoss:  2.18036, VaAcc: 0.2789, VaLoss:  3.55311	 20 sampled NNs | VaAcc: 0.2252 +- 0.0318 | VaLoss: 2.0479 +- 0.0867
208,  0 | TrAcc: 0.2940, TrLoss:  2.16698, VaAcc: 0.2733, VaLoss:  3.56769	 20 sampled NNs | VaAcc: 0.2330 +- 0.0308 | VaLoss: 2.0249 +- 0.1102
209,  0 | TrAcc: 0.2885, TrLoss:  2.19427, VaAcc: 0.2770, VaLoss:  3.58580	 20 sampled NNs | VaAcc: 0.2322 +- 0.0327 | VaLoss: 2.0195 +- 0.0894
210,  0 | TrAcc: 0.2791, TrLoss:  2.18296, VaAcc: 0.2668, VaLoss:  3.57113	 20 sampled NNs | VaAcc: 0.2075 +- 0.0383 | VaLoss: 2.0668 +- 0.0962
211,  0 | TrAcc: 0.3092, TrLoss:  2.14495, VaAcc: 0.2865, VaLoss:  3.57043	 20 sampled NNs | VaAcc: 0.2417 +- 0.0281 | VaLoss: 2.0315 +- 0.0907
212,  0 | TrAcc: 0.2938, TrLoss:  2.18006, VaAcc: 0.2730, VaLoss:  3.57092	 20 sampled NNs | VaAcc: 0.2280 +- 0.0321 | VaLoss: 2.0258 +- 0.0934
213,  0 | TrAcc: 0.3018, TrLoss:  2.14392, VaAcc: 0.2774, VaLoss:  3.58369	 20 sampled NNs | VaAcc: 0.2236 +- 0.0314 | VaLoss: 2.0329 +- 0.0952
214,  0 | TrAcc: 0.3171, TrLoss:  2.12171, VaAcc: 0.2833, VaLoss:  3.57226	 20 sampled NNs | VaAcc: 0.2364 +- 0.0219 | VaLoss: 2.0044 +- 0.1089
215,  0 | TrAcc: 0.2893, TrLoss:  2.18322, VaAcc: 0.2920, VaLoss:  3.57362	 20 sampled NNs | VaAcc: 0.2370 +- 0.0339 | VaLoss: 2.0317 +- 0.1339
216,  0 | TrAcc: 0.2911, TrLoss:  2.17721, VaAcc: 0.2747, VaLoss:  3.59444	 20 sampled NNs | VaAcc: 0.2248 +- 0.0337 | VaLoss: 1.9946 +- 0.0729
217,  0 | TrAcc: 0.2991, TrLoss:  2.13371, VaAcc: 0.2803, VaLoss:  3.61891	 20 sampled NNs | VaAcc: 0.2227 +- 0.0261 | VaLoss: 2.0379 +- 0.1138
218,  0 | TrAcc: 0.2808, TrLoss:  2.18137, VaAcc: 0.2833, VaLoss:  3.55931	 20 sampled NNs | VaAcc: 0.2458 +- 0.0359 | VaLoss: 1.9807 +- 0.0889
219,  0 | TrAcc: 0.3088, TrLoss:  2.16215, VaAcc: 0.2910, VaLoss:  3.58855	 20 sampled NNs | VaAcc: 0.2512 +- 0.0315 | VaLoss: 1.9870 +- 0.0679
220,  0 | TrAcc: 0.2893, TrLoss:  2.17478, VaAcc: 0.2876, VaLoss:  3.58466	 20 sampled NNs | VaAcc: 0.2293 +- 0.0273 | VaLoss: 2.0168 +- 0.0585
221,  0 | TrAcc: 0.2863, TrLoss:  2.18096, VaAcc: 0.2586, VaLoss:  3.58837	 20 sampled NNs | VaAcc: 0.2274 +- 0.0328 | VaLoss: 2.0099 +- 0.1201
222,  0 | TrAcc: 0.3045, TrLoss:  2.14603, VaAcc: 0.2865, VaLoss:  3.58475	 20 sampled NNs | VaAcc: 0.2421 +- 0.0143 | VaLoss: 1.9893 +- 0.0820
223,  0 | TrAcc: 0.3008, TrLoss:  2.15051, VaAcc: 0.2881, VaLoss:  3.57500	 20 sampled NNs | VaAcc: 0.2309 +- 0.0321 | VaLoss: 1.9983 +- 0.0878
224,  0 | TrAcc: 0.2972, TrLoss:  2.12523, VaAcc: 0.2914, VaLoss:  3.57965	 20 sampled NNs | VaAcc: 0.2322 +- 0.0308 | VaLoss: 2.0034 +- 0.0876
225,  0 | TrAcc: 0.2848, TrLoss:  2.17016, VaAcc: 0.2756, VaLoss:  3.55878	 20 sampled NNs | VaAcc: 0.2287 +- 0.0323 | VaLoss: 2.0119 +- 0.1085
226,  0 | TrAcc: 0.3046, TrLoss:  2.14988, VaAcc: 0.2863, VaLoss:  3.58495	 20 sampled NNs | VaAcc: 0.2280 +- 0.0365 | VaLoss: 2.0307 +- 0.1110
227,  0 | TrAcc: 0.3244, TrLoss:  2.13880, VaAcc: 0.2829, VaLoss:  3.59024	 20 sampled NNs | VaAcc: 0.2357 +- 0.0358 | VaLoss: 2.0392 +- 0.1380
228,  0 | TrAcc: 0.3007, TrLoss:  2.16322, VaAcc: 0.2859, VaLoss:  3.60158	 20 sampled NNs | VaAcc: 0.2343 +- 0.0388 | VaLoss: 1.9824 +- 0.0919
229,  0 | TrAcc: 0.2895, TrLoss:  2.15502, VaAcc: 0.2708, VaLoss:  3.60231	 20 sampled NNs | VaAcc: 0.2320 +- 0.0315 | VaLoss: 2.0497 +- 0.1344
230,  0 | TrAcc: 0.3058, TrLoss:  2.16856, VaAcc: 0.2882, VaLoss:  3.59628	 20 sampled NNs | VaAcc: 0.2366 +- 0.0278 | VaLoss: 1.9990 +- 0.0975
231,  0 | TrAcc: 0.3100, TrLoss:  2.12349, VaAcc: 0.2774, VaLoss:  3.59769	 20 sampled NNs | VaAcc: 0.2427 +- 0.0274 | VaLoss: 2.0039 +- 0.1118
232,  0 | TrAcc: 0.3044, TrLoss:  2.14280, VaAcc: 0.3000, VaLoss:  3.59114	 20 sampled NNs | VaAcc: 0.2497 +- 0.0264 | VaLoss: 1.9718 +- 0.0611
233,  0 | TrAcc: 0.2989, TrLoss:  2.16855, VaAcc: 0.2927, VaLoss:  3.59857	 20 sampled NNs | VaAcc: 0.2507 +- 0.0267 | VaLoss: 1.9680 +- 0.1005
234,  0 | TrAcc: 0.2957, TrLoss:  2.18115, VaAcc: 0.2842, VaLoss:  3.60773	 20 sampled NNs | VaAcc: 0.2321 +- 0.0289 | VaLoss: 2.0361 +- 0.1368
235,  0 | TrAcc: 0.3025, TrLoss:  2.14804, VaAcc: 0.3042, VaLoss:  3.61453	 20 sampled NNs | VaAcc: 0.2361 +- 0.0384 | VaLoss: 2.0325 +- 0.1449
236,  0 | TrAcc: 0.3020, TrLoss:  2.14801, VaAcc: 0.2832, VaLoss:  3.66698	 20 sampled NNs | VaAcc: 0.2293 +- 0.0307 | VaLoss: 2.0839 +- 0.1132
237,  0 | TrAcc: 0.3185, TrLoss:  2.10923, VaAcc: 0.3030, VaLoss:  3.62073	 20 sampled NNs | VaAcc: 0.2623 +- 0.0385 | VaLoss: 1.9564 +- 0.1089
238,  0 | TrAcc: 0.2779, TrLoss:  2.17455, VaAcc: 0.2844, VaLoss:  3.63109	 20 sampled NNs | VaAcc: 0.2250 +- 0.0342 | VaLoss: 2.0017 +- 0.1013
239,  0 | TrAcc: 0.3048, TrLoss:  2.12634, VaAcc: 0.2815, VaLoss:  3.63005	 20 sampled NNs | VaAcc: 0.2237 +- 0.0224 | VaLoss: 2.0355 +- 0.1009
240,  0 | TrAcc: 0.3105, TrLoss:  2.14204, VaAcc: 0.2985, VaLoss:  3.60680	 20 sampled NNs | VaAcc: 0.2269 +- 0.0318 | VaLoss: 2.0097 +- 0.1145
241,  0 | TrAcc: 0.3033, TrLoss:  2.14473, VaAcc: 0.3002, VaLoss:  3.59934	 20 sampled NNs | VaAcc: 0.2352 +- 0.0352 | VaLoss: 2.0021 +- 0.1021
242,  0 | TrAcc: 0.2983, TrLoss:  2.14572, VaAcc: 0.2983, VaLoss:  3.59308	 20 sampled NNs | VaAcc: 0.2523 +- 0.0348 | VaLoss: 1.9454 +- 0.0799
243,  0 | TrAcc: 0.2903, TrLoss:  2.18190, VaAcc: 0.2850, VaLoss:  3.61591	 20 sampled NNs | VaAcc: 0.2278 +- 0.0275 | VaLoss: 2.0654 +- 0.1101
244,  0 | TrAcc: 0.3109, TrLoss:  2.15947, VaAcc: 0.3077, VaLoss:  3.60619	 20 sampled NNs | VaAcc: 0.2545 +- 0.0391 | VaLoss: 1.9809 +- 0.1095
245,  0 | TrAcc: 0.3126, TrLoss:  2.13110, VaAcc: 0.2978, VaLoss:  3.62350	 20 sampled NNs | VaAcc: 0.2342 +- 0.0324 | VaLoss: 1.9984 +- 0.0785
246,  0 | TrAcc: 0.2921, TrLoss:  2.14381, VaAcc: 0.2920, VaLoss:  3.62808	 20 sampled NNs | VaAcc: 0.2326 +- 0.0426 | VaLoss: 1.9939 +- 0.1153
247,  0 | TrAcc: 0.3073, TrLoss:  2.13240, VaAcc: 0.2933, VaLoss:  3.59627	 20 sampled NNs | VaAcc: 0.2480 +- 0.0270 | VaLoss: 1.9531 +- 0.0692
248,  0 | TrAcc: 0.3050, TrLoss:  2.18496, VaAcc: 0.2943, VaLoss:  3.60687	 20 sampled NNs | VaAcc: 0.2440 +- 0.0320 | VaLoss: 2.0189 +- 0.1259
249,  0 | TrAcc: 0.3236, TrLoss:  2.13584, VaAcc: 0.2944, VaLoss:  3.62781	 20 sampled NNs | VaAcc: 0.2433 +- 0.0465 | VaLoss: 1.9959 +- 0.1919
250,  0 | TrAcc: 0.3170, TrLoss:  2.15674, VaAcc: 0.3043, VaLoss:  3.64035	 20 sampled NNs | VaAcc: 0.2509 +- 0.0322 | VaLoss: 1.9760 +- 0.1126
251,  0 | TrAcc: 0.3180, TrLoss:  2.12815, VaAcc: 0.3103, VaLoss:  3.63324	 20 sampled NNs | VaAcc: 0.2609 +- 0.0386 | VaLoss: 1.9732 +- 0.0964
252,  0 | TrAcc: 0.3189, TrLoss:  2.12475, VaAcc: 0.2895, VaLoss:  3.61929	 20 sampled NNs | VaAcc: 0.2354 +- 0.0350 | VaLoss: 1.9818 +- 0.0947
253,  0 | TrAcc: 0.2963, TrLoss:  2.16226, VaAcc: 0.3071, VaLoss:  3.59114	 20 sampled NNs | VaAcc: 0.2541 +- 0.0249 | VaLoss: 1.9563 +- 0.1148
254,  0 | TrAcc: 0.2946, TrLoss:  2.18640, VaAcc: 0.2889, VaLoss:  3.60698	 20 sampled NNs | VaAcc: 0.2431 +- 0.0264 | VaLoss: 1.9667 +- 0.0894
255,  0 | TrAcc: 0.3188, TrLoss:  2.09911, VaAcc: 0.2929, VaLoss:  3.63130	 20 sampled NNs | VaAcc: 0.2437 +- 0.0279 | VaLoss: 1.9833 +- 0.1052
256,  0 | TrAcc: 0.3154, TrLoss:  2.10674, VaAcc: 0.3103, VaLoss:  3.62130	 20 sampled NNs | VaAcc: 0.2518 +- 0.0414 | VaLoss: 1.9441 +- 0.0903
257,  0 | TrAcc: 0.2951, TrLoss:  2.15011, VaAcc: 0.2821, VaLoss:  3.63724	 20 sampled NNs | VaAcc: 0.2299 +- 0.0365 | VaLoss: 1.9854 +- 0.1038
258,  0 | TrAcc: 0.3319, TrLoss:  2.09642, VaAcc: 0.3088, VaLoss:  3.60548	 20 sampled NNs | VaAcc: 0.2468 +- 0.0236 | VaLoss: 1.9709 +- 0.1115
259,  0 | TrAcc: 0.2956, TrLoss:  2.14970, VaAcc: 0.2938, VaLoss:  3.63972	 20 sampled NNs | VaAcc: 0.2510 +- 0.0245 | VaLoss: 1.9884 +- 0.0859
260,  0 | TrAcc: 0.3126, TrLoss:  2.10910, VaAcc: 0.2867, VaLoss:  3.60854	 20 sampled NNs | VaAcc: 0.2440 +- 0.0391 | VaLoss: 1.9749 +- 0.1244
261,  0 | TrAcc: 0.3168, TrLoss:  2.13756, VaAcc: 0.2886, VaLoss:  3.60825	 20 sampled NNs | VaAcc: 0.2426 +- 0.0255 | VaLoss: 1.9687 +- 0.1042
262,  0 | TrAcc: 0.3082, TrLoss:  2.11609, VaAcc: 0.2902, VaLoss:  3.62116	 20 sampled NNs | VaAcc: 0.2347 +- 0.0328 | VaLoss: 2.0447 +- 0.1071
263,  0 | TrAcc: 0.2807, TrLoss:  2.15722, VaAcc: 0.2916, VaLoss:  3.60660	 20 sampled NNs | VaAcc: 0.2397 +- 0.0369 | VaLoss: 1.9663 +- 0.0811
264,  0 | TrAcc: 0.3088, TrLoss:  2.12574, VaAcc: 0.3020, VaLoss:  3.63148	 20 sampled NNs | VaAcc: 0.2458 +- 0.0296 | VaLoss: 1.9634 +- 0.1066
265,  0 | TrAcc: 0.3226, TrLoss:  2.11116, VaAcc: 0.3167, VaLoss:  3.63268	 20 sampled NNs | VaAcc: 0.2687 +- 0.0296 | VaLoss: 1.9518 +- 0.0914
266,  0 | TrAcc: 0.3185, TrLoss:  2.11713, VaAcc: 0.3097, VaLoss:  3.63644	 20 sampled NNs | VaAcc: 0.2485 +- 0.0379 | VaLoss: 1.9751 +- 0.0932
267,  0 | TrAcc: 0.3323, TrLoss:  2.11922, VaAcc: 0.3066, VaLoss:  3.63717	 20 sampled NNs | VaAcc: 0.2420 +- 0.0339 | VaLoss: 2.0149 +- 0.1362
268,  0 | TrAcc: 0.3132, TrLoss:  2.15461, VaAcc: 0.3050, VaLoss:  3.61810	 20 sampled NNs | VaAcc: 0.2560 +- 0.0299 | VaLoss: 1.9473 +- 0.0754
269,  0 | TrAcc: 0.3255, TrLoss:  2.10826, VaAcc: 0.3106, VaLoss:  3.66031	 20 sampled NNs | VaAcc: 0.2578 +- 0.0281 | VaLoss: 1.9873 +- 0.0912
270,  0 | TrAcc: 0.3233, TrLoss:  2.15748, VaAcc: 0.3028, VaLoss:  3.63762	 20 sampled NNs | VaAcc: 0.2563 +- 0.0321 | VaLoss: 1.9671 +- 0.1135
271,  0 | TrAcc: 0.3208, TrLoss:  2.11689, VaAcc: 0.2992, VaLoss:  3.61939	 20 sampled NNs | VaAcc: 0.2446 +- 0.0309 | VaLoss: 1.9898 +- 0.0966
272,  0 | TrAcc: 0.3154, TrLoss:  2.11450, VaAcc: 0.2995, VaLoss:  3.62380	 20 sampled NNs | VaAcc: 0.2410 +- 0.0355 | VaLoss: 1.9801 +- 0.0964
273,  0 | TrAcc: 0.3221, TrLoss:  2.11959, VaAcc: 0.3192, VaLoss:  3.64634	 20 sampled NNs | VaAcc: 0.2406 +- 0.0398 | VaLoss: 1.9849 +- 0.1139
274,  0 | TrAcc: 0.3243, TrLoss:  2.12361, VaAcc: 0.3011, VaLoss:  3.63098	 20 sampled NNs | VaAcc: 0.2569 +- 0.0224 | VaLoss: 1.9445 +- 0.0727
275,  0 | TrAcc: 0.3329, TrLoss:  2.09624, VaAcc: 0.3041, VaLoss:  3.64138	 20 sampled NNs | VaAcc: 0.2665 +- 0.0294 | VaLoss: 1.9570 +- 0.1088
276,  0 | TrAcc: 0.3070, TrLoss:  2.16452, VaAcc: 0.3113, VaLoss:  3.62319	 20 sampled NNs | VaAcc: 0.2595 +- 0.0402 | VaLoss: 1.9566 +- 0.1149
277,  0 | TrAcc: 0.3292, TrLoss:  2.12531, VaAcc: 0.3101, VaLoss:  3.63773	 20 sampled NNs | VaAcc: 0.2647 +- 0.0381 | VaLoss: 1.9590 +- 0.1245
278,  0 | TrAcc: 0.3267, TrLoss:  2.10717, VaAcc: 0.3051, VaLoss:  3.66620	 20 sampled NNs | VaAcc: 0.2487 +- 0.0253 | VaLoss: 1.9748 +- 0.0905
279,  0 | TrAcc: 0.3247, TrLoss:  2.10751, VaAcc: 0.2954, VaLoss:  3.65595	 20 sampled NNs | VaAcc: 0.2399 +- 0.0260 | VaLoss: 1.9983 +- 0.1057
280,  0 | TrAcc: 0.3090, TrLoss:  2.14286, VaAcc: 0.2925, VaLoss:  3.64499	 20 sampled NNs | VaAcc: 0.2551 +- 0.0303 | VaLoss: 1.9519 +- 0.1300
281,  0 | TrAcc: 0.3175, TrLoss:  2.16213, VaAcc: 0.2957, VaLoss:  3.63953	 20 sampled NNs | VaAcc: 0.2376 +- 0.0345 | VaLoss: 2.0046 +- 0.0915
282,  0 | TrAcc: 0.3119, TrLoss:  2.13117, VaAcc: 0.3083, VaLoss:  3.62176	 20 sampled NNs | VaAcc: 0.2557 +- 0.0241 | VaLoss: 1.9495 +- 0.0750
283,  0 | TrAcc: 0.3139, TrLoss:  2.11496, VaAcc: 0.2957, VaLoss:  3.63471	 20 sampled NNs | VaAcc: 0.2480 +- 0.0331 | VaLoss: 1.9190 +- 0.0705
284,  0 | TrAcc: 0.3166, TrLoss:  2.11389, VaAcc: 0.3098, VaLoss:  3.65036	 20 sampled NNs | VaAcc: 0.2424 +- 0.0281 | VaLoss: 2.0262 +- 0.1213
285,  0 | TrAcc: 0.3201, TrLoss:  2.11923, VaAcc: 0.3011, VaLoss:  3.66126	 20 sampled NNs | VaAcc: 0.2405 +- 0.0309 | VaLoss: 2.0327 +- 0.1320
286,  0 | TrAcc: 0.3156, TrLoss:  2.13151, VaAcc: 0.2982, VaLoss:  3.68692	 20 sampled NNs | VaAcc: 0.2347 +- 0.0330 | VaLoss: 1.9941 +- 0.0880
287,  0 | TrAcc: 0.3322, TrLoss:  2.15188, VaAcc: 0.2995, VaLoss:  3.68865	 20 sampled NNs | VaAcc: 0.2597 +- 0.0245 | VaLoss: 1.9979 +- 0.1124
288,  0 | TrAcc: 0.3245, TrLoss:  2.08714, VaAcc: 0.3025, VaLoss:  3.67875	 20 sampled NNs | VaAcc: 0.2633 +- 0.0417 | VaLoss: 1.9232 +- 0.0945
289,  0 | TrAcc: 0.3373, TrLoss:  2.11664, VaAcc: 0.3176, VaLoss:  3.68761	 20 sampled NNs | VaAcc: 0.2666 +- 0.0356 | VaLoss: 1.9502 +- 0.0713
290,  0 | TrAcc: 0.3135, TrLoss:  2.12684, VaAcc: 0.3161, VaLoss:  3.71972	 20 sampled NNs | VaAcc: 0.2412 +- 0.0352 | VaLoss: 2.0572 +- 0.1416
291,  0 | TrAcc: 0.3234, TrLoss:  2.13428, VaAcc: 0.3240, VaLoss:  3.65225	 20 sampled NNs | VaAcc: 0.2735 +- 0.0272 | VaLoss: 1.9472 +- 0.0874
292,  0 | TrAcc: 0.3226, TrLoss:  2.14115, VaAcc: 0.3021, VaLoss:  3.66319	 20 sampled NNs | VaAcc: 0.2344 +- 0.0287 | VaLoss: 1.9691 +- 0.0734
293,  0 | TrAcc: 0.3249, TrLoss:  2.11778, VaAcc: 0.3087, VaLoss:  3.67732	 20 sampled NNs | VaAcc: 0.2505 +- 0.0318 | VaLoss: 1.9542 +- 0.1120
294,  0 | TrAcc: 0.3019, TrLoss:  2.13910, VaAcc: 0.2943, VaLoss:  3.66905	 20 sampled NNs | VaAcc: 0.2356 +- 0.0282 | VaLoss: 1.9783 +- 0.1263
295,  0 | TrAcc: 0.3271, TrLoss:  2.09915, VaAcc: 0.3046, VaLoss:  3.66176	 20 sampled NNs | VaAcc: 0.2351 +- 0.0310 | VaLoss: 2.0013 +- 0.0882
296,  0 | TrAcc: 0.2950, TrLoss:  2.16124, VaAcc: 0.3094, VaLoss:  3.64806	 20 sampled NNs | VaAcc: 0.2535 +- 0.0458 | VaLoss: 1.9540 +- 0.1448
297,  0 | TrAcc: 0.3191, TrLoss:  2.11674, VaAcc: 0.3095, VaLoss:  3.68776	 20 sampled NNs | VaAcc: 0.2466 +- 0.0296 | VaLoss: 1.9796 +- 0.1023
298,  0 | TrAcc: 0.3173, TrLoss:  2.13766, VaAcc: 0.3226, VaLoss:  3.66989	 20 sampled NNs | VaAcc: 0.2672 +- 0.0324 | VaLoss: 1.9537 +- 0.0939
299,  0 | TrAcc: 0.3238, TrLoss:  2.10789, VaAcc: 0.3126, VaLoss:  3.65970	 20 sampled NNs | VaAcc: 0.2591 +- 0.0292 | VaLoss: 1.9237 +- 0.0486
17932.019204
----------------------------
