

config:

HOME=/clusterFS/home/student/kopp13
PATH=/clusterFS/home/student/kopp13/miniconda3/envs/tensorflow/bin:/clusterFS/home/student/kopp13/miniconda3/bin:/clusterFS/home/student/kopp13/bin:/usr/local/bin:/usr/bin:/bin:/usr/local/games:/usr/games
LD_LIBRARY_PATH=
THEANO_FLAGS=floatX=float32,gpuarray.preallocate=0.9,dnn.library_path=/usr/lib/x86_64-linux-gnu,cxx=clang++-3.8,device=cuda,base_compiledir=/tmp/tmp.fiLowpgXJc

=============================
CONFIG FILE

RNN CONFIG
{'data_multiplier': 0.1,
 'gradient_clip_value': 0.5,
 'layer_configs': [{'layer_type': 'input'},
                   {'bc': {'init_m': 'xavier',
                           'init_v': -4.5,
                           'prior_m': 0.0,
                           'prior_v': 0.0,
                           'type': 'continuous'},
                    'bf': {'init_m': 'xavier',
                           'init_v': -4.5,
                           'prior_m': 0.0,
                           'prior_v': 0.0,
                           'type': 'continuous'},
                    'bi': {'init_m': 'xavier',
                           'init_v': -4.5,
                           'prior_m': 0.0,
                           'prior_v': 0.0,
                           'type': 'continuous'},
                    'bo': {'init_m': 'xavier',
                           'init_v': -4.5,
                           'prior_m': 0.0,
                           'prior_v': 0.0,
                           'type': 'continuous'},
                    'init_config': {'c': {'b': 'all_zero', 'w': 'xavier'},
                                    'f': {'b': 'all_one', 'w': 'all_zero'},
                                    'i': {'b': 'all_zero', 'w': 'xavier'},
                                    'o': {'b': 'all_zero', 'w': 'xavier'}},
                    'is_output': False,
                    'is_recurrent': True,
                    'layer_type': 'lstm',
                    'tau': 0.5,
                    'var_scope': 'lstm_0',
                    'wc': {'p0max': 0.95,
                           'p0min': 0.05,
                           'pmax': 0.99,
                           'pmin': 0.01,
                           'priors': [0.1, 0.8, 0.1],
                           'type': 'ternary'},
                    'wf': {'p0max': 0.95,
                           'p0min': 0.05,
                           'pmax': 0.99,
                           'pmin': 0.01,
                           'priors': [0.1, 0.8, 0.1],
                           'type': 'ternary'},
                    'wi': {'p0max': 0.95,
                           'p0min': 0.05,
                           'pmax': 0.99,
                           'pmin': 0.01,
                           'priors': [0.1, 0.8, 0.1],
                           'type': 'ternary'},
                    'wo': {'p0max': 0.95,
                           'p0min': 0.05,
                           'pmax': 0.99,
                           'pmin': 0.01,
                           'priors': [0.1, 0.8, 0.1],
                           'type': 'ternary'}},
                   {'bc': {'init_m': 'xavier',
                           'init_v': -4.5,
                           'prior_m': 0.0,
                           'prior_v': 0.0,
                           'type': 'continuous'},
                    'bf': {'init_m': 'xavier',
                           'init_v': -4.5,
                           'prior_m': 0.0,
                           'prior_v': 0.0,
                           'type': 'continuous'},
                    'bi': {'init_m': 'xavier',
                           'init_v': -4.5,
                           'prior_m': 0.0,
                           'prior_v': 0.0,
                           'type': 'continuous'},
                    'bo': {'init_m': 'xavier',
                           'init_v': -4.5,
                           'prior_m': 0.0,
                           'prior_v': 0.0,
                           'type': 'continuous'},
                    'init_config': {'c': {'b': 'all_zero', 'w': 'xavier'},
                                    'f': {'b': 'all_one', 'w': 'all_zero'},
                                    'i': {'b': 'all_zero', 'w': 'xavier'},
                                    'o': {'b': 'all_zero', 'w': 'xavier'}},
                    'is_output': False,
                    'is_recurrent': True,
                    'layer_type': 'lstm',
                    'tau': 0.5,
                    'var_scope': 'lstm_1',
                    'wc': {'p0max': 0.95,
                           'p0min': 0.05,
                           'pmax': 0.99,
                           'pmin': 0.01,
                           'priors': [0.1, 0.8, 0.1],
                           'type': 'ternary'},
                    'wf': {'p0max': 0.95,
                           'p0min': 0.05,
                           'pmax': 0.99,
                           'pmin': 0.01,
                           'priors': [0.1, 0.8, 0.1],
                           'type': 'ternary'},
                    'wi': {'p0max': 0.95,
                           'p0min': 0.05,
                           'pmax': 0.99,
                           'pmin': 0.01,
                           'priors': [0.1, 0.8, 0.1],
                           'type': 'ternary'},
                    'wo': {'p0max': 0.95,
                           'p0min': 0.05,
                           'pmax': 0.99,
                           'pmin': 0.01,
                           'priors': [0.1, 0.8, 0.1],
                           'type': 'ternary'}},
                   {'b': {'init_m': 'xavier',
                          'init_v': -4.5,
                          'prior_m': 0.0,
                          'prior_v': 0.0,
                          'type': 'continuous'},
                    'is_output': True,
                    'is_recurrent': False,
                    'layer_type': 'fc',
                    'regularization': {'mode': None, 'strength': 0.02},
                    'tau': 0.5,
                    'var_scope': 'output_layer',
                    'w': {'p0max': 0.95,
                          'p0min': 0.05,
                          'pmax': 0.99,
                          'pmin': 0.01,
                          'priors': [0.1, 0.8, 0.1],
                          'type': 'ternary'}}],
 'layout': [4, 60, 60, 10],
 'output_type': 'classification'}

DATA CONFIG
{'dataset': 'red_penstroke',
 'tr': {'in_seq_len': 30,
        'minibatch_enabled': True,
        'minibatch_size': 200,
        'out_seq_len': 5,
        'zero_padding': 20},
 'va': {'in_seq_len': 30,
        'minibatch_enabled': True,
        'minibatch_size': 200,
        'out_seq_len': 5,
        'zero_padding': 20}}

TRAINING CONFIG
{'beta_reg': 0.0,
 'is_pretrain': False,
 'learning_rate': 0.002,
 'mode': {'max_epochs': 300, 'min_error': 0.0, 'name': 'classic'},
 'task_id': 3,
 'type': 'g_sampling',
 'var_reg': 0.01}
==============================


  0,  0 | TrAcc: 0.1026, TrLoss:  4.31436, VaAcc: 0.1088, VaLoss:  6.14594	 20 sampled NNs | VaAcc: 0.1123 +- 0.0267 | VaLoss: 3.6086 +- 0.3763
  1,  0 | TrAcc: 0.1225, TrLoss:  2.74314, VaAcc: 0.1155, VaLoss:  4.51994	 20 sampled NNs | VaAcc: 0.1103 +- 0.0296 | VaLoss: 2.3917 +- 0.0653
  2,  0 | TrAcc: 0.1426, TrLoss:  2.67409, VaAcc: 0.1054, VaLoss:  4.40781	 20 sampled NNs | VaAcc: 0.1023 +- 0.0190 | VaLoss: 2.3654 +- 0.0366
  3,  0 | TrAcc: 0.1510, TrLoss:  2.63383, VaAcc: 0.1087, VaLoss:  4.31705	 20 sampled NNs | VaAcc: 0.1036 +- 0.0207 | VaLoss: 2.3454 +- 0.0482
  4,  0 | TrAcc: 0.1263, TrLoss:  2.63369, VaAcc: 0.1104, VaLoss:  4.21884	 20 sampled NNs | VaAcc: 0.1037 +- 0.0245 | VaLoss: 2.3339 +- 0.0421
  5,  0 | TrAcc: 0.1460, TrLoss:  2.60171, VaAcc: 0.1155, VaLoss:  4.12796	 20 sampled NNs | VaAcc: 0.1122 +- 0.0268 | VaLoss: 2.3023 +- 0.0338
  6,  0 | TrAcc: 0.1494, TrLoss:  2.59924, VaAcc: 0.1248, VaLoss:  4.02821	 20 sampled NNs | VaAcc: 0.1260 +- 0.0293 | VaLoss: 2.3017 +- 0.0349
  7,  0 | TrAcc: 0.1640, TrLoss:  2.54143, VaAcc: 0.1183, VaLoss:  3.92685	 20 sampled NNs | VaAcc: 0.1129 +- 0.0250 | VaLoss: 2.3068 +- 0.0554
  8,  0 | TrAcc: 0.1725, TrLoss:  2.48222, VaAcc: 0.1603, VaLoss:  3.76209	 20 sampled NNs | VaAcc: 0.1523 +- 0.0285 | VaLoss: 2.2613 +- 0.0416
  9,  0 | TrAcc: 0.1772, TrLoss:  2.43722, VaAcc: 0.1466, VaLoss:  3.67447	 20 sampled NNs | VaAcc: 0.1401 +- 0.0265 | VaLoss: 2.2450 +- 0.0479
 10,  0 | TrAcc: 0.1950, TrLoss:  2.38534, VaAcc: 0.1560, VaLoss:  3.58891	 20 sampled NNs | VaAcc: 0.1383 +- 0.0295 | VaLoss: 2.2594 +- 0.0942
 11,  0 | TrAcc: 0.2033, TrLoss:  2.36249, VaAcc: 0.2061, VaLoss:  3.42331	 20 sampled NNs | VaAcc: 0.1721 +- 0.0407 | VaLoss: 2.1639 +- 0.0536
 12,  0 | TrAcc: 0.2076, TrLoss:  2.33775, VaAcc: 0.2045, VaLoss:  3.37125	 20 sampled NNs | VaAcc: 0.1698 +- 0.0320 | VaLoss: 2.1797 +- 0.0571
 13,  0 | TrAcc: 0.2253, TrLoss:  2.33738, VaAcc: 0.2278, VaLoss:  3.29422	 20 sampled NNs | VaAcc: 0.1990 +- 0.0322 | VaLoss: 2.1294 +- 0.0692
 14,  0 | TrAcc: 0.2353, TrLoss:  2.24240, VaAcc: 0.2719, VaLoss:  3.14581	 20 sampled NNs | VaAcc: 0.2356 +- 0.0432 | VaLoss: 2.0640 +- 0.0857
 15,  0 | TrAcc: 0.2692, TrLoss:  2.18267, VaAcc: 0.2924, VaLoss:  3.06485	 20 sampled NNs | VaAcc: 0.2523 +- 0.0305 | VaLoss: 2.0206 +- 0.0641
 16,  0 | TrAcc: 0.2668, TrLoss:  2.11895, VaAcc: 0.2602, VaLoss:  3.02450	 20 sampled NNs | VaAcc: 0.2237 +- 0.0347 | VaLoss: 1.9851 +- 0.0559
 17,  0 | TrAcc: 0.2937, TrLoss:  2.06029, VaAcc: 0.3217, VaLoss:  2.93749	 20 sampled NNs | VaAcc: 0.2837 +- 0.0381 | VaLoss: 1.9339 +- 0.0804
 18,  0 | TrAcc: 0.2973, TrLoss:  2.01366, VaAcc: 0.3125, VaLoss:  2.89688	 20 sampled NNs | VaAcc: 0.2801 +- 0.0394 | VaLoss: 1.9071 +- 0.0655
 19,  0 | TrAcc: 0.3233, TrLoss:  1.96950, VaAcc: 0.3568, VaLoss:  2.83222	 20 sampled NNs | VaAcc: 0.3031 +- 0.0462 | VaLoss: 1.8562 +- 0.0628
 20,  0 | TrAcc: 0.3387, TrLoss:  1.94011, VaAcc: 0.3531, VaLoss:  2.79813	 20 sampled NNs | VaAcc: 0.2924 +- 0.0410 | VaLoss: 1.8607 +- 0.0830
 21,  0 | TrAcc: 0.3245, TrLoss:  1.96021, VaAcc: 0.3507, VaLoss:  2.76875	 20 sampled NNs | VaAcc: 0.2981 +- 0.0554 | VaLoss: 1.8596 +- 0.1189
 22,  0 | TrAcc: 0.3394, TrLoss:  1.92472, VaAcc: 0.3597, VaLoss:  2.72045	 20 sampled NNs | VaAcc: 0.3192 +- 0.0320 | VaLoss: 1.7904 +- 0.0678
 23,  0 | TrAcc: 0.3522, TrLoss:  1.89687, VaAcc: 0.3621, VaLoss:  2.70139	 20 sampled NNs | VaAcc: 0.3114 +- 0.0438 | VaLoss: 1.8067 +- 0.0790
 24,  0 | TrAcc: 0.3628, TrLoss:  1.84868, VaAcc: 0.3969, VaLoss:  2.64044	 20 sampled NNs | VaAcc: 0.3264 +- 0.0534 | VaLoss: 1.7548 +- 0.1261
 25,  0 | TrAcc: 0.3662, TrLoss:  1.86161, VaAcc: 0.4028, VaLoss:  2.64706	 20 sampled NNs | VaAcc: 0.3251 +- 0.0504 | VaLoss: 1.7501 +- 0.0870
 26,  0 | TrAcc: 0.3779, TrLoss:  1.83954, VaAcc: 0.4114, VaLoss:  2.58536	 20 sampled NNs | VaAcc: 0.3685 +- 0.0379 | VaLoss: 1.6584 +- 0.0510
 27,  0 | TrAcc: 0.3829, TrLoss:  1.84737, VaAcc: 0.4304, VaLoss:  2.59423	 20 sampled NNs | VaAcc: 0.3750 +- 0.0304 | VaLoss: 1.6963 +- 0.0770
 28,  0 | TrAcc: 0.3844, TrLoss:  1.83854, VaAcc: 0.4429, VaLoss:  2.55283	 20 sampled NNs | VaAcc: 0.3962 +- 0.0426 | VaLoss: 1.6829 +- 0.1411
 29,  0 | TrAcc: 0.4044, TrLoss:  1.79118, VaAcc: 0.4319, VaLoss:  2.54852	 20 sampled NNs | VaAcc: 0.3899 +- 0.0302 | VaLoss: 1.6485 +- 0.0702
 30,  0 | TrAcc: 0.4410, TrLoss:  1.71635, VaAcc: 0.4590, VaLoss:  2.51714	 20 sampled NNs | VaAcc: 0.4138 +- 0.0436 | VaLoss: 1.5945 +- 0.0824
 31,  0 | TrAcc: 0.4250, TrLoss:  1.73362, VaAcc: 0.4387, VaLoss:  2.53082	 20 sampled NNs | VaAcc: 0.3795 +- 0.0516 | VaLoss: 1.6342 +- 0.1033
 32,  0 | TrAcc: 0.4375, TrLoss:  1.75388, VaAcc: 0.4406, VaLoss:  2.53868	 20 sampled NNs | VaAcc: 0.4043 +- 0.0390 | VaLoss: 1.6357 +- 0.0692
 33,  0 | TrAcc: 0.4282, TrLoss:  1.74161, VaAcc: 0.4246, VaLoss:  2.55087	 20 sampled NNs | VaAcc: 0.3820 +- 0.0407 | VaLoss: 1.6328 +- 0.0850
 34,  0 | TrAcc: 0.4505, TrLoss:  1.71354, VaAcc: 0.4786, VaLoss:  2.49050	 20 sampled NNs | VaAcc: 0.4298 +- 0.0384 | VaLoss: 1.5716 +- 0.0673
 35,  0 | TrAcc: 0.4654, TrLoss:  1.65661, VaAcc: 0.4989, VaLoss:  2.46928	 20 sampled NNs | VaAcc: 0.4554 +- 0.0268 | VaLoss: 1.5310 +- 0.0694
 36,  0 | TrAcc: 0.4559, TrLoss:  1.70986, VaAcc: 0.4573, VaLoss:  2.51650	 20 sampled NNs | VaAcc: 0.4280 +- 0.0233 | VaLoss: 1.5464 +- 0.0658
 37,  0 | TrAcc: 0.4532, TrLoss:  1.69246, VaAcc: 0.4996, VaLoss:  2.46034	 20 sampled NNs | VaAcc: 0.4431 +- 0.0357 | VaLoss: 1.5110 +- 0.0748
 38,  0 | TrAcc: 0.4810, TrLoss:  1.60970, VaAcc: 0.5038, VaLoss:  2.46969	 20 sampled NNs | VaAcc: 0.4622 +- 0.0394 | VaLoss: 1.4944 +- 0.0761
 39,  0 | TrAcc: 0.4627, TrLoss:  1.67301, VaAcc: 0.4985, VaLoss:  2.48037	 20 sampled NNs | VaAcc: 0.4379 +- 0.0369 | VaLoss: 1.5213 +- 0.0703
 40,  0 | TrAcc: 0.4746, TrLoss:  1.63104, VaAcc: 0.5082, VaLoss:  2.46293	 20 sampled NNs | VaAcc: 0.4727 +- 0.0288 | VaLoss: 1.4665 +- 0.0746
 41,  0 | TrAcc: 0.4908, TrLoss:  1.59332, VaAcc: 0.4850, VaLoss:  2.48434	 20 sampled NNs | VaAcc: 0.4451 +- 0.0280 | VaLoss: 1.4738 +- 0.0631
 42,  0 | TrAcc: 0.5052, TrLoss:  1.57236, VaAcc: 0.5310, VaLoss:  2.44431	 20 sampled NNs | VaAcc: 0.4933 +- 0.0308 | VaLoss: 1.4155 +- 0.0579
 43,  0 | TrAcc: 0.4917, TrLoss:  1.61803, VaAcc: 0.5257, VaLoss:  2.44865	 20 sampled NNs | VaAcc: 0.4850 +- 0.0322 | VaLoss: 1.4341 +- 0.0713
 44,  0 | TrAcc: 0.4871, TrLoss:  1.60740, VaAcc: 0.5409, VaLoss:  2.41937	 20 sampled NNs | VaAcc: 0.4823 +- 0.0311 | VaLoss: 1.4274 +- 0.0871
 45,  0 | TrAcc: 0.5149, TrLoss:  1.56937, VaAcc: 0.5375, VaLoss:  2.42811	 20 sampled NNs | VaAcc: 0.4878 +- 0.0346 | VaLoss: 1.4126 +- 0.0628
 46,  0 | TrAcc: 0.4944, TrLoss:  1.58358, VaAcc: 0.5122, VaLoss:  2.48458	 20 sampled NNs | VaAcc: 0.4624 +- 0.0397 | VaLoss: 1.4644 +- 0.0880
 47,  0 | TrAcc: 0.5148, TrLoss:  1.53741, VaAcc: 0.5158, VaLoss:  2.45744	 20 sampled NNs | VaAcc: 0.4684 +- 0.0343 | VaLoss: 1.4427 +- 0.0855
 48,  0 | TrAcc: 0.5386, TrLoss:  1.51071, VaAcc: 0.5453, VaLoss:  2.44319	 20 sampled NNs | VaAcc: 0.4766 +- 0.0367 | VaLoss: 1.4521 +- 0.0979
 49,  0 | TrAcc: 0.5197, TrLoss:  1.54115, VaAcc: 0.5470, VaLoss:  2.43213	 20 sampled NNs | VaAcc: 0.4803 +- 0.0310 | VaLoss: 1.4002 +- 0.0783
 50,  0 | TrAcc: 0.5079, TrLoss:  1.54353, VaAcc: 0.5405, VaLoss:  2.42300	 20 sampled NNs | VaAcc: 0.5117 +- 0.0216 | VaLoss: 1.3547 +- 0.0460
 51,  0 | TrAcc: 0.5539, TrLoss:  1.44936, VaAcc: 0.5376, VaLoss:  2.43783	 20 sampled NNs | VaAcc: 0.4865 +- 0.0438 | VaLoss: 1.3836 +- 0.0892
 52,  0 | TrAcc: 0.5299, TrLoss:  1.49627, VaAcc: 0.5344, VaLoss:  2.45307	 20 sampled NNs | VaAcc: 0.4770 +- 0.0360 | VaLoss: 1.4022 +- 0.0965
 53,  0 | TrAcc: 0.5376, TrLoss:  1.48661, VaAcc: 0.5708, VaLoss:  2.41327	 20 sampled NNs | VaAcc: 0.4982 +- 0.0318 | VaLoss: 1.3563 +- 0.0725
 54,  0 | TrAcc: 0.5617, TrLoss:  1.48264, VaAcc: 0.5629, VaLoss:  2.42950	 20 sampled NNs | VaAcc: 0.5180 +- 0.0255 | VaLoss: 1.3392 +- 0.0737
 55,  0 | TrAcc: 0.5497, TrLoss:  1.49362, VaAcc: 0.5610, VaLoss:  2.44572	 20 sampled NNs | VaAcc: 0.5144 +- 0.0280 | VaLoss: 1.3414 +- 0.0668
 56,  0 | TrAcc: 0.5796, TrLoss:  1.39301, VaAcc: 0.5619, VaLoss:  2.44870	 20 sampled NNs | VaAcc: 0.5224 +- 0.0298 | VaLoss: 1.3245 +- 0.0633
 57,  0 | TrAcc: 0.5603, TrLoss:  1.43893, VaAcc: 0.5604, VaLoss:  2.44388	 20 sampled NNs | VaAcc: 0.5170 +- 0.0328 | VaLoss: 1.3364 +- 0.0680
 58,  0 | TrAcc: 0.5581, TrLoss:  1.47529, VaAcc: 0.5616, VaLoss:  2.47027	 20 sampled NNs | VaAcc: 0.5067 +- 0.0302 | VaLoss: 1.3771 +- 0.0852
 59,  0 | TrAcc: 0.5958, TrLoss:  1.38823, VaAcc: 0.5934, VaLoss:  2.40442	 20 sampled NNs | VaAcc: 0.5500 +- 0.0247 | VaLoss: 1.2622 +- 0.0514
 60,  0 | TrAcc: 0.5799, TrLoss:  1.42072, VaAcc: 0.6031, VaLoss:  2.38880	 20 sampled NNs | VaAcc: 0.5337 +- 0.0344 | VaLoss: 1.2782 +- 0.0912
 61,  0 | TrAcc: 0.6010, TrLoss:  1.36935, VaAcc: 0.5905, VaLoss:  2.40387	 20 sampled NNs | VaAcc: 0.5486 +- 0.0336 | VaLoss: 1.2608 +- 0.0704
 62,  0 | TrAcc: 0.5846, TrLoss:  1.43256, VaAcc: 0.5980, VaLoss:  2.42453	 20 sampled NNs | VaAcc: 0.5506 +- 0.0398 | VaLoss: 1.2781 +- 0.1002
 63,  0 | TrAcc: 0.5751, TrLoss:  1.42545, VaAcc: 0.5818, VaLoss:  2.42548	 20 sampled NNs | VaAcc: 0.5367 +- 0.0459 | VaLoss: 1.2812 +- 0.0986
 64,  0 | TrAcc: 0.5728, TrLoss:  1.44488, VaAcc: 0.5729, VaLoss:  2.45269	 20 sampled NNs | VaAcc: 0.5108 +- 0.0359 | VaLoss: 1.3268 +- 0.0827
 65,  0 | TrAcc: 0.6030, TrLoss:  1.38643, VaAcc: 0.6059, VaLoss:  2.39459	 20 sampled NNs | VaAcc: 0.5377 +- 0.0310 | VaLoss: 1.2757 +- 0.0635
 66,  0 | TrAcc: 0.5931, TrLoss:  1.38985, VaAcc: 0.6242, VaLoss:  2.37469	 20 sampled NNs | VaAcc: 0.5784 +- 0.0322 | VaLoss: 1.2148 +- 0.0493
 67,  0 | TrAcc: 0.5911, TrLoss:  1.38498, VaAcc: 0.6226, VaLoss:  2.37748	 20 sampled NNs | VaAcc: 0.5638 +- 0.0283 | VaLoss: 1.2282 +- 0.0602
 68,  0 | TrAcc: 0.5925, TrLoss:  1.37650, VaAcc: 0.6223, VaLoss:  2.38738	 20 sampled NNs | VaAcc: 0.5678 +- 0.0374 | VaLoss: 1.2366 +- 0.1096
 69,  0 | TrAcc: 0.5964, TrLoss:  1.38796, VaAcc: 0.6023, VaLoss:  2.43885	 20 sampled NNs | VaAcc: 0.5383 +- 0.0313 | VaLoss: 1.2755 +- 0.0659
 70,  0 | TrAcc: 0.5968, TrLoss:  1.37641, VaAcc: 0.6191, VaLoss:  2.37810	 20 sampled NNs | VaAcc: 0.5537 +- 0.0339 | VaLoss: 1.2268 +- 0.0651
 71,  0 | TrAcc: 0.6175, TrLoss:  1.33636, VaAcc: 0.6245, VaLoss:  2.39015	 20 sampled NNs | VaAcc: 0.5717 +- 0.0352 | VaLoss: 1.2130 +- 0.0714
 72,  0 | TrAcc: 0.6160, TrLoss:  1.34256, VaAcc: 0.6371, VaLoss:  2.38542	 20 sampled NNs | VaAcc: 0.5849 +- 0.0269 | VaLoss: 1.2040 +- 0.0555
 73,  0 | TrAcc: 0.6364, TrLoss:  1.30114, VaAcc: 0.6221, VaLoss:  2.38039	 20 sampled NNs | VaAcc: 0.5823 +- 0.0273 | VaLoss: 1.1656 +- 0.0526
 74,  0 | TrAcc: 0.6268, TrLoss:  1.29381, VaAcc: 0.6351, VaLoss:  2.38050	 20 sampled NNs | VaAcc: 0.5878 +- 0.0269 | VaLoss: 1.1675 +- 0.0576
 75,  0 | TrAcc: 0.6155, TrLoss:  1.31649, VaAcc: 0.6312, VaLoss:  2.38906	 20 sampled NNs | VaAcc: 0.5812 +- 0.0298 | VaLoss: 1.1936 +- 0.0679
 76,  0 | TrAcc: 0.6310, TrLoss:  1.31374, VaAcc: 0.6138, VaLoss:  2.43530	 20 sampled NNs | VaAcc: 0.5682 +- 0.0341 | VaLoss: 1.2241 +- 0.0676
 77,  0 | TrAcc: 0.6405, TrLoss:  1.26520, VaAcc: 0.6315, VaLoss:  2.39564	 20 sampled NNs | VaAcc: 0.5803 +- 0.0232 | VaLoss: 1.1942 +- 0.0510
 78,  0 | TrAcc: 0.6312, TrLoss:  1.33010, VaAcc: 0.6360, VaLoss:  2.38970	 20 sampled NNs | VaAcc: 0.5907 +- 0.0323 | VaLoss: 1.1679 +- 0.0668
 79,  0 | TrAcc: 0.6284, TrLoss:  1.31121, VaAcc: 0.6335, VaLoss:  2.39033	 20 sampled NNs | VaAcc: 0.5819 +- 0.0236 | VaLoss: 1.1682 +- 0.0609
 80,  0 | TrAcc: 0.6286, TrLoss:  1.31677, VaAcc: 0.6330, VaLoss:  2.38461	 20 sampled NNs | VaAcc: 0.5804 +- 0.0371 | VaLoss: 1.1794 +- 0.0915
 81,  0 | TrAcc: 0.6390, TrLoss:  1.28371, VaAcc: 0.6529, VaLoss:  2.35829	 20 sampled NNs | VaAcc: 0.6153 +- 0.0281 | VaLoss: 1.1160 +- 0.0597
 82,  0 | TrAcc: 0.6162, TrLoss:  1.35334, VaAcc: 0.6428, VaLoss:  2.39533	 20 sampled NNs | VaAcc: 0.5909 +- 0.0277 | VaLoss: 1.1710 +- 0.0742
 83,  0 | TrAcc: 0.6184, TrLoss:  1.33470, VaAcc: 0.6490, VaLoss:  2.38397	 20 sampled NNs | VaAcc: 0.5927 +- 0.0323 | VaLoss: 1.1695 +- 0.0762
 84,  0 | TrAcc: 0.6319, TrLoss:  1.30199, VaAcc: 0.6441, VaLoss:  2.36826	 20 sampled NNs | VaAcc: 0.5999 +- 0.0265 | VaLoss: 1.1347 +- 0.0728
 85,  0 | TrAcc: 0.6438, TrLoss:  1.28685, VaAcc: 0.6232, VaLoss:  2.43296	 20 sampled NNs | VaAcc: 0.5864 +- 0.0436 | VaLoss: 1.1876 +- 0.0852
 86,  0 | TrAcc: 0.6366, TrLoss:  1.28547, VaAcc: 0.6525, VaLoss:  2.38989	 20 sampled NNs | VaAcc: 0.5966 +- 0.0253 | VaLoss: 1.1542 +- 0.0675
 87,  0 | TrAcc: 0.6338, TrLoss:  1.30044, VaAcc: 0.6569, VaLoss:  2.36659	 20 sampled NNs | VaAcc: 0.6133 +- 0.0253 | VaLoss: 1.0920 +- 0.0548
 88,  0 | TrAcc: 0.6398, TrLoss:  1.29163, VaAcc: 0.6453, VaLoss:  2.40096	 20 sampled NNs | VaAcc: 0.5944 +- 0.0409 | VaLoss: 1.1350 +- 0.0651
 89,  0 | TrAcc: 0.6727, TrLoss:  1.20290, VaAcc: 0.6619, VaLoss:  2.37394	 20 sampled NNs | VaAcc: 0.6256 +- 0.0258 | VaLoss: 1.0962 +- 0.0542
 90,  0 | TrAcc: 0.6447, TrLoss:  1.26647, VaAcc: 0.6586, VaLoss:  2.36542	 20 sampled NNs | VaAcc: 0.6166 +- 0.0232 | VaLoss: 1.0934 +- 0.0428
 91,  0 | TrAcc: 0.6528, TrLoss:  1.25829, VaAcc: 0.6579, VaLoss:  2.40179	 20 sampled NNs | VaAcc: 0.6163 +- 0.0296 | VaLoss: 1.1384 +- 0.0618
 92,  0 | TrAcc: 0.6389, TrLoss:  1.29741, VaAcc: 0.6594, VaLoss:  2.36453	 20 sampled NNs | VaAcc: 0.6204 +- 0.0279 | VaLoss: 1.0873 +- 0.0629
 93,  0 | TrAcc: 0.6422, TrLoss:  1.28699, VaAcc: 0.6578, VaLoss:  2.37585	 20 sampled NNs | VaAcc: 0.6217 +- 0.0183 | VaLoss: 1.0860 +- 0.0427
 94,  0 | TrAcc: 0.6648, TrLoss:  1.21504, VaAcc: 0.6572, VaLoss:  2.38916	 20 sampled NNs | VaAcc: 0.6143 +- 0.0238 | VaLoss: 1.0962 +- 0.0451
 95,  0 | TrAcc: 0.6242, TrLoss:  1.32153, VaAcc: 0.6647, VaLoss:  2.38137	 20 sampled NNs | VaAcc: 0.6293 +- 0.0285 | VaLoss: 1.0928 +- 0.0622
 96,  0 | TrAcc: 0.6540, TrLoss:  1.25842, VaAcc: 0.6594, VaLoss:  2.38605	 20 sampled NNs | VaAcc: 0.6217 +- 0.0275 | VaLoss: 1.0930 +- 0.0681
 97,  0 | TrAcc: 0.6478, TrLoss:  1.27411, VaAcc: 0.6593, VaLoss:  2.39599	 20 sampled NNs | VaAcc: 0.6077 +- 0.0280 | VaLoss: 1.1277 +- 0.0725
 98,  0 | TrAcc: 0.6562, TrLoss:  1.24427, VaAcc: 0.6676, VaLoss:  2.35756	 20 sampled NNs | VaAcc: 0.6301 +- 0.0297 | VaLoss: 1.0573 +- 0.0634
 99,  0 | TrAcc: 0.6597, TrLoss:  1.24856, VaAcc: 0.6769, VaLoss:  2.35700	 20 sampled NNs | VaAcc: 0.6401 +- 0.0303 | VaLoss: 1.0616 +- 0.0769
100,  0 | TrAcc: 0.6671, TrLoss:  1.23458, VaAcc: 0.6809, VaLoss:  2.34248	 20 sampled NNs | VaAcc: 0.6419 +- 0.0289 | VaLoss: 1.0493 +- 0.0618
101,  0 | TrAcc: 0.6515, TrLoss:  1.27271, VaAcc: 0.6718, VaLoss:  2.35383	 20 sampled NNs | VaAcc: 0.6283 +- 0.0268 | VaLoss: 1.0551 +- 0.0484
102,  0 | TrAcc: 0.6406, TrLoss:  1.27868, VaAcc: 0.6780, VaLoss:  2.33707	 20 sampled NNs | VaAcc: 0.6257 +- 0.0275 | VaLoss: 1.0692 +- 0.0545
103,  0 | TrAcc: 0.6561, TrLoss:  1.22013, VaAcc: 0.6635, VaLoss:  2.36705	 20 sampled NNs | VaAcc: 0.6165 +- 0.0291 | VaLoss: 1.0925 +- 0.0574
104,  0 | TrAcc: 0.6548, TrLoss:  1.24949, VaAcc: 0.6563, VaLoss:  2.39158	 20 sampled NNs | VaAcc: 0.6169 +- 0.0257 | VaLoss: 1.1149 +- 0.0813
105,  0 | TrAcc: 0.6633, TrLoss:  1.23260, VaAcc: 0.6720, VaLoss:  2.36288	 20 sampled NNs | VaAcc: 0.6280 +- 0.0278 | VaLoss: 1.0556 +- 0.0552
106,  0 | TrAcc: 0.6497, TrLoss:  1.27401, VaAcc: 0.6572, VaLoss:  2.39856	 20 sampled NNs | VaAcc: 0.6292 +- 0.0225 | VaLoss: 1.0519 +- 0.0473
107,  0 | TrAcc: 0.6716, TrLoss:  1.22367, VaAcc: 0.6722, VaLoss:  2.36570	 20 sampled NNs | VaAcc: 0.6378 +- 0.0220 | VaLoss: 1.0433 +- 0.0501
108,  0 | TrAcc: 0.6723, TrLoss:  1.21644, VaAcc: 0.6755, VaLoss:  2.36992	 20 sampled NNs | VaAcc: 0.6408 +- 0.0233 | VaLoss: 1.0417 +- 0.0542
109,  0 | TrAcc: 0.6615, TrLoss:  1.23074, VaAcc: 0.6829, VaLoss:  2.33686	 20 sampled NNs | VaAcc: 0.6430 +- 0.0199 | VaLoss: 1.0463 +- 0.0404
110,  0 | TrAcc: 0.6439, TrLoss:  1.27994, VaAcc: 0.6632, VaLoss:  2.37150	 20 sampled NNs | VaAcc: 0.6239 +- 0.0260 | VaLoss: 1.0573 +- 0.0653
111,  0 | TrAcc: 0.6671, TrLoss:  1.22848, VaAcc: 0.6676, VaLoss:  2.39420	 20 sampled NNs | VaAcc: 0.6109 +- 0.0309 | VaLoss: 1.0958 +- 0.0729
112,  0 | TrAcc: 0.6543, TrLoss:  1.26736, VaAcc: 0.6782, VaLoss:  2.35363	 20 sampled NNs | VaAcc: 0.6434 +- 0.0207 | VaLoss: 1.0102 +- 0.0349
113,  0 | TrAcc: 0.6565, TrLoss:  1.24866, VaAcc: 0.6954, VaLoss:  2.34494	 20 sampled NNs | VaAcc: 0.6466 +- 0.0269 | VaLoss: 1.0396 +- 0.0451
114,  0 | TrAcc: 0.6559, TrLoss:  1.26099, VaAcc: 0.6727, VaLoss:  2.39389	 20 sampled NNs | VaAcc: 0.6398 +- 0.0300 | VaLoss: 1.0628 +- 0.0619
115,  0 | TrAcc: 0.6712, TrLoss:  1.20557, VaAcc: 0.6674, VaLoss:  2.39479	 20 sampled NNs | VaAcc: 0.6243 +- 0.0242 | VaLoss: 1.0701 +- 0.0532
116,  0 | TrAcc: 0.6576, TrLoss:  1.27540, VaAcc: 0.6936, VaLoss:  2.32270	 20 sampled NNs | VaAcc: 0.6534 +- 0.0199 | VaLoss: 1.0200 +- 0.0408
117,  0 | TrAcc: 0.6929, TrLoss:  1.15160, VaAcc: 0.7016, VaLoss:  2.31152	 20 sampled NNs | VaAcc: 0.6782 +- 0.0197 | VaLoss: 0.9513 +- 0.0386
118,  0 | TrAcc: 0.6555, TrLoss:  1.24535, VaAcc: 0.6876, VaLoss:  2.35132	 20 sampled NNs | VaAcc: 0.6518 +- 0.0212 | VaLoss: 1.0037 +- 0.0477
119,  0 | TrAcc: 0.6595, TrLoss:  1.25522, VaAcc: 0.6906, VaLoss:  2.34044	 20 sampled NNs | VaAcc: 0.6575 +- 0.0236 | VaLoss: 0.9909 +- 0.0527
120,  0 | TrAcc: 0.6506, TrLoss:  1.27084, VaAcc: 0.6771, VaLoss:  2.37067	 20 sampled NNs | VaAcc: 0.6321 +- 0.0279 | VaLoss: 1.0570 +- 0.0464
121,  0 | TrAcc: 0.6805, TrLoss:  1.21970, VaAcc: 0.6736, VaLoss:  2.39780	 20 sampled NNs | VaAcc: 0.6442 +- 0.0327 | VaLoss: 1.0458 +- 0.0715
122,  0 | TrAcc: 0.6604, TrLoss:  1.24367, VaAcc: 0.6716, VaLoss:  2.37409	 20 sampled NNs | VaAcc: 0.6283 +- 0.0286 | VaLoss: 1.0460 +- 0.0506
123,  0 | TrAcc: 0.6691, TrLoss:  1.26530, VaAcc: 0.6951, VaLoss:  2.35481	 20 sampled NNs | VaAcc: 0.6621 +- 0.0243 | VaLoss: 1.0062 +- 0.0574
124,  0 | TrAcc: 0.6600, TrLoss:  1.25901, VaAcc: 0.6983, VaLoss:  2.34529	 20 sampled NNs | VaAcc: 0.6501 +- 0.0288 | VaLoss: 1.0213 +- 0.0563
125,  0 | TrAcc: 0.6647, TrLoss:  1.21841, VaAcc: 0.6803, VaLoss:  2.36477	 20 sampled NNs | VaAcc: 0.6485 +- 0.0217 | VaLoss: 1.0280 +- 0.0493
126,  0 | TrAcc: 0.6967, TrLoss:  1.18488, VaAcc: 0.7015, VaLoss:  2.32422	 20 sampled NNs | VaAcc: 0.6693 +- 0.0205 | VaLoss: 0.9795 +- 0.0440
127,  0 | TrAcc: 0.6850, TrLoss:  1.19187, VaAcc: 0.6927, VaLoss:  2.34778	 20 sampled NNs | VaAcc: 0.6558 +- 0.0235 | VaLoss: 0.9961 +- 0.0499
128,  0 | TrAcc: 0.6729, TrLoss:  1.20212, VaAcc: 0.6636, VaLoss:  2.41908	 20 sampled NNs | VaAcc: 0.6315 +- 0.0289 | VaLoss: 1.0824 +- 0.0754
129,  0 | TrAcc: 0.6825, TrLoss:  1.20196, VaAcc: 0.6888, VaLoss:  2.35013	 20 sampled NNs | VaAcc: 0.6566 +- 0.0223 | VaLoss: 0.9979 +- 0.0560
130,  0 | TrAcc: 0.6912, TrLoss:  1.16988, VaAcc: 0.6775, VaLoss:  2.36583	 20 sampled NNs | VaAcc: 0.6504 +- 0.0265 | VaLoss: 1.0113 +- 0.0575
131,  0 | TrAcc: 0.6818, TrLoss:  1.16141, VaAcc: 0.6760, VaLoss:  2.38551	 20 sampled NNs | VaAcc: 0.6294 +- 0.0257 | VaLoss: 1.0736 +- 0.0672
132,  0 | TrAcc: 0.6801, TrLoss:  1.20963, VaAcc: 0.6987, VaLoss:  2.33475	 20 sampled NNs | VaAcc: 0.6573 +- 0.0265 | VaLoss: 0.9906 +- 0.0418
133,  0 | TrAcc: 0.6680, TrLoss:  1.21977, VaAcc: 0.6818, VaLoss:  2.36752	 20 sampled NNs | VaAcc: 0.6468 +- 0.0226 | VaLoss: 1.0102 +- 0.0485
134,  0 | TrAcc: 0.6937, TrLoss:  1.19163, VaAcc: 0.6962, VaLoss:  2.34001	 20 sampled NNs | VaAcc: 0.6707 +- 0.0217 | VaLoss: 0.9634 +- 0.0363
135,  0 | TrAcc: 0.6687, TrLoss:  1.24721, VaAcc: 0.7050, VaLoss:  2.33994	 20 sampled NNs | VaAcc: 0.6753 +- 0.0184 | VaLoss: 0.9890 +- 0.0428
136,  0 | TrAcc: 0.6893, TrLoss:  1.15768, VaAcc: 0.6960, VaLoss:  2.33551	 20 sampled NNs | VaAcc: 0.6631 +- 0.0143 | VaLoss: 0.9681 +- 0.0363
137,  0 | TrAcc: 0.6915, TrLoss:  1.15657, VaAcc: 0.6931, VaLoss:  2.34815	 20 sampled NNs | VaAcc: 0.6668 +- 0.0256 | VaLoss: 0.9705 +- 0.0488
138,  0 | TrAcc: 0.6963, TrLoss:  1.15092, VaAcc: 0.6794, VaLoss:  2.37949	 20 sampled NNs | VaAcc: 0.6449 +- 0.0230 | VaLoss: 1.0310 +- 0.0493
139,  0 | TrAcc: 0.6965, TrLoss:  1.16325, VaAcc: 0.7016, VaLoss:  2.34613	 20 sampled NNs | VaAcc: 0.6558 +- 0.0246 | VaLoss: 1.0157 +- 0.0494
140,  0 | TrAcc: 0.6680, TrLoss:  1.21793, VaAcc: 0.6999, VaLoss:  2.33245	 20 sampled NNs | VaAcc: 0.6615 +- 0.0180 | VaLoss: 0.9891 +- 0.0343
141,  0 | TrAcc: 0.6727, TrLoss:  1.23438, VaAcc: 0.7070, VaLoss:  2.31030	 20 sampled NNs | VaAcc: 0.6694 +- 0.0229 | VaLoss: 0.9663 +- 0.0478
142,  0 | TrAcc: 0.6999, TrLoss:  1.15736, VaAcc: 0.6924, VaLoss:  2.35926	 20 sampled NNs | VaAcc: 0.6573 +- 0.0183 | VaLoss: 0.9992 +- 0.0394
143,  0 | TrAcc: 0.7088, TrLoss:  1.13859, VaAcc: 0.7074, VaLoss:  2.32586	 20 sampled NNs | VaAcc: 0.6690 +- 0.0275 | VaLoss: 0.9673 +- 0.0613
144,  0 | TrAcc: 0.6783, TrLoss:  1.17703, VaAcc: 0.6823, VaLoss:  2.36715	 20 sampled NNs | VaAcc: 0.6529 +- 0.0256 | VaLoss: 1.0079 +- 0.0519
145,  0 | TrAcc: 0.6939, TrLoss:  1.14905, VaAcc: 0.7084, VaLoss:  2.32571	 20 sampled NNs | VaAcc: 0.6657 +- 0.0244 | VaLoss: 0.9832 +- 0.0451
146,  0 | TrAcc: 0.6751, TrLoss:  1.19809, VaAcc: 0.6815, VaLoss:  2.37916	 20 sampled NNs | VaAcc: 0.6466 +- 0.0321 | VaLoss: 1.0286 +- 0.0687
147,  0 | TrAcc: 0.6895, TrLoss:  1.18330, VaAcc: 0.6983, VaLoss:  2.32652	 20 sampled NNs | VaAcc: 0.6688 +- 0.0270 | VaLoss: 0.9579 +- 0.0489
148,  0 | TrAcc: 0.7072, TrLoss:  1.15003, VaAcc: 0.7158, VaLoss:  2.29942	 20 sampled NNs | VaAcc: 0.6885 +- 0.0201 | VaLoss: 0.9352 +- 0.0436
149,  0 | TrAcc: 0.7042, TrLoss:  1.11316, VaAcc: 0.7018, VaLoss:  2.33622	 20 sampled NNs | VaAcc: 0.6662 +- 0.0203 | VaLoss: 0.9706 +- 0.0403
150,  0 | TrAcc: 0.6905, TrLoss:  1.15651, VaAcc: 0.7077, VaLoss:  2.31795	 20 sampled NNs | VaAcc: 0.6783 +- 0.0219 | VaLoss: 0.9430 +- 0.0373
151,  0 | TrAcc: 0.7068, TrLoss:  1.16693, VaAcc: 0.6971, VaLoss:  2.35724	 20 sampled NNs | VaAcc: 0.6606 +- 0.0185 | VaLoss: 0.9938 +- 0.0410
152,  0 | TrAcc: 0.6642, TrLoss:  1.25994, VaAcc: 0.6971, VaLoss:  2.35495	 20 sampled NNs | VaAcc: 0.6601 +- 0.0209 | VaLoss: 0.9953 +- 0.0488
153,  0 | TrAcc: 0.6812, TrLoss:  1.19929, VaAcc: 0.7147, VaLoss:  2.32564	 20 sampled NNs | VaAcc: 0.6854 +- 0.0226 | VaLoss: 0.9506 +- 0.0364
154,  0 | TrAcc: 0.7042, TrLoss:  1.12115, VaAcc: 0.7015, VaLoss:  2.32786	 20 sampled NNs | VaAcc: 0.6688 +- 0.0191 | VaLoss: 0.9649 +- 0.0500
155,  0 | TrAcc: 0.6935, TrLoss:  1.12770, VaAcc: 0.7065, VaLoss:  2.32597	 20 sampled NNs | VaAcc: 0.6855 +- 0.0202 | VaLoss: 0.9353 +- 0.0330
156,  0 | TrAcc: 0.6946, TrLoss:  1.15436, VaAcc: 0.7123, VaLoss:  2.30865	 20 sampled NNs | VaAcc: 0.6958 +- 0.0181 | VaLoss: 0.9043 +- 0.0405
157,  0 | TrAcc: 0.6910, TrLoss:  1.17837, VaAcc: 0.7024, VaLoss:  2.33207	 20 sampled NNs | VaAcc: 0.6757 +- 0.0181 | VaLoss: 0.9446 +- 0.0425
158,  0 | TrAcc: 0.6832, TrLoss:  1.18907, VaAcc: 0.6900, VaLoss:  2.35188	 20 sampled NNs | VaAcc: 0.6759 +- 0.0200 | VaLoss: 0.9485 +- 0.0388
159,  0 | TrAcc: 0.6963, TrLoss:  1.12538, VaAcc: 0.6785, VaLoss:  2.36983	 20 sampled NNs | VaAcc: 0.6477 +- 0.0199 | VaLoss: 0.9946 +- 0.0509
160,  0 | TrAcc: 0.6835, TrLoss:  1.18379, VaAcc: 0.7122, VaLoss:  2.31678	 20 sampled NNs | VaAcc: 0.6804 +- 0.0186 | VaLoss: 0.9430 +- 0.0347
161,  0 | TrAcc: 0.7040, TrLoss:  1.15557, VaAcc: 0.6991, VaLoss:  2.32554	 20 sampled NNs | VaAcc: 0.6734 +- 0.0210 | VaLoss: 0.9386 +- 0.0439
162,  0 | TrAcc: 0.7095, TrLoss:  1.11178, VaAcc: 0.7024, VaLoss:  2.32388	 20 sampled NNs | VaAcc: 0.6719 +- 0.0163 | VaLoss: 0.9455 +- 0.0339
163,  0 | TrAcc: 0.7013, TrLoss:  1.16212, VaAcc: 0.7130, VaLoss:  2.30966	 20 sampled NNs | VaAcc: 0.6840 +- 0.0247 | VaLoss: 0.9346 +- 0.0660
164,  0 | TrAcc: 0.7010, TrLoss:  1.14328, VaAcc: 0.7162, VaLoss:  2.30598	 20 sampled NNs | VaAcc: 0.6868 +- 0.0134 | VaLoss: 0.9121 +- 0.0271
165,  0 | TrAcc: 0.7066, TrLoss:  1.14010, VaAcc: 0.6963, VaLoss:  2.36493	 20 sampled NNs | VaAcc: 0.6602 +- 0.0297 | VaLoss: 0.9993 +- 0.0674
166,  0 | TrAcc: 0.6807, TrLoss:  1.22629, VaAcc: 0.6912, VaLoss:  2.37614	 20 sampled NNs | VaAcc: 0.6493 +- 0.0208 | VaLoss: 1.0140 +- 0.0466
167,  0 | TrAcc: 0.7148, TrLoss:  1.11958, VaAcc: 0.6953, VaLoss:  2.36701	 20 sampled NNs | VaAcc: 0.6709 +- 0.0179 | VaLoss: 0.9609 +- 0.0398
168,  0 | TrAcc: 0.6668, TrLoss:  1.22884, VaAcc: 0.6865, VaLoss:  2.38229	 20 sampled NNs | VaAcc: 0.6490 +- 0.0305 | VaLoss: 1.0139 +- 0.0669
169,  0 | TrAcc: 0.7106, TrLoss:  1.13892, VaAcc: 0.6967, VaLoss:  2.36728	 20 sampled NNs | VaAcc: 0.6618 +- 0.0302 | VaLoss: 0.9882 +- 0.1037
170,  0 | TrAcc: 0.6894, TrLoss:  1.15420, VaAcc: 0.6989, VaLoss:  2.34388	 20 sampled NNs | VaAcc: 0.6658 +- 0.0227 | VaLoss: 0.9702 +- 0.0426
171,  0 | TrAcc: 0.6858, TrLoss:  1.18394, VaAcc: 0.6966, VaLoss:  2.36163	 20 sampled NNs | VaAcc: 0.6638 +- 0.0312 | VaLoss: 0.9910 +- 0.0770
172,  0 | TrAcc: 0.6876, TrLoss:  1.20055, VaAcc: 0.7095, VaLoss:  2.34101	 20 sampled NNs | VaAcc: 0.6709 +- 0.0254 | VaLoss: 0.9652 +- 0.0427
173,  0 | TrAcc: 0.6772, TrLoss:  1.19031, VaAcc: 0.6909, VaLoss:  2.38457	 20 sampled NNs | VaAcc: 0.6522 +- 0.0411 | VaLoss: 1.0153 +- 0.1036
174,  0 | TrAcc: 0.7069, TrLoss:  1.12902, VaAcc: 0.6897, VaLoss:  2.36250	 20 sampled NNs | VaAcc: 0.6666 +- 0.0193 | VaLoss: 0.9604 +- 0.0554
175,  0 | TrAcc: 0.7056, TrLoss:  1.12958, VaAcc: 0.7118, VaLoss:  2.31948	 20 sampled NNs | VaAcc: 0.6928 +- 0.0197 | VaLoss: 0.9020 +- 0.0378
176,  0 | TrAcc: 0.6880, TrLoss:  1.18457, VaAcc: 0.6859, VaLoss:  2.37208	 20 sampled NNs | VaAcc: 0.6570 +- 0.0310 | VaLoss: 0.9769 +- 0.0634
177,  0 | TrAcc: 0.6876, TrLoss:  1.17816, VaAcc: 0.7266, VaLoss:  2.29674	 20 sampled NNs | VaAcc: 0.6976 +- 0.0245 | VaLoss: 0.9025 +- 0.0459
178,  0 | TrAcc: 0.6847, TrLoss:  1.19481, VaAcc: 0.6859, VaLoss:  2.36614	 20 sampled NNs | VaAcc: 0.6620 +- 0.0238 | VaLoss: 0.9713 +- 0.0414
179,  0 | TrAcc: 0.7172, TrLoss:  1.09070, VaAcc: 0.7010, VaLoss:  2.34323	 20 sampled NNs | VaAcc: 0.6692 +- 0.0263 | VaLoss: 0.9406 +- 0.0496
180,  0 | TrAcc: 0.6818, TrLoss:  1.21490, VaAcc: 0.7125, VaLoss:  2.33018	 20 sampled NNs | VaAcc: 0.6868 +- 0.0245 | VaLoss: 0.9158 +- 0.0399
181,  0 | TrAcc: 0.6987, TrLoss:  1.14129, VaAcc: 0.7177, VaLoss:  2.32598	 20 sampled NNs | VaAcc: 0.6880 +- 0.0229 | VaLoss: 0.9290 +- 0.0362
182,  0 | TrAcc: 0.7080, TrLoss:  1.12669, VaAcc: 0.7091, VaLoss:  2.34175	 20 sampled NNs | VaAcc: 0.6780 +- 0.0220 | VaLoss: 0.9300 +- 0.0435
183,  0 | TrAcc: 0.7002, TrLoss:  1.14147, VaAcc: 0.7012, VaLoss:  2.35815	 20 sampled NNs | VaAcc: 0.6694 +- 0.0232 | VaLoss: 0.9640 +- 0.0425
184,  0 | TrAcc: 0.6996, TrLoss:  1.15315, VaAcc: 0.7085, VaLoss:  2.34877	 20 sampled NNs | VaAcc: 0.6876 +- 0.0252 | VaLoss: 0.9376 +- 0.0429
185,  0 | TrAcc: 0.7053, TrLoss:  1.13300, VaAcc: 0.7093, VaLoss:  2.32698	 20 sampled NNs | VaAcc: 0.6818 +- 0.0183 | VaLoss: 0.9282 +- 0.0332
186,  0 | TrAcc: 0.6972, TrLoss:  1.14659, VaAcc: 0.7161, VaLoss:  2.31650	 20 sampled NNs | VaAcc: 0.6829 +- 0.0226 | VaLoss: 0.9232 +- 0.0318
187,  0 | TrAcc: 0.7009, TrLoss:  1.12770, VaAcc: 0.6996, VaLoss:  2.36244	 20 sampled NNs | VaAcc: 0.6865 +- 0.0217 | VaLoss: 0.9279 +- 0.0418
188,  0 | TrAcc: 0.7137, TrLoss:  1.13879, VaAcc: 0.7095, VaLoss:  2.32214	 20 sampled NNs | VaAcc: 0.6847 +- 0.0200 | VaLoss: 0.9089 +- 0.0373
189,  0 | TrAcc: 0.6927, TrLoss:  1.13716, VaAcc: 0.6887, VaLoss:  2.39666	 20 sampled NNs | VaAcc: 0.6445 +- 0.0275 | VaLoss: 1.0286 +- 0.0616
190,  0 | TrAcc: 0.7000, TrLoss:  1.13320, VaAcc: 0.7293, VaLoss:  2.30972	 20 sampled NNs | VaAcc: 0.6941 +- 0.0218 | VaLoss: 0.9180 +- 0.0489
191,  0 | TrAcc: 0.7020, TrLoss:  1.14796, VaAcc: 0.7096, VaLoss:  2.34540	 20 sampled NNs | VaAcc: 0.6752 +- 0.0265 | VaLoss: 0.9469 +- 0.0483
192,  0 | TrAcc: 0.7414, TrLoss:  1.06662, VaAcc: 0.7027, VaLoss:  2.33867	 20 sampled NNs | VaAcc: 0.6755 +- 0.0194 | VaLoss: 0.9354 +- 0.0412
193,  0 | TrAcc: 0.7093, TrLoss:  1.13253, VaAcc: 0.7017, VaLoss:  2.35385	 20 sampled NNs | VaAcc: 0.6809 +- 0.0186 | VaLoss: 0.9319 +- 0.0269
194,  0 | TrAcc: 0.7134, TrLoss:  1.14012, VaAcc: 0.7088, VaLoss:  2.33809	 20 sampled NNs | VaAcc: 0.6778 +- 0.0210 | VaLoss: 0.9342 +- 0.0559
195,  0 | TrAcc: 0.6880, TrLoss:  1.18636, VaAcc: 0.7028, VaLoss:  2.37795	 20 sampled NNs | VaAcc: 0.6633 +- 0.0246 | VaLoss: 0.9758 +- 0.0495
196,  0 | TrAcc: 0.6750, TrLoss:  1.17532, VaAcc: 0.6984, VaLoss:  2.38963	 20 sampled NNs | VaAcc: 0.6669 +- 0.0253 | VaLoss: 0.9730 +- 0.0558
197,  0 | TrAcc: 0.7178, TrLoss:  1.11164, VaAcc: 0.7032, VaLoss:  2.38261	 20 sampled NNs | VaAcc: 0.6816 +- 0.0242 | VaLoss: 0.9494 +- 0.0477
198,  0 | TrAcc: 0.7136, TrLoss:  1.12871, VaAcc: 0.7134, VaLoss:  2.33491	 20 sampled NNs | VaAcc: 0.6818 +- 0.0259 | VaLoss: 0.9334 +- 0.0584
199,  0 | TrAcc: 0.6830, TrLoss:  1.19608, VaAcc: 0.7141, VaLoss:  2.33474	 20 sampled NNs | VaAcc: 0.6913 +- 0.0200 | VaLoss: 0.9090 +- 0.0394
200,  0 | TrAcc: 0.7101, TrLoss:  1.12181, VaAcc: 0.7104, VaLoss:  2.33987	 20 sampled NNs | VaAcc: 0.6849 +- 0.0219 | VaLoss: 0.9268 +- 0.0621
201,  0 | TrAcc: 0.6996, TrLoss:  1.16195, VaAcc: 0.7102, VaLoss:  2.35894	 20 sampled NNs | VaAcc: 0.6840 +- 0.0231 | VaLoss: 0.9352 +- 0.0420
202,  0 | TrAcc: 0.6956, TrLoss:  1.15516, VaAcc: 0.7151, VaLoss:  2.34821	 20 sampled NNs | VaAcc: 0.6932 +- 0.0218 | VaLoss: 0.9260 +- 0.0479
203,  0 | TrAcc: 0.7352, TrLoss:  1.05938, VaAcc: 0.6999, VaLoss:  2.38746	 20 sampled NNs | VaAcc: 0.6800 +- 0.0204 | VaLoss: 0.9453 +- 0.0466
204,  0 | TrAcc: 0.7176, TrLoss:  1.07953, VaAcc: 0.7004, VaLoss:  2.38749	 20 sampled NNs | VaAcc: 0.6796 +- 0.0207 | VaLoss: 0.9480 +- 0.0484
205,  0 | TrAcc: 0.7206, TrLoss:  1.11954, VaAcc: 0.7002, VaLoss:  2.38121	 20 sampled NNs | VaAcc: 0.6717 +- 0.0233 | VaLoss: 0.9686 +- 0.0511
206,  0 | TrAcc: 0.7101, TrLoss:  1.15872, VaAcc: 0.7133, VaLoss:  2.32561	 20 sampled NNs | VaAcc: 0.6815 +- 0.0213 | VaLoss: 0.9213 +- 0.0475
207,  0 | TrAcc: 0.7127, TrLoss:  1.12773, VaAcc: 0.7190, VaLoss:  2.30255	 20 sampled NNs | VaAcc: 0.6931 +- 0.0264 | VaLoss: 0.8959 +- 0.0405
208,  0 | TrAcc: 0.6852, TrLoss:  1.18679, VaAcc: 0.6984, VaLoss:  2.36171	 20 sampled NNs | VaAcc: 0.6785 +- 0.0255 | VaLoss: 0.9342 +- 0.0566
209,  0 | TrAcc: 0.7025, TrLoss:  1.14107, VaAcc: 0.7157, VaLoss:  2.33872	 20 sampled NNs | VaAcc: 0.6814 +- 0.0236 | VaLoss: 0.9342 +- 0.0542
210,  0 | TrAcc: 0.7083, TrLoss:  1.15879, VaAcc: 0.7029, VaLoss:  2.36436	 20 sampled NNs | VaAcc: 0.6755 +- 0.0256 | VaLoss: 0.9462 +- 0.0521
211,  0 | TrAcc: 0.7062, TrLoss:  1.13631, VaAcc: 0.7099, VaLoss:  2.36332	 20 sampled NNs | VaAcc: 0.6847 +- 0.0219 | VaLoss: 0.9292 +- 0.0375
212,  0 | TrAcc: 0.7157, TrLoss:  1.12675, VaAcc: 0.7062, VaLoss:  2.33806	 20 sampled NNs | VaAcc: 0.6768 +- 0.0290 | VaLoss: 0.9169 +- 0.0572
213,  0 | TrAcc: 0.7194, TrLoss:  1.11996, VaAcc: 0.7151, VaLoss:  2.35194	 20 sampled NNs | VaAcc: 0.7005 +- 0.0198 | VaLoss: 0.8951 +- 0.0382
214,  0 | TrAcc: 0.7013, TrLoss:  1.15969, VaAcc: 0.7108, VaLoss:  2.37463	 20 sampled NNs | VaAcc: 0.6942 +- 0.0230 | VaLoss: 0.9226 +- 0.0494
215,  0 | TrAcc: 0.7401, TrLoss:  1.06276, VaAcc: 0.7268, VaLoss:  2.31386	 20 sampled NNs | VaAcc: 0.6948 +- 0.0212 | VaLoss: 0.8984 +- 0.0533
216,  0 | TrAcc: 0.7154, TrLoss:  1.13944, VaAcc: 0.7116, VaLoss:  2.32678	 20 sampled NNs | VaAcc: 0.6874 +- 0.0148 | VaLoss: 0.8863 +- 0.0404
217,  0 | TrAcc: 0.7047, TrLoss:  1.14156, VaAcc: 0.7302, VaLoss:  2.31478	 20 sampled NNs | VaAcc: 0.7071 +- 0.0223 | VaLoss: 0.8729 +- 0.0468
218,  0 | TrAcc: 0.7162, TrLoss:  1.12492, VaAcc: 0.7208, VaLoss:  2.33206	 20 sampled NNs | VaAcc: 0.6844 +- 0.0209 | VaLoss: 0.9141 +- 0.0443
219,  0 | TrAcc: 0.6864, TrLoss:  1.21004, VaAcc: 0.6995, VaLoss:  2.40505	 20 sampled NNs | VaAcc: 0.6757 +- 0.0228 | VaLoss: 0.9678 +- 0.0530
220,  0 | TrAcc: 0.7075, TrLoss:  1.12584, VaAcc: 0.7080, VaLoss:  2.34704	 20 sampled NNs | VaAcc: 0.6894 +- 0.0237 | VaLoss: 0.9030 +- 0.0591
221,  0 | TrAcc: 0.7203, TrLoss:  1.09261, VaAcc: 0.6954, VaLoss:  2.38399	 20 sampled NNs | VaAcc: 0.6695 +- 0.0238 | VaLoss: 0.9556 +- 0.0469
222,  0 | TrAcc: 0.7279, TrLoss:  1.07563, VaAcc: 0.7151, VaLoss:  2.35379	 20 sampled NNs | VaAcc: 0.6921 +- 0.0214 | VaLoss: 0.9140 +- 0.0515
223,  0 | TrAcc: 0.7071, TrLoss:  1.13240, VaAcc: 0.7038, VaLoss:  2.35694	 20 sampled NNs | VaAcc: 0.6767 +- 0.0219 | VaLoss: 0.9198 +- 0.0427
224,  0 | TrAcc: 0.6955, TrLoss:  1.16690, VaAcc: 0.7293, VaLoss:  2.32088	 20 sampled NNs | VaAcc: 0.7047 +- 0.0234 | VaLoss: 0.8872 +- 0.0480
225,  0 | TrAcc: 0.7065, TrLoss:  1.13085, VaAcc: 0.7110, VaLoss:  2.35506	 20 sampled NNs | VaAcc: 0.6815 +- 0.0136 | VaLoss: 0.9266 +- 0.0425
226,  0 | TrAcc: 0.7195, TrLoss:  1.10095, VaAcc: 0.7055, VaLoss:  2.35867	 20 sampled NNs | VaAcc: 0.6859 +- 0.0224 | VaLoss: 0.9295 +- 0.0391
227,  0 | TrAcc: 0.7113, TrLoss:  1.13054, VaAcc: 0.6827, VaLoss:  2.40529	 20 sampled NNs | VaAcc: 0.6611 +- 0.0299 | VaLoss: 0.9678 +- 0.0505
228,  0 | TrAcc: 0.7115, TrLoss:  1.16660, VaAcc: 0.6998, VaLoss:  2.38371	 20 sampled NNs | VaAcc: 0.6694 +- 0.0193 | VaLoss: 0.9633 +- 0.0443
229,  0 | TrAcc: 0.7280, TrLoss:  1.06191, VaAcc: 0.7077, VaLoss:  2.35257	 20 sampled NNs | VaAcc: 0.6925 +- 0.0178 | VaLoss: 0.8970 +- 0.0372
230,  0 | TrAcc: 0.7037, TrLoss:  1.14782, VaAcc: 0.7209, VaLoss:  2.32348	 20 sampled NNs | VaAcc: 0.6994 +- 0.0228 | VaLoss: 0.8769 +- 0.0437
231,  0 | TrAcc: 0.7175, TrLoss:  1.12385, VaAcc: 0.7213, VaLoss:  2.31283	 20 sampled NNs | VaAcc: 0.6964 +- 0.0205 | VaLoss: 0.8816 +- 0.0411
232,  0 | TrAcc: 0.7246, TrLoss:  1.07748, VaAcc: 0.6921, VaLoss:  2.38319	 20 sampled NNs | VaAcc: 0.6714 +- 0.0206 | VaLoss: 0.9428 +- 0.0445
233,  0 | TrAcc: 0.7144, TrLoss:  1.09971, VaAcc: 0.7122, VaLoss:  2.34827	 20 sampled NNs | VaAcc: 0.6907 +- 0.0173 | VaLoss: 0.9009 +- 0.0296
234,  0 | TrAcc: 0.7075, TrLoss:  1.13362, VaAcc: 0.7069, VaLoss:  2.37570	 20 sampled NNs | VaAcc: 0.6751 +- 0.0186 | VaLoss: 0.9549 +- 0.0456
235,  0 | TrAcc: 0.7188, TrLoss:  1.11193, VaAcc: 0.7112, VaLoss:  2.35232	 20 sampled NNs | VaAcc: 0.6846 +- 0.0207 | VaLoss: 0.9252 +- 0.0437
236,  0 | TrAcc: 0.7187, TrLoss:  1.12643, VaAcc: 0.7142, VaLoss:  2.33736	 20 sampled NNs | VaAcc: 0.6969 +- 0.0195 | VaLoss: 0.8886 +- 0.0394
237,  0 | TrAcc: 0.7100, TrLoss:  1.14802, VaAcc: 0.7066, VaLoss:  2.34570	 20 sampled NNs | VaAcc: 0.6780 +- 0.0201 | VaLoss: 0.9193 +- 0.0388
238,  0 | TrAcc: 0.7219, TrLoss:  1.09117, VaAcc: 0.7071, VaLoss:  2.34340	 20 sampled NNs | VaAcc: 0.6873 +- 0.0193 | VaLoss: 0.9053 +- 0.0338
239,  0 | TrAcc: 0.7476, TrLoss:  1.05291, VaAcc: 0.7264, VaLoss:  2.34027	 20 sampled NNs | VaAcc: 0.7090 +- 0.0170 | VaLoss: 0.8870 +- 0.0354
240,  0 | TrAcc: 0.7407, TrLoss:  1.06164, VaAcc: 0.7026, VaLoss:  2.40720	 20 sampled NNs | VaAcc: 0.6722 +- 0.0211 | VaLoss: 0.9573 +- 0.0536
241,  0 | TrAcc: 0.7163, TrLoss:  1.08330, VaAcc: 0.7034, VaLoss:  2.36618	 20 sampled NNs | VaAcc: 0.6736 +- 0.0194 | VaLoss: 0.9294 +- 0.0370
242,  0 | TrAcc: 0.7190, TrLoss:  1.09868, VaAcc: 0.7091, VaLoss:  2.33773	 20 sampled NNs | VaAcc: 0.6854 +- 0.0237 | VaLoss: 0.9039 +- 0.0523
243,  0 | TrAcc: 0.7188, TrLoss:  1.11326, VaAcc: 0.7174, VaLoss:  2.33662	 20 sampled NNs | VaAcc: 0.7042 +- 0.0126 | VaLoss: 0.8714 +- 0.0268
244,  0 | TrAcc: 0.7139, TrLoss:  1.13382, VaAcc: 0.7059, VaLoss:  2.38246	 20 sampled NNs | VaAcc: 0.6760 +- 0.0204 | VaLoss: 0.9249 +- 0.0374
245,  0 | TrAcc: 0.6884, TrLoss:  1.19047, VaAcc: 0.7256, VaLoss:  2.31575	 20 sampled NNs | VaAcc: 0.7128 +- 0.0156 | VaLoss: 0.8531 +- 0.0316
246,  0 | TrAcc: 0.7013, TrLoss:  1.13755, VaAcc: 0.7258, VaLoss:  2.33068	 20 sampled NNs | VaAcc: 0.6994 +- 0.0147 | VaLoss: 0.8815 +- 0.0340
247,  0 | TrAcc: 0.7234, TrLoss:  1.09769, VaAcc: 0.6976, VaLoss:  2.36672	 20 sampled NNs | VaAcc: 0.6709 +- 0.0213 | VaLoss: 0.9261 +- 0.0404
248,  0 | TrAcc: 0.7124, TrLoss:  1.12123, VaAcc: 0.7300, VaLoss:  2.31570	 20 sampled NNs | VaAcc: 0.7150 +- 0.0175 | VaLoss: 0.8658 +- 0.0351
249,  0 | TrAcc: 0.6970, TrLoss:  1.16811, VaAcc: 0.6879, VaLoss:  2.41829	 20 sampled NNs | VaAcc: 0.6749 +- 0.0222 | VaLoss: 0.9413 +- 0.0400
250,  0 | TrAcc: 0.7181, TrLoss:  1.10349, VaAcc: 0.7191, VaLoss:  2.36869	 20 sampled NNs | VaAcc: 0.6955 +- 0.0199 | VaLoss: 0.9086 +- 0.0409
251,  0 | TrAcc: 0.7249, TrLoss:  1.10077, VaAcc: 0.7154, VaLoss:  2.34404	 20 sampled NNs | VaAcc: 0.6812 +- 0.0206 | VaLoss: 0.9178 +- 0.0483
252,  0 | TrAcc: 0.7151, TrLoss:  1.12420, VaAcc: 0.7380, VaLoss:  2.31465	 20 sampled NNs | VaAcc: 0.7050 +- 0.0183 | VaLoss: 0.8825 +- 0.0334
253,  0 | TrAcc: 0.6958, TrLoss:  1.17065, VaAcc: 0.7193, VaLoss:  2.33304	 20 sampled NNs | VaAcc: 0.7009 +- 0.0186 | VaLoss: 0.8806 +- 0.0409
254,  0 | TrAcc: 0.7001, TrLoss:  1.13970, VaAcc: 0.6931, VaLoss:  2.38659	 20 sampled NNs | VaAcc: 0.6725 +- 0.0277 | VaLoss: 0.9241 +- 0.0564
255,  0 | TrAcc: 0.7306, TrLoss:  1.08852, VaAcc: 0.7298, VaLoss:  2.32875	 20 sampled NNs | VaAcc: 0.7093 +- 0.0126 | VaLoss: 0.8653 +- 0.0316
256,  0 | TrAcc: 0.7174, TrLoss:  1.12741, VaAcc: 0.7142, VaLoss:  2.37965	 20 sampled NNs | VaAcc: 0.6912 +- 0.0226 | VaLoss: 0.9068 +- 0.0454
257,  0 | TrAcc: 0.7229, TrLoss:  1.10415, VaAcc: 0.7225, VaLoss:  2.32368	 20 sampled NNs | VaAcc: 0.7008 +- 0.0255 | VaLoss: 0.8690 +- 0.0463
258,  0 | TrAcc: 0.7315, TrLoss:  1.06289, VaAcc: 0.7172, VaLoss:  2.35942	 20 sampled NNs | VaAcc: 0.6953 +- 0.0218 | VaLoss: 0.8980 +- 0.0367
259,  0 | TrAcc: 0.7312, TrLoss:  1.07894, VaAcc: 0.7140, VaLoss:  2.36606	 20 sampled NNs | VaAcc: 0.6938 +- 0.0224 | VaLoss: 0.8998 +- 0.0403
260,  0 | TrAcc: 0.7366, TrLoss:  1.06723, VaAcc: 0.7220, VaLoss:  2.33141	 20 sampled NNs | VaAcc: 0.7009 +- 0.0142 | VaLoss: 0.8722 +- 0.0389
261,  0 | TrAcc: 0.7247, TrLoss:  1.08071, VaAcc: 0.7199, VaLoss:  2.35173	 20 sampled NNs | VaAcc: 0.7054 +- 0.0154 | VaLoss: 0.8879 +- 0.0310
262,  0 | TrAcc: 0.7337, TrLoss:  1.04520, VaAcc: 0.7032, VaLoss:  2.36673	 20 sampled NNs | VaAcc: 0.6897 +- 0.0196 | VaLoss: 0.8994 +- 0.0472
263,  0 | TrAcc: 0.7160, TrLoss:  1.11582, VaAcc: 0.7094, VaLoss:  2.38414	 20 sampled NNs | VaAcc: 0.6805 +- 0.0169 | VaLoss: 0.9269 +- 0.0396
264,  0 | TrAcc: 0.7053, TrLoss:  1.14107, VaAcc: 0.7175, VaLoss:  2.35014	 20 sampled NNs | VaAcc: 0.7000 +- 0.0184 | VaLoss: 0.8881 +- 0.0343
265,  0 | TrAcc: 0.7358, TrLoss:  1.06881, VaAcc: 0.7264, VaLoss:  2.32719	 20 sampled NNs | VaAcc: 0.7085 +- 0.0127 | VaLoss: 0.8681 +- 0.0268
266,  0 | TrAcc: 0.6905, TrLoss:  1.18710, VaAcc: 0.6952, VaLoss:  2.39841	 20 sampled NNs | VaAcc: 0.6733 +- 0.0177 | VaLoss: 0.9418 +- 0.0434
267,  0 | TrAcc: 0.7159, TrLoss:  1.08777, VaAcc: 0.7166, VaLoss:  2.36644	 20 sampled NNs | VaAcc: 0.6971 +- 0.0180 | VaLoss: 0.9042 +- 0.0305
268,  0 | TrAcc: 0.7098, TrLoss:  1.11002, VaAcc: 0.7081, VaLoss:  2.39108	 20 sampled NNs | VaAcc: 0.6897 +- 0.0201 | VaLoss: 0.9085 +- 0.0393
269,  0 | TrAcc: 0.7400, TrLoss:  1.05087, VaAcc: 0.7300, VaLoss:  2.32845	 20 sampled NNs | VaAcc: 0.7130 +- 0.0175 | VaLoss: 0.8544 +- 0.0370
270,  0 | TrAcc: 0.7257, TrLoss:  1.08380, VaAcc: 0.7299, VaLoss:  2.33156	 20 sampled NNs | VaAcc: 0.7096 +- 0.0164 | VaLoss: 0.8547 +- 0.0356
271,  0 | TrAcc: 0.7065, TrLoss:  1.11905, VaAcc: 0.7075, VaLoss:  2.35158	 20 sampled NNs | VaAcc: 0.6923 +- 0.0146 | VaLoss: 0.8810 +- 0.0337
272,  0 | TrAcc: 0.7362, TrLoss:  1.05666, VaAcc: 0.7045, VaLoss:  2.38312	 20 sampled NNs | VaAcc: 0.6857 +- 0.0165 | VaLoss: 0.9083 +- 0.0373
273,  0 | TrAcc: 0.7087, TrLoss:  1.13294, VaAcc: 0.7213, VaLoss:  2.36288	 20 sampled NNs | VaAcc: 0.7037 +- 0.0188 | VaLoss: 0.8842 +- 0.0270
274,  0 | TrAcc: 0.7231, TrLoss:  1.08846, VaAcc: 0.7360, VaLoss:  2.32739	 20 sampled NNs | VaAcc: 0.7115 +- 0.0229 | VaLoss: 0.8559 +- 0.0486
275,  0 | TrAcc: 0.7119, TrLoss:  1.11709, VaAcc: 0.7072, VaLoss:  2.39474	 20 sampled NNs | VaAcc: 0.6829 +- 0.0187 | VaLoss: 0.9118 +- 0.0386
276,  0 | TrAcc: 0.7265, TrLoss:  1.08122, VaAcc: 0.7083, VaLoss:  2.39217	 20 sampled NNs | VaAcc: 0.6971 +- 0.0158 | VaLoss: 0.8854 +- 0.0387
277,  0 | TrAcc: 0.7152, TrLoss:  1.10614, VaAcc: 0.6925, VaLoss:  2.42862	 20 sampled NNs | VaAcc: 0.6805 +- 0.0199 | VaLoss: 0.9272 +- 0.0384
278,  0 | TrAcc: 0.7128, TrLoss:  1.13901, VaAcc: 0.7173, VaLoss:  2.35451	 20 sampled NNs | VaAcc: 0.7000 +- 0.0194 | VaLoss: 0.8761 +- 0.0283
279,  0 | TrAcc: 0.7116, TrLoss:  1.12131, VaAcc: 0.7197, VaLoss:  2.37169	 20 sampled NNs | VaAcc: 0.6914 +- 0.0239 | VaLoss: 0.9043 +- 0.0484
280,  0 | TrAcc: 0.7126, TrLoss:  1.13443, VaAcc: 0.7130, VaLoss:  2.38712	 20 sampled NNs | VaAcc: 0.6920 +- 0.0229 | VaLoss: 0.8991 +- 0.0438
281,  0 | TrAcc: 0.7204, TrLoss:  1.10491, VaAcc: 0.7021, VaLoss:  2.40226	 20 sampled NNs | VaAcc: 0.6768 +- 0.0183 | VaLoss: 0.9370 +- 0.0334
282,  0 | TrAcc: 0.7021, TrLoss:  1.15841, VaAcc: 0.7113, VaLoss:  2.38104	 20 sampled NNs | VaAcc: 0.6842 +- 0.0290 | VaLoss: 0.9171 +- 0.0637
283,  0 | TrAcc: 0.7307, TrLoss:  1.05728, VaAcc: 0.7032, VaLoss:  2.38070	 20 sampled NNs | VaAcc: 0.6909 +- 0.0179 | VaLoss: 0.9016 +- 0.0386
284,  0 | TrAcc: 0.7275, TrLoss:  1.07263, VaAcc: 0.6922, VaLoss:  2.41032	 20 sampled NNs | VaAcc: 0.6791 +- 0.0179 | VaLoss: 0.9233 +- 0.0436
285,  0 | TrAcc: 0.7301, TrLoss:  1.09740, VaAcc: 0.7121, VaLoss:  2.36915	 20 sampled NNs | VaAcc: 0.6913 +- 0.0214 | VaLoss: 0.8871 +- 0.0381
286,  0 | TrAcc: 0.7177, TrLoss:  1.08957, VaAcc: 0.7150, VaLoss:  2.35981	 20 sampled NNs | VaAcc: 0.6940 +- 0.0234 | VaLoss: 0.8910 +- 0.0539
287,  0 | TrAcc: 0.7185, TrLoss:  1.08767, VaAcc: 0.7135, VaLoss:  2.40362	 20 sampled NNs | VaAcc: 0.6969 +- 0.0224 | VaLoss: 0.9122 +- 0.0358
288,  0 | TrAcc: 0.7136, TrLoss:  1.12386, VaAcc: 0.7106, VaLoss:  2.38340	 20 sampled NNs | VaAcc: 0.6888 +- 0.0164 | VaLoss: 0.9040 +- 0.0400
289,  0 | TrAcc: 0.7363, TrLoss:  1.07860, VaAcc: 0.7189, VaLoss:  2.37129	 20 sampled NNs | VaAcc: 0.7020 +- 0.0174 | VaLoss: 0.8907 +- 0.0372
290,  0 | TrAcc: 0.7259, TrLoss:  1.08933, VaAcc: 0.6968, VaLoss:  2.39733	 20 sampled NNs | VaAcc: 0.6721 +- 0.0236 | VaLoss: 0.9204 +- 0.0379
291,  0 | TrAcc: 0.7130, TrLoss:  1.11565, VaAcc: 0.6853, VaLoss:  2.43731	 20 sampled NNs | VaAcc: 0.6653 +- 0.0265 | VaLoss: 0.9606 +- 0.0715
292,  0 | TrAcc: 0.7273, TrLoss:  1.07076, VaAcc: 0.7204, VaLoss:  2.38058	 20 sampled NNs | VaAcc: 0.6882 +- 0.0612 | VaLoss: 0.9392 +- 0.2318
293,  0 | TrAcc: 0.7041, TrLoss:  1.14170, VaAcc: 0.7066, VaLoss:  2.41512	 20 sampled NNs | VaAcc: 0.6872 +- 0.0228 | VaLoss: 0.9270 +- 0.0421
294,  0 | TrAcc: 0.7352, TrLoss:  1.09957, VaAcc: 0.7181, VaLoss:  2.37755	 20 sampled NNs | VaAcc: 0.7000 +- 0.0234 | VaLoss: 0.8873 +- 0.0480
295,  0 | TrAcc: 0.7376, TrLoss:  1.04380, VaAcc: 0.7096, VaLoss:  2.41993	 20 sampled NNs | VaAcc: 0.6927 +- 0.0147 | VaLoss: 0.9318 +- 0.0306
296,  0 | TrAcc: 0.6947, TrLoss:  1.15386, VaAcc: 0.6953, VaLoss:  2.43034	 20 sampled NNs | VaAcc: 0.6767 +- 0.0202 | VaLoss: 0.9373 +- 0.0420
297,  0 | TrAcc: 0.7403, TrLoss:  1.04625, VaAcc: 0.7140, VaLoss:  2.37534	 20 sampled NNs | VaAcc: 0.6932 +- 0.0162 | VaLoss: 0.8802 +- 0.0260
298,  0 | TrAcc: 0.7037, TrLoss:  1.14747, VaAcc: 0.7094, VaLoss:  2.41112	 20 sampled NNs | VaAcc: 0.6821 +- 0.0170 | VaLoss: 0.9525 +- 0.0461
299,  0 | TrAcc: 0.7228, TrLoss:  1.11785, VaAcc: 0.7036, VaLoss:  2.39467	 20 sampled NNs | VaAcc: 0.6785 +- 0.0269 | VaLoss: 0.9173 +- 0.0488
17898.505279999998
----------------------------
