

config:

HOME=/clusterFS/home/student/kopp13
PATH=/clusterFS/home/student/kopp13/miniconda3/envs/tensorflow/bin:/clusterFS/home/student/kopp13/miniconda3/bin:/clusterFS/home/student/kopp13/bin:/usr/local/bin:/usr/bin:/bin:/usr/local/games:/usr/games
LD_LIBRARY_PATH=
THEANO_FLAGS=floatX=float32,gpuarray.preallocate=0.9,dnn.library_path=/usr/lib/x86_64-linux-gnu,cxx=clang++-3.8,device=cuda,base_compiledir=/tmp/tmp.OBgzX1BwLN

=============================
CONFIG FILE

RNN CONFIG
{'data_multiplier': 1.0,
 'gradient_clip_value': 0.5,
 'layer_configs': [{'layer_type': 'input'},
                   {'bc': {'init_m': 'xavier',
                           'init_v': -4.5,
                           'prior_m': 0.0,
                           'prior_v': 0.0,
                           'type': 'continuous'},
                    'bf': {'init_m': 'xavier',
                           'init_v': -4.5,
                           'prior_m': 0.0,
                           'prior_v': 0.0,
                           'type': 'continuous'},
                    'bi': {'init_m': 'xavier',
                           'init_v': -4.5,
                           'prior_m': 0.0,
                           'prior_v': 0.0,
                           'type': 'continuous'},
                    'bo': {'init_m': 'xavier',
                           'init_v': -4.5,
                           'prior_m': 0.0,
                           'prior_v': 0.0,
                           'type': 'continuous'},
                    'init_config': {'c': {'b': 'all_zero', 'w': 'xavier'},
                                    'f': {'b': 'all_one', 'w': 'all_zero'},
                                    'i': {'b': 'all_zero', 'w': 'xavier'},
                                    'o': {'b': 'all_zero', 'w': 'xavier'}},
                    'is_output': False,
                    'is_recurrent': True,
                    'layer_type': 'lstm',
                    'tau': 0.5,
                    'var_scope': 'lstm_0',
                    'wc': {'p0max': 0.95,
                           'p0min': 0.05,
                           'pmax': 0.99,
                           'pmin': 0.01,
                           'priors': [0.1, 0.8, 0.1],
                           'type': 'ternary'},
                    'wf': {'p0max': 0.95,
                           'p0min': 0.05,
                           'pmax': 0.99,
                           'pmin': 0.01,
                           'priors': [0.1, 0.8, 0.1],
                           'type': 'ternary'},
                    'wi': {'p0max': 0.95,
                           'p0min': 0.05,
                           'pmax': 0.99,
                           'pmin': 0.01,
                           'priors': [0.1, 0.8, 0.1],
                           'type': 'ternary'},
                    'wo': {'p0max': 0.95,
                           'p0min': 0.05,
                           'pmax': 0.99,
                           'pmin': 0.01,
                           'priors': [0.1, 0.8, 0.1],
                           'type': 'ternary'}},
                   {'bc': {'init_m': 'xavier',
                           'init_v': -4.5,
                           'prior_m': 0.0,
                           'prior_v': 0.0,
                           'type': 'continuous'},
                    'bf': {'init_m': 'xavier',
                           'init_v': -4.5,
                           'prior_m': 0.0,
                           'prior_v': 0.0,
                           'type': 'continuous'},
                    'bi': {'init_m': 'xavier',
                           'init_v': -4.5,
                           'prior_m': 0.0,
                           'prior_v': 0.0,
                           'type': 'continuous'},
                    'bo': {'init_m': 'xavier',
                           'init_v': -4.5,
                           'prior_m': 0.0,
                           'prior_v': 0.0,
                           'type': 'continuous'},
                    'init_config': {'c': {'b': 'all_zero', 'w': 'xavier'},
                                    'f': {'b': 'all_one', 'w': 'all_zero'},
                                    'i': {'b': 'all_zero', 'w': 'xavier'},
                                    'o': {'b': 'all_zero', 'w': 'xavier'}},
                    'is_output': False,
                    'is_recurrent': True,
                    'layer_type': 'lstm',
                    'tau': 0.5,
                    'var_scope': 'lstm_1',
                    'wc': {'p0max': 0.95,
                           'p0min': 0.05,
                           'pmax': 0.99,
                           'pmin': 0.01,
                           'priors': [0.1, 0.8, 0.1],
                           'type': 'ternary'},
                    'wf': {'p0max': 0.95,
                           'p0min': 0.05,
                           'pmax': 0.99,
                           'pmin': 0.01,
                           'priors': [0.1, 0.8, 0.1],
                           'type': 'ternary'},
                    'wi': {'p0max': 0.95,
                           'p0min': 0.05,
                           'pmax': 0.99,
                           'pmin': 0.01,
                           'priors': [0.1, 0.8, 0.1],
                           'type': 'ternary'},
                    'wo': {'p0max': 0.95,
                           'p0min': 0.05,
                           'pmax': 0.99,
                           'pmin': 0.01,
                           'priors': [0.1, 0.8, 0.1],
                           'type': 'ternary'}},
                   {'b': {'init_m': 'xavier',
                          'init_v': -4.5,
                          'prior_m': 0.0,
                          'prior_v': 0.0,
                          'type': 'continuous'},
                    'is_output': True,
                    'is_recurrent': False,
                    'layer_type': 'fc',
                    'regularization': {'mode': None, 'strength': 0.02},
                    'tau': 0.5,
                    'var_scope': 'output_layer',
                    'w': {'p0max': 0.95,
                          'p0min': 0.05,
                          'pmax': 0.99,
                          'pmin': 0.01,
                          'priors': [0.1, 0.8, 0.1],
                          'type': 'ternary'}}],
 'layout': [4, 60, 60, 10],
 'output_type': 'classification'}

DATA CONFIG
{'dataset': 'red_penstroke',
 'tr': {'in_seq_len': 30,
        'minibatch_enabled': True,
        'minibatch_size': 200,
        'out_seq_len': 5,
        'zero_padding': 20},
 'va': {'in_seq_len': 30,
        'minibatch_enabled': True,
        'minibatch_size': 200,
        'out_seq_len': 5,
        'zero_padding': 20}}

TRAINING CONFIG
{'beta_reg': 0.0,
 'is_pretrain': False,
 'learning_rate': 0.002,
 'mode': {'max_epochs': 300, 'min_error': 0.0, 'name': 'classic'},
 'task_id': 5,
 'type': 'g_sampling',
 'var_reg': 0.01}
==============================


  0,  0 | TrAcc: 0.1048, TrLoss:  3.96415, VaAcc: 0.1095, VaLoss:  4.04079	 20 sampled NNs | VaAcc: 0.1062 +- 0.0158 | VaLoss: 3.7605 +- 0.6033
  1,  0 | TrAcc: 0.1482, TrLoss:  2.33587, VaAcc: 0.1324, VaLoss:  2.54485	 20 sampled NNs | VaAcc: 0.1377 +- 0.0187 | VaLoss: 2.3852 +- 0.0688
  2,  0 | TrAcc: 0.1313, TrLoss:  2.33071, VaAcc: 0.1419, VaLoss:  2.50325	 20 sampled NNs | VaAcc: 0.1278 +- 0.0206 | VaLoss: 2.3275 +- 0.0477
  3,  0 | TrAcc: 0.1328, TrLoss:  2.31062, VaAcc: 0.1246, VaLoss:  2.49483	 20 sampled NNs | VaAcc: 0.1299 +- 0.0280 | VaLoss: 2.2992 +- 0.0366
  4,  0 | TrAcc: 0.1360, TrLoss:  2.29672, VaAcc: 0.1323, VaLoss:  2.50175	 20 sampled NNs | VaAcc: 0.1216 +- 0.0192 | VaLoss: 2.3066 +- 0.0293
  5,  0 | TrAcc: 0.1632, TrLoss:  2.28396, VaAcc: 0.1479, VaLoss:  2.51424	 20 sampled NNs | VaAcc: 0.1507 +- 0.0196 | VaLoss: 2.3390 +- 0.0608
  6,  0 | TrAcc: 0.1526, TrLoss:  2.26803, VaAcc: 0.1268, VaLoss:  2.50176	 20 sampled NNs | VaAcc: 0.1251 +- 0.0224 | VaLoss: 2.3372 +- 0.0451
  7,  0 | TrAcc: 0.1503, TrLoss:  2.26729, VaAcc: 0.1652, VaLoss:  2.43726	 20 sampled NNs | VaAcc: 0.1525 +- 0.0258 | VaLoss: 2.2602 +- 0.0363
  8,  0 | TrAcc: 0.1856, TrLoss:  2.21344, VaAcc: 0.1689, VaLoss:  2.43982	 20 sampled NNs | VaAcc: 0.1654 +- 0.0219 | VaLoss: 2.2636 +- 0.0450
  9,  0 | TrAcc: 0.1677, TrLoss:  2.21519, VaAcc: 0.1723, VaLoss:  2.40289	 20 sampled NNs | VaAcc: 0.1502 +- 0.0197 | VaLoss: 2.2506 +- 0.0298
 10,  0 | TrAcc: 0.1899, TrLoss:  2.16370, VaAcc: 0.1974, VaLoss:  2.37065	 20 sampled NNs | VaAcc: 0.1707 +- 0.0174 | VaLoss: 2.2208 +- 0.0486
 11,  0 | TrAcc: 0.2077, TrLoss:  2.13331, VaAcc: 0.2134, VaLoss:  2.33456	 20 sampled NNs | VaAcc: 0.1863 +- 0.0318 | VaLoss: 2.1883 +- 0.0642
 12,  0 | TrAcc: 0.2404, TrLoss:  2.05099, VaAcc: 0.2397, VaLoss:  2.25456	 20 sampled NNs | VaAcc: 0.2144 +- 0.0336 | VaLoss: 2.1313 +- 0.0591
 13,  0 | TrAcc: 0.2664, TrLoss:  1.98658, VaAcc: 0.2594, VaLoss:  2.24040	 20 sampled NNs | VaAcc: 0.2185 +- 0.0416 | VaLoss: 2.1222 +- 0.0843
 14,  0 | TrAcc: 0.2824, TrLoss:  1.92009, VaAcc: 0.2730, VaLoss:  2.15878	 20 sampled NNs | VaAcc: 0.2362 +- 0.0357 | VaLoss: 2.0479 +- 0.0898
 15,  0 | TrAcc: 0.3193, TrLoss:  1.86433, VaAcc: 0.3052, VaLoss:  2.08397	 20 sampled NNs | VaAcc: 0.2637 +- 0.0425 | VaLoss: 1.9871 +- 0.1367
 16,  0 | TrAcc: 0.2990, TrLoss:  1.90187, VaAcc: 0.2908, VaLoss:  2.07776	 20 sampled NNs | VaAcc: 0.2412 +- 0.0253 | VaLoss: 1.9870 +- 0.0689
 17,  0 | TrAcc: 0.3822, TrLoss:  1.72904, VaAcc: 0.3421, VaLoss:  2.00613	 20 sampled NNs | VaAcc: 0.2956 +- 0.0450 | VaLoss: 1.9008 +- 0.0915
 18,  0 | TrAcc: 0.3632, TrLoss:  1.73466, VaAcc: 0.3411, VaLoss:  1.98905	 20 sampled NNs | VaAcc: 0.3120 +- 0.0343 | VaLoss: 1.8579 +- 0.0773
 19,  0 | TrAcc: 0.3802, TrLoss:  1.68904, VaAcc: 0.3582, VaLoss:  1.94733	 20 sampled NNs | VaAcc: 0.3239 +- 0.0360 | VaLoss: 1.8129 +- 0.0867
 20,  0 | TrAcc: 0.4027, TrLoss:  1.64467, VaAcc: 0.3719, VaLoss:  1.93600	 20 sampled NNs | VaAcc: 0.3239 +- 0.0428 | VaLoss: 1.8007 +- 0.1006
 21,  0 | TrAcc: 0.4182, TrLoss:  1.61381, VaAcc: 0.4000, VaLoss:  1.89025	 20 sampled NNs | VaAcc: 0.3698 +- 0.0337 | VaLoss: 1.7406 +- 0.0585
 22,  0 | TrAcc: 0.4144, TrLoss:  1.63540, VaAcc: 0.4091, VaLoss:  1.85911	 20 sampled NNs | VaAcc: 0.3715 +- 0.0327 | VaLoss: 1.7200 +- 0.0891
 23,  0 | TrAcc: 0.4278, TrLoss:  1.60914, VaAcc: 0.3991, VaLoss:  1.85656	 20 sampled NNs | VaAcc: 0.3542 +- 0.0454 | VaLoss: 1.6881 +- 0.0806
 24,  0 | TrAcc: 0.4350, TrLoss:  1.56284, VaAcc: 0.4367, VaLoss:  1.80907	 20 sampled NNs | VaAcc: 0.3857 +- 0.0552 | VaLoss: 1.6954 +- 0.1000
 25,  0 | TrAcc: 0.4722, TrLoss:  1.46854, VaAcc: 0.4455, VaLoss:  1.80331	 20 sampled NNs | VaAcc: 0.3836 +- 0.0469 | VaLoss: 1.7185 +- 0.1226
 26,  0 | TrAcc: 0.4815, TrLoss:  1.44744, VaAcc: 0.4656, VaLoss:  1.76658	 20 sampled NNs | VaAcc: 0.4271 +- 0.0208 | VaLoss: 1.6092 +- 0.0799
 27,  0 | TrAcc: 0.4794, TrLoss:  1.44363, VaAcc: 0.4493, VaLoss:  1.77101	 20 sampled NNs | VaAcc: 0.4117 +- 0.0313 | VaLoss: 1.6005 +- 0.0547
 28,  0 | TrAcc: 0.5039, TrLoss:  1.42567, VaAcc: 0.4619, VaLoss:  1.78865	 20 sampled NNs | VaAcc: 0.4144 +- 0.0318 | VaLoss: 1.6110 +- 0.0726
 29,  0 | TrAcc: 0.4936, TrLoss:  1.42931, VaAcc: 0.4611, VaLoss:  1.77671	 20 sampled NNs | VaAcc: 0.4338 +- 0.0300 | VaLoss: 1.5625 +- 0.0652
 30,  0 | TrAcc: 0.5130, TrLoss:  1.38310, VaAcc: 0.4872, VaLoss:  1.71035	 20 sampled NNs | VaAcc: 0.4471 +- 0.0314 | VaLoss: 1.5340 +- 0.0719
 31,  0 | TrAcc: 0.5229, TrLoss:  1.35626, VaAcc: 0.4919, VaLoss:  1.71638	 20 sampled NNs | VaAcc: 0.4514 +- 0.0238 | VaLoss: 1.5205 +- 0.0600
 32,  0 | TrAcc: 0.5673, TrLoss:  1.30670, VaAcc: 0.5135, VaLoss:  1.70830	 20 sampled NNs | VaAcc: 0.4716 +- 0.0254 | VaLoss: 1.4969 +- 0.0483
 33,  0 | TrAcc: 0.5320, TrLoss:  1.32639, VaAcc: 0.4960, VaLoss:  1.71604	 20 sampled NNs | VaAcc: 0.4537 +- 0.0321 | VaLoss: 1.5145 +- 0.0863
 34,  0 | TrAcc: 0.5443, TrLoss:  1.30406, VaAcc: 0.4959, VaLoss:  1.73404	 20 sampled NNs | VaAcc: 0.4685 +- 0.0293 | VaLoss: 1.4962 +- 0.0632
 35,  0 | TrAcc: 0.5596, TrLoss:  1.27800, VaAcc: 0.5194, VaLoss:  1.68834	 20 sampled NNs | VaAcc: 0.4845 +- 0.0239 | VaLoss: 1.4521 +- 0.0480
 36,  0 | TrAcc: 0.5632, TrLoss:  1.25222, VaAcc: 0.5211, VaLoss:  1.64181	 20 sampled NNs | VaAcc: 0.4854 +- 0.0238 | VaLoss: 1.4300 +- 0.0542
 37,  0 | TrAcc: 0.5752, TrLoss:  1.25726, VaAcc: 0.5184, VaLoss:  1.68507	 20 sampled NNs | VaAcc: 0.4839 +- 0.0249 | VaLoss: 1.4495 +- 0.0421
 38,  0 | TrAcc: 0.5694, TrLoss:  1.29387, VaAcc: 0.5048, VaLoss:  1.69898	 20 sampled NNs | VaAcc: 0.4644 +- 0.0228 | VaLoss: 1.4692 +- 0.0439
 39,  0 | TrAcc: 0.5590, TrLoss:  1.26033, VaAcc: 0.5289, VaLoss:  1.67193	 20 sampled NNs | VaAcc: 0.4823 +- 0.0278 | VaLoss: 1.4413 +- 0.0653
 40,  0 | TrAcc: 0.5885, TrLoss:  1.21670, VaAcc: 0.5443, VaLoss:  1.62665	 20 sampled NNs | VaAcc: 0.5075 +- 0.0260 | VaLoss: 1.3732 +- 0.0519
 41,  0 | TrAcc: 0.5796, TrLoss:  1.24244, VaAcc: 0.5480, VaLoss:  1.64239	 20 sampled NNs | VaAcc: 0.5064 +- 0.0245 | VaLoss: 1.4186 +- 0.0554
 42,  0 | TrAcc: 0.5955, TrLoss:  1.16856, VaAcc: 0.5407, VaLoss:  1.64535	 20 sampled NNs | VaAcc: 0.5042 +- 0.0239 | VaLoss: 1.3849 +- 0.0578
 43,  0 | TrAcc: 0.6143, TrLoss:  1.17796, VaAcc: 0.5519, VaLoss:  1.61223	 20 sampled NNs | VaAcc: 0.5206 +- 0.0225 | VaLoss: 1.3679 +- 0.0663
 44,  0 | TrAcc: 0.6232, TrLoss:  1.12458, VaAcc: 0.5726, VaLoss:  1.60767	 20 sampled NNs | VaAcc: 0.5329 +- 0.0254 | VaLoss: 1.3478 +- 0.0450
 45,  0 | TrAcc: 0.6294, TrLoss:  1.11884, VaAcc: 0.5748, VaLoss:  1.57628	 20 sampled NNs | VaAcc: 0.5380 +- 0.0260 | VaLoss: 1.3256 +- 0.0748
 46,  0 | TrAcc: 0.6242, TrLoss:  1.10942, VaAcc: 0.5755, VaLoss:  1.59521	 20 sampled NNs | VaAcc: 0.5323 +- 0.0249 | VaLoss: 1.3328 +- 0.0679
 47,  0 | TrAcc: 0.6389, TrLoss:  1.09917, VaAcc: 0.5680, VaLoss:  1.58330	 20 sampled NNs | VaAcc: 0.5447 +- 0.0241 | VaLoss: 1.2955 +- 0.0600
 48,  0 | TrAcc: 0.6187, TrLoss:  1.14514, VaAcc: 0.5576, VaLoss:  1.60746	 20 sampled NNs | VaAcc: 0.5378 +- 0.0199 | VaLoss: 1.3206 +- 0.0650
 49,  0 | TrAcc: 0.6643, TrLoss:  1.03041, VaAcc: 0.5914, VaLoss:  1.55420	 20 sampled NNs | VaAcc: 0.5612 +- 0.0248 | VaLoss: 1.2776 +- 0.0671
 50,  0 | TrAcc: 0.6253, TrLoss:  1.12517, VaAcc: 0.5779, VaLoss:  1.58158	 20 sampled NNs | VaAcc: 0.5361 +- 0.0442 | VaLoss: 1.3408 +- 0.1234
 51,  0 | TrAcc: 0.6289, TrLoss:  1.13083, VaAcc: 0.5784, VaLoss:  1.57525	 20 sampled NNs | VaAcc: 0.5489 +- 0.0287 | VaLoss: 1.2675 +- 0.0666
 52,  0 | TrAcc: 0.6394, TrLoss:  1.08283, VaAcc: 0.5907, VaLoss:  1.55777	 20 sampled NNs | VaAcc: 0.5639 +- 0.0245 | VaLoss: 1.2461 +- 0.0559
 53,  0 | TrAcc: 0.6601, TrLoss:  1.05676, VaAcc: 0.5879, VaLoss:  1.60557	 20 sampled NNs | VaAcc: 0.5634 +- 0.0278 | VaLoss: 1.2803 +- 0.0606
 54,  0 | TrAcc: 0.6605, TrLoss:  1.05070, VaAcc: 0.6041, VaLoss:  1.55379	 20 sampled NNs | VaAcc: 0.5730 +- 0.0294 | VaLoss: 1.2471 +- 0.0621
 55,  0 | TrAcc: 0.6366, TrLoss:  1.09881, VaAcc: 0.5905, VaLoss:  1.54044	 20 sampled NNs | VaAcc: 0.5728 +- 0.0243 | VaLoss: 1.2032 +- 0.0521
 56,  0 | TrAcc: 0.6484, TrLoss:  1.07842, VaAcc: 0.6160, VaLoss:  1.48967	 20 sampled NNs | VaAcc: 0.5862 +- 0.0204 | VaLoss: 1.1688 +- 0.0592
 57,  0 | TrAcc: 0.6646, TrLoss:  0.99833, VaAcc: 0.6126, VaLoss:  1.52756	 20 sampled NNs | VaAcc: 0.5803 +- 0.0249 | VaLoss: 1.2035 +- 0.0565
 58,  0 | TrAcc: 0.6669, TrLoss:  1.01889, VaAcc: 0.6132, VaLoss:  1.53350	 20 sampled NNs | VaAcc: 0.5816 +- 0.0220 | VaLoss: 1.2197 +- 0.0599
 59,  0 | TrAcc: 0.6696, TrLoss:  1.03646, VaAcc: 0.6095, VaLoss:  1.52962	 20 sampled NNs | VaAcc: 0.5838 +- 0.0238 | VaLoss: 1.1896 +- 0.0543
 60,  0 | TrAcc: 0.6745, TrLoss:  1.01019, VaAcc: 0.6269, VaLoss:  1.50326	 20 sampled NNs | VaAcc: 0.5805 +- 0.0222 | VaLoss: 1.2050 +- 0.0680
 61,  0 | TrAcc: 0.6815, TrLoss:  0.99608, VaAcc: 0.6288, VaLoss:  1.51598	 20 sampled NNs | VaAcc: 0.6053 +- 0.0154 | VaLoss: 1.1689 +- 0.0446
 62,  0 | TrAcc: 0.6888, TrLoss:  0.97452, VaAcc: 0.6238, VaLoss:  1.51500	 20 sampled NNs | VaAcc: 0.5938 +- 0.0239 | VaLoss: 1.1687 +- 0.0614
 63,  0 | TrAcc: 0.6839, TrLoss:  0.97959, VaAcc: 0.6250, VaLoss:  1.52692	 20 sampled NNs | VaAcc: 0.5894 +- 0.0182 | VaLoss: 1.1966 +- 0.0596
 64,  0 | TrAcc: 0.6817, TrLoss:  0.96087, VaAcc: 0.6374, VaLoss:  1.46469	 20 sampled NNs | VaAcc: 0.6022 +- 0.0206 | VaLoss: 1.1362 +- 0.0537
 65,  0 | TrAcc: 0.6844, TrLoss:  0.98273, VaAcc: 0.6228, VaLoss:  1.50756	 20 sampled NNs | VaAcc: 0.6054 +- 0.0227 | VaLoss: 1.1288 +- 0.0442
 66,  0 | TrAcc: 0.6638, TrLoss:  1.02326, VaAcc: 0.6284, VaLoss:  1.48623	 20 sampled NNs | VaAcc: 0.6071 +- 0.0208 | VaLoss: 1.1248 +- 0.0481
 67,  0 | TrAcc: 0.6974, TrLoss:  0.96994, VaAcc: 0.6410, VaLoss:  1.47167	 20 sampled NNs | VaAcc: 0.6183 +- 0.0207 | VaLoss: 1.1035 +- 0.0477
 68,  0 | TrAcc: 0.7073, TrLoss:  0.95116, VaAcc: 0.6150, VaLoss:  1.51832	 20 sampled NNs | VaAcc: 0.6008 +- 0.0239 | VaLoss: 1.1400 +- 0.0523
 69,  0 | TrAcc: 0.6908, TrLoss:  0.98117, VaAcc: 0.6437, VaLoss:  1.48116	 20 sampled NNs | VaAcc: 0.6168 +- 0.0190 | VaLoss: 1.0910 +- 0.0358
 70,  0 | TrAcc: 0.7048, TrLoss:  0.93493, VaAcc: 0.6280, VaLoss:  1.51184	 20 sampled NNs | VaAcc: 0.6105 +- 0.0207 | VaLoss: 1.1105 +- 0.0492
 71,  0 | TrAcc: 0.6929, TrLoss:  0.98670, VaAcc: 0.6401, VaLoss:  1.48435	 20 sampled NNs | VaAcc: 0.6165 +- 0.0238 | VaLoss: 1.1027 +- 0.0567
 72,  0 | TrAcc: 0.6840, TrLoss:  0.95717, VaAcc: 0.6408, VaLoss:  1.51498	 20 sampled NNs | VaAcc: 0.6183 +- 0.0199 | VaLoss: 1.1192 +- 0.0467
 73,  0 | TrAcc: 0.7013, TrLoss:  0.94163, VaAcc: 0.6334, VaLoss:  1.52028	 20 sampled NNs | VaAcc: 0.6127 +- 0.0244 | VaLoss: 1.1211 +- 0.0489
 74,  0 | TrAcc: 0.7129, TrLoss:  0.89555, VaAcc: 0.6360, VaLoss:  1.52044	 20 sampled NNs | VaAcc: 0.6114 +- 0.0230 | VaLoss: 1.1177 +- 0.0475
 75,  0 | TrAcc: 0.6733, TrLoss:  1.00329, VaAcc: 0.6279, VaLoss:  1.54165	 20 sampled NNs | VaAcc: 0.6054 +- 0.0209 | VaLoss: 1.1489 +- 0.0481
 76,  0 | TrAcc: 0.6867, TrLoss:  0.95957, VaAcc: 0.6341, VaLoss:  1.52437	 20 sampled NNs | VaAcc: 0.6156 +- 0.0186 | VaLoss: 1.1310 +- 0.0538
 77,  0 | TrAcc: 0.6899, TrLoss:  0.96505, VaAcc: 0.6477, VaLoss:  1.49959	 20 sampled NNs | VaAcc: 0.6207 +- 0.0163 | VaLoss: 1.1102 +- 0.0418
 78,  0 | TrAcc: 0.7052, TrLoss:  0.89868, VaAcc: 0.6436, VaLoss:  1.53558	 20 sampled NNs | VaAcc: 0.6248 +- 0.0263 | VaLoss: 1.1132 +- 0.0545
 79,  0 | TrAcc: 0.7184, TrLoss:  0.87575, VaAcc: 0.6474, VaLoss:  1.51631	 20 sampled NNs | VaAcc: 0.6273 +- 0.0200 | VaLoss: 1.1039 +- 0.0484
 80,  0 | TrAcc: 0.7161, TrLoss:  0.88289, VaAcc: 0.6550, VaLoss:  1.49045	 20 sampled NNs | VaAcc: 0.6292 +- 0.0204 | VaLoss: 1.0767 +- 0.0474
 81,  0 | TrAcc: 0.7094, TrLoss:  0.93297, VaAcc: 0.6335, VaLoss:  1.52947	 20 sampled NNs | VaAcc: 0.6100 +- 0.0156 | VaLoss: 1.1189 +- 0.0522
 82,  0 | TrAcc: 0.7370, TrLoss:  0.84181, VaAcc: 0.6411, VaLoss:  1.52384	 20 sampled NNs | VaAcc: 0.6208 +- 0.0225 | VaLoss: 1.0996 +- 0.0571
 83,  0 | TrAcc: 0.7024, TrLoss:  0.96411, VaAcc: 0.6433, VaLoss:  1.51500	 20 sampled NNs | VaAcc: 0.6273 +- 0.0278 | VaLoss: 1.0803 +- 0.0599
 84,  0 | TrAcc: 0.7212, TrLoss:  0.85347, VaAcc: 0.6439, VaLoss:  1.52341	 20 sampled NNs | VaAcc: 0.6181 +- 0.0208 | VaLoss: 1.1019 +- 0.0566
 85,  0 | TrAcc: 0.6955, TrLoss:  0.96158, VaAcc: 0.6718, VaLoss:  1.45983	 20 sampled NNs | VaAcc: 0.6561 +- 0.0133 | VaLoss: 1.0080 +- 0.0272
 86,  0 | TrAcc: 0.7211, TrLoss:  0.88534, VaAcc: 0.6663, VaLoss:  1.48303	 20 sampled NNs | VaAcc: 0.6426 +- 0.0185 | VaLoss: 1.0591 +- 0.0396
 87,  0 | TrAcc: 0.7318, TrLoss:  0.84743, VaAcc: 0.6585, VaLoss:  1.48024	 20 sampled NNs | VaAcc: 0.6446 +- 0.0201 | VaLoss: 1.0327 +- 0.0345
 88,  0 | TrAcc: 0.7217, TrLoss:  0.88773, VaAcc: 0.6640, VaLoss:  1.47656	 20 sampled NNs | VaAcc: 0.6421 +- 0.0186 | VaLoss: 1.0311 +- 0.0376
 89,  0 | TrAcc: 0.7270, TrLoss:  0.86205, VaAcc: 0.6583, VaLoss:  1.51145	 20 sampled NNs | VaAcc: 0.6451 +- 0.0155 | VaLoss: 1.0584 +- 0.0469
 90,  0 | TrAcc: 0.7383, TrLoss:  0.82759, VaAcc: 0.6593, VaLoss:  1.54567	 20 sampled NNs | VaAcc: 0.6255 +- 0.0204 | VaLoss: 1.1463 +- 0.0461
 91,  0 | TrAcc: 0.7087, TrLoss:  0.91395, VaAcc: 0.6709, VaLoss:  1.46813	 20 sampled NNs | VaAcc: 0.6386 +- 0.0325 | VaLoss: 1.0467 +- 0.0748
 92,  0 | TrAcc: 0.7267, TrLoss:  0.86469, VaAcc: 0.6451, VaLoss:  1.52002	 20 sampled NNs | VaAcc: 0.6377 +- 0.0203 | VaLoss: 1.0406 +- 0.0570
 93,  0 | TrAcc: 0.7295, TrLoss:  0.84449, VaAcc: 0.6567, VaLoss:  1.51445	 20 sampled NNs | VaAcc: 0.6347 +- 0.0157 | VaLoss: 1.0585 +- 0.0416
 94,  0 | TrAcc: 0.7245, TrLoss:  0.86421, VaAcc: 0.6609, VaLoss:  1.49209	 20 sampled NNs | VaAcc: 0.6484 +- 0.0153 | VaLoss: 1.0188 +- 0.0381
 95,  0 | TrAcc: 0.7469, TrLoss:  0.86120, VaAcc: 0.6674, VaLoss:  1.47636	 20 sampled NNs | VaAcc: 0.6490 +- 0.0248 | VaLoss: 1.0300 +- 0.1199
 96,  0 | TrAcc: 0.7250, TrLoss:  0.90045, VaAcc: 0.6625, VaLoss:  1.48329	 20 sampled NNs | VaAcc: 0.6410 +- 0.0193 | VaLoss: 1.0298 +- 0.0436
 97,  0 | TrAcc: 0.7357, TrLoss:  0.84133, VaAcc: 0.6632, VaLoss:  1.49592	 20 sampled NNs | VaAcc: 0.6445 +- 0.0138 | VaLoss: 1.0233 +- 0.0292
 98,  0 | TrAcc: 0.7461, TrLoss:  0.85350, VaAcc: 0.6784, VaLoss:  1.48635	 20 sampled NNs | VaAcc: 0.6664 +- 0.0160 | VaLoss: 0.9980 +- 0.0416
 99,  0 | TrAcc: 0.7286, TrLoss:  0.89508, VaAcc: 0.6701, VaLoss:  1.49790	 20 sampled NNs | VaAcc: 0.6490 +- 0.0157 | VaLoss: 1.0376 +- 0.0499
100,  0 | TrAcc: 0.7202, TrLoss:  0.88617, VaAcc: 0.6566, VaLoss:  1.52573	 20 sampled NNs | VaAcc: 0.6351 +- 0.0181 | VaLoss: 1.0707 +- 0.0427
101,  0 | TrAcc: 0.7329, TrLoss:  0.85973, VaAcc: 0.6820, VaLoss:  1.44966	 20 sampled NNs | VaAcc: 0.6592 +- 0.0177 | VaLoss: 0.9875 +- 0.0363
102,  0 | TrAcc: 0.7474, TrLoss:  0.82941, VaAcc: 0.6694, VaLoss:  1.47860	 20 sampled NNs | VaAcc: 0.6517 +- 0.0180 | VaLoss: 1.0151 +- 0.0450
103,  0 | TrAcc: 0.7133, TrLoss:  0.90456, VaAcc: 0.6823, VaLoss:  1.44547	 20 sampled NNs | VaAcc: 0.6633 +- 0.0145 | VaLoss: 0.9767 +- 0.0312
104,  0 | TrAcc: 0.7590, TrLoss:  0.80147, VaAcc: 0.6651, VaLoss:  1.49941	 20 sampled NNs | VaAcc: 0.6444 +- 0.0105 | VaLoss: 1.0280 +- 0.0358
105,  0 | TrAcc: 0.7213, TrLoss:  0.89080, VaAcc: 0.6687, VaLoss:  1.49947	 20 sampled NNs | VaAcc: 0.6462 +- 0.0206 | VaLoss: 1.0287 +- 0.0527
106,  0 | TrAcc: 0.7695, TrLoss:  0.78063, VaAcc: 0.6646, VaLoss:  1.50662	 20 sampled NNs | VaAcc: 0.6428 +- 0.0268 | VaLoss: 1.0567 +- 0.0927
107,  0 | TrAcc: 0.7620, TrLoss:  0.79953, VaAcc: 0.6727, VaLoss:  1.50303	 20 sampled NNs | VaAcc: 0.6568 +- 0.0132 | VaLoss: 1.0150 +- 0.0309
108,  0 | TrAcc: 0.7349, TrLoss:  0.84539, VaAcc: 0.6630, VaLoss:  1.51922	 20 sampled NNs | VaAcc: 0.6523 +- 0.0149 | VaLoss: 1.0163 +- 0.0301
109,  0 | TrAcc: 0.7166, TrLoss:  0.92767, VaAcc: 0.6611, VaLoss:  1.51669	 20 sampled NNs | VaAcc: 0.6454 +- 0.0139 | VaLoss: 1.0249 +- 0.0470
110,  0 | TrAcc: 0.7268, TrLoss:  0.86447, VaAcc: 0.6722, VaLoss:  1.51752	 20 sampled NNs | VaAcc: 0.6523 +- 0.0179 | VaLoss: 1.0236 +- 0.0389
111,  0 | TrAcc: 0.7368, TrLoss:  0.84232, VaAcc: 0.6914, VaLoss:  1.43597	 20 sampled NNs | VaAcc: 0.6809 +- 0.0150 | VaLoss: 0.9424 +- 0.0292
112,  0 | TrAcc: 0.7539, TrLoss:  0.80665, VaAcc: 0.6666, VaLoss:  1.52024	 20 sampled NNs | VaAcc: 0.6476 +- 0.0204 | VaLoss: 1.0388 +- 0.0438
113,  0 | TrAcc: 0.7378, TrLoss:  0.81996, VaAcc: 0.6778, VaLoss:  1.47878	 20 sampled NNs | VaAcc: 0.6610 +- 0.0126 | VaLoss: 0.9851 +- 0.0397
114,  0 | TrAcc: 0.7385, TrLoss:  0.83788, VaAcc: 0.6765, VaLoss:  1.48089	 20 sampled NNs | VaAcc: 0.6607 +- 0.0175 | VaLoss: 0.9849 +- 0.0334
115,  0 | TrAcc: 0.7620, TrLoss:  0.79175, VaAcc: 0.6788, VaLoss:  1.49419	 20 sampled NNs | VaAcc: 0.6572 +- 0.0157 | VaLoss: 1.0068 +- 0.0333
116,  0 | TrAcc: 0.7590, TrLoss:  0.80364, VaAcc: 0.6727, VaLoss:  1.49296	 20 sampled NNs | VaAcc: 0.6520 +- 0.0235 | VaLoss: 0.9981 +- 0.0531
117,  0 | TrAcc: 0.7490, TrLoss:  0.82679, VaAcc: 0.6844, VaLoss:  1.47261	 20 sampled NNs | VaAcc: 0.6716 +- 0.0128 | VaLoss: 0.9481 +- 0.0319
118,  0 | TrAcc: 0.7574, TrLoss:  0.80611, VaAcc: 0.6750, VaLoss:  1.49170	 20 sampled NNs | VaAcc: 0.6631 +- 0.0160 | VaLoss: 0.9922 +- 0.0419
119,  0 | TrAcc: 0.7555, TrLoss:  0.80545, VaAcc: 0.6874, VaLoss:  1.45384	 20 sampled NNs | VaAcc: 0.6641 +- 0.0175 | VaLoss: 0.9579 +- 0.0399
120,  0 | TrAcc: 0.7641, TrLoss:  0.77478, VaAcc: 0.6907, VaLoss:  1.50995	 20 sampled NNs | VaAcc: 0.6736 +- 0.0159 | VaLoss: 0.9943 +- 0.0359
121,  0 | TrAcc: 0.7612, TrLoss:  0.80618, VaAcc: 0.6882, VaLoss:  1.51047	 20 sampled NNs | VaAcc: 0.6706 +- 0.0173 | VaLoss: 0.9911 +- 0.0434
122,  0 | TrAcc: 0.7746, TrLoss:  0.78294, VaAcc: 0.6721, VaLoss:  1.52958	 20 sampled NNs | VaAcc: 0.6609 +- 0.0218 | VaLoss: 0.9990 +- 0.0557
123,  0 | TrAcc: 0.7361, TrLoss:  0.83596, VaAcc: 0.6731, VaLoss:  1.50665	 20 sampled NNs | VaAcc: 0.6563 +- 0.0199 | VaLoss: 0.9981 +- 0.0485
124,  0 | TrAcc: 0.7655, TrLoss:  0.78858, VaAcc: 0.6769, VaLoss:  1.49364	 20 sampled NNs | VaAcc: 0.6650 +- 0.0134 | VaLoss: 0.9656 +- 0.0286
125,  0 | TrAcc: 0.7519, TrLoss:  0.81109, VaAcc: 0.6856, VaLoss:  1.46601	 20 sampled NNs | VaAcc: 0.6690 +- 0.0170 | VaLoss: 0.9511 +- 0.0428
126,  0 | TrAcc: 0.7730, TrLoss:  0.76429, VaAcc: 0.6873, VaLoss:  1.51432	 20 sampled NNs | VaAcc: 0.6762 +- 0.0153 | VaLoss: 0.9676 +- 0.0284
127,  0 | TrAcc: 0.7741, TrLoss:  0.75488, VaAcc: 0.6778, VaLoss:  1.54155	 20 sampled NNs | VaAcc: 0.6685 +- 0.0139 | VaLoss: 1.0149 +- 0.0369
128,  0 | TrAcc: 0.7415, TrLoss:  0.82870, VaAcc: 0.6632, VaLoss:  1.53355	 20 sampled NNs | VaAcc: 0.6445 +- 0.0193 | VaLoss: 1.0191 +- 0.0527
129,  0 | TrAcc: 0.7606, TrLoss:  0.78674, VaAcc: 0.6694, VaLoss:  1.55532	 20 sampled NNs | VaAcc: 0.6585 +- 0.0167 | VaLoss: 1.0302 +- 0.0322
130,  0 | TrAcc: 0.7497, TrLoss:  0.82425, VaAcc: 0.7006, VaLoss:  1.47979	 20 sampled NNs | VaAcc: 0.6816 +- 0.0133 | VaLoss: 0.9579 +- 0.0400
131,  0 | TrAcc: 0.7622, TrLoss:  0.79489, VaAcc: 0.6926, VaLoss:  1.49517	 20 sampled NNs | VaAcc: 0.6782 +- 0.0164 | VaLoss: 0.9573 +- 0.0361
132,  0 | TrAcc: 0.7561, TrLoss:  0.80555, VaAcc: 0.6686, VaLoss:  1.53857	 20 sampled NNs | VaAcc: 0.6541 +- 0.0112 | VaLoss: 1.0092 +- 0.0323
133,  0 | TrAcc: 0.7653, TrLoss:  0.80439, VaAcc: 0.6956, VaLoss:  1.48179	 20 sampled NNs | VaAcc: 0.6875 +- 0.0123 | VaLoss: 0.9332 +- 0.0310
134,  0 | TrAcc: 0.7587, TrLoss:  0.77576, VaAcc: 0.6941, VaLoss:  1.48908	 20 sampled NNs | VaAcc: 0.6780 +- 0.0176 | VaLoss: 0.9502 +- 0.0375
135,  0 | TrAcc: 0.7393, TrLoss:  0.86298, VaAcc: 0.6739, VaLoss:  1.50700	 20 sampled NNs | VaAcc: 0.6617 +- 0.0175 | VaLoss: 0.9692 +- 0.0360
136,  0 | TrAcc: 0.7557, TrLoss:  0.78950, VaAcc: 0.6916, VaLoss:  1.48309	 20 sampled NNs | VaAcc: 0.6775 +- 0.0142 | VaLoss: 0.9538 +- 0.0357
137,  0 | TrAcc: 0.7672, TrLoss:  0.78977, VaAcc: 0.6957, VaLoss:  1.46057	 20 sampled NNs | VaAcc: 0.6873 +- 0.0135 | VaLoss: 0.9267 +- 0.0317
138,  0 | TrAcc: 0.7670, TrLoss:  0.77470, VaAcc: 0.6892, VaLoss:  1.49967	 20 sampled NNs | VaAcc: 0.6763 +- 0.0144 | VaLoss: 0.9597 +- 0.0327
139,  0 | TrAcc: 0.7570, TrLoss:  0.81128, VaAcc: 0.6920, VaLoss:  1.49183	 20 sampled NNs | VaAcc: 0.6800 +- 0.0153 | VaLoss: 0.9450 +- 0.0350
140,  0 | TrAcc: 0.7585, TrLoss:  0.77030, VaAcc: 0.6948, VaLoss:  1.50351	 20 sampled NNs | VaAcc: 0.6907 +- 0.0176 | VaLoss: 0.9545 +- 0.0478
141,  0 | TrAcc: 0.7887, TrLoss:  0.73690, VaAcc: 0.6933, VaLoss:  1.47791	 20 sampled NNs | VaAcc: 0.6728 +- 0.0141 | VaLoss: 0.9546 +- 0.0440
142,  0 | TrAcc: 0.7819, TrLoss:  0.72788, VaAcc: 0.6978, VaLoss:  1.46989	 20 sampled NNs | VaAcc: 0.6799 +- 0.0157 | VaLoss: 0.9304 +- 0.0341
143,  0 | TrAcc: 0.7782, TrLoss:  0.75605, VaAcc: 0.6669, VaLoss:  1.59856	 20 sampled NNs | VaAcc: 0.6465 +- 0.0190 | VaLoss: 1.0737 +- 0.0507
144,  0 | TrAcc: 0.7726, TrLoss:  0.75273, VaAcc: 0.6934, VaLoss:  1.54289	 20 sampled NNs | VaAcc: 0.6828 +- 0.0124 | VaLoss: 0.9973 +- 0.0397
145,  0 | TrAcc: 0.7819, TrLoss:  0.72790, VaAcc: 0.6804, VaLoss:  1.53064	 20 sampled NNs | VaAcc: 0.6683 +- 0.0214 | VaLoss: 0.9754 +- 0.0479
146,  0 | TrAcc: 0.7501, TrLoss:  0.80786, VaAcc: 0.6810, VaLoss:  1.51041	 20 sampled NNs | VaAcc: 0.6618 +- 0.0167 | VaLoss: 0.9716 +- 0.0357
147,  0 | TrAcc: 0.7716, TrLoss:  0.76096, VaAcc: 0.7096, VaLoss:  1.44376	 20 sampled NNs | VaAcc: 0.6942 +- 0.0141 | VaLoss: 0.9025 +- 0.0372
148,  0 | TrAcc: 0.7633, TrLoss:  0.77277, VaAcc: 0.7023, VaLoss:  1.50605	 20 sampled NNs | VaAcc: 0.6884 +- 0.0132 | VaLoss: 0.9557 +- 0.0338
149,  0 | TrAcc: 0.7616, TrLoss:  0.78732, VaAcc: 0.6924, VaLoss:  1.48738	 20 sampled NNs | VaAcc: 0.6842 +- 0.0144 | VaLoss: 0.9188 +- 0.0307
150,  0 | TrAcc: 0.7684, TrLoss:  0.78846, VaAcc: 0.6945, VaLoss:  1.50269	 20 sampled NNs | VaAcc: 0.6788 +- 0.0186 | VaLoss: 0.9533 +- 0.0364
151,  0 | TrAcc: 0.7729, TrLoss:  0.76501, VaAcc: 0.6889, VaLoss:  1.48727	 20 sampled NNs | VaAcc: 0.6811 +- 0.0112 | VaLoss: 0.9220 +- 0.0329
152,  0 | TrAcc: 0.7595, TrLoss:  0.79074, VaAcc: 0.6880, VaLoss:  1.51132	 20 sampled NNs | VaAcc: 0.6792 +- 0.0172 | VaLoss: 0.9429 +- 0.0410
153,  0 | TrAcc: 0.7823, TrLoss:  0.72994, VaAcc: 0.6917, VaLoss:  1.51593	 20 sampled NNs | VaAcc: 0.6800 +- 0.0161 | VaLoss: 0.9515 +- 0.0369
154,  0 | TrAcc: 0.7644, TrLoss:  0.78252, VaAcc: 0.6862, VaLoss:  1.52534	 20 sampled NNs | VaAcc: 0.6733 +- 0.0148 | VaLoss: 0.9531 +- 0.0344
155,  0 | TrAcc: 0.7606, TrLoss:  0.80666, VaAcc: 0.6681, VaLoss:  1.54127	 20 sampled NNs | VaAcc: 0.6554 +- 0.0186 | VaLoss: 0.9886 +- 0.0392
156,  0 | TrAcc: 0.7906, TrLoss:  0.69931, VaAcc: 0.6861, VaLoss:  1.50043	 20 sampled NNs | VaAcc: 0.6760 +- 0.0178 | VaLoss: 0.9392 +- 0.0399
157,  0 | TrAcc: 0.7629, TrLoss:  0.76538, VaAcc: 0.6911, VaLoss:  1.49685	 20 sampled NNs | VaAcc: 0.6865 +- 0.0132 | VaLoss: 0.9184 +- 0.0247
158,  0 | TrAcc: 0.7776, TrLoss:  0.75844, VaAcc: 0.7036, VaLoss:  1.46095	 20 sampled NNs | VaAcc: 0.6935 +- 0.0140 | VaLoss: 0.8964 +- 0.0501
159,  0 | TrAcc: 0.7847, TrLoss:  0.72396, VaAcc: 0.7071, VaLoss:  1.45495	 20 sampled NNs | VaAcc: 0.6933 +- 0.0111 | VaLoss: 0.8935 +- 0.0441
160,  0 | TrAcc: 0.7835, TrLoss:  0.70728, VaAcc: 0.6987, VaLoss:  1.48470	 20 sampled NNs | VaAcc: 0.6820 +- 0.0166 | VaLoss: 0.9243 +- 0.0378
161,  0 | TrAcc: 0.7625, TrLoss:  0.79463, VaAcc: 0.6988, VaLoss:  1.49912	 20 sampled NNs | VaAcc: 0.6867 +- 0.0142 | VaLoss: 0.9322 +- 0.0330
162,  0 | TrAcc: 0.7796, TrLoss:  0.73045, VaAcc: 0.6912, VaLoss:  1.51688	 20 sampled NNs | VaAcc: 0.6767 +- 0.0154 | VaLoss: 0.9522 +- 0.0354
163,  0 | TrAcc: 0.7719, TrLoss:  0.75581, VaAcc: 0.7105, VaLoss:  1.44902	 20 sampled NNs | VaAcc: 0.6925 +- 0.0111 | VaLoss: 0.8812 +- 0.0244
164,  0 | TrAcc: 0.7863, TrLoss:  0.73423, VaAcc: 0.6960, VaLoss:  1.49211	 20 sampled NNs | VaAcc: 0.6815 +- 0.0157 | VaLoss: 0.9240 +- 0.0344
165,  0 | TrAcc: 0.7712, TrLoss:  0.77617, VaAcc: 0.6840, VaLoss:  1.54657	 20 sampled NNs | VaAcc: 0.6747 +- 0.0129 | VaLoss: 0.9654 +- 0.0312
166,  0 | TrAcc: 0.7790, TrLoss:  0.74451, VaAcc: 0.6931, VaLoss:  1.50667	 20 sampled NNs | VaAcc: 0.6852 +- 0.0115 | VaLoss: 0.9218 +- 0.0389
167,  0 | TrAcc: 0.7728, TrLoss:  0.75151, VaAcc: 0.6893, VaLoss:  1.51320	 20 sampled NNs | VaAcc: 0.6762 +- 0.0133 | VaLoss: 0.9339 +- 0.0395
168,  0 | TrAcc: 0.7707, TrLoss:  0.77894, VaAcc: 0.7013, VaLoss:  1.48017	 20 sampled NNs | VaAcc: 0.6888 +- 0.0127 | VaLoss: 0.9059 +- 0.0265
169,  0 | TrAcc: 0.7737, TrLoss:  0.74903, VaAcc: 0.6856, VaLoss:  1.51769	 20 sampled NNs | VaAcc: 0.6704 +- 0.0160 | VaLoss: 0.9439 +- 0.0411
170,  0 | TrAcc: 0.7632, TrLoss:  0.77819, VaAcc: 0.7017, VaLoss:  1.48239	 20 sampled NNs | VaAcc: 0.6942 +- 0.0133 | VaLoss: 0.8829 +- 0.0276
171,  0 | TrAcc: 0.7754, TrLoss:  0.77963, VaAcc: 0.6910, VaLoss:  1.54233	 20 sampled NNs | VaAcc: 0.6744 +- 0.0136 | VaLoss: 0.9618 +- 0.0295
172,  0 | TrAcc: 0.7741, TrLoss:  0.77187, VaAcc: 0.7053, VaLoss:  1.48705	 20 sampled NNs | VaAcc: 0.6951 +- 0.0135 | VaLoss: 0.8990 +- 0.0380
173,  0 | TrAcc: 0.7859, TrLoss:  0.72594, VaAcc: 0.6975, VaLoss:  1.49830	 20 sampled NNs | VaAcc: 0.6809 +- 0.0151 | VaLoss: 0.9222 +- 0.0465
174,  0 | TrAcc: 0.7807, TrLoss:  0.75158, VaAcc: 0.6938, VaLoss:  1.52832	 20 sampled NNs | VaAcc: 0.6837 +- 0.0133 | VaLoss: 0.9219 +- 0.0419
175,  0 | TrAcc: 0.7814, TrLoss:  0.73943, VaAcc: 0.7016, VaLoss:  1.48098	 20 sampled NNs | VaAcc: 0.6880 +- 0.0156 | VaLoss: 0.9008 +- 0.0330
176,  0 | TrAcc: 0.7937, TrLoss:  0.71952, VaAcc: 0.6920, VaLoss:  1.54465	 20 sampled NNs | VaAcc: 0.6810 +- 0.0155 | VaLoss: 0.9519 +- 0.0264
177,  0 | TrAcc: 0.7888, TrLoss:  0.74001, VaAcc: 0.7020, VaLoss:  1.50200	 20 sampled NNs | VaAcc: 0.6951 +- 0.0104 | VaLoss: 0.9045 +- 0.0398
178,  0 | TrAcc: 0.7775, TrLoss:  0.72511, VaAcc: 0.6756, VaLoss:  1.56495	 20 sampled NNs | VaAcc: 0.6627 +- 0.0143 | VaLoss: 0.9770 +- 0.0401
179,  0 | TrAcc: 0.7639, TrLoss:  0.80311, VaAcc: 0.7020, VaLoss:  1.47192	 20 sampled NNs | VaAcc: 0.6965 +- 0.0121 | VaLoss: 0.8721 +- 0.0235
180,  0 | TrAcc: 0.7539, TrLoss:  0.80294, VaAcc: 0.6854, VaLoss:  1.55718	 20 sampled NNs | VaAcc: 0.6722 +- 0.0146 | VaLoss: 0.9536 +- 0.0392
181,  0 | TrAcc: 0.7742, TrLoss:  0.74636, VaAcc: 0.6897, VaLoss:  1.52246	 20 sampled NNs | VaAcc: 0.6829 +- 0.0139 | VaLoss: 0.9256 +- 0.0500
182,  0 | TrAcc: 0.7795, TrLoss:  0.76405, VaAcc: 0.7061, VaLoss:  1.51194	 20 sampled NNs | VaAcc: 0.7016 +- 0.0153 | VaLoss: 0.9102 +- 0.0321
183,  0 | TrAcc: 0.8025, TrLoss:  0.68550, VaAcc: 0.7177, VaLoss:  1.49384	 20 sampled NNs | VaAcc: 0.7063 +- 0.0108 | VaLoss: 0.9015 +- 0.0169
184,  0 | TrAcc: 0.7909, TrLoss:  0.69527, VaAcc: 0.7092, VaLoss:  1.49401	 20 sampled NNs | VaAcc: 0.6957 +- 0.0238 | VaLoss: 0.9044 +- 0.0591
185,  0 | TrAcc: 0.7625, TrLoss:  0.79380, VaAcc: 0.7041, VaLoss:  1.49723	 20 sampled NNs | VaAcc: 0.6857 +- 0.0136 | VaLoss: 0.9092 +- 0.0408
186,  0 | TrAcc: 0.8044, TrLoss:  0.69437, VaAcc: 0.7036, VaLoss:  1.51409	 20 sampled NNs | VaAcc: 0.6873 +- 0.0127 | VaLoss: 0.9181 +- 0.0337
187,  0 | TrAcc: 0.7812, TrLoss:  0.74421, VaAcc: 0.7019, VaLoss:  1.47928	 20 sampled NNs | VaAcc: 0.6921 +- 0.0147 | VaLoss: 0.8793 +- 0.0402
188,  0 | TrAcc: 0.7947, TrLoss:  0.69209, VaAcc: 0.6913, VaLoss:  1.51623	 20 sampled NNs | VaAcc: 0.6748 +- 0.0153 | VaLoss: 0.9312 +- 0.0297
189,  0 | TrAcc: 0.7730, TrLoss:  0.76580, VaAcc: 0.6682, VaLoss:  1.64392	 20 sampled NNs | VaAcc: 0.6532 +- 0.0189 | VaLoss: 1.0624 +- 0.0501
190,  0 | TrAcc: 0.7899, TrLoss:  0.70350, VaAcc: 0.7069, VaLoss:  1.51007	 20 sampled NNs | VaAcc: 0.6980 +- 0.0123 | VaLoss: 0.9055 +- 0.0376
191,  0 | TrAcc: 0.7977, TrLoss:  0.70287, VaAcc: 0.7032, VaLoss:  1.48459	 20 sampled NNs | VaAcc: 0.6954 +- 0.0148 | VaLoss: 0.8769 +- 0.0347
192,  0 | TrAcc: 0.7919, TrLoss:  0.72204, VaAcc: 0.7097, VaLoss:  1.48040	 20 sampled NNs | VaAcc: 0.6953 +- 0.0101 | VaLoss: 0.8858 +- 0.0298
193,  0 | TrAcc: 0.7786, TrLoss:  0.76518, VaAcc: 0.7130, VaLoss:  1.47892	 20 sampled NNs | VaAcc: 0.7008 +- 0.0107 | VaLoss: 0.8745 +- 0.0346
194,  0 | TrAcc: 0.7964, TrLoss:  0.69468, VaAcc: 0.7035, VaLoss:  1.47737	 20 sampled NNs | VaAcc: 0.6897 +- 0.0148 | VaLoss: 0.8751 +- 0.0350
195,  0 | TrAcc: 0.7709, TrLoss:  0.76833, VaAcc: 0.6861, VaLoss:  1.51301	 20 sampled NNs | VaAcc: 0.6764 +- 0.0148 | VaLoss: 0.9041 +- 0.0406
196,  0 | TrAcc: 0.7805, TrLoss:  0.74902, VaAcc: 0.6970, VaLoss:  1.53719	 20 sampled NNs | VaAcc: 0.6850 +- 0.0128 | VaLoss: 0.9403 +- 0.0465
197,  0 | TrAcc: 0.7992, TrLoss:  0.67871, VaAcc: 0.6913, VaLoss:  1.54234	 20 sampled NNs | VaAcc: 0.6832 +- 0.0124 | VaLoss: 0.9267 +- 0.0264
198,  0 | TrAcc: 0.7676, TrLoss:  0.78547, VaAcc: 0.7145, VaLoss:  1.50828	 20 sampled NNs | VaAcc: 0.6986 +- 0.0149 | VaLoss: 0.9087 +- 0.0346
199,  0 | TrAcc: 0.7809, TrLoss:  0.71869, VaAcc: 0.7113, VaLoss:  1.48449	 20 sampled NNs | VaAcc: 0.6977 +- 0.0140 | VaLoss: 0.8830 +- 0.0447
200,  0 | TrAcc: 0.8012, TrLoss:  0.67243, VaAcc: 0.7136, VaLoss:  1.48865	 20 sampled NNs | VaAcc: 0.7065 +- 0.0100 | VaLoss: 0.8752 +- 0.0278
201,  0 | TrAcc: 0.7753, TrLoss:  0.74792, VaAcc: 0.7122, VaLoss:  1.47771	 20 sampled NNs | VaAcc: 0.6986 +- 0.0129 | VaLoss: 0.8758 +- 0.0346
202,  0 | TrAcc: 0.7964, TrLoss:  0.69502, VaAcc: 0.7009, VaLoss:  1.50499	 20 sampled NNs | VaAcc: 0.6885 +- 0.0139 | VaLoss: 0.8894 +- 0.0407
203,  0 | TrAcc: 0.7655, TrLoss:  0.79869, VaAcc: 0.6950, VaLoss:  1.53364	 20 sampled NNs | VaAcc: 0.6826 +- 0.0098 | VaLoss: 0.9254 +- 0.0386
204,  0 | TrAcc: 0.7898, TrLoss:  0.70539, VaAcc: 0.7134, VaLoss:  1.49557	 20 sampled NNs | VaAcc: 0.7040 +- 0.0111 | VaLoss: 0.8763 +- 0.0261
205,  0 | TrAcc: 0.7996, TrLoss:  0.68760, VaAcc: 0.6947, VaLoss:  1.51791	 20 sampled NNs | VaAcc: 0.6859 +- 0.0097 | VaLoss: 0.9023 +- 0.0278
206,  0 | TrAcc: 0.7902, TrLoss:  0.71861, VaAcc: 0.7290, VaLoss:  1.44568	 20 sampled NNs | VaAcc: 0.7147 +- 0.0108 | VaLoss: 0.8159 +- 0.0248
207,  0 | TrAcc: 0.7874, TrLoss:  0.72779, VaAcc: 0.7000, VaLoss:  1.56864	 20 sampled NNs | VaAcc: 0.6846 +- 0.0130 | VaLoss: 0.9503 +- 0.0334
208,  0 | TrAcc: 0.7676, TrLoss:  0.75188, VaAcc: 0.6949, VaLoss:  1.52319	 20 sampled NNs | VaAcc: 0.6904 +- 0.0105 | VaLoss: 0.8867 +- 0.0210
209,  0 | TrAcc: 0.7894, TrLoss:  0.72676, VaAcc: 0.6983, VaLoss:  1.54916	 20 sampled NNs | VaAcc: 0.6780 +- 0.0157 | VaLoss: 0.9512 +- 0.0390
210,  0 | TrAcc: 0.7773, TrLoss:  0.74460, VaAcc: 0.7035, VaLoss:  1.53396	 20 sampled NNs | VaAcc: 0.6912 +- 0.0138 | VaLoss: 0.9219 +- 0.0375
211,  0 | TrAcc: 0.7771, TrLoss:  0.75804, VaAcc: 0.7113, VaLoss:  1.50032	 20 sampled NNs | VaAcc: 0.7015 +- 0.0120 | VaLoss: 0.8836 +- 0.0298
212,  0 | TrAcc: 0.7691, TrLoss:  0.77080, VaAcc: 0.7032, VaLoss:  1.51415	 20 sampled NNs | VaAcc: 0.6935 +- 0.0149 | VaLoss: 0.8855 +- 0.0405
213,  0 | TrAcc: 0.7921, TrLoss:  0.71229, VaAcc: 0.7012, VaLoss:  1.53329	 20 sampled NNs | VaAcc: 0.6902 +- 0.0153 | VaLoss: 0.8981 +- 0.0415
214,  0 | TrAcc: 0.7916, TrLoss:  0.71054, VaAcc: 0.7190, VaLoss:  1.50233	 20 sampled NNs | VaAcc: 0.7104 +- 0.0091 | VaLoss: 0.8764 +- 0.0319
215,  0 | TrAcc: 0.7899, TrLoss:  0.70817, VaAcc: 0.6842, VaLoss:  1.59065	 20 sampled NNs | VaAcc: 0.6806 +- 0.0138 | VaLoss: 0.9566 +- 0.0371
216,  0 | TrAcc: 0.7808, TrLoss:  0.73641, VaAcc: 0.6951, VaLoss:  1.56918	 20 sampled NNs | VaAcc: 0.6810 +- 0.0177 | VaLoss: 0.9580 +- 0.0450
217,  0 | TrAcc: 0.8030, TrLoss:  0.68025, VaAcc: 0.6797, VaLoss:  1.58588	 20 sampled NNs | VaAcc: 0.6679 +- 0.0129 | VaLoss: 0.9640 +- 0.0344
218,  0 | TrAcc: 0.8170, TrLoss:  0.64218, VaAcc: 0.7052, VaLoss:  1.52689	 20 sampled NNs | VaAcc: 0.6895 +- 0.0129 | VaLoss: 0.9157 +- 0.0515
219,  0 | TrAcc: 0.7945, TrLoss:  0.70644, VaAcc: 0.7076, VaLoss:  1.54610	 20 sampled NNs | VaAcc: 0.6980 +- 0.0117 | VaLoss: 0.9150 +- 0.0359
220,  0 | TrAcc: 0.8136, TrLoss:  0.67815, VaAcc: 0.7034, VaLoss:  1.51473	 20 sampled NNs | VaAcc: 0.6898 +- 0.0161 | VaLoss: 0.9032 +- 0.0396
221,  0 | TrAcc: 0.7875, TrLoss:  0.72077, VaAcc: 0.7051, VaLoss:  1.51680	 20 sampled NNs | VaAcc: 0.6920 +- 0.0166 | VaLoss: 0.8963 +- 0.0342
222,  0 | TrAcc: 0.8062, TrLoss:  0.66960, VaAcc: 0.6986, VaLoss:  1.53092	 20 sampled NNs | VaAcc: 0.6932 +- 0.0123 | VaLoss: 0.8881 +- 0.0393
223,  0 | TrAcc: 0.7901, TrLoss:  0.72063, VaAcc: 0.7192, VaLoss:  1.47387	 20 sampled NNs | VaAcc: 0.7136 +- 0.0125 | VaLoss: 0.8306 +- 0.0335
224,  0 | TrAcc: 0.8127, TrLoss:  0.65466, VaAcc: 0.7141, VaLoss:  1.48911	 20 sampled NNs | VaAcc: 0.7026 +- 0.0140 | VaLoss: 0.8750 +- 0.0364
225,  0 | TrAcc: 0.7827, TrLoss:  0.73775, VaAcc: 0.7059, VaLoss:  1.54719	 20 sampled NNs | VaAcc: 0.6929 +- 0.0117 | VaLoss: 0.9291 +- 0.0425
226,  0 | TrAcc: 0.7965, TrLoss:  0.68764, VaAcc: 0.6941, VaLoss:  1.55887	 20 sampled NNs | VaAcc: 0.6904 +- 0.0123 | VaLoss: 0.9147 +- 0.0319
227,  0 | TrAcc: 0.8048, TrLoss:  0.67992, VaAcc: 0.6878, VaLoss:  1.54513	 20 sampled NNs | VaAcc: 0.6819 +- 0.0124 | VaLoss: 0.9157 +- 0.0467
228,  0 | TrAcc: 0.7703, TrLoss:  0.79096, VaAcc: 0.6956, VaLoss:  1.60070	 20 sampled NNs | VaAcc: 0.6899 +- 0.0128 | VaLoss: 0.9530 +- 0.0292
229,  0 | TrAcc: 0.7762, TrLoss:  0.73115, VaAcc: 0.6899, VaLoss:  1.62240	 20 sampled NNs | VaAcc: 0.6785 +- 0.0110 | VaLoss: 0.9851 +- 0.0419
230,  0 | TrAcc: 0.7962, TrLoss:  0.69069, VaAcc: 0.6816, VaLoss:  1.59182	 20 sampled NNs | VaAcc: 0.6775 +- 0.0150 | VaLoss: 0.9576 +- 0.0433
231,  0 | TrAcc: 0.7925, TrLoss:  0.71176, VaAcc: 0.6843, VaLoss:  1.60050	 20 sampled NNs | VaAcc: 0.6804 +- 0.0155 | VaLoss: 0.9613 +- 0.0391
232,  0 | TrAcc: 0.7988, TrLoss:  0.70076, VaAcc: 0.6992, VaLoss:  1.55654	 20 sampled NNs | VaAcc: 0.6906 +- 0.0124 | VaLoss: 0.9214 +- 0.0382
233,  0 | TrAcc: 0.7835, TrLoss:  0.76575, VaAcc: 0.7053, VaLoss:  1.55232	 20 sampled NNs | VaAcc: 0.6951 +- 0.0128 | VaLoss: 0.9093 +- 0.0336
234,  0 | TrAcc: 0.8029, TrLoss:  0.67488, VaAcc: 0.7069, VaLoss:  1.53307	 20 sampled NNs | VaAcc: 0.7009 +- 0.0118 | VaLoss: 0.8855 +- 0.0414
235,  0 | TrAcc: 0.7972, TrLoss:  0.70032, VaAcc: 0.7255, VaLoss:  1.49156	 20 sampled NNs | VaAcc: 0.7175 +- 0.0098 | VaLoss: 0.8433 +- 0.0243
236,  0 | TrAcc: 0.8023, TrLoss:  0.68543, VaAcc: 0.6946, VaLoss:  1.57209	 20 sampled NNs | VaAcc: 0.6838 +- 0.0124 | VaLoss: 0.9292 +- 0.0288
237,  0 | TrAcc: 0.8114, TrLoss:  0.67427, VaAcc: 0.7075, VaLoss:  1.58139	 20 sampled NNs | VaAcc: 0.6993 +- 0.0116 | VaLoss: 0.9246 +- 0.0379
238,  0 | TrAcc: 0.8069, TrLoss:  0.68096, VaAcc: 0.7038, VaLoss:  1.53561	 20 sampled NNs | VaAcc: 0.6926 +- 0.0138 | VaLoss: 0.9067 +- 0.0270
239,  0 | TrAcc: 0.8058, TrLoss:  0.67638, VaAcc: 0.6881, VaLoss:  1.57767	 20 sampled NNs | VaAcc: 0.6819 +- 0.0195 | VaLoss: 0.9454 +- 0.0518
240,  0 | TrAcc: 0.7858, TrLoss:  0.71933, VaAcc: 0.6852, VaLoss:  1.58972	 20 sampled NNs | VaAcc: 0.6719 +- 0.0134 | VaLoss: 0.9608 +- 0.0361
241,  0 | TrAcc: 0.7915, TrLoss:  0.70677, VaAcc: 0.7000, VaLoss:  1.58244	 20 sampled NNs | VaAcc: 0.6990 +- 0.0144 | VaLoss: 0.9195 +- 0.0421
242,  0 | TrAcc: 0.8133, TrLoss:  0.65422, VaAcc: 0.7023, VaLoss:  1.58930	 20 sampled NNs | VaAcc: 0.6913 +- 0.0112 | VaLoss: 0.9433 +- 0.0328
243,  0 | TrAcc: 0.8010, TrLoss:  0.69362, VaAcc: 0.7171, VaLoss:  1.53265	 20 sampled NNs | VaAcc: 0.7071 +- 0.0154 | VaLoss: 0.8829 +- 0.0331
244,  0 | TrAcc: 0.7761, TrLoss:  0.75036, VaAcc: 0.7001, VaLoss:  1.53773	 20 sampled NNs | VaAcc: 0.6952 +- 0.0115 | VaLoss: 0.8870 +- 0.0248
245,  0 | TrAcc: 0.7909, TrLoss:  0.72033, VaAcc: 0.6789, VaLoss:  1.62031	 20 sampled NNs | VaAcc: 0.6657 +- 0.0132 | VaLoss: 0.9872 +- 0.0368
246,  0 | TrAcc: 0.7953, TrLoss:  0.71059, VaAcc: 0.7160, VaLoss:  1.52912	 20 sampled NNs | VaAcc: 0.7119 +- 0.0117 | VaLoss: 0.8765 +- 0.0323
247,  0 | TrAcc: 0.7901, TrLoss:  0.73045, VaAcc: 0.7198, VaLoss:  1.49210	 20 sampled NNs | VaAcc: 0.7137 +- 0.0115 | VaLoss: 0.8329 +- 0.0272
248,  0 | TrAcc: 0.8135, TrLoss:  0.65674, VaAcc: 0.6938, VaLoss:  1.55002	 20 sampled NNs | VaAcc: 0.6850 +- 0.0086 | VaLoss: 0.9033 +- 0.0223
249,  0 | TrAcc: 0.8203, TrLoss:  0.64518, VaAcc: 0.7096, VaLoss:  1.53230	 20 sampled NNs | VaAcc: 0.7020 +- 0.0108 | VaLoss: 0.8824 +- 0.0381
250,  0 | TrAcc: 0.7941, TrLoss:  0.69401, VaAcc: 0.6989, VaLoss:  1.54211	 20 sampled NNs | VaAcc: 0.6902 +- 0.0126 | VaLoss: 0.8917 +- 0.0348
251,  0 | TrAcc: 0.7779, TrLoss:  0.74921, VaAcc: 0.6967, VaLoss:  1.54643	 20 sampled NNs | VaAcc: 0.6897 +- 0.0170 | VaLoss: 0.8838 +- 0.0392
252,  0 | TrAcc: 0.7867, TrLoss:  0.69449, VaAcc: 0.6899, VaLoss:  1.57265	 20 sampled NNs | VaAcc: 0.6837 +- 0.0121 | VaLoss: 0.9146 +- 0.0357
253,  0 | TrAcc: 0.7964, TrLoss:  0.69967, VaAcc: 0.7200, VaLoss:  1.47571	 20 sampled NNs | VaAcc: 0.7117 +- 0.0104 | VaLoss: 0.8269 +- 0.0262
254,  0 | TrAcc: 0.8173, TrLoss:  0.64193, VaAcc: 0.7164, VaLoss:  1.54845	 20 sampled NNs | VaAcc: 0.7005 +- 0.0149 | VaLoss: 0.9051 +- 0.0351
255,  0 | TrAcc: 0.7689, TrLoss:  0.76214, VaAcc: 0.7098, VaLoss:  1.51803	 20 sampled NNs | VaAcc: 0.7033 +- 0.0158 | VaLoss: 0.8601 +- 0.0367
256,  0 | TrAcc: 0.7939, TrLoss:  0.70525, VaAcc: 0.7088, VaLoss:  1.56807	 20 sampled NNs | VaAcc: 0.7008 +- 0.0109 | VaLoss: 0.9054 +- 0.0231
257,  0 | TrAcc: 0.8052, TrLoss:  0.66902, VaAcc: 0.7151, VaLoss:  1.54434	 20 sampled NNs | VaAcc: 0.7049 +- 0.0093 | VaLoss: 0.8916 +- 0.0281
258,  0 | TrAcc: 0.7942, TrLoss:  0.72099, VaAcc: 0.7104, VaLoss:  1.56951	 20 sampled NNs | VaAcc: 0.7031 +- 0.0119 | VaLoss: 0.9136 +- 0.0345
259,  0 | TrAcc: 0.8039, TrLoss:  0.67821, VaAcc: 0.7162, VaLoss:  1.53421	 20 sampled NNs | VaAcc: 0.7122 +- 0.0104 | VaLoss: 0.8638 +- 0.0266
260,  0 | TrAcc: 0.8222, TrLoss:  0.63519, VaAcc: 0.7191, VaLoss:  1.53022	 20 sampled NNs | VaAcc: 0.7145 +- 0.0138 | VaLoss: 0.8602 +- 0.0243
261,  0 | TrAcc: 0.8013, TrLoss:  0.69312, VaAcc: 0.7078, VaLoss:  1.53668	 20 sampled NNs | VaAcc: 0.6954 +- 0.0110 | VaLoss: 0.8941 +- 0.0362
262,  0 | TrAcc: 0.8084, TrLoss:  0.66810, VaAcc: 0.7085, VaLoss:  1.57291	 20 sampled NNs | VaAcc: 0.6961 +- 0.0160 | VaLoss: 0.9166 +- 0.0446
263,  0 | TrAcc: 0.7937, TrLoss:  0.71008, VaAcc: 0.7139, VaLoss:  1.59427	 20 sampled NNs | VaAcc: 0.7033 +- 0.0109 | VaLoss: 0.9335 +- 0.0438
264,  0 | TrAcc: 0.7903, TrLoss:  0.70775, VaAcc: 0.6939, VaLoss:  1.58841	 20 sampled NNs | VaAcc: 0.6814 +- 0.0097 | VaLoss: 0.9401 +- 0.0376
265,  0 | TrAcc: 0.7971, TrLoss:  0.68034, VaAcc: 0.6999, VaLoss:  1.57504	 20 sampled NNs | VaAcc: 0.6905 +- 0.0174 | VaLoss: 0.9207 +- 0.0525
266,  0 | TrAcc: 0.8013, TrLoss:  0.69010, VaAcc: 0.7054, VaLoss:  1.56667	 20 sampled NNs | VaAcc: 0.7009 +- 0.0143 | VaLoss: 0.8964 +- 0.0397
267,  0 | TrAcc: 0.8374, TrLoss:  0.59736, VaAcc: 0.7152, VaLoss:  1.56575	 20 sampled NNs | VaAcc: 0.7039 +- 0.0189 | VaLoss: 0.9085 +- 0.0474
268,  0 | TrAcc: 0.8129, TrLoss:  0.67852, VaAcc: 0.7131, VaLoss:  1.55478	 20 sampled NNs | VaAcc: 0.7017 +- 0.0140 | VaLoss: 0.8995 +- 0.0258
269,  0 | TrAcc: 0.7862, TrLoss:  0.72380, VaAcc: 0.7063, VaLoss:  1.60233	 20 sampled NNs | VaAcc: 0.6969 +- 0.0116 | VaLoss: 0.9392 +- 0.0391
270,  0 | TrAcc: 0.7969, TrLoss:  0.74202, VaAcc: 0.7181, VaLoss:  1.56671	 20 sampled NNs | VaAcc: 0.7071 +- 0.0138 | VaLoss: 0.8971 +- 0.0438
271,  0 | TrAcc: 0.8114, TrLoss:  0.68235, VaAcc: 0.6988, VaLoss:  1.54059	 20 sampled NNs | VaAcc: 0.6909 +- 0.0125 | VaLoss: 0.8661 +- 0.0291
272,  0 | TrAcc: 0.8155, TrLoss:  0.66619, VaAcc: 0.6900, VaLoss:  1.59837	 20 sampled NNs | VaAcc: 0.6806 +- 0.0131 | VaLoss: 0.9292 +- 0.0369
273,  0 | TrAcc: 0.7932, TrLoss:  0.72045, VaAcc: 0.7293, VaLoss:  1.48138	 20 sampled NNs | VaAcc: 0.7243 +- 0.0119 | VaLoss: 0.8081 +- 0.0276
274,  0 | TrAcc: 0.8078, TrLoss:  0.69680, VaAcc: 0.7068, VaLoss:  1.51675	 20 sampled NNs | VaAcc: 0.6932 +- 0.0146 | VaLoss: 0.8543 +- 0.0375
275,  0 | TrAcc: 0.8130, TrLoss:  0.65735, VaAcc: 0.7193, VaLoss:  1.55446	 20 sampled NNs | VaAcc: 0.7098 +- 0.0092 | VaLoss: 0.8847 +- 0.0305
276,  0 | TrAcc: 0.8123, TrLoss:  0.65982, VaAcc: 0.7228, VaLoss:  1.54293	 20 sampled NNs | VaAcc: 0.7090 +- 0.0115 | VaLoss: 0.8834 +- 0.0243
277,  0 | TrAcc: 0.8136, TrLoss:  0.65875, VaAcc: 0.7229, VaLoss:  1.53998	 20 sampled NNs | VaAcc: 0.7112 +- 0.0126 | VaLoss: 0.8696 +- 0.0248
278,  0 | TrAcc: 0.8074, TrLoss:  0.67962, VaAcc: 0.7002, VaLoss:  1.60655	 20 sampled NNs | VaAcc: 0.6842 +- 0.0144 | VaLoss: 0.9398 +- 0.0388
279,  0 | TrAcc: 0.7858, TrLoss:  0.73736, VaAcc: 0.7142, VaLoss:  1.55638	 20 sampled NNs | VaAcc: 0.7063 +- 0.0157 | VaLoss: 0.8789 +- 0.0440
280,  0 | TrAcc: 0.7742, TrLoss:  0.76268, VaAcc: 0.7073, VaLoss:  1.61136	 20 sampled NNs | VaAcc: 0.7013 +- 0.0121 | VaLoss: 0.9278 +- 0.0354
281,  0 | TrAcc: 0.8089, TrLoss:  0.66694, VaAcc: 0.7250, VaLoss:  1.55115	 20 sampled NNs | VaAcc: 0.7190 +- 0.0104 | VaLoss: 0.8766 +- 0.0355
282,  0 | TrAcc: 0.8048, TrLoss:  0.70041, VaAcc: 0.7307, VaLoss:  1.54988	 20 sampled NNs | VaAcc: 0.7204 +- 0.0089 | VaLoss: 0.8879 +- 0.0272
283,  0 | TrAcc: 0.8068, TrLoss:  0.70452, VaAcc: 0.7120, VaLoss:  1.59297	 20 sampled NNs | VaAcc: 0.7044 +- 0.0120 | VaLoss: 0.9147 +- 0.0350
284,  0 | TrAcc: 0.7872, TrLoss:  0.73646, VaAcc: 0.6867, VaLoss:  1.61731	 20 sampled NNs | VaAcc: 0.6797 +- 0.0156 | VaLoss: 0.9518 +- 0.0371
285,  0 | TrAcc: 0.8285, TrLoss:  0.61772, VaAcc: 0.7171, VaLoss:  1.56566	 20 sampled NNs | VaAcc: 0.7107 +- 0.0115 | VaLoss: 0.8831 +- 0.0390
286,  0 | TrAcc: 0.7898, TrLoss:  0.71812, VaAcc: 0.7008, VaLoss:  1.58319	 20 sampled NNs | VaAcc: 0.6976 +- 0.0139 | VaLoss: 0.8948 +- 0.0255
287,  0 | TrAcc: 0.7841, TrLoss:  0.73053, VaAcc: 0.7060, VaLoss:  1.55442	 20 sampled NNs | VaAcc: 0.7028 +- 0.0119 | VaLoss: 0.8727 +- 0.0252
288,  0 | TrAcc: 0.7901, TrLoss:  0.71604, VaAcc: 0.7045, VaLoss:  1.60330	 20 sampled NNs | VaAcc: 0.6994 +- 0.0110 | VaLoss: 0.9243 +- 0.0345
289,  0 | TrAcc: 0.8049, TrLoss:  0.68611, VaAcc: 0.7001, VaLoss:  1.54990	 20 sampled NNs | VaAcc: 0.6929 +- 0.0106 | VaLoss: 0.8844 +- 0.0345
290,  0 | TrAcc: 0.7886, TrLoss:  0.73084, VaAcc: 0.6863, VaLoss:  1.58806	 20 sampled NNs | VaAcc: 0.6812 +- 0.0142 | VaLoss: 0.8992 +- 0.0326
291,  0 | TrAcc: 0.7806, TrLoss:  0.74905, VaAcc: 0.7098, VaLoss:  1.57847	 20 sampled NNs | VaAcc: 0.6961 +- 0.0106 | VaLoss: 0.9150 +- 0.0335
292,  0 | TrAcc: 0.8068, TrLoss:  0.65877, VaAcc: 0.7045, VaLoss:  1.56126	 20 sampled NNs | VaAcc: 0.7046 +- 0.0100 | VaLoss: 0.8606 +- 0.0359
293,  0 | TrAcc: 0.7837, TrLoss:  0.74159, VaAcc: 0.6932, VaLoss:  1.61382	 20 sampled NNs | VaAcc: 0.6848 +- 0.0103 | VaLoss: 0.9284 +- 0.0423
294,  0 | TrAcc: 0.8042, TrLoss:  0.67956, VaAcc: 0.7226, VaLoss:  1.55173	 20 sampled NNs | VaAcc: 0.7158 +- 0.0116 | VaLoss: 0.8553 +- 0.0322
295,  0 | TrAcc: 0.7933, TrLoss:  0.71970, VaAcc: 0.6894, VaLoss:  1.63062	 20 sampled NNs | VaAcc: 0.6860 +- 0.0102 | VaLoss: 0.9394 +- 0.0398
296,  0 | TrAcc: 0.7886, TrLoss:  0.72730, VaAcc: 0.6792, VaLoss:  1.61363	 20 sampled NNs | VaAcc: 0.6730 +- 0.0170 | VaLoss: 0.9219 +- 0.0400
297,  0 | TrAcc: 0.8069, TrLoss:  0.67824, VaAcc: 0.7006, VaLoss:  1.60895	 20 sampled NNs | VaAcc: 0.6925 +- 0.0120 | VaLoss: 0.9294 +- 0.0438
298,  0 | TrAcc: 0.8036, TrLoss:  0.67002, VaAcc: 0.7140, VaLoss:  1.53612	 20 sampled NNs | VaAcc: 0.7091 +- 0.0112 | VaLoss: 0.8452 +- 0.0261
299,  0 | TrAcc: 0.8076, TrLoss:  0.68014, VaAcc: 0.7334, VaLoss:  1.50093	 20 sampled NNs | VaAcc: 0.7232 +- 0.0117 | VaLoss: 0.8155 +- 0.0295
34845.335064
----------------------------
