

config:

HOME=/clusterFS/home/student/kopp13
PATH=/clusterFS/home/student/kopp13/miniconda3/envs/tensorflow/bin:/clusterFS/home/student/kopp13/miniconda3/bin:/clusterFS/home/student/kopp13/bin:/usr/local/bin:/usr/bin:/bin:/usr/local/games:/usr/games
LD_LIBRARY_PATH=
THEANO_FLAGS=floatX=float32,gpuarray.preallocate=0.9,dnn.library_path=/usr/lib/x86_64-linux-gnu,cxx=clang++-3.8,device=cuda,base_compiledir=/tmp/tmp.aNSGZQSPtP

=============================
CONFIG FILE

RNN CONFIG
{'data_multiplier': 0.01,
 'gradient_clip_value': 0.5,
 'layer_configs': [{'layer_type': 'input'},
                   {'bc': {'init_m': 'xavier',
                           'init_v': -4.5,
                           'prior_m': 0.0,
                           'prior_v': 0.0,
                           'type': 'continuous'},
                    'bf': {'init_m': 'xavier',
                           'init_v': -4.5,
                           'prior_m': 0.0,
                           'prior_v': 0.0,
                           'type': 'continuous'},
                    'bi': {'init_m': 'xavier',
                           'init_v': -4.5,
                           'prior_m': 0.0,
                           'prior_v': 0.0,
                           'type': 'continuous'},
                    'bo': {'init_m': 'xavier',
                           'init_v': -4.5,
                           'prior_m': 0.0,
                           'prior_v': 0.0,
                           'type': 'continuous'},
                    'init_config': {'c': {'b': 'all_zero', 'w': 'xavier'},
                                    'f': {'b': 'all_one', 'w': 'all_zero'},
                                    'i': {'b': 'all_zero', 'w': 'xavier'},
                                    'o': {'b': 'all_zero', 'w': 'xavier'}},
                    'is_output': False,
                    'is_recurrent': True,
                    'layer_type': 'lstm',
                    'tau': 0.5,
                    'var_scope': 'lstm_0',
                    'wc': {'p0max': 0.95,
                           'p0min': 0.05,
                           'pmax': 0.99,
                           'pmin': 0.01,
                           'priors': [0.1, 0.8, 0.1],
                           'type': 'ternary'},
                    'wf': {'p0max': 0.95,
                           'p0min': 0.05,
                           'pmax': 0.99,
                           'pmin': 0.01,
                           'priors': [0.1, 0.8, 0.1],
                           'type': 'ternary'},
                    'wi': {'p0max': 0.95,
                           'p0min': 0.05,
                           'pmax': 0.99,
                           'pmin': 0.01,
                           'priors': [0.1, 0.8, 0.1],
                           'type': 'ternary'},
                    'wo': {'p0max': 0.95,
                           'p0min': 0.05,
                           'pmax': 0.99,
                           'pmin': 0.01,
                           'priors': [0.1, 0.8, 0.1],
                           'type': 'ternary'}},
                   {'bc': {'init_m': 'xavier',
                           'init_v': -4.5,
                           'prior_m': 0.0,
                           'prior_v': 0.0,
                           'type': 'continuous'},
                    'bf': {'init_m': 'xavier',
                           'init_v': -4.5,
                           'prior_m': 0.0,
                           'prior_v': 0.0,
                           'type': 'continuous'},
                    'bi': {'init_m': 'xavier',
                           'init_v': -4.5,
                           'prior_m': 0.0,
                           'prior_v': 0.0,
                           'type': 'continuous'},
                    'bo': {'init_m': 'xavier',
                           'init_v': -4.5,
                           'prior_m': 0.0,
                           'prior_v': 0.0,
                           'type': 'continuous'},
                    'init_config': {'c': {'b': 'all_zero', 'w': 'xavier'},
                                    'f': {'b': 'all_one', 'w': 'all_zero'},
                                    'i': {'b': 'all_zero', 'w': 'xavier'},
                                    'o': {'b': 'all_zero', 'w': 'xavier'}},
                    'is_output': False,
                    'is_recurrent': True,
                    'layer_type': 'lstm',
                    'tau': 0.5,
                    'var_scope': 'lstm_1',
                    'wc': {'p0max': 0.95,
                           'p0min': 0.05,
                           'pmax': 0.99,
                           'pmin': 0.01,
                           'priors': [0.1, 0.8, 0.1],
                           'type': 'ternary'},
                    'wf': {'p0max': 0.95,
                           'p0min': 0.05,
                           'pmax': 0.99,
                           'pmin': 0.01,
                           'priors': [0.1, 0.8, 0.1],
                           'type': 'ternary'},
                    'wi': {'p0max': 0.95,
                           'p0min': 0.05,
                           'pmax': 0.99,
                           'pmin': 0.01,
                           'priors': [0.1, 0.8, 0.1],
                           'type': 'ternary'},
                    'wo': {'p0max': 0.95,
                           'p0min': 0.05,
                           'pmax': 0.99,
                           'pmin': 0.01,
                           'priors': [0.1, 0.8, 0.1],
                           'type': 'ternary'}},
                   {'b': {'init_m': 'xavier',
                          'init_v': -4.5,
                          'prior_m': 0.0,
                          'prior_v': 0.0,
                          'type': 'continuous'},
                    'is_output': True,
                    'is_recurrent': False,
                    'layer_type': 'fc',
                    'regularization': {'mode': None, 'strength': 0.02},
                    'tau': 0.5,
                    'var_scope': 'output_layer',
                    'w': {'p0max': 0.95,
                          'p0min': 0.05,
                          'pmax': 0.99,
                          'pmin': 0.01,
                          'priors': [0.1, 0.8, 0.1],
                          'type': 'ternary'}}],
 'layout': [4, 60, 60, 10],
 'output_type': 'classification'}

DATA CONFIG
{'dataset': 'red_penstroke',
 'tr': {'in_seq_len': 30,
        'minibatch_enabled': True,
        'minibatch_size': 200,
        'out_seq_len': 5,
        'zero_padding': 20},
 'va': {'in_seq_len': 30,
        'minibatch_enabled': True,
        'minibatch_size': 200,
        'out_seq_len': 5,
        'zero_padding': 20}}

TRAINING CONFIG
{'beta_reg': 0.0,
 'is_pretrain': False,
 'learning_rate': 0.002,
 'mode': {'max_epochs': 300, 'min_error': 0.0, 'name': 'classic'},
 'task_id': 1,
 'type': 'g_sampling',
 'var_reg': 0.01}
==============================


  0,  0 | TrAcc: 0.1036, TrLoss:  8.35708, VaAcc: 0.0978, VaLoss: 27.00161	 20 sampled NNs | VaAcc: 0.1007 +- 0.0160 | VaLoss: 4.0183 +- 0.6312
  1,  0 | TrAcc: 0.1559, TrLoss:  6.13902, VaAcc: 0.1126, VaLoss: 22.37779	 20 sampled NNs | VaAcc: 0.1159 +- 0.0209 | VaLoss: 2.4089 +- 0.0601
  2,  0 | TrAcc: 0.1313, TrLoss:  5.50849, VaAcc: 0.1115, VaLoss: 18.97943	 20 sampled NNs | VaAcc: 0.1061 +- 0.0201 | VaLoss: 2.3997 +- 0.0733
  3,  0 | TrAcc: 0.1239, TrLoss:  4.91896, VaAcc: 0.1161, VaLoss: 15.99641	 20 sampled NNs | VaAcc: 0.1134 +- 0.0219 | VaLoss: 2.3659 +- 0.0632
  4,  0 | TrAcc: 0.1375, TrLoss:  4.37392, VaAcc: 0.1167, VaLoss: 13.25512	 20 sampled NNs | VaAcc: 0.1173 +- 0.0237 | VaLoss: 2.3764 +- 0.0608
  5,  0 | TrAcc: 0.1467, TrLoss:  3.86714, VaAcc: 0.1184, VaLoss: 10.65313	 20 sampled NNs | VaAcc: 0.1157 +- 0.0155 | VaLoss: 2.3631 +- 0.0473
  6,  0 | TrAcc: 0.1310, TrLoss:  3.48436, VaAcc: 0.1129, VaLoss:  8.57183	 20 sampled NNs | VaAcc: 0.1107 +- 0.0149 | VaLoss: 2.3731 +- 0.0666
  7,  0 | TrAcc: 0.1375, TrLoss:  3.19028, VaAcc: 0.1185, VaLoss:  7.10039	 20 sampled NNs | VaAcc: 0.1100 +- 0.0214 | VaLoss: 2.3912 +- 0.0797
  8,  0 | TrAcc: 0.1683, TrLoss:  2.96243, VaAcc: 0.1257, VaLoss:  6.09041	 20 sampled NNs | VaAcc: 0.1184 +- 0.0242 | VaLoss: 2.3681 +- 0.0608
  9,  0 | TrAcc: 0.1433, TrLoss:  2.83512, VaAcc: 0.1353, VaLoss:  5.32040	 20 sampled NNs | VaAcc: 0.1239 +- 0.0238 | VaLoss: 2.3486 +- 0.0412
 10,  0 | TrAcc: 0.1632, TrLoss:  2.71690, VaAcc: 0.1230, VaLoss:  4.80424	 20 sampled NNs | VaAcc: 0.1151 +- 0.0164 | VaLoss: 2.3829 +- 0.0428
 11,  0 | TrAcc: 0.1535, TrLoss:  2.63511, VaAcc: 0.1364, VaLoss:  4.39120	 20 sampled NNs | VaAcc: 0.1169 +- 0.0227 | VaLoss: 2.3421 +- 0.0574
 12,  0 | TrAcc: 0.1700, TrLoss:  2.55973, VaAcc: 0.1238, VaLoss:  4.10937	 20 sampled NNs | VaAcc: 0.1202 +- 0.0211 | VaLoss: 2.3414 +- 0.0477
 13,  0 | TrAcc: 0.1540, TrLoss:  2.52904, VaAcc: 0.1375, VaLoss:  3.88398	 20 sampled NNs | VaAcc: 0.1220 +- 0.0300 | VaLoss: 2.3351 +- 0.0452
 14,  0 | TrAcc: 0.1477, TrLoss:  2.50955, VaAcc: 0.1290, VaLoss:  3.70635	 20 sampled NNs | VaAcc: 0.1216 +- 0.0262 | VaLoss: 2.3414 +- 0.0613
 15,  0 | TrAcc: 0.1608, TrLoss:  2.48841, VaAcc: 0.1465, VaLoss:  3.58995	 20 sampled NNs | VaAcc: 0.1358 +- 0.0290 | VaLoss: 2.3202 +- 0.0422
 16,  0 | TrAcc: 0.1754, TrLoss:  2.42526, VaAcc: 0.1485, VaLoss:  3.49259	 20 sampled NNs | VaAcc: 0.1247 +- 0.0199 | VaLoss: 2.3451 +- 0.0670
 17,  0 | TrAcc: 0.1591, TrLoss:  2.42107, VaAcc: 0.1360, VaLoss:  3.39043	 20 sampled NNs | VaAcc: 0.1274 +- 0.0277 | VaLoss: 2.3307 +- 0.0600
 18,  0 | TrAcc: 0.1564, TrLoss:  2.41353, VaAcc: 0.1440, VaLoss:  3.32873	 20 sampled NNs | VaAcc: 0.1168 +- 0.0256 | VaLoss: 2.3201 +- 0.0518
 19,  0 | TrAcc: 0.1572, TrLoss:  2.39257, VaAcc: 0.1384, VaLoss:  3.28031	 20 sampled NNs | VaAcc: 0.1265 +- 0.0244 | VaLoss: 2.3244 +- 0.0672
 20,  0 | TrAcc: 0.1719, TrLoss:  2.36369, VaAcc: 0.1538, VaLoss:  3.22103	 20 sampled NNs | VaAcc: 0.1323 +- 0.0238 | VaLoss: 2.2961 +- 0.0542
 21,  0 | TrAcc: 0.1569, TrLoss:  2.36968, VaAcc: 0.1373, VaLoss:  3.16398	 20 sampled NNs | VaAcc: 0.1191 +- 0.0210 | VaLoss: 2.3281 +- 0.0530
 22,  0 | TrAcc: 0.1701, TrLoss:  2.37653, VaAcc: 0.1283, VaLoss:  3.16379	 20 sampled NNs | VaAcc: 0.1252 +- 0.0194 | VaLoss: 2.3213 +- 0.0379
 23,  0 | TrAcc: 0.1639, TrLoss:  2.37239, VaAcc: 0.1576, VaLoss:  3.12996	 20 sampled NNs | VaAcc: 0.1272 +- 0.0240 | VaLoss: 2.3085 +- 0.0546
 24,  0 | TrAcc: 0.1655, TrLoss:  2.35991, VaAcc: 0.1514, VaLoss:  3.07323	 20 sampled NNs | VaAcc: 0.1265 +- 0.0262 | VaLoss: 2.3268 +- 0.0609
 25,  0 | TrAcc: 0.1841, TrLoss:  2.31691, VaAcc: 0.1464, VaLoss:  3.10737	 20 sampled NNs | VaAcc: 0.1274 +- 0.0278 | VaLoss: 2.3252 +- 0.0829
 26,  0 | TrAcc: 0.1631, TrLoss:  2.35602, VaAcc: 0.1540, VaLoss:  3.06313	 20 sampled NNs | VaAcc: 0.1335 +- 0.0221 | VaLoss: 2.2999 +- 0.0566
 27,  0 | TrAcc: 0.1751, TrLoss:  2.33985, VaAcc: 0.1620, VaLoss:  3.05772	 20 sampled NNs | VaAcc: 0.1415 +- 0.0245 | VaLoss: 2.2725 +- 0.0477
 28,  0 | TrAcc: 0.1722, TrLoss:  2.33827, VaAcc: 0.1683, VaLoss:  3.04475	 20 sampled NNs | VaAcc: 0.1299 +- 0.0320 | VaLoss: 2.2965 +- 0.0402
 29,  0 | TrAcc: 0.1741, TrLoss:  2.35283, VaAcc: 0.1613, VaLoss:  3.04744	 20 sampled NNs | VaAcc: 0.1395 +- 0.0218 | VaLoss: 2.2944 +- 0.0492
 30,  0 | TrAcc: 0.2132, TrLoss:  2.29767, VaAcc: 0.1679, VaLoss:  3.07768	 20 sampled NNs | VaAcc: 0.1371 +- 0.0263 | VaLoss: 2.2941 +- 0.0484
 31,  0 | TrAcc: 0.1710, TrLoss:  2.35095, VaAcc: 0.1679, VaLoss:  3.03039	 20 sampled NNs | VaAcc: 0.1356 +- 0.0262 | VaLoss: 2.2878 +- 0.0587
 32,  0 | TrAcc: 0.1748, TrLoss:  2.33920, VaAcc: 0.1511, VaLoss:  3.04422	 20 sampled NNs | VaAcc: 0.1426 +- 0.0234 | VaLoss: 2.2841 +- 0.0472
 33,  0 | TrAcc: 0.1691, TrLoss:  2.33975, VaAcc: 0.1495, VaLoss:  3.04930	 20 sampled NNs | VaAcc: 0.1321 +- 0.0343 | VaLoss: 2.3065 +- 0.0755
 34,  0 | TrAcc: 0.1873, TrLoss:  2.31348, VaAcc: 0.1621, VaLoss:  3.05828	 20 sampled NNs | VaAcc: 0.1331 +- 0.0171 | VaLoss: 2.2983 +- 0.0675
 35,  0 | TrAcc: 0.1871, TrLoss:  2.33111, VaAcc: 0.1504, VaLoss:  3.02056	 20 sampled NNs | VaAcc: 0.1370 +- 0.0217 | VaLoss: 2.2863 +- 0.0536
 36,  0 | TrAcc: 0.1625, TrLoss:  2.33933, VaAcc: 0.1502, VaLoss:  3.01431	 20 sampled NNs | VaAcc: 0.1374 +- 0.0182 | VaLoss: 2.2760 +- 0.0594
 37,  0 | TrAcc: 0.1911, TrLoss:  2.30753, VaAcc: 0.1657, VaLoss:  3.04378	 20 sampled NNs | VaAcc: 0.1374 +- 0.0342 | VaLoss: 2.3045 +- 0.0678
 38,  0 | TrAcc: 0.1764, TrLoss:  2.31769, VaAcc: 0.1778, VaLoss:  2.99109	 20 sampled NNs | VaAcc: 0.1365 +- 0.0261 | VaLoss: 2.2650 +- 0.0437
 39,  0 | TrAcc: 0.1812, TrLoss:  2.32877, VaAcc: 0.1668, VaLoss:  3.02410	 20 sampled NNs | VaAcc: 0.1501 +- 0.0326 | VaLoss: 2.2609 +- 0.0760
 40,  0 | TrAcc: 0.1854, TrLoss:  2.32215, VaAcc: 0.1720, VaLoss:  3.03807	 20 sampled NNs | VaAcc: 0.1446 +- 0.0269 | VaLoss: 2.2588 +- 0.0479
 41,  0 | TrAcc: 0.2052, TrLoss:  2.29880, VaAcc: 0.1765, VaLoss:  3.03271	 20 sampled NNs | VaAcc: 0.1448 +- 0.0330 | VaLoss: 2.2742 +- 0.0698
 42,  0 | TrAcc: 0.1918, TrLoss:  2.30024, VaAcc: 0.1847, VaLoss:  3.02843	 20 sampled NNs | VaAcc: 0.1454 +- 0.0233 | VaLoss: 2.2726 +- 0.0691
 43,  0 | TrAcc: 0.2030, TrLoss:  2.28448, VaAcc: 0.1651, VaLoss:  3.06416	 20 sampled NNs | VaAcc: 0.1450 +- 0.0258 | VaLoss: 2.2789 +- 0.0832
 44,  0 | TrAcc: 0.1809, TrLoss:  2.30602, VaAcc: 0.1580, VaLoss:  3.03734	 20 sampled NNs | VaAcc: 0.1533 +- 0.0219 | VaLoss: 2.2526 +- 0.0525
 45,  0 | TrAcc: 0.1885, TrLoss:  2.29846, VaAcc: 0.1819, VaLoss:  3.02315	 20 sampled NNs | VaAcc: 0.1571 +- 0.0249 | VaLoss: 2.2412 +- 0.0639
 46,  0 | TrAcc: 0.2133, TrLoss:  2.25462, VaAcc: 0.1863, VaLoss:  3.05818	 20 sampled NNs | VaAcc: 0.1634 +- 0.0293 | VaLoss: 2.2340 +- 0.0608
 47,  0 | TrAcc: 0.2160, TrLoss:  2.28257, VaAcc: 0.2008, VaLoss:  3.03340	 20 sampled NNs | VaAcc: 0.1741 +- 0.0255 | VaLoss: 2.2037 +- 0.0431
 48,  0 | TrAcc: 0.2001, TrLoss:  2.29878, VaAcc: 0.1872, VaLoss:  3.04030	 20 sampled NNs | VaAcc: 0.1505 +- 0.0230 | VaLoss: 2.2416 +- 0.0328
 49,  0 | TrAcc: 0.2105, TrLoss:  2.27327, VaAcc: 0.1785, VaLoss:  3.07302	 20 sampled NNs | VaAcc: 0.1469 +- 0.0272 | VaLoss: 2.2594 +- 0.0567
 50,  0 | TrAcc: 0.1908, TrLoss:  2.29137, VaAcc: 0.1691, VaLoss:  3.04643	 20 sampled NNs | VaAcc: 0.1535 +- 0.0329 | VaLoss: 2.2250 +- 0.0586
 51,  0 | TrAcc: 0.1990, TrLoss:  2.29167, VaAcc: 0.1947, VaLoss:  3.03260	 20 sampled NNs | VaAcc: 0.1617 +- 0.0351 | VaLoss: 2.2434 +- 0.0606
 52,  0 | TrAcc: 0.1955, TrLoss:  2.31115, VaAcc: 0.1753, VaLoss:  3.04939	 20 sampled NNs | VaAcc: 0.1662 +- 0.0310 | VaLoss: 2.2460 +- 0.0685
 53,  0 | TrAcc: 0.2028, TrLoss:  2.31094, VaAcc: 0.1790, VaLoss:  3.03624	 20 sampled NNs | VaAcc: 0.1493 +- 0.0291 | VaLoss: 2.2581 +- 0.0665
 54,  0 | TrAcc: 0.2150, TrLoss:  2.27582, VaAcc: 0.1877, VaLoss:  3.02788	 20 sampled NNs | VaAcc: 0.1737 +- 0.0241 | VaLoss: 2.2338 +- 0.0682
 55,  0 | TrAcc: 0.2110, TrLoss:  2.26849, VaAcc: 0.1908, VaLoss:  3.05701	 20 sampled NNs | VaAcc: 0.1602 +- 0.0344 | VaLoss: 2.2182 +- 0.0557
 56,  0 | TrAcc: 0.2167, TrLoss:  2.24785, VaAcc: 0.1792, VaLoss:  3.05934	 20 sampled NNs | VaAcc: 0.1578 +- 0.0266 | VaLoss: 2.2425 +- 0.0513
 57,  0 | TrAcc: 0.2194, TrLoss:  2.26846, VaAcc: 0.1933, VaLoss:  3.04066	 20 sampled NNs | VaAcc: 0.1631 +- 0.0287 | VaLoss: 2.2115 +- 0.0460
 58,  0 | TrAcc: 0.1885, TrLoss:  2.28716, VaAcc: 0.1856, VaLoss:  3.03424	 20 sampled NNs | VaAcc: 0.1578 +- 0.0349 | VaLoss: 2.2266 +- 0.0734
 59,  0 | TrAcc: 0.1856, TrLoss:  2.30634, VaAcc: 0.1851, VaLoss:  3.02780	 20 sampled NNs | VaAcc: 0.1626 +- 0.0303 | VaLoss: 2.2215 +- 0.0758
 60,  0 | TrAcc: 0.2187, TrLoss:  2.26667, VaAcc: 0.1876, VaLoss:  3.03896	 20 sampled NNs | VaAcc: 0.1619 +- 0.0318 | VaLoss: 2.2043 +- 0.0677
 61,  0 | TrAcc: 0.2197, TrLoss:  2.25792, VaAcc: 0.1875, VaLoss:  3.03937	 20 sampled NNs | VaAcc: 0.1667 +- 0.0330 | VaLoss: 2.1819 +- 0.0543
 62,  0 | TrAcc: 0.2154, TrLoss:  2.25084, VaAcc: 0.2047, VaLoss:  3.05018	 20 sampled NNs | VaAcc: 0.1729 +- 0.0239 | VaLoss: 2.2412 +- 0.0759
 63,  0 | TrAcc: 0.2280, TrLoss:  2.28494, VaAcc: 0.2000, VaLoss:  3.03176	 20 sampled NNs | VaAcc: 0.1747 +- 0.0291 | VaLoss: 2.2139 +- 0.0627
 64,  0 | TrAcc: 0.2104, TrLoss:  2.27011, VaAcc: 0.2116, VaLoss:  3.01770	 20 sampled NNs | VaAcc: 0.1870 +- 0.0253 | VaLoss: 2.1818 +- 0.0690
 65,  0 | TrAcc: 0.2222, TrLoss:  2.24975, VaAcc: 0.1939, VaLoss:  3.06051	 20 sampled NNs | VaAcc: 0.1700 +- 0.0379 | VaLoss: 2.2382 +- 0.0893
 66,  0 | TrAcc: 0.2191, TrLoss:  2.25260, VaAcc: 0.2005, VaLoss:  3.07976	 20 sampled NNs | VaAcc: 0.1779 +- 0.0306 | VaLoss: 2.2044 +- 0.0622
 67,  0 | TrAcc: 0.2305, TrLoss:  2.24567, VaAcc: 0.2141, VaLoss:  3.05621	 20 sampled NNs | VaAcc: 0.1889 +- 0.0361 | VaLoss: 2.1948 +- 0.0518
 68,  0 | TrAcc: 0.2072, TrLoss:  2.29274, VaAcc: 0.1931, VaLoss:  3.05951	 20 sampled NNs | VaAcc: 0.1649 +- 0.0377 | VaLoss: 2.2109 +- 0.0585
 69,  0 | TrAcc: 0.2030, TrLoss:  2.28518, VaAcc: 0.2123, VaLoss:  3.02715	 20 sampled NNs | VaAcc: 0.1784 +- 0.0247 | VaLoss: 2.1844 +- 0.0526
 70,  0 | TrAcc: 0.1947, TrLoss:  2.29472, VaAcc: 0.1956, VaLoss:  3.06376	 20 sampled NNs | VaAcc: 0.1644 +- 0.0337 | VaLoss: 2.2122 +- 0.0698
 71,  0 | TrAcc: 0.2266, TrLoss:  2.25237, VaAcc: 0.2152, VaLoss:  3.03549	 20 sampled NNs | VaAcc: 0.1754 +- 0.0322 | VaLoss: 2.2007 +- 0.0731
 72,  0 | TrAcc: 0.2307, TrLoss:  2.24760, VaAcc: 0.2217, VaLoss:  3.05120	 20 sampled NNs | VaAcc: 0.1949 +- 0.0241 | VaLoss: 2.1520 +- 0.0453
 73,  0 | TrAcc: 0.2281, TrLoss:  2.24744, VaAcc: 0.2127, VaLoss:  3.06319	 20 sampled NNs | VaAcc: 0.1891 +- 0.0291 | VaLoss: 2.1393 +- 0.0584
 74,  0 | TrAcc: 0.2249, TrLoss:  2.23523, VaAcc: 0.2038, VaLoss:  3.08264	 20 sampled NNs | VaAcc: 0.1775 +- 0.0248 | VaLoss: 2.1729 +- 0.0478
 75,  0 | TrAcc: 0.2179, TrLoss:  2.23749, VaAcc: 0.2016, VaLoss:  3.13169	 20 sampled NNs | VaAcc: 0.1797 +- 0.0309 | VaLoss: 2.1872 +- 0.0673
 76,  0 | TrAcc: 0.2296, TrLoss:  2.23763, VaAcc: 0.2097, VaLoss:  3.11234	 20 sampled NNs | VaAcc: 0.1855 +- 0.0337 | VaLoss: 2.1661 +- 0.0681
 77,  0 | TrAcc: 0.2198, TrLoss:  2.25752, VaAcc: 0.2232, VaLoss:  3.09668	 20 sampled NNs | VaAcc: 0.1938 +- 0.0289 | VaLoss: 2.1586 +- 0.0639
 78,  0 | TrAcc: 0.2149, TrLoss:  2.27283, VaAcc: 0.1982, VaLoss:  3.11572	 20 sampled NNs | VaAcc: 0.1669 +- 0.0333 | VaLoss: 2.1906 +- 0.0619
 79,  0 | TrAcc: 0.2416, TrLoss:  2.24694, VaAcc: 0.2176, VaLoss:  3.10713	 20 sampled NNs | VaAcc: 0.1814 +- 0.0364 | VaLoss: 2.1646 +- 0.0941
 80,  0 | TrAcc: 0.2347, TrLoss:  2.23527, VaAcc: 0.2345, VaLoss:  3.11578	 20 sampled NNs | VaAcc: 0.1949 +- 0.0381 | VaLoss: 2.1607 +- 0.0754
 81,  0 | TrAcc: 0.2446, TrLoss:  2.20288, VaAcc: 0.2100, VaLoss:  3.16522	 20 sampled NNs | VaAcc: 0.1992 +- 0.0372 | VaLoss: 2.1590 +- 0.0826
 82,  0 | TrAcc: 0.2362, TrLoss:  2.20116, VaAcc: 0.2111, VaLoss:  3.17087	 20 sampled NNs | VaAcc: 0.1905 +- 0.0237 | VaLoss: 2.1721 +- 0.0784
 83,  0 | TrAcc: 0.2339, TrLoss:  2.23514, VaAcc: 0.2251, VaLoss:  3.14903	 20 sampled NNs | VaAcc: 0.2037 +- 0.0256 | VaLoss: 2.1278 +- 0.0710
 84,  0 | TrAcc: 0.2404, TrLoss:  2.24075, VaAcc: 0.2309, VaLoss:  3.13814	 20 sampled NNs | VaAcc: 0.2011 +- 0.0301 | VaLoss: 2.1514 +- 0.0820
 85,  0 | TrAcc: 0.2461, TrLoss:  2.19143, VaAcc: 0.2375, VaLoss:  3.13797	 20 sampled NNs | VaAcc: 0.2085 +- 0.0361 | VaLoss: 2.1075 +- 0.0559
 86,  0 | TrAcc: 0.2489, TrLoss:  2.21112, VaAcc: 0.2385, VaLoss:  3.12373	 20 sampled NNs | VaAcc: 0.1928 +- 0.0338 | VaLoss: 2.1231 +- 0.0737
 87,  0 | TrAcc: 0.2336, TrLoss:  2.24336, VaAcc: 0.2245, VaLoss:  3.13793	 20 sampled NNs | VaAcc: 0.2103 +- 0.0313 | VaLoss: 2.1070 +- 0.0785
 88,  0 | TrAcc: 0.2326, TrLoss:  2.20113, VaAcc: 0.2318, VaLoss:  3.15268	 20 sampled NNs | VaAcc: 0.2106 +- 0.0240 | VaLoss: 2.0822 +- 0.0622
 89,  0 | TrAcc: 0.2617, TrLoss:  2.20915, VaAcc: 0.2418, VaLoss:  3.14163	 20 sampled NNs | VaAcc: 0.2166 +- 0.0398 | VaLoss: 2.0815 +- 0.0543
 90,  0 | TrAcc: 0.2519, TrLoss:  2.22373, VaAcc: 0.2572, VaLoss:  3.13610	 20 sampled NNs | VaAcc: 0.2477 +- 0.0380 | VaLoss: 2.0741 +- 0.0866
 91,  0 | TrAcc: 0.2700, TrLoss:  2.17865, VaAcc: 0.2594, VaLoss:  3.16454	 20 sampled NNs | VaAcc: 0.2353 +- 0.0379 | VaLoss: 2.0472 +- 0.0759
 92,  0 | TrAcc: 0.2604, TrLoss:  2.20004, VaAcc: 0.2590, VaLoss:  3.15678	 20 sampled NNs | VaAcc: 0.2283 +- 0.0384 | VaLoss: 2.0357 +- 0.0593
 93,  0 | TrAcc: 0.2519, TrLoss:  2.19568, VaAcc: 0.2593, VaLoss:  3.16177	 20 sampled NNs | VaAcc: 0.2180 +- 0.0298 | VaLoss: 2.0784 +- 0.0682
 94,  0 | TrAcc: 0.2635, TrLoss:  2.17205, VaAcc: 0.2739, VaLoss:  3.14656	 20 sampled NNs | VaAcc: 0.2489 +- 0.0276 | VaLoss: 2.0170 +- 0.0625
 95,  0 | TrAcc: 0.2901, TrLoss:  2.13170, VaAcc: 0.2815, VaLoss:  3.13781	 20 sampled NNs | VaAcc: 0.2303 +- 0.0388 | VaLoss: 2.0359 +- 0.0761
 96,  0 | TrAcc: 0.2944, TrLoss:  2.12289, VaAcc: 0.2824, VaLoss:  3.16730	 20 sampled NNs | VaAcc: 0.2406 +- 0.0338 | VaLoss: 2.0215 +- 0.0666
 97,  0 | TrAcc: 0.2791, TrLoss:  2.14101, VaAcc: 0.2574, VaLoss:  3.16904	 20 sampled NNs | VaAcc: 0.2229 +- 0.0333 | VaLoss: 2.0375 +- 0.0678
 98,  0 | TrAcc: 0.2537, TrLoss:  2.19139, VaAcc: 0.2485, VaLoss:  3.16671	 20 sampled NNs | VaAcc: 0.2072 +- 0.0296 | VaLoss: 2.0814 +- 0.0785
 99,  0 | TrAcc: 0.2628, TrLoss:  2.17747, VaAcc: 0.2666, VaLoss:  3.16634	 20 sampled NNs | VaAcc: 0.2409 +- 0.0304 | VaLoss: 2.0145 +- 0.0806
100,  0 | TrAcc: 0.2851, TrLoss:  2.13974, VaAcc: 0.2600, VaLoss:  3.16464	 20 sampled NNs | VaAcc: 0.2308 +- 0.0303 | VaLoss: 2.0423 +- 0.0679
101,  0 | TrAcc: 0.2557, TrLoss:  2.17724, VaAcc: 0.2710, VaLoss:  3.18261	 20 sampled NNs | VaAcc: 0.2400 +- 0.0472 | VaLoss: 2.0148 +- 0.0723
102,  0 | TrAcc: 0.2539, TrLoss:  2.20266, VaAcc: 0.2843, VaLoss:  3.14319	 20 sampled NNs | VaAcc: 0.2468 +- 0.0309 | VaLoss: 2.0237 +- 0.1022
103,  0 | TrAcc: 0.2827, TrLoss:  2.14857, VaAcc: 0.2622, VaLoss:  3.18238	 20 sampled NNs | VaAcc: 0.2339 +- 0.0293 | VaLoss: 2.0350 +- 0.0618
104,  0 | TrAcc: 0.2521, TrLoss:  2.17699, VaAcc: 0.2514, VaLoss:  3.17085	 20 sampled NNs | VaAcc: 0.2150 +- 0.0275 | VaLoss: 2.0550 +- 0.0707
105,  0 | TrAcc: 0.2696, TrLoss:  2.15083, VaAcc: 0.2629, VaLoss:  3.16384	 20 sampled NNs | VaAcc: 0.2492 +- 0.0202 | VaLoss: 1.9832 +- 0.0562
106,  0 | TrAcc: 0.2802, TrLoss:  2.15572, VaAcc: 0.2587, VaLoss:  3.19326	 20 sampled NNs | VaAcc: 0.2334 +- 0.0308 | VaLoss: 2.0090 +- 0.0661
107,  0 | TrAcc: 0.2639, TrLoss:  2.13908, VaAcc: 0.2551, VaLoss:  3.19420	 20 sampled NNs | VaAcc: 0.2145 +- 0.0362 | VaLoss: 2.0806 +- 0.0933
108,  0 | TrAcc: 0.3189, TrLoss:  2.11273, VaAcc: 0.2881, VaLoss:  3.19516	 20 sampled NNs | VaAcc: 0.2474 +- 0.0418 | VaLoss: 2.0184 +- 0.0880
109,  0 | TrAcc: 0.2540, TrLoss:  2.17338, VaAcc: 0.2572, VaLoss:  3.20392	 20 sampled NNs | VaAcc: 0.2258 +- 0.0224 | VaLoss: 1.9990 +- 0.0666
110,  0 | TrAcc: 0.2677, TrLoss:  2.15916, VaAcc: 0.2690, VaLoss:  3.17798	 20 sampled NNs | VaAcc: 0.2256 +- 0.0321 | VaLoss: 2.0451 +- 0.1581
111,  0 | TrAcc: 0.2910, TrLoss:  2.12035, VaAcc: 0.2746, VaLoss:  3.19890	 20 sampled NNs | VaAcc: 0.2406 +- 0.0435 | VaLoss: 2.0020 +- 0.0956
112,  0 | TrAcc: 0.2789, TrLoss:  2.13540, VaAcc: 0.2882, VaLoss:  3.18628	 20 sampled NNs | VaAcc: 0.2571 +- 0.0266 | VaLoss: 1.9903 +- 0.0867
113,  0 | TrAcc: 0.2538, TrLoss:  2.16859, VaAcc: 0.2646, VaLoss:  3.19527	 20 sampled NNs | VaAcc: 0.2226 +- 0.0294 | VaLoss: 2.0224 +- 0.0946
114,  0 | TrAcc: 0.2880, TrLoss:  2.12787, VaAcc: 0.2834, VaLoss:  3.18897	 20 sampled NNs | VaAcc: 0.2463 +- 0.0375 | VaLoss: 1.9793 +- 0.0590
115,  0 | TrAcc: 0.2791, TrLoss:  2.14585, VaAcc: 0.2783, VaLoss:  3.19526	 20 sampled NNs | VaAcc: 0.2523 +- 0.0282 | VaLoss: 1.9919 +- 0.0715
116,  0 | TrAcc: 0.2903, TrLoss:  2.15181, VaAcc: 0.2913, VaLoss:  3.18952	 20 sampled NNs | VaAcc: 0.2480 +- 0.0278 | VaLoss: 2.0038 +- 0.0868
117,  0 | TrAcc: 0.2888, TrLoss:  2.13631, VaAcc: 0.2824, VaLoss:  3.19170	 20 sampled NNs | VaAcc: 0.2612 +- 0.0344 | VaLoss: 1.9597 +- 0.0633
118,  0 | TrAcc: 0.2843, TrLoss:  2.13044, VaAcc: 0.2753, VaLoss:  3.22267	 20 sampled NNs | VaAcc: 0.2392 +- 0.0194 | VaLoss: 2.0017 +- 0.0450
119,  0 | TrAcc: 0.2623, TrLoss:  2.17471, VaAcc: 0.2694, VaLoss:  3.21506	 20 sampled NNs | VaAcc: 0.2393 +- 0.0266 | VaLoss: 2.0075 +- 0.0638
120,  0 | TrAcc: 0.2774, TrLoss:  2.12240, VaAcc: 0.2796, VaLoss:  3.19146	 20 sampled NNs | VaAcc: 0.2417 +- 0.0276 | VaLoss: 2.0122 +- 0.1228
121,  0 | TrAcc: 0.2705, TrLoss:  2.18161, VaAcc: 0.3014, VaLoss:  3.17880	 20 sampled NNs | VaAcc: 0.2502 +- 0.0391 | VaLoss: 1.9713 +- 0.0909
122,  0 | TrAcc: 0.2813, TrLoss:  2.11403, VaAcc: 0.2892, VaLoss:  3.19301	 20 sampled NNs | VaAcc: 0.2396 +- 0.0413 | VaLoss: 2.0013 +- 0.1006
123,  0 | TrAcc: 0.3040, TrLoss:  2.12815, VaAcc: 0.2879, VaLoss:  3.20414	 20 sampled NNs | VaAcc: 0.2650 +- 0.0284 | VaLoss: 1.9494 +- 0.0592
124,  0 | TrAcc: 0.2852, TrLoss:  2.10298, VaAcc: 0.2692, VaLoss:  3.23587	 20 sampled NNs | VaAcc: 0.2504 +- 0.0330 | VaLoss: 1.9564 +- 0.0766
125,  0 | TrAcc: 0.2782, TrLoss:  2.14020, VaAcc: 0.2827, VaLoss:  3.24149	 20 sampled NNs | VaAcc: 0.2644 +- 0.0287 | VaLoss: 1.9631 +- 0.0601
126,  0 | TrAcc: 0.2699, TrLoss:  2.14744, VaAcc: 0.2804, VaLoss:  3.18188	 20 sampled NNs | VaAcc: 0.2489 +- 0.0303 | VaLoss: 1.9678 +- 0.0918
127,  0 | TrAcc: 0.2806, TrLoss:  2.12095, VaAcc: 0.2670, VaLoss:  3.25293	 20 sampled NNs | VaAcc: 0.2302 +- 0.0345 | VaLoss: 2.0018 +- 0.0946
128,  0 | TrAcc: 0.2702, TrLoss:  2.11450, VaAcc: 0.2630, VaLoss:  3.25133	 20 sampled NNs | VaAcc: 0.2303 +- 0.0403 | VaLoss: 2.0083 +- 0.1338
129,  0 | TrAcc: 0.2581, TrLoss:  2.19128, VaAcc: 0.2680, VaLoss:  3.23783	 20 sampled NNs | VaAcc: 0.2440 +- 0.0385 | VaLoss: 1.9756 +- 0.0682
130,  0 | TrAcc: 0.2821, TrLoss:  2.15005, VaAcc: 0.2899, VaLoss:  3.21742	 20 sampled NNs | VaAcc: 0.2679 +- 0.0330 | VaLoss: 1.9416 +- 0.1088
131,  0 | TrAcc: 0.2859, TrLoss:  2.14332, VaAcc: 0.2953, VaLoss:  3.24527	 20 sampled NNs | VaAcc: 0.2728 +- 0.0261 | VaLoss: 1.9337 +- 0.0555
132,  0 | TrAcc: 0.2964, TrLoss:  2.11719, VaAcc: 0.3002, VaLoss:  3.23099	 20 sampled NNs | VaAcc: 0.2663 +- 0.0290 | VaLoss: 1.9156 +- 0.0520
133,  0 | TrAcc: 0.2981, TrLoss:  2.09063, VaAcc: 0.3034, VaLoss:  3.23253	 20 sampled NNs | VaAcc: 0.2631 +- 0.0399 | VaLoss: 1.9089 +- 0.0694
134,  0 | TrAcc: 0.2925, TrLoss:  2.11729, VaAcc: 0.2830, VaLoss:  3.28004	 20 sampled NNs | VaAcc: 0.2473 +- 0.0283 | VaLoss: 1.9459 +- 0.0805
135,  0 | TrAcc: 0.2893, TrLoss:  2.11253, VaAcc: 0.2991, VaLoss:  3.25321	 20 sampled NNs | VaAcc: 0.2564 +- 0.0303 | VaLoss: 1.9364 +- 0.0770
136,  0 | TrAcc: 0.2795, TrLoss:  2.14325, VaAcc: 0.2813, VaLoss:  3.26932	 20 sampled NNs | VaAcc: 0.2441 +- 0.0349 | VaLoss: 1.9562 +- 0.0917
137,  0 | TrAcc: 0.2934, TrLoss:  2.12674, VaAcc: 0.3032, VaLoss:  3.25689	 20 sampled NNs | VaAcc: 0.2667 +- 0.0364 | VaLoss: 1.9447 +- 0.0794
138,  0 | TrAcc: 0.2962, TrLoss:  2.12295, VaAcc: 0.2978, VaLoss:  3.27093	 20 sampled NNs | VaAcc: 0.2619 +- 0.0288 | VaLoss: 1.9330 +- 0.0745
139,  0 | TrAcc: 0.2862, TrLoss:  2.11883, VaAcc: 0.2979, VaLoss:  3.26109	 20 sampled NNs | VaAcc: 0.2635 +- 0.0251 | VaLoss: 1.9457 +- 0.0759
140,  0 | TrAcc: 0.3073, TrLoss:  2.09222, VaAcc: 0.3020, VaLoss:  3.25934	 20 sampled NNs | VaAcc: 0.2598 +- 0.0226 | VaLoss: 1.9080 +- 0.0721
141,  0 | TrAcc: 0.3137, TrLoss:  2.10523, VaAcc: 0.3005, VaLoss:  3.26966	 20 sampled NNs | VaAcc: 0.2694 +- 0.0287 | VaLoss: 1.9023 +- 0.0497
142,  0 | TrAcc: 0.3235, TrLoss:  2.10030, VaAcc: 0.3254, VaLoss:  3.23166	 20 sampled NNs | VaAcc: 0.2791 +- 0.0285 | VaLoss: 1.8756 +- 0.0631
143,  0 | TrAcc: 0.3111, TrLoss:  2.10320, VaAcc: 0.2932, VaLoss:  3.29365	 20 sampled NNs | VaAcc: 0.2638 +- 0.0256 | VaLoss: 1.9212 +- 0.0688
144,  0 | TrAcc: 0.2755, TrLoss:  2.15576, VaAcc: 0.2949, VaLoss:  3.27360	 20 sampled NNs | VaAcc: 0.2531 +- 0.0393 | VaLoss: 1.9272 +- 0.0726
145,  0 | TrAcc: 0.3202, TrLoss:  2.06343, VaAcc: 0.3062, VaLoss:  3.28674	 20 sampled NNs | VaAcc: 0.2715 +- 0.0191 | VaLoss: 1.9218 +- 0.0654
146,  0 | TrAcc: 0.3090, TrLoss:  2.11228, VaAcc: 0.3114, VaLoss:  3.26876	 20 sampled NNs | VaAcc: 0.2842 +- 0.0287 | VaLoss: 1.8686 +- 0.0530
147,  0 | TrAcc: 0.3072, TrLoss:  2.09754, VaAcc: 0.3110, VaLoss:  3.28724	 20 sampled NNs | VaAcc: 0.2638 +- 0.0346 | VaLoss: 1.9282 +- 0.0704
148,  0 | TrAcc: 0.3162, TrLoss:  2.10123, VaAcc: 0.3096, VaLoss:  3.26804	 20 sampled NNs | VaAcc: 0.2682 +- 0.0300 | VaLoss: 1.9147 +- 0.0609
149,  0 | TrAcc: 0.2964, TrLoss:  2.12548, VaAcc: 0.3267, VaLoss:  3.24984	 20 sampled NNs | VaAcc: 0.2763 +- 0.0380 | VaLoss: 1.8802 +- 0.0609
150,  0 | TrAcc: 0.3321, TrLoss:  2.10317, VaAcc: 0.3164, VaLoss:  3.28932	 20 sampled NNs | VaAcc: 0.2805 +- 0.0327 | VaLoss: 1.9099 +- 0.0842
151,  0 | TrAcc: 0.3078, TrLoss:  2.11363, VaAcc: 0.3168, VaLoss:  3.28214	 20 sampled NNs | VaAcc: 0.2991 +- 0.0178 | VaLoss: 1.8747 +- 0.0528
152,  0 | TrAcc: 0.3116, TrLoss:  2.08716, VaAcc: 0.3093, VaLoss:  3.29577	 20 sampled NNs | VaAcc: 0.2814 +- 0.0312 | VaLoss: 1.8850 +- 0.0462
153,  0 | TrAcc: 0.3211, TrLoss:  2.11285, VaAcc: 0.3255, VaLoss:  3.26295	 20 sampled NNs | VaAcc: 0.2796 +- 0.0358 | VaLoss: 1.9022 +- 0.0745
154,  0 | TrAcc: 0.3124, TrLoss:  2.07069, VaAcc: 0.3053, VaLoss:  3.29130	 20 sampled NNs | VaAcc: 0.2708 +- 0.0359 | VaLoss: 1.9049 +- 0.0793
155,  0 | TrAcc: 0.3264, TrLoss:  2.06878, VaAcc: 0.3322, VaLoss:  3.28675	 20 sampled NNs | VaAcc: 0.2909 +- 0.0346 | VaLoss: 1.8935 +- 0.0756
156,  0 | TrAcc: 0.3096, TrLoss:  2.07576, VaAcc: 0.3233, VaLoss:  3.27193	 20 sampled NNs | VaAcc: 0.2912 +- 0.0254 | VaLoss: 1.8616 +- 0.0475
157,  0 | TrAcc: 0.3385, TrLoss:  2.04002, VaAcc: 0.3317, VaLoss:  3.28256	 20 sampled NNs | VaAcc: 0.3091 +- 0.0253 | VaLoss: 1.8451 +- 0.0480
158,  0 | TrAcc: 0.3253, TrLoss:  2.08303, VaAcc: 0.3232, VaLoss:  3.28835	 20 sampled NNs | VaAcc: 0.2940 +- 0.0383 | VaLoss: 1.8820 +- 0.0760
159,  0 | TrAcc: 0.2995, TrLoss:  2.14832, VaAcc: 0.3118, VaLoss:  3.29091	 20 sampled NNs | VaAcc: 0.2806 +- 0.0357 | VaLoss: 1.8929 +- 0.0595
160,  0 | TrAcc: 0.3075, TrLoss:  2.08323, VaAcc: 0.3229, VaLoss:  3.28475	 20 sampled NNs | VaAcc: 0.2811 +- 0.0223 | VaLoss: 1.9086 +- 0.0752
161,  0 | TrAcc: 0.3073, TrLoss:  2.11671, VaAcc: 0.3127, VaLoss:  3.27449	 20 sampled NNs | VaAcc: 0.2721 +- 0.0377 | VaLoss: 1.8963 +- 0.0936
162,  0 | TrAcc: 0.3427, TrLoss:  2.04752, VaAcc: 0.3320, VaLoss:  3.30239	 20 sampled NNs | VaAcc: 0.3021 +- 0.0266 | VaLoss: 1.8465 +- 0.0521
163,  0 | TrAcc: 0.3175, TrLoss:  2.10047, VaAcc: 0.3103, VaLoss:  3.29792	 20 sampled NNs | VaAcc: 0.2661 +- 0.0328 | VaLoss: 1.9051 +- 0.0956
164,  0 | TrAcc: 0.3248, TrLoss:  2.05188, VaAcc: 0.3076, VaLoss:  3.33068	 20 sampled NNs | VaAcc: 0.2741 +- 0.0394 | VaLoss: 1.8924 +- 0.0869
165,  0 | TrAcc: 0.3254, TrLoss:  2.07222, VaAcc: 0.3238, VaLoss:  3.31142	 20 sampled NNs | VaAcc: 0.2836 +- 0.0349 | VaLoss: 1.8770 +- 0.0693
166,  0 | TrAcc: 0.3198, TrLoss:  2.10354, VaAcc: 0.3290, VaLoss:  3.27892	 20 sampled NNs | VaAcc: 0.2961 +- 0.0396 | VaLoss: 1.8766 +- 0.0670
167,  0 | TrAcc: 0.3084, TrLoss:  2.08726, VaAcc: 0.3146, VaLoss:  3.29007	 20 sampled NNs | VaAcc: 0.2721 +- 0.0399 | VaLoss: 1.8901 +- 0.0823
168,  0 | TrAcc: 0.3213, TrLoss:  2.07491, VaAcc: 0.2915, VaLoss:  3.34550	 20 sampled NNs | VaAcc: 0.2683 +- 0.0284 | VaLoss: 1.9030 +- 0.0650
169,  0 | TrAcc: 0.3043, TrLoss:  2.09259, VaAcc: 0.3184, VaLoss:  3.31141	 20 sampled NNs | VaAcc: 0.2802 +- 0.0303 | VaLoss: 1.9019 +- 0.0703
170,  0 | TrAcc: 0.3289, TrLoss:  2.04812, VaAcc: 0.3248, VaLoss:  3.29518	 20 sampled NNs | VaAcc: 0.2886 +- 0.0329 | VaLoss: 1.8780 +- 0.0665
171,  0 | TrAcc: 0.3122, TrLoss:  2.06694, VaAcc: 0.3325, VaLoss:  3.30660	 20 sampled NNs | VaAcc: 0.2878 +- 0.0271 | VaLoss: 1.8556 +- 0.0619
172,  0 | TrAcc: 0.3471, TrLoss:  2.02594, VaAcc: 0.3416, VaLoss:  3.28403	 20 sampled NNs | VaAcc: 0.2942 +- 0.0306 | VaLoss: 1.8789 +- 0.0710
173,  0 | TrAcc: 0.3184, TrLoss:  2.07314, VaAcc: 0.3166, VaLoss:  3.29603	 20 sampled NNs | VaAcc: 0.2783 +- 0.0343 | VaLoss: 1.8957 +- 0.0713
174,  0 | TrAcc: 0.3084, TrLoss:  2.11828, VaAcc: 0.3292, VaLoss:  3.27445	 20 sampled NNs | VaAcc: 0.2856 +- 0.0331 | VaLoss: 1.8545 +- 0.0665
175,  0 | TrAcc: 0.3379, TrLoss:  2.02437, VaAcc: 0.3309, VaLoss:  3.30155	 20 sampled NNs | VaAcc: 0.2909 +- 0.0313 | VaLoss: 1.8465 +- 0.0589
176,  0 | TrAcc: 0.3201, TrLoss:  2.05726, VaAcc: 0.3217, VaLoss:  3.33953	 20 sampled NNs | VaAcc: 0.2906 +- 0.0290 | VaLoss: 1.8646 +- 0.0739
177,  0 | TrAcc: 0.3220, TrLoss:  2.08755, VaAcc: 0.3357, VaLoss:  3.31624	 20 sampled NNs | VaAcc: 0.3058 +- 0.0292 | VaLoss: 1.8566 +- 0.0518
178,  0 | TrAcc: 0.3220, TrLoss:  2.07693, VaAcc: 0.3378, VaLoss:  3.29745	 20 sampled NNs | VaAcc: 0.2990 +- 0.0244 | VaLoss: 1.8642 +- 0.0863
179,  0 | TrAcc: 0.3218, TrLoss:  2.05900, VaAcc: 0.3291, VaLoss:  3.31202	 20 sampled NNs | VaAcc: 0.2996 +- 0.0323 | VaLoss: 1.8530 +- 0.0682
180,  0 | TrAcc: 0.3216, TrLoss:  2.08071, VaAcc: 0.3294, VaLoss:  3.28710	 20 sampled NNs | VaAcc: 0.3088 +- 0.0217 | VaLoss: 1.8428 +- 0.0485
181,  0 | TrAcc: 0.2991, TrLoss:  2.10925, VaAcc: 0.3115, VaLoss:  3.31351	 20 sampled NNs | VaAcc: 0.2843 +- 0.0290 | VaLoss: 1.8458 +- 0.0416
182,  0 | TrAcc: 0.2956, TrLoss:  2.11007, VaAcc: 0.2933, VaLoss:  3.31598	 20 sampled NNs | VaAcc: 0.2612 +- 0.0320 | VaLoss: 1.9281 +- 0.0730
183,  0 | TrAcc: 0.3094, TrLoss:  2.07263, VaAcc: 0.3381, VaLoss:  3.30631	 20 sampled NNs | VaAcc: 0.2847 +- 0.0452 | VaLoss: 1.8434 +- 0.0543
184,  0 | TrAcc: 0.3084, TrLoss:  2.08727, VaAcc: 0.3047, VaLoss:  3.34012	 20 sampled NNs | VaAcc: 0.2558 +- 0.0419 | VaLoss: 1.9054 +- 0.0865
185,  0 | TrAcc: 0.3142, TrLoss:  2.11091, VaAcc: 0.3142, VaLoss:  3.35655	 20 sampled NNs | VaAcc: 0.2830 +- 0.0369 | VaLoss: 1.9298 +- 0.0990
186,  0 | TrAcc: 0.3205, TrLoss:  2.04316, VaAcc: 0.3337, VaLoss:  3.30121	 20 sampled NNs | VaAcc: 0.3044 +- 0.0238 | VaLoss: 1.8450 +- 0.0642
187,  0 | TrAcc: 0.3247, TrLoss:  2.04946, VaAcc: 0.3276, VaLoss:  3.30423	 20 sampled NNs | VaAcc: 0.3012 +- 0.0272 | VaLoss: 1.8447 +- 0.0684
188,  0 | TrAcc: 0.3175, TrLoss:  2.04891, VaAcc: 0.3075, VaLoss:  3.35552	 20 sampled NNs | VaAcc: 0.2844 +- 0.0309 | VaLoss: 1.8738 +- 0.0492
189,  0 | TrAcc: 0.3339, TrLoss:  2.06082, VaAcc: 0.3277, VaLoss:  3.31765	 20 sampled NNs | VaAcc: 0.3037 +- 0.0302 | VaLoss: 1.8224 +- 0.0694
190,  0 | TrAcc: 0.3235, TrLoss:  2.05034, VaAcc: 0.3434, VaLoss:  3.31264	 20 sampled NNs | VaAcc: 0.3163 +- 0.0321 | VaLoss: 1.8269 +- 0.0827
191,  0 | TrAcc: 0.3194, TrLoss:  2.08638, VaAcc: 0.3308, VaLoss:  3.31704	 20 sampled NNs | VaAcc: 0.2899 +- 0.0307 | VaLoss: 1.8351 +- 0.0521
192,  0 | TrAcc: 0.3169, TrLoss:  2.12041, VaAcc: 0.3259, VaLoss:  3.33073	 20 sampled NNs | VaAcc: 0.2743 +- 0.0347 | VaLoss: 1.9041 +- 0.0788
193,  0 | TrAcc: 0.3289, TrLoss:  2.09634, VaAcc: 0.3415, VaLoss:  3.29202	 20 sampled NNs | VaAcc: 0.3132 +- 0.0320 | VaLoss: 1.8462 +- 0.0656
194,  0 | TrAcc: 0.3119, TrLoss:  2.13227, VaAcc: 0.3470, VaLoss:  3.28306	 20 sampled NNs | VaAcc: 0.3094 +- 0.0399 | VaLoss: 1.8375 +- 0.0739
195,  0 | TrAcc: 0.3079, TrLoss:  2.09130, VaAcc: 0.3174, VaLoss:  3.33278	 20 sampled NNs | VaAcc: 0.2798 +- 0.0402 | VaLoss: 1.8813 +- 0.0757
196,  0 | TrAcc: 0.3223, TrLoss:  2.07922, VaAcc: 0.3350, VaLoss:  3.32851	 20 sampled NNs | VaAcc: 0.2956 +- 0.0287 | VaLoss: 1.8750 +- 0.0639
197,  0 | TrAcc: 0.3132, TrLoss:  2.10144, VaAcc: 0.3235, VaLoss:  3.30164	 20 sampled NNs | VaAcc: 0.2937 +- 0.0212 | VaLoss: 1.8314 +- 0.0425
198,  0 | TrAcc: 0.2977, TrLoss:  2.08623, VaAcc: 0.3141, VaLoss:  3.30126	 20 sampled NNs | VaAcc: 0.2811 +- 0.0381 | VaLoss: 1.8791 +- 0.0876
199,  0 | TrAcc: 0.3247, TrLoss:  2.05158, VaAcc: 0.3257, VaLoss:  3.31255	 20 sampled NNs | VaAcc: 0.2922 +- 0.0283 | VaLoss: 1.8472 +- 0.0592
200,  0 | TrAcc: 0.3428, TrLoss:  2.05871, VaAcc: 0.3442, VaLoss:  3.29891	 20 sampled NNs | VaAcc: 0.3196 +- 0.0304 | VaLoss: 1.8265 +- 0.0590
201,  0 | TrAcc: 0.3246, TrLoss:  2.09959, VaAcc: 0.3347, VaLoss:  3.31207	 20 sampled NNs | VaAcc: 0.2965 +- 0.0330 | VaLoss: 1.8477 +- 0.0590
202,  0 | TrAcc: 0.3295, TrLoss:  2.09660, VaAcc: 0.3411, VaLoss:  3.30679	 20 sampled NNs | VaAcc: 0.3027 +- 0.0400 | VaLoss: 1.8393 +- 0.0832
203,  0 | TrAcc: 0.3343, TrLoss:  2.03132, VaAcc: 0.3290, VaLoss:  3.31557	 20 sampled NNs | VaAcc: 0.2841 +- 0.0363 | VaLoss: 1.8706 +- 0.0663
204,  0 | TrAcc: 0.3499, TrLoss:  2.04224, VaAcc: 0.3320, VaLoss:  3.31394	 20 sampled NNs | VaAcc: 0.3036 +- 0.0298 | VaLoss: 1.8452 +- 0.0750
205,  0 | TrAcc: 0.3335, TrLoss:  2.02538, VaAcc: 0.3265, VaLoss:  3.34182	 20 sampled NNs | VaAcc: 0.2903 +- 0.0355 | VaLoss: 1.8509 +- 0.0726
206,  0 | TrAcc: 0.3295, TrLoss:  2.08722, VaAcc: 0.3262, VaLoss:  3.29047	 20 sampled NNs | VaAcc: 0.2807 +- 0.0315 | VaLoss: 1.8621 +- 0.0600
207,  0 | TrAcc: 0.3117, TrLoss:  2.06385, VaAcc: 0.3347, VaLoss:  3.27865	 20 sampled NNs | VaAcc: 0.2941 +- 0.0305 | VaLoss: 1.8607 +- 0.0552
208,  0 | TrAcc: 0.3162, TrLoss:  2.07974, VaAcc: 0.3257, VaLoss:  3.33067	 20 sampled NNs | VaAcc: 0.3036 +- 0.0395 | VaLoss: 1.8437 +- 0.0630
209,  0 | TrAcc: 0.3384, TrLoss:  2.05788, VaAcc: 0.3312, VaLoss:  3.32237	 20 sampled NNs | VaAcc: 0.3042 +- 0.0302 | VaLoss: 1.8513 +- 0.0632
210,  0 | TrAcc: 0.3457, TrLoss:  2.04798, VaAcc: 0.3460, VaLoss:  3.30603	 20 sampled NNs | VaAcc: 0.3025 +- 0.0345 | VaLoss: 1.8558 +- 0.0864
211,  0 | TrAcc: 0.3336, TrLoss:  2.07631, VaAcc: 0.3372, VaLoss:  3.29573	 20 sampled NNs | VaAcc: 0.2984 +- 0.0263 | VaLoss: 1.8281 +- 0.0534
212,  0 | TrAcc: 0.3346, TrLoss:  2.06484, VaAcc: 0.3205, VaLoss:  3.32670	 20 sampled NNs | VaAcc: 0.2841 +- 0.0363 | VaLoss: 1.8728 +- 0.0715
213,  0 | TrAcc: 0.3147, TrLoss:  2.06950, VaAcc: 0.3395, VaLoss:  3.31443	 20 sampled NNs | VaAcc: 0.2969 +- 0.0437 | VaLoss: 1.8441 +- 0.0612
214,  0 | TrAcc: 0.2992, TrLoss:  2.10210, VaAcc: 0.3256, VaLoss:  3.32637	 20 sampled NNs | VaAcc: 0.2999 +- 0.0295 | VaLoss: 1.8335 +- 0.0612
215,  0 | TrAcc: 0.3360, TrLoss:  2.04638, VaAcc: 0.3342, VaLoss:  3.35266	 20 sampled NNs | VaAcc: 0.2926 +- 0.0412 | VaLoss: 1.8832 +- 0.0647
216,  0 | TrAcc: 0.3339, TrLoss:  2.05592, VaAcc: 0.3496, VaLoss:  3.32843	 20 sampled NNs | VaAcc: 0.3114 +- 0.0330 | VaLoss: 1.8333 +- 0.0755
217,  0 | TrAcc: 0.3510, TrLoss:  2.02836, VaAcc: 0.3444, VaLoss:  3.35056	 20 sampled NNs | VaAcc: 0.2979 +- 0.0324 | VaLoss: 1.8566 +- 0.0724
218,  0 | TrAcc: 0.3171, TrLoss:  2.08420, VaAcc: 0.3230, VaLoss:  3.32869	 20 sampled NNs | VaAcc: 0.2936 +- 0.0326 | VaLoss: 1.8464 +- 0.0567
219,  0 | TrAcc: 0.3084, TrLoss:  2.04737, VaAcc: 0.3404, VaLoss:  3.29861	 20 sampled NNs | VaAcc: 0.2898 +- 0.0223 | VaLoss: 1.8399 +- 0.0568
220,  0 | TrAcc: 0.3274, TrLoss:  2.06941, VaAcc: 0.3444, VaLoss:  3.30613	 20 sampled NNs | VaAcc: 0.3087 +- 0.0358 | VaLoss: 1.8164 +- 0.0543
221,  0 | TrAcc: 0.3177, TrLoss:  2.09374, VaAcc: 0.3331, VaLoss:  3.31900	 20 sampled NNs | VaAcc: 0.2997 +- 0.0345 | VaLoss: 1.8293 +- 0.0773
222,  0 | TrAcc: 0.3284, TrLoss:  2.06723, VaAcc: 0.3389, VaLoss:  3.32845	 20 sampled NNs | VaAcc: 0.3001 +- 0.0294 | VaLoss: 1.8548 +- 0.0955
223,  0 | TrAcc: 0.3258, TrLoss:  2.09201, VaAcc: 0.3521, VaLoss:  3.31552	 20 sampled NNs | VaAcc: 0.3122 +- 0.0451 | VaLoss: 1.8315 +- 0.0694
224,  0 | TrAcc: 0.3221, TrLoss:  2.07306, VaAcc: 0.3386, VaLoss:  3.32499	 20 sampled NNs | VaAcc: 0.2981 +- 0.0328 | VaLoss: 1.8347 +- 0.0615
225,  0 | TrAcc: 0.3335, TrLoss:  2.05437, VaAcc: 0.3472, VaLoss:  3.31643	 20 sampled NNs | VaAcc: 0.3011 +- 0.0214 | VaLoss: 1.8406 +- 0.0594
226,  0 | TrAcc: 0.3253, TrLoss:  2.08247, VaAcc: 0.3261, VaLoss:  3.37023	 20 sampled NNs | VaAcc: 0.2999 +- 0.0264 | VaLoss: 1.8262 +- 0.0510
227,  0 | TrAcc: 0.3348, TrLoss:  2.04153, VaAcc: 0.3559, VaLoss:  3.31274	 20 sampled NNs | VaAcc: 0.3090 +- 0.0302 | VaLoss: 1.8160 +- 0.0521
228,  0 | TrAcc: 0.3128, TrLoss:  2.10397, VaAcc: 0.3407, VaLoss:  3.33221	 20 sampled NNs | VaAcc: 0.3060 +- 0.0461 | VaLoss: 1.8371 +- 0.0860
229,  0 | TrAcc: 0.3244, TrLoss:  2.07585, VaAcc: 0.3345, VaLoss:  3.32982	 20 sampled NNs | VaAcc: 0.3034 +- 0.0349 | VaLoss: 1.8280 +- 0.0618
230,  0 | TrAcc: 0.3228, TrLoss:  2.03141, VaAcc: 0.3043, VaLoss:  3.37158	 20 sampled NNs | VaAcc: 0.2796 +- 0.0302 | VaLoss: 1.8655 +- 0.0605
231,  0 | TrAcc: 0.3119, TrLoss:  2.07230, VaAcc: 0.3313, VaLoss:  3.32954	 20 sampled NNs | VaAcc: 0.2979 +- 0.0298 | VaLoss: 1.8400 +- 0.0790
232,  0 | TrAcc: 0.3355, TrLoss:  2.09540, VaAcc: 0.3490, VaLoss:  3.31612	 20 sampled NNs | VaAcc: 0.3110 +- 0.0252 | VaLoss: 1.8241 +- 0.0515
233,  0 | TrAcc: 0.3390, TrLoss:  2.04069, VaAcc: 0.3245, VaLoss:  3.35585	 20 sampled NNs | VaAcc: 0.2923 +- 0.0289 | VaLoss: 1.8450 +- 0.0788
234,  0 | TrAcc: 0.3151, TrLoss:  2.08735, VaAcc: 0.3414, VaLoss:  3.30747	 20 sampled NNs | VaAcc: 0.2958 +- 0.0303 | VaLoss: 1.8161 +- 0.0462
235,  0 | TrAcc: 0.3132, TrLoss:  2.09255, VaAcc: 0.3560, VaLoss:  3.32592	 20 sampled NNs | VaAcc: 0.3054 +- 0.0264 | VaLoss: 1.8616 +- 0.0718
236,  0 | TrAcc: 0.3100, TrLoss:  2.07679, VaAcc: 0.3126, VaLoss:  3.36108	 20 sampled NNs | VaAcc: 0.2883 +- 0.0382 | VaLoss: 1.8575 +- 0.0851
237,  0 | TrAcc: 0.3229, TrLoss:  2.07980, VaAcc: 0.3402, VaLoss:  3.33207	 20 sampled NNs | VaAcc: 0.3142 +- 0.0318 | VaLoss: 1.8154 +- 0.0757
238,  0 | TrAcc: 0.3217, TrLoss:  2.09228, VaAcc: 0.3299, VaLoss:  3.36050	 20 sampled NNs | VaAcc: 0.2918 +- 0.0280 | VaLoss: 1.8366 +- 0.0694
239,  0 | TrAcc: 0.3363, TrLoss:  2.03855, VaAcc: 0.3530, VaLoss:  3.33372	 20 sampled NNs | VaAcc: 0.3109 +- 0.0250 | VaLoss: 1.7905 +- 0.0498
240,  0 | TrAcc: 0.2982, TrLoss:  2.07754, VaAcc: 0.3232, VaLoss:  3.33100	 20 sampled NNs | VaAcc: 0.2874 +- 0.0285 | VaLoss: 1.8269 +- 0.0420
241,  0 | TrAcc: 0.3109, TrLoss:  2.09670, VaAcc: 0.3257, VaLoss:  3.31828	 20 sampled NNs | VaAcc: 0.2807 +- 0.0278 | VaLoss: 1.8407 +- 0.0616
242,  0 | TrAcc: 0.3134, TrLoss:  2.07275, VaAcc: 0.3255, VaLoss:  3.35680	 20 sampled NNs | VaAcc: 0.2870 +- 0.0253 | VaLoss: 1.8444 +- 0.0688
243,  0 | TrAcc: 0.3249, TrLoss:  2.07319, VaAcc: 0.3307, VaLoss:  3.33323	 20 sampled NNs | VaAcc: 0.3014 +- 0.0268 | VaLoss: 1.8070 +- 0.0617
244,  0 | TrAcc: 0.2969, TrLoss:  2.08824, VaAcc: 0.3161, VaLoss:  3.33234	 20 sampled NNs | VaAcc: 0.2670 +- 0.0378 | VaLoss: 1.8551 +- 0.0957
245,  0 | TrAcc: 0.3400, TrLoss:  2.05695, VaAcc: 0.3541, VaLoss:  3.33175	 20 sampled NNs | VaAcc: 0.3173 +- 0.0311 | VaLoss: 1.8016 +- 0.0883
246,  0 | TrAcc: 0.3301, TrLoss:  2.04293, VaAcc: 0.3422, VaLoss:  3.36145	 20 sampled NNs | VaAcc: 0.2931 +- 0.0391 | VaLoss: 1.8348 +- 0.0675
247,  0 | TrAcc: 0.3226, TrLoss:  2.08131, VaAcc: 0.3351, VaLoss:  3.36067	 20 sampled NNs | VaAcc: 0.3002 +- 0.0297 | VaLoss: 1.8275 +- 0.0598
248,  0 | TrAcc: 0.3238, TrLoss:  2.08621, VaAcc: 0.3497, VaLoss:  3.33595	 20 sampled NNs | VaAcc: 0.3168 +- 0.0416 | VaLoss: 1.8250 +- 0.0826
249,  0 | TrAcc: 0.3126, TrLoss:  2.08052, VaAcc: 0.3247, VaLoss:  3.34021	 20 sampled NNs | VaAcc: 0.2863 +- 0.0303 | VaLoss: 1.8413 +- 0.0600
250,  0 | TrAcc: 0.3192, TrLoss:  2.09225, VaAcc: 0.3502, VaLoss:  3.31451	 20 sampled NNs | VaAcc: 0.3086 +- 0.0232 | VaLoss: 1.7960 +- 0.0654
251,  0 | TrAcc: 0.3182, TrLoss:  2.10830, VaAcc: 0.3579, VaLoss:  3.33068	 20 sampled NNs | VaAcc: 0.3151 +- 0.0386 | VaLoss: 1.8278 +- 0.0985
252,  0 | TrAcc: 0.3192, TrLoss:  2.09300, VaAcc: 0.3591, VaLoss:  3.32434	 20 sampled NNs | VaAcc: 0.3170 +- 0.0248 | VaLoss: 1.7956 +- 0.0590
253,  0 | TrAcc: 0.3115, TrLoss:  2.08986, VaAcc: 0.3211, VaLoss:  3.36845	 20 sampled NNs | VaAcc: 0.3024 +- 0.0224 | VaLoss: 1.8299 +- 0.0547
254,  0 | TrAcc: 0.3319, TrLoss:  2.10112, VaAcc: 0.3497, VaLoss:  3.34347	 20 sampled NNs | VaAcc: 0.3077 +- 0.0413 | VaLoss: 1.8407 +- 0.0997
255,  0 | TrAcc: 0.3113, TrLoss:  2.08843, VaAcc: 0.3398, VaLoss:  3.34144	 20 sampled NNs | VaAcc: 0.2973 +- 0.0254 | VaLoss: 1.8343 +- 0.0586
256,  0 | TrAcc: 0.3325, TrLoss:  2.03933, VaAcc: 0.3474, VaLoss:  3.35983	 20 sampled NNs | VaAcc: 0.3091 +- 0.0353 | VaLoss: 1.8457 +- 0.1092
257,  0 | TrAcc: 0.3205, TrLoss:  2.10141, VaAcc: 0.3224, VaLoss:  3.36341	 20 sampled NNs | VaAcc: 0.2961 +- 0.0357 | VaLoss: 1.8431 +- 0.0971
258,  0 | TrAcc: 0.3326, TrLoss:  2.05885, VaAcc: 0.3448, VaLoss:  3.34453	 20 sampled NNs | VaAcc: 0.3014 +- 0.0332 | VaLoss: 1.8160 +- 0.0568
259,  0 | TrAcc: 0.3114, TrLoss:  2.05480, VaAcc: 0.3431, VaLoss:  3.35886	 20 sampled NNs | VaAcc: 0.2988 +- 0.0344 | VaLoss: 1.8461 +- 0.1089
260,  0 | TrAcc: 0.3282, TrLoss:  2.05850, VaAcc: 0.3447, VaLoss:  3.37622	 20 sampled NNs | VaAcc: 0.3184 +- 0.0254 | VaLoss: 1.7970 +- 0.0471
261,  0 | TrAcc: 0.3455, TrLoss:  2.03615, VaAcc: 0.3503, VaLoss:  3.36324	 20 sampled NNs | VaAcc: 0.3106 +- 0.0328 | VaLoss: 1.8144 +- 0.0618
262,  0 | TrAcc: 0.3352, TrLoss:  2.05983, VaAcc: 0.3398, VaLoss:  3.36032	 20 sampled NNs | VaAcc: 0.2976 +- 0.0384 | VaLoss: 1.8087 +- 0.0448
263,  0 | TrAcc: 0.3048, TrLoss:  2.10027, VaAcc: 0.3259, VaLoss:  3.36916	 20 sampled NNs | VaAcc: 0.2961 +- 0.0293 | VaLoss: 1.8318 +- 0.0732
264,  0 | TrAcc: 0.3267, TrLoss:  2.04507, VaAcc: 0.3427, VaLoss:  3.35170	 20 sampled NNs | VaAcc: 0.3066 +- 0.0313 | VaLoss: 1.8190 +- 0.0697
265,  0 | TrAcc: 0.3250, TrLoss:  2.08678, VaAcc: 0.3396, VaLoss:  3.37509	 20 sampled NNs | VaAcc: 0.2988 +- 0.0346 | VaLoss: 1.8343 +- 0.1058
266,  0 | TrAcc: 0.3307, TrLoss:  2.09057, VaAcc: 0.3465, VaLoss:  3.33399	 20 sampled NNs | VaAcc: 0.3110 +- 0.0378 | VaLoss: 1.8167 +- 0.0800
267,  0 | TrAcc: 0.3066, TrLoss:  2.08109, VaAcc: 0.3482, VaLoss:  3.34608	 20 sampled NNs | VaAcc: 0.2945 +- 0.0320 | VaLoss: 1.8237 +- 0.0731
268,  0 | TrAcc: 0.3014, TrLoss:  2.11582, VaAcc: 0.3460, VaLoss:  3.36720	 20 sampled NNs | VaAcc: 0.2998 +- 0.0414 | VaLoss: 1.8539 +- 0.1239
269,  0 | TrAcc: 0.3399, TrLoss:  2.05874, VaAcc: 0.3470, VaLoss:  3.36624	 20 sampled NNs | VaAcc: 0.3268 +- 0.0298 | VaLoss: 1.7953 +- 0.0730
270,  0 | TrAcc: 0.3203, TrLoss:  2.07175, VaAcc: 0.3494, VaLoss:  3.35149	 20 sampled NNs | VaAcc: 0.3160 +- 0.0288 | VaLoss: 1.8107 +- 0.0840
271,  0 | TrAcc: 0.3343, TrLoss:  2.04708, VaAcc: 0.3477, VaLoss:  3.36447	 20 sampled NNs | VaAcc: 0.2970 +- 0.0420 | VaLoss: 1.8567 +- 0.1222
272,  0 | TrAcc: 0.3436, TrLoss:  2.07510, VaAcc: 0.3563, VaLoss:  3.39008	 20 sampled NNs | VaAcc: 0.3117 +- 0.0381 | VaLoss: 1.8212 +- 0.0805
273,  0 | TrAcc: 0.3344, TrLoss:  2.01475, VaAcc: 0.3588, VaLoss:  3.36226	 20 sampled NNs | VaAcc: 0.3079 +- 0.0288 | VaLoss: 1.7908 +- 0.0623
274,  0 | TrAcc: 0.3251, TrLoss:  2.08792, VaAcc: 0.3576, VaLoss:  3.34656	 20 sampled NNs | VaAcc: 0.3240 +- 0.0275 | VaLoss: 1.7691 +- 0.0868
275,  0 | TrAcc: 0.3466, TrLoss:  2.04133, VaAcc: 0.3591, VaLoss:  3.34038	 20 sampled NNs | VaAcc: 0.3192 +- 0.0378 | VaLoss: 1.8126 +- 0.0841
276,  0 | TrAcc: 0.3318, TrLoss:  2.06485, VaAcc: 0.3377, VaLoss:  3.36045	 20 sampled NNs | VaAcc: 0.3027 +- 0.0318 | VaLoss: 1.8082 +- 0.0785
277,  0 | TrAcc: 0.3157, TrLoss:  2.07823, VaAcc: 0.3356, VaLoss:  3.35926	 20 sampled NNs | VaAcc: 0.2906 +- 0.0278 | VaLoss: 1.8402 +- 0.0686
278,  0 | TrAcc: 0.3399, TrLoss:  2.06383, VaAcc: 0.3362, VaLoss:  3.38537	 20 sampled NNs | VaAcc: 0.2943 +- 0.0253 | VaLoss: 1.8481 +- 0.0598
279,  0 | TrAcc: 0.3298, TrLoss:  2.03803, VaAcc: 0.3457, VaLoss:  3.36151	 20 sampled NNs | VaAcc: 0.3100 +- 0.0284 | VaLoss: 1.8067 +- 0.0821
280,  0 | TrAcc: 0.3224, TrLoss:  2.05884, VaAcc: 0.3278, VaLoss:  3.37387	 20 sampled NNs | VaAcc: 0.2820 +- 0.0341 | VaLoss: 1.8584 +- 0.0647
281,  0 | TrAcc: 0.3411, TrLoss:  2.05055, VaAcc: 0.3389, VaLoss:  3.36702	 20 sampled NNs | VaAcc: 0.2932 +- 0.0333 | VaLoss: 1.8391 +- 0.0612
282,  0 | TrAcc: 0.3443, TrLoss:  2.03184, VaAcc: 0.3375, VaLoss:  3.38094	 20 sampled NNs | VaAcc: 0.2897 +- 0.0334 | VaLoss: 1.8608 +- 0.0883
283,  0 | TrAcc: 0.3365, TrLoss:  2.05810, VaAcc: 0.3551, VaLoss:  3.36386	 20 sampled NNs | VaAcc: 0.3118 +- 0.0262 | VaLoss: 1.8036 +- 0.0514
284,  0 | TrAcc: 0.3375, TrLoss:  2.02159, VaAcc: 0.3495, VaLoss:  3.39537	 20 sampled NNs | VaAcc: 0.3088 +- 0.0457 | VaLoss: 1.7946 +- 0.1118
285,  0 | TrAcc: 0.3204, TrLoss:  2.10777, VaAcc: 0.3528, VaLoss:  3.38277	 20 sampled NNs | VaAcc: 0.3185 +- 0.0287 | VaLoss: 1.8267 +- 0.0657
286,  0 | TrAcc: 0.3306, TrLoss:  2.05688, VaAcc: 0.3460, VaLoss:  3.36487	 20 sampled NNs | VaAcc: 0.3129 +- 0.0361 | VaLoss: 1.8155 +- 0.0786
287,  0 | TrAcc: 0.3065, TrLoss:  2.05227, VaAcc: 0.3383, VaLoss:  3.35954	 20 sampled NNs | VaAcc: 0.2921 +- 0.0333 | VaLoss: 1.8195 +- 0.0651
288,  0 | TrAcc: 0.3278, TrLoss:  2.05532, VaAcc: 0.3506, VaLoss:  3.36361	 20 sampled NNs | VaAcc: 0.3052 +- 0.0434 | VaLoss: 1.8068 +- 0.0631
289,  0 | TrAcc: 0.3385, TrLoss:  2.05258, VaAcc: 0.3362, VaLoss:  3.39629	 20 sampled NNs | VaAcc: 0.3035 +- 0.0312 | VaLoss: 1.8358 +- 0.0670
290,  0 | TrAcc: 0.3190, TrLoss:  2.07767, VaAcc: 0.3519, VaLoss:  3.35173	 20 sampled NNs | VaAcc: 0.3099 +- 0.0280 | VaLoss: 1.8127 +- 0.0735
291,  0 | TrAcc: 0.3284, TrLoss:  2.07603, VaAcc: 0.3330, VaLoss:  3.39158	 20 sampled NNs | VaAcc: 0.2968 +- 0.0508 | VaLoss: 1.8528 +- 0.1418
292,  0 | TrAcc: 0.3292, TrLoss:  2.04950, VaAcc: 0.3488, VaLoss:  3.35770	 20 sampled NNs | VaAcc: 0.3064 +- 0.0333 | VaLoss: 1.8073 +- 0.1040
293,  0 | TrAcc: 0.3398, TrLoss:  2.07874, VaAcc: 0.3541, VaLoss:  3.37087	 20 sampled NNs | VaAcc: 0.3262 +- 0.0324 | VaLoss: 1.7823 +- 0.0714
294,  0 | TrAcc: 0.3640, TrLoss:  2.01611, VaAcc: 0.3553, VaLoss:  3.37886	 20 sampled NNs | VaAcc: 0.2917 +- 0.0390 | VaLoss: 1.8272 +- 0.0743
295,  0 | TrAcc: 0.3396, TrLoss:  2.07378, VaAcc: 0.3495, VaLoss:  3.35858	 20 sampled NNs | VaAcc: 0.3194 +- 0.0335 | VaLoss: 1.7894 +- 0.0600
296,  0 | TrAcc: 0.3112, TrLoss:  2.09027, VaAcc: 0.3152, VaLoss:  3.39814	 20 sampled NNs | VaAcc: 0.2904 +- 0.0300 | VaLoss: 1.8446 +- 0.0610
297,  0 | TrAcc: 0.3401, TrLoss:  2.04064, VaAcc: 0.3497, VaLoss:  3.35470	 20 sampled NNs | VaAcc: 0.3117 +- 0.0385 | VaLoss: 1.7943 +- 0.0802
298,  0 | TrAcc: 0.3314, TrLoss:  2.05530, VaAcc: 0.3414, VaLoss:  3.34869	 20 sampled NNs | VaAcc: 0.3043 +- 0.0599 | VaLoss: 1.8397 +- 0.2095
299,  0 | TrAcc: 0.3420, TrLoss:  2.06960, VaAcc: 0.3741, VaLoss:  3.35288	 20 sampled NNs | VaAcc: 0.3325 +- 0.0328 | VaLoss: 1.8075 +- 0.1048
34202.184084
----------------------------
