

config:

HOME=/clusterFS/home/student/kopp13
PATH=/clusterFS/home/student/kopp13/miniconda3/envs/tensorflow/bin:/clusterFS/home/student/kopp13/miniconda3/bin:/clusterFS/home/student/kopp13/bin:/usr/local/bin:/usr/bin:/bin:/usr/local/games:/usr/games
LD_LIBRARY_PATH=
THEANO_FLAGS=floatX=float32,gpuarray.preallocate=0.9,dnn.library_path=/usr/lib/x86_64-linux-gnu,cxx=clang++-3.8,device=cuda,base_compiledir=/tmp/tmp.7fM6ogihNS

=============================
CONFIG FILE

RNN CONFIG
{'data_multiplier': 0.1,
 'gradient_clip_value': 0.5,
 'layer_configs': [{'layer_type': 'input'},
                   {'bc': {'init_m': 'xavier',
                           'init_v': -4.5,
                           'prior_m': 0.0,
                           'prior_v': 0.0,
                           'type': 'continuous'},
                    'bf': {'init_m': 'xavier',
                           'init_v': -4.5,
                           'prior_m': 0.0,
                           'prior_v': 0.0,
                           'type': 'continuous'},
                    'bi': {'init_m': 'xavier',
                           'init_v': -4.5,
                           'prior_m': 0.0,
                           'prior_v': 0.0,
                           'type': 'continuous'},
                    'bo': {'init_m': 'xavier',
                           'init_v': -4.5,
                           'prior_m': 0.0,
                           'prior_v': 0.0,
                           'type': 'continuous'},
                    'init_config': {'c': {'b': 'all_zero', 'w': 'xavier'},
                                    'f': {'b': 'all_one', 'w': 'all_zero'},
                                    'i': {'b': 'all_zero', 'w': 'xavier'},
                                    'o': {'b': 'all_zero', 'w': 'xavier'}},
                    'is_output': False,
                    'is_recurrent': True,
                    'layer_type': 'lstm',
                    'tau': 0.5,
                    'var_scope': 'lstm_0',
                    'wc': {'p0max': 0.95,
                           'p0min': 0.05,
                           'pmax': 0.99,
                           'pmin': 0.01,
                           'priors': [0.2, 0.6, 0.2],
                           'type': 'ternary'},
                    'wf': {'p0max': 0.95,
                           'p0min': 0.05,
                           'pmax': 0.99,
                           'pmin': 0.01,
                           'priors': [0.2, 0.6, 0.2],
                           'type': 'ternary'},
                    'wi': {'p0max': 0.95,
                           'p0min': 0.05,
                           'pmax': 0.99,
                           'pmin': 0.01,
                           'priors': [0.2, 0.6, 0.2],
                           'type': 'ternary'},
                    'wo': {'p0max': 0.95,
                           'p0min': 0.05,
                           'pmax': 0.99,
                           'pmin': 0.01,
                           'priors': [0.2, 0.6, 0.2],
                           'type': 'ternary'}},
                   {'bc': {'init_m': 'xavier',
                           'init_v': -4.5,
                           'prior_m': 0.0,
                           'prior_v': 0.0,
                           'type': 'continuous'},
                    'bf': {'init_m': 'xavier',
                           'init_v': -4.5,
                           'prior_m': 0.0,
                           'prior_v': 0.0,
                           'type': 'continuous'},
                    'bi': {'init_m': 'xavier',
                           'init_v': -4.5,
                           'prior_m': 0.0,
                           'prior_v': 0.0,
                           'type': 'continuous'},
                    'bo': {'init_m': 'xavier',
                           'init_v': -4.5,
                           'prior_m': 0.0,
                           'prior_v': 0.0,
                           'type': 'continuous'},
                    'init_config': {'c': {'b': 'all_zero', 'w': 'xavier'},
                                    'f': {'b': 'all_one', 'w': 'all_zero'},
                                    'i': {'b': 'all_zero', 'w': 'xavier'},
                                    'o': {'b': 'all_zero', 'w': 'xavier'}},
                    'is_output': False,
                    'is_recurrent': True,
                    'layer_type': 'lstm',
                    'tau': 0.5,
                    'var_scope': 'lstm_1',
                    'wc': {'p0max': 0.95,
                           'p0min': 0.05,
                           'pmax': 0.99,
                           'pmin': 0.01,
                           'priors': [0.2, 0.6, 0.2],
                           'type': 'ternary'},
                    'wf': {'p0max': 0.95,
                           'p0min': 0.05,
                           'pmax': 0.99,
                           'pmin': 0.01,
                           'priors': [0.2, 0.6, 0.2],
                           'type': 'ternary'},
                    'wi': {'p0max': 0.95,
                           'p0min': 0.05,
                           'pmax': 0.99,
                           'pmin': 0.01,
                           'priors': [0.2, 0.6, 0.2],
                           'type': 'ternary'},
                    'wo': {'p0max': 0.95,
                           'p0min': 0.05,
                           'pmax': 0.99,
                           'pmin': 0.01,
                           'priors': [0.2, 0.6, 0.2],
                           'type': 'ternary'}},
                   {'b': {'init_m': 'xavier',
                          'init_v': -4.5,
                          'prior_m': 0.0,
                          'prior_v': 0.0,
                          'type': 'continuous'},
                    'is_output': True,
                    'is_recurrent': False,
                    'layer_type': 'fc',
                    'regularization': {'mode': None, 'strength': 0.02},
                    'tau': 0.5,
                    'var_scope': 'output_layer',
                    'w': {'p0max': 0.95,
                          'p0min': 0.05,
                          'pmax': 0.99,
                          'pmin': 0.01,
                          'priors': [0.2, 0.6, 0.2],
                          'type': 'ternary'}}],
 'layout': [4, 60, 60, 10],
 'output_type': 'classification'}

DATA CONFIG
{'dataset': 'red_penstroke',
 'tr': {'in_seq_len': 30,
        'minibatch_enabled': True,
        'minibatch_size': 200,
        'out_seq_len': 5,
        'zero_padding': 20},
 'va': {'in_seq_len': 30,
        'minibatch_enabled': True,
        'minibatch_size': 200,
        'out_seq_len': 5,
        'zero_padding': 20}}

TRAINING CONFIG
{'beta_reg': 0.0,
 'is_pretrain': False,
 'learning_rate': 0.002,
 'mode': {'max_epochs': 300, 'min_error': 0.0, 'name': 'classic'},
 'task_id': 2,
 'type': 'g_sampling',
 'var_reg': 0.01}
==============================


  0,  0 | TrAcc: 0.1026, TrLoss:  4.86516, VaAcc: 0.0983, VaLoss:  8.84401	 20 sampled NNs | VaAcc: 0.0996 +- 0.0228 | VaLoss: 3.9916 +- 0.9246
  1,  0 | TrAcc: 0.1342, TrLoss:  3.20725, VaAcc: 0.1199, VaLoss:  6.99877	 20 sampled NNs | VaAcc: 0.1174 +- 0.0182 | VaLoss: 2.3937 +- 0.0750
  2,  0 | TrAcc: 0.1344, TrLoss:  3.14703, VaAcc: 0.1184, VaLoss:  6.82809	 20 sampled NNs | VaAcc: 0.1215 +- 0.0241 | VaLoss: 2.3094 +- 0.0657
  3,  0 | TrAcc: 0.1587, TrLoss:  3.09905, VaAcc: 0.1228, VaLoss:  6.73142	 20 sampled NNs | VaAcc: 0.1142 +- 0.0280 | VaLoss: 2.2974 +- 0.0310
  4,  0 | TrAcc: 0.1487, TrLoss:  3.10953, VaAcc: 0.1177, VaLoss:  6.63407	 20 sampled NNs | VaAcc: 0.1057 +- 0.0190 | VaLoss: 2.3269 +- 0.0371
  5,  0 | TrAcc: 0.1483, TrLoss:  3.06903, VaAcc: 0.1200, VaLoss:  6.46135	 20 sampled NNs | VaAcc: 0.1219 +- 0.0098 | VaLoss: 2.2968 +- 0.0313
  6,  0 | TrAcc: 0.1446, TrLoss:  2.99654, VaAcc: 0.1263, VaLoss:  6.23130	 20 sampled NNs | VaAcc: 0.1213 +- 0.0166 | VaLoss: 2.2935 +- 0.0412
  7,  0 | TrAcc: 0.1573, TrLoss:  2.92478, VaAcc: 0.1321, VaLoss:  5.95216	 20 sampled NNs | VaAcc: 0.1224 +- 0.0208 | VaLoss: 2.3047 +- 0.0611
  8,  0 | TrAcc: 0.1617, TrLoss:  2.83712, VaAcc: 0.1447, VaLoss:  5.61417	 20 sampled NNs | VaAcc: 0.1339 +- 0.0279 | VaLoss: 2.2528 +- 0.0420
  9,  0 | TrAcc: 0.1977, TrLoss:  2.71987, VaAcc: 0.1743, VaLoss:  5.30830	 20 sampled NNs | VaAcc: 0.1574 +- 0.0222 | VaLoss: 2.2402 +- 0.0398
 10,  0 | TrAcc: 0.1929, TrLoss:  2.69826, VaAcc: 0.1849, VaLoss:  5.03042	 20 sampled NNs | VaAcc: 0.1669 +- 0.0183 | VaLoss: 2.2293 +- 0.0525
 11,  0 | TrAcc: 0.2085, TrLoss:  2.61606, VaAcc: 0.2025, VaLoss:  4.75042	 20 sampled NNs | VaAcc: 0.1711 +- 0.0280 | VaLoss: 2.1819 +- 0.0605
 12,  0 | TrAcc: 0.2186, TrLoss:  2.54231, VaAcc: 0.1981, VaLoss:  4.56728	 20 sampled NNs | VaAcc: 0.1876 +- 0.0255 | VaLoss: 2.1660 +- 0.0820
 13,  0 | TrAcc: 0.2328, TrLoss:  2.47058, VaAcc: 0.1923, VaLoss:  4.43156	 20 sampled NNs | VaAcc: 0.1646 +- 0.0222 | VaLoss: 2.1925 +- 0.0465
 14,  0 | TrAcc: 0.2556, TrLoss:  2.39515, VaAcc: 0.2621, VaLoss:  4.16306	 20 sampled NNs | VaAcc: 0.2230 +- 0.0335 | VaLoss: 2.0602 +- 0.0760
 15,  0 | TrAcc: 0.2839, TrLoss:  2.27823, VaAcc: 0.2727, VaLoss:  4.03940	 20 sampled NNs | VaAcc: 0.2377 +- 0.0321 | VaLoss: 2.0069 +- 0.0824
 16,  0 | TrAcc: 0.2839, TrLoss:  2.26875, VaAcc: 0.2750, VaLoss:  3.91927	 20 sampled NNs | VaAcc: 0.2373 +- 0.0263 | VaLoss: 2.0024 +- 0.0703
 17,  0 | TrAcc: 0.2997, TrLoss:  2.19979, VaAcc: 0.2841, VaLoss:  3.80127	 20 sampled NNs | VaAcc: 0.2486 +- 0.0371 | VaLoss: 1.9434 +- 0.0589
 18,  0 | TrAcc: 0.3077, TrLoss:  2.16305, VaAcc: 0.2925, VaLoss:  3.69740	 20 sampled NNs | VaAcc: 0.2598 +- 0.0281 | VaLoss: 1.9311 +- 0.0794
 19,  0 | TrAcc: 0.3577, TrLoss:  2.07138, VaAcc: 0.3021, VaLoss:  3.62860	 20 sampled NNs | VaAcc: 0.2562 +- 0.0358 | VaLoss: 1.9428 +- 0.1007
 20,  0 | TrAcc: 0.3520, TrLoss:  2.08302, VaAcc: 0.3235, VaLoss:  3.51913	 20 sampled NNs | VaAcc: 0.2886 +- 0.0481 | VaLoss: 1.8635 +- 0.1136
 21,  0 | TrAcc: 0.3744, TrLoss:  2.00185, VaAcc: 0.3467, VaLoss:  3.45590	 20 sampled NNs | VaAcc: 0.3110 +- 0.0367 | VaLoss: 1.8159 +- 0.0789
 22,  0 | TrAcc: 0.3935, TrLoss:  1.95205, VaAcc: 0.3865, VaLoss:  3.34558	 20 sampled NNs | VaAcc: 0.3125 +- 0.0378 | VaLoss: 1.8156 +- 0.0919
 23,  0 | TrAcc: 0.3879, TrLoss:  1.93444, VaAcc: 0.3647, VaLoss:  3.31972	 20 sampled NNs | VaAcc: 0.2924 +- 0.0352 | VaLoss: 1.8376 +- 0.0653
 24,  0 | TrAcc: 0.3975, TrLoss:  1.91366, VaAcc: 0.3771, VaLoss:  3.26397	 20 sampled NNs | VaAcc: 0.3332 +- 0.0324 | VaLoss: 1.7617 +- 0.0678
 25,  0 | TrAcc: 0.4028, TrLoss:  1.89779, VaAcc: 0.3645, VaLoss:  3.24848	 20 sampled NNs | VaAcc: 0.3325 +- 0.0359 | VaLoss: 1.7467 +- 0.0986
 26,  0 | TrAcc: 0.4113, TrLoss:  1.89130, VaAcc: 0.3854, VaLoss:  3.17826	 20 sampled NNs | VaAcc: 0.3307 +- 0.0433 | VaLoss: 1.7337 +- 0.0784
 27,  0 | TrAcc: 0.4405, TrLoss:  1.82351, VaAcc: 0.3904, VaLoss:  3.16237	 20 sampled NNs | VaAcc: 0.3305 +- 0.0380 | VaLoss: 1.7595 +- 0.0822
 28,  0 | TrAcc: 0.4364, TrLoss:  1.78578, VaAcc: 0.4050, VaLoss:  3.09466	 20 sampled NNs | VaAcc: 0.3556 +- 0.0286 | VaLoss: 1.6761 +- 0.0882
 29,  0 | TrAcc: 0.4547, TrLoss:  1.78918, VaAcc: 0.4472, VaLoss:  3.01603	 20 sampled NNs | VaAcc: 0.3772 +- 0.0439 | VaLoss: 1.6596 +- 0.1568
 30,  0 | TrAcc: 0.4484, TrLoss:  1.78665, VaAcc: 0.4282, VaLoss:  3.01450	 20 sampled NNs | VaAcc: 0.3722 +- 0.0281 | VaLoss: 1.6303 +- 0.0760
 31,  0 | TrAcc: 0.4468, TrLoss:  1.79509, VaAcc: 0.4365, VaLoss:  2.98521	 20 sampled NNs | VaAcc: 0.4022 +- 0.0407 | VaLoss: 1.5833 +- 0.0696
 32,  0 | TrAcc: 0.4400, TrLoss:  1.82779, VaAcc: 0.4617, VaLoss:  2.95414	 20 sampled NNs | VaAcc: 0.4327 +- 0.0331 | VaLoss: 1.5891 +- 0.1482
 33,  0 | TrAcc: 0.4603, TrLoss:  1.75175, VaAcc: 0.4355, VaLoss:  2.95197	 20 sampled NNs | VaAcc: 0.4054 +- 0.0438 | VaLoss: 1.5602 +- 0.0735
 34,  0 | TrAcc: 0.4816, TrLoss:  1.66737, VaAcc: 0.4754, VaLoss:  2.88755	 20 sampled NNs | VaAcc: 0.4129 +- 0.0348 | VaLoss: 1.5485 +- 0.0552
 35,  0 | TrAcc: 0.4807, TrLoss:  1.69438, VaAcc: 0.4777, VaLoss:  2.86213	 20 sampled NNs | VaAcc: 0.4047 +- 0.0516 | VaLoss: 1.5624 +- 0.0964
 36,  0 | TrAcc: 0.5058, TrLoss:  1.65761, VaAcc: 0.4830, VaLoss:  2.84891	 20 sampled NNs | VaAcc: 0.4357 +- 0.0350 | VaLoss: 1.5105 +- 0.0802
 37,  0 | TrAcc: 0.4763, TrLoss:  1.70877, VaAcc: 0.4917, VaLoss:  2.83482	 20 sampled NNs | VaAcc: 0.4258 +- 0.0399 | VaLoss: 1.5608 +- 0.1011
 38,  0 | TrAcc: 0.4759, TrLoss:  1.68384, VaAcc: 0.4831, VaLoss:  2.82555	 20 sampled NNs | VaAcc: 0.4284 +- 0.0375 | VaLoss: 1.5148 +- 0.0682
 39,  0 | TrAcc: 0.4976, TrLoss:  1.62127, VaAcc: 0.4881, VaLoss:  2.82524	 20 sampled NNs | VaAcc: 0.4198 +- 0.0406 | VaLoss: 1.5803 +- 0.1170
 40,  0 | TrAcc: 0.5123, TrLoss:  1.62531, VaAcc: 0.4904, VaLoss:  2.80155	 20 sampled NNs | VaAcc: 0.4327 +- 0.0312 | VaLoss: 1.5194 +- 0.0738
 41,  0 | TrAcc: 0.5093, TrLoss:  1.62724, VaAcc: 0.5086, VaLoss:  2.78467	 20 sampled NNs | VaAcc: 0.4514 +- 0.0317 | VaLoss: 1.5022 +- 0.0807
 42,  0 | TrAcc: 0.5096, TrLoss:  1.61662, VaAcc: 0.4975, VaLoss:  2.79981	 20 sampled NNs | VaAcc: 0.4485 +- 0.0317 | VaLoss: 1.4885 +- 0.0809
 43,  0 | TrAcc: 0.5351, TrLoss:  1.55601, VaAcc: 0.5047, VaLoss:  2.74749	 20 sampled NNs | VaAcc: 0.4466 +- 0.0407 | VaLoss: 1.4689 +- 0.1042
 44,  0 | TrAcc: 0.5142, TrLoss:  1.62429, VaAcc: 0.5069, VaLoss:  2.76481	 20 sampled NNs | VaAcc: 0.4699 +- 0.0296 | VaLoss: 1.4409 +- 0.0900
 45,  0 | TrAcc: 0.5243, TrLoss:  1.61657, VaAcc: 0.4943, VaLoss:  2.78516	 20 sampled NNs | VaAcc: 0.4464 +- 0.0322 | VaLoss: 1.4883 +- 0.0578
 46,  0 | TrAcc: 0.5522, TrLoss:  1.53475, VaAcc: 0.5172, VaLoss:  2.73410	 20 sampled NNs | VaAcc: 0.4487 +- 0.0336 | VaLoss: 1.4639 +- 0.0735
 47,  0 | TrAcc: 0.5556, TrLoss:  1.52140, VaAcc: 0.5382, VaLoss:  2.71635	 20 sampled NNs | VaAcc: 0.4785 +- 0.0520 | VaLoss: 1.4417 +- 0.1044
 48,  0 | TrAcc: 0.5571, TrLoss:  1.48643, VaAcc: 0.5113, VaLoss:  2.72534	 20 sampled NNs | VaAcc: 0.4698 +- 0.0307 | VaLoss: 1.4166 +- 0.0640
 49,  0 | TrAcc: 0.5449, TrLoss:  1.56788, VaAcc: 0.5238, VaLoss:  2.72379	 20 sampled NNs | VaAcc: 0.4635 +- 0.0244 | VaLoss: 1.4251 +- 0.0452
 50,  0 | TrAcc: 0.5537, TrLoss:  1.51023, VaAcc: 0.5284, VaLoss:  2.73838	 20 sampled NNs | VaAcc: 0.4644 +- 0.0297 | VaLoss: 1.4544 +- 0.0776
 51,  0 | TrAcc: 0.5473, TrLoss:  1.55378, VaAcc: 0.5173, VaLoss:  2.72955	 20 sampled NNs | VaAcc: 0.4611 +- 0.0373 | VaLoss: 1.4548 +- 0.0916
 52,  0 | TrAcc: 0.5675, TrLoss:  1.50129, VaAcc: 0.5195, VaLoss:  2.74641	 20 sampled NNs | VaAcc: 0.4672 +- 0.0239 | VaLoss: 1.4389 +- 0.0522
 53,  0 | TrAcc: 0.5511, TrLoss:  1.50257, VaAcc: 0.5307, VaLoss:  2.69464	 20 sampled NNs | VaAcc: 0.4675 +- 0.0374 | VaLoss: 1.4034 +- 0.0963
 54,  0 | TrAcc: 0.5613, TrLoss:  1.52861, VaAcc: 0.5460, VaLoss:  2.69368	 20 sampled NNs | VaAcc: 0.4756 +- 0.0356 | VaLoss: 1.4117 +- 0.0757
 55,  0 | TrAcc: 0.5615, TrLoss:  1.51175, VaAcc: 0.5387, VaLoss:  2.70550	 20 sampled NNs | VaAcc: 0.4853 +- 0.0432 | VaLoss: 1.4104 +- 0.1347
 56,  0 | TrAcc: 0.5427, TrLoss:  1.54960, VaAcc: 0.5462, VaLoss:  2.68923	 20 sampled NNs | VaAcc: 0.4883 +- 0.0310 | VaLoss: 1.3743 +- 0.0894
 57,  0 | TrAcc: 0.5884, TrLoss:  1.43691, VaAcc: 0.5656, VaLoss:  2.65764	 20 sampled NNs | VaAcc: 0.5128 +- 0.0361 | VaLoss: 1.3448 +- 0.0577
 58,  0 | TrAcc: 0.5919, TrLoss:  1.40678, VaAcc: 0.5616, VaLoss:  2.66957	 20 sampled NNs | VaAcc: 0.5098 +- 0.0233 | VaLoss: 1.3574 +- 0.0776
 59,  0 | TrAcc: 0.5804, TrLoss:  1.46405, VaAcc: 0.5580, VaLoss:  2.68225	 20 sampled NNs | VaAcc: 0.5011 +- 0.0357 | VaLoss: 1.3570 +- 0.0845
 60,  0 | TrAcc: 0.6049, TrLoss:  1.38734, VaAcc: 0.5733, VaLoss:  2.66205	 20 sampled NNs | VaAcc: 0.5250 +- 0.0344 | VaLoss: 1.3360 +- 0.1064
 61,  0 | TrAcc: 0.6066, TrLoss:  1.39332, VaAcc: 0.5738, VaLoss:  2.64733	 20 sampled NNs | VaAcc: 0.5083 +- 0.0328 | VaLoss: 1.3588 +- 0.0882
 62,  0 | TrAcc: 0.6023, TrLoss:  1.39319, VaAcc: 0.5435, VaLoss:  2.72603	 20 sampled NNs | VaAcc: 0.4719 +- 0.0294 | VaLoss: 1.4292 +- 0.0843
 63,  0 | TrAcc: 0.5836, TrLoss:  1.45682, VaAcc: 0.5768, VaLoss:  2.67558	 20 sampled NNs | VaAcc: 0.5110 +- 0.0335 | VaLoss: 1.3495 +- 0.0714
 64,  0 | TrAcc: 0.5886, TrLoss:  1.47888, VaAcc: 0.5749, VaLoss:  2.68401	 20 sampled NNs | VaAcc: 0.5237 +- 0.0296 | VaLoss: 1.3222 +- 0.0807
 65,  0 | TrAcc: 0.6089, TrLoss:  1.41746, VaAcc: 0.5725, VaLoss:  2.68914	 20 sampled NNs | VaAcc: 0.5334 +- 0.0303 | VaLoss: 1.3027 +- 0.0913
 66,  0 | TrAcc: 0.5944, TrLoss:  1.43201, VaAcc: 0.5861, VaLoss:  2.65352	 20 sampled NNs | VaAcc: 0.5363 +- 0.0237 | VaLoss: 1.2802 +- 0.0380
 67,  0 | TrAcc: 0.6101, TrLoss:  1.40429, VaAcc: 0.5671, VaLoss:  2.68718	 20 sampled NNs | VaAcc: 0.5206 +- 0.0255 | VaLoss: 1.3171 +- 0.0699
 68,  0 | TrAcc: 0.6172, TrLoss:  1.39307, VaAcc: 0.5741, VaLoss:  2.68235	 20 sampled NNs | VaAcc: 0.5149 +- 0.0307 | VaLoss: 1.3339 +- 0.0882
 69,  0 | TrAcc: 0.5915, TrLoss:  1.43457, VaAcc: 0.5713, VaLoss:  2.70780	 20 sampled NNs | VaAcc: 0.5202 +- 0.0232 | VaLoss: 1.3294 +- 0.0577
 70,  0 | TrAcc: 0.5797, TrLoss:  1.46889, VaAcc: 0.5921, VaLoss:  2.68429	 20 sampled NNs | VaAcc: 0.5262 +- 0.0242 | VaLoss: 1.3216 +- 0.0753
 71,  0 | TrAcc: 0.6200, TrLoss:  1.38870, VaAcc: 0.5935, VaLoss:  2.67141	 20 sampled NNs | VaAcc: 0.5450 +- 0.0254 | VaLoss: 1.2860 +- 0.0676
 72,  0 | TrAcc: 0.6305, TrLoss:  1.37947, VaAcc: 0.5759, VaLoss:  2.69819	 20 sampled NNs | VaAcc: 0.5250 +- 0.0327 | VaLoss: 1.3211 +- 0.0784
 73,  0 | TrAcc: 0.6145, TrLoss:  1.41612, VaAcc: 0.5706, VaLoss:  2.71577	 20 sampled NNs | VaAcc: 0.5220 +- 0.0302 | VaLoss: 1.3428 +- 0.0617
 74,  0 | TrAcc: 0.6271, TrLoss:  1.33276, VaAcc: 0.5750, VaLoss:  2.70711	 20 sampled NNs | VaAcc: 0.5136 +- 0.0320 | VaLoss: 1.3579 +- 0.0951
 75,  0 | TrAcc: 0.6120, TrLoss:  1.41546, VaAcc: 0.5890, VaLoss:  2.68167	 20 sampled NNs | VaAcc: 0.5397 +- 0.0283 | VaLoss: 1.2822 +- 0.0569
 76,  0 | TrAcc: 0.6162, TrLoss:  1.37267, VaAcc: 0.5961, VaLoss:  2.66132	 20 sampled NNs | VaAcc: 0.5483 +- 0.0260 | VaLoss: 1.2555 +- 0.0696
 77,  0 | TrAcc: 0.6119, TrLoss:  1.36780, VaAcc: 0.5795, VaLoss:  2.69734	 20 sampled NNs | VaAcc: 0.5361 +- 0.0298 | VaLoss: 1.2943 +- 0.0743
 78,  0 | TrAcc: 0.6273, TrLoss:  1.33966, VaAcc: 0.5867, VaLoss:  2.70733	 20 sampled NNs | VaAcc: 0.5387 +- 0.0336 | VaLoss: 1.3047 +- 0.0857
 79,  0 | TrAcc: 0.6145, TrLoss:  1.41348, VaAcc: 0.5986, VaLoss:  2.67622	 20 sampled NNs | VaAcc: 0.5634 +- 0.0394 | VaLoss: 1.2450 +- 0.1012
 80,  0 | TrAcc: 0.6337, TrLoss:  1.33933, VaAcc: 0.5859, VaLoss:  2.70303	 20 sampled NNs | VaAcc: 0.5456 +- 0.0348 | VaLoss: 1.2880 +- 0.0756
 81,  0 | TrAcc: 0.6227, TrLoss:  1.36194, VaAcc: 0.5872, VaLoss:  2.70373	 20 sampled NNs | VaAcc: 0.5333 +- 0.0360 | VaLoss: 1.3210 +- 0.0981
 82,  0 | TrAcc: 0.6377, TrLoss:  1.34927, VaAcc: 0.5951, VaLoss:  2.67360	 20 sampled NNs | VaAcc: 0.5550 +- 0.0325 | VaLoss: 1.2312 +- 0.0858
 83,  0 | TrAcc: 0.6297, TrLoss:  1.35715, VaAcc: 0.6061, VaLoss:  2.67285	 20 sampled NNs | VaAcc: 0.5584 +- 0.0298 | VaLoss: 1.2531 +- 0.0783
 84,  0 | TrAcc: 0.6367, TrLoss:  1.31643, VaAcc: 0.5971, VaLoss:  2.67278	 20 sampled NNs | VaAcc: 0.5533 +- 0.0237 | VaLoss: 1.2390 +- 0.0588
 85,  0 | TrAcc: 0.6349, TrLoss:  1.37554, VaAcc: 0.6058, VaLoss:  2.65069	 20 sampled NNs | VaAcc: 0.5625 +- 0.0247 | VaLoss: 1.2232 +- 0.0542
 86,  0 | TrAcc: 0.6460, TrLoss:  1.31776, VaAcc: 0.6061, VaLoss:  2.64847	 20 sampled NNs | VaAcc: 0.5549 +- 0.0265 | VaLoss: 1.2187 +- 0.0690
 87,  0 | TrAcc: 0.6367, TrLoss:  1.31032, VaAcc: 0.5927, VaLoss:  2.69095	 20 sampled NNs | VaAcc: 0.5634 +- 0.0227 | VaLoss: 1.2306 +- 0.0575
 88,  0 | TrAcc: 0.6302, TrLoss:  1.33230, VaAcc: 0.6165, VaLoss:  2.63006	 20 sampled NNs | VaAcc: 0.5767 +- 0.0262 | VaLoss: 1.2024 +- 0.0587
 89,  0 | TrAcc: 0.6495, TrLoss:  1.32030, VaAcc: 0.6205, VaLoss:  2.63401	 20 sampled NNs | VaAcc: 0.5665 +- 0.0269 | VaLoss: 1.2252 +- 0.0722
 90,  0 | TrAcc: 0.6417, TrLoss:  1.28203, VaAcc: 0.5919, VaLoss:  2.69069	 20 sampled NNs | VaAcc: 0.5306 +- 0.0267 | VaLoss: 1.2754 +- 0.0597
 91,  0 | TrAcc: 0.6640, TrLoss:  1.24813, VaAcc: 0.6023, VaLoss:  2.67997	 20 sampled NNs | VaAcc: 0.5633 +- 0.0280 | VaLoss: 1.2338 +- 0.0533
 92,  0 | TrAcc: 0.6560, TrLoss:  1.27864, VaAcc: 0.5996, VaLoss:  2.68924	 20 sampled NNs | VaAcc: 0.5612 +- 0.0248 | VaLoss: 1.2387 +- 0.0743
 93,  0 | TrAcc: 0.6461, TrLoss:  1.30349, VaAcc: 0.6032, VaLoss:  2.68633	 20 sampled NNs | VaAcc: 0.5636 +- 0.0259 | VaLoss: 1.2389 +- 0.0710
 94,  0 | TrAcc: 0.6388, TrLoss:  1.34508, VaAcc: 0.6122, VaLoss:  2.63702	 20 sampled NNs | VaAcc: 0.5525 +- 0.0311 | VaLoss: 1.2433 +- 0.0771
 95,  0 | TrAcc: 0.6258, TrLoss:  1.38442, VaAcc: 0.6148, VaLoss:  2.65078	 20 sampled NNs | VaAcc: 0.5802 +- 0.0238 | VaLoss: 1.1901 +- 0.0668
 96,  0 | TrAcc: 0.6433, TrLoss:  1.34568, VaAcc: 0.5978, VaLoss:  2.69165	 20 sampled NNs | VaAcc: 0.5657 +- 0.0324 | VaLoss: 1.2230 +- 0.0869
 97,  0 | TrAcc: 0.6698, TrLoss:  1.26600, VaAcc: 0.6164, VaLoss:  2.66462	 20 sampled NNs | VaAcc: 0.5850 +- 0.0191 | VaLoss: 1.1955 +- 0.0566
 98,  0 | TrAcc: 0.6367, TrLoss:  1.34592, VaAcc: 0.6170, VaLoss:  2.65895	 20 sampled NNs | VaAcc: 0.5758 +- 0.0186 | VaLoss: 1.2076 +- 0.0462
 99,  0 | TrAcc: 0.6496, TrLoss:  1.29854, VaAcc: 0.6312, VaLoss:  2.61873	 20 sampled NNs | VaAcc: 0.5847 +- 0.0261 | VaLoss: 1.1812 +- 0.0463
100,  0 | TrAcc: 0.6703, TrLoss:  1.26256, VaAcc: 0.6218, VaLoss:  2.62756	 20 sampled NNs | VaAcc: 0.5801 +- 0.0235 | VaLoss: 1.1688 +- 0.0472
101,  0 | TrAcc: 0.6382, TrLoss:  1.35705, VaAcc: 0.6278, VaLoss:  2.63507	 20 sampled NNs | VaAcc: 0.5739 +- 0.0369 | VaLoss: 1.2169 +- 0.0817
102,  0 | TrAcc: 0.6552, TrLoss:  1.28294, VaAcc: 0.6203, VaLoss:  2.64400	 20 sampled NNs | VaAcc: 0.5887 +- 0.0242 | VaLoss: 1.1628 +- 0.0586
103,  0 | TrAcc: 0.6464, TrLoss:  1.32247, VaAcc: 0.6110, VaLoss:  2.68661	 20 sampled NNs | VaAcc: 0.5585 +- 0.0286 | VaLoss: 1.2548 +- 0.0699
104,  0 | TrAcc: 0.6382, TrLoss:  1.32729, VaAcc: 0.6391, VaLoss:  2.60210	 20 sampled NNs | VaAcc: 0.5924 +- 0.0255 | VaLoss: 1.1637 +- 0.0682
105,  0 | TrAcc: 0.6486, TrLoss:  1.31017, VaAcc: 0.6276, VaLoss:  2.63389	 20 sampled NNs | VaAcc: 0.5847 +- 0.0178 | VaLoss: 1.1766 +- 0.0342
106,  0 | TrAcc: 0.6708, TrLoss:  1.25118, VaAcc: 0.6408, VaLoss:  2.58773	 20 sampled NNs | VaAcc: 0.5976 +- 0.0275 | VaLoss: 1.1483 +- 0.0701
107,  0 | TrAcc: 0.6563, TrLoss:  1.27709, VaAcc: 0.6218, VaLoss:  2.63904	 20 sampled NNs | VaAcc: 0.5799 +- 0.0306 | VaLoss: 1.1812 +- 0.0540
108,  0 | TrAcc: 0.6645, TrLoss:  1.25573, VaAcc: 0.6345, VaLoss:  2.61766	 20 sampled NNs | VaAcc: 0.6003 +- 0.0197 | VaLoss: 1.1544 +- 0.0577
109,  0 | TrAcc: 0.6656, TrLoss:  1.26344, VaAcc: 0.6153, VaLoss:  2.65349	 20 sampled NNs | VaAcc: 0.5583 +- 0.0286 | VaLoss: 1.2030 +- 0.0675
110,  0 | TrAcc: 0.6468, TrLoss:  1.31550, VaAcc: 0.6203, VaLoss:  2.66101	 20 sampled NNs | VaAcc: 0.5794 +- 0.0252 | VaLoss: 1.1964 +- 0.0571
111,  0 | TrAcc: 0.6762, TrLoss:  1.23973, VaAcc: 0.6209, VaLoss:  2.64579	 20 sampled NNs | VaAcc: 0.5842 +- 0.0202 | VaLoss: 1.1861 +- 0.0460
112,  0 | TrAcc: 0.6845, TrLoss:  1.20282, VaAcc: 0.6274, VaLoss:  2.64678	 20 sampled NNs | VaAcc: 0.5832 +- 0.0238 | VaLoss: 1.1880 +- 0.0567
113,  0 | TrAcc: 0.6722, TrLoss:  1.24617, VaAcc: 0.6284, VaLoss:  2.64044	 20 sampled NNs | VaAcc: 0.5839 +- 0.0350 | VaLoss: 1.1868 +- 0.1442
114,  0 | TrAcc: 0.6782, TrLoss:  1.25234, VaAcc: 0.6221, VaLoss:  2.64505	 20 sampled NNs | VaAcc: 0.5858 +- 0.0264 | VaLoss: 1.1627 +- 0.0637
115,  0 | TrAcc: 0.6518, TrLoss:  1.28540, VaAcc: 0.6236, VaLoss:  2.63567	 20 sampled NNs | VaAcc: 0.5898 +- 0.0232 | VaLoss: 1.1613 +- 0.0584
116,  0 | TrAcc: 0.6714, TrLoss:  1.23802, VaAcc: 0.6316, VaLoss:  2.60764	 20 sampled NNs | VaAcc: 0.5841 +- 0.0239 | VaLoss: 1.1560 +- 0.0496
117,  0 | TrAcc: 0.6834, TrLoss:  1.22818, VaAcc: 0.6262, VaLoss:  2.63649	 20 sampled NNs | VaAcc: 0.5730 +- 0.0229 | VaLoss: 1.2119 +- 0.0648
118,  0 | TrAcc: 0.6659, TrLoss:  1.28795, VaAcc: 0.6298, VaLoss:  2.62403	 20 sampled NNs | VaAcc: 0.5998 +- 0.0270 | VaLoss: 1.1606 +- 0.0517
119,  0 | TrAcc: 0.6823, TrLoss:  1.20729, VaAcc: 0.6291, VaLoss:  2.62359	 20 sampled NNs | VaAcc: 0.5881 +- 0.0285 | VaLoss: 1.1716 +- 0.0686
120,  0 | TrAcc: 0.6624, TrLoss:  1.25559, VaAcc: 0.6320, VaLoss:  2.63913	 20 sampled NNs | VaAcc: 0.5876 +- 0.0248 | VaLoss: 1.1767 +- 0.0680
121,  0 | TrAcc: 0.6672, TrLoss:  1.26806, VaAcc: 0.6197, VaLoss:  2.64952	 20 sampled NNs | VaAcc: 0.5833 +- 0.0203 | VaLoss: 1.1442 +- 0.0539
122,  0 | TrAcc: 0.6822, TrLoss:  1.21824, VaAcc: 0.6294, VaLoss:  2.63279	 20 sampled NNs | VaAcc: 0.5966 +- 0.0215 | VaLoss: 1.1447 +- 0.0500
123,  0 | TrAcc: 0.6565, TrLoss:  1.27615, VaAcc: 0.6068, VaLoss:  2.70654	 20 sampled NNs | VaAcc: 0.5669 +- 0.0303 | VaLoss: 1.2262 +- 0.0681
124,  0 | TrAcc: 0.6751, TrLoss:  1.22503, VaAcc: 0.6362, VaLoss:  2.63378	 20 sampled NNs | VaAcc: 0.5880 +- 0.0225 | VaLoss: 1.1616 +- 0.0474
125,  0 | TrAcc: 0.6761, TrLoss:  1.22027, VaAcc: 0.6254, VaLoss:  2.67905	 20 sampled NNs | VaAcc: 0.5932 +- 0.0241 | VaLoss: 1.1789 +- 0.0648
126,  0 | TrAcc: 0.6651, TrLoss:  1.25618, VaAcc: 0.6252, VaLoss:  2.66546	 20 sampled NNs | VaAcc: 0.5895 +- 0.0203 | VaLoss: 1.1742 +- 0.0598
127,  0 | TrAcc: 0.6446, TrLoss:  1.30433, VaAcc: 0.6225, VaLoss:  2.64222	 20 sampled NNs | VaAcc: 0.5811 +- 0.0350 | VaLoss: 1.1618 +- 0.0661
128,  0 | TrAcc: 0.6795, TrLoss:  1.23920, VaAcc: 0.6337, VaLoss:  2.62091	 20 sampled NNs | VaAcc: 0.6051 +- 0.0215 | VaLoss: 1.1314 +- 0.0560
129,  0 | TrAcc: 0.6647, TrLoss:  1.26370, VaAcc: 0.6375, VaLoss:  2.64265	 20 sampled NNs | VaAcc: 0.6015 +- 0.0191 | VaLoss: 1.1529 +- 0.0513
130,  0 | TrAcc: 0.6568, TrLoss:  1.26854, VaAcc: 0.6412, VaLoss:  2.62690	 20 sampled NNs | VaAcc: 0.6044 +- 0.0299 | VaLoss: 1.1389 +- 0.0524
131,  0 | TrAcc: 0.6698, TrLoss:  1.23578, VaAcc: 0.6307, VaLoss:  2.65563	 20 sampled NNs | VaAcc: 0.5866 +- 0.0228 | VaLoss: 1.1891 +- 0.0450
132,  0 | TrAcc: 0.7001, TrLoss:  1.16773, VaAcc: 0.6417, VaLoss:  2.64189	 20 sampled NNs | VaAcc: 0.5970 +- 0.0268 | VaLoss: 1.1720 +- 0.0641
133,  0 | TrAcc: 0.6883, TrLoss:  1.19714, VaAcc: 0.6328, VaLoss:  2.64946	 20 sampled NNs | VaAcc: 0.5969 +- 0.0226 | VaLoss: 1.1594 +- 0.0543
134,  0 | TrAcc: 0.6647, TrLoss:  1.27761, VaAcc: 0.6313, VaLoss:  2.63349	 20 sampled NNs | VaAcc: 0.5972 +- 0.0223 | VaLoss: 1.1498 +- 0.0464
135,  0 | TrAcc: 0.6644, TrLoss:  1.24881, VaAcc: 0.6497, VaLoss:  2.60455	 20 sampled NNs | VaAcc: 0.5976 +- 0.0210 | VaLoss: 1.1363 +- 0.0391
136,  0 | TrAcc: 0.6652, TrLoss:  1.26977, VaAcc: 0.6214, VaLoss:  2.66423	 20 sampled NNs | VaAcc: 0.5764 +- 0.0239 | VaLoss: 1.2175 +- 0.0764
137,  0 | TrAcc: 0.6789, TrLoss:  1.23299, VaAcc: 0.6381, VaLoss:  2.64878	 20 sampled NNs | VaAcc: 0.6049 +- 0.0218 | VaLoss: 1.1454 +- 0.0591
138,  0 | TrAcc: 0.6660, TrLoss:  1.25802, VaAcc: 0.6085, VaLoss:  2.69124	 20 sampled NNs | VaAcc: 0.5796 +- 0.0268 | VaLoss: 1.1809 +- 0.0592
139,  0 | TrAcc: 0.6787, TrLoss:  1.21440, VaAcc: 0.6389, VaLoss:  2.62612	 20 sampled NNs | VaAcc: 0.6049 +- 0.0201 | VaLoss: 1.1240 +- 0.0583
140,  0 | TrAcc: 0.6689, TrLoss:  1.22990, VaAcc: 0.6246, VaLoss:  2.66579	 20 sampled NNs | VaAcc: 0.5668 +- 0.0342 | VaLoss: 1.2115 +- 0.0912
141,  0 | TrAcc: 0.6612, TrLoss:  1.29579, VaAcc: 0.6190, VaLoss:  2.67636	 20 sampled NNs | VaAcc: 0.5761 +- 0.0264 | VaLoss: 1.1879 +- 0.0726
142,  0 | TrAcc: 0.6751, TrLoss:  1.21410, VaAcc: 0.6298, VaLoss:  2.64091	 20 sampled NNs | VaAcc: 0.5851 +- 0.0200 | VaLoss: 1.1505 +- 0.0456
143,  0 | TrAcc: 0.6879, TrLoss:  1.19644, VaAcc: 0.6263, VaLoss:  2.65799	 20 sampled NNs | VaAcc: 0.5809 +- 0.0197 | VaLoss: 1.1789 +- 0.0666
144,  0 | TrAcc: 0.6786, TrLoss:  1.21981, VaAcc: 0.6439, VaLoss:  2.63383	 20 sampled NNs | VaAcc: 0.5984 +- 0.0179 | VaLoss: 1.1397 +- 0.0458
145,  0 | TrAcc: 0.6972, TrLoss:  1.18392, VaAcc: 0.6426, VaLoss:  2.63785	 20 sampled NNs | VaAcc: 0.6137 +- 0.0176 | VaLoss: 1.1106 +- 0.0464
146,  0 | TrAcc: 0.6915, TrLoss:  1.20985, VaAcc: 0.6332, VaLoss:  2.66631	 20 sampled NNs | VaAcc: 0.6006 +- 0.0223 | VaLoss: 1.1447 +- 0.0559
147,  0 | TrAcc: 0.6831, TrLoss:  1.27063, VaAcc: 0.6413, VaLoss:  2.63026	 20 sampled NNs | VaAcc: 0.6054 +- 0.0208 | VaLoss: 1.1209 +- 0.0488
148,  0 | TrAcc: 0.6864, TrLoss:  1.19855, VaAcc: 0.6450, VaLoss:  2.62830	 20 sampled NNs | VaAcc: 0.6060 +- 0.0179 | VaLoss: 1.1255 +- 0.0416
149,  0 | TrAcc: 0.6717, TrLoss:  1.22204, VaAcc: 0.6295, VaLoss:  2.68095	 20 sampled NNs | VaAcc: 0.5969 +- 0.0249 | VaLoss: 1.1561 +- 0.0569
150,  0 | TrAcc: 0.6840, TrLoss:  1.21118, VaAcc: 0.6544, VaLoss:  2.60852	 20 sampled NNs | VaAcc: 0.6176 +- 0.0198 | VaLoss: 1.1011 +- 0.0499
151,  0 | TrAcc: 0.6690, TrLoss:  1.25097, VaAcc: 0.6345, VaLoss:  2.65547	 20 sampled NNs | VaAcc: 0.6041 +- 0.0258 | VaLoss: 1.1373 +- 0.0622
152,  0 | TrAcc: 0.6981, TrLoss:  1.18383, VaAcc: 0.6209, VaLoss:  2.68250	 20 sampled NNs | VaAcc: 0.5815 +- 0.0269 | VaLoss: 1.1974 +- 0.0820
153,  0 | TrAcc: 0.6913, TrLoss:  1.19793, VaAcc: 0.6391, VaLoss:  2.62793	 20 sampled NNs | VaAcc: 0.5961 +- 0.0259 | VaLoss: 1.1438 +- 0.0586
154,  0 | TrAcc: 0.6799, TrLoss:  1.22682, VaAcc: 0.6446, VaLoss:  2.62329	 20 sampled NNs | VaAcc: 0.6197 +- 0.0249 | VaLoss: 1.1103 +- 0.0582
155,  0 | TrAcc: 0.6930, TrLoss:  1.22738, VaAcc: 0.6428, VaLoss:  2.63238	 20 sampled NNs | VaAcc: 0.6147 +- 0.0209 | VaLoss: 1.1148 +- 0.0482
156,  0 | TrAcc: 0.6793, TrLoss:  1.24195, VaAcc: 0.6333, VaLoss:  2.65365	 20 sampled NNs | VaAcc: 0.5872 +- 0.0174 | VaLoss: 1.1667 +- 0.0491
157,  0 | TrAcc: 0.6849, TrLoss:  1.22153, VaAcc: 0.6228, VaLoss:  2.70077	 20 sampled NNs | VaAcc: 0.5797 +- 0.0273 | VaLoss: 1.2254 +- 0.0958
158,  0 | TrAcc: 0.6820, TrLoss:  1.21295, VaAcc: 0.6364, VaLoss:  2.63537	 20 sampled NNs | VaAcc: 0.5909 +- 0.0266 | VaLoss: 1.1531 +- 0.0534
159,  0 | TrAcc: 0.6639, TrLoss:  1.26310, VaAcc: 0.6473, VaLoss:  2.64107	 20 sampled NNs | VaAcc: 0.6111 +- 0.0239 | VaLoss: 1.1438 +- 0.0505
160,  0 | TrAcc: 0.7042, TrLoss:  1.18018, VaAcc: 0.6489, VaLoss:  2.62043	 20 sampled NNs | VaAcc: 0.6163 +- 0.0232 | VaLoss: 1.1175 +- 0.0525
161,  0 | TrAcc: 0.6753, TrLoss:  1.25213, VaAcc: 0.6431, VaLoss:  2.61549	 20 sampled NNs | VaAcc: 0.6157 +- 0.0206 | VaLoss: 1.1105 +- 0.0511
162,  0 | TrAcc: 0.7254, TrLoss:  1.08942, VaAcc: 0.6328, VaLoss:  2.64478	 20 sampled NNs | VaAcc: 0.6004 +- 0.0196 | VaLoss: 1.1412 +- 0.0645
163,  0 | TrAcc: 0.6929, TrLoss:  1.19363, VaAcc: 0.6522, VaLoss:  2.61452	 20 sampled NNs | VaAcc: 0.6199 +- 0.0219 | VaLoss: 1.0919 +- 0.0491
164,  0 | TrAcc: 0.6829, TrLoss:  1.23123, VaAcc: 0.6371, VaLoss:  2.65960	 20 sampled NNs | VaAcc: 0.5940 +- 0.0319 | VaLoss: 1.1633 +- 0.0775
165,  0 | TrAcc: 0.6803, TrLoss:  1.24470, VaAcc: 0.6478, VaLoss:  2.62689	 20 sampled NNs | VaAcc: 0.6027 +- 0.0251 | VaLoss: 1.1409 +- 0.0765
166,  0 | TrAcc: 0.6996, TrLoss:  1.18058, VaAcc: 0.6376, VaLoss:  2.62943	 20 sampled NNs | VaAcc: 0.5986 +- 0.0228 | VaLoss: 1.1390 +- 0.0448
167,  0 | TrAcc: 0.6744, TrLoss:  1.25143, VaAcc: 0.6358, VaLoss:  2.64823	 20 sampled NNs | VaAcc: 0.5955 +- 0.0234 | VaLoss: 1.1568 +- 0.0539
168,  0 | TrAcc: 0.6784, TrLoss:  1.23555, VaAcc: 0.6414, VaLoss:  2.61571	 20 sampled NNs | VaAcc: 0.6010 +- 0.0268 | VaLoss: 1.1337 +- 0.0715
169,  0 | TrAcc: 0.6590, TrLoss:  1.26920, VaAcc: 0.6422, VaLoss:  2.61494	 20 sampled NNs | VaAcc: 0.5967 +- 0.0311 | VaLoss: 1.1253 +- 0.0717
170,  0 | TrAcc: 0.6741, TrLoss:  1.23100, VaAcc: 0.6391, VaLoss:  2.64762	 20 sampled NNs | VaAcc: 0.6066 +- 0.0205 | VaLoss: 1.1347 +- 0.0527
171,  0 | TrAcc: 0.6847, TrLoss:  1.22848, VaAcc: 0.6562, VaLoss:  2.58366	 20 sampled NNs | VaAcc: 0.6309 +- 0.0207 | VaLoss: 1.0655 +- 0.0428
172,  0 | TrAcc: 0.6844, TrLoss:  1.21460, VaAcc: 0.6503, VaLoss:  2.59113	 20 sampled NNs | VaAcc: 0.6113 +- 0.0206 | VaLoss: 1.0774 +- 0.0521
173,  0 | TrAcc: 0.6871, TrLoss:  1.19670, VaAcc: 0.6309, VaLoss:  2.65690	 20 sampled NNs | VaAcc: 0.5974 +- 0.0300 | VaLoss: 1.1392 +- 0.0600
174,  0 | TrAcc: 0.6847, TrLoss:  1.20281, VaAcc: 0.6562, VaLoss:  2.60717	 20 sampled NNs | VaAcc: 0.6236 +- 0.0206 | VaLoss: 1.0770 +- 0.0492
175,  0 | TrAcc: 0.6960, TrLoss:  1.17528, VaAcc: 0.6529, VaLoss:  2.61832	 20 sampled NNs | VaAcc: 0.6075 +- 0.0176 | VaLoss: 1.1175 +- 0.0528
176,  0 | TrAcc: 0.7023, TrLoss:  1.16746, VaAcc: 0.6447, VaLoss:  2.63789	 20 sampled NNs | VaAcc: 0.6094 +- 0.0195 | VaLoss: 1.1317 +- 0.0559
177,  0 | TrAcc: 0.7067, TrLoss:  1.16583, VaAcc: 0.6479, VaLoss:  2.63854	 20 sampled NNs | VaAcc: 0.6046 +- 0.0169 | VaLoss: 1.1306 +- 0.0424
178,  0 | TrAcc: 0.6971, TrLoss:  1.15739, VaAcc: 0.6370, VaLoss:  2.66249	 20 sampled NNs | VaAcc: 0.6078 +- 0.0218 | VaLoss: 1.1279 +- 0.0554
179,  0 | TrAcc: 0.7058, TrLoss:  1.14336, VaAcc: 0.6353, VaLoss:  2.64227	 20 sampled NNs | VaAcc: 0.6004 +- 0.0229 | VaLoss: 1.1245 +- 0.0674
180,  0 | TrAcc: 0.6795, TrLoss:  1.22990, VaAcc: 0.6387, VaLoss:  2.65802	 20 sampled NNs | VaAcc: 0.5957 +- 0.0227 | VaLoss: 1.1524 +- 0.0517
181,  0 | TrAcc: 0.6952, TrLoss:  1.17804, VaAcc: 0.6408, VaLoss:  2.67098	 20 sampled NNs | VaAcc: 0.6066 +- 0.0189 | VaLoss: 1.1415 +- 0.0555
182,  0 | TrAcc: 0.6841, TrLoss:  1.20105, VaAcc: 0.6500, VaLoss:  2.63427	 20 sampled NNs | VaAcc: 0.6207 +- 0.0229 | VaLoss: 1.0918 +- 0.0515
183,  0 | TrAcc: 0.6949, TrLoss:  1.18187, VaAcc: 0.6548, VaLoss:  2.64649	 20 sampled NNs | VaAcc: 0.6265 +- 0.0245 | VaLoss: 1.0938 +- 0.0534
184,  0 | TrAcc: 0.7280, TrLoss:  1.12615, VaAcc: 0.6485, VaLoss:  2.64241	 20 sampled NNs | VaAcc: 0.6210 +- 0.0201 | VaLoss: 1.1060 +- 0.0471
185,  0 | TrAcc: 0.7158, TrLoss:  1.14754, VaAcc: 0.6572, VaLoss:  2.61144	 20 sampled NNs | VaAcc: 0.6303 +- 0.0166 | VaLoss: 1.0873 +- 0.0486
186,  0 | TrAcc: 0.7076, TrLoss:  1.19227, VaAcc: 0.6573, VaLoss:  2.60409	 20 sampled NNs | VaAcc: 0.6283 +- 0.0270 | VaLoss: 1.0857 +- 0.0674
187,  0 | TrAcc: 0.6852, TrLoss:  1.20847, VaAcc: 0.6601, VaLoss:  2.62324	 20 sampled NNs | VaAcc: 0.6329 +- 0.0144 | VaLoss: 1.0842 +- 0.0405
188,  0 | TrAcc: 0.7087, TrLoss:  1.16570, VaAcc: 0.6555, VaLoss:  2.62322	 20 sampled NNs | VaAcc: 0.6358 +- 0.0203 | VaLoss: 1.0641 +- 0.0350
189,  0 | TrAcc: 0.6914, TrLoss:  1.19530, VaAcc: 0.6589, VaLoss:  2.61271	 20 sampled NNs | VaAcc: 0.6232 +- 0.0170 | VaLoss: 1.0978 +- 0.0521
190,  0 | TrAcc: 0.7018, TrLoss:  1.15400, VaAcc: 0.6484, VaLoss:  2.64486	 20 sampled NNs | VaAcc: 0.6071 +- 0.0247 | VaLoss: 1.1251 +- 0.0633
191,  0 | TrAcc: 0.7108, TrLoss:  1.16627, VaAcc: 0.6551, VaLoss:  2.62808	 20 sampled NNs | VaAcc: 0.6288 +- 0.0236 | VaLoss: 1.0856 +- 0.0540
192,  0 | TrAcc: 0.6873, TrLoss:  1.20376, VaAcc: 0.6552, VaLoss:  2.60722	 20 sampled NNs | VaAcc: 0.6294 +- 0.0204 | VaLoss: 1.0765 +- 0.0562
193,  0 | TrAcc: 0.7128, TrLoss:  1.14288, VaAcc: 0.6475, VaLoss:  2.63467	 20 sampled NNs | VaAcc: 0.6145 +- 0.0175 | VaLoss: 1.1021 +- 0.0539
194,  0 | TrAcc: 0.7053, TrLoss:  1.13997, VaAcc: 0.6516, VaLoss:  2.62189	 20 sampled NNs | VaAcc: 0.6202 +- 0.0231 | VaLoss: 1.0901 +- 0.0600
195,  0 | TrAcc: 0.7078, TrLoss:  1.13187, VaAcc: 0.6520, VaLoss:  2.60846	 20 sampled NNs | VaAcc: 0.6190 +- 0.0241 | VaLoss: 1.0974 +- 0.0634
196,  0 | TrAcc: 0.7128, TrLoss:  1.14709, VaAcc: 0.6419, VaLoss:  2.66059	 20 sampled NNs | VaAcc: 0.6114 +- 0.0254 | VaLoss: 1.1304 +- 0.0733
197,  0 | TrAcc: 0.7269, TrLoss:  1.10083, VaAcc: 0.6512, VaLoss:  2.64339	 20 sampled NNs | VaAcc: 0.6149 +- 0.0161 | VaLoss: 1.1180 +- 0.0452
198,  0 | TrAcc: 0.6880, TrLoss:  1.22700, VaAcc: 0.6445, VaLoss:  2.64463	 20 sampled NNs | VaAcc: 0.6165 +- 0.0224 | VaLoss: 1.0945 +- 0.0519
199,  0 | TrAcc: 0.6959, TrLoss:  1.18033, VaAcc: 0.6505, VaLoss:  2.63367	 20 sampled NNs | VaAcc: 0.6231 +- 0.0252 | VaLoss: 1.0898 +- 0.0632
200,  0 | TrAcc: 0.7185, TrLoss:  1.12174, VaAcc: 0.6679, VaLoss:  2.60228	 20 sampled NNs | VaAcc: 0.6360 +- 0.0162 | VaLoss: 1.0588 +- 0.0416
201,  0 | TrAcc: 0.7047, TrLoss:  1.16656, VaAcc: 0.6674, VaLoss:  2.59808	 20 sampled NNs | VaAcc: 0.6293 +- 0.0231 | VaLoss: 1.0801 +- 0.0528
202,  0 | TrAcc: 0.7137, TrLoss:  1.13486, VaAcc: 0.6512, VaLoss:  2.65206	 20 sampled NNs | VaAcc: 0.6241 +- 0.0171 | VaLoss: 1.0880 +- 0.0459
203,  0 | TrAcc: 0.6949, TrLoss:  1.20309, VaAcc: 0.6531, VaLoss:  2.61545	 20 sampled NNs | VaAcc: 0.6237 +- 0.0179 | VaLoss: 1.0763 +- 0.0441
204,  0 | TrAcc: 0.6940, TrLoss:  1.20467, VaAcc: 0.6589, VaLoss:  2.60955	 20 sampled NNs | VaAcc: 0.6309 +- 0.0173 | VaLoss: 1.0630 +- 0.0389
205,  0 | TrAcc: 0.7038, TrLoss:  1.16141, VaAcc: 0.6499, VaLoss:  2.61542	 20 sampled NNs | VaAcc: 0.6263 +- 0.0173 | VaLoss: 1.0708 +- 0.0427
206,  0 | TrAcc: 0.6967, TrLoss:  1.20693, VaAcc: 0.6550, VaLoss:  2.62306	 20 sampled NNs | VaAcc: 0.6363 +- 0.0253 | VaLoss: 1.0559 +- 0.0544
207,  0 | TrAcc: 0.6936, TrLoss:  1.17889, VaAcc: 0.6614, VaLoss:  2.61247	 20 sampled NNs | VaAcc: 0.6363 +- 0.0188 | VaLoss: 1.0482 +- 0.0367
208,  0 | TrAcc: 0.7145, TrLoss:  1.16139, VaAcc: 0.6620, VaLoss:  2.61247	 20 sampled NNs | VaAcc: 0.6231 +- 0.0289 | VaLoss: 1.0976 +- 0.0646
209,  0 | TrAcc: 0.6903, TrLoss:  1.19824, VaAcc: 0.6682, VaLoss:  2.60418	 20 sampled NNs | VaAcc: 0.6327 +- 0.0176 | VaLoss: 1.0506 +- 0.0497
210,  0 | TrAcc: 0.7167, TrLoss:  1.13655, VaAcc: 0.6445, VaLoss:  2.64409	 20 sampled NNs | VaAcc: 0.6152 +- 0.0177 | VaLoss: 1.0896 +- 0.0384
211,  0 | TrAcc: 0.7004, TrLoss:  1.17657, VaAcc: 0.6562, VaLoss:  2.64882	 20 sampled NNs | VaAcc: 0.6273 +- 0.0167 | VaLoss: 1.0861 +- 0.0502
212,  0 | TrAcc: 0.7260, TrLoss:  1.12368, VaAcc: 0.6559, VaLoss:  2.64851	 20 sampled NNs | VaAcc: 0.6243 +- 0.0191 | VaLoss: 1.0978 +- 0.0522
213,  0 | TrAcc: 0.7151, TrLoss:  1.15491, VaAcc: 0.6522, VaLoss:  2.64760	 20 sampled NNs | VaAcc: 0.6333 +- 0.0173 | VaLoss: 1.0917 +- 0.0492
214,  0 | TrAcc: 0.7155, TrLoss:  1.16652, VaAcc: 0.6567, VaLoss:  2.62594	 20 sampled NNs | VaAcc: 0.6274 +- 0.0219 | VaLoss: 1.0734 +- 0.0516
215,  0 | TrAcc: 0.7047, TrLoss:  1.17328, VaAcc: 0.6595, VaLoss:  2.63118	 20 sampled NNs | VaAcc: 0.6263 +- 0.0243 | VaLoss: 1.0914 +- 0.0552
216,  0 | TrAcc: 0.6749, TrLoss:  1.27216, VaAcc: 0.6585, VaLoss:  2.64478	 20 sampled NNs | VaAcc: 0.6237 +- 0.0163 | VaLoss: 1.1069 +- 0.0432
217,  0 | TrAcc: 0.6849, TrLoss:  1.23727, VaAcc: 0.6472, VaLoss:  2.64841	 20 sampled NNs | VaAcc: 0.6238 +- 0.0177 | VaLoss: 1.0986 +- 0.0432
218,  0 | TrAcc: 0.7025, TrLoss:  1.18284, VaAcc: 0.6533, VaLoss:  2.65762	 20 sampled NNs | VaAcc: 0.6270 +- 0.0199 | VaLoss: 1.0967 +- 0.0435
219,  0 | TrAcc: 0.6953, TrLoss:  1.22229, VaAcc: 0.6639, VaLoss:  2.60815	 20 sampled NNs | VaAcc: 0.6318 +- 0.0220 | VaLoss: 1.0565 +- 0.0587
220,  0 | TrAcc: 0.6854, TrLoss:  1.22258, VaAcc: 0.6636, VaLoss:  2.60416	 20 sampled NNs | VaAcc: 0.6266 +- 0.0146 | VaLoss: 1.0727 +- 0.0495
221,  0 | TrAcc: 0.7335, TrLoss:  1.08636, VaAcc: 0.6576, VaLoss:  2.65902	 20 sampled NNs | VaAcc: 0.6187 +- 0.0195 | VaLoss: 1.1181 +- 0.0600
222,  0 | TrAcc: 0.6816, TrLoss:  1.25371, VaAcc: 0.6621, VaLoss:  2.64602	 20 sampled NNs | VaAcc: 0.6326 +- 0.0247 | VaLoss: 1.0827 +- 0.0589
223,  0 | TrAcc: 0.7031, TrLoss:  1.20290, VaAcc: 0.6563, VaLoss:  2.63739	 20 sampled NNs | VaAcc: 0.6235 +- 0.0217 | VaLoss: 1.0903 +- 0.0518
224,  0 | TrAcc: 0.6920, TrLoss:  1.21168, VaAcc: 0.6694, VaLoss:  2.60983	 20 sampled NNs | VaAcc: 0.6504 +- 0.0264 | VaLoss: 1.0335 +- 0.0510
225,  0 | TrAcc: 0.6969, TrLoss:  1.16412, VaAcc: 0.6489, VaLoss:  2.65433	 20 sampled NNs | VaAcc: 0.6221 +- 0.0280 | VaLoss: 1.0682 +- 0.0630
226,  0 | TrAcc: 0.6904, TrLoss:  1.19260, VaAcc: 0.6668, VaLoss:  2.61762	 20 sampled NNs | VaAcc: 0.6241 +- 0.0241 | VaLoss: 1.0982 +- 0.0722
227,  0 | TrAcc: 0.7232, TrLoss:  1.10475, VaAcc: 0.6590, VaLoss:  2.64141	 20 sampled NNs | VaAcc: 0.6312 +- 0.0185 | VaLoss: 1.0570 +- 0.0445
228,  0 | TrAcc: 0.6763, TrLoss:  1.25889, VaAcc: 0.6767, VaLoss:  2.59047	 20 sampled NNs | VaAcc: 0.6436 +- 0.0237 | VaLoss: 1.0277 +- 0.0424
229,  0 | TrAcc: 0.6997, TrLoss:  1.16438, VaAcc: 0.6591, VaLoss:  2.63706	 20 sampled NNs | VaAcc: 0.6219 +- 0.0215 | VaLoss: 1.0882 +- 0.0490
230,  0 | TrAcc: 0.7151, TrLoss:  1.14473, VaAcc: 0.6697, VaLoss:  2.61756	 20 sampled NNs | VaAcc: 0.6450 +- 0.0199 | VaLoss: 1.0466 +- 0.0442
231,  0 | TrAcc: 0.6800, TrLoss:  1.22318, VaAcc: 0.6497, VaLoss:  2.66778	 20 sampled NNs | VaAcc: 0.6174 +- 0.0244 | VaLoss: 1.1171 +- 0.0679
232,  0 | TrAcc: 0.7035, TrLoss:  1.17059, VaAcc: 0.6492, VaLoss:  2.66525	 20 sampled NNs | VaAcc: 0.6142 +- 0.0173 | VaLoss: 1.1126 +- 0.0520
233,  0 | TrAcc: 0.6984, TrLoss:  1.20638, VaAcc: 0.6691, VaLoss:  2.61730	 20 sampled NNs | VaAcc: 0.6391 +- 0.0212 | VaLoss: 1.0497 +- 0.0494
234,  0 | TrAcc: 0.7149, TrLoss:  1.14668, VaAcc: 0.6670, VaLoss:  2.61447	 20 sampled NNs | VaAcc: 0.6348 +- 0.0193 | VaLoss: 1.0712 +- 0.0532
235,  0 | TrAcc: 0.7067, TrLoss:  1.14500, VaAcc: 0.6742, VaLoss:  2.62382	 20 sampled NNs | VaAcc: 0.6441 +- 0.0250 | VaLoss: 1.0604 +- 0.0511
236,  0 | TrAcc: 0.7125, TrLoss:  1.10932, VaAcc: 0.6597, VaLoss:  2.64441	 20 sampled NNs | VaAcc: 0.6341 +- 0.0200 | VaLoss: 1.0806 +- 0.0389
237,  0 | TrAcc: 0.7018, TrLoss:  1.18648, VaAcc: 0.6560, VaLoss:  2.65634	 20 sampled NNs | VaAcc: 0.6243 +- 0.0131 | VaLoss: 1.0902 +- 0.0465
238,  0 | TrAcc: 0.7304, TrLoss:  1.10006, VaAcc: 0.6683, VaLoss:  2.62902	 20 sampled NNs | VaAcc: 0.6403 +- 0.0198 | VaLoss: 1.0711 +- 0.0481
239,  0 | TrAcc: 0.7037, TrLoss:  1.20729, VaAcc: 0.6628, VaLoss:  2.62325	 20 sampled NNs | VaAcc: 0.6297 +- 0.0186 | VaLoss: 1.0646 +- 0.0479
240,  0 | TrAcc: 0.7071, TrLoss:  1.17581, VaAcc: 0.6799, VaLoss:  2.58858	 20 sampled NNs | VaAcc: 0.6474 +- 0.0148 | VaLoss: 1.0208 +- 0.0248
241,  0 | TrAcc: 0.6878, TrLoss:  1.21862, VaAcc: 0.6857, VaLoss:  2.56986	 20 sampled NNs | VaAcc: 0.6600 +- 0.0179 | VaLoss: 1.0082 +- 0.0474
242,  0 | TrAcc: 0.6907, TrLoss:  1.22215, VaAcc: 0.6618, VaLoss:  2.61595	 20 sampled NNs | VaAcc: 0.6285 +- 0.0218 | VaLoss: 1.0486 +- 0.0548
243,  0 | TrAcc: 0.7060, TrLoss:  1.15697, VaAcc: 0.6651, VaLoss:  2.62931	 20 sampled NNs | VaAcc: 0.6446 +- 0.0192 | VaLoss: 1.0489 +- 0.0420
244,  0 | TrAcc: 0.7251, TrLoss:  1.10862, VaAcc: 0.6677, VaLoss:  2.61334	 20 sampled NNs | VaAcc: 0.6479 +- 0.0225 | VaLoss: 1.0145 +- 0.0421
245,  0 | TrAcc: 0.7014, TrLoss:  1.16774, VaAcc: 0.6625, VaLoss:  2.63876	 20 sampled NNs | VaAcc: 0.6306 +- 0.0207 | VaLoss: 1.0689 +- 0.0560
246,  0 | TrAcc: 0.6950, TrLoss:  1.18690, VaAcc: 0.6732, VaLoss:  2.61224	 20 sampled NNs | VaAcc: 0.6360 +- 0.0226 | VaLoss: 1.0545 +- 0.0513
247,  0 | TrAcc: 0.7145, TrLoss:  1.15929, VaAcc: 0.6767, VaLoss:  2.60032	 20 sampled NNs | VaAcc: 0.6501 +- 0.0199 | VaLoss: 1.0190 +- 0.0364
248,  0 | TrAcc: 0.7131, TrLoss:  1.14374, VaAcc: 0.6674, VaLoss:  2.65932	 20 sampled NNs | VaAcc: 0.6364 +- 0.0172 | VaLoss: 1.0888 +- 0.0575
249,  0 | TrAcc: 0.7111, TrLoss:  1.14834, VaAcc: 0.6637, VaLoss:  2.62740	 20 sampled NNs | VaAcc: 0.6303 +- 0.0188 | VaLoss: 1.0542 +- 0.0388
250,  0 | TrAcc: 0.7168, TrLoss:  1.13511, VaAcc: 0.6675, VaLoss:  2.62828	 20 sampled NNs | VaAcc: 0.6386 +- 0.0312 | VaLoss: 1.0819 +- 0.0543
251,  0 | TrAcc: 0.7275, TrLoss:  1.12363, VaAcc: 0.6736, VaLoss:  2.60633	 20 sampled NNs | VaAcc: 0.6321 +- 0.0310 | VaLoss: 1.0655 +- 0.0640
252,  0 | TrAcc: 0.7394, TrLoss:  1.10285, VaAcc: 0.6671, VaLoss:  2.62577	 20 sampled NNs | VaAcc: 0.6433 +- 0.0199 | VaLoss: 1.0552 +- 0.0528
253,  0 | TrAcc: 0.7040, TrLoss:  1.14485, VaAcc: 0.6633, VaLoss:  2.63814	 20 sampled NNs | VaAcc: 0.6385 +- 0.0235 | VaLoss: 1.0658 +- 0.0556
254,  0 | TrAcc: 0.7031, TrLoss:  1.13965, VaAcc: 0.6740, VaLoss:  2.60436	 20 sampled NNs | VaAcc: 0.6525 +- 0.0134 | VaLoss: 1.0142 +- 0.0284
255,  0 | TrAcc: 0.7037, TrLoss:  1.17257, VaAcc: 0.6668, VaLoss:  2.61265	 20 sampled NNs | VaAcc: 0.6327 +- 0.0221 | VaLoss: 1.0490 +- 0.0524
256,  0 | TrAcc: 0.7123, TrLoss:  1.14490, VaAcc: 0.6601, VaLoss:  2.63176	 20 sampled NNs | VaAcc: 0.6287 +- 0.0197 | VaLoss: 1.0619 +- 0.0385
257,  0 | TrAcc: 0.7103, TrLoss:  1.13918, VaAcc: 0.6664, VaLoss:  2.63469	 20 sampled NNs | VaAcc: 0.6361 +- 0.0210 | VaLoss: 1.0540 +- 0.0507
258,  0 | TrAcc: 0.7165, TrLoss:  1.13038, VaAcc: 0.6695, VaLoss:  2.62729	 20 sampled NNs | VaAcc: 0.6390 +- 0.0253 | VaLoss: 1.0516 +- 0.0570
259,  0 | TrAcc: 0.7102, TrLoss:  1.14919, VaAcc: 0.6656, VaLoss:  2.64369	 20 sampled NNs | VaAcc: 0.6434 +- 0.0200 | VaLoss: 1.0573 +- 0.0470
260,  0 | TrAcc: 0.7312, TrLoss:  1.10773, VaAcc: 0.6555, VaLoss:  2.66065	 20 sampled NNs | VaAcc: 0.6156 +- 0.0246 | VaLoss: 1.1073 +- 0.0617
261,  0 | TrAcc: 0.7156, TrLoss:  1.12832, VaAcc: 0.6897, VaLoss:  2.57070	 20 sampled NNs | VaAcc: 0.6550 +- 0.0207 | VaLoss: 1.0068 +- 0.0354
262,  0 | TrAcc: 0.7080, TrLoss:  1.16321, VaAcc: 0.6824, VaLoss:  2.58593	 20 sampled NNs | VaAcc: 0.6564 +- 0.0185 | VaLoss: 1.0000 +- 0.0379
263,  0 | TrAcc: 0.6838, TrLoss:  1.19762, VaAcc: 0.6461, VaLoss:  2.67762	 20 sampled NNs | VaAcc: 0.6189 +- 0.0240 | VaLoss: 1.1086 +- 0.0513
264,  0 | TrAcc: 0.7057, TrLoss:  1.13132, VaAcc: 0.6683, VaLoss:  2.62449	 20 sampled NNs | VaAcc: 0.6407 +- 0.0165 | VaLoss: 1.0265 +- 0.0384
265,  0 | TrAcc: 0.7075, TrLoss:  1.15323, VaAcc: 0.6710, VaLoss:  2.64722	 20 sampled NNs | VaAcc: 0.6363 +- 0.0129 | VaLoss: 1.0860 +- 0.0346
266,  0 | TrAcc: 0.7028, TrLoss:  1.15617, VaAcc: 0.6795, VaLoss:  2.58139	 20 sampled NNs | VaAcc: 0.6509 +- 0.0168 | VaLoss: 1.0161 +- 0.0469
267,  0 | TrAcc: 0.7103, TrLoss:  1.15424, VaAcc: 0.6753, VaLoss:  2.59785	 20 sampled NNs | VaAcc: 0.6421 +- 0.0189 | VaLoss: 1.0347 +- 0.0467
268,  0 | TrAcc: 0.7111, TrLoss:  1.16005, VaAcc: 0.6786, VaLoss:  2.58760	 20 sampled NNs | VaAcc: 0.6548 +- 0.0186 | VaLoss: 1.0043 +- 0.0434
269,  0 | TrAcc: 0.7109, TrLoss:  1.16609, VaAcc: 0.6732, VaLoss:  2.62464	 20 sampled NNs | VaAcc: 0.6347 +- 0.0283 | VaLoss: 1.0647 +- 0.0521
270,  0 | TrAcc: 0.7301, TrLoss:  1.09163, VaAcc: 0.6498, VaLoss:  2.68233	 20 sampled NNs | VaAcc: 0.6189 +- 0.0218 | VaLoss: 1.1108 +- 0.0611
271,  0 | TrAcc: 0.6956, TrLoss:  1.17855, VaAcc: 0.6832, VaLoss:  2.58794	 20 sampled NNs | VaAcc: 0.6536 +- 0.0109 | VaLoss: 1.0089 +- 0.0323
272,  0 | TrAcc: 0.7166, TrLoss:  1.12244, VaAcc: 0.6650, VaLoss:  2.63240	 20 sampled NNs | VaAcc: 0.6297 +- 0.0246 | VaLoss: 1.0688 +- 0.0631
273,  0 | TrAcc: 0.7019, TrLoss:  1.18512, VaAcc: 0.6736, VaLoss:  2.60702	 20 sampled NNs | VaAcc: 0.6394 +- 0.0167 | VaLoss: 1.0520 +- 0.0462
274,  0 | TrAcc: 0.7422, TrLoss:  1.07021, VaAcc: 0.6594, VaLoss:  2.66006	 20 sampled NNs | VaAcc: 0.6268 +- 0.0203 | VaLoss: 1.1033 +- 0.0421
275,  0 | TrAcc: 0.7077, TrLoss:  1.16441, VaAcc: 0.6553, VaLoss:  2.67213	 20 sampled NNs | VaAcc: 0.6201 +- 0.0206 | VaLoss: 1.1142 +- 0.0480
276,  0 | TrAcc: 0.7138, TrLoss:  1.13459, VaAcc: 0.6684, VaLoss:  2.61248	 20 sampled NNs | VaAcc: 0.6424 +- 0.0200 | VaLoss: 1.0274 +- 0.0384
277,  0 | TrAcc: 0.7432, TrLoss:  1.07736, VaAcc: 0.6747, VaLoss:  2.63030	 20 sampled NNs | VaAcc: 0.6495 +- 0.0116 | VaLoss: 1.0440 +- 0.0388
278,  0 | TrAcc: 0.7226, TrLoss:  1.14620, VaAcc: 0.6676, VaLoss:  2.66627	 20 sampled NNs | VaAcc: 0.6387 +- 0.0197 | VaLoss: 1.0791 +- 0.0546
279,  0 | TrAcc: 0.7338, TrLoss:  1.09777, VaAcc: 0.6683, VaLoss:  2.62854	 20 sampled NNs | VaAcc: 0.6467 +- 0.0133 | VaLoss: 1.0357 +- 0.0526
280,  0 | TrAcc: 0.7153, TrLoss:  1.16857, VaAcc: 0.6609, VaLoss:  2.67288	 20 sampled NNs | VaAcc: 0.6357 +- 0.0193 | VaLoss: 1.0933 +- 0.0329
281,  0 | TrAcc: 0.7314, TrLoss:  1.10820, VaAcc: 0.6653, VaLoss:  2.65305	 20 sampled NNs | VaAcc: 0.6352 +- 0.0245 | VaLoss: 1.0765 +- 0.0583
282,  0 | TrAcc: 0.7084, TrLoss:  1.16112, VaAcc: 0.6834, VaLoss:  2.61751	 20 sampled NNs | VaAcc: 0.6444 +- 0.0169 | VaLoss: 1.0347 +- 0.0423
283,  0 | TrAcc: 0.7291, TrLoss:  1.14308, VaAcc: 0.6855, VaLoss:  2.61066	 20 sampled NNs | VaAcc: 0.6527 +- 0.0216 | VaLoss: 1.0355 +- 0.0400
284,  0 | TrAcc: 0.7152, TrLoss:  1.16105, VaAcc: 0.6714, VaLoss:  2.64223	 20 sampled NNs | VaAcc: 0.6403 +- 0.0203 | VaLoss: 1.0438 +- 0.0354
285,  0 | TrAcc: 0.7217, TrLoss:  1.11548, VaAcc: 0.6616, VaLoss:  2.66392	 20 sampled NNs | VaAcc: 0.6423 +- 0.0182 | VaLoss: 1.0545 +- 0.0438
286,  0 | TrAcc: 0.7283, TrLoss:  1.12658, VaAcc: 0.6739, VaLoss:  2.63032	 20 sampled NNs | VaAcc: 0.6524 +- 0.0170 | VaLoss: 1.0087 +- 0.0404
287,  0 | TrAcc: 0.7480, TrLoss:  1.05251, VaAcc: 0.6748, VaLoss:  2.63943	 20 sampled NNs | VaAcc: 0.6466 +- 0.0259 | VaLoss: 1.0224 +- 0.0583
288,  0 | TrAcc: 0.7256, TrLoss:  1.13023, VaAcc: 0.6632, VaLoss:  2.67362	 20 sampled NNs | VaAcc: 0.6307 +- 0.0215 | VaLoss: 1.0931 +- 0.0698
289,  0 | TrAcc: 0.7105, TrLoss:  1.14681, VaAcc: 0.6760, VaLoss:  2.61645	 20 sampled NNs | VaAcc: 0.6470 +- 0.0215 | VaLoss: 1.0298 +- 0.0451
290,  0 | TrAcc: 0.7487, TrLoss:  1.04524, VaAcc: 0.6791, VaLoss:  2.66091	 20 sampled NNs | VaAcc: 0.6509 +- 0.0214 | VaLoss: 1.0751 +- 0.0614
291,  0 | TrAcc: 0.7364, TrLoss:  1.11350, VaAcc: 0.6778, VaLoss:  2.63342	 20 sampled NNs | VaAcc: 0.6381 +- 0.0165 | VaLoss: 1.0416 +- 0.0354
292,  0 | TrAcc: 0.7297, TrLoss:  1.14149, VaAcc: 0.6828, VaLoss:  2.64643	 20 sampled NNs | VaAcc: 0.6510 +- 0.0184 | VaLoss: 1.0616 +- 0.0489
293,  0 | TrAcc: 0.7259, TrLoss:  1.14491, VaAcc: 0.6883, VaLoss:  2.61564	 20 sampled NNs | VaAcc: 0.6624 +- 0.0159 | VaLoss: 1.0194 +- 0.0366
294,  0 | TrAcc: 0.7128, TrLoss:  1.13921, VaAcc: 0.6509, VaLoss:  2.67296	 20 sampled NNs | VaAcc: 0.6306 +- 0.0180 | VaLoss: 1.0687 +- 0.0513
295,  0 | TrAcc: 0.7204, TrLoss:  1.13339, VaAcc: 0.6812, VaLoss:  2.61060	 20 sampled NNs | VaAcc: 0.6484 +- 0.0137 | VaLoss: 1.0248 +- 0.0432
296,  0 | TrAcc: 0.7018, TrLoss:  1.15213, VaAcc: 0.6830, VaLoss:  2.63221	 20 sampled NNs | VaAcc: 0.6587 +- 0.0257 | VaLoss: 1.0206 +- 0.0442
297,  0 | TrAcc: 0.7259, TrLoss:  1.11460, VaAcc: 0.6698, VaLoss:  2.64823	 20 sampled NNs | VaAcc: 0.6439 +- 0.0146 | VaLoss: 1.0499 +- 0.0420
298,  0 | TrAcc: 0.7353, TrLoss:  1.10259, VaAcc: 0.6822, VaLoss:  2.62400	 20 sampled NNs | VaAcc: 0.6543 +- 0.0190 | VaLoss: 1.0190 +- 0.0518
299,  0 | TrAcc: 0.7346, TrLoss:  1.08844, VaAcc: 0.6761, VaLoss:  2.67258	 20 sampled NNs | VaAcc: 0.6403 +- 0.0183 | VaLoss: 1.0787 +- 0.0530
18011.662567
----------------------------
