

config:

HOME=/clusterFS/home/student/kopp13
PATH=/clusterFS/home/student/kopp13/miniconda3/envs/tensorflow/bin:/clusterFS/home/student/kopp13/miniconda3/bin:/clusterFS/home/student/kopp13/bin:/usr/local/bin:/usr/bin:/bin:/usr/local/games:/usr/games
LD_LIBRARY_PATH=
THEANO_FLAGS=floatX=float32,gpuarray.preallocate=0.9,dnn.library_path=/usr/lib/x86_64-linux-gnu,cxx=clang++-3.8,device=cuda,base_compiledir=/tmp/tmp.HwSzzMVb1m

=============================
CONFIG FILE

RNN CONFIG
{'data_multiplier': 10.0,
 'gradient_clip_value': 0.5,
 'layer_configs': [{'layer_type': 'input'},
                   {'bc': {'init_m': 'xavier',
                           'init_v': -4.5,
                           'prior_m': 0.0,
                           'prior_v': 0.0,
                           'type': 'continuous'},
                    'bf': {'init_m': 'xavier',
                           'init_v': -4.5,
                           'prior_m': 0.0,
                           'prior_v': 0.0,
                           'type': 'continuous'},
                    'bi': {'init_m': 'xavier',
                           'init_v': -4.5,
                           'prior_m': 0.0,
                           'prior_v': 0.0,
                           'type': 'continuous'},
                    'bo': {'init_m': 'xavier',
                           'init_v': -4.5,
                           'prior_m': 0.0,
                           'prior_v': 0.0,
                           'type': 'continuous'},
                    'init_config': {'c': {'b': 'all_zero', 'w': 'xavier'},
                                    'f': {'b': 'all_one', 'w': 'all_zero'},
                                    'i': {'b': 'all_zero', 'w': 'xavier'},
                                    'o': {'b': 'all_zero', 'w': 'xavier'}},
                    'is_output': False,
                    'is_recurrent': True,
                    'layer_type': 'lstm',
                    'tau': 0.5,
                    'var_scope': 'lstm_0',
                    'wc': {'p0max': 0.95,
                           'p0min': 0.05,
                           'pmax': 0.99,
                           'pmin': 0.01,
                           'priors': [0.2, 0.6, 0.2],
                           'type': 'ternary'},
                    'wf': {'p0max': 0.95,
                           'p0min': 0.05,
                           'pmax': 0.99,
                           'pmin': 0.01,
                           'priors': [0.2, 0.6, 0.2],
                           'type': 'ternary'},
                    'wi': {'p0max': 0.95,
                           'p0min': 0.05,
                           'pmax': 0.99,
                           'pmin': 0.01,
                           'priors': [0.2, 0.6, 0.2],
                           'type': 'ternary'},
                    'wo': {'p0max': 0.95,
                           'p0min': 0.05,
                           'pmax': 0.99,
                           'pmin': 0.01,
                           'priors': [0.2, 0.6, 0.2],
                           'type': 'ternary'}},
                   {'bc': {'init_m': 'xavier',
                           'init_v': -4.5,
                           'prior_m': 0.0,
                           'prior_v': 0.0,
                           'type': 'continuous'},
                    'bf': {'init_m': 'xavier',
                           'init_v': -4.5,
                           'prior_m': 0.0,
                           'prior_v': 0.0,
                           'type': 'continuous'},
                    'bi': {'init_m': 'xavier',
                           'init_v': -4.5,
                           'prior_m': 0.0,
                           'prior_v': 0.0,
                           'type': 'continuous'},
                    'bo': {'init_m': 'xavier',
                           'init_v': -4.5,
                           'prior_m': 0.0,
                           'prior_v': 0.0,
                           'type': 'continuous'},
                    'init_config': {'c': {'b': 'all_zero', 'w': 'xavier'},
                                    'f': {'b': 'all_one', 'w': 'all_zero'},
                                    'i': {'b': 'all_zero', 'w': 'xavier'},
                                    'o': {'b': 'all_zero', 'w': 'xavier'}},
                    'is_output': False,
                    'is_recurrent': True,
                    'layer_type': 'lstm',
                    'tau': 0.5,
                    'var_scope': 'lstm_1',
                    'wc': {'p0max': 0.95,
                           'p0min': 0.05,
                           'pmax': 0.99,
                           'pmin': 0.01,
                           'priors': [0.2, 0.6, 0.2],
                           'type': 'ternary'},
                    'wf': {'p0max': 0.95,
                           'p0min': 0.05,
                           'pmax': 0.99,
                           'pmin': 0.01,
                           'priors': [0.2, 0.6, 0.2],
                           'type': 'ternary'},
                    'wi': {'p0max': 0.95,
                           'p0min': 0.05,
                           'pmax': 0.99,
                           'pmin': 0.01,
                           'priors': [0.2, 0.6, 0.2],
                           'type': 'ternary'},
                    'wo': {'p0max': 0.95,
                           'p0min': 0.05,
                           'pmax': 0.99,
                           'pmin': 0.01,
                           'priors': [0.2, 0.6, 0.2],
                           'type': 'ternary'}},
                   {'b': {'init_m': 'xavier',
                          'init_v': -4.5,
                          'prior_m': 0.0,
                          'prior_v': 0.0,
                          'type': 'continuous'},
                    'is_output': True,
                    'is_recurrent': False,
                    'layer_type': 'fc',
                    'regularization': {'mode': None, 'strength': 0.02},
                    'tau': 0.5,
                    'var_scope': 'output_layer',
                    'w': {'p0max': 0.95,
                          'p0min': 0.05,
                          'pmax': 0.99,
                          'pmin': 0.01,
                          'priors': [0.2, 0.6, 0.2],
                          'type': 'ternary'}}],
 'layout': [4, 60, 60, 10],
 'output_type': 'classification'}

DATA CONFIG
{'dataset': 'red_penstroke',
 'tr': {'in_seq_len': 30,
        'minibatch_enabled': True,
        'minibatch_size': 200,
        'out_seq_len': 5,
        'zero_padding': 20},
 'va': {'in_seq_len': 30,
        'minibatch_enabled': True,
        'minibatch_size': 200,
        'out_seq_len': 5,
        'zero_padding': 20}}

TRAINING CONFIG
{'beta_reg': 0.0,
 'is_pretrain': False,
 'learning_rate': 0.002,
 'mode': {'max_epochs': 300, 'min_error': 0.0, 'name': 'classic'},
 'task_id': 6,
 'type': 'g_sampling',
 'var_reg': 0.01}
==============================


  0,  0 | TrAcc: 0.1019, TrLoss:  3.96232, VaAcc: 0.0953, VaLoss:  4.09356	 20 sampled NNs | VaAcc: 0.1085 +- 0.0317 | VaLoss: 3.8600 +- 0.6142
  1,  0 | TrAcc: 0.1381, TrLoss:  2.31120, VaAcc: 0.1259, VaLoss:  2.38982	 20 sampled NNs | VaAcc: 0.1184 +- 0.0222 | VaLoss: 2.4527 +- 0.1818
  2,  0 | TrAcc: 0.1458, TrLoss:  2.27996, VaAcc: 0.1327, VaLoss:  2.36444	 20 sampled NNs | VaAcc: 0.1268 +- 0.0213 | VaLoss: 2.3583 +- 0.0743
  3,  0 | TrAcc: 0.1548, TrLoss:  2.27544, VaAcc: 0.1440, VaLoss:  2.36712	 20 sampled NNs | VaAcc: 0.1404 +- 0.0101 | VaLoss: 2.3582 +- 0.0504
  4,  0 | TrAcc: 0.1454, TrLoss:  2.26091, VaAcc: 0.1404, VaLoss:  2.34341	 20 sampled NNs | VaAcc: 0.1441 +- 0.0159 | VaLoss: 2.3116 +- 0.0246
  5,  0 | TrAcc: 0.1478, TrLoss:  2.26439, VaAcc: 0.1218, VaLoss:  2.37418	 20 sampled NNs | VaAcc: 0.1123 +- 0.0180 | VaLoss: 2.3656 +- 0.0469
  6,  0 | TrAcc: 0.1526, TrLoss:  2.24420, VaAcc: 0.1379, VaLoss:  2.33031	 20 sampled NNs | VaAcc: 0.1365 +- 0.0180 | VaLoss: 2.3197 +- 0.0327
  7,  0 | TrAcc: 0.1493, TrLoss:  2.21550, VaAcc: 0.1349, VaLoss:  2.29900	 20 sampled NNs | VaAcc: 0.1216 +- 0.0194 | VaLoss: 2.3137 +- 0.0761
  8,  0 | TrAcc: 0.1572, TrLoss:  2.20764, VaAcc: 0.1330, VaLoss:  2.30528	 20 sampled NNs | VaAcc: 0.1204 +- 0.0349 | VaLoss: 2.3021 +- 0.0431
  9,  0 | TrAcc: 0.1631, TrLoss:  2.17008, VaAcc: 0.1490, VaLoss:  2.23469	 20 sampled NNs | VaAcc: 0.1330 +- 0.0267 | VaLoss: 2.2533 +- 0.0514
 10,  0 | TrAcc: 0.1826, TrLoss:  2.13714, VaAcc: 0.1668, VaLoss:  2.23325	 20 sampled NNs | VaAcc: 0.1540 +- 0.0228 | VaLoss: 2.2594 +- 0.0706
 11,  0 | TrAcc: 0.2103, TrLoss:  2.11118, VaAcc: 0.2133, VaLoss:  2.16833	 20 sampled NNs | VaAcc: 0.1743 +- 0.0383 | VaLoss: 2.2222 +- 0.1013
 12,  0 | TrAcc: 0.2419, TrLoss:  2.00553, VaAcc: 0.2332, VaLoss:  2.12029	 20 sampled NNs | VaAcc: 0.1888 +- 0.0241 | VaLoss: 2.1866 +- 0.0501
 13,  0 | TrAcc: 0.2226, TrLoss:  2.02020, VaAcc: 0.2461, VaLoss:  2.04594	 20 sampled NNs | VaAcc: 0.2102 +- 0.0368 | VaLoss: 2.0945 +- 0.0840
 14,  0 | TrAcc: 0.2929, TrLoss:  1.88416, VaAcc: 0.2868, VaLoss:  1.94665	 20 sampled NNs | VaAcc: 0.2506 +- 0.0271 | VaLoss: 1.9732 +- 0.0464
 15,  0 | TrAcc: 0.2876, TrLoss:  1.92421, VaAcc: 0.3062, VaLoss:  1.90798	 20 sampled NNs | VaAcc: 0.2512 +- 0.0404 | VaLoss: 2.0344 +- 0.1020
 16,  0 | TrAcc: 0.3093, TrLoss:  1.82234, VaAcc: 0.2933, VaLoss:  1.87573	 20 sampled NNs | VaAcc: 0.2700 +- 0.0365 | VaLoss: 1.9382 +- 0.1157
 17,  0 | TrAcc: 0.3394, TrLoss:  1.76244, VaAcc: 0.3261, VaLoss:  1.81883	 20 sampled NNs | VaAcc: 0.2926 +- 0.0362 | VaLoss: 1.8695 +- 0.0549
 18,  0 | TrAcc: 0.3498, TrLoss:  1.70980, VaAcc: 0.3643, VaLoss:  1.75373	 20 sampled NNs | VaAcc: 0.3267 +- 0.0428 | VaLoss: 1.8010 +- 0.0677
 19,  0 | TrAcc: 0.3495, TrLoss:  1.72726, VaAcc: 0.3846, VaLoss:  1.69500	 20 sampled NNs | VaAcc: 0.3374 +- 0.0319 | VaLoss: 1.7553 +- 0.0637
 20,  0 | TrAcc: 0.3701, TrLoss:  1.65339, VaAcc: 0.3785, VaLoss:  1.69241	 20 sampled NNs | VaAcc: 0.3320 +- 0.0399 | VaLoss: 1.7938 +- 0.1016
 21,  0 | TrAcc: 0.3989, TrLoss:  1.59336, VaAcc: 0.3876, VaLoss:  1.66380	 20 sampled NNs | VaAcc: 0.3411 +- 0.0398 | VaLoss: 1.7028 +- 0.0730
 22,  0 | TrAcc: 0.4166, TrLoss:  1.61098, VaAcc: 0.4084, VaLoss:  1.66650	 20 sampled NNs | VaAcc: 0.3633 +- 0.0350 | VaLoss: 1.7381 +- 0.0881
 23,  0 | TrAcc: 0.4359, TrLoss:  1.53032, VaAcc: 0.4261, VaLoss:  1.62224	 20 sampled NNs | VaAcc: 0.3673 +- 0.0419 | VaLoss: 1.6996 +- 0.0675
 24,  0 | TrAcc: 0.4346, TrLoss:  1.53462, VaAcc: 0.4317, VaLoss:  1.60187	 20 sampled NNs | VaAcc: 0.3948 +- 0.0323 | VaLoss: 1.6352 +- 0.0740
 25,  0 | TrAcc: 0.4429, TrLoss:  1.45513, VaAcc: 0.4389, VaLoss:  1.54696	 20 sampled NNs | VaAcc: 0.3697 +- 0.0339 | VaLoss: 1.6630 +- 0.0699
 26,  0 | TrAcc: 0.4652, TrLoss:  1.44618, VaAcc: 0.4631, VaLoss:  1.52949	 20 sampled NNs | VaAcc: 0.4117 +- 0.0405 | VaLoss: 1.5913 +- 0.0739
 27,  0 | TrAcc: 0.4811, TrLoss:  1.40246, VaAcc: 0.4430, VaLoss:  1.55484	 20 sampled NNs | VaAcc: 0.3982 +- 0.0410 | VaLoss: 1.6162 +- 0.0968
 28,  0 | TrAcc: 0.5032, TrLoss:  1.35682, VaAcc: 0.4592, VaLoss:  1.53514	 20 sampled NNs | VaAcc: 0.3994 +- 0.0454 | VaLoss: 1.5871 +- 0.0795
 29,  0 | TrAcc: 0.4902, TrLoss:  1.40876, VaAcc: 0.4899, VaLoss:  1.47468	 20 sampled NNs | VaAcc: 0.4387 +- 0.0477 | VaLoss: 1.5433 +- 0.1121
 30,  0 | TrAcc: 0.5150, TrLoss:  1.32395, VaAcc: 0.4794, VaLoss:  1.45043	 20 sampled NNs | VaAcc: 0.4421 +- 0.0274 | VaLoss: 1.4687 +- 0.0423
 31,  0 | TrAcc: 0.5246, TrLoss:  1.31219, VaAcc: 0.4835, VaLoss:  1.47348	 20 sampled NNs | VaAcc: 0.4286 +- 0.0386 | VaLoss: 1.5277 +- 0.0658
 32,  0 | TrAcc: 0.5265, TrLoss:  1.29811, VaAcc: 0.5116, VaLoss:  1.40319	 20 sampled NNs | VaAcc: 0.4546 +- 0.0339 | VaLoss: 1.4832 +- 0.0982
 33,  0 | TrAcc: 0.5355, TrLoss:  1.30389, VaAcc: 0.5120, VaLoss:  1.43613	 20 sampled NNs | VaAcc: 0.4652 +- 0.0400 | VaLoss: 1.4833 +- 0.0698
 34,  0 | TrAcc: 0.5494, TrLoss:  1.27502, VaAcc: 0.5435, VaLoss:  1.37574	 20 sampled NNs | VaAcc: 0.5046 +- 0.0283 | VaLoss: 1.4113 +- 0.0479
 35,  0 | TrAcc: 0.5395, TrLoss:  1.26312, VaAcc: 0.5166, VaLoss:  1.41384	 20 sampled NNs | VaAcc: 0.4800 +- 0.0380 | VaLoss: 1.4702 +- 0.0948
 36,  0 | TrAcc: 0.5754, TrLoss:  1.18853, VaAcc: 0.5518, VaLoss:  1.35622	 20 sampled NNs | VaAcc: 0.4881 +- 0.0465 | VaLoss: 1.4295 +- 0.1134
 37,  0 | TrAcc: 0.5628, TrLoss:  1.23947, VaAcc: 0.5594, VaLoss:  1.35059	 20 sampled NNs | VaAcc: 0.5088 +- 0.0278 | VaLoss: 1.3876 +- 0.0540
 38,  0 | TrAcc: 0.5653, TrLoss:  1.22534, VaAcc: 0.5583, VaLoss:  1.33296	 20 sampled NNs | VaAcc: 0.5102 +- 0.0271 | VaLoss: 1.3837 +- 0.0786
 39,  0 | TrAcc: 0.5912, TrLoss:  1.14806, VaAcc: 0.5578, VaLoss:  1.32124	 20 sampled NNs | VaAcc: 0.5209 +- 0.0271 | VaLoss: 1.3547 +- 0.0585
 40,  0 | TrAcc: 0.6229, TrLoss:  1.09573, VaAcc: 0.5602, VaLoss:  1.35201	 20 sampled NNs | VaAcc: 0.5219 +- 0.0296 | VaLoss: 1.3655 +- 0.0542
 41,  0 | TrAcc: 0.6089, TrLoss:  1.12312, VaAcc: 0.5546, VaLoss:  1.34294	 20 sampled NNs | VaAcc: 0.5159 +- 0.0313 | VaLoss: 1.3828 +- 0.0795
 42,  0 | TrAcc: 0.6149, TrLoss:  1.07743, VaAcc: 0.5721, VaLoss:  1.28695	 20 sampled NNs | VaAcc: 0.5372 +- 0.0284 | VaLoss: 1.3202 +- 0.0707
 43,  0 | TrAcc: 0.6108, TrLoss:  1.11964, VaAcc: 0.5911, VaLoss:  1.24667	 20 sampled NNs | VaAcc: 0.5654 +- 0.0250 | VaLoss: 1.2566 +- 0.0645
 44,  0 | TrAcc: 0.6443, TrLoss:  1.04008, VaAcc: 0.6104, VaLoss:  1.22029	 20 sampled NNs | VaAcc: 0.5640 +- 0.0270 | VaLoss: 1.2766 +- 0.0529
 45,  0 | TrAcc: 0.6296, TrLoss:  1.06870, VaAcc: 0.6131, VaLoss:  1.22627	 20 sampled NNs | VaAcc: 0.5665 +- 0.0259 | VaLoss: 1.2611 +- 0.0565
 46,  0 | TrAcc: 0.6366, TrLoss:  1.04875, VaAcc: 0.6096, VaLoss:  1.21995	 20 sampled NNs | VaAcc: 0.5718 +- 0.0295 | VaLoss: 1.2386 +- 0.0624
 47,  0 | TrAcc: 0.6139, TrLoss:  1.09258, VaAcc: 0.6109, VaLoss:  1.19942	 20 sampled NNs | VaAcc: 0.5593 +- 0.0428 | VaLoss: 1.2355 +- 0.0735
 48,  0 | TrAcc: 0.6269, TrLoss:  1.06020, VaAcc: 0.6126, VaLoss:  1.21740	 20 sampled NNs | VaAcc: 0.5831 +- 0.0228 | VaLoss: 1.2299 +- 0.0708
 49,  0 | TrAcc: 0.6474, TrLoss:  1.02134, VaAcc: 0.6201, VaLoss:  1.17424	 20 sampled NNs | VaAcc: 0.5876 +- 0.0266 | VaLoss: 1.1836 +- 0.0491
 50,  0 | TrAcc: 0.6370, TrLoss:  1.02180, VaAcc: 0.6174, VaLoss:  1.19463	 20 sampled NNs | VaAcc: 0.5897 +- 0.0261 | VaLoss: 1.2123 +- 0.0617
 51,  0 | TrAcc: 0.6605, TrLoss:  0.97917, VaAcc: 0.6199, VaLoss:  1.18732	 20 sampled NNs | VaAcc: 0.5966 +- 0.0301 | VaLoss: 1.1747 +- 0.0707
 52,  0 | TrAcc: 0.6624, TrLoss:  0.97359, VaAcc: 0.6377, VaLoss:  1.14303	 20 sampled NNs | VaAcc: 0.5975 +- 0.0311 | VaLoss: 1.1579 +- 0.0780
 53,  0 | TrAcc: 0.6329, TrLoss:  1.00863, VaAcc: 0.6487, VaLoss:  1.08416	 20 sampled NNs | VaAcc: 0.6273 +- 0.0239 | VaLoss: 1.0824 +- 0.0487
 54,  0 | TrAcc: 0.6608, TrLoss:  0.97895, VaAcc: 0.6157, VaLoss:  1.18385	 20 sampled NNs | VaAcc: 0.5821 +- 0.0264 | VaLoss: 1.1973 +- 0.0543
 55,  0 | TrAcc: 0.6614, TrLoss:  0.96374, VaAcc: 0.6353, VaLoss:  1.12039	 20 sampled NNs | VaAcc: 0.5971 +- 0.0179 | VaLoss: 1.1649 +- 0.0519
 56,  0 | TrAcc: 0.6613, TrLoss:  0.96726, VaAcc: 0.6422, VaLoss:  1.10823	 20 sampled NNs | VaAcc: 0.6135 +- 0.0271 | VaLoss: 1.1157 +- 0.0519
 57,  0 | TrAcc: 0.6682, TrLoss:  0.95090, VaAcc: 0.6345, VaLoss:  1.12550	 20 sampled NNs | VaAcc: 0.5973 +- 0.0272 | VaLoss: 1.1496 +- 0.0760
 58,  0 | TrAcc: 0.6804, TrLoss:  0.93360, VaAcc: 0.6724, VaLoss:  1.08612	 20 sampled NNs | VaAcc: 0.6378 +- 0.0273 | VaLoss: 1.0970 +- 0.0521
 59,  0 | TrAcc: 0.6873, TrLoss:  0.88841, VaAcc: 0.6572, VaLoss:  1.09384	 20 sampled NNs | VaAcc: 0.6240 +- 0.0233 | VaLoss: 1.0974 +- 0.0437
 60,  0 | TrAcc: 0.6777, TrLoss:  0.95418, VaAcc: 0.6544, VaLoss:  1.08946	 20 sampled NNs | VaAcc: 0.6266 +- 0.0188 | VaLoss: 1.1067 +- 0.0402
 61,  0 | TrAcc: 0.7003, TrLoss:  0.88703, VaAcc: 0.6596, VaLoss:  1.06785	 20 sampled NNs | VaAcc: 0.6289 +- 0.0357 | VaLoss: 1.0781 +- 0.0963
 62,  0 | TrAcc: 0.7044, TrLoss:  0.88347, VaAcc: 0.6547, VaLoss:  1.11115	 20 sampled NNs | VaAcc: 0.6314 +- 0.0241 | VaLoss: 1.0968 +- 0.0546
 63,  0 | TrAcc: 0.6869, TrLoss:  0.90371, VaAcc: 0.6752, VaLoss:  1.07727	 20 sampled NNs | VaAcc: 0.6559 +- 0.0176 | VaLoss: 1.0408 +- 0.0451
 64,  0 | TrAcc: 0.6606, TrLoss:  0.94687, VaAcc: 0.6679, VaLoss:  1.06547	 20 sampled NNs | VaAcc: 0.6375 +- 0.0258 | VaLoss: 1.0695 +- 0.0595
 65,  0 | TrAcc: 0.6906, TrLoss:  0.89441, VaAcc: 0.6694, VaLoss:  1.04812	 20 sampled NNs | VaAcc: 0.6297 +- 0.0316 | VaLoss: 1.0673 +- 0.0573
 66,  0 | TrAcc: 0.6933, TrLoss:  0.87185, VaAcc: 0.6602, VaLoss:  1.11271	 20 sampled NNs | VaAcc: 0.6377 +- 0.0318 | VaLoss: 1.0922 +- 0.0687
 67,  0 | TrAcc: 0.6722, TrLoss:  0.94449, VaAcc: 0.6853, VaLoss:  1.02117	 20 sampled NNs | VaAcc: 0.6593 +- 0.0165 | VaLoss: 1.0052 +- 0.0385
 68,  0 | TrAcc: 0.7084, TrLoss:  0.86051, VaAcc: 0.6856, VaLoss:  1.02045	 20 sampled NNs | VaAcc: 0.6530 +- 0.0194 | VaLoss: 1.0234 +- 0.0419
 69,  0 | TrAcc: 0.7198, TrLoss:  0.81882, VaAcc: 0.6822, VaLoss:  1.04751	 20 sampled NNs | VaAcc: 0.6531 +- 0.0240 | VaLoss: 1.0415 +- 0.0489
 70,  0 | TrAcc: 0.7137, TrLoss:  0.84458, VaAcc: 0.6640, VaLoss:  1.07411	 20 sampled NNs | VaAcc: 0.6394 +- 0.0282 | VaLoss: 1.0479 +- 0.0588
 71,  0 | TrAcc: 0.6990, TrLoss:  0.86835, VaAcc: 0.6807, VaLoss:  1.02465	 20 sampled NNs | VaAcc: 0.6609 +- 0.0200 | VaLoss: 0.9953 +- 0.0334
 72,  0 | TrAcc: 0.7127, TrLoss:  0.83782, VaAcc: 0.6699, VaLoss:  1.05962	 20 sampled NNs | VaAcc: 0.6509 +- 0.0205 | VaLoss: 1.0434 +- 0.0486
 73,  0 | TrAcc: 0.6956, TrLoss:  0.85914, VaAcc: 0.6813, VaLoss:  1.01685	 20 sampled NNs | VaAcc: 0.6578 +- 0.0189 | VaLoss: 0.9965 +- 0.0394
 74,  0 | TrAcc: 0.7011, TrLoss:  0.86176, VaAcc: 0.6622, VaLoss:  1.04477	 20 sampled NNs | VaAcc: 0.6431 +- 0.0200 | VaLoss: 1.0225 +- 0.0463
 75,  0 | TrAcc: 0.6966, TrLoss:  0.85287, VaAcc: 0.6678, VaLoss:  1.02307	 20 sampled NNs | VaAcc: 0.6415 +- 0.0195 | VaLoss: 1.0086 +- 0.0396
 76,  0 | TrAcc: 0.7226, TrLoss:  0.83088, VaAcc: 0.6904, VaLoss:  1.01637	 20 sampled NNs | VaAcc: 0.6705 +- 0.0193 | VaLoss: 1.0012 +- 0.0427
 77,  0 | TrAcc: 0.6990, TrLoss:  0.88021, VaAcc: 0.6907, VaLoss:  1.01047	 20 sampled NNs | VaAcc: 0.6618 +- 0.0226 | VaLoss: 0.9850 +- 0.0523
 78,  0 | TrAcc: 0.7426, TrLoss:  0.74434, VaAcc: 0.6886, VaLoss:  1.00666	 20 sampled NNs | VaAcc: 0.6747 +- 0.0178 | VaLoss: 0.9701 +- 0.0346
 79,  0 | TrAcc: 0.7246, TrLoss:  0.80306, VaAcc: 0.6977, VaLoss:  0.99300	 20 sampled NNs | VaAcc: 0.6810 +- 0.0230 | VaLoss: 0.9584 +- 0.0357
 80,  0 | TrAcc: 0.7111, TrLoss:  0.84636, VaAcc: 0.6983, VaLoss:  0.97863	 20 sampled NNs | VaAcc: 0.6700 +- 0.0211 | VaLoss: 0.9609 +- 0.0431
 81,  0 | TrAcc: 0.7001, TrLoss:  0.83995, VaAcc: 0.6972, VaLoss:  0.99616	 20 sampled NNs | VaAcc: 0.6704 +- 0.0275 | VaLoss: 0.9766 +- 0.0473
 82,  0 | TrAcc: 0.7242, TrLoss:  0.79363, VaAcc: 0.7180, VaLoss:  0.98076	 20 sampled NNs | VaAcc: 0.6962 +- 0.0235 | VaLoss: 0.9459 +- 0.0516
 83,  0 | TrAcc: 0.7274, TrLoss:  0.81329, VaAcc: 0.6946, VaLoss:  0.99530	 20 sampled NNs | VaAcc: 0.6662 +- 0.0469 | VaLoss: 0.9795 +- 0.1501
 84,  0 | TrAcc: 0.7010, TrLoss:  0.88624, VaAcc: 0.6948, VaLoss:  0.99780	 20 sampled NNs | VaAcc: 0.6729 +- 0.0266 | VaLoss: 0.9864 +- 0.0622
 85,  0 | TrAcc: 0.7172, TrLoss:  0.80077, VaAcc: 0.7025, VaLoss:  0.99104	 20 sampled NNs | VaAcc: 0.6835 +- 0.0215 | VaLoss: 0.9637 +- 0.0550
 86,  0 | TrAcc: 0.7408, TrLoss:  0.78882, VaAcc: 0.7221, VaLoss:  0.98391	 20 sampled NNs | VaAcc: 0.7079 +- 0.0176 | VaLoss: 0.9463 +- 0.0285
 87,  0 | TrAcc: 0.7507, TrLoss:  0.73952, VaAcc: 0.7135, VaLoss:  0.96489	 20 sampled NNs | VaAcc: 0.6872 +- 0.0178 | VaLoss: 0.9313 +- 0.0493
 88,  0 | TrAcc: 0.7281, TrLoss:  0.77197, VaAcc: 0.7035, VaLoss:  1.00102	 20 sampled NNs | VaAcc: 0.6852 +- 0.0186 | VaLoss: 0.9572 +- 0.0470
 89,  0 | TrAcc: 0.7427, TrLoss:  0.75855, VaAcc: 0.7043, VaLoss:  0.97336	 20 sampled NNs | VaAcc: 0.6836 +- 0.0225 | VaLoss: 0.9351 +- 0.0493
 90,  0 | TrAcc: 0.7096, TrLoss:  0.83275, VaAcc: 0.7031, VaLoss:  0.99886	 20 sampled NNs | VaAcc: 0.6886 +- 0.0195 | VaLoss: 0.9506 +- 0.0466
 91,  0 | TrAcc: 0.7456, TrLoss:  0.75862, VaAcc: 0.7172, VaLoss:  0.96814	 20 sampled NNs | VaAcc: 0.7069 +- 0.0181 | VaLoss: 0.9066 +- 0.0356
 92,  0 | TrAcc: 0.7468, TrLoss:  0.74113, VaAcc: 0.7148, VaLoss:  0.97271	 20 sampled NNs | VaAcc: 0.6928 +- 0.0149 | VaLoss: 0.9402 +- 0.0458
 93,  0 | TrAcc: 0.7314, TrLoss:  0.78296, VaAcc: 0.6974, VaLoss:  0.99799	 20 sampled NNs | VaAcc: 0.6850 +- 0.0190 | VaLoss: 0.9549 +- 0.0361
 94,  0 | TrAcc: 0.7551, TrLoss:  0.70666, VaAcc: 0.7096, VaLoss:  0.96255	 20 sampled NNs | VaAcc: 0.6960 +- 0.0218 | VaLoss: 0.9114 +- 0.0454
 95,  0 | TrAcc: 0.7357, TrLoss:  0.77993, VaAcc: 0.7080, VaLoss:  0.99157	 20 sampled NNs | VaAcc: 0.6871 +- 0.0197 | VaLoss: 0.9559 +- 0.0538
 96,  0 | TrAcc: 0.7794, TrLoss:  0.65153, VaAcc: 0.7004, VaLoss:  0.97635	 20 sampled NNs | VaAcc: 0.6877 +- 0.0211 | VaLoss: 0.9238 +- 0.0575
 97,  0 | TrAcc: 0.7401, TrLoss:  0.74964, VaAcc: 0.6761, VaLoss:  1.04861	 20 sampled NNs | VaAcc: 0.6624 +- 0.0186 | VaLoss: 0.9902 +- 0.0449
 98,  0 | TrAcc: 0.7490, TrLoss:  0.71899, VaAcc: 0.7031, VaLoss:  1.00661	 20 sampled NNs | VaAcc: 0.6884 +- 0.0136 | VaLoss: 0.9593 +- 0.0375
 99,  0 | TrAcc: 0.7578, TrLoss:  0.70788, VaAcc: 0.7093, VaLoss:  0.99925	 20 sampled NNs | VaAcc: 0.6940 +- 0.0208 | VaLoss: 0.9398 +- 0.0405
100,  0 | TrAcc: 0.7546, TrLoss:  0.71136, VaAcc: 0.7011, VaLoss:  0.98842	 20 sampled NNs | VaAcc: 0.6845 +- 0.0203 | VaLoss: 0.9268 +- 0.0416
101,  0 | TrAcc: 0.7355, TrLoss:  0.80681, VaAcc: 0.7254, VaLoss:  0.93091	 20 sampled NNs | VaAcc: 0.7072 +- 0.0125 | VaLoss: 0.8902 +- 0.0372
102,  0 | TrAcc: 0.7607, TrLoss:  0.70506, VaAcc: 0.7198, VaLoss:  0.93096	 20 sampled NNs | VaAcc: 0.7072 +- 0.0129 | VaLoss: 0.8815 +- 0.0226
103,  0 | TrAcc: 0.7410, TrLoss:  0.78664, VaAcc: 0.7200, VaLoss:  0.94238	 20 sampled NNs | VaAcc: 0.7049 +- 0.0121 | VaLoss: 0.8919 +- 0.0315
104,  0 | TrAcc: 0.7516, TrLoss:  0.71578, VaAcc: 0.7153, VaLoss:  0.95538	 20 sampled NNs | VaAcc: 0.6997 +- 0.0170 | VaLoss: 0.9022 +- 0.0318
105,  0 | TrAcc: 0.7365, TrLoss:  0.77748, VaAcc: 0.7148, VaLoss:  0.94426	 20 sampled NNs | VaAcc: 0.6967 +- 0.0187 | VaLoss: 0.9005 +- 0.0405
106,  0 | TrAcc: 0.7404, TrLoss:  0.75504, VaAcc: 0.6949, VaLoss:  0.97920	 20 sampled NNs | VaAcc: 0.6748 +- 0.0165 | VaLoss: 0.9318 +- 0.0420
107,  0 | TrAcc: 0.7868, TrLoss:  0.66451, VaAcc: 0.6951, VaLoss:  0.99203	 20 sampled NNs | VaAcc: 0.6910 +- 0.0193 | VaLoss: 0.9109 +- 0.0558
108,  0 | TrAcc: 0.7673, TrLoss:  0.67512, VaAcc: 0.7274, VaLoss:  0.91220	 20 sampled NNs | VaAcc: 0.7069 +- 0.0127 | VaLoss: 0.8608 +- 0.0308
109,  0 | TrAcc: 0.7547, TrLoss:  0.72333, VaAcc: 0.7063, VaLoss:  0.98350	 20 sampled NNs | VaAcc: 0.6912 +- 0.0170 | VaLoss: 0.9288 +- 0.0462
110,  0 | TrAcc: 0.7442, TrLoss:  0.77366, VaAcc: 0.7094, VaLoss:  0.96053	 20 sampled NNs | VaAcc: 0.6875 +- 0.0198 | VaLoss: 0.9186 +- 0.0434
111,  0 | TrAcc: 0.7434, TrLoss:  0.74354, VaAcc: 0.7174, VaLoss:  0.94996	 20 sampled NNs | VaAcc: 0.6912 +- 0.0186 | VaLoss: 0.9156 +- 0.0556
112,  0 | TrAcc: 0.7573, TrLoss:  0.73335, VaAcc: 0.7453, VaLoss:  0.88462	 20 sampled NNs | VaAcc: 0.7342 +- 0.0121 | VaLoss: 0.8165 +- 0.0275
113,  0 | TrAcc: 0.7634, TrLoss:  0.67059, VaAcc: 0.7322, VaLoss:  0.93816	 20 sampled NNs | VaAcc: 0.7183 +- 0.0170 | VaLoss: 0.8791 +- 0.0437
114,  0 | TrAcc: 0.7634, TrLoss:  0.70595, VaAcc: 0.7057, VaLoss:  0.95970	 20 sampled NNs | VaAcc: 0.6975 +- 0.0172 | VaLoss: 0.8967 +- 0.0381
115,  0 | TrAcc: 0.7751, TrLoss:  0.68065, VaAcc: 0.7039, VaLoss:  0.98747	 20 sampled NNs | VaAcc: 0.6880 +- 0.0180 | VaLoss: 0.9285 +- 0.0343
116,  0 | TrAcc: 0.7610, TrLoss:  0.71978, VaAcc: 0.7241, VaLoss:  0.92821	 20 sampled NNs | VaAcc: 0.6995 +- 0.0190 | VaLoss: 0.8912 +- 0.0424
117,  0 | TrAcc: 0.7493, TrLoss:  0.72356, VaAcc: 0.7012, VaLoss:  0.98097	 20 sampled NNs | VaAcc: 0.6856 +- 0.0196 | VaLoss: 0.9211 +- 0.0412
118,  0 | TrAcc: 0.7539, TrLoss:  0.72233, VaAcc: 0.7260, VaLoss:  0.91014	 20 sampled NNs | VaAcc: 0.7092 +- 0.0149 | VaLoss: 0.8646 +- 0.0329
119,  0 | TrAcc: 0.7582, TrLoss:  0.68773, VaAcc: 0.7262, VaLoss:  0.90171	 20 sampled NNs | VaAcc: 0.7111 +- 0.0162 | VaLoss: 0.8389 +- 0.0230
120,  0 | TrAcc: 0.7502, TrLoss:  0.76015, VaAcc: 0.7235, VaLoss:  0.92551	 20 sampled NNs | VaAcc: 0.7088 +- 0.0156 | VaLoss: 0.8709 +- 0.0243
121,  0 | TrAcc: 0.7497, TrLoss:  0.72577, VaAcc: 0.7361, VaLoss:  0.89227	 20 sampled NNs | VaAcc: 0.7221 +- 0.0136 | VaLoss: 0.8295 +- 0.0255
122,  0 | TrAcc: 0.7669, TrLoss:  0.67436, VaAcc: 0.7056, VaLoss:  0.94688	 20 sampled NNs | VaAcc: 0.6902 +- 0.0203 | VaLoss: 0.8997 +- 0.0458
123,  0 | TrAcc: 0.7613, TrLoss:  0.70790, VaAcc: 0.7230, VaLoss:  0.92534	 20 sampled NNs | VaAcc: 0.7152 +- 0.0169 | VaLoss: 0.8623 +- 0.0331
124,  0 | TrAcc: 0.7731, TrLoss:  0.66398, VaAcc: 0.7199, VaLoss:  0.94866	 20 sampled NNs | VaAcc: 0.6989 +- 0.0269 | VaLoss: 0.9104 +- 0.0843
125,  0 | TrAcc: 0.7588, TrLoss:  0.71540, VaAcc: 0.7109, VaLoss:  0.96817	 20 sampled NNs | VaAcc: 0.6888 +- 0.0167 | VaLoss: 0.9254 +- 0.0483
126,  0 | TrAcc: 0.7532, TrLoss:  0.68903, VaAcc: 0.7200, VaLoss:  0.95174	 20 sampled NNs | VaAcc: 0.7061 +- 0.0186 | VaLoss: 0.8864 +- 0.0359
127,  0 | TrAcc: 0.7522, TrLoss:  0.70758, VaAcc: 0.7192, VaLoss:  0.95280	 20 sampled NNs | VaAcc: 0.7051 +- 0.0134 | VaLoss: 0.8922 +- 0.0358
128,  0 | TrAcc: 0.7684, TrLoss:  0.67160, VaAcc: 0.7209, VaLoss:  0.93483	 20 sampled NNs | VaAcc: 0.7050 +- 0.0129 | VaLoss: 0.8791 +- 0.0281
129,  0 | TrAcc: 0.7635, TrLoss:  0.68124, VaAcc: 0.7370, VaLoss:  0.92537	 20 sampled NNs | VaAcc: 0.7239 +- 0.0161 | VaLoss: 0.8748 +- 0.0375
130,  0 | TrAcc: 0.7523, TrLoss:  0.71542, VaAcc: 0.7257, VaLoss:  0.92576	 20 sampled NNs | VaAcc: 0.7202 +- 0.0159 | VaLoss: 0.8481 +- 0.0349
131,  0 | TrAcc: 0.7653, TrLoss:  0.69547, VaAcc: 0.7362, VaLoss:  0.89969	 20 sampled NNs | VaAcc: 0.7285 +- 0.0144 | VaLoss: 0.8245 +- 0.0382
132,  0 | TrAcc: 0.7846, TrLoss:  0.63257, VaAcc: 0.7198, VaLoss:  0.94332	 20 sampled NNs | VaAcc: 0.7060 +- 0.0153 | VaLoss: 0.8809 +- 0.0376
133,  0 | TrAcc: 0.7752, TrLoss:  0.65695, VaAcc: 0.7334, VaLoss:  0.89606	 20 sampled NNs | VaAcc: 0.7249 +- 0.0149 | VaLoss: 0.8238 +- 0.0367
134,  0 | TrAcc: 0.7651, TrLoss:  0.69680, VaAcc: 0.7420, VaLoss:  0.89558	 20 sampled NNs | VaAcc: 0.7269 +- 0.0134 | VaLoss: 0.8336 +- 0.0284
135,  0 | TrAcc: 0.7861, TrLoss:  0.61812, VaAcc: 0.7312, VaLoss:  0.91354	 20 sampled NNs | VaAcc: 0.7217 +- 0.0114 | VaLoss: 0.8409 +- 0.0369
136,  0 | TrAcc: 0.7561, TrLoss:  0.71806, VaAcc: 0.7329, VaLoss:  0.89589	 20 sampled NNs | VaAcc: 0.7215 +- 0.0117 | VaLoss: 0.8316 +- 0.0281
137,  0 | TrAcc: 0.7723, TrLoss:  0.65941, VaAcc: 0.7281, VaLoss:  0.89173	 20 sampled NNs | VaAcc: 0.7214 +- 0.0170 | VaLoss: 0.8211 +- 0.0277
138,  0 | TrAcc: 0.7721, TrLoss:  0.65464, VaAcc: 0.7420, VaLoss:  0.87024	 20 sampled NNs | VaAcc: 0.7338 +- 0.0176 | VaLoss: 0.7935 +- 0.0302
139,  0 | TrAcc: 0.7810, TrLoss:  0.64382, VaAcc: 0.7302, VaLoss:  0.90504	 20 sampled NNs | VaAcc: 0.7224 +- 0.0153 | VaLoss: 0.8370 +- 0.0328
140,  0 | TrAcc: 0.7554, TrLoss:  0.72741, VaAcc: 0.7220, VaLoss:  0.91180	 20 sampled NNs | VaAcc: 0.7125 +- 0.0172 | VaLoss: 0.8362 +- 0.0263
141,  0 | TrAcc: 0.7827, TrLoss:  0.65260, VaAcc: 0.7159, VaLoss:  0.94036	 20 sampled NNs | VaAcc: 0.7054 +- 0.0129 | VaLoss: 0.8624 +- 0.0316
142,  0 | TrAcc: 0.7897, TrLoss:  0.62180, VaAcc: 0.7458, VaLoss:  0.88463	 20 sampled NNs | VaAcc: 0.7363 +- 0.0151 | VaLoss: 0.8113 +- 0.0324
143,  0 | TrAcc: 0.7836, TrLoss:  0.63475, VaAcc: 0.7479, VaLoss:  0.85929	 20 sampled NNs | VaAcc: 0.7308 +- 0.0142 | VaLoss: 0.8080 +- 0.0255
144,  0 | TrAcc: 0.7779, TrLoss:  0.66204, VaAcc: 0.7394, VaLoss:  0.91146	 20 sampled NNs | VaAcc: 0.7260 +- 0.0141 | VaLoss: 0.8414 +- 0.0347
145,  0 | TrAcc: 0.7958, TrLoss:  0.61040, VaAcc: 0.7209, VaLoss:  0.93376	 20 sampled NNs | VaAcc: 0.7117 +- 0.0148 | VaLoss: 0.8664 +- 0.0263
146,  0 | TrAcc: 0.7892, TrLoss:  0.62310, VaAcc: 0.7163, VaLoss:  0.91324	 20 sampled NNs | VaAcc: 0.7006 +- 0.0183 | VaLoss: 0.8500 +- 0.0501
147,  0 | TrAcc: 0.7686, TrLoss:  0.64658, VaAcc: 0.7322, VaLoss:  0.89583	 20 sampled NNs | VaAcc: 0.7230 +- 0.0179 | VaLoss: 0.8133 +- 0.0327
148,  0 | TrAcc: 0.7946, TrLoss:  0.63079, VaAcc: 0.7200, VaLoss:  0.91365	 20 sampled NNs | VaAcc: 0.7165 +- 0.0153 | VaLoss: 0.8261 +- 0.0256
149,  0 | TrAcc: 0.7820, TrLoss:  0.64867, VaAcc: 0.7543, VaLoss:  0.87768	 20 sampled NNs | VaAcc: 0.7419 +- 0.0132 | VaLoss: 0.7940 +- 0.0253
150,  0 | TrAcc: 0.7684, TrLoss:  0.68935, VaAcc: 0.7355, VaLoss:  0.91005	 20 sampled NNs | VaAcc: 0.7234 +- 0.0129 | VaLoss: 0.8372 +- 0.0330
151,  0 | TrAcc: 0.7880, TrLoss:  0.61676, VaAcc: 0.7328, VaLoss:  0.89167	 20 sampled NNs | VaAcc: 0.7204 +- 0.0148 | VaLoss: 0.8134 +- 0.0346
152,  0 | TrAcc: 0.7679, TrLoss:  0.69280, VaAcc: 0.7230, VaLoss:  0.94435	 20 sampled NNs | VaAcc: 0.7142 +- 0.0171 | VaLoss: 0.8597 +- 0.0469
153,  0 | TrAcc: 0.7891, TrLoss:  0.64508, VaAcc: 0.7554, VaLoss:  0.86578	 20 sampled NNs | VaAcc: 0.7445 +- 0.0093 | VaLoss: 0.7900 +- 0.0265
154,  0 | TrAcc: 0.7875, TrLoss:  0.62052, VaAcc: 0.7309, VaLoss:  0.95015	 20 sampled NNs | VaAcc: 0.7222 +- 0.0143 | VaLoss: 0.8591 +- 0.0324
155,  0 | TrAcc: 0.7635, TrLoss:  0.66875, VaAcc: 0.7133, VaLoss:  0.94547	 20 sampled NNs | VaAcc: 0.6945 +- 0.0102 | VaLoss: 0.8834 +- 0.0310
156,  0 | TrAcc: 0.7750, TrLoss:  0.66278, VaAcc: 0.7173, VaLoss:  0.98843	 20 sampled NNs | VaAcc: 0.7055 +- 0.0111 | VaLoss: 0.9017 +- 0.0300
157,  0 | TrAcc: 0.7735, TrLoss:  0.63427, VaAcc: 0.7196, VaLoss:  0.92174	 20 sampled NNs | VaAcc: 0.7105 +- 0.0134 | VaLoss: 0.8386 +- 0.0294
158,  0 | TrAcc: 0.7857, TrLoss:  0.61743, VaAcc: 0.7355, VaLoss:  0.90653	 20 sampled NNs | VaAcc: 0.7148 +- 0.0127 | VaLoss: 0.8500 +- 0.0237
159,  0 | TrAcc: 0.7789, TrLoss:  0.65244, VaAcc: 0.7406, VaLoss:  0.89960	 20 sampled NNs | VaAcc: 0.7338 +- 0.0121 | VaLoss: 0.8095 +- 0.0360
160,  0 | TrAcc: 0.7973, TrLoss:  0.59573, VaAcc: 0.7330, VaLoss:  0.91795	 20 sampled NNs | VaAcc: 0.7269 +- 0.0140 | VaLoss: 0.8313 +- 0.0362
161,  0 | TrAcc: 0.7942, TrLoss:  0.60123, VaAcc: 0.7359, VaLoss:  0.93243	 20 sampled NNs | VaAcc: 0.7247 +- 0.0117 | VaLoss: 0.8532 +- 0.0337
162,  0 | TrAcc: 0.7984, TrLoss:  0.60843, VaAcc: 0.7410, VaLoss:  0.90068	 20 sampled NNs | VaAcc: 0.7282 +- 0.0128 | VaLoss: 0.8216 +- 0.0333
163,  0 | TrAcc: 0.7846, TrLoss:  0.66110, VaAcc: 0.7242, VaLoss:  0.94387	 20 sampled NNs | VaAcc: 0.7093 +- 0.0173 | VaLoss: 0.8702 +- 0.0455
164,  0 | TrAcc: 0.7802, TrLoss:  0.63462, VaAcc: 0.7085, VaLoss:  1.00543	 20 sampled NNs | VaAcc: 0.6941 +- 0.0202 | VaLoss: 0.9209 +- 0.0359
165,  0 | TrAcc: 0.7748, TrLoss:  0.63807, VaAcc: 0.7414, VaLoss:  0.92584	 20 sampled NNs | VaAcc: 0.7242 +- 0.0132 | VaLoss: 0.8434 +- 0.0256
166,  0 | TrAcc: 0.7815, TrLoss:  0.64132, VaAcc: 0.7294, VaLoss:  0.95425	 20 sampled NNs | VaAcc: 0.7125 +- 0.0162 | VaLoss: 0.8855 +- 0.0392
167,  0 | TrAcc: 0.7751, TrLoss:  0.63401, VaAcc: 0.7319, VaLoss:  0.96069	 20 sampled NNs | VaAcc: 0.7204 +- 0.0111 | VaLoss: 0.8819 +- 0.0322
168,  0 | TrAcc: 0.8024, TrLoss:  0.60720, VaAcc: 0.7377, VaLoss:  0.91011	 20 sampled NNs | VaAcc: 0.7313 +- 0.0155 | VaLoss: 0.8255 +- 0.0356
169,  0 | TrAcc: 0.7810, TrLoss:  0.63850, VaAcc: 0.7265, VaLoss:  0.91802	 20 sampled NNs | VaAcc: 0.7146 +- 0.0105 | VaLoss: 0.8418 +- 0.0251
170,  0 | TrAcc: 0.7988, TrLoss:  0.57701, VaAcc: 0.7360, VaLoss:  0.91647	 20 sampled NNs | VaAcc: 0.7293 +- 0.0155 | VaLoss: 0.8149 +- 0.0292
171,  0 | TrAcc: 0.7778, TrLoss:  0.65399, VaAcc: 0.7443, VaLoss:  0.95862	 20 sampled NNs | VaAcc: 0.7323 +- 0.0135 | VaLoss: 0.8776 +- 0.0325
172,  0 | TrAcc: 0.7837, TrLoss:  0.63073, VaAcc: 0.7414, VaLoss:  0.91814	 20 sampled NNs | VaAcc: 0.7269 +- 0.0133 | VaLoss: 0.8425 +- 0.0324
173,  0 | TrAcc: 0.7805, TrLoss:  0.63576, VaAcc: 0.7336, VaLoss:  0.90108	 20 sampled NNs | VaAcc: 0.7307 +- 0.0127 | VaLoss: 0.8094 +- 0.0271
174,  0 | TrAcc: 0.7941, TrLoss:  0.58139, VaAcc: 0.7416, VaLoss:  0.92424	 20 sampled NNs | VaAcc: 0.7382 +- 0.0125 | VaLoss: 0.8223 +- 0.0379
175,  0 | TrAcc: 0.7875, TrLoss:  0.62722, VaAcc: 0.7481, VaLoss:  0.90381	 20 sampled NNs | VaAcc: 0.7352 +- 0.0203 | VaLoss: 0.8222 +- 0.0461
176,  0 | TrAcc: 0.8180, TrLoss:  0.54711, VaAcc: 0.7348, VaLoss:  0.94291	 20 sampled NNs | VaAcc: 0.7255 +- 0.0189 | VaLoss: 0.8567 +- 0.0414
177,  0 | TrAcc: 0.8253, TrLoss:  0.51539, VaAcc: 0.7518, VaLoss:  0.90268	 20 sampled NNs | VaAcc: 0.7484 +- 0.0112 | VaLoss: 0.8045 +- 0.0266
178,  0 | TrAcc: 0.7677, TrLoss:  0.66687, VaAcc: 0.7234, VaLoss:  0.98254	 20 sampled NNs | VaAcc: 0.7171 +- 0.0132 | VaLoss: 0.8880 +- 0.0234
179,  0 | TrAcc: 0.7959, TrLoss:  0.58412, VaAcc: 0.7357, VaLoss:  0.93981	 20 sampled NNs | VaAcc: 0.7253 +- 0.0143 | VaLoss: 0.8610 +- 0.0288
180,  0 | TrAcc: 0.7814, TrLoss:  0.63304, VaAcc: 0.7424, VaLoss:  0.91756	 20 sampled NNs | VaAcc: 0.7343 +- 0.0145 | VaLoss: 0.8346 +- 0.0360
181,  0 | TrAcc: 0.7959, TrLoss:  0.60285, VaAcc: 0.7517, VaLoss:  0.89385	 20 sampled NNs | VaAcc: 0.7391 +- 0.0164 | VaLoss: 0.8242 +- 0.0421
182,  0 | TrAcc: 0.7951, TrLoss:  0.58410, VaAcc: 0.7471, VaLoss:  0.90561	 20 sampled NNs | VaAcc: 0.7377 +- 0.0144 | VaLoss: 0.8180 +- 0.0423
183,  0 | TrAcc: 0.7891, TrLoss:  0.60872, VaAcc: 0.7459, VaLoss:  0.91191	 20 sampled NNs | VaAcc: 0.7356 +- 0.0099 | VaLoss: 0.8220 +- 0.0193
184,  0 | TrAcc: 0.7689, TrLoss:  0.66348, VaAcc: 0.7466, VaLoss:  0.89846	 20 sampled NNs | VaAcc: 0.7298 +- 0.0130 | VaLoss: 0.8183 +- 0.0245
185,  0 | TrAcc: 0.7987, TrLoss:  0.57748, VaAcc: 0.7557, VaLoss:  0.90336	 20 sampled NNs | VaAcc: 0.7456 +- 0.0132 | VaLoss: 0.8221 +- 0.0282
186,  0 | TrAcc: 0.7883, TrLoss:  0.62589, VaAcc: 0.7269, VaLoss:  0.94866	 20 sampled NNs | VaAcc: 0.7181 +- 0.0166 | VaLoss: 0.8612 +- 0.0480
187,  0 | TrAcc: 0.7869, TrLoss:  0.62256, VaAcc: 0.7560, VaLoss:  0.90792	 20 sampled NNs | VaAcc: 0.7439 +- 0.0158 | VaLoss: 0.8351 +- 0.0295
188,  0 | TrAcc: 0.7976, TrLoss:  0.62320, VaAcc: 0.7486, VaLoss:  0.91648	 20 sampled NNs | VaAcc: 0.7358 +- 0.0219 | VaLoss: 0.8338 +- 0.0515
189,  0 | TrAcc: 0.7738, TrLoss:  0.68224, VaAcc: 0.7270, VaLoss:  0.97278	 20 sampled NNs | VaAcc: 0.7130 +- 0.0130 | VaLoss: 0.8964 +- 0.0410
190,  0 | TrAcc: 0.7650, TrLoss:  0.67631, VaAcc: 0.7267, VaLoss:  0.94871	 20 sampled NNs | VaAcc: 0.7153 +- 0.0120 | VaLoss: 0.8614 +- 0.0211
191,  0 | TrAcc: 0.7927, TrLoss:  0.60476, VaAcc: 0.7602, VaLoss:  0.89612	 20 sampled NNs | VaAcc: 0.7489 +- 0.0131 | VaLoss: 0.8082 +- 0.0313
192,  0 | TrAcc: 0.7901, TrLoss:  0.60887, VaAcc: 0.7328, VaLoss:  0.96538	 20 sampled NNs | VaAcc: 0.7234 +- 0.0187 | VaLoss: 0.8721 +- 0.0435
193,  0 | TrAcc: 0.7835, TrLoss:  0.61829, VaAcc: 0.7259, VaLoss:  0.96847	 20 sampled NNs | VaAcc: 0.7169 +- 0.0154 | VaLoss: 0.8735 +- 0.0377
194,  0 | TrAcc: 0.8033, TrLoss:  0.59926, VaAcc: 0.7382, VaLoss:  0.90839	 20 sampled NNs | VaAcc: 0.7333 +- 0.0110 | VaLoss: 0.8103 +- 0.0305
195,  0 | TrAcc: 0.7860, TrLoss:  0.61375, VaAcc: 0.7413, VaLoss:  0.93446	 20 sampled NNs | VaAcc: 0.7331 +- 0.0180 | VaLoss: 0.8344 +- 0.0437
196,  0 | TrAcc: 0.7802, TrLoss:  0.64056, VaAcc: 0.7301, VaLoss:  0.95182	 20 sampled NNs | VaAcc: 0.7196 +- 0.0148 | VaLoss: 0.8635 +- 0.0392
197,  0 | TrAcc: 0.7948, TrLoss:  0.59684, VaAcc: 0.7394, VaLoss:  0.90548	 20 sampled NNs | VaAcc: 0.7347 +- 0.0157 | VaLoss: 0.8084 +- 0.0319
198,  0 | TrAcc: 0.7971, TrLoss:  0.63297, VaAcc: 0.7445, VaLoss:  0.93727	 20 sampled NNs | VaAcc: 0.7409 +- 0.0143 | VaLoss: 0.8377 +- 0.0338
199,  0 | TrAcc: 0.7657, TrLoss:  0.69172, VaAcc: 0.7245, VaLoss:  0.92112	 20 sampled NNs | VaAcc: 0.7191 +- 0.0139 | VaLoss: 0.8303 +- 0.0348
200,  0 | TrAcc: 0.7924, TrLoss:  0.59279, VaAcc: 0.7220, VaLoss:  0.98255	 20 sampled NNs | VaAcc: 0.7160 +- 0.0148 | VaLoss: 0.8946 +- 0.0362
201,  0 | TrAcc: 0.8072, TrLoss:  0.56768, VaAcc: 0.7559, VaLoss:  0.89744	 20 sampled NNs | VaAcc: 0.7426 +- 0.0116 | VaLoss: 0.8231 +- 0.0337
202,  0 | TrAcc: 0.7816, TrLoss:  0.63195, VaAcc: 0.7422, VaLoss:  0.90310	 20 sampled NNs | VaAcc: 0.7322 +- 0.0113 | VaLoss: 0.8051 +- 0.0267
203,  0 | TrAcc: 0.7987, TrLoss:  0.58614, VaAcc: 0.7263, VaLoss:  0.93008	 20 sampled NNs | VaAcc: 0.7219 +- 0.0114 | VaLoss: 0.8410 +- 0.0295
204,  0 | TrAcc: 0.8018, TrLoss:  0.57494, VaAcc: 0.7438, VaLoss:  0.91523	 20 sampled NNs | VaAcc: 0.7416 +- 0.0115 | VaLoss: 0.8204 +- 0.0427
205,  0 | TrAcc: 0.8033, TrLoss:  0.59114, VaAcc: 0.7230, VaLoss:  0.96235	 20 sampled NNs | VaAcc: 0.7117 +- 0.0173 | VaLoss: 0.8720 +- 0.0361
206,  0 | TrAcc: 0.7954, TrLoss:  0.57934, VaAcc: 0.7402, VaLoss:  0.94753	 20 sampled NNs | VaAcc: 0.7293 +- 0.0110 | VaLoss: 0.8538 +- 0.0333
207,  0 | TrAcc: 0.8074, TrLoss:  0.58548, VaAcc: 0.7192, VaLoss:  0.98646	 20 sampled NNs | VaAcc: 0.7113 +- 0.0170 | VaLoss: 0.8867 +- 0.0317
208,  0 | TrAcc: 0.8039, TrLoss:  0.57171, VaAcc: 0.7390, VaLoss:  0.92624	 20 sampled NNs | VaAcc: 0.7322 +- 0.0103 | VaLoss: 0.8273 +- 0.0240
209,  0 | TrAcc: 0.7738, TrLoss:  0.64701, VaAcc: 0.7039, VaLoss:  1.03191	 20 sampled NNs | VaAcc: 0.6957 +- 0.0123 | VaLoss: 0.9327 +- 0.0344
210,  0 | TrAcc: 0.8056, TrLoss:  0.57212, VaAcc: 0.7529, VaLoss:  0.86410	 20 sampled NNs | VaAcc: 0.7483 +- 0.0111 | VaLoss: 0.7655 +- 0.0284
211,  0 | TrAcc: 0.7940, TrLoss:  0.60841, VaAcc: 0.7597, VaLoss:  0.90251	 20 sampled NNs | VaAcc: 0.7524 +- 0.0123 | VaLoss: 0.8031 +- 0.0307
212,  0 | TrAcc: 0.8061, TrLoss:  0.57056, VaAcc: 0.7577, VaLoss:  0.91478	 20 sampled NNs | VaAcc: 0.7516 +- 0.0077 | VaLoss: 0.8197 +- 0.0192
213,  0 | TrAcc: 0.8277, TrLoss:  0.54606, VaAcc: 0.7483, VaLoss:  0.96836	 20 sampled NNs | VaAcc: 0.7330 +- 0.0082 | VaLoss: 0.8854 +- 0.0303
214,  0 | TrAcc: 0.7954, TrLoss:  0.61000, VaAcc: 0.7532, VaLoss:  0.89888	 20 sampled NNs | VaAcc: 0.7443 +- 0.0107 | VaLoss: 0.8007 +- 0.0244
215,  0 | TrAcc: 0.7941, TrLoss:  0.59683, VaAcc: 0.7377, VaLoss:  0.93177	 20 sampled NNs | VaAcc: 0.7296 +- 0.0124 | VaLoss: 0.8408 +- 0.0390
216,  0 | TrAcc: 0.7999, TrLoss:  0.60215, VaAcc: 0.7294, VaLoss:  0.96112	 20 sampled NNs | VaAcc: 0.7221 +- 0.0119 | VaLoss: 0.8581 +- 0.0245
217,  0 | TrAcc: 0.8066, TrLoss:  0.57275, VaAcc: 0.7514, VaLoss:  0.90329	 20 sampled NNs | VaAcc: 0.7456 +- 0.0152 | VaLoss: 0.7994 +- 0.0427
218,  0 | TrAcc: 0.8052, TrLoss:  0.57732, VaAcc: 0.7569, VaLoss:  0.86571	 20 sampled NNs | VaAcc: 0.7538 +- 0.0133 | VaLoss: 0.7627 +- 0.0381
219,  0 | TrAcc: 0.7824, TrLoss:  0.64475, VaAcc: 0.7581, VaLoss:  0.89927	 20 sampled NNs | VaAcc: 0.7484 +- 0.0128 | VaLoss: 0.8035 +- 0.0349
220,  0 | TrAcc: 0.8121, TrLoss:  0.53923, VaAcc: 0.7469, VaLoss:  0.89103	 20 sampled NNs | VaAcc: 0.7406 +- 0.0124 | VaLoss: 0.7946 +- 0.0302
221,  0 | TrAcc: 0.8127, TrLoss:  0.55251, VaAcc: 0.7600, VaLoss:  0.89459	 20 sampled NNs | VaAcc: 0.7526 +- 0.0123 | VaLoss: 0.8024 +- 0.0411
222,  0 | TrAcc: 0.7978, TrLoss:  0.61995, VaAcc: 0.7548, VaLoss:  0.87321	 20 sampled NNs | VaAcc: 0.7501 +- 0.0115 | VaLoss: 0.7790 +- 0.0285
223,  0 | TrAcc: 0.8160, TrLoss:  0.54518, VaAcc: 0.7475, VaLoss:  0.88387	 20 sampled NNs | VaAcc: 0.7438 +- 0.0095 | VaLoss: 0.7786 +- 0.0336
224,  0 | TrAcc: 0.8011, TrLoss:  0.57610, VaAcc: 0.7382, VaLoss:  0.93198	 20 sampled NNs | VaAcc: 0.7326 +- 0.0097 | VaLoss: 0.8339 +- 0.0262
225,  0 | TrAcc: 0.8049, TrLoss:  0.56466, VaAcc: 0.7520, VaLoss:  0.92187	 20 sampled NNs | VaAcc: 0.7434 +- 0.0148 | VaLoss: 0.8201 +- 0.0286
226,  0 | TrAcc: 0.8026, TrLoss:  0.57619, VaAcc: 0.7495, VaLoss:  0.89486	 20 sampled NNs | VaAcc: 0.7462 +- 0.0107 | VaLoss: 0.7908 +- 0.0259
227,  0 | TrAcc: 0.8103, TrLoss:  0.57190, VaAcc: 0.7387, VaLoss:  0.94249	 20 sampled NNs | VaAcc: 0.7365 +- 0.0138 | VaLoss: 0.8305 +- 0.0343
228,  0 | TrAcc: 0.8096, TrLoss:  0.55997, VaAcc: 0.7618, VaLoss:  0.90396	 20 sampled NNs | VaAcc: 0.7530 +- 0.0081 | VaLoss: 0.8046 +- 0.0285
229,  0 | TrAcc: 0.8126, TrLoss:  0.54883, VaAcc: 0.7502, VaLoss:  0.90715	 20 sampled NNs | VaAcc: 0.7442 +- 0.0130 | VaLoss: 0.8055 +- 0.0360
230,  0 | TrAcc: 0.8083, TrLoss:  0.60176, VaAcc: 0.7470, VaLoss:  0.92202	 20 sampled NNs | VaAcc: 0.7442 +- 0.0129 | VaLoss: 0.8146 +- 0.0304
231,  0 | TrAcc: 0.7713, TrLoss:  0.65713, VaAcc: 0.7516, VaLoss:  0.88757	 20 sampled NNs | VaAcc: 0.7501 +- 0.0104 | VaLoss: 0.7860 +- 0.0320
232,  0 | TrAcc: 0.7829, TrLoss:  0.64434, VaAcc: 0.7415, VaLoss:  0.93410	 20 sampled NNs | VaAcc: 0.7375 +- 0.0131 | VaLoss: 0.8277 +- 0.0342
233,  0 | TrAcc: 0.8122, TrLoss:  0.56427, VaAcc: 0.7157, VaLoss:  1.00949	 20 sampled NNs | VaAcc: 0.7083 +- 0.0155 | VaLoss: 0.9119 +- 0.0424
234,  0 | TrAcc: 0.8039, TrLoss:  0.56504, VaAcc: 0.7501, VaLoss:  0.88460	 20 sampled NNs | VaAcc: 0.7451 +- 0.0126 | VaLoss: 0.7880 +- 0.0284
235,  0 | TrAcc: 0.8045, TrLoss:  0.57836, VaAcc: 0.7438, VaLoss:  0.89952	 20 sampled NNs | VaAcc: 0.7343 +- 0.0103 | VaLoss: 0.8087 +- 0.0262
236,  0 | TrAcc: 0.7763, TrLoss:  0.65406, VaAcc: 0.7609, VaLoss:  0.86049	 20 sampled NNs | VaAcc: 0.7554 +- 0.0115 | VaLoss: 0.7613 +- 0.0338
237,  0 | TrAcc: 0.7980, TrLoss:  0.60829, VaAcc: 0.7247, VaLoss:  0.97136	 20 sampled NNs | VaAcc: 0.7196 +- 0.0118 | VaLoss: 0.8747 +- 0.0272
238,  0 | TrAcc: 0.7724, TrLoss:  0.65706, VaAcc: 0.7435, VaLoss:  0.94383	 20 sampled NNs | VaAcc: 0.7364 +- 0.0139 | VaLoss: 0.8430 +- 0.0299
239,  0 | TrAcc: 0.8041, TrLoss:  0.58302, VaAcc: 0.7449, VaLoss:  0.91202	 20 sampled NNs | VaAcc: 0.7360 +- 0.0137 | VaLoss: 0.8112 +- 0.0379
240,  0 | TrAcc: 0.8025, TrLoss:  0.59621, VaAcc: 0.7392, VaLoss:  0.91591	 20 sampled NNs | VaAcc: 0.7311 +- 0.0115 | VaLoss: 0.8142 +- 0.0301
241,  0 | TrAcc: 0.7785, TrLoss:  0.64681, VaAcc: 0.7414, VaLoss:  0.94264	 20 sampled NNs | VaAcc: 0.7348 +- 0.0136 | VaLoss: 0.8437 +- 0.0323
242,  0 | TrAcc: 0.7961, TrLoss:  0.60124, VaAcc: 0.7466, VaLoss:  0.87706	 20 sampled NNs | VaAcc: 0.7431 +- 0.0161 | VaLoss: 0.7833 +- 0.0311
243,  0 | TrAcc: 0.8158, TrLoss:  0.55643, VaAcc: 0.7583, VaLoss:  0.92259	 20 sampled NNs | VaAcc: 0.7496 +- 0.0118 | VaLoss: 0.8144 +- 0.0461
244,  0 | TrAcc: 0.8034, TrLoss:  0.58121, VaAcc: 0.7542, VaLoss:  0.89534	 20 sampled NNs | VaAcc: 0.7422 +- 0.0125 | VaLoss: 0.8134 +- 0.0339
245,  0 | TrAcc: 0.8250, TrLoss:  0.53149, VaAcc: 0.7417, VaLoss:  0.93424	 20 sampled NNs | VaAcc: 0.7401 +- 0.0110 | VaLoss: 0.8296 +- 0.0268
246,  0 | TrAcc: 0.7884, TrLoss:  0.61498, VaAcc: 0.7310, VaLoss:  0.96544	 20 sampled NNs | VaAcc: 0.7269 +- 0.0142 | VaLoss: 0.8594 +- 0.0485
247,  0 | TrAcc: 0.7790, TrLoss:  0.66179, VaAcc: 0.7427, VaLoss:  0.89125	 20 sampled NNs | VaAcc: 0.7304 +- 0.0079 | VaLoss: 0.8062 +- 0.0289
248,  0 | TrAcc: 0.8183, TrLoss:  0.54333, VaAcc: 0.7520, VaLoss:  0.90863	 20 sampled NNs | VaAcc: 0.7439 +- 0.0141 | VaLoss: 0.8067 +- 0.0443
249,  0 | TrAcc: 0.8112, TrLoss:  0.56604, VaAcc: 0.7450, VaLoss:  0.91536	 20 sampled NNs | VaAcc: 0.7337 +- 0.0280 | VaLoss: 0.8251 +- 0.0621
250,  0 | TrAcc: 0.8164, TrLoss:  0.53006, VaAcc: 0.7447, VaLoss:  0.91801	 20 sampled NNs | VaAcc: 0.7396 +- 0.0132 | VaLoss: 0.8041 +- 0.0322
251,  0 | TrAcc: 0.8057, TrLoss:  0.59969, VaAcc: 0.7625, VaLoss:  0.89512	 20 sampled NNs | VaAcc: 0.7573 +- 0.0111 | VaLoss: 0.7957 +- 0.0336
252,  0 | TrAcc: 0.8169, TrLoss:  0.56065, VaAcc: 0.7588, VaLoss:  0.85109	 20 sampled NNs | VaAcc: 0.7531 +- 0.0115 | VaLoss: 0.7425 +- 0.0233
253,  0 | TrAcc: 0.8094, TrLoss:  0.58477, VaAcc: 0.7693, VaLoss:  0.87307	 20 sampled NNs | VaAcc: 0.7611 +- 0.0091 | VaLoss: 0.7857 +- 0.0282
254,  0 | TrAcc: 0.8217, TrLoss:  0.51060, VaAcc: 0.7625, VaLoss:  0.93863	 20 sampled NNs | VaAcc: 0.7604 +- 0.0089 | VaLoss: 0.8306 +- 0.0245
255,  0 | TrAcc: 0.8089, TrLoss:  0.58574, VaAcc: 0.7692, VaLoss:  0.88114	 20 sampled NNs | VaAcc: 0.7626 +- 0.0103 | VaLoss: 0.7854 +- 0.0308
256,  0 | TrAcc: 0.8149, TrLoss:  0.54329, VaAcc: 0.7507, VaLoss:  0.87954	 20 sampled NNs | VaAcc: 0.7409 +- 0.0133 | VaLoss: 0.7871 +- 0.0326
257,  0 | TrAcc: 0.8113, TrLoss:  0.55787, VaAcc: 0.7394, VaLoss:  0.92631	 20 sampled NNs | VaAcc: 0.7311 +- 0.0103 | VaLoss: 0.8437 +- 0.0370
258,  0 | TrAcc: 0.8252, TrLoss:  0.54074, VaAcc: 0.7640, VaLoss:  0.90070	 20 sampled NNs | VaAcc: 0.7615 +- 0.0083 | VaLoss: 0.7975 +- 0.0326
259,  0 | TrAcc: 0.8198, TrLoss:  0.54153, VaAcc: 0.7483, VaLoss:  0.92248	 20 sampled NNs | VaAcc: 0.7395 +- 0.0132 | VaLoss: 0.8275 +- 0.0346
260,  0 | TrAcc: 0.8245, TrLoss:  0.51375, VaAcc: 0.7733, VaLoss:  0.89455	 20 sampled NNs | VaAcc: 0.7747 +- 0.0103 | VaLoss: 0.7733 +- 0.0316
261,  0 | TrAcc: 0.8095, TrLoss:  0.55744, VaAcc: 0.7480, VaLoss:  0.90358	 20 sampled NNs | VaAcc: 0.7387 +- 0.0129 | VaLoss: 0.8071 +- 0.0346
262,  0 | TrAcc: 0.8127, TrLoss:  0.54437, VaAcc: 0.7626, VaLoss:  0.89096	 20 sampled NNs | VaAcc: 0.7609 +- 0.0103 | VaLoss: 0.7754 +- 0.0276
263,  0 | TrAcc: 0.7992, TrLoss:  0.56479, VaAcc: 0.7456, VaLoss:  0.95476	 20 sampled NNs | VaAcc: 0.7412 +- 0.0083 | VaLoss: 0.8508 +- 0.0333
264,  0 | TrAcc: 0.8035, TrLoss:  0.58167, VaAcc: 0.7641, VaLoss:  0.89121	 20 sampled NNs | VaAcc: 0.7599 +- 0.0097 | VaLoss: 0.7829 +- 0.0228
265,  0 | TrAcc: 0.8133, TrLoss:  0.56335, VaAcc: 0.7368, VaLoss:  1.02384	 20 sampled NNs | VaAcc: 0.7302 +- 0.0125 | VaLoss: 0.9216 +- 0.0327
266,  0 | TrAcc: 0.7890, TrLoss:  0.61327, VaAcc: 0.7784, VaLoss:  0.87903	 20 sampled NNs | VaAcc: 0.7670 +- 0.0254 | VaLoss: 0.7750 +- 0.0634
267,  0 | TrAcc: 0.8253, TrLoss:  0.51346, VaAcc: 0.7458, VaLoss:  0.88371	 20 sampled NNs | VaAcc: 0.7419 +- 0.0130 | VaLoss: 0.7714 +- 0.0301
268,  0 | TrAcc: 0.7986, TrLoss:  0.57072, VaAcc: 0.7622, VaLoss:  0.91001	 20 sampled NNs | VaAcc: 0.7515 +- 0.0116 | VaLoss: 0.8069 +- 0.0311
269,  0 | TrAcc: 0.7995, TrLoss:  0.60188, VaAcc: 0.7578, VaLoss:  0.90629	 20 sampled NNs | VaAcc: 0.7560 +- 0.0076 | VaLoss: 0.7982 +- 0.0255
270,  0 | TrAcc: 0.7908, TrLoss:  0.64632, VaAcc: 0.7503, VaLoss:  0.86407	 20 sampled NNs | VaAcc: 0.7477 +- 0.0138 | VaLoss: 0.7627 +- 0.0283
271,  0 | TrAcc: 0.8183, TrLoss:  0.51776, VaAcc: 0.7512, VaLoss:  0.88418	 20 sampled NNs | VaAcc: 0.7463 +- 0.0100 | VaLoss: 0.7801 +- 0.0272
272,  0 | TrAcc: 0.8231, TrLoss:  0.52175, VaAcc: 0.7375, VaLoss:  0.95433	 20 sampled NNs | VaAcc: 0.7314 +- 0.0101 | VaLoss: 0.8615 +- 0.0430
273,  0 | TrAcc: 0.8090, TrLoss:  0.57864, VaAcc: 0.7589, VaLoss:  0.87520	 20 sampled NNs | VaAcc: 0.7509 +- 0.0105 | VaLoss: 0.7741 +- 0.0288
274,  0 | TrAcc: 0.8098, TrLoss:  0.57415, VaAcc: 0.7591, VaLoss:  0.86551	 20 sampled NNs | VaAcc: 0.7533 +- 0.0143 | VaLoss: 0.7629 +- 0.0232
275,  0 | TrAcc: 0.8086, TrLoss:  0.56849, VaAcc: 0.7391, VaLoss:  0.92274	 20 sampled NNs | VaAcc: 0.7347 +- 0.0088 | VaLoss: 0.8182 +- 0.0330
276,  0 | TrAcc: 0.8157, TrLoss:  0.56559, VaAcc: 0.7484, VaLoss:  0.90593	 20 sampled NNs | VaAcc: 0.7411 +- 0.0090 | VaLoss: 0.8020 +- 0.0286
277,  0 | TrAcc: 0.8044, TrLoss:  0.57031, VaAcc: 0.7700, VaLoss:  0.86295	 20 sampled NNs | VaAcc: 0.7644 +- 0.0095 | VaLoss: 0.7573 +- 0.0325
278,  0 | TrAcc: 0.7938, TrLoss:  0.61139, VaAcc: 0.7396, VaLoss:  0.90838	 20 sampled NNs | VaAcc: 0.7289 +- 0.0150 | VaLoss: 0.8211 +- 0.0247
279,  0 | TrAcc: 0.8220, TrLoss:  0.53725, VaAcc: 0.7406, VaLoss:  0.96856	 20 sampled NNs | VaAcc: 0.7344 +- 0.0097 | VaLoss: 0.8647 +- 0.0354
280,  0 | TrAcc: 0.8001, TrLoss:  0.56959, VaAcc: 0.7497, VaLoss:  0.92007	 20 sampled NNs | VaAcc: 0.7413 +- 0.0089 | VaLoss: 0.8123 +- 0.0233
281,  0 | TrAcc: 0.8054, TrLoss:  0.59467, VaAcc: 0.7233, VaLoss:  0.98530	 20 sampled NNs | VaAcc: 0.7158 +- 0.0129 | VaLoss: 0.8816 +- 0.0347
282,  0 | TrAcc: 0.7973, TrLoss:  0.59180, VaAcc: 0.7531, VaLoss:  0.89994	 20 sampled NNs | VaAcc: 0.7495 +- 0.0075 | VaLoss: 0.7900 +- 0.0276
283,  0 | TrAcc: 0.7809, TrLoss:  0.64097, VaAcc: 0.7248, VaLoss:  1.01694	 20 sampled NNs | VaAcc: 0.7184 +- 0.0111 | VaLoss: 0.9112 +- 0.0426
284,  0 | TrAcc: 0.7915, TrLoss:  0.59698, VaAcc: 0.7398, VaLoss:  0.94605	 20 sampled NNs | VaAcc: 0.7382 +- 0.0091 | VaLoss: 0.8380 +- 0.0351
285,  0 | TrAcc: 0.8042, TrLoss:  0.60919, VaAcc: 0.7339, VaLoss:  0.96537	 20 sampled NNs | VaAcc: 0.7256 +- 0.0079 | VaLoss: 0.8621 +- 0.0355
286,  0 | TrAcc: 0.8053, TrLoss:  0.60072, VaAcc: 0.7435, VaLoss:  0.95436	 20 sampled NNs | VaAcc: 0.7346 +- 0.0097 | VaLoss: 0.8502 +- 0.0357
287,  0 | TrAcc: 0.8109, TrLoss:  0.56493, VaAcc: 0.7526, VaLoss:  0.96391	 20 sampled NNs | VaAcc: 0.7528 +- 0.0069 | VaLoss: 0.8478 +- 0.0279
288,  0 | TrAcc: 0.7926, TrLoss:  0.56711, VaAcc: 0.7511, VaLoss:  0.93688	 20 sampled NNs | VaAcc: 0.7464 +- 0.0061 | VaLoss: 0.8203 +- 0.0241
289,  0 | TrAcc: 0.8335, TrLoss:  0.50444, VaAcc: 0.7421, VaLoss:  0.92048	 20 sampled NNs | VaAcc: 0.7358 +- 0.0104 | VaLoss: 0.8218 +- 0.0299
290,  0 | TrAcc: 0.8188, TrLoss:  0.54047, VaAcc: 0.7632, VaLoss:  0.85281	 20 sampled NNs | VaAcc: 0.7597 +- 0.0119 | VaLoss: 0.7485 +- 0.0380
291,  0 | TrAcc: 0.8301, TrLoss:  0.52170, VaAcc: 0.7598, VaLoss:  0.96562	 20 sampled NNs | VaAcc: 0.7560 +- 0.0100 | VaLoss: 0.8621 +- 0.0240
292,  0 | TrAcc: 0.8093, TrLoss:  0.55653, VaAcc: 0.7617, VaLoss:  0.86806	 20 sampled NNs | VaAcc: 0.7565 +- 0.0109 | VaLoss: 0.7599 +- 0.0267
293,  0 | TrAcc: 0.7819, TrLoss:  0.63396, VaAcc: 0.7556, VaLoss:  0.89561	 20 sampled NNs | VaAcc: 0.7547 +- 0.0099 | VaLoss: 0.7772 +- 0.0338
294,  0 | TrAcc: 0.8421, TrLoss:  0.46431, VaAcc: 0.7537, VaLoss:  0.93041	 20 sampled NNs | VaAcc: 0.7479 +- 0.0092 | VaLoss: 0.8192 +- 0.0259
295,  0 | TrAcc: 0.7893, TrLoss:  0.60429, VaAcc: 0.7412, VaLoss:  0.97804	 20 sampled NNs | VaAcc: 0.7287 +- 0.0370 | VaLoss: 0.9040 +- 0.1840
296,  0 | TrAcc: 0.8182, TrLoss:  0.54208, VaAcc: 0.7646, VaLoss:  0.92177	 20 sampled NNs | VaAcc: 0.7561 +- 0.0091 | VaLoss: 0.8229 +- 0.0259
297,  0 | TrAcc: 0.8191, TrLoss:  0.56612, VaAcc: 0.7555, VaLoss:  0.89889	 20 sampled NNs | VaAcc: 0.7526 +- 0.0110 | VaLoss: 0.7849 +- 0.0261
298,  0 | TrAcc: 0.7969, TrLoss:  0.58699, VaAcc: 0.7501, VaLoss:  0.88713	 20 sampled NNs | VaAcc: 0.7474 +- 0.0086 | VaLoss: 0.7779 +- 0.0264
299,  0 | TrAcc: 0.8107, TrLoss:  0.55252, VaAcc: 0.7489, VaLoss:  0.87008	 20 sampled NNs | VaAcc: 0.7417 +- 0.0124 | VaLoss: 0.7706 +- 0.0329
17675.878446
----------------------------
