

config:

HOME=/clusterFS/home/student/kopp13
PATH=/clusterFS/home/student/kopp13/miniconda3/envs/tensorflow/bin:/clusterFS/home/student/kopp13/miniconda3/bin:/clusterFS/home/student/kopp13/bin:/usr/local/bin:/usr/bin:/bin:/usr/local/games:/usr/games
LD_LIBRARY_PATH=
THEANO_FLAGS=floatX=float32,gpuarray.preallocate=0.9,dnn.library_path=/usr/lib/x86_64-linux-gnu,cxx=clang++-3.8,device=cuda,base_compiledir=/tmp/tmp.reFekpJNkJ

=============================
CONFIG FILE

RNN CONFIG
{'data_multiplier': 2.0,
 'gradient_clip_value': 0.5,
 'layer_configs': [{'layer_type': 'input'},
                   {'bc': {'init_m': 'xavier',
                           'init_v': -4.5,
                           'prior_m': 0.0,
                           'prior_v': 0.0,
                           'type': 'continuous'},
                    'bf': {'init_m': 'xavier',
                           'init_v': -4.5,
                           'prior_m': 0.0,
                           'prior_v': 0.0,
                           'type': 'continuous'},
                    'bi': {'init_m': 'xavier',
                           'init_v': -4.5,
                           'prior_m': 0.0,
                           'prior_v': 0.0,
                           'type': 'continuous'},
                    'bo': {'init_m': 'xavier',
                           'init_v': -4.5,
                           'prior_m': 0.0,
                           'prior_v': 0.0,
                           'type': 'continuous'},
                    'init_config': {'c': {'b': 'all_zero', 'w': 'xavier'},
                                    'f': {'b': 'all_one', 'w': 'all_zero'},
                                    'i': {'b': 'all_zero', 'w': 'xavier'},
                                    'o': {'b': 'all_zero', 'w': 'xavier'}},
                    'is_output': False,
                    'is_recurrent': True,
                    'layer_type': 'lstm',
                    'tau': 0.2,
                    'var_scope': 'lstm_0',
                    'wc': {'p0max': 0.95,
                           'p0min': 0.05,
                           'pmax': 0.99,
                           'pmin': 0.01,
                           'priors': [0.1, 0.8, 0.1],
                           'type': 'ternary'},
                    'wf': {'p0max': 0.95,
                           'p0min': 0.05,
                           'pmax': 0.99,
                           'pmin': 0.01,
                           'priors': [0.1, 0.8, 0.1],
                           'type': 'ternary'},
                    'wi': {'p0max': 0.95,
                           'p0min': 0.05,
                           'pmax': 0.99,
                           'pmin': 0.01,
                           'priors': [0.1, 0.8, 0.1],
                           'type': 'ternary'},
                    'wo': {'p0max': 0.95,
                           'p0min': 0.05,
                           'pmax': 0.99,
                           'pmin': 0.01,
                           'priors': [0.1, 0.8, 0.1],
                           'type': 'ternary'}},
                   {'bc': {'init_m': 'xavier',
                           'init_v': -4.5,
                           'prior_m': 0.0,
                           'prior_v': 0.0,
                           'type': 'continuous'},
                    'bf': {'init_m': 'xavier',
                           'init_v': -4.5,
                           'prior_m': 0.0,
                           'prior_v': 0.0,
                           'type': 'continuous'},
                    'bi': {'init_m': 'xavier',
                           'init_v': -4.5,
                           'prior_m': 0.0,
                           'prior_v': 0.0,
                           'type': 'continuous'},
                    'bo': {'init_m': 'xavier',
                           'init_v': -4.5,
                           'prior_m': 0.0,
                           'prior_v': 0.0,
                           'type': 'continuous'},
                    'init_config': {'c': {'b': 'all_zero', 'w': 'xavier'},
                                    'f': {'b': 'all_one', 'w': 'all_zero'},
                                    'i': {'b': 'all_zero', 'w': 'xavier'},
                                    'o': {'b': 'all_zero', 'w': 'xavier'}},
                    'is_output': False,
                    'is_recurrent': True,
                    'layer_type': 'lstm',
                    'tau': 0.2,
                    'var_scope': 'lstm_1',
                    'wc': {'p0max': 0.95,
                           'p0min': 0.05,
                           'pmax': 0.99,
                           'pmin': 0.01,
                           'priors': [0.1, 0.8, 0.1],
                           'type': 'ternary'},
                    'wf': {'p0max': 0.95,
                           'p0min': 0.05,
                           'pmax': 0.99,
                           'pmin': 0.01,
                           'priors': [0.1, 0.8, 0.1],
                           'type': 'ternary'},
                    'wi': {'p0max': 0.95,
                           'p0min': 0.05,
                           'pmax': 0.99,
                           'pmin': 0.01,
                           'priors': [0.1, 0.8, 0.1],
                           'type': 'ternary'},
                    'wo': {'p0max': 0.95,
                           'p0min': 0.05,
                           'pmax': 0.99,
                           'pmin': 0.01,
                           'priors': [0.1, 0.8, 0.1],
                           'type': 'ternary'}},
                   {'b': {'init_m': 'xavier',
                          'init_v': -4.5,
                          'prior_m': 0.0,
                          'prior_v': 0.0,
                          'type': 'continuous'},
                    'is_output': True,
                    'is_recurrent': False,
                    'layer_type': 'fc',
                    'regularization': {'mode': None, 'strength': 0.02},
                    'tau': 0.2,
                    'var_scope': 'output_layer',
                    'w': {'p0max': 0.95,
                          'p0min': 0.05,
                          'pmax': 0.99,
                          'pmin': 0.01,
                          'priors': [0.1, 0.8, 0.1],
                          'type': 'ternary'}}],
 'layout': [4, 60, 60, 10],
 'output_type': 'classification'}

DATA CONFIG
{'dataset': 'red_penstroke',
 'tr': {'in_seq_len': 30,
        'minibatch_enabled': True,
        'minibatch_size': 200,
        'out_seq_len': 5,
        'zero_padding': 20},
 'va': {'in_seq_len': 30,
        'minibatch_enabled': True,
        'minibatch_size': 200,
        'out_seq_len': 5,
        'zero_padding': 20}}

TRAINING CONFIG
{'beta_reg': 0.0,
 'is_pretrain': False,
 'learning_rate': 0.001,
 'max_epochs': 200,
 'mode': {'max_epochs': 400, 'min_error': 0.0, 'name': 'classic'},
 'task_id': 2,
 'type': 'l_sampling',
 'var_reg': 0.01}
==============================


pretraning is over
  0,  0 | TrAcc: 0.0803, TrLoss:  6.92995, VaAcc: 0.0854, VaLoss:  6.96519	 10 sampled NNs | VaAcc: 0.0680 +- 0.0226 | VaLoss: 6.4531 +- 1.8694
  1,  0 | TrAcc: 0.1215, TrLoss:  2.79382, VaAcc: 0.1128, VaLoss:  2.81398	 10 sampled NNs | VaAcc: 0.1222 +- 0.0200 | VaLoss: 2.7661 +- 0.4371
  2,  0 | TrAcc: 0.1352, TrLoss:  2.58233, VaAcc: 0.1273, VaLoss:  2.59166	 10 sampled NNs | VaAcc: 0.1252 +- 0.0171 | VaLoss: 2.5705 +- 0.2229
  3,  0 | TrAcc: 0.1492, TrLoss:  2.49246, VaAcc: 0.1415, VaLoss:  2.47170	 10 sampled NNs | VaAcc: 0.1386 +- 0.0176 | VaLoss: 2.4958 +- 0.1175
  4,  0 | TrAcc: 0.1958, TrLoss:  2.28457, VaAcc: 0.1968, VaLoss:  2.23071	 10 sampled NNs | VaAcc: 0.1721 +- 0.0341 | VaLoss: 2.3988 +- 0.0928
  5,  0 | TrAcc: 0.2151, TrLoss:  2.20389, VaAcc: 0.2128, VaLoss:  2.14990	 10 sampled NNs | VaAcc: 0.1981 +- 0.0306 | VaLoss: 2.3449 +- 0.1863
  6,  0 | TrAcc: 0.2569, TrLoss:  2.04740, VaAcc: 0.2617, VaLoss:  1.97424	 10 sampled NNs | VaAcc: 0.2128 +- 0.0290 | VaLoss: 2.2714 +- 0.1321
  7,  0 | TrAcc: 0.2824, TrLoss:  1.96183, VaAcc: 0.2953, VaLoss:  1.86989	 10 sampled NNs | VaAcc: 0.2033 +- 0.0417 | VaLoss: 2.3679 +- 0.2026
  8,  0 | TrAcc: 0.2998, TrLoss:  1.89686, VaAcc: 0.3201, VaLoss:  1.79195	 10 sampled NNs | VaAcc: 0.2311 +- 0.0598 | VaLoss: 2.2352 +- 0.2817
  9,  0 | TrAcc: 0.3153, TrLoss:  1.83264, VaAcc: 0.3369, VaLoss:  1.71887	 10 sampled NNs | VaAcc: 0.2356 +- 0.0411 | VaLoss: 2.1541 +- 0.2799
 10,  0 | TrAcc: 0.3365, TrLoss:  1.77491, VaAcc: 0.3522, VaLoss:  1.67000	 10 sampled NNs | VaAcc: 0.2522 +- 0.0320 | VaLoss: 2.0381 +- 0.1937
 11,  0 | TrAcc: 0.3508, TrLoss:  1.73218, VaAcc: 0.3728, VaLoss:  1.61694	 10 sampled NNs | VaAcc: 0.2343 +- 0.0251 | VaLoss: 2.2250 +- 0.2822
 12,  0 | TrAcc: 0.3683, TrLoss:  1.68363, VaAcc: 0.3915, VaLoss:  1.56208	 10 sampled NNs | VaAcc: 0.2636 +- 0.0449 | VaLoss: 2.1178 +- 0.2690
 13,  0 | TrAcc: 0.3853, TrLoss:  1.64740, VaAcc: 0.4074, VaLoss:  1.52724	 10 sampled NNs | VaAcc: 0.2588 +- 0.0404 | VaLoss: 2.1727 +- 0.2191
 14,  0 | TrAcc: 0.4037, TrLoss:  1.60719, VaAcc: 0.4273, VaLoss:  1.48447	 10 sampled NNs | VaAcc: 0.2786 +- 0.0556 | VaLoss: 2.1215 +- 0.3043
 15,  0 | TrAcc: 0.4207, TrLoss:  1.56849, VaAcc: 0.4413, VaLoss:  1.45479	 10 sampled NNs | VaAcc: 0.2866 +- 0.0495 | VaLoss: 2.0637 +- 0.2394
 16,  0 | TrAcc: 0.4341, TrLoss:  1.53718, VaAcc: 0.4556, VaLoss:  1.42356	 10 sampled NNs | VaAcc: 0.3095 +- 0.0451 | VaLoss: 1.9676 +- 0.2759
 17,  0 | TrAcc: 0.4517, TrLoss:  1.49999, VaAcc: 0.4718, VaLoss:  1.38683	 10 sampled NNs | VaAcc: 0.2795 +- 0.0638 | VaLoss: 2.0840 +- 0.3650
 18,  0 | TrAcc: 0.4620, TrLoss:  1.47873, VaAcc: 0.4804, VaLoss:  1.37676	 10 sampled NNs | VaAcc: 0.3114 +- 0.0383 | VaLoss: 1.9875 +- 0.2029
 19,  0 | TrAcc: 0.4782, TrLoss:  1.44018, VaAcc: 0.4978, VaLoss:  1.32689	 10 sampled NNs | VaAcc: 0.2606 +- 0.0540 | VaLoss: 2.2841 +- 0.3821
 20,  0 | TrAcc: 0.4868, TrLoss:  1.41696, VaAcc: 0.5098, VaLoss:  1.31182	 10 sampled NNs | VaAcc: 0.3159 +- 0.0621 | VaLoss: 1.9302 +- 0.2259
 21,  0 | TrAcc: 0.4961, TrLoss:  1.39452, VaAcc: 0.5134, VaLoss:  1.28656	 10 sampled NNs | VaAcc: 0.3102 +- 0.0490 | VaLoss: 1.9719 +- 0.2290
 22,  0 | TrAcc: 0.5057, TrLoss:  1.37374, VaAcc: 0.5202, VaLoss:  1.27241	 10 sampled NNs | VaAcc: 0.3602 +- 0.0450 | VaLoss: 1.8004 +- 0.1497
 23,  0 | TrAcc: 0.5093, TrLoss:  1.36428, VaAcc: 0.5271, VaLoss:  1.25250	 10 sampled NNs | VaAcc: 0.3487 +- 0.0533 | VaLoss: 1.8977 +- 0.2462
 24,  0 | TrAcc: 0.5186, TrLoss:  1.33505, VaAcc: 0.5420, VaLoss:  1.21358	 10 sampled NNs | VaAcc: 0.3409 +- 0.0553 | VaLoss: 1.8888 +- 0.2186
 25,  0 | TrAcc: 0.5285, TrLoss:  1.31073, VaAcc: 0.5415, VaLoss:  1.21427	 10 sampled NNs | VaAcc: 0.3613 +- 0.0314 | VaLoss: 1.8046 +- 0.1377
 26,  0 | TrAcc: 0.5306, TrLoss:  1.30549, VaAcc: 0.5414, VaLoss:  1.20888	 10 sampled NNs | VaAcc: 0.3627 +- 0.0742 | VaLoss: 1.8956 +- 0.3812
 27,  0 | TrAcc: 0.5259, TrLoss:  1.31840, VaAcc: 0.5437, VaLoss:  1.20172	 10 sampled NNs | VaAcc: 0.3708 +- 0.0459 | VaLoss: 1.8485 +- 0.2096
 28,  0 | TrAcc: 0.5357, TrLoss:  1.29166, VaAcc: 0.5481, VaLoss:  1.19199	 10 sampled NNs | VaAcc: 0.3778 +- 0.0258 | VaLoss: 1.7812 +- 0.0786
 29,  0 | TrAcc: 0.5333, TrLoss:  1.29567, VaAcc: 0.5480, VaLoss:  1.19112	 10 sampled NNs | VaAcc: 0.3771 +- 0.0700 | VaLoss: 1.7983 +- 0.2754
 30,  0 | TrAcc: 0.5500, TrLoss:  1.25667, VaAcc: 0.5595, VaLoss:  1.16245	 10 sampled NNs | VaAcc: 0.3675 +- 0.0781 | VaLoss: 1.8911 +- 0.5053
 31,  0 | TrAcc: 0.5577, TrLoss:  1.23689, VaAcc: 0.5750, VaLoss:  1.13009	 10 sampled NNs | VaAcc: 0.3572 +- 0.0751 | VaLoss: 1.9269 +- 0.3799
 32,  0 | TrAcc: 0.5649, TrLoss:  1.22077, VaAcc: 0.5787, VaLoss:  1.11796	 10 sampled NNs | VaAcc: 0.4001 +- 0.0537 | VaLoss: 1.7129 +- 0.2076
 33,  0 | TrAcc: 0.5712, TrLoss:  1.20444, VaAcc: 0.5812, VaLoss:  1.11586	 10 sampled NNs | VaAcc: 0.3770 +- 0.0654 | VaLoss: 1.8101 +- 0.2852
 34,  0 | TrAcc: 0.5753, TrLoss:  1.19461, VaAcc: 0.5857, VaLoss:  1.10123	 10 sampled NNs | VaAcc: 0.3751 +- 0.0501 | VaLoss: 1.8164 +- 0.2431
 35,  0 | TrAcc: 0.5802, TrLoss:  1.18481, VaAcc: 0.5962, VaLoss:  1.07979	 10 sampled NNs | VaAcc: 0.4084 +- 0.0390 | VaLoss: 1.6522 +- 0.1077
 36,  0 | TrAcc: 0.5874, TrLoss:  1.16738, VaAcc: 0.5974, VaLoss:  1.08104	 10 sampled NNs | VaAcc: 0.3980 +- 0.0448 | VaLoss: 1.7448 +- 0.2216
 37,  0 | TrAcc: 0.5925, TrLoss:  1.15676, VaAcc: 0.6015, VaLoss:  1.07038	 10 sampled NNs | VaAcc: 0.3915 +- 0.0581 | VaLoss: 1.7735 +- 0.2129
 38,  0 | TrAcc: 0.5951, TrLoss:  1.15072, VaAcc: 0.6077, VaLoss:  1.05369	 10 sampled NNs | VaAcc: 0.4050 +- 0.0618 | VaLoss: 1.7335 +- 0.2126
 39,  0 | TrAcc: 0.5997, TrLoss:  1.13773, VaAcc: 0.6095, VaLoss:  1.04538	 10 sampled NNs | VaAcc: 0.4126 +- 0.0440 | VaLoss: 1.7470 +- 0.1953
 40,  0 | TrAcc: 0.6056, TrLoss:  1.12459, VaAcc: 0.6122, VaLoss:  1.04488	 10 sampled NNs | VaAcc: 0.4135 +- 0.0572 | VaLoss: 1.6729 +- 0.2120
 41,  0 | TrAcc: 0.6090, TrLoss:  1.11466, VaAcc: 0.6195, VaLoss:  1.02862	 10 sampled NNs | VaAcc: 0.4073 +- 0.0701 | VaLoss: 1.7194 +- 0.2686
 42,  0 | TrAcc: 0.6124, TrLoss:  1.10422, VaAcc: 0.6212, VaLoss:  1.01672	 10 sampled NNs | VaAcc: 0.4045 +- 0.0486 | VaLoss: 1.7751 +- 0.2462
 43,  0 | TrAcc: 0.6165, TrLoss:  1.09468, VaAcc: 0.6253, VaLoss:  1.00760	 10 sampled NNs | VaAcc: 0.4180 +- 0.0515 | VaLoss: 1.7301 +- 0.1855
 44,  0 | TrAcc: 0.6215, TrLoss:  1.08433, VaAcc: 0.6309, VaLoss:  0.99321	 10 sampled NNs | VaAcc: 0.4347 +- 0.0364 | VaLoss: 1.6853 +- 0.1768
 45,  0 | TrAcc: 0.6245, TrLoss:  1.07474, VaAcc: 0.6320, VaLoss:  0.99162	 10 sampled NNs | VaAcc: 0.4644 +- 0.0259 | VaLoss: 1.5235 +- 0.0916
 46,  0 | TrAcc: 0.6301, TrLoss:  1.05932, VaAcc: 0.6344, VaLoss:  0.98217	 10 sampled NNs | VaAcc: 0.4656 +- 0.0346 | VaLoss: 1.5327 +- 0.1255
 47,  0 | TrAcc: 0.6321, TrLoss:  1.05282, VaAcc: 0.6411, VaLoss:  0.96647	 10 sampled NNs | VaAcc: 0.4319 +- 0.0410 | VaLoss: 1.6903 +- 0.1946
 48,  0 | TrAcc: 0.6348, TrLoss:  1.04374, VaAcc: 0.6430, VaLoss:  0.95352	 10 sampled NNs | VaAcc: 0.4666 +- 0.0443 | VaLoss: 1.5578 +- 0.1638
 49,  0 | TrAcc: 0.6411, TrLoss:  1.02848, VaAcc: 0.6450, VaLoss:  0.95051	 10 sampled NNs | VaAcc: 0.4685 +- 0.0362 | VaLoss: 1.5488 +- 0.1386
 50,  0 | TrAcc: 0.6402, TrLoss:  1.02778, VaAcc: 0.6557, VaLoss:  0.91870	 10 sampled NNs | VaAcc: 0.4858 +- 0.0374 | VaLoss: 1.4957 +- 0.1224
 51,  0 | TrAcc: 0.6468, TrLoss:  1.01238, VaAcc: 0.6533, VaLoss:  0.91813	 10 sampled NNs | VaAcc: 0.4835 +- 0.0610 | VaLoss: 1.4929 +- 0.1990
 52,  0 | TrAcc: 0.6498, TrLoss:  1.00251, VaAcc: 0.6545, VaLoss:  0.90803	 10 sampled NNs | VaAcc: 0.4784 +- 0.0710 | VaLoss: 1.5298 +- 0.2504
 53,  0 | TrAcc: 0.6523, TrLoss:  0.99282, VaAcc: 0.6573, VaLoss:  0.90640	 10 sampled NNs | VaAcc: 0.5156 +- 0.0461 | VaLoss: 1.3672 +- 0.1062
 54,  0 | TrAcc: 0.6545, TrLoss:  0.98759, VaAcc: 0.6581, VaLoss:  0.89402	 10 sampled NNs | VaAcc: 0.5089 +- 0.0261 | VaLoss: 1.4327 +- 0.1017
 55,  0 | TrAcc: 0.6573, TrLoss:  0.98282, VaAcc: 0.6644, VaLoss:  0.88357	 10 sampled NNs | VaAcc: 0.4985 +- 0.0401 | VaLoss: 1.4520 +- 0.1192
 56,  0 | TrAcc: 0.6592, TrLoss:  0.97722, VaAcc: 0.6649, VaLoss:  0.88162	 10 sampled NNs | VaAcc: 0.5063 +- 0.0413 | VaLoss: 1.4291 +- 0.1080
 57,  0 | TrAcc: 0.6620, TrLoss:  0.96700, VaAcc: 0.6705, VaLoss:  0.86366	 10 sampled NNs | VaAcc: 0.5100 +- 0.0403 | VaLoss: 1.4268 +- 0.1461
 58,  0 | TrAcc: 0.6618, TrLoss:  0.96724, VaAcc: 0.6702, VaLoss:  0.86391	 10 sampled NNs | VaAcc: 0.5005 +- 0.0249 | VaLoss: 1.4503 +- 0.0917
 59,  0 | TrAcc: 0.6641, TrLoss:  0.95877, VaAcc: 0.6713, VaLoss:  0.85353	 10 sampled NNs | VaAcc: 0.5153 +- 0.0515 | VaLoss: 1.4274 +- 0.2060
 60,  0 | TrAcc: 0.6692, TrLoss:  0.94733, VaAcc: 0.6703, VaLoss:  0.85535	 10 sampled NNs | VaAcc: 0.5260 +- 0.0325 | VaLoss: 1.3732 +- 0.1062
 61,  0 | TrAcc: 0.6711, TrLoss:  0.94224, VaAcc: 0.6788, VaLoss:  0.83946	 10 sampled NNs | VaAcc: 0.5345 +- 0.0367 | VaLoss: 1.3653 +- 0.1354
 62,  0 | TrAcc: 0.6728, TrLoss:  0.93632, VaAcc: 0.6734, VaLoss:  0.84685	 10 sampled NNs | VaAcc: 0.5156 +- 0.0532 | VaLoss: 1.4079 +- 0.1600
 63,  0 | TrAcc: 0.6741, TrLoss:  0.93421, VaAcc: 0.6771, VaLoss:  0.83830	 10 sampled NNs | VaAcc: 0.5296 +- 0.0392 | VaLoss: 1.3731 +- 0.1094
 64,  0 | TrAcc: 0.6775, TrLoss:  0.92201, VaAcc: 0.6764, VaLoss:  0.83586	 10 sampled NNs | VaAcc: 0.5380 +- 0.0223 | VaLoss: 1.3202 +- 0.0664
 65,  0 | TrAcc: 0.6795, TrLoss:  0.91683, VaAcc: 0.6781, VaLoss:  0.82905	 10 sampled NNs | VaAcc: 0.5322 +- 0.0393 | VaLoss: 1.3491 +- 0.1209
 66,  0 | TrAcc: 0.6803, TrLoss:  0.91266, VaAcc: 0.6846, VaLoss:  0.81536	 10 sampled NNs | VaAcc: 0.5402 +- 0.0470 | VaLoss: 1.3150 +- 0.1454
 67,  0 | TrAcc: 0.6823, TrLoss:  0.90991, VaAcc: 0.6870, VaLoss:  0.80720	 10 sampled NNs | VaAcc: 0.5352 +- 0.0341 | VaLoss: 1.3452 +- 0.1070
 68,  0 | TrAcc: 0.6858, TrLoss:  0.89927, VaAcc: 0.6875, VaLoss:  0.80087	 10 sampled NNs | VaAcc: 0.5425 +- 0.0399 | VaLoss: 1.3235 +- 0.1162
 69,  0 | TrAcc: 0.6838, TrLoss:  0.90047, VaAcc: 0.6964, VaLoss:  0.78436	 10 sampled NNs | VaAcc: 0.5329 +- 0.0339 | VaLoss: 1.3300 +- 0.0908
 70,  0 | TrAcc: 0.6881, TrLoss:  0.89265, VaAcc: 0.6927, VaLoss:  0.79159	 10 sampled NNs | VaAcc: 0.5279 +- 0.0365 | VaLoss: 1.3733 +- 0.1233
 71,  0 | TrAcc: 0.6884, TrLoss:  0.88881, VaAcc: 0.6937, VaLoss:  0.77896	 10 sampled NNs | VaAcc: 0.5497 +- 0.0187 | VaLoss: 1.3081 +- 0.0588
 72,  0 | TrAcc: 0.6901, TrLoss:  0.88325, VaAcc: 0.6958, VaLoss:  0.77825	 10 sampled NNs | VaAcc: 0.5583 +- 0.0238 | VaLoss: 1.2806 +- 0.0660
 73,  0 | TrAcc: 0.6909, TrLoss:  0.88313, VaAcc: 0.6960, VaLoss:  0.77510	 10 sampled NNs | VaAcc: 0.5741 +- 0.0284 | VaLoss: 1.2389 +- 0.0920
 74,  0 | TrAcc: 0.6938, TrLoss:  0.87330, VaAcc: 0.7002, VaLoss:  0.76801	 10 sampled NNs | VaAcc: 0.5631 +- 0.0312 | VaLoss: 1.2558 +- 0.0953
 75,  0 | TrAcc: 0.6965, TrLoss:  0.86820, VaAcc: 0.7019, VaLoss:  0.76697	 10 sampled NNs | VaAcc: 0.5689 +- 0.0354 | VaLoss: 1.2560 +- 0.1015
 76,  0 | TrAcc: 0.6983, TrLoss:  0.86115, VaAcc: 0.6981, VaLoss:  0.76859	 10 sampled NNs | VaAcc: 0.5657 +- 0.0436 | VaLoss: 1.2546 +- 0.1352
 77,  0 | TrAcc: 0.6991, TrLoss:  0.85585, VaAcc: 0.7062, VaLoss:  0.75000	 10 sampled NNs | VaAcc: 0.5786 +- 0.0385 | VaLoss: 1.2255 +- 0.1223
 78,  0 | TrAcc: 0.7000, TrLoss:  0.85383, VaAcc: 0.7023, VaLoss:  0.75554	 10 sampled NNs | VaAcc: 0.5651 +- 0.0336 | VaLoss: 1.2609 +- 0.1312
 79,  0 | TrAcc: 0.7036, TrLoss:  0.84520, VaAcc: 0.7092, VaLoss:  0.73679	 10 sampled NNs | VaAcc: 0.5652 +- 0.0351 | VaLoss: 1.2506 +- 0.0995
 80,  0 | TrAcc: 0.7013, TrLoss:  0.85029, VaAcc: 0.7058, VaLoss:  0.73551	 10 sampled NNs | VaAcc: 0.5870 +- 0.0303 | VaLoss: 1.2089 +- 0.1090
 81,  0 | TrAcc: 0.7040, TrLoss:  0.84523, VaAcc: 0.7071, VaLoss:  0.74197	 10 sampled NNs | VaAcc: 0.5750 +- 0.0331 | VaLoss: 1.2303 +- 0.0876
 82,  0 | TrAcc: 0.7058, TrLoss:  0.83835, VaAcc: 0.7083, VaLoss:  0.74087	 10 sampled NNs | VaAcc: 0.5792 +- 0.0272 | VaLoss: 1.2168 +- 0.0857
 83,  0 | TrAcc: 0.7068, TrLoss:  0.83494, VaAcc: 0.7121, VaLoss:  0.72476	 10 sampled NNs | VaAcc: 0.5923 +- 0.0309 | VaLoss: 1.1613 +- 0.0800
 84,  0 | TrAcc: 0.7081, TrLoss:  0.83020, VaAcc: 0.7099, VaLoss:  0.72874	 10 sampled NNs | VaAcc: 0.5939 +- 0.0459 | VaLoss: 1.1962 +- 0.1520
 85,  0 | TrAcc: 0.7100, TrLoss:  0.82623, VaAcc: 0.7151, VaLoss:  0.72346	 10 sampled NNs | VaAcc: 0.5814 +- 0.0244 | VaLoss: 1.2297 +- 0.0750
 86,  0 | TrAcc: 0.7097, TrLoss:  0.82655, VaAcc: 0.7144, VaLoss:  0.71571	 10 sampled NNs | VaAcc: 0.5938 +- 0.0304 | VaLoss: 1.1832 +- 0.0879
 87,  0 | TrAcc: 0.7117, TrLoss:  0.82244, VaAcc: 0.7173, VaLoss:  0.70910	 10 sampled NNs | VaAcc: 0.5894 +- 0.0331 | VaLoss: 1.1927 +- 0.0908
 88,  0 | TrAcc: 0.7111, TrLoss:  0.81691, VaAcc: 0.7204, VaLoss:  0.70742	 10 sampled NNs | VaAcc: 0.5974 +- 0.0423 | VaLoss: 1.1806 +- 0.1176
 89,  0 | TrAcc: 0.7138, TrLoss:  0.81395, VaAcc: 0.7176, VaLoss:  0.71631	 10 sampled NNs | VaAcc: 0.5979 +- 0.0276 | VaLoss: 1.1661 +- 0.0925
 90,  0 | TrAcc: 0.7135, TrLoss:  0.81262, VaAcc: 0.7203, VaLoss:  0.70176	 10 sampled NNs | VaAcc: 0.6072 +- 0.0231 | VaLoss: 1.1343 +- 0.0726
 91,  0 | TrAcc: 0.7175, TrLoss:  0.80552, VaAcc: 0.7201, VaLoss:  0.69734	 10 sampled NNs | VaAcc: 0.5987 +- 0.0244 | VaLoss: 1.1586 +- 0.0664
 92,  0 | TrAcc: 0.7174, TrLoss:  0.80472, VaAcc: 0.7188, VaLoss:  0.70528	 10 sampled NNs | VaAcc: 0.6008 +- 0.0352 | VaLoss: 1.1571 +- 0.0972
 93,  0 | TrAcc: 0.7158, TrLoss:  0.80554, VaAcc: 0.7238, VaLoss:  0.69779	 10 sampled NNs | VaAcc: 0.6070 +- 0.0368 | VaLoss: 1.1443 +- 0.1049
 94,  0 | TrAcc: 0.7168, TrLoss:  0.80055, VaAcc: 0.7215, VaLoss:  0.69450	 10 sampled NNs | VaAcc: 0.6070 +- 0.0374 | VaLoss: 1.1366 +- 0.1015
 95,  0 | TrAcc: 0.7205, TrLoss:  0.79317, VaAcc: 0.7173, VaLoss:  0.70306	 10 sampled NNs | VaAcc: 0.6167 +- 0.0296 | VaLoss: 1.1138 +- 0.0842
 96,  0 | TrAcc: 0.7220, TrLoss:  0.79020, VaAcc: 0.7207, VaLoss:  0.70002	 10 sampled NNs | VaAcc: 0.6001 +- 0.0241 | VaLoss: 1.1534 +- 0.0715
 97,  0 | TrAcc: 0.7206, TrLoss:  0.78896, VaAcc: 0.7179, VaLoss:  0.69892	 10 sampled NNs | VaAcc: 0.6102 +- 0.0213 | VaLoss: 1.1328 +- 0.0531
 98,  0 | TrAcc: 0.7229, TrLoss:  0.78360, VaAcc: 0.7218, VaLoss:  0.69557	 10 sampled NNs | VaAcc: 0.6174 +- 0.0262 | VaLoss: 1.1071 +- 0.0740
 99,  0 | TrAcc: 0.7246, TrLoss:  0.78349, VaAcc: 0.7237, VaLoss:  0.68404	 10 sampled NNs | VaAcc: 0.6338 +- 0.0126 | VaLoss: 1.0696 +- 0.0388
100,  0 | TrAcc: 0.7247, TrLoss:  0.78065, VaAcc: 0.7269, VaLoss:  0.67752	 10 sampled NNs | VaAcc: 0.6312 +- 0.0238 | VaLoss: 1.0712 +- 0.0689
101,  0 | TrAcc: 0.7256, TrLoss:  0.77519, VaAcc: 0.7268, VaLoss:  0.67352	 10 sampled NNs | VaAcc: 0.6134 +- 0.0361 | VaLoss: 1.1287 +- 0.1030
102,  0 | TrAcc: 0.7274, TrLoss:  0.77215, VaAcc: 0.7275, VaLoss:  0.67019	 10 sampled NNs | VaAcc: 0.6302 +- 0.0188 | VaLoss: 1.0779 +- 0.0476
103,  0 | TrAcc: 0.7277, TrLoss:  0.77331, VaAcc: 0.7296, VaLoss:  0.66664	 10 sampled NNs | VaAcc: 0.6299 +- 0.0252 | VaLoss: 1.0836 +- 0.0623
104,  0 | TrAcc: 0.7277, TrLoss:  0.76773, VaAcc: 0.7279, VaLoss:  0.67198	 10 sampled NNs | VaAcc: 0.6320 +- 0.0337 | VaLoss: 1.0684 +- 0.0914
105,  0 | TrAcc: 0.7279, TrLoss:  0.76784, VaAcc: 0.7322, VaLoss:  0.66469	 10 sampled NNs | VaAcc: 0.6314 +- 0.0177 | VaLoss: 1.0651 +- 0.0493
106,  0 | TrAcc: 0.7291, TrLoss:  0.76689, VaAcc: 0.7313, VaLoss:  0.66234	 10 sampled NNs | VaAcc: 0.6333 +- 0.0307 | VaLoss: 1.0647 +- 0.0750
107,  0 | TrAcc: 0.7303, TrLoss:  0.76604, VaAcc: 0.7285, VaLoss:  0.67363	 10 sampled NNs | VaAcc: 0.6451 +- 0.0155 | VaLoss: 1.0363 +- 0.0433
108,  0 | TrAcc: 0.7301, TrLoss:  0.76320, VaAcc: 0.7314, VaLoss:  0.66011	 10 sampled NNs | VaAcc: 0.6357 +- 0.0222 | VaLoss: 1.0633 +- 0.0560
109,  0 | TrAcc: 0.7305, TrLoss:  0.76290, VaAcc: 0.7288, VaLoss:  0.66970	 10 sampled NNs | VaAcc: 0.6302 +- 0.0215 | VaLoss: 1.0767 +- 0.0587
110,  0 | TrAcc: 0.7322, TrLoss:  0.75591, VaAcc: 0.7308, VaLoss:  0.65891	 10 sampled NNs | VaAcc: 0.6428 +- 0.0207 | VaLoss: 1.0429 +- 0.0641
111,  0 | TrAcc: 0.7337, TrLoss:  0.75139, VaAcc: 0.7341, VaLoss:  0.65057	 10 sampled NNs | VaAcc: 0.6357 +- 0.0311 | VaLoss: 1.0663 +- 0.0802
112,  0 | TrAcc: 0.7355, TrLoss:  0.74887, VaAcc: 0.7342, VaLoss:  0.65167	 10 sampled NNs | VaAcc: 0.6380 +- 0.0217 | VaLoss: 1.0464 +- 0.0693
113,  0 | TrAcc: 0.7342, TrLoss:  0.75047, VaAcc: 0.7379, VaLoss:  0.64758	 10 sampled NNs | VaAcc: 0.6433 +- 0.0218 | VaLoss: 1.0426 +- 0.0573
114,  0 | TrAcc: 0.7340, TrLoss:  0.74829, VaAcc: 0.7376, VaLoss:  0.64364	 10 sampled NNs | VaAcc: 0.6418 +- 0.0254 | VaLoss: 1.0520 +- 0.0775
115,  0 | TrAcc: 0.7360, TrLoss:  0.74562, VaAcc: 0.7369, VaLoss:  0.65033	 10 sampled NNs | VaAcc: 0.6369 +- 0.0258 | VaLoss: 1.0660 +- 0.0654
116,  0 | TrAcc: 0.7363, TrLoss:  0.74457, VaAcc: 0.7319, VaLoss:  0.66171	 10 sampled NNs | VaAcc: 0.6475 +- 0.0189 | VaLoss: 1.0377 +- 0.0533
117,  0 | TrAcc: 0.7360, TrLoss:  0.74622, VaAcc: 0.7359, VaLoss:  0.64775	 10 sampled NNs | VaAcc: 0.6527 +- 0.0233 | VaLoss: 1.0132 +- 0.0557
118,  0 | TrAcc: 0.7377, TrLoss:  0.73745, VaAcc: 0.7395, VaLoss:  0.64264	 10 sampled NNs | VaAcc: 0.6563 +- 0.0173 | VaLoss: 1.0014 +- 0.0440
119,  0 | TrAcc: 0.7372, TrLoss:  0.73655, VaAcc: 0.7355, VaLoss:  0.64495	 10 sampled NNs | VaAcc: 0.6550 +- 0.0293 | VaLoss: 1.0093 +- 0.0819
120,  0 | TrAcc: 0.7405, TrLoss:  0.73206, VaAcc: 0.7379, VaLoss:  0.64083	 10 sampled NNs | VaAcc: 0.6503 +- 0.0198 | VaLoss: 1.0301 +- 0.0577
121,  0 | TrAcc: 0.7402, TrLoss:  0.73151, VaAcc: 0.7418, VaLoss:  0.62945	 10 sampled NNs | VaAcc: 0.6409 +- 0.0165 | VaLoss: 1.0577 +- 0.0476
122,  0 | TrAcc: 0.7410, TrLoss:  0.73059, VaAcc: 0.7394, VaLoss:  0.63924	 10 sampled NNs | VaAcc: 0.6526 +- 0.0167 | VaLoss: 1.0139 +- 0.0461
123,  0 | TrAcc: 0.7418, TrLoss:  0.72756, VaAcc: 0.7384, VaLoss:  0.63605	 10 sampled NNs | VaAcc: 0.6542 +- 0.0277 | VaLoss: 1.0153 +- 0.0763
124,  0 | TrAcc: 0.7421, TrLoss:  0.72544, VaAcc: 0.7384, VaLoss:  0.63809	 10 sampled NNs | VaAcc: 0.6465 +- 0.0260 | VaLoss: 1.0354 +- 0.0844
125,  0 | TrAcc: 0.7434, TrLoss:  0.72306, VaAcc: 0.7397, VaLoss:  0.63524	 10 sampled NNs | VaAcc: 0.6602 +- 0.0161 | VaLoss: 0.9961 +- 0.0388
126,  0 | TrAcc: 0.7420, TrLoss:  0.72442, VaAcc: 0.7407, VaLoss:  0.63212	 10 sampled NNs | VaAcc: 0.6528 +- 0.0263 | VaLoss: 1.0111 +- 0.0650
127,  0 | TrAcc: 0.7437, TrLoss:  0.72118, VaAcc: 0.7371, VaLoss:  0.63989	 10 sampled NNs | VaAcc: 0.6664 +- 0.0095 | VaLoss: 0.9716 +- 0.0290
128,  0 | TrAcc: 0.7428, TrLoss:  0.72311, VaAcc: 0.7418, VaLoss:  0.63227	 10 sampled NNs | VaAcc: 0.6680 +- 0.0209 | VaLoss: 0.9710 +- 0.0645
129,  0 | TrAcc: 0.7448, TrLoss:  0.71820, VaAcc: 0.7362, VaLoss:  0.64252	 10 sampled NNs | VaAcc: 0.6590 +- 0.0262 | VaLoss: 1.0030 +- 0.0757
130,  0 | TrAcc: 0.7460, TrLoss:  0.71419, VaAcc: 0.7440, VaLoss:  0.62367	 10 sampled NNs | VaAcc: 0.6599 +- 0.0180 | VaLoss: 1.0009 +- 0.0558
131,  0 | TrAcc: 0.7455, TrLoss:  0.71238, VaAcc: 0.7433, VaLoss:  0.62839	 10 sampled NNs | VaAcc: 0.6602 +- 0.0147 | VaLoss: 0.9889 +- 0.0465
132,  0 | TrAcc: 0.7471, TrLoss:  0.70917, VaAcc: 0.7445, VaLoss:  0.61568	 10 sampled NNs | VaAcc: 0.6663 +- 0.0229 | VaLoss: 0.9839 +- 0.0615
133,  0 | TrAcc: 0.7476, TrLoss:  0.70979, VaAcc: 0.7414, VaLoss:  0.62803	 10 sampled NNs | VaAcc: 0.6633 +- 0.0186 | VaLoss: 0.9936 +- 0.0500
134,  0 | TrAcc: 0.7473, TrLoss:  0.70874, VaAcc: 0.7387, VaLoss:  0.62817	 10 sampled NNs | VaAcc: 0.6737 +- 0.0316 | VaLoss: 0.9628 +- 0.0834
135,  0 | TrAcc: 0.7478, TrLoss:  0.70653, VaAcc: 0.7459, VaLoss:  0.61851	 10 sampled NNs | VaAcc: 0.6573 +- 0.0165 | VaLoss: 1.0052 +- 0.0414
136,  0 | TrAcc: 0.7484, TrLoss:  0.70719, VaAcc: 0.7483, VaLoss:  0.61677	 10 sampled NNs | VaAcc: 0.6657 +- 0.0307 | VaLoss: 0.9866 +- 0.0804
137,  0 | TrAcc: 0.7494, TrLoss:  0.70334, VaAcc: 0.7410, VaLoss:  0.62354	 10 sampled NNs | VaAcc: 0.6723 +- 0.0105 | VaLoss: 0.9618 +- 0.0284
138,  0 | TrAcc: 0.7510, TrLoss:  0.70021, VaAcc: 0.7439, VaLoss:  0.62883	 10 sampled NNs | VaAcc: 0.6729 +- 0.0155 | VaLoss: 0.9580 +- 0.0435
139,  0 | TrAcc: 0.7494, TrLoss:  0.70217, VaAcc: 0.7450, VaLoss:  0.61962	 10 sampled NNs | VaAcc: 0.6789 +- 0.0144 | VaLoss: 0.9453 +- 0.0372
140,  0 | TrAcc: 0.7508, TrLoss:  0.69768, VaAcc: 0.7414, VaLoss:  0.62453	 10 sampled NNs | VaAcc: 0.6655 +- 0.0157 | VaLoss: 0.9781 +- 0.0507
141,  0 | TrAcc: 0.7524, TrLoss:  0.69212, VaAcc: 0.7442, VaLoss:  0.61779	 10 sampled NNs | VaAcc: 0.6750 +- 0.0272 | VaLoss: 0.9478 +- 0.0739
142,  0 | TrAcc: 0.7516, TrLoss:  0.69492, VaAcc: 0.7438, VaLoss:  0.61758	 10 sampled NNs | VaAcc: 0.6750 +- 0.0188 | VaLoss: 0.9556 +- 0.0493
143,  0 | TrAcc: 0.7514, TrLoss:  0.69541, VaAcc: 0.7442, VaLoss:  0.61001	 10 sampled NNs | VaAcc: 0.6753 +- 0.0153 | VaLoss: 0.9579 +- 0.0441
144,  0 | TrAcc: 0.7513, TrLoss:  0.69576, VaAcc: 0.7449, VaLoss:  0.61804	 10 sampled NNs | VaAcc: 0.6793 +- 0.0124 | VaLoss: 0.9373 +- 0.0395
145,  0 | TrAcc: 0.7523, TrLoss:  0.69200, VaAcc: 0.7441, VaLoss:  0.62460	 10 sampled NNs | VaAcc: 0.6731 +- 0.0207 | VaLoss: 0.9630 +- 0.0536
146,  0 | TrAcc: 0.7528, TrLoss:  0.69162, VaAcc: 0.7433, VaLoss:  0.62361	 10 sampled NNs | VaAcc: 0.6873 +- 0.0159 | VaLoss: 0.9213 +- 0.0459
147,  0 | TrAcc: 0.7542, TrLoss:  0.68848, VaAcc: 0.7496, VaLoss:  0.60452	 10 sampled NNs | VaAcc: 0.6921 +- 0.0149 | VaLoss: 0.9117 +- 0.0392
148,  0 | TrAcc: 0.7519, TrLoss:  0.69203, VaAcc: 0.7466, VaLoss:  0.61709	 10 sampled NNs | VaAcc: 0.6702 +- 0.0201 | VaLoss: 0.9743 +- 0.0603
149,  0 | TrAcc: 0.7549, TrLoss:  0.68471, VaAcc: 0.7500, VaLoss:  0.60386	 10 sampled NNs | VaAcc: 0.6842 +- 0.0223 | VaLoss: 0.9325 +- 0.0703
150,  0 | TrAcc: 0.7547, TrLoss:  0.68531, VaAcc: 0.7531, VaLoss:  0.59759	 10 sampled NNs | VaAcc: 0.6862 +- 0.0146 | VaLoss: 0.9248 +- 0.0384
151,  0 | TrAcc: 0.7560, TrLoss:  0.68298, VaAcc: 0.7470, VaLoss:  0.61338	 10 sampled NNs | VaAcc: 0.6879 +- 0.0166 | VaLoss: 0.9224 +- 0.0441
152,  0 | TrAcc: 0.7561, TrLoss:  0.68048, VaAcc: 0.7462, VaLoss:  0.61383	 10 sampled NNs | VaAcc: 0.6846 +- 0.0213 | VaLoss: 0.9263 +- 0.0569
153,  0 | TrAcc: 0.7528, TrLoss:  0.68917, VaAcc: 0.7506, VaLoss:  0.60326	 10 sampled NNs | VaAcc: 0.6771 +- 0.0125 | VaLoss: 0.9461 +- 0.0420
154,  0 | TrAcc: 0.7580, TrLoss:  0.67711, VaAcc: 0.7498, VaLoss:  0.60841	 10 sampled NNs | VaAcc: 0.6843 +- 0.0196 | VaLoss: 0.9303 +- 0.0471
155,  0 | TrAcc: 0.7560, TrLoss:  0.68259, VaAcc: 0.7529, VaLoss:  0.59911	 10 sampled NNs | VaAcc: 0.6928 +- 0.0178 | VaLoss: 0.9085 +- 0.0467
156,  0 | TrAcc: 0.7565, TrLoss:  0.67793, VaAcc: 0.7479, VaLoss:  0.60272	 10 sampled NNs | VaAcc: 0.6939 +- 0.0175 | VaLoss: 0.8994 +- 0.0422
157,  0 | TrAcc: 0.7581, TrLoss:  0.67318, VaAcc: 0.7468, VaLoss:  0.61204	 10 sampled NNs | VaAcc: 0.6956 +- 0.0129 | VaLoss: 0.9040 +- 0.0412
158,  0 | TrAcc: 0.7593, TrLoss:  0.67381, VaAcc: 0.7511, VaLoss:  0.60014	 10 sampled NNs | VaAcc: 0.6870 +- 0.0115 | VaLoss: 0.9264 +- 0.0347
159,  0 | TrAcc: 0.7592, TrLoss:  0.67105, VaAcc: 0.7513, VaLoss:  0.60189	 10 sampled NNs | VaAcc: 0.6937 +- 0.0119 | VaLoss: 0.9101 +- 0.0389
160,  0 | TrAcc: 0.7577, TrLoss:  0.67416, VaAcc: 0.7522, VaLoss:  0.59573	 10 sampled NNs | VaAcc: 0.6994 +- 0.0148 | VaLoss: 0.8875 +- 0.0404
161,  0 | TrAcc: 0.7609, TrLoss:  0.66744, VaAcc: 0.7494, VaLoss:  0.60331	 10 sampled NNs | VaAcc: 0.6908 +- 0.0171 | VaLoss: 0.9120 +- 0.0511
162,  0 | TrAcc: 0.7599, TrLoss:  0.66966, VaAcc: 0.7498, VaLoss:  0.59950	 10 sampled NNs | VaAcc: 0.6939 +- 0.0118 | VaLoss: 0.9119 +- 0.0360
163,  0 | TrAcc: 0.7624, TrLoss:  0.66564, VaAcc: 0.7549, VaLoss:  0.59132	 10 sampled NNs | VaAcc: 0.6899 +- 0.0169 | VaLoss: 0.9194 +- 0.0400
164,  0 | TrAcc: 0.7600, TrLoss:  0.66997, VaAcc: 0.7527, VaLoss:  0.59881	 10 sampled NNs | VaAcc: 0.6912 +- 0.0140 | VaLoss: 0.9064 +- 0.0388
165,  0 | TrAcc: 0.7606, TrLoss:  0.66589, VaAcc: 0.7547, VaLoss:  0.59559	 10 sampled NNs | VaAcc: 0.6894 +- 0.0149 | VaLoss: 0.9185 +- 0.0410
166,  0 | TrAcc: 0.7627, TrLoss:  0.66177, VaAcc: 0.7565, VaLoss:  0.58367	 10 sampled NNs | VaAcc: 0.6914 +- 0.0162 | VaLoss: 0.9071 +- 0.0454
167,  0 | TrAcc: 0.7620, TrLoss:  0.66451, VaAcc: 0.7510, VaLoss:  0.59831	 10 sampled NNs | VaAcc: 0.7029 +- 0.0110 | VaLoss: 0.8794 +- 0.0264
168,  0 | TrAcc: 0.7611, TrLoss:  0.66674, VaAcc: 0.7531, VaLoss:  0.59211	 10 sampled NNs | VaAcc: 0.7029 +- 0.0111 | VaLoss: 0.8754 +- 0.0323
169,  0 | TrAcc: 0.7626, TrLoss:  0.66082, VaAcc: 0.7535, VaLoss:  0.59508	 10 sampled NNs | VaAcc: 0.6827 +- 0.0148 | VaLoss: 0.9185 +- 0.0343
170,  0 | TrAcc: 0.7637, TrLoss:  0.65825, VaAcc: 0.7534, VaLoss:  0.59569	 10 sampled NNs | VaAcc: 0.6980 +- 0.0134 | VaLoss: 0.8872 +- 0.0257
171,  0 | TrAcc: 0.7628, TrLoss:  0.66234, VaAcc: 0.7538, VaLoss:  0.59486	 10 sampled NNs | VaAcc: 0.6978 +- 0.0125 | VaLoss: 0.8919 +- 0.0440
172,  0 | TrAcc: 0.7642, TrLoss:  0.65896, VaAcc: 0.7520, VaLoss:  0.59545	 10 sampled NNs | VaAcc: 0.7022 +- 0.0146 | VaLoss: 0.8814 +- 0.0358
173,  0 | TrAcc: 0.7644, TrLoss:  0.65481, VaAcc: 0.7557, VaLoss:  0.58641	 10 sampled NNs | VaAcc: 0.7062 +- 0.0110 | VaLoss: 0.8707 +- 0.0274
174,  0 | TrAcc: 0.7635, TrLoss:  0.65728, VaAcc: 0.7576, VaLoss:  0.59572	 10 sampled NNs | VaAcc: 0.6987 +- 0.0116 | VaLoss: 0.8946 +- 0.0352
175,  0 | TrAcc: 0.7650, TrLoss:  0.65521, VaAcc: 0.7556, VaLoss:  0.59063	 10 sampled NNs | VaAcc: 0.7013 +- 0.0147 | VaLoss: 0.8769 +- 0.0345
176,  0 | TrAcc: 0.7639, TrLoss:  0.65819, VaAcc: 0.7546, VaLoss:  0.58911	 10 sampled NNs | VaAcc: 0.6998 +- 0.0137 | VaLoss: 0.8932 +- 0.0404
177,  0 | TrAcc: 0.7651, TrLoss:  0.65308, VaAcc: 0.7547, VaLoss:  0.59085	 10 sampled NNs | VaAcc: 0.6975 +- 0.0122 | VaLoss: 0.8951 +- 0.0361
178,  0 | TrAcc: 0.7655, TrLoss:  0.65412, VaAcc: 0.7539, VaLoss:  0.58880	 10 sampled NNs | VaAcc: 0.7077 +- 0.0133 | VaLoss: 0.8640 +- 0.0319
179,  0 | TrAcc: 0.7678, TrLoss:  0.64595, VaAcc: 0.7592, VaLoss:  0.57766	 10 sampled NNs | VaAcc: 0.7048 +- 0.0178 | VaLoss: 0.8731 +- 0.0489
180,  0 | TrAcc: 0.7652, TrLoss:  0.65259, VaAcc: 0.7554, VaLoss:  0.58658	 10 sampled NNs | VaAcc: 0.7076 +- 0.0148 | VaLoss: 0.8663 +- 0.0416
181,  0 | TrAcc: 0.7657, TrLoss:  0.64906, VaAcc: 0.7543, VaLoss:  0.59214	 10 sampled NNs | VaAcc: 0.7002 +- 0.0112 | VaLoss: 0.8823 +- 0.0308
182,  0 | TrAcc: 0.7684, TrLoss:  0.64458, VaAcc: 0.7571, VaLoss:  0.58324	 10 sampled NNs | VaAcc: 0.7012 +- 0.0132 | VaLoss: 0.8779 +- 0.0360
183,  0 | TrAcc: 0.7680, TrLoss:  0.64465, VaAcc: 0.7560, VaLoss:  0.58464	 10 sampled NNs | VaAcc: 0.7028 +- 0.0110 | VaLoss: 0.8814 +- 0.0298
184,  0 | TrAcc: 0.7680, TrLoss:  0.64463, VaAcc: 0.7561, VaLoss:  0.57916	 10 sampled NNs | VaAcc: 0.6998 +- 0.0133 | VaLoss: 0.8890 +- 0.0334
185,  0 | TrAcc: 0.7710, TrLoss:  0.63827, VaAcc: 0.7547, VaLoss:  0.59610	 10 sampled NNs | VaAcc: 0.7063 +- 0.0117 | VaLoss: 0.8702 +- 0.0387
186,  0 | TrAcc: 0.7694, TrLoss:  0.64099, VaAcc: 0.7607, VaLoss:  0.57764	 10 sampled NNs | VaAcc: 0.7059 +- 0.0110 | VaLoss: 0.8733 +- 0.0292
187,  0 | TrAcc: 0.7697, TrLoss:  0.64187, VaAcc: 0.7562, VaLoss:  0.58584	 10 sampled NNs | VaAcc: 0.7105 +- 0.0137 | VaLoss: 0.8577 +- 0.0355
188,  0 | TrAcc: 0.7692, TrLoss:  0.64150, VaAcc: 0.7576, VaLoss:  0.58311	 10 sampled NNs | VaAcc: 0.7078 +- 0.0161 | VaLoss: 0.8698 +- 0.0468
189,  0 | TrAcc: 0.7671, TrLoss:  0.64676, VaAcc: 0.7560, VaLoss:  0.58618	 10 sampled NNs | VaAcc: 0.7119 +- 0.0084 | VaLoss: 0.8469 +- 0.0280
190,  0 | TrAcc: 0.7689, TrLoss:  0.64103, VaAcc: 0.7569, VaLoss:  0.58510	 10 sampled NNs | VaAcc: 0.7079 +- 0.0146 | VaLoss: 0.8668 +- 0.0411
191,  0 | TrAcc: 0.7700, TrLoss:  0.64108, VaAcc: 0.7621, VaLoss:  0.57388	 10 sampled NNs | VaAcc: 0.7062 +- 0.0121 | VaLoss: 0.8690 +- 0.0343
192,  0 | TrAcc: 0.7692, TrLoss:  0.64052, VaAcc: 0.7586, VaLoss:  0.57251	 10 sampled NNs | VaAcc: 0.7146 +- 0.0080 | VaLoss: 0.8456 +- 0.0301
193,  0 | TrAcc: 0.7692, TrLoss:  0.64139, VaAcc: 0.7539, VaLoss:  0.58524	 10 sampled NNs | VaAcc: 0.7095 +- 0.0109 | VaLoss: 0.8544 +- 0.0273
194,  0 | TrAcc: 0.7712, TrLoss:  0.63573, VaAcc: 0.7589, VaLoss:  0.57605	 10 sampled NNs | VaAcc: 0.7083 +- 0.0082 | VaLoss: 0.8604 +- 0.0221
195,  0 | TrAcc: 0.7737, TrLoss:  0.63189, VaAcc: 0.7602, VaLoss:  0.58087	 10 sampled NNs | VaAcc: 0.7129 +- 0.0122 | VaLoss: 0.8510 +- 0.0299
196,  0 | TrAcc: 0.7704, TrLoss:  0.63840, VaAcc: 0.7577, VaLoss:  0.58568	 10 sampled NNs | VaAcc: 0.7090 +- 0.0115 | VaLoss: 0.8595 +- 0.0292
197,  0 | TrAcc: 0.7714, TrLoss:  0.63300, VaAcc: 0.7609, VaLoss:  0.57093	 10 sampled NNs | VaAcc: 0.7152 +- 0.0090 | VaLoss: 0.8490 +- 0.0222
198,  0 | TrAcc: 0.7708, TrLoss:  0.63387, VaAcc: 0.7575, VaLoss:  0.58662	 10 sampled NNs | VaAcc: 0.7153 +- 0.0093 | VaLoss: 0.8496 +- 0.0294
199,  0 | TrAcc: 0.7726, TrLoss:  0.63003, VaAcc: 0.7585, VaLoss:  0.58394	 10 sampled NNs | VaAcc: 0.7064 +- 0.0120 | VaLoss: 0.8649 +- 0.0341
200,  0 | TrAcc: 0.7708, TrLoss:  0.63298, VaAcc: 0.7566, VaLoss:  0.57954	 10 sampled NNs | VaAcc: 0.7169 +- 0.0104 | VaLoss: 0.8428 +- 0.0333
201,  0 | TrAcc: 0.7725, TrLoss:  0.63008, VaAcc: 0.7587, VaLoss:  0.58019	 10 sampled NNs | VaAcc: 0.7014 +- 0.0256 | VaLoss: 0.8782 +- 0.0652
202,  0 | TrAcc: 0.7725, TrLoss:  0.63195, VaAcc: 0.7622, VaLoss:  0.57048	 10 sampled NNs | VaAcc: 0.7172 +- 0.0108 | VaLoss: 0.8389 +- 0.0272
203,  0 | TrAcc: 0.7733, TrLoss:  0.62960, VaAcc: 0.7604, VaLoss:  0.57836	 10 sampled NNs | VaAcc: 0.7153 +- 0.0161 | VaLoss: 0.8438 +- 0.0452
204,  0 | TrAcc: 0.7717, TrLoss:  0.63074, VaAcc: 0.7588, VaLoss:  0.57813	 10 sampled NNs | VaAcc: 0.7171 +- 0.0113 | VaLoss: 0.8370 +- 0.0301
205,  0 | TrAcc: 0.7739, TrLoss:  0.62652, VaAcc: 0.7618, VaLoss:  0.56934	 10 sampled NNs | VaAcc: 0.7060 +- 0.0134 | VaLoss: 0.8593 +- 0.0329
206,  0 | TrAcc: 0.7744, TrLoss:  0.62311, VaAcc: 0.7603, VaLoss:  0.57786	 10 sampled NNs | VaAcc: 0.7196 +- 0.0086 | VaLoss: 0.8328 +- 0.0206
207,  0 | TrAcc: 0.7745, TrLoss:  0.62528, VaAcc: 0.7593, VaLoss:  0.57591	 10 sampled NNs | VaAcc: 0.7135 +- 0.0139 | VaLoss: 0.8497 +- 0.0366
208,  0 | TrAcc: 0.7745, TrLoss:  0.62479, VaAcc: 0.7649, VaLoss:  0.56779	 10 sampled NNs | VaAcc: 0.7083 +- 0.0089 | VaLoss: 0.8639 +- 0.0269
209,  0 | TrAcc: 0.7745, TrLoss:  0.62544, VaAcc: 0.7604, VaLoss:  0.57046	 10 sampled NNs | VaAcc: 0.7222 +- 0.0096 | VaLoss: 0.8226 +- 0.0273
210,  0 | TrAcc: 0.7766, TrLoss:  0.61998, VaAcc: 0.7617, VaLoss:  0.57126	 10 sampled NNs | VaAcc: 0.7207 +- 0.0100 | VaLoss: 0.8322 +- 0.0263
211,  0 | TrAcc: 0.7737, TrLoss:  0.62458, VaAcc: 0.7575, VaLoss:  0.58095	 10 sampled NNs | VaAcc: 0.7172 +- 0.0110 | VaLoss: 0.8372 +- 0.0215
212,  0 | TrAcc: 0.7761, TrLoss:  0.61623, VaAcc: 0.7622, VaLoss:  0.57350	 10 sampled NNs | VaAcc: 0.7186 +- 0.0125 | VaLoss: 0.8386 +- 0.0385
213,  0 | TrAcc: 0.7743, TrLoss:  0.62451, VaAcc: 0.7644, VaLoss:  0.56813	 10 sampled NNs | VaAcc: 0.7166 +- 0.0098 | VaLoss: 0.8405 +- 0.0303
214,  0 | TrAcc: 0.7756, TrLoss:  0.61995, VaAcc: 0.7587, VaLoss:  0.57804	 10 sampled NNs | VaAcc: 0.7153 +- 0.0097 | VaLoss: 0.8442 +- 0.0258
215,  0 | TrAcc: 0.7773, TrLoss:  0.61698, VaAcc: 0.7621, VaLoss:  0.57478	 10 sampled NNs | VaAcc: 0.7222 +- 0.0142 | VaLoss: 0.8257 +- 0.0325
216,  0 | TrAcc: 0.7757, TrLoss:  0.61849, VaAcc: 0.7609, VaLoss:  0.57726	 10 sampled NNs | VaAcc: 0.7189 +- 0.0088 | VaLoss: 0.8342 +- 0.0151
217,  0 | TrAcc: 0.7772, TrLoss:  0.61416, VaAcc: 0.7635, VaLoss:  0.57775	 10 sampled NNs | VaAcc: 0.7206 +- 0.0102 | VaLoss: 0.8281 +- 0.0253
218,  0 | TrAcc: 0.7776, TrLoss:  0.61418, VaAcc: 0.7636, VaLoss:  0.56351	 10 sampled NNs | VaAcc: 0.7230 +- 0.0106 | VaLoss: 0.8286 +- 0.0307
219,  0 | TrAcc: 0.7764, TrLoss:  0.61661, VaAcc: 0.7622, VaLoss:  0.57344	 10 sampled NNs | VaAcc: 0.7246 +- 0.0082 | VaLoss: 0.8254 +- 0.0277
220,  0 | TrAcc: 0.7766, TrLoss:  0.61715, VaAcc: 0.7660, VaLoss:  0.55885	 10 sampled NNs | VaAcc: 0.7140 +- 0.0126 | VaLoss: 0.8452 +- 0.0364
221,  0 | TrAcc: 0.7771, TrLoss:  0.61519, VaAcc: 0.7586, VaLoss:  0.57833	 10 sampled NNs | VaAcc: 0.7252 +- 0.0095 | VaLoss: 0.8193 +- 0.0246
222,  0 | TrAcc: 0.7763, TrLoss:  0.61701, VaAcc: 0.7636, VaLoss:  0.56414	 10 sampled NNs | VaAcc: 0.7210 +- 0.0127 | VaLoss: 0.8384 +- 0.0309
223,  0 | TrAcc: 0.7786, TrLoss:  0.61149, VaAcc: 0.7658, VaLoss:  0.55540	 10 sampled NNs | VaAcc: 0.7269 +- 0.0063 | VaLoss: 0.8161 +- 0.0134
224,  0 | TrAcc: 0.7786, TrLoss:  0.61279, VaAcc: 0.7621, VaLoss:  0.56468	 10 sampled NNs | VaAcc: 0.7170 +- 0.0054 | VaLoss: 0.8407 +- 0.0223
225,  0 | TrAcc: 0.7786, TrLoss:  0.60947, VaAcc: 0.7620, VaLoss:  0.57149	 10 sampled NNs | VaAcc: 0.7241 +- 0.0083 | VaLoss: 0.8237 +- 0.0239
226,  0 | TrAcc: 0.7777, TrLoss:  0.61359, VaAcc: 0.7560, VaLoss:  0.59202	 10 sampled NNs | VaAcc: 0.7212 +- 0.0123 | VaLoss: 0.8374 +- 0.0330
227,  0 | TrAcc: 0.7783, TrLoss:  0.61229, VaAcc: 0.7632, VaLoss:  0.56498	 10 sampled NNs | VaAcc: 0.7231 +- 0.0097 | VaLoss: 0.8154 +- 0.0225
228,  0 | TrAcc: 0.7787, TrLoss:  0.61017, VaAcc: 0.7602, VaLoss:  0.57939	 10 sampled NNs | VaAcc: 0.7252 +- 0.0095 | VaLoss: 0.8178 +- 0.0229
229,  0 | TrAcc: 0.7801, TrLoss:  0.60657, VaAcc: 0.7618, VaLoss:  0.57648	 10 sampled NNs | VaAcc: 0.7175 +- 0.0113 | VaLoss: 0.8393 +- 0.0295
230,  0 | TrAcc: 0.7800, TrLoss:  0.60749, VaAcc: 0.7645, VaLoss:  0.56475	 10 sampled NNs | VaAcc: 0.7224 +- 0.0099 | VaLoss: 0.8272 +- 0.0226
231,  0 | TrAcc: 0.7781, TrLoss:  0.61280, VaAcc: 0.7598, VaLoss:  0.57311	 10 sampled NNs | VaAcc: 0.7210 +- 0.0129 | VaLoss: 0.8274 +- 0.0353
232,  0 | TrAcc: 0.7802, TrLoss:  0.60451, VaAcc: 0.7631, VaLoss:  0.56802	 10 sampled NNs | VaAcc: 0.7254 +- 0.0079 | VaLoss: 0.8172 +- 0.0246
233,  0 | TrAcc: 0.7815, TrLoss:  0.60090, VaAcc: 0.7612, VaLoss:  0.57294	 10 sampled NNs | VaAcc: 0.7259 +- 0.0067 | VaLoss: 0.8170 +- 0.0225
234,  0 | TrAcc: 0.7823, TrLoss:  0.60063, VaAcc: 0.7630, VaLoss:  0.56579	 10 sampled NNs | VaAcc: 0.7195 +- 0.0171 | VaLoss: 0.8315 +- 0.0400
235,  0 | TrAcc: 0.7794, TrLoss:  0.60836, VaAcc: 0.7614, VaLoss:  0.57119	 10 sampled NNs | VaAcc: 0.7254 +- 0.0101 | VaLoss: 0.8205 +- 0.0262
236,  0 | TrAcc: 0.7810, TrLoss:  0.60267, VaAcc: 0.7591, VaLoss:  0.57423	 10 sampled NNs | VaAcc: 0.7218 +- 0.0142 | VaLoss: 0.8230 +- 0.0295
237,  0 | TrAcc: 0.7806, TrLoss:  0.60589, VaAcc: 0.7650, VaLoss:  0.57275	 10 sampled NNs | VaAcc: 0.7251 +- 0.0085 | VaLoss: 0.8123 +- 0.0182
238,  0 | TrAcc: 0.7814, TrLoss:  0.60063, VaAcc: 0.7584, VaLoss:  0.57256	 10 sampled NNs | VaAcc: 0.7270 +- 0.0096 | VaLoss: 0.8200 +- 0.0273
239,  0 | TrAcc: 0.7816, TrLoss:  0.60136, VaAcc: 0.7618, VaLoss:  0.57464	 10 sampled NNs | VaAcc: 0.7279 +- 0.0119 | VaLoss: 0.8086 +- 0.0293
240,  0 | TrAcc: 0.7829, TrLoss:  0.59906, VaAcc: 0.7590, VaLoss:  0.57981	 10 sampled NNs | VaAcc: 0.7283 +- 0.0132 | VaLoss: 0.8153 +- 0.0372
241,  0 | TrAcc: 0.7818, TrLoss:  0.60195, VaAcc: 0.7625, VaLoss:  0.57112	 10 sampled NNs | VaAcc: 0.7304 +- 0.0068 | VaLoss: 0.8024 +- 0.0118
242,  0 | TrAcc: 0.7821, TrLoss:  0.59840, VaAcc: 0.7638, VaLoss:  0.56192	 10 sampled NNs | VaAcc: 0.7326 +- 0.0057 | VaLoss: 0.7962 +- 0.0165
243,  0 | TrAcc: 0.7822, TrLoss:  0.59936, VaAcc: 0.7648, VaLoss:  0.57071	 10 sampled NNs | VaAcc: 0.7256 +- 0.0140 | VaLoss: 0.8165 +- 0.0390
244,  0 | TrAcc: 0.7830, TrLoss:  0.59782, VaAcc: 0.7599, VaLoss:  0.57831	 10 sampled NNs | VaAcc: 0.7277 +- 0.0088 | VaLoss: 0.8090 +- 0.0332
245,  0 | TrAcc: 0.7828, TrLoss:  0.60045, VaAcc: 0.7639, VaLoss:  0.56550	 10 sampled NNs | VaAcc: 0.7284 +- 0.0104 | VaLoss: 0.8087 +- 0.0241
246,  0 | TrAcc: 0.7841, TrLoss:  0.59851, VaAcc: 0.7655, VaLoss:  0.56459	 10 sampled NNs | VaAcc: 0.7235 +- 0.0115 | VaLoss: 0.8139 +- 0.0294
247,  0 | TrAcc: 0.7826, TrLoss:  0.59913, VaAcc: 0.7652, VaLoss:  0.56685	 10 sampled NNs | VaAcc: 0.7273 +- 0.0097 | VaLoss: 0.8112 +- 0.0242
248,  0 | TrAcc: 0.7832, TrLoss:      nan, VaAcc: 0.7647, VaLoss:      nan	 10 sampled NNs | VaAcc: 0.7281 +- 0.0109 | VaLoss: 0.8102 +- 0.0313
249,  0 | TrAcc: 0.7827, TrLoss:  0.59815, VaAcc: 0.7611, VaLoss:  0.57435	 10 sampled NNs | VaAcc: 0.7249 +- 0.0108 | VaLoss: 0.8184 +- 0.0320
250,  0 | TrAcc: 0.7825, TrLoss:  0.59796, VaAcc: 0.7616, VaLoss:  0.57298	 10 sampled NNs | VaAcc: 0.7349 +- 0.0081 | VaLoss: 0.7927 +- 0.0184
251,  0 | TrAcc: 0.7829, TrLoss:  0.59905, VaAcc: 0.7608, VaLoss:  0.57759	 10 sampled NNs | VaAcc: 0.7282 +- 0.0141 | VaLoss: 0.8137 +- 0.0364
252,  0 | TrAcc: 0.7838, TrLoss:  0.59642, VaAcc: 0.7664, VaLoss:  0.56456	 10 sampled NNs | VaAcc: 0.7285 +- 0.0110 | VaLoss: 0.8166 +- 0.0281
253,  0 | TrAcc: 0.7849, TrLoss:  0.59177, VaAcc: 0.7629, VaLoss:  0.56633	 10 sampled NNs | VaAcc: 0.7335 +- 0.0052 | VaLoss: 0.7981 +- 0.0188
254,  0 | TrAcc: 0.7842, TrLoss:  0.59264, VaAcc: 0.7635, VaLoss:  0.57280	 10 sampled NNs | VaAcc: 0.7308 +- 0.0075 | VaLoss: 0.8021 +- 0.0193
255,  0 | TrAcc: 0.7848, TrLoss:  0.59254, VaAcc: 0.7647, VaLoss:  0.56753	 10 sampled NNs | VaAcc: 0.7359 +- 0.0071 | VaLoss: 0.7900 +- 0.0182
256,  0 | TrAcc: 0.7851, TrLoss:  0.58966, VaAcc: 0.7593, VaLoss:  0.58428	 10 sampled NNs | VaAcc: 0.7311 +- 0.0077 | VaLoss: 0.8009 +- 0.0262
257,  0 | TrAcc: 0.7847, TrLoss:  0.59142, VaAcc: 0.7609, VaLoss:  0.56900	 10 sampled NNs | VaAcc: 0.7298 +- 0.0099 | VaLoss: 0.8046 +- 0.0293
258,  0 | TrAcc: 0.7861, TrLoss:  0.58830, VaAcc: 0.7676, VaLoss:  0.56147	 10 sampled NNs | VaAcc: 0.7290 +- 0.0102 | VaLoss: 0.8073 +- 0.0348
259,  0 | TrAcc: 0.7846, TrLoss:  0.58945, VaAcc: 0.7658, VaLoss:  0.55734	 10 sampled NNs | VaAcc: 0.7304 +- 0.0102 | VaLoss: 0.8083 +- 0.0276
260,  0 | TrAcc: 0.7855, TrLoss:  0.58825, VaAcc: 0.7581, VaLoss:  0.58271	 10 sampled NNs | VaAcc: 0.7288 +- 0.0083 | VaLoss: 0.8086 +- 0.0224
261,  0 | TrAcc: 0.7853, TrLoss:  0.59150, VaAcc: 0.7659, VaLoss:  0.56566	 10 sampled NNs | VaAcc: 0.7332 +- 0.0099 | VaLoss: 0.7996 +- 0.0277
262,  0 | TrAcc: 0.7865, TrLoss:  0.58788, VaAcc: 0.7663, VaLoss:  0.56095	 10 sampled NNs | VaAcc: 0.7338 +- 0.0061 | VaLoss: 0.7925 +- 0.0169
263,  0 | TrAcc: 0.7865, TrLoss:  0.58745, VaAcc: 0.7616, VaLoss:  0.57954	 10 sampled NNs | VaAcc: 0.7348 +- 0.0081 | VaLoss: 0.7903 +- 0.0241
264,  0 | TrAcc: 0.7844, TrLoss:  0.59228, VaAcc: 0.7638, VaLoss:  0.56852	 10 sampled NNs | VaAcc: 0.7329 +- 0.0088 | VaLoss: 0.7912 +- 0.0225
265,  0 | TrAcc: 0.7876, TrLoss:  0.58577, VaAcc: 0.7636, VaLoss:  0.56373	 10 sampled NNs | VaAcc: 0.7335 +- 0.0079 | VaLoss: 0.7894 +- 0.0217
266,  0 | TrAcc: 0.7856, TrLoss:  0.58744, VaAcc: 0.7678, VaLoss:  0.56366	 10 sampled NNs | VaAcc: 0.7339 +- 0.0096 | VaLoss: 0.7951 +- 0.0249
267,  0 | TrAcc: 0.7873, TrLoss:  0.58673, VaAcc: 0.7660, VaLoss:  0.57290	 10 sampled NNs | VaAcc: 0.7294 +- 0.0105 | VaLoss: 0.8025 +- 0.0253
268,  0 | TrAcc: 0.7866, TrLoss:  0.58675, VaAcc: 0.7663, VaLoss:  0.56988	 10 sampled NNs | VaAcc: 0.7313 +- 0.0072 | VaLoss: 0.7975 +- 0.0213
269,  0 | TrAcc: 0.7882, TrLoss:  0.58239, VaAcc: 0.7652, VaLoss:  0.56453	 10 sampled NNs | VaAcc: 0.7322 +- 0.0068 | VaLoss: 0.7982 +- 0.0174
270,  0 | TrAcc: 0.7862, TrLoss:  0.58810, VaAcc: 0.7660, VaLoss:  0.56953	 10 sampled NNs | VaAcc: 0.7344 +- 0.0119 | VaLoss: 0.7938 +- 0.0346
271,  0 | TrAcc: 0.7881, TrLoss:  0.58412, VaAcc: 0.7670, VaLoss:  0.56317	 10 sampled NNs | VaAcc: 0.7304 +- 0.0076 | VaLoss: 0.8007 +- 0.0209
272,  0 | TrAcc: 0.7856, TrLoss:  0.58992, VaAcc: 0.7651, VaLoss:  0.56547	 10 sampled NNs | VaAcc: 0.7362 +- 0.0056 | VaLoss: 0.7846 +- 0.0117
273,  0 | TrAcc: 0.7875, TrLoss:  0.58311, VaAcc: 0.7683, VaLoss:  0.56668	 10 sampled NNs | VaAcc: 0.7327 +- 0.0039 | VaLoss: 0.7921 +- 0.0111
274,  0 | TrAcc: 0.7891, TrLoss:  0.58068, VaAcc: 0.7695, VaLoss:  0.56159	 10 sampled NNs | VaAcc: 0.7335 +- 0.0094 | VaLoss: 0.7951 +- 0.0255
275,  0 | TrAcc: 0.7869, TrLoss:  0.58452, VaAcc: 0.7677, VaLoss:  0.56490	 10 sampled NNs | VaAcc: 0.7336 +- 0.0064 | VaLoss: 0.7968 +- 0.0186
276,  0 | TrAcc: 0.7882, TrLoss:  0.58212, VaAcc: 0.7661, VaLoss:  0.55620	 10 sampled NNs | VaAcc: 0.7322 +- 0.0087 | VaLoss: 0.8014 +- 0.0205
277,  0 | TrAcc: 0.7872, TrLoss:      nan, VaAcc: 0.7669, VaLoss:      nan	 10 sampled NNs | VaAcc: 0.7365 +- 0.0049 | VaLoss: 0.7845 +- 0.0114
278,  0 | TrAcc: 0.7881, TrLoss:  0.58265, VaAcc: 0.7655, VaLoss:  0.56730	 10 sampled NNs | VaAcc: 0.7387 +- 0.0079 | VaLoss: 0.7892 +- 0.0231
279,  0 | TrAcc: 0.7879, TrLoss:  0.58475, VaAcc: 0.7674, VaLoss:  0.56209	 10 sampled NNs | VaAcc: 0.7370 +- 0.0061 | VaLoss: 0.7895 +- 0.0143
280,  0 | TrAcc: 0.7876, TrLoss:  0.58313, VaAcc: 0.7631, VaLoss:  0.57389	 10 sampled NNs | VaAcc: 0.7381 +- 0.0078 | VaLoss: 0.7838 +- 0.0183
281,  0 | TrAcc: 0.7902, TrLoss:  0.57751, VaAcc: 0.7686, VaLoss:  0.55965	 10 sampled NNs | VaAcc: 0.7368 +- 0.0089 | VaLoss: 0.7874 +- 0.0276
282,  0 | TrAcc: 0.7889, TrLoss:  0.58062, VaAcc: 0.7642, VaLoss:  0.57388	 10 sampled NNs | VaAcc: 0.7413 +- 0.0078 | VaLoss: 0.7735 +- 0.0214
283,  0 | TrAcc: 0.7900, TrLoss:  0.57871, VaAcc: 0.7643, VaLoss:  0.56393	 10 sampled NNs | VaAcc: 0.7404 +- 0.0084 | VaLoss: 0.7754 +- 0.0174
284,  0 | TrAcc: 0.7884, TrLoss:  0.57976, VaAcc: 0.7639, VaLoss:  0.56738	 10 sampled NNs | VaAcc: 0.7349 +- 0.0094 | VaLoss: 0.7914 +- 0.0259
285,  0 | TrAcc: 0.7883, TrLoss:  0.58315, VaAcc: 0.7645, VaLoss:  0.56660	 10 sampled NNs | VaAcc: 0.7389 +- 0.0070 | VaLoss: 0.7839 +- 0.0245
286,  0 | TrAcc: 0.7887, TrLoss:  0.58076, VaAcc: 0.7701, VaLoss:  0.55800	 10 sampled NNs | VaAcc: 0.7382 +- 0.0085 | VaLoss: 0.7832 +- 0.0236
287,  0 | TrAcc: 0.7892, TrLoss:  0.57846, VaAcc: 0.7695, VaLoss:  0.55746	 10 sampled NNs | VaAcc: 0.7377 +- 0.0081 | VaLoss: 0.7862 +- 0.0249
288,  0 | TrAcc: 0.7892, TrLoss:  0.57805, VaAcc: 0.7693, VaLoss:  0.55452	 10 sampled NNs | VaAcc: 0.7382 +- 0.0093 | VaLoss: 0.7882 +- 0.0202
289,  0 | TrAcc: 0.7905, TrLoss:  0.57532, VaAcc: 0.7674, VaLoss:  0.55829	 10 sampled NNs | VaAcc: 0.7429 +- 0.0043 | VaLoss: 0.7705 +- 0.0154
290,  0 | TrAcc: 0.7898, TrLoss:  0.57733, VaAcc: 0.7630, VaLoss:  0.57081	 10 sampled NNs | VaAcc: 0.7423 +- 0.0087 | VaLoss: 0.7694 +- 0.0178
291,  0 | TrAcc: 0.7907, TrLoss:  0.57575, VaAcc: 0.7689, VaLoss:  0.55957	 10 sampled NNs | VaAcc: 0.7394 +- 0.0059 | VaLoss: 0.7758 +- 0.0170
292,  0 | TrAcc: 0.7901, TrLoss:  0.57866, VaAcc: 0.7643, VaLoss:  0.56885	 10 sampled NNs | VaAcc: 0.7387 +- 0.0067 | VaLoss: 0.7873 +- 0.0177
293,  0 | TrAcc: 0.7915, TrLoss:  0.57158, VaAcc: 0.7713, VaLoss:  0.55031	 10 sampled NNs | VaAcc: 0.7347 +- 0.0079 | VaLoss: 0.7933 +- 0.0249
294,  0 | TrAcc: 0.7921, TrLoss:  0.57079, VaAcc: 0.7634, VaLoss:  0.57099	 10 sampled NNs | VaAcc: 0.7373 +- 0.0106 | VaLoss: 0.7896 +- 0.0357
295,  0 | TrAcc: 0.7913, TrLoss:  0.57375, VaAcc: 0.7670, VaLoss:  0.56376	 10 sampled NNs | VaAcc: 0.7435 +- 0.0052 | VaLoss: 0.7688 +- 0.0172
296,  0 | TrAcc: 0.7915, TrLoss:  0.57195, VaAcc: 0.7635, VaLoss:  0.56319	 10 sampled NNs | VaAcc: 0.7436 +- 0.0062 | VaLoss: 0.7698 +- 0.0160
297,  0 | TrAcc: 0.7907, TrLoss:  0.57324, VaAcc: 0.7673, VaLoss:  0.56879	 10 sampled NNs | VaAcc: 0.7425 +- 0.0072 | VaLoss: 0.7707 +- 0.0183
298,  0 | TrAcc: 0.7912, TrLoss:  0.57373, VaAcc: 0.7677, VaLoss:  0.56843	 10 sampled NNs | VaAcc: 0.7387 +- 0.0087 | VaLoss: 0.7800 +- 0.0248
299,  0 | TrAcc: 0.7914, TrLoss:  0.57270, VaAcc: 0.7655, VaLoss:  0.56453	 10 sampled NNs | VaAcc: 0.7403 +- 0.0057 | VaLoss: 0.7723 +- 0.0174
300,  0 | TrAcc: 0.7925, TrLoss:  0.56841, VaAcc: 0.7675, VaLoss:  0.56070	 10 sampled NNs | VaAcc: 0.7414 +- 0.0069 | VaLoss: 0.7735 +- 0.0212
301,  0 | TrAcc: 0.7929, TrLoss:  0.56842, VaAcc: 0.7660, VaLoss:  0.56586	 10 sampled NNs | VaAcc: 0.7351 +- 0.0079 | VaLoss: 0.7868 +- 0.0219
302,  0 | TrAcc: 0.7916, TrLoss:  0.57096, VaAcc: 0.7678, VaLoss:  0.55927	 10 sampled NNs | VaAcc: 0.7423 +- 0.0071 | VaLoss: 0.7746 +- 0.0144
303,  0 | TrAcc: 0.7930, TrLoss:  0.56874, VaAcc: 0.7647, VaLoss:  0.56219	 10 sampled NNs | VaAcc: 0.7408 +- 0.0045 | VaLoss: 0.7735 +- 0.0136
304,  0 | TrAcc: 0.7934, TrLoss:  0.56675, VaAcc: 0.7660, VaLoss:  0.56352	 10 sampled NNs | VaAcc: 0.7394 +- 0.0113 | VaLoss: 0.7795 +- 0.0276
305,  0 | TrAcc: 0.7927, TrLoss:  0.56880, VaAcc: 0.7690, VaLoss:  0.55888	 10 sampled NNs | VaAcc: 0.7419 +- 0.0084 | VaLoss: 0.7763 +- 0.0175
306,  0 | TrAcc: 0.7923, TrLoss:  0.56939, VaAcc: 0.7641, VaLoss:  0.57558	 10 sampled NNs | VaAcc: 0.7436 +- 0.0039 | VaLoss: 0.7706 +- 0.0143
307,  0 | TrAcc: 0.7930, TrLoss:  0.56941, VaAcc: 0.7610, VaLoss:  0.57726	 10 sampled NNs | VaAcc: 0.7387 +- 0.0067 | VaLoss: 0.7844 +- 0.0239
308,  0 | TrAcc: 0.7930, TrLoss:  0.56694, VaAcc: 0.7695, VaLoss:  0.57015	 10 sampled NNs | VaAcc: 0.7435 +- 0.0051 | VaLoss: 0.7744 +- 0.0123
309,  0 | TrAcc: 0.7939, TrLoss:  0.56418, VaAcc: 0.7673, VaLoss:  0.56407	 10 sampled NNs | VaAcc: 0.7379 +- 0.0102 | VaLoss: 0.7839 +- 0.0253
310,  0 | TrAcc: 0.7924, TrLoss:  0.56743, VaAcc: 0.7709, VaLoss:  0.56032	 10 sampled NNs | VaAcc: 0.7399 +- 0.0048 | VaLoss: 0.7758 +- 0.0158
311,  0 | TrAcc: 0.7950, TrLoss:  0.56238, VaAcc: 0.7674, VaLoss:  0.56694	 10 sampled NNs | VaAcc: 0.7418 +- 0.0068 | VaLoss: 0.7751 +- 0.0206
312,  0 | TrAcc: 0.7919, TrLoss:  0.56896, VaAcc: 0.7722, VaLoss:  0.55148	 10 sampled NNs | VaAcc: 0.7417 +- 0.0057 | VaLoss: 0.7764 +- 0.0148
313,  0 | TrAcc: 0.7939, TrLoss:  0.56666, VaAcc: 0.7646, VaLoss:  0.56486	 10 sampled NNs | VaAcc: 0.7390 +- 0.0062 | VaLoss: 0.7748 +- 0.0213
314,  0 | TrAcc: 0.7946, TrLoss:  0.56320, VaAcc: 0.7666, VaLoss:  0.56066	 10 sampled NNs | VaAcc: 0.7416 +- 0.0066 | VaLoss: 0.7732 +- 0.0215
315,  0 | TrAcc: 0.7935, TrLoss:  0.56631, VaAcc: 0.7653, VaLoss:  0.56336	 10 sampled NNs | VaAcc: 0.7479 +- 0.0048 | VaLoss: 0.7602 +- 0.0181
316,  0 | TrAcc: 0.7939, TrLoss:  0.56727, VaAcc: 0.7677, VaLoss:  0.56591	 10 sampled NNs | VaAcc: 0.7423 +- 0.0052 | VaLoss: 0.7721 +- 0.0136
317,  0 | TrAcc: 0.7948, TrLoss:  0.56280, VaAcc: 0.7688, VaLoss:  0.55894	 10 sampled NNs | VaAcc: 0.7462 +- 0.0078 | VaLoss: 0.7653 +- 0.0250
318,  0 | TrAcc: 0.7945, TrLoss:  0.56309, VaAcc: 0.7671, VaLoss:  0.56752	 10 sampled NNs | VaAcc: 0.7475 +- 0.0081 | VaLoss: 0.7612 +- 0.0214
319,  0 | TrAcc: 0.7942, TrLoss:  0.56483, VaAcc: 0.7646, VaLoss:  0.56816	 10 sampled NNs | VaAcc: 0.7429 +- 0.0048 | VaLoss: 0.7679 +- 0.0127
320,  0 | TrAcc: 0.7942, TrLoss:  0.56537, VaAcc: 0.7685, VaLoss:  0.56563	 10 sampled NNs | VaAcc: 0.7450 +- 0.0045 | VaLoss: 0.7646 +- 0.0054
321,  0 | TrAcc: 0.7935, TrLoss:  0.56429, VaAcc: 0.7704, VaLoss:  0.55694	 10 sampled NNs | VaAcc: 0.7461 +- 0.0049 | VaLoss: 0.7612 +- 0.0134
322,  0 | TrAcc: 0.7944, TrLoss:  0.56054, VaAcc: 0.7684, VaLoss:  0.56340	 10 sampled NNs | VaAcc: 0.7419 +- 0.0071 | VaLoss: 0.7698 +- 0.0184
323,  0 | TrAcc: 0.7945, TrLoss:  0.56514, VaAcc: 0.7682, VaLoss:  0.55720	 10 sampled NNs | VaAcc: 0.7451 +- 0.0075 | VaLoss: 0.7644 +- 0.0185
324,  0 | TrAcc: 0.7943, TrLoss:  0.56194, VaAcc: 0.7658, VaLoss:  0.56844	 10 sampled NNs | VaAcc: 0.7451 +- 0.0038 | VaLoss: 0.7660 +- 0.0164
325,  0 | TrAcc: 0.7946, TrLoss:  0.56177, VaAcc: 0.7701, VaLoss:  0.55890	 10 sampled NNs | VaAcc: 0.7438 +- 0.0058 | VaLoss: 0.7705 +- 0.0151
326,  0 | TrAcc: 0.7940, TrLoss:  0.56148, VaAcc: 0.7661, VaLoss:  0.56089	 10 sampled NNs | VaAcc: 0.7450 +- 0.0065 | VaLoss: 0.7588 +- 0.0186
327,  0 | TrAcc: 0.7944, TrLoss:      nan, VaAcc: 0.7659, VaLoss:      nan	 10 sampled NNs | VaAcc: 0.7460 +- 0.0057 | VaLoss: 0.7651 +- 0.0151
328,  0 | TrAcc: 0.7950, TrLoss:  0.56078, VaAcc: 0.7675, VaLoss:  0.56629	 10 sampled NNs | VaAcc: 0.7456 +- 0.0033 | VaLoss: 0.7629 +- 0.0091
329,  0 | TrAcc: 0.7961, TrLoss:  0.55908, VaAcc: 0.7673, VaLoss:  0.56682	 10 sampled NNs | VaAcc: 0.7451 +- 0.0079 | VaLoss: 0.7647 +- 0.0196
330,  0 | TrAcc: 0.7963, TrLoss:  0.55731, VaAcc: 0.7614, VaLoss:  0.57660	 10 sampled NNs | VaAcc: 0.7450 +- 0.0088 | VaLoss: 0.7661 +- 0.0272
331,  0 | TrAcc: 0.7958, TrLoss:  0.56027, VaAcc: 0.7657, VaLoss:  0.56936	 10 sampled NNs | VaAcc: 0.7481 +- 0.0047 | VaLoss: 0.7557 +- 0.0150
332,  0 | TrAcc: 0.7955, TrLoss:  0.55985, VaAcc: 0.7716, VaLoss:  0.55200	 10 sampled NNs | VaAcc: 0.7459 +- 0.0076 | VaLoss: 0.7630 +- 0.0184
333,  0 | TrAcc: 0.7948, TrLoss:  0.56118, VaAcc: 0.7644, VaLoss:  0.57085	 10 sampled NNs | VaAcc: 0.7464 +- 0.0044 | VaLoss: 0.7608 +- 0.0085
334,  0 | TrAcc: 0.7949, TrLoss:  0.56189, VaAcc: 0.7725, VaLoss:  0.55501	 10 sampled NNs | VaAcc: 0.7460 +- 0.0064 | VaLoss: 0.7625 +- 0.0139
335,  0 | TrAcc: 0.7965, TrLoss:  0.55886, VaAcc: 0.7682, VaLoss:  0.56629	 10 sampled NNs | VaAcc: 0.7469 +- 0.0065 | VaLoss: 0.7582 +- 0.0170
336,  0 | TrAcc: 0.7948, TrLoss:  0.55926, VaAcc: 0.7692, VaLoss:  0.56662	 10 sampled NNs | VaAcc: 0.7434 +- 0.0070 | VaLoss: 0.7683 +- 0.0182
337,  0 | TrAcc: 0.7965, TrLoss:  0.55643, VaAcc: 0.7713, VaLoss:  0.55559	 10 sampled NNs | VaAcc: 0.7498 +- 0.0063 | VaLoss: 0.7553 +- 0.0177
338,  0 | TrAcc: 0.7982, TrLoss:  0.55410, VaAcc: 0.7717, VaLoss:  0.55808	 10 sampled NNs | VaAcc: 0.7451 +- 0.0058 | VaLoss: 0.7636 +- 0.0136
339,  0 | TrAcc: 0.7951, TrLoss:  0.56123, VaAcc: 0.7707, VaLoss:  0.56279	 10 sampled NNs | VaAcc: 0.7463 +- 0.0075 | VaLoss: 0.7650 +- 0.0182
340,  0 | TrAcc: 0.7960, TrLoss:  0.55873, VaAcc: 0.7685, VaLoss:  0.56956	 10 sampled NNs | VaAcc: 0.7469 +- 0.0082 | VaLoss: 0.7599 +- 0.0226
341,  0 | TrAcc: 0.7953, TrLoss:      nan, VaAcc: 0.7656, VaLoss:      nan	 10 sampled NNs | VaAcc: 0.7490 +- 0.0066 | VaLoss: 0.7586 +- 0.0198
342,  0 | TrAcc: 0.7964, TrLoss:  0.55539, VaAcc: 0.7665, VaLoss:  0.57138	 10 sampled NNs | VaAcc: 0.7468 +- 0.0072 | VaLoss: 0.7609 +- 0.0207
343,  0 | TrAcc: 0.7987, TrLoss:  0.54882, VaAcc: 0.7674, VaLoss:  0.56985	 10 sampled NNs | VaAcc: 0.7501 +- 0.0048 | VaLoss: 0.7524 +- 0.0184
344,  0 | TrAcc: 0.7969, TrLoss:  0.55651, VaAcc: 0.7706, VaLoss:  0.56794	 10 sampled NNs | VaAcc: 0.7468 +- 0.0065 | VaLoss: 0.7634 +- 0.0154
345,  0 | TrAcc: 0.7962, TrLoss:  0.55553, VaAcc: 0.7697, VaLoss:  0.56498	 10 sampled NNs | VaAcc: 0.7482 +- 0.0039 | VaLoss: 0.7529 +- 0.0120
346,  0 | TrAcc: 0.7965, TrLoss:  0.55665, VaAcc: 0.7735, VaLoss:  0.55044	 10 sampled NNs | VaAcc: 0.7494 +- 0.0057 | VaLoss: 0.7523 +- 0.0100
347,  0 | TrAcc: 0.7981, TrLoss:  0.55037, VaAcc: 0.7699, VaLoss:  0.56529	 10 sampled NNs | VaAcc: 0.7473 +- 0.0054 | VaLoss: 0.7606 +- 0.0156
348,  0 | TrAcc: 0.7965, TrLoss:  0.55436, VaAcc: 0.7703, VaLoss:  0.55534	 10 sampled NNs | VaAcc: 0.7484 +- 0.0043 | VaLoss: 0.7579 +- 0.0198
349,  0 | TrAcc: 0.7971, TrLoss:  0.55413, VaAcc: 0.7717, VaLoss:  0.56030	 10 sampled NNs | VaAcc: 0.7457 +- 0.0075 | VaLoss: 0.7632 +- 0.0165
350,  0 | TrAcc: 0.7975, TrLoss:  0.55512, VaAcc: 0.7681, VaLoss:  0.56166	 10 sampled NNs | VaAcc: 0.7479 +- 0.0041 | VaLoss: 0.7558 +- 0.0129
351,  0 | TrAcc: 0.7962, TrLoss:  0.55816, VaAcc: 0.7679, VaLoss:  0.57592	 10 sampled NNs | VaAcc: 0.7456 +- 0.0049 | VaLoss: 0.7620 +- 0.0120
352,  0 | TrAcc: 0.7970, TrLoss:  0.55408, VaAcc: 0.7683, VaLoss:  0.57034	 10 sampled NNs | VaAcc: 0.7498 +- 0.0043 | VaLoss: 0.7545 +- 0.0139
353,  0 | TrAcc: 0.7965, TrLoss:  0.55523, VaAcc: 0.7696, VaLoss:  0.57189	 10 sampled NNs | VaAcc: 0.7441 +- 0.0073 | VaLoss: 0.7669 +- 0.0185
354,  0 | TrAcc: 0.7981, TrLoss:  0.55285, VaAcc: 0.7684, VaLoss:  0.56079	 10 sampled NNs | VaAcc: 0.7481 +- 0.0046 | VaLoss: 0.7561 +- 0.0152
355,  0 | TrAcc: 0.7994, TrLoss:  0.55010, VaAcc: 0.7659, VaLoss:  0.57869	 10 sampled NNs | VaAcc: 0.7439 +- 0.0073 | VaLoss: 0.7658 +- 0.0199
356,  0 | TrAcc: 0.7980, TrLoss:  0.55131, VaAcc: 0.7712, VaLoss:  0.55897	 10 sampled NNs | VaAcc: 0.7509 +- 0.0044 | VaLoss: 0.7476 +- 0.0088
357,  0 | TrAcc: 0.7985, TrLoss:  0.55025, VaAcc: 0.7679, VaLoss:  0.56585	 10 sampled NNs | VaAcc: 0.7489 +- 0.0057 | VaLoss: 0.7578 +- 0.0149
358,  0 | TrAcc: 0.7988, TrLoss:  0.55130, VaAcc: 0.7670, VaLoss:  0.57268	 10 sampled NNs | VaAcc: 0.7509 +- 0.0041 | VaLoss: 0.7510 +- 0.0106
359,  0 | TrAcc: 0.7977, TrLoss:  0.55366, VaAcc: 0.7666, VaLoss:  0.57644	 10 sampled NNs | VaAcc: 0.7480 +- 0.0057 | VaLoss: 0.7551 +- 0.0179
360,  0 | TrAcc: 0.7977, TrLoss:  0.55418, VaAcc: 0.7694, VaLoss:  0.56169	 10 sampled NNs | VaAcc: 0.7471 +- 0.0079 | VaLoss: 0.7603 +- 0.0225
361,  0 | TrAcc: 0.7997, TrLoss:  0.55045, VaAcc: 0.7663, VaLoss:  0.57642	 10 sampled NNs | VaAcc: 0.7499 +- 0.0079 | VaLoss: 0.7518 +- 0.0179
362,  0 | TrAcc: 0.7986, TrLoss:  0.55112, VaAcc: 0.7680, VaLoss:  0.56683	 10 sampled NNs | VaAcc: 0.7477 +- 0.0067 | VaLoss: 0.7592 +- 0.0145
363,  0 | TrAcc: 0.7987, TrLoss:  0.55108, VaAcc: 0.7685, VaLoss:  0.57541	 10 sampled NNs | VaAcc: 0.7483 +- 0.0084 | VaLoss: 0.7586 +- 0.0253
364,  0 | TrAcc: 0.7995, TrLoss:  0.55118, VaAcc: 0.7709, VaLoss:  0.55574	 10 sampled NNs | VaAcc: 0.7457 +- 0.0045 | VaLoss: 0.7623 +- 0.0132
365,  0 | TrAcc: 0.8005, TrLoss:  0.54621, VaAcc: 0.7647, VaLoss:  0.58201	 10 sampled NNs | VaAcc: 0.7457 +- 0.0042 | VaLoss: 0.7625 +- 0.0115
366,  0 | TrAcc: 0.8011, TrLoss:  0.54430, VaAcc: 0.7701, VaLoss:  0.56282	 10 sampled NNs | VaAcc: 0.7450 +- 0.0088 | VaLoss: 0.7651 +- 0.0182
367,  0 | TrAcc: 0.8005, TrLoss:  0.54559, VaAcc: 0.7693, VaLoss:  0.57457	 10 sampled NNs | VaAcc: 0.7471 +- 0.0074 | VaLoss: 0.7570 +- 0.0239
368,  0 | TrAcc: 0.7977, TrLoss:  0.55129, VaAcc: 0.7686, VaLoss:  0.56603	 10 sampled NNs | VaAcc: 0.7483 +- 0.0061 | VaLoss: 0.7600 +- 0.0134
369,  0 | TrAcc: 0.7990, TrLoss:  0.54972, VaAcc: 0.7715, VaLoss:  0.55916	 10 sampled NNs | VaAcc: 0.7503 +- 0.0049 | VaLoss: 0.7542 +- 0.0136
370,  0 | TrAcc: 0.7973, TrLoss:  0.55278, VaAcc: 0.7701, VaLoss:  0.56857	 10 sampled NNs | VaAcc: 0.7455 +- 0.0051 | VaLoss: 0.7630 +- 0.0106
371,  0 | TrAcc: 0.7992, TrLoss:  0.54640, VaAcc: 0.7705, VaLoss:  0.55935	 10 sampled NNs | VaAcc: 0.7507 +- 0.0057 | VaLoss: 0.7486 +- 0.0120
372,  0 | TrAcc: 0.8006, TrLoss:  0.54283, VaAcc: 0.7714, VaLoss:  0.56703	 10 sampled NNs | VaAcc: 0.7524 +- 0.0034 | VaLoss: 0.7484 +- 0.0129
373,  0 | TrAcc: 0.8000, TrLoss:  0.54859, VaAcc: 0.7641, VaLoss:  0.57943	 10 sampled NNs | VaAcc: 0.7464 +- 0.0073 | VaLoss: 0.7561 +- 0.0203
374,  0 | TrAcc: 0.7989, TrLoss:  0.54841, VaAcc: 0.7694, VaLoss:  0.57037	 10 sampled NNs | VaAcc: 0.7503 +- 0.0067 | VaLoss: 0.7532 +- 0.0182
375,  0 | TrAcc: 0.7997, TrLoss:  0.54455, VaAcc: 0.7681, VaLoss:  0.57321	 10 sampled NNs | VaAcc: 0.7487 +- 0.0066 | VaLoss: 0.7548 +- 0.0159
376,  0 | TrAcc: 0.8009, TrLoss:  0.54582, VaAcc: 0.7703, VaLoss:  0.56502	 10 sampled NNs | VaAcc: 0.7475 +- 0.0061 | VaLoss: 0.7561 +- 0.0136
377,  0 | TrAcc: 0.8004, TrLoss:      nan, VaAcc: 0.7658, VaLoss:      nan	 10 sampled NNs | VaAcc: 0.7491 +- 0.0051 | VaLoss: 0.7567 +- 0.0148
378,  0 | TrAcc: 0.7996, TrLoss:  0.54447, VaAcc: 0.7708, VaLoss:  0.56173	 10 sampled NNs | VaAcc: 0.7500 +- 0.0044 | VaLoss: 0.7553 +- 0.0145
379,  0 | TrAcc: 0.8005, TrLoss:  0.54686, VaAcc: 0.7694, VaLoss:  0.56895	 10 sampled NNs | VaAcc: 0.7502 +- 0.0044 | VaLoss: 0.7513 +- 0.0170
380,  0 | TrAcc: 0.7993, TrLoss:  0.54678, VaAcc: 0.7747, VaLoss:  0.55165	 10 sampled NNs | VaAcc: 0.7517 +- 0.0061 | VaLoss: 0.7503 +- 0.0152
381,  0 | TrAcc: 0.8008, TrLoss:  0.54509, VaAcc: 0.7716, VaLoss:  0.56452	 10 sampled NNs | VaAcc: 0.7500 +- 0.0066 | VaLoss: 0.7549 +- 0.0161
382,  0 | TrAcc: 0.8017, TrLoss:  0.54170, VaAcc: 0.7702, VaLoss:  0.56215	 10 sampled NNs | VaAcc: 0.7464 +- 0.0074 | VaLoss: 0.7582 +- 0.0214
383,  0 | TrAcc: 0.8015, TrLoss:  0.54164, VaAcc: 0.7679, VaLoss:  0.57209	 10 sampled NNs | VaAcc: 0.7506 +- 0.0063 | VaLoss: 0.7478 +- 0.0162
384,  0 | TrAcc: 0.8014, TrLoss:  0.54321, VaAcc: 0.7726, VaLoss:  0.56043	 10 sampled NNs | VaAcc: 0.7494 +- 0.0047 | VaLoss: 0.7542 +- 0.0101
385,  0 | TrAcc: 0.8008, TrLoss:  0.54435, VaAcc: 0.7707, VaLoss:  0.56250	 10 sampled NNs | VaAcc: 0.7501 +- 0.0046 | VaLoss: 0.7543 +- 0.0107
386,  0 | TrAcc: 0.8019, TrLoss:  0.54084, VaAcc: 0.7693, VaLoss:  0.56684	 10 sampled NNs | VaAcc: 0.7480 +- 0.0048 | VaLoss: 0.7610 +- 0.0138
387,  0 | TrAcc: 0.8005, TrLoss:  0.54352, VaAcc: 0.7686, VaLoss:  0.56696	 10 sampled NNs | VaAcc: 0.7503 +- 0.0085 | VaLoss: 0.7517 +- 0.0236
388,  0 | TrAcc: 0.8010, TrLoss:  0.54485, VaAcc: 0.7650, VaLoss:  0.58041	 10 sampled NNs | VaAcc: 0.7499 +- 0.0029 | VaLoss: 0.7524 +- 0.0099
389,  0 | TrAcc: 0.8021, TrLoss:  0.54123, VaAcc: 0.7697, VaLoss:  0.56752	 10 sampled NNs | VaAcc: 0.7515 +- 0.0044 | VaLoss: 0.7469 +- 0.0123
390,  0 | TrAcc: 0.8032, TrLoss:  0.53930, VaAcc: 0.7645, VaLoss:  0.58533	 10 sampled NNs | VaAcc: 0.7496 +- 0.0073 | VaLoss: 0.7529 +- 0.0149
391,  0 | TrAcc: 0.8003, TrLoss:  0.54513, VaAcc: 0.7696, VaLoss:  0.57280	 10 sampled NNs | VaAcc: 0.7501 +- 0.0048 | VaLoss: 0.7504 +- 0.0118
392,  0 | TrAcc: 0.8013, TrLoss:  0.54345, VaAcc: 0.7713, VaLoss:  0.56262	 10 sampled NNs | VaAcc: 0.7485 +- 0.0090 | VaLoss: 0.7541 +- 0.0193
393,  0 | TrAcc: 0.8026, TrLoss:  0.53824, VaAcc: 0.7661, VaLoss:  0.57376	 10 sampled NNs | VaAcc: 0.7491 +- 0.0069 | VaLoss: 0.7548 +- 0.0200
394,  0 | TrAcc: 0.7996, TrLoss:  0.54605, VaAcc: 0.7699, VaLoss:  0.56449	 10 sampled NNs | VaAcc: 0.7489 +- 0.0045 | VaLoss: 0.7522 +- 0.0112
395,  0 | TrAcc: 0.8012, TrLoss:  0.54485, VaAcc: 0.7656, VaLoss:  0.57395	 10 sampled NNs | VaAcc: 0.7506 +- 0.0022 | VaLoss: 0.7524 +- 0.0104
396,  0 | TrAcc: 0.8022, TrLoss:  0.53968, VaAcc: 0.7696, VaLoss:  0.56938	 10 sampled NNs | VaAcc: 0.7501 +- 0.0062 | VaLoss: 0.7532 +- 0.0143
397,  0 | TrAcc: 0.8008, TrLoss:  0.54478, VaAcc: 0.7710, VaLoss:  0.56440	 10 sampled NNs | VaAcc: 0.7510 +- 0.0072 | VaLoss: 0.7475 +- 0.0148
398,  0 | TrAcc: 0.7995, TrLoss:  0.54508, VaAcc: 0.7723, VaLoss:  0.55561	 10 sampled NNs | VaAcc: 0.7546 +- 0.0047 | VaLoss: 0.7397 +- 0.0144
399,  0 | TrAcc: 0.8017, TrLoss:  0.53975, VaAcc: 0.7675, VaLoss:  0.57179	 10 sampled NNs | VaAcc: 0.7547 +- 0.0046 | VaLoss: 0.7418 +- 0.0142
75171.647592
----------------------------
