

config:

HOME=/clusterFS/home/student/kopp13
PATH=/clusterFS/home/student/kopp13/miniconda3/envs/tensorflow/bin:/clusterFS/home/student/kopp13/miniconda3/bin:/clusterFS/home/student/kopp13/bin:/usr/local/bin:/usr/bin:/bin:/usr/local/games:/usr/games
LD_LIBRARY_PATH=
THEANO_FLAGS=floatX=float32,gpuarray.preallocate=0.9,dnn.library_path=/usr/lib/x86_64-linux-gnu,cxx=clang++-3.8,device=cuda,base_compiledir=/tmp/tmp.LHFyLrqVUp

=============================
CONFIG FILE

RNN CONFIG
{'data_multiplier': 2.0,
 'gradient_clip_value': 0.5,
 'layer_configs': [{'layer_type': 'input'},
                   {'bc': {'init_m': 'xavier',
                           'init_v': -4.5,
                           'prior_m': 0.0,
                           'prior_v': 0.0,
                           'type': 'continuous'},
                    'bf': {'init_m': 'xavier',
                           'init_v': -4.5,
                           'prior_m': 0.0,
                           'prior_v': 0.0,
                           'type': 'continuous'},
                    'bi': {'init_m': 'xavier',
                           'init_v': -4.5,
                           'prior_m': 0.0,
                           'prior_v': 0.0,
                           'type': 'continuous'},
                    'bo': {'init_m': 'xavier',
                           'init_v': -4.5,
                           'prior_m': 0.0,
                           'prior_v': 0.0,
                           'type': 'continuous'},
                    'init_config': {'c': {'b': 'all_zero', 'w': 'xavier'},
                                    'f': {'b': 'all_one', 'w': 'all_zero'},
                                    'i': {'b': 'all_zero', 'w': 'xavier'},
                                    'o': {'b': 'all_zero', 'w': 'xavier'}},
                    'is_output': False,
                    'is_recurrent': True,
                    'layer_type': 'lstm',
                    'tau': 0.2,
                    'var_scope': 'lstm_0',
                    'wc': {'p0max': 0.95,
                           'p0min': 0.05,
                           'pmax': 0.99,
                           'pmin': 0.01,
                           'priors': [0.1, 0.8, 0.1],
                           'type': 'ternary'},
                    'wf': {'p0max': 0.95,
                           'p0min': 0.05,
                           'pmax': 0.99,
                           'pmin': 0.01,
                           'priors': [0.1, 0.8, 0.1],
                           'type': 'ternary'},
                    'wi': {'p0max': 0.95,
                           'p0min': 0.05,
                           'pmax': 0.99,
                           'pmin': 0.01,
                           'priors': [0.1, 0.8, 0.1],
                           'type': 'ternary'},
                    'wo': {'p0max': 0.95,
                           'p0min': 0.05,
                           'pmax': 0.99,
                           'pmin': 0.01,
                           'priors': [0.1, 0.8, 0.1],
                           'type': 'ternary'}},
                   {'bc': {'init_m': 'xavier',
                           'init_v': -4.5,
                           'prior_m': 0.0,
                           'prior_v': 0.0,
                           'type': 'continuous'},
                    'bf': {'init_m': 'xavier',
                           'init_v': -4.5,
                           'prior_m': 0.0,
                           'prior_v': 0.0,
                           'type': 'continuous'},
                    'bi': {'init_m': 'xavier',
                           'init_v': -4.5,
                           'prior_m': 0.0,
                           'prior_v': 0.0,
                           'type': 'continuous'},
                    'bo': {'init_m': 'xavier',
                           'init_v': -4.5,
                           'prior_m': 0.0,
                           'prior_v': 0.0,
                           'type': 'continuous'},
                    'init_config': {'c': {'b': 'all_zero', 'w': 'xavier'},
                                    'f': {'b': 'all_one', 'w': 'all_zero'},
                                    'i': {'b': 'all_zero', 'w': 'xavier'},
                                    'o': {'b': 'all_zero', 'w': 'xavier'}},
                    'is_output': False,
                    'is_recurrent': True,
                    'layer_type': 'lstm',
                    'tau': 0.2,
                    'var_scope': 'lstm_1',
                    'wc': {'p0max': 0.95,
                           'p0min': 0.05,
                           'pmax': 0.99,
                           'pmin': 0.01,
                           'priors': [0.1, 0.8, 0.1],
                           'type': 'ternary'},
                    'wf': {'p0max': 0.95,
                           'p0min': 0.05,
                           'pmax': 0.99,
                           'pmin': 0.01,
                           'priors': [0.1, 0.8, 0.1],
                           'type': 'ternary'},
                    'wi': {'p0max': 0.95,
                           'p0min': 0.05,
                           'pmax': 0.99,
                           'pmin': 0.01,
                           'priors': [0.1, 0.8, 0.1],
                           'type': 'ternary'},
                    'wo': {'p0max': 0.95,
                           'p0min': 0.05,
                           'pmax': 0.99,
                           'pmin': 0.01,
                           'priors': [0.1, 0.8, 0.1],
                           'type': 'ternary'}},
                   {'b': {'init_m': 'xavier',
                          'init_v': -4.5,
                          'prior_m': 0.0,
                          'prior_v': 0.0,
                          'type': 'continuous'},
                    'is_output': True,
                    'is_recurrent': False,
                    'layer_type': 'fc',
                    'regularization': {'mode': None, 'strength': 0.02},
                    'tau': 0.2,
                    'var_scope': 'output_layer',
                    'w': {'p0max': 0.95,
                          'p0min': 0.05,
                          'pmax': 0.99,
                          'pmin': 0.01,
                          'priors': [0.1, 0.8, 0.1],
                          'type': 'ternary'}}],
 'layout': [4, 60, 60, 10],
 'output_type': 'classification'}

DATA CONFIG
{'dataset': 'red_penstroke',
 'tr': {'in_seq_len': 30,
        'minibatch_enabled': True,
        'minibatch_size': 200,
        'out_seq_len': 5,
        'zero_padding': 20},
 'va': {'in_seq_len': 30,
        'minibatch_enabled': True,
        'minibatch_size': 200,
        'out_seq_len': 5,
        'zero_padding': 20}}

TRAINING CONFIG
{'beta_reg': 0.0,
 'is_pretrain': False,
 'learning_rate': 0.001,
 'max_epochs': 200,
 'mode': {'max_epochs': 400, 'min_error': 0.0, 'name': 'classic'},
 'task_id': 5,
 'type': 'l_sampling',
 'var_reg': 10.0}
==============================


pretraning is over
  0,  0 | TrAcc: 0.0965, TrLoss:  7.67139, VaAcc: 0.1046, VaLoss:  7.47271	 10 sampled NNs | VaAcc: 0.1081 +- 0.0043 | VaLoss: 7.4247 +- 0.7408
  1,  0 | TrAcc: 0.1326, TrLoss:  2.66237, VaAcc: 0.1188, VaLoss:  2.66449	 10 sampled NNs | VaAcc: 0.1159 +- 0.0119 | VaLoss: 2.7537 +- 0.4160
  2,  0 | TrAcc: 0.1422, TrLoss:  2.43976, VaAcc: 0.1208, VaLoss:  2.47394	 10 sampled NNs | VaAcc: 0.1218 +- 0.0105 | VaLoss: 2.5184 +- 0.1673
  3,  0 | TrAcc: 0.1486, TrLoss:  2.33705, VaAcc: 0.1290, VaLoss:  2.35046	 10 sampled NNs | VaAcc: 0.1195 +- 0.0082 | VaLoss: 2.3679 +- 0.0902
  4,  0 | TrAcc: 0.1537, TrLoss:  2.25365, VaAcc: 0.1358, VaLoss:  2.25388	 10 sampled NNs | VaAcc: 0.1362 +- 0.0125 | VaLoss: 2.3106 +- 0.0579
  5,  0 | TrAcc: 0.1678, TrLoss:  2.19743, VaAcc: 0.1573, VaLoss:  2.16650	 10 sampled NNs | VaAcc: 0.1423 +- 0.0139 | VaLoss: 2.3025 +- 0.1018
  6,  0 | TrAcc: 0.1975, TrLoss:  2.14049, VaAcc: 0.1962, VaLoss:  2.09397	 10 sampled NNs | VaAcc: 0.1677 +- 0.0303 | VaLoss: 2.2342 +- 0.0446
  7,  0 | TrAcc: 0.2297, TrLoss:  2.05741, VaAcc: 0.2315, VaLoss:  1.99626	 10 sampled NNs | VaAcc: 0.1779 +- 0.0335 | VaLoss: 2.2102 +- 0.1157
  8,  0 | TrAcc: 0.2488, TrLoss:  1.99787, VaAcc: 0.2539, VaLoss:  1.92004	 10 sampled NNs | VaAcc: 0.2046 +- 0.0286 | VaLoss: 2.1245 +- 0.0902
  9,  0 | TrAcc: 0.2693, TrLoss:  1.93252, VaAcc: 0.2730, VaLoss:  1.85188	 10 sampled NNs | VaAcc: 0.1823 +- 0.0206 | VaLoss: 2.2138 +- 0.1439
 10,  0 | TrAcc: 0.2852, TrLoss:  1.88008, VaAcc: 0.2900, VaLoss:  1.78603	 10 sampled NNs | VaAcc: 0.2105 +- 0.0322 | VaLoss: 2.1783 +- 0.2067
 11,  0 | TrAcc: 0.3001, TrLoss:  1.82697, VaAcc: 0.3021, VaLoss:  1.73173	 10 sampled NNs | VaAcc: 0.2235 +- 0.0371 | VaLoss: 2.1054 +- 0.1418
 12,  0 | TrAcc: 0.3083, TrLoss:  1.81120, VaAcc: 0.3167, VaLoss:  1.69221	 10 sampled NNs | VaAcc: 0.2192 +- 0.0401 | VaLoss: 2.2071 +- 0.2060
 13,  0 | TrAcc: 0.3152, TrLoss:  1.78608, VaAcc: 0.3259, VaLoss:  1.66762	 10 sampled NNs | VaAcc: 0.2435 +- 0.0382 | VaLoss: 2.0824 +- 0.1484
 14,  0 | TrAcc: 0.3229, TrLoss:  1.76713, VaAcc: 0.3332, VaLoss:  1.64128	 10 sampled NNs | VaAcc: 0.2442 +- 0.0409 | VaLoss: 2.0973 +- 0.1701
 15,  0 | TrAcc: 0.3341, TrLoss:  1.74158, VaAcc: 0.3393, VaLoss:  1.62495	 10 sampled NNs | VaAcc: 0.2591 +- 0.0333 | VaLoss: 1.9996 +- 0.0982
 16,  0 | TrAcc: 0.3407, TrLoss:  1.72697, VaAcc: 0.3478, VaLoss:  1.60247	 10 sampled NNs | VaAcc: 0.2444 +- 0.0374 | VaLoss: 2.1146 +- 0.2042
 17,  0 | TrAcc: 0.3446, TrLoss:  1.71188, VaAcc: 0.3516, VaLoss:  1.58803	 10 sampled NNs | VaAcc: 0.2444 +- 0.0512 | VaLoss: 2.1219 +- 0.3532
 18,  0 | TrAcc: 0.3518, TrLoss:  1.69630, VaAcc: 0.3634, VaLoss:  1.56990	 10 sampled NNs | VaAcc: 0.2628 +- 0.0577 | VaLoss: 2.0165 +- 0.2108
 19,  0 | TrAcc: 0.3586, TrLoss:  1.67868, VaAcc: 0.3655, VaLoss:  1.54594	 10 sampled NNs | VaAcc: 0.2729 +- 0.0207 | VaLoss: 1.9566 +- 0.0941
 20,  0 | TrAcc: 0.3664, TrLoss:  1.66394, VaAcc: 0.3761, VaLoss:  1.51580	 10 sampled NNs | VaAcc: 0.2774 +- 0.0410 | VaLoss: 1.9647 +- 0.1979
 21,  0 | TrAcc: 0.3713, TrLoss:  1.64773, VaAcc: 0.3768, VaLoss:  1.50411	 10 sampled NNs | VaAcc: 0.2757 +- 0.0249 | VaLoss: 1.9693 +- 0.1120
 22,  0 | TrAcc: 0.3796, TrLoss:  1.62945, VaAcc: 0.3896, VaLoss:  1.47756	 10 sampled NNs | VaAcc: 0.2718 +- 0.0291 | VaLoss: 1.9962 +- 0.1182
 23,  0 | TrAcc: 0.3871, TrLoss:  1.61079, VaAcc: 0.3998, VaLoss:  1.45354	 10 sampled NNs | VaAcc: 0.2830 +- 0.0517 | VaLoss: 1.9307 +- 0.1841
 24,  0 | TrAcc: 0.3948, TrLoss:  1.59689, VaAcc: 0.4009, VaLoss:  1.44014	 10 sampled NNs | VaAcc: 0.3015 +- 0.0375 | VaLoss: 1.8700 +- 0.1225
 25,  0 | TrAcc: 0.4080, TrLoss:  1.57617, VaAcc: 0.4155, VaLoss:  1.41945	 10 sampled NNs | VaAcc: 0.3000 +- 0.0373 | VaLoss: 1.8842 +- 0.1671
 26,  0 | TrAcc: 0.4214, TrLoss:  1.55937, VaAcc: 0.4244, VaLoss:  1.39792	 10 sampled NNs | VaAcc: 0.3053 +- 0.0475 | VaLoss: 1.9250 +- 0.2203
 27,  0 | TrAcc: 0.4304, TrLoss:  1.53957, VaAcc: 0.4328, VaLoss:  1.37694	 10 sampled NNs | VaAcc: 0.3228 +- 0.0479 | VaLoss: 1.8013 +- 0.1326
 28,  0 | TrAcc: 0.4420, TrLoss:  1.52262, VaAcc: 0.4494, VaLoss:  1.34702	 10 sampled NNs | VaAcc: 0.3066 +- 0.0263 | VaLoss: 1.8809 +- 0.0815
 29,  0 | TrAcc: 0.4509, TrLoss:  1.50876, VaAcc: 0.4539, VaLoss:  1.33904	 10 sampled NNs | VaAcc: 0.3093 +- 0.0503 | VaLoss: 1.9378 +- 0.2906
 30,  0 | TrAcc: 0.4622, TrLoss:  1.49037, VaAcc: 0.4636, VaLoss:  1.32037	 10 sampled NNs | VaAcc: 0.3242 +- 0.0530 | VaLoss: 1.8535 +- 0.1734
 31,  0 | TrAcc: 0.4684, TrLoss:  1.47697, VaAcc: 0.4761, VaLoss:  1.29132	 10 sampled NNs | VaAcc: 0.3267 +- 0.0387 | VaLoss: 1.8523 +- 0.1417
 32,  0 | TrAcc: 0.4793, TrLoss:  1.46160, VaAcc: 0.4838, VaLoss:  1.28705	 10 sampled NNs | VaAcc: 0.3166 +- 0.0435 | VaLoss: 1.8543 +- 0.1752
 33,  0 | TrAcc: 0.4863, TrLoss:  1.44648, VaAcc: 0.4933, VaLoss:  1.26626	 10 sampled NNs | VaAcc: 0.3361 +- 0.0178 | VaLoss: 1.8049 +- 0.0979
 34,  0 | TrAcc: 0.4913, TrLoss:  1.43183, VaAcc: 0.5008, VaLoss:  1.24859	 10 sampled NNs | VaAcc: 0.3457 +- 0.0370 | VaLoss: 1.7946 +- 0.1523
 35,  0 | TrAcc: 0.4995, TrLoss:  1.42233, VaAcc: 0.5010, VaLoss:  1.24960	 10 sampled NNs | VaAcc: 0.3808 +- 0.0439 | VaLoss: 1.7052 +- 0.1274
 36,  0 | TrAcc: 0.5034, TrLoss:  1.40899, VaAcc: 0.5097, VaLoss:  1.22852	 10 sampled NNs | VaAcc: 0.3680 +- 0.0478 | VaLoss: 1.7424 +- 0.1735
 37,  0 | TrAcc: 0.5074, TrLoss:  1.40208, VaAcc: 0.5171, VaLoss:  1.21171	 10 sampled NNs | VaAcc: 0.3880 +- 0.0405 | VaLoss: 1.7252 +- 0.1658
 38,  0 | TrAcc: 0.5111, TrLoss:  1.39693, VaAcc: 0.5239, VaLoss:  1.20517	 10 sampled NNs | VaAcc: 0.3733 +- 0.0621 | VaLoss: 1.7601 +- 0.1928
 39,  0 | TrAcc: 0.5118, TrLoss:  1.39062, VaAcc: 0.5191, VaLoss:  1.20312	 10 sampled NNs | VaAcc: 0.3898 +- 0.0307 | VaLoss: 1.6799 +- 0.0910
 40,  0 | TrAcc: 0.5134, TrLoss:  1.38417, VaAcc: 0.5161, VaLoss:  1.20975	 10 sampled NNs | VaAcc: 0.3867 +- 0.0369 | VaLoss: 1.7048 +- 0.1035
 41,  0 | TrAcc: 0.5177, TrLoss:  1.38070, VaAcc: 0.5257, VaLoss:  1.19266	 10 sampled NNs | VaAcc: 0.4072 +- 0.0321 | VaLoss: 1.6452 +- 0.0839
 42,  0 | TrAcc: 0.5209, TrLoss:  1.37176, VaAcc: 0.5236, VaLoss:  1.19229	 10 sampled NNs | VaAcc: 0.3985 +- 0.0266 | VaLoss: 1.6603 +- 0.0886
 43,  0 | TrAcc: 0.5231, TrLoss:  1.36253, VaAcc: 0.5263, VaLoss:  1.18524	 10 sampled NNs | VaAcc: 0.3885 +- 0.0402 | VaLoss: 1.7157 +- 0.1067
 44,  0 | TrAcc: 0.5256, TrLoss:  1.35860, VaAcc: 0.5333, VaLoss:  1.17465	 10 sampled NNs | VaAcc: 0.4209 +- 0.0260 | VaLoss: 1.6191 +- 0.0682
 45,  0 | TrAcc: 0.5284, TrLoss:  1.35067, VaAcc: 0.5363, VaLoss:  1.16746	 10 sampled NNs | VaAcc: 0.4016 +- 0.0613 | VaLoss: 1.7064 +- 0.2106
 46,  0 | TrAcc: 0.5319, TrLoss:  1.33982, VaAcc: 0.5377, VaLoss:  1.16291	 10 sampled NNs | VaAcc: 0.4329 +- 0.0185 | VaLoss: 1.5873 +- 0.0767
 47,  0 | TrAcc: 0.5302, TrLoss:  1.34041, VaAcc: 0.5452, VaLoss:  1.14575	 10 sampled NNs | VaAcc: 0.4174 +- 0.0356 | VaLoss: 1.6226 +- 0.1009
 48,  0 | TrAcc: 0.5369, TrLoss:  1.32625, VaAcc: 0.5440, VaLoss:  1.14987	 10 sampled NNs | VaAcc: 0.4469 +- 0.0331 | VaLoss: 1.5577 +- 0.1038
 49,  0 | TrAcc: 0.5374, TrLoss:  1.32420, VaAcc: 0.5478, VaLoss:  1.13495	 10 sampled NNs | VaAcc: 0.4386 +- 0.0231 | VaLoss: 1.5815 +- 0.0763
 50,  0 | TrAcc: 0.5424, TrLoss:  1.31400, VaAcc: 0.5495, VaLoss:  1.13149	 10 sampled NNs | VaAcc: 0.4236 +- 0.0409 | VaLoss: 1.6219 +- 0.1255
 51,  0 | TrAcc: 0.5441, TrLoss:  1.31238, VaAcc: 0.5581, VaLoss:  1.11889	 10 sampled NNs | VaAcc: 0.4421 +- 0.0427 | VaLoss: 1.5601 +- 0.1127
 52,  0 | TrAcc: 0.5440, TrLoss:  1.30614, VaAcc: 0.5553, VaLoss:  1.11710	 10 sampled NNs | VaAcc: 0.4294 +- 0.0397 | VaLoss: 1.5925 +- 0.1433
 53,  0 | TrAcc: 0.5481, TrLoss:  1.29520, VaAcc: 0.5595, VaLoss:  1.10717	 10 sampled NNs | VaAcc: 0.4485 +- 0.0370 | VaLoss: 1.5509 +- 0.0833
 54,  0 | TrAcc: 0.5508, TrLoss:  1.28786, VaAcc: 0.5593, VaLoss:  1.11377	 10 sampled NNs | VaAcc: 0.4510 +- 0.0220 | VaLoss: 1.5587 +- 0.0707
 55,  0 | TrAcc: 0.5506, TrLoss:  1.28774, VaAcc: 0.5690, VaLoss:  1.09080	 10 sampled NNs | VaAcc: 0.4200 +- 0.0528 | VaLoss: 1.6527 +- 0.1776
 56,  0 | TrAcc: 0.5553, TrLoss:  1.27759, VaAcc: 0.5643, VaLoss:  1.09560	 10 sampled NNs | VaAcc: 0.4434 +- 0.0257 | VaLoss: 1.5556 +- 0.0557
 57,  0 | TrAcc: 0.5580, TrLoss:  1.26975, VaAcc: 0.5688, VaLoss:  1.08347	 10 sampled NNs | VaAcc: 0.4609 +- 0.0412 | VaLoss: 1.5189 +- 0.0923
 58,  0 | TrAcc: 0.5613, TrLoss:  1.26243, VaAcc: 0.5678, VaLoss:  1.08782	 10 sampled NNs | VaAcc: 0.4515 +- 0.0689 | VaLoss: 1.5542 +- 0.1775
 59,  0 | TrAcc: 0.5655, TrLoss:  1.25333, VaAcc: 0.5751, VaLoss:  1.07062	 10 sampled NNs | VaAcc: 0.4780 +- 0.0379 | VaLoss: 1.4809 +- 0.0883
 60,  0 | TrAcc: 0.5641, TrLoss:  1.25459, VaAcc: 0.5809, VaLoss:  1.05863	 10 sampled NNs | VaAcc: 0.4891 +- 0.0284 | VaLoss: 1.4556 +- 0.0674
 61,  0 | TrAcc: 0.5682, TrLoss:  1.24585, VaAcc: 0.5826, VaLoss:  1.05447	 10 sampled NNs | VaAcc: 0.4807 +- 0.0384 | VaLoss: 1.4751 +- 0.0913
 62,  0 | TrAcc: 0.5722, TrLoss:  1.23590, VaAcc: 0.5819, VaLoss:  1.05570	 10 sampled NNs | VaAcc: 0.4806 +- 0.0334 | VaLoss: 1.4542 +- 0.0760
 63,  0 | TrAcc: 0.5742, TrLoss:  1.23070, VaAcc: 0.5853, VaLoss:  1.05078	 10 sampled NNs | VaAcc: 0.4882 +- 0.0326 | VaLoss: 1.4570 +- 0.0752
 64,  0 | TrAcc: 0.5776, TrLoss:  1.21993, VaAcc: 0.5886, VaLoss:  1.03514	 10 sampled NNs | VaAcc: 0.4913 +- 0.0423 | VaLoss: 1.4528 +- 0.1134
 65,  0 | TrAcc: 0.5807, TrLoss:  1.21930, VaAcc: 0.5877, VaLoss:  1.04277	 10 sampled NNs | VaAcc: 0.4937 +- 0.0295 | VaLoss: 1.4457 +- 0.0786
 66,  0 | TrAcc: 0.5821, TrLoss:      nan, VaAcc: 0.5882, VaLoss:      nan	 10 sampled NNs | VaAcc: 0.5127 +- 0.0294 | VaLoss: 1.4025 +- 0.0649
 67,  0 | TrAcc: 0.5838, TrLoss:  1.20495, VaAcc: 0.6007, VaLoss:  1.00926	 10 sampled NNs | VaAcc: 0.5024 +- 0.0363 | VaLoss: 1.4310 +- 0.0829
 68,  0 | TrAcc: 0.5852, TrLoss:  1.20360, VaAcc: 0.5938, VaLoss:  1.01480	 10 sampled NNs | VaAcc: 0.4913 +- 0.0279 | VaLoss: 1.4615 +- 0.0626
 69,  0 | TrAcc: 0.5873, TrLoss:  1.20107, VaAcc: 0.5972, VaLoss:  1.01611	 10 sampled NNs | VaAcc: 0.5204 +- 0.0252 | VaLoss: 1.4071 +- 0.0885
 70,  0 | TrAcc: 0.5879, TrLoss:  1.19507, VaAcc: 0.6025, VaLoss:  1.00656	 10 sampled NNs | VaAcc: 0.4920 +- 0.0280 | VaLoss: 1.4431 +- 0.0567
 71,  0 | TrAcc: 0.5904, TrLoss:  1.18909, VaAcc: 0.6031, VaLoss:  1.00663	 10 sampled NNs | VaAcc: 0.5160 +- 0.0362 | VaLoss: 1.3955 +- 0.0804
 72,  0 | TrAcc: 0.5926, TrLoss:  1.18494, VaAcc: 0.6018, VaLoss:  1.00182	 10 sampled NNs | VaAcc: 0.5233 +- 0.0230 | VaLoss: 1.3717 +- 0.0543
 73,  0 | TrAcc: 0.5930, TrLoss:  1.18403, VaAcc: 0.6030, VaLoss:  0.99894	 10 sampled NNs | VaAcc: 0.5122 +- 0.0455 | VaLoss: 1.4181 +- 0.1105
 74,  0 | TrAcc: 0.5943, TrLoss:  1.17809, VaAcc: 0.6084, VaLoss:  0.98691	 10 sampled NNs | VaAcc: 0.5260 +- 0.0182 | VaLoss: 1.3744 +- 0.0470
 75,  0 | TrAcc: 0.5970, TrLoss:      nan, VaAcc: 0.6091, VaLoss:      nan	 10 sampled NNs | VaAcc: 0.5426 +- 0.0240 | VaLoss: 1.3293 +- 0.0503
 76,  0 | TrAcc: 0.5972, TrLoss:  1.17251, VaAcc: 0.6115, VaLoss:  0.98195	 10 sampled NNs | VaAcc: 0.5179 +- 0.0400 | VaLoss: 1.3983 +- 0.1056
 77,  0 | TrAcc: 0.6003, TrLoss:  1.16564, VaAcc: 0.6134, VaLoss:  0.97807	 10 sampled NNs | VaAcc: 0.5549 +- 0.0245 | VaLoss: 1.3091 +- 0.0434
 78,  0 | TrAcc: 0.6034, TrLoss:  1.15586, VaAcc: 0.6134, VaLoss:  0.97316	 10 sampled NNs | VaAcc: 0.5238 +- 0.0323 | VaLoss: 1.3886 +- 0.0934
 79,  0 | TrAcc: 0.6026, TrLoss:  1.15509, VaAcc: 0.6203, VaLoss:  0.95844	 10 sampled NNs | VaAcc: 0.5290 +- 0.0412 | VaLoss: 1.3697 +- 0.1026
 80,  0 | TrAcc: 0.6038, TrLoss:  1.15510, VaAcc: 0.6170, VaLoss:  0.96969	 10 sampled NNs | VaAcc: 0.5412 +- 0.0221 | VaLoss: 1.3335 +- 0.0502
 81,  0 | TrAcc: 0.6036, TrLoss:  1.15383, VaAcc: 0.6151, VaLoss:  0.96556	 10 sampled NNs | VaAcc: 0.5501 +- 0.0142 | VaLoss: 1.3169 +- 0.0321
 82,  0 | TrAcc: 0.6066, TrLoss:  1.14951, VaAcc: 0.6172, VaLoss:  0.96749	 10 sampled NNs | VaAcc: 0.5453 +- 0.0211 | VaLoss: 1.3246 +- 0.0443
 83,  0 | TrAcc: 0.6061, TrLoss:  1.15170, VaAcc: 0.6177, VaLoss:  0.96737	 10 sampled NNs | VaAcc: 0.5348 +- 0.0341 | VaLoss: 1.3673 +- 0.0761
 84,  0 | TrAcc: 0.6066, TrLoss:  1.14794, VaAcc: 0.6163, VaLoss:  0.96834	 10 sampled NNs | VaAcc: 0.5391 +- 0.0170 | VaLoss: 1.3448 +- 0.0514
 85,  0 | TrAcc: 0.6084, TrLoss:  1.14210, VaAcc: 0.6192, VaLoss:  0.95670	 10 sampled NNs | VaAcc: 0.5475 +- 0.0325 | VaLoss: 1.3445 +- 0.1244
 86,  0 | TrAcc: 0.6103, TrLoss:  1.13642, VaAcc: 0.6200, VaLoss:  0.95566	 10 sampled NNs | VaAcc: 0.5408 +- 0.0397 | VaLoss: 1.3477 +- 0.1104
 87,  0 | TrAcc: 0.6123, TrLoss:  1.13320, VaAcc: 0.6261, VaLoss:  0.94717	 10 sampled NNs | VaAcc: 0.5538 +- 0.0307 | VaLoss: 1.3088 +- 0.0704
 88,  0 | TrAcc: 0.6131, TrLoss:  1.13143, VaAcc: 0.6270, VaLoss:  0.94216	 10 sampled NNs | VaAcc: 0.5514 +- 0.0191 | VaLoss: 1.3093 +- 0.0467
 89,  0 | TrAcc: 0.6157, TrLoss:  1.12490, VaAcc: 0.6304, VaLoss:  0.93313	 10 sampled NNs | VaAcc: 0.5646 +- 0.0217 | VaLoss: 1.2827 +- 0.0529
 90,  0 | TrAcc: 0.6158, TrLoss:  1.12862, VaAcc: 0.6272, VaLoss:  0.93615	 10 sampled NNs | VaAcc: 0.5756 +- 0.0164 | VaLoss: 1.2568 +- 0.0422
 91,  0 | TrAcc: 0.6186, TrLoss:  1.11848, VaAcc: 0.6327, VaLoss:  0.93230	 10 sampled NNs | VaAcc: 0.5638 +- 0.0269 | VaLoss: 1.2821 +- 0.0681
 92,  0 | TrAcc: 0.6190, TrLoss:  1.11626, VaAcc: 0.6267, VaLoss:  0.94204	 10 sampled NNs | VaAcc: 0.5541 +- 0.0358 | VaLoss: 1.3036 +- 0.0793
 93,  0 | TrAcc: 0.6205, TrLoss:  1.11600, VaAcc: 0.6347, VaLoss:  0.92622	 10 sampled NNs | VaAcc: 0.5658 +- 0.0208 | VaLoss: 1.2935 +- 0.0350
 94,  0 | TrAcc: 0.6198, TrLoss:  1.11277, VaAcc: 0.6326, VaLoss:  0.92402	 10 sampled NNs | VaAcc: 0.5807 +- 0.0277 | VaLoss: 1.2488 +- 0.0505
 95,  0 | TrAcc: 0.6214, TrLoss:  1.11100, VaAcc: 0.6309, VaLoss:  0.93373	 10 sampled NNs | VaAcc: 0.5799 +- 0.0195 | VaLoss: 1.2530 +- 0.0409
 96,  0 | TrAcc: 0.6198, TrLoss:  1.11272, VaAcc: 0.6323, VaLoss:  0.92358	 10 sampled NNs | VaAcc: 0.5776 +- 0.0157 | VaLoss: 1.2633 +- 0.0377
 97,  0 | TrAcc: 0.6222, TrLoss:  1.10822, VaAcc: 0.6338, VaLoss:  0.92602	 10 sampled NNs | VaAcc: 0.5802 +- 0.0289 | VaLoss: 1.2529 +- 0.0654
 98,  0 | TrAcc: 0.6242, TrLoss:  1.10352, VaAcc: 0.6368, VaLoss:  0.91588	 10 sampled NNs | VaAcc: 0.5858 +- 0.0134 | VaLoss: 1.2345 +- 0.0284
 99,  0 | TrAcc: 0.6237, TrLoss:  1.10056, VaAcc: 0.6357, VaLoss:  0.92137	 10 sampled NNs | VaAcc: 0.5830 +- 0.0211 | VaLoss: 1.2437 +- 0.0510
100,  0 | TrAcc: 0.6251, TrLoss:  1.10174, VaAcc: 0.6403, VaLoss:  0.91231	 10 sampled NNs | VaAcc: 0.5776 +- 0.0333 | VaLoss: 1.2536 +- 0.0797
101,  0 | TrAcc: 0.6265, TrLoss:  1.09560, VaAcc: 0.6365, VaLoss:  0.91963	 10 sampled NNs | VaAcc: 0.5925 +- 0.0162 | VaLoss: 1.2141 +- 0.0309
102,  0 | TrAcc: 0.6250, TrLoss:  1.09747, VaAcc: 0.6360, VaLoss:  0.91110	 10 sampled NNs | VaAcc: 0.5914 +- 0.0191 | VaLoss: 1.2235 +- 0.0446
103,  0 | TrAcc: 0.6303, TrLoss:  1.09045, VaAcc: 0.6397, VaLoss:  0.91235	 10 sampled NNs | VaAcc: 0.5835 +- 0.0254 | VaLoss: 1.2490 +- 0.0638
104,  0 | TrAcc: 0.6312, TrLoss:  1.08800, VaAcc: 0.6418, VaLoss:  0.89733	 10 sampled NNs | VaAcc: 0.5892 +- 0.0299 | VaLoss: 1.2324 +- 0.0664
105,  0 | TrAcc: 0.6294, TrLoss:  1.08877, VaAcc: 0.6441, VaLoss:  0.89791	 10 sampled NNs | VaAcc: 0.5740 +- 0.0330 | VaLoss: 1.2541 +- 0.0668
106,  0 | TrAcc: 0.6317, TrLoss:  1.08586, VaAcc: 0.6373, VaLoss:  0.90758	 10 sampled NNs | VaAcc: 0.5953 +- 0.0220 | VaLoss: 1.2124 +- 0.0428
107,  0 | TrAcc: 0.6297, TrLoss:  1.08760, VaAcc: 0.6435, VaLoss:  0.89759	 10 sampled NNs | VaAcc: 0.5890 +- 0.0252 | VaLoss: 1.2193 +- 0.0522
108,  0 | TrAcc: 0.6327, TrLoss:  1.07960, VaAcc: 0.6449, VaLoss:  0.90267	 10 sampled NNs | VaAcc: 0.5910 +- 0.0274 | VaLoss: 1.2291 +- 0.0619
109,  0 | TrAcc: 0.6318, TrLoss:  1.08051, VaAcc: 0.6444, VaLoss:  0.89286	 10 sampled NNs | VaAcc: 0.5874 +- 0.0297 | VaLoss: 1.2311 +- 0.0635
110,  0 | TrAcc: 0.6317, TrLoss:  1.08258, VaAcc: 0.6460, VaLoss:  0.89220	 10 sampled NNs | VaAcc: 0.5757 +- 0.0585 | VaLoss: 1.2682 +- 0.1638
111,  0 | TrAcc: 0.6354, TrLoss:  1.07530, VaAcc: 0.6486, VaLoss:  0.89140	 10 sampled NNs | VaAcc: 0.5991 +- 0.0098 | VaLoss: 1.2040 +- 0.0321
112,  0 | TrAcc: 0.6336, TrLoss:  1.07716, VaAcc: 0.6461, VaLoss:  0.90074	 10 sampled NNs | VaAcc: 0.6055 +- 0.0186 | VaLoss: 1.1933 +- 0.0394
113,  0 | TrAcc: 0.6330, TrLoss:  1.07537, VaAcc: 0.6463, VaLoss:  0.89143	 10 sampled NNs | VaAcc: 0.5937 +- 0.0199 | VaLoss: 1.2130 +- 0.0421
114,  0 | TrAcc: 0.6369, TrLoss:  1.07281, VaAcc: 0.6487, VaLoss:  0.88876	 10 sampled NNs | VaAcc: 0.6035 +- 0.0230 | VaLoss: 1.1886 +- 0.0460
115,  0 | TrAcc: 0.6383, TrLoss:  1.06765, VaAcc: 0.6521, VaLoss:  0.87658	 10 sampled NNs | VaAcc: 0.6017 +- 0.0185 | VaLoss: 1.2014 +- 0.0452
116,  0 | TrAcc: 0.6355, TrLoss:  1.06829, VaAcc: 0.6464, VaLoss:  0.89462	 10 sampled NNs | VaAcc: 0.6055 +- 0.0130 | VaLoss: 1.1960 +- 0.0312
117,  0 | TrAcc: 0.6378, TrLoss:  1.06393, VaAcc: 0.6539, VaLoss:  0.87870	 10 sampled NNs | VaAcc: 0.6256 +- 0.0139 | VaLoss: 1.1512 +- 0.0308
118,  0 | TrAcc: 0.6379, TrLoss:  1.06633, VaAcc: 0.6517, VaLoss:  0.87863	 10 sampled NNs | VaAcc: 0.6078 +- 0.0268 | VaLoss: 1.1859 +- 0.0552
119,  0 | TrAcc: 0.6383, TrLoss:  1.06126, VaAcc: 0.6463, VaLoss:  0.88589	 10 sampled NNs | VaAcc: 0.6036 +- 0.0313 | VaLoss: 1.2025 +- 0.0853
120,  0 | TrAcc: 0.6393, TrLoss:  1.05960, VaAcc: 0.6486, VaLoss:  0.87792	 10 sampled NNs | VaAcc: 0.6105 +- 0.0122 | VaLoss: 1.1761 +- 0.0157
121,  0 | TrAcc: 0.6378, TrLoss:  1.06224, VaAcc: 0.6503, VaLoss:  0.87575	 10 sampled NNs | VaAcc: 0.6161 +- 0.0134 | VaLoss: 1.1611 +- 0.0269
122,  0 | TrAcc: 0.6400, TrLoss:  1.05549, VaAcc: 0.6495, VaLoss:  0.87996	 10 sampled NNs | VaAcc: 0.6171 +- 0.0136 | VaLoss: 1.1597 +- 0.0278
123,  0 | TrAcc: 0.6421, TrLoss:  1.05725, VaAcc: 0.6474, VaLoss:  0.88059	 10 sampled NNs | VaAcc: 0.6077 +- 0.0125 | VaLoss: 1.1831 +- 0.0256
124,  0 | TrAcc: 0.6381, TrLoss:  1.05757, VaAcc: 0.6543, VaLoss:  0.86828	 10 sampled NNs | VaAcc: 0.6198 +- 0.0119 | VaLoss: 1.1512 +- 0.0254
125,  0 | TrAcc: 0.6399, TrLoss:  1.05283, VaAcc: 0.6486, VaLoss:  0.87253	 10 sampled NNs | VaAcc: 0.6144 +- 0.0181 | VaLoss: 1.1729 +- 0.0403
126,  0 | TrAcc: 0.6407, TrLoss:  1.05101, VaAcc: 0.6525, VaLoss:  0.86353	 10 sampled NNs | VaAcc: 0.6176 +- 0.0105 | VaLoss: 1.1571 +- 0.0229
127,  0 | TrAcc: 0.6433, TrLoss:  1.04793, VaAcc: 0.6519, VaLoss:  0.87088	 10 sampled NNs | VaAcc: 0.6140 +- 0.0150 | VaLoss: 1.1682 +- 0.0363
128,  0 | TrAcc: 0.6436, TrLoss:      nan, VaAcc: 0.6546, VaLoss:      nan	 10 sampled NNs | VaAcc: 0.6137 +- 0.0201 | VaLoss: 1.1638 +- 0.0374
129,  0 | TrAcc: 0.6424, TrLoss:  1.04581, VaAcc: 0.6541, VaLoss:  0.86293	 10 sampled NNs | VaAcc: 0.6192 +- 0.0106 | VaLoss: 1.1532 +- 0.0221
130,  0 | TrAcc: 0.6427, TrLoss:  1.04759, VaAcc: 0.6534, VaLoss:  0.87273	 10 sampled NNs | VaAcc: 0.6145 +- 0.0171 | VaLoss: 1.1688 +- 0.0290
131,  0 | TrAcc: 0.6450, TrLoss:  1.04120, VaAcc: 0.6526, VaLoss:  0.87469	 10 sampled NNs | VaAcc: 0.6142 +- 0.0115 | VaLoss: 1.1595 +- 0.0246
132,  0 | TrAcc: 0.6423, TrLoss:  1.04455, VaAcc: 0.6527, VaLoss:  0.87106	 10 sampled NNs | VaAcc: 0.6245 +- 0.0144 | VaLoss: 1.1418 +- 0.0386
133,  0 | TrAcc: 0.6436, TrLoss:  1.03956, VaAcc: 0.6512, VaLoss:  0.86408	 10 sampled NNs | VaAcc: 0.6275 +- 0.0135 | VaLoss: 1.1291 +- 0.0236
134,  0 | TrAcc: 0.6444, TrLoss:  1.04204, VaAcc: 0.6561, VaLoss:  0.85443	 10 sampled NNs | VaAcc: 0.6292 +- 0.0131 | VaLoss: 1.1272 +- 0.0235
135,  0 | TrAcc: 0.6460, TrLoss:  1.03629, VaAcc: 0.6545, VaLoss:  0.85704	 10 sampled NNs | VaAcc: 0.6124 +- 0.0256 | VaLoss: 1.1673 +- 0.0593
136,  0 | TrAcc: 0.6456, TrLoss:  1.03462, VaAcc: 0.6532, VaLoss:  0.86378	 10 sampled NNs | VaAcc: 0.6127 +- 0.0327 | VaLoss: 1.1681 +- 0.0769
137,  0 | TrAcc: 0.6461, TrLoss:  1.03714, VaAcc: 0.6530, VaLoss:  0.86270	 10 sampled NNs | VaAcc: 0.6248 +- 0.0137 | VaLoss: 1.1382 +- 0.0252
138,  0 | TrAcc: 0.6471, TrLoss:  1.03525, VaAcc: 0.6554, VaLoss:  0.86034	 10 sampled NNs | VaAcc: 0.6343 +- 0.0096 | VaLoss: 1.1214 +- 0.0180
139,  0 | TrAcc: 0.6472, TrLoss:  1.03433, VaAcc: 0.6618, VaLoss:  0.84811	 10 sampled NNs | VaAcc: 0.6186 +- 0.0163 | VaLoss: 1.1525 +- 0.0398
140,  0 | TrAcc: 0.6457, TrLoss:  1.03346, VaAcc: 0.6572, VaLoss:  0.85293	 10 sampled NNs | VaAcc: 0.6253 +- 0.0133 | VaLoss: 1.1440 +- 0.0392
141,  0 | TrAcc: 0.6476, TrLoss:  1.03443, VaAcc: 0.6550, VaLoss:  0.86398	 10 sampled NNs | VaAcc: 0.6349 +- 0.0134 | VaLoss: 1.1132 +- 0.0292
142,  0 | TrAcc: 0.6471, TrLoss:  1.02932, VaAcc: 0.6574, VaLoss:  0.85368	 10 sampled NNs | VaAcc: 0.6339 +- 0.0131 | VaLoss: 1.1164 +- 0.0313
143,  0 | TrAcc: 0.6486, TrLoss:      nan, VaAcc: 0.6577, VaLoss:      nan	 10 sampled NNs | VaAcc: 0.6212 +- 0.0227 | VaLoss: 1.1452 +- 0.0565
144,  0 | TrAcc: 0.6472, TrLoss:  1.02946, VaAcc: 0.6598, VaLoss:  0.84521	 10 sampled NNs | VaAcc: 0.6299 +- 0.0101 | VaLoss: 1.1255 +- 0.0234
145,  0 | TrAcc: 0.6454, TrLoss:  1.03081, VaAcc: 0.6564, VaLoss:  0.84866	 10 sampled NNs | VaAcc: 0.6263 +- 0.0142 | VaLoss: 1.1296 +- 0.0278
146,  0 | TrAcc: 0.6477, TrLoss:  1.03234, VaAcc: 0.6636, VaLoss:  0.84619	 10 sampled NNs | VaAcc: 0.6198 +- 0.0292 | VaLoss: 1.1454 +- 0.0706
147,  0 | TrAcc: 0.6469, TrLoss:  1.02741, VaAcc: 0.6555, VaLoss:  0.85534	 10 sampled NNs | VaAcc: 0.6325 +- 0.0115 | VaLoss: 1.1148 +- 0.0291
148,  0 | TrAcc: 0.6478, TrLoss:  1.02815, VaAcc: 0.6586, VaLoss:  0.84639	 10 sampled NNs | VaAcc: 0.6377 +- 0.0108 | VaLoss: 1.1102 +- 0.0243
149,  0 | TrAcc: 0.6482, TrLoss:  1.02838, VaAcc: 0.6544, VaLoss:  0.85745	 10 sampled NNs | VaAcc: 0.6253 +- 0.0189 | VaLoss: 1.1359 +- 0.0464
150,  0 | TrAcc: 0.6482, TrLoss:  1.02841, VaAcc: 0.6588, VaLoss:  0.84847	 10 sampled NNs | VaAcc: 0.6274 +- 0.0087 | VaLoss: 1.1333 +- 0.0236
151,  0 | TrAcc: 0.6479, TrLoss:  1.02679, VaAcc: 0.6613, VaLoss:  0.84806	 10 sampled NNs | VaAcc: 0.6361 +- 0.0169 | VaLoss: 1.1139 +- 0.0284
152,  0 | TrAcc: 0.6486, TrLoss:  1.02424, VaAcc: 0.6586, VaLoss:  0.84612	 10 sampled NNs | VaAcc: 0.6287 +- 0.0160 | VaLoss: 1.1302 +- 0.0380
153,  0 | TrAcc: 0.6500, TrLoss:  1.02486, VaAcc: 0.6570, VaLoss:  0.85185	 10 sampled NNs | VaAcc: 0.6258 +- 0.0155 | VaLoss: 1.1279 +- 0.0304
154,  0 | TrAcc: 0.6519, TrLoss:  1.02028, VaAcc: 0.6542, VaLoss:  0.85813	 10 sampled NNs | VaAcc: 0.6376 +- 0.0098 | VaLoss: 1.1055 +- 0.0228
155,  0 | TrAcc: 0.6487, TrLoss:  1.02542, VaAcc: 0.6578, VaLoss:  0.85000	 10 sampled NNs | VaAcc: 0.6392 +- 0.0115 | VaLoss: 1.1093 +- 0.0221
156,  0 | TrAcc: 0.6488, TrLoss:  1.02161, VaAcc: 0.6594, VaLoss:  0.84966	 10 sampled NNs | VaAcc: 0.6361 +- 0.0127 | VaLoss: 1.1092 +- 0.0249
157,  0 | TrAcc: 0.6505, TrLoss:  1.02045, VaAcc: 0.6562, VaLoss:  0.84978	 10 sampled NNs | VaAcc: 0.6346 +- 0.0118 | VaLoss: 1.1093 +- 0.0274
158,  0 | TrAcc: 0.6499, TrLoss:  1.01980, VaAcc: 0.6594, VaLoss:  0.84613	 10 sampled NNs | VaAcc: 0.6367 +- 0.0136 | VaLoss: 1.1067 +- 0.0258
159,  0 | TrAcc: 0.6514, TrLoss:  1.01773, VaAcc: 0.6595, VaLoss:  0.85313	 10 sampled NNs | VaAcc: 0.6387 +- 0.0139 | VaLoss: 1.0987 +- 0.0261
160,  0 | TrAcc: 0.6517, TrLoss:  1.01676, VaAcc: 0.6590, VaLoss:  0.84565	 10 sampled NNs | VaAcc: 0.6363 +- 0.0098 | VaLoss: 1.1053 +- 0.0203
161,  0 | TrAcc: 0.6515, TrLoss:  1.01708, VaAcc: 0.6610, VaLoss:  0.84282	 10 sampled NNs | VaAcc: 0.6397 +- 0.0076 | VaLoss: 1.1021 +- 0.0173
162,  0 | TrAcc: 0.6504, TrLoss:  1.02111, VaAcc: 0.6617, VaLoss:  0.84461	 10 sampled NNs | VaAcc: 0.6388 +- 0.0111 | VaLoss: 1.0979 +- 0.0240
163,  0 | TrAcc: 0.6491, TrLoss:      nan, VaAcc: 0.6612, VaLoss:      nan	 10 sampled NNs | VaAcc: 0.6424 +- 0.0121 | VaLoss: 1.0934 +- 0.0256
164,  0 | TrAcc: 0.6509, TrLoss:  1.01895, VaAcc: 0.6608, VaLoss:  0.84015	 10 sampled NNs | VaAcc: 0.6361 +- 0.0092 | VaLoss: 1.1011 +- 0.0216
165,  0 | TrAcc: 0.6508, TrLoss:  1.01751, VaAcc: 0.6593, VaLoss:  0.84926	 10 sampled NNs | VaAcc: 0.6428 +- 0.0095 | VaLoss: 1.0918 +- 0.0224
166,  0 | TrAcc: 0.6522, TrLoss:  1.01751, VaAcc: 0.6600, VaLoss:  0.84267	 10 sampled NNs | VaAcc: 0.6412 +- 0.0118 | VaLoss: 1.0933 +- 0.0225
167,  0 | TrAcc: 0.6532, TrLoss:  1.01072, VaAcc: 0.6593, VaLoss:  0.84607	 10 sampled NNs | VaAcc: 0.6330 +- 0.0125 | VaLoss: 1.1057 +- 0.0288
168,  0 | TrAcc: 0.6508, TrLoss:  1.02019, VaAcc: 0.6616, VaLoss:  0.83546	 10 sampled NNs | VaAcc: 0.6378 +- 0.0110 | VaLoss: 1.0973 +- 0.0190
169,  0 | TrAcc: 0.6517, TrLoss:  1.01477, VaAcc: 0.6619, VaLoss:  0.83995	 10 sampled NNs | VaAcc: 0.6405 +- 0.0065 | VaLoss: 1.0966 +- 0.0142
170,  0 | TrAcc: 0.6511, TrLoss:  1.01907, VaAcc: 0.6585, VaLoss:  0.83664	 10 sampled NNs | VaAcc: 0.6412 +- 0.0107 | VaLoss: 1.0939 +- 0.0200
171,  0 | TrAcc: 0.6526, TrLoss:  1.01375, VaAcc: 0.6584, VaLoss:  0.84225	 10 sampled NNs | VaAcc: 0.6477 +- 0.0068 | VaLoss: 1.0812 +- 0.0165
172,  0 | TrAcc: 0.6520, TrLoss:  1.01583, VaAcc: 0.6599, VaLoss:  0.83943	 10 sampled NNs | VaAcc: 0.6412 +- 0.0059 | VaLoss: 1.0912 +- 0.0184
173,  0 | TrAcc: 0.6518, TrLoss:  1.01558, VaAcc: 0.6623, VaLoss:  0.83315	 10 sampled NNs | VaAcc: 0.6451 +- 0.0094 | VaLoss: 1.0812 +- 0.0190
174,  0 | TrAcc: 0.6506, TrLoss:  1.01642, VaAcc: 0.6643, VaLoss:  0.83078	 10 sampled NNs | VaAcc: 0.6443 +- 0.0095 | VaLoss: 1.0868 +- 0.0195
175,  0 | TrAcc: 0.6538, TrLoss:  1.01160, VaAcc: 0.6625, VaLoss:  0.83837	 10 sampled NNs | VaAcc: 0.6469 +- 0.0094 | VaLoss: 1.0808 +- 0.0241
176,  0 | TrAcc: 0.6538, TrLoss:  1.00693, VaAcc: 0.6650, VaLoss:  0.83595	 10 sampled NNs | VaAcc: 0.6362 +- 0.0153 | VaLoss: 1.1060 +- 0.0333
177,  0 | TrAcc: 0.6544, TrLoss:  1.00828, VaAcc: 0.6589, VaLoss:  0.83702	 10 sampled NNs | VaAcc: 0.6474 +- 0.0070 | VaLoss: 1.0801 +- 0.0144
178,  0 | TrAcc: 0.6514, TrLoss:      nan, VaAcc: 0.6584, VaLoss:      nan	 10 sampled NNs | VaAcc: 0.6415 +- 0.0130 | VaLoss: 1.0913 +- 0.0249
179,  0 | TrAcc: 0.6546, TrLoss:  1.00463, VaAcc: 0.6650, VaLoss:  0.82617	 10 sampled NNs | VaAcc: 0.6492 +- 0.0094 | VaLoss: 1.0741 +- 0.0266
180,  0 | TrAcc: 0.6539, TrLoss:  1.01023, VaAcc: 0.6590, VaLoss:  0.84132	 10 sampled NNs | VaAcc: 0.6518 +- 0.0112 | VaLoss: 1.0665 +- 0.0269
181,  0 | TrAcc: 0.6535, TrLoss:  1.01349, VaAcc: 0.6595, VaLoss:  0.83766	 10 sampled NNs | VaAcc: 0.6500 +- 0.0063 | VaLoss: 1.0729 +- 0.0138
182,  0 | TrAcc: 0.6539, TrLoss:  1.01227, VaAcc: 0.6607, VaLoss:  0.84134	 10 sampled NNs | VaAcc: 0.6442 +- 0.0086 | VaLoss: 1.0851 +- 0.0246
183,  0 | TrAcc: 0.6528, TrLoss:  1.00876, VaAcc: 0.6581, VaLoss:  0.83981	 10 sampled NNs | VaAcc: 0.6424 +- 0.0093 | VaLoss: 1.0864 +- 0.0220
184,  0 | TrAcc: 0.6560, TrLoss:      nan, VaAcc: 0.6616, VaLoss:      nan	 10 sampled NNs | VaAcc: 0.6466 +- 0.0121 | VaLoss: 1.0760 +- 0.0235
185,  0 | TrAcc: 0.6561, TrLoss:  1.00404, VaAcc: 0.6641, VaLoss:  0.83813	 10 sampled NNs | VaAcc: 0.6512 +- 0.0069 | VaLoss: 1.0720 +- 0.0165
186,  0 | TrAcc: 0.6564, TrLoss:  1.00313, VaAcc: 0.6607, VaLoss:  0.84228	 10 sampled NNs | VaAcc: 0.6521 +- 0.0070 | VaLoss: 1.0687 +- 0.0168
187,  0 | TrAcc: 0.6575, TrLoss:  1.00078, VaAcc: 0.6611, VaLoss:  0.83765	 10 sampled NNs | VaAcc: 0.6476 +- 0.0128 | VaLoss: 1.0752 +- 0.0264
188,  0 | TrAcc: 0.6572, TrLoss:  0.99663, VaAcc: 0.6624, VaLoss:  0.83267	 10 sampled NNs | VaAcc: 0.6524 +- 0.0067 | VaLoss: 1.0648 +- 0.0140
189,  0 | TrAcc: 0.6561, TrLoss:  1.00373, VaAcc: 0.6675, VaLoss:  0.82067	 10 sampled NNs | VaAcc: 0.6438 +- 0.0121 | VaLoss: 1.0876 +- 0.0238
190,  0 | TrAcc: 0.6559, TrLoss:  1.00466, VaAcc: 0.6645, VaLoss:  0.82885	 10 sampled NNs | VaAcc: 0.6451 +- 0.0089 | VaLoss: 1.0818 +- 0.0167
191,  0 | TrAcc: 0.6557, TrLoss:  1.00337, VaAcc: 0.6623, VaLoss:  0.83020	 10 sampled NNs | VaAcc: 0.6490 +- 0.0079 | VaLoss: 1.0693 +- 0.0138
192,  0 | TrAcc: 0.6553, TrLoss:  1.00631, VaAcc: 0.6656, VaLoss:  0.83319	 10 sampled NNs | VaAcc: 0.6410 +- 0.0129 | VaLoss: 1.0913 +- 0.0258
193,  0 | TrAcc: 0.6542, TrLoss:  1.00719, VaAcc: 0.6628, VaLoss:  0.83225	 10 sampled NNs | VaAcc: 0.6531 +- 0.0096 | VaLoss: 1.0669 +- 0.0207
194,  0 | TrAcc: 0.6556, TrLoss:  1.00438, VaAcc: 0.6643, VaLoss:  0.82824	 10 sampled NNs | VaAcc: 0.6511 +- 0.0054 | VaLoss: 1.0700 +- 0.0082
195,  0 | TrAcc: 0.6561, TrLoss:  0.99948, VaAcc: 0.6605, VaLoss:  0.83389	 10 sampled NNs | VaAcc: 0.6498 +- 0.0071 | VaLoss: 1.0684 +- 0.0171
196,  0 | TrAcc: 0.6560, TrLoss:  1.00225, VaAcc: 0.6688, VaLoss:  0.82215	 10 sampled NNs | VaAcc: 0.6499 +- 0.0069 | VaLoss: 1.0674 +- 0.0194
197,  0 | TrAcc: 0.6577, TrLoss:  0.99690, VaAcc: 0.6632, VaLoss:  0.82811	 10 sampled NNs | VaAcc: 0.6448 +- 0.0166 | VaLoss: 1.0776 +- 0.0318
198,  0 | TrAcc: 0.6554, TrLoss:  1.00095, VaAcc: 0.6613, VaLoss:  0.83602	 10 sampled NNs | VaAcc: 0.6518 +- 0.0045 | VaLoss: 1.0671 +- 0.0118
199,  0 | TrAcc: 0.6577, TrLoss:  0.99848, VaAcc: 0.6583, VaLoss:  0.84095	 10 sampled NNs | VaAcc: 0.6479 +- 0.0101 | VaLoss: 1.0773 +- 0.0221
200,  0 | TrAcc: 0.6566, TrLoss:  1.00207, VaAcc: 0.6656, VaLoss:  0.82671	 10 sampled NNs | VaAcc: 0.6560 +- 0.0083 | VaLoss: 1.0563 +- 0.0161
201,  0 | TrAcc: 0.6554, TrLoss:  1.00340, VaAcc: 0.6702, VaLoss:  0.81745	 10 sampled NNs | VaAcc: 0.6537 +- 0.0052 | VaLoss: 1.0618 +- 0.0104
202,  0 | TrAcc: 0.6566, TrLoss:  1.00030, VaAcc: 0.6622, VaLoss:  0.83519	 10 sampled NNs | VaAcc: 0.6536 +- 0.0062 | VaLoss: 1.0611 +- 0.0129
203,  0 | TrAcc: 0.6558, TrLoss:  1.00329, VaAcc: 0.6606, VaLoss:  0.83424	 10 sampled NNs | VaAcc: 0.6524 +- 0.0064 | VaLoss: 1.0600 +- 0.0113
204,  0 | TrAcc: 0.6559, TrLoss:  1.00216, VaAcc: 0.6643, VaLoss:  0.83035	 10 sampled NNs | VaAcc: 0.6502 +- 0.0095 | VaLoss: 1.0644 +- 0.0196
205,  0 | TrAcc: 0.6583, TrLoss:  0.99606, VaAcc: 0.6636, VaLoss:  0.82729	 10 sampled NNs | VaAcc: 0.6534 +- 0.0054 | VaLoss: 1.0635 +- 0.0134
206,  0 | TrAcc: 0.6561, TrLoss:      nan, VaAcc: 0.6631, VaLoss:      nan	 10 sampled NNs | VaAcc: 0.6544 +- 0.0091 | VaLoss: 1.0601 +- 0.0240
207,  0 | TrAcc: 0.6555, TrLoss:  1.00056, VaAcc: 0.6633, VaLoss:  0.82704	 10 sampled NNs | VaAcc: 0.6488 +- 0.0143 | VaLoss: 1.0763 +- 0.0345
208,  0 | TrAcc: 0.6592, TrLoss:  0.99587, VaAcc: 0.6633, VaLoss:  0.82637	 10 sampled NNs | VaAcc: 0.6545 +- 0.0076 | VaLoss: 1.0639 +- 0.0155
209,  0 | TrAcc: 0.6578, TrLoss:  0.99535, VaAcc: 0.6673, VaLoss:  0.81799	 10 sampled NNs | VaAcc: 0.6565 +- 0.0061 | VaLoss: 1.0547 +- 0.0123
210,  0 | TrAcc: 0.6569, TrLoss:  1.00119, VaAcc: 0.6627, VaLoss:  0.83489	 10 sampled NNs | VaAcc: 0.6538 +- 0.0090 | VaLoss: 1.0606 +- 0.0210
211,  0 | TrAcc: 0.6563, TrLoss:  1.00216, VaAcc: 0.6611, VaLoss:  0.83183	 10 sampled NNs | VaAcc: 0.6560 +- 0.0048 | VaLoss: 1.0556 +- 0.0101
212,  0 | TrAcc: 0.6578, TrLoss:  1.00027, VaAcc: 0.6613, VaLoss:  0.83156	 10 sampled NNs | VaAcc: 0.6526 +- 0.0099 | VaLoss: 1.0629 +- 0.0221
213,  0 | TrAcc: 0.6589, TrLoss:  0.99458, VaAcc: 0.6670, VaLoss:  0.82852	 10 sampled NNs | VaAcc: 0.6570 +- 0.0063 | VaLoss: 1.0557 +- 0.0108
214,  0 | TrAcc: 0.6560, TrLoss:  1.00080, VaAcc: 0.6654, VaLoss:  0.82407	 10 sampled NNs | VaAcc: 0.6527 +- 0.0055 | VaLoss: 1.0607 +- 0.0112
215,  0 | TrAcc: 0.6569, TrLoss:  1.00052, VaAcc: 0.6665, VaLoss:  0.82099	 10 sampled NNs | VaAcc: 0.6521 +- 0.0065 | VaLoss: 1.0651 +- 0.0163
216,  0 | TrAcc: 0.6576, TrLoss:      nan, VaAcc: 0.6630, VaLoss:      nan	 10 sampled NNs | VaAcc: 0.6519 +- 0.0062 | VaLoss: 1.0649 +- 0.0118
217,  0 | TrAcc: 0.6597, TrLoss:  0.99308, VaAcc: 0.6696, VaLoss:  0.81095	 10 sampled NNs | VaAcc: 0.6508 +- 0.0155 | VaLoss: 1.0715 +- 0.0398
218,  0 | TrAcc: 0.6577, TrLoss:  0.99784, VaAcc: 0.6623, VaLoss:  0.83149	 10 sampled NNs | VaAcc: 0.6516 +- 0.0083 | VaLoss: 1.0614 +- 0.0173
219,  0 | TrAcc: 0.6580, TrLoss:  0.99777, VaAcc: 0.6681, VaLoss:  0.82839	 10 sampled NNs | VaAcc: 0.6580 +- 0.0066 | VaLoss: 1.0491 +- 0.0148
220,  0 | TrAcc: 0.6593, TrLoss:      nan, VaAcc: 0.6703, VaLoss:      nan	 10 sampled NNs | VaAcc: 0.6588 +- 0.0052 | VaLoss: 1.0476 +- 0.0122
221,  0 | TrAcc: 0.6587, TrLoss:  0.99465, VaAcc: 0.6644, VaLoss:  0.82833	 10 sampled NNs | VaAcc: 0.6580 +- 0.0035 | VaLoss: 1.0518 +- 0.0059
222,  0 | TrAcc: 0.6586, TrLoss:  0.99520, VaAcc: 0.6661, VaLoss:  0.82256	 10 sampled NNs | VaAcc: 0.6583 +- 0.0056 | VaLoss: 1.0513 +- 0.0100
223,  0 | TrAcc: 0.6600, TrLoss:  0.98901, VaAcc: 0.6640, VaLoss:  0.83029	 10 sampled NNs | VaAcc: 0.6572 +- 0.0054 | VaLoss: 1.0537 +- 0.0147
224,  0 | TrAcc: 0.6579, TrLoss:  0.99663, VaAcc: 0.6680, VaLoss:  0.81520	 10 sampled NNs | VaAcc: 0.6564 +- 0.0051 | VaLoss: 1.0535 +- 0.0113
225,  0 | TrAcc: 0.6582, TrLoss:  0.99658, VaAcc: 0.6663, VaLoss:  0.81536	 10 sampled NNs | VaAcc: 0.6594 +- 0.0043 | VaLoss: 1.0448 +- 0.0103
226,  0 | TrAcc: 0.6604, TrLoss:  0.98843, VaAcc: 0.6653, VaLoss:  0.81777	 10 sampled NNs | VaAcc: 0.6564 +- 0.0042 | VaLoss: 1.0509 +- 0.0108
227,  0 | TrAcc: 0.6603, TrLoss:  0.99007, VaAcc: 0.6665, VaLoss:  0.82156	 10 sampled NNs | VaAcc: 0.6525 +- 0.0094 | VaLoss: 1.0579 +- 0.0205
228,  0 | TrAcc: 0.6591, TrLoss:  0.99406, VaAcc: 0.6650, VaLoss:  0.82443	 10 sampled NNs | VaAcc: 0.6576 +- 0.0078 | VaLoss: 1.0472 +- 0.0122
229,  0 | TrAcc: 0.6593, TrLoss:  0.99002, VaAcc: 0.6688, VaLoss:  0.81574	 10 sampled NNs | VaAcc: 0.6547 +- 0.0048 | VaLoss: 1.0555 +- 0.0064
230,  0 | TrAcc: 0.6604, TrLoss:  0.99087, VaAcc: 0.6671, VaLoss:  0.82218	 10 sampled NNs | VaAcc: 0.6567 +- 0.0079 | VaLoss: 1.0521 +- 0.0182
231,  0 | TrAcc: 0.6598, TrLoss:  0.99008, VaAcc: 0.6734, VaLoss:  0.81417	 10 sampled NNs | VaAcc: 0.6511 +- 0.0113 | VaLoss: 1.0660 +- 0.0238
232,  0 | TrAcc: 0.6601, TrLoss:  0.99829, VaAcc: 0.6660, VaLoss:  0.82335	 10 sampled NNs | VaAcc: 0.6560 +- 0.0064 | VaLoss: 1.0553 +- 0.0151
233,  0 | TrAcc: 0.6585, TrLoss:  0.99276, VaAcc: 0.6642, VaLoss:  0.82814	 10 sampled NNs | VaAcc: 0.6579 +- 0.0040 | VaLoss: 1.0534 +- 0.0088
234,  0 | TrAcc: 0.6615, TrLoss:  0.98744, VaAcc: 0.6657, VaLoss:  0.82306	 10 sampled NNs | VaAcc: 0.6538 +- 0.0049 | VaLoss: 1.0564 +- 0.0120
235,  0 | TrAcc: 0.6582, TrLoss:  0.99534, VaAcc: 0.6683, VaLoss:  0.81792	 10 sampled NNs | VaAcc: 0.6576 +- 0.0067 | VaLoss: 1.0466 +- 0.0151
236,  0 | TrAcc: 0.6606, TrLoss:  0.99019, VaAcc: 0.6706, VaLoss:  0.81898	 10 sampled NNs | VaAcc: 0.6598 +- 0.0063 | VaLoss: 1.0457 +- 0.0146
237,  0 | TrAcc: 0.6603, TrLoss:  0.99178, VaAcc: 0.6689, VaLoss:  0.81736	 10 sampled NNs | VaAcc: 0.6572 +- 0.0113 | VaLoss: 1.0495 +- 0.0263
238,  0 | TrAcc: 0.6591, TrLoss:  0.99350, VaAcc: 0.6657, VaLoss:  0.82519	 10 sampled NNs | VaAcc: 0.6534 +- 0.0080 | VaLoss: 1.0559 +- 0.0161
239,  0 | TrAcc: 0.6601, TrLoss:  0.98975, VaAcc: 0.6690, VaLoss:  0.81870	 10 sampled NNs | VaAcc: 0.6563 +- 0.0109 | VaLoss: 1.0517 +- 0.0228
240,  0 | TrAcc: 0.6606, TrLoss:  0.98781, VaAcc: 0.6702, VaLoss:  0.80807	 10 sampled NNs | VaAcc: 0.6556 +- 0.0049 | VaLoss: 1.0527 +- 0.0131
241,  0 | TrAcc: 0.6616, TrLoss:  0.98843, VaAcc: 0.6718, VaLoss:  0.81165	 10 sampled NNs | VaAcc: 0.6616 +- 0.0045 | VaLoss: 1.0400 +- 0.0138
242,  0 | TrAcc: 0.6591, TrLoss:  0.99233, VaAcc: 0.6688, VaLoss:  0.81645	 10 sampled NNs | VaAcc: 0.6539 +- 0.0057 | VaLoss: 1.0558 +- 0.0137
243,  0 | TrAcc: 0.6591, TrLoss:  0.99439, VaAcc: 0.6700, VaLoss:  0.82128	 10 sampled NNs | VaAcc: 0.6573 +- 0.0076 | VaLoss: 1.0517 +- 0.0162
244,  0 | TrAcc: 0.6617, TrLoss:  0.98846, VaAcc: 0.6714, VaLoss:  0.81302	 10 sampled NNs | VaAcc: 0.6597 +- 0.0056 | VaLoss: 1.0451 +- 0.0146
245,  0 | TrAcc: 0.6616, TrLoss:  0.98730, VaAcc: 0.6698, VaLoss:  0.81336	 10 sampled NNs | VaAcc: 0.6594 +- 0.0049 | VaLoss: 1.0418 +- 0.0111
246,  0 | TrAcc: 0.6597, TrLoss:  0.98955, VaAcc: 0.6676, VaLoss:  0.81870	 10 sampled NNs | VaAcc: 0.6502 +- 0.0303 | VaLoss: 1.0642 +- 0.0723
247,  0 | TrAcc: 0.6610, TrLoss:  0.99177, VaAcc: 0.6702, VaLoss:  0.81798	 10 sampled NNs | VaAcc: 0.6572 +- 0.0117 | VaLoss: 1.0524 +- 0.0224
248,  0 | TrAcc: 0.6602, TrLoss:      nan, VaAcc: 0.6669, VaLoss:      nan	 10 sampled NNs | VaAcc: 0.6574 +- 0.0051 | VaLoss: 1.0455 +- 0.0104
249,  0 | TrAcc: 0.6594, TrLoss:  0.99280, VaAcc: 0.6671, VaLoss:  0.81704	 10 sampled NNs | VaAcc: 0.6542 +- 0.0108 | VaLoss: 1.0552 +- 0.0175
250,  0 | TrAcc: 0.6619, TrLoss:      nan, VaAcc: 0.6680, VaLoss:      nan	 10 sampled NNs | VaAcc: 0.6575 +- 0.0070 | VaLoss: 1.0478 +- 0.0158
251,  0 | TrAcc: 0.6610, TrLoss:  0.99093, VaAcc: 0.6653, VaLoss:  0.82175	 10 sampled NNs | VaAcc: 0.6599 +- 0.0053 | VaLoss: 1.0444 +- 0.0094
252,  0 | TrAcc: 0.6588, TrLoss:  0.99426, VaAcc: 0.6668, VaLoss:  0.82107	 10 sampled NNs | VaAcc: 0.6580 +- 0.0064 | VaLoss: 1.0487 +- 0.0137
253,  0 | TrAcc: 0.6608, TrLoss:  0.98722, VaAcc: 0.6620, VaLoss:  0.83036	 10 sampled NNs | VaAcc: 0.6558 +- 0.0086 | VaLoss: 1.0509 +- 0.0234
254,  0 | TrAcc: 0.6620, TrLoss:  0.98606, VaAcc: 0.6734, VaLoss:  0.80498	 10 sampled NNs | VaAcc: 0.6620 +- 0.0029 | VaLoss: 1.0413 +- 0.0075
255,  0 | TrAcc: 0.6632, TrLoss:  0.98372, VaAcc: 0.6660, VaLoss:  0.82089	 10 sampled NNs | VaAcc: 0.6535 +- 0.0098 | VaLoss: 1.0553 +- 0.0220
256,  0 | TrAcc: 0.6611, TrLoss:  0.98872, VaAcc: 0.6714, VaLoss:  0.81559	 10 sampled NNs | VaAcc: 0.6618 +- 0.0037 | VaLoss: 1.0397 +- 0.0089
257,  0 | TrAcc: 0.6601, TrLoss:  0.98948, VaAcc: 0.6684, VaLoss:  0.81529	 10 sampled NNs | VaAcc: 0.6613 +- 0.0070 | VaLoss: 1.0417 +- 0.0183
258,  0 | TrAcc: 0.6619, TrLoss:  0.98746, VaAcc: 0.6625, VaLoss:  0.82833	 10 sampled NNs | VaAcc: 0.6600 +- 0.0085 | VaLoss: 1.0428 +- 0.0153
259,  0 | TrAcc: 0.6607, TrLoss:  0.98756, VaAcc: 0.6703, VaLoss:  0.81555	 10 sampled NNs | VaAcc: 0.6584 +- 0.0060 | VaLoss: 1.0453 +- 0.0123
260,  0 | TrAcc: 0.6611, TrLoss:      nan, VaAcc: 0.6704, VaLoss:      nan	 10 sampled NNs | VaAcc: 0.6655 +- 0.0056 | VaLoss: 1.0345 +- 0.0135
261,  0 | TrAcc: 0.6619, TrLoss:  0.98717, VaAcc: 0.6724, VaLoss:  0.80255	 10 sampled NNs | VaAcc: 0.6587 +- 0.0055 | VaLoss: 1.0454 +- 0.0105
262,  0 | TrAcc: 0.6625, TrLoss:  0.98723, VaAcc: 0.6659, VaLoss:  0.82033	 10 sampled NNs | VaAcc: 0.6597 +- 0.0037 | VaLoss: 1.0430 +- 0.0104
263,  0 | TrAcc: 0.6613, TrLoss:  0.98629, VaAcc: 0.6745, VaLoss:  0.80861	 10 sampled NNs | VaAcc: 0.6592 +- 0.0064 | VaLoss: 1.0434 +- 0.0133
264,  0 | TrAcc: 0.6613, TrLoss:  0.98480, VaAcc: 0.6658, VaLoss:  0.82421	 10 sampled NNs | VaAcc: 0.6591 +- 0.0063 | VaLoss: 1.0409 +- 0.0140
265,  0 | TrAcc: 0.6607, TrLoss:  0.98922, VaAcc: 0.6657, VaLoss:  0.81804	 10 sampled NNs | VaAcc: 0.6618 +- 0.0059 | VaLoss: 1.0366 +- 0.0101
266,  0 | TrAcc: 0.6591, TrLoss:      nan, VaAcc: 0.6642, VaLoss:      nan	 10 sampled NNs | VaAcc: 0.6608 +- 0.0063 | VaLoss: 1.0403 +- 0.0126
267,  0 | TrAcc: 0.6596, TrLoss:  0.99011, VaAcc: 0.6655, VaLoss:  0.81960	 10 sampled NNs | VaAcc: 0.6629 +- 0.0064 | VaLoss: 1.0365 +- 0.0135
268,  0 | TrAcc: 0.6597, TrLoss:  0.99158, VaAcc: 0.6697, VaLoss:  0.81999	 10 sampled NNs | VaAcc: 0.6593 +- 0.0035 | VaLoss: 1.0443 +- 0.0111
269,  0 | TrAcc: 0.6611, TrLoss:      nan, VaAcc: 0.6696, VaLoss:      nan	 10 sampled NNs | VaAcc: 0.6620 +- 0.0095 | VaLoss: 1.0369 +- 0.0147
270,  0 | TrAcc: 0.6628, TrLoss:  0.98053, VaAcc: 0.6643, VaLoss:  0.82498	 10 sampled NNs | VaAcc: 0.6597 +- 0.0050 | VaLoss: 1.0412 +- 0.0106
271,  0 | TrAcc: 0.6631, TrLoss:  0.98289, VaAcc: 0.6746, VaLoss:  0.81351	 10 sampled NNs | VaAcc: 0.6629 +- 0.0036 | VaLoss: 1.0388 +- 0.0076
272,  0 | TrAcc: 0.6613, TrLoss:  0.98792, VaAcc: 0.6666, VaLoss:  0.81750	 10 sampled NNs | VaAcc: 0.6657 +- 0.0032 | VaLoss: 1.0299 +- 0.0090
273,  0 | TrAcc: 0.6619, TrLoss:  0.98568, VaAcc: 0.6686, VaLoss:  0.81571	 10 sampled NNs | VaAcc: 0.6618 +- 0.0038 | VaLoss: 1.0390 +- 0.0104
274,  0 | TrAcc: 0.6605, TrLoss:  0.98702, VaAcc: 0.6698, VaLoss:  0.81536	 10 sampled NNs | VaAcc: 0.6609 +- 0.0050 | VaLoss: 1.0417 +- 0.0126
275,  0 | TrAcc: 0.6625, TrLoss:  0.98254, VaAcc: 0.6689, VaLoss:  0.81530	 10 sampled NNs | VaAcc: 0.6609 +- 0.0111 | VaLoss: 1.0394 +- 0.0233
276,  0 | TrAcc: 0.6638, TrLoss:  0.98317, VaAcc: 0.6643, VaLoss:  0.82405	 10 sampled NNs | VaAcc: 0.6621 +- 0.0031 | VaLoss: 1.0369 +- 0.0093
277,  0 | TrAcc: 0.6626, TrLoss:  0.98517, VaAcc: 0.6706, VaLoss:  0.81166	 10 sampled NNs | VaAcc: 0.6627 +- 0.0032 | VaLoss: 1.0341 +- 0.0086
278,  0 | TrAcc: 0.6610, TrLoss:  0.98458, VaAcc: 0.6730, VaLoss:  0.80419	 10 sampled NNs | VaAcc: 0.6591 +- 0.0095 | VaLoss: 1.0401 +- 0.0186
279,  0 | TrAcc: 0.6639, TrLoss:  0.98111, VaAcc: 0.6644, VaLoss:  0.82104	 10 sampled NNs | VaAcc: 0.6596 +- 0.0062 | VaLoss: 1.0399 +- 0.0117
280,  0 | TrAcc: 0.6633, TrLoss:      nan, VaAcc: 0.6690, VaLoss:      nan	 10 sampled NNs | VaAcc: 0.6632 +- 0.0059 | VaLoss: 1.0368 +- 0.0140
281,  0 | TrAcc: 0.6628, TrLoss:      nan, VaAcc: 0.6697, VaLoss:      nan	 10 sampled NNs | VaAcc: 0.6594 +- 0.0053 | VaLoss: 1.0463 +- 0.0106
282,  0 | TrAcc: 0.6625, TrLoss:  0.98457, VaAcc: 0.6691, VaLoss:  0.81664	 10 sampled NNs | VaAcc: 0.6649 +- 0.0037 | VaLoss: 1.0312 +- 0.0071
283,  0 | TrAcc: 0.6627, TrLoss:  0.98325, VaAcc: 0.6685, VaLoss:  0.81479	 10 sampled NNs | VaAcc: 0.6587 +- 0.0057 | VaLoss: 1.0399 +- 0.0149
284,  0 | TrAcc: 0.6644, TrLoss:  0.97953, VaAcc: 0.6689, VaLoss:  0.81774	 10 sampled NNs | VaAcc: 0.6642 +- 0.0018 | VaLoss: 1.0291 +- 0.0082
285,  0 | TrAcc: 0.6638, TrLoss:  0.98182, VaAcc: 0.6670, VaLoss:  0.81964	 10 sampled NNs | VaAcc: 0.6643 +- 0.0046 | VaLoss: 1.0338 +- 0.0108
286,  0 | TrAcc: 0.6627, TrLoss:  0.98387, VaAcc: 0.6674, VaLoss:  0.81727	 10 sampled NNs | VaAcc: 0.6648 +- 0.0042 | VaLoss: 1.0311 +- 0.0085
287,  0 | TrAcc: 0.6621, TrLoss:  0.98199, VaAcc: 0.6681, VaLoss:  0.81992	 10 sampled NNs | VaAcc: 0.6580 +- 0.0070 | VaLoss: 1.0451 +- 0.0180
288,  0 | TrAcc: 0.6643, TrLoss:  0.97770, VaAcc: 0.6747, VaLoss:  0.80339	 10 sampled NNs | VaAcc: 0.6629 +- 0.0067 | VaLoss: 1.0342 +- 0.0124
289,  0 | TrAcc: 0.6640, TrLoss:  0.97912, VaAcc: 0.6678, VaLoss:  0.81001	 10 sampled NNs | VaAcc: 0.6647 +- 0.0041 | VaLoss: 1.0312 +- 0.0081
290,  0 | TrAcc: 0.6632, TrLoss:  0.98028, VaAcc: 0.6667, VaLoss:  0.82322	 10 sampled NNs | VaAcc: 0.6562 +- 0.0122 | VaLoss: 1.0463 +- 0.0224
291,  0 | TrAcc: 0.6636, TrLoss:  0.98069, VaAcc: 0.6702, VaLoss:  0.80915	 10 sampled NNs | VaAcc: 0.6652 +- 0.0028 | VaLoss: 1.0342 +- 0.0082
292,  0 | TrAcc: 0.6624, TrLoss:  0.98585, VaAcc: 0.6665, VaLoss:  0.81692	 10 sampled NNs | VaAcc: 0.6623 +- 0.0054 | VaLoss: 1.0371 +- 0.0118
293,  0 | TrAcc: 0.6639, TrLoss:  0.97947, VaAcc: 0.6705, VaLoss:  0.80985	 10 sampled NNs | VaAcc: 0.6635 +- 0.0045 | VaLoss: 1.0306 +- 0.0119
294,  0 | TrAcc: 0.6637, TrLoss:  0.97913, VaAcc: 0.6684, VaLoss:  0.80513	 10 sampled NNs | VaAcc: 0.6663 +- 0.0035 | VaLoss: 1.0261 +- 0.0072
295,  0 | TrAcc: 0.6620, TrLoss:  0.98502, VaAcc: 0.6734, VaLoss:  0.80981	 10 sampled NNs | VaAcc: 0.6650 +- 0.0033 | VaLoss: 1.0298 +- 0.0071
296,  0 | TrAcc: 0.6645, TrLoss:  0.97869, VaAcc: 0.6680, VaLoss:  0.81455	 10 sampled NNs | VaAcc: 0.6647 +- 0.0036 | VaLoss: 1.0302 +- 0.0091
297,  0 | TrAcc: 0.6634, TrLoss:  0.98314, VaAcc: 0.6683, VaLoss:  0.81534	 10 sampled NNs | VaAcc: 0.6655 +- 0.0049 | VaLoss: 1.0330 +- 0.0102
298,  0 | TrAcc: 0.6638, TrLoss:  0.98005, VaAcc: 0.6706, VaLoss:  0.81779	 10 sampled NNs | VaAcc: 0.6627 +- 0.0061 | VaLoss: 1.0357 +- 0.0120
299,  0 | TrAcc: 0.6653, TrLoss:  0.97477, VaAcc: 0.6737, VaLoss:  0.80247	 10 sampled NNs | VaAcc: 0.6653 +- 0.0039 | VaLoss: 1.0295 +- 0.0102
300,  0 | TrAcc: 0.6635, TrLoss:  0.98101, VaAcc: 0.6706, VaLoss:  0.81138	 10 sampled NNs | VaAcc: 0.6688 +- 0.0028 | VaLoss: 1.0217 +- 0.0080
301,  0 | TrAcc: 0.6636, TrLoss:  0.97997, VaAcc: 0.6710, VaLoss:  0.81068	 10 sampled NNs | VaAcc: 0.6651 +- 0.0044 | VaLoss: 1.0324 +- 0.0058
302,  0 | TrAcc: 0.6642, TrLoss:  0.97983, VaAcc: 0.6648, VaLoss:  0.82452	 10 sampled NNs | VaAcc: 0.6617 +- 0.0048 | VaLoss: 1.0380 +- 0.0157
303,  0 | TrAcc: 0.6616, TrLoss:  0.98496, VaAcc: 0.6689, VaLoss:  0.81361	 10 sampled NNs | VaAcc: 0.6652 +- 0.0073 | VaLoss: 1.0274 +- 0.0145
304,  0 | TrAcc: 0.6643, TrLoss:      nan, VaAcc: 0.6696, VaLoss:      nan	 10 sampled NNs | VaAcc: 0.6637 +- 0.0035 | VaLoss: 1.0331 +- 0.0081
305,  0 | TrAcc: 0.6649, TrLoss:  0.97943, VaAcc: 0.6720, VaLoss:  0.80714	 10 sampled NNs | VaAcc: 0.6680 +- 0.0039 | VaLoss: 1.0261 +- 0.0097
306,  0 | TrAcc: 0.6627, TrLoss:  0.98167, VaAcc: 0.6710, VaLoss:  0.81706	 10 sampled NNs | VaAcc: 0.6652 +- 0.0046 | VaLoss: 1.0300 +- 0.0105
307,  0 | TrAcc: 0.6624, TrLoss:  0.98347, VaAcc: 0.6701, VaLoss:  0.81248	 10 sampled NNs | VaAcc: 0.6645 +- 0.0046 | VaLoss: 1.0277 +- 0.0102
308,  0 | TrAcc: 0.6628, TrLoss:  0.98480, VaAcc: 0.6702, VaLoss:  0.81356	 10 sampled NNs | VaAcc: 0.6647 +- 0.0041 | VaLoss: 1.0270 +- 0.0067
309,  0 | TrAcc: 0.6651, TrLoss:  0.97730, VaAcc: 0.6705, VaLoss:  0.80997	 10 sampled NNs | VaAcc: 0.6632 +- 0.0059 | VaLoss: 1.0321 +- 0.0104
310,  0 | TrAcc: 0.6629, TrLoss:      nan, VaAcc: 0.6726, VaLoss:      nan	 10 sampled NNs | VaAcc: 0.6674 +- 0.0033 | VaLoss: 1.0250 +- 0.0055
311,  0 | TrAcc: 0.6643, TrLoss:  0.98187, VaAcc: 0.6677, VaLoss:  0.81514	 10 sampled NNs | VaAcc: 0.6631 +- 0.0039 | VaLoss: 1.0338 +- 0.0112
312,  0 | TrAcc: 0.6640, TrLoss:  0.97754, VaAcc: 0.6666, VaLoss:  0.81773	 10 sampled NNs | VaAcc: 0.6622 +- 0.0067 | VaLoss: 1.0344 +- 0.0140
313,  0 | TrAcc: 0.6631, TrLoss:  0.98099, VaAcc: 0.6727, VaLoss:  0.80172	 10 sampled NNs | VaAcc: 0.6662 +- 0.0050 | VaLoss: 1.0248 +- 0.0121
314,  0 | TrAcc: 0.6680, TrLoss:  0.97398, VaAcc: 0.6714, VaLoss:  0.81285	 10 sampled NNs | VaAcc: 0.6656 +- 0.0044 | VaLoss: 1.0261 +- 0.0084
315,  0 | TrAcc: 0.6641, TrLoss:  0.97794, VaAcc: 0.6713, VaLoss:  0.80625	 10 sampled NNs | VaAcc: 0.6693 +- 0.0032 | VaLoss: 1.0233 +- 0.0060
316,  0 | TrAcc: 0.6630, TrLoss:  0.98288, VaAcc: 0.6718, VaLoss:  0.80435	 10 sampled NNs | VaAcc: 0.6623 +- 0.0061 | VaLoss: 1.0339 +- 0.0119
317,  0 | TrAcc: 0.6646, TrLoss:  0.97847, VaAcc: 0.6703, VaLoss:  0.81453	 10 sampled NNs | VaAcc: 0.6663 +- 0.0034 | VaLoss: 1.0313 +- 0.0079
318,  0 | TrAcc: 0.6618, TrLoss:  0.98479, VaAcc: 0.6739, VaLoss:  0.80793	 10 sampled NNs | VaAcc: 0.6686 +- 0.0026 | VaLoss: 1.0219 +- 0.0060
319,  0 | TrAcc: 0.6625, TrLoss:  0.98309, VaAcc: 0.6662, VaLoss:  0.81448	 10 sampled NNs | VaAcc: 0.6588 +- 0.0084 | VaLoss: 1.0404 +- 0.0181
320,  0 | TrAcc: 0.6644, TrLoss:  0.97803, VaAcc: 0.6704, VaLoss:  0.80942	 10 sampled NNs | VaAcc: 0.6670 +- 0.0040 | VaLoss: 1.0212 +- 0.0063
321,  0 | TrAcc: 0.6644, TrLoss:  0.97864, VaAcc: 0.6700, VaLoss:  0.81080	 10 sampled NNs | VaAcc: 0.6648 +- 0.0054 | VaLoss: 1.0287 +- 0.0111
322,  0 | TrAcc: 0.6661, TrLoss:  0.97680, VaAcc: 0.6695, VaLoss:  0.81469	 10 sampled NNs | VaAcc: 0.6630 +- 0.0067 | VaLoss: 1.0347 +- 0.0136
323,  0 | TrAcc: 0.6647, TrLoss:  0.97668, VaAcc: 0.6665, VaLoss:  0.81474	 10 sampled NNs | VaAcc: 0.6591 +- 0.0143 | VaLoss: 1.0412 +- 0.0344
324,  0 | TrAcc: 0.6650, TrLoss:  0.98046, VaAcc: 0.6747, VaLoss:  0.80928	 10 sampled NNs | VaAcc: 0.6673 +- 0.0027 | VaLoss: 1.0259 +- 0.0080
325,  0 | TrAcc: 0.6660, TrLoss:  0.97635, VaAcc: 0.6696, VaLoss:  0.81109	 10 sampled NNs | VaAcc: 0.6645 +- 0.0075 | VaLoss: 1.0301 +- 0.0159
326,  0 | TrAcc: 0.6666, TrLoss:  0.97387, VaAcc: 0.6743, VaLoss:  0.80478	 10 sampled NNs | VaAcc: 0.6645 +- 0.0048 | VaLoss: 1.0321 +- 0.0121
327,  0 | TrAcc: 0.6647, TrLoss:  0.97819, VaAcc: 0.6688, VaLoss:  0.82366	 10 sampled NNs | VaAcc: 0.6647 +- 0.0035 | VaLoss: 1.0279 +- 0.0064
328,  0 | TrAcc: 0.6630, TrLoss:  0.98045, VaAcc: 0.6694, VaLoss:  0.81273	 10 sampled NNs | VaAcc: 0.6636 +- 0.0056 | VaLoss: 1.0292 +- 0.0117
329,  0 | TrAcc: 0.6638, TrLoss:  0.98060, VaAcc: 0.6718, VaLoss:  0.81350	 10 sampled NNs | VaAcc: 0.6668 +- 0.0035 | VaLoss: 1.0255 +- 0.0055
330,  0 | TrAcc: 0.6641, TrLoss:  0.98183, VaAcc: 0.6724, VaLoss:  0.80608	 10 sampled NNs | VaAcc: 0.6652 +- 0.0057 | VaLoss: 1.0295 +- 0.0094
331,  0 | TrAcc: 0.6650, TrLoss:      nan, VaAcc: 0.6698, VaLoss:      nan	 10 sampled NNs | VaAcc: 0.6617 +- 0.0027 | VaLoss: 1.0371 +- 0.0067
332,  0 | TrAcc: 0.6653, TrLoss:  0.97613, VaAcc: 0.6740, VaLoss:  0.80269	 10 sampled NNs | VaAcc: 0.6664 +- 0.0028 | VaLoss: 1.0260 +- 0.0043
333,  0 | TrAcc: 0.6645, TrLoss:  0.97661, VaAcc: 0.6703, VaLoss:  0.81343	 10 sampled NNs | VaAcc: 0.6627 +- 0.0111 | VaLoss: 1.0357 +- 0.0314
334,  0 | TrAcc: 0.6646, TrLoss:  0.97617, VaAcc: 0.6766, VaLoss:  0.79811	 10 sampled NNs | VaAcc: 0.6678 +- 0.0034 | VaLoss: 1.0223 +- 0.0072
335,  0 | TrAcc: 0.6650, TrLoss:  0.97647, VaAcc: 0.6742, VaLoss:  0.80216	 10 sampled NNs | VaAcc: 0.6670 +- 0.0045 | VaLoss: 1.0273 +- 0.0090
336,  0 | TrAcc: 0.6646, TrLoss:  0.97730, VaAcc: 0.6738, VaLoss:  0.80219	 10 sampled NNs | VaAcc: 0.6651 +- 0.0038 | VaLoss: 1.0279 +- 0.0091
337,  0 | TrAcc: 0.6652, TrLoss:      nan, VaAcc: 0.6692, VaLoss:      nan	 10 sampled NNs | VaAcc: 0.6646 +- 0.0023 | VaLoss: 1.0294 +- 0.0074
338,  0 | TrAcc: 0.6646, TrLoss:  0.97842, VaAcc: 0.6766, VaLoss:  0.79736	 10 sampled NNs | VaAcc: 0.6675 +- 0.0035 | VaLoss: 1.0257 +- 0.0072
339,  0 | TrAcc: 0.6635, TrLoss:      nan, VaAcc: 0.6698, VaLoss:      nan	 10 sampled NNs | VaAcc: 0.6658 +- 0.0038 | VaLoss: 1.0276 +- 0.0089
340,  0 | TrAcc: 0.6657, TrLoss:  0.97613, VaAcc: 0.6726, VaLoss:  0.80140	 10 sampled NNs | VaAcc: 0.6665 +- 0.0026 | VaLoss: 1.0285 +- 0.0081
341,  0 | TrAcc: 0.6676, TrLoss:  0.97089, VaAcc: 0.6706, VaLoss:  0.81114	 10 sampled NNs | VaAcc: 0.6692 +- 0.0042 | VaLoss: 1.0186 +- 0.0082
342,  0 | TrAcc: 0.6661, TrLoss:      nan, VaAcc: 0.6749, VaLoss:      nan	 10 sampled NNs | VaAcc: 0.6674 +- 0.0041 | VaLoss: 1.0237 +- 0.0056
343,  0 | TrAcc: 0.6652, TrLoss:  0.97743, VaAcc: 0.6733, VaLoss:  0.80463	 10 sampled NNs | VaAcc: 0.6684 +- 0.0033 | VaLoss: 1.0208 +- 0.0092
344,  0 | TrAcc: 0.6645, TrLoss:  0.97782, VaAcc: 0.6713, VaLoss:  0.81795	 10 sampled NNs | VaAcc: 0.6646 +- 0.0044 | VaLoss: 1.0322 +- 0.0144
345,  0 | TrAcc: 0.6629, TrLoss:      nan, VaAcc: 0.6718, VaLoss:      nan	 10 sampled NNs | VaAcc: 0.6624 +- 0.0068 | VaLoss: 1.0349 +- 0.0211
346,  0 | TrAcc: 0.6659, TrLoss:  0.97576, VaAcc: 0.6712, VaLoss:  0.80908	 10 sampled NNs | VaAcc: 0.6659 +- 0.0048 | VaLoss: 1.0268 +- 0.0123
347,  0 | TrAcc: 0.6650, TrLoss:      nan, VaAcc: 0.6710, VaLoss:      nan	 10 sampled NNs | VaAcc: 0.6646 +- 0.0045 | VaLoss: 1.0297 +- 0.0073
348,  0 | TrAcc: 0.6645, TrLoss:  0.97781, VaAcc: 0.6738, VaLoss:  0.80587	 10 sampled NNs | VaAcc: 0.6664 +- 0.0041 | VaLoss: 1.0238 +- 0.0082
349,  0 | TrAcc: 0.6646, TrLoss:  0.97915, VaAcc: 0.6698, VaLoss:  0.81470	 10 sampled NNs | VaAcc: 0.6675 +- 0.0045 | VaLoss: 1.0233 +- 0.0088
350,  0 | TrAcc: 0.6666, TrLoss:  0.97426, VaAcc: 0.6743, VaLoss:  0.80500	 10 sampled NNs | VaAcc: 0.6685 +- 0.0036 | VaLoss: 1.0215 +- 0.0115
351,  0 | TrAcc: 0.6646, TrLoss:  0.97563, VaAcc: 0.6756, VaLoss:  0.80145	 10 sampled NNs | VaAcc: 0.6679 +- 0.0044 | VaLoss: 1.0205 +- 0.0074
352,  0 | TrAcc: 0.6679, TrLoss:  0.97112, VaAcc: 0.6700, VaLoss:  0.81882	 10 sampled NNs | VaAcc: 0.6638 +- 0.0030 | VaLoss: 1.0266 +- 0.0074
353,  0 | TrAcc: 0.6670, TrLoss:  0.97358, VaAcc: 0.6704, VaLoss:  0.81649	 10 sampled NNs | VaAcc: 0.6676 +- 0.0049 | VaLoss: 1.0236 +- 0.0092
354,  0 | TrAcc: 0.6667, TrLoss:  0.97401, VaAcc: 0.6710, VaLoss:  0.80794	 10 sampled NNs | VaAcc: 0.6699 +- 0.0034 | VaLoss: 1.0185 +- 0.0058
355,  0 | TrAcc: 0.6665, TrLoss:  0.97497, VaAcc: 0.6733, VaLoss:  0.80728	 10 sampled NNs | VaAcc: 0.6652 +- 0.0037 | VaLoss: 1.0297 +- 0.0099
356,  0 | TrAcc: 0.6658, TrLoss:  0.97450, VaAcc: 0.6669, VaLoss:  0.82061	 10 sampled NNs | VaAcc: 0.6670 +- 0.0048 | VaLoss: 1.0245 +- 0.0119
357,  0 | TrAcc: 0.6650, TrLoss:  0.97758, VaAcc: 0.6679, VaLoss:  0.81604	 10 sampled NNs | VaAcc: 0.6677 +- 0.0036 | VaLoss: 1.0263 +- 0.0069
358,  0 | TrAcc: 0.6657, TrLoss:  0.97754, VaAcc: 0.6748, VaLoss:  0.80163	 10 sampled NNs | VaAcc: 0.6689 +- 0.0030 | VaLoss: 1.0203 +- 0.0072
359,  0 | TrAcc: 0.6665, TrLoss:  0.97483, VaAcc: 0.6727, VaLoss:  0.81252	 10 sampled NNs | VaAcc: 0.6692 +- 0.0028 | VaLoss: 1.0198 +- 0.0060
360,  0 | TrAcc: 0.6636, TrLoss:  0.97787, VaAcc: 0.6674, VaLoss:  0.82305	 10 sampled NNs | VaAcc: 0.6655 +- 0.0046 | VaLoss: 1.0249 +- 0.0116
361,  0 | TrAcc: 0.6668, TrLoss:  0.97543, VaAcc: 0.6732, VaLoss:  0.80803	 10 sampled NNs | VaAcc: 0.6677 +- 0.0031 | VaLoss: 1.0237 +- 0.0095
362,  0 | TrAcc: 0.6651, TrLoss:  0.97620, VaAcc: 0.6745, VaLoss:  0.81234	 10 sampled NNs | VaAcc: 0.6673 +- 0.0040 | VaLoss: 1.0265 +- 0.0098
363,  0 | TrAcc: 0.6649, TrLoss:  0.97762, VaAcc: 0.6739, VaLoss:  0.80658	 10 sampled NNs | VaAcc: 0.6672 +- 0.0038 | VaLoss: 1.0220 +- 0.0084
364,  0 | TrAcc: 0.6669, TrLoss:  0.97396, VaAcc: 0.6773, VaLoss:  0.80119	 10 sampled NNs | VaAcc: 0.6669 +- 0.0132 | VaLoss: 1.0251 +- 0.0294
365,  0 | TrAcc: 0.6633, TrLoss:  0.97804, VaAcc: 0.6736, VaLoss:  0.80419	 10 sampled NNs | VaAcc: 0.6693 +- 0.0027 | VaLoss: 1.0199 +- 0.0076
366,  0 | TrAcc: 0.6642, TrLoss:      nan, VaAcc: 0.6654, VaLoss:      nan	 10 sampled NNs | VaAcc: 0.6684 +- 0.0040 | VaLoss: 1.0212 +- 0.0053
367,  0 | TrAcc: 0.6659, TrLoss:      nan, VaAcc: 0.6736, VaLoss:      nan	 10 sampled NNs | VaAcc: 0.6670 +- 0.0030 | VaLoss: 1.0257 +- 0.0061
368,  0 | TrAcc: 0.6652, TrLoss:      nan, VaAcc: 0.6727, VaLoss:      nan	 10 sampled NNs | VaAcc: 0.6673 +- 0.0052 | VaLoss: 1.0232 +- 0.0094
369,  0 | TrAcc: 0.6642, TrLoss:  0.97639, VaAcc: 0.6729, VaLoss:  0.80903	 10 sampled NNs | VaAcc: 0.6663 +- 0.0040 | VaLoss: 1.0250 +- 0.0077
370,  0 | TrAcc: 0.6645, TrLoss:  0.97958, VaAcc: 0.6739, VaLoss:  0.80819	 10 sampled NNs | VaAcc: 0.6692 +- 0.0049 | VaLoss: 1.0196 +- 0.0104
371,  0 | TrAcc: 0.6666, TrLoss:  0.97130, VaAcc: 0.6747, VaLoss:  0.79958	 10 sampled NNs | VaAcc: 0.6674 +- 0.0046 | VaLoss: 1.0268 +- 0.0120
372,  0 | TrAcc: 0.6647, TrLoss:      nan, VaAcc: 0.6693, VaLoss:      nan	 10 sampled NNs | VaAcc: 0.6688 +- 0.0041 | VaLoss: 1.0195 +- 0.0073
373,  0 | TrAcc: 0.6638, TrLoss:      nan, VaAcc: 0.6730, VaLoss:      nan	 10 sampled NNs | VaAcc: 0.6689 +- 0.0027 | VaLoss: 1.0188 +- 0.0087
374,  0 | TrAcc: 0.6650, TrLoss:  0.97811, VaAcc: 0.6735, VaLoss:  0.81014	 10 sampled NNs | VaAcc: 0.6680 +- 0.0031 | VaLoss: 1.0204 +- 0.0080
375,  0 | TrAcc: 0.6650, TrLoss:  0.97582, VaAcc: 0.6716, VaLoss:  0.81197	 10 sampled NNs | VaAcc: 0.6646 +- 0.0027 | VaLoss: 1.0270 +- 0.0039
376,  0 | TrAcc: 0.6666, TrLoss:      nan, VaAcc: 0.6717, VaLoss:      nan	 10 sampled NNs | VaAcc: 0.6661 +- 0.0054 | VaLoss: 1.0282 +- 0.0132
377,  0 | TrAcc: 0.6661, TrLoss:      nan, VaAcc: 0.6726, VaLoss:      nan	 10 sampled NNs | VaAcc: 0.6653 +- 0.0133 | VaLoss: 1.0315 +- 0.0347
378,  0 | TrAcc: 0.6653, TrLoss:  0.97352, VaAcc: 0.6718, VaLoss:  0.80362	 10 sampled NNs | VaAcc: 0.6671 +- 0.0040 | VaLoss: 1.0212 +- 0.0059
379,  0 | TrAcc: 0.6659, TrLoss:  0.97253, VaAcc: 0.6708, VaLoss:  0.81187	 10 sampled NNs | VaAcc: 0.6648 +- 0.0035 | VaLoss: 1.0283 +- 0.0042
380,  0 | TrAcc: 0.6648, TrLoss:      nan, VaAcc: 0.6688, VaLoss:      nan	 10 sampled NNs | VaAcc: 0.6680 +- 0.0034 | VaLoss: 1.0183 +- 0.0076
381,  0 | TrAcc: 0.6662, TrLoss:  0.97591, VaAcc: 0.6712, VaLoss:  0.81387	 10 sampled NNs | VaAcc: 0.6690 +- 0.0056 | VaLoss: 1.0182 +- 0.0135
382,  0 | TrAcc: 0.6678, TrLoss:      nan, VaAcc: 0.6750, VaLoss:      nan	 10 sampled NNs | VaAcc: 0.6691 +- 0.0033 | VaLoss: 1.0215 +- 0.0059
383,  0 | TrAcc: 0.6671, TrLoss:  0.97087, VaAcc: 0.6720, VaLoss:  0.80862	 10 sampled NNs | VaAcc: 0.6693 +- 0.0051 | VaLoss: 1.0193 +- 0.0109
384,  0 | TrAcc: 0.6675, TrLoss:  0.96951, VaAcc: 0.6725, VaLoss:  0.81237	 10 sampled NNs | VaAcc: 0.6674 +- 0.0054 | VaLoss: 1.0218 +- 0.0112
385,  0 | TrAcc: 0.6682, TrLoss:      nan, VaAcc: 0.6708, VaLoss:      nan	 10 sampled NNs | VaAcc: 0.6692 +- 0.0027 | VaLoss: 1.0221 +- 0.0070
386,  0 | TrAcc: 0.6665, TrLoss:  0.97247, VaAcc: 0.6722, VaLoss:  0.81092	 10 sampled NNs | VaAcc: 0.6696 +- 0.0024 | VaLoss: 1.0161 +- 0.0083
387,  0 | TrAcc: 0.6673, TrLoss:  0.96906, VaAcc: 0.6748, VaLoss:  0.79799	 10 sampled NNs | VaAcc: 0.6694 +- 0.0035 | VaLoss: 1.0201 +- 0.0053
388,  0 | TrAcc: 0.6685, TrLoss:      nan, VaAcc: 0.6760, VaLoss:      nan	 10 sampled NNs | VaAcc: 0.6712 +- 0.0044 | VaLoss: 1.0178 +- 0.0076
389,  0 | TrAcc: 0.6670, TrLoss:      nan, VaAcc: 0.6711, VaLoss:      nan	 10 sampled NNs | VaAcc: 0.6660 +- 0.0031 | VaLoss: 1.0245 +- 0.0061
390,  0 | TrAcc: 0.6665, TrLoss:  0.97019, VaAcc: 0.6771, VaLoss:  0.79661	 10 sampled NNs | VaAcc: 0.6660 +- 0.0036 | VaLoss: 1.0228 +- 0.0062
391,  0 | TrAcc: 0.6670, TrLoss:  0.97045, VaAcc: 0.6733, VaLoss:  0.80627	 10 sampled NNs | VaAcc: 0.6718 +- 0.0039 | VaLoss: 1.0160 +- 0.0090
392,  0 | TrAcc: 0.6659, TrLoss:      nan, VaAcc: 0.6742, VaLoss:      nan	 10 sampled NNs | VaAcc: 0.6689 +- 0.0033 | VaLoss: 1.0192 +- 0.0084
393,  0 | TrAcc: 0.6666, TrLoss:  0.97253, VaAcc: 0.6746, VaLoss:  0.80738	 10 sampled NNs | VaAcc: 0.6683 +- 0.0027 | VaLoss: 1.0205 +- 0.0036
394,  0 | TrAcc: 0.6668, TrLoss:  0.97135, VaAcc: 0.6728, VaLoss:  0.80681	 10 sampled NNs | VaAcc: 0.6725 +- 0.0020 | VaLoss: 1.0138 +- 0.0066
395,  0 | TrAcc: 0.6667, TrLoss:  0.97217, VaAcc: 0.6764, VaLoss:  0.80197	 10 sampled NNs | VaAcc: 0.6728 +- 0.0023 | VaLoss: 1.0161 +- 0.0087
396,  0 | TrAcc: 0.6670, TrLoss:  0.97209, VaAcc: 0.6739, VaLoss:  0.79934	 10 sampled NNs | VaAcc: 0.6684 +- 0.0053 | VaLoss: 1.0204 +- 0.0116
397,  0 | TrAcc: 0.6659, TrLoss:  0.97293, VaAcc: 0.6716, VaLoss:  0.81152	 10 sampled NNs | VaAcc: 0.6694 +- 0.0031 | VaLoss: 1.0188 +- 0.0102
398,  0 | TrAcc: 0.6679, TrLoss:  0.97065, VaAcc: 0.6754, VaLoss:  0.80529	 10 sampled NNs | VaAcc: 0.6714 +- 0.0038 | VaLoss: 1.0168 +- 0.0081
399,  0 | TrAcc: 0.6685, TrLoss:      nan, VaAcc: 0.6734, VaLoss:      nan	 10 sampled NNs | VaAcc: 0.6691 +- 0.0036 | VaLoss: 1.0223 +- 0.0091
73044.17959
----------------------------
