

config:

HOME=/clusterFS/home/student/kopp13
PATH=/clusterFS/home/student/kopp13/miniconda3/envs/tensorflow/bin:/clusterFS/home/student/kopp13/miniconda3/bin:/clusterFS/home/student/kopp13/bin:/usr/local/bin:/usr/bin:/bin:/usr/local/games:/usr/games
LD_LIBRARY_PATH=
THEANO_FLAGS=floatX=float32,gpuarray.preallocate=0.9,dnn.library_path=/usr/lib/x86_64-linux-gnu,cxx=clang++-3.8,device=cuda,base_compiledir=/tmp/tmp.oxDVojb1s2

=============================
CONFIG FILE

RNN CONFIG
{'data_multiplier': 2.0,
 'gradient_clip_value': 0.5,
 'layer_configs': [{'layer_type': 'input'},
                   {'bc': {'init_m': 'xavier',
                           'init_v': -4.5,
                           'prior_m': 0.0,
                           'prior_v': 0.0,
                           'type': 'continuous'},
                    'bf': {'init_m': 'xavier',
                           'init_v': -4.5,
                           'prior_m': 0.0,
                           'prior_v': 0.0,
                           'type': 'continuous'},
                    'bi': {'init_m': 'xavier',
                           'init_v': -4.5,
                           'prior_m': 0.0,
                           'prior_v': 0.0,
                           'type': 'continuous'},
                    'bo': {'init_m': 'xavier',
                           'init_v': -4.5,
                           'prior_m': 0.0,
                           'prior_v': 0.0,
                           'type': 'continuous'},
                    'init_config': {'c': {'b': 'all_zero', 'w': 'xavier'},
                                    'f': {'b': 'all_one', 'w': 'all_zero'},
                                    'i': {'b': 'all_zero', 'w': 'xavier'},
                                    'o': {'b': 'all_zero', 'w': 'xavier'}},
                    'is_output': False,
                    'is_recurrent': True,
                    'layer_type': 'lstm',
                    'tau': 0.2,
                    'var_scope': 'lstm_0',
                    'wc': {'p0max': 0.95,
                           'p0min': 0.05,
                           'pmax': 0.99,
                           'pmin': 0.01,
                           'priors': [0.1, 0.8, 0.1],
                           'type': 'ternary'},
                    'wf': {'p0max': 0.95,
                           'p0min': 0.05,
                           'pmax': 0.99,
                           'pmin': 0.01,
                           'priors': [0.1, 0.8, 0.1],
                           'type': 'ternary'},
                    'wi': {'p0max': 0.95,
                           'p0min': 0.05,
                           'pmax': 0.99,
                           'pmin': 0.01,
                           'priors': [0.1, 0.8, 0.1],
                           'type': 'ternary'},
                    'wo': {'p0max': 0.95,
                           'p0min': 0.05,
                           'pmax': 0.99,
                           'pmin': 0.01,
                           'priors': [0.1, 0.8, 0.1],
                           'type': 'ternary'}},
                   {'bc': {'init_m': 'xavier',
                           'init_v': -4.5,
                           'prior_m': 0.0,
                           'prior_v': 0.0,
                           'type': 'continuous'},
                    'bf': {'init_m': 'xavier',
                           'init_v': -4.5,
                           'prior_m': 0.0,
                           'prior_v': 0.0,
                           'type': 'continuous'},
                    'bi': {'init_m': 'xavier',
                           'init_v': -4.5,
                           'prior_m': 0.0,
                           'prior_v': 0.0,
                           'type': 'continuous'},
                    'bo': {'init_m': 'xavier',
                           'init_v': -4.5,
                           'prior_m': 0.0,
                           'prior_v': 0.0,
                           'type': 'continuous'},
                    'init_config': {'c': {'b': 'all_zero', 'w': 'xavier'},
                                    'f': {'b': 'all_one', 'w': 'all_zero'},
                                    'i': {'b': 'all_zero', 'w': 'xavier'},
                                    'o': {'b': 'all_zero', 'w': 'xavier'}},
                    'is_output': False,
                    'is_recurrent': True,
                    'layer_type': 'lstm',
                    'tau': 0.2,
                    'var_scope': 'lstm_1',
                    'wc': {'p0max': 0.95,
                           'p0min': 0.05,
                           'pmax': 0.99,
                           'pmin': 0.01,
                           'priors': [0.1, 0.8, 0.1],
                           'type': 'ternary'},
                    'wf': {'p0max': 0.95,
                           'p0min': 0.05,
                           'pmax': 0.99,
                           'pmin': 0.01,
                           'priors': [0.1, 0.8, 0.1],
                           'type': 'ternary'},
                    'wi': {'p0max': 0.95,
                           'p0min': 0.05,
                           'pmax': 0.99,
                           'pmin': 0.01,
                           'priors': [0.1, 0.8, 0.1],
                           'type': 'ternary'},
                    'wo': {'p0max': 0.95,
                           'p0min': 0.05,
                           'pmax': 0.99,
                           'pmin': 0.01,
                           'priors': [0.1, 0.8, 0.1],
                           'type': 'ternary'}},
                   {'b': {'init_m': 'xavier',
                          'init_v': -4.5,
                          'prior_m': 0.0,
                          'prior_v': 0.0,
                          'type': 'continuous'},
                    'is_output': True,
                    'is_recurrent': False,
                    'layer_type': 'fc',
                    'regularization': {'mode': None, 'strength': 0.02},
                    'tau': 0.2,
                    'var_scope': 'output_layer',
                    'w': {'p0max': 0.95,
                          'p0min': 0.05,
                          'pmax': 0.99,
                          'pmin': 0.01,
                          'priors': [0.1, 0.8, 0.1],
                          'type': 'ternary'}}],
 'layout': [4, 60, 60, 10],
 'output_type': 'classification'}

DATA CONFIG
{'dataset': 'red_penstroke',
 'tr': {'in_seq_len': 30,
        'minibatch_enabled': True,
        'minibatch_size': 200,
        'out_seq_len': 5,
        'zero_padding': 20},
 'va': {'in_seq_len': 30,
        'minibatch_enabled': True,
        'minibatch_size': 200,
        'out_seq_len': 5,
        'zero_padding': 20}}

TRAINING CONFIG
{'beta_reg': 0.0,
 'is_pretrain': False,
 'learning_rate': 0.001,
 'max_epochs': 200,
 'mode': {'max_epochs': 400, 'min_error': 0.0, 'name': 'classic'},
 'task_id': 4,
 'type': 'l_sampling',
 'var_reg': 1.0}
==============================


pretraning is over
  0,  0 | TrAcc: 0.1104, TrLoss:  6.14171, VaAcc: 0.0979, VaLoss:  6.48843	 10 sampled NNs | VaAcc: 0.0962 +- 0.0309 | VaLoss: 6.4663 +- 1.3553
  1,  0 | TrAcc: 0.1357, TrLoss:  2.54045, VaAcc: 0.1204, VaLoss:  2.60227	 10 sampled NNs | VaAcc: 0.1228 +- 0.0153 | VaLoss: 2.5581 +- 0.1438
  2,  0 | TrAcc: 0.1428, TrLoss:  2.42780, VaAcc: 0.1218, VaLoss:  2.47071	 10 sampled NNs | VaAcc: 0.1170 +- 0.0083 | VaLoss: 2.3467 +- 0.0444
  3,  0 | TrAcc: 0.1457, TrLoss:  2.37137, VaAcc: 0.1234, VaLoss:  2.37920	 10 sampled NNs | VaAcc: 0.1303 +- 0.0143 | VaLoss: 2.3726 +- 0.0582
  4,  0 | TrAcc: 0.1607, TrLoss:  2.29090, VaAcc: 0.1513, VaLoss:  2.27208	 10 sampled NNs | VaAcc: 0.1504 +- 0.0175 | VaLoss: 2.3670 +- 0.0969
  5,  0 | TrAcc: 0.2028, TrLoss:  2.19265, VaAcc: 0.2019, VaLoss:  2.15402	 10 sampled NNs | VaAcc: 0.1762 +- 0.0278 | VaLoss: 2.3158 +- 0.1155
  6,  0 | TrAcc: 0.2194, TrLoss:  2.16101, VaAcc: 0.2202, VaLoss:  2.11296	 10 sampled NNs | VaAcc: 0.1569 +- 0.0290 | VaLoss: 2.3103 +- 0.1112
  7,  0 | TrAcc: 0.2318, TrLoss:  2.09088, VaAcc: 0.2370, VaLoss:  2.02020	 10 sampled NNs | VaAcc: 0.1909 +- 0.0277 | VaLoss: 2.2008 +- 0.0946
  8,  0 | TrAcc: 0.2530, TrLoss:  1.99571, VaAcc: 0.2538, VaLoss:  1.93017	 10 sampled NNs | VaAcc: 0.1866 +- 0.0329 | VaLoss: 2.2015 +- 0.0805
  9,  0 | TrAcc: 0.2705, TrLoss:  1.94125, VaAcc: 0.2720, VaLoss:  1.86342	 10 sampled NNs | VaAcc: 0.2064 +- 0.0326 | VaLoss: 2.1660 +- 0.1928
 10,  0 | TrAcc: 0.2955, TrLoss:  1.88984, VaAcc: 0.2980, VaLoss:  1.81131	 10 sampled NNs | VaAcc: 0.2180 +- 0.0523 | VaLoss: 2.1772 +- 0.1627
 11,  0 | TrAcc: 0.3215, TrLoss:  1.83120, VaAcc: 0.3339, VaLoss:  1.73174	 10 sampled NNs | VaAcc: 0.2360 +- 0.0441 | VaLoss: 2.0410 +- 0.1331
 12,  0 | TrAcc: 0.3498, TrLoss:  1.76771, VaAcc: 0.3574, VaLoss:  1.67787	 10 sampled NNs | VaAcc: 0.2451 +- 0.0304 | VaLoss: 2.0579 +- 0.0706
 13,  0 | TrAcc: 0.3675, TrLoss:  1.72796, VaAcc: 0.3789, VaLoss:  1.62718	 10 sampled NNs | VaAcc: 0.2608 +- 0.0504 | VaLoss: 2.0453 +- 0.2624
 14,  0 | TrAcc: 0.3759, TrLoss:  1.69585, VaAcc: 0.3943, VaLoss:  1.58484	 10 sampled NNs | VaAcc: 0.2309 +- 0.0478 | VaLoss: 2.3298 +- 0.3417
 15,  0 | TrAcc: 0.3833, TrLoss:  1.66845, VaAcc: 0.3987, VaLoss:  1.56573	 10 sampled NNs | VaAcc: 0.2539 +- 0.0479 | VaLoss: 2.2178 +- 0.3082
 16,  0 | TrAcc: 0.3908, TrLoss:  1.65223, VaAcc: 0.4063, VaLoss:  1.54397	 10 sampled NNs | VaAcc: 0.2774 +- 0.0413 | VaLoss: 2.0289 +- 0.1987
 17,  0 | TrAcc: 0.3969, TrLoss:  1.63331, VaAcc: 0.4139, VaLoss:  1.52060	 10 sampled NNs | VaAcc: 0.2692 +- 0.0556 | VaLoss: 2.1253 +- 0.2786
 18,  0 | TrAcc: 0.4039, TrLoss:  1.60788, VaAcc: 0.4207, VaLoss:  1.50588	 10 sampled NNs | VaAcc: 0.2468 +- 0.0335 | VaLoss: 2.0974 +- 0.1114
 19,  0 | TrAcc: 0.4107, TrLoss:  1.59428, VaAcc: 0.4311, VaLoss:  1.47099	 10 sampled NNs | VaAcc: 0.2691 +- 0.0505 | VaLoss: 2.1163 +- 0.2983
 20,  0 | TrAcc: 0.4215, TrLoss:  1.57184, VaAcc: 0.4334, VaLoss:  1.47093	 10 sampled NNs | VaAcc: 0.2631 +- 0.0532 | VaLoss: 2.1237 +- 0.3211
 21,  0 | TrAcc: 0.4253, TrLoss:  1.56276, VaAcc: 0.4402, VaLoss:  1.45388	 10 sampled NNs | VaAcc: 0.2907 +- 0.0424 | VaLoss: 2.0214 +- 0.1666
 22,  0 | TrAcc: 0.4366, TrLoss:  1.53679, VaAcc: 0.4490, VaLoss:  1.43323	 10 sampled NNs | VaAcc: 0.2854 +- 0.0544 | VaLoss: 1.9991 +- 0.2388
 23,  0 | TrAcc: 0.4459, TrLoss:  1.51584, VaAcc: 0.4594, VaLoss:  1.40503	 10 sampled NNs | VaAcc: 0.3098 +- 0.0467 | VaLoss: 1.9203 +- 0.2036
 24,  0 | TrAcc: 0.4506, TrLoss:  1.50801, VaAcc: 0.4659, VaLoss:  1.38978	 10 sampled NNs | VaAcc: 0.3236 +- 0.0439 | VaLoss: 1.9140 +- 0.1623
 25,  0 | TrAcc: 0.4581, TrLoss:  1.48749, VaAcc: 0.4715, VaLoss:  1.37933	 10 sampled NNs | VaAcc: 0.2758 +- 0.0446 | VaLoss: 2.1091 +- 0.2174
 26,  0 | TrAcc: 0.4643, TrLoss:  1.47763, VaAcc: 0.4860, VaLoss:  1.35780	 10 sampled NNs | VaAcc: 0.3037 +- 0.0539 | VaLoss: 1.9902 +- 0.2270
 27,  0 | TrAcc: 0.4723, TrLoss:  1.45895, VaAcc: 0.4899, VaLoss:  1.34656	 10 sampled NNs | VaAcc: 0.3039 +- 0.0430 | VaLoss: 2.0102 +- 0.2420
 28,  0 | TrAcc: 0.4764, TrLoss:  1.44594, VaAcc: 0.5009, VaLoss:  1.32551	 10 sampled NNs | VaAcc: 0.3026 +- 0.0560 | VaLoss: 1.9818 +- 0.2878
 29,  0 | TrAcc: 0.4867, TrLoss:  1.42632, VaAcc: 0.5044, VaLoss:  1.31293	 10 sampled NNs | VaAcc: 0.3171 +- 0.0820 | VaLoss: 1.9546 +- 0.2620
 30,  0 | TrAcc: 0.4916, TrLoss:  1.41017, VaAcc: 0.5070, VaLoss:  1.30367	 10 sampled NNs | VaAcc: 0.3173 +- 0.0473 | VaLoss: 1.9376 +- 0.1567
 31,  0 | TrAcc: 0.4979, TrLoss:  1.39824, VaAcc: 0.5130, VaLoss:  1.29063	 10 sampled NNs | VaAcc: 0.3553 +- 0.0319 | VaLoss: 1.8020 +- 0.0920
 32,  0 | TrAcc: 0.5037, TrLoss:  1.38482, VaAcc: 0.5212, VaLoss:  1.27478	 10 sampled NNs | VaAcc: 0.3339 +- 0.0551 | VaLoss: 1.8917 +- 0.1924
 33,  0 | TrAcc: 0.5100, TrLoss:  1.36723, VaAcc: 0.5275, VaLoss:  1.25774	 10 sampled NNs | VaAcc: 0.3398 +- 0.0418 | VaLoss: 1.8624 +- 0.1136
 34,  0 | TrAcc: 0.5173, TrLoss:  1.35189, VaAcc: 0.5348, VaLoss:  1.24006	 10 sampled NNs | VaAcc: 0.3424 +- 0.0521 | VaLoss: 1.8812 +- 0.2371
 35,  0 | TrAcc: 0.5255, TrLoss:  1.33530, VaAcc: 0.5395, VaLoss:  1.22829	 10 sampled NNs | VaAcc: 0.3463 +- 0.0387 | VaLoss: 1.7959 +- 0.1036
 36,  0 | TrAcc: 0.5289, TrLoss:  1.32526, VaAcc: 0.5427, VaLoss:  1.21418	 10 sampled NNs | VaAcc: 0.3802 +- 0.0574 | VaLoss: 1.7413 +- 0.1672
 37,  0 | TrAcc: 0.5368, TrLoss:  1.30757, VaAcc: 0.5536, VaLoss:  1.19362	 10 sampled NNs | VaAcc: 0.3675 +- 0.0507 | VaLoss: 1.7714 +- 0.1670
 38,  0 | TrAcc: 0.5393, TrLoss:  1.29426, VaAcc: 0.5556, VaLoss:  1.18256	 10 sampled NNs | VaAcc: 0.3577 +- 0.0497 | VaLoss: 1.8419 +- 0.2029
 39,  0 | TrAcc: 0.5490, TrLoss:  1.27980, VaAcc: 0.5660, VaLoss:  1.15406	 10 sampled NNs | VaAcc: 0.3906 +- 0.0277 | VaLoss: 1.6996 +- 0.1047
 40,  0 | TrAcc: 0.5508, TrLoss:  1.27296, VaAcc: 0.5650, VaLoss:  1.14938	 10 sampled NNs | VaAcc: 0.3998 +- 0.0383 | VaLoss: 1.7293 +- 0.1834
 41,  0 | TrAcc: 0.5512, TrLoss:  1.26922, VaAcc: 0.5703, VaLoss:  1.14417	 10 sampled NNs | VaAcc: 0.3920 +- 0.0373 | VaLoss: 1.7106 +- 0.1244
 42,  0 | TrAcc: 0.5565, TrLoss:  1.26062, VaAcc: 0.5765, VaLoss:  1.13695	 10 sampled NNs | VaAcc: 0.3687 +- 0.0478 | VaLoss: 1.8135 +- 0.2232
 43,  0 | TrAcc: 0.5583, TrLoss:  1.25581, VaAcc: 0.5734, VaLoss:  1.13589	 10 sampled NNs | VaAcc: 0.4011 +- 0.0450 | VaLoss: 1.6916 +- 0.1383
 44,  0 | TrAcc: 0.5615, TrLoss:  1.24555, VaAcc: 0.5792, VaLoss:  1.12158	 10 sampled NNs | VaAcc: 0.4163 +- 0.0445 | VaLoss: 1.6652 +- 0.1273
 45,  0 | TrAcc: 0.5675, TrLoss:  1.23059, VaAcc: 0.5848, VaLoss:  1.10918	 10 sampled NNs | VaAcc: 0.3853 +- 0.0549 | VaLoss: 1.7389 +- 0.2223
 46,  0 | TrAcc: 0.5714, TrLoss:  1.22035, VaAcc: 0.5880, VaLoss:  1.09845	 10 sampled NNs | VaAcc: 0.4217 +- 0.0419 | VaLoss: 1.6300 +- 0.1055
 47,  0 | TrAcc: 0.5743, TrLoss:  1.21508, VaAcc: 0.5955, VaLoss:  1.08100	 10 sampled NNs | VaAcc: 0.4095 +- 0.0612 | VaLoss: 1.7355 +- 0.2471
 48,  0 | TrAcc: 0.5802, TrLoss:  1.20274, VaAcc: 0.5973, VaLoss:  1.07221	 10 sampled NNs | VaAcc: 0.4143 +- 0.0468 | VaLoss: 1.6535 +- 0.1632
 49,  0 | TrAcc: 0.5825, TrLoss:  1.19235, VaAcc: 0.6011, VaLoss:  1.06001	 10 sampled NNs | VaAcc: 0.4033 +- 0.0244 | VaLoss: 1.7091 +- 0.0887
 50,  0 | TrAcc: 0.5889, TrLoss:  1.17573, VaAcc: 0.6090, VaLoss:  1.04572	 10 sampled NNs | VaAcc: 0.4279 +- 0.0508 | VaLoss: 1.6170 +- 0.1612
 51,  0 | TrAcc: 0.5933, TrLoss:  1.16449, VaAcc: 0.6103, VaLoss:  1.03832	 10 sampled NNs | VaAcc: 0.4419 +- 0.0512 | VaLoss: 1.5873 +- 0.1732
 52,  0 | TrAcc: 0.5993, TrLoss:  1.14603, VaAcc: 0.6094, VaLoss:  1.02533	 10 sampled NNs | VaAcc: 0.4272 +- 0.0372 | VaLoss: 1.6044 +- 0.1039
 53,  0 | TrAcc: 0.6048, TrLoss:  1.13220, VaAcc: 0.6234, VaLoss:  0.99861	 10 sampled NNs | VaAcc: 0.4546 +- 0.0377 | VaLoss: 1.5513 +- 0.1104
 54,  0 | TrAcc: 0.6089, TrLoss:  1.11800, VaAcc: 0.6257, VaLoss:  0.98802	 10 sampled NNs | VaAcc: 0.4511 +- 0.0620 | VaLoss: 1.5467 +- 0.1862
 55,  0 | TrAcc: 0.6124, TrLoss:  1.10824, VaAcc: 0.6299, VaLoss:  0.97637	 10 sampled NNs | VaAcc: 0.4518 +- 0.0401 | VaLoss: 1.5828 +- 0.1150
 56,  0 | TrAcc: 0.6148, TrLoss:  1.10454, VaAcc: 0.6328, VaLoss:  0.96788	 10 sampled NNs | VaAcc: 0.4502 +- 0.0355 | VaLoss: 1.5409 +- 0.1079
 57,  0 | TrAcc: 0.6206, TrLoss:  1.09176, VaAcc: 0.6374, VaLoss:  0.95486	 10 sampled NNs | VaAcc: 0.4746 +- 0.0374 | VaLoss: 1.4759 +- 0.1142
 58,  0 | TrAcc: 0.6239, TrLoss:  1.07884, VaAcc: 0.6405, VaLoss:  0.94494	 10 sampled NNs | VaAcc: 0.4794 +- 0.0400 | VaLoss: 1.4773 +- 0.1534
 59,  0 | TrAcc: 0.6278, TrLoss:  1.06750, VaAcc: 0.6465, VaLoss:  0.93188	 10 sampled NNs | VaAcc: 0.4932 +- 0.0387 | VaLoss: 1.4353 +- 0.1138
 60,  0 | TrAcc: 0.6321, TrLoss:  1.05429, VaAcc: 0.6444, VaLoss:  0.93368	 10 sampled NNs | VaAcc: 0.4913 +- 0.0208 | VaLoss: 1.4314 +- 0.0809
 61,  0 | TrAcc: 0.6341, TrLoss:  1.05345, VaAcc: 0.6512, VaLoss:  0.91376	 10 sampled NNs | VaAcc: 0.4883 +- 0.0352 | VaLoss: 1.4686 +- 0.1237
 62,  0 | TrAcc: 0.6385, TrLoss:  1.03650, VaAcc: 0.6574, VaLoss:  0.90057	 10 sampled NNs | VaAcc: 0.4932 +- 0.0304 | VaLoss: 1.4385 +- 0.0924
 63,  0 | TrAcc: 0.6414, TrLoss:  1.02988, VaAcc: 0.6528, VaLoss:  0.90531	 10 sampled NNs | VaAcc: 0.5088 +- 0.0363 | VaLoss: 1.4285 +- 0.1114
 64,  0 | TrAcc: 0.6452, TrLoss:  1.02187, VaAcc: 0.6570, VaLoss:  0.89354	 10 sampled NNs | VaAcc: 0.5174 +- 0.0288 | VaLoss: 1.3826 +- 0.0903
 65,  0 | TrAcc: 0.6481, TrLoss:  1.01446, VaAcc: 0.6634, VaLoss:  0.88364	 10 sampled NNs | VaAcc: 0.4943 +- 0.0357 | VaLoss: 1.4373 +- 0.1091
 66,  0 | TrAcc: 0.6499, TrLoss:  1.00954, VaAcc: 0.6620, VaLoss:  0.87811	 10 sampled NNs | VaAcc: 0.5260 +- 0.0269 | VaLoss: 1.3529 +- 0.0747
 67,  0 | TrAcc: 0.6532, TrLoss:  1.00322, VaAcc: 0.6648, VaLoss:  0.86961	 10 sampled NNs | VaAcc: 0.5135 +- 0.0315 | VaLoss: 1.3881 +- 0.0990
 68,  0 | TrAcc: 0.6539, TrLoss:  0.99661, VaAcc: 0.6684, VaLoss:  0.86436	 10 sampled NNs | VaAcc: 0.5312 +- 0.0429 | VaLoss: 1.3378 +- 0.1112
 69,  0 | TrAcc: 0.6573, TrLoss:  0.98941, VaAcc: 0.6725, VaLoss:  0.84404	 10 sampled NNs | VaAcc: 0.4997 +- 0.0402 | VaLoss: 1.4160 +- 0.0934
 70,  0 | TrAcc: 0.6615, TrLoss:  0.97709, VaAcc: 0.6760, VaLoss:  0.83893	 10 sampled NNs | VaAcc: 0.5453 +- 0.0349 | VaLoss: 1.2967 +- 0.0913
 71,  0 | TrAcc: 0.6644, TrLoss:  0.97053, VaAcc: 0.6757, VaLoss:  0.84130	 10 sampled NNs | VaAcc: 0.5485 +- 0.0310 | VaLoss: 1.3017 +- 0.0819
 72,  0 | TrAcc: 0.6646, TrLoss:  0.96603, VaAcc: 0.6729, VaLoss:  0.84046	 10 sampled NNs | VaAcc: 0.5455 +- 0.0171 | VaLoss: 1.3009 +- 0.0400
 73,  0 | TrAcc: 0.6684, TrLoss:  0.95806, VaAcc: 0.6811, VaLoss:  0.81768	 10 sampled NNs | VaAcc: 0.5487 +- 0.0252 | VaLoss: 1.3043 +- 0.0731
 74,  0 | TrAcc: 0.6690, TrLoss:  0.95631, VaAcc: 0.6820, VaLoss:  0.81662	 10 sampled NNs | VaAcc: 0.5471 +- 0.0404 | VaLoss: 1.3021 +- 0.0992
 75,  0 | TrAcc: 0.6709, TrLoss:  0.95127, VaAcc: 0.6842, VaLoss:  0.81270	 10 sampled NNs | VaAcc: 0.5526 +- 0.0259 | VaLoss: 1.2986 +- 0.0842
 76,  0 | TrAcc: 0.6733, TrLoss:  0.94292, VaAcc: 0.6872, VaLoss:  0.79882	 10 sampled NNs | VaAcc: 0.5530 +- 0.0522 | VaLoss: 1.3176 +- 0.1774
 77,  0 | TrAcc: 0.6745, TrLoss:  0.94131, VaAcc: 0.6914, VaLoss:  0.79535	 10 sampled NNs | VaAcc: 0.5636 +- 0.0200 | VaLoss: 1.2507 +- 0.0461
 78,  0 | TrAcc: 0.6763, TrLoss:  0.93398, VaAcc: 0.6907, VaLoss:  0.79517	 10 sampled NNs | VaAcc: 0.5591 +- 0.0309 | VaLoss: 1.2615 +- 0.0966
 79,  0 | TrAcc: 0.6777, TrLoss:  0.92960, VaAcc: 0.6928, VaLoss:  0.78559	 10 sampled NNs | VaAcc: 0.5892 +- 0.0309 | VaLoss: 1.2012 +- 0.0915
 80,  0 | TrAcc: 0.6791, TrLoss:  0.92479, VaAcc: 0.6939, VaLoss:  0.78325	 10 sampled NNs | VaAcc: 0.5705 +- 0.0287 | VaLoss: 1.2500 +- 0.0797
 81,  0 | TrAcc: 0.6821, TrLoss:  0.92141, VaAcc: 0.6904, VaLoss:  0.79171	 10 sampled NNs | VaAcc: 0.5643 +- 0.0302 | VaLoss: 1.2537 +- 0.0777
 82,  0 | TrAcc: 0.6830, TrLoss:  0.91417, VaAcc: 0.6921, VaLoss:  0.79056	 10 sampled NNs | VaAcc: 0.5751 +- 0.0467 | VaLoss: 1.2318 +- 0.1278
 83,  0 | TrAcc: 0.6840, TrLoss:  0.91513, VaAcc: 0.6933, VaLoss:  0.78343	 10 sampled NNs | VaAcc: 0.5694 +- 0.0433 | VaLoss: 1.2515 +- 0.1423
 84,  0 | TrAcc: 0.6849, TrLoss:  0.91058, VaAcc: 0.6978, VaLoss:  0.77011	 10 sampled NNs | VaAcc: 0.5577 +- 0.0370 | VaLoss: 1.2832 +- 0.0986
 85,  0 | TrAcc: 0.6867, TrLoss:  0.90356, VaAcc: 0.7051, VaLoss:  0.74548	 10 sampled NNs | VaAcc: 0.5877 +- 0.0351 | VaLoss: 1.1831 +- 0.0827
 86,  0 | TrAcc: 0.6899, TrLoss:  0.89560, VaAcc: 0.6980, VaLoss:  0.76640	 10 sampled NNs | VaAcc: 0.5852 +- 0.0223 | VaLoss: 1.1922 +- 0.0661
 87,  0 | TrAcc: 0.6886, TrLoss:  0.89903, VaAcc: 0.6987, VaLoss:  0.76246	 10 sampled NNs | VaAcc: 0.5987 +- 0.0306 | VaLoss: 1.1683 +- 0.0761
 88,  0 | TrAcc: 0.6901, TrLoss:  0.89268, VaAcc: 0.7019, VaLoss:  0.75528	 10 sampled NNs | VaAcc: 0.5878 +- 0.0334 | VaLoss: 1.2000 +- 0.0872
 89,  0 | TrAcc: 0.6933, TrLoss:  0.88720, VaAcc: 0.7050, VaLoss:  0.74475	 10 sampled NNs | VaAcc: 0.5925 +- 0.0308 | VaLoss: 1.1875 +- 0.0808
 90,  0 | TrAcc: 0.6944, TrLoss:  0.88113, VaAcc: 0.7053, VaLoss:  0.74084	 10 sampled NNs | VaAcc: 0.5720 +- 0.0424 | VaLoss: 1.2175 +- 0.1029
 91,  0 | TrAcc: 0.6966, TrLoss:  0.87618, VaAcc: 0.7074, VaLoss:  0.73642	 10 sampled NNs | VaAcc: 0.5864 +- 0.0411 | VaLoss: 1.2021 +- 0.1022
 92,  0 | TrAcc: 0.6948, TrLoss:  0.88047, VaAcc: 0.7048, VaLoss:  0.73981	 10 sampled NNs | VaAcc: 0.6004 +- 0.0303 | VaLoss: 1.1592 +- 0.0788
 93,  0 | TrAcc: 0.6960, TrLoss:  0.87561, VaAcc: 0.7064, VaLoss:  0.73635	 10 sampled NNs | VaAcc: 0.6179 +- 0.0193 | VaLoss: 1.1131 +- 0.0546
 94,  0 | TrAcc: 0.6988, TrLoss:  0.87068, VaAcc: 0.7095, VaLoss:  0.73006	 10 sampled NNs | VaAcc: 0.6257 +- 0.0172 | VaLoss: 1.1012 +- 0.0503
 95,  0 | TrAcc: 0.7000, TrLoss:  0.86447, VaAcc: 0.7066, VaLoss:  0.73436	 10 sampled NNs | VaAcc: 0.6036 +- 0.0241 | VaLoss: 1.1457 +- 0.0684
 96,  0 | TrAcc: 0.7002, TrLoss:  0.86261, VaAcc: 0.7144, VaLoss:  0.71886	 10 sampled NNs | VaAcc: 0.6046 +- 0.0325 | VaLoss: 1.1590 +- 0.0874
 97,  0 | TrAcc: 0.7002, TrLoss:  0.86548, VaAcc: 0.7058, VaLoss:  0.73870	 10 sampled NNs | VaAcc: 0.6107 +- 0.0360 | VaLoss: 1.1234 +- 0.0940
 98,  0 | TrAcc: 0.7023, TrLoss:  0.85864, VaAcc: 0.7126, VaLoss:  0.72277	 10 sampled NNs | VaAcc: 0.5999 +- 0.0402 | VaLoss: 1.1479 +- 0.1048
 99,  0 | TrAcc: 0.7050, TrLoss:  0.85417, VaAcc: 0.7102, VaLoss:  0.72801	 10 sampled NNs | VaAcc: 0.6086 +- 0.0342 | VaLoss: 1.1276 +- 0.0847
100,  0 | TrAcc: 0.7044, TrLoss:  0.85169, VaAcc: 0.7067, VaLoss:  0.72689	 10 sampled NNs | VaAcc: 0.6180 +- 0.0182 | VaLoss: 1.1052 +- 0.0566
101,  0 | TrAcc: 0.7046, TrLoss:  0.84956, VaAcc: 0.7124, VaLoss:  0.71538	 10 sampled NNs | VaAcc: 0.6041 +- 0.0312 | VaLoss: 1.1440 +- 0.0708
102,  0 | TrAcc: 0.7050, TrLoss:  0.85000, VaAcc: 0.7195, VaLoss:  0.69839	 10 sampled NNs | VaAcc: 0.6222 +- 0.0219 | VaLoss: 1.0927 +- 0.0641
103,  0 | TrAcc: 0.7073, TrLoss:  0.84192, VaAcc: 0.7142, VaLoss:  0.71350	 10 sampled NNs | VaAcc: 0.6134 +- 0.0221 | VaLoss: 1.1221 +- 0.0689
104,  0 | TrAcc: 0.7079, TrLoss:  0.84043, VaAcc: 0.7160, VaLoss:  0.70830	 10 sampled NNs | VaAcc: 0.6191 +- 0.0302 | VaLoss: 1.1033 +- 0.0689
105,  0 | TrAcc: 0.7092, TrLoss:  0.83736, VaAcc: 0.7141, VaLoss:  0.71076	 10 sampled NNs | VaAcc: 0.6290 +- 0.0102 | VaLoss: 1.0762 +- 0.0330
106,  0 | TrAcc: 0.7074, TrLoss:  0.84061, VaAcc: 0.7146, VaLoss:  0.70181	 10 sampled NNs | VaAcc: 0.6264 +- 0.0240 | VaLoss: 1.0825 +- 0.0539
107,  0 | TrAcc: 0.7100, TrLoss:  0.83290, VaAcc: 0.7170, VaLoss:  0.70263	 10 sampled NNs | VaAcc: 0.6263 +- 0.0252 | VaLoss: 1.0835 +- 0.0620
108,  0 | TrAcc: 0.7125, TrLoss:  0.82868, VaAcc: 0.7173, VaLoss:  0.69265	 10 sampled NNs | VaAcc: 0.6154 +- 0.0197 | VaLoss: 1.1093 +- 0.0613
109,  0 | TrAcc: 0.7124, TrLoss:  0.82676, VaAcc: 0.7207, VaLoss:  0.69279	 10 sampled NNs | VaAcc: 0.6316 +- 0.0292 | VaLoss: 1.0652 +- 0.0561
110,  0 | TrAcc: 0.7114, TrLoss:  0.82627, VaAcc: 0.7149, VaLoss:  0.69984	 10 sampled NNs | VaAcc: 0.6492 +- 0.0180 | VaLoss: 1.0439 +- 0.0435
111,  0 | TrAcc: 0.7132, TrLoss:  0.82410, VaAcc: 0.7136, VaLoss:  0.69930	 10 sampled NNs | VaAcc: 0.6376 +- 0.0131 | VaLoss: 1.0462 +- 0.0302
112,  0 | TrAcc: 0.7137, TrLoss:  0.82162, VaAcc: 0.7189, VaLoss:  0.68728	 10 sampled NNs | VaAcc: 0.6205 +- 0.0119 | VaLoss: 1.1072 +- 0.0418
113,  0 | TrAcc: 0.7122, TrLoss:  0.82519, VaAcc: 0.7222, VaLoss:  0.67662	 10 sampled NNs | VaAcc: 0.6408 +- 0.0200 | VaLoss: 1.0470 +- 0.0517
114,  0 | TrAcc: 0.7161, TrLoss:  0.81597, VaAcc: 0.7196, VaLoss:  0.68661	 10 sampled NNs | VaAcc: 0.6312 +- 0.0204 | VaLoss: 1.0587 +- 0.0474
115,  0 | TrAcc: 0.7158, TrLoss:  0.81710, VaAcc: 0.7186, VaLoss:  0.68544	 10 sampled NNs | VaAcc: 0.6448 +- 0.0216 | VaLoss: 1.0352 +- 0.0545
116,  0 | TrAcc: 0.7135, TrLoss:  0.81837, VaAcc: 0.7224, VaLoss:  0.67494	 10 sampled NNs | VaAcc: 0.6372 +- 0.0323 | VaLoss: 1.0468 +- 0.0762
117,  0 | TrAcc: 0.7164, TrLoss:  0.81262, VaAcc: 0.7248, VaLoss:  0.66893	 10 sampled NNs | VaAcc: 0.6483 +- 0.0204 | VaLoss: 1.0360 +- 0.0536
118,  0 | TrAcc: 0.7163, TrLoss:  0.81308, VaAcc: 0.7253, VaLoss:  0.67232	 10 sampled NNs | VaAcc: 0.6343 +- 0.0300 | VaLoss: 1.0600 +- 0.0834
119,  0 | TrAcc: 0.7170, TrLoss:  0.80956, VaAcc: 0.7258, VaLoss:  0.67106	 10 sampled NNs | VaAcc: 0.6330 +- 0.0164 | VaLoss: 1.0644 +- 0.0444
120,  0 | TrAcc: 0.7185, TrLoss:  0.80526, VaAcc: 0.7219, VaLoss:  0.67842	 10 sampled NNs | VaAcc: 0.6395 +- 0.0257 | VaLoss: 1.0476 +- 0.0669
121,  0 | TrAcc: 0.7185, TrLoss:  0.80657, VaAcc: 0.7237, VaLoss:  0.67972	 10 sampled NNs | VaAcc: 0.6489 +- 0.0186 | VaLoss: 1.0275 +- 0.0454
122,  0 | TrAcc: 0.7195, TrLoss:  0.80645, VaAcc: 0.7264, VaLoss:  0.67034	 10 sampled NNs | VaAcc: 0.6513 +- 0.0144 | VaLoss: 1.0119 +- 0.0365
123,  0 | TrAcc: 0.7190, TrLoss:  0.80397, VaAcc: 0.7272, VaLoss:  0.66715	 10 sampled NNs | VaAcc: 0.6477 +- 0.0163 | VaLoss: 1.0231 +- 0.0442
124,  0 | TrAcc: 0.7196, TrLoss:  0.80191, VaAcc: 0.7247, VaLoss:  0.66295	 10 sampled NNs | VaAcc: 0.6443 +- 0.0248 | VaLoss: 1.0397 +- 0.0574
125,  0 | TrAcc: 0.7209, TrLoss:  0.80083, VaAcc: 0.7273, VaLoss:  0.65961	 10 sampled NNs | VaAcc: 0.6457 +- 0.0206 | VaLoss: 1.0288 +- 0.0424
126,  0 | TrAcc: 0.7215, TrLoss:  0.79615, VaAcc: 0.7267, VaLoss:  0.66880	 10 sampled NNs | VaAcc: 0.6457 +- 0.0227 | VaLoss: 1.0349 +- 0.0695
127,  0 | TrAcc: 0.7228, TrLoss:  0.79486, VaAcc: 0.7266, VaLoss:  0.66116	 10 sampled NNs | VaAcc: 0.6585 +- 0.0188 | VaLoss: 1.0040 +- 0.0618
128,  0 | TrAcc: 0.7219, TrLoss:  0.79429, VaAcc: 0.7237, VaLoss:  0.67061	 10 sampled NNs | VaAcc: 0.6579 +- 0.0165 | VaLoss: 0.9946 +- 0.0394
129,  0 | TrAcc: 0.7225, TrLoss:  0.79215, VaAcc: 0.7309, VaLoss:  0.65044	 10 sampled NNs | VaAcc: 0.6584 +- 0.0119 | VaLoss: 0.9996 +- 0.0369
130,  0 | TrAcc: 0.7227, TrLoss:  0.79137, VaAcc: 0.7284, VaLoss:  0.65060	 10 sampled NNs | VaAcc: 0.6557 +- 0.0203 | VaLoss: 1.0069 +- 0.0555
131,  0 | TrAcc: 0.7256, TrLoss:  0.78394, VaAcc: 0.7319, VaLoss:  0.64678	 10 sampled NNs | VaAcc: 0.6598 +- 0.0182 | VaLoss: 0.9999 +- 0.0349
132,  0 | TrAcc: 0.7237, TrLoss:  0.79075, VaAcc: 0.7281, VaLoss:  0.65486	 10 sampled NNs | VaAcc: 0.6658 +- 0.0182 | VaLoss: 0.9781 +- 0.0369
133,  0 | TrAcc: 0.7262, TrLoss:  0.78345, VaAcc: 0.7333, VaLoss:  0.64768	 10 sampled NNs | VaAcc: 0.6633 +- 0.0131 | VaLoss: 0.9888 +- 0.0414
134,  0 | TrAcc: 0.7249, TrLoss:  0.78720, VaAcc: 0.7270, VaLoss:  0.66226	 10 sampled NNs | VaAcc: 0.6642 +- 0.0192 | VaLoss: 0.9799 +- 0.0463
135,  0 | TrAcc: 0.7279, TrLoss:  0.78020, VaAcc: 0.7286, VaLoss:  0.65250	 10 sampled NNs | VaAcc: 0.6645 +- 0.0187 | VaLoss: 0.9801 +- 0.0467
136,  0 | TrAcc: 0.7277, TrLoss:  0.77902, VaAcc: 0.7280, VaLoss:  0.65475	 10 sampled NNs | VaAcc: 0.6617 +- 0.0174 | VaLoss: 0.9916 +- 0.0435
137,  0 | TrAcc: 0.7265, TrLoss:  0.77994, VaAcc: 0.7301, VaLoss:  0.65359	 10 sampled NNs | VaAcc: 0.6601 +- 0.0208 | VaLoss: 0.9962 +- 0.0623
138,  0 | TrAcc: 0.7281, TrLoss:  0.77820, VaAcc: 0.7346, VaLoss:  0.64334	 10 sampled NNs | VaAcc: 0.6638 +- 0.0112 | VaLoss: 0.9728 +- 0.0292
139,  0 | TrAcc: 0.7270, TrLoss:  0.77779, VaAcc: 0.7315, VaLoss:  0.64977	 10 sampled NNs | VaAcc: 0.6575 +- 0.0181 | VaLoss: 0.9988 +- 0.0449
140,  0 | TrAcc: 0.7301, TrLoss:  0.77264, VaAcc: 0.7325, VaLoss:  0.64392	 10 sampled NNs | VaAcc: 0.6719 +- 0.0207 | VaLoss: 0.9637 +- 0.0481
141,  0 | TrAcc: 0.7299, TrLoss:  0.77109, VaAcc: 0.7356, VaLoss:  0.63597	 10 sampled NNs | VaAcc: 0.6720 +- 0.0172 | VaLoss: 0.9724 +- 0.0483
142,  0 | TrAcc: 0.7290, TrLoss:  0.77467, VaAcc: 0.7278, VaLoss:  0.64693	 10 sampled NNs | VaAcc: 0.6659 +- 0.0137 | VaLoss: 0.9800 +- 0.0378
143,  0 | TrAcc: 0.7295, TrLoss:  0.77204, VaAcc: 0.7300, VaLoss:  0.64909	 10 sampled NNs | VaAcc: 0.6592 +- 0.0326 | VaLoss: 0.9924 +- 0.0908
144,  0 | TrAcc: 0.7326, TrLoss:  0.76540, VaAcc: 0.7386, VaLoss:  0.62908	 10 sampled NNs | VaAcc: 0.6658 +- 0.0155 | VaLoss: 0.9751 +- 0.0385
145,  0 | TrAcc: 0.7317, TrLoss:  0.76587, VaAcc: 0.7360, VaLoss:  0.63504	 10 sampled NNs | VaAcc: 0.6640 +- 0.0172 | VaLoss: 0.9776 +- 0.0460
146,  0 | TrAcc: 0.7322, TrLoss:  0.76490, VaAcc: 0.7334, VaLoss:  0.64208	 10 sampled NNs | VaAcc: 0.6676 +- 0.0135 | VaLoss: 0.9768 +- 0.0385
147,  0 | TrAcc: 0.7304, TrLoss:  0.76828, VaAcc: 0.7343, VaLoss:  0.64011	 10 sampled NNs | VaAcc: 0.6741 +- 0.0107 | VaLoss: 0.9510 +- 0.0253
148,  0 | TrAcc: 0.7326, TrLoss:  0.76399, VaAcc: 0.7333, VaLoss:  0.63530	 10 sampled NNs | VaAcc: 0.6754 +- 0.0185 | VaLoss: 0.9586 +- 0.0395
149,  0 | TrAcc: 0.7314, TrLoss:  0.76336, VaAcc: 0.7305, VaLoss:  0.64421	 10 sampled NNs | VaAcc: 0.6732 +- 0.0171 | VaLoss: 0.9528 +- 0.0449
150,  0 | TrAcc: 0.7346, TrLoss:  0.75501, VaAcc: 0.7321, VaLoss:  0.63844	 10 sampled NNs | VaAcc: 0.6705 +- 0.0191 | VaLoss: 0.9673 +- 0.0407
151,  0 | TrAcc: 0.7330, TrLoss:  0.75657, VaAcc: 0.7407, VaLoss:  0.62088	 10 sampled NNs | VaAcc: 0.6793 +- 0.0122 | VaLoss: 0.9389 +- 0.0278
152,  0 | TrAcc: 0.7330, TrLoss:  0.75916, VaAcc: 0.7358, VaLoss:  0.63181	 10 sampled NNs | VaAcc: 0.6780 +- 0.0220 | VaLoss: 0.9411 +- 0.0540
153,  0 | TrAcc: 0.7340, TrLoss:  0.75928, VaAcc: 0.7374, VaLoss:  0.62715	 10 sampled NNs | VaAcc: 0.6773 +- 0.0192 | VaLoss: 0.9468 +- 0.0492
154,  0 | TrAcc: 0.7347, TrLoss:  0.75611, VaAcc: 0.7359, VaLoss:  0.62836	 10 sampled NNs | VaAcc: 0.6722 +- 0.0240 | VaLoss: 0.9649 +- 0.0661
155,  0 | TrAcc: 0.7352, TrLoss:  0.75403, VaAcc: 0.7343, VaLoss:  0.62995	 10 sampled NNs | VaAcc: 0.6845 +- 0.0111 | VaLoss: 0.9313 +- 0.0284
156,  0 | TrAcc: 0.7359, TrLoss:  0.75062, VaAcc: 0.7348, VaLoss:  0.63299	 10 sampled NNs | VaAcc: 0.6807 +- 0.0080 | VaLoss: 0.9378 +- 0.0236
157,  0 | TrAcc: 0.7370, TrLoss:  0.75022, VaAcc: 0.7378, VaLoss:  0.62550	 10 sampled NNs | VaAcc: 0.6757 +- 0.0202 | VaLoss: 0.9506 +- 0.0477
158,  0 | TrAcc: 0.7359, TrLoss:  0.75370, VaAcc: 0.7342, VaLoss:  0.63062	 10 sampled NNs | VaAcc: 0.6869 +- 0.0114 | VaLoss: 0.9301 +- 0.0330
159,  0 | TrAcc: 0.7353, TrLoss:  0.75134, VaAcc: 0.7409, VaLoss:  0.61568	 10 sampled NNs | VaAcc: 0.6867 +- 0.0114 | VaLoss: 0.9281 +- 0.0358
160,  0 | TrAcc: 0.7371, TrLoss:  0.74895, VaAcc: 0.7418, VaLoss:  0.61089	 10 sampled NNs | VaAcc: 0.6872 +- 0.0133 | VaLoss: 0.9204 +- 0.0321
161,  0 | TrAcc: 0.7362, TrLoss:  0.75115, VaAcc: 0.7366, VaLoss:  0.62605	 10 sampled NNs | VaAcc: 0.6848 +- 0.0190 | VaLoss: 0.9294 +- 0.0508
162,  0 | TrAcc: 0.7377, TrLoss:  0.74744, VaAcc: 0.7382, VaLoss:  0.62609	 10 sampled NNs | VaAcc: 0.6895 +- 0.0152 | VaLoss: 0.9166 +- 0.0363
163,  0 | TrAcc: 0.7380, TrLoss:  0.74646, VaAcc: 0.7355, VaLoss:  0.62552	 10 sampled NNs | VaAcc: 0.6853 +- 0.0137 | VaLoss: 0.9235 +- 0.0358
164,  0 | TrAcc: 0.7370, TrLoss:  0.74729, VaAcc: 0.7393, VaLoss:  0.62475	 10 sampled NNs | VaAcc: 0.6902 +- 0.0201 | VaLoss: 0.9184 +- 0.0567
165,  0 | TrAcc: 0.7387, TrLoss:  0.74272, VaAcc: 0.7406, VaLoss:  0.61865	 10 sampled NNs | VaAcc: 0.6894 +- 0.0199 | VaLoss: 0.9187 +- 0.0479
166,  0 | TrAcc: 0.7375, TrLoss:  0.74529, VaAcc: 0.7383, VaLoss:  0.62351	 10 sampled NNs | VaAcc: 0.6904 +- 0.0117 | VaLoss: 0.9179 +- 0.0338
167,  0 | TrAcc: 0.7405, TrLoss:  0.73988, VaAcc: 0.7373, VaLoss:  0.61961	 10 sampled NNs | VaAcc: 0.6925 +- 0.0114 | VaLoss: 0.9035 +- 0.0249
168,  0 | TrAcc: 0.7378, TrLoss:  0.74521, VaAcc: 0.7387, VaLoss:  0.62211	 10 sampled NNs | VaAcc: 0.6898 +- 0.0153 | VaLoss: 0.9173 +- 0.0397
169,  0 | TrAcc: 0.7410, TrLoss:  0.73766, VaAcc: 0.7375, VaLoss:  0.62356	 10 sampled NNs | VaAcc: 0.6937 +- 0.0084 | VaLoss: 0.9078 +- 0.0265
170,  0 | TrAcc: 0.7390, TrLoss:  0.73924, VaAcc: 0.7369, VaLoss:  0.61976	 10 sampled NNs | VaAcc: 0.6859 +- 0.0176 | VaLoss: 0.9238 +- 0.0343
171,  0 | TrAcc: 0.7387, TrLoss:  0.74212, VaAcc: 0.7352, VaLoss:  0.63406	 10 sampled NNs | VaAcc: 0.6797 +- 0.0172 | VaLoss: 0.9342 +- 0.0463
172,  0 | TrAcc: 0.7410, TrLoss:  0.73655, VaAcc: 0.7409, VaLoss:  0.61244	 10 sampled NNs | VaAcc: 0.6909 +- 0.0155 | VaLoss: 0.9104 +- 0.0356
173,  0 | TrAcc: 0.7415, TrLoss:  0.73496, VaAcc: 0.7346, VaLoss:  0.63067	 10 sampled NNs | VaAcc: 0.6868 +- 0.0133 | VaLoss: 0.9262 +- 0.0327
174,  0 | TrAcc: 0.7410, TrLoss:  0.73578, VaAcc: 0.7385, VaLoss:  0.62238	 10 sampled NNs | VaAcc: 0.6881 +- 0.0183 | VaLoss: 0.9118 +- 0.0481
175,  0 | TrAcc: 0.7410, TrLoss:  0.73446, VaAcc: 0.7372, VaLoss:  0.62434	 10 sampled NNs | VaAcc: 0.7010 +- 0.0082 | VaLoss: 0.8817 +- 0.0247
176,  0 | TrAcc: 0.7407, TrLoss:  0.73801, VaAcc: 0.7398, VaLoss:  0.61576	 10 sampled NNs | VaAcc: 0.6905 +- 0.0101 | VaLoss: 0.9147 +- 0.0367
177,  0 | TrAcc: 0.7413, TrLoss:  0.73373, VaAcc: 0.7406, VaLoss:  0.61294	 10 sampled NNs | VaAcc: 0.6925 +- 0.0105 | VaLoss: 0.9035 +- 0.0267
178,  0 | TrAcc: 0.7411, TrLoss:  0.73349, VaAcc: 0.7394, VaLoss:  0.61649	 10 sampled NNs | VaAcc: 0.6883 +- 0.0170 | VaLoss: 0.9202 +- 0.0389
179,  0 | TrAcc: 0.7430, TrLoss:  0.73310, VaAcc: 0.7380, VaLoss:  0.61646	 10 sampled NNs | VaAcc: 0.6996 +- 0.0137 | VaLoss: 0.8901 +- 0.0386
180,  0 | TrAcc: 0.7429, TrLoss:  0.72931, VaAcc: 0.7405, VaLoss:  0.61217	 10 sampled NNs | VaAcc: 0.7014 +- 0.0054 | VaLoss: 0.8810 +- 0.0108
181,  0 | TrAcc: 0.7427, TrLoss:  0.72959, VaAcc: 0.7424, VaLoss:  0.61242	 10 sampled NNs | VaAcc: 0.6941 +- 0.0117 | VaLoss: 0.8995 +- 0.0245
182,  0 | TrAcc: 0.7428, TrLoss:  0.72936, VaAcc: 0.7381, VaLoss:  0.61756	 10 sampled NNs | VaAcc: 0.6953 +- 0.0162 | VaLoss: 0.9030 +- 0.0388
183,  0 | TrAcc: 0.7416, TrLoss:  0.73204, VaAcc: 0.7392, VaLoss:  0.61776	 10 sampled NNs | VaAcc: 0.6874 +- 0.0149 | VaLoss: 0.9213 +- 0.0458
184,  0 | TrAcc: 0.7430, TrLoss:  0.72886, VaAcc: 0.7386, VaLoss:  0.61486	 10 sampled NNs | VaAcc: 0.6955 +- 0.0198 | VaLoss: 0.8971 +- 0.0474
185,  0 | TrAcc: 0.7431, TrLoss:  0.72532, VaAcc: 0.7415, VaLoss:  0.61308	 10 sampled NNs | VaAcc: 0.6967 +- 0.0111 | VaLoss: 0.8976 +- 0.0209
186,  0 | TrAcc: 0.7466, TrLoss:  0.72032, VaAcc: 0.7393, VaLoss:  0.61147	 10 sampled NNs | VaAcc: 0.6931 +- 0.0095 | VaLoss: 0.9002 +- 0.0202
187,  0 | TrAcc: 0.7445, TrLoss:  0.72325, VaAcc: 0.7384, VaLoss:  0.61706	 10 sampled NNs | VaAcc: 0.7047 +- 0.0069 | VaLoss: 0.8755 +- 0.0181
188,  0 | TrAcc: 0.7470, TrLoss:  0.71975, VaAcc: 0.7383, VaLoss:  0.61228	 10 sampled NNs | VaAcc: 0.6955 +- 0.0098 | VaLoss: 0.8908 +- 0.0187
189,  0 | TrAcc: 0.7435, TrLoss:  0.72654, VaAcc: 0.7436, VaLoss:  0.60416	 10 sampled NNs | VaAcc: 0.6986 +- 0.0132 | VaLoss: 0.8877 +- 0.0305
190,  0 | TrAcc: 0.7445, TrLoss:  0.72628, VaAcc: 0.7404, VaLoss:  0.61028	 10 sampled NNs | VaAcc: 0.6970 +- 0.0114 | VaLoss: 0.8919 +- 0.0266
191,  0 | TrAcc: 0.7440, TrLoss:  0.72434, VaAcc: 0.7419, VaLoss:  0.60802	 10 sampled NNs | VaAcc: 0.7040 +- 0.0134 | VaLoss: 0.8771 +- 0.0323
192,  0 | TrAcc: 0.7454, TrLoss:  0.72326, VaAcc: 0.7441, VaLoss:  0.60564	 10 sampled NNs | VaAcc: 0.6923 +- 0.0149 | VaLoss: 0.9022 +- 0.0375
193,  0 | TrAcc: 0.7450, TrLoss:  0.72249, VaAcc: 0.7440, VaLoss:  0.60882	 10 sampled NNs | VaAcc: 0.7056 +- 0.0156 | VaLoss: 0.8757 +- 0.0458
194,  0 | TrAcc: 0.7458, TrLoss:  0.71909, VaAcc: 0.7416, VaLoss:  0.60834	 10 sampled NNs | VaAcc: 0.6972 +- 0.0148 | VaLoss: 0.8944 +- 0.0373
195,  0 | TrAcc: 0.7450, TrLoss:  0.72281, VaAcc: 0.7405, VaLoss:  0.61259	 10 sampled NNs | VaAcc: 0.6981 +- 0.0098 | VaLoss: 0.8899 +- 0.0268
196,  0 | TrAcc: 0.7472, TrLoss:  0.71706, VaAcc: 0.7421, VaLoss:  0.61032	 10 sampled NNs | VaAcc: 0.7035 +- 0.0066 | VaLoss: 0.8800 +- 0.0184
197,  0 | TrAcc: 0.7466, TrLoss:  0.71476, VaAcc: 0.7458, VaLoss:  0.60577	 10 sampled NNs | VaAcc: 0.6992 +- 0.0110 | VaLoss: 0.8873 +- 0.0246
198,  0 | TrAcc: 0.7478, TrLoss:  0.71650, VaAcc: 0.7457, VaLoss:  0.59635	 10 sampled NNs | VaAcc: 0.6963 +- 0.0070 | VaLoss: 0.8966 +- 0.0226
199,  0 | TrAcc: 0.7473, TrLoss:  0.71505, VaAcc: 0.7441, VaLoss:  0.59874	 10 sampled NNs | VaAcc: 0.6960 +- 0.0149 | VaLoss: 0.8950 +- 0.0357
200,  0 | TrAcc: 0.7473, TrLoss:  0.71534, VaAcc: 0.7447, VaLoss:  0.60315	 10 sampled NNs | VaAcc: 0.7035 +- 0.0124 | VaLoss: 0.8775 +- 0.0321
201,  0 | TrAcc: 0.7450, TrLoss:  0.71860, VaAcc: 0.7425, VaLoss:  0.60767	 10 sampled NNs | VaAcc: 0.7105 +- 0.0070 | VaLoss: 0.8636 +- 0.0179
202,  0 | TrAcc: 0.7478, TrLoss:  0.71590, VaAcc: 0.7413, VaLoss:  0.61000	 10 sampled NNs | VaAcc: 0.7065 +- 0.0076 | VaLoss: 0.8759 +- 0.0221
203,  0 | TrAcc: 0.7485, TrLoss:  0.71402, VaAcc: 0.7430, VaLoss:  0.60243	 10 sampled NNs | VaAcc: 0.7060 +- 0.0077 | VaLoss: 0.8726 +- 0.0193
204,  0 | TrAcc: 0.7463, TrLoss:  0.71499, VaAcc: 0.7449, VaLoss:  0.59595	 10 sampled NNs | VaAcc: 0.7039 +- 0.0089 | VaLoss: 0.8724 +- 0.0191
205,  0 | TrAcc: 0.7475, TrLoss:  0.71510, VaAcc: 0.7418, VaLoss:  0.61014	 10 sampled NNs | VaAcc: 0.7064 +- 0.0096 | VaLoss: 0.8763 +- 0.0232
206,  0 | TrAcc: 0.7469, TrLoss:  0.71493, VaAcc: 0.7411, VaLoss:  0.60340	 10 sampled NNs | VaAcc: 0.6985 +- 0.0120 | VaLoss: 0.8898 +- 0.0336
207,  0 | TrAcc: 0.7482, TrLoss:  0.71276, VaAcc: 0.7445, VaLoss:  0.60454	 10 sampled NNs | VaAcc: 0.7081 +- 0.0086 | VaLoss: 0.8638 +- 0.0196
208,  0 | TrAcc: 0.7485, TrLoss:  0.71222, VaAcc: 0.7433, VaLoss:  0.59204	 10 sampled NNs | VaAcc: 0.7030 +- 0.0079 | VaLoss: 0.8827 +- 0.0220
209,  0 | TrAcc: 0.7472, TrLoss:  0.71352, VaAcc: 0.7410, VaLoss:  0.61121	 10 sampled NNs | VaAcc: 0.7037 +- 0.0131 | VaLoss: 0.8737 +- 0.0279
210,  0 | TrAcc: 0.7501, TrLoss:  0.70638, VaAcc: 0.7437, VaLoss:  0.60615	 10 sampled NNs | VaAcc: 0.7051 +- 0.0120 | VaLoss: 0.8748 +- 0.0297
211,  0 | TrAcc: 0.7494, TrLoss:  0.70908, VaAcc: 0.7397, VaLoss:  0.61406	 10 sampled NNs | VaAcc: 0.7041 +- 0.0073 | VaLoss: 0.8827 +- 0.0181
212,  0 | TrAcc: 0.7488, TrLoss:  0.70995, VaAcc: 0.7465, VaLoss:  0.59566	 10 sampled NNs | VaAcc: 0.7093 +- 0.0085 | VaLoss: 0.8577 +- 0.0194
213,  0 | TrAcc: 0.7494, TrLoss:  0.70653, VaAcc: 0.7381, VaLoss:  0.61247	 10 sampled NNs | VaAcc: 0.7112 +- 0.0098 | VaLoss: 0.8580 +- 0.0286
214,  0 | TrAcc: 0.7486, TrLoss:  0.70847, VaAcc: 0.7444, VaLoss:  0.60017	 10 sampled NNs | VaAcc: 0.7098 +- 0.0154 | VaLoss: 0.8568 +- 0.0366
215,  0 | TrAcc: 0.7484, TrLoss:      nan, VaAcc: 0.7399, VaLoss:      nan	 10 sampled NNs | VaAcc: 0.7078 +- 0.0096 | VaLoss: 0.8691 +- 0.0230
216,  0 | TrAcc: 0.7496, TrLoss:  0.70660, VaAcc: 0.7451, VaLoss:  0.59202	 10 sampled NNs | VaAcc: 0.7078 +- 0.0107 | VaLoss: 0.8622 +- 0.0232
217,  0 | TrAcc: 0.7510, TrLoss:  0.70634, VaAcc: 0.7425, VaLoss:  0.60615	 10 sampled NNs | VaAcc: 0.7026 +- 0.0121 | VaLoss: 0.8769 +- 0.0231
218,  0 | TrAcc: 0.7506, TrLoss:  0.70616, VaAcc: 0.7434, VaLoss:  0.60012	 10 sampled NNs | VaAcc: 0.7102 +- 0.0060 | VaLoss: 0.8561 +- 0.0146
219,  0 | TrAcc: 0.7501, TrLoss:  0.70600, VaAcc: 0.7439, VaLoss:  0.59927	 10 sampled NNs | VaAcc: 0.7111 +- 0.0135 | VaLoss: 0.8512 +- 0.0329
220,  0 | TrAcc: 0.7522, TrLoss:  0.70261, VaAcc: 0.7386, VaLoss:  0.60872	 10 sampled NNs | VaAcc: 0.7092 +- 0.0126 | VaLoss: 0.8618 +- 0.0280
221,  0 | TrAcc: 0.7484, TrLoss:  0.70899, VaAcc: 0.7458, VaLoss:  0.59176	 10 sampled NNs | VaAcc: 0.7133 +- 0.0099 | VaLoss: 0.8501 +- 0.0225
222,  0 | TrAcc: 0.7513, TrLoss:  0.70217, VaAcc: 0.7442, VaLoss:  0.60130	 10 sampled NNs | VaAcc: 0.7053 +- 0.0091 | VaLoss: 0.8711 +- 0.0233
223,  0 | TrAcc: 0.7506, TrLoss:  0.70811, VaAcc: 0.7436, VaLoss:  0.60182	 10 sampled NNs | VaAcc: 0.7122 +- 0.0075 | VaLoss: 0.8584 +- 0.0182
224,  0 | TrAcc: 0.7500, TrLoss:  0.70655, VaAcc: 0.7411, VaLoss:  0.59950	 10 sampled NNs | VaAcc: 0.7127 +- 0.0119 | VaLoss: 0.8560 +- 0.0326
225,  0 | TrAcc: 0.7504, TrLoss:  0.70315, VaAcc: 0.7426, VaLoss:  0.60457	 10 sampled NNs | VaAcc: 0.7162 +- 0.0130 | VaLoss: 0.8500 +- 0.0326
226,  0 | TrAcc: 0.7508, TrLoss:  0.70429, VaAcc: 0.7368, VaLoss:  0.60454	 10 sampled NNs | VaAcc: 0.7160 +- 0.0095 | VaLoss: 0.8475 +- 0.0203
227,  0 | TrAcc: 0.7508, TrLoss:  0.70498, VaAcc: 0.7463, VaLoss:  0.59191	 10 sampled NNs | VaAcc: 0.7156 +- 0.0105 | VaLoss: 0.8506 +- 0.0309
228,  0 | TrAcc: 0.7507, TrLoss:  0.70522, VaAcc: 0.7470, VaLoss:  0.59578	 10 sampled NNs | VaAcc: 0.7186 +- 0.0082 | VaLoss: 0.8416 +- 0.0212
229,  0 | TrAcc: 0.7520, TrLoss:  0.70128, VaAcc: 0.7430, VaLoss:  0.59873	 10 sampled NNs | VaAcc: 0.7117 +- 0.0074 | VaLoss: 0.8576 +- 0.0210
230,  0 | TrAcc: 0.7508, TrLoss:  0.70381, VaAcc: 0.7447, VaLoss:  0.60086	 10 sampled NNs | VaAcc: 0.7134 +- 0.0072 | VaLoss: 0.8525 +- 0.0201
231,  0 | TrAcc: 0.7509, TrLoss:  0.70229, VaAcc: 0.7423, VaLoss:  0.60203	 10 sampled NNs | VaAcc: 0.7133 +- 0.0094 | VaLoss: 0.8522 +- 0.0179
232,  0 | TrAcc: 0.7517, TrLoss:  0.70367, VaAcc: 0.7469, VaLoss:  0.59449	 10 sampled NNs | VaAcc: 0.7103 +- 0.0124 | VaLoss: 0.8553 +- 0.0300
233,  0 | TrAcc: 0.7516, TrLoss:  0.70271, VaAcc: 0.7463, VaLoss:  0.59437	 10 sampled NNs | VaAcc: 0.7161 +- 0.0086 | VaLoss: 0.8447 +- 0.0253
234,  0 | TrAcc: 0.7528, TrLoss:  0.69988, VaAcc: 0.7421, VaLoss:  0.59672	 10 sampled NNs | VaAcc: 0.7111 +- 0.0115 | VaLoss: 0.8617 +- 0.0298
235,  0 | TrAcc: 0.7532, TrLoss:  0.69755, VaAcc: 0.7415, VaLoss:  0.60534	 10 sampled NNs | VaAcc: 0.7144 +- 0.0094 | VaLoss: 0.8470 +- 0.0213
236,  0 | TrAcc: 0.7531, TrLoss:  0.69769, VaAcc: 0.7462, VaLoss:  0.59091	 10 sampled NNs | VaAcc: 0.7148 +- 0.0087 | VaLoss: 0.8454 +- 0.0208
237,  0 | TrAcc: 0.7527, TrLoss:  0.69991, VaAcc: 0.7501, VaLoss:  0.58291	 10 sampled NNs | VaAcc: 0.7145 +- 0.0054 | VaLoss: 0.8441 +- 0.0193
238,  0 | TrAcc: 0.7532, TrLoss:      nan, VaAcc: 0.7456, VaLoss:      nan	 10 sampled NNs | VaAcc: 0.7183 +- 0.0058 | VaLoss: 0.8385 +- 0.0127
239,  0 | TrAcc: 0.7528, TrLoss:  0.69799, VaAcc: 0.7442, VaLoss:  0.60135	 10 sampled NNs | VaAcc: 0.7139 +- 0.0085 | VaLoss: 0.8513 +- 0.0210
240,  0 | TrAcc: 0.7530, TrLoss:  0.69819, VaAcc: 0.7462, VaLoss:  0.59402	 10 sampled NNs | VaAcc: 0.7160 +- 0.0081 | VaLoss: 0.8400 +- 0.0181
241,  0 | TrAcc: 0.7524, TrLoss:  0.69870, VaAcc: 0.7421, VaLoss:  0.60260	 10 sampled NNs | VaAcc: 0.7199 +- 0.0074 | VaLoss: 0.8363 +- 0.0173
242,  0 | TrAcc: 0.7521, TrLoss:  0.70073, VaAcc: 0.7434, VaLoss:  0.60562	 10 sampled NNs | VaAcc: 0.7175 +- 0.0063 | VaLoss: 0.8469 +- 0.0143
243,  0 | TrAcc: 0.7532, TrLoss:  0.69609, VaAcc: 0.7468, VaLoss:  0.59854	 10 sampled NNs | VaAcc: 0.7157 +- 0.0104 | VaLoss: 0.8475 +- 0.0239
244,  0 | TrAcc: 0.7543, TrLoss:  0.69619, VaAcc: 0.7438, VaLoss:  0.59844	 10 sampled NNs | VaAcc: 0.7197 +- 0.0074 | VaLoss: 0.8343 +- 0.0182
245,  0 | TrAcc: 0.7544, TrLoss:  0.69612, VaAcc: 0.7475, VaLoss:  0.59058	 10 sampled NNs | VaAcc: 0.7199 +- 0.0083 | VaLoss: 0.8323 +- 0.0212
246,  0 | TrAcc: 0.7533, TrLoss:  0.69331, VaAcc: 0.7433, VaLoss:  0.60203	 10 sampled NNs | VaAcc: 0.7219 +- 0.0062 | VaLoss: 0.8290 +- 0.0184
247,  0 | TrAcc: 0.7530, TrLoss:  0.69478, VaAcc: 0.7475, VaLoss:  0.59209	 10 sampled NNs | VaAcc: 0.7169 +- 0.0093 | VaLoss: 0.8408 +- 0.0221
248,  0 | TrAcc: 0.7551, TrLoss:  0.69136, VaAcc: 0.7440, VaLoss:  0.59491	 10 sampled NNs | VaAcc: 0.7155 +- 0.0066 | VaLoss: 0.8413 +- 0.0161
249,  0 | TrAcc: 0.7531, TrLoss:  0.69721, VaAcc: 0.7457, VaLoss:  0.59761	 10 sampled NNs | VaAcc: 0.7157 +- 0.0125 | VaLoss: 0.8454 +- 0.0223
250,  0 | TrAcc: 0.7552, TrLoss:  0.69350, VaAcc: 0.7403, VaLoss:  0.60368	 10 sampled NNs | VaAcc: 0.7185 +- 0.0084 | VaLoss: 0.8352 +- 0.0219
251,  0 | TrAcc: 0.7545, TrLoss:      nan, VaAcc: 0.7478, VaLoss:      nan	 10 sampled NNs | VaAcc: 0.7122 +- 0.0110 | VaLoss: 0.8554 +- 0.0281
252,  0 | TrAcc: 0.7532, TrLoss:  0.69495, VaAcc: 0.7465, VaLoss:  0.59041	 10 sampled NNs | VaAcc: 0.7121 +- 0.0113 | VaLoss: 0.8536 +- 0.0280
253,  0 | TrAcc: 0.7550, TrLoss:  0.69032, VaAcc: 0.7493, VaLoss:  0.58334	 10 sampled NNs | VaAcc: 0.7202 +- 0.0059 | VaLoss: 0.8324 +- 0.0177
254,  0 | TrAcc: 0.7535, TrLoss:  0.69529, VaAcc: 0.7446, VaLoss:  0.59829	 10 sampled NNs | VaAcc: 0.7168 +- 0.0050 | VaLoss: 0.8435 +- 0.0125
255,  0 | TrAcc: 0.7559, TrLoss:  0.68845, VaAcc: 0.7438, VaLoss:  0.59179	 10 sampled NNs | VaAcc: 0.7201 +- 0.0114 | VaLoss: 0.8307 +- 0.0251
256,  0 | TrAcc: 0.7557, TrLoss:  0.68872, VaAcc: 0.7451, VaLoss:  0.59433	 10 sampled NNs | VaAcc: 0.7214 +- 0.0046 | VaLoss: 0.8325 +- 0.0154
257,  0 | TrAcc: 0.7558, TrLoss:  0.68704, VaAcc: 0.7457, VaLoss:  0.59602	 10 sampled NNs | VaAcc: 0.7175 +- 0.0065 | VaLoss: 0.8350 +- 0.0119
258,  0 | TrAcc: 0.7566, TrLoss:  0.68859, VaAcc: 0.7443, VaLoss:  0.58853	 10 sampled NNs | VaAcc: 0.7160 +- 0.0076 | VaLoss: 0.8433 +- 0.0174
259,  0 | TrAcc: 0.7543, TrLoss:  0.69232, VaAcc: 0.7434, VaLoss:  0.60349	 10 sampled NNs | VaAcc: 0.7247 +- 0.0066 | VaLoss: 0.8192 +- 0.0154
260,  0 | TrAcc: 0.7554, TrLoss:  0.68910, VaAcc: 0.7493, VaLoss:  0.58626	 10 sampled NNs | VaAcc: 0.7211 +- 0.0046 | VaLoss: 0.8318 +- 0.0159
261,  0 | TrAcc: 0.7566, TrLoss:  0.68634, VaAcc: 0.7469, VaLoss:  0.58978	 10 sampled NNs | VaAcc: 0.7189 +- 0.0071 | VaLoss: 0.8342 +- 0.0197
262,  0 | TrAcc: 0.7555, TrLoss:  0.68894, VaAcc: 0.7470, VaLoss:  0.59097	 10 sampled NNs | VaAcc: 0.7216 +- 0.0080 | VaLoss: 0.8307 +- 0.0204
263,  0 | TrAcc: 0.7530, TrLoss:  0.69525, VaAcc: 0.7510, VaLoss:  0.58398	 10 sampled NNs | VaAcc: 0.7223 +- 0.0068 | VaLoss: 0.8312 +- 0.0161
264,  0 | TrAcc: 0.7536, TrLoss:  0.69162, VaAcc: 0.7463, VaLoss:  0.59237	 10 sampled NNs | VaAcc: 0.7204 +- 0.0061 | VaLoss: 0.8300 +- 0.0166
265,  0 | TrAcc: 0.7556, TrLoss:  0.69147, VaAcc: 0.7453, VaLoss:  0.59326	 10 sampled NNs | VaAcc: 0.7221 +- 0.0086 | VaLoss: 0.8314 +- 0.0148
266,  0 | TrAcc: 0.7551, TrLoss:  0.69125, VaAcc: 0.7471, VaLoss:  0.59029	 10 sampled NNs | VaAcc: 0.7181 +- 0.0074 | VaLoss: 0.8408 +- 0.0176
267,  0 | TrAcc: 0.7560, TrLoss:  0.68822, VaAcc: 0.7452, VaLoss:  0.58834	 10 sampled NNs | VaAcc: 0.7276 +- 0.0064 | VaLoss: 0.8140 +- 0.0148
268,  0 | TrAcc: 0.7563, TrLoss:  0.68644, VaAcc: 0.7508, VaLoss:  0.58471	 10 sampled NNs | VaAcc: 0.7247 +- 0.0037 | VaLoss: 0.8196 +- 0.0113
269,  0 | TrAcc: 0.7549, TrLoss:  0.68737, VaAcc: 0.7454, VaLoss:  0.59479	 10 sampled NNs | VaAcc: 0.7206 +- 0.0089 | VaLoss: 0.8331 +- 0.0229
270,  0 | TrAcc: 0.7566, TrLoss:  0.68493, VaAcc: 0.7478, VaLoss:  0.59164	 10 sampled NNs | VaAcc: 0.7216 +- 0.0073 | VaLoss: 0.8300 +- 0.0202
271,  0 | TrAcc: 0.7575, TrLoss:  0.68511, VaAcc: 0.7472, VaLoss:  0.58743	 10 sampled NNs | VaAcc: 0.7170 +- 0.0113 | VaLoss: 0.8400 +- 0.0256
272,  0 | TrAcc: 0.7564, TrLoss:  0.68713, VaAcc: 0.7472, VaLoss:  0.59028	 10 sampled NNs | VaAcc: 0.7193 +- 0.0053 | VaLoss: 0.8350 +- 0.0098
273,  0 | TrAcc: 0.7577, TrLoss:  0.68366, VaAcc: 0.7495, VaLoss:  0.58243	 10 sampled NNs | VaAcc: 0.7271 +- 0.0042 | VaLoss: 0.8137 +- 0.0120
274,  0 | TrAcc: 0.7542, TrLoss:  0.69098, VaAcc: 0.7422, VaLoss:  0.59990	 10 sampled NNs | VaAcc: 0.7245 +- 0.0067 | VaLoss: 0.8254 +- 0.0229
275,  0 | TrAcc: 0.7564, TrLoss:  0.68423, VaAcc: 0.7476, VaLoss:  0.59143	 10 sampled NNs | VaAcc: 0.7240 +- 0.0085 | VaLoss: 0.8276 +- 0.0254
276,  0 | TrAcc: 0.7550, TrLoss:  0.69072, VaAcc: 0.7465, VaLoss:  0.59419	 10 sampled NNs | VaAcc: 0.7245 +- 0.0101 | VaLoss: 0.8247 +- 0.0308
277,  0 | TrAcc: 0.7576, TrLoss:  0.68297, VaAcc: 0.7425, VaLoss:  0.59935	 10 sampled NNs | VaAcc: 0.7193 +- 0.0062 | VaLoss: 0.8321 +- 0.0187
278,  0 | TrAcc: 0.7556, TrLoss:  0.68732, VaAcc: 0.7434, VaLoss:  0.59563	 10 sampled NNs | VaAcc: 0.7187 +- 0.0067 | VaLoss: 0.8361 +- 0.0142
279,  0 | TrAcc: 0.7554, TrLoss:  0.68830, VaAcc: 0.7463, VaLoss:  0.59538	 10 sampled NNs | VaAcc: 0.7154 +- 0.0129 | VaLoss: 0.8444 +- 0.0299
280,  0 | TrAcc: 0.7575, TrLoss:  0.68320, VaAcc: 0.7488, VaLoss:  0.57985	 10 sampled NNs | VaAcc: 0.7234 +- 0.0076 | VaLoss: 0.8216 +- 0.0198
281,  0 | TrAcc: 0.7577, TrLoss:  0.68196, VaAcc: 0.7454, VaLoss:  0.59679	 10 sampled NNs | VaAcc: 0.7253 +- 0.0085 | VaLoss: 0.8207 +- 0.0199
282,  0 | TrAcc: 0.7563, TrLoss:  0.68483, VaAcc: 0.7468, VaLoss:  0.59392	 10 sampled NNs | VaAcc: 0.7223 +- 0.0093 | VaLoss: 0.8264 +- 0.0247
283,  0 | TrAcc: 0.7579, TrLoss:  0.68115, VaAcc: 0.7472, VaLoss:  0.58836	 10 sampled NNs | VaAcc: 0.7245 +- 0.0088 | VaLoss: 0.8153 +- 0.0204
284,  0 | TrAcc: 0.7571, TrLoss:  0.68267, VaAcc: 0.7471, VaLoss:  0.59265	 10 sampled NNs | VaAcc: 0.7232 +- 0.0079 | VaLoss: 0.8248 +- 0.0188
285,  0 | TrAcc: 0.7564, TrLoss:  0.68297, VaAcc: 0.7485, VaLoss:  0.58922	 10 sampled NNs | VaAcc: 0.7257 +- 0.0046 | VaLoss: 0.8171 +- 0.0098
286,  0 | TrAcc: 0.7570, TrLoss:  0.68306, VaAcc: 0.7458, VaLoss:  0.58613	 10 sampled NNs | VaAcc: 0.7271 +- 0.0082 | VaLoss: 0.8163 +- 0.0194
287,  0 | TrAcc: 0.7577, TrLoss:  0.68064, VaAcc: 0.7466, VaLoss:  0.58556	 10 sampled NNs | VaAcc: 0.7260 +- 0.0066 | VaLoss: 0.8201 +- 0.0164
288,  0 | TrAcc: 0.7589, TrLoss:  0.67948, VaAcc: 0.7402, VaLoss:  0.60251	 10 sampled NNs | VaAcc: 0.7228 +- 0.0066 | VaLoss: 0.8286 +- 0.0177
289,  0 | TrAcc: 0.7581, TrLoss:  0.68111, VaAcc: 0.7476, VaLoss:  0.58657	 10 sampled NNs | VaAcc: 0.7282 +- 0.0050 | VaLoss: 0.8147 +- 0.0108
290,  0 | TrAcc: 0.7567, TrLoss:  0.68360, VaAcc: 0.7494, VaLoss:  0.58323	 10 sampled NNs | VaAcc: 0.7288 +- 0.0030 | VaLoss: 0.8129 +- 0.0070
291,  0 | TrAcc: 0.7576, TrLoss:  0.67952, VaAcc: 0.7479, VaLoss:  0.58587	 10 sampled NNs | VaAcc: 0.7265 +- 0.0101 | VaLoss: 0.8165 +- 0.0275
292,  0 | TrAcc: 0.7616, TrLoss:  0.67179, VaAcc: 0.7519, VaLoss:  0.58645	 10 sampled NNs | VaAcc: 0.7269 +- 0.0089 | VaLoss: 0.8168 +- 0.0187
293,  0 | TrAcc: 0.7575, TrLoss:  0.68314, VaAcc: 0.7479, VaLoss:  0.59138	 10 sampled NNs | VaAcc: 0.7287 +- 0.0070 | VaLoss: 0.8117 +- 0.0154
294,  0 | TrAcc: 0.7586, TrLoss:  0.67753, VaAcc: 0.7479, VaLoss:  0.59010	 10 sampled NNs | VaAcc: 0.7254 +- 0.0066 | VaLoss: 0.8150 +- 0.0169
295,  0 | TrAcc: 0.7575, TrLoss:  0.68153, VaAcc: 0.7507, VaLoss:  0.57611	 10 sampled NNs | VaAcc: 0.7285 +- 0.0049 | VaLoss: 0.8110 +- 0.0138
296,  0 | TrAcc: 0.7589, TrLoss:  0.67744, VaAcc: 0.7487, VaLoss:  0.59086	 10 sampled NNs | VaAcc: 0.7275 +- 0.0076 | VaLoss: 0.8168 +- 0.0159
297,  0 | TrAcc: 0.7578, TrLoss:  0.68088, VaAcc: 0.7462, VaLoss:  0.58451	 10 sampled NNs | VaAcc: 0.7268 +- 0.0065 | VaLoss: 0.8131 +- 0.0165
298,  0 | TrAcc: 0.7581, TrLoss:  0.67997, VaAcc: 0.7469, VaLoss:  0.59073	 10 sampled NNs | VaAcc: 0.7262 +- 0.0073 | VaLoss: 0.8190 +- 0.0175
299,  0 | TrAcc: 0.7572, TrLoss:  0.68216, VaAcc: 0.7449, VaLoss:  0.59538	 10 sampled NNs | VaAcc: 0.7276 +- 0.0051 | VaLoss: 0.8138 +- 0.0145
300,  0 | TrAcc: 0.7582, TrLoss:  0.67700, VaAcc: 0.7451, VaLoss:  0.59499	 10 sampled NNs | VaAcc: 0.7287 +- 0.0065 | VaLoss: 0.8098 +- 0.0179
301,  0 | TrAcc: 0.7567, TrLoss:  0.68356, VaAcc: 0.7513, VaLoss:  0.58291	 10 sampled NNs | VaAcc: 0.7272 +- 0.0071 | VaLoss: 0.8155 +- 0.0180
302,  0 | TrAcc: 0.7590, TrLoss:      nan, VaAcc: 0.7472, VaLoss:      nan	 10 sampled NNs | VaAcc: 0.7279 +- 0.0058 | VaLoss: 0.8121 +- 0.0137
303,  0 | TrAcc: 0.7591, TrLoss:  0.67724, VaAcc: 0.7489, VaLoss:  0.58890	 10 sampled NNs | VaAcc: 0.7309 +- 0.0038 | VaLoss: 0.8074 +- 0.0100
304,  0 | TrAcc: 0.7583, TrLoss:  0.67779, VaAcc: 0.7507, VaLoss:  0.57946	 10 sampled NNs | VaAcc: 0.7279 +- 0.0056 | VaLoss: 0.8148 +- 0.0162
305,  0 | TrAcc: 0.7577, TrLoss:  0.67703, VaAcc: 0.7465, VaLoss:  0.59205	 10 sampled NNs | VaAcc: 0.7302 +- 0.0053 | VaLoss: 0.8081 +- 0.0136
306,  0 | TrAcc: 0.7588, TrLoss:  0.67831, VaAcc: 0.7451, VaLoss:  0.59944	 10 sampled NNs | VaAcc: 0.7284 +- 0.0080 | VaLoss: 0.8100 +- 0.0182
307,  0 | TrAcc: 0.7595, TrLoss:  0.67390, VaAcc: 0.7518, VaLoss:  0.58094	 10 sampled NNs | VaAcc: 0.7300 +- 0.0058 | VaLoss: 0.8040 +- 0.0136
308,  0 | TrAcc: 0.7575, TrLoss:  0.68148, VaAcc: 0.7487, VaLoss:  0.58601	 10 sampled NNs | VaAcc: 0.7303 +- 0.0078 | VaLoss: 0.8042 +- 0.0207
309,  0 | TrAcc: 0.7588, TrLoss:  0.67626, VaAcc: 0.7463, VaLoss:  0.58993	 10 sampled NNs | VaAcc: 0.7308 +- 0.0055 | VaLoss: 0.8058 +- 0.0132
310,  0 | TrAcc: 0.7592, TrLoss:  0.67531, VaAcc: 0.7512, VaLoss:  0.58308	 10 sampled NNs | VaAcc: 0.7283 +- 0.0119 | VaLoss: 0.8115 +- 0.0253
311,  0 | TrAcc: 0.7597, TrLoss:  0.67748, VaAcc: 0.7501, VaLoss:  0.57667	 10 sampled NNs | VaAcc: 0.7322 +- 0.0068 | VaLoss: 0.7997 +- 0.0133
312,  0 | TrAcc: 0.7582, TrLoss:  0.67851, VaAcc: 0.7492, VaLoss:  0.58089	 10 sampled NNs | VaAcc: 0.7277 +- 0.0047 | VaLoss: 0.8134 +- 0.0112
313,  0 | TrAcc: 0.7596, TrLoss:  0.67676, VaAcc: 0.7466, VaLoss:  0.58367	 10 sampled NNs | VaAcc: 0.7296 +- 0.0040 | VaLoss: 0.8060 +- 0.0112
314,  0 | TrAcc: 0.7591, TrLoss:  0.67267, VaAcc: 0.7477, VaLoss:  0.58253	 10 sampled NNs | VaAcc: 0.7287 +- 0.0045 | VaLoss: 0.8089 +- 0.0127
315,  0 | TrAcc: 0.7591, TrLoss:  0.67451, VaAcc: 0.7458, VaLoss:  0.59004	 10 sampled NNs | VaAcc: 0.7294 +- 0.0084 | VaLoss: 0.8070 +- 0.0207
316,  0 | TrAcc: 0.7581, TrLoss:  0.67881, VaAcc: 0.7496, VaLoss:  0.58558	 10 sampled NNs | VaAcc: 0.7280 +- 0.0047 | VaLoss: 0.8129 +- 0.0128
317,  0 | TrAcc: 0.7589, TrLoss:  0.67697, VaAcc: 0.7419, VaLoss:  0.60140	 10 sampled NNs | VaAcc: 0.7302 +- 0.0030 | VaLoss: 0.8057 +- 0.0115
318,  0 | TrAcc: 0.7605, TrLoss:  0.67402, VaAcc: 0.7463, VaLoss:  0.58560	 10 sampled NNs | VaAcc: 0.7286 +- 0.0069 | VaLoss: 0.8093 +- 0.0167
319,  0 | TrAcc: 0.7593, TrLoss:  0.67499, VaAcc: 0.7487, VaLoss:  0.58260	 10 sampled NNs | VaAcc: 0.7287 +- 0.0068 | VaLoss: 0.8106 +- 0.0152
320,  0 | TrAcc: 0.7601, TrLoss:  0.67128, VaAcc: 0.7487, VaLoss:  0.58874	 10 sampled NNs | VaAcc: 0.7318 +- 0.0058 | VaLoss: 0.8013 +- 0.0180
321,  0 | TrAcc: 0.7606, TrLoss:  0.67484, VaAcc: 0.7520, VaLoss:  0.58010	 10 sampled NNs | VaAcc: 0.7345 +- 0.0053 | VaLoss: 0.7975 +- 0.0124
322,  0 | TrAcc: 0.7594, TrLoss:  0.67429, VaAcc: 0.7473, VaLoss:  0.58860	 10 sampled NNs | VaAcc: 0.7330 +- 0.0041 | VaLoss: 0.8024 +- 0.0122
323,  0 | TrAcc: 0.7593, TrLoss:  0.67510, VaAcc: 0.7506, VaLoss:  0.57635	 10 sampled NNs | VaAcc: 0.7336 +- 0.0084 | VaLoss: 0.7998 +- 0.0181
324,  0 | TrAcc: 0.7614, TrLoss:  0.66716, VaAcc: 0.7506, VaLoss:  0.57778	 10 sampled NNs | VaAcc: 0.7303 +- 0.0059 | VaLoss: 0.8065 +- 0.0136
325,  0 | TrAcc: 0.7605, TrLoss:  0.67214, VaAcc: 0.7472, VaLoss:  0.59029	 10 sampled NNs | VaAcc: 0.7275 +- 0.0073 | VaLoss: 0.8103 +- 0.0166
326,  0 | TrAcc: 0.7597, TrLoss:  0.67305, VaAcc: 0.7465, VaLoss:  0.59317	 10 sampled NNs | VaAcc: 0.7346 +- 0.0064 | VaLoss: 0.7965 +- 0.0135
327,  0 | TrAcc: 0.7598, TrLoss:  0.67400, VaAcc: 0.7477, VaLoss:  0.58827	 10 sampled NNs | VaAcc: 0.7309 +- 0.0065 | VaLoss: 0.8048 +- 0.0174
328,  0 | TrAcc: 0.7599, TrLoss:  0.67140, VaAcc: 0.7480, VaLoss:  0.58289	 10 sampled NNs | VaAcc: 0.7334 +- 0.0071 | VaLoss: 0.8008 +- 0.0134
329,  0 | TrAcc: 0.7603, TrLoss:  0.66930, VaAcc: 0.7485, VaLoss:  0.58648	 10 sampled NNs | VaAcc: 0.7279 +- 0.0057 | VaLoss: 0.8097 +- 0.0140
330,  0 | TrAcc: 0.7616, TrLoss:      nan, VaAcc: 0.7521, VaLoss:      nan	 10 sampled NNs | VaAcc: 0.7289 +- 0.0071 | VaLoss: 0.8084 +- 0.0204
331,  0 | TrAcc: 0.7600, TrLoss:  0.67102, VaAcc: 0.7506, VaLoss:  0.58355	 10 sampled NNs | VaAcc: 0.7312 +- 0.0050 | VaLoss: 0.7980 +- 0.0107
332,  0 | TrAcc: 0.7605, TrLoss:  0.67063, VaAcc: 0.7503, VaLoss:  0.58429	 10 sampled NNs | VaAcc: 0.7288 +- 0.0091 | VaLoss: 0.8071 +- 0.0197
333,  0 | TrAcc: 0.7613, TrLoss:  0.66846, VaAcc: 0.7465, VaLoss:  0.59095	 10 sampled NNs | VaAcc: 0.7322 +- 0.0075 | VaLoss: 0.8030 +- 0.0164
334,  0 | TrAcc: 0.7594, TrLoss:  0.67262, VaAcc: 0.7461, VaLoss:  0.59397	 10 sampled NNs | VaAcc: 0.7301 +- 0.0056 | VaLoss: 0.8063 +- 0.0129
335,  0 | TrAcc: 0.7613, TrLoss:  0.66870, VaAcc: 0.7476, VaLoss:  0.58601	 10 sampled NNs | VaAcc: 0.7317 +- 0.0065 | VaLoss: 0.8045 +- 0.0163
336,  0 | TrAcc: 0.7611, TrLoss:  0.66918, VaAcc: 0.7444, VaLoss:  0.59495	 10 sampled NNs | VaAcc: 0.7350 +- 0.0049 | VaLoss: 0.7928 +- 0.0138
337,  0 | TrAcc: 0.7586, TrLoss:  0.67515, VaAcc: 0.7412, VaLoss:  0.60208	 10 sampled NNs | VaAcc: 0.7338 +- 0.0068 | VaLoss: 0.7958 +- 0.0152
338,  0 | TrAcc: 0.7603, TrLoss:  0.67272, VaAcc: 0.7487, VaLoss:  0.58312	 10 sampled NNs | VaAcc: 0.7339 +- 0.0069 | VaLoss: 0.7970 +- 0.0161
339,  0 | TrAcc: 0.7610, TrLoss:  0.66884, VaAcc: 0.7466, VaLoss:  0.58583	 10 sampled NNs | VaAcc: 0.7308 +- 0.0038 | VaLoss: 0.8063 +- 0.0096
340,  0 | TrAcc: 0.7621, TrLoss:  0.66898, VaAcc: 0.7461, VaLoss:  0.60057	 10 sampled NNs | VaAcc: 0.7342 +- 0.0058 | VaLoss: 0.7975 +- 0.0113
341,  0 | TrAcc: 0.7606, TrLoss:  0.66905, VaAcc: 0.7441, VaLoss:  0.59044	 10 sampled NNs | VaAcc: 0.7326 +- 0.0066 | VaLoss: 0.7978 +- 0.0193
342,  0 | TrAcc: 0.7635, TrLoss:      nan, VaAcc: 0.7476, VaLoss:      nan	 10 sampled NNs | VaAcc: 0.7316 +- 0.0044 | VaLoss: 0.8020 +- 0.0149
343,  0 | TrAcc: 0.7616, TrLoss:  0.66714, VaAcc: 0.7522, VaLoss:  0.58130	 10 sampled NNs | VaAcc: 0.7339 +- 0.0047 | VaLoss: 0.7985 +- 0.0107
344,  0 | TrAcc: 0.7617, TrLoss:  0.66765, VaAcc: 0.7459, VaLoss:  0.58737	 10 sampled NNs | VaAcc: 0.7296 +- 0.0077 | VaLoss: 0.8076 +- 0.0213
345,  0 | TrAcc: 0.7612, TrLoss:  0.66846, VaAcc: 0.7475, VaLoss:  0.59087	 10 sampled NNs | VaAcc: 0.7337 +- 0.0047 | VaLoss: 0.7961 +- 0.0099
346,  0 | TrAcc: 0.7641, TrLoss:  0.66425, VaAcc: 0.7486, VaLoss:  0.59103	 10 sampled NNs | VaAcc: 0.7347 +- 0.0048 | VaLoss: 0.7961 +- 0.0097
347,  0 | TrAcc: 0.7603, TrLoss:  0.67105, VaAcc: 0.7469, VaLoss:  0.58753	 10 sampled NNs | VaAcc: 0.7359 +- 0.0070 | VaLoss: 0.7899 +- 0.0150
348,  0 | TrAcc: 0.7634, TrLoss:  0.66324, VaAcc: 0.7501, VaLoss:  0.58214	 10 sampled NNs | VaAcc: 0.7322 +- 0.0048 | VaLoss: 0.7980 +- 0.0132
349,  0 | TrAcc: 0.7612, TrLoss:  0.67126, VaAcc: 0.7493, VaLoss:  0.58579	 10 sampled NNs | VaAcc: 0.7347 +- 0.0037 | VaLoss: 0.7924 +- 0.0053
350,  0 | TrAcc: 0.7629, TrLoss:  0.66564, VaAcc: 0.7445, VaLoss:  0.59994	 10 sampled NNs | VaAcc: 0.7336 +- 0.0061 | VaLoss: 0.7970 +- 0.0137
351,  0 | TrAcc: 0.7606, TrLoss:  0.67111, VaAcc: 0.7515, VaLoss:  0.58344	 10 sampled NNs | VaAcc: 0.7349 +- 0.0038 | VaLoss: 0.7919 +- 0.0125
352,  0 | TrAcc: 0.7627, TrLoss:  0.66623, VaAcc: 0.7485, VaLoss:  0.59371	 10 sampled NNs | VaAcc: 0.7341 +- 0.0076 | VaLoss: 0.7947 +- 0.0214
353,  0 | TrAcc: 0.7625, TrLoss:  0.66732, VaAcc: 0.7433, VaLoss:  0.60347	 10 sampled NNs | VaAcc: 0.7342 +- 0.0090 | VaLoss: 0.7963 +- 0.0217
354,  0 | TrAcc: 0.7631, TrLoss:  0.66441, VaAcc: 0.7494, VaLoss:  0.58437	 10 sampled NNs | VaAcc: 0.7357 +- 0.0050 | VaLoss: 0.7916 +- 0.0107
355,  0 | TrAcc: 0.7598, TrLoss:  0.67152, VaAcc: 0.7504, VaLoss:  0.58213	 10 sampled NNs | VaAcc: 0.7343 +- 0.0040 | VaLoss: 0.7992 +- 0.0113
356,  0 | TrAcc: 0.7605, TrLoss:  0.66670, VaAcc: 0.7520, VaLoss:  0.58349	 10 sampled NNs | VaAcc: 0.7324 +- 0.0058 | VaLoss: 0.8012 +- 0.0124
357,  0 | TrAcc: 0.7609, TrLoss:  0.67019, VaAcc: 0.7473, VaLoss:  0.58618	 10 sampled NNs | VaAcc: 0.7347 +- 0.0057 | VaLoss: 0.7912 +- 0.0138
358,  0 | TrAcc: 0.7603, TrLoss:  0.67002, VaAcc: 0.7530, VaLoss:  0.58272	 10 sampled NNs | VaAcc: 0.7348 +- 0.0057 | VaLoss: 0.7909 +- 0.0127
359,  0 | TrAcc: 0.7606, TrLoss:  0.66808, VaAcc: 0.7461, VaLoss:  0.58901	 10 sampled NNs | VaAcc: 0.7382 +- 0.0058 | VaLoss: 0.7836 +- 0.0140
360,  0 | TrAcc: 0.7617, TrLoss:  0.66724, VaAcc: 0.7500, VaLoss:  0.58845	 10 sampled NNs | VaAcc: 0.7351 +- 0.0045 | VaLoss: 0.7958 +- 0.0137
361,  0 | TrAcc: 0.7624, TrLoss:  0.66735, VaAcc: 0.7462, VaLoss:  0.59102	 10 sampled NNs | VaAcc: 0.7344 +- 0.0045 | VaLoss: 0.7920 +- 0.0100
362,  0 | TrAcc: 0.7634, TrLoss:  0.66224, VaAcc: 0.7491, VaLoss:  0.58483	 10 sampled NNs | VaAcc: 0.7344 +- 0.0056 | VaLoss: 0.7914 +- 0.0095
363,  0 | TrAcc: 0.7616, TrLoss:  0.66662, VaAcc: 0.7474, VaLoss:  0.58350	 10 sampled NNs | VaAcc: 0.7344 +- 0.0058 | VaLoss: 0.7972 +- 0.0151
364,  0 | TrAcc: 0.7623, TrLoss:  0.66522, VaAcc: 0.7489, VaLoss:  0.59088	 10 sampled NNs | VaAcc: 0.7380 +- 0.0061 | VaLoss: 0.7875 +- 0.0159
365,  0 | TrAcc: 0.7622, TrLoss:  0.66798, VaAcc: 0.7510, VaLoss:  0.58257	 10 sampled NNs | VaAcc: 0.7372 +- 0.0040 | VaLoss: 0.7881 +- 0.0120
366,  0 | TrAcc: 0.7631, TrLoss:  0.66608, VaAcc: 0.7510, VaLoss:  0.58244	 10 sampled NNs | VaAcc: 0.7334 +- 0.0073 | VaLoss: 0.7942 +- 0.0140
367,  0 | TrAcc: 0.7633, TrLoss:  0.66176, VaAcc: 0.7518, VaLoss:  0.57844	 10 sampled NNs | VaAcc: 0.7344 +- 0.0041 | VaLoss: 0.7965 +- 0.0131
368,  0 | TrAcc: 0.7616, TrLoss:  0.66678, VaAcc: 0.7460, VaLoss:  0.58817	 10 sampled NNs | VaAcc: 0.7326 +- 0.0080 | VaLoss: 0.7978 +- 0.0183
369,  0 | TrAcc: 0.7638, TrLoss:  0.66392, VaAcc: 0.7477, VaLoss:  0.59140	 10 sampled NNs | VaAcc: 0.7339 +- 0.0047 | VaLoss: 0.7951 +- 0.0160
370,  0 | TrAcc: 0.7619, TrLoss:  0.66707, VaAcc: 0.7445, VaLoss:  0.59788	 10 sampled NNs | VaAcc: 0.7363 +- 0.0065 | VaLoss: 0.7896 +- 0.0152
371,  0 | TrAcc: 0.7633, TrLoss:  0.66382, VaAcc: 0.7465, VaLoss:  0.59723	 10 sampled NNs | VaAcc: 0.7388 +- 0.0038 | VaLoss: 0.7864 +- 0.0100
372,  0 | TrAcc: 0.7611, TrLoss:  0.67165, VaAcc: 0.7436, VaLoss:  0.59732	 10 sampled NNs | VaAcc: 0.7366 +- 0.0025 | VaLoss: 0.7900 +- 0.0067
373,  0 | TrAcc: 0.7630, TrLoss:  0.66314, VaAcc: 0.7506, VaLoss:  0.58664	 10 sampled NNs | VaAcc: 0.7396 +- 0.0051 | VaLoss: 0.7842 +- 0.0102
374,  0 | TrAcc: 0.7623, TrLoss:  0.66559, VaAcc: 0.7510, VaLoss:  0.57704	 10 sampled NNs | VaAcc: 0.7361 +- 0.0048 | VaLoss: 0.7876 +- 0.0082
375,  0 | TrAcc: 0.7633, TrLoss:  0.66304, VaAcc: 0.7412, VaLoss:  0.59722	 10 sampled NNs | VaAcc: 0.7359 +- 0.0043 | VaLoss: 0.7897 +- 0.0089
376,  0 | TrAcc: 0.7633, TrLoss:  0.66417, VaAcc: 0.7520, VaLoss:  0.57362	 10 sampled NNs | VaAcc: 0.7348 +- 0.0051 | VaLoss: 0.7942 +- 0.0122
377,  0 | TrAcc: 0.7648, TrLoss:  0.66032, VaAcc: 0.7499, VaLoss:  0.57700	 10 sampled NNs | VaAcc: 0.7329 +- 0.0080 | VaLoss: 0.7992 +- 0.0205
378,  0 | TrAcc: 0.7640, TrLoss:  0.66306, VaAcc: 0.7495, VaLoss:  0.58008	 10 sampled NNs | VaAcc: 0.7343 +- 0.0042 | VaLoss: 0.7948 +- 0.0096
379,  0 | TrAcc: 0.7640, TrLoss:  0.66103, VaAcc: 0.7478, VaLoss:  0.59175	 10 sampled NNs | VaAcc: 0.7347 +- 0.0028 | VaLoss: 0.7941 +- 0.0065
380,  0 | TrAcc: 0.7627, TrLoss:  0.66451, VaAcc: 0.7501, VaLoss:  0.58029	 10 sampled NNs | VaAcc: 0.7376 +- 0.0073 | VaLoss: 0.7888 +- 0.0148
381,  0 | TrAcc: 0.7615, TrLoss:  0.66718, VaAcc: 0.7486, VaLoss:  0.58741	 10 sampled NNs | VaAcc: 0.7378 +- 0.0046 | VaLoss: 0.7839 +- 0.0096
382,  0 | TrAcc: 0.7642, TrLoss:  0.66144, VaAcc: 0.7535, VaLoss:  0.57492	 10 sampled NNs | VaAcc: 0.7370 +- 0.0039 | VaLoss: 0.7857 +- 0.0078
383,  0 | TrAcc: 0.7632, TrLoss:  0.66209, VaAcc: 0.7479, VaLoss:  0.58529	 10 sampled NNs | VaAcc: 0.7376 +- 0.0046 | VaLoss: 0.7855 +- 0.0080
384,  0 | TrAcc: 0.7642, TrLoss:  0.66100, VaAcc: 0.7504, VaLoss:  0.57521	 10 sampled NNs | VaAcc: 0.7353 +- 0.0051 | VaLoss: 0.7879 +- 0.0129
385,  0 | TrAcc: 0.7644, TrLoss:  0.66000, VaAcc: 0.7463, VaLoss:  0.58751	 10 sampled NNs | VaAcc: 0.7372 +- 0.0052 | VaLoss: 0.7866 +- 0.0122
386,  0 | TrAcc: 0.7629, TrLoss:  0.66375, VaAcc: 0.7460, VaLoss:  0.59572	 10 sampled NNs | VaAcc: 0.7340 +- 0.0054 | VaLoss: 0.7947 +- 0.0123
387,  0 | TrAcc: 0.7635, TrLoss:  0.66296, VaAcc: 0.7512, VaLoss:  0.58554	 10 sampled NNs | VaAcc: 0.7365 +- 0.0067 | VaLoss: 0.7867 +- 0.0167
388,  0 | TrAcc: 0.7632, TrLoss:  0.66469, VaAcc: 0.7474, VaLoss:  0.59109	 10 sampled NNs | VaAcc: 0.7372 +- 0.0072 | VaLoss: 0.7888 +- 0.0194
389,  0 | TrAcc: 0.7638, TrLoss:  0.66314, VaAcc: 0.7495, VaLoss:  0.58215	 10 sampled NNs | VaAcc: 0.7362 +- 0.0055 | VaLoss: 0.7880 +- 0.0133
390,  0 | TrAcc: 0.7648, TrLoss:  0.65955, VaAcc: 0.7491, VaLoss:  0.57824	 10 sampled NNs | VaAcc: 0.7371 +- 0.0049 | VaLoss: 0.7842 +- 0.0108
391,  0 | TrAcc: 0.7625, TrLoss:  0.66653, VaAcc: 0.7477, VaLoss:  0.58700	 10 sampled NNs | VaAcc: 0.7380 +- 0.0025 | VaLoss: 0.7808 +- 0.0078
392,  0 | TrAcc: 0.7639, TrLoss:  0.66380, VaAcc: 0.7432, VaLoss:  0.59355	 10 sampled NNs | VaAcc: 0.7348 +- 0.0067 | VaLoss: 0.7906 +- 0.0137
393,  0 | TrAcc: 0.7632, TrLoss:  0.66476, VaAcc: 0.7502, VaLoss:  0.58083	 10 sampled NNs | VaAcc: 0.7367 +- 0.0103 | VaLoss: 0.7873 +- 0.0238
394,  0 | TrAcc: 0.7634, TrLoss:  0.66275, VaAcc: 0.7517, VaLoss:  0.58418	 10 sampled NNs | VaAcc: 0.7387 +- 0.0036 | VaLoss: 0.7859 +- 0.0121
395,  0 | TrAcc: 0.7629, TrLoss:  0.66207, VaAcc: 0.7545, VaLoss:  0.57055	 10 sampled NNs | VaAcc: 0.7360 +- 0.0041 | VaLoss: 0.7890 +- 0.0117
396,  0 | TrAcc: 0.7651, TrLoss:  0.66207, VaAcc: 0.7492, VaLoss:  0.57970	 10 sampled NNs | VaAcc: 0.7371 +- 0.0050 | VaLoss: 0.7846 +- 0.0133
397,  0 | TrAcc: 0.7655, TrLoss:      nan, VaAcc: 0.7470, VaLoss:      nan	 10 sampled NNs | VaAcc: 0.7358 +- 0.0046 | VaLoss: 0.7893 +- 0.0123
398,  0 | TrAcc: 0.7648, TrLoss:  0.65825, VaAcc: 0.7516, VaLoss:  0.58423	 10 sampled NNs | VaAcc: 0.7366 +- 0.0058 | VaLoss: 0.7875 +- 0.0134
399,  0 | TrAcc: 0.7632, TrLoss:  0.66198, VaAcc: 0.7439, VaLoss:  0.59345	 10 sampled NNs | VaAcc: 0.7366 +- 0.0039 | VaLoss: 0.7907 +- 0.0089
71157.132049
----------------------------
