

config:

HOME=/clusterFS/home/student/kopp13
PATH=/clusterFS/home/student/kopp13/miniconda3/envs/tensorflow/bin:/clusterFS/home/student/kopp13/miniconda3/bin:/clusterFS/home/student/kopp13/bin:/usr/local/bin:/usr/bin:/bin:/usr/local/games:/usr/games
LD_LIBRARY_PATH=
THEANO_FLAGS=floatX=float32,gpuarray.preallocate=0.9,dnn.library_path=/usr/lib/x86_64-linux-gnu,cxx=clang++-3.8,device=cuda,base_compiledir=/tmp/tmp.Fz5LjUygmH

=============================
CONFIG FILE

RNN CONFIG
{'data_multiplier': 2.0,
 'gradient_clip_value': 0.5,
 'layer_configs': [{'layer_type': 'input'},
                   {'bc': {'init_m': 'xavier',
                           'init_v': -4.5,
                           'prior_m': 0.0,
                           'prior_v': 0.0,
                           'type': 'continuous'},
                    'bf': {'init_m': 'xavier',
                           'init_v': -4.5,
                           'prior_m': 0.0,
                           'prior_v': 0.0,
                           'type': 'continuous'},
                    'bi': {'init_m': 'xavier',
                           'init_v': -4.5,
                           'prior_m': 0.0,
                           'prior_v': 0.0,
                           'type': 'continuous'},
                    'bo': {'init_m': 'xavier',
                           'init_v': -4.5,
                           'prior_m': 0.0,
                           'prior_v': 0.0,
                           'type': 'continuous'},
                    'init_config': {'c': {'b': 'all_zero', 'w': 'xavier'},
                                    'f': {'b': 'all_one', 'w': 'all_zero'},
                                    'i': {'b': 'all_zero', 'w': 'xavier'},
                                    'o': {'b': 'all_zero', 'w': 'xavier'}},
                    'is_output': False,
                    'is_recurrent': True,
                    'layer_type': 'lstm',
                    'tau': 0.2,
                    'var_scope': 'lstm_0',
                    'wc': {'p0max': 0.95,
                           'p0min': 0.05,
                           'pmax': 0.99,
                           'pmin': 0.01,
                           'priors': [0.1, 0.8, 0.1],
                           'type': 'ternary'},
                    'wf': {'p0max': 0.95,
                           'p0min': 0.05,
                           'pmax': 0.99,
                           'pmin': 0.01,
                           'priors': [0.1, 0.8, 0.1],
                           'type': 'ternary'},
                    'wi': {'p0max': 0.95,
                           'p0min': 0.05,
                           'pmax': 0.99,
                           'pmin': 0.01,
                           'priors': [0.1, 0.8, 0.1],
                           'type': 'ternary'},
                    'wo': {'p0max': 0.95,
                           'p0min': 0.05,
                           'pmax': 0.99,
                           'pmin': 0.01,
                           'priors': [0.1, 0.8, 0.1],
                           'type': 'ternary'}},
                   {'bc': {'init_m': 'xavier',
                           'init_v': -4.5,
                           'prior_m': 0.0,
                           'prior_v': 0.0,
                           'type': 'continuous'},
                    'bf': {'init_m': 'xavier',
                           'init_v': -4.5,
                           'prior_m': 0.0,
                           'prior_v': 0.0,
                           'type': 'continuous'},
                    'bi': {'init_m': 'xavier',
                           'init_v': -4.5,
                           'prior_m': 0.0,
                           'prior_v': 0.0,
                           'type': 'continuous'},
                    'bo': {'init_m': 'xavier',
                           'init_v': -4.5,
                           'prior_m': 0.0,
                           'prior_v': 0.0,
                           'type': 'continuous'},
                    'init_config': {'c': {'b': 'all_zero', 'w': 'xavier'},
                                    'f': {'b': 'all_one', 'w': 'all_zero'},
                                    'i': {'b': 'all_zero', 'w': 'xavier'},
                                    'o': {'b': 'all_zero', 'w': 'xavier'}},
                    'is_output': False,
                    'is_recurrent': True,
                    'layer_type': 'lstm',
                    'tau': 0.2,
                    'var_scope': 'lstm_1',
                    'wc': {'p0max': 0.95,
                           'p0min': 0.05,
                           'pmax': 0.99,
                           'pmin': 0.01,
                           'priors': [0.1, 0.8, 0.1],
                           'type': 'ternary'},
                    'wf': {'p0max': 0.95,
                           'p0min': 0.05,
                           'pmax': 0.99,
                           'pmin': 0.01,
                           'priors': [0.1, 0.8, 0.1],
                           'type': 'ternary'},
                    'wi': {'p0max': 0.95,
                           'p0min': 0.05,
                           'pmax': 0.99,
                           'pmin': 0.01,
                           'priors': [0.1, 0.8, 0.1],
                           'type': 'ternary'},
                    'wo': {'p0max': 0.95,
                           'p0min': 0.05,
                           'pmax': 0.99,
                           'pmin': 0.01,
                           'priors': [0.1, 0.8, 0.1],
                           'type': 'ternary'}},
                   {'b': {'init_m': 'xavier',
                          'init_v': -4.5,
                          'prior_m': 0.0,
                          'prior_v': 0.0,
                          'type': 'continuous'},
                    'is_output': True,
                    'is_recurrent': False,
                    'layer_type': 'fc',
                    'regularization': {'mode': None, 'strength': 0.02},
                    'tau': 0.2,
                    'var_scope': 'output_layer',
                    'w': {'p0max': 0.95,
                          'p0min': 0.05,
                          'pmax': 0.99,
                          'pmin': 0.01,
                          'priors': [0.1, 0.8, 0.1],
                          'type': 'ternary'}}],
 'layout': [4, 60, 60, 10],
 'output_type': 'classification'}

DATA CONFIG
{'dataset': 'red_penstroke',
 'tr': {'in_seq_len': 30,
        'minibatch_enabled': True,
        'minibatch_size': 200,
        'out_seq_len': 5,
        'zero_padding': 20},
 'va': {'in_seq_len': 30,
        'minibatch_enabled': True,
        'minibatch_size': 200,
        'out_seq_len': 5,
        'zero_padding': 20}}

TRAINING CONFIG
{'beta_reg': 0.0,
 'is_pretrain': False,
 'learning_rate': 0.001,
 'max_epochs': 200,
 'mode': {'max_epochs': 400, 'min_error': 0.0, 'name': 'classic'},
 'task_id': 3,
 'type': 'l_sampling',
 'var_reg': 0.1}
==============================


pretraning is over
  0,  0 | TrAcc: 0.1085, TrLoss:  6.51207, VaAcc: 0.1031, VaLoss:  6.68675	 10 sampled NNs | VaAcc: 0.1090 +- 0.0100 | VaLoss: 6.9225 +- 1.8947
  1,  0 | TrAcc: 0.1380, TrLoss:  2.61194, VaAcc: 0.1249, VaLoss:  2.65743	 10 sampled NNs | VaAcc: 0.1338 +- 0.0110 | VaLoss: 2.6586 +- 0.2251
  2,  0 | TrAcc: 0.1527, TrLoss:  2.39125, VaAcc: 0.1460, VaLoss:  2.41145	 10 sampled NNs | VaAcc: 0.1360 +- 0.0255 | VaLoss: 2.4156 +- 0.0986
  3,  0 | TrAcc: 0.1721, TrLoss:  2.34138, VaAcc: 0.1699, VaLoss:  2.33319	 10 sampled NNs | VaAcc: 0.1509 +- 0.0235 | VaLoss: 2.4273 +- 0.1241
  4,  0 | TrAcc: 0.1897, TrLoss:  2.19634, VaAcc: 0.1862, VaLoss:  2.17835	 10 sampled NNs | VaAcc: 0.1556 +- 0.0265 | VaLoss: 2.3771 +- 0.1408
  5,  0 | TrAcc: 0.2216, TrLoss:  2.11648, VaAcc: 0.2258, VaLoss:  2.07689	 10 sampled NNs | VaAcc: 0.1673 +- 0.0272 | VaLoss: 2.2603 +- 0.1234
  6,  0 | TrAcc: 0.2450, TrLoss:  2.04858, VaAcc: 0.2516, VaLoss:  2.00899	 10 sampled NNs | VaAcc: 0.1972 +- 0.0334 | VaLoss: 2.3344 +- 0.1742
  7,  0 | TrAcc: 0.2592, TrLoss:  2.00753, VaAcc: 0.2696, VaLoss:  1.95226	 10 sampled NNs | VaAcc: 0.1760 +- 0.0364 | VaLoss: 2.3200 +- 0.2788
  8,  0 | TrAcc: 0.2690, TrLoss:  1.95037, VaAcc: 0.2804, VaLoss:  1.89163	 10 sampled NNs | VaAcc: 0.2039 +- 0.0427 | VaLoss: 2.2055 +- 0.1744
  9,  0 | TrAcc: 0.2848, TrLoss:  1.87638, VaAcc: 0.2980, VaLoss:  1.81069	 10 sampled NNs | VaAcc: 0.2253 +- 0.0476 | VaLoss: 2.2951 +- 0.2845
 10,  0 | TrAcc: 0.2989, TrLoss:  1.82586, VaAcc: 0.3098, VaLoss:  1.76031	 10 sampled NNs | VaAcc: 0.2146 +- 0.0420 | VaLoss: 2.1148 +- 0.1705
 11,  0 | TrAcc: 0.3092, TrLoss:  1.79066, VaAcc: 0.3236, VaLoss:  1.70927	 10 sampled NNs | VaAcc: 0.2221 +- 0.0355 | VaLoss: 2.0772 +- 0.1508
 12,  0 | TrAcc: 0.3250, TrLoss:  1.74777, VaAcc: 0.3423, VaLoss:  1.66745	 10 sampled NNs | VaAcc: 0.2551 +- 0.0316 | VaLoss: 2.1028 +- 0.1874
 13,  0 | TrAcc: 0.3482, TrLoss:  1.70535, VaAcc: 0.3621, VaLoss:  1.61635	 10 sampled NNs | VaAcc: 0.2592 +- 0.0470 | VaLoss: 1.9972 +- 0.1356
 14,  0 | TrAcc: 0.3668, TrLoss:  1.67051, VaAcc: 0.3850, VaLoss:  1.56999	 10 sampled NNs | VaAcc: 0.2472 +- 0.0294 | VaLoss: 2.0332 +- 0.0912
 15,  0 | TrAcc: 0.3855, TrLoss:  1.64611, VaAcc: 0.4039, VaLoss:  1.54166	 10 sampled NNs | VaAcc: 0.2765 +- 0.0386 | VaLoss: 2.0513 +- 0.1780
 16,  0 | TrAcc: 0.3921, TrLoss:  1.64154, VaAcc: 0.4139, VaLoss:  1.53231	 10 sampled NNs | VaAcc: 0.2755 +- 0.0274 | VaLoss: 2.0432 +- 0.1215
 17,  0 | TrAcc: 0.4117, TrLoss:  1.59186, VaAcc: 0.4247, VaLoss:  1.49388	 10 sampled NNs | VaAcc: 0.2797 +- 0.0580 | VaLoss: 2.0071 +- 0.2543
 18,  0 | TrAcc: 0.4247, TrLoss:  1.56202, VaAcc: 0.4473, VaLoss:  1.45737	 10 sampled NNs | VaAcc: 0.2581 +- 0.0469 | VaLoss: 2.1056 +- 0.1503
 19,  0 | TrAcc: 0.4351, TrLoss:  1.53710, VaAcc: 0.4558, VaLoss:  1.42993	 10 sampled NNs | VaAcc: 0.2902 +- 0.0429 | VaLoss: 2.0463 +- 0.2608
 20,  0 | TrAcc: 0.4386, TrLoss:  1.53116, VaAcc: 0.4605, VaLoss:  1.41800	 10 sampled NNs | VaAcc: 0.2874 +- 0.0595 | VaLoss: 1.9554 +- 0.1564
 21,  0 | TrAcc: 0.4454, TrLoss:  1.51193, VaAcc: 0.4670, VaLoss:  1.40615	 10 sampled NNs | VaAcc: 0.2578 +- 0.0450 | VaLoss: 2.1969 +- 0.3767
 22,  0 | TrAcc: 0.4563, TrLoss:  1.49166, VaAcc: 0.4784, VaLoss:  1.37485	 10 sampled NNs | VaAcc: 0.2879 +- 0.0546 | VaLoss: 1.9791 +- 0.2335
 23,  0 | TrAcc: 0.4614, TrLoss:  1.47623, VaAcc: 0.4809, VaLoss:  1.36447	 10 sampled NNs | VaAcc: 0.2898 +- 0.0634 | VaLoss: 2.0917 +- 0.3664
 24,  0 | TrAcc: 0.4697, TrLoss:  1.45281, VaAcc: 0.4859, VaLoss:  1.35376	 10 sampled NNs | VaAcc: 0.2800 +- 0.0552 | VaLoss: 2.1157 +- 0.2979
 25,  0 | TrAcc: 0.4706, TrLoss:  1.45705, VaAcc: 0.4913, VaLoss:  1.34572	 10 sampled NNs | VaAcc: 0.3107 +- 0.0535 | VaLoss: 1.9932 +- 0.2145
 26,  0 | TrAcc: 0.4849, TrLoss:  1.41978, VaAcc: 0.4994, VaLoss:  1.32814	 10 sampled NNs | VaAcc: 0.3161 +- 0.0488 | VaLoss: 1.9505 +- 0.1870
 27,  0 | TrAcc: 0.4916, TrLoss:  1.40489, VaAcc: 0.5109, VaLoss:  1.30007	 10 sampled NNs | VaAcc: 0.3374 +- 0.0333 | VaLoss: 1.8481 +- 0.1280
 28,  0 | TrAcc: 0.4977, TrLoss:  1.39059, VaAcc: 0.5162, VaLoss:  1.28439	 10 sampled NNs | VaAcc: 0.3317 +- 0.0316 | VaLoss: 1.9150 +- 0.2407
 29,  0 | TrAcc: 0.5029, TrLoss:  1.37483, VaAcc: 0.5209, VaLoss:  1.27181	 10 sampled NNs | VaAcc: 0.2941 +- 0.0659 | VaLoss: 2.0332 +- 0.3011
 30,  0 | TrAcc: 0.5096, TrLoss:  1.35737, VaAcc: 0.5319, VaLoss:  1.24998	 10 sampled NNs | VaAcc: 0.3541 +- 0.0443 | VaLoss: 1.8039 +- 0.1430
 31,  0 | TrAcc: 0.5174, TrLoss:  1.34547, VaAcc: 0.5309, VaLoss:  1.24530	 10 sampled NNs | VaAcc: 0.3530 +- 0.0378 | VaLoss: 1.8588 +- 0.1910
 32,  0 | TrAcc: 0.5238, TrLoss:  1.32173, VaAcc: 0.5413, VaLoss:  1.22350	 10 sampled NNs | VaAcc: 0.3364 +- 0.0430 | VaLoss: 1.8606 +- 0.1565
 33,  0 | TrAcc: 0.5324, TrLoss:  1.30811, VaAcc: 0.5403, VaLoss:  1.22071	 10 sampled NNs | VaAcc: 0.3717 +- 0.0437 | VaLoss: 1.8182 +- 0.2473
 34,  0 | TrAcc: 0.5376, TrLoss:  1.29420, VaAcc: 0.5525, VaLoss:  1.19664	 10 sampled NNs | VaAcc: 0.3602 +- 0.0362 | VaLoss: 1.8222 +- 0.1017
 35,  0 | TrAcc: 0.5440, TrLoss:  1.27946, VaAcc: 0.5605, VaLoss:  1.17967	 10 sampled NNs | VaAcc: 0.3434 +- 0.0513 | VaLoss: 1.8846 +- 0.1764
 36,  0 | TrAcc: 0.5547, TrLoss:  1.25645, VaAcc: 0.5699, VaLoss:  1.15542	 10 sampled NNs | VaAcc: 0.3498 +- 0.0390 | VaLoss: 1.8988 +- 0.2597
 37,  0 | TrAcc: 0.5603, TrLoss:  1.23793, VaAcc: 0.5716, VaLoss:  1.15374	 10 sampled NNs | VaAcc: 0.3634 +- 0.0536 | VaLoss: 1.8382 +- 0.1848
 38,  0 | TrAcc: 0.5684, TrLoss:  1.22187, VaAcc: 0.5794, VaLoss:  1.12292	 10 sampled NNs | VaAcc: 0.3816 +- 0.0636 | VaLoss: 1.7592 +- 0.2505
 39,  0 | TrAcc: 0.5741, TrLoss:  1.20936, VaAcc: 0.5862, VaLoss:  1.11188	 10 sampled NNs | VaAcc: 0.3766 +- 0.0829 | VaLoss: 1.8272 +- 0.2734
 40,  0 | TrAcc: 0.5800, TrLoss:  1.19245, VaAcc: 0.5899, VaLoss:  1.10250	 10 sampled NNs | VaAcc: 0.3684 +- 0.0598 | VaLoss: 1.8171 +- 0.2378
 41,  0 | TrAcc: 0.5856, TrLoss:  1.18023, VaAcc: 0.5956, VaLoss:  1.09093	 10 sampled NNs | VaAcc: 0.4071 +- 0.0598 | VaLoss: 1.7287 +- 0.2162
 42,  0 | TrAcc: 0.5908, TrLoss:  1.16759, VaAcc: 0.6040, VaLoss:  1.06556	 10 sampled NNs | VaAcc: 0.4232 +- 0.0494 | VaLoss: 1.6884 +- 0.1793
 43,  0 | TrAcc: 0.5994, TrLoss:  1.14684, VaAcc: 0.6100, VaLoss:  1.05186	 10 sampled NNs | VaAcc: 0.4173 +- 0.0317 | VaLoss: 1.6551 +- 0.1072
 44,  0 | TrAcc: 0.6035, TrLoss:  1.13246, VaAcc: 0.6158, VaLoss:  1.03564	 10 sampled NNs | VaAcc: 0.4419 +- 0.0594 | VaLoss: 1.6228 +- 0.2067
 45,  0 | TrAcc: 0.6071, TrLoss:  1.12385, VaAcc: 0.6158, VaLoss:  1.03352	 10 sampled NNs | VaAcc: 0.4457 +- 0.0548 | VaLoss: 1.5908 +- 0.2108
 46,  0 | TrAcc: 0.6144, TrLoss:  1.10550, VaAcc: 0.6221, VaLoss:  1.01630	 10 sampled NNs | VaAcc: 0.4342 +- 0.0496 | VaLoss: 1.6328 +- 0.1978
 47,  0 | TrAcc: 0.6190, TrLoss:  1.09419, VaAcc: 0.6294, VaLoss:  0.99241	 10 sampled NNs | VaAcc: 0.4503 +- 0.0437 | VaLoss: 1.5936 +- 0.1719
 48,  0 | TrAcc: 0.6254, TrLoss:  1.07428, VaAcc: 0.6344, VaLoss:  0.98345	 10 sampled NNs | VaAcc: 0.4492 +- 0.0268 | VaLoss: 1.6008 +- 0.0918
 49,  0 | TrAcc: 0.6275, TrLoss:  1.06948, VaAcc: 0.6368, VaLoss:  0.97093	 10 sampled NNs | VaAcc: 0.4825 +- 0.0380 | VaLoss: 1.4965 +- 0.1370
 50,  0 | TrAcc: 0.6334, TrLoss:  1.05397, VaAcc: 0.6386, VaLoss:  0.95955	 10 sampled NNs | VaAcc: 0.4612 +- 0.0513 | VaLoss: 1.5520 +- 0.1669
 51,  0 | TrAcc: 0.6354, TrLoss:  1.04720, VaAcc: 0.6464, VaLoss:  0.94809	 10 sampled NNs | VaAcc: 0.4799 +- 0.0450 | VaLoss: 1.5014 +- 0.1182
 52,  0 | TrAcc: 0.6376, TrLoss:  1.03882, VaAcc: 0.6507, VaLoss:  0.93835	 10 sampled NNs | VaAcc: 0.4669 +- 0.0294 | VaLoss: 1.5614 +- 0.0994
 53,  0 | TrAcc: 0.6407, TrLoss:  1.03274, VaAcc: 0.6438, VaLoss:  0.94385	 10 sampled NNs | VaAcc: 0.4827 +- 0.0481 | VaLoss: 1.5046 +- 0.1612
 54,  0 | TrAcc: 0.6444, TrLoss:  1.02219, VaAcc: 0.6512, VaLoss:  0.93247	 10 sampled NNs | VaAcc: 0.4667 +- 0.0380 | VaLoss: 1.5637 +- 0.1813
 55,  0 | TrAcc: 0.6453, TrLoss:  1.01633, VaAcc: 0.6545, VaLoss:  0.92213	 10 sampled NNs | VaAcc: 0.4678 +- 0.0379 | VaLoss: 1.5452 +- 0.1369
 56,  0 | TrAcc: 0.6489, TrLoss:  1.00822, VaAcc: 0.6604, VaLoss:  0.90639	 10 sampled NNs | VaAcc: 0.4894 +- 0.0473 | VaLoss: 1.4699 +- 0.1427
 57,  0 | TrAcc: 0.6511, TrLoss:  0.99989, VaAcc: 0.6566, VaLoss:  0.91168	 10 sampled NNs | VaAcc: 0.4998 +- 0.0497 | VaLoss: 1.4301 +- 0.1463
 58,  0 | TrAcc: 0.6559, TrLoss:  0.98952, VaAcc: 0.6641, VaLoss:  0.88751	 10 sampled NNs | VaAcc: 0.4830 +- 0.0667 | VaLoss: 1.4833 +- 0.1758
 59,  0 | TrAcc: 0.6573, TrLoss:  0.98366, VaAcc: 0.6670, VaLoss:  0.87946	 10 sampled NNs | VaAcc: 0.5051 +- 0.0467 | VaLoss: 1.4434 +- 0.1352
 60,  0 | TrAcc: 0.6614, TrLoss:  0.97397, VaAcc: 0.6636, VaLoss:  0.89047	 10 sampled NNs | VaAcc: 0.4852 +- 0.0442 | VaLoss: 1.4923 +- 0.1672
 61,  0 | TrAcc: 0.6639, TrLoss:  0.96369, VaAcc: 0.6710, VaLoss:  0.87556	 10 sampled NNs | VaAcc: 0.4973 +- 0.0575 | VaLoss: 1.4701 +- 0.2115
 62,  0 | TrAcc: 0.6662, TrLoss:  0.95767, VaAcc: 0.6692, VaLoss:  0.87834	 10 sampled NNs | VaAcc: 0.5138 +- 0.0227 | VaLoss: 1.3868 +- 0.0655
 63,  0 | TrAcc: 0.6680, TrLoss:  0.95096, VaAcc: 0.6686, VaLoss:  0.86843	 10 sampled NNs | VaAcc: 0.5068 +- 0.0350 | VaLoss: 1.4486 +- 0.1592
 64,  0 | TrAcc: 0.6689, TrLoss:  0.94782, VaAcc: 0.6815, VaLoss:  0.83914	 10 sampled NNs | VaAcc: 0.4941 +- 0.0560 | VaLoss: 1.4929 +- 0.1687
 65,  0 | TrAcc: 0.6731, TrLoss:  0.94003, VaAcc: 0.6764, VaLoss:  0.85662	 10 sampled NNs | VaAcc: 0.5207 +- 0.0362 | VaLoss: 1.3705 +- 0.0912
 66,  0 | TrAcc: 0.6756, TrLoss:  0.93042, VaAcc: 0.6750, VaLoss:  0.85808	 10 sampled NNs | VaAcc: 0.5034 +- 0.0381 | VaLoss: 1.4767 +- 0.1765
 67,  0 | TrAcc: 0.6771, TrLoss:  0.92549, VaAcc: 0.6821, VaLoss:  0.84180	 10 sampled NNs | VaAcc: 0.5159 +- 0.0291 | VaLoss: 1.4118 +- 0.0806
 68,  0 | TrAcc: 0.6777, TrLoss:  0.92133, VaAcc: 0.6819, VaLoss:  0.83263	 10 sampled NNs | VaAcc: 0.5357 +- 0.0270 | VaLoss: 1.3388 +- 0.0915
 69,  0 | TrAcc: 0.6804, TrLoss:  0.91594, VaAcc: 0.6882, VaLoss:  0.81595	 10 sampled NNs | VaAcc: 0.5400 +- 0.0504 | VaLoss: 1.3335 +- 0.1719
 70,  0 | TrAcc: 0.6826, TrLoss:  0.90777, VaAcc: 0.6887, VaLoss:  0.80981	 10 sampled NNs | VaAcc: 0.5427 +- 0.0269 | VaLoss: 1.3149 +- 0.0666
 71,  0 | TrAcc: 0.6860, TrLoss:  0.90161, VaAcc: 0.6850, VaLoss:  0.82313	 10 sampled NNs | VaAcc: 0.5474 +- 0.0515 | VaLoss: 1.3172 +- 0.1424
 72,  0 | TrAcc: 0.6843, TrLoss:  0.90081, VaAcc: 0.6886, VaLoss:  0.81785	 10 sampled NNs | VaAcc: 0.5399 +- 0.0298 | VaLoss: 1.3187 +- 0.1101
 73,  0 | TrAcc: 0.6877, TrLoss:  0.89477, VaAcc: 0.6914, VaLoss:  0.80596	 10 sampled NNs | VaAcc: 0.5457 +- 0.0412 | VaLoss: 1.3123 +- 0.1071
 74,  0 | TrAcc: 0.6896, TrLoss:  0.88842, VaAcc: 0.6968, VaLoss:  0.79252	 10 sampled NNs | VaAcc: 0.5732 +- 0.0197 | VaLoss: 1.2362 +- 0.0492
 75,  0 | TrAcc: 0.6902, TrLoss:  0.88671, VaAcc: 0.6949, VaLoss:  0.80241	 10 sampled NNs | VaAcc: 0.5632 +- 0.0328 | VaLoss: 1.2782 +- 0.0842
 76,  0 | TrAcc: 0.6925, TrLoss:  0.87871, VaAcc: 0.6924, VaLoss:  0.80173	 10 sampled NNs | VaAcc: 0.5526 +- 0.0286 | VaLoss: 1.2990 +- 0.0896
 77,  0 | TrAcc: 0.6918, TrLoss:  0.88008, VaAcc: 0.7023, VaLoss:  0.78435	 10 sampled NNs | VaAcc: 0.5681 +- 0.0204 | VaLoss: 1.2532 +- 0.0732
 78,  0 | TrAcc: 0.6938, TrLoss:  0.87261, VaAcc: 0.7013, VaLoss:  0.77902	 10 sampled NNs | VaAcc: 0.5616 +- 0.0471 | VaLoss: 1.2923 +- 0.1453
 79,  0 | TrAcc: 0.6968, TrLoss:  0.86629, VaAcc: 0.7048, VaLoss:  0.76738	 10 sampled NNs | VaAcc: 0.5785 +- 0.0232 | VaLoss: 1.2221 +- 0.0628
 80,  0 | TrAcc: 0.6984, TrLoss:  0.86202, VaAcc: 0.7021, VaLoss:  0.77599	 10 sampled NNs | VaAcc: 0.5578 +- 0.0301 | VaLoss: 1.2748 +- 0.0855
 81,  0 | TrAcc: 0.6999, TrLoss:  0.86044, VaAcc: 0.6978, VaLoss:  0.77539	 10 sampled NNs | VaAcc: 0.5813 +- 0.0414 | VaLoss: 1.2069 +- 0.1033
 82,  0 | TrAcc: 0.7027, TrLoss:  0.84891, VaAcc: 0.7102, VaLoss:  0.75220	 10 sampled NNs | VaAcc: 0.5822 +- 0.0330 | VaLoss: 1.2062 +- 0.0870
 83,  0 | TrAcc: 0.7038, TrLoss:  0.84752, VaAcc: 0.7020, VaLoss:  0.76855	 10 sampled NNs | VaAcc: 0.5782 +- 0.0241 | VaLoss: 1.2082 +- 0.0632
 84,  0 | TrAcc: 0.7042, TrLoss:  0.84333, VaAcc: 0.7105, VaLoss:  0.74862	 10 sampled NNs | VaAcc: 0.5698 +- 0.0365 | VaLoss: 1.2412 +- 0.1044
 85,  0 | TrAcc: 0.7065, TrLoss:  0.83878, VaAcc: 0.7051, VaLoss:  0.75704	 10 sampled NNs | VaAcc: 0.5824 +- 0.0174 | VaLoss: 1.2121 +- 0.0479
 86,  0 | TrAcc: 0.7050, TrLoss:  0.84089, VaAcc: 0.7031, VaLoss:  0.76129	 10 sampled NNs | VaAcc: 0.5922 +- 0.0374 | VaLoss: 1.1695 +- 0.0958
 87,  0 | TrAcc: 0.7089, TrLoss:  0.82742, VaAcc: 0.7059, VaLoss:  0.75617	 10 sampled NNs | VaAcc: 0.5914 +- 0.0292 | VaLoss: 1.1785 +- 0.0781
 88,  0 | TrAcc: 0.7081, TrLoss:  0.82850, VaAcc: 0.7154, VaLoss:  0.73241	 10 sampled NNs | VaAcc: 0.5976 +- 0.0209 | VaLoss: 1.1576 +- 0.0621
 89,  0 | TrAcc: 0.7103, TrLoss:  0.82486, VaAcc: 0.7091, VaLoss:  0.74383	 10 sampled NNs | VaAcc: 0.5944 +- 0.0316 | VaLoss: 1.1660 +- 0.0688
 90,  0 | TrAcc: 0.7117, TrLoss:  0.82027, VaAcc: 0.7159, VaLoss:  0.73112	 10 sampled NNs | VaAcc: 0.5978 +- 0.0278 | VaLoss: 1.1803 +- 0.0810
 91,  0 | TrAcc: 0.7122, TrLoss:  0.81919, VaAcc: 0.7136, VaLoss:  0.72983	 10 sampled NNs | VaAcc: 0.5982 +- 0.0354 | VaLoss: 1.2041 +- 0.1887
 92,  0 | TrAcc: 0.7131, TrLoss:  0.81313, VaAcc: 0.7170, VaLoss:  0.72875	 10 sampled NNs | VaAcc: 0.5870 +- 0.0214 | VaLoss: 1.2044 +- 0.0660
 93,  0 | TrAcc: 0.7126, TrLoss:  0.81397, VaAcc: 0.7166, VaLoss:  0.72860	 10 sampled NNs | VaAcc: 0.6068 +- 0.0269 | VaLoss: 1.1415 +- 0.0745
 94,  0 | TrAcc: 0.7153, TrLoss:  0.81112, VaAcc: 0.7179, VaLoss:  0.72604	 10 sampled NNs | VaAcc: 0.5982 +- 0.0319 | VaLoss: 1.1736 +- 0.0886
 95,  0 | TrAcc: 0.7161, TrLoss:  0.80672, VaAcc: 0.7162, VaLoss:  0.72742	 10 sampled NNs | VaAcc: 0.5985 +- 0.0192 | VaLoss: 1.1576 +- 0.0540
 96,  0 | TrAcc: 0.7181, TrLoss:  0.80008, VaAcc: 0.7179, VaLoss:  0.72417	 10 sampled NNs | VaAcc: 0.6030 +- 0.0450 | VaLoss: 1.1582 +- 0.1202
 97,  0 | TrAcc: 0.7191, TrLoss:  0.79772, VaAcc: 0.7186, VaLoss:  0.72378	 10 sampled NNs | VaAcc: 0.5960 +- 0.0308 | VaLoss: 1.1775 +- 0.0928
 98,  0 | TrAcc: 0.7194, TrLoss:  0.79668, VaAcc: 0.7198, VaLoss:  0.71605	 10 sampled NNs | VaAcc: 0.6152 +- 0.0209 | VaLoss: 1.1170 +- 0.0619
 99,  0 | TrAcc: 0.7223, TrLoss:  0.78963, VaAcc: 0.7218, VaLoss:  0.70500	 10 sampled NNs | VaAcc: 0.6144 +- 0.0166 | VaLoss: 1.1117 +- 0.0444
100,  0 | TrAcc: 0.7200, TrLoss:  0.79248, VaAcc: 0.7221, VaLoss:  0.70220	 10 sampled NNs | VaAcc: 0.6221 +- 0.0305 | VaLoss: 1.0914 +- 0.0766
101,  0 | TrAcc: 0.7217, TrLoss:  0.78719, VaAcc: 0.7230, VaLoss:  0.69751	 10 sampled NNs | VaAcc: 0.6055 +- 0.0440 | VaLoss: 1.1577 +- 0.1256
102,  0 | TrAcc: 0.7239, TrLoss:  0.78483, VaAcc: 0.7256, VaLoss:  0.70269	 10 sampled NNs | VaAcc: 0.6233 +- 0.0232 | VaLoss: 1.0919 +- 0.0552
103,  0 | TrAcc: 0.7249, TrLoss:  0.78219, VaAcc: 0.7243, VaLoss:  0.69514	 10 sampled NNs | VaAcc: 0.6112 +- 0.0294 | VaLoss: 1.1368 +- 0.0927
104,  0 | TrAcc: 0.7261, TrLoss:  0.77471, VaAcc: 0.7268, VaLoss:  0.69648	 10 sampled NNs | VaAcc: 0.6119 +- 0.0301 | VaLoss: 1.1188 +- 0.0937
105,  0 | TrAcc: 0.7265, TrLoss:  0.77450, VaAcc: 0.7293, VaLoss:  0.68711	 10 sampled NNs | VaAcc: 0.6261 +- 0.0314 | VaLoss: 1.0902 +- 0.0812
106,  0 | TrAcc: 0.7276, TrLoss:  0.76929, VaAcc: 0.7272, VaLoss:  0.69134	 10 sampled NNs | VaAcc: 0.6115 +- 0.0307 | VaLoss: 1.1253 +- 0.0923
107,  0 | TrAcc: 0.7298, TrLoss:  0.76434, VaAcc: 0.7298, VaLoss:  0.68724	 10 sampled NNs | VaAcc: 0.6227 +- 0.0368 | VaLoss: 1.1072 +- 0.1143
108,  0 | TrAcc: 0.7288, TrLoss:  0.76958, VaAcc: 0.7255, VaLoss:  0.69576	 10 sampled NNs | VaAcc: 0.6322 +- 0.0257 | VaLoss: 1.0694 +- 0.0712
109,  0 | TrAcc: 0.7297, TrLoss:  0.76367, VaAcc: 0.7300, VaLoss:  0.68941	 10 sampled NNs | VaAcc: 0.6362 +- 0.0313 | VaLoss: 1.0677 +- 0.1095
110,  0 | TrAcc: 0.7309, TrLoss:  0.75990, VaAcc: 0.7284, VaLoss:  0.68554	 10 sampled NNs | VaAcc: 0.6393 +- 0.0192 | VaLoss: 1.0552 +- 0.0510
111,  0 | TrAcc: 0.7300, TrLoss:  0.76316, VaAcc: 0.7310, VaLoss:  0.67539	 10 sampled NNs | VaAcc: 0.6458 +- 0.0159 | VaLoss: 1.0417 +- 0.0477
112,  0 | TrAcc: 0.7330, TrLoss:  0.75363, VaAcc: 0.7310, VaLoss:  0.67755	 10 sampled NNs | VaAcc: 0.6294 +- 0.0235 | VaLoss: 1.0903 +- 0.0719
113,  0 | TrAcc: 0.7340, TrLoss:  0.74984, VaAcc: 0.7259, VaLoss:  0.68340	 10 sampled NNs | VaAcc: 0.6189 +- 0.0318 | VaLoss: 1.1188 +- 0.0908
114,  0 | TrAcc: 0.7317, TrLoss:  0.75613, VaAcc: 0.7315, VaLoss:  0.67245	 10 sampled NNs | VaAcc: 0.6336 +- 0.0234 | VaLoss: 1.0673 +- 0.0671
115,  0 | TrAcc: 0.7353, TrLoss:  0.74517, VaAcc: 0.7321, VaLoss:  0.67701	 10 sampled NNs | VaAcc: 0.6365 +- 0.0270 | VaLoss: 1.0576 +- 0.0673
116,  0 | TrAcc: 0.7349, TrLoss:  0.74961, VaAcc: 0.7351, VaLoss:  0.66351	 10 sampled NNs | VaAcc: 0.6490 +- 0.0175 | VaLoss: 1.0334 +- 0.0533
117,  0 | TrAcc: 0.7361, TrLoss:  0.74217, VaAcc: 0.7345, VaLoss:  0.66912	 10 sampled NNs | VaAcc: 0.6445 +- 0.0307 | VaLoss: 1.0313 +- 0.0680
118,  0 | TrAcc: 0.7362, TrLoss:  0.74364, VaAcc: 0.7317, VaLoss:  0.66985	 10 sampled NNs | VaAcc: 0.6441 +- 0.0225 | VaLoss: 1.0430 +- 0.0656
119,  0 | TrAcc: 0.7382, TrLoss:  0.73713, VaAcc: 0.7334, VaLoss:  0.66277	 10 sampled NNs | VaAcc: 0.6503 +- 0.0308 | VaLoss: 1.0308 +- 0.0750
120,  0 | TrAcc: 0.7373, TrLoss:  0.73824, VaAcc: 0.7358, VaLoss:  0.66608	 10 sampled NNs | VaAcc: 0.6605 +- 0.0184 | VaLoss: 0.9959 +- 0.0477
121,  0 | TrAcc: 0.7384, TrLoss:  0.73480, VaAcc: 0.7340, VaLoss:  0.66312	 10 sampled NNs | VaAcc: 0.6567 +- 0.0194 | VaLoss: 1.0103 +- 0.0548
122,  0 | TrAcc: 0.7382, TrLoss:  0.73455, VaAcc: 0.7336, VaLoss:  0.66397	 10 sampled NNs | VaAcc: 0.6597 +- 0.0131 | VaLoss: 1.0042 +- 0.0335
123,  0 | TrAcc: 0.7407, TrLoss:  0.72759, VaAcc: 0.7372, VaLoss:  0.65562	 10 sampled NNs | VaAcc: 0.6516 +- 0.0209 | VaLoss: 1.0332 +- 0.0522
124,  0 | TrAcc: 0.7409, TrLoss:  0.73033, VaAcc: 0.7354, VaLoss:  0.65870	 10 sampled NNs | VaAcc: 0.6541 +- 0.0132 | VaLoss: 1.0103 +- 0.0421
125,  0 | TrAcc: 0.7414, TrLoss:  0.72704, VaAcc: 0.7359, VaLoss:  0.65740	 10 sampled NNs | VaAcc: 0.6615 +- 0.0260 | VaLoss: 1.0040 +- 0.0701
126,  0 | TrAcc: 0.7430, TrLoss:  0.72144, VaAcc: 0.7390, VaLoss:  0.65212	 10 sampled NNs | VaAcc: 0.6520 +- 0.0213 | VaLoss: 1.0160 +- 0.0549
127,  0 | TrAcc: 0.7439, TrLoss:  0.71818, VaAcc: 0.7413, VaLoss:  0.64321	 10 sampled NNs | VaAcc: 0.6639 +- 0.0205 | VaLoss: 0.9862 +- 0.0471
128,  0 | TrAcc: 0.7425, TrLoss:  0.72312, VaAcc: 0.7361, VaLoss:  0.65387	 10 sampled NNs | VaAcc: 0.6528 +- 0.0175 | VaLoss: 1.0116 +- 0.0384
129,  0 | TrAcc: 0.7440, TrLoss:  0.71673, VaAcc: 0.7411, VaLoss:  0.64047	 10 sampled NNs | VaAcc: 0.6555 +- 0.0222 | VaLoss: 1.0164 +- 0.0682
130,  0 | TrAcc: 0.7445, TrLoss:  0.71709, VaAcc: 0.7398, VaLoss:  0.64871	 10 sampled NNs | VaAcc: 0.6623 +- 0.0251 | VaLoss: 0.9941 +- 0.0724
131,  0 | TrAcc: 0.7445, TrLoss:  0.71685, VaAcc: 0.7415, VaLoss:  0.63781	 10 sampled NNs | VaAcc: 0.6586 +- 0.0246 | VaLoss: 0.9962 +- 0.0613
132,  0 | TrAcc: 0.7448, TrLoss:  0.71399, VaAcc: 0.7408, VaLoss:  0.64822	 10 sampled NNs | VaAcc: 0.6653 +- 0.0266 | VaLoss: 0.9878 +- 0.0588
133,  0 | TrAcc: 0.7458, TrLoss:  0.71221, VaAcc: 0.7417, VaLoss:  0.64270	 10 sampled NNs | VaAcc: 0.6604 +- 0.0213 | VaLoss: 0.9936 +- 0.0393
134,  0 | TrAcc: 0.7485, TrLoss:  0.70545, VaAcc: 0.7416, VaLoss:  0.63812	 10 sampled NNs | VaAcc: 0.6747 +- 0.0214 | VaLoss: 0.9557 +- 0.0479
135,  0 | TrAcc: 0.7482, TrLoss:  0.70489, VaAcc: 0.7394, VaLoss:  0.64601	 10 sampled NNs | VaAcc: 0.6779 +- 0.0203 | VaLoss: 0.9500 +- 0.0518
136,  0 | TrAcc: 0.7479, TrLoss:  0.70663, VaAcc: 0.7444, VaLoss:  0.63386	 10 sampled NNs | VaAcc: 0.6698 +- 0.0097 | VaLoss: 0.9737 +- 0.0307
137,  0 | TrAcc: 0.7469, TrLoss:  0.70582, VaAcc: 0.7391, VaLoss:  0.64812	 10 sampled NNs | VaAcc: 0.6771 +- 0.0155 | VaLoss: 0.9462 +- 0.0277
138,  0 | TrAcc: 0.7490, TrLoss:  0.70296, VaAcc: 0.7407, VaLoss:  0.63695	 10 sampled NNs | VaAcc: 0.6771 +- 0.0105 | VaLoss: 0.9596 +- 0.0267
139,  0 | TrAcc: 0.7478, TrLoss:  0.70361, VaAcc: 0.7436, VaLoss:  0.63186	 10 sampled NNs | VaAcc: 0.6777 +- 0.0094 | VaLoss: 0.9506 +- 0.0348
140,  0 | TrAcc: 0.7486, TrLoss:  0.70105, VaAcc: 0.7473, VaLoss:  0.62867	 10 sampled NNs | VaAcc: 0.6705 +- 0.0233 | VaLoss: 0.9686 +- 0.0677
141,  0 | TrAcc: 0.7503, TrLoss:  0.69738, VaAcc: 0.7410, VaLoss:  0.63806	 10 sampled NNs | VaAcc: 0.6723 +- 0.0214 | VaLoss: 0.9577 +- 0.0507
142,  0 | TrAcc: 0.7487, TrLoss:  0.69974, VaAcc: 0.7424, VaLoss:  0.63270	 10 sampled NNs | VaAcc: 0.6778 +- 0.0292 | VaLoss: 0.9462 +- 0.0686
143,  0 | TrAcc: 0.7518, TrLoss:  0.69163, VaAcc: 0.7463, VaLoss:  0.62949	 10 sampled NNs | VaAcc: 0.6761 +- 0.0148 | VaLoss: 0.9507 +- 0.0337
144,  0 | TrAcc: 0.7525, TrLoss:  0.69014, VaAcc: 0.7460, VaLoss:  0.62727	 10 sampled NNs | VaAcc: 0.6852 +- 0.0105 | VaLoss: 0.9276 +- 0.0268
145,  0 | TrAcc: 0.7545, TrLoss:  0.68969, VaAcc: 0.7407, VaLoss:  0.63509	 10 sampled NNs | VaAcc: 0.6759 +- 0.0231 | VaLoss: 0.9493 +- 0.0621
146,  0 | TrAcc: 0.7515, TrLoss:  0.69007, VaAcc: 0.7463, VaLoss:  0.61987	 10 sampled NNs | VaAcc: 0.6746 +- 0.0185 | VaLoss: 0.9605 +- 0.0500
147,  0 | TrAcc: 0.7522, TrLoss:  0.69106, VaAcc: 0.7444, VaLoss:  0.62430	 10 sampled NNs | VaAcc: 0.6770 +- 0.0130 | VaLoss: 0.9476 +- 0.0439
148,  0 | TrAcc: 0.7537, TrLoss:  0.68733, VaAcc: 0.7454, VaLoss:  0.62603	 10 sampled NNs | VaAcc: 0.6784 +- 0.0164 | VaLoss: 0.9495 +- 0.0447
149,  0 | TrAcc: 0.7529, TrLoss:  0.68841, VaAcc: 0.7518, VaLoss:  0.61147	 10 sampled NNs | VaAcc: 0.6775 +- 0.0202 | VaLoss: 0.9574 +- 0.0827
150,  0 | TrAcc: 0.7538, TrLoss:  0.68564, VaAcc: 0.7448, VaLoss:  0.62921	 10 sampled NNs | VaAcc: 0.6778 +- 0.0200 | VaLoss: 0.9489 +- 0.0512
151,  0 | TrAcc: 0.7552, TrLoss:  0.68115, VaAcc: 0.7482, VaLoss:  0.61902	 10 sampled NNs | VaAcc: 0.6872 +- 0.0136 | VaLoss: 0.9324 +- 0.0346
152,  0 | TrAcc: 0.7584, TrLoss:  0.67325, VaAcc: 0.7440, VaLoss:  0.63132	 10 sampled NNs | VaAcc: 0.6938 +- 0.0157 | VaLoss: 0.9036 +- 0.0331
153,  0 | TrAcc: 0.7566, TrLoss:  0.67962, VaAcc: 0.7422, VaLoss:  0.62714	 10 sampled NNs | VaAcc: 0.6822 +- 0.0123 | VaLoss: 0.9318 +- 0.0306
154,  0 | TrAcc: 0.7563, TrLoss:  0.67483, VaAcc: 0.7490, VaLoss:  0.61533	 10 sampled NNs | VaAcc: 0.6843 +- 0.0189 | VaLoss: 0.9328 +- 0.0481
155,  0 | TrAcc: 0.7572, TrLoss:  0.67665, VaAcc: 0.7540, VaLoss:  0.60677	 10 sampled NNs | VaAcc: 0.6789 +- 0.0168 | VaLoss: 0.9604 +- 0.0722
156,  0 | TrAcc: 0.7563, TrLoss:  0.67791, VaAcc: 0.7469, VaLoss:  0.62585	 10 sampled NNs | VaAcc: 0.6825 +- 0.0119 | VaLoss: 0.9338 +- 0.0341
157,  0 | TrAcc: 0.7580, TrLoss:  0.67493, VaAcc: 0.7491, VaLoss:  0.62028	 10 sampled NNs | VaAcc: 0.6938 +- 0.0171 | VaLoss: 0.9049 +- 0.0355
158,  0 | TrAcc: 0.7567, TrLoss:  0.67640, VaAcc: 0.7522, VaLoss:  0.61020	 10 sampled NNs | VaAcc: 0.6810 +- 0.0180 | VaLoss: 0.9390 +- 0.0499
159,  0 | TrAcc: 0.7576, TrLoss:  0.67521, VaAcc: 0.7494, VaLoss:  0.61156	 10 sampled NNs | VaAcc: 0.6924 +- 0.0173 | VaLoss: 0.9129 +- 0.0650
160,  0 | TrAcc: 0.7593, TrLoss:  0.67043, VaAcc: 0.7555, VaLoss:  0.59523	 10 sampled NNs | VaAcc: 0.6930 +- 0.0094 | VaLoss: 0.9058 +- 0.0291
161,  0 | TrAcc: 0.7593, TrLoss:  0.66861, VaAcc: 0.7526, VaLoss:  0.60389	 10 sampled NNs | VaAcc: 0.6872 +- 0.0151 | VaLoss: 0.9146 +- 0.0390
162,  0 | TrAcc: 0.7596, TrLoss:  0.66555, VaAcc: 0.7510, VaLoss:  0.61272	 10 sampled NNs | VaAcc: 0.6900 +- 0.0161 | VaLoss: 0.9118 +- 0.0415
163,  0 | TrAcc: 0.7589, TrLoss:  0.66950, VaAcc: 0.7489, VaLoss:  0.61519	 10 sampled NNs | VaAcc: 0.6869 +- 0.0118 | VaLoss: 0.9252 +- 0.0271
164,  0 | TrAcc: 0.7617, TrLoss:  0.66267, VaAcc: 0.7541, VaLoss:  0.60519	 10 sampled NNs | VaAcc: 0.6910 +- 0.0119 | VaLoss: 0.9121 +- 0.0388
165,  0 | TrAcc: 0.7613, TrLoss:  0.66289, VaAcc: 0.7549, VaLoss:  0.60035	 10 sampled NNs | VaAcc: 0.6920 +- 0.0241 | VaLoss: 0.9056 +- 0.0523
166,  0 | TrAcc: 0.7620, TrLoss:  0.66026, VaAcc: 0.7509, VaLoss:  0.60242	 10 sampled NNs | VaAcc: 0.6828 +- 0.0176 | VaLoss: 0.9228 +- 0.0401
167,  0 | TrAcc: 0.7614, TrLoss:  0.66308, VaAcc: 0.7547, VaLoss:  0.59967	 10 sampled NNs | VaAcc: 0.7024 +- 0.0140 | VaLoss: 0.8882 +- 0.0404
168,  0 | TrAcc: 0.7614, TrLoss:  0.66021, VaAcc: 0.7520, VaLoss:  0.60322	 10 sampled NNs | VaAcc: 0.6992 +- 0.0154 | VaLoss: 0.8919 +- 0.0434
169,  0 | TrAcc: 0.7624, TrLoss:  0.65904, VaAcc: 0.7521, VaLoss:  0.60099	 10 sampled NNs | VaAcc: 0.7072 +- 0.0118 | VaLoss: 0.8741 +- 0.0289
170,  0 | TrAcc: 0.7639, TrLoss:  0.65645, VaAcc: 0.7520, VaLoss:  0.60512	 10 sampled NNs | VaAcc: 0.6902 +- 0.0132 | VaLoss: 0.9250 +- 0.0605
171,  0 | TrAcc: 0.7648, TrLoss:  0.65342, VaAcc: 0.7561, VaLoss:  0.59524	 10 sampled NNs | VaAcc: 0.6980 +- 0.0126 | VaLoss: 0.8901 +- 0.0250
172,  0 | TrAcc: 0.7643, TrLoss:  0.65402, VaAcc: 0.7507, VaLoss:  0.61316	 10 sampled NNs | VaAcc: 0.6982 +- 0.0274 | VaLoss: 0.8937 +- 0.0660
173,  0 | TrAcc: 0.7624, TrLoss:  0.65693, VaAcc: 0.7535, VaLoss:  0.60603	 10 sampled NNs | VaAcc: 0.6983 +- 0.0129 | VaLoss: 0.8919 +- 0.0259
174,  0 | TrAcc: 0.7624, TrLoss:  0.65786, VaAcc: 0.7496, VaLoss:  0.61393	 10 sampled NNs | VaAcc: 0.6978 +- 0.0103 | VaLoss: 0.8942 +- 0.0260
175,  0 | TrAcc: 0.7652, TrLoss:  0.65128, VaAcc: 0.7526, VaLoss:  0.60372	 10 sampled NNs | VaAcc: 0.6948 +- 0.0152 | VaLoss: 0.8985 +- 0.0361
176,  0 | TrAcc: 0.7642, TrLoss:  0.65217, VaAcc: 0.7533, VaLoss:  0.60508	 10 sampled NNs | VaAcc: 0.6902 +- 0.0236 | VaLoss: 0.9137 +- 0.0600
177,  0 | TrAcc: 0.7649, TrLoss:  0.65047, VaAcc: 0.7519, VaLoss:  0.60989	 10 sampled NNs | VaAcc: 0.7050 +- 0.0067 | VaLoss: 0.8795 +- 0.0242
178,  0 | TrAcc: 0.7651, TrLoss:  0.65032, VaAcc: 0.7523, VaLoss:  0.60308	 10 sampled NNs | VaAcc: 0.6975 +- 0.0158 | VaLoss: 0.8914 +- 0.0367
179,  0 | TrAcc: 0.7642, TrLoss:  0.65137, VaAcc: 0.7557, VaLoss:  0.59757	 10 sampled NNs | VaAcc: 0.7069 +- 0.0104 | VaLoss: 0.8637 +- 0.0218
180,  0 | TrAcc: 0.7656, TrLoss:  0.65031, VaAcc: 0.7566, VaLoss:  0.59853	 10 sampled NNs | VaAcc: 0.7104 +- 0.0105 | VaLoss: 0.8636 +- 0.0276
181,  0 | TrAcc: 0.7670, TrLoss:  0.64712, VaAcc: 0.7564, VaLoss:  0.58900	 10 sampled NNs | VaAcc: 0.7110 +- 0.0140 | VaLoss: 0.8653 +- 0.0317
182,  0 | TrAcc: 0.7672, TrLoss:  0.64624, VaAcc: 0.7540, VaLoss:  0.60478	 10 sampled NNs | VaAcc: 0.7094 +- 0.0137 | VaLoss: 0.8713 +- 0.0329
183,  0 | TrAcc: 0.7698, TrLoss:  0.64076, VaAcc: 0.7605, VaLoss:  0.58554	 10 sampled NNs | VaAcc: 0.6993 +- 0.0191 | VaLoss: 0.8834 +- 0.0388
184,  0 | TrAcc: 0.7670, TrLoss:  0.64291, VaAcc: 0.7553, VaLoss:  0.59925	 10 sampled NNs | VaAcc: 0.7028 +- 0.0109 | VaLoss: 0.8771 +- 0.0280
185,  0 | TrAcc: 0.7685, TrLoss:  0.64474, VaAcc: 0.7574, VaLoss:  0.59146	 10 sampled NNs | VaAcc: 0.7063 +- 0.0100 | VaLoss: 0.8756 +- 0.0285
186,  0 | TrAcc: 0.7679, TrLoss:  0.64340, VaAcc: 0.7559, VaLoss:  0.58947	 10 sampled NNs | VaAcc: 0.7025 +- 0.0139 | VaLoss: 0.8844 +- 0.0447
187,  0 | TrAcc: 0.7682, TrLoss:  0.64078, VaAcc: 0.7576, VaLoss:  0.59213	 10 sampled NNs | VaAcc: 0.7100 +- 0.0100 | VaLoss: 0.8610 +- 0.0257
188,  0 | TrAcc: 0.7694, TrLoss:  0.63898, VaAcc: 0.7558, VaLoss:  0.59458	 10 sampled NNs | VaAcc: 0.7118 +- 0.0086 | VaLoss: 0.8565 +- 0.0200
189,  0 | TrAcc: 0.7686, TrLoss:  0.63834, VaAcc: 0.7573, VaLoss:  0.59657	 10 sampled NNs | VaAcc: 0.7039 +- 0.0119 | VaLoss: 0.8874 +- 0.0344
190,  0 | TrAcc: 0.7696, TrLoss:  0.63843, VaAcc: 0.7566, VaLoss:  0.59168	 10 sampled NNs | VaAcc: 0.7095 +- 0.0100 | VaLoss: 0.8674 +- 0.0308
191,  0 | TrAcc: 0.7693, TrLoss:  0.63554, VaAcc: 0.7567, VaLoss:  0.59129	 10 sampled NNs | VaAcc: 0.7111 +- 0.0108 | VaLoss: 0.8593 +- 0.0325
192,  0 | TrAcc: 0.7699, TrLoss:  0.63712, VaAcc: 0.7580, VaLoss:  0.59445	 10 sampled NNs | VaAcc: 0.7088 +- 0.0128 | VaLoss: 0.8692 +- 0.0376
193,  0 | TrAcc: 0.7695, TrLoss:  0.63925, VaAcc: 0.7562, VaLoss:  0.59570	 10 sampled NNs | VaAcc: 0.7120 +- 0.0108 | VaLoss: 0.8606 +- 0.0246
194,  0 | TrAcc: 0.7720, TrLoss:  0.63028, VaAcc: 0.7589, VaLoss:  0.58907	 10 sampled NNs | VaAcc: 0.7108 +- 0.0124 | VaLoss: 0.8613 +- 0.0351
195,  0 | TrAcc: 0.7716, TrLoss:  0.63307, VaAcc: 0.7553, VaLoss:  0.59376	 10 sampled NNs | VaAcc: 0.7109 +- 0.0094 | VaLoss: 0.8570 +- 0.0293
196,  0 | TrAcc: 0.7706, TrLoss:  0.63415, VaAcc: 0.7548, VaLoss:  0.59697	 10 sampled NNs | VaAcc: 0.7044 +- 0.0090 | VaLoss: 0.8747 +- 0.0334
197,  0 | TrAcc: 0.7735, TrLoss:  0.62817, VaAcc: 0.7582, VaLoss:  0.58482	 10 sampled NNs | VaAcc: 0.7135 +- 0.0128 | VaLoss: 0.8560 +- 0.0267
198,  0 | TrAcc: 0.7721, TrLoss:  0.63013, VaAcc: 0.7592, VaLoss:  0.58389	 10 sampled NNs | VaAcc: 0.7201 +- 0.0122 | VaLoss: 0.8315 +- 0.0236
199,  0 | TrAcc: 0.7731, TrLoss:  0.62729, VaAcc: 0.7583, VaLoss:  0.58594	 10 sampled NNs | VaAcc: 0.7072 +- 0.0082 | VaLoss: 0.8659 +- 0.0202
200,  0 | TrAcc: 0.7720, TrLoss:  0.62951, VaAcc: 0.7572, VaLoss:  0.59201	 10 sampled NNs | VaAcc: 0.7207 +- 0.0118 | VaLoss: 0.8436 +- 0.0317
201,  0 | TrAcc: 0.7717, TrLoss:  0.63268, VaAcc: 0.7569, VaLoss:  0.59349	 10 sampled NNs | VaAcc: 0.7086 +- 0.0080 | VaLoss: 0.8675 +- 0.0201
202,  0 | TrAcc: 0.7725, TrLoss:  0.63009, VaAcc: 0.7590, VaLoss:  0.58794	 10 sampled NNs | VaAcc: 0.7120 +- 0.0094 | VaLoss: 0.8595 +- 0.0238
203,  0 | TrAcc: 0.7739, TrLoss:  0.62503, VaAcc: 0.7612, VaLoss:  0.57695	 10 sampled NNs | VaAcc: 0.7176 +- 0.0130 | VaLoss: 0.8410 +- 0.0257
204,  0 | TrAcc: 0.7739, TrLoss:  0.62686, VaAcc: 0.7591, VaLoss:  0.58661	 10 sampled NNs | VaAcc: 0.7192 +- 0.0138 | VaLoss: 0.8394 +- 0.0362
205,  0 | TrAcc: 0.7745, TrLoss:  0.62405, VaAcc: 0.7607, VaLoss:  0.58531	 10 sampled NNs | VaAcc: 0.7154 +- 0.0100 | VaLoss: 0.8468 +- 0.0291
206,  0 | TrAcc: 0.7743, TrLoss:  0.62465, VaAcc: 0.7551, VaLoss:  0.59531	 10 sampled NNs | VaAcc: 0.7192 +- 0.0095 | VaLoss: 0.8339 +- 0.0264
207,  0 | TrAcc: 0.7751, TrLoss:  0.62290, VaAcc: 0.7570, VaLoss:  0.59068	 10 sampled NNs | VaAcc: 0.7163 +- 0.0119 | VaLoss: 0.8508 +- 0.0286
208,  0 | TrAcc: 0.7752, TrLoss:  0.62158, VaAcc: 0.7623, VaLoss:  0.58079	 10 sampled NNs | VaAcc: 0.7148 +- 0.0122 | VaLoss: 0.8505 +- 0.0324
209,  0 | TrAcc: 0.7753, TrLoss:  0.62174, VaAcc: 0.7587, VaLoss:  0.58013	 10 sampled NNs | VaAcc: 0.7173 +- 0.0110 | VaLoss: 0.8441 +- 0.0306
210,  0 | TrAcc: 0.7749, TrLoss:  0.62252, VaAcc: 0.7594, VaLoss:  0.58337	 10 sampled NNs | VaAcc: 0.7185 +- 0.0072 | VaLoss: 0.8375 +- 0.0174
211,  0 | TrAcc: 0.7740, TrLoss:  0.62307, VaAcc: 0.7622, VaLoss:  0.57702	 10 sampled NNs | VaAcc: 0.7087 +- 0.0157 | VaLoss: 0.8741 +- 0.0642
212,  0 | TrAcc: 0.7751, TrLoss:  0.62180, VaAcc: 0.7616, VaLoss:  0.58020	 10 sampled NNs | VaAcc: 0.7147 +- 0.0089 | VaLoss: 0.8413 +- 0.0241
213,  0 | TrAcc: 0.7772, TrLoss:  0.61754, VaAcc: 0.7579, VaLoss:  0.59067	 10 sampled NNs | VaAcc: 0.7151 +- 0.0092 | VaLoss: 0.8493 +- 0.0208
214,  0 | TrAcc: 0.7788, TrLoss:  0.61406, VaAcc: 0.7601, VaLoss:  0.58814	 10 sampled NNs | VaAcc: 0.7184 +- 0.0110 | VaLoss: 0.8474 +- 0.0534
215,  0 | TrAcc: 0.7776, TrLoss:  0.61425, VaAcc: 0.7560, VaLoss:  0.59216	 10 sampled NNs | VaAcc: 0.7164 +- 0.0131 | VaLoss: 0.8417 +- 0.0257
216,  0 | TrAcc: 0.7775, TrLoss:  0.61475, VaAcc: 0.7583, VaLoss:  0.59002	 10 sampled NNs | VaAcc: 0.7179 +- 0.0114 | VaLoss: 0.8410 +- 0.0271
217,  0 | TrAcc: 0.7754, TrLoss:  0.61805, VaAcc: 0.7632, VaLoss:  0.57477	 10 sampled NNs | VaAcc: 0.7256 +- 0.0064 | VaLoss: 0.8247 +- 0.0186
218,  0 | TrAcc: 0.7768, TrLoss:  0.61605, VaAcc: 0.7598, VaLoss:  0.59155	 10 sampled NNs | VaAcc: 0.7145 +- 0.0139 | VaLoss: 0.8543 +- 0.0373
219,  0 | TrAcc: 0.7771, TrLoss:  0.61514, VaAcc: 0.7610, VaLoss:  0.57705	 10 sampled NNs | VaAcc: 0.7206 +- 0.0123 | VaLoss: 0.8306 +- 0.0286
220,  0 | TrAcc: 0.7778, TrLoss:  0.61352, VaAcc: 0.7582, VaLoss:  0.59047	 10 sampled NNs | VaAcc: 0.7280 +- 0.0074 | VaLoss: 0.8150 +- 0.0168
221,  0 | TrAcc: 0.7771, TrLoss:  0.61710, VaAcc: 0.7575, VaLoss:  0.58259	 10 sampled NNs | VaAcc: 0.7198 +- 0.0125 | VaLoss: 0.8343 +- 0.0323
222,  0 | TrAcc: 0.7789, TrLoss:  0.60973, VaAcc: 0.7628, VaLoss:  0.56937	 10 sampled NNs | VaAcc: 0.7224 +- 0.0100 | VaLoss: 0.8297 +- 0.0240
223,  0 | TrAcc: 0.7779, TrLoss:  0.61342, VaAcc: 0.7593, VaLoss:  0.58739	 10 sampled NNs | VaAcc: 0.7176 +- 0.0111 | VaLoss: 0.8391 +- 0.0234
224,  0 | TrAcc: 0.7792, TrLoss:  0.60889, VaAcc: 0.7637, VaLoss:  0.57476	 10 sampled NNs | VaAcc: 0.7273 +- 0.0076 | VaLoss: 0.8215 +- 0.0210
225,  0 | TrAcc: 0.7769, TrLoss:  0.61493, VaAcc: 0.7615, VaLoss:  0.57688	 10 sampled NNs | VaAcc: 0.7197 +- 0.0122 | VaLoss: 0.8392 +- 0.0322
226,  0 | TrAcc: 0.7795, TrLoss:  0.60905, VaAcc: 0.7605, VaLoss:  0.58244	 10 sampled NNs | VaAcc: 0.7161 +- 0.0109 | VaLoss: 0.8494 +- 0.0374
227,  0 | TrAcc: 0.7784, TrLoss:  0.60919, VaAcc: 0.7596, VaLoss:  0.58453	 10 sampled NNs | VaAcc: 0.7144 +- 0.0103 | VaLoss: 0.8457 +- 0.0291
228,  0 | TrAcc: 0.7794, TrLoss:  0.60671, VaAcc: 0.7590, VaLoss:  0.58724	 10 sampled NNs | VaAcc: 0.7175 +- 0.0168 | VaLoss: 0.8428 +- 0.0476
229,  0 | TrAcc: 0.7793, TrLoss:  0.60851, VaAcc: 0.7600, VaLoss:  0.58657	 10 sampled NNs | VaAcc: 0.7236 +- 0.0070 | VaLoss: 0.8248 +- 0.0193
230,  0 | TrAcc: 0.7793, TrLoss:  0.60681, VaAcc: 0.7591, VaLoss:  0.58497	 10 sampled NNs | VaAcc: 0.7273 +- 0.0085 | VaLoss: 0.8138 +- 0.0221
231,  0 | TrAcc: 0.7810, TrLoss:  0.60461, VaAcc: 0.7597, VaLoss:  0.58502	 10 sampled NNs | VaAcc: 0.7259 +- 0.0104 | VaLoss: 0.8124 +- 0.0239
232,  0 | TrAcc: 0.7808, TrLoss:  0.60490, VaAcc: 0.7635, VaLoss:  0.57530	 10 sampled NNs | VaAcc: 0.7272 +- 0.0084 | VaLoss: 0.8240 +- 0.0257
233,  0 | TrAcc: 0.7806, TrLoss:  0.60583, VaAcc: 0.7643, VaLoss:  0.57550	 10 sampled NNs | VaAcc: 0.7240 +- 0.0113 | VaLoss: 0.8315 +- 0.0296
234,  0 | TrAcc: 0.7807, TrLoss:  0.60514, VaAcc: 0.7599, VaLoss:  0.58616	 10 sampled NNs | VaAcc: 0.7230 +- 0.0166 | VaLoss: 0.8313 +- 0.0419
235,  0 | TrAcc: 0.7823, TrLoss:  0.60045, VaAcc: 0.7653, VaLoss:  0.57174	 10 sampled NNs | VaAcc: 0.7288 +- 0.0091 | VaLoss: 0.8136 +- 0.0252
236,  0 | TrAcc: 0.7804, TrLoss:  0.60713, VaAcc: 0.7592, VaLoss:  0.58310	 10 sampled NNs | VaAcc: 0.7311 +- 0.0076 | VaLoss: 0.8100 +- 0.0174
237,  0 | TrAcc: 0.7816, TrLoss:  0.60251, VaAcc: 0.7610, VaLoss:  0.57967	 10 sampled NNs | VaAcc: 0.7262 +- 0.0065 | VaLoss: 0.8203 +- 0.0231
238,  0 | TrAcc: 0.7817, TrLoss:  0.60272, VaAcc: 0.7610, VaLoss:  0.58127	 10 sampled NNs | VaAcc: 0.7282 +- 0.0082 | VaLoss: 0.8063 +- 0.0165
239,  0 | TrAcc: 0.7829, TrLoss:  0.59992, VaAcc: 0.7648, VaLoss:  0.57689	 10 sampled NNs | VaAcc: 0.7278 +- 0.0061 | VaLoss: 0.8165 +- 0.0168
240,  0 | TrAcc: 0.7814, TrLoss:  0.60166, VaAcc: 0.7613, VaLoss:  0.58366	 10 sampled NNs | VaAcc: 0.7300 +- 0.0104 | VaLoss: 0.8121 +- 0.0391
241,  0 | TrAcc: 0.7833, TrLoss:  0.59899, VaAcc: 0.7544, VaLoss:  0.59940	 10 sampled NNs | VaAcc: 0.7259 +- 0.0107 | VaLoss: 0.8160 +- 0.0201
242,  0 | TrAcc: 0.7831, TrLoss:  0.59635, VaAcc: 0.7625, VaLoss:  0.58164	 10 sampled NNs | VaAcc: 0.7313 +- 0.0071 | VaLoss: 0.8083 +- 0.0158
243,  0 | TrAcc: 0.7837, TrLoss:  0.59571, VaAcc: 0.7674, VaLoss:  0.56697	 10 sampled NNs | VaAcc: 0.7322 +- 0.0070 | VaLoss: 0.8123 +- 0.0179
244,  0 | TrAcc: 0.7830, TrLoss:  0.59851, VaAcc: 0.7629, VaLoss:  0.57466	 10 sampled NNs | VaAcc: 0.7264 +- 0.0098 | VaLoss: 0.8205 +- 0.0259
245,  0 | TrAcc: 0.7833, TrLoss:  0.59706, VaAcc: 0.7610, VaLoss:  0.57679	 10 sampled NNs | VaAcc: 0.7311 +- 0.0115 | VaLoss: 0.8066 +- 0.0231
246,  0 | TrAcc: 0.7829, TrLoss:  0.59824, VaAcc: 0.7650, VaLoss:  0.57092	 10 sampled NNs | VaAcc: 0.7310 +- 0.0104 | VaLoss: 0.8097 +- 0.0171
247,  0 | TrAcc: 0.7834, TrLoss:  0.59845, VaAcc: 0.7613, VaLoss:  0.58402	 10 sampled NNs | VaAcc: 0.7282 +- 0.0090 | VaLoss: 0.8180 +- 0.0217
248,  0 | TrAcc: 0.7854, TrLoss:  0.58919, VaAcc: 0.7626, VaLoss:  0.57676	 10 sampled NNs | VaAcc: 0.7330 +- 0.0062 | VaLoss: 0.8077 +- 0.0193
249,  0 | TrAcc: 0.7845, TrLoss:  0.59474, VaAcc: 0.7607, VaLoss:  0.57779	 10 sampled NNs | VaAcc: 0.7328 +- 0.0073 | VaLoss: 0.8006 +- 0.0154
250,  0 | TrAcc: 0.7860, TrLoss:  0.59226, VaAcc: 0.7642, VaLoss:  0.57777	 10 sampled NNs | VaAcc: 0.7293 +- 0.0062 | VaLoss: 0.8083 +- 0.0149
251,  0 | TrAcc: 0.7847, TrLoss:  0.59354, VaAcc: 0.7606, VaLoss:  0.58259	 10 sampled NNs | VaAcc: 0.7334 +- 0.0082 | VaLoss: 0.8049 +- 0.0232
252,  0 | TrAcc: 0.7843, TrLoss:  0.59625, VaAcc: 0.7633, VaLoss:  0.57623	 10 sampled NNs | VaAcc: 0.7308 +- 0.0086 | VaLoss: 0.8107 +- 0.0208
253,  0 | TrAcc: 0.7844, TrLoss:  0.59382, VaAcc: 0.7614, VaLoss:  0.57471	 10 sampled NNs | VaAcc: 0.7310 +- 0.0086 | VaLoss: 0.8096 +- 0.0198
254,  0 | TrAcc: 0.7864, TrLoss:  0.58754, VaAcc: 0.7627, VaLoss:  0.57511	 10 sampled NNs | VaAcc: 0.7269 +- 0.0073 | VaLoss: 0.8155 +- 0.0164
255,  0 | TrAcc: 0.7852, TrLoss:  0.59157, VaAcc: 0.7675, VaLoss:  0.56332	 10 sampled NNs | VaAcc: 0.7273 +- 0.0124 | VaLoss: 0.8147 +- 0.0301
256,  0 | TrAcc: 0.7867, TrLoss:  0.58834, VaAcc: 0.7619, VaLoss:  0.57755	 10 sampled NNs | VaAcc: 0.7350 +- 0.0073 | VaLoss: 0.7980 +- 0.0197
257,  0 | TrAcc: 0.7852, TrLoss:  0.59154, VaAcc: 0.7625, VaLoss:  0.57766	 10 sampled NNs | VaAcc: 0.7250 +- 0.0146 | VaLoss: 0.8274 +- 0.0359
258,  0 | TrAcc: 0.7837, TrLoss:  0.59523, VaAcc: 0.7628, VaLoss:  0.57592	 10 sampled NNs | VaAcc: 0.7333 +- 0.0078 | VaLoss: 0.8095 +- 0.0209
259,  0 | TrAcc: 0.7864, TrLoss:  0.58756, VaAcc: 0.7641, VaLoss:  0.57007	 10 sampled NNs | VaAcc: 0.7348 +- 0.0096 | VaLoss: 0.7994 +- 0.0184
260,  0 | TrAcc: 0.7849, TrLoss:  0.59061, VaAcc: 0.7634, VaLoss:  0.58054	 10 sampled NNs | VaAcc: 0.7285 +- 0.0088 | VaLoss: 0.8076 +- 0.0211
261,  0 | TrAcc: 0.7878, TrLoss:  0.58469, VaAcc: 0.7594, VaLoss:  0.58520	 10 sampled NNs | VaAcc: 0.7334 +- 0.0110 | VaLoss: 0.7991 +- 0.0250
262,  0 | TrAcc: 0.7861, TrLoss:  0.58745, VaAcc: 0.7650, VaLoss:  0.57125	 10 sampled NNs | VaAcc: 0.7312 +- 0.0112 | VaLoss: 0.8044 +- 0.0268
263,  0 | TrAcc: 0.7872, TrLoss:  0.58651, VaAcc: 0.7550, VaLoss:  0.59289	 10 sampled NNs | VaAcc: 0.7326 +- 0.0076 | VaLoss: 0.8032 +- 0.0195
264,  0 | TrAcc: 0.7863, TrLoss:  0.58810, VaAcc: 0.7659, VaLoss:  0.57023	 10 sampled NNs | VaAcc: 0.7357 +- 0.0088 | VaLoss: 0.7896 +- 0.0199
265,  0 | TrAcc: 0.7863, TrLoss:  0.58768, VaAcc: 0.7634, VaLoss:  0.57518	 10 sampled NNs | VaAcc: 0.7311 +- 0.0071 | VaLoss: 0.8009 +- 0.0196
266,  0 | TrAcc: 0.7868, TrLoss:  0.58779, VaAcc: 0.7653, VaLoss:  0.55977	 10 sampled NNs | VaAcc: 0.7387 +- 0.0033 | VaLoss: 0.7865 +- 0.0147
267,  0 | TrAcc: 0.7878, TrLoss:  0.58458, VaAcc: 0.7666, VaLoss:  0.56925	 10 sampled NNs | VaAcc: 0.7382 +- 0.0037 | VaLoss: 0.7914 +- 0.0088
268,  0 | TrAcc: 0.7889, TrLoss:      nan, VaAcc: 0.7660, VaLoss:      nan	 10 sampled NNs | VaAcc: 0.7305 +- 0.0068 | VaLoss: 0.8092 +- 0.0157
269,  0 | TrAcc: 0.7883, TrLoss:  0.58055, VaAcc: 0.7672, VaLoss:  0.56309	 10 sampled NNs | VaAcc: 0.7348 +- 0.0123 | VaLoss: 0.7928 +- 0.0287
270,  0 | TrAcc: 0.7884, TrLoss:  0.58390, VaAcc: 0.7600, VaLoss:  0.58561	 10 sampled NNs | VaAcc: 0.7374 +- 0.0074 | VaLoss: 0.7916 +- 0.0182
271,  0 | TrAcc: 0.7888, TrLoss:  0.57962, VaAcc: 0.7582, VaLoss:  0.59029	 10 sampled NNs | VaAcc: 0.7356 +- 0.0078 | VaLoss: 0.7981 +- 0.0215
272,  0 | TrAcc: 0.7880, TrLoss:  0.58361, VaAcc: 0.7630, VaLoss:  0.57807	 10 sampled NNs | VaAcc: 0.7351 +- 0.0106 | VaLoss: 0.7961 +- 0.0301
273,  0 | TrAcc: 0.7902, TrLoss:  0.58001, VaAcc: 0.7675, VaLoss:  0.57180	 10 sampled NNs | VaAcc: 0.7381 +- 0.0048 | VaLoss: 0.7916 +- 0.0159
274,  0 | TrAcc: 0.7872, TrLoss:  0.58470, VaAcc: 0.7620, VaLoss:  0.58132	 10 sampled NNs | VaAcc: 0.7280 +- 0.0123 | VaLoss: 0.8131 +- 0.0372
275,  0 | TrAcc: 0.7876, TrLoss:  0.58238, VaAcc: 0.7688, VaLoss:  0.56548	 10 sampled NNs | VaAcc: 0.7372 +- 0.0071 | VaLoss: 0.7909 +- 0.0183
276,  0 | TrAcc: 0.7900, TrLoss:  0.57815, VaAcc: 0.7628, VaLoss:  0.58087	 10 sampled NNs | VaAcc: 0.7288 +- 0.0110 | VaLoss: 0.8120 +- 0.0269
277,  0 | TrAcc: 0.7902, TrLoss:  0.57766, VaAcc: 0.7639, VaLoss:  0.57980	 10 sampled NNs | VaAcc: 0.7317 +- 0.0110 | VaLoss: 0.8023 +- 0.0228
278,  0 | TrAcc: 0.7896, TrLoss:  0.57884, VaAcc: 0.7639, VaLoss:  0.57933	 10 sampled NNs | VaAcc: 0.7341 +- 0.0088 | VaLoss: 0.7994 +- 0.0238
279,  0 | TrAcc: 0.7897, TrLoss:  0.58075, VaAcc: 0.7639, VaLoss:  0.58352	 10 sampled NNs | VaAcc: 0.7360 +- 0.0071 | VaLoss: 0.7988 +- 0.0230
280,  0 | TrAcc: 0.7884, TrLoss:  0.58111, VaAcc: 0.7614, VaLoss:  0.58277	 10 sampled NNs | VaAcc: 0.7384 +- 0.0064 | VaLoss: 0.7904 +- 0.0117
281,  0 | TrAcc: 0.7907, TrLoss:  0.57546, VaAcc: 0.7663, VaLoss:  0.57277	 10 sampled NNs | VaAcc: 0.7372 +- 0.0092 | VaLoss: 0.7903 +- 0.0236
282,  0 | TrAcc: 0.7882, TrLoss:  0.58167, VaAcc: 0.7654, VaLoss:  0.57513	 10 sampled NNs | VaAcc: 0.7395 +- 0.0074 | VaLoss: 0.7863 +- 0.0161
283,  0 | TrAcc: 0.7900, TrLoss:  0.57816, VaAcc: 0.7626, VaLoss:  0.57944	 10 sampled NNs | VaAcc: 0.7355 +- 0.0034 | VaLoss: 0.7905 +- 0.0121
284,  0 | TrAcc: 0.7896, TrLoss:  0.57780, VaAcc: 0.7623, VaLoss:  0.57829	 10 sampled NNs | VaAcc: 0.7389 +- 0.0089 | VaLoss: 0.7865 +- 0.0241
285,  0 | TrAcc: 0.7904, TrLoss:  0.57600, VaAcc: 0.7650, VaLoss:  0.57473	 10 sampled NNs | VaAcc: 0.7396 +- 0.0093 | VaLoss: 0.7890 +- 0.0223
286,  0 | TrAcc: 0.7907, TrLoss:  0.57703, VaAcc: 0.7647, VaLoss:  0.58009	 10 sampled NNs | VaAcc: 0.7357 +- 0.0075 | VaLoss: 0.7952 +- 0.0160
287,  0 | TrAcc: 0.7906, TrLoss:  0.57546, VaAcc: 0.7671, VaLoss:  0.56821	 10 sampled NNs | VaAcc: 0.7374 +- 0.0081 | VaLoss: 0.7880 +- 0.0226
288,  0 | TrAcc: 0.7911, TrLoss:  0.57481, VaAcc: 0.7685, VaLoss:  0.55959	 10 sampled NNs | VaAcc: 0.7347 +- 0.0073 | VaLoss: 0.7934 +- 0.0225
289,  0 | TrAcc: 0.7910, TrLoss:  0.57500, VaAcc: 0.7644, VaLoss:  0.57614	 10 sampled NNs | VaAcc: 0.7378 +- 0.0076 | VaLoss: 0.7915 +- 0.0170
290,  0 | TrAcc: 0.7895, TrLoss:  0.57995, VaAcc: 0.7676, VaLoss:  0.56649	 10 sampled NNs | VaAcc: 0.7394 +- 0.0047 | VaLoss: 0.7853 +- 0.0159
291,  0 | TrAcc: 0.7921, TrLoss:  0.57382, VaAcc: 0.7666, VaLoss:  0.57331	 10 sampled NNs | VaAcc: 0.7370 +- 0.0062 | VaLoss: 0.7845 +- 0.0181
292,  0 | TrAcc: 0.7904, TrLoss:  0.57723, VaAcc: 0.7698, VaLoss:  0.56422	 10 sampled NNs | VaAcc: 0.7392 +- 0.0075 | VaLoss: 0.7922 +- 0.0184
293,  0 | TrAcc: 0.7917, TrLoss:  0.57503, VaAcc: 0.7607, VaLoss:  0.58661	 10 sampled NNs | VaAcc: 0.7369 +- 0.0071 | VaLoss: 0.7872 +- 0.0197
294,  0 | TrAcc: 0.7899, TrLoss:  0.57778, VaAcc: 0.7640, VaLoss:  0.57959	 10 sampled NNs | VaAcc: 0.7341 +- 0.0058 | VaLoss: 0.7950 +- 0.0157
295,  0 | TrAcc: 0.7920, TrLoss:  0.57216, VaAcc: 0.7666, VaLoss:  0.57471	 10 sampled NNs | VaAcc: 0.7382 +- 0.0066 | VaLoss: 0.7916 +- 0.0211
296,  0 | TrAcc: 0.7906, TrLoss:  0.57501, VaAcc: 0.7651, VaLoss:  0.57392	 10 sampled NNs | VaAcc: 0.7381 +- 0.0061 | VaLoss: 0.7893 +- 0.0180
297,  0 | TrAcc: 0.7898, TrLoss:  0.57565, VaAcc: 0.7665, VaLoss:  0.57304	 10 sampled NNs | VaAcc: 0.7368 +- 0.0081 | VaLoss: 0.7918 +- 0.0270
298,  0 | TrAcc: 0.7901, TrLoss:  0.57634, VaAcc: 0.7671, VaLoss:  0.56693	 10 sampled NNs | VaAcc: 0.7391 +- 0.0079 | VaLoss: 0.7820 +- 0.0209
299,  0 | TrAcc: 0.7924, TrLoss:  0.56946, VaAcc: 0.7656, VaLoss:  0.56801	 10 sampled NNs | VaAcc: 0.7375 +- 0.0067 | VaLoss: 0.7861 +- 0.0147
300,  0 | TrAcc: 0.7929, TrLoss:  0.57097, VaAcc: 0.7637, VaLoss:  0.58046	 10 sampled NNs | VaAcc: 0.7427 +- 0.0098 | VaLoss: 0.7775 +- 0.0273
301,  0 | TrAcc: 0.7931, TrLoss:  0.56890, VaAcc: 0.7657, VaLoss:  0.57070	 10 sampled NNs | VaAcc: 0.7390 +- 0.0045 | VaLoss: 0.7863 +- 0.0128
302,  0 | TrAcc: 0.7917, TrLoss:  0.57106, VaAcc: 0.7605, VaLoss:  0.58629	 10 sampled NNs | VaAcc: 0.7389 +- 0.0090 | VaLoss: 0.7838 +- 0.0192
303,  0 | TrAcc: 0.7914, TrLoss:  0.57016, VaAcc: 0.7682, VaLoss:  0.56303	 10 sampled NNs | VaAcc: 0.7383 +- 0.0072 | VaLoss: 0.7842 +- 0.0188
304,  0 | TrAcc: 0.7913, TrLoss:  0.57344, VaAcc: 0.7626, VaLoss:  0.58468	 10 sampled NNs | VaAcc: 0.7377 +- 0.0086 | VaLoss: 0.7924 +- 0.0217
305,  0 | TrAcc: 0.7924, TrLoss:  0.57140, VaAcc: 0.7625, VaLoss:  0.58144	 10 sampled NNs | VaAcc: 0.7363 +- 0.0092 | VaLoss: 0.7967 +- 0.0251
306,  0 | TrAcc: 0.7941, TrLoss:  0.56619, VaAcc: 0.7658, VaLoss:  0.57948	 10 sampled NNs | VaAcc: 0.7387 +- 0.0067 | VaLoss: 0.7835 +- 0.0161
307,  0 | TrAcc: 0.7933, TrLoss:  0.56637, VaAcc: 0.7617, VaLoss:  0.58603	 10 sampled NNs | VaAcc: 0.7337 +- 0.0071 | VaLoss: 0.7964 +- 0.0164
308,  0 | TrAcc: 0.7932, TrLoss:  0.57089, VaAcc: 0.7661, VaLoss:  0.57788	 10 sampled NNs | VaAcc: 0.7419 +- 0.0061 | VaLoss: 0.7825 +- 0.0206
309,  0 | TrAcc: 0.7937, TrLoss:  0.56721, VaAcc: 0.7651, VaLoss:  0.57417	 10 sampled NNs | VaAcc: 0.7427 +- 0.0057 | VaLoss: 0.7758 +- 0.0094
310,  0 | TrAcc: 0.7946, TrLoss:  0.56612, VaAcc: 0.7643, VaLoss:  0.57436	 10 sampled NNs | VaAcc: 0.7413 +- 0.0053 | VaLoss: 0.7741 +- 0.0120
311,  0 | TrAcc: 0.7921, TrLoss:  0.57119, VaAcc: 0.7629, VaLoss:  0.57884	 10 sampled NNs | VaAcc: 0.7397 +- 0.0056 | VaLoss: 0.7838 +- 0.0122
312,  0 | TrAcc: 0.7951, TrLoss:  0.56380, VaAcc: 0.7684, VaLoss:  0.56390	 10 sampled NNs | VaAcc: 0.7404 +- 0.0050 | VaLoss: 0.7798 +- 0.0074
313,  0 | TrAcc: 0.7937, TrLoss:  0.56659, VaAcc: 0.7651, VaLoss:  0.57659	 10 sampled NNs | VaAcc: 0.7430 +- 0.0079 | VaLoss: 0.7730 +- 0.0207
314,  0 | TrAcc: 0.7940, TrLoss:  0.56441, VaAcc: 0.7641, VaLoss:  0.56773	 10 sampled NNs | VaAcc: 0.7411 +- 0.0056 | VaLoss: 0.7797 +- 0.0182
315,  0 | TrAcc: 0.7947, TrLoss:  0.56512, VaAcc: 0.7673, VaLoss:  0.56917	 10 sampled NNs | VaAcc: 0.7439 +- 0.0039 | VaLoss: 0.7715 +- 0.0097
316,  0 | TrAcc: 0.7942, TrLoss:  0.56509, VaAcc: 0.7644, VaLoss:  0.57308	 10 sampled NNs | VaAcc: 0.7447 +- 0.0082 | VaLoss: 0.7665 +- 0.0166
317,  0 | TrAcc: 0.7937, TrLoss:  0.56455, VaAcc: 0.7625, VaLoss:  0.58304	 10 sampled NNs | VaAcc: 0.7406 +- 0.0086 | VaLoss: 0.7809 +- 0.0176
318,  0 | TrAcc: 0.7945, TrLoss:  0.56445, VaAcc: 0.7638, VaLoss:  0.58212	 10 sampled NNs | VaAcc: 0.7404 +- 0.0084 | VaLoss: 0.7810 +- 0.0198
319,  0 | TrAcc: 0.7938, TrLoss:  0.56401, VaAcc: 0.7694, VaLoss:  0.56619	 10 sampled NNs | VaAcc: 0.7416 +- 0.0038 | VaLoss: 0.7802 +- 0.0135
320,  0 | TrAcc: 0.7947, TrLoss:  0.56499, VaAcc: 0.7686, VaLoss:  0.56767	 10 sampled NNs | VaAcc: 0.7439 +- 0.0076 | VaLoss: 0.7766 +- 0.0196
321,  0 | TrAcc: 0.7953, TrLoss:  0.56148, VaAcc: 0.7665, VaLoss:  0.56883	 10 sampled NNs | VaAcc: 0.7427 +- 0.0051 | VaLoss: 0.7743 +- 0.0138
322,  0 | TrAcc: 0.7954, TrLoss:  0.56120, VaAcc: 0.7650, VaLoss:  0.57634	 10 sampled NNs | VaAcc: 0.7386 +- 0.0084 | VaLoss: 0.7850 +- 0.0202
323,  0 | TrAcc: 0.7960, TrLoss:  0.56116, VaAcc: 0.7688, VaLoss:  0.56331	 10 sampled NNs | VaAcc: 0.7448 +- 0.0081 | VaLoss: 0.7693 +- 0.0178
324,  0 | TrAcc: 0.7954, TrLoss:  0.56094, VaAcc: 0.7671, VaLoss:  0.56767	 10 sampled NNs | VaAcc: 0.7412 +- 0.0079 | VaLoss: 0.7830 +- 0.0196
325,  0 | TrAcc: 0.7944, TrLoss:  0.56473, VaAcc: 0.7643, VaLoss:  0.57268	 10 sampled NNs | VaAcc: 0.7384 +- 0.0087 | VaLoss: 0.7845 +- 0.0175
326,  0 | TrAcc: 0.7955, TrLoss:  0.56238, VaAcc: 0.7640, VaLoss:  0.57621	 10 sampled NNs | VaAcc: 0.7404 +- 0.0080 | VaLoss: 0.7804 +- 0.0221
327,  0 | TrAcc: 0.7950, TrLoss:  0.56344, VaAcc: 0.7654, VaLoss:  0.57662	 10 sampled NNs | VaAcc: 0.7429 +- 0.0085 | VaLoss: 0.7790 +- 0.0208
328,  0 | TrAcc: 0.7950, TrLoss:  0.56434, VaAcc: 0.7626, VaLoss:  0.58249	 10 sampled NNs | VaAcc: 0.7404 +- 0.0066 | VaLoss: 0.7810 +- 0.0197
329,  0 | TrAcc: 0.7962, TrLoss:  0.56008, VaAcc: 0.7679, VaLoss:  0.56668	 10 sampled NNs | VaAcc: 0.7433 +- 0.0049 | VaLoss: 0.7758 +- 0.0118
330,  0 | TrAcc: 0.7967, TrLoss:  0.55928, VaAcc: 0.7658, VaLoss:  0.57196	 10 sampled NNs | VaAcc: 0.7429 +- 0.0062 | VaLoss: 0.7776 +- 0.0183
331,  0 | TrAcc: 0.7972, TrLoss:  0.55614, VaAcc: 0.7670, VaLoss:  0.57216	 10 sampled NNs | VaAcc: 0.7387 +- 0.0052 | VaLoss: 0.7846 +- 0.0118
332,  0 | TrAcc: 0.7956, TrLoss:  0.56228, VaAcc: 0.7650, VaLoss:  0.57624	 10 sampled NNs | VaAcc: 0.7433 +- 0.0065 | VaLoss: 0.7770 +- 0.0173
333,  0 | TrAcc: 0.7965, TrLoss:  0.55534, VaAcc: 0.7637, VaLoss:  0.57591	 10 sampled NNs | VaAcc: 0.7429 +- 0.0112 | VaLoss: 0.7784 +- 0.0235
334,  0 | TrAcc: 0.7962, TrLoss:  0.55679, VaAcc: 0.7584, VaLoss:  0.59403	 10 sampled NNs | VaAcc: 0.7413 +- 0.0086 | VaLoss: 0.7796 +- 0.0189
335,  0 | TrAcc: 0.7968, TrLoss:  0.55854, VaAcc: 0.7642, VaLoss:  0.57205	 10 sampled NNs | VaAcc: 0.7441 +- 0.0074 | VaLoss: 0.7788 +- 0.0217
336,  0 | TrAcc: 0.7980, TrLoss:  0.55607, VaAcc: 0.7664, VaLoss:  0.57573	 10 sampled NNs | VaAcc: 0.7452 +- 0.0076 | VaLoss: 0.7712 +- 0.0200
337,  0 | TrAcc: 0.7967, TrLoss:  0.55736, VaAcc: 0.7653, VaLoss:  0.57359	 10 sampled NNs | VaAcc: 0.7441 +- 0.0068 | VaLoss: 0.7694 +- 0.0214
338,  0 | TrAcc: 0.7956, TrLoss:  0.55966, VaAcc: 0.7659, VaLoss:  0.58017	 10 sampled NNs | VaAcc: 0.7437 +- 0.0047 | VaLoss: 0.7749 +- 0.0107
339,  0 | TrAcc: 0.7984, TrLoss:  0.55496, VaAcc: 0.7647, VaLoss:  0.57779	 10 sampled NNs | VaAcc: 0.7450 +- 0.0063 | VaLoss: 0.7700 +- 0.0133
340,  0 | TrAcc: 0.7964, TrLoss:  0.55838, VaAcc: 0.7646, VaLoss:  0.58193	 10 sampled NNs | VaAcc: 0.7442 +- 0.0055 | VaLoss: 0.7696 +- 0.0185
341,  0 | TrAcc: 0.7979, TrLoss:  0.55515, VaAcc: 0.7731, VaLoss:  0.56327	 10 sampled NNs | VaAcc: 0.7458 +- 0.0063 | VaLoss: 0.7667 +- 0.0155
342,  0 | TrAcc: 0.7985, TrLoss:  0.55447, VaAcc: 0.7662, VaLoss:  0.57548	 10 sampled NNs | VaAcc: 0.7461 +- 0.0071 | VaLoss: 0.7707 +- 0.0200
343,  0 | TrAcc: 0.7963, TrLoss:  0.55952, VaAcc: 0.7681, VaLoss:  0.57095	 10 sampled NNs | VaAcc: 0.7418 +- 0.0051 | VaLoss: 0.7835 +- 0.0176
344,  0 | TrAcc: 0.7985, TrLoss:  0.55228, VaAcc: 0.7663, VaLoss:  0.57895	 10 sampled NNs | VaAcc: 0.7411 +- 0.0076 | VaLoss: 0.7801 +- 0.0214
345,  0 | TrAcc: 0.7975, TrLoss:  0.55657, VaAcc: 0.7618, VaLoss:  0.58209	 10 sampled NNs | VaAcc: 0.7446 +- 0.0105 | VaLoss: 0.7727 +- 0.0315
346,  0 | TrAcc: 0.7962, TrLoss:  0.55828, VaAcc: 0.7633, VaLoss:  0.58405	 10 sampled NNs | VaAcc: 0.7431 +- 0.0050 | VaLoss: 0.7739 +- 0.0187
347,  0 | TrAcc: 0.7983, TrLoss:  0.55576, VaAcc: 0.7666, VaLoss:  0.57232	 10 sampled NNs | VaAcc: 0.7419 +- 0.0069 | VaLoss: 0.7796 +- 0.0158
348,  0 | TrAcc: 0.7974, TrLoss:  0.55665, VaAcc: 0.7653, VaLoss:  0.58021	 10 sampled NNs | VaAcc: 0.7497 +- 0.0041 | VaLoss: 0.7599 +- 0.0131
349,  0 | TrAcc: 0.7990, TrLoss:  0.55267, VaAcc: 0.7651, VaLoss:  0.57594	 10 sampled NNs | VaAcc: 0.7446 +- 0.0066 | VaLoss: 0.7719 +- 0.0197
350,  0 | TrAcc: 0.7985, TrLoss:  0.55479, VaAcc: 0.7626, VaLoss:  0.58807	 10 sampled NNs | VaAcc: 0.7493 +- 0.0052 | VaLoss: 0.7645 +- 0.0162
351,  0 | TrAcc: 0.7991, TrLoss:  0.55007, VaAcc: 0.7664, VaLoss:  0.57321	 10 sampled NNs | VaAcc: 0.7455 +- 0.0051 | VaLoss: 0.7673 +- 0.0127
352,  0 | TrAcc: 0.7982, TrLoss:  0.55392, VaAcc: 0.7626, VaLoss:  0.58851	 10 sampled NNs | VaAcc: 0.7452 +- 0.0081 | VaLoss: 0.7708 +- 0.0170
353,  0 | TrAcc: 0.7995, TrLoss:  0.55093, VaAcc: 0.7663, VaLoss:  0.57274	 10 sampled NNs | VaAcc: 0.7375 +- 0.0094 | VaLoss: 0.7854 +- 0.0284
354,  0 | TrAcc: 0.7988, TrLoss:  0.55367, VaAcc: 0.7650, VaLoss:  0.58220	 10 sampled NNs | VaAcc: 0.7400 +- 0.0090 | VaLoss: 0.7773 +- 0.0206
355,  0 | TrAcc: 0.7997, TrLoss:  0.54985, VaAcc: 0.7645, VaLoss:  0.57989	 10 sampled NNs | VaAcc: 0.7407 +- 0.0066 | VaLoss: 0.7799 +- 0.0208
356,  0 | TrAcc: 0.7991, TrLoss:      nan, VaAcc: 0.7645, VaLoss:      nan	 10 sampled NNs | VaAcc: 0.7460 +- 0.0082 | VaLoss: 0.7690 +- 0.0157
357,  0 | TrAcc: 0.8015, TrLoss:  0.54536, VaAcc: 0.7652, VaLoss:  0.57672	 10 sampled NNs | VaAcc: 0.7489 +- 0.0056 | VaLoss: 0.7645 +- 0.0236
358,  0 | TrAcc: 0.7987, TrLoss:  0.55227, VaAcc: 0.7686, VaLoss:  0.57069	 10 sampled NNs | VaAcc: 0.7479 +- 0.0050 | VaLoss: 0.7659 +- 0.0118
359,  0 | TrAcc: 0.7985, TrLoss:  0.55210, VaAcc: 0.7626, VaLoss:  0.58293	 10 sampled NNs | VaAcc: 0.7462 +- 0.0073 | VaLoss: 0.7672 +- 0.0151
360,  0 | TrAcc: 0.7996, TrLoss:  0.55198, VaAcc: 0.7659, VaLoss:  0.57370	 10 sampled NNs | VaAcc: 0.7468 +- 0.0041 | VaLoss: 0.7641 +- 0.0111
361,  0 | TrAcc: 0.7995, TrLoss:  0.55027, VaAcc: 0.7653, VaLoss:  0.57870	 10 sampled NNs | VaAcc: 0.7456 +- 0.0081 | VaLoss: 0.7728 +- 0.0223
362,  0 | TrAcc: 0.7989, TrLoss:  0.55275, VaAcc: 0.7657, VaLoss:  0.57409	 10 sampled NNs | VaAcc: 0.7482 +- 0.0046 | VaLoss: 0.7598 +- 0.0129
363,  0 | TrAcc: 0.8006, TrLoss:  0.54818, VaAcc: 0.7630, VaLoss:  0.58968	 10 sampled NNs | VaAcc: 0.7447 +- 0.0072 | VaLoss: 0.7702 +- 0.0183
364,  0 | TrAcc: 0.7988, TrLoss:  0.55122, VaAcc: 0.7654, VaLoss:  0.57600	 10 sampled NNs | VaAcc: 0.7445 +- 0.0056 | VaLoss: 0.7701 +- 0.0155
365,  0 | TrAcc: 0.7991, TrLoss:  0.55246, VaAcc: 0.7668, VaLoss:  0.56707	 10 sampled NNs | VaAcc: 0.7423 +- 0.0087 | VaLoss: 0.7764 +- 0.0236
366,  0 | TrAcc: 0.7993, TrLoss:  0.55115, VaAcc: 0.7632, VaLoss:  0.58133	 10 sampled NNs | VaAcc: 0.7431 +- 0.0065 | VaLoss: 0.7740 +- 0.0120
367,  0 | TrAcc: 0.8003, TrLoss:  0.54720, VaAcc: 0.7606, VaLoss:  0.59084	 10 sampled NNs | VaAcc: 0.7442 +- 0.0035 | VaLoss: 0.7727 +- 0.0118
368,  0 | TrAcc: 0.8010, TrLoss:  0.54652, VaAcc: 0.7646, VaLoss:  0.57473	 10 sampled NNs | VaAcc: 0.7453 +- 0.0057 | VaLoss: 0.7719 +- 0.0145
369,  0 | TrAcc: 0.8007, TrLoss:  0.54748, VaAcc: 0.7603, VaLoss:  0.59173	 10 sampled NNs | VaAcc: 0.7461 +- 0.0058 | VaLoss: 0.7710 +- 0.0190
370,  0 | TrAcc: 0.8000, TrLoss:  0.54748, VaAcc: 0.7633, VaLoss:  0.57963	 10 sampled NNs | VaAcc: 0.7456 +- 0.0057 | VaLoss: 0.7648 +- 0.0122
371,  0 | TrAcc: 0.8007, TrLoss:  0.54766, VaAcc: 0.7653, VaLoss:  0.57431	 10 sampled NNs | VaAcc: 0.7462 +- 0.0072 | VaLoss: 0.7689 +- 0.0165
372,  0 | TrAcc: 0.8004, TrLoss:  0.54685, VaAcc: 0.7626, VaLoss:  0.58478	 10 sampled NNs | VaAcc: 0.7433 +- 0.0057 | VaLoss: 0.7700 +- 0.0178
373,  0 | TrAcc: 0.8001, TrLoss:  0.54846, VaAcc: 0.7636, VaLoss:  0.58375	 10 sampled NNs | VaAcc: 0.7453 +- 0.0084 | VaLoss: 0.7700 +- 0.0237
374,  0 | TrAcc: 0.7989, TrLoss:  0.55088, VaAcc: 0.7686, VaLoss:  0.57275	 10 sampled NNs | VaAcc: 0.7462 +- 0.0065 | VaLoss: 0.7657 +- 0.0216
375,  0 | TrAcc: 0.8014, TrLoss:  0.54440, VaAcc: 0.7638, VaLoss:  0.58423	 10 sampled NNs | VaAcc: 0.7460 +- 0.0066 | VaLoss: 0.7658 +- 0.0169
376,  0 | TrAcc: 0.8017, TrLoss:  0.54645, VaAcc: 0.7657, VaLoss:  0.57305	 10 sampled NNs | VaAcc: 0.7432 +- 0.0081 | VaLoss: 0.7719 +- 0.0174
377,  0 | TrAcc: 0.8008, TrLoss:  0.54735, VaAcc: 0.7681, VaLoss:  0.57377	 10 sampled NNs | VaAcc: 0.7470 +- 0.0065 | VaLoss: 0.7571 +- 0.0171
378,  0 | TrAcc: 0.8003, TrLoss:  0.54943, VaAcc: 0.7659, VaLoss:  0.57876	 10 sampled NNs | VaAcc: 0.7457 +- 0.0054 | VaLoss: 0.7688 +- 0.0119
379,  0 | TrAcc: 0.8010, TrLoss:  0.54617, VaAcc: 0.7618, VaLoss:  0.58795	 10 sampled NNs | VaAcc: 0.7460 +- 0.0029 | VaLoss: 0.7633 +- 0.0145
380,  0 | TrAcc: 0.8023, TrLoss:  0.54377, VaAcc: 0.7657, VaLoss:  0.57730	 10 sampled NNs | VaAcc: 0.7456 +- 0.0070 | VaLoss: 0.7690 +- 0.0196
381,  0 | TrAcc: 0.8015, TrLoss:  0.54437, VaAcc: 0.7691, VaLoss:  0.57432	 10 sampled NNs | VaAcc: 0.7487 +- 0.0058 | VaLoss: 0.7617 +- 0.0197
382,  0 | TrAcc: 0.8025, TrLoss:  0.54541, VaAcc: 0.7654, VaLoss:  0.57133	 10 sampled NNs | VaAcc: 0.7455 +- 0.0083 | VaLoss: 0.7705 +- 0.0179
383,  0 | TrAcc: 0.8007, TrLoss:  0.54586, VaAcc: 0.7674, VaLoss:  0.57418	 10 sampled NNs | VaAcc: 0.7502 +- 0.0032 | VaLoss: 0.7607 +- 0.0072
384,  0 | TrAcc: 0.8025, TrLoss:  0.54398, VaAcc: 0.7656, VaLoss:  0.57761	 10 sampled NNs | VaAcc: 0.7476 +- 0.0054 | VaLoss: 0.7647 +- 0.0119
385,  0 | TrAcc: 0.8020, TrLoss:  0.54394, VaAcc: 0.7658, VaLoss:  0.57044	 10 sampled NNs | VaAcc: 0.7512 +- 0.0053 | VaLoss: 0.7559 +- 0.0122
386,  0 | TrAcc: 0.8011, TrLoss:  0.54543, VaAcc: 0.7652, VaLoss:  0.58845	 10 sampled NNs | VaAcc: 0.7459 +- 0.0086 | VaLoss: 0.7683 +- 0.0237
387,  0 | TrAcc: 0.8014, TrLoss:  0.54391, VaAcc: 0.7648, VaLoss:  0.57402	 10 sampled NNs | VaAcc: 0.7468 +- 0.0038 | VaLoss: 0.7657 +- 0.0098
388,  0 | TrAcc: 0.8018, TrLoss:  0.54421, VaAcc: 0.7644, VaLoss:  0.58192	 10 sampled NNs | VaAcc: 0.7493 +- 0.0024 | VaLoss: 0.7610 +- 0.0121
389,  0 | TrAcc: 0.8005, TrLoss:  0.54807, VaAcc: 0.7630, VaLoss:  0.58471	 10 sampled NNs | VaAcc: 0.7474 +- 0.0051 | VaLoss: 0.7637 +- 0.0146
390,  0 | TrAcc: 0.8006, TrLoss:      nan, VaAcc: 0.7656, VaLoss:      nan	 10 sampled NNs | VaAcc: 0.7451 +- 0.0056 | VaLoss: 0.7668 +- 0.0129
391,  0 | TrAcc: 0.8017, TrLoss:      nan, VaAcc: 0.7680, VaLoss:      nan	 10 sampled NNs | VaAcc: 0.7482 +- 0.0055 | VaLoss: 0.7599 +- 0.0146
392,  0 | TrAcc: 0.8011, TrLoss:  0.54446, VaAcc: 0.7625, VaLoss:  0.58849	 10 sampled NNs | VaAcc: 0.7479 +- 0.0055 | VaLoss: 0.7635 +- 0.0186
393,  0 | TrAcc: 0.8024, TrLoss:  0.54197, VaAcc: 0.7621, VaLoss:  0.58752	 10 sampled NNs | VaAcc: 0.7439 +- 0.0074 | VaLoss: 0.7747 +- 0.0228
394,  0 | TrAcc: 0.8030, TrLoss:  0.54099, VaAcc: 0.7646, VaLoss:  0.58052	 10 sampled NNs | VaAcc: 0.7438 +- 0.0098 | VaLoss: 0.7741 +- 0.0238
395,  0 | TrAcc: 0.8022, TrLoss:  0.54144, VaAcc: 0.7634, VaLoss:  0.58420	 10 sampled NNs | VaAcc: 0.7494 +- 0.0035 | VaLoss: 0.7596 +- 0.0156
396,  0 | TrAcc: 0.8031, TrLoss:  0.53881, VaAcc: 0.7622, VaLoss:  0.58685	 10 sampled NNs | VaAcc: 0.7496 +- 0.0063 | VaLoss: 0.7611 +- 0.0140
397,  0 | TrAcc: 0.8031, TrLoss:  0.54094, VaAcc: 0.7608, VaLoss:  0.59140	 10 sampled NNs | VaAcc: 0.7489 +- 0.0037 | VaLoss: 0.7618 +- 0.0130
398,  0 | TrAcc: 0.8024, TrLoss:  0.54214, VaAcc: 0.7663, VaLoss:  0.57731	 10 sampled NNs | VaAcc: 0.7460 +- 0.0097 | VaLoss: 0.7692 +- 0.0235
399,  0 | TrAcc: 0.8044, TrLoss:  0.53713, VaAcc: 0.7654, VaLoss:  0.58989	 10 sampled NNs | VaAcc: 0.7481 +- 0.0059 | VaLoss: 0.7668 +- 0.0139
74566.1743
----------------------------
